
# OSU MPI Allreduce Latency Test v5.6.1
# Size       Avg Latency(us)
16384                5017.32
2019:05:06 14:26:44 134789 4501.3987
2019:05:06 14:26:44 140519 4510.6448
2019:05:06 14:26:44 146336 4177.3431
2019:05:06 14:26:44 152392 4096.2286
2019:05:06 14:26:44 158536 4916.0533
2019:05:06 14:26:44 164274 4915.4423
2019:05:06 14:26:44 170414 4911.2663
2019:05:06 14:26:44 176151 4506.4315
2019:05:06 14:26:44 181892 4511.9151
2019:05:06 14:26:44 188023 4501.5216
2019:05:06 14:26:44 193371 4520.6137
2019:05:06 14:26:44 199511 4106.0150
2019:05:06 14:26:44 206047 4911.2663
2019:05:06 14:26:44 211785 4511.3340
2019:05:06 14:26:44 217931 4915.7664
2019:05:06 14:26:44 223667 4096.1467
2019:05:06 14:26:44 229808 4914.1571
2019:05:06 14:26:44 235545 4515.4504
2019:05:06 14:26:44 241685 4506.3794
2019:05:06 14:26:44 247423 4096.4074
2019:05:06 14:26:44 253564 4503.1644
2019:05:06 14:26:44 259298 4423.2719
2019:05:06 14:26:44 265434 4908.9715
2019:05:06 14:26:44 271185 4521.0682
2019:05:06 14:26:44 277322 4918.0277
2019:05:06 14:26:44 283058 4511.4197
2019:05:06 14:26:44 289198 4503.4103
2019:05:06 14:26:44 294936 4511.1701
2019:05:06 14:26:44 301074 4504.5801
2019:05:06 14:26:44 306813 4512.9620
2019:05:06 14:26:44 312955 4918.7541
2019:05:06 14:26:44 318697 4928.7491
2019:05:06 14:26:44 324420 4508.6890
2019:05:06 14:26:44 330164 4927.9295
2019:05:06 14:26:44 336296 4506.0739
2019:05:06 14:26:44 342028 4091.4379
2019:05:06 14:26:44 347442 3769.5356
2019:05:06 14:26:44 353904 4501.8122
2019:05:06 14:26:44 359644 4097.1227
2019:05:06 14:26:44 365375 3679.0520
2019:05:06 14:26:44 371119 4501.5365
2019:05:06 14:26:44 377253 4914.5818
2019:05:06 14:26:44 383006 5336.6236
2019:05:06 14:26:44 389951 6145.7902
2019:05:06 14:26:44 396095 5326.6510
2019:05:06 14:26:44 402235 5326.0177
2019:05:06 14:26:44 407973 5320.4559
2019:05:06 14:26:44 414119 5329.8138
2019:05:06 14:26:44 419854 4921.8349
2019:05:06 14:26:44 425581 4913.1624
2019:05:06 14:26:44 431320 4911.0465
2019:05:06 14:26:44 437459 5325.8538
2019:05:06 14:26:44 443204 5729.4667
2019:05:06 14:26:44 448931 4506.3794
2019:05:06 14:26:44 455081 4106.2534
2019:05:06 14:26:44 461629 5330.5142
2019:05:06 14:26:44 467365 5327.4482
2019:05:06 14:26:44 473921 5731.9105
2019:05:06 14:26:44 480056 5714.1110
2019:05:06 14:26:44 485799 5729.5896
2019:05:06 14:26:44 491121 4912.7042
2019:05:06 14:26:44 497681 4843.6970
2019:05:06 14:26:44 503076 4579.4062
2019:05:06 14:26:44 509143 4493.2552
2019:05:06 14:26:44 514875 4082.2290
2019:05:06 14:26:44 521013 4489.3287
2019:05:06 14:26:44 525938 3674.0154
2019:05:06 14:26:44 532083 3692.7015
2019:05:06 14:26:44 537811 4087.2470
2019:05:06 14:26:44 543134 3684.2450
2019:05:06 14:26:44 548869 3673.7695
2019:05:06 14:26:44 555428 4920.8701
2019:05:06 14:26:44 561562 4494.0226
2019:05:06 14:26:44 567299 4907.2467
2019:05:06 14:26:44 573031 4501.9872
2019:05:06 14:26:44 578846 4580.9746
2019:05:06 14:26:44 584912 4910.1897
2019:05:06 14:26:44 590646 4502.9633
2019:05:06 14:26:44 596380 4495.5909
2019:05:06 14:26:44 602521 4911.1880
2019:05:06 14:26:44 608258 4908.2823
2019:05:06 14:26:44 613986 4497.6845
2019:05:06 14:26:44 618910 4499.1113
2019:05:06 14:26:44 624646 4516.1508
2019:05:06 14:26:44 630786 5324.3004
2019:05:06 14:26:44 636519 4914.1794
2019:05:06 14:26:44 642263 4511.1738
2019:05:06 14:26:44 648398 4911.5308
2019:05:06 14:26:44 654135 4910.9347
2019:05:06 14:26:44 659456 4093.5092
2019:05:06 14:26:44 666008 4488.3266
2019:05:06 14:26:44 671750 4516.2849
2019:05:06 14:26:44 677481 4506.9195
2019:05:06 14:26:44 683615 4495.1886
2019:05:06 14:26:44 690182 4922.6470
2019:05:06 14:26:44 695910 4918.7019
2019:05:06 14:26:44 701240 4511.7065
2019:05:06 14:26:44 706967 4920.7769
2019:05:06 14:26:44 712705 4919.0000
2019:05:06 14:26:44 718846 5325.3956
2019:05:06 14:26:44 724575 4503.0676
2019:05:06 14:26:44 730395 4582.5131
2019:05:06 14:26:44 736460 5327.9810
2019:05:06 14:26:44 742192 4915.2225
2019:05:06 14:26:44 747521 4103.1130
2019:05:06 14:26:44 754890 5736.9769
2019:05:06 14:26:44 760624 5655.7916
2019:05:06 14:26:44 765953 4514.1391
2019:05:06 14:26:44 771686 4918.2512
2019:05:06 14:26:44 778654 6153.5835
2019:05:06 14:26:44 784384 5722.1316
2019:05:06 14:26:44 790525 5332.4513
2019:05:06 14:26:44 796261 4922.7849
2019:05:06 14:26:44 802403 5331.7025
2019:05:06 14:26:44 808147 4518.5424
2019:05:06 14:26:44 814686 6143.8046
2019:05:06 14:26:44 820839 5333.0474
2019:05:06 14:26:44 826979 5333.1368
2019:05:06 14:26:44 832725 4517.6819
2019:05:06 14:26:44 838855 4509.2888
2019:05:06 14:26:44 844602 4520.6808
2019:05:06 14:26:44 850742 4519.2540
2019:05:06 14:26:44 856478 4103.2359
2019:05:06 14:26:44 863024 4920.8626
2019:05:06 14:26:44 869161 6123.0063
2019:05:06 14:26:44 874900 5318.5821
2019:05:06 14:26:44 881037 5327.1614
2019:05:06 14:26:44 886779 5329.4078
2019:05:06 14:26:44 892514 4925.3702
2019:05:06 14:26:44 898243 4916.9362
2019:05:06 14:26:44 903986 4923.2356
2019:05:06 14:26:44 908906 3698.8370
2019:05:06 14:26:44 916264 4901.4278
2019:05:06 14:26:44 921999 4913.9261
2019:05:06 14:26:44 927319 4492.1488
2019:05:06 14:26:44 933070 4095.0328
2019:05:06 14:26:44 939207 4497.4312
2019:05:06 14:26:44 944944 4506.0962
2019:05:06 14:26:44 951567 4989.8215
2019:05:06 14:26:44 957710 4991.3377
2019:05:06 14:26:44 963776 5320.6868
2019:05:06 14:26:44 969918 5312.4242
2019:05:06 14:26:44 976060 4916.8691
2019:05:06 14:26:44 981801 4506.1149
2019:05:06 14:26:44 987134 4089.1878
2019:05:06 14:26:44 993682 4919.2160
2019:05:06 14:26:45 227 5323.7267
2019:05:06 14:26:45 6372 5642.8611
2019:05:06 14:26:45 12112 5319.7034
2019:05:06 14:26:45 17034 3691.7254
2019:05:06 14:26:45 23163 4083.1752
2019:05:06 14:26:45 28902 4093.7290
2019:05:06 14:26:45 34228 3683.6267
2019:05:06 14:26:45 39954 4090.2086
2019:05:06 14:26:45 45692 3270.2349
2019:05:06 14:26:45 52245 4099.1716
2019:05:06 14:26:45 58390 4424.6987
2019:05:06 14:26:45 64125 4087.7797
2019:05:06 14:26:45 69857 4090.0148
2019:05:06 14:26:45 76413 4918.6833
2019:05:06 14:26:45 82559 5737.7629
2019:05:06 14:26:45 89106 5737.6251
2019:05:06 14:26:45 94846 5325.3248
2019:05:06 14:26:45 100178 4931.3679
2019:05:06 14:26:45 105896 4910.3536
2019:05:06 14:26:45 111631 5318.0829
2019:05:06 14:26:45 117366 4911.3296
2019:05:06 14:26:45 123108 4513.3308
2019:05:06 14:26:45 128428 4507.5566
2019:05:06 14:26:45 134570 5324.0620
2019:05:06 14:26:45 140322 4930.7607
2019:05:06 14:26:45 146038 4504.1442
2019:05:06 14:26:45 152587 5315.3634
2019:05:06 14:26:45 158736 6135.9815
2019:05:06 14:26:45 164885 5728.7477
2019:05:06 14:26:45 171030 5326.3828
2019:05:06 14:26:45 177170 5329.6611
2019:05:06 14:26:45 182091 4104.3162
2019:05:06 14:26:45 189040 4894.7968
2019:05:06 14:26:45 193961 4092.3096
2019:05:06 14:26:45 199362 3771.2269
2019:05:06 14:26:45 205022 3681.6522
2019:05:06 14:26:45 210364 3698.7476
2019:05:06 14:26:45 217712 5319.7779
2019:05:06 14:26:45 223040 4916.2731
2019:05:06 14:26:45 228783 4922.8705
2019:05:06 14:26:45 234919 5732.0558
2019:05:06 14:26:45 240655 5317.5427
2019:05:06 14:26:45 246795 5327.7873
2019:05:06 14:26:45 251728 4915.9862
2019:05:06 14:26:45 257860 5328.5621
2019:05:06 14:26:45 263998 5247.8909
2019:05:06 14:26:45 269734 5329.5046
2019:05:06 14:26:45 275061 4919.3762
2019:05:06 14:26:45 280789 4091.3485
2019:05:06 14:26:45 286529 4100.0471
2019:05:06 14:26:45 292668 4910.5212
2019:05:06 14:26:45 298809 4911.3519
2019:05:06 14:26:45 304546 4909.1056
2019:05:06 14:26:45 310276 4901.5619
2019:05:06 14:26:45 315606 4092.4326
2019:05:06 14:26:45 322155 4896.0373
2019:05:06 14:26:45 327892 4908.3643
2019:05:06 14:26:45 333627 4505.3549
2019:05:06 14:26:45 339766 4910.2679
2019:05:06 14:26:45 345505 4910.8230
2019:05:06 14:26:45 351644 5321.8938
2019:05:06 14:26:45 357384 4921.1495
2019:05:06 14:26:45 363133 4521.1650
2019:05:06 14:26:45 369669 4502.6951
2019:05:06 14:26:45 375408 4511.5277
2019:05:06 14:26:45 381548 4913.8702
2019:05:06 14:26:45 387285 4504.2448
2019:05:06 14:26:45 393427 4915.4833
2019:05:06 14:26:45 399181 4525.6913
2019:05:06 14:26:45 405305 4508.6220
2019:05:06 14:26:45 411039 4913.9075
2019:05:06 14:26:45 417181 4910.7112
2019:05:06 14:26:45 422919 4511.2558
2019:05:06 14:26:45 429060 4500.6014
2019:05:06 14:26:45 434403 4111.8450
2019:05:06 14:26:45 440941 4916.3699
2019:05:06 14:26:45 446677 4511.1440
2019:05:06 14:26:45 453632 5321.1637
2019:05:06 14:26:45 459374 5326.9304
2019:05:06 14:26:45 465107 4920.3373
2019:05:06 14:26:45 471246 5325.2801
2019:05:06 14:26:45 476981 5324.4047
2019:05:06 14:26:45 482718 5324.2296
2019:05:06 14:26:45 489272 5741.3280
2019:05:06 14:26:45 495000 4914.2204
2019:05:06 14:26:45 500734 4913.3562
2019:05:06 14:26:45 507296 5744.0549
2019:05:06 14:26:45 513027 4916.2470
2019:05:06 14:26:45 519166 5317.0733
2019:05:06 14:26:45 524900 5319.6810
2019:05:06 14:26:45 529820 4095.8188
2019:05:06 14:26:45 535555 4920.6577
2019:05:06 14:26:45 540474 3697.4363
2019:05:06 14:26:45 545793 3686.0108
2019:05:06 14:26:45 551939 4513.5394
2019:05:06 14:26:45 558076 4506.8078
2019:05:06 14:26:45 563820 4512.4777
2019:05:06 14:26:45 569959 4512.0008
2019:05:06 14:26:45 575699 4920.1809
2019:05:06 14:26:45 582250 5735.4309
2019:05:06 14:26:45 587983 5325.4850
2019:05:06 14:26:45 594530 6059.0506
2019:05:06 14:26:45 600267 5329.8622
2019:05:06 14:26:45 606411 5657.7437
2019:05:06 14:26:45 611325 4490.7741
2019:05:06 14:26:45 616654 4105.1209
2019:05:06 14:26:45 622388 4100.4717
2019:05:06 14:26:45 627703 4098.0726
2019:05:06 14:26:45 634262 4915.6249
2019:05:06 14:26:45 639593 3700.4985
2019:05:06 14:26:45 645731 4505.8429
2019:05:06 14:26:45 651050 4098.2701
2019:05:06 14:26:45 657190 4905.7156
2019:05:06 14:26:45 662189 4162.1365
2019:05:06 14:26:45 668259 4095.4053
2019:05:06 14:26:45 674406 4496.4366
2019:05:06 14:26:45 680549 4913.7250
2019:05:06 14:26:45 686277 4498.9921
2019:05:06 14:26:45 692017 4503.2054
2019:05:06 14:26:45 698153 4907.1535
2019:05:06 14:26:45 704300 5241.3717
2019:05:06 14:26:45 709217 4096.1392
2019:05:06 14:26:45 714957 4100.9821
2019:05:06 14:26:45 721087 4091.4603
2019:05:06 14:26:45 726829 4096.3367
2019:05:06 14:26:45 733380 4908.6548
2019:05:06 14:26:45 739525 5319.5506
2019:05:06 14:26:45 744844 4503.7977
2019:05:06 14:26:45 750577 4493.8438
2019:05:06 14:26:45 755908 4088.6253
2019:05:06 14:26:45 762869 5329.6350
2019:05:06 14:26:45 768606 4919.5476
2019:05:06 14:26:45 773928 4918.8696
2019:05:06 14:26:45 779663 4514.5601
2019:05:06 14:26:45 785390 4502.4045
2019:05:06 14:26:45 790726 4104.6701
2019:05:06 14:26:45 796452 3689.4307
2019:05:06 14:26:45 802606 4488.5762
2019:05:06 14:26:45 808330 4912.9650
2019:05:06 14:26:45 814478 4914.4477
2019:05:06 14:26:45 820619 4912.3652
2019:05:06 14:26:45 826759 4913.7585
2019:05:06 14:26:45 832493 4506.1000
2019:05:06 14:26:45 838238 4516.2067
2019:05:06 14:26:45 843965 4903.7412
2019:05:06 14:26:45 848885 4106.4918
2019:05:06 14:26:45 855022 4501.1938
2019:05:06 14:26:45 860765 4514.9997
2019:05:06 14:26:45 866494 4093.4533
2019:05:06 14:26:45 872636 4506.9344
2019:05:06 14:26:45 878369 4503.8275
2019:05:06 14:26:45 884110 4107.7472
2019:05:06 14:26:45 890242 4502.1400
2019:05:06 14:26:45 895981 4506.6625
2019:05:06 14:26:45 901715 4504.0175
2019:05:06 14:26:45 907455 4104.9756
2019:05:06 14:26:45 913590 4502.9484
2019:05:06 14:26:45 919331 4510.6672
2019:05:06 14:26:45 925061 4099.7863
2019:05:06 14:26:45 931201 4506.3011
2019:05:06 14:26:45 936939 4506.1409
2019:05:06 14:26:45 942268 4096.8917
2019:05:06 14:26:45 948822 4513.4947
2019:05:06 14:26:45 954553 4508.9349
2019:05:06 14:26:45 960290 4511.5799
2019:05:06 14:26:45 966018 4097.8231
2019:05:06 14:26:45 972165 4512.1536
2019:05:06 14:26:45 977897 4506.7370
2019:05:06 14:26:45 983631 4098.9667
2019:05:06 14:26:45 989776 4506.3719
2019:05:06 14:26:45 995098 3685.9177
2019:05:06 14:26:46 832 3689.1513
2019:05:06 14:26:46 6173 3292.0390
2019:05:06 14:26:46 12380 3768.6527
2019:05:06 14:26:46 18852 4503.4178
2019:05:06 14:26:46 24995 4095.8151
2019:05:06 14:26:46 30734 4913.4791
2019:05:06 14:26:46 36876 4502.8478
2019:05:06 14:26:46 42619 4514.1131
2019:05:06 14:26:46 48351 4099.7528
2019:05:06 14:26:46 54487 4504.7216
2019:05:06 14:26:46 60224 4508.6145
2019:05:06 14:26:46 65955 4910.6851
2019:05:06 14:26:46 71772 4996.0725
2019:05:06 14:26:46 77839 5329.4227
2019:05:06 14:26:46 83569 4919.3464
2019:05:06 14:26:46 89304 4920.2517
2019:05:06 14:26:46 95444 5321.6219
2019:05:06 14:26:46 100770 4911.5308
2019:05:06 14:26:46 106116 5338.1696
2019:05:06 14:26:46 111833 4922.5651
2019:05:06 14:26:46 117974 4919.8307
2019:05:06 14:26:46 124527 4910.5920
2019:05:06 14:26:46 130263 4911.2812
2019:05:06 14:26:46 134778 3692.5860
2019:05:06 14:26:46 142139 4909.9699
2019:05:06 14:26:46 147051 4090.2682
2019:05:06 14:26:46 153199 5656.8906
2019:05:06 14:26:46 158939 5332.6413
2019:05:06 14:26:46 164662 4505.5412
2019:05:06 14:26:46 170400 4099.5702
2019:05:06 14:26:46 175734 4103.2732
2019:05:06 14:26:46 181878 4107.5014
2019:05:06 14:26:46 188020 4512.0306
2019:05:06 14:26:46 194157 4914.0975
2019:05:06 14:26:46 199890 4508.6108
2019:05:06 14:26:46 205632 4517.0076
2019:05:06 14:26:46 211363 4508.5736
2019:05:06 14:26:46 217102 4512.2132
2019:05:06 14:26:46 222827 4098.8922
2019:05:06 14:26:46 228566 4100.2110
2019:05:06 14:26:46 235119 4913.2593
2019:05:06 14:26:46 240856 4926.3686
2019:05:06 14:26:46 246995 5325.3174
2019:05:06 14:26:46 252735 5336.0797
2019:05:06 14:26:46 258878 5330.2310
2019:05:06 14:26:46 264209 5320.4186
2019:05:06 14:26:46 269537 4932.5228
2019:05:06 14:26:46 275671 4911.9852
2019:05:06 14:26:46 281811 5321.2978
2019:05:06 14:26:46 286721 4493.2477
2019:05:06 14:26:46 292452 4095.7779
2019:05:06 14:26:46 298599 4495.1476
2019:05:06 14:26:46 303933 3690.0714
2019:05:06 14:26:46 310065 4087.6977
2019:05:06 14:26:46 316207 4914.5333
2019:05:06 14:26:46 321137 3682.0956
2019:05:06 14:26:46 326044 2452.1202
2019:05:06 14:26:46 331858 3353.3759
2019:05:06 14:26:46 337521 4106.4061
2019:05:06 14:26:46 343247 4511.7103
2019:05:06 14:26:46 349385 5319.8189
2019:05:06 14:26:46 355536 5326.3083
2019:05:06 14:26:46 361678 5325.0529
2019:05:06 14:26:46 367422 4927.6836
2019:05:06 14:26:46 373969 5325.5185
2019:05:06 14:26:46 380110 5733.9780
2019:05:06 14:26:46 385849 5328.1747
2019:05:06 14:26:46 391987 5730.9158
2019:05:06 14:26:46 397720 5723.6552
2019:05:06 14:26:46 403460 5333.4311
2019:05:06 14:26:46 409600 5739.1375
2019:05:06 14:26:46 415333 5722.4669
2019:05:06 14:26:46 421073 5333.2858
2019:05:06 14:26:46 427206 5728.7589
2019:05:06 14:26:46 432948 5733.8588
2019:05:06 14:26:46 438684 5726.3188
2019:05:06 14:26:46 444416 5333.3640
2019:05:06 14:26:46 450149 5328.4913
2019:05:06 14:26:46 455884 5319.0552
2019:05:06 14:26:46 461619 5326.6250
2019:05:06 14:26:46 467759 5725.8531
2019:05:06 14:26:46 472264 4090.2123
2019:05:06 14:26:46 478404 4090.5401
2019:05:06 14:26:46 484554 4099.7416
2019:05:06 14:26:46 489474 4107.7211
2019:05:06 14:26:46 495612 4509.8066
2019:05:06 14:26:46 501353 4516.7468
2019:05:06 14:26:46 507084 4508.9237
2019:05:06 14:26:46 512808 4096.7092
2019:05:06 14:26:46 518953 4509.8588
2019:05:06 14:26:46 525093 4504.5242
2019:05:06 14:26:46 530833 4506.0292
2019:05:06 14:26:46 536569 4509.5496
2019:05:06 14:26:46 542309 4107.4865
2019:05:06 14:26:46 548446 4508.1265
2019:05:06 14:26:46 554178 4506.5917
2019:05:06 14:26:46 559910 4098.3297
2019:05:06 14:26:46 566059 4511.1328
2019:05:06 14:26:46 571381 4096.3255
2019:05:06 14:26:46 577116 3687.0129
2019:05:06 14:26:46 583259 4505.0681
2019:05:06 14:26:46 589399 4500.9814
2019:05:06 14:26:46 594729 4098.5718
2019:05:06 14:26:46 600458 3687.2774
2019:05:06 14:26:46 607015 4509.6613
2019:05:06 14:26:46 612350 4107.7882
2019:05:06 14:26:46 618096 4110.6045
2019:05:06 14:26:46 624631 5327.7835
2019:05:06 14:26:46 630775 4917.2603
2019:05:06 14:26:46 636513 4104.5025
2019:05:06 14:26:46 642253 4522.6254
2019:05:06 14:26:46 649206 6144.6913
2019:05:06 14:26:46 654940 4512.4106
2019:05:06 14:26:46 660680 4520.4870
2019:05:06 14:26:46 666820 4919.1900
2019:05:06 14:26:46 672961 5324.2855
2019:05:06 14:26:46 679512 5730.7817
2019:05:06 14:26:46 685252 5733.3969
2019:05:06 14:26:46 691395 6135.1992
2019:05:06 14:26:46 696716 4508.2718
2019:05:06 14:26:46 702452 4511.5761
2019:05:06 14:26:46 708187 4106.0820
2019:05:06 14:26:46 714327 4508.0669
2019:05:06 14:26:46 720057 4901.2229
2019:05:06 14:26:46 725396 3699.6864
2019:05:06 14:26:46 731533 4105.1917
2019:05:06 14:26:46 737677 4512.5522
2019:05:06 14:26:46 743409 4509.8066
2019:05:06 14:26:46 749138 4504.9787
2019:05:06 14:26:46 754879 4506.2304
2019:05:06 14:26:46 760607 4500.5530
2019:05:06 14:26:46 766749 4902.3889
2019:05:06 14:26:46 772484 4504.2597
2019:05:06 14:26:46 778222 4499.6738
2019:05:06 14:26:46 784361 4907.8651
2019:05:06 14:26:46 790098 4493.3930
2019:05:06 14:26:46 796237 4907.7906
2019:05:06 14:26:46 801975 4908.7442
2019:05:06 14:26:46 807707 4506.5470
2019:05:06 14:26:46 813445 4503.8722
2019:05:06 14:26:46 819183 4504.7104
2019:05:06 14:26:46 824919 4507.5156
2019:05:06 14:26:46 830644 4092.1122
2019:05:06 14:26:46 836043 3757.4694
2019:05:06 14:26:46 842929 4901.8748
2019:05:06 14:26:46 848665 4913.8851
2019:05:06 14:26:46 854407 4921.4363
2019:05:06 14:26:46 860147 4521.0682
2019:05:06 14:26:46 866697 4922.2410
2019:05:06 14:26:46 872423 5325.0045
2019:05:06 14:26:46 878157 4918.8770
2019:05:06 14:26:46 883893 4917.4465
2019:05:06 14:26:46 890042 4925.4224
2019:05:06 14:26:46 895435 4581.1348
2019:05:06 14:26:46 901514 4519.0603
2019:05:06 14:26:46 908053 5322.0764
2019:05:06 14:26:46 913396 4522.8302
2019:05:06 14:26:46 919935 4919.1192
2019:05:06 14:26:46 926078 5325.6936
2019:05:06 14:26:46 931412 4517.9687
2019:05:06 14:26:46 937153 4524.1229
2019:05:06 14:26:46 943285 4917.3981
2019:05:06 14:26:46 948614 4108.1049
2019:05:06 14:26:46 954762 4924.4240
2019:05:06 14:26:46 960897 4921.1793
2019:05:06 14:26:46 966638 4925.7576
2019:05:06 14:26:46 971960 4514.3329
2019:05:06 14:26:46 977288 4107.6057
2019:05:06 14:26:46 984249 5326.6883
2019:05:06 14:26:46 989582 4924.3309
2019:05:06 14:26:46 995303 4497.8149
2019:05:06 14:26:47 1031 4492.1488
2019:05:06 14:26:47 7583 4896.8755
2019:05:06 14:26:47 13329 4922.2857
2019:05:06 14:26:47 19886 5734.7789
2019:05:06 14:26:47 25193 4901.7631
2019:05:06 14:26:47 29709 3271.6170
2019:05:06 14:26:47 35436 3271.4196
2019:05:06 14:26:47 41168 3257.1591
2019:05:06 14:26:47 46094 2469.1783
2019:05:06 14:26:47 53883 4521.4519
2019:05:06 14:26:47 59200 3697.9318
2019:05:06 14:26:47 64935 4507.0909
2019:05:06 14:26:47 71072 4913.7175
2019:05:06 14:26:47 76813 4921.9057
2019:05:06 14:26:47 82544 4911.6462
2019:05:06 14:26:47 87865 3694.3853
2019:05:06 14:26:47 94097 4590.2729
2019:05:06 14:26:47 100231 4986.3420
2019:05:06 14:26:47 106291 4493.8065
2019:05:06 14:26:47 112449 5324.6915
2019:05:06 14:26:47 117772 4919.9276
2019:05:06 14:26:47 123907 4913.1550
2019:05:06 14:26:47 128827 4097.2345
2019:05:06 14:26:47 134968 4096.4559
2019:05:06 14:26:47 140289 4096.8768
2019:05:06 14:26:47 146022 4831.1576
2019:05:06 14:26:47 151755 4503.8946
2019:05:06 14:26:47 157902 4916.6605
2019:05:06 14:26:47 163229 4914.7867
2019:05:06 14:26:47 169366 4502.4157
2019:05:06 14:26:47 174699 4908.3047
2019:05:06 14:26:47 180432 4916.0309
2019:05:06 14:26:47 186977 5721.8894
2019:05:06 14:26:47 192388 4994.8692
2019:05:06 14:26:47 198050 4923.4107
2019:05:06 14:26:47 204188 5330.9649
2019:05:06 14:26:47 210744 5333.0772
2019:05:06 14:26:47 216888 5335.2378
2019:05:06 14:26:47 223028 5733.2143
2019:05:06 14:26:47 228761 5324.9374
2019:05:06 14:26:47 234492 4912.6744
2019:05:06 14:26:47 240231 5328.9421
2019:05:06 14:26:47 245968 4920.2181
2019:05:06 14:26:47 251295 4104.1188
2019:05:06 14:26:47 256209 3281.9398
2019:05:06 14:26:47 262344 4505.3326
2019:05:06 14:26:47 268080 4096.1020
2019:05:06 14:26:47 274219 4499.9234
2019:05:06 14:26:47 280364 4092.5927
2019:05:06 14:26:47 285691 3686.1487
2019:05:06 14:26:47 291837 4504.7626
2019:05:06 14:26:47 297574 4515.8491
2019:05:06 14:26:47 303716 4919.2309
2019:05:06 14:26:47 309852 4914.4626
2019:05:06 14:26:47 315587 4912.8570
2019:05:06 14:26:47 321322 4912.7042
2019:05:06 14:26:47 327464 5320.5416
2019:05:06 14:26:47 332794 4510.6374
2019:05:06 14:26:47 338935 4917.8675
2019:05:06 14:26:47 344668 5322.1881
2019:05:06 14:26:47 350407 4511.0472
2019:05:06 14:26:47 356143 4510.1456
2019:05:06 14:26:47 361872 4505.7759
2019:05:06 14:26:47 367604 4911.1284
2019:05:06 14:26:47 373757 4924.0068
2019:05:06 14:26:47 379489 4910.9533
2019:05:06 14:26:47 385217 4905.7379
2019:05:06 14:26:47 390142 3288.7645
2019:05:06 14:26:47 396280 3690.3620
2019:05:06 14:26:47 401609 3681.7305
2019:05:06 14:26:47 408157 4100.4717
2019:05:06 14:26:47 413477 3684.6176
2019:05:06 14:26:47 420031 4491.6831
2019:05:06 14:26:47 425773 4499.0666
2019:05:06 14:26:47 431909 4495.6766
2019:05:06 14:26:47 437644 4493.2701
2019:05:06 14:26:47 443383 4498.1055
2019:05:06 14:26:47 449520 4500.4338
2019:05:06 14:26:47 454847 4093.5501
2019:05:06 14:26:47 460988 4492.7150
2019:05:06 14:26:47 466726 4497.4573
2019:05:06 14:26:47 472867 4494.7937
2019:05:06 14:26:47 478606 4495.5537
2019:05:06 14:26:47 484339 4500.0613
2019:05:06 14:26:47 489337 4174.2735
2019:05:06 14:26:47 495399 4505.4108
2019:05:06 14:26:47 501136 5333.9563
2019:05:06 14:26:47 507275 4915.6845
2019:05:06 14:26:47 513424 5331.2704
2019:05:06 14:26:47 518743 4835.6466
2019:05:06 14:26:47 524473 4500.5046
2019:05:06 14:26:47 530220 4511.1924
2019:05:06 14:26:47 535544 4505.3177
2019:05:06 14:26:47 542089 5732.6518
2019:05:06 14:26:47 548231 5648.7471
2019:05:06 14:26:47 553560 4920.9893
2019:05:06 14:26:47 559697 4903.1191
2019:05:06 14:26:47 565433 4903.7747
2019:05:06 14:26:47 571170 4504.3863
2019:05:06 14:26:47 576911 4505.8094
2019:05:06 14:26:47 583055 4914.7792
2019:05:06 14:26:47 588780 4503.6077
2019:05:06 14:26:47 594926 4912.2274
2019:05:06 14:26:47 600670 4918.1022
2019:05:06 14:26:47 606813 4916.9883
2019:05:06 14:26:47 612537 4912.9836
2019:05:06 14:26:47 617450 4090.0931
2019:05:06 14:26:47 623594 4492.3797
2019:05:06 14:26:47 629328 4914.2875
2019:05:06 14:26:47 635063 4505.2320
2019:05:06 14:26:47 640803 4510.6336
2019:05:06 14:26:47 646544 4513.6549
2019:05:06 14:26:47 652678 4918.3741
2019:05:06 14:26:47 658414 4510.3356
2019:05:06 14:26:47 664151 4921.4587
2019:05:06 14:26:47 670290 4916.8244
2019:05:06 14:26:47 676431 4917.7296
2019:05:06 14:26:47 681756 4505.5822
2019:05:06 14:26:47 687900 4914.9394
2019:05:06 14:26:47 693635 5320.3255
2019:05:06 14:26:47 698960 4504.6881
2019:05:06 14:26:47 705106 5328.7670
2019:05:06 14:26:47 711246 4915.5429
2019:05:06 14:26:47 717387 4915.2076
2019:05:06 14:26:47 723127 4509.7880
2019:05:06 14:26:47 728452 3689.6244
2019:05:06 14:26:47 734186 4499.3050
2019:05:06 14:26:47 739178 4176.7433
2019:05:06 14:26:47 745648 4493.1732
2019:05:06 14:26:47 751793 4903.1191
2019:05:06 14:26:47 757525 4501.0671
2019:05:06 14:26:47 762866 4106.0634
2019:05:06 14:26:47 768998 4499.8564
2019:05:06 14:26:47 775143 4504.1069
2019:05:06 14:26:47 780466 4094.6305
2019:05:06 14:26:47 786610 4497.2338
2019:05:06 14:26:47 792345 4499.4578
2019:05:06 14:26:47 798485 4499.7595
2019:05:06 14:26:47 804223 4497.3269
2019:05:06 14:26:47 809959 4502.5982
2019:05:06 14:26:47 816096 4496.6377
2019:05:06 14:26:47 821836 4500.3332
2019:05:06 14:26:47 827567 4495.6654
2019:05:06 14:26:47 833384 4181.9476
2019:05:06 14:26:47 839852 4896.4322
2019:05:06 14:26:47 845590 4905.9503
2019:05:06 14:26:47 850913 4499.2082
2019:05:06 14:26:47 857053 4496.2801
2019:05:06 14:26:47 862793 4499.2566
2019:05:06 14:26:47 868525 4495.4345
2019:05:06 14:26:47 875081 4904.5235
2019:05:06 14:26:47 881638 5729.8802
2019:05:06 14:26:47 886554 4501.9239
2019:05:06 14:26:47 891458 3266.1967
2019:05:06 14:26:47 897197 3257.7552
2019:05:06 14:26:47 902529 2866.4246
2019:05:06 14:26:47 907857 2459.6117
2019:05:06 14:26:47 915218 4098.6650
2019:05:06 14:26:47 921442 4176.6502
2019:05:06 14:26:47 927093 4905.3729
2019:05:06 14:26:47 932429 4921.6338
2019:05:06 14:26:47 938154 4097.9423
2019:05:06 14:26:47 943884 4093.9227
2019:05:06 14:26:47 950033 4497.2077
2019:05:06 14:26:47 956175 4903.5698
2019:05:06 14:26:47 961502 4498.8170
2019:05:06 14:26:47 967642 4501.4471
2019:05:06 14:26:47 973376 4503.9617
2019:05:06 14:26:47 979115 4497.0326
2019:05:06 14:26:47 985249 4496.6266
2019:05:06 14:26:47 990997 4506.3309
2019:05:06 14:26:47 996724 4498.3961
2019:05:06 14:26:48 2870 4506.3868
2019:05:06 14:26:48 8599 4496.4142
2019:05:06 14:26:48 14341 4503.8201
2019:05:06 14:26:48 20477 4904.7917
2019:05:06 14:26:48 26212 4500.8399
2019:05:06 14:26:48 31541 4082.0725
2019:05:06 14:26:48 36862 3672.6892
2019:05:06 14:26:48 43009 3681.3430
2019:05:06 14:26:48 49149 4506.3756
2019:05:06 14:26:48 53672 3292.0539
2019:05:06 14:26:48 60617 3689.1662
2019:05:06 14:26:48 66357 4096.5900
2019:05:06 14:26:48 72903 4501.8382
2019:05:06 14:26:48 78641 4502.8366
2019:05:06 14:26:48 83984 4115.2313
2019:05:06 14:26:48 89714 3702.9535
2019:05:06 14:26:48 95851 4105.9703
2019:05:06 14:26:48 101588 4107.0729
2019:05:06 14:26:48 107723 4913.3413
2019:05:06 14:26:48 113465 4517.8197
2019:05:06 14:26:48 119197 4099.1269
2019:05:06 14:26:48 125334 4508.5736
2019:05:06 14:26:48 131487 4929.5276
2019:05:06 14:26:48 137224 4925.1132
2019:05:06 14:26:48 143360 4100.7213
2019:05:06 14:26:48 150318 4918.9441
2019:05:06 14:26:48 156048 4502.5200
2019:05:06 14:26:48 161785 4912.6670
2019:05:06 14:26:48 167119 4509.8737
2019:05:06 14:26:48 172841 4504.3863
2019:05:06 14:26:48 178592 4927.4787
2019:05:06 14:26:48 184332 4530.3032
2019:05:06 14:26:48 190875 5333.4832
2019:05:06 14:26:48 197010 5728.5763
2019:05:06 14:26:48 202744 5326.5430
2019:05:06 14:26:48 208072 4918.1953
2019:05:06 14:26:48 213391 3683.9917
2019:05:06 14:26:48 218332 3298.6514
2019:05:06 14:26:48 225678 4501.3800
2019:05:06 14:26:48 231415 4918.7094
2019:05:06 14:26:48 236759 4526.2501
2019:05:06 14:26:48 243298 4923.9285
2019:05:06 14:26:48 249027 4916.0197
2019:05:06 14:26:48 255170 4918.6684
2019:05:06 14:26:48 260913 4925.2063
2019:05:06 14:26:48 267048 4916.4891
2019:05:06 14:26:48 272782 4916.9511
2019:05:06 14:26:48 278526 4521.3737
2019:05:06 14:26:48 284660 4916.3289
2019:05:06 14:26:48 290804 4913.3413
2019:05:06 14:26:48 296534 4912.5478
2019:05:06 14:26:48 302354 4993.3530
2019:05:06 14:26:48 308017 4519.1348
2019:05:06 14:26:48 314161 4928.3244
2019:05:06 14:26:48 319889 5324.9374
2019:05:06 14:26:48 325221 4519.6675
2019:05:06 14:26:48 330957 4108.5817
2019:05:06 14:26:48 337495 4912.1641
2019:05:06 14:26:48 343640 5316.9765
2019:05:06 14:26:48 349379 4920.0282
2019:05:06 14:26:48 355120 5334.6492
2019:05:06 14:26:48 360450 4107.6913
2019:05:06 14:26:48 366575 4497.4163
2019:05:06 14:26:48 371903 4084.7845
2019:05:06 14:26:48 377232 3677.1856
2019:05:06 14:26:48 382965 4511.6283
2019:05:06 14:26:48 388693 4500.0724
2019:05:06 14:26:48 394428 4098.6277
2019:05:06 14:26:48 400163 4096.6459
2019:05:06 14:26:48 405907 4100.1849
2019:05:06 14:26:48 412041 4511.2818
2019:05:06 14:26:48 417783 4921.6114
2019:05:06 14:26:48 423923 4917.6142
2019:05:06 14:26:48 429663 4519.4775
2019:05:06 14:26:48 435803 4509.2478
2019:05:06 14:26:48 441542 4521.5040
2019:05:06 14:26:48 447678 4102.3009
2019:05:06 14:26:48 453416 4101.6228
2019:05:06 14:26:48 459146 4094.5858
2019:05:06 14:26:48 464881 4914.0118
2019:05:06 14:26:48 470614 4513.0141
2019:05:06 14:26:48 476426 4585.0612
2019:05:06 14:26:48 482077 4916.3513
2019:05:06 14:26:48 487402 4508.0222
2019:05:06 14:26:48 492733 4509.1808
2019:05:06 14:26:48 498461 4503.1048
2019:05:06 14:26:48 504195 4098.6910
2019:05:06 14:26:48 510749 4911.7580
2019:05:06 14:26:48 516489 5324.7176
2019:05:06 14:26:48 522626 5317.7848
2019:05:06 14:26:48 528363 4917.4652
2019:05:06 14:26:48 534097 4910.8490
2019:05:06 14:26:48 539843 4923.6082
2019:05:06 14:26:48 545572 4513.9603
2019:05:06 14:26:48 551296 4902.9179
2019:05:06 14:26:48 557049 5335.6178
2019:05:06 14:26:48 563184 4919.8754
2019:05:06 14:26:48 569320 4914.8947
2019:05:06 14:26:48 574731 4586.5588
2019:05:06 14:26:48 580383 4914.2726
2019:05:06 14:26:48 586529 5728.4720
2019:05:06 14:26:48 592260 4918.0910
2019:05:06 14:26:48 597995 4900.9919
2019:05:06 14:26:48 603734 4507.7875
2019:05:06 14:26:48 609465 4495.2333
2019:05:06 14:26:48 615202 4493.6165
2019:05:06 14:26:48 621337 4891.1385
2019:05:06 14:26:48 626676 4094.0940
2019:05:06 14:26:48 632401 4086.1219
2019:05:06 14:26:48 637741 3673.5274
2019:05:06 14:26:48 643871 3684.2898
2019:05:06 14:26:48 650005 4481.0362
2019:05:06 14:26:48 655756 4504.3379
2019:05:06 14:26:48 661489 4923.6752
2019:05:06 14:26:48 667633 5333.8073
2019:05:06 14:26:48 673777 5325.8501
2019:05:06 14:26:48 679919 5329.7691
2019:05:06 14:26:48 685655 5320.9774
2019:05:06 14:26:48 691401 4938.8967
2019:05:06 14:26:48 697604 4991.0992
2019:05:06 14:26:48 703668 5319.7853
2019:05:06 14:26:48 709404 4921.8945
2019:05:06 14:26:48 715539 5318.6491
2019:05:06 14:26:48 720878 4918.3220
2019:05:06 14:26:48 727015 4920.9446
2019:05:06 14:26:48 732749 4915.6435
2019:05:06 14:26:48 738501 4928.3318
2019:05:06 14:26:48 744623 4917.4801
2019:05:06 14:26:48 749977 4530.7577
2019:05:06 14:26:48 756916 5317.2931
2019:05:06 14:26:48 762237 3691.2225
2019:05:06 14:26:48 767977 4925.1094
2019:05:06 14:26:48 774123 5732.1265
2019:05:06 14:26:48 779858 5712.1739
2019:05:06 14:26:48 785578 4915.6770
2019:05:06 14:26:48 791327 4521.2843
2019:05:06 14:26:48 797463 4504.3118
2019:05:06 14:26:48 803201 4501.9537
2019:05:06 14:26:48 809335 4897.2145
2019:05:06 14:26:48 815067 4820.1568
2019:05:06 14:26:48 820805 4490.8039
2019:05:06 14:26:48 826625 4570.2606
2019:05:06 14:26:48 832690 4516.2998
2019:05:06 14:26:48 838420 4492.5958
2019:05:06 14:26:48 843748 4081.7782
2019:05:06 14:26:48 849086 3674.5705
2019:05:06 14:26:48 855293 3759.3022
2019:05:06 14:26:48 861365 4498.1204
2019:05:06 14:26:48 867102 4097.8119
2019:05:06 14:26:48 873234 4511.1701
2019:05:06 14:26:48 878963 4500.2662
2019:05:06 14:26:48 884290 4889.7862
2019:05:06 14:26:48 890434 5326.4685
2019:05:06 14:26:48 896171 4913.0581
2019:05:06 14:26:48 901501 4504.5801
2019:05:06 14:26:48 908055 5317.8929
2019:05:06 14:26:48 913798 4922.8482
2019:05:06 14:26:48 919523 4904.8215
2019:05:06 14:26:48 924842 4062.3248
2019:05:06 14:26:48 930579 4096.0535
2019:05:06 14:26:48 936313 4907.9210
2019:05:06 14:26:48 941641 4104.5472
2019:05:06 14:26:48 946965 4108.9654
2019:05:06 14:26:48 952285 4498.3998
2019:05:06 14:26:48 958836 5723.6850
2019:05:06 14:26:48 964588 4528.2915
2019:05:06 14:26:48 970313 4106.6818
2019:05:06 14:26:48 976045 4920.1064
2019:05:06 14:26:48 982193 5328.1300
2019:05:06 14:26:48 987504 4503.6115
2019:05:06 14:26:48 993238 4502.7435
2019:05:06 14:26:48 998650 4177.5294
2019:05:06 14:26:49 4703 4904.7433
2019:05:06 14:26:49 10035 4897.7509
2019:05:06 14:26:49 16183 5330.6371
2019:05:06 14:26:49 21916 4913.7548
2019:05:06 14:26:49 27643 4895.6461
2019:05:06 14:26:49 33797 4919.2831
2019:05:06 14:26:49 39119 4496.0082
2019:05:06 14:26:49 45254 4894.1672
2019:05:06 14:26:49 50988 4508.4096
2019:05:06 14:26:49 56725 4495.5537
2019:05:06 14:26:49 62055 4083.1454
2019:05:06 14:26:49 67393 3671.5753
2019:05:06 14:26:49 73923 4080.1056
2019:05:06 14:26:49 79668 4493.3073
2019:05:06 14:26:49 85826 4511.4718
2019:05:06 14:26:49 91130 4095.5767
2019:05:06 14:26:49 96862 4497.5206
2019:05:06 14:26:49 102599 4903.6033
2019:05:06 14:26:49 108746 5737.6139
2019:05:06 14:26:49 114068 5303.7591
2019:05:06 14:26:49 120203 5311.3885
2019:05:06 14:26:49 125542 4914.0416
2019:05:06 14:26:49 131265 4904.9966
2019:05:06 14:26:49 137002 4890.9709
2019:05:06 14:26:49 142333 4505.0085
2019:05:06 14:26:49 147661 4106.6296
2019:05:06 14:26:49 153386 4907.7235
2019:05:06 14:26:49 159538 5320.2249
2019:05:06 14:26:49 165271 4921.3134
2019:05:06 14:26:49 171010 4922.3565
2019:05:06 14:26:49 176738 4515.9943
2019:05:06 14:26:49 182476 4920.8701
2019:05:06 14:26:49 188606 5319.2861
2019:05:06 14:26:49 194758 5331.1773
2019:05:06 14:26:49 200496 4928.0524
2019:05:06 14:26:49 206231 4923.1760
2019:05:06 14:26:49 211969 4923.0456
2019:05:06 14:26:49 217701 4521.0645
2019:05:06 14:26:49 223430 4925.1840
2019:05:06 14:26:49 229566 5320.7241
2019:05:06 14:26:49 235304 4918.9031
2019:05:06 14:26:49 241041 4907.7235
2019:05:06 14:26:49 246853 4994.8618
2019:05:06 14:26:49 252916 5324.7623
2019:05:06 14:26:49 258654 4922.5092
2019:05:06 14:26:49 264389 4926.4133
2019:05:06 14:26:49 270523 5319.7555
2019:05:06 14:26:49 276262 4919.8791
2019:05:06 14:26:49 282000 4918.5865
2019:05:06 14:26:49 287813 4996.5419
2019:05:06 14:26:49 293874 5324.5872
2019:05:06 14:26:49 299613 4925.7241
2019:05:06 14:26:49 305352 4930.7905
2019:05:06 14:26:49 311486 5322.8512
2019:05:06 14:26:49 317221 4921.0526
2019:05:06 14:26:49 323372 5327.2992
2019:05:06 14:26:49 329106 4922.3788
2019:05:06 14:26:49 334845 4923.0605
2019:05:06 14:26:49 340571 4515.7447
2019:05:06 14:26:49 346310 4929.3116
2019:05:06 14:26:49 352439 5314.5401
2019:05:06 14:26:49 358590 5330.9985
2019:05:06 14:26:49 364330 4928.6261
2019:05:06 14:26:49 370064 4922.8035
2019:05:06 14:26:49 375804 4924.8114
2019:05:06 14:26:49 381535 4521.6270
2019:05:06 14:26:49 387273 4935.2720
2019:05:06 14:26:49 393000 4921.0824
2019:05:06 14:26:49 399137 4919.9425
2019:05:06 14:26:49 405302 5343.8693
2019:05:06 14:26:49 411022 4922.6023
2019:05:06 14:26:49 416761 4923.7385
2019:05:06 14:26:49 422493 4521.1129
2019:05:06 14:26:49 428233 4936.9186
2019:05:06 14:26:49 433945 4908.2488
2019:05:06 14:26:49 439677 4495.3600
2019:05:06 14:26:49 445826 4909.7613
2019:05:06 14:26:49 451557 4896.5737
2019:05:06 14:26:49 456924 4544.3811
2019:05:06 14:26:49 463852 5735.0621
2019:05:06 14:26:49 469596 4929.3414
2019:05:06 14:26:49 475339 4933.3237
2019:05:06 14:26:49 481064 4927.0242
2019:05:06 14:26:49 486804 5335.3310
2019:05:06 14:26:49 492945 4929.8778
2019:05:06 14:26:49 499071 4915.2039
2019:05:06 14:26:49 504813 4922.7327
2019:05:06 14:26:49 510950 4502.7770
2019:05:06 14:26:49 516687 4086.3082
2019:05:06 14:26:49 522418 4073.4634
2019:05:06 14:26:49 528148 4057.2621
2019:05:06 14:26:49 533881 3663.2270
2019:05:06 14:26:49 539622 3671.0948
2019:05:06 14:26:49 545365 3668.7367
2019:05:06 14:26:49 551111 3693.8824
2019:05:06 14:26:49 557666 4109.5950
2019:05:06 14:26:49 563383 4089.5194
2019:05:06 14:26:49 568288 3258.5748
2019:05:06 14:26:49 575254 4080.1987
2019:05:06 14:26:49 580597 4105.2513
2019:05:06 14:26:49 585922 3702.1190
2019:05:06 14:26:49 592466 4511.1179
2019:05:06 14:26:49 599016 4923.0345
2019:05:06 14:26:49 604347 4105.4338
2019:05:06 14:26:49 610088 4525.6987
2019:05:06 14:26:49 617033 5701.4897
2019:05:06 14:26:49 622789 5726.6019
2019:05:06 14:26:49 627681 4471.8049
2019:05:06 14:26:49 633012 4483.6290
2019:05:06 14:26:49 638739 4082.5829
2019:05:06 14:26:49 644888 4104.6515
2019:05:06 14:26:49 651029 4511.0881
2019:05:06 14:26:49 656352 4091.1362
2019:05:06 14:26:49 662091 4497.6696
2019:05:06 14:26:49 667833 3700.4389
2019:05:06 14:26:49 674374 4504.8296
2019:05:06 14:26:49 679703 4100.0545
2019:05:06 14:26:49 685439 4901.3197
2019:05:06 14:26:49 691162 5313.3555
2019:05:06 14:26:49 696899 5623.2885
2019:05:06 14:26:49 702640 5319.0961
2019:05:06 14:26:49 708774 5316.7231
2019:05:06 14:26:49 714514 5317.4831
2019:05:06 14:26:49 720245 5315.2740
2019:05:06 14:26:49 726398 5731.7801
2019:05:06 14:26:49 731738 4924.3718
2019:05:06 14:26:49 737862 5304.8730
2019:05:06 14:26:49 743608 4919.4694
2019:05:06 14:26:49 750144 5712.5092
2019:05:06 14:26:49 755486 4511.5128
2019:05:06 14:26:49 761205 4087.4034
2019:05:06 14:26:49 766936 4091.5310
2019:05:06 14:26:49 772690 3692.3960
2019:05:06 14:26:49 778820 4490.8859
2019:05:06 14:26:49 784957 4492.9795
2019:05:06 14:26:49 790295 4109.4683
2019:05:06 14:26:49 796424 4502.2368
2019:05:06 14:26:49 801766 3699.3735
2019:05:06 14:26:49 807494 4500.2326
2019:05:06 14:26:49 813225 4910.1599
2019:05:06 14:26:49 819361 5315.7099
2019:05:06 14:26:49 824290 3694.6014
2019:05:06 14:26:49 830018 4097.9162
2019:05:06 14:26:49 835752 4094.8205
2019:05:06 14:26:49 841488 4909.4856
2019:05:06 14:26:49 846400 4090.4991
2019:05:06 14:26:49 852952 4100.1365
2019:05:06 14:26:49 858699 3702.6368
2019:05:06 14:26:49 864419 3682.0918
2019:05:06 14:26:49 870562 4504.4012
2019:05:06 14:26:49 875501 4109.8222
2019:05:06 14:26:49 882044 4910.9012
2019:05:06 14:26:49 887873 5427.5468
2019:05:06 14:26:49 893921 5334.5449
2019:05:06 14:26:49 899659 5340.3601
2019:05:06 14:26:49 905798 5742.1923
2019:05:06 14:26:49 911548 4941.3107
2019:05:06 14:26:49 917668 4920.3970
2019:05:06 14:26:49 923804 5317.6209
2019:05:06 14:26:49 929146 4520.1667
2019:05:06 14:26:49 935688 4919.5029
2019:05:06 14:26:49 941416 4909.8767
2019:05:06 14:26:49 947565 4919.1937
2019:05:06 14:26:49 953300 4916.4705
2019:05:06 14:26:49 959444 4920.6503
2019:05:06 14:26:49 965174 4912.7340
2019:05:06 14:26:49 971322 4920.7285
2019:05:06 14:26:49 977054 4915.6137
2019:05:06 14:26:49 982807 4530.0201
2019:05:06 14:26:49 988951 4934.4003
2019:05:06 14:26:49 995071 5316.3134
2019:05:06 14:26:50 418 4525.4938
2019:05:06 14:26:50 6953 4906.5612
2019:05:06 14:26:50 12690 4917.5546
2019:05:06 14:26:50 18442 4528.8466
2019:05:06 14:26:50 24585 4935.5403
2019:05:06 14:26:50 30316 4927.9518
2019:05:06 14:26:50 36058 4533.1083
2019:05:06 14:26:50 42197 4527.7029
2019:05:06 14:26:50 48340 4934.5046
2019:05:06 14:26:50 54461 5317.8221
2019:05:06 14:26:50 59809 4527.0585
2019:05:06 14:26:50 66342 4916.3103
2019:05:06 14:26:50 72074 4912.3801
2019:05:06 14:26:50 78222 4920.6838
2019:05:06 14:26:50 83958 4917.9718
2019:05:06 14:26:50 90101 4921.6896
2019:05:06 14:26:50 95836 4919.0819
2019:05:06 14:26:50 101991 4935.9389
2019:05:06 14:26:50 107707 4911.2886
2019:05:06 14:26:50 113857 4912.0374
2019:05:06 14:26:50 119585 4910.4653
2019:05:06 14:26:50 125744 4930.4105
2019:05:06 14:26:50 131093 4541.1699
2019:05:06 14:26:50 137627 4935.0522
2019:05:06 14:26:50 143348 4918.4561
2019:05:06 14:26:50 149491 4921.9728
2019:05:06 14:26:50 154849 4542.1943
2019:05:06 14:26:50 161369 4922.0733
2019:05:06 14:26:50 166708 4523.4188
2019:05:06 14:26:50 173245 4920.0244
2019:05:06 14:26:50 178972 4908.2153
2019:05:06 14:26:50 185134 4931.0103
2019:05:06 14:26:50 190855 4913.2593
2019:05:06 14:26:50 197001 4921.0824
2019:05:06 14:26:50 202732 4913.1513
2019:05:06 14:26:50 208486 4527.7812
2019:05:06 14:26:50 214615 4917.9755
2019:05:06 14:26:50 220751 5317.3155
2019:05:06 14:26:50 226092 4519.2838
2019:05:06 14:26:50 232636 4921.1644
2019:05:06 14:26:50 238381 4521.2246
2019:05:06 14:26:50 244510 4918.6498
2019:05:06 14:26:50 250249 4912.2535
2019:05:06 14:26:50 256406 4929.8368
2019:05:06 14:26:50 262126 4507.5007
2019:05:06 14:26:50 268269 4921.3581
2019:05:06 14:26:50 274024 4932.8022
2019:05:06 14:26:50 279751 4528.3549
2019:05:06 14:26:50 285897 4934.9740
2019:05:06 14:26:50 292033 4928.5628
2019:05:06 14:26:50 297368 4528.9807
2019:05:06 14:26:50 303508 4526.7604
2019:05:06 14:26:50 309638 4919.0372
2019:05:06 14:26:50 315774 5317.9078
2019:05:06 14:26:50 321120 4526.8647
2019:05:06 14:26:50 327264 4521.4854
2019:05:06 14:26:50 332989 4925.8731
2019:05:06 14:26:50 338719 5323.8906
2019:05:06 14:26:50 344475 4530.0461
2019:05:06 14:26:50 350618 5351.8452
2019:05:06 14:26:50 357559 5327.2545
2019:05:06 14:26:50 363288 4918.3965
2019:05:06 14:26:50 369039 4931.7889
2019:05:06 14:26:50 375170 5325.3323
2019:05:06 14:26:50 380905 4911.9405
2019:05:06 14:26:50 386641 4923.1537
2019:05:06 14:26:50 392382 4932.1018
2019:05:06 14:26:50 398124 5341.6714
2019:05:06 14:26:50 404250 4915.1108
2019:05:06 14:26:50 410408 5340.4234
2019:05:06 14:26:50 416132 4496.7979
2019:05:06 14:26:50 422279 4518.0321
2019:05:06 14:26:50 428832 4511.9785
2019:05:06 14:26:50 434578 4110.6381
2019:05:06 14:26:50 441534 5744.6510
2019:05:06 14:26:50 447253 5690.4517
2019:05:06 14:26:50 452590 5315.2516
2019:05:06 14:26:50 457919 4491.4596
2019:05:06 14:26:50 464048 4900.6157
2019:05:06 14:26:50 470195 4901.4613
2019:05:06 14:26:50 475931 4511.0583
2019:05:06 14:26:50 482082 4519.2540
2019:05:06 14:26:50 486586 3281.2990
2019:05:06 14:26:50 493551 4518.9671
2019:05:06 14:26:50 499682 4511.4048
2019:05:06 14:26:50 505432 4523.6722
2019:05:06 14:26:50 511558 4509.6800
2019:05:06 14:26:50 517306 4917.8489
2019:05:06 14:26:50 523045 4921.7865
2019:05:06 14:26:50 528865 4602.7936
2019:05:06 14:26:50 534922 4927.6389
2019:05:06 14:26:50 540239 4513.9641
2019:05:06 14:26:50 545565 4418.0080
2019:05:06 14:26:50 552526 4922.4645
2019:05:06 14:26:50 558673 5334.4369
2019:05:06 14:26:50 565215 5733.0281
2019:05:06 14:26:50 571368 5743.8202
2019:05:06 14:26:50 577507 5725.0708
2019:05:06 14:26:50 583249 5334.2879
2019:05:06 14:26:50 588569 4908.7517
2019:05:06 14:26:50 594305 4921.2687
2019:05:06 14:26:50 600030 4511.3601
2019:05:06 14:26:50 605761 4495.6580
2019:05:06 14:26:50 611509 4916.0980
2019:05:06 14:26:50 617641 5308.1289
2019:05:06 14:26:50 623378 4919.8270
2019:05:06 14:26:50 629128 4924.2824
2019:05:06 14:26:50 635260 5328.8639
2019:05:06 14:26:50 641000 4924.5805
2019:05:06 14:26:50 646740 4936.3114
2019:05:06 14:26:50 652872 5330.0969
2019:05:06 14:26:50 658613 4923.3921
2019:05:06 14:26:50 664350 4522.0256
2019:05:06 14:26:50 670066 4501.9425
2019:05:06 14:26:50 676302 5384.9146
2019:05:06 14:26:50 681956 4915.0661
2019:05:06 14:26:50 687698 4934.9479
2019:05:06 14:26:50 693841 5323.6447
2019:05:06 14:26:50 699571 5321.4617
2019:05:06 14:26:50 705299 4909.0572
2019:05:06 14:26:50 711039 4907.9061
2019:05:06 14:26:50 716772 4500.5791
2019:05:06 14:26:50 723721 5322.0876
2019:05:06 14:26:50 729472 4931.1854
2019:05:06 14:26:50 735607 5318.0680
2019:05:06 14:26:50 740925 4495.3600
2019:05:06 14:26:50 746667 4518.0917
2019:05:06 14:26:50 752397 4900.1202
2019:05:06 14:26:50 758147 4522.4726
2019:05:06 14:26:50 764270 5320.9476
2019:05:06 14:26:50 770411 5699.7128
2019:05:06 14:26:50 776161 5725.1863
2019:05:06 14:26:50 781068 4479.4343
2019:05:06 14:26:50 786401 4109.1256
2019:05:06 14:26:50 792124 4095.9679
2019:05:06 14:26:50 797858 4507.1095
2019:05:06 14:26:50 804013 4925.1281
2019:05:06 14:26:50 809417 3782.8088
2019:05:06 14:26:50 815075 4094.2170
2019:05:06 14:26:50 821224 4929.1588
2019:05:06 14:26:50 825733 3699.8466
2019:05:06 14:26:50 831946 4164.3232
2019:05:06 14:26:50 837990 4078.0641
2019:05:06 14:26:50 842921 3266.2973
2019:05:06 14:26:50 849463 4073.4001
2019:05:06 14:26:50 855196 3672.2384
2019:05:06 14:26:50 860926 3669.1986
2019:05:06 14:26:50 867492 4496.8948
2019:05:06 14:26:50 873629 4814.2225
2019:05:06 14:26:50 879359 4486.8179
2019:05:06 14:26:50 885104 4492.0892
2019:05:06 14:26:50 891238 4887.8230
2019:05:06 14:26:50 896977 4492.1972
2019:05:06 14:26:50 902716 4491.4261
2019:05:06 14:26:50 908851 4895.2363
2019:05:06 14:26:50 914584 4807.0513
2019:05:06 14:26:50 920319 4489.5262
2019:05:06 14:26:50 926062 4493.7432
2019:05:06 14:26:50 932199 4497.1518
2019:05:06 14:26:50 937934 4493.8065
2019:05:06 14:26:50 943674 4493.5979
2019:05:06 14:26:50 949808 4893.1651
2019:05:06 14:26:50 955542 4502.7435
2019:05:06 14:26:50 961283 4490.6661
2019:05:06 14:26:50 967023 4493.4973
2019:05:06 14:26:50 973154 4494.9427
2019:05:06 14:26:50 978893 4496.5595
2019:05:06 14:26:50 984631 4492.6368
2019:05:06 14:26:50 990768 4503.1980
2019:05:06 14:26:50 996503 4498.5451
2019:05:06 14:26:51 2238 4485.8009
2019:05:06 14:26:51 8066 4578.2700
2019:05:06 14:26:51 14113 4488.8780
2019:05:06 14:26:51 19856 4494.0896
2019:05:06 14:26:51 25596 4496.7458
2019:05:06 14:26:51 31725 4496.8203
2019:05:06 14:26:51 37463 4494.3206
2019:05:06 14:26:51 43194 4486.5385
2019:05:06 14:26:51 49347 4891.5595
2019:05:06 14:26:51 55074 4496.7048
2019:05:06 14:26:51 60399 4093.3527
2019:05:06 14:26:51 66138 4106.2534
2019:05:06 14:26:51 72270 5300.9652
2019:05:06 14:26:51 78018 5330.4993
2019:05:06 14:26:51 83762 4937.6264
2019:05:06 14:26:51 89499 4933.8453
2019:05:06 14:26:51 95631 5335.4874
2019:05:06 14:26:51 101374 5250.2602
2019:05:06 14:26:51 107108 4930.2466
2019:05:06 14:26:51 113244 5332.4327
2019:05:06 14:26:51 118556 4909.0870
2019:05:06 14:26:51 123889 4104.3833
2019:05:06 14:26:51 130023 5318.4666
2019:05:06 14:26:51 135761 5310.3194
2019:05:06 14:26:51 142313 5322.4638
2019:05:06 14:26:51 147633 4893.3066
2019:05:06 14:26:51 152958 4081.8118
2019:05:06 14:26:51 159531 4919.1341
2019:05:06 14:26:51 165264 4909.7687
2019:05:06 14:26:51 170993 4502.6354
2019:05:06 14:26:51 177135 4911.7059
2019:05:06 14:26:51 182880 4913.9373
2019:05:06 14:26:51 187380 3281.0979
2019:05:06 14:26:51 192703 2852.5703
2019:05:06 14:26:51 199652 4085.2204
2019:05:06 14:26:51 205393 4096.4596
2019:05:06 14:26:51 211125 4093.4719
2019:05:06 14:26:51 216952 3786.0163
2019:05:06 14:26:51 223000 4091.7769
2019:05:06 14:26:51 228743 4101.2280
2019:05:06 14:26:51 234886 4105.1321
2019:05:06 14:26:51 240628 4110.3363
2019:05:06 14:26:51 246350 4095.3420
2019:05:06 14:26:51 252487 4901.2564
2019:05:06 14:26:51 258221 4908.1109
2019:05:06 14:26:51 263959 4913.3450
2019:05:06 14:26:51 269287 4506.7742
2019:05:06 14:26:51 275437 4925.4037
2019:05:06 14:26:51 281164 4919.3688
2019:05:06 14:26:51 287737 5253.9371
2019:05:06 14:26:51 293471 4938.8818
2019:05:06 14:26:51 300022 5343.7725
2019:05:06 14:26:51 306164 5240.9396
2019:05:06 14:26:51 311900 4926.7672
2019:05:06 14:26:51 318036 5740.9927
2019:05:06 14:26:51 324175 5732.7636
2019:05:06 14:26:51 330730 4924.3458
2019:05:06 14:26:51 336474 5342.5469
2019:05:06 14:26:51 342201 5716.2344
2019:05:06 14:26:51 347925 5313.2512
2019:05:06 14:26:51 353665 5311.9175
2019:05:06 14:26:51 359811 4907.3324
2019:05:06 14:26:51 365132 4105.8250
2019:05:06 14:26:51 371271 4091.9520
2019:05:06 14:26:51 377000 4088.9122
2019:05:06 14:26:51 382335 4100.6058
2019:05:06 14:26:51 388467 4909.9103
2019:05:06 14:26:51 393799 4505.9361
2019:05:06 14:26:51 399942 4821.1329
2019:05:06 14:26:51 405671 4891.4924
2019:05:06 14:26:51 411814 4905.3244
2019:05:06 14:26:51 417560 4910.9757
2019:05:06 14:26:51 423295 4901.9307
2019:05:06 14:26:51 429045 4522.2454
2019:05:06 14:26:51 435164 4908.5803
2019:05:06 14:26:51 440903 4901.7183
2019:05:06 14:26:51 447041 4879.7764
2019:05:06 14:26:51 452470 4587.6913
2019:05:06 14:26:51 457283 3681.0450
2019:05:06 14:26:51 463425 4098.4079
2019:05:06 14:26:51 469158 4094.2207
2019:05:06 14:26:51 474094 2893.2206
2019:05:06 14:26:51 481041 4495.2333
2019:05:06 14:26:51 486776 4090.5476
2019:05:06 14:26:51 491699 3690.2390
2019:05:06 14:26:51 497515 3785.8523
2019:05:06 14:26:51 503570 4092.6971
2019:05:06 14:26:51 510534 4899.9079
2019:05:06 14:26:51 516267 4510.5591
2019:05:06 14:26:51 521996 4486.1250
2019:05:06 14:26:51 527737 4491.0423
2019:05:06 14:26:51 533877 4895.2401
2019:05:06 14:26:51 539606 4498.1502
2019:05:06 14:26:51 544928 4080.4408
2019:05:06 14:26:51 550263 3662.8582
2019:05:06 14:26:51 556397 4076.8869
2019:05:06 14:26:51 562137 4095.9902
2019:05:06 14:26:51 568274 4500.3071
2019:05:06 14:26:51 574012 5309.2167
2019:05:06 14:26:51 579351 4511.3228
2019:05:06 14:26:51 585490 4920.6913
2019:05:06 14:26:51 591220 4916.6493
2019:05:06 14:26:51 596951 4905.0339
2019:05:06 14:26:51 603092 5718.6484
2019:05:06 14:26:51 608005 4497.9900
2019:05:06 14:26:51 613751 4917.2156
2019:05:06 14:26:51 619076 4506.8711
2019:05:06 14:26:51 624416 4124.7793
2019:05:06 14:26:51 630129 4097.5362
2019:05:06 14:26:51 635860 4506.3011
2019:05:06 14:26:51 641999 4498.2098
2019:05:06 14:26:51 648560 5325.0752
2019:05:06 14:26:51 654297 4921.0563
2019:05:06 14:26:51 659613 4900.0643
2019:05:06 14:26:51 665372 4941.8360
2019:05:06 14:26:51 671492 5327.7723
2019:05:06 14:26:51 677238 5336.8621
2019:05:06 14:26:51 682972 5330.0895
2019:05:06 14:26:51 689119 5730.0627
2019:05:06 14:26:51 694850 4929.9151
2019:05:06 14:26:51 700160 4494.8049
2019:05:06 14:26:51 706307 4494.0487
2019:05:06 14:26:51 711633 4499.9532
2019:05:06 14:26:51 717792 4525.8626
2019:05:06 14:26:51 723927 4914.8947
2019:05:06 14:26:51 729660 4925.7055
2019:05:06 14:26:51 735416 4943.7433
2019:05:06 14:26:51 741528 4499.5286
2019:05:06 14:26:51 747267 4920.3336
2019:05:06 14:26:51 752625 4540.6558
2019:05:06 14:26:51 759156 4931.8634
2019:05:06 14:26:51 764895 4932.6494
2019:05:06 14:26:51 771022 4919.3762
2019:05:06 14:26:51 776363 4921.3953
2019:05:06 14:26:51 781712 4544.7648
2019:05:06 14:26:51 787825 5324.7325
2019:05:06 14:26:51 794376 5743.3732
2019:05:06 14:26:51 800119 5724.2140
2019:05:06 14:26:51 805442 4930.8874
2019:05:06 14:26:51 811253 5391.5605
2019:05:06 14:26:51 816898 4903.1638
2019:05:06 14:26:51 822626 4899.4757
2019:05:06 14:26:51 828363 4895.6722
2019:05:06 14:26:51 834093 4491.1541
2019:05:06 14:26:51 839910 4568.5917
2019:05:06 14:26:51 845583 4501.1416
2019:05:06 14:26:51 851317 4498.5823
2019:05:06 14:26:51 857452 4508.3053
2019:05:06 14:26:51 863584 4899.5949
2019:05:06 14:26:51 869321 4895.3183
2019:05:06 14:26:51 874668 4502.0171
2019:05:06 14:26:51 880796 5321.9460
2019:05:06 14:26:51 886118 4906.9971
2019:05:06 14:26:51 891855 4920.8142
2019:05:06 14:26:51 897590 4919.9201
2019:05:06 14:26:51 903723 5318.4889
2019:05:06 14:26:51 909464 4921.4922
2019:05:06 14:26:51 915202 4908.1445
2019:05:06 14:26:51 921335 5320.7166
2019:05:06 14:26:51 927075 5323.1567
2019:05:06 14:26:51 932813 4924.7593
2019:05:06 14:26:51 938548 4513.3457
2019:05:06 14:26:51 944681 5317.9488
2019:05:06 14:26:51 950423 4920.9334
2019:05:06 14:26:51 956160 4918.8659
2019:05:06 14:26:51 962297 5325.0641
2019:05:06 14:26:51 968034 5325.0305
2019:05:06 14:26:51 974179 5332.9580
2019:05:06 14:26:51 979919 5331.1624
2019:05:06 14:26:51 985656 4923.5113
2019:05:06 14:26:51 990968 4497.8000
2019:05:06 14:26:51 996334 4131.2277
2019:05:06 14:26:52 2868 4939.0085
2019:05:06 14:26:52 9001 4922.3751
2019:05:06 14:26:52 14748 4921.4810
2019:05:06 14:26:52 20876 4912.5366
2019:05:06 14:26:52 26633 4535.9433
2019:05:06 14:26:52 33172 5738.2695
2019:05:06 14:26:52 39709 5315.9669
2019:05:06 14:26:52 45446 4916.8579
2019:05:06 14:26:52 51584 5715.8060
2019:05:06 14:26:52 57323 4916.4519
2019:05:06 14:26:52 63469 4925.7018
2019:05:06 14:26:52 69231 4946.3436
2019:05:06 14:26:52 75754 5324.9896
2019:05:06 14:26:52 81493 4923.7125
2019:05:06 14:26:52 87223 4903.5437
2019:05:06 14:26:52 92967 4899.2038
2019:05:06 14:26:52 99520 5628.8391
2019:05:06 14:26:52 105255 5326.5318
2019:05:06 14:26:52 111398 5729.3698
2019:05:06 14:26:52 117131 5315.4826
2019:05:06 14:26:52 122865 4919.1266
2019:05:06 14:26:52 128599 4922.2521
2019:05:06 14:26:52 134323 5317.2298
2019:05:06 14:26:52 139254 4903.2234
2019:05:06 14:26:52 146201 5737.7890
2019:05:06 14:26:52 151938 5323.6932
2019:05:06 14:26:52 158082 5733.2106
2019:05:06 14:26:52 163817 5333.1703
2019:05:06 14:26:52 169965 5339.0078
2019:05:06 14:26:52 175701 5715.0088
2019:05:06 14:26:52 181849 6142.6684
2019:05:06 14:26:52 187170 5303.6176
2019:05:06 14:26:52 193719 6132.5692
2019:05:06 14:26:52 199459 5329.6685
2019:05:06 14:26:52 204785 4522.1783
2019:05:06 14:26:52 210512 4510.9466
2019:05:06 14:26:52 215844 4524.7972
2019:05:06 14:26:52 221988 4526.5555
2019:05:06 14:26:52 228128 4929.2929
2019:05:06 14:26:52 234254 5318.2766
2019:05:06 14:26:52 239604 4527.5912
2019:05:06 14:26:52 245746 4528.5895
2019:05:06 14:26:52 251494 4539.6872
2019:05:06 14:26:52 257624 4529.1148
2019:05:06 14:26:52 263750 4917.8973
2019:05:06 14:26:52 269898 4924.8524
2019:05:06 14:26:52 275238 4530.6310
2019:05:06 14:26:52 281382 4532.0615
2019:05:06 14:26:52 287914 5325.7570
2019:05:06 14:26:52 293661 4932.7053
2019:05:06 14:26:52 299380 4914.5408
2019:05:06 14:26:52 305133 4527.9078
2019:05:06 14:26:52 311262 4918.6721
2019:05:06 14:26:52 317399 5318.7013
2019:05:06 14:26:52 323155 4934.6015
2019:05:06 14:26:52 328874 4509.3819
2019:05:06 14:26:52 335016 4922.8817
2019:05:06 14:26:52 340751 4834.2608
2019:05:06 14:26:52 346895 4921.2538
2019:05:06 14:26:52 352626 4505.2618
2019:05:06 14:26:52 358379 4526.9877
2019:05:06 14:26:52 364507 4918.5976
2019:05:06 14:26:52 370645 5318.5150
2019:05:06 14:26:52 376384 4918.5604
2019:05:06 14:26:52 382120 4919.8903
2019:05:06 14:26:52 387869 4530.1691
2019:05:06 14:26:52 393608 4529.3607
2019:05:06 14:26:52 400152 4932.2024
2019:05:06 14:26:52 405871 4504.1293
2019:05:06 14:26:52 412021 4924.4128
2019:05:06 14:26:52 417753 4917.5918
2019:05:06 14:26:52 423908 4932.8767
2019:05:06 14:26:52 429632 4510.3654
2019:05:06 14:26:52 435773 4920.5720
2019:05:06 14:26:52 441511 4920.6838
2019:05:06 14:26:52 447663 5250.6737
2019:05:06 14:26:52 453382 4915.1927
2019:05:06 14:26:52 459134 4525.1660
2019:05:06 14:26:52 465262 4915.4311
2019:05:06 14:26:52 471399 5314.0260
2019:05:06 14:26:52 477140 4917.0218
2019:05:06 14:26:52 482895 4527.8966
2019:05:06 14:26:52 488642 4539.1358
2019:05:06 14:26:52 495158 5318.3064
2019:05:06 14:26:52 500511 4534.3339
2019:05:06 14:26:52 506648 4527.0808
2019:05:06 14:26:52 512776 4917.7967
2019:05:06 14:26:52 518913 5316.5369
2019:05:06 14:26:52 524266 4532.6725
2019:05:06 14:26:52 530405 4524.6147
2019:05:06 14:26:52 536532 4917.9941
2019:05:06 14:26:52 542669 5311.4593
2019:05:06 14:26:52 548406 4918.0984
2019:05:06 14:26:52 554163 4931.5095
2019:05:06 14:26:52 560288 4923.7311
2019:05:06 14:26:52 566033 4928.5144
2019:05:06 14:26:52 572165 4916.9026
2019:05:06 14:26:52 577528 4546.3070
2019:05:06 14:26:52 584052 4929.4010
2019:05:06 14:26:52 589406 4546.2400
2019:05:06 14:26:52 595527 4526.7604
2019:05:06 14:26:52 601675 4938.0437
2019:05:06 14:26:52 607793 5317.7588
2019:05:06 14:26:52 613140 4528.2803
2019:05:06 14:26:52 619283 4527.4943
2019:05:06 14:26:52 625413 4920.3150
2019:05:06 14:26:52 631563 4928.9800
2019:05:06 14:26:52 636896 4527.2894
2019:05:06 14:26:52 643437 4515.9906
2019:05:06 14:26:52 648793 4933.3535
2019:05:06 14:26:52 654918 5339.0376
2019:05:06 14:26:52 660654 5713.4926
2019:05:06 14:26:52 666786 5733.0951
2019:05:06 14:26:52 672527 5722.1241
2019:05:06 14:26:52 678254 5335.8153
2019:05:06 14:26:52 683991 5331.1549
2019:05:06 14:26:52 689731 5333.6173
2019:05:06 14:26:52 694627 4409.4920
2019:05:06 14:26:52 700368 4094.8838
2019:05:06 14:26:52 706595 4187.6398
2019:05:06 14:26:52 712659 4511.7624
2019:05:06 14:26:52 718396 4510.4101
2019:05:06 14:26:52 724121 4087.2060
2019:05:06 14:26:52 729451 4511.3154
2019:05:06 14:26:52 734788 4112.1505
2019:05:06 14:26:52 740527 3716.3198
2019:05:06 14:26:52 746656 4517.6558
2019:05:06 14:26:52 753207 5336.3405
2019:05:06 14:26:52 758947 5253.6465
2019:05:06 14:26:52 765081 5330.8755
2019:05:06 14:26:52 770827 5726.4306
2019:05:06 14:26:52 776539 5321.1525
2019:05:06 14:26:52 782285 5325.4776
2019:05:06 14:26:52 788025 5640.1268
2019:05:06 14:26:52 792610 4168.4918
2019:05:06 14:26:52 799075 4413.2546
2019:05:06 14:26:52 804402 4095.6438
2019:05:06 14:26:52 810147 3706.7458
2019:05:06 14:26:52 816288 3696.0468
2019:05:06 14:26:52 821609 4503.3246
2019:05:06 14:26:52 826954 3722.4256
2019:05:06 14:26:52 833886 4904.5086
2019:05:06 14:26:52 839633 4929.4606
2019:05:06 14:26:52 845773 5333.2038
2019:05:06 14:26:52 851504 5328.2864
2019:05:06 14:26:52 857250 5341.8353
2019:05:06 14:26:52 863377 5726.8068
2019:05:06 14:26:52 869120 5723.8713
2019:05:06 14:26:52 874838 5320.2175
2019:05:06 14:26:52 880581 5322.8103
2019:05:06 14:26:52 886323 5657.1960
2019:05:06 14:26:52 892060 5326.5542
2019:05:06 14:26:52 897374 4903.3612
2019:05:06 14:26:52 902702 4096.3069
2019:05:06 14:26:52 909247 4507.5379
2019:05:06 14:26:52 914990 4509.9258
2019:05:06 14:26:52 920727 4510.1680
2019:05:06 14:26:52 926454 4083.6632
2019:05:06 14:26:52 932198 4922.6880
2019:05:06 14:26:52 938010 4591.7593
2019:05:06 14:26:52 943258 4113.8902
2019:05:06 14:26:52 948993 4108.3917
2019:05:06 14:26:52 954717 4101.9022
2019:05:06 14:26:52 961279 4915.1331
2019:05:06 14:26:52 967407 5316.6673
2019:05:06 14:26:52 973147 5318.7236
2019:05:06 14:26:52 978895 5333.8967
2019:05:06 14:26:52 985036 6066.8960
2019:05:06 14:26:52 990772 5342.0514
2019:05:06 14:26:52 996911 4923.3213
2019:05:06 14:26:53 2650 5251.6535
2019:05:06 14:26:53 8789 5331.7398
2019:05:06 14:26:53 14524 5333.8297
2019:05:06 14:26:53 20660 5314.7376
2019:05:06 14:26:53 26394 5309.6265
2019:05:06 14:26:53 32140 4921.9579
2019:05:06 14:26:53 37859 4900.0047
2019:05:06 14:26:53 44001 5313.0984
2019:05:06 14:26:53 49751 5244.6090
2019:05:06 14:26:53 55882 5315.4677
2019:05:06 14:26:53 61632 4921.5332
2019:05:06 14:26:53 67754 5303.2711
2019:05:06 14:26:53 73495 4909.3440
2019:05:06 14:26:53 79635 5305.9496
2019:05:06 14:26:53 85455 4984.2931
2019:05:06 14:26:53 91536 5326.3977
2019:05:06 14:26:53 97653 4499.6627
2019:05:06 14:26:53 103392 4490.3271
2019:05:06 14:26:53 108717 4091.9408
2019:05:06 14:26:53 114450 4102.0922
2019:05:06 14:26:53 120198 4108.5444
2019:05:06 14:26:53 125922 4097.3611
2019:05:06 14:26:53 132063 4100.5462
2019:05:06 14:26:53 137388 4901.5097
2019:05:06 14:26:53 143118 4917.1187
2019:05:06 14:26:53 149256 5311.5562
2019:05:06 14:26:53 154606 4501.8345
2019:05:06 14:26:53 161150 4919.0484
2019:05:06 14:26:53 166892 4521.6419
2019:05:06 14:26:53 172632 4919.8158
2019:05:06 14:26:53 178352 4486.0393
2019:05:06 14:26:53 182866 3263.1606
2019:05:06 14:26:53 190218 4488.6768
2019:05:06 14:26:53 195542 4481.1070
2019:05:06 14:26:53 200877 4096.3925
2019:05:06 14:26:53 207020 4104.7670
2019:05:06 14:26:53 213155 4502.2704
2019:05:06 14:26:53 218901 4926.9646
2019:05:06 14:26:53 224646 4937.8388
2019:05:06 14:26:53 230767 5316.7939
2019:05:06 14:26:53 236917 5735.7401
2019:05:06 14:26:53 242260 4942.8642
2019:05:06 14:26:53 247979 4918.7578
2019:05:06 14:26:53 254127 5333.4795
2019:05:06 14:26:53 259860 4927.8066
2019:05:06 14:26:53 265183 4517.5962
2019:05:06 14:26:53 271325 4917.9532
2019:05:06 14:26:53 276645 4504.8930
2019:05:06 14:26:53 282379 4912.9203
2019:05:06 14:26:53 288529 5328.1486
2019:05:06 14:26:53 294272 4524.4098
2019:05:06 14:26:53 300400 4506.3272
2019:05:06 14:26:53 306145 4909.3515
2019:05:06 14:26:53 311886 4916.3699
2019:05:06 14:26:53 317625 4522.7855
2019:05:06 14:26:53 323762 4914.5147
2019:05:06 14:26:53 329903 5320.3590
2019:05:06 14:26:53 335228 4512.2914
2019:05:06 14:26:53 341366 4911.2849
2019:05:06 14:26:53 347102 4908.6958
2019:05:06 14:26:53 352840 4913.0172
2019:05:06 14:26:53 358581 4520.5131
2019:05:06 14:26:53 364720 4919.0670
2019:05:06 14:26:53 370452 4906.5165
2019:05:06 14:26:53 376580 4903.9908
2019:05:06 14:26:53 382323 4490.1930
2019:05:06 14:26:53 387642 4081.8639
2019:05:06 14:26:53 393379 4081.2753
2019:05:06 14:26:53 399107 4407.0855
2019:05:06 14:26:53 404931 4181.7240
2019:05:06 14:26:53 411001 5321.6070
2019:05:06 14:26:53 416739 4937.3619
2019:05:06 14:26:53 422456 4915.9713
2019:05:06 14:26:53 428187 4911.3557
2019:05:06 14:26:53 433521 4501.3689
2019:05:06 14:26:53 439268 4933.6329
2019:05:06 14:26:53 445410 5731.1989
2019:05:06 14:26:53 451546 5336.0239
2019:05:06 14:26:53 457274 4924.8822
2019:05:06 14:26:53 463423 4931.9342
2019:05:06 14:26:53 469568 5332.9058
2019:05:06 14:26:53 475710 4510.9019
2019:05:06 14:26:53 481469 4545.1038
2019:05:06 14:26:53 488405 6134.3014
2019:05:06 14:26:53 493739 5319.0403
2019:05:06 14:26:53 499863 5710.0579
2019:05:06 14:26:53 504796 4515.7038
2019:05:06 14:26:53 510529 4096.0796
2019:05:06 14:26:53 517491 4925.2734
2019:05:06 14:26:53 522809 4911.5419
2019:05:06 14:26:53 528550 4512.6900
2019:05:06 14:26:53 534685 4910.7298
2019:05:06 14:26:53 540413 4509.0504
2019:05:06 14:26:53 546149 4506.1223
2019:05:06 14:26:53 551883 4896.2645
2019:05:06 14:26:53 558032 5730.6588
2019:05:06 14:26:53 563768 5329.6350
2019:05:06 14:26:53 569490 4897.9409
2019:05:06 14:26:53 575234 4516.1173
2019:05:06 14:26:53 580975 4505.0867
2019:05:06 14:26:53 586702 4492.9571
2019:05:06 14:26:53 592838 4892.9229
2019:05:06 14:26:53 598573 4490.7629
2019:05:06 14:26:53 603900 4092.5518
2019:05:06 14:26:53 609228 3658.6188
2019:05:06 14:26:53 615372 4086.3231
2019:05:06 14:26:53 621507 4499.8415
2019:05:06 14:26:53 626841 4097.4319
2019:05:06 14:26:53 632984 4104.6180
2019:05:06 14:26:53 638718 4104.4615
2019:05:06 14:26:53 644850 4493.9592
2019:05:06 14:26:53 650180 4494.5218
2019:05:06 14:26:53 655911 4490.2600
2019:05:06 14:26:53 662056 5316.4996
2019:05:06 14:26:53 667389 4904.3968
2019:05:06 14:26:53 672324 3712.1475
2019:05:06 14:26:53 678447 4912.3019
2019:05:06 14:26:53 684191 4922.5837
2019:05:06 14:26:53 689940 4538.1635
2019:05:06 14:26:53 695655 4920.3075
2019:05:06 14:26:53 702199 5318.9620
2019:05:06 14:26:53 707942 4927.4564
2019:05:06 14:26:53 713685 4930.3249
2019:05:06 14:26:53 719807 5319.2340
2019:05:06 14:26:53 725549 5317.6545
2019:05:06 14:26:53 731293 4917.1746
2019:05:06 14:26:53 737427 5310.5876
2019:05:06 14:26:53 743160 5305.6777
2019:05:06 14:26:53 748902 4917.1187
2019:05:06 14:26:53 754638 4917.7445
2019:05:06 14:26:53 760772 5317.7588
2019:05:06 14:26:53 766514 5321.7486
2019:05:06 14:26:53 772251 4919.8717
2019:05:06 14:26:53 777984 4914.9469
2019:05:06 14:26:53 783297 4492.5921
2019:05:06 14:26:53 789039 5317.5427
2019:05:06 14:26:53 794776 4921.4661
2019:05:06 14:26:53 800513 4925.0685
2019:05:06 14:26:53 805428 3697.8014
2019:05:06 14:26:53 811163 4922.3565
2019:05:06 14:26:53 816880 4916.4817
2019:05:06 14:26:53 823038 5320.8731
2019:05:06 14:26:53 828767 5718.7937
2019:05:06 14:26:53 834081 4904.2739
2019:05:06 14:26:53 839827 4516.0502
2019:05:06 14:26:53 845555 4419.9787
2019:05:06 14:26:53 851373 4180.4723
2019:05:06 14:26:53 857442 4109.0362
2019:05:06 14:26:53 863985 5317.2708
2019:05:06 14:26:53 869721 4917.7818
2019:05:06 14:26:53 875062 4524.0745
2019:05:06 14:26:53 880778 4096.7651
2019:05:06 14:26:53 886509 4499.3088
2019:05:06 14:26:53 891853 3704.3989
2019:05:06 14:26:53 898401 4509.0802
2019:05:06 14:26:53 904129 4506.2751
2019:05:06 14:26:53 909861 4102.6548
2019:05:06 14:26:53 916007 4510.7752
2019:05:06 14:26:53 921738 4095.4873
2019:05:06 14:26:53 927481 4429.0423
2019:05:06 14:26:53 933201 4092.7716
2019:05:06 14:26:53 939358 4516.3371
2019:05:06 14:26:53 945093 4507.5230
2019:05:06 14:26:53 950816 4099.9427
2019:05:06 14:26:53 956954 4495.4419
2019:05:06 14:26:53 962703 4513.4835
2019:05:06 14:26:53 968425 4099.5181
2019:05:06 14:26:53 974988 4915.6807
2019:05:06 14:26:53 980307 4101.1237
2019:05:06 14:26:53 986462 4516.7729
2019:05:06 14:26:53 992198 4110.3140
2019:05:06 14:26:53 997520 4094.4479
2019:05:06 14:26:54 4475 5318.3399
2019:05:06 14:26:54 10213 4927.0913
2019:05:06 14:26:54 16345 5724.2513
2019:05:06 14:26:54 22488 5733.0802
2019:05:06 14:26:54 28227 5320.4596
2019:05:06 14:26:54 33958 4902.4038
2019:05:06 14:26:54 39705 5315.9818
2019:05:06 14:26:54 45833 5312.9494
2019:05:06 14:26:54 51175 4920.1138
2019:05:06 14:26:54 56896 4904.5198
2019:05:06 14:26:54 62238 4512.2914
2019:05:06 14:26:54 67553 4104.9309
2019:05:06 14:26:54 72869 4504.8334
2019:05:06 14:26:54 78614 4511.6171
2019:05:06 14:26:54 84744 4909.2062
2019:05:06 14:26:54 90479 4916.4519
2019:05:06 14:26:54 96239 4939.7759
2019:05:06 14:26:54 102764 5317.0398
2019:05:06 14:26:54 108105 4836.2948
2019:05:06 14:26:54 113426 4914.8500
2019:05:06 14:26:54 119153 4509.1510
2019:05:06 14:26:54 125294 4903.5177
2019:05:06 14:26:54 131029 4502.1549
2019:05:06 14:26:54 136774 4105.4487
2019:05:06 14:26:54 143724 5325.8687
2019:05:06 14:26:54 149464 5321.6144
2019:05:06 14:26:54 155201 5320.7502
2019:05:06 14:26:54 161333 5726.0208
2019:05:06 14:26:54 167066 4907.8055
2019:05:06 14:26:54 172809 5731.8397
2019:05:06 14:26:54 178544 5330.7414
2019:05:06 14:26:54 184284 5331.4790
2019:05:06 14:26:54 191337 6236.0428
2019:05:06 14:26:54 197379 5317.2633
2019:05:06 14:26:54 203118 5324.8145
2019:05:06 14:26:54 208850 5225.7702
2019:05:06 14:26:54 214990 5320.1355
2019:05:06 14:26:54 220731 5325.1497
2019:05:06 14:26:54 226461 4908.4686
2019:05:06 14:26:54 232198 4919.9685
2019:05:06 14:26:54 238336 5318.6379
2019:05:06 14:26:54 244075 5326.5430
2019:05:06 14:26:54 249810 5312.6775
2019:05:06 14:26:54 255550 4919.8642
2019:05:06 14:26:54 261683 5326.3977
2019:05:06 14:26:54 267026 4919.1713
2019:05:06 14:26:54 272770 4938.0474
2019:05:06 14:26:54 278890 4917.0479
2019:05:06 14:26:54 284635 4520.8000
2019:05:06 14:26:54 290371 4924.4948
2019:05:06 14:26:54 296517 4934.4525
2019:05:06 14:26:54 302661 5339.1270
2019:05:06 14:26:54 308393 5333.7999
2019:05:06 14:26:54 314221 5006.3804
2019:05:06 14:26:54 320264 4914.9357
2019:05:06 14:26:54 326007 4922.1143
2019:05:06 14:26:54 331744 4935.3689
2019:05:06 14:26:54 337055 4509.6129
2019:05:06 14:26:54 343190 5308.6877
2019:05:06 14:26:54 349357 5321.8752
2019:05:06 14:26:54 355490 5725.5104
2019:05:06 14:26:54 360403 3683.4814
2019:05:06 14:26:54 366548 4080.9177
2019:05:06 14:26:54 372278 4080.5526
2019:05:06 14:26:54 378016 3683.3324
2019:05:06 14:26:54 383753 4104.3796
2019:05:06 14:26:54 388684 3295.4402
2019:05:06 14:26:54 396032 4501.4806
2019:05:06 14:26:54 401767 4504.2895
2019:05:06 14:26:54 407514 4510.0041
2019:05:06 14:26:54 413645 4902.5416
2019:05:06 14:26:54 419377 4809.9905
2019:05:06 14:26:54 425515 4899.4794
2019:05:06 14:26:54 430945 4592.5677
2019:05:06 14:26:54 437086 5011.1003
2019:05:06 14:26:54 443132 4917.0740
2019:05:06 14:26:54 448868 4921.0601
2019:05:06 14:26:54 454603 4911.2998
2019:05:06 14:26:54 460757 4934.5866
2019:05:06 14:26:54 466495 4931.0103
2019:05:06 14:26:54 472622 4920.5460
2019:05:06 14:26:54 478349 4908.2227
2019:05:06 14:26:54 484107 4526.9802
2019:05:06 14:26:54 490236 4918.0724
2019:05:06 14:26:54 496373 5317.4384
2019:05:06 14:26:54 502114 4921.8945
2019:05:06 14:26:54 507472 4543.2560
2019:05:06 14:26:54 514004 4934.5009
2019:05:06 14:26:54 519725 4815.0793
2019:05:06 14:26:54 525869 4922.0584
2019:05:06 14:26:54 531601 4914.5818
2019:05:06 14:26:54 537741 5306.7952
2019:05:06 14:26:54 543093 4528.9211
2019:05:06 14:26:54 549232 4527.4571
2019:05:06 14:26:54 555360 4917.9979
2019:05:06 14:26:54 561496 5318.9620
2019:05:06 14:26:54 566848 4532.1062
2019:05:06 14:26:54 572986 4831.2210
2019:05:06 14:26:54 579131 4527.5763
2019:05:06 14:26:54 585253 5318.4144
2019:05:06 14:26:54 590604 4531.7970
2019:05:06 14:26:54 597142 4926.3537
2019:05:06 14:26:54 602491 4129.7898
2019:05:06 14:26:54 609014 4920.4081
2019:05:06 14:26:54 614743 4911.5792
2019:05:06 14:26:54 620891 4921.1457
2019:05:06 14:26:54 626627 4919.4694
2019:05:06 14:26:54 632371 4924.8822
2019:05:06 14:26:54 638504 4919.9164
2019:05:06 14:26:54 643863 4542.5370
2019:05:06 14:26:54 650800 5338.0392
2019:05:06 14:26:54 656116 4917.5657
2019:05:06 14:26:54 661869 4531.4394
2019:05:06 14:26:54 668012 4935.6110
2019:05:06 14:26:54 674131 5318.2542
2019:05:06 14:26:54 679866 4915.4758
2019:05:06 14:26:54 686015 5227.9532
2019:05:06 14:26:54 691355 4421.2602
2019:05:06 14:26:54 697905 4932.5787
2019:05:06 14:26:54 703250 4539.8287
2019:05:06 14:26:54 709777 4926.4543
2019:05:06 14:26:54 715129 4541.2518
2019:05:06 14:26:54 721644 4917.3832
2019:05:06 14:26:54 727005 4540.2087
2019:05:06 14:26:54 733539 4934.8250
2019:05:06 14:26:54 739261 4508.8418
2019:05:06 14:26:54 745405 4925.0312
2019:05:06 14:26:54 751135 4913.8926
2019:05:06 14:26:54 757293 4932.5787
2019:05:06 14:26:54 762638 4539.0688
2019:05:06 14:26:54 769165 4925.5565
2019:05:06 14:26:54 774890 4912.5068
2019:05:06 14:26:54 781048 4931.8410
2019:05:06 14:26:54 786787 4931.7852
2019:05:06 14:26:54 792914 4919.7786
2019:05:06 14:26:54 798273 4540.4956
2019:05:06 14:26:54 804399 4832.5285
2019:05:06 14:26:54 810937 5223.3748
2019:05:06 14:26:54 817080 5325.4031
2019:05:06 14:26:54 822814 4919.4284
2019:05:06 14:26:54 828546 4914.6749
2019:05:06 14:26:54 834379 5009.1520
2019:05:06 14:26:54 840038 4527.5651
2019:05:06 14:26:54 846177 4525.2852
2019:05:06 14:26:54 852306 4918.9888
2019:05:06 14:26:54 858456 4923.1872
2019:05:06 14:26:54 864180 4918.4933
2019:05:06 14:26:54 869934 4529.8785
2019:05:06 14:26:54 876473 5327.2657
2019:05:06 14:26:54 882618 5335.1335
2019:05:06 14:26:54 887949 4924.7667
2019:05:06 14:26:54 894079 4915.8782
2019:05:06 14:26:54 899817 4918.5306
2019:05:06 14:26:54 905961 4922.2410
2019:05:06 14:26:54 911318 4537.3216
2019:05:06 14:26:54 917839 4922.8482
2019:05:06 14:26:54 923568 4913.9895
2019:05:06 14:26:54 929717 4925.6533
2019:05:06 14:26:54 935055 4522.9010
2019:05:06 14:26:54 941606 4933.2231
2019:05:06 14:26:54 947325 4915.0176
2019:05:06 14:26:54 953476 4926.5511
2019:05:06 14:26:54 959221 4932.4855
2019:05:06 14:26:54 964954 4524.2384
2019:05:06 14:26:54 971085 4918.2326
2019:05:06 14:26:54 977221 5318.0307
2019:05:06 14:26:54 982960 4918.8435
2019:05:06 14:26:54 989106 4923.7087
2019:05:06 14:26:54 994447 4524.0968
2019:05:06 14:26:55 984 4921.1271
2019:05:06 14:26:55 6715 4913.9708
2019:05:06 14:26:55 12859 4919.1676
2019:05:06 14:26:55 18594 4914.8984
2019:05:06 14:26:55 24740 4922.5502
2019:05:06 14:26:55 30471 4914.3359
2019:05:06 14:26:55 36618 4922.9935
2019:05:06 14:26:55 42346 4912.4546
2019:05:06 14:26:55 48507 5240.6639
2019:05:06 14:26:55 54226 4914.8202
2019:05:06 14:26:55 60386 4935.2087
2019:05:06 14:26:55 66509 5319.5581
2019:05:06 14:26:55 71938 4609.5476
2019:05:06 14:26:55 77986 4918.4635
2019:05:06 14:26:55 84129 4922.4198
2019:05:06 14:26:55 89862 4915.7627
2019:05:06 14:26:55 96018 4932.8916
2019:05:06 14:26:55 101742 4919.4768
2019:05:06 14:26:55 107885 4924.2787
2019:05:06 14:26:55 113620 4818.0260
2019:05:06 14:26:55 119775 4934.5531
2019:05:06 14:26:55 125495 4916.0086
2019:05:06 14:26:55 131637 4918.6349
2019:05:06 14:26:55 137375 4918.3480
2019:05:06 14:26:55 143519 4922.2149
2019:05:06 14:26:55 148880 4541.8516
2019:05:06 14:26:55 155396 4922.2745
2019:05:06 14:26:55 161125 4914.0565
2019:05:06 14:26:55 167287 4937.3321
2019:05:06 14:26:55 173008 4917.7036
2019:05:06 14:26:55 179149 4919.2794
2019:05:06 14:26:55 184500 4932.4408
2019:05:06 14:26:55 190637 4926.2717
2019:05:06 14:26:55 196380 4536.9752
2019:05:06 14:26:55 202522 5757.3952
2019:05:06 14:26:55 207839 5297.7949
2019:05:06 14:26:55 213976 5724.4003
2019:05:06 14:26:55 218893 3694.0128
2019:05:06 14:26:55 225031 4076.4511
2019:05:06 14:26:55 230766 4077.6692
2019:05:06 14:26:55 235779 3370.4340
2019:05:06 14:26:55 242221 4091.5385
2019:05:06 14:26:55 247170 3299.9180
2019:05:06 14:26:55 254099 4492.5064
2019:05:06 14:26:55 259833 4084.9298
2019:05:06 14:26:55 265984 4510.5703
2019:05:06 14:26:55 272127 4921.7455
2019:05:06 14:26:55 277489 4546.6162
2019:05:06 14:26:55 284017 4934.7579
2019:05:06 14:26:55 289738 4916.9138
2019:05:06 14:26:55 295896 4916.4556
2019:05:06 14:26:55 301610 4910.5547
2019:05:06 14:26:55 307764 4925.3441
2019:05:06 14:26:55 313514 4937.1198
2019:05:06 14:26:55 319245 4525.8999
2019:05:06 14:26:55 325374 4919.1266
2019:05:06 14:26:55 331509 5318.7907
2019:05:06 14:26:55 336854 4523.5790
2019:05:06 14:26:55 343393 5222.8943
2019:05:06 14:26:55 349144 4928.2499
2019:05:06 14:26:55 355266 4916.2135
2019:05:06 14:26:55 361003 4914.6190
2019:05:06 14:26:55 367146 4917.9271
2019:05:06 14:26:55 372884 4918.3741
2019:05:06 14:26:55 379027 4920.6465
2019:05:06 14:26:55 384759 4912.0933
2019:05:06 14:26:55 390905 4921.9318
2019:05:06 14:26:55 396639 4919.0968
2019:05:06 14:26:55 402783 4924.2936
2019:05:06 14:26:55 408516 4917.2342
2019:05:06 14:26:55 414667 4926.2419
2019:05:06 14:26:55 420392 4915.0623
2019:05:06 14:26:55 426536 4917.5173
2019:05:06 14:26:55 432272 4916.8169
2019:05:06 14:26:55 438414 4917.7743
2019:05:06 14:26:55 444151 4918.8510
2019:05:06 14:26:55 450288 5319.1632
2019:05:06 14:26:55 455635 4528.4666
2019:05:06 14:26:55 462173 5223.3711
2019:05:06 14:26:55 467510 4521.2917
2019:05:06 14:26:55 474061 4932.2620
2019:05:06 14:26:55 479783 4508.2942
2019:05:06 14:26:55 485542 5338.2777
2019:05:06 14:26:55 492075 5734.7566
2019:05:06 14:26:55 497817 5325.0939
2019:05:06 14:26:55 503543 5325.9209
2019:05:06 14:26:55 509678 5326.0550
2019:05:06 14:26:55 515415 5320.8061
2019:05:06 14:26:55 521150 4512.5745
2019:05:06 14:26:55 526882 5297.0126
2019:05:06 14:26:55 533045 5334.4443
2019:05:06 14:26:55 538762 5313.2251
2019:05:06 14:26:55 544501 5319.0030
2019:05:06 14:26:55 550236 4927.6724
2019:05:06 14:26:55 556375 5309.6339
2019:05:06 14:26:55 562519 5313.0947
2019:05:06 14:26:55 568260 4520.6882
2019:05:06 14:26:55 574396 5307.2125
2019:05:06 14:26:55 579827 4601.5494
2019:05:06 14:26:55 586270 5301.7996
2019:05:06 14:26:55 592023 4919.6146
2019:05:06 14:26:55 598158 5310.9117
2019:05:06 14:26:55 604291 4908.5319
2019:05:06 14:26:55 610437 4916.4258
2019:05:06 14:26:55 616182 4514.7277
2019:05:06 14:26:55 621909 4492.5250
2019:05:06 14:26:55 628055 4902.2920
2019:05:06 14:26:55 633787 4804.5702
2019:05:06 14:26:55 639515 4485.9163
2019:05:06 14:26:55 645358 4590.0196
2019:05:06 14:26:55 651403 4897.1921
2019:05:06 14:26:55 657142 4501.5439
2019:05:06 14:26:55 662463 4083.1491
2019:05:06 14:26:55 667786 3660.0418
2019:05:06 14:26:55 673920 3980.3162
2019:05:06 14:26:55 680073 4078.9470
2019:05:06 14:26:55 685398 3670.2715
2019:05:06 14:26:55 691555 3696.7807
2019:05:06 14:26:55 697682 4492.3164
2019:05:06 14:26:55 703433 4110.3996
2019:05:06 14:26:55 709563 4822.8614
2019:05:06 14:26:55 714878 4090.8083
2019:05:06 14:26:55 720618 5325.9991
2019:05:06 14:26:55 726769 4519.5408
2019:05:06 14:26:55 732495 4504.8073
2019:05:06 14:26:55 738242 4913.2518
2019:05:06 14:26:55 743982 4910.3722
2019:05:06 14:26:55 749712 4511.1217
2019:05:06 14:26:55 755455 4508.7300
2019:05:06 14:26:55 761989 4887.1823
2019:05:06 14:26:55 768137 5316.9206
2019:05:06 14:26:55 773466 4502.5311
2019:05:06 14:26:55 779193 4495.3935
2019:05:06 14:26:55 784626 4097.5735
2019:05:06 14:26:55 789438 4100.2706
2019:05:06 14:26:55 792813 2948.0308
2019:05:06 14:26:55 796800 2862.9377
2019:05:06 14:26:55 799290 2473.4177
2019:05:06 14:26:55 802570 2903.1783
2019:05:06 14:26:55 805847 2903.7558
2019:05:06 14:26:55 809123 2902.8840
2019:05:06 14:26:55 812373 3181.2973
2019:05:06 14:26:55 815639 2872.4223
2019:05:06 14:26:55 818918 2872.5713
