
# OSU MPI Allreduce Latency Test v5.6.1
# Size       Avg Latency(us)
16384                4858.53
2019:05:06 14:26:44 83598 4914.5035
2019:05:06 14:26:44 89738 4921.6971
2019:05:06 14:26:44 96290 4920.7360
2019:05:06 14:26:44 101205 4098.2552
2019:05:06 14:26:44 108166 4915.8558
2019:05:06 14:26:44 113493 4508.3463
2019:05:06 14:26:44 119225 4915.3157
2019:05:06 14:26:44 125370 4917.2156
2019:05:06 14:26:44 131105 4510.0190
2019:05:06 14:26:44 137244 4920.9818
2019:05:06 14:26:44 143799 4916.4258
2019:05:06 14:26:44 149536 4508.1787
2019:05:06 14:26:44 155267 4912.3839
2019:05:06 14:26:44 161414 4921.6859
2019:05:06 14:26:44 167557 4916.2582
2019:05:06 14:26:44 173704 4920.4677
2019:05:06 14:26:44 179431 4913.1066
2019:05:06 14:26:44 185169 4506.3347
2019:05:06 14:26:44 190907 4519.4477
2019:05:06 14:26:44 196230 4101.9693
2019:05:06 14:26:44 202371 4915.9899
2019:05:06 14:26:44 208520 4924.3085
2019:05:06 14:26:44 214245 4505.7423
2019:05:06 14:26:44 219986 4510.0525
2019:05:06 14:26:44 226127 4507.4597
2019:05:06 14:26:44 232268 4917.2640
2019:05:06 14:26:44 238009 4511.6395
2019:05:06 14:26:44 243742 4510.2946
2019:05:06 14:26:44 249885 4509.8141
2019:05:06 14:26:44 256028 4922.1627
2019:05:06 14:26:44 262165 5321.1600
2019:05:06 14:26:44 267927 4940.4800
2019:05:06 14:26:44 273233 4509.0653
2019:05:06 14:26:44 279775 4910.1748
2019:05:06 14:26:44 285521 4919.0260
2019:05:06 14:26:44 291661 4922.6210
2019:05:06 14:26:44 297400 4514.1876
2019:05:06 14:26:44 303130 4505.9733
2019:05:06 14:26:44 309678 4914.3061
2019:05:06 14:26:44 315414 4098.2515
2019:05:06 14:26:44 322378 4917.1746
2019:05:06 14:26:44 328522 4490.6065
2019:05:06 14:26:44 334254 4499.6776
2019:05:06 14:26:44 340396 4919.4545
2019:05:06 14:26:44 345729 4911.1247
2019:05:06 14:26:44 351467 4521.7089
2019:05:06 14:26:44 357605 4510.8981
2019:05:06 14:26:44 363748 4919.0968
2019:05:06 14:26:44 369084 4922.2670
2019:05:06 14:26:44 376442 5312.1895
2019:05:06 14:26:44 382583 5721.0885
2019:05:06 14:26:44 388322 5302.7570
2019:05:06 14:26:44 394473 5738.6197
2019:05:06 14:26:44 400610 5325.3546
2019:05:06 14:26:44 406342 4914.4253
2019:05:06 14:26:44 412077 4919.1043
2019:05:06 14:26:44 417400 4510.0115
2019:05:06 14:26:44 423551 4917.2193
2019:05:06 14:26:44 430105 5737.8449
2019:05:06 14:26:44 436254 5748.1006
2019:05:06 14:26:44 441977 5717.9593
2019:05:06 14:26:44 447709 4503.1942
2019:05:06 14:26:44 454674 5319.7443
2019:05:06 14:26:44 460073 4173.6700
2019:05:06 14:26:44 466958 5317.2000
2019:05:06 14:26:44 473518 5738.9624
2019:05:06 14:26:44 479669 5321.6480
2019:05:06 14:26:44 485826 5344.4542
2019:05:06 14:26:44 492838 5393.4306
2019:05:06 14:26:44 498498 5320.2808
2019:05:06 14:26:44 504652 5738.7576
2019:05:06 14:26:44 510375 5323.3504
2019:05:06 14:26:44 515694 4500.6238
2019:05:06 14:26:44 522268 5341.0456
2019:05:06 14:26:44 527993 4920.8738
2019:05:06 14:26:44 534133 5736.8763
2019:05:06 14:26:44 540692 6153.0508
2019:05:06 14:26:44 546424 5334.0383
2019:05:06 14:26:44 552164 5336.2176
2019:05:06 14:26:44 558372 4582.3194
2019:05:06 14:26:44 564441 5322.5942
2019:05:06 14:26:44 570171 4911.0912
2019:05:06 14:26:44 575911 4921.1010
2019:05:06 14:26:44 582051 5322.3334
2019:05:06 14:26:44 587785 4913.2779
2019:05:06 14:26:44 593518 4508.2979
2019:05:06 14:26:44 599255 4918.5567
2019:05:06 14:26:44 605396 5322.2366
2019:05:06 14:26:44 611131 4913.8702
2019:05:06 14:26:44 617760 5810.9388
2019:05:06 14:26:44 623856 5342.4202
2019:05:06 14:26:44 629563 4506.7817
2019:05:06 14:26:44 635720 4921.9802
2019:05:06 14:26:44 643494 5738.3664
2019:05:06 14:26:44 649228 5330.9798
2019:05:06 14:26:44 654957 4911.4116
2019:05:06 14:26:44 661515 4922.2112
2019:05:06 14:26:44 666832 4908.5394
2019:05:06 14:26:44 672567 4908.7405
2019:05:06 14:26:44 679132 5742.4232
2019:05:06 14:26:44 685274 5335.3831
2019:05:06 14:26:44 691012 4929.7512
2019:05:06 14:26:44 697958 5734.5964
2019:05:06 14:26:44 704930 4918.1022
2019:05:06 14:26:44 710665 4911.4414
2019:05:06 14:26:44 715990 4103.2247
2019:05:06 14:26:44 722537 5320.5974
2019:05:06 14:26:44 729091 6141.0032
2019:05:06 14:26:44 734824 4912.2721
2019:05:06 14:26:44 741378 5738.5229
2019:05:06 14:26:44 747529 5328.6552
2019:05:06 14:26:44 754072 5321.8789
2019:05:06 14:26:44 759071 4159.8044
2019:05:06 14:26:44 765547 4916.0793
2019:05:06 14:26:44 771353 4579.5888
2019:05:06 14:26:44 777436 4520.4833
2019:05:06 14:26:44 783156 4495.5686
2019:05:06 14:26:44 788888 4499.1262
2019:05:06 14:26:44 795448 4912.3801
2019:05:06 14:26:44 801594 5328.9235
2019:05:06 14:26:44 808154 5737.8933
2019:05:06 14:26:44 814291 5745.6829
2019:05:06 14:26:44 820021 4917.3348
2019:05:06 14:26:44 825753 4909.3775
2019:05:06 14:26:44 832309 5322.2105
2019:05:06 14:26:44 837633 4514.4707
2019:05:06 14:26:44 844186 5324.1737
2019:05:06 14:26:44 849921 4846.3419
2019:05:06 14:26:44 856063 4917.1373
2019:05:06 14:26:44 862619 5742.9262
2019:05:06 14:26:44 868355 5320.1616
2019:05:06 14:26:44 874494 5324.1737
2019:05:06 14:26:44 880638 5729.4071
2019:05:06 14:26:44 886366 5312.1001
2019:05:06 14:26:44 892517 5728.0809
2019:05:06 14:26:44 898662 5735.3675
2019:05:06 14:26:44 904800 5733.9929
2019:05:06 14:26:44 910944 4911.1247
2019:05:06 14:26:44 916280 4519.1273
2019:05:06 14:26:44 922417 5324.3600
2019:05:06 14:26:44 928560 4918.7355
2019:05:06 14:26:44 933886 4912.4248
2019:05:06 14:26:44 939617 4914.2875
2019:05:06 14:26:44 945760 5319.6661
2019:05:06 14:26:44 952733 6149.7539
2019:05:06 14:26:44 958462 5725.0522
2019:05:06 14:26:44 964614 5752.0941
2019:05:06 14:26:44 970338 5331.2108
2019:05:06 14:26:44 977304 6149.0349
2019:05:06 14:26:44 983040 5332.8611
2019:05:06 14:26:44 988765 4506.1894
2019:05:06 14:26:44 994580 4587.1921
2019:05:06 14:26:45 731 5005.6018
2019:05:06 14:26:45 6797 4927.3521
2019:05:06 14:26:45 12935 4916.9622
2019:05:06 14:26:45 19082 4924.0254
2019:05:06 14:26:45 25226 5746.3162
2019:05:06 14:26:45 31366 6134.6702
2019:05:06 14:26:45 37514 5328.4355
2019:05:06 14:26:45 43250 4514.8544
2019:05:06 14:26:45 48985 4929.4494
2019:05:06 14:26:45 54715 4925.7837
2019:05:06 14:26:45 61672 6150.1153
2019:05:06 14:26:45 67406 4922.4012
2019:05:06 14:26:45 73557 4919.9685
2019:05:06 14:26:45 78466 3690.9580
2019:05:06 14:26:45 84202 4501.0671
2019:05:06 14:26:45 89941 4104.9533
2019:05:06 14:26:45 96079 4511.4346
2019:05:06 14:26:45 102636 4914.1385
2019:05:06 14:26:45 108772 4507.1878
2019:05:06 14:26:45 114921 4914.8872
2019:05:06 14:26:45 120240 4906.5948
2019:05:06 14:26:45 127207 4912.1268
2019:05:06 14:26:45 133365 5340.3638
2019:05:06 14:26:45 139901 5735.3340
2019:05:06 14:26:45 145639 5308.6989
2019:05:06 14:26:45 152608 5330.3912
2019:05:06 14:26:45 159158 5735.2968
2019:05:06 14:26:45 165716 5339.6747
2019:05:06 14:26:45 171443 5329.1395
2019:05:06 14:26:45 177595 4928.3206
2019:05:06 14:26:45 184140 5249.9734
2019:05:06 14:26:45 189874 4919.1788
2019:05:06 14:26:45 196028 5747.0426
2019:05:06 14:26:45 202570 6137.7548
2019:05:06 14:26:45 208716 5732.4097
2019:05:06 14:26:45 214453 5329.5754
2019:05:06 14:26:45 221421 5336.3703
2019:05:06 14:26:45 227973 6153.8592
2019:05:06 14:26:45 234109 5323.4622
2019:05:06 14:26:45 240662 5323.1679
2019:05:06 14:26:45 246827 5348.2205
2019:05:06 14:26:45 253769 3685.0199
2019:05:06 14:26:45 260729 4504.7030
2019:05:06 14:26:45 265231 3270.9204
2019:05:06 14:26:45 271787 3681.3729
2019:05:06 14:26:45 278336 4919.4098
2019:05:06 14:26:45 284074 4842.0466
2019:05:06 14:26:45 289805 4508.8679
2019:05:06 14:26:45 295539 4914.9133
2019:05:06 14:26:45 301685 5325.6489
2019:05:06 14:26:45 307421 5329.2736
2019:05:06 14:26:45 313151 4504.9861
2019:05:06 14:26:45 319299 5322.8661
2019:05:06 14:26:45 325030 5322.4489
2019:05:06 14:26:45 330765 4912.5366
2019:05:06 14:26:45 336501 4917.6589
2019:05:06 14:26:45 342643 5326.3754
2019:05:06 14:26:45 348791 4918.3071
2019:05:06 14:26:45 354522 4508.3985
2019:05:06 14:26:45 360666 4916.8877
2019:05:06 14:26:45 366807 4914.5482
2019:05:06 14:26:45 372543 4916.3103
2019:05:06 14:26:45 378688 4920.4230
2019:05:06 14:26:45 384425 4918.8435
2019:05:06 14:26:45 390566 4914.3098
2019:05:06 14:26:45 395481 4097.0258
2019:05:06 14:26:45 401621 4505.1537
2019:05:06 14:26:45 408174 5322.6128
2019:05:06 14:26:45 413908 4915.9043
2019:05:06 14:26:45 419646 4914.7978
2019:05:06 14:26:45 425382 4842.2664
2019:05:06 14:26:45 431523 4917.4875
2019:05:06 14:26:45 437255 4505.2767
2019:05:06 14:26:45 443393 4904.8550
2019:05:06 14:26:45 449141 4514.6570
2019:05:06 14:26:45 454875 4517.9054
2019:05:06 14:26:45 461422 4917.3683
2019:05:06 14:26:45 467156 5322.6613
2019:05:06 14:26:45 472890 4919.0745
2019:05:06 14:26:45 478626 4911.7208
2019:05:06 14:26:45 484775 5329.3072
2019:05:06 14:26:45 491321 6146.7402
2019:05:06 14:26:45 497055 5321.6629
2019:05:06 14:26:45 502789 5319.6214
2019:05:06 14:26:45 508524 4915.3939
2019:05:06 14:26:45 514745 5810.5700
2019:05:06 14:26:45 520814 5327.9847
2019:05:06 14:26:45 526550 5331.6094
2019:05:06 14:26:45 532281 4919.5699
2019:05:06 14:26:45 538846 5339.6188
2019:05:06 14:26:45 545391 5743.5669
2019:05:06 14:26:45 551128 4923.5262
2019:05:06 14:26:45 557268 4916.7722
2019:05:06 14:26:45 563001 4512.5932
2019:05:06 14:26:45 569550 5312.6402
2019:05:06 14:26:45 575303 4515.4952
2019:05:06 14:26:45 582255 5731.3368
2019:05:06 14:26:45 588401 5728.2858
2019:05:06 14:26:45 594622 5822.3605
2019:05:06 14:26:45 600688 5735.6320
2019:05:06 14:26:45 606843 5755.4990
2019:05:06 14:26:45 612576 5344.8826
2019:05:06 14:26:45 619937 4920.4081
2019:05:06 14:26:45 626079 4925.9365
2019:05:06 14:26:45 632222 4920.1213
2019:05:06 14:26:45 637548 4514.2137
2019:05:06 14:26:45 644097 4916.8728
2019:05:06 14:26:45 650241 5325.1572
2019:05:06 14:26:45 655982 4927.4936
2019:05:06 14:26:45 662528 4917.2454
2019:05:06 14:26:45 668663 5321.1525
2019:05:06 14:26:45 674000 4919.0111
2019:05:06 14:26:45 680137 4915.3902
2019:05:06 14:26:45 685883 4929.7363
2019:05:06 14:26:45 691611 4919.3464
2019:05:06 14:26:45 697341 4505.3810
2019:05:06 14:26:45 703482 4502.7584
2019:05:06 14:26:45 709630 5316.5555
2019:05:06 14:26:45 715368 5325.5595
2019:05:06 14:26:45 721102 4921.9131
2019:05:06 14:26:45 727243 5329.2178
2019:05:06 14:26:45 732577 4928.9875
2019:05:06 14:26:45 739536 5326.1183
2019:05:06 14:26:45 745675 5323.2573
2019:05:06 14:26:45 751825 5335.7594
2019:05:06 14:26:45 757960 5661.6925
2019:05:06 14:26:45 764515 6074.2460
2019:05:06 14:26:45 770259 5334.7498
2019:05:06 14:26:45 776394 5332.0192
2019:05:06 14:26:45 782538 5330.7638
2019:05:06 14:26:45 789094 6151.1137
2019:05:06 14:26:45 794828 5333.1554
2019:05:06 14:26:45 801797 6561.3911
2019:05:06 14:26:45 807522 4906.6693
2019:05:06 14:26:45 813256 4508.7077
2019:05:06 14:26:45 819816 4512.8651
2019:05:06 14:26:45 826775 5333.8222
2019:05:06 14:26:45 833324 5736.0120
2019:05:06 14:26:45 839066 5333.1591
2019:05:06 14:26:45 845617 5253.9930
2019:05:06 14:26:45 851757 5323.6037
2019:05:06 14:26:45 857897 5325.8874
2019:05:06 14:26:45 863634 5312.2491
2019:05:06 14:26:45 868957 4504.1032
2019:05:06 14:26:45 875508 5325.2615
2019:05:06 14:26:45 880832 4902.5081
2019:05:06 14:26:45 886981 4916.8691
2019:05:06 14:26:45 892303 4836.3321
2019:05:06 14:26:45 898853 5247.6600
2019:05:06 14:26:45 904178 4427.7385
2019:05:06 14:26:45 910339 4924.9120
2019:05:06 14:26:45 915651 4510.4474
2019:05:06 14:26:45 922203 4917.3087
2019:05:06 14:26:45 927525 4502.1325
2019:05:06 14:26:45 933259 4505.8578
2019:05:06 14:26:45 939405 4512.2504
2019:05:06 14:26:45 945549 4914.1794
2019:05:06 14:26:45 950873 4500.0091
2019:05:06 14:26:45 957014 4919.0372
2019:05:06 14:26:45 962749 4505.4778
2019:05:06 14:26:45 968484 4503.4178
2019:05:06 14:26:45 974626 4919.6780
2019:05:06 14:26:45 980775 5328.6776
2019:05:06 14:26:45 986091 4497.6622
2019:05:06 14:26:45 992654 5331.6914
2019:05:06 14:26:45 998804 5743.3695
2019:05:06 14:26:46 4533 4925.4224
2019:05:06 14:26:46 11086 6150.6853
2019:05:06 14:26:46 16427 4942.3575
2019:05:06 14:26:46 22557 4901.8823
2019:05:06 14:26:46 28289 4507.4485
2019:05:06 14:26:46 34029 4512.1722
2019:05:06 14:26:46 39754 4098.2440
2019:05:06 14:26:46 45490 4106.1081
2019:05:06 14:26:46 51644 4929.2520
2019:05:06 14:26:46 57374 4111.2117
2019:05:06 14:26:46 63917 4499.9979
2019:05:06 14:26:46 69658 4516.3743
2019:05:06 14:26:46 75391 4101.3397
2019:05:06 14:26:46 81536 4511.7848
2019:05:06 14:26:46 87264 4509.4565
2019:05:06 14:26:46 93000 4095.1706
2019:05:06 14:26:46 99965 5331.4492
2019:05:06 14:26:46 106131 5759.6751
2019:05:06 14:26:46 112654 4499.4876
2019:05:06 14:26:46 119625 4922.3788
2019:05:06 14:26:46 125360 5328.8564
2019:05:06 14:26:46 131093 4915.8521
2019:05:06 14:26:46 138055 4911.2178
2019:05:06 14:26:46 143784 4909.4260
2019:05:06 14:26:46 149937 4917.8079
2019:05:06 14:26:46 155662 4506.3272
2019:05:06 14:26:46 160993 4097.8529
2019:05:06 14:26:46 167135 4916.7760
2019:05:06 14:26:46 173275 5319.0589
2019:05:06 14:26:46 179011 5302.3025
2019:05:06 14:26:46 184410 4581.2838
2019:05:06 14:26:46 190892 5333.6583
2019:05:06 14:26:46 196625 5325.0454
2019:05:06 14:26:46 202359 4918.1841
2019:05:06 14:26:46 208504 5335.1261
2019:05:06 14:26:46 214244 5260.6687
2019:05:06 14:26:46 220790 5736.2095
2019:05:06 14:26:46 226527 4917.2789
2019:05:06 14:26:46 233486 5740.3184
2019:05:06 14:26:46 239224 4899.7439
2019:05:06 14:26:46 245781 4921.9765
2019:05:06 14:26:46 251918 4909.8432
2019:05:06 14:26:46 258479 5734.3505
2019:05:06 14:26:46 264213 5313.6200
2019:05:06 14:26:46 270358 5741.7192
2019:05:06 14:26:46 276087 4922.8035
2019:05:06 14:26:46 281832 4932.8320
2019:05:06 14:26:46 287552 5316.4661
2019:05:06 14:26:46 293280 4492.7485
2019:05:06 14:26:46 299023 4506.8115
2019:05:06 14:26:46 305993 5737.2004
2019:05:06 14:26:46 311709 5310.2970
2019:05:06 14:26:46 317460 4919.6407
2019:05:06 14:26:46 324432 5746.5881
2019:05:06 14:26:46 330574 5752.3064
2019:05:06 14:26:46 336701 4912.7787
2019:05:06 14:26:46 342861 5336.4262
2019:05:06 14:26:46 348997 5743.9096
2019:05:06 14:26:46 355135 5327.6867
2019:05:06 14:26:46 361282 5738.8730
2019:05:06 14:26:46 367429 5339.2984
2019:05:06 14:26:46 373565 4917.9383
2019:05:06 14:26:46 378973 4592.5789
2019:05:06 14:26:46 385437 4910.6404
2019:05:06 14:26:46 391254 4995.1747
2019:05:06 14:26:46 397319 5307.2982
2019:05:06 14:26:46 403055 4916.6754
2019:05:06 14:26:46 408802 4936.3226
2019:05:06 14:26:46 414525 4909.6644
2019:05:06 14:26:46 420663 4911.9294
2019:05:06 14:26:46 426404 4918.3182
2019:05:06 14:26:46 432541 5322.2142
2019:05:06 14:26:46 438281 5319.1744
2019:05:06 14:26:46 444432 4923.4740
2019:05:06 14:26:46 450579 5338.2218
2019:05:06 14:26:46 456318 4935.0858
2019:05:06 14:26:46 462043 4929.0881
2019:05:06 14:26:46 468180 5324.8629
2019:05:06 14:26:46 473911 4509.4304
2019:05:06 14:26:46 480463 5316.5853
2019:05:06 14:26:46 486195 5316.4214
2019:05:06 14:26:46 491927 4907.8800
2019:05:06 14:26:46 497739 4584.7856
2019:05:06 14:26:46 503811 4914.1236
2019:05:06 14:26:46 510365 4914.8761
2019:05:06 14:26:46 516099 5323.3281
2019:05:06 14:26:46 521419 4097.4356
2019:05:06 14:26:46 527153 4898.8685
2019:05:06 14:26:46 533709 5726.2518
2019:05:06 14:26:46 539028 4899.3155
2019:05:06 14:26:46 545168 4909.2509
2019:05:06 14:26:46 550985 4993.7665
2019:05:06 14:26:46 556643 4907.9582
2019:05:06 14:26:46 562377 4495.1215
2019:05:06 14:26:46 568938 5336.0835
2019:05:06 14:26:46 575080 5325.3025
2019:05:06 14:26:46 580816 5328.9942
2019:05:06 14:26:46 586555 4924.1781
2019:05:06 14:26:46 593104 6154.7793
2019:05:06 14:26:46 598835 5329.0054
2019:05:06 14:26:46 604166 4924.0589
2019:05:06 14:26:46 610719 5336.8509
2019:05:06 14:26:46 617257 5732.7226
2019:05:06 14:26:46 623405 5302.7496
2019:05:06 14:26:46 628733 4499.6105
2019:05:06 14:26:46 635296 5742.2854
2019:05:06 14:26:46 642274 6176.5984
2019:05:06 14:26:46 647979 5696.6096
2019:05:06 14:26:46 654128 4908.3419
2019:05:06 14:26:46 659456 4504.7998
2019:05:06 14:26:46 666422 5340.6321
2019:05:06 14:26:46 672972 5743.2838
2019:05:06 14:26:46 678704 4919.1788
2019:05:06 14:26:46 684843 5320.7763
2019:05:06 14:26:46 691407 6146.1106
2019:05:06 14:26:46 697545 5742.3264
2019:05:06 14:26:46 703275 5327.1875
2019:05:06 14:26:46 709010 4917.6998
2019:05:06 14:26:46 715160 5331.2741
2019:05:06 14:26:46 721702 4905.2648
2019:05:06 14:26:46 727446 4514.4036
2019:05:06 14:26:46 733588 4510.0935
2019:05:06 14:26:46 739727 4915.3231
2019:05:06 14:26:46 746281 5326.8485
2019:05:06 14:26:46 752013 4909.1615
2019:05:06 14:26:46 758158 5326.8746
2019:05:06 14:26:46 763893 5329.7542
2019:05:06 14:26:46 769625 5250.3534
2019:05:06 14:26:46 775779 5335.1000
2019:05:06 14:26:46 781508 5331.7584
2019:05:06 14:26:46 787239 4914.6935
2019:05:06 14:26:46 792973 4919.0819
2019:05:06 14:26:46 799117 5324.9151
2019:05:06 14:26:46 804859 4928.5591
2019:05:06 14:26:46 810584 4915.3082
2019:05:06 14:26:46 816730 5322.7134
2019:05:06 14:26:46 822471 4857.1900
2019:05:06 14:26:46 828194 4496.0342
2019:05:06 14:26:46 833932 4914.4104
2019:05:06 14:26:46 840076 5322.4154
2019:05:06 14:26:46 845820 4512.6379
2019:05:06 14:26:46 851956 4510.6485
2019:05:06 14:26:46 858098 4513.6623
2019:05:06 14:26:46 863830 4505.1798
2019:05:06 14:26:46 869567 4096.0759
2019:05:06 14:26:46 875706 4511.2781
2019:05:06 14:26:46 881865 4926.4953
2019:05:06 14:26:46 887178 4097.2903
2019:05:06 14:26:46 893740 4923.8242
2019:05:06 14:26:46 899472 4513.0812
2019:05:06 14:26:46 905202 4513.0402
2019:05:06 14:26:46 911349 4511.1142
2019:05:06 14:26:46 917489 4918.8174
2019:05:06 14:26:46 923224 4508.5289
2019:05:06 14:26:46 929372 4518.6765
2019:05:06 14:26:46 935100 4513.4649
2019:05:06 14:26:46 940837 4515.2418
2019:05:06 14:26:46 946571 4104.5770
2019:05:06 14:26:46 952787 4579.8421
2019:05:06 14:26:46 959263 4920.5720
2019:05:06 14:26:46 965822 5335.6476
2019:05:06 14:26:46 971547 4906.1738
2019:05:06 14:26:46 976881 4517.4100
2019:05:06 14:26:46 984252 5311.2917
2019:05:06 14:26:46 990393 5330.4657
2019:05:06 14:26:46 996119 5299.6054
2019:05:06 14:26:47 1863 4917.9494
2019:05:06 14:26:47 7600 4914.7643
2019:05:06 14:26:47 13337 4922.8705
2019:05:06 14:26:47 19889 5729.2320
2019:05:06 14:26:47 26032 5724.1656
2019:05:06 14:26:47 32172 5322.1919
2019:05:06 14:26:47 38309 5316.5518
2019:05:06 14:26:47 44466 4921.4698
2019:05:06 14:26:47 50610 5332.7717
2019:05:06 14:26:47 57158 5329.7319
2019:05:06 14:26:47 64119 5738.4968
2019:05:06 14:26:47 70257 4915.7068
2019:05:06 14:26:47 76402 4916.4668
2019:05:06 14:26:47 81339 4114.8961
2019:05:06 14:26:47 87881 5327.3030
2019:05:06 14:26:47 93618 4519.5892
2019:05:06 14:26:47 99352 4522.1299
2019:05:06 14:26:47 105901 4923.5933
2019:05:06 14:26:47 112451 5318.1015
2019:05:06 14:26:47 118193 4928.2610
2019:05:06 14:26:47 123937 4528.7460
2019:05:06 14:26:47 130880 5320.1951
2019:05:06 14:26:47 137843 5726.4566
2019:05:06 14:26:47 143988 4907.0939
2019:05:06 14:26:47 149725 4514.8470
2019:05:06 14:26:47 155537 4105.3072
2019:05:06 14:26:47 162005 4915.9788
2019:05:06 14:26:47 167332 4100.3525
2019:05:06 14:26:47 173964 4586.9872
2019:05:06 14:26:47 180021 4909.9885
2019:05:06 14:26:47 185360 4518.7026
2019:05:06 14:26:47 191498 4502.1363
2019:05:06 14:26:47 198055 4917.2305
2019:05:06 14:26:47 204204 4927.0466
2019:05:06 14:26:47 210771 5352.0836
2019:05:06 14:26:47 216913 4934.3295
2019:05:06 14:26:47 223051 4522.8601
2019:05:06 14:26:47 229590 5330.8941
2019:05:06 14:26:47 235325 4918.2773
2019:05:06 14:26:47 241465 4918.5529
2019:05:06 14:26:47 248019 5717.8102
2019:05:06 14:26:47 254986 5326.5430
2019:05:06 14:26:47 260719 4507.2995
2019:05:06 14:26:47 266868 4920.0021
2019:05:06 14:26:47 272191 4507.3293
2019:05:06 14:26:47 277534 4534.1142
2019:05:06 14:26:47 283656 4103.1949
2019:05:06 14:26:47 290207 5335.1223
2019:05:06 14:26:47 295540 4526.1383
2019:05:06 14:26:47 300934 4180.6288
2019:05:06 14:26:47 307001 4098.6054
2019:05:06 14:26:47 312733 4508.4991
2019:05:06 14:26:47 318471 4098.8810
2019:05:06 14:26:47 324612 4100.8256
2019:05:06 14:26:47 330760 4509.7508
2019:05:06 14:26:47 336077 3684.6325
2019:05:06 14:26:47 342635 4910.4579
2019:05:06 14:26:47 347960 4100.8070
2019:05:06 14:26:47 354107 4924.6550
2019:05:06 14:26:47 361063 5741.5962
2019:05:06 14:26:47 366465 4578.9592
2019:05:06 14:26:47 372933 4911.1210
2019:05:06 14:26:47 379082 5311.5636
2019:05:06 14:26:47 384001 4097.1041
2019:05:06 14:26:47 390148 4921.3395
2019:05:06 14:26:47 397111 5329.3258
2019:05:06 14:26:47 403327 5817.8678
2019:05:06 14:26:47 409396 5736.5447
2019:05:06 14:26:47 415124 5316.8945
2019:05:06 14:26:47 420862 5313.5678
2019:05:06 14:26:47 427006 5725.7228
2019:05:06 14:26:47 432740 5312.9569
2019:05:06 14:26:47 438474 4914.6675
2019:05:06 14:26:47 444209 4917.2938
2019:05:06 14:26:47 449539 4509.0988
2019:05:06 14:26:47 455683 4921.1197
2019:05:06 14:26:47 461821 5318.5858
2019:05:06 14:26:47 467964 5730.2043
2019:05:06 14:26:47 473699 5312.9084
2019:05:06 14:26:47 479845 5327.9512
2019:05:06 14:26:47 485984 5733.2292
2019:05:06 14:26:47 492537 5733.1920
2019:05:06 14:26:47 498681 4891.6377
2019:05:06 14:26:47 504415 4909.2807
2019:05:06 14:26:47 509328 4093.9189
2019:05:06 14:26:47 516297 5726.9074
2019:05:06 14:26:47 522032 5326.8187
2019:05:06 14:26:47 527772 5326.6883
2019:05:06 14:26:47 534730 5737.1296
2019:05:06 14:26:47 540461 5326.9081
2019:05:06 14:26:47 546614 5337.2867
2019:05:06 14:26:47 552751 5323.3318
2019:05:06 14:26:47 558896 5331.0841
2019:05:06 14:26:47 565041 4923.8540
2019:05:06 14:26:47 570777 5334.2581
2019:05:06 14:26:47 576505 4920.1101
2019:05:06 14:26:47 582243 4512.8800
2019:05:06 14:26:47 587971 4508.9535
2019:05:06 14:26:47 594530 5327.9325
2019:05:06 14:26:47 601085 6143.9835
2019:05:06 14:26:47 606827 4918.8398
2019:05:06 14:26:47 612974 4929.1737
2019:05:06 14:26:47 619115 4107.6429
2019:05:06 14:26:47 626470 5322.6165
2019:05:06 14:26:47 632206 4911.1210
2019:05:06 14:26:47 637937 4906.7773
2019:05:06 14:26:47 644082 4509.4006
2019:05:06 14:26:47 649817 4836.6636
2019:05:06 14:26:47 655550 4912.0970
2019:05:06 14:26:47 661690 4502.2778
2019:05:06 14:26:47 667433 4908.0551
2019:05:06 14:26:47 673163 5314.0931
2019:05:06 14:26:47 679310 5327.5712
2019:05:06 14:26:47 684630 4903.5065
2019:05:06 14:26:47 691196 4924.9306
2019:05:06 14:26:47 697738 6142.4039
2019:05:06 14:26:47 703479 5252.3874
2019:05:06 14:26:47 708468 4100.6058
2019:05:06 14:26:47 714540 4105.2811
2019:05:06 14:26:47 720267 4511.5650
2019:05:06 14:26:47 726005 4107.6541
2019:05:06 14:26:47 732967 5332.7456
2019:05:06 14:26:47 739925 5734.0451
2019:05:06 14:26:47 746071 4908.2600
2019:05:06 14:26:47 751803 4907.4180
2019:05:06 14:26:47 757619 4580.9820
2019:05:06 14:26:47 763690 4919.4507
2019:05:06 14:26:47 769831 4920.8775
2019:05:06 14:26:47 775558 4906.0248
2019:05:06 14:26:47 781300 4921.2426
2019:05:06 14:26:47 787438 5320.8061
2019:05:06 14:26:47 793173 4918.1432
2019:05:06 14:26:47 799313 5315.2069
2019:05:06 14:26:47 805046 5312.3496
2019:05:06 14:26:47 810869 5406.9199
2019:05:06 14:26:47 816927 5314.5103
2019:05:06 14:26:47 822676 4930.5931
2019:05:06 14:26:47 828809 5663.3912
2019:05:06 14:26:47 834128 4914.3806
2019:05:06 14:26:47 839867 4912.5999
2019:05:06 14:26:47 845189 4502.1325
2019:05:06 14:26:47 851742 5323.2871
2019:05:06 14:26:47 857887 5318.3399
2019:05:06 14:26:47 863619 4916.1501
2019:05:06 14:26:47 869772 5338.8961
2019:05:06 14:26:47 875518 5343.6682
2019:05:06 14:26:47 881659 5741.7080
2019:05:06 14:26:47 888200 5743.1795
2019:05:06 14:26:47 893932 5324.2147
2019:05:06 14:26:47 899666 4911.2365
2019:05:06 14:26:47 906221 5327.4073
2019:05:06 14:26:47 912365 5324.8592
2019:05:06 14:26:47 918500 4911.6574
2019:05:06 14:26:47 925478 5340.6805
2019:05:06 14:26:47 931610 5330.7340
2019:05:06 14:26:47 937756 5324.9598
2019:05:06 14:26:47 943897 4920.8887
2019:05:06 14:26:47 950455 5736.3436
2019:05:06 14:26:47 956593 5739.1338
2019:05:06 14:26:47 962325 5318.4927
2019:05:06 14:26:47 968065 4915.0214
2019:05:06 14:26:47 973802 4921.5369
2019:05:06 14:26:47 979533 4909.6197
2019:05:06 14:26:47 985679 4917.2342
2019:05:06 14:26:47 991410 4911.4004
2019:05:06 14:26:47 997142 4911.7990
2019:05:06 14:26:48 2883 4509.7917
2019:05:06 14:26:48 9037 4925.7539
2019:05:06 14:26:48 15165 5321.2829
2019:05:06 14:26:48 20901 5321.3239
2019:05:06 14:26:48 26654 4929.5761
2019:05:06 14:26:48 33194 4923.5746
2019:05:06 14:26:48 39336 5328.2753
2019:05:06 14:26:48 46295 5730.2006
2019:05:06 14:26:48 52447 5752.2431
2019:05:06 14:26:48 58588 5747.5679
2019:05:06 14:26:48 64325 5335.0516
2019:05:06 14:26:48 70060 5260.5346
2019:05:06 14:26:48 75796 5340.0844
2019:05:06 14:26:48 82345 6154.6005
2019:05:06 14:26:48 88073 5329.0240
2019:05:06 14:26:48 94216 5730.7258
2019:05:06 14:26:48 101176 5315.5385
2019:05:06 14:26:48 106504 4514.2323
2019:05:06 14:26:48 112645 4839.1744
2019:05:06 14:26:48 118381 4513.0551
2019:05:06 14:26:48 124193 4990.7602
2019:05:06 14:26:48 130668 5312.5210
2019:05:06 14:26:48 136400 4900.7945
2019:05:06 14:26:48 142547 4918.5343
2019:05:06 14:26:48 147462 4093.7699
2019:05:06 14:26:48 153192 4497.5579
2019:05:06 14:26:48 158932 3695.1192
2019:05:06 14:26:48 166300 5323.9800
2019:05:06 14:26:48 172035 5317.4496
2019:05:06 14:26:48 178180 5327.2545
2019:05:06 14:26:48 184339 5340.2223
2019:05:06 14:26:48 190477 4921.3395
2019:05:06 14:26:48 197031 5257.3718
2019:05:06 14:26:48 202778 4941.7391
2019:05:06 14:26:48 209718 4922.7998
2019:05:06 14:26:48 216276 5337.6928
2019:05:06 14:26:48 222490 5815.9344
2019:05:06 14:26:48 228557 4501.5924
2019:05:06 14:26:48 235110 4914.2390
2019:05:06 14:26:48 240434 4101.2876
2019:05:06 14:26:48 246580 4508.4842
2019:05:06 14:26:48 252312 4100.7921
2019:05:06 14:26:48 258459 4501.0708
2019:05:06 14:26:48 264601 4921.2053
2019:05:06 14:26:48 270337 4914.2130
2019:05:06 14:26:48 276481 4914.6451
2019:05:06 14:26:48 282204 4496.2056
2019:05:06 14:26:48 288347 4904.2441
2019:05:06 14:26:48 294087 4509.1435
2019:05:06 14:26:48 299829 4510.1680
2019:05:06 14:26:48 306383 4920.7322
2019:05:06 14:26:48 312928 5320.2845
2019:05:06 14:26:48 319074 5313.7094
2019:05:06 14:26:48 324812 4913.4791
2019:05:06 14:26:48 330546 4914.2875
2019:05:06 14:26:48 336278 4924.2042
2019:05:06 14:26:48 342424 4917.9271
2019:05:06 14:26:48 348982 5325.5409
2019:05:06 14:26:48 355123 5733.8774
2019:05:06 14:26:48 361261 5736.8800
2019:05:06 14:26:48 367822 5735.3489
2019:05:06 14:26:48 373968 5746.2193
2019:05:06 14:26:48 380107 5733.7396
2019:05:06 14:26:48 386654 5730.0515
2019:05:06 14:26:48 392391 4919.5886
2019:05:06 14:26:48 398134 4925.2547
2019:05:06 14:26:48 404273 4922.0286
2019:05:06 14:26:48 410822 4908.4052
2019:05:06 14:26:48 416964 4912.7303
2019:05:06 14:26:48 423103 4916.6344
2019:05:06 14:26:48 429249 5316.4996
2019:05:06 14:26:48 435397 5329.0017
2019:05:06 14:26:48 441133 4921.2612
2019:05:06 14:26:48 446052 4109.3603
2019:05:06 14:26:48 451791 3703.7432
2019:05:06 14:26:48 458745 4919.2011
2019:05:06 14:26:48 465293 5323.2498
2019:05:06 14:26:48 471850 5332.5854
2019:05:06 14:26:48 477587 5331.1847
2019:05:06 14:26:48 483316 4914.8947
2019:05:06 14:26:48 489461 4917.3944
2019:05:06 14:26:48 496013 4916.8989
2019:05:06 14:26:48 501746 5312.9904
2019:05:06 14:26:48 507474 4908.8113
2019:05:06 14:26:48 513642 4522.6924
2019:05:06 14:26:48 519377 4923.8503
2019:05:06 14:26:48 525511 5315.0281
2019:05:06 14:26:48 531247 5321.5027
2019:05:06 14:26:48 536986 4920.0580
2019:05:06 14:26:48 543140 5724.6573
2019:05:06 14:26:48 549682 6139.1294
2019:05:06 14:26:48 555414 4915.4609
2019:05:06 14:26:48 560742 4437.4876
2019:05:06 14:26:48 566475 4095.7890
2019:05:06 14:26:48 572216 3692.0644
2019:05:06 14:26:48 579174 4912.2013
2019:05:06 14:26:48 584912 5330.5775
2019:05:06 14:26:48 591451 5727.1682
2019:05:06 14:26:48 597202 4912.1454
2019:05:06 14:26:48 603752 4508.8828
2019:05:06 14:26:48 609900 4913.1066
2019:05:06 14:26:48 616034 5314.7450
2019:05:06 14:26:48 622177 5721.4536
2019:05:06 14:26:48 627910 5305.9421
2019:05:06 14:26:48 634076 4933.0108
2019:05:06 14:26:48 640210 5333.5577
2019:05:06 14:26:48 646350 5332.5407
2019:05:06 14:26:48 652898 5321.9646
2019:05:06 14:26:48 659042 4511.9151
2019:05:06 14:26:48 666405 5728.0585
2019:05:06 14:26:48 672147 5252.0819
2019:05:06 14:26:48 678291 5245.1976
2019:05:06 14:26:48 684024 4917.6104
2019:05:06 14:26:48 690174 4927.4415
2019:05:06 14:26:48 695501 4507.2548
2019:05:06 14:26:48 701237 4103.8692
2019:05:06 14:26:48 706965 4102.1816
2019:05:06 14:26:48 712695 4094.3287
2019:05:06 14:26:48 718849 4106.1528
2019:05:06 14:26:48 724570 4098.0689
2019:05:06 14:26:48 730308 4100.7027
2019:05:06 14:26:48 736472 4107.1735
2019:05:06 14:26:48 742192 4101.9432
2019:05:06 14:26:48 748747 4932.5638
2019:05:06 14:26:48 754072 4522.0107
2019:05:06 14:26:48 760228 4945.3229
2019:05:06 14:26:48 766777 5745.7015
2019:05:06 14:26:48 772914 5748.0410
2019:05:06 14:26:48 779873 5708.3592
2019:05:06 14:26:48 785612 4932.7277
2019:05:06 14:26:48 791745 4915.1741
2019:05:06 14:26:48 797903 4929.3898
2019:05:06 14:26:48 804032 5321.4394
2019:05:06 14:26:48 809770 5321.5139
2019:05:06 14:26:48 815910 5654.0184
2019:05:06 14:26:48 821652 5324.9523
2019:05:06 14:26:48 827382 5317.8854
2019:05:06 14:26:48 833524 5332.7344
2019:05:06 14:26:48 839255 5302.6862
2019:05:06 14:26:48 845419 4926.7560
2019:05:06 14:26:48 851557 5333.6136
2019:05:06 14:26:48 857290 4924.7742
2019:05:06 14:26:48 863501 5398.9068
2019:05:06 14:26:48 869651 4594.4564
2019:05:06 14:26:48 875727 4938.3231
2019:05:06 14:26:48 882687 4917.7483
2019:05:06 14:26:48 888818 5333.5540
2019:05:06 14:26:48 895373 5739.8267
2019:05:06 14:26:48 901111 4907.2988
2019:05:06 14:26:48 906834 4498.9549
2019:05:06 14:26:48 913827 5747.8473
2019:05:06 14:26:48 920350 6145.0042
2019:05:06 14:26:48 926504 5709.7264
2019:05:06 14:26:48 932235 5321.2568
2019:05:06 14:26:48 937971 4911.9033
2019:05:06 14:26:48 944126 5343.6533
2019:05:06 14:26:48 951091 5331.3933
2019:05:06 14:26:48 957233 5659.8149
2019:05:06 14:26:48 963369 5655.5793
2019:05:06 14:26:48 969928 5331.7174
2019:05:06 14:26:48 975689 4953.3248
2019:05:06 14:26:48 982238 4953.8761
2019:05:06 14:26:48 989168 4507.0611
2019:05:06 14:26:48 995306 5326.3828
2019:05:06 14:26:49 1478 5357.9137
2019:05:06 14:26:49 8830 6567.8768
2019:05:06 14:26:49 14562 5333.9526
2019:05:06 14:26:49 21108 5736.3063
2019:05:06 14:26:49 26847 4916.9399
2019:05:06 14:26:49 33812 4918.6386
2019:05:06 14:26:49 39948 5313.0686
2019:05:06 14:26:49 45692 5323.4734
2019:05:06 14:26:49 51827 5330.9761
2019:05:06 14:26:49 57564 5312.2081
2019:05:06 14:26:49 63729 4932.5228
2019:05:06 14:26:49 69866 5341.1163
2019:05:06 14:26:49 75596 5255.6805
2019:05:06 14:26:49 82141 5343.0498
2019:05:06 14:26:49 88289 4921.4363
2019:05:06 14:26:49 94025 3694.7541
2019:05:06 14:26:49 101405 5337.7897
2019:05:06 14:26:49 107127 5331.4492
2019:05:06 14:26:49 113276 5339.0786
2019:05:06 14:26:49 119011 4517.1455
2019:05:06 14:26:49 126383 5737.7629
2019:05:06 14:26:49 132131 5348.2167
2019:05:06 14:26:49 138656 5324.7772
2019:05:06 14:26:49 144808 5326.7628
2019:05:06 14:26:49 150944 5318.0642
2019:05:06 14:26:49 156275 4899.6173
2019:05:06 14:26:49 162411 4901.8748
2019:05:06 14:26:49 168147 4915.9378
2019:05:06 14:26:49 174300 5305.5249
2019:05:06 14:26:49 178805 3678.0722
2019:05:06 14:26:49 184946 3684.4611
2019:05:06 14:26:49 191497 4508.4730
2019:05:06 14:26:49 197233 4515.9124
2019:05:06 14:26:49 203368 4904.4900
2019:05:06 14:26:49 209105 4918.8063
2019:05:06 14:26:49 215256 5311.5636
2019:05:06 14:26:49 219762 3687.4861
2019:05:06 14:26:49 225901 4094.8838
2019:05:06 14:26:49 231640 3692.7164
2019:05:06 14:26:49 237379 3703.2329
2019:05:06 14:26:49 243515 4090.6556
2019:05:06 14:26:49 249241 4091.9520
2019:05:06 14:26:49 254983 3699.5336
2019:05:06 14:26:49 260716 3686.2381
2019:05:06 14:26:49 266871 3700.1707
2019:05:06 14:26:49 272598 3690.2092
2019:05:06 14:26:49 278328 3696.0281
2019:05:06 14:26:49 284473 4091.2032
2019:05:06 14:26:49 290200 3685.3589
2019:05:06 14:26:49 295941 3703.8513
2019:05:06 14:26:49 301679 3689.8479
2019:05:06 14:26:49 307825 3692.9473
2019:05:06 14:26:49 313557 3691.2821
2019:05:06 14:26:49 320107 4516.7468
2019:05:06 14:26:49 326244 4897.2555
2019:05:06 14:26:49 331988 4924.9679
2019:05:06 14:26:49 338135 5311.2730
2019:05:06 14:26:49 342640 3687.6164
2019:05:06 14:26:49 348781 3692.1091
2019:05:06 14:26:49 355331 4508.5326
2019:05:06 14:26:49 361070 4521.7276
2019:05:06 14:26:49 367201 4902.1356
2019:05:06 14:26:49 372939 4917.1560
2019:05:06 14:26:49 379091 5307.9650
2019:05:06 14:26:49 383597 3688.3168
2019:05:06 14:26:49 390966 5310.2858
2019:05:06 14:26:49 396692 4911.9927
2019:05:06 14:26:49 402027 4517.3578
2019:05:06 14:26:49 408160 4904.3484
2019:05:06 14:26:49 413900 4920.7062
2019:05:06 14:26:49 420052 5313.0239
2019:05:06 14:26:49 424554 3686.6665
2019:05:06 14:26:49 431922 5323.1381
2019:05:06 14:26:49 437658 4918.1283
2019:05:06 14:26:49 443415 4949.1338
2019:05:06 14:26:49 450356 5307.1864
2019:05:06 14:26:49 456496 5715.7651
2019:05:06 14:26:49 462226 5291.5849
2019:05:06 14:26:49 468054 5008.9620
2019:05:06 14:26:49 474111 5308.2295
2019:05:06 14:26:49 480271 4924.4910
2019:05:06 14:26:49 486408 5334.7275
2019:05:06 14:26:49 492550 5738.5527
2019:05:06 14:26:49 498697 4928.6969
2019:05:06 14:26:49 504428 4926.4282
2019:05:06 14:26:49 510991 5759.2690
2019:05:06 14:26:49 517933 5732.7114
2019:05:06 14:26:49 524099 5744.8857
2019:05:06 14:26:49 530246 5760.7368
2019:05:06 14:26:49 535965 5711.2128
2019:05:06 14:26:49 541704 5345.3110
2019:05:06 14:26:49 547451 5363.0434
2019:05:06 14:26:49 553979 6066.6539
2019:05:06 14:26:49 559725 5324.6766
2019:05:06 14:26:49 566284 5355.1756
2019:05:06 14:26:49 572010 5347.2854
2019:05:06 14:26:49 579371 4907.7123
2019:05:06 14:26:49 585515 4912.2609
2019:05:06 14:26:49 591671 4523.7169
2019:05:06 14:26:49 597404 4528.6529
2019:05:06 14:26:49 603958 4928.2238
2019:05:06 14:26:49 610107 5348.7867
2019:05:06 14:26:49 616647 5307.3466
2019:05:06 14:26:49 623232 5767.3827
2019:05:06 14:26:49 628941 5700.8117
2019:05:06 14:26:49 635075 4931.0811
2019:05:06 14:26:49 640097 4208.0618
2019:05:06 14:26:49 646159 4126.9101
2019:05:06 14:26:49 651883 4116.5762
2019:05:06 14:26:49 658420 4508.9498
2019:05:06 14:26:49 664173 4116.5426
2019:05:06 14:26:49 670717 4521.8803
2019:05:06 14:26:49 676856 5320.4000
2019:05:06 14:26:49 683810 4916.7499
2019:05:06 14:26:49 689966 4510.8870
2019:05:06 14:26:49 695690 4508.9163
2019:05:06 14:26:49 701424 4506.0068
2019:05:06 14:26:49 707163 4511.8257
2019:05:06 14:26:49 713302 4495.9448
2019:05:06 14:26:49 719048 4095.8934
2019:05:06 14:26:49 726409 5726.7845
2019:05:06 14:26:49 732571 5345.5122
2019:05:06 14:26:49 738707 5328.6403
2019:05:06 14:26:49 744444 4525.6279
2019:05:06 14:26:49 750979 4913.7063
2019:05:06 14:26:49 757129 5331.3784
2019:05:06 14:26:49 762870 4508.9275
2019:05:06 14:26:49 769021 4929.7847
2019:05:06 14:26:49 774745 5327.9996
2019:05:06 14:26:49 781298 5741.0970
2019:05:06 14:26:49 786621 4102.3716
2019:05:06 14:26:49 792767 4513.6176
2019:05:06 14:26:49 798494 4516.3967
2019:05:06 14:26:49 805478 5746.4279
2019:05:06 14:26:49 812010 5317.2819
2019:05:06 14:26:49 817753 4919.0819
2019:05:06 14:26:49 823896 5340.8630
2019:05:06 14:26:49 830845 5730.8413
2019:05:06 14:26:49 836597 4927.6240
2019:05:06 14:26:49 842324 4927.6091
2019:05:06 14:26:49 849272 4883.4123
2019:05:06 14:26:49 855839 5308.3822
2019:05:06 14:26:49 861988 5339.7380
2019:05:06 14:26:49 867718 5311.7499
2019:05:06 14:26:49 873540 5009.6847
2019:05:06 14:26:49 880817 6147.0978
2019:05:06 14:26:49 886556 5323.7490
2019:05:06 14:26:49 892287 5317.5353
2019:05:06 14:26:49 898027 5325.8725
2019:05:06 14:26:49 904165 5312.0665
2019:05:06 14:26:49 909895 4491.7092
2019:05:06 14:26:49 914821 3690.6227
2019:05:06 14:26:49 920951 4491.5602
2019:05:06 14:26:49 927524 4931.1332
2019:05:06 14:26:49 932927 4587.7956
2019:05:06 14:26:49 938992 4522.1224
2019:05:06 14:26:49 945118 4505.5449
2019:05:06 14:26:49 950868 4502.7249
2019:05:06 14:26:49 956597 4106.9202
2019:05:06 14:26:49 962745 4510.3580
2019:05:06 14:26:49 968479 4111.4278
2019:05:06 14:26:49 974626 4525.0356
2019:05:06 14:26:49 980758 4515.4169
2019:05:06 14:26:49 986173 4182.8603
2019:05:06 14:26:49 992234 4107.5088
2019:05:06 14:26:49 998786 4925.7018
2019:05:06 14:26:50 4507 4898.2948
2019:05:06 14:26:50 10259 4502.8292
2019:05:06 14:26:50 16393 4515.2679
2019:05:06 14:26:50 21728 4106.6967
2019:05:06 14:26:50 27868 4106.5253
2019:05:06 14:26:50 34430 4935.9091
2019:05:06 14:26:50 40154 4843.3729
2019:05:06 14:26:50 45554 4170.7866
2019:05:06 14:26:50 51624 4107.6094
2019:05:06 14:26:50 57857 4607.4428
2019:05:06 14:26:50 63986 4987.0573
2019:05:06 14:26:50 69650 4515.5250
2019:05:06 14:26:50 75776 4508.3351
2019:05:06 14:26:50 81527 4514.0535
2019:05:06 14:26:50 87653 4507.1207
2019:05:06 14:26:50 93406 4526.7493
2019:05:06 14:26:50 99127 4495.3898
2019:05:06 14:26:50 105273 4513.7852
2019:05:06 14:26:50 111401 4889.2684
2019:05:06 14:26:50 117160 4513.4686
2019:05:06 14:26:50 122887 4107.1437
2019:05:06 14:26:50 129460 4932.7463
2019:05:06 14:26:50 134763 4106.2459
2019:05:06 14:26:50 140912 4505.5971
2019:05:06 14:26:50 147053 4918.6535
2019:05:06 14:26:50 153199 4928.3840
2019:05:06 14:26:50 158929 4518.2966
2019:05:06 14:26:50 165079 4922.0063
2019:05:06 14:26:50 170790 4496.3993
2019:05:06 14:26:50 176549 4509.3969
2019:05:06 14:26:50 182275 4106.4136
2019:05:06 14:26:50 188424 4503.3321
2019:05:06 14:26:50 194153 4105.6499
2019:05:06 14:26:50 200303 4507.5193
2019:05:06 14:26:50 206450 4524.8196
2019:05:06 14:26:50 212181 4522.0032
2019:05:06 14:26:50 217902 4098.3111
2019:05:06 14:26:50 224466 5323.1120
2019:05:06 14:26:50 230193 4919.6146
2019:05:06 14:26:50 235520 4503.2427
2019:05:06 14:26:50 242077 4912.9836
2019:05:06 14:26:50 247398 4505.5598
2019:05:06 14:26:50 253134 4513.8896
2019:05:06 14:26:50 259688 4502.3076
2019:05:06 14:26:50 265832 4919.8344
2019:05:06 14:26:50 271154 4505.4443
2019:05:06 14:26:50 277705 4516.7767
2019:05:06 14:26:50 283437 4499.7521
2019:05:06 14:26:50 288769 4507.2734
2019:05:06 14:26:50 295729 4919.4880
2019:05:06 14:26:50 301469 4916.5115
2019:05:06 14:26:50 307187 4488.5315
2019:05:06 14:26:50 312934 4509.7135
2019:05:06 14:26:50 319069 4507.6124
2019:05:06 14:26:50 324805 4512.1685
2019:05:06 14:26:50 331775 4918.7392
2019:05:06 14:26:50 337500 4909.7911
2019:05:06 14:26:50 343246 4512.8502
2019:05:06 14:26:50 350216 5348.2763
2019:05:06 14:26:50 355939 5304.3924
2019:05:06 14:26:50 361672 4919.5923
2019:05:06 14:26:50 367818 5318.7385
2019:05:06 14:26:50 373548 4919.3837
2019:05:06 14:26:50 379284 4915.7068
2019:05:06 14:26:50 385428 5312.9233
2019:05:06 14:26:50 391587 4930.7384
2019:05:06 14:26:50 397726 5331.4976
2019:05:06 14:26:50 403861 5730.4390
2019:05:06 14:26:50 410081 5400.3894
2019:05:06 14:26:50 415744 4919.8531
2019:05:06 14:26:50 421467 4917.8675
2019:05:06 14:26:50 427622 4513.0104
2019:05:06 14:26:50 434585 5338.7955
2019:05:06 14:26:50 441126 5720.9954
2019:05:06 14:26:50 446858 5287.1704
2019:05:06 14:26:50 453450 5763.6164
2019:05:06 14:26:50 459163 5705.5727
2019:05:06 14:26:50 465316 5344.0481
2019:05:06 14:26:50 471066 5370.4381
2019:05:06 14:26:50 477578 4913.6803
2019:05:06 14:26:50 484131 5324.6766
2019:05:06 14:26:50 491108 5330.0150
2019:05:06 14:26:50 496832 4911.3147
2019:05:06 14:26:50 502975 4907.9470
2019:05:06 14:26:50 508705 4911.1694
2019:05:06 14:26:50 515269 4914.5520
2019:05:06 14:26:50 520997 4109.1777
2019:05:06 14:26:50 527558 4920.8328
2019:05:06 14:26:50 534106 5337.3836
2019:05:06 14:26:50 539841 4912.8644
2019:05:06 14:26:50 545176 4527.7923
2019:05:06 14:26:50 551722 4494.6335
2019:05:06 14:26:50 558277 4912.7936
2019:05:06 14:26:50 565245 5738.8917
2019:05:06 14:26:50 571407 5759.4404
2019:05:06 14:26:50 577931 5739.6851
2019:05:06 14:26:50 584485 5333.9824
2019:05:06 14:26:50 591035 4836.6971
2019:05:06 14:26:50 597181 4914.8165
2019:05:06 14:26:50 603320 5311.1911
2019:05:06 14:26:50 609476 4836.2538
2019:05:06 14:26:50 615620 4924.1818
2019:05:06 14:26:50 621348 4517.6111
2019:05:06 14:26:50 627493 4519.3285
2019:05:06 14:26:50 633231 4513.2451
2019:05:06 14:26:50 639364 4507.4895
2019:05:06 14:26:50 645510 4922.9153
2019:05:06 14:26:50 650828 4494.4584
2019:05:06 14:26:50 656574 4105.6052
2019:05:06 14:26:50 663533 5334.7796
2019:05:06 14:26:50 669689 5332.8089
2019:05:06 14:26:50 675838 5343.3664
2019:05:06 14:26:50 681146 4512.6118
2019:05:06 14:26:50 687297 4914.6637
2019:05:06 14:26:50 693851 5317.6545
2019:05:06 14:26:50 699592 5319.1595
2019:05:06 14:26:50 705730 4918.0612
2019:05:06 14:26:50 711871 5327.1428
2019:05:06 14:26:50 718036 5352.8063
2019:05:06 14:26:50 724179 5350.0794
2019:05:06 14:26:50 730696 5320.4782
2019:05:06 14:26:50 737671 4511.2669
2019:05:06 14:26:50 743806 4501.5439
2019:05:06 14:26:50 750366 4499.6254
2019:05:06 14:26:50 757751 5751.5576
2019:05:06 14:26:50 763888 5735.7252
2019:05:06 14:26:50 770032 5314.2905
2019:05:06 14:26:50 776179 5340.8705
2019:05:06 14:26:50 782348 5368.6313
2019:05:06 14:26:50 789697 4934.0501
2019:05:06 14:26:50 795422 4518.8814
2019:05:06 14:26:50 801158 4108.2650
2019:05:06 14:26:50 807313 4531.0743
2019:05:06 14:26:50 814267 5753.8748
2019:05:06 14:26:50 821251 5759.7682
2019:05:06 14:26:50 827362 5734.7007
2019:05:06 14:26:50 833512 5722.4110
2019:05:06 14:26:50 839239 5302.7719
2019:05:06 14:26:50 844981 4923.5635
2019:05:06 14:26:50 851120 5324.7325
2019:05:06 14:26:50 856856 5310.0996
2019:05:06 14:26:50 862591 5319.8040
2019:05:06 14:26:50 868329 5323.2610
2019:05:06 14:26:50 874468 5644.0718
2019:05:06 14:26:50 880203 5317.1106
2019:05:06 14:26:50 885935 5310.0362
2019:05:06 14:26:50 892080 5718.6373
2019:05:06 14:26:50 897809 5302.3286
2019:05:06 14:26:50 903547 4915.3343
2019:05:06 14:26:50 909698 5336.7764
2019:05:06 14:26:50 915431 5337.8753
2019:05:06 14:26:50 921161 5239.6990
2019:05:06 14:26:50 927298 5322.6240
2019:05:06 14:26:50 932624 4899.9526
2019:05:06 14:26:50 938767 5304.7761
2019:05:06 14:26:50 944504 4908.8635
2019:05:06 14:26:50 950649 5329.5307
2019:05:06 14:26:50 956379 5315.2032
2019:05:06 14:26:50 962116 4918.5380
2019:05:06 14:26:50 968266 5332.9393
2019:05:06 14:26:50 974004 5322.2775
2019:05:06 14:26:50 979729 4917.4950
2019:05:06 14:26:50 985463 4919.6370
2019:05:06 14:26:50 991608 5320.2435
2019:05:06 14:26:50 997341 5313.1208
2019:05:06 14:26:51 3078 4919.6295
2019:05:06 14:26:51 9219 5329.0091
2019:05:06 14:26:51 14953 5304.7314
2019:05:06 14:26:51 20685 5306.5419
2019:05:06 14:26:51 26416 5306.9703
2019:05:06 14:26:51 32562 5314.7078
2019:05:06 14:26:51 38300 4916.9511
2019:05:06 14:26:51 44462 5356.2932
2019:05:06 14:26:51 50601 5754.5900
2019:05:06 14:26:51 56340 5731.8285
2019:05:06 14:26:51 62069 4926.7076
2019:05:06 14:26:51 68202 4922.0063
2019:05:06 14:26:51 73935 4498.6941
2019:05:06 14:26:51 79675 4106.7228
2019:05:06 14:26:51 85812 4500.0836
2019:05:06 14:26:51 91542 4493.5271
2019:05:06 14:26:51 97283 4495.5350
2019:05:06 14:26:51 103023 4093.8519
2019:05:06 14:26:51 109160 4503.4215
2019:05:06 14:26:51 116127 5732.1787
2019:05:06 14:26:51 122287 5677.7820
2019:05:06 14:26:51 128411 5650.8072
2019:05:06 14:26:51 134562 5341.4330
2019:05:06 14:26:51 140705 5749.8999
2019:05:06 14:26:51 146838 4921.5369
2019:05:06 14:26:51 152980 5324.5164
2019:05:06 14:26:51 159130 5337.0856
2019:05:06 14:26:51 164863 4930.8240
2019:05:06 14:26:51 171423 5339.0823
2019:05:06 14:26:51 177564 5329.6164
2019:05:06 14:26:51 183704 5721.6473
2019:05:06 14:26:51 189858 4920.1027
2019:05:06 14:26:51 195992 5326.9044
2019:05:06 14:26:51 201725 5309.4700
2019:05:06 14:26:51 207458 4513.7182
2019:05:06 14:26:51 213604 4920.8961
2019:05:06 14:26:51 219328 4909.9140
2019:05:06 14:26:51 225071 4910.3126
2019:05:06 14:26:51 231221 4924.6699
2019:05:06 14:26:51 236947 4917.9047
2019:05:06 14:26:51 243506 5320.3292
2019:05:06 14:26:51 249249 4514.1689
2019:05:06 14:26:51 255380 4107.3710
2019:05:06 14:26:51 261548 4541.1140
2019:05:06 14:26:51 268085 4925.0051
2019:05:06 14:26:51 274625 5323.1828
2019:05:06 14:26:51 280363 4492.5548
2019:05:06 14:26:51 287330 5340.6805
2019:05:06 14:26:51 293062 4919.5103
2019:05:06 14:26:51 298796 4925.3143
2019:05:06 14:26:51 304946 4914.9767
2019:05:06 14:26:51 311495 5308.8106
2019:05:06 14:26:51 317632 5715.1392
2019:05:06 14:26:51 322972 4905.9205
2019:05:06 14:26:51 328314 3718.2011
2019:05:06 14:26:51 335256 4509.4192
2019:05:06 14:26:51 342217 5717.2477
2019:05:06 14:26:51 348369 5341.7198
2019:05:06 14:26:51 354913 5327.4669
2019:05:06 14:26:51 360266 4548.7545
2019:05:06 14:26:51 367204 4925.0759
2019:05:06 14:26:51 372949 4941.9180
2019:05:06 14:26:51 379055 4488.0807
2019:05:06 14:26:51 385227 4430.8938
2019:05:06 14:26:51 391789 4855.1559
2019:05:06 14:26:51 399143 6145.9988
2019:05:06 14:26:51 404871 4906.9636
2019:05:06 14:26:51 411021 4918.8063
2019:05:06 14:26:51 416788 4947.9268
2019:05:06 14:26:51 422486 4891.8761
2019:05:06 14:26:51 428217 4499.4466
2019:05:06 14:26:51 435199 5747.5939
2019:05:06 14:26:51 441744 6156.2024
2019:05:06 14:26:51 447473 5296.9754
2019:05:06 14:26:51 453620 5720.3285
2019:05:06 14:26:51 460171 5319.8971
2019:05:06 14:26:51 466318 5338.2330
2019:05:06 14:26:51 472490 5745.2507
2019:05:06 14:26:51 478619 5356.9004
2019:05:06 14:26:51 484373 4128.6498
2019:05:06 14:26:51 491381 4588.2612
2019:05:06 14:26:51 497467 4945.6768
2019:05:06 14:26:51 504391 6136.8197
2019:05:06 14:26:51 510556 5734.3170
2019:05:06 14:26:51 516694 5327.0943
2019:05:06 14:26:51 522834 5293.7604
2019:05:06 14:26:51 528564 4910.1561
2019:05:06 14:26:51 534304 4916.3066
2019:05:06 14:26:51 540446 5315.0132
2019:05:06 14:26:51 546606 4921.8833
2019:05:06 14:26:51 552347 4931.9007
2019:05:06 14:26:51 558472 5330.0634
2019:05:06 14:26:51 564608 4902.7652
2019:05:06 14:26:51 570771 4513.0923
2019:05:06 14:26:51 578135 5340.7848
2019:05:06 14:26:51 584676 5734.5182
2019:05:06 14:26:51 590409 4892.2785
2019:05:06 14:26:51 595816 4579.6894
2019:05:06 14:26:51 601881 4493.6761
2019:05:06 14:26:51 608864 5340.6656
2019:05:06 14:26:51 615398 6146.7774
2019:05:06 14:26:51 621133 4915.9639
2019:05:06 14:26:51 628100 5734.9801
2019:05:06 14:26:51 633839 5243.7074
2019:05:06 14:26:51 639158 4425.6151
2019:05:06 14:26:51 644487 4517.9613
2019:05:06 14:26:51 650627 4516.5569
2019:05:06 14:26:51 657994 5740.2998
2019:05:06 14:26:51 664550 5713.4368
2019:05:06 14:26:51 670297 4913.9410
2019:05:06 14:26:51 676450 4923.4256
2019:05:06 14:26:51 682590 4930.9246
2019:05:06 14:26:51 688735 4935.7824
2019:05:06 14:26:51 695278 5340.6172
2019:05:06 14:26:51 701833 4920.3075
2019:05:06 14:26:51 708386 4934.7356
2019:05:06 14:26:51 714929 5318.7646
2019:05:06 14:26:51 720658 4914.4141
2019:05:06 14:26:51 725985 3672.5625
2019:05:06 14:26:51 732552 4113.2458
2019:05:06 14:26:51 738680 4917.6142
2019:05:06 14:26:51 744422 4506.5880
2019:05:06 14:26:51 750978 4929.7437
2019:05:06 14:26:51 756293 4107.3076
2019:05:06 14:26:51 762429 4499.8564
2019:05:06 14:26:51 768173 4100.0098
2019:05:06 14:26:51 775556 5327.7425
2019:05:06 14:26:51 781726 5352.8771
2019:05:06 14:26:51 787845 5339.6933
2019:05:06 14:26:51 793560 4907.7570
2019:05:06 14:26:51 799713 5312.2342
2019:05:06 14:26:51 805869 5340.0025
2019:05:06 14:26:51 812010 5753.0552
2019:05:06 14:26:51 817737 5333.9675
2019:05:06 14:26:51 823474 4925.1579
2019:05:06 14:26:51 829617 5336.0648
2019:05:06 14:26:51 835352 5343.7389
2019:05:06 14:26:51 841092 5336.0201
2019:05:06 14:26:51 846825 4930.0119
2019:05:06 14:26:51 852959 5331.8478
2019:05:06 14:26:51 858696 5323.4957
2019:05:06 14:26:51 864433 4922.5688
2019:05:06 14:26:51 870174 4932.6494
2019:05:06 14:26:51 876307 5332.1160
2019:05:06 14:26:51 882859 6081.3464
2019:05:06 14:26:51 888182 4498.4519
2019:05:06 14:26:51 893918 3688.5142
2019:05:06 14:26:51 900066 3694.5045
2019:05:06 14:26:51 905794 3686.9012
2019:05:06 14:26:51 911530 3701.7390
2019:05:06 14:26:51 917677 4091.4863
2019:05:06 14:26:51 923407 4088.5694
2019:05:06 14:26:51 929142 3693.4577
2019:05:06 14:26:51 934881 3692.0160
2019:05:06 14:26:51 941023 4098.0056
2019:05:06 14:26:51 946749 3684.5617
2019:05:06 14:26:51 952493 3705.8406
2019:05:06 14:26:51 958632 4094.5560
2019:05:06 14:26:51 964364 3690.7457
2019:05:06 14:26:51 970916 4512.4143
2019:05:06 14:26:51 977061 4913.1364
2019:05:06 14:26:51 982800 4510.4437
2019:05:06 14:26:51 989393 5782.3993
2019:05:06 14:26:51 995898 6497.0888
2019:05:06 14:26:52 2047 5704.1459
2019:05:06 14:26:52 7782 5319.9790
2019:05:06 14:26:52 13927 4907.9657
2019:05:06 14:26:52 20056 5298.1563
2019:05:06 14:26:52 26647 5354.0319
2019:05:06 14:26:52 32776 5330.4397
2019:05:06 14:26:52 38096 4511.1552
2019:05:06 14:26:52 44728 5000.1703
2019:05:06 14:26:52 50791 5329.1656
2019:05:06 14:26:52 56949 4923.4740
2019:05:06 14:26:52 62663 4904.6241
2019:05:06 14:26:52 68811 4907.3994
2019:05:06 14:26:52 74954 4926.4170
2019:05:06 14:26:52 81092 5309.4327
2019:05:06 14:26:52 86829 5249.7312
2019:05:06 14:26:52 92979 5331.6131
2019:05:06 14:26:52 99123 5224.6228
2019:05:06 14:26:52 104854 4890.5611
2019:05:06 14:26:52 111442 5755.1488
2019:05:06 14:26:52 117966 5342.8859
2019:05:06 14:26:52 124093 4915.8968
2019:05:06 14:26:52 130658 5741.1976
2019:05:06 14:26:52 137623 5333.1964
2019:05:06 14:26:52 144582 6153.1328
2019:05:06 14:26:52 150317 5326.9640
2019:05:06 14:26:52 156459 4508.7449
2019:05:06 14:26:52 162616 4515.5510
2019:05:06 14:26:52 169579 5739.9087
2019:05:06 14:26:52 174903 4901.9381
2019:05:06 14:26:52 181455 5330.5440
2019:05:06 14:26:52 187608 5718.6037
2019:05:06 14:26:52 194157 6541.3564
2019:05:06 14:26:52 200292 4922.4533
2019:05:06 14:26:52 206842 5341.5783
2019:05:06 14:26:52 214210 5736.3324
2019:05:06 14:26:52 219948 4909.5042
2019:05:06 14:26:52 225677 4481.8446
2019:05:06 14:26:52 231412 4104.2119
2019:05:06 14:26:52 237566 4922.8147
2019:05:06 14:26:52 243709 4936.5051
2019:05:06 14:26:52 249437 4516.0949
2019:05:06 14:26:52 255582 4522.1671
2019:05:06 14:26:52 261308 4504.5204
2019:05:06 14:26:52 266628 4497.7441
2019:05:06 14:26:52 273610 4938.3864
2019:05:06 14:26:52 279339 4860.8743
2019:05:06 14:26:52 285064 4512.4553
2019:05:06 14:26:52 290800 4104.5770
2019:05:06 14:26:52 296947 4518.8256
2019:05:06 14:26:52 303084 4904.4043
2019:05:06 14:26:52 308814 4495.0806
2019:05:06 14:26:52 314562 4111.3347
2019:05:06 14:26:52 319877 4100.0694
2019:05:06 14:26:52 326438 4519.4626
2019:05:06 14:26:52 332575 4908.4723
2019:05:06 14:26:52 338312 4510.1754
2019:05:06 14:26:52 344046 4103.3849
2019:05:06 14:26:52 350192 4500.7244
2019:05:06 14:26:52 356328 4508.0036
2019:05:06 14:26:52 362070 4511.8704
2019:05:06 14:26:52 367807 4108.0527
2019:05:06 14:26:52 373947 4923.6417
2019:05:06 14:26:52 379682 4520.4051
2019:05:06 14:26:52 385834 4529.6140
2019:05:06 14:26:52 391555 4512.8316
2019:05:06 14:26:52 397290 4105.2662
2019:05:06 14:26:52 403441 4519.9543
2019:05:06 14:26:52 409168 4498.9362
2019:05:06 14:26:52 415317 4508.0259
2019:05:06 14:26:52 421046 4105.8362
2019:05:06 14:26:52 427193 4505.8243
2019:05:06 14:26:52 433336 4919.5401
2019:05:06 14:26:52 439066 4513.0178
2019:05:06 14:26:52 444400 4511.0509
2019:05:06 14:26:52 450940 4505.9770
2019:05:06 14:26:52 457093 4913.3450
2019:05:06 14:26:52 462819 4505.6716
2019:05:06 14:26:52 468571 4113.0446
2019:05:06 14:26:52 474709 4913.7026
2019:05:06 14:26:52 480856 4916.8393
2019:05:06 14:26:52 486579 4508.4655
2019:05:06 14:26:52 492318 4105.9628
2019:05:06 14:26:52 498876 4931.6138
2019:05:06 14:26:52 504598 4907.2541
2019:05:06 14:26:52 510010 4179.7310
2019:05:06 14:26:52 516075 4106.9873
2019:05:06 14:26:52 522298 4994.3402
2019:05:06 14:26:52 528365 4932.5116
2019:05:06 14:26:52 534085 4495.9411
2019:05:06 14:26:52 539832 4108.1347
2019:05:06 14:26:52 545974 4923.9956
2019:05:06 14:26:52 551297 4507.2995
2019:05:06 14:26:52 557441 4111.9456
2019:05:06 14:26:52 563573 4493.0056
2019:05:06 14:26:52 569710 4500.0911
2019:05:06 14:26:52 575874 4916.3736
2019:05:06 14:26:52 581193 4106.1826
2019:05:06 14:26:52 587753 4916.2656
2019:05:06 14:26:52 593483 4517.3317
2019:05:06 14:26:52 599206 4493.1695
2019:05:06 14:26:52 604954 4510.9205
2019:05:06 14:26:52 611516 4937.4849
2019:05:06 14:26:52 617242 4911.9294
2019:05:06 14:26:52 622965 4507.7540
2019:05:06 14:26:52 628298 4505.8653
2019:05:06 14:26:52 635262 4926.7262
2019:05:06 14:26:52 640984 4899.3081
2019:05:06 14:26:52 647960 5324.0322
2019:05:06 14:26:52 654511 5707.7333
2019:05:06 14:26:52 660243 5292.6168
2019:05:06 14:26:52 665976 4917.1522
2019:05:06 14:26:52 672120 5307.3578
2019:05:06 14:26:52 678283 4919.0111
2019:05:06 14:26:52 684416 5328.2343
2019:05:06 14:26:52 690230 5000.9936
2019:05:06 14:26:52 695881 4103.7314
2019:05:06 14:26:52 702027 4513.7852
2019:05:06 14:26:52 707752 4917.7371
2019:05:06 14:26:52 713491 4912.0225
2019:05:06 14:26:52 720057 5740.5718
2019:05:06 14:26:52 726194 5746.5546
2019:05:06 14:26:52 733166 6563.1233
2019:05:06 14:26:52 738897 4934.5084
2019:05:06 14:26:52 745513 5404.3531
2019:05:06 14:26:52 751605 5350.9176
2019:05:06 14:26:52 757315 5325.8650
2019:05:06 14:26:52 764267 5307.6223
2019:05:06 14:26:52 770096 4989.1621
2019:05:06 14:26:52 776565 4906.6246
2019:05:06 14:26:52 782391 4996.1433
2019:05:06 14:26:52 788454 5333.0176
2019:05:06 14:26:52 794667 4986.2340
2019:05:06 14:26:52 799914 4512.6490
2019:05:06 14:26:52 806056 4504.4012
2019:05:06 14:26:52 812631 5338.6502
2019:05:06 14:26:52 818754 6115.7420
2019:05:06 14:26:52 825311 5329.1321
2019:05:06 14:26:52 832264 6151.1658
2019:05:06 14:26:52 837996 4904.6278
2019:05:06 14:26:52 844559 4911.2178
2019:05:06 14:26:52 850706 4918.6908
2019:05:06 14:26:52 856839 4909.9699
2019:05:06 14:26:52 862575 4915.4833
2019:05:06 14:26:52 868715 5312.9457
2019:05:06 14:26:52 874863 4909.1130
2019:05:06 14:26:52 880612 4923.8428
2019:05:06 14:26:52 886762 5336.4933
2019:05:06 14:26:52 892484 4921.1495
2019:05:06 14:26:52 898216 4925.1989
2019:05:06 14:26:52 904354 4510.8795
2019:05:06 14:26:52 910085 4916.7499
2019:05:06 14:26:52 915817 4903.6406
2019:05:06 14:26:52 922395 5750.1979
2019:05:06 14:26:52 928106 5322.2179
2019:05:06 14:26:52 934256 5332.9319
2019:05:06 14:26:52 939993 5334.6530
2019:05:06 14:26:52 946954 5325.6713
2019:05:06 14:26:52 952685 4924.9306
2019:05:06 14:26:52 959645 5735.3228
2019:05:06 14:26:52 965391 4926.3127
2019:05:06 14:26:52 971535 5329.5903
2019:05:06 14:26:52 978097 5752.4741
2019:05:06 14:26:52 984633 5721.1667
2019:05:06 14:26:52 990365 4923.0158
2019:05:06 14:26:52 996514 5259.7225
2019:05:06 14:26:53 2246 4921.6226
2019:05:06 14:26:53 8395 5336.9738
2019:05:06 14:26:53 14117 5300.8944
2019:05:06 14:26:53 20260 5323.4771
2019:05:06 14:26:53 26000 5314.2756
2019:05:06 14:26:53 31731 4917.0852
2019:05:06 14:26:53 37895 5353.1080
2019:05:06 14:26:53 44044 5767.5093
2019:05:06 14:26:53 49775 5724.0427
2019:05:06 14:26:53 56308 5728.4050
2019:05:06 14:26:53 62042 5244.6947
2019:05:06 14:26:53 68193 4932.9959
2019:05:06 14:26:53 73925 4927.4340
2019:05:06 14:26:53 80083 4939.2544
2019:05:06 14:26:53 86224 4524.9462
2019:05:06 14:26:53 92765 4931.0327
2019:05:06 14:26:53 98916 5738.1243
2019:05:06 14:26:53 104658 5347.6691
2019:05:06 14:26:53 110788 5324.6580
2019:05:06 14:26:53 116516 4918.3853
2019:05:06 14:26:53 123087 5344.8379
2019:05:06 14:26:53 128812 5334.8877
2019:05:06 14:26:53 135767 6557.9452
2019:05:06 14:26:53 141932 5344.9608
2019:05:06 14:26:53 148466 6142.0426
2019:05:06 14:26:53 154199 4920.3224
2019:05:06 14:26:53 159938 4516.7767
2019:05:06 14:26:53 166917 5739.7746
2019:05:06 14:26:53 173450 6149.1840
2019:05:06 14:26:53 179611 5729.1836
2019:05:06 14:26:53 185766 5769.3049
2019:05:06 14:26:53 191476 5702.5664
2019:05:06 14:26:53 197207 4916.4817
2019:05:06 14:26:53 203353 4922.7141
2019:05:06 14:26:53 209501 5340.5128
2019:05:06 14:26:53 214813 4489.6044
2019:05:06 14:26:53 220562 4106.5402
2019:05:06 14:26:53 227520 5319.4053
2019:05:06 14:26:53 232426 4486.6800
2019:05:06 14:26:53 238987 4919.4135
2019:05:06 14:26:53 245199 4581.6563
2019:05:06 14:26:53 250045 4103.9586
2019:05:06 14:26:53 255773 4485.0223
2019:05:06 14:26:53 262740 5322.4973
2019:05:06 14:26:53 268476 5313.2251
2019:05:06 14:26:53 274637 5737.8002
2019:05:06 14:26:53 281167 5728.1442
2019:05:06 14:26:53 286906 5309.2465
2019:05:06 14:26:53 293460 5747.6312
2019:05:06 14:26:53 299592 4906.0844
2019:05:06 14:26:53 305332 4900.4927
2019:05:06 14:26:53 311473 4913.8293
2019:05:06 14:26:53 317198 4901.6625
2019:05:06 14:26:53 323353 5319.1520
2019:05:06 14:26:53 329097 4909.6905
2019:05:06 14:26:53 334820 4896.6967
2019:05:06 14:26:53 340554 4912.2013
2019:05:06 14:26:53 346290 4886.8991
2019:05:06 14:26:53 352431 4913.1066
2019:05:06 14:26:53 358161 4907.0492
2019:05:06 14:26:53 364310 5319.2228
2019:05:06 14:26:53 370465 5340.6544
2019:05:06 14:26:53 377426 6155.7889
2019:05:06 14:26:53 383153 5303.0998
2019:05:06 14:26:53 389308 4919.1490
2019:05:06 14:26:53 395457 5332.0713
2019:05:06 14:26:53 401595 5736.8390
2019:05:06 14:26:53 406917 4504.0995
2019:05:06 14:26:53 412655 4105.0799
2019:05:06 14:26:53 419605 5312.3608
2019:05:06 14:26:53 425757 5336.4821
2019:05:06 14:26:53 432304 6126.3628
2019:05:06 14:26:53 438866 5730.8003
2019:05:06 14:26:53 445005 5730.3756
2019:05:06 14:26:53 450736 4904.4006
2019:05:06 14:26:53 456882 4913.3226
2019:05:06 14:26:53 463019 5318.2170
2019:05:06 14:26:53 468745 4895.5567
2019:05:06 14:26:53 474491 4517.5180
2019:05:06 14:26:53 481483 5357.1351
2019:05:06 14:26:53 488009 5728.8446
2019:05:06 14:26:53 494162 5257.4612
2019:05:06 14:26:53 499897 4928.6038
2019:05:06 14:26:53 506439 5735.5799
2019:05:06 14:26:53 512603 5749.8142
2019:05:06 14:26:53 518328 5718.0785
2019:05:06 14:26:53 525275 4921.5779
2019:05:06 14:26:53 531830 4910.8937
2019:05:06 14:26:53 537978 5324.7549
2019:05:06 14:26:53 543715 5323.1120
2019:05:06 14:26:53 550675 5742.7101
2019:05:06 14:26:53 556400 5323.3802
2019:05:06 14:26:53 562143 4917.5620
2019:05:06 14:26:53 568696 5746.4018
2019:05:06 14:26:53 575248 5735.3899
2019:05:06 14:26:53 581392 4906.1626
2019:05:06 14:26:53 587530 4909.6942
2019:05:06 14:26:53 593360 5005.9371
2019:05:06 14:26:53 599424 5314.8083
2019:05:06 14:26:53 605577 4927.9891
2019:05:06 14:26:53 611707 5319.8226
2019:05:06 14:26:53 617437 5326.4908
2019:05:06 14:26:53 623168 4914.9692
2019:05:06 14:26:53 629320 4933.6478
2019:05:06 14:26:53 635051 4925.3888
2019:05:06 14:26:53 641189 5322.4191
2019:05:06 14:26:53 647352 5346.6745
2019:05:06 14:26:53 654290 6148.9679
2019:05:06 14:26:53 660433 5730.1186
2019:05:06 14:26:53 666177 5317.8668
2019:05:06 14:26:53 672343 4949.4989
2019:05:06 14:26:53 678065 4937.2539
2019:05:06 14:26:53 684204 4930.3658
2019:05:06 14:26:53 689969 4531.4953
2019:05:06 14:26:53 696489 4098.6985
2019:05:06 14:26:53 702633 4513.4239
2019:05:06 14:26:53 708356 4492.7895
2019:05:06 14:26:53 714105 4503.7009
2019:05:06 14:26:53 719835 4097.1637
2019:05:06 14:26:53 726400 4927.0876
2019:05:06 14:26:53 732533 5327.8692
2019:05:06 14:26:53 738674 5334.7945
2019:05:06 14:26:53 744407 5322.4489
2019:05:06 14:26:53 750145 5322.7469
2019:05:06 14:26:53 755879 5324.1774
2019:05:06 14:26:53 761611 4911.9741
2019:05:06 14:26:53 767751 5319.6661
2019:05:06 14:26:53 773484 5315.5869
2019:05:06 14:26:53 779711 5414.7094
2019:05:06 14:26:53 785776 5314.5848
2019:05:06 14:26:53 791509 4497.7330
2019:05:06 14:26:53 797242 4092.5518
2019:05:06 14:26:53 803810 4526.2389
2019:05:06 14:26:53 810762 5739.7932
2019:05:06 14:26:53 816507 4932.3626
2019:05:06 14:26:53 823060 5333.4571
2019:05:06 14:26:53 830004 5736.9061
2019:05:06 14:26:53 836157 4507.7354
2019:05:06 14:26:53 842701 5323.8794
2019:05:06 14:26:53 848026 4835.3188
2019:05:06 14:26:53 853752 4500.9665
2019:05:06 14:26:53 859087 4083.0001
2019:05:06 14:26:53 865229 4916.7089
2019:05:06 14:26:53 871792 5745.9287
2019:05:06 14:26:53 878001 4983.6859
2019:05:06 14:26:53 883665 4906.6246
2019:05:06 14:26:53 889398 4921.9131
2019:05:06 14:26:53 895133 4914.8016
2019:05:06 14:26:53 901270 5311.5226
2019:05:06 14:26:53 906602 4102.7330
2019:05:06 14:26:53 912339 4504.3826
2019:05:06 14:26:53 918894 5331.1251
2019:05:06 14:26:53 923812 4528.0531
2019:05:06 14:26:53 930353 5247.1720
2019:05:06 14:26:53 936089 4835.5795
2019:05:06 14:26:53 941824 4910.8528
2019:05:06 14:26:53 948388 4930.2354
2019:05:06 14:26:53 954108 5320.2659
2019:05:06 14:26:53 959847 4915.2784
2019:05:06 14:26:53 966010 5343.8321
2019:05:06 14:26:53 971726 5326.6622
2019:05:06 14:26:53 977882 5338.4267
2019:05:06 14:26:53 983195 4922.6657
2019:05:06 14:26:53 989341 5341.6714
2019:05:06 14:26:53 995895 5728.9824
2019:05:06 14:26:54 2443 6138.5185
2019:05:06 14:26:54 9406 6153.1551
2019:05:06 14:26:54 15146 5333.9861
2019:05:06 14:26:54 20465 4500.4822
2019:05:06 14:26:54 26197 4094.3474
2019:05:06 14:26:54 32768 5345.9257
2019:05:06 14:26:54 38904 5748.7264
2019:05:06 14:26:54 45039 5325.9246
2019:05:06 14:26:54 52015 5749.4380
2019:05:06 14:26:54 58226 5829.4460
2019:05:06 14:26:54 64290 4914.8649
2019:05:06 14:26:54 71265 4920.2032
2019:05:06 14:26:54 77810 5729.9957
2019:05:06 14:26:54 83950 5327.5302
2019:05:06 14:26:54 89700 4934.9070
2019:05:06 14:26:54 96252 5345.6835
2019:05:06 14:26:54 101992 4947.5953
2019:05:06 14:26:54 108144 5363.7549
2019:05:06 14:26:54 116307 4919.3576
2019:05:06 14:26:54 122462 5343.6086
2019:05:06 14:26:54 129408 5733.2888
2019:05:06 14:26:54 135152 4919.7264
2019:05:06 14:26:54 141289 4499.7297
2019:05:06 14:26:54 146601 4079.6623
2019:05:06 14:26:54 152741 4482.8765
2019:05:06 14:26:54 158900 4897.6615
2019:05:06 14:26:54 164733 4582.3939
2019:05:06 14:26:54 171184 5317.6917
2019:05:06 14:26:54 177015 5005.8141
2019:05:06 14:26:54 183068 5315.1920
2019:05:06 14:26:54 189212 5735.5501
2019:05:06 14:26:54 194940 4907.0604
2019:05:06 14:26:54 200679 5317.0659
2019:05:06 14:26:54 206823 5321.7709
2019:05:06 14:26:54 212554 4912.1641
2019:05:06 14:26:54 218286 4898.7158
2019:05:06 14:26:54 224120 5012.9704
2019:05:06 14:26:54 230171 5321.8417
2019:05:06 14:26:54 235902 4909.6867
2019:05:06 14:26:54 241638 4917.3757
2019:05:06 14:26:54 247782 5732.3277
2019:05:06 14:26:54 253523 4913.9895
2019:05:06 14:26:54 259250 4506.4986
2019:05:06 14:26:54 265381 4906.2409
2019:05:06 14:26:54 271131 4511.5091
2019:05:06 14:26:54 276871 4094.5895
2019:05:06 14:26:54 284241 5317.7476
2019:05:06 14:26:54 289966 4924.7704
2019:05:06 14:26:54 296113 4916.5860
2019:05:06 14:26:54 302247 5329.0203
2019:05:06 14:26:54 308008 5313.6274
2019:05:06 14:26:54 314133 5328.2194
2019:05:06 14:26:54 319867 5331.4678
2019:05:06 14:26:54 325606 5321.9460
2019:05:06 14:26:54 331754 5724.5605
2019:05:06 14:26:54 337481 4918.6200
2019:05:06 14:26:54 344053 5344.6330
2019:05:06 14:26:54 349779 5341.0418
2019:05:06 14:26:54 356327 4930.7272
2019:05:06 14:26:54 362482 5256.6044
2019:05:06 14:26:54 368204 5336.0797
2019:05:06 14:26:54 374360 5757.4660
2019:05:06 14:26:54 380067 5699.7240
2019:05:06 14:26:54 386656 6170.8726
2019:05:06 14:26:54 393184 6521.0946
2019:05:06 14:26:54 398914 4907.5820
2019:05:06 14:26:54 405064 5322.3856
2019:05:06 14:26:54 410786 5309.6935
2019:05:06 14:26:54 416526 4910.8304
2019:05:06 14:26:54 422265 4898.8312
2019:05:06 14:26:54 428404 5325.2168
2019:05:06 14:26:54 434551 4915.9154
2019:05:06 14:26:54 440288 4510.7678
2019:05:06 14:26:54 446431 4516.4861
2019:05:06 14:26:54 451754 4111.0180
2019:05:06 14:26:54 457895 4505.0420
2019:05:06 14:26:54 464040 4500.1470
2019:05:06 14:26:54 469868 4591.7034
2019:05:06 14:26:54 475927 4514.4074
2019:05:06 14:26:54 482057 4509.3186
2019:05:06 14:26:54 487786 4496.2615
2019:05:06 14:26:54 493539 4109.2038
2019:05:06 14:26:54 499265 4104.2566
2019:05:06 14:26:54 505825 4932.4967
2019:05:06 14:26:54 511140 4107.1698
2019:05:06 14:26:54 517283 4511.1738
2019:05:06 14:26:54 523113 4589.0957
2019:05:06 14:26:54 529163 4504.6285
2019:05:06 14:26:54 534905 4108.7419
2019:05:06 14:26:54 541461 5325.2652
2019:05:06 14:26:54 547193 4915.5876
2019:05:06 14:26:54 552910 4495.4084
2019:05:06 14:26:54 558660 4107.6504
2019:05:06 14:26:54 565220 4938.1927
2019:05:06 14:26:54 570947 4915.2784
2019:05:06 14:26:54 576658 4495.5499
2019:05:06 14:26:54 582414 4104.8639
2019:05:06 14:26:54 588649 5002.2192
2019:05:06 14:26:54 594288 4500.8324
2019:05:06 14:26:54 600839 4909.1317
2019:05:06 14:26:54 606566 4501.7637
2019:05:06 14:26:54 612314 4506.9307
2019:05:06 14:26:54 618456 4518.8777
2019:05:06 14:26:54 624178 4507.0387
2019:05:06 14:26:54 630333 4516.0800
2019:05:06 14:26:54 635657 4105.5977
2019:05:06 14:26:54 642215 4918.9068
2019:05:06 14:26:54 647533 4106.3949
2019:05:06 14:26:54 653684 4516.0614
2019:05:06 14:26:54 659825 4918.9925
2019:05:06 14:26:54 665154 4110.7163
2019:05:06 14:26:54 671293 4097.1786
2019:05:06 14:26:54 677437 4915.2523
2019:05:06 14:26:54 683578 4909.6309
2019:05:06 14:26:54 689723 4918.2735
2019:05:06 14:26:54 695125 4184.0747
2019:05:06 14:26:54 701601 4916.2842
2019:05:06 14:26:54 706920 4104.8191
2019:05:06 14:26:54 713069 4505.3810
2019:05:06 14:26:54 719207 4514.1503
2019:05:06 14:26:54 725368 4938.2299
2019:05:06 14:26:54 730678 4101.2578
2019:05:06 14:26:54 736825 4522.4167
2019:05:06 14:26:54 742555 4499.0256
2019:05:06 14:26:54 748690 4495.1029
2019:05:06 14:26:54 754438 4111.2192
2019:05:06 14:26:54 760987 4915.1517
2019:05:06 14:26:54 766311 4107.4231
2019:05:06 14:26:54 772458 4507.7391
2019:05:06 14:26:54 778191 4109.0883
2019:05:06 14:26:54 784336 4507.3815
2019:05:06 14:26:54 790480 4926.3984
2019:05:06 14:26:54 796624 4931.0885
2019:05:06 14:26:54 802771 5249.4593
2019:05:06 14:26:54 808495 4922.7290
2019:05:06 14:26:54 814230 4508.1899
2019:05:06 14:26:54 820056 4197.8285
2019:05:06 14:26:54 826114 4508.3724
2019:05:06 14:26:54 831849 4107.8664
2019:05:06 14:26:54 838400 5326.5020
2019:05:06 14:26:54 844137 4929.7251
2019:05:06 14:26:54 849863 4494.6931
2019:05:06 14:26:54 855183 4417.2853
2019:05:06 14:26:54 861747 4519.6787
2019:05:06 14:26:54 867892 4918.1953
2019:05:06 14:26:54 873214 4509.8849
2019:05:06 14:26:54 878955 3708.0348
2019:05:06 14:26:54 884682 4100.9076
2019:05:06 14:26:54 891645 4922.5800
2019:05:06 14:26:54 897383 4518.3450
2019:05:06 14:26:54 903109 4103.0087
2019:05:06 14:26:54 909258 4511.4122
2019:05:06 14:26:54 915386 4503.2948
2019:05:06 14:26:54 921136 4528.0717
2019:05:06 14:26:54 926861 4103.4184
2019:05:06 14:26:54 933427 5325.4142
2019:05:06 14:26:54 938825 4186.7159
2019:05:06 14:26:54 944885 4518.2742
2019:05:06 14:26:54 950622 4103.6941
2019:05:06 14:26:54 956769 4502.4380
2019:05:06 14:26:54 962917 4922.6061
2019:05:06 14:26:54 968651 4517.8644
2019:05:06 14:26:54 974384 4098.5420
2019:05:06 14:26:54 980526 4518.1550
2019:05:06 14:26:54 986259 4507.0834
2019:05:06 14:26:54 992820 4924.8673
2019:05:06 14:26:54 998534 4504.2858
2019:05:06 14:26:55 4285 4507.5938
2019:05:06 14:26:55 10012 4495.5164
2019:05:06 14:26:55 16163 4522.4987
2019:05:06 14:26:55 22290 4503.2240
2019:05:06 14:26:55 28042 4517.5292
2019:05:06 14:26:55 33769 4103.8319
2019:05:06 14:26:55 39916 4522.0293
2019:05:06 14:26:55 45646 4106.8904
2019:05:06 14:26:55 51783 4508.3836
2019:05:06 14:26:55 57524 4103.7910
2019:05:06 14:26:55 63668 4505.8355
2019:05:06 14:26:55 69810 4913.3822
2019:05:06 14:26:55 75553 4911.8139
2019:05:06 14:26:55 81699 4925.1243
2019:05:06 14:26:55 87418 4514.7315
2019:05:06 14:26:55 93157 4104.9048
2019:05:06 14:26:55 99300 4521.1911
2019:05:06 14:26:55 105035 4108.1272
2019:05:06 14:26:55 111170 4497.0326
2019:05:06 14:26:55 116994 4181.3962
2019:05:06 14:26:55 123054 4511.6730
2019:05:06 14:26:55 128789 4099.9167
2019:05:06 14:26:55 134939 4502.5535
2019:05:06 14:26:55 140670 4504.1777
2019:05:06 14:26:55 147229 4926.9609
2019:05:06 14:26:55 152549 4107.0096
2019:05:06 14:26:55 158698 4525.1437
2019:05:06 14:26:55 164421 4104.0145
2019:05:06 14:26:55 170557 4489.8391
2019:05:06 14:26:55 176301 4103.9288
2019:05:06 14:26:55 183273 4913.6579
2019:05:06 14:26:55 189816 5305.1487
2019:05:06 14:26:55 195574 4916.9958
2019:05:06 14:26:55 202553 5772.3746
2019:05:06 14:26:55 208266 5344.6516
2019:05:06 14:26:55 214811 4919.0000
2019:05:06 14:26:55 220968 4944.4586
2019:05:06 14:26:55 226696 5336.4933
2019:05:06 14:26:55 232827 5741.0114
2019:05:06 14:26:55 238969 5728.4795
2019:05:06 14:26:55 245538 5737.6102
2019:05:06 14:26:55 251659 5730.6774
2019:05:06 14:26:55 257397 4514.4856
2019:05:06 14:26:55 263129 4513.0253
2019:05:06 14:26:55 269275 4506.1558
2019:05:06 14:26:55 275837 4930.4850
2019:05:06 14:26:55 281152 4105.8511
2019:05:06 14:26:55 287290 4494.5106
2019:05:06 14:26:55 293032 4501.9314
2019:05:06 14:26:55 299183 4527.2633
2019:05:06 14:26:55 304908 4101.7011
2019:05:06 14:26:55 311058 4510.7566
2019:05:06 14:26:55 317209 4925.1579
2019:05:06 14:26:55 322919 4493.7097
2019:05:06 14:26:55 328667 4102.8038
2019:05:06 14:26:55 335224 5325.9470
2019:05:06 14:26:55 340954 4929.5388
2019:05:06 14:26:55 346280 4504.9712
2019:05:06 14:26:55 352823 4907.9247
2019:05:06 14:26:55 358566 4518.0544
2019:05:06 14:26:55 364297 4502.4119
2019:05:06 14:26:55 370448 4508.9573
2019:05:06 14:26:55 376178 4505.7423
2019:05:06 14:26:55 382327 4516.1061
2019:05:06 14:26:55 388465 4920.4305
2019:05:06 14:26:55 394200 4520.9788
2019:05:06 14:26:55 399928 4497.3604
2019:05:06 14:26:55 406067 4503.7158
2019:05:06 14:26:55 411809 4103.5376
2019:05:06 14:26:55 417952 4500.3779
2019:05:06 14:26:55 423686 4103.7314
2019:05:06 14:26:55 429836 4504.4385
2019:05:06 14:26:55 435972 4511.7028
2019:05:06 14:26:55 441714 4513.7256
2019:05:06 14:26:55 447447 4105.0054
2019:05:06 14:26:55 454002 4929.7549
2019:05:06 14:26:55 459736 4922.5911
2019:05:06 14:26:55 465882 4930.0902
2019:05:06 14:26:55 471199 4098.1844
2019:05:06 14:26:55 477342 4512.8912
2019:05:06 14:26:55 483898 4488.7960
2019:05:06 14:26:55 489639 4515.6889
2019:05:06 14:26:55 495363 4087.6716
2019:05:06 14:26:55 501937 4927.2999
2019:05:06 14:26:55 508069 5328.2008
2019:05:06 14:26:55 513808 4928.9465
2019:05:06 14:26:55 520364 4931.3307
2019:05:06 14:26:55 526093 4933.0555
2019:05:06 14:26:55 532225 4502.2592
2019:05:06 14:26:55 538785 4499.4392
2019:05:06 14:26:55 544942 4928.0375
2019:05:06 14:26:55 551072 5318.9509
2019:05:06 14:26:55 557215 5323.0226
2019:05:06 14:26:55 562947 5329.9256
2019:05:06 14:26:55 568676 4919.6146
2019:05:06 14:26:55 574834 5251.1059
2019:05:06 14:26:55 580566 5316.7567
2019:05:06 14:26:55 586712 4932.0683
2019:05:06 14:26:55 592435 4920.0654
2019:05:06 14:26:55 598581 4925.7576
2019:05:06 14:26:55 604327 4927.8811
2019:05:06 14:26:55 610487 4937.5966
2019:05:06 14:26:55 617018 5331.0581
2019:05:06 14:26:55 622747 4914.3285
2019:05:06 14:26:55 628483 4920.1809
2019:05:06 14:26:55 634625 5332.8313
2019:05:06 14:26:55 640359 5311.4705
2019:05:06 14:26:55 646093 5315.2479
2019:05:06 14:26:55 652232 5327.7425
2019:05:06 14:26:55 657960 5294.7402
2019:05:06 14:26:55 664134 4929.3824
2019:05:06 14:26:55 669946 5008.7459
2019:05:06 14:26:55 676008 4931.4909
2019:05:06 14:26:55 681734 4916.8952
2019:05:06 14:26:55 687883 5336.4597
2019:05:06 14:26:55 693612 5325.3807
2019:05:06 14:26:55 700576 6148.3644
2019:05:06 14:26:55 706716 5331.5461
2019:05:06 14:26:55 712871 4939.1575
2019:05:06 14:26:55 719002 4918.5716
2019:05:06 14:26:55 725139 5332.9989
2019:05:06 14:26:55 731686 4893.2619
2019:05:06 14:26:55 737425 4898.0489
2019:05:06 14:26:55 743155 4497.4647
2019:05:06 14:26:55 750130 5739.6106
2019:05:06 14:26:55 756684 6158.3109
2019:05:06 14:26:55 762412 5294.2410
2019:05:06 14:26:55 768554 5716.8491
2019:05:06 14:26:55 774290 5294.3826
2019:05:06 14:26:55 780025 4916.4481
2019:05:06 14:26:55 784958 4120.9571
2019:05:06 14:26:55 789886 4133.2133
2019:05:06 14:26:55 795182 4420.1016
2019:05:06 14:26:55 799302 3275.1039
2019:05:06 14:26:55 802580 3269.8885
2019:05:06 14:26:55 805859 3270.0412
2019:05:06 14:26:55 809134 3266.0887
2019:05:06 14:26:55 812380 3237.0053
2019:05:06 14:26:55 815338 2953.5256
2019:05:06 14:26:55 818926 3285.0467
2019:05:06 14:26:55 820571 1640.2155
2019:05:06 14:26:55 822617 1655.9027
2019:05:06 14:26:55 824662 1654.7479
2019:05:06 14:26:55 826712 1656.7446
2019:05:06 14:26:55 828758 1654.8820
2019:05:06 14:26:55 830814 1662.7535
2019:05:06 14:26:55 833251 2050.8543
2019:05:06 14:26:55 835299 2043.9252
2019:05:06 14:26:55 837383 1674.0859
2019:05:06 14:26:55 839407 1654.1816
2019:05:06 14:26:55 841855 2055.7567
2019:05:06 14:26:55 843505 1645.4495
2019:05:06 14:26:55 845951 2044.8305
2019:05:06 14:26:55 847600 1644.7306
2019:05:06 14:26:55 850056 2064.6527
2019:05:06 14:26:55 851708 1643.2591
2019:05:06 14:26:55 853746 1652.9672
2019:05:06 14:26:55 855797 1661.6732
2019:05:06 14:26:55 857848 1649.7225
2019:05:06 14:26:55 859887 1653.1497
2019:05:06 14:26:55 861935 1647.9008
2019:05:06 14:26:55 864379 2051.9122
2019:05:06 14:26:55 866834 2451.1144
2019:05:06 14:26:55 868487 1639.7052
2019:05:06 14:26:55 870541 1661.0399
2019:05:06 14:26:55 872588 1659.2480
2019:05:06 14:26:55 874632 1655.5898
2019:05:06 14:26:55 876701 1664.7428
2019:05:06 14:26:55 878733 1649.7709
2019:05:06 14:26:55 880784 1663.9940
2019:05:06 14:26:55 883225 2055.5034
2019:05:06 14:26:55 885268 2028.8192
2019:05:06 14:26:55 886921 1648.6682
2019:05:06 14:26:55 888965 1653.6973
2019:05:06 14:26:55 891016 1650.7693
2019:05:06 14:26:55 893463 2056.2559
2019:05:06 14:26:55 895112 1629.9412
2019:05:06 14:26:55 897159 1655.9958
2019:05:06 14:26:55 899208 1653.4366
2019:05:06 14:26:55 901252 1652.7772
2019:05:06 14:26:55 903302 1653.9954
2019:05:06 14:26:55 905750 2055.2538
2019:05:06 14:26:55 907398 1633.7670
2019:05:06 14:26:55 909843 2052.6089
2019:05:06 14:26:55 912296 2449.1772
2019:05:06 14:26:55 913955 1644.1531
2019:05:06 14:26:55 915999 1654.5653
2019:05:06 14:26:55 918049 1657.4897
2019:05:06 14:26:55 920096 1655.0198
2019:05:06 14:26:55 922144 1655.4296
2019:05:06 14:26:55 924191 1654.9304
2019:05:06 14:26:55 926238 1654.9267
2019:05:06 14:26:55 928287 1654.9192
2019:05:06 14:26:55 930336 1656.5472
