
# OSU MPI Allreduce Latency Test v5.6.1
# Size       Avg Latency(us)
1024                  552.70
2019:05:06 14:23:29 436585 449.2290
2019:05:06 14:23:29 437428 424.6198
2019:05:06 14:23:29 438170 349.1379
2019:05:06 14:23:29 439054 423.8039
2019:05:06 14:23:29 440215 755.7236
2019:05:06 14:23:29 441099 437.8483
2019:05:06 14:23:29 442262 753.2239
2019:05:06 14:23:29 442739 468.2951
2019:05:06 14:23:29 443558 413.5929
2019:05:06 14:23:29 444319 355.0313
2019:05:06 14:23:29 445193 433.0836
2019:05:06 14:23:29 445996 412.2779
2019:05:06 14:23:29 446817 480.7115
2019:05:06 14:23:29 447636 416.2081
2019:05:06 14:23:29 448411 348.9070
2019:05:06 14:23:29 449291 438.0308
2019:05:06 14:23:29 450121 420.5070
2019:05:06 14:23:29 450914 461.0382
2019:05:06 14:23:29 451755 417.9552
2019:05:06 14:23:29 452501 346.3402
2019:05:06 14:23:29 453364 805.0427
2019:05:06 14:23:29 454207 413.1757
2019:05:06 14:23:29 455008 462.1744
2019:05:06 14:23:29 455853 441.4208
2019:05:06 14:23:29 456598 350.3710
2019:05:06 14:23:29 457464 399.5970
2019:05:06 14:23:29 458298 408.1279
2019:05:06 14:23:29 459121 478.4875
2019:05:06 14:23:29 459941 412.2145
2019:05:06 14:23:29 460676 348.4786
2019:05:06 14:23:29 461557 419.2293
2019:05:06 14:23:29 462377 416.8861
2019:05:06 14:23:29 463201 482.8461
2019:05:06 14:23:29 464021 417.5380
2019:05:06 14:23:29 464796 373.6988
2019:05:06 14:23:29 465675 418.3836
2019:05:06 14:23:29 466493 414.8372
2019:05:06 14:23:29 467314 483.5799
2019:05:06 14:23:29 468108 785.8537
2019:05:06 14:23:29 468896 379.3091
2019:05:06 14:23:29 469754 403.5160
2019:05:06 14:23:29 470913 754.2707
2019:05:06 14:23:29 471390 468.0529
2019:05:06 14:23:29 472208 415.1203
2019:05:06 14:23:29 472962 349.6818
2019:05:06 14:23:29 473845 418.7152
2019:05:06 14:23:29 474664 416.9866
2019:05:06 14:23:29 475479 478.7594
2019:05:06 14:23:29 476709 819.0088
2019:05:06 14:23:29 477537 459.0005
2019:05:06 14:23:29 478369 827.6477
2019:05:06 14:23:29 479124 747.9563
2019:05:06 14:23:29 479598 467.4457
2019:05:06 14:23:29 480400 418.2979
2019:05:06 14:23:29 481635 807.5126
2019:05:06 14:23:29 482449 808.9282
2019:05:06 14:23:29 483207 753.8199
2019:05:06 14:23:29 483679 467.7214
2019:05:06 14:23:29 484499 417.0910
2019:05:06 14:23:29 485304 380.4937
2019:05:06 14:23:29 486144 407.6250
2019:05:06 14:23:29 486990 431.9437
2019:05:06 14:23:29 487770 460.0063
2019:05:06 14:23:29 488590 417.8695
2019:05:06 14:23:29 489355 343.9188
2019:05:06 14:23:29 490252 416.1373
2019:05:06 14:23:29 491070 412.0283
2019:05:06 14:23:29 491871 459.8796
2019:05:06 14:23:29 492697 424.8582
2019:05:06 14:23:29 493451 338.4016
2019:05:06 14:23:29 494330 415.5971
2019:05:06 14:23:29 495141 411.7861
2019:05:06 14:23:29 495965 484.5597
2019:05:06 14:23:29 496802 832.4236
2019:05:06 14:23:29 498027 816.1291
2019:05:06 14:23:29 498864 828.9777
2019:05:06 14:23:29 499589 720.9145
2019:05:06 14:23:29 500060 451.5052
2019:05:06 14:23:29 500899 435.4455
2019:05:06 14:23:29 501664 358.9317
2019:05:06 14:23:29 502535 416.1745
2019:05:06 14:23:29 503365 420.3171
2019:05:06 14:23:29 504164 487.2829
2019:05:06 14:23:29 505396 828.2550
2019:05:06 14:23:29 506208 483.6395
2019:05:06 14:23:29 507022 414.6807
2019:05:06 14:23:29 507775 349.1864
2019:05:06 14:23:29 508654 414.8856
2019:05:06 14:23:29 509511 421.7513
2019:05:06 14:23:29 510312 473.3503
2019:05:06 14:23:29 511134 415.6642
2019:05:06 14:23:29 511889 350.6280
2019:05:06 14:23:29 512773 823.3450
2019:05:06 14:23:29 513602 424.1690
2019:05:06 14:23:29 514415 476.6434
2019:05:06 14:23:29 515235 412.8702
2019:05:06 14:23:29 515991 351.2241
2019:05:06 14:23:29 516869 414.6248
2019:05:06 14:23:29 517671 396.4305
2019:05:06 14:23:29 518489 478.1112
2019:05:06 14:23:29 519308 417.2176
2019:05:06 14:23:29 520539 825.9527
2019:05:06 14:23:29 521360 817.4218
2019:05:06 14:23:29 522134 769.8685
2019:05:06 14:23:29 522592 454.0682
2019:05:06 14:23:29 523424 433.9814
2019:05:06 14:23:29 524179 348.3221
2019:05:06 14:23:29 525058 416.2490
2019:05:06 14:23:29 525888 417.8137
2019:05:06 14:23:29 526695 473.2758
2019:05:06 14:23:29 527517 415.2954
2019:05:06 14:23:29 528276 353.7796
2019:05:06 14:23:29 529156 410.7170
2019:05:06 14:23:29 529966 416.7743
2019:05:06 14:23:29 530777 478.1857
2019:05:06 14:23:29 531599 417.7839
2019:05:06 14:23:29 532840 837.0616
2019:05:06 14:23:29 533669 823.4382
2019:05:06 14:23:29 534414 740.6771
2019:05:06 14:23:29 534894 473.9352
2019:05:06 14:23:29 535713 413.2353
2019:05:06 14:23:29 536466 348.3556
2019:05:06 14:23:29 537348 418.6332
2019:05:06 14:23:29 538161 408.4669
2019:05:06 14:23:29 538992 485.8114
2019:05:06 14:23:29 539806 810.3736
2019:05:06 14:23:29 540566 355.2698
2019:05:06 14:23:29 541424 404.4138
2019:05:06 14:23:29 542591 758.0891
2019:05:06 14:23:29 543064 469.2040
2019:05:06 14:23:29 543883 414.4795
2019:05:06 14:23:29 544637 349.3503
2019:05:06 14:23:29 545127 413.3023
2019:05:06 14:23:29 545947 412.7175
2019:05:06 14:23:29 546701 348.7170
2019:05:06 14:23:29 547581 417.9440
2019:05:06 14:23:29 548409 418.5662
2019:05:06 14:23:29 549220 476.8036
2019:05:06 14:23:29 550052 422.2617
2019:05:06 14:23:29 550799 345.5505
2019:05:06 14:23:29 551684 824.1087
2019:05:06 14:23:29 552511 821.6575
2019:05:06 14:23:29 553324 481.4118
2019:05:06 14:23:29 554124 796.1877
2019:05:06 14:23:29 554879 351.2129
2019:05:06 14:23:29 555372 412.4232
2019:05:06 14:23:29 556191 413.5296
2019:05:06 14:23:29 556944 347.1151
2019:05:06 14:23:29 557827 416.8451
2019:05:06 14:23:29 558652 422.3511
2019:05:06 14:23:29 559462 473.8271
2019:05:06 14:23:29 560287 418.5326
2019:05:06 14:23:29 561049 355.5715
2019:05:06 14:23:29 561932 420.6449
2019:05:06 14:23:29 562744 416.1857
2019:05:06 14:23:29 563561 475.4737
2019:05:06 14:23:29 564384 414.0772
2019:05:06 14:23:29 565136 346.8730
2019:05:06 14:23:29 566000 414.1517
2019:05:06 14:23:29 566839 417.1021
2019:05:06 14:23:29 567659 478.8488
2019:05:06 14:23:29 568487 426.1807
2019:05:06 14:23:29 569231 347.5547
2019:05:06 14:23:29 570115 409.4690
2019:05:06 14:23:29 570939 419.9296
2019:05:06 14:23:29 571754 477.4146
2019:05:06 14:23:29 572574 412.6318
2019:05:06 14:23:29 573327 346.5340
2019:05:06 14:23:29 574211 418.0819
2019:05:06 14:23:29 575034 417.1506
2019:05:06 14:23:29 575849 481.3820
2019:05:06 14:23:29 576671 419.6577
2019:05:06 14:23:29 577410 339.0647
2019:05:06 14:23:29 578310 440.4113
2019:05:06 14:23:29 579126 411.9426
2019:05:06 14:23:29 579946 476.6509
2019:05:06 14:23:29 580771 423.0924
2019:05:06 14:23:29 581976 814.3373
2019:05:06 14:23:29 582812 831.6077
2019:05:06 14:23:29 583564 745.4678
2019:05:06 14:23:29 584443 428.0172
2019:05:06 14:23:29 585262 414.3268
2019:05:06 14:23:29 586089 485.1669
2019:05:06 14:23:29 586907 814.6800
2019:05:06 14:23:29 587670 356.3948
2019:05:06 14:23:29 588551 409.7782
2019:05:06 14:23:29 589380 428.8703
2019:05:06 14:23:29 590172 479.9664
2019:05:06 14:23:29 590986 414.5652
2019:05:06 14:23:29 591754 364.7096
2019:05:06 14:23:29 592635 416.7445
2019:05:06 14:23:29 593465 420.4027
2019:05:06 14:23:29 594279 480.0372
2019:05:06 14:23:29 595105 416.3384
2019:05:06 14:23:29 595857 351.7754
2019:05:06 14:23:29 596737 409.8937
2019:05:06 14:23:29 597556 407.3419
2019:05:06 14:23:29 598358 463.0685
2019:05:06 14:23:29 599193 831.3693
2019:05:06 14:23:29 599949 749.5172
2019:05:06 14:23:29 600425 463.8135
2019:05:06 14:23:29 601252 418.7413
2019:05:06 14:23:29 602455 818.9976
2019:05:06 14:23:29 603273 813.6816
2019:05:06 14:23:29 604043 766.2028
2019:05:06 14:23:29 604500 453.4349
2019:05:06 14:23:29 605747 824.0044
2019:05:06 14:23:29 606542 784.2444
2019:05:06 14:23:29 607380 403.6725
2019:05:06 14:23:29 608192 401.5230
2019:05:06 14:23:29 609019 428.1178
2019:05:06 14:23:29 609837 413.1533
2019:05:06 14:23:29 610648 471.7372
2019:05:06 14:23:29 611476 824.0417
2019:05:06 14:23:29 612686 800.8629
2019:05:06 14:23:29 613530 426.8102
2019:05:06 14:23:29 614264 345.8783
2019:05:06 14:23:29 615146 415.1538
2019:05:06 14:23:29 615964 412.3636
2019:05:06 14:23:29 616789 483.8407
2019:05:06 14:23:29 617604 811.0888
2019:05:06 14:23:29 618834 822.1194
2019:05:06 14:23:29 619656 818.3755
2019:05:06 14:23:29 620411 750.6981
2019:05:06 14:23:29 620886 471.9347
2019:05:06 14:23:29 621706 417.1990
2019:05:06 14:23:29 622473 364.4787
2019:05:06 14:23:29 623355 415.4108
2019:05:06 14:23:29 624175 409.9645
2019:05:06 14:23:29 624989 474.2034
2019:05:06 14:23:29 626216 823.4456
2019:05:06 14:23:29 627044 823.7623
2019:05:06 14:23:29 627868 818.2973
2019:05:06 14:23:29 628619 746.7493
2019:05:06 14:23:29 629504 418.5848
2019:05:06 14:23:29 630326 414.4460
2019:05:06 14:23:29 631144 479.2549
2019:05:06 14:23:29 631958 407.5728
2019:05:06 14:23:29 632722 357.0691
2019:05:06 14:23:29 633599 415.4406
2019:05:06 14:23:29 634417 413.6898
2019:05:06 14:23:29 635239 480.8493
2019:05:06 14:23:29 636055 809.3826
2019:05:06 14:23:29 636814 347.8639
2019:05:06 14:23:29 637708 431.7686
2019:05:06 14:23:29 638493 406.5186
2019:05:06 14:23:29 639316 483.5688
2019:05:06 14:23:29 640152 832.6843
2019:05:06 14:23:29 641364 802.6436
2019:05:06 14:23:29 642200 832.4012
2019:05:06 14:23:29 642953 741.8022
2019:05:06 14:23:29 643427 470.5712
2019:05:06 14:23:29 644246 413.4662
2019:05:06 14:23:29 645006 348.4040
2019:05:06 14:23:29 645887 417.0239
2019:05:06 14:23:29 646720 423.8896
2019:05:06 14:23:29 647527 498.8462
2019:05:06 14:23:29 648348 813.2905
2019:05:06 14:23:29 649583 825.7106
2019:05:06 14:23:29 650376 782.9182
2019:05:06 14:23:29 651130 350.8925
2019:05:06 14:23:29 652008 415.1873
2019:05:06 14:23:29 652856 438.6939
2019:05:06 14:23:29 653651 459.9020
2019:05:06 14:23:29 654486 418.7301
2019:05:06 14:23:29 655240 353.6604
2019:05:06 14:23:29 656115 412.1251
2019:05:06 14:23:29 656945 414.5540
2019:05:06 14:23:29 657765 474.1848
2019:05:06 14:23:29 658993 818.9790
2019:05:06 14:23:29 659816 477.6269
2019:05:06 14:23:29 660636 815.7343
2019:05:06 14:23:29 661393 753.2537
2019:05:06 14:23:29 661856 456.1543
2019:05:06 14:23:29 662667 417.7950
2019:05:06 14:23:29 663444 354.6551
2019:05:06 14:23:29 664313 427.9092
2019:05:06 14:23:29 665148 429.2242
2019:05:06 14:23:29 665954 477.0681
2019:05:06 14:23:29 666779 412.7845
2019:05:06 14:23:29 667531 346.5973
2019:05:06 14:23:29 668413 418.3576
2019:05:06 14:23:29 669232 414.1107
2019:05:06 14:23:29 670053 481.2889
2019:05:06 14:23:29 670871 811.7035
2019:05:06 14:23:29 671633 354.7296
2019:05:06 14:23:29 672509 406.2019
2019:05:06 14:23:29 673332 416.2602
2019:05:06 14:23:29 674138 476.3752
2019:05:06 14:23:29 674952 415.0309
2019:05:06 14:23:29 676177 820.0184
2019:05:06 14:23:29 677014 833.6529
2019:05:06 14:23:29 677761 740.6473
2019:05:06 14:23:29 678653 423.8635
2019:05:06 14:23:29 679474 414.0139
2019:05:06 14:23:29 680294 477.7685
2019:05:06 14:23:29 681114 413.4662
2019:05:06 14:23:29 681863 341.8885
2019:05:06 14:23:29 682748 416.1745
2019:05:06 14:23:29 683576 417.3368
2019:05:06 14:23:29 684386 475.3210
2019:05:06 14:23:29 685209 418.4395
2019:05:06 14:23:29 685954 351.8388
2019:05:06 14:23:29 686823 412.0804
2019:05:06 14:23:29 687671 420.8572
2019:05:06 14:23:29 688478 475.7009
2019:05:06 14:23:29 689301 414.2374
2019:05:06 14:23:29 690054 346.9773
2019:05:06 14:23:29 690940 416.7408
2019:05:06 14:23:29 691760 416.2490
2019:05:06 14:23:29 692580 480.6258
2019:05:06 14:23:29 693399 415.7498
2019:05:06 14:23:29 694624 816.7811
2019:05:06 14:23:29 695448 817.5522
2019:05:06 14:23:29 695858 404.1903
2019:05:06 14:23:29 696676 475.5929
2019:05:06 14:23:29 697506 421.7699
2019:05:06 14:23:29 698230 344.9507
2019:05:06 14:23:29 699110 415.4034
2019:05:06 14:23:29 699948 430.3791
2019:05:06 14:23:29 700755 470.0534
2019:05:06 14:23:29 701586 826.4892
2019:05:06 14:23:29 702812 818.9008
2019:05:06 14:23:29 703629 810.3810
2019:05:06 14:23:29 704392 348.0464
2019:05:06 14:23:29 705275 414.2337
2019:05:06 14:23:29 706100 419.0356
2019:05:06 14:23:29 706914 808.0341
2019:05:06 14:23:29 707732 811.9456
2019:05:06 14:23:29 708492 754.1850
2019:05:06 14:23:29 708962 465.7842
2019:05:06 14:23:29 709768 400.1558
2019:05:06 14:23:29 710990 818.8896
2019:05:06 14:23:29 711812 817.9061
2019:05:06 14:23:29 712584 768.5758
2019:05:06 14:23:29 713056 468.1572
2019:05:06 14:23:29 713876 413.0565
2019:05:06 14:23:29 714634 350.7212
2019:05:06 14:23:29 715517 418.6109
2019:05:06 14:23:29 716335 414.6919
2019:05:06 14:23:29 717154 479.9701
2019:05:06 14:23:29 717967 806.8308
2019:05:06 14:23:29 718735 354.4874
2019:05:06 14:23:29 719611 403.8513
2019:05:06 14:23:29 720434 409.2939
2019:05:06 14:23:29 721250 475.1682
2019:05:06 14:23:29 722059 397.9057
2019:05:06 14:23:29 722807 349.1305
2019:05:06 14:23:29 723300 411.5589
2019:05:06 14:23:29 724119 412.8367
2019:05:06 14:23:29 724874 348.7654
2019:05:06 14:23:29 725737 400.1185
2019:05:06 14:23:29 726568 414.4683
2019:05:06 14:23:29 727387 479.6311
2019:05:06 14:23:29 728621 823.7772
2019:05:06 14:23:29 729440 473.8458
2019:05:06 14:23:29 730265 818.3308
2019:05:06 14:23:29 731017 748.4220
2019:05:06 14:23:29 731490 468.7645
2019:05:06 14:23:29 732722 829.9947
2019:05:06 14:23:29 733516 789.9925
2019:05:06 14:23:29 734348 419.3000
2019:05:06 14:23:29 735558 812.6572
2019:05:06 14:23:29 736393 827.6775
2019:05:06 14:23:29 737156 755.0381
2019:05:06 14:23:29 737619 459.0265
2019:05:06 14:23:29 738458 421.3974
2019:05:06 14:23:29 739664 808.7680
2019:05:06 14:23:29 740491 822.5180
2019:05:06 14:23:29 741249 339.4596
2019:05:06 14:23:29 742132 429.8612
2019:05:06 14:23:29 742952 412.3561
2019:05:06 14:23:29 743760 468.4329
2019:05:06 14:23:29 744601 420.0190
2019:05:06 14:23:29 745812 812.5678
2019:05:06 14:23:29 746620 801.4925
2019:05:06 14:23:29 747436 405.0508
2019:05:06 14:23:29 748260 412.9596
2019:05:06 14:23:29 749095 429.5334
2019:05:06 14:23:29 749907 470.9847
2019:05:06 14:23:29 750742 831.4401
2019:05:06 14:23:29 751488 741.6792
2019:05:06 14:23:29 752380 435.3262
2019:05:06 14:23:29 753542 759.4712
2019:05:06 14:23:29 754002 447.5489
2019:05:06 14:23:29 754833 413.1608
2019:05:06 14:23:29 755586 347.8788
2019:05:06 14:23:29 756468 430.2002
2019:05:06 14:23:29 757287 413.8313
2019:05:06 14:23:29 758098 483.4384
2019:05:06 14:23:29 758909 806.2012
2019:05:06 14:23:29 760142 824.5297
2019:05:06 14:23:29 760985 840.0120
2019:05:06 14:23:29 761728 731.3825
2019:05:06 14:23:29 762192 457.3576
2019:05:06 14:23:29 763013 402.0222
2019:05:06 14:23:29 763764 350.2965
2019:05:06 14:23:29 764644 417.0686
2019:05:06 14:23:29 765466 417.3368
2019:05:06 14:23:29 766281 479.0872
2019:05:06 14:23:29 767510 818.6027
2019:05:06 14:23:29 768338 486.3068
2019:05:06 14:23:29 769155 416.2937
2019:05:06 14:23:29 770384 823.0358
2019:05:06 14:23:29 771205 816.7997
2019:05:06 14:23:29 771958 749.4688
2019:05:06 14:23:29 772431 469.1593
2019:05:06 14:23:29 773268 433.1730
2019:05:06 14:23:29 774023 351.5594
2019:05:06 14:23:29 774883 412.8590
2019:05:06 14:23:29 775701 412.3002
2019:05:06 14:23:29 776526 484.1238
2019:05:06 14:23:29 777340 810.5896
2019:05:06 14:23:29 778571 821.7432
2019:05:06 14:23:29 779409 834.1484
2019:05:06 14:23:29 780165 744.4769
2019:05:06 14:23:29 780624 446.7554
2019:05:06 14:23:29 781449 422.4405
2019:05:06 14:23:29 782671 821.7916
2019:05:06 14:23:29 783492 817.7087
2019:05:06 14:23:29 784263 767.1043
2019:05:06 14:23:29 784721 446.6511
2019:05:06 14:23:29 785558 419.4975
2019:05:06 14:23:29 786345 401.8098
2019:05:06 14:23:29 787169 412.5610
2019:05:06 14:23:29 788005 413.8201
2019:05:06 14:23:29 788816 471.4280
2019:05:06 14:23:29 789645 825.2412
2019:05:06 14:23:29 790862 809.7775
2019:05:06 14:23:29 791696 830.4603
2019:05:06 14:23:29 792451 750.8211
2019:05:06 14:23:29 792912 457.5476
2019:05:06 14:23:29 793744 414.1778
2019:05:06 14:23:29 794955 820.3462
2019:05:06 14:23:29 795797 838.2984
2019:05:06 14:23:29 796541 732.6715
2019:05:06 14:23:29 797434 437.1144
2019:05:06 14:23:29 798577 742.1412
2019:05:06 14:23:29 799053 472.6760
2019:05:06 14:23:29 799890 433.1619
2019:05:06 14:23:29 800641 348.2029
2019:05:06 14:23:29 801524 432.5211
2019:05:06 14:23:29 802341 415.1016
2019:05:06 14:23:29 803152 466.6895
2019:05:06 14:23:29 803987 416.6365
2019:05:06 14:23:29 804740 350.6318
2019:05:06 14:23:29 805605 415.7461
2019:05:06 14:23:29 806770 759.1620
2019:05:06 14:23:29 807241 466.8757
2019:05:06 14:23:29 808488 840.0045
2019:05:06 14:23:29 809293 793.6843
2019:05:06 14:23:29 810129 832.9637
2019:05:06 14:23:29 810881 739.5856
2019:05:06 14:23:29 811343 450.8011
2019:05:06 14:23:29 812178 416.9978
2019:05:06 14:23:29 812933 352.2485
2019:05:06 14:23:29 813809 426.9406
2019:05:06 14:23:29 814629 412.9522
2019:05:06 14:23:29 815437 471.5398
2019:05:06 14:23:29 816273 832.5763
2019:05:06 14:23:29 817026 740.8038
2019:05:06 14:23:29 817495 458.0021
2019:05:06 14:23:29 818713 822.0226
2019:05:06 14:23:29 819532 814.7694
2019:05:06 14:23:29 820370 834.8450
2019:05:06 14:23:29 821122 747.7924
2019:05:06 14:23:29 821599 471.3610
2019:05:06 14:23:29 822808 807.9596
2019:05:06 14:23:29 823628 816.4719
2019:05:06 14:23:29 824468 836.4469
2019:05:06 14:23:29 825224 752.4639
2019:05:06 14:23:29 825695 467.3004
2019:05:06 14:23:29 826515 418.9648
2019:05:06 14:23:29 827268 347.1710
2019:05:06 14:23:29 827744 413.1608
2019:05:06 14:23:29 828563 414.3566
2019:05:06 14:23:29 829317 348.6611
2019:05:06 14:23:29 830177 411.6185
2019:05:06 14:23:29 830995 412.2183
2019:05:06 14:23:29 831819 483.9115
2019:05:06 14:23:29 832654 830.6876
2019:05:06 14:23:29 833867 807.7323
2019:05:06 14:23:29 834704 833.1053
2019:05:06 14:23:29 835456 740.4424
2019:05:06 14:23:29 835933 473.1901
2019:05:06 14:23:29 836755 412.9559
2019:05:06 14:23:29 837509 349.7154
2019:05:06 14:23:29 838388 416.8823
2019:05:06 14:23:29 839216 416.5545
2019:05:06 14:23:29 840030 478.7222
2019:05:06 14:23:29 840850 417.2847
2019:05:06 14:23:29 842061 482.6933
2019:05:06 14:23:29 842898 833.0494
2019:05:06 14:23:29 843647 745.0096
2019:05:06 14:23:29 844121 471.0481
2019:05:06 14:23:29 844945 411.4546
2019:05:06 14:23:29 845684 329.1667
2019:05:06 14:23:29 846558 414.2784
2019:05:06 14:23:29 847407 416.6178
2019:05:06 14:23:29 848212 475.1012
2019:05:06 14:23:29 849034 415.3475
2019:05:06 14:23:29 849791 352.9079
2019:05:06 14:23:29 850683 419.5981
2019:05:06 14:23:29 851845 758.9348
2019:05:06 14:23:29 852322 472.9405
2019:05:06 14:23:29 853144 418.1303
2019:05:06 14:23:29 854349 822.7602
2019:05:06 14:23:29 855188 835.1840
2019:05:06 14:23:29 855939 747.8744
2019:05:06 14:23:29 856412 469.1333
2019:05:06 14:23:29 857230 415.4518
2019:05:06 14:23:29 857964 336.8743
2019:05:06 14:23:29 858871 435.2517
2019:05:06 14:23:29 860031 756.2600
2019:05:06 14:23:29 860493 458.9222
2019:05:06 14:23:29 861334 413.4774
2019:05:06 14:23:29 862082 351.2688
2019:05:06 14:23:29 862958 429.4962
2019:05:06 14:23:29 863786 417.5864
2019:05:06 14:23:29 864586 466.0934
2019:05:06 14:23:29 865428 421.4942
2019:05:06 14:23:29 866168 351.7009
2019:05:06 14:23:29 867039 414.2933
2019:05:06 14:23:29 867889 422.4591
2019:05:06 14:23:29 868702 479.1841
2019:05:06 14:23:29 869521 412.7733
2019:05:06 14:23:29 870275 354.3645
2019:05:06 14:23:29 871133 413.2874
2019:05:06 14:23:29 871977 416.3943
2019:05:06 14:23:29 872800 486.9625
2019:05:06 14:23:29 873609 411.3466
2019:05:06 14:23:29 874360 349.5850
2019:05:06 14:23:29 875247 428.6841
2019:05:06 14:23:29 876065 414.1033
2019:05:06 14:23:29 876890 485.1893
2019:05:06 14:23:29 877691 797.5437
2019:05:06 14:23:29 878921 822.9949
2019:05:06 14:23:29 879757 832.2261
2019:05:06 14:23:29 880511 741.6159
2019:05:06 14:23:29 880987 472.5717
2019:05:06 14:23:29 881807 416.3496
2019:05:06 14:23:29 882611 402.1525
2019:05:06 14:23:29 883445 825.0251
2019:05:06 14:23:29 884266 817.0120
2019:05:06 14:23:29 885084 814.8625
2019:05:06 14:23:29 885896 807.9298
2019:05:06 14:23:29 886650 746.9803
2019:05:06 14:23:29 887131 473.2832
2019:05:06 14:23:29 888365 826.3066
2019:05:06 14:23:29 889181 812.2213
2019:05:06 14:23:29 889977 792.9839
2019:05:06 14:23:29 890789 402.8715
2019:05:06 14:23:29 891613 412.4641
2019:05:06 14:23:29 892455 435.5423
2019:05:06 14:23:29 893265 471.1151
2019:05:06 14:23:29 894088 819.6458
2019:05:06 14:23:29 895312 815.7231
2019:05:06 14:23:29 896147 828.1246
2019:05:06 14:23:29 896899 748.3996
2019:05:06 14:23:29 897356 453.3976
2019:05:06 14:23:29 898193 420.0600
2019:05:06 14:23:29 898944 346.5600
2019:05:06 14:23:29 899826 416.8525
2019:05:06 14:23:29 900656 418.2383
2019:05:06 14:23:29 901458 469.3083
2019:05:06 14:23:29 902273 416.8935
2019:05:06 14:23:29 903022 350.3710
2019:05:06 14:23:29 903917 427.4473
2019:05:06 14:23:29 904744 420.8684
2019:05:06 14:23:29 905560 479.3890
2019:05:06 14:23:29 906381 419.7471
2019:05:06 14:23:29 907137 353.0383
2019:05:06 14:23:29 908017 417.6013
2019:05:06 14:23:29 908837 411.3056
2019:05:06 14:23:29 909665 483.3825
2019:05:06 14:23:29 910484 417.7205
2019:05:06 14:23:29 911229 344.5521
2019:05:06 14:23:29 912114 825.1742
2019:05:06 14:23:29 912940 419.7210
2019:05:06 14:23:29 913745 470.1726
2019:05:06 14:23:29 914556 414.0288
2019:05:06 14:23:29 915309 350.2928
2019:05:06 14:23:29 916188 415.9659
2019:05:06 14:23:29 917031 436.8573
2019:05:06 14:23:29 917827 459.3879
2019:05:06 14:23:29 918663 416.4502
2019:05:06 14:23:29 919415 349.7861
2019:05:06 14:23:29 920305 420.0600
2019:05:06 14:23:29 921125 414.1256
2019:05:06 14:23:29 921946 481.1957
2019:05:06 14:23:29 922766 812.8546
2019:05:06 14:23:29 923996 818.7257
2019:05:06 14:23:29 924806 805.9666
2019:05:06 14:23:29 925551 737.2536
2019:05:06 14:23:29 926026 470.2918
2019:05:06 14:23:29 927252 821.1769
2019:05:06 14:23:29 928070 813.4097
2019:05:06 14:23:29 928890 817.0381
2019:05:06 14:23:29 929646 751.6779
2019:05:06 14:23:29 930122 472.7244
2019:05:06 14:23:29 930940 414.9936
2019:05:06 14:23:29 931695 350.7175
2019:05:06 14:23:29 932572 414.2970
2019:05:06 14:23:29 933402 419.3522
2019:05:06 14:23:29 934215 477.3699
2019:05:06 14:23:29 935037 415.2656
2019:05:06 14:23:29 936264 820.1934
2019:05:06 14:23:29 937083 815.4809
2019:05:06 14:23:29 937836 749.2974
2019:05:06 14:23:29 938717 414.0548
2019:05:06 14:23:29 939537 409.1188
2019:05:06 14:23:29 940355 476.7738
2019:05:06 14:23:29 941176 414.7664
2019:05:06 14:23:29 941930 349.7377
2019:05:06 14:23:29 942814 417.3219
2019:05:06 14:23:29 943632 413.9207
2019:05:06 14:23:29 944457 484.4069
2019:05:06 14:23:29 945266 806.0932
2019:05:06 14:23:29 946025 350.0096
2019:05:06 14:23:29 946909 405.8108
2019:05:06 14:23:29 947735 419.3969
2019:05:06 14:23:29 948551 477.9845
2019:05:06 14:23:29 949380 427.0300
2019:05:06 14:23:29 950129 347.8937
2019:05:06 14:23:29 951003 413.3917
2019:05:06 14:23:29 951829 414.9266
2019:05:06 14:23:29 952646 475.9282
2019:05:06 14:23:29 953471 419.0132
2019:05:06 14:23:29 954218 340.0557
2019:05:06 14:23:29 955108 421.8109
2019:05:06 14:23:29 956267 756.4388
2019:05:06 14:23:29 956744 473.4211
2019:05:06 14:23:29 957564 416.3124
2019:05:06 14:23:29 958317 349.5179
2019:05:06 14:23:29 959199 418.3836
2019:05:06 14:23:29 960016 416.5024
2019:05:06 14:23:29 960837 479.3853
2019:05:06 14:23:29 961674 431.0161
2019:05:06 14:23:29 962882 817.1648
2019:05:06 14:23:29 963707 412.0544
2019:05:06 14:23:29 964513 401.3851
2019:05:06 14:23:29 965339 412.5126
2019:05:06 14:23:29 966159 411.4211
2019:05:06 14:23:29 966982 482.8572
2019:05:06 14:23:29 967798 811.6253
2019:05:06 14:23:29 969028 820.7969
2019:05:06 14:23:29 969852 820.3685
2019:05:06 14:23:29 970604 748.4853
2019:05:06 14:23:29 971080 472.2886
2019:05:06 14:23:29 971900 416.1522
2019:05:06 14:23:29 973126 823.6282
2019:05:06 14:23:29 973941 811.2378
2019:05:06 14:23:29 974695 347.0890
2019:05:06 14:23:29 975579 413.2800
2019:05:06 14:23:29 976399 414.4199
2019:05:06 14:23:29 977222 484.0009
2019:05:06 14:23:29 978038 812.2176
2019:05:06 14:23:29 978791 345.7218
2019:05:06 14:23:29 979675 407.6101
2019:05:06 14:23:29 980502 419.3783
2019:05:06 14:23:29 981315 476.2746
2019:05:06 14:23:29 982135 415.6157
2019:05:06 14:23:29 982888 349.8867
2019:05:06 14:23:29 983771 415.6977
2019:05:06 14:23:29 984591 411.9687
2019:05:06 14:23:29 985421 485.6214
2019:05:06 14:23:29 986638 816.4905
2019:05:06 14:23:29 987461 482.2277
2019:05:06 14:23:29 988280 815.3580
2019:05:06 14:23:29 989034 750.3852
2019:05:06 14:23:29 989513 475.2912
2019:05:06 14:23:29 990330 415.1165
2019:05:06 14:23:29 991084 350.9670
2019:05:06 14:23:29 991962 415.0085
2019:05:06 14:23:29 992790 417.9403
2019:05:06 14:23:29 993601 475.7307
2019:05:06 14:23:29 994427 420.1122
2019:05:06 14:23:29 995180 350.5610
2019:05:06 14:23:29 996059 413.0378
2019:05:06 14:23:29 996886 419.7247
2019:05:06 14:23:29 997710 487.3797
2019:05:06 14:23:29 998522 418.2793
2019:05:06 14:23:29 999273 349.5328
2019:05:06 14:23:30 150 412.1251
2019:05:06 14:23:30 973 412.2406
2019:05:06 14:23:30 1799 479.8584
2019:05:06 14:23:30 2618 415.2432
2019:05:06 14:23:30 3370 340.2196
2019:05:06 14:23:30 4258 421.9972
2019:05:06 14:23:30 5418 758.0295
2019:05:06 14:23:30 5895 473.5924
2019:05:06 14:23:30 6715 416.7035
2019:05:06 14:23:30 7465 349.7526
2019:05:06 14:23:30 8346 416.4800
2019:05:06 14:23:30 9172 418.1489
2019:05:06 14:23:30 9992 484.2021
2019:05:06 14:23:30 10813 418.2532
2019:05:06 14:23:30 11563 350.4232
2019:05:06 14:23:30 12438 414.2895
2019:05:06 14:23:30 13260 413.7531
2019:05:06 14:23:30 14081 476.2597
2019:05:06 14:23:30 14900 414.7924
2019:05:06 14:23:30 16132 823.3450
2019:05:06 14:23:30 16955 819.1764
2019:05:06 14:23:30 17700 741.8431
2019:05:06 14:23:30 18585 414.1144
2019:05:06 14:23:30 19404 412.6914
2019:05:06 14:23:30 20229 484.3809
2019:05:06 14:23:30 21043 809.5801
2019:05:06 14:23:30 22281 820.6479
2019:05:06 14:23:30 23097 811.9419
2019:05:06 14:23:30 23850 749.4055
2019:05:06 14:23:30 24326 471.7037
2019:05:06 14:23:30 25145 416.0702
2019:05:06 14:23:30 25900 350.6839
2019:05:06 14:23:30 26776 414.8856
2019:05:06 14:23:30 27604 418.0036
2019:05:06 14:23:30 28416 477.6865
2019:05:06 14:23:30 29268 438.4108
2019:05:06 14:23:30 30062 397.2314
2019:05:06 14:23:30 30888 431.4184
2019:05:06 14:23:30 32055 757.5713
2019:05:06 14:23:30 32949 442.6427
2019:05:06 14:23:30 33748 394.7280
2019:05:06 14:23:30 34585 464.6219
2019:05:06 14:23:30 35405 416.1149
2019:05:06 14:23:30 36155 353.6344
2019:05:06 14:23:30 37038 418.0968
2019:05:06 14:23:30 37864 415.0718
2019:05:06 14:23:30 38673 473.5626
2019:05:06 14:23:30 39498 419.6353
2019:05:06 14:23:30 40251 354.6327
2019:05:06 14:23:30 40728 469.7777
2019:05:06 14:23:30 41551 417.2288
2019:05:06 14:23:30 42353 400.9344
2019:05:06 14:23:30 43180 414.2113
2019:05:06 14:23:30 43994 414.0884
2019:05:06 14:23:30 44823 484.1462
2019:05:06 14:23:30 45622 795.2973
2019:05:06 14:23:30 46379 352.3380
2019:05:06 14:23:30 47254 404.3356
2019:05:06 14:23:30 48093 416.4390
2019:05:06 14:23:30 48897 463.6981
2019:05:06 14:23:30 49735 416.8414
2019:05:06 14:23:30 50485 348.0650
2019:05:06 14:23:30 51366 430.2822
2019:05:06 14:23:30 52186 415.0495
2019:05:06 14:23:30 53004 478.1708
2019:05:06 14:23:30 53824 413.9654
2019:05:06 14:23:30 54591 354.5769
2019:05:06 14:23:30 55467 433.4562
2019:05:06 14:23:30 56287 413.5929
2019:05:06 14:23:30 57112 485.8822
2019:05:06 14:23:30 57908 792.6486
2019:05:06 14:23:30 58684 370.7223
2019:05:06 14:23:30 59563 436.0899
2019:05:06 14:23:30 60385 416.6253
2019:05:06 14:23:30 61181 460.1888
2019:05:06 14:23:30 62430 823.4270
2019:05:06 14:23:30 63237 464.6108
2019:05:06 14:23:30 64078 837.3931
2019:05:06 14:23:30 64822 740.3232
2019:05:06 14:23:30 65702 428.9635
2019:05:06 14:23:30 66520 412.7137
2019:05:06 14:23:30 67332 471.4057
2019:05:06 14:23:30 68160 824.4440
2019:05:06 14:23:30 69392 824.2615
2019:05:06 14:23:30 70219 819.4633
2019:05:06 14:23:30 70970 747.7961
2019:05:06 14:23:30 71427 452.7420
2019:05:06 14:23:30 72264 435.7174
2019:05:06 14:23:30 73000 349.2013
2019:05:06 14:23:30 73876 412.9671
2019:05:06 14:23:30 74703 416.3049
2019:05:06 14:23:30 75519 478.2118
2019:05:06 14:23:30 76341 415.6381
2019:05:06 14:23:30 77150 389.0954
2019:05:06 14:23:30 77974 413.0937
2019:05:06 14:23:30 78795 413.9021
2019:05:06 14:23:30 79612 478.4614
2019:05:06 14:23:30 80438 419.7545
2019:05:06 14:23:30 81201 347.8378
2019:05:06 14:23:30 82071 415.0607
2019:05:06 14:23:30 82897 419.3261
2019:05:06 14:23:30 83710 476.4087
2019:05:06 14:23:30 84529 417.0574
2019:05:06 14:23:30 85288 340.4692
2019:05:06 14:23:30 86180 416.4837
2019:05:06 14:23:30 87008 418.2532
2019:05:06 14:23:30 87804 462.0925
2019:05:06 14:23:30 88624 415.7014
2019:05:06 14:23:30 89404 361.6177
2019:05:06 14:23:30 90277 413.6190
2019:05:06 14:23:30 91099 416.0553
2019:05:06 14:23:30 91904 464.8380
2019:05:06 14:23:30 93152 843.2344
2019:05:06 14:23:30 93958 803.0571
2019:05:06 14:23:30 94774 811.5023
2019:05:06 14:23:30 95527 749.2937
2019:05:06 14:23:30 96000 469.0811
2019:05:06 14:23:30 96838 434.1230
2019:05:06 14:23:30 97589 350.3077
2019:05:06 14:23:30 98485 429.5036
2019:05:06 14:23:30 99621 743.7989
2019:05:06 14:23:30 100096 471.2082
2019:05:06 14:23:30 100932 433.3369
2019:05:06 14:23:30 101686 350.7361
2019:05:06 14:23:30 102563 416.4428
2019:05:06 14:23:30 103392 418.1452
2019:05:06 14:23:30 104189 478.1298
2019:05:06 14:23:30 105026 434.7302
2019:05:06 14:23:30 105793 365.0784
2019:05:06 14:23:30 106660 412.6094
2019:05:06 14:23:30 107483 409.1859
2019:05:06 14:23:30 108285 477.1166
2019:05:06 14:23:30 109121 430.3530
2019:05:06 14:23:30 109880 351.6190
2019:05:06 14:23:30 110755 417.0612
2019:05:06 14:23:30 111576 412.1214
2019:05:06 14:23:30 112382 483.2186
2019:05:06 14:23:30 113218 833.0271
2019:05:06 14:23:30 113971 746.9989
2019:05:06 14:23:30 114448 470.4073
2019:05:06 14:23:30 115267 415.4257
2019:05:06 14:23:30 116021 357.6577
2019:05:06 14:23:30 116912 419.0467
2019:05:06 14:23:30 117711 400.1893
2019:05:06 14:23:30 118528 482.0228
2019:05:06 14:23:30 119347 815.9615
2019:05:06 14:23:30 120098 747.2523
2019:05:06 14:23:30 120575 473.1938
2019:05:06 14:23:30 121413 413.6004
2019:05:06 14:23:30 122147 347.9198
2019:05:06 14:23:30 123028 417.3182
2019:05:06 14:23:30 123863 415.6753
2019:05:06 14:23:30 124671 461.9770
2019:05:06 14:23:30 125509 418.2458
2019:05:06 14:23:30 126312 401.7055
2019:05:06 14:23:30 127139 427.8570
2019:05:06 14:23:30 127958 414.3193
2019:05:06 14:23:30 128769 470.8767
2019:05:06 14:23:30 129585 812.4486
2019:05:06 14:23:30 130813 821.7841
2019:05:06 14:23:30 131648 831.4066
2019:05:06 14:23:30 132402 749.8898
2019:05:06 14:23:30 132865 459.1495
2019:05:06 14:23:30 134102 407.8969
2019:05:06 14:23:30 134906 465.0690
2019:05:06 14:23:30 135740 414.5242
2019:05:06 14:23:30 136493 345.2189
2019:05:06 14:23:30 137363 412.4194
2019:05:06 14:23:30 138197 413.5557
2019:05:06 14:23:30 139008 470.9288
2019:05:06 14:23:30 139836 824.5632
2019:05:06 14:23:30 141053 808.1943
2019:05:06 14:23:30 141870 813.6593
2019:05:06 14:23:30 142629 346.4036
2019:05:06 14:23:30 143505 414.7179
2019:05:06 14:23:30 144324 412.3338
2019:05:06 14:23:30 145151 485.8673
2019:05:06 14:23:30 145965 810.2171
2019:05:06 14:23:30 146736 348.1805
2019:05:06 14:23:30 147618 427.6037
2019:05:06 14:23:30 148437 414.2448
2019:05:06 14:23:30 149255 472.5829
2019:05:06 14:23:30 150490 822.8570
2019:05:06 14:23:30 151314 482.3580
2019:05:06 14:23:30 152138 418.6332
2019:05:06 14:23:30 152883 346.1204
2019:05:06 14:23:30 153749 418.5215
2019:05:06 14:23:30 154910 754.2707
2019:05:06 14:23:30 155792 414.3231
2019:05:06 14:23:30 156629 430.3902
2019:05:06 14:23:30 157455 483.9078
2019:05:06 14:23:30 158275 417.0015
2019:05:06 14:23:30 159021 346.1167
2019:05:06 14:23:30 159906 417.5790
2019:05:06 14:23:30 161076 755.8651
2019:05:06 14:23:30 161554 471.3759
2019:05:06 14:23:30 162371 411.2646
2019:05:06 14:23:30 163180 402.9758
2019:05:06 14:23:30 164015 827.5621
2019:05:06 14:23:30 164830 810.7796
2019:05:06 14:23:30 165630 461.0606
2019:05:06 14:23:30 166447 415.2395
2019:05:06 14:23:30 167674 821.5904
2019:05:06 14:23:30 168499 821.0614
2019:05:06 14:23:30 169268 766.1283
2019:05:06 14:23:30 169730 455.1597
2019:05:06 14:23:30 170545 416.1857
2019:05:06 14:23:30 171317 370.6664
2019:05:06 14:23:30 172193 428.2519
2019:05:06 14:23:30 173013 415.3252
2019:05:06 14:23:30 173838 485.5543
2019:05:06 14:23:30 174657 814.7135
2019:05:06 14:23:30 175401 333.6146
2019:05:06 14:23:30 175887 482.1941
2019:05:06 14:23:30 176708 413.8723
2019:05:06 14:23:30 177453 340.2568
2019:05:06 14:23:30 178338 427.0412
2019:05:06 14:23:30 179156 413.8052
2019:05:06 14:23:30 179981 485.2600
2019:05:06 14:23:30 180799 814.4006
2019:05:06 14:23:30 181554 343.1924
2019:05:06 14:23:30 182438 416.7929
2019:05:06 14:23:30 183260 414.1256
2019:05:06 14:23:30 184083 481.1510
2019:05:06 14:23:30 184899 812.3703
2019:05:06 14:23:30 185652 348.1917
2019:05:06 14:23:30 186534 417.6497
2019:05:06 14:23:30 187357 416.5955
2019:05:06 14:23:30 188160 462.9493
2019:05:06 14:23:30 188994 413.0527
2019:05:06 14:23:30 189736 340.5549
2019:05:06 14:23:30 190205 393.0293
2019:05:06 14:23:30 191043 412.7249
2019:05:06 14:23:30 191791 348.1060
2019:05:06 14:23:30 192677 435.3188
2019:05:06 14:23:30 193507 420.1159
2019:05:06 14:23:30 194300 458.2256
2019:05:06 14:23:30 195143 416.3869
2019:05:06 14:23:30 195886 348.1694
2019:05:06 14:23:30 196768 824.7904
2019:05:06 14:23:30 197593 413.1682
2019:05:06 14:23:30 198400 464.5176
2019:05:06 14:23:30 199234 415.6567
2019:05:06 14:23:30 199981 346.5042
2019:05:06 14:23:30 200863 824.7420
2019:05:06 14:23:30 201689 415.8765
2019:05:06 14:23:30 202489 474.7510
2019:05:06 14:23:30 203326 435.3225
2019:05:06 14:23:30 204079 353.1054
2019:05:06 14:23:30 204960 418.0633
2019:05:06 14:23:30 205779 411.8793
2019:05:06 14:23:30 206586 478.8004
2019:05:06 14:23:30 207408 416.5173
2019:05:06 14:23:30 208156 347.3498
2019:05:06 14:23:30 209039 823.5052
2019:05:06 14:23:30 209892 428.4419
2019:05:06 14:23:30 210697 477.4146
2019:05:06 14:23:30 211517 414.3566
2019:05:06 14:23:30 212276 347.3684
2019:05:06 14:23:30 213157 417.7205
2019:05:06 14:23:30 213960 403.3856
2019:05:06 14:23:30 214779 483.2819
2019:05:06 14:23:30 215592 809.3305
2019:05:06 14:23:30 216825 823.6133
2019:05:06 14:23:30 217657 827.8191
2019:05:06 14:23:30 218415 750.7987
2019:05:06 14:23:30 218889 470.2024
2019:05:06 14:23:30 219708 413.7121
2019:05:06 14:23:30 220467 347.0927
2019:05:06 14:23:30 221352 421.0025
2019:05:06 14:23:30 222168 433.0203
2019:05:06 14:23:30 222988 480.5103
2019:05:06 14:23:30 223800 806.4918
2019:05:06 14:23:30 224561 354.3608
2019:05:06 14:23:30 225429 394.3034
2019:05:06 14:23:30 226244 402.3947
2019:05:06 14:23:30 227066 482.2165
2019:05:06 14:23:30 227885 411.4695
2019:05:06 14:23:30 228660 370.8564
2019:05:06 14:23:30 229534 430.8634
2019:05:06 14:23:30 230353 413.3731
2019:05:06 14:23:30 231178 485.6363
2019:05:06 14:23:30 231997 815.0041
2019:05:06 14:23:30 232757 353.0681
2019:05:06 14:23:30 233638 405.1365
2019:05:06 14:23:30 234463 419.0989
2019:05:06 14:23:30 235278 478.8414
2019:05:06 14:23:30 236098 415.2842
2019:05:06 14:23:30 236851 348.5493
2019:05:06 14:23:30 237714 399.7050
2019:05:06 14:23:30 238535 417.9478
2019:05:06 14:23:30 239347 477.9212
2019:05:06 14:23:30 240170 416.3533
2019:05:06 14:23:30 240944 370.8825
2019:05:06 14:23:30 241822 426.8326
2019:05:06 14:23:30 242641 414.0511
2019:05:06 14:23:30 243465 484.4032
2019:05:06 14:23:30 244285 815.8945
2019:05:06 14:23:30 245514 820.7932
2019:05:06 14:23:30 246333 812.5566
2019:05:06 14:23:30 247091 751.7226
2019:05:06 14:23:30 247568 473.6669
2019:05:06 14:23:30 248389 417.8174
2019:05:06 14:23:30 249136 347.6627
2019:05:06 14:23:30 250000 399.5374
2019:05:06 14:23:30 250825 418.7375
2019:05:06 14:23:30 251639 477.1985
2019:05:06 14:23:30 252457 416.4502
2019:05:06 14:23:30 253228 347.3386
2019:05:06 14:23:30 254110 431.2173
2019:05:06 14:23:30 254928 414.2784
2019:05:06 14:23:30 255754 486.8023
2019:05:06 14:23:30 256567 808.3731
2019:05:06 14:23:30 257327 353.8467
2019:05:06 14:23:30 258211 409.7894
2019:05:06 14:23:30 259037 420.4698
2019:05:06 14:23:30 259857 483.6805
2019:05:06 14:23:30 260670 410.8362
2019:05:06 14:23:30 261417 340.2680
2019:05:06 14:23:30 262285 414.0437
2019:05:06 14:23:30 263105 410.4190
2019:05:06 14:23:30 263924 477.1836
2019:05:06 14:23:30 264763 434.1379
2019:05:06 14:23:30 265979 474.9633
2019:05:06 14:23:30 266806 818.5431
2019:05:06 14:23:30 267618 402.0855
2019:05:06 14:23:30 268450 414.0772
2019:05:06 14:23:30 269268 414.4125
2019:05:06 14:23:30 270094 484.7012
2019:05:06 14:23:30 270908 809.4348
2019:05:06 14:23:30 271667 352.8818
2019:05:06 14:23:30 272547 403.2739
2019:05:06 14:23:30 273366 412.7920
2019:05:06 14:23:30 274168 482.7529
2019:05:06 14:23:30 274988 814.8737
2019:05:06 14:23:30 275752 760.4659
2019:05:06 14:23:30 276636 430.1853
2019:05:06 14:23:30 277464 421.2223
2019:05:06 14:23:30 278283 483.2745
2019:05:06 14:23:30 279103 419.3559
2019:05:06 14:23:30 280330 821.2738
2019:05:06 14:23:30 281152 818.4463
2019:05:06 14:23:30 281911 752.9780
2019:05:06 14:23:30 282384 469.1035
2019:05:06 14:23:30 283204 417.2251
2019:05:06 14:23:30 283949 346.2955
2019:05:06 14:23:30 284833 435.9074
2019:05:06 14:23:30 285645 404.3616
2019:05:06 14:23:30 286456 475.8909
2019:05:06 14:23:30 287272 415.9398
2019:05:06 14:23:30 288502 823.5276
2019:05:06 14:23:30 289345 837.1174
2019:05:06 14:23:30 290096 739.0343
2019:05:06 14:23:30 290554 454.1650
2019:05:06 14:23:30 291388 416.2565
2019:05:06 14:23:30 292136 347.7335
2019:05:06 14:23:30 293020 430.3120
2019:05:06 14:23:30 293838 413.2651
2019:05:06 14:23:30 294643 463.0722
2019:05:06 14:23:30 295887 819.5192
2019:05:06 14:23:30 296698 465.8885
2019:05:06 14:23:30 297525 408.7649
2019:05:06 14:23:30 298746 824.1348
2019:05:06 14:23:30 299565 815.0823
2019:05:06 14:23:30 300331 762.4775
2019:05:06 14:23:30 300803 469.1444
2019:05:06 14:23:30 302038 827.1560
2019:05:06 14:23:30 302855 480.5699
2019:05:06 14:23:30 303676 417.6684
2019:05:06 14:23:30 304430 351.8388
2019:05:06 14:23:30 305292 397.3655
2019:05:06 14:23:30 306113 414.3119
2019:05:06 14:23:30 306933 479.6647
2019:05:06 14:23:30 307755 416.5620
2019:05:06 14:23:30 308997 838.3319
2019:05:06 14:23:30 309808 807.0730
2019:05:06 14:23:30 310558 743.5232
2019:05:06 14:23:30 311026 464.4692
2019:05:06 14:23:30 311872 421.1031
2019:05:06 14:23:30 312625 354.7072
2019:05:06 14:23:30 313500 405.6208
2019:05:06 14:23:30 314331 418.1862
2019:05:06 14:23:30 315146 479.0537
2019:05:06 14:23:30 315964 412.8255
2019:05:06 14:23:30 316719 348.4264
2019:05:06 14:23:30 317602 419.3373
2019:05:06 14:23:30 318421 416.6104
2019:05:06 14:23:30 319240 478.3347
2019:05:06 14:23:30 320067 419.2702
2019:05:06 14:23:30 320811 345.7479
2019:05:06 14:23:30 321678 399.0084
2019:05:06 14:23:30 322838 751.5959
2019:05:06 14:23:30 323337 491.3099
2019:05:06 14:23:30 324156 412.6951
2019:05:06 14:23:30 324910 347.0182
2019:05:06 14:23:30 325792 422.8540
2019:05:06 14:23:30 326619 417.7652
2019:05:06 14:23:30 327430 476.9377
2019:05:06 14:23:30 328252 413.0602
2019:05:06 14:23:30 329014 354.5694
2019:05:06 14:23:30 329887 414.3678
2019:05:06 14:23:30 330716 422.7124
2019:05:06 14:23:30 331528 478.5247
2019:05:06 14:23:30 332353 418.4246
2019:05:06 14:23:30 333101 346.4110
2019:05:06 14:23:30 333964 415.4332
2019:05:06 14:23:30 334782 408.1167
2019:05:06 14:23:30 335601 477.4481
2019:05:06 14:23:30 336422 413.3917
2019:05:06 14:23:30 337192 364.5904
2019:05:06 14:23:30 338073 429.2913
2019:05:06 14:23:30 338894 408.5563
2019:05:06 14:23:30 339709 475.6078
2019:05:06 14:23:30 340940 818.7592
2019:05:06 14:23:30 341770 479.0127
2019:05:06 14:23:30 342589 814.6316
2019:05:06 14:23:30 343339 746.9282
2019:05:06 14:23:30 343814 468.6676
2019:05:06 14:23:30 344634 415.6679
2019:05:06 14:23:30 345842 801.6974
2019:05:06 14:23:30 346680 407.1780
2019:05:06 14:23:30 347487 397.1010
2019:05:06 14:23:30 348318 412.6020
2019:05:06 14:23:30 349137 414.2821
2019:05:06 14:23:30 349958 479.6274
2019:05:06 14:23:30 350776 811.1969
2019:05:06 14:23:30 351536 353.2693
2019:05:06 14:23:30 352416 411.6409
2019:05:06 14:23:30 353240 418.6630
2019:05:06 14:23:30 354056 479.1208
2019:05:06 14:23:30 354875 412.5573
2019:05:06 14:23:30 355634 351.6451
2019:05:06 14:23:30 356490 415.0681
2019:05:06 14:23:30 357308 414.0548
2019:05:06 14:23:30 358133 475.3768
2019:05:06 14:23:30 359371 832.8073
2019:05:06 14:23:30 360195 478.7222
2019:05:06 14:23:30 361425 824.9469
2019:05:06 14:23:30 362226 796.9663
2019:05:06 14:23:30 363046 816.0509
2019:05:06 14:23:30 363821 771.7200
2019:05:06 14:23:30 364274 448.9571
2019:05:06 14:23:30 365521 820.6777
2019:05:06 14:23:30 366325 793.0361
2019:05:06 14:23:30 367156 826.6903
2019:05:06 14:23:30 367904 742.2678
2019:05:06 14:23:30 368792 419.6241
2019:05:06 14:23:30 369599 401.7390
2019:05:06 14:23:30 370420 479.8174
2019:05:06 14:23:30 371237 417.4113
2019:05:06 14:23:30 371997 354.5322
2019:05:06 14:23:30 372888 428.8442
2019:05:06 14:23:30 373709 409.5994
2019:05:06 14:23:30 374517 468.3919
2019:05:06 14:23:30 375341 819.9140
2019:05:06 14:23:30 376094 745.7659
2019:05:06 14:23:30 376575 473.3428
2019:05:06 14:23:30 377813 831.4289
2019:05:06 14:23:30 378610 793.2410
2019:05:06 14:23:30 379430 815.9392
2019:05:06 14:23:30 380184 750.6274
2019:05:06 14:23:30 380680 491.9805
2019:05:06 14:23:30 381485 419.6279
2019:05:06 14:23:30 382708 822.5739
2019:05:06 14:23:30 383529 817.4814
2019:05:06 14:23:30 384296 763.0326
2019:05:06 14:23:30 384758 455.8899
2019:05:06 14:23:30 385594 418.1638
2019:05:06 14:23:30 386339 349.7303
2019:05:06 14:23:30 387223 416.8600
2019:05:06 14:23:30 388043 413.1608
2019:05:06 14:23:30 388863 481.9222
2019:05:06 14:23:30 390096 825.2040
2019:05:06 14:23:30 390916 474.9894
2019:05:06 14:23:30 392144 818.9231
2019:05:06 14:23:30 392962 475.2912
2019:05:06 14:23:30 393770 801.6154
2019:05:06 14:23:30 394519 744.3167
2019:05:06 14:23:30 394990 467.5128
2019:05:06 14:23:30 396212 813.8046
2019:05:06 14:23:30 397043 824.1646
2019:05:06 14:23:30 397878 831.0266
2019:05:06 14:23:30 398632 750.7838
2019:05:06 14:23:30 399105 469.3046
2019:05:06 14:23:30 399929 418.1154
2019:05:06 14:23:30 400682 346.8618
2019:05:06 14:23:30 401567 420.6188
2019:05:06 14:23:30 402385 416.9494
2019:05:06 14:23:30 403209 480.6519
2019:05:06 14:23:30 404030 418.0856
2019:05:06 14:23:30 404775 345.4350
2019:05:06 14:23:30 405644 406.9954
2019:05:06 14:23:30 406801 751.2011
2019:05:06 14:23:30 407686 415.3401
2019:05:06 14:23:30 408530 414.3715
2019:05:06 14:23:30 409355 483.8891
2019:05:06 14:23:30 410165 413.5817
2019:05:06 14:23:30 410917 347.6739
2019:05:06 14:23:30 411805 424.2510
2019:05:06 14:23:30 412626 417.3666
2019:05:06 14:23:30 413440 478.9643
2019:05:06 14:23:30 414264 416.3533
2019:05:06 14:23:30 415014 348.6127
2019:05:06 14:23:30 415900 414.6770
2019:05:06 14:23:30 416719 413.7047
2019:05:06 14:23:30 417527 468.8017
2019:05:06 14:23:30 418339 805.2960
2019:05:06 14:23:30 419089 346.5451
2019:05:06 14:23:30 419974 404.8869
2019:05:06 14:23:30 420794 412.5684
2019:05:06 14:23:30 421620 466.8348
2019:05:06 14:23:30 422452 419.5273
2019:05:06 14:23:30 423205 353.5375
2019:05:06 14:23:30 424086 414.5689
2019:05:06 14:23:30 424914 418.0223
2019:05:06 14:23:30 425731 483.9823
2019:05:06 14:23:30 426551 417.6013
2019:05:06 14:23:30 427307 354.4204
2019:05:06 14:23:30 428188 417.9589
2019:05:06 14:23:30 429006 411.8718
2019:05:06 14:23:30 429817 471.6516
2019:05:06 14:23:30 430628 806.1044
2019:05:06 14:23:30 431389 355.3554
2019:05:06 14:23:30 432270 418.9312
2019:05:06 14:23:30 433432 759.7357
2019:05:06 14:23:30 433905 469.0923
2019:05:06 14:23:30 434723 412.4269
2019:05:06 14:23:30 435477 347.2790
2019:05:06 14:23:30 436359 416.6849
2019:05:06 14:23:30 437179 415.8318
2019:05:06 14:23:30 437998 475.6264
2019:05:06 14:23:30 439225 818.9231
2019:05:06 14:23:30 440049 480.9201
2019:05:06 14:23:30 440868 416.9568
2019:05:06 14:23:30 442102 827.8079
2019:05:06 14:23:30 442921 815.1866
2019:05:06 14:23:30 443674 748.9249
2019:05:06 14:23:30 444146 468.7421
2019:05:06 14:23:30 444967 416.3198
2019:05:06 14:23:30 445774 402.9498
2019:05:06 14:23:30 446598 412.4045
2019:05:06 14:23:30 447418 414.1703
2019:05:06 14:23:30 448240 482.7492
2019:05:06 14:23:30 449064 820.3797
2019:05:06 14:23:30 449819 751.2346
2019:05:06 14:23:30 450291 468.0604
2019:05:06 14:23:30 451110 415.2879
2019:05:06 14:23:30 451917 403.7470
2019:05:06 14:23:30 452742 412.2369
2019:05:06 14:23:30 453562 415.3848
2019:05:06 14:23:30 454389 482.8386
2019:05:06 14:23:30 455205 414.1927
2019:05:06 14:23:30 455963 354.7855
2019:05:06 14:23:30 456838 413.6041
2019:05:06 14:23:30 457657 406.1237
2019:05:06 14:23:30 458480 479.9739
2019:05:06 14:23:30 459298 415.8914
2019:05:06 14:23:30 460524 819.3068
2019:05:06 14:23:30 461357 827.3944
2019:05:06 14:23:30 462103 742.1002
2019:05:06 14:23:30 462579 471.7223
2019:05:06 14:23:30 463397 414.6434
2019:05:06 14:23:30 464204 402.6666
2019:05:06 14:23:30 465029 412.5088
2019:05:06 14:23:30 465851 405.0583
2019:05:06 14:23:30 466672 481.1473
2019:05:06 14:23:30 467489 410.1545
2019:05:06 14:23:30 468250 353.6977
2019:05:06 14:23:30 469169 455.5397
2019:05:06 14:23:30 469973 407.9454
2019:05:06 14:23:30 470784 475.5519
2019:05:06 14:23:30 471619 827.0554
2019:05:06 14:23:30 472377 752.2292
2019:05:06 14:23:30 472843 459.9951
2019:05:06 14:23:30 473664 422.6491
2019:05:06 14:23:30 474416 354.3980
2019:05:06 14:23:30 475268 412.7882
2019:05:06 14:23:30 476090 415.4593
2019:05:06 14:23:30 476908 479.0053
2019:05:06 14:23:30 477744 432.5993
2019:05:06 14:23:30 478968 830.3188
2019:05:06 14:23:30 479793 421.9078
2019:05:06 14:23:30 480529 339.3926
2019:05:06 14:23:30 481436 421.7289
2019:05:06 14:23:30 482596 760.6186
2019:05:06 14:23:30 483069 469.0364
2019:05:06 14:23:30 483873 398.4161
2019:05:06 14:23:30 484625 347.7111
2019:05:06 14:23:30 485534 824.7010
2019:05:06 14:23:30 486351 420.7157
2019:05:06 14:23:30 487165 473.5254
2019:05:06 14:23:30 487970 399.1015
2019:05:06 14:23:30 489216 842.4222
2019:05:06 14:23:30 490016 796.4708
2019:05:06 14:23:30 490773 347.8192
2019:05:06 14:23:30 491652 405.3302
2019:05:06 14:23:30 492478 419.3075
2019:05:06 14:23:30 493293 477.9845
2019:05:06 14:23:30 494115 414.4199
2019:05:06 14:23:30 495341 822.0747
2019:05:06 14:23:30 496167 820.2642
2019:05:06 14:23:30 496919 747.5838
2019:05:06 14:23:30 497395 472.3556
2019:05:06 14:23:30 498213 416.1112
2019:05:06 14:23:30 499018 400.8114
2019:05:06 14:23:30 499843 412.5126
2019:05:06 14:23:30 500663 412.3151
2019:05:06 14:23:30 501495 491.2801
2019:05:06 14:23:30 502305 803.1055
2019:05:06 14:23:30 503055 346.3700
2019:05:06 14:23:30 503948 422.3101
2019:05:06 14:23:30 504764 412.2294
2019:05:06 14:23:30 505580 481.0542
2019:05:06 14:23:30 506399 415.7275
2019:05:06 14:23:30 507160 356.5624
2019:05:06 14:23:30 508036 405.7698
2019:05:06 14:23:30 508862 419.7881
2019:05:06 14:23:30 509675 475.3508
2019:05:06 14:23:30 510907 824.0826
2019:05:06 14:23:30 511726 814.7955
2019:05:06 14:23:30 512543 813.5624
2019:05:06 14:23:30 513300 349.7303
2019:05:06 14:23:30 514189 417.0164
2019:05:06 14:23:30 515348 757.8544
2019:05:06 14:23:30 515823 471.4467
2019:05:06 14:23:30 516640 413.7047
2019:05:06 14:23:30 517395 349.4173
2019:05:06 14:23:30 518271 412.9037
2019:05:06 14:23:30 519094 412.7473
2019:05:06 14:23:30 519918 478.8898
2019:05:06 14:23:30 520739 416.2230
2019:05:06 14:23:30 521545 402.7486
2019:05:06 14:23:30 522371 413.2390
2019:05:06 14:23:30 523189 412.4865
2019:05:06 14:23:30 524014 483.5501
2019:05:06 14:23:30 524828 810.7349
2019:05:06 14:23:30 526064 826.1427
2019:05:06 14:23:30 526881 812.0574
2019:05:06 14:23:30 527636 751.8381
2019:05:06 14:23:30 528108 468.0641
2019:05:06 14:23:30 528926 412.4269
2019:05:06 14:23:30 529681 347.6553
2019:05:06 14:23:30 530562 415.8057
2019:05:06 14:23:30 531381 415.2730
2019:05:06 14:23:30 532207 479.6758
2019:05:06 14:23:30 533028 416.6253
2019:05:06 14:23:30 533832 400.3383
2019:05:06 14:23:30 534658 412.1363
2019:05:06 14:23:30 535481 415.4071
2019:05:06 14:23:30 536297 479.7988
2019:05:06 14:23:30 537529 823.1364
2019:05:06 14:23:30 538351 476.8632
2019:05:06 14:23:30 539166 414.8781
2019:05:06 14:23:30 539919 349.5999
2019:05:06 14:23:30 540802 415.5599
2019:05:06 14:23:30 541622 412.5424
2019:05:06 14:23:30 542440 474.3040
2019:05:06 14:23:30 543260 414.4236
2019:05:06 14:23:30 544014 349.2124
2019:05:06 14:23:30 544898 415.8467
2019:05:06 14:23:30 546062 755.2765
2019:05:06 14:23:30 546945 415.4108
2019:05:06 14:23:30 547769 415.5450
2019:05:06 14:23:30 548586 478.2900
2019:05:06 14:23:30 549417 427.8161
2019:05:06 14:23:30 550637 821.6612
2019:05:06 14:23:30 551456 814.4453
2019:05:06 14:23:30 552209 749.6849
2019:05:06 14:23:30 552683 470.5228
2019:05:06 14:23:30 553912 823.0209
2019:05:06 14:23:30 554732 816.0025
2019:05:06 14:23:30 555550 814.5161
2019:05:06 14:23:30 556310 752.9184
2019:05:06 14:23:30 556784 470.4297
2019:05:06 14:23:30 557596 414.2635
2019:05:06 14:23:30 558415 410.5866
2019:05:06 14:23:30 559235 415.0197
2019:05:06 14:23:30 560056 413.6078
2019:05:06 14:23:30 560873 479.1655
2019:05:06 14:23:30 561698 418.8642
2019:05:06 14:23:30 562447 349.5142
2019:05:06 14:23:30 563329 413.1645
2019:05:06 14:23:30 564157 420.3841
2019:05:06 14:23:30 564969 478.5247
2019:05:06 14:23:30 565789 415.7163
2019:05:06 14:23:30 566550 353.9994
2019:05:06 14:23:30 567429 416.1447
2019:05:06 14:23:30 568252 418.3277
2019:05:06 14:23:30 569064 474.5275
2019:05:06 14:23:30 569884 415.4332
2019:05:06 14:23:30 571116 824.2279
2019:05:06 14:23:30 571937 818.1259
2019:05:06 14:23:30 572684 743.2625
2019:05:06 14:23:30 573162 470.9400
2019:05:06 14:23:30 573987 415.0569
2019:05:06 14:23:30 574738 348.0464
2019:05:06 14:23:30 575616 413.1496
2019:05:06 14:23:30 576436 409.5435
2019:05:06 14:23:30 577256 478.8525
2019:05:06 14:23:30 578075 414.5093
2019:05:06 14:23:30 578894 410.0166
2019:05:06 14:23:30 579713 415.0756
2019:05:06 14:23:30 580539 417.4970
2019:05:06 14:23:30 581367 493.8953
2019:05:06 14:23:30 582171 415.6455
2019:05:06 14:23:30 582924 349.8085
2019:05:06 14:23:30 583805 415.0718
2019:05:06 14:23:30 584643 412.5461
2019:05:06 14:23:30 585459 478.7520
2019:05:06 14:23:30 586678 814.3745
2019:05:06 14:23:30 587499 483.5278
2019:05:06 14:23:30 588318 815.4623
2019:05:06 14:23:30 589081 759.0689
2019:05:06 14:23:30 589590 505.0004
2019:05:06 14:23:30 590380 398.0324
2019:05:06 14:23:30 591133 347.0331
2019:05:06 14:23:30 592021 419.6800
2019:05:06 14:23:30 592846 417.5194
2019:05:06 14:23:30 593661 479.7541
2019:05:06 14:23:30 594489 421.3192
2019:05:06 14:23:30 595236 352.5652
2019:05:06 14:23:30 596116 418.2272
2019:05:06 14:23:30 596935 412.0506
2019:05:06 14:23:30 597746 473.1826
2019:05:06 14:23:30 598556 413.9803
2019:05:06 14:23:30 599307 347.5770
2019:05:06 14:23:30 600191 413.0974
2019:05:06 14:23:30 601011 413.7754
2019:05:06 14:23:30 601835 482.7231
2019:05:06 14:23:30 602649 810.0085
2019:05:06 14:23:30 603405 348.6872
2019:05:06 14:23:30 604287 416.2863
2019:05:06 14:23:30 605117 420.2351
2019:05:06 14:23:30 605925 474.6243
2019:05:06 14:23:30 606746 415.5152
2019:05:06 14:23:30 607507 358.5294
2019:05:06 14:23:30 607980 469.6958
2019:05:06 14:23:30 608800 416.5582
2019:05:06 14:23:30 609562 360.7534
2019:05:06 14:23:30 610433 402.0445
2019:05:06 14:23:30 611258 419.1510
2019:05:06 14:23:30 612073 476.1405
2019:05:06 14:23:30 613300 821.8661
2019:05:06 14:23:30 614121 483.6954
2019:05:06 14:23:30 614943 818.3978
2019:05:06 14:23:30 615695 748.8765
2019:05:06 14:23:30 616171 472.3407
2019:05:06 14:23:30 616990 415.1538
2019:05:06 14:23:30 617744 350.3934
2019:05:06 14:23:30 618623 416.7557
2019:05:06 14:23:30 619442 414.4050
2019:05:06 14:23:30 620262 480.6705
2019:05:06 14:23:30 621082 415.5375
2019:05:06 14:23:30 621840 350.7659
2019:05:06 14:23:30 622719 414.3268
2019:05:06 14:23:30 623553 411.6371
2019:05:06 14:23:30 624369 478.6663
2019:05:06 14:23:30 625194 418.0744
2019:05:06 14:23:30 625964 357.4453
2019:05:06 14:23:30 626834 415.1240
2019:05:06 14:23:30 627661 420.5890
2019:05:06 14:23:30 628474 477.2991
2019:05:06 14:23:30 629294 412.8441
2019:05:06 14:23:30 630048 346.3402
2019:05:06 14:23:30 630932 419.7247
2019:05:06 14:23:30 631756 416.2043
2019:05:06 14:23:30 632568 475.4849
2019:05:06 14:23:30 633399 427.3951
2019:05:06 14:23:30 634130 347.4951
2019:05:06 14:23:30 635006 414.4944
2019:05:06 14:23:30 635833 417.0798
2019:05:06 14:23:30 636644 475.4215
2019:05:06 14:23:30 637469 419.1771
2019:05:06 14:23:30 638225 352.5615
2019:05:06 14:23:30 639102 411.9836
2019:05:06 14:23:30 639927 419.2144
2019:05:06 14:23:30 640744 478.8153
2019:05:06 14:23:30 641564 414.4385
2019:05:06 14:23:30 642316 348.0241
2019:05:06 14:23:30 643198 417.0872
2019:05:06 14:23:30 644017 413.9356
2019:05:06 14:23:30 644843 485.0030
2019:05:06 14:23:30 645657 810.9771
2019:05:06 14:23:30 646882 816.1291
2019:05:06 14:23:30 647702 812.3368
2019:05:06 14:23:30 648461 753.3729
2019:05:06 14:23:30 648936 471.0443
2019:05:06 14:23:30 649757 416.4837
2019:05:06 14:23:30 650509 348.3444
2019:05:06 14:23:30 651389 414.6397
2019:05:06 14:23:30 652219 420.6449
2019:05:06 14:23:30 653026 474.0767
2019:05:06 14:23:30 653849 415.3140
2019:05:06 14:23:30 654602 349.3540
2019:05:06 14:23:30 655484 823.6766
2019:05:06 14:23:30 656313 420.5853
2019:05:06 14:23:30 657129 480.0409
2019:05:06 14:23:30 658352 815.8199
2019:05:06 14:23:30 659173 477.7946
2019:05:06 14:23:30 659991 414.4982
2019:05:06 14:23:30 660753 360.5634
2019:05:06 14:23:30 661225 468.0641
2019:05:06 14:23:30 662045 415.7163
2019:05:06 14:23:30 662796 344.8054
2019:05:06 14:23:30 663684 419.2702
2019:05:06 14:23:30 664497 409.8043
2019:05:06 14:23:30 665319 481.4304
2019:05:06 14:23:30 666138 815.5033
2019:05:06 14:23:30 666891 748.9584
2019:05:06 14:23:30 667364 469.8597
2019:05:06 14:23:30 668597 825.0736
2019:05:06 14:23:30 669419 817.8763
2019:05:06 14:23:30 670230 803.5004
2019:05:06 14:23:30 670990 349.6446
2019:05:06 14:23:30 671870 408.5675
2019:05:06 14:23:30 672687 413.7307
2019:05:06 14:23:30 673514 486.0833
2019:05:06 14:23:30 674325 807.9484
2019:05:06 14:23:30 675082 346.5526
2019:05:06 14:23:30 675963 414.2597
2019:05:06 14:23:30 676791 417.9180
2019:05:06 14:23:30 677602 475.0229
2019:05:06 14:23:30 678425 418.0707
2019:05:06 14:23:30 679185 353.9994
2019:05:06 14:23:30 680064 415.8132
2019:05:06 14:23:30 680886 418.5028
2019:05:06 14:23:30 681711 486.7800
2019:05:06 14:23:30 682932 823.2743
2019:05:06 14:23:30 683749 813.9312
2019:05:06 14:23:30 684569 816.7587
2019:05:06 14:23:30 685322 748.9100
2019:05:06 14:23:30 685796 471.0443
2019:05:06 14:23:30 687025 821.1881
2019:05:06 14:23:30 687846 814.8625
2019:05:06 14:23:30 688664 815.0004
2019:05:06 14:23:30 689417 749.2229
2019:05:06 14:23:30 689893 469.7554
2019:05:06 14:23:30 690713 414.3193
2019:05:06 14:23:30 691467 348.5754
2019:05:06 14:23:30 692347 416.3496
2019:05:06 14:23:30 693175 418.4321
2019:05:06 14:23:30 693996 481.3112
2019:05:06 14:23:30 694814 417.0798
2019:05:06 14:23:30 695560 346.7165
2019:05:06 14:23:30 696443 824.9991
2019:05:06 14:23:30 697270 419.8849
2019:05:06 14:23:30 698085 475.4812
2019:05:06 14:23:30 698904 417.4784
2019:05:06 14:23:30 700131 821.1993
2019:05:06 14:23:30 700955 820.0221
2019:05:06 14:23:30 701712 754.0137
2019:05:06 14:23:30 702184 467.7847
2019:05:06 14:23:30 703003 415.9771
2019:05:06 14:23:30 703750 347.6329
2019:05:06 14:23:30 704635 414.9452
2019:05:06 14:23:30 705455 414.7403
2019:05:06 14:23:30 706284 481.9594
2019:05:06 14:23:30 707098 809.7216
2019:05:06 14:23:30 707848 745.7845
2019:05:06 14:23:30 708730 413.4066
2019:05:06 14:23:30 709550 413.7903
2019:05:06 14:23:30 710374 482.7492
2019:05:06 14:23:30 711187 809.5652
2019:05:06 14:23:30 711949 354.4763
2019:05:06 14:23:30 712826 411.7563
2019:05:06 14:23:30 713648 414.1256
2019:05:06 14:23:30 714470 481.8477
2019:05:06 14:23:30 715287 413.1906
2019:05:06 14:23:30 716046 353.1650
2019:05:06 14:23:30 716922 415.9063
2019:05:06 14:23:30 718086 754.3042
2019:05:06 14:23:30 718979 418.4730
2019:05:06 14:23:30 720139 757.9513
2019:05:06 14:23:30 720613 470.4259
2019:05:06 14:23:30 721433 415.5412
2019:05:06 14:23:30 722239 402.2941
2019:05:06 14:23:30 723066 415.8169
2019:05:06 14:23:30 723893 417.2735
2019:05:06 14:23:30 724706 476.6993
2019:05:06 14:23:30 725529 418.8754
2019:05:06 14:23:30 726287 355.4560
2019:05:06 14:23:30 727170 422.1760
2019:05:06 14:23:30 727990 417.9925
2019:05:06 14:23:30 728802 480.5699
2019:05:06 14:23:30 730031 821.1397
2019:05:06 14:23:30 730854 479.5641
2019:05:06 14:23:30 731674 417.2698
2019:05:06 14:23:30 732425 349.4248
2019:05:06 14:23:30 733305 415.2916
2019:05:06 14:23:30 734124 411.1864
2019:05:06 14:23:30 734949 482.5182
2019:05:06 14:23:30 735805 852.9536
2019:05:06 14:23:30 736531 722.1363
2019:05:06 14:23:30 737426 438.8057
2019:05:06 14:23:30 738601 775.2106
2019:05:06 14:23:30 739083 479.3815
2019:05:06 14:23:30 739891 410.8176
2019:05:06 14:23:30 740645 346.9363
2019:05:06 14:23:30 741507 396.8589
2019:05:06 14:23:30 742356 445.9992
2019:05:06 14:23:30 743153 474.5238
2019:05:06 14:23:30 743976 417.0425
2019:05:06 14:23:30 744728 350.0134
2019:05:06 14:23:30 745614 413.9207
2019:05:06 14:23:30 746432 413.7307
2019:05:06 14:23:30 747255 484.6938
2019:05:06 14:23:30 748070 810.4965
2019:05:06 14:23:30 748830 353.5710
2019:05:06 14:23:30 749711 426.1471
2019:05:06 14:23:30 750533 417.8546
2019:05:06 14:23:30 751333 467.3451
2019:05:06 14:23:30 752165 414.1182
2019:05:06 14:23:30 752922 351.8052
2019:05:06 14:23:30 753786 415.8542
2019:05:06 14:23:30 754605 413.9543
2019:05:06 14:23:30 755426 480.9052
2019:05:06 14:23:30 756260 418.3464
2019:05:06 14:23:30 757014 353.0346
2019:05:06 14:23:30 757894 416.2677
2019:05:06 14:23:30 758713 409.5584
2019:05:06 14:23:30 759523 466.9428
2019:05:06 14:23:30 760364 415.9212
2019:05:06 14:23:30 761114 348.1209
2019:05:06 14:23:30 761974 400.4985
2019:05:06 14:23:30 762817 415.7461
2019:05:06 14:23:30 763620 467.9747
2019:05:06 14:23:30 764846 824.4775
2019:05:06 14:23:30 765671 821.3893
2019:05:06 14:23:30 766482 803.1875
2019:05:06 14:23:30 767240 351.1384
2019:05:06 14:23:30 768134 426.6426
2019:05:06 14:23:30 768960 419.2069
2019:05:06 14:23:30 769774 476.1107
2019:05:06 14:23:30 770578 414.7962
2019:05:06 14:23:30 771808 824.3732
2019:05:06 14:23:30 772630 817.8316
2019:05:06 14:23:30 773385 751.6369
2019:05:06 14:23:30 773857 468.0641
2019:05:06 14:23:30 774677 415.6157
2019:05:06 14:23:30 775484 403.8475
2019:05:06 14:23:30 776309 411.7452
2019:05:06 14:23:30 777128 413.0080
2019:05:06 14:23:30 777957 480.6034
2019:05:06 14:23:30 778767 805.4748
2019:05:06 14:23:30 779999 823.8927
2019:05:06 14:23:30 780834 832.1702
2019:05:06 14:23:30 781589 743.0986
2019:05:06 14:23:30 782050 457.7637
2019:05:06 14:23:30 782867 414.4572
2019:05:06 14:23:30 783636 364.7134
2019:05:06 14:23:30 784501 414.2672
2019:05:06 14:23:30 785328 419.4714
2019:05:06 14:23:30 786146 463.9365
2019:05:06 14:23:30 786982 415.7946
2019:05:06 14:23:30 787716 333.3353
2019:05:06 14:23:30 788597 414.9973
2019:05:06 14:23:30 789770 748.1240
2019:05:06 14:23:30 790243 468.1423
2019:05:06 14:23:30 791059 414.6397
2019:05:06 14:23:30 791827 347.4280
2019:05:06 14:23:30 792708 417.1431
2019:05:06 14:23:30 793536 423.3085
2019:05:06 14:23:30 794337 479.4523
2019:05:06 14:23:30 795179 438.0420
2019:05:06 14:23:30 795925 345.1444
2019:05:06 14:23:30 796805 818.4314
2019:05:06 14:23:30 797626 414.0362
2019:05:06 14:23:30 798434 466.1940
2019:05:06 14:23:30 799267 414.8968
2019:05:06 14:23:30 800025 353.4667
2019:05:06 14:23:30 800900 430.2450
2019:05:06 14:23:30 801716 407.4089
2019:05:06 14:23:30 802532 482.5145
2019:05:06 14:23:30 803348 415.7722
2019:05:06 14:23:30 804102 350.9820
2019:05:06 14:23:30 804981 416.3012
2019:05:06 14:23:30 805816 415.0867
2019:05:06 14:23:30 806623 479.4635
2019:05:06 14:23:30 807444 415.9436
2019:05:06 14:23:30 808674 806.6036
2019:05:06 14:23:30 809507 829.1639
2019:05:06 14:23:30 810260 749.2751
2019:05:06 14:23:30 810717 453.2859
2019:05:06 14:23:30 811965 825.9676
2019:05:06 14:23:30 812765 786.1555
2019:05:06 14:23:30 813592 822.8905
2019:05:06 14:23:30 814335 738.0322
2019:05:06 14:23:30 815219 412.5647
2019:05:06 14:23:30 816055 429.0082
2019:05:06 14:23:30 816880 485.3755
2019:05:06 14:23:30 817695 811.3235
2019:05:06 14:23:30 818909 807.1437
2019:05:06 14:23:30 819750 836.9535
2019:05:06 14:23:30 820503 749.4539
2019:05:06 14:23:30 820979 472.1321
2019:05:06 14:23:30 821797 411.1789
2019:05:06 14:23:30 822551 348.4935
2019:05:06 14:23:30 823433 420.3916
2019:05:06 14:23:30 824254 409.9607
2019:05:06 14:23:30 825079 480.0223
2019:05:06 14:23:30 826279 816.5687
2019:05:06 14:23:30 827102 479.0388
2019:05:06 14:23:30 827942 836.7077
2019:05:06 14:23:30 828690 744.2161
2019:05:06 14:23:30 829164 469.9156
2019:05:06 14:23:30 830389 818.6176
2019:05:06 14:23:30 831210 813.7971
2019:05:06 14:23:30 832038 824.3509
2019:05:06 14:23:30 832791 749.5470
2019:05:06 14:23:30 833265 470.6308
2019:05:06 14:23:30 834086 412.7026
2019:05:06 14:23:30 834837 345.9491
2019:05:06 14:23:30 835722 424.3441
2019:05:06 14:23:30 836540 414.5354
2019:05:06 14:23:30 837373 489.0300
2019:05:06 14:23:30 838165 413.1421
2019:05:06 14:23:30 839387 817.3138
2019:05:06 14:23:30 840224 833.3176
2019:05:06 14:23:30 840979 750.8248
2019:05:06 14:23:30 841452 461.5895
2019:05:06 14:23:30 842682 824.2130
2019:05:06 14:23:30 843497 804.1672
2019:05:06 14:23:30 844321 406.4329
2019:05:06 14:23:30 845133 402.5325
2019:05:06 14:23:30 845960 416.9308
2019:05:06 14:23:30 846774 406.6266
2019:05:06 14:23:30 847593 481.3820
2019:05:06 14:23:30 848415 417.5380
2019:05:06 14:23:30 849169 352.8297
2019:05:06 14:23:30 849638 402.1451
2019:05:06 14:23:30 850859 823.0284
2019:05:06 14:23:30 851678 814.9631
2019:05:06 14:23:30 852492 810.4220
2019:05:06 14:23:30 853727 827.3311
2019:05:06 14:23:30 854545 814.3373
2019:05:06 14:23:30 855313 764.7648
2019:05:06 14:23:30 855790 465.6240
2019:05:06 14:23:30 856611 416.9792
2019:05:06 14:23:30 857366 354.5433
2019:05:06 14:23:30 858247 436.1011
2019:05:06 14:23:30 859067 411.7563
2019:05:06 14:23:30 859865 459.8014
2019:05:06 14:23:30 860703 413.7196
2019:05:06 14:23:30 861453 345.0029
2019:05:06 14:23:30 862332 419.5385
2019:05:06 14:23:30 863491 761.2035
2019:05:06 14:23:30 863965 470.0981
2019:05:06 14:23:30 864785 415.4257
2019:05:06 14:23:30 865557 351.3284
2019:05:06 14:23:30 866433 428.1178
2019:05:06 14:23:30 867253 409.2790
2019:05:06 14:23:30 868057 462.7332
2019:05:06 14:23:30 868891 414.3640
2019:05:06 14:23:30 869653 354.5471
2019:05:06 14:23:30 870529 427.4324
2019:05:06 14:23:30 871349 414.3938
2019:05:06 14:23:30 872160 472.2476
2019:05:06 14:23:30 872987 823.0247
2019:05:06 14:23:30 873734 345.2338
2019:05:06 14:23:30 874609 406.1982
2019:05:06 14:23:30 875446 427.1157
2019:05:06 14:23:30 876261 473.7601
2019:05:06 14:23:30 877499 825.6584
2019:05:06 14:23:30 878321 480.5587
2019:05:06 14:23:30 879140 413.2390
2019:05:06 14:23:30 879893 348.7580
2019:05:06 14:23:30 880768 411.4956
2019:05:06 14:23:30 881595 407.5989
2019:05:06 14:23:30 882415 481.8626
2019:05:06 14:23:30 883232 809.9712
2019:05:06 14:23:30 883995 357.5124
2019:05:06 14:23:30 884871 404.9838
2019:05:06 14:23:30 885689 403.3782
2019:05:06 14:23:30 886495 799.6261
2019:05:06 14:23:30 887330 831.4252
2019:05:06 14:23:30 888083 749.8786
2019:05:06 14:23:30 888542 455.1038
2019:05:06 14:23:30 889378 417.9180
2019:05:06 14:23:30 890128 348.7095
2019:05:06 14:23:30 891007 416.8488
2019:05:06 14:23:30 891840 416.6663
2019:05:06 14:23:30 892650 474.9894
2019:05:06 14:23:30 893476 419.3261
2019:05:06 14:23:30 894236 356.2234
2019:05:06 14:23:30 895109 415.1762
2019:05:06 14:23:30 895937 421.3862
2019:05:06 14:23:30 896749 476.6062
2019:05:06 14:23:30 897562 403.6911
2019:05:06 14:23:30 898778 819.7129
2019:05:06 14:23:30 899601 819.5415
2019:05:06 14:23:30 900354 749.4614
2019:05:06 14:23:30 900829 471.9347
2019:05:06 14:23:30 901667 418.7226
2019:05:06 14:23:30 902419 352.9191
2019:05:06 14:23:30 903302 412.0469
2019:05:06 14:23:30 904129 420.9690
2019:05:06 14:23:30 904941 477.3289
2019:05:06 14:23:30 905747 398.2037
2019:05:06 14:23:30 906515 347.1524
2019:05:06 14:23:30 907397 416.9755
2019:05:06 14:23:30 908225 418.2421
2019:05:06 14:23:30 909041 476.2672
2019:05:06 14:23:30 910245 814.8961
2019:05:06 14:23:30 911066 481.6912
2019:05:06 14:23:30 911887 419.7396
2019:05:06 14:23:30 912651 360.7273
2019:05:06 14:23:30 913536 429.2391
2019:05:06 14:23:30 914354 413.3247
2019:05:06 14:23:30 915180 486.1020
2019:05:06 14:23:30 915992 808.5445
2019:05:06 14:23:30 916754 354.7743
2019:05:06 14:23:30 917638 405.1216
2019:05:06 14:23:30 918464 420.9466
2019:05:06 14:23:30 919278 479.0388
2019:05:06 14:23:30 920493 828.2103
2019:05:06 14:23:30 921307 804.6255
2019:05:06 14:23:30 922118 802.8410
2019:05:06 14:23:30 923356 827.1709
2019:05:06 14:23:30 924165 801.7085
2019:05:06 14:23:30 925405 829.6855
2019:05:06 14:23:30 926213 799.5963
2019:05:06 14:23:30 927451 828.5753
2019:05:06 14:23:30 928261 801.9581
2019:05:06 14:23:30 929500 829.1081
2019:05:06 14:23:30 930309 801.3584
2019:05:06 14:23:30 931550 832.2857
2019:05:06 14:23:30 932357 801.4664
2019:05:06 14:23:30 933611 844.8772
2019:05:06 14:23:30 934405 786.4982
2019:05:06 14:23:30 935639 824.5707
2019:05:06 14:23:30 936459 815.7976
2019:05:06 14:23:30 937206 743.9815
2019:05:06 14:23:30 938097 826.8133
2019:05:06 14:23:30 939254 753.5592
2019:05:06 14:23:30 940139 820.3536
2019:05:06 14:23:30 941303 754.5799
2019:05:06 14:23:30 941785 418.0744
2019:05:06 14:23:30 943006 818.1222
2019:05:06 14:23:30 943834 483.7960
2019:05:06 14:23:30 945054 818.4686
2019:05:06 14:23:30 945892 488.2663
2019:05:06 14:23:30 947101 817.2095
2019:05:06 14:23:30 947929 482.7157
2019:05:06 14:23:30 949150 818.9678
2019:05:06 14:23:30 949977 481.9594
2019:05:06 14:23:30 951197 819.1429
2019:05:06 14:23:30 952024 482.3357
2019:05:06 14:23:30 953245 818.5431
2019:05:06 14:23:30 954072 481.6502
2019:05:06 14:23:30 955293 818.6474
2019:05:06 14:23:30 956121 484.1872
2019:05:06 14:23:30 957341 818.9790
2019:05:06 14:23:30 958171 481.7545
2019:05:06 14:23:30 959389 818.0104
2019:05:06 14:23:30 960216 482.4325
2019:05:06 14:23:30 961438 819.8954
2019:05:06 14:23:30 962265 484.0307
2019:05:06 14:23:30 963485 818.8784
2019:05:06 14:23:30 964310 481.5385
2019:05:06 14:23:30 965534 820.0370
2019:05:06 14:23:30 966360 483.1068
2019:05:06 14:23:30 967581 818.9902
2019:05:06 14:23:30 968408 483.5352
2019:05:06 14:23:30 969635 824.1534
2019:05:06 14:23:30 970460 485.8449
2019:05:06 14:23:30 971679 817.9843
2019:05:06 14:23:30 972507 483.7103
2019:05:06 14:23:30 973726 819.7576
2019:05:06 14:23:30 974559 490.8927
2019:05:06 14:23:30 975774 815.7454
2019:05:06 14:23:30 976615 496.3316
2019:05:06 14:23:30 977824 821.1806
2019:05:06 14:23:30 978661 493.8841
2019:05:06 14:23:30 979867 812.3368
2019:05:06 14:23:30 980697 486.1504
2019:05:06 14:23:30 981953 854.8126
2019:05:06 14:23:30 982760 485.4426
2019:05:06 14:23:30 983962 816.6879
2019:05:06 14:23:30 984822 515.8298
2019:05:06 14:23:30 986047 831.2240
2019:05:06 14:23:30 986855 476.7813
2019:05:06 14:23:30 988058 795.3607
2019:05:06 14:23:30 988911 509.3813
2019:05:06 14:23:30 990129 818.7890
2019:05:06 14:23:30 990949 484.3734
2019:05:06 14:23:30 992155 791.0281
2019:05:06 14:23:30 993004 505.9801
2019:05:06 14:23:30 994225 819.6011
2019:05:06 14:23:30 995054 493.3551
2019:05:06 14:23:30 996250 795.9120
2019:05:06 14:23:30 997099 505.3990
2019:05:06 14:23:30 998320 817.8130
2019:05:06 14:23:30 999147 489.7453
2019:05:06 14:23:30 999949 399.7609
2019:05:06 14:23:31 1193 846.3375
2019:05:06 14:23:31 2007 810.5338
2019:05:06 14:23:31 3235 818.7890
2019:05:06 14:23:31 4033 790.8121
2019:05:06 14:23:31 5268 827.1784
2019:05:06 14:23:31 6082 809.7440
2019:05:06 14:23:31 7317 827.7781
2019:05:06 14:23:31 8128 807.0879
2019:05:06 14:23:31 9369 831.5705
2019:05:06 14:23:31 10197 823.8330
2019:05:06 14:23:31 11432 831.6785
2019:05:06 14:23:31 12223 787.8430
2019:05:06 14:23:31 13481 847.7382
2019:05:06 14:23:31 14295 810.2246
2019:05:06 14:23:31 15528 831.9765
2019:05:06 14:23:31 16319 787.9511
2019:05:06 14:23:31 17568 839.4569
2019:05:06 14:23:31 18367 794.6417
2019:05:06 14:23:31 19603 826.5376
2019:05:06 14:23:31 20415 808.0341
2019:05:06 14:23:31 21674 826.6158
2019:05:06 14:23:31 22486 807.7994
2019:05:06 14:23:31 23699 811.2639
2019:05:06 14:23:31 24511 808.6488
2019:05:06 14:23:31 25770 826.3700
2019:05:06 14:23:31 26574 800.3265
2019:05:06 14:23:31 27817 832.7700
2019:05:06 14:23:31 28606 785.8723
2019:05:06 14:23:31 29873 833.7907
2019:05:06 14:23:31 30670 780.0832
2019:05:06 14:23:31 31890 803.9437
2019:05:06 14:23:31 32702 808.3284
2019:05:06 14:23:31 33953 818.4463
2019:05:06 14:23:31 34772 811.8637
2019:05:06 14:23:31 35981 799.1344
2019:05:06 14:23:31 36821 833.9100
2019:05:06 14:23:31 38055 824.3471
2019:05:06 14:23:31 38861 802.3530
2019:05:06 14:23:31 40082 803.3812
2019:05:06 14:23:31 40915 829.6892
2019:05:06 14:23:31 42131 798.3185
2019:05:06 14:23:31 42942 806.6706
2019:05:06 14:23:31 44177 825.3790
2019:05:06 14:23:31 45013 832.6992
2019:05:06 14:23:31 46246 824.0901
2019:05:06 14:23:31 47061 810.3922
2019:05:06 14:23:31 48272 802.4573
2019:05:06 14:23:31 49109 833.0569
2019:05:06 14:23:31 50342 824.2652
2019:05:06 14:23:31 51157 810.4593
2019:05:06 14:23:31 52370 803.8841
2019:05:06 14:23:31 53203 829.8755
2019:05:06 14:23:31 54418 814.8365
2019:05:06 14:23:31 55230 807.5610
2019:05:06 14:23:31 56464 825.3939
2019:05:06 14:23:31 57301 833.0196
2019:05:06 14:23:31 58512 822.2498
2019:05:06 14:23:31 59329 813.2569
2019:05:06 14:23:31 60103 353.6232
2019:05:06 14:23:31 60979 425.6219
2019:05:06 14:23:31 62142 742.1412
2019:05:06 14:23:31 63034 826.5823
2019:05:06 14:23:31 64197 753.3729
2019:05:06 14:23:31 65082 819.5862
2019:05:06 14:23:31 66246 760.3392
2019:05:06 14:23:31 67107 797.4654
2019:05:06 14:23:31 68293 753.3617
2019:05:06 14:23:31 69178 819.2286
2019:05:06 14:23:31 70334 747.3752
2019:05:06 14:23:31 71219 412.8590
2019:05:06 14:23:31 72382 753.9839
2019:05:06 14:23:31 73272 825.9602
2019:05:06 14:23:31 74437 753.6002
2019:05:06 14:23:31 75321 819.5639
2019:05:06 14:23:31 76462 730.4028
2019:05:06 14:23:31 77352 803.0683
2019:05:06 14:23:31 78512 750.9626
2019:05:06 14:23:31 79397 820.6256
2019:05:06 14:23:31 80560 754.0807
2019:05:06 14:23:31 81458 832.8892
2019:05:06 14:23:31 82277 813.4544
2019:05:06 14:23:31 83105 484.0456
2019:05:06 14:23:31 84310 803.1726
2019:05:06 14:23:31 85152 498.5742
2019:05:06 14:23:31 86373 817.8689
2019:05:06 14:23:31 87207 490.6133
2019:05:06 14:23:31 88406 797.8380
2019:05:06 14:23:31 89256 485.6326
2019:05:06 14:23:31 90454 815.1084
2019:05:06 14:23:31 91282 484.4256
2019:05:06 14:23:31 92501 818.5543
2019:05:06 14:23:31 93337 491.3770
2019:05:06 14:23:31 94549 817.4516
2019:05:06 14:23:31 95376 482.8721
2019:05:06 14:23:31 96600 821.9033
2019:05:06 14:23:31 97428 486.8433
2019:05:06 14:23:31 98645 818.2749
2019:05:06 14:23:31 99473 483.9674
2019:05:06 14:23:31 100693 818.2116
2019:05:06 14:23:31 101533 496.8271
2019:05:06 14:23:31 102756 831.7605
2019:05:06 14:23:31 103571 469.5877
2019:05:06 14:23:31 104804 818.7369
2019:05:06 14:23:31 105619 470.4744
2019:05:06 14:23:31 106852 818.2414
2019:05:06 14:23:31 107665 469.6287
2019:05:06 14:23:31 108900 818.0551
2019:05:06 14:23:31 109729 485.2638
2019:05:06 14:23:31 110955 825.5877
2019:05:06 14:23:31 111781 481.8887
2019:05:06 14:23:31 113001 818.4798
2019:05:06 14:23:31 113813 464.5027
2019:05:06 14:23:31 115035 823.9932
2019:05:06 14:23:31 115853 814.1026
2019:05:06 14:23:31 116667 810.0756
2019:05:06 14:23:31 117917 825.9118
2019:05:06 14:23:31 118730 800.8033
2019:05:06 14:23:31 119951 805.8734
2019:05:06 14:23:31 120784 829.2049
2019:05:06 14:23:31 122014 820.1115
2019:05:06 14:23:31 122826 805.4413
2019:05:06 14:23:31 124067 826.3476
2019:05:06 14:23:31 124879 808.2055
