
# OSU MPI Allreduce Latency Test v5.6.1
# Size       Avg Latency(us)
65536              162737.28
2019:05:06 15:05:50 77416 144046.1352
2019:05:06 15:05:50 261383 144019.3169
2019:05:06 15:05:50 441393 140023.4289
2019:05:06 15:05:50 657380 176017.6122
2019:05:06 15:05:50 833391 136019.7067
2019:05:06 15:05:50 989382 116015.4156
2019:05:06 15:05:51 165395 128021.7730
2019:05:06 15:05:51 341386 128008.6897
2019:05:06 15:05:51 483257 134360.2873
2019:05:06 15:05:51 725363 199994.1282
2019:05:06 15:05:51 869392 144017.3909
2019:05:06 15:05:52 54616 137242.6711
2019:05:06 15:05:52 221384 136015.8101
2019:05:06 15:05:52 405392 136026.9785
2019:05:06 15:05:52 573383 128012.3331
2019:05:06 15:05:52 757393 144025.5530
2019:05:06 15:05:53 5390 208021.1081
2019:05:06 15:05:53 229361 175991.4830
2019:05:06 15:05:53 397387 168016.5194
2019:05:06 15:05:53 561393 136034.7830
2019:05:06 15:05:53 833356 227997.4297
2019:05:06 15:05:54 21382 188017.2826
2019:05:06 15:05:54 237389 168028.2578
2019:05:06 15:05:54 433379 148008.5291
2019:05:06 15:05:54 617380 136012.6734
2019:05:06 15:05:54 785388 120019.1639
2019:05:06 15:05:54 961402 128032.7514
2019:05:06 15:05:55 149377 140005.4060
2019:05:06 15:05:55 341385 144008.3049
2019:05:06 15:05:55 557378 167991.8393
2019:05:06 15:05:55 733201 127829.7305
2019:05:06 15:05:55 965373 192005.5859
2019:05:06 15:05:56 149364 183982.7187
2019:05:06 15:05:56 325389 176012.3707
2019:05:06 15:05:56 537379 164005.4435
2019:05:06 15:05:56 721540 136172.8385
2019:05:06 15:05:56 921386 152019.5603
2019:05:06 15:05:57 80371 127005.4542
2019:05:06 15:05:57 253385 128013.6332
2019:05:06 15:05:57 426027 140670.3070
2019:05:06 15:05:57 609388 136014.9756
2019:05:06 15:05:57 789389 140031.1366
2019:05:06 15:05:57 965382 136010.6580
2019:05:06 15:05:58 173363 167992.7222
2019:05:06 15:05:58 310715 137342.0544
2019:05:06 15:05:58 501375 168012.9021
2019:05:06 15:05:58 717364 183998.1452
2019:05:06 15:05:58 893383 176008.5747
2019:05:06 15:05:59 117380 184022.0913
2019:05:06 15:05:59 325386 168014.6679
2019:05:06 15:05:59 541389 168022.3159
2019:05:06 15:05:59 701392 120024.7630
2019:05:06 15:05:59 941360 199990.1868
2019:05:06 15:06:00 101380 160008.4640
2019:05:06 15:06:00 261384 120020.8738
2019:05:06 15:06:00 456179 154823.8285
2019:05:06 15:06:00 614271 120899.0254
2019:05:06 15:06:00 813384 160006.5380
2019:05:06 15:06:01 53363 199994.1804
2019:05:06 15:06:01 213388 160016.9651
2019:05:06 15:06:01 417362 163996.0781
2019:05:06 15:06:01 577387 160014.0147
2019:05:06 15:06:01 777383 160017.0694
2019:05:06 15:06:01 977365 160001.1662
2019:05:06 15:06:02 213378 235996.9243
2019:05:06 15:06:02 417380 164011.1022
2019:05:06 15:06:02 577827 120464.9620
2019:05:06 15:06:02 777371 160004.3923
2019:05:06 15:06:02 937382 160002.1124
2019:05:06 15:06:03 93389 116026.7070
2019:05:06 15:06:03 253394 120025.0052
2019:05:06 15:06:03 453392 160034.0568
2019:05:06 15:06:03 615744 122383.4306
2019:05:06 15:06:03 820100 166731.2533
2019:05:06 15:06:04 13377 160010.7998
2019:05:06 15:06:04 173385 120013.4903
2019:05:06 15:06:04 373389 160023.0895
2019:05:06 15:06:04 609364 200002.5660
2019:05:06 15:06:04 833370 223995.9873
2019:05:06 15:06:04 977402 144015.3681
2019:05:06 15:06:05 133386 116016.8014
2019:05:06 15:06:05 317387 144029.5056
2019:05:06 15:06:05 537391 172032.0880
2019:05:06 15:06:05 698139 120763.7973
2019:05:06 15:06:05 893378 160013.0834
2019:05:06 15:06:06 93387 160022.8436
2019:05:06 15:06:06 293381 160008.3672
2019:05:06 15:06:06 449362 149655.4278
2019:05:06 15:06:06 649361 199991.4274
2019:05:06 15:06:06 854713 205343.1757
2019:05:06 15:06:07 19149 129783.1461
2019:05:06 15:06:07 185395 138477.3701
2019:05:06 15:06:07 335216 139353.7931
2019:05:06 15:06:07 478128 127265.1665
2019:05:06 15:06:07 709372 212011.7545
2019:05:06 15:06:07 917386 208004.3256
2019:05:06 15:06:08 101383 136020.6231
2019:05:06 15:06:08 277392 136024.1994
2019:05:06 15:06:08 437390 120020.3151
2019:05:06 15:06:08 597394 152645.5507
2019:05:06 15:06:08 877361 239997.3013
2019:05:06 15:06:09 37395 160024.6318
2019:05:06 15:06:09 237384 160018.6825
2019:05:06 15:06:09 397381 120009.4260
2019:05:06 15:06:09 577384 160030.9983
2019:05:06 15:06:09 777387 153840.8622
2019:05:06 15:06:09 937391 120028.4623
2019:05:06 15:06:10 101388 124024.7525
2019:05:06 15:06:10 301371 160005.6291
2019:05:06 15:06:10 467358 165975.9656
2019:05:06 15:06:10 626249 124881.5246
2019:05:06 15:06:10 821383 160021.4951
2019:05:06 15:06:11 21383 160013.1057
2019:05:06 15:06:11 221379 160013.6124
2019:05:06 15:06:11 381392 120020.5833
2019:05:06 15:06:11 619399 198029.7044
2019:05:06 15:06:11 809387 160031.9259
2019:05:06 15:06:11 974673 125301.3276
2019:05:06 15:06:12 165381 156022.7461
2019:05:06 15:06:12 325388 120022.4124
2019:05:06 15:06:12 569359 204002.9801
2019:05:06 15:06:12 729385 158408.3289
2019:05:06 15:06:12 889393 120016.9474
2019:05:06 15:06:13 51820 122463.6957
2019:05:06 15:06:13 205386 120019.7935
2019:05:06 15:06:13 368898 123519.2940
2019:05:06 15:06:13 561394 160032.6933
2019:05:06 15:06:13 725383 124014.2137
2019:05:06 15:06:13 897383 136009.0263
2019:05:06 15:06:14 141378 204011.3360
2019:05:06 15:06:14 301381 155509.1031
2019:05:06 15:06:14 497383 156016.4802
2019:05:06 15:06:14 697377 160011.8056
2019:05:06 15:06:14 857384 120020.0878
2019:05:06 15:06:15 17390 120024.2490
2019:05:06 15:06:15 213386 160021.2716
2019:05:06 15:06:15 453366 159991.7114
2019:05:06 15:06:15 614697 161320.9620
2019:05:06 15:06:15 788339 126966.0555
2019:05:06 15:06:15 941384 120020.1623
2019:05:06 15:06:16 109036 127666.7602
2019:05:06 15:06:16 261388 120020.2554
2019:05:06 15:06:16 461366 159999.0241
2019:05:06 15:06:16 661360 199980.2925
2019:05:06 15:06:16 821385 160013.7390
2019:05:06 15:06:16 981387 120021.9281
2019:05:06 15:06:17 181364 159999.6574
2019:05:06 15:06:17 341387 160014.9423
2019:05:06 15:06:17 537383 156016.5174
2019:05:06 15:06:17 706416 129049.4762
2019:05:06 15:06:17 913361 143990.2969
2019:05:06 15:06:18 85386 172017.5482
2019:05:06 15:06:18 261378 136017.0320
2019:05:06 15:06:18 414618 121260.9150
2019:05:06 15:06:18 609383 168021.7125
2019:05:06 15:06:18 793394 144024.0517
2019:05:06 15:06:18 954838 121468.8085
2019:05:06 15:06:19 117382 124010.2649
2019:05:06 15:06:19 357364 199989.6802
2019:05:06 15:06:19 557381 200007.2710
2019:05:06 15:06:19 797364 200005.6468
2019:05:06 15:06:19 997379 200005.4680
2019:05:06 15:06:20 177382 144019.7602
2019:05:06 15:06:20 381383 164027.6387
2019:05:06 15:06:20 613367 192006.3943
2019:05:06 15:06:20 789384 176007.6582
2019:05:06 15:06:20 997364 201779.7753
2019:05:06 15:06:21 181398 184025.6676
2019:05:06 15:06:21 349387 144022.4014
2019:05:06 15:06:21 521384 132013.4513
2019:05:06 15:06:21 689379 128006.9090
2019:05:06 15:06:21 873388 144032.2921
2019:05:06 15:06:22 49387 136019.3528
2019:05:06 15:06:22 229387 148014.7913
2019:05:06 15:06:22 405383 128016.8295
2019:05:06 15:06:22 573388 124013.8598
2019:05:06 15:06:22 769382 148010.1496
2019:05:06 15:06:22 969381 152007.3563
2019:05:06 15:06:23 141384 140021.4098
2019:05:06 15:06:23 373368 184003.8449
2019:05:06 15:06:23 538161 164780.6615
2019:05:06 15:06:23 709391 128023.2072
2019:05:06 15:06:23 896161 154805.9918
2019:05:06 15:06:24 69384 128017.6938
2019:05:06 15:06:24 237384 136020.0495
2019:05:06 15:06:24 453384 168012.5408
2019:05:06 15:06:24 725384 176021.5610
2019:05:06 15:06:24 916023 142650.6601
2019:05:06 15:06:25 117381 176015.6453
2019:05:06 15:06:25 301388 136027.0530
2019:05:06 15:06:25 505383 172026.2803
2019:05:06 15:06:25 657383 104013.2865
2019:05:06 15:06:25 849393 160022.3891
2019:05:06 15:06:26 37390 140026.9195
2019:05:06 15:06:26 237397 160029.2511
2019:05:06 15:06:26 517390 232011.7727
2019:05:06 15:06:26 725390 168022.9194
2019:05:06 15:06:26 909389 136022.4076
2019:05:06 15:06:27 93382 152011.2790
2019:05:06 15:06:27 271965 130594.6819
2019:05:06 15:06:27 437393 136037.1262
2019:05:06 15:06:27 613391 136025.4548
2019:05:06 15:06:27 817384 168025.3409
2019:05:06 15:06:28 45379 180006.4072
2019:05:06 15:06:28 227954 134579.9677
2019:05:06 15:06:28 405386 136017.4417
2019:05:06 15:06:28 585395 148035.3288
2019:05:06 15:06:28 772713 139345.8135
2019:05:06 15:06:28 943922 134561.1624
2019:05:06 15:06:29 117379 140010.8598
2019:05:06 15:06:29 293378 136015.9963
2019:05:06 15:06:29 449395 124026.6524
2019:05:06 15:06:29 781369 284010.5668
2019:05:06 15:06:29 965400 184020.9886
2019:05:06 15:06:30 112452 99077.5414
2019:05:06 15:06:30 309376 160016.9539
2019:05:06 15:06:30 505364 156006.2878
2019:05:06 15:06:30 665379 160006.5678
2019:05:06 15:06:30 825383 120020.5870
2019:05:06 15:06:30 989358 123989.5187
2019:05:06 15:06:31 149383 124027.1330
2019:05:06 15:06:31 389364 160003.0251
2019:05:06 15:06:31 589365 199990.4402
2019:05:06 15:06:31 749388 160013.5453
2019:05:06 15:06:31 949364 160000.1566
2019:05:06 15:06:32 109388 160015.7097
2019:05:06 15:06:32 309382 160012.6661
2019:05:06 15:06:32 509388 160027.5114
2019:05:06 15:06:32 669398 120025.5379
2019:05:06 15:06:32 829400 120032.0795
2019:05:06 15:06:32 989390 155185.4461
2019:05:06 15:06:33 189385 120017.5583
2019:05:06 15:06:33 389389 160032.8311
2019:05:06 15:06:33 553396 120032.0609
2019:05:06 15:06:33 713384 120017.6552
2019:05:06 15:06:33 873396 120027.8886
2019:05:06 15:06:34 77378 164011.1022
2019:05:06 15:06:34 237397 120024.1782
2019:05:06 15:06:34 397378 120009.5825
2019:05:06 15:06:34 565377 128009.7999
2019:05:06 15:06:34 725388 120026.1563
2019:05:06 15:06:34 891565 126195.4196
2019:05:06 15:06:35 85389 160031.3820
2019:05:06 15:06:35 285381 160023.3279
2019:05:06 15:06:35 485384 160027.7089
2019:05:06 15:06:35 721364 195996.2733
2019:05:06 15:06:35 921363 199989.1587
2019:05:06 15:06:36 77384 156010.1546
2019:05:06 15:06:36 297378 180010.7993
2019:05:06 15:06:36 457444 128078.5501
2019:05:06 15:06:36 649355 159991.8343
2019:05:06 15:06:36 873362 222203.1467
2019:05:06 15:06:37 45383 172011.6064
2019:05:06 15:06:37 221300 135932.9335
2019:05:06 15:06:37 465357 219993.7925
2019:05:06 15:06:37 637379 172011.4648
2019:05:06 15:06:37 809378 140015.3413
2019:05:06 15:06:37 969383 120007.8055
2019:05:06 15:06:38 152359 142997.8274
2019:05:06 15:06:38 317385 136022.0276
2019:05:06 15:06:38 481392 124023.8622
2019:05:06 15:06:38 649387 136021.0888
2019:05:06 15:06:38 795807 98441.9137
2019:05:06 15:06:38 961384 128020.6665
2019:05:06 15:06:39 154605 161250.2486
2019:05:06 15:06:39 325381 136016.6632
2019:05:06 15:06:39 501101 143727.3994
2019:05:06 15:06:39 713378 172011.1854
2019:05:06 15:06:39 881381 136017.2182
2019:05:06 15:06:40 77363 148002.5426
2019:05:06 15:06:40 285364 207990.0950
2019:05:06 15:06:40 412459 127084.9593
2019:05:06 15:06:40 601381 140017.0401
2019:05:06 15:06:40 741826 108460.3481
2019:05:06 15:06:40 917388 132010.8473
2019:05:06 15:06:41 53387 96007.9581
2019:05:06 15:06:41 213386 128010.9547
2019:05:06 15:06:41 373390 112027.1161
2019:05:06 15:06:41 561361 152001.9844
2019:05:06 15:06:41 737363 175992.1759
2019:05:06 15:06:41 913387 176014.2483
2019:05:06 15:06:42 93384 132021.1813
2019:05:06 15:06:42 278155 155248.1949
2019:05:06 15:06:42 497384 188015.7851
2019:05:06 15:06:42 681386 152017.4146
2019:05:06 15:06:42 889652 168293.0104
2019:05:06 15:06:43 59642 130275.8530
2019:05:06 15:06:43 253366 160001.4679
2019:05:06 15:06:43 413384 160004.4593
2019:05:06 15:06:43 573389 120011.4787
2019:05:06 15:06:43 729380 116009.7085
2019:05:06 15:06:43 929385 160021.2380
2019:05:06 15:06:44 91395 122029.4870
2019:05:06 15:06:44 285386 160013.3777
2019:05:06 15:06:44 529381 204011.2950
2019:05:06 15:06:44 713382 144013.7625
2019:05:06 15:06:44 879850 126481.7901
2019:05:06 15:06:45 77390 164031.6695
2019:05:06 15:06:45 237394 120019.1751
2019:05:06 15:06:45 399607 122240.3497
2019:05:06 15:06:45 593397 160027.5598
2019:05:06 15:06:45 789387 156013.0976
2019:05:06 15:06:45 949381 120011.7767
2019:05:06 15:06:46 189365 200000.9082
2019:05:06 15:06:46 349382 160007.6407
2019:05:06 15:06:46 585386 196009.5689
2019:05:06 15:06:46 785377 160014.8976
2019:05:06 15:06:46 985383 160028.3124
2019:05:06 15:06:47 196178 170820.1095
2019:05:06 15:06:47 361191 158769.2238
2019:05:06 15:06:47 559839 165947.8955
2019:05:06 15:06:47 706031 134056.5272
2019:05:06 15:06:47 867015 127626.9034
2019:05:06 15:06:48 20237 122868.8098
2019:05:06 15:06:48 207483 176183.5404
2019:05:06 15:06:48 372446 160967.0520
2019:05:06 15:06:48 545977 145927.3510
2019:05:06 15:06:48 709138 147771.4553
2019:05:06 15:06:48 904079 168323.8931
2019:05:06 15:06:49 73388 143296.4765
2019:05:06 15:06:49 254176 155819.8221
2019:05:06 15:06:49 407338 143187.4484
2019:05:06 15:06:49 550022 136867.6908
2019:05:06 15:06:49 690973 115475.9079
2019:05:06 15:06:49 869383 157558.6051
2019:05:06 15:06:50 57395 169057.5853
2019:05:06 15:06:50 225384 128015.8535
2019:05:06 15:06:50 405376 132007.1295
2019:05:06 15:06:50 593382 140008.1478
2019:05:06 15:06:50 809390 168015.9010
2019:05:06 15:06:50 969395 120025.0424
2019:05:06 15:06:51 161386 144019.2200
2019:05:06 15:06:51 417370 208001.4348
2019:05:06 15:06:51 545396 128016.1850
2019:05:06 15:06:51 713394 124022.5285
2019:05:06 15:06:51 897389 136024.5459
2019:05:06 15:06:52 77386 132016.7556
2019:05:06 15:06:52 245386 140021.6855
2019:05:06 15:06:52 433384 140014.6559
2019:05:06 15:06:52 621380 140017.1518
2019:05:06 15:06:52 797385 128016.1850
2019:05:06 15:06:52 997379 168011.1028
2019:05:06 15:06:53 205377 168006.4760
2019:05:06 15:06:53 421358 183995.2506
2019:05:06 15:06:53 589388 166311.5695
2019:05:06 15:06:53 765388 142619.3379
2019:05:06 15:06:53 982998 177630.0557
2019:05:06 15:06:54 421367 433051.5899
2019:05:06 15:06:54 881370 459992.0250
2019:05:06 15:06:55 77361 195981.6813
2019:05:06 15:06:55 269386 192014.7277
2019:05:06 15:06:55 462405 145029.9956
2019:05:06 15:06:55 603316 101947.5050
2019:05:06 15:06:55 751991 106615.5136
2019:05:06 15:06:55 941387 144015.6661
2019:05:06 15:06:56 137385 148009.3785
2019:05:06 15:06:56 313387 144020.2519
2019:05:06 15:06:56 480618 127251.2041
2019:05:06 15:06:56 623173 109805.1406
2019:05:06 15:06:56 821385 160020.7910
2019:05:06 15:06:56 981386 120022.8259
2019:05:06 15:06:57 149538 128156.9041
2019:05:06 15:06:57 309392 152134.4930
2019:05:06 15:06:57 469394 120027.0951
2019:05:06 15:06:57 663985 154620.2339
2019:05:06 15:06:57 837384 144022.2487
2019:05:06 15:06:58 33385 160018.8538
2019:05:06 15:06:58 229384 168013.6397
2019:05:06 15:06:58 437384 168027.5500
2019:05:06 15:06:58 613389 136023.1340
2019:05:06 15:06:58 773094 123714.3129
2019:05:06 15:06:58 945394 136024.6837
2019:05:06 15:06:59 129463 144106.9208
2019:05:06 15:06:59 325365 159999.8884
2019:05:06 15:06:59 485389 160014.6368
2019:05:06 15:06:59 645390 124014.4223
2019:05:06 15:06:59 801388 148898.5270
2019:05:06 15:06:59 993387 152022.1271
2019:05:06 15:07:00 229394 196008.7158
2019:05:06 15:07:00 429368 159999.3408
2019:05:06 15:07:00 592050 162671.6107
2019:05:06 15:07:00 789358 159991.0855
2019:05:06 15:07:00 949389 158284.8206
2019:05:06 15:07:01 149383 160012.6997
2019:05:06 15:07:01 354702 165335.6701
2019:05:06 15:07:01 537394 148022.0258
2019:05:06 15:07:01 709401 148039.1584
2019:05:06 15:07:01 949401 160022.1284
2019:05:06 15:07:02 149400 160023.8085
2019:05:06 15:07:02 349373 160000.7452
2019:05:06 15:07:02 509400 160014.3500
2019:05:06 15:07:02 675665 126288.9989
2019:05:06 15:07:02 834635 125263.6835
2019:05:06 15:07:03 69364 200002.6330
2019:05:06 15:07:03 265369 162425.9427
2019:05:06 15:07:03 441374 175991.8556
2019:05:06 15:07:03 657395 216008.2050
2019:05:06 15:07:03 841397 136023.9461
2019:05:06 15:07:04 41400 160019.2524
2019:05:06 15:07:04 237402 164027.5680
2019:05:06 15:07:04 477389 200027.9762
2019:05:06 15:07:04 749373 240011.3046
2019:05:06 15:07:04 885396 136008.8326
2019:05:06 15:07:05 89403 172031.7900
2019:05:06 15:07:05 237394 112020.1647
2019:05:06 15:07:05 437408 168046.2994
2019:05:06 15:07:05 621391 144017.8305
2019:05:06 15:07:05 789384 128003.8804
2019:05:06 15:07:05 961404 165793.1246
2019:05:06 15:07:06 149382 148013.6178
2019:05:06 15:07:06 325385 144020.2892
2019:05:06 15:07:06 573387 200020.6523
2019:05:06 15:07:06 737689 124323.8971
2019:05:06 15:07:06 933382 160006.1841
2019:05:06 15:07:07 93384 120022.3491
2019:05:06 15:07:07 253382 120018.8845
2019:05:06 15:07:07 413385 120019.2161
2019:05:06 15:07:07 609389 156019.4828
2019:05:06 15:07:07 793377 177161.2987
2019:05:06 15:07:08 9387 176021.9000
2019:05:06 15:07:08 173389 124020.0475
2019:05:06 15:07:08 334265 120896.4102
2019:05:06 15:07:08 533361 160004.2805
2019:05:06 15:07:08 741365 207992.8517
2019:05:06 15:07:08 901391 160014.2308
2019:05:06 15:07:09 61685 120313.8083
2019:05:06 15:07:09 213382 112012.3379
2019:05:06 15:07:09 373385 120020.3933
2019:05:06 15:07:09 529381 116009.2950
2019:05:06 15:07:09 690391 121022.4442
2019:05:06 15:07:09 893391 160018.7607
2019:05:06 15:07:10 413379 480023.2090
2019:05:06 15:07:10 573383 120013.1588
2019:05:06 15:07:10 733385 120015.0587
2019:05:06 15:07:10 933366 160004.4183
2019:05:06 15:07:11 299288 365912.5641
2019:05:06 15:07:11 493388 160030.4730
2019:05:06 15:07:11 689379 156020.7233
2019:05:06 15:07:11 925366 195993.0807
2019:05:06 15:07:12 101383 176008.2282
2019:05:06 15:07:12 501385 360021.9339
2019:05:06 15:07:12 701363 160003.2337
2019:05:06 15:07:12 901370 199998.6321
2019:05:06 15:07:13 61396 160015.8103
2019:05:06 15:07:13 225950 124579.3663
2019:05:06 15:07:13 421384 160020.6457
2019:05:06 15:07:13 585553 124185.8527
2019:05:06 15:07:13 781376 160008.9334
2019:05:06 15:07:13 945388 124018.5872
2019:05:06 15:07:14 157362 171990.4728
2019:05:06 15:07:14 285384 128012.2250
2019:05:06 15:07:14 469380 136012.5653
2019:05:06 15:07:14 629388 120022.2746
2019:05:06 15:07:14 781170 103793.5652
2019:05:06 15:07:14 941383 120017.1001
2019:05:06 15:07:15 109398 128028.5418
2019:05:06 15:07:15 296833 139459.2524
2019:05:06 15:07:15 493382 160009.4326
2019:05:06 15:07:15 713379 183993.5146
2019:05:06 15:07:15 873398 160010.6135
2019:05:06 15:07:16 73382 160023.9389
2019:05:06 15:07:16 349366 239999.9388
2019:05:06 15:07:16 549365 199986.3647
2019:05:06 15:07:16 709381 160006.2922
2019:05:06 15:07:16 909363 159989.9568
2019:05:06 15:07:17 69393 160020.5787
2019:05:06 15:07:17 265382 156003.8030
2019:05:06 15:07:17 413383 108020.3503
2019:05:06 15:07:17 601390 148018.1776
2019:05:06 15:07:17 837363 195981.7074
2019:05:06 15:07:18 37364 199991.2113
2019:05:06 15:07:18 197383 160008.2964
2019:05:06 15:07:18 363419 126051.6606
2019:05:06 15:07:18 557380 160023.8122
2019:05:06 15:07:18 797369 200001.9811
2019:05:06 15:07:18 957384 160005.8787
2019:05:06 15:07:19 118346 120983.0493
2019:05:06 15:07:19 277383 120019.0037
2019:05:06 15:07:19 479217 161847.1853
2019:05:06 15:07:19 670107 185198.5008
2019:05:06 15:07:19 867115 161749.5716
2019:05:06 15:07:20 29397 156982.2580
2019:05:06 15:07:20 169791 104414.3662
2019:05:06 15:07:20 325388 120028.8199
2019:05:06 15:07:20 565356 199997.9503
2019:05:06 15:07:20 725385 159534.6220
2019:05:06 15:07:21 125397 120024.5246
2019:05:06 15:07:21 325380 160013.8694
2019:05:06 15:07:21 485390 120024.3011
2019:05:06 15:07:21 693382 168019.6039
2019:05:06 15:07:21 889380 156015.4706
2019:05:06 15:07:22 133374 243982.0133
2019:05:06 15:07:22 333363 199979.0408
2019:05:06 15:07:22 493393 160017.8629
2019:05:06 15:07:22 653385 120017.9346
2019:05:06 15:07:22 853390 160032.4027
2019:05:06 15:07:23 53392 160028.6961
2019:05:06 15:07:23 253388 160015.8028
2019:05:06 15:07:23 413380 120015.8373
2019:05:06 15:07:23 569401 116033.6696
2019:05:06 15:07:23 777377 168011.1997
2019:05:06 15:07:23 913392 136004.1536
2019:05:06 15:07:24 105364 151992.6600
2019:05:06 15:07:24 253383 148010.1719
2019:05:06 15:07:24 413389 153846.0441
2019:05:06 15:07:24 579469 126103.0324
2019:05:06 15:07:24 773377 160008.7062
2019:05:06 15:07:24 973397 160028.5657
2019:05:06 15:07:25 157379 176913.4477
2019:05:06 15:07:25 429389 240031.4212
2019:05:06 15:07:25 625390 156025.2719
2019:05:06 15:07:25 833683 128319.7254
2019:05:06 15:07:25 996267 126902.9342
2019:05:06 15:07:26 149384 120016.3923
2019:05:06 15:07:26 309385 153400.6186
2019:05:06 15:07:26 509383 160010.8892
2019:05:06 15:07:26 709380 160010.2000
2019:05:06 15:07:26 909384 160016.0897
2019:05:06 15:07:27 113949 164592.4039
2019:05:06 15:07:27 289322 169540.4202
2019:05:06 15:07:27 440086 146279.1190
2019:05:06 15:07:27 601057 149800.7812
2019:05:06 15:07:27 777907 151020.8286
2019:05:06 15:07:27 927925 140107.0841
2019:05:06 15:07:28 78220 140481.5949
2019:05:06 15:07:28 241390 127422.6233
2019:05:06 15:07:28 401916 152066.7635
2019:05:06 15:07:28 559867 149072.6285
2019:05:06 15:07:28 727823 163015.4066
2019:05:06 15:07:28 949373 201893.5792
2019:05:06 15:07:29 107111 157723.5498
2019:05:06 15:07:29 245370 129297.9084
2019:05:06 15:07:29 409903 148541.7448
2019:05:06 15:07:29 573384 115608.0365
2019:05:06 15:07:29 781388 168023.0647
2019:05:06 15:07:29 934200 112826.8838
2019:05:06 15:07:30 89383 146183.4833
2019:05:06 15:07:30 241545 136184.8861
2019:05:06 15:07:30 389387 137461.6399
2019:05:06 15:07:30 561390 133574.9403
2019:05:06 15:07:30 711061 140088.4092
2019:05:06 15:07:30 862896 129539.2439
2019:05:06 15:07:31 1386 127315.2567
2019:05:06 15:07:31 161280 123909.0264
2019:05:06 15:07:31 373375 181193.4114
2019:05:06 15:07:31 781386 368018.5191
2019:05:06 15:07:31 981365 159999.6015
2019:05:06 15:07:32 181363 199989.0357
2019:05:06 15:07:32 346112 164738.9308
2019:05:06 15:07:32 503002 121634.8298
2019:05:06 15:07:32 721397 176026.8174
2019:05:06 15:07:32 921383 160017.1849
2019:05:06 15:07:33 117394 189272.3404
2019:05:06 15:07:33 285387 128012.2884
2019:05:06 15:07:33 441385 116010.5504
2019:05:06 15:07:33 587179 121812.0120
2019:05:06 15:07:33 775470 158853.8624
2019:05:06 15:07:33 999670 191117.5810
2019:05:06 15:07:34 171538 165336.6275
2019:05:06 15:07:34 325387 117853.2951
2019:05:06 15:07:34 517388 144012.6188
2019:05:06 15:07:34 677404 120020.3933
2019:05:06 15:07:34 877393 160012.6140
2019:05:06 15:07:35 117401 198463.8087
2019:05:06 15:07:35 277400 120022.8631
2019:05:06 15:07:35 437397 152342.4163
2019:05:06 15:07:35 637398 160020.9661
2019:05:06 15:07:35 837374 159998.3834
2019:05:06 15:07:35 997418 160030.9052
2019:05:06 15:07:36 159505 122128.5202
2019:05:06 15:07:36 319740 122361.9021
2019:05:06 15:07:36 501361 143996.8050
2019:05:06 15:07:36 669409 166635.7741
2019:05:06 15:07:36 830449 121071.3573
2019:05:06 15:07:37 29414 160030.8605
2019:05:06 15:07:37 230644 161270.9872
2019:05:06 15:07:37 409360 139986.5076
2019:05:06 15:07:37 569410 156840.7081
2019:05:06 15:07:37 769388 160024.6094
2019:05:06 15:07:37 934751 125377.3384
2019:05:06 15:07:38 125385 156019.4828
2019:05:06 15:07:38 285386 120013.3264
2019:05:06 15:07:38 481363 155998.4982
2019:05:06 15:07:38 641379 160007.7860
2019:05:06 15:07:38 846059 164695.5162
2019:05:06 15:07:39 1387 120021.2985
2019:05:06 15:07:39 139358 97996.5515
2019:05:06 15:07:39 301385 128016.9711
2019:05:06 15:07:39 501365 160001.6840
2019:05:06 15:07:39 661381 160006.6051
2019:05:06 15:07:39 901382 200013.4811
2019:05:06 15:07:40 101377 160008.7769
2019:05:06 15:07:40 261381 120012.7490
2019:05:06 15:07:40 461365 159999.1657
2019:05:06 15:07:40 617392 156018.3838
2019:05:06 15:07:40 777386 120022.6396
2019:05:06 15:07:40 937384 120014.3062
2019:05:06 15:07:41 101383 124016.4787
2019:05:06 15:07:41 261384 120010.0407
2019:05:06 15:07:41 465364 163996.5661
2019:05:06 15:07:41 665357 199984.5542
2019:05:06 15:07:41 865366 198878.1728
2019:05:06 15:07:42 31490 166115.8428
2019:05:06 15:07:42 187146 121780.6824
2019:05:06 15:07:42 381382 160026.0958
2019:05:06 15:07:42 573387 158008.4935
2019:05:06 15:07:42 733387 120024.7966
2019:05:06 15:07:42 893385 120019.1900
2019:05:06 15:07:43 53385 120018.8473
2019:05:06 15:07:43 213386 152588.5835
2019:05:06 15:07:43 373399 120025.9514
2019:05:06 15:07:43 537973 124607.0378
2019:05:06 15:07:43 773382 160013.2957
2019:05:06 15:07:43 938556 125192.4895
2019:05:06 15:07:44 133382 160015.4452
2019:05:06 15:07:44 293392 153305.2847
2019:05:06 15:07:44 473367 174801.5136
2019:05:06 15:07:44 635270 161894.5189
2019:05:06 15:07:44 829405 160044.0405
2019:05:06 15:07:45 21391 152030.7399
2019:05:06 15:07:45 197386 140028.8157
2019:05:06 15:07:45 377379 140013.1434
2019:05:06 15:07:45 553378 166913.1219
2019:05:06 15:07:45 729396 128027.1597
2019:05:06 15:07:45 913390 152018.0702
2019:05:06 15:07:46 78624 125258.6730
2019:05:06 15:07:46 277388 160029.5156
2019:05:06 15:07:46 473383 156016.0890
2019:05:06 15:07:46 633381 120018.3630
2019:05:06 15:07:46 798259 124894.9878
2019:05:06 15:07:46 993389 160031.7582
2019:05:06 15:07:47 189365 155994.8549
2019:05:06 15:07:47 357390 168016.1282
2019:05:06 15:07:47 523216 125849.1911
2019:05:06 15:07:47 680925 123560.0263
2019:05:06 15:07:47 837393 120023.2878
2019:05:06 15:07:47 989380 120013.6766
2019:05:06 15:07:48 189380 160012.0887
2019:05:06 15:07:48 349391 152413.5917
2019:05:06 15:07:48 513388 124016.7059
2019:05:06 15:07:48 673400 120033.3461
2019:05:06 15:07:48 873393 160019.3530
2019:05:06 15:07:49 69384 159993.2611
2019:05:06 15:07:49 235760 126388.0208
2019:05:06 15:07:49 429375 160004.7871
2019:05:06 15:07:49 601363 135997.1613
2019:05:06 15:07:49 739917 138544.4477
2019:05:06 15:07:49 937379 160003.2225
2019:05:06 15:07:50 117387 140022.5386
2019:05:06 15:07:50 277381 128010.8131
2019:05:06 15:07:50 461382 144016.8619
2019:05:06 15:07:50 598814 131487.2131
2019:05:06 15:07:50 749387 120022.9973
2019:05:06 15:07:50 929376 172087.7104
2019:05:06 15:07:51 141368 183995.2953
2019:05:06 15:07:51 309390 168012.5222
2019:05:06 15:07:51 525361 208564.3671
2019:05:06 15:07:51 717380 192005.6120
2019:05:06 15:07:51 901381 136010.3562
2019:05:06 15:07:52 70112 120738.3089
2019:05:06 15:07:52 269380 152012.3221
2019:05:06 15:07:52 458820 141457.8035
2019:05:06 15:07:52 613386 120018.4710
2019:05:06 15:07:52 781393 128022.4100
2019:05:06 15:07:52 948649 127285.7897
2019:05:06 15:07:53 117384 136018.5184
2019:05:06 15:07:53 293393 144012.5927
2019:05:06 15:07:53 419271 118750.8628
2019:05:06 15:07:53 569396 112030.9643
2019:05:06 15:07:53 732185 122820.2246
2019:05:06 15:07:53 887431 118062.6862
2019:05:06 15:07:54 85366 156005.9898
2019:05:06 15:07:54 285371 199994.7354
2019:05:06 15:07:54 441380 155999.7946
2019:05:06 15:07:54 687341 205985.3710
2019:05:06 15:07:54 881390 160022.3668
2019:05:06 15:07:55 101363 180004.9432
2019:05:06 15:07:55 264081 162708.8785
2019:05:06 15:07:55 424598 123233.1768
2019:05:06 15:07:55 621387 160022.1619
2019:05:06 15:07:55 861361 199993.6961
2019:05:06 15:07:56 61363 199993.6588
2019:05:06 15:07:56 221397 160024.8180
2019:05:06 15:07:56 421366 159992.3447
2019:05:06 15:07:56 562121 140745.9639
2019:05:06 15:07:56 729384 128012.7577
2019:05:06 15:07:56 889392 120029.5240
2019:05:06 15:07:57 49384 120015.6212
2019:05:06 15:07:57 205399 120015.1667
2019:05:06 15:07:57 389382 144008.5955
2019:05:06 15:07:57 535494 146101.7840
2019:05:06 15:07:57 659190 118134.6849
2019:05:06 15:07:57 795028 126264.7547
2019:05:06 15:07:58 5380 192024.9350
2019:05:06 15:07:58 189386 144028.7903
2019:05:06 15:07:58 373381 177391.4397
2019:05:06 15:07:58 550337 128966.2793
2019:05:06 15:07:58 709393 120019.7004
2019:05:06 15:07:58 913387 172031.7602
2019:05:06 15:07:59 97152 127787.1020
2019:05:06 15:07:59 251996 126632.5973
2019:05:06 15:07:59 457368 172010.7049
2019:05:06 15:07:59 629385 172007.4005
2019:05:06 15:07:59 793386 158047.0353
2019:05:06 15:07:59 961788 128416.1471
2019:05:06 15:08:00 117871 120505.9141
2019:05:06 15:08:00 277382 120015.1145
2019:05:06 15:08:00 437381 120012.3429
2019:05:06 15:08:00 597386 120018.3742
2019:05:06 15:08:00 837355 199988.8644
2019:05:06 15:08:01 37366 159994.4197
2019:05:06 15:08:01 160289 122912.8949
2019:05:06 15:08:01 362200 164824.6981
2019:05:06 15:08:01 549380 144015.2489
2019:05:06 15:08:01 717384 120012.8570
2019:05:06 15:08:01 893385 136017.7137
2019:05:06 15:08:02 49395 112026.2556
2019:05:06 15:08:02 245379 164010.6887
2019:05:06 15:08:02 437403 144025.2624
2019:05:06 15:08:02 629395 160028.4912
2019:05:06 15:08:02 853382 176021.3114
2019:05:06 15:08:03 61387 176030.7252
2019:05:06 15:08:03 238577 137207.2920
2019:05:06 15:08:03 412231 142874.3303
2019:05:06 15:08:03 601390 148017.3133
2019:05:06 15:08:03 781390 156033.2812
2019:05:06 15:08:03 997384 172016.0358
2019:05:06 15:08:04 253365 248848.9822
2019:05:06 15:08:04 389381 136004.8279
2019:05:06 15:08:04 558295 136937.3240
2019:05:06 15:08:04 741381 136005.4612
2019:05:06 15:08:04 941389 168024.3500
2019:05:06 15:08:05 125383 136013.9139
2019:05:06 15:08:05 279164 121801.2013
2019:05:06 15:08:05 461384 136016.8979
2019:05:06 15:08:05 705381 196008.0862
2019:05:06 15:08:05 877371 171975.3928
2019:05:06 15:08:06 93395 216011.2672
2019:05:06 15:08:06 245397 145361.8184
2019:05:06 15:08:06 437400 160026.5056
2019:05:06 15:08:06 637395 152032.2897
2019:05:06 15:08:06 780356 110981.9859
2019:05:06 15:08:06 949399 136023.3724
2019:05:06 15:08:07 161396 172022.9052
2019:05:06 15:08:07 337395 136018.4066
2019:05:06 15:08:07 477711 100335.6799
2019:05:06 15:08:07 649401 136027.9359
2019:05:06 15:08:07 817408 161389.2466
2019:05:06 15:08:08 5398 156017.7207
2019:05:06 15:08:08 197398 152010.4855
2019:05:06 15:08:08 341398 112019.8071
2019:05:06 15:08:08 517398 128010.9398
2019:05:06 15:08:08 677408 128044.0390
2019:05:06 15:08:08 901370 176009.1744
2019:05:06 15:08:09 69397 168013.5205
2019:05:06 15:08:09 237399 128007.0618
2019:05:06 15:08:09 433405 156039.6142
2019:05:06 15:08:09 653388 180006.3998
2019:05:06 15:08:09 813385 128013.4469
2019:05:06 15:08:09 993386 140013.9891
2019:05:06 15:08:10 133382 100013.6770
2019:05:06 15:08:10 295083 129718.3409
2019:05:06 15:08:10 517382 176013.8161
2019:05:06 15:08:10 717392 168028.1870
2019:05:06 15:08:10 945383 188025.8657
2019:05:06 15:08:11 193364 208010.0365
2019:05:06 15:08:11 337380 144006.3827
2019:05:06 15:08:11 489380 144986.1303
2019:05:06 15:08:11 661389 132021.3750
2019:05:06 15:08:11 839590 138231.5718
2019:05:06 15:08:11 997306 123939.3242
2019:05:06 15:08:12 161110 127736.9000
2019:05:06 15:08:12 317382 120015.7814
2019:05:06 15:08:12 477388 120025.7018
2019:05:06 15:08:12 637385 120018.3108
2019:05:06 15:08:12 797384 120021.7903
2019:05:06 15:08:12 957386 120017.8303
2019:05:06 15:08:13 122008 124636.5309
2019:05:06 15:08:13 320641 163284.2757
2019:05:06 15:08:13 517365 160001.5871
2019:05:06 15:08:13 681393 164018.5043
2019:05:06 15:08:13 877384 156026.3336
2019:05:06 15:08:14 77386 160030.5215
2019:05:06 15:08:14 238510 121146.1537
2019:05:06 15:08:14 480188 202830.4413
2019:05:06 15:08:14 677366 192670.4086
2019:05:06 15:08:14 837383 160008.4044
2019:05:06 15:08:14 997381 120010.3201
2019:05:06 15:08:15 153387 116023.3431
2019:05:06 15:08:15 309386 120018.9255
2019:05:06 15:08:15 469395 120027.2068
2019:05:06 15:08:15 625391 116024.9487
2019:05:06 15:08:15 793379 144013.2521
2019:05:06 15:08:15 949383 116010.5690
2019:05:06 15:08:16 155411 166041.7877
2019:05:06 15:08:16 309404 120035.6595
2019:05:06 15:08:16 474500 125135.1610
2019:05:06 15:08:16 669388 160023.9463
2019:05:06 15:08:16 829381 120011.5904
2019:05:06 15:08:16 997140 127777.1518
2019:05:06 15:08:17 189365 160006.9925
2019:05:06 15:08:17 349387 160011.9434
2019:05:06 15:08:17 516086 126708.2319
2019:05:06 15:08:17 709382 160026.4013
2019:05:06 15:08:17 872844 123477.0194
2019:05:06 15:08:18 30510 121140.1969
2019:05:06 15:08:18 182074 116708.1743
2019:05:06 15:08:18 341385 152378.3840
2019:05:06 15:08:18 541393 160024.7733
2019:05:06 15:08:18 741384 160002.3359
2019:05:06 15:08:18 901383 154498.0481
2019:05:06 15:08:19 101363 159998.0406
2019:05:06 15:08:19 261393 160020.1018
2019:05:06 15:08:19 423921 122553.3150
2019:05:06 15:08:19 582872 121515.3933
2019:05:06 15:08:19 821364 200006.8724
2019:05:06 15:08:19 978920 157546.5165
2019:05:06 15:08:20 181385 164020.3148
2019:05:06 15:08:20 381384 160016.2946
2019:05:06 15:08:20 541385 120010.4654
2019:05:06 15:08:20 701386 120008.3904
2019:05:06 15:08:20 842351 100981.3622
2019:05:06 15:08:21 29388 157519.3889
2019:05:06 15:08:21 241391 204060.2453
2019:05:06 15:08:21 389391 133777.7711
2019:05:06 15:08:21 585391 152020.3874
2019:05:06 15:08:21 781380 148013.9606
2019:05:06 15:08:21 965382 136019.4236
2019:05:06 15:08:22 165306 151942.6480
2019:05:06 15:08:22 316849 107479.0321
2019:05:06 15:08:22 489375 137293.5176
2019:05:06 15:08:22 665383 128013.9461
2019:05:06 15:08:22 836609 139243.5394
2019:05:06 15:08:23 25386 144019.9651
2019:05:06 15:08:23 190951 133594.6806
2019:05:06 15:08:23 365396 136007.0817
2019:05:06 15:08:23 573383 168021.2542
2019:05:06 15:08:23 765179 151808.4072
2019:05:06 15:08:23 925188 127824.1426
2019:05:06 15:08:24 93392 136027.7459
2019:05:06 15:08:24 250939 117574.3528
2019:05:06 15:08:24 473365 194962.8145
2019:05:06 15:08:24 653380 180006.5115
2019:05:06 15:08:24 813380 128014.8849
2019:05:06 15:08:24 981389 120016.3439
2019:05:06 15:08:25 213395 200039.0440
2019:05:06 15:08:25 373389 112021.4388
2019:05:06 15:08:25 557380 152005.7470
2019:05:06 15:08:25 777363 163997.4304
2019:05:06 15:08:25 955638 178264.8489
2019:05:06 15:08:26 82204 92837.0841
2019:05:06 15:08:26 246872 117503.2258
2019:05:06 15:08:26 394718 124082.8820
2019:05:06 15:08:26 569385 148021.1318
2019:05:06 15:08:26 745383 136064.0004
2019:05:06 15:08:26 905381 128019.2770
2019:05:06 15:08:27 105386 164005.5366
2019:05:06 15:08:27 309364 160001.3748
2019:05:06 15:08:27 469389 160012.3756
2019:05:06 15:08:27 661381 152013.4360
2019:05:06 15:08:27 857363 156000.1709
2019:05:06 15:08:28 41365 183992.4268
2019:05:06 15:08:28 209385 168010.2870
2019:05:06 15:08:28 369382 120014.6563
2019:05:06 15:08:28 540128 126762.7142
2019:05:06 15:08:28 729416 152826.0149
2019:05:06 15:08:28 889395 120030.7049
2019:05:06 15:08:29 421366 447997.8085
2019:05:06 15:08:29 613364 191987.8982
2019:05:06 15:08:29 909363 295988.9844
2019:05:06 15:08:30 89396 180022.0311
2019:05:06 15:08:30 257384 120021.4997
2019:05:06 15:08:30 417770 120395.5896
2019:05:06 15:08:30 637363 180000.8230
2019:05:06 15:08:30 833358 195983.2609
2019:05:06 15:08:31 37389 203923.3595
2019:05:06 15:08:31 202519 125156.4585
2019:05:06 15:08:31 361393 120025.0536
2019:05:06 15:08:31 521387 120020.7621
2019:05:06 15:08:31 725363 164005.2870
2019:05:06 15:08:31 925189 199815.6719
2019:05:06 15:08:32 125386 160019.0029
2019:05:06 15:08:32 409383 244019.6574
2019:05:06 15:08:32 589387 140016.3621
2019:05:06 15:08:32 821388 183994.8297
2019:05:06 15:08:33 45392 192033.7155
2019:05:06 15:08:33 207821 118444.5955
2019:05:06 15:08:33 397387 152022.7380
2019:05:06 15:08:33 582172 144803.8109
2019:05:06 15:08:33 717392 130300.0152
2019:05:06 15:08:33 913364 186205.5622
2019:05:06 15:08:34 69381 156007.2266
2019:05:06 15:08:34 233892 130508.7209
2019:05:06 15:08:34 485363 211993.9886
2019:05:06 15:08:34 653390 168017.3539
2019:05:06 15:08:34 861385 160013.7688
2019:05:06 15:08:35 41381 140015.2929
2019:05:06 15:08:35 225384 144002.3892
2019:05:06 15:08:35 449357 183999.1361
2019:05:06 15:08:35 621383 134539.9320
2019:05:06 15:08:35 801393 169564.0907
2019:05:06 15:08:36 105380 272023.5027
2019:05:06 15:08:36 305362 199971.9068
2019:05:06 15:08:36 501394 196022.2311
2019:05:06 15:08:36 710259 168881.0214
2019:05:06 15:08:36 905389 160026.1740
2019:05:06 15:08:37 71083 121717.6132
2019:05:06 15:08:37 273385 160016.0226
2019:05:06 15:08:37 485364 172001.0526
2019:05:06 15:08:37 685357 199984.5207
2019:05:06 15:08:37 810826 122091.2412
2019:05:06 15:08:37 975884 118497.6362
2019:05:06 15:08:38 417363 405965.6486
2019:05:06 15:08:38 605390 183037.7579
2019:05:06 15:08:38 800021 154641.4122
2019:05:06 15:08:38 957392 128021.0242
2019:05:06 15:08:39 113395 124021.5227
2019:05:06 15:08:39 289393 136020.0942
2019:05:06 15:08:39 497395 176017.8022
2019:05:06 15:08:39 701394 164031.0772
2019:05:06 15:08:39 861389 128017.9285
2019:05:06 15:08:40 9178 107802.4432
2019:05:06 15:08:40 179124 133761.0930
2019:05:06 15:08:40 333408 120032.2323
2019:05:06 15:08:40 529394 156020.1831
2019:05:06 15:08:40 693393 124018.3190
2019:05:06 15:08:40 893431 160066.7387
2019:05:06 15:08:41 89373 155999.9026
2019:05:06 15:08:41 269370 179980.6245
2019:05:06 15:08:41 469372 199989.5126
2019:05:06 15:08:41 629093 159707.4680
2019:05:06 15:08:41 781386 119994.8303
2019:05:06 15:08:41 981380 159997.4036
2019:05:06 15:08:42 229386 213999.5769
2019:05:06 15:08:42 509365 239998.4077
2019:05:06 15:08:42 669363 159988.1202
2019:05:06 15:08:42 869372 199996.7135
2019:05:06 15:08:43 29384 160003.5802
2019:05:06 15:08:43 194880 125495.5381
2019:05:06 15:08:43 389362 159994.2893
2019:05:06 15:08:43 549394 160023.6818
2019:05:06 15:08:43 749867 160507.7609
2019:05:06 15:08:43 957381 166575.3163
2019:05:06 15:08:44 161363 163998.8944
2019:05:06 15:08:44 365912 204539.9956
2019:05:06 15:08:44 533380 132014.1703
2019:05:06 15:08:44 729378 188140.6307
2019:05:06 15:08:44 917361 180738.2964
2019:05:06 15:08:45 77379 160009.2165
2019:05:06 15:08:45 213391 104014.2439
2019:05:06 15:08:45 397306 143948.6071
2019:05:06 15:08:45 557379 128013.8344
2019:05:06 15:08:45 777379 180010.5609
2019:05:06 15:08:45 989390 172021.0128
2019:05:06 15:08:46 378714 349348.0273
2019:05:06 15:08:46 549384 136015.9032
2019:05:06 15:08:46 723608 134240.5193
2019:05:06 15:08:46 899288 141929.0714
2019:05:06 15:08:47 69384 136020.0681
2019:05:06 15:08:47 237384 138789.7469
2019:05:06 15:08:47 397383 112013.9584
2019:05:06 15:08:47 619386 190028.7718
2019:05:06 15:08:47 776620 157225.0538
2019:05:06 15:08:47 953377 152015.7270
2019:05:06 15:08:48 125390 128027.3385
2019:05:06 15:08:48 293391 136025.2649
2019:05:06 15:08:48 469395 136027.4926
2019:05:06 15:08:48 637382 128010.6641
2019:05:06 15:08:48 821381 144008.4167
2019:05:06 15:08:49 9385 148019.5038
2019:05:06 15:08:49 189386 136017.7696
2019:05:06 15:08:49 373386 136012.1109
2019:05:06 15:08:49 533395 112028.3306
2019:05:06 15:08:49 712008 130643.9228
2019:05:06 15:08:49 949367 199985.5675
2019:05:06 15:08:50 81400 132021.4570
2019:05:06 15:08:50 269400 150011.6959
2019:05:06 15:08:50 469388 160030.6556
2019:05:06 15:08:50 661386 152027.6256
2019:05:06 15:08:50 861364 160008.8701
2019:05:06 15:08:51 21386 160012.9753
2019:05:06 15:08:51 221379 160010.6098
2019:05:06 15:08:51 383143 121776.7857
2019:05:06 15:08:51 581425 160069.3874
2019:05:06 15:08:51 781388 160022.9926
2019:05:06 15:08:51 935674 114285.8714
2019:05:06 15:08:52 108925 135562.4795
2019:05:06 15:08:52 305384 160019.8820
2019:05:06 15:08:52 581394 236035.9430
2019:05:06 15:08:52 785368 164008.3119
2019:05:06 15:08:52 949391 164013.3969
2019:05:06 15:08:53 153385 164007.5818
2019:05:06 15:08:53 393365 199999.6379
2019:05:06 15:08:53 597388 204012.2636
2019:05:06 15:08:53 797366 159999.7878
2019:05:06 15:08:53 997365 199990.2576
2019:05:06 15:08:54 169393 172016.4828
2019:05:06 15:08:54 329385 120024.7183
2019:05:06 15:08:54 505384 132015.1351
2019:05:06 15:08:54 748278 158908.8254
2019:05:06 15:08:54 910868 125497.8590
2019:05:06 15:08:55 113363 164000.8688
2019:05:06 15:08:55 265173 151799.6453
2019:05:06 15:08:55 417385 120018.1209
2019:05:06 15:08:55 629365 171996.9064
2019:05:06 15:08:55 829361 199986.0145
2019:05:06 15:08:56 13390 184020.5938
2019:05:06 15:08:56 253365 200007.1071
2019:05:06 15:08:56 414992 161617.1040
2019:05:06 15:08:56 562320 140960.9467
2019:05:06 15:08:56 717138 142686.6055
2019:05:06 15:08:56 873952 149650.7749
2019:05:06 15:08:57 26481 112125.0130
2019:05:06 15:08:57 197383 140019.2901
2019:05:06 15:08:57 342653 109287.4035
2019:05:06 15:08:57 503281 147086.0653
2019:05:06 15:08:57 669197 139266.1557
2019:05:06 15:08:57 921366 222263.7348
2019:05:06 15:08:58 165369 243991.2073
2019:05:06 15:08:58 341366 175982.8068
2019:05:06 15:08:58 557386 216007.7728
2019:05:06 15:08:58 733386 136021.0180
2019:05:06 15:08:58 917385 136017.8180
2019:05:06 15:08:59 133387 184030.3317
2019:05:06 15:08:59 277383 138184.8045
2019:05:06 15:08:59 437384 154388.0627
2019:05:06 15:08:59 605389 120021.4289
2019:05:06 15:08:59 743806 106438.9832
2019:05:06 15:08:59 961380 173993.6918
2019:05:06 15:09:00 135384 142020.0989
2019:05:06 15:09:00 317383 144017.2009
2019:05:06 15:09:00 493388 136015.8138
2019:05:06 15:09:00 673378 140012.3388
2019:05:06 15:09:00 841387 128021.0316
2019:05:06 15:09:01 85376 212020.1252
2019:05:06 15:09:01 253394 168007.6458
2019:05:06 15:09:01 481355 187997.4455
2019:05:06 15:09:01 657363 173627.7528
2019:05:06 15:09:01 837389 180017.0578
2019:05:06 15:09:02 5387 128022.2796
2019:05:06 15:09:02 189383 144014.9918
2019:05:06 15:09:02 333383 104017.6153
2019:05:06 15:09:02 573365 175987.3852
2019:05:06 15:09:02 713382 140008.3192
2019:05:06 15:09:02 905381 160024.6876
2019:05:06 15:09:03 42727 89363.7352
2019:05:06 15:09:03 205397 136034.4775
2019:05:06 15:09:03 381383 136011.0268
2019:05:06 15:09:03 549376 127995.9381
2019:05:06 15:09:03 733387 184001.9487
2019:05:06 15:09:03 941386 168030.0198
2019:05:06 15:09:04 205368 256236.2775
2019:05:06 15:09:04 381397 176016.2599
2019:05:06 15:09:04 567243 137885.0974
2019:05:06 15:09:04 781360 183991.2646
2019:05:06 15:09:04 957372 175991.6581
2019:05:06 15:09:05 127952 170569.4012
2019:05:06 15:09:05 293403 128037.9407
2019:05:06 15:09:05 465396 132030.2412
2019:05:06 15:09:05 701369 220011.9346
2019:05:06 15:09:05 867265 165886.9609
2019:05:06 15:09:06 85387 180014.5209
2019:05:06 15:09:06 257597 132232.8933
2019:05:06 15:09:06 477366 184008.0246
2019:05:06 15:09:06 617380 140005.2756
2019:05:06 15:09:06 777387 136030.1152
2019:05:06 15:09:06 993387 168009.7617
2019:05:06 15:09:07 237363 204004.7906
2019:05:06 15:09:07 413404 176029.5816
2019:05:06 15:09:07 629367 175988.5065
2019:05:06 15:09:07 833363 203984.9199
2019:05:06 15:09:08 261361 427988.2722
2019:05:06 15:09:08 437391 171163.5217
2019:05:06 15:09:08 657386 188025.6273
2019:05:06 15:09:08 825378 120013.9746
2019:05:06 15:09:09 53396 164026.3610
2019:05:06 15:09:09 245389 144017.8975
2019:05:06 15:09:09 473377 196020.9496
2019:05:06 15:09:09 657393 136028.1035
2019:05:06 15:09:09 821411 132040.2026
2019:05:06 15:09:09 981396 112012.7849
2019:05:06 15:09:10 157408 144037.9843
2019:05:06 15:09:10 397373 191993.1620
2019:05:06 15:09:10 597378 199989.2667
2019:05:06 15:09:10 769368 171976.3577
2019:05:06 15:09:10 917515 148133.8441
2019:05:06 15:09:11 125405 164030.3731
2019:05:06 15:09:11 363179 205801.7291
2019:05:06 15:09:11 552000 146628.3500
2019:05:06 15:09:11 749370 168001.4133
2019:05:06 15:09:11 885400 136014.8676
2019:05:06 15:09:12 101414 184040.4868
2019:05:06 15:09:12 277392 128014.8253
2019:05:06 15:09:12 501371 191992.2456
2019:05:06 15:09:12 669400 168015.9569
2019:05:06 15:09:12 853389 152012.5978
2019:05:06 15:09:13 61397 160018.3584
2019:05:06 15:09:13 253397 160021.6478
2019:05:06 15:09:13 481403 180021.4387
2019:05:06 15:09:13 681403 168031.1523
2019:05:06 15:09:13 844871 115500.7370
2019:05:06 15:09:13 985385 112019.2334
2019:05:06 15:09:14 181368 147987.7681
2019:05:06 15:09:14 351954 170576.0397
2019:05:06 15:09:14 536672 139308.2440
2019:05:06 15:09:14 705382 121987.6967
2019:05:06 15:09:14 881388 136012.1667
2019:05:06 15:09:15 77382 156017.8809
2019:05:06 15:09:15 261381 144009.8323
2019:05:06 15:09:15 445386 176371.0789
2019:05:06 15:09:15 634391 149021.3573
2019:05:06 15:09:15 837359 175991.0546
2019:05:06 15:09:16 13385 176010.5267
2019:05:06 15:09:16 229358 183991.6743
2019:05:06 15:09:16 409391 140024.5652
2019:05:06 15:09:16 641362 191989.7944
2019:05:06 15:09:16 817397 176022.1608
2019:05:06 15:09:17 1383 144016.8694
2019:05:06 15:09:17 173388 132019.4788
2019:05:06 15:09:17 393368 179999.5787
2019:05:06 15:09:17 560296 166919.2612
2019:05:06 15:09:17 785387 196022.5292
2019:05:06 15:09:17 958827 133454.0546
2019:05:06 15:09:18 117382 124017.6149
2019:05:06 15:09:18 293383 136019.5242
2019:05:06 15:09:18 501385 176019.0800
2019:05:06 15:09:18 717381 168008.0295
2019:05:06 15:09:18 937333 179965.5296
2019:05:06 15:09:19 141382 168017.2682
2019:05:06 15:09:19 330945 141566.4777
2019:05:06 15:09:19 493384 128020.4430
2019:05:06 15:09:19 677396 144031.1261
2019:05:06 15:09:19 853384 169793.6393
2019:05:06 15:09:20 69366 184006.4488
2019:05:06 15:09:20 211151 141772.8290
2019:05:06 15:09:20 389388 136010.6878
2019:05:06 15:09:20 613397 176028.3075
2019:05:06 15:09:20 803043 141670.0743
2019:05:06 15:09:20 965385 128027.9718
2019:05:06 15:09:21 125399 120032.3254
2019:05:06 15:09:21 309384 144018.9071
2019:05:06 15:09:21 509383 144017.7523
2019:05:06 15:09:21 709386 160029.0760
2019:05:06 15:09:21 933380 184014.3800
2019:05:06 15:09:22 109395 148032.9074
2019:05:06 15:09:22 284989 143623.9071
2019:05:06 15:09:22 451271 139664.4190
2019:05:06 15:09:22 645385 168029.6585
2019:05:06 15:09:22 813383 136016.2124
2019:05:06 15:09:23 47630 194262.5456
2019:05:06 15:09:23 245391 192050.1329
2019:05:06 15:09:23 525394 240028.6794
2019:05:06 15:09:23 733378 173741.0836
2019:05:06 15:09:23 933367 165984.1910
2019:05:06 15:09:24 89390 156012.4047
2019:05:06 15:09:24 249352 123985.1527
2019:05:06 15:09:24 445126 159766.2680
2019:05:06 15:09:24 641377 160013.3032
2019:05:06 15:09:24 841366 199979.7747
2019:05:06 15:09:25 1397 160017.2855
2019:05:06 15:09:25 221383 180011.3730
2019:05:06 15:09:25 415437 162072.4648
2019:05:06 15:09:25 613403 168046.6682
2019:05:06 15:09:25 801381 148016.6987
2019:05:06 15:09:25 981383 152019.7354
2019:05:06 15:09:26 146179 116805.4566
2019:05:06 15:09:26 285903 132814.6644
2019:05:06 15:09:26 433397 104022.7748
2019:05:06 15:09:26 605085 143710.6729
2019:05:06 15:09:26 785382 175286.6656
2019:05:06 15:09:26 969363 135997.6083
2019:05:06 15:09:27 145378 176003.5083
2019:05:06 15:09:27 325384 144016.7055
2019:05:06 15:09:27 517361 151997.3017
2019:05:06 15:09:27 685388 168018.1548
2019:05:06 15:09:27 865380 148008.3242
2019:05:06 15:09:28 29387 124015.3909
2019:05:06 15:09:28 229382 160015.0727
2019:05:06 15:09:28 429381 160013.9812
2019:05:06 15:09:28 629364 159999.4451
2019:05:06 15:09:28 789391 160018.1051
2019:05:06 15:09:28 949392 120026.2010
2019:05:06 15:09:29 109392 152984.5223
2019:05:06 15:09:29 275492 126125.3990
2019:05:06 15:09:29 436091 126725.0367
2019:05:06 15:09:29 629385 160031.3187
2019:05:06 15:09:29 789386 120020.0543
2019:05:06 15:09:29 957386 136025.2686
2019:05:06 15:09:30 133384 144016.6347
2019:05:06 15:09:30 317382 152020.5215
2019:05:06 15:09:30 517385 160020.7686
2019:05:06 15:09:30 677394 120027.2255
2019:05:06 15:09:30 877385 160025.5482
2019:05:06 15:09:31 77381 160015.0280
2019:05:06 15:09:31 277379 160009.9020
2019:05:06 15:09:31 437380 120008.5096
2019:05:06 15:09:31 917368 439997.6730
2019:05:06 15:09:32 73380 156002.0745
2019:05:06 15:09:32 229385 120000.5077
2019:05:06 15:09:32 429361 159995.1610
2019:05:06 15:09:32 595594 166224.3977
2019:05:06 15:09:32 749384 120015.6100
2019:05:06 15:09:32 909382 120013.6766
2019:05:06 15:09:33 109391 160023.3354
2019:05:06 15:09:33 309376 160011.4889
2019:05:06 15:09:33 469384 152527.1013
2019:05:06 15:09:33 673391 164023.1796
2019:05:06 15:09:33 857383 144015.1520
2019:05:06 15:09:34 101366 204001.9110
2019:05:06 15:09:34 261388 160009.7306
2019:05:06 15:09:34 428482 127116.1847
2019:05:06 15:09:34 621362 159999.2029
2019:05:06 15:09:34 781385 160012.7518
2019:05:06 15:09:34 941386 120017.1411
2019:05:06 15:09:35 141387 120020.0617
2019:05:06 15:09:35 277549 121783.0516
2019:05:06 15:09:35 433384 120017.2231
2019:05:06 15:09:35 629402 190077.4315
2019:05:06 15:09:35 857381 224315.8743
2019:05:06 15:09:36 97384 200015.5859
2019:05:06 15:09:36 277386 136018.1980
2019:05:06 15:09:36 485488 168129.1424
2019:05:06 15:09:36 733372 207997.1395
2019:05:06 15:09:36 902434 169047.5158
2019:05:06 15:09:37 333392 152020.6295
2019:05:06 15:09:37 517380 144014.3883
2019:05:06 15:09:37 677381 148290.3473
2019:05:06 15:09:37 837380 128015.3580
2019:05:06 15:09:38 21383 152026.5564
2019:05:06 15:09:38 237386 164017.0030
2019:05:06 15:09:38 405384 136018.6376
2019:05:06 15:09:38 589370 177222.4717
2019:05:06 15:09:38 757364 167981.8146
2019:05:06 15:09:38 984369 226996.0307
2019:05:06 15:09:39 189366 167997.7216
2019:05:06 15:09:39 337842 148467.5556
2019:05:06 15:09:39 501384 128018.9455
2019:05:06 15:09:39 677386 136017.9037
2019:05:06 15:09:39 941369 223997.3508
2019:05:06 15:09:40 113389 172009.8667
2019:05:06 15:09:40 289375 166374.9292
2019:05:06 15:09:40 437391 112027.5147
2019:05:06 15:09:40 613387 150005.0053
2019:05:06 15:09:40 809362 162096.5898
2019:05:06 15:09:40 967581 158209.4692
2019:05:06 15:09:41 161378 164016.9621
2019:05:06 15:09:41 361378 152002.4911
2019:05:06 15:09:41 511514 143388.0813
2019:05:06 15:09:41 680658 123292.1742
2019:05:06 15:09:41 841395 128026.3737
2019:05:06 15:09:42 5398 132038.1723
2019:05:06 15:09:42 149401 112027.0416
2019:05:06 15:09:42 309404 128023.7809
2019:05:06 15:09:42 497388 156014.9044
2019:05:06 15:09:42 662182 124809.8984
2019:05:06 15:09:42 829396 136024.0877
2019:05:06 15:09:43 97373 227994.0173
2019:05:06 15:09:43 262611 165223.0732
2019:05:06 15:09:43 453397 160006.9180
2019:05:06 15:09:43 621404 128030.7770
2019:05:06 15:09:43 797402 144039.4036
2019:05:06 15:09:43 949400 112022.2360
2019:05:06 15:09:44 119418 162976.2873
2019:05:06 15:09:44 277401 120020.6354
2019:05:06 15:09:44 441397 132024.2956
2019:05:06 15:09:44 621394 153994.0983
2019:05:06 15:09:44 781398 128019.2956
2019:05:06 15:09:44 949398 136023.1005
2019:05:06 15:09:45 106219 116845.0937
2019:05:06 15:09:45 261398 124021.0533
2019:05:06 15:09:45 437387 144009.3368
2019:05:06 15:09:45 589398 112020.1126
2019:05:06 15:09:45 749402 128030.8999
2019:05:06 15:09:45 901383 145192.8206
2019:05:06 15:09:46 79400 138033.2410
2019:05:06 15:09:46 237396 148040.3058
2019:05:06 15:09:46 425378 148021.3180
2019:05:06 15:09:46 597389 140033.2898
2019:05:06 15:09:46 752329 122962.3221
2019:05:06 15:09:46 909380 128016.7736
2019:05:06 15:09:47 63632 122256.4727
2019:05:06 15:09:47 265383 160013.1392
2019:05:06 15:09:47 433384 136015.5903
2019:05:06 15:09:47 621385 148025.2892
2019:05:06 15:09:47 781382 144021.1944
2019:05:06 15:09:47 997382 120016.8543
2019:05:06 15:09:48 137541 116175.4839
2019:05:06 15:09:48 321382 136017.6764
2019:05:06 15:09:48 465192 103827.4653
2019:05:06 15:09:48 677369 172002.1591
2019:05:06 15:09:48 921383 244005.8663
2019:05:06 15:09:49 121364 181453.5446
2019:05:06 15:09:49 289387 168013.8037
2019:05:06 15:09:49 442883 105512.2949
2019:05:06 15:09:49 607559 130192.5890
2019:05:06 15:09:49 797387 160030.4358
2019:05:06 15:09:49 997394 160035.8859
2019:05:06 15:09:50 171961 134593.3750
2019:05:06 15:09:50 337387 120017.1933
2019:05:06 15:09:50 497384 120017.3646
2019:05:06 15:09:50 661379 124011.3154
2019:05:06 15:09:50 817390 116018.7945
2019:05:06 15:09:51 21383 164023.8576
2019:05:06 15:09:51 225383 164006.2667
2019:05:06 15:09:51 386397 155998.7329
2019:05:06 15:09:51 581410 156043.0825
2019:05:06 15:09:51 781363 159997.1093
2019:05:06 15:09:51 941392 160019.5505
2019:05:06 15:09:52 157392 176025.3124
2019:05:06 15:09:52 301002 95633.5887
2019:05:06 15:09:52 448085 114718.5974
2019:05:06 15:09:52 621393 138106.5026
2019:05:06 15:09:52 789405 161967.8959
2019:05:06 15:09:53 35387 206030.6594
2019:05:06 15:09:53 199258 129899.3714
2019:05:06 15:09:53 469391 232012.0819
2019:05:06 15:09:53 631362 121997.7252
2019:05:06 15:09:53 794791 125423.5208
2019:05:06 15:09:53 957385 128013.8530
2019:05:06 15:09:54 117396 124031.4618
2019:05:06 15:09:54 269390 116025.3733
2019:05:06 15:09:54 465378 156011.7751
2019:05:06 15:09:54 634887 125521.7753
2019:05:06 15:09:54 790508 121141.9739
2019:05:06 15:09:54 949394 120031.9193
2019:05:06 15:09:55 153385 164028.3838
2019:05:06 15:09:55 429367 236008.4280
2019:05:06 15:09:55 590898 161517.3407
2019:05:06 15:09:55 777695 154053.1181
2019:05:06 15:09:55 959123 171233.6838
2019:05:06 15:09:56 113122 148715.1496
2019:05:06 15:09:56 289382 158001.5197
2019:05:06 15:09:56 448589 127226.0621
2019:05:06 15:09:56 613388 136011.3434
2019:05:06 15:09:56 785386 132024.0162
2019:05:06 15:09:56 941719 124343.2574
2019:05:06 15:09:57 105386 124018.6580
2019:05:06 15:09:57 305387 160022.8176
2019:05:06 15:09:57 509386 164013.8477
2019:05:06 15:09:57 701381 152016.2076
2019:05:06 15:09:57 861379 120014.9134
2019:05:06 15:09:58 21380 121991.1352
2019:05:06 15:09:58 209361 147991.2959
2019:05:06 15:09:58 369389 160019.2077
2019:05:06 15:09:58 569385 160029.6125
2019:05:06 15:09:58 738550 125180.7995
2019:05:06 15:09:58 886841 125484.9322
2019:05:06 15:09:59 61400 140022.8105
2019:05:06 15:09:59 225382 120019.4694
2019:05:06 15:09:59 390196 124829.1805
2019:05:06 15:09:59 581342 155974.7234
2019:05:06 15:09:59 789362 167994.5923
2019:05:06 15:09:59 949381 160007.9536
2019:05:06 15:10:00 112317 128940.7797
2019:05:06 15:10:00 304038 162672.1025
2019:05:06 15:10:00 468249 126882.7766
2019:05:06 15:10:00 685390 188034.2737
2019:05:06 15:10:00 885387 160021.5100
2019:05:06 15:10:01 45398 120221.1380
2019:05:06 15:10:01 245362 164030.2353
2019:05:06 15:10:01 405395 160021.9607
2019:05:06 15:10:01 573381 128012.9924
2019:05:06 15:10:01 757385 144021.2652
2019:05:06 15:10:01 938354 132981.4345
2019:05:06 15:10:02 125082 166182.3057
2019:05:06 15:10:02 276223 125667.7061
2019:05:06 15:10:02 437708 141424.8943
2019:05:06 15:10:02 598207 156222.0119
2019:05:06 15:10:02 791038 188011.3222
2019:05:06 15:10:02 993365 197407.0817
2019:05:06 15:10:03 399661 406288.4524
2019:05:06 15:10:03 577391 152036.0969
2019:05:06 15:10:03 745382 136018.7754
2019:05:06 15:10:03 901397 136036.4556
2019:05:06 15:10:04 73382 136014.5621
2019:05:06 15:10:04 241379 136011.8836
2019:05:06 15:10:04 401383 112015.4932
2019:05:06 15:10:04 585387 152022.6337
2019:05:06 15:10:04 761515 128141.6789
2019:05:06 15:10:04 985381 160015.3781
2019:05:06 15:10:05 161379 128008.4997
2019:05:06 15:10:05 433366 239999.0819
2019:05:06 15:10:05 633393 200008.3178
2019:05:06 15:10:05 813390 140018.6941
2019:05:06 15:10:06 29393 168015.1671
2019:05:06 15:10:06 225386 156016.7000
2019:05:06 15:10:06 425386 160015.7320
2019:05:06 15:10:06 629684 164328.5453
2019:05:06 15:10:06 825384 160011.3995
2019:05:06 15:10:07 25383 160016.4920
2019:05:06 15:10:07 185379 153091.6281
2019:05:06 15:10:07 385391 160034.4479
2019:05:06 15:10:07 545381 120016.0719
2019:05:06 15:10:07 781368 196010.2208
2019:05:06 15:10:07 961362 179984.4019
2019:05:06 15:10:08 162388 201016.8247
2019:05:06 15:10:08 321385 153265.7519
2019:05:06 15:10:08 481376 152295.0381
2019:05:06 15:10:08 681381 160022.6499
2019:05:06 15:10:08 841381 120011.7804
2019:05:06 15:10:09 41376 160009.1755
2019:05:06 15:10:09 205994 124628.7450
2019:05:06 15:10:09 401366 160002.1757
2019:05:06 15:10:09 561388 160012.1893
2019:05:06 15:10:09 769380 168005.1312
2019:05:06 15:10:10 209387 400011.3942
2019:05:06 15:10:10 409367 160000.4733
2019:05:06 15:10:10 569390 160013.2845
2019:05:06 15:10:10 729393 152053.4828
2019:05:06 15:10:10 929390 160034.3101
2019:05:06 15:10:11 129363 159996.7070
2019:05:06 15:10:11 289382 160009.1420
2019:05:06 15:10:11 489357 193629.0041
2019:05:06 15:10:11 649385 155846.0109
2019:05:06 15:10:11 845391 156021.7924
2019:05:06 15:10:12 45376 160011.7423
2019:05:06 15:10:12 209384 124017.7490
2019:05:06 15:10:12 369384 120015.7590
2019:05:06 15:10:12 561383 144015.4575
2019:05:06 15:10:12 761386 160020.1875
2019:05:06 15:10:12 929381 128015.4958
2019:05:06 15:10:13 121386 144018.7730
2019:05:06 15:10:13 281387 120019.2310
2019:05:06 15:10:13 457381 136024.0430
2019:05:06 15:10:13 641387 136016.0150
2019:05:06 15:10:13 885393 164025.8916
2019:05:06 15:10:14 69401 136018.3097
2019:05:06 15:10:14 231270 125905.8267
2019:05:06 15:10:14 409402 144023.0981
2019:05:06 15:10:14 625375 209538.8025
2019:05:06 15:10:14 897392 272000.3203
2019:05:06 15:10:15 65397 120020.0096
2019:05:06 15:10:15 233387 128010.4779
2019:05:06 15:10:15 409370 135994.8441
2019:05:06 15:10:15 593371 183986.9954
2019:05:06 15:10:15 769394 176009.6438
2019:05:06 15:10:15 953394 144025.9740
2019:05:06 15:10:16 169393 176012.8513
2019:05:06 15:10:16 425387 216010.3023
2019:05:06 15:10:16 601401 144026.9612
2019:05:06 15:10:16 785408 136027.7832
2019:05:06 15:10:16 961393 144031.0627
2019:05:06 15:10:17 151722 142348.3007
2019:05:06 15:10:17 321396 136026.6134
2019:05:06 15:10:17 513396 152019.7839
2019:05:06 15:10:17 681387 128018.4537
2019:05:06 15:10:17 857399 136020.5933
2019:05:06 15:10:18 33382 136007.7932
2019:05:06 15:10:18 222002 140638.5005
2019:05:06 15:10:18 409393 144023.5116
2019:05:06 15:10:18 673363 224005.8146
2019:05:06 15:10:18 809807 136436.9802
2019:05:06 15:10:19 33387 184029.3854
2019:05:06 15:10:19 209376 136010.4084
2019:05:06 15:10:19 393388 144022.3083
2019:05:06 15:10:19 569377 136008.5234
2019:05:06 15:10:19 745391 136030.3126
2019:05:06 15:10:19 936964 147605.7768
2019:05:06 15:10:20 145362 180001.5010
2019:05:06 15:10:20 297392 152020.8046
2019:05:06 15:10:20 456732 127367.4779
2019:05:06 15:10:20 657362 159998.3014
2019:05:06 15:10:20 841384 184013.0240
2019:05:06 15:10:21 84233 194869.1532
2019:05:06 15:10:21 289379 176023.2523
2019:05:06 15:10:21 449382 112011.1905
2019:05:06 15:10:21 625362 143997.2073
2019:05:06 15:10:21 837364 211993.8321
2019:05:06 15:10:22 5383 168009.7096
2019:05:06 15:10:22 209377 164011.3220
2019:05:06 15:10:22 409383 160024.6765
2019:05:06 15:10:22 569386 120020.7099
2019:05:06 15:10:22 729381 120009.7576
2019:05:06 15:10:22 889381 120006.3676
2019:05:06 15:10:23 49383 120023.3474
2019:05:06 15:10:23 209384 120019.8419
2019:05:06 15:10:23 368565 119198.7805
2019:05:06 15:10:23 528752 136811.8450
2019:05:06 15:10:23 686829 135984.5698
2019:05:06 15:10:23 897408 153654.1544
2019:05:06 15:10:24 116130 146768.8754
2019:05:06 15:10:24 289397 153958.9912
2019:05:06 15:10:24 435984 134624.4551
2019:05:06 15:10:24 614216 167328.7675
2019:05:06 15:10:24 789393 170776.8925
2019:05:06 15:10:24 965391 128017.2318
2019:05:06 15:10:25 131423 126066.6810
2019:05:06 15:10:25 313380 148013.3757
2019:05:06 15:10:25 501382 152016.5987
2019:05:06 15:10:25 685389 144029.0138
2019:05:06 15:10:25 909359 183986.0454
2019:05:06 15:10:26 81386 172017.8276
2019:05:06 15:10:26 249294 131923.8842
2019:05:06 15:10:26 485361 191993.0913
2019:05:06 15:10:26 669381 184009.7718
2019:05:06 15:10:26 838672 121311.4485
2019:05:06 15:10:27 13382 144008.2900
2019:05:06 15:10:27 221374 160003.3492
2019:05:06 15:10:27 353594 100224.9941
2019:05:06 15:10:27 535028 145665.4668
2019:05:06 15:10:27 701385 128024.4924
2019:05:06 15:10:27 893380 152011.6925
2019:05:06 15:10:28 69382 136011.6675
2019:05:06 15:10:28 210846 129489.4293
2019:05:06 15:10:28 373380 120013.6133
2019:05:06 15:10:28 597365 192000.1879
2019:05:06 15:10:28 789356 191980.9729
2019:05:06 15:10:28 989381 199791.0775
2019:05:06 15:10:29 149383 112011.7642
2019:05:06 15:10:29 373366 192008.5363
2019:05:06 15:10:29 599729 226354.3084
2019:05:06 15:10:29 809381 204697.2029
2019:05:06 15:10:29 985385 136016.8606
2019:05:06 15:10:30 149382 132001.9700
2019:05:06 15:10:30 341381 144014.5895
2019:05:06 15:10:30 541382 168018.8291
2019:05:06 15:10:30 757364 167994.5737
2019:05:06 15:10:30 965377 208003.4576
2019:05:06 15:10:31 133380 128011.0553
2019:05:06 15:10:31 341371 176000.7404
2019:05:06 15:10:31 517386 176001.3327
2019:05:06 15:10:31 685395 160564.7579
2019:05:06 15:10:31 872969 143599.3277
2019:05:06 15:10:32 61388 160015.3334
2019:05:06 15:10:32 245394 140021.2273
2019:05:06 15:10:32 437380 184293.8811
2019:05:06 15:10:32 605393 120029.6171
2019:05:06 15:10:32 781385 144018.3893
2019:05:06 15:10:32 959236 129862.9008
2019:05:06 15:10:33 117391 128022.9837
2019:05:06 15:10:33 341386 184017.5055
2019:05:06 15:10:33 509703 136338.2563
2019:05:06 15:10:33 693389 136021.4241
2019:05:06 15:10:33 861380 120013.4903
2019:05:06 15:10:34 77365 175999.8314
2019:05:06 15:10:34 227315 149939.4067
2019:05:06 15:10:34 397394 128020.5287
2019:05:06 15:10:34 613390 176019.8064
2019:05:06 15:10:34 797389 136027.9955
2019:05:06 15:10:34 957380 152522.3516
2019:05:06 15:10:35 117390 120023.0122
2019:05:06 15:10:35 283618 126254.2047
2019:05:06 15:10:35 441749 124382.9057
2019:05:06 15:10:35 597393 120028.3282
2019:05:06 15:10:35 797390 160023.6706
2019:05:06 15:10:35 985362 147988.7664
2019:05:06 15:10:36 153383 168012.4924
2019:05:06 15:10:36 393386 200024.2360
2019:05:06 15:10:36 553382 120011.7879
2019:05:06 15:10:36 713386 120016.0682
2019:05:06 15:10:36 913391 160028.3645
2019:05:06 15:10:37 117366 163998.4325
2019:05:06 15:10:37 277385 160008.3560
2019:05:06 15:10:37 437383 120013.9932
2019:05:06 15:10:37 637364 160001.2071
2019:05:06 15:10:37 881382 244008.0866
2019:05:06 15:10:38 81390 160014.9460
2019:05:06 15:10:38 245016 127646.0961
2019:05:06 15:10:38 397387 120016.9213
2019:05:06 15:10:38 558351 120981.6784
2019:05:06 15:10:38 719338 121966.0006
2019:05:06 15:10:38 877382 120012.4025
2019:05:06 15:10:39 53372 136006.6831
2019:05:06 15:10:39 201809 116443.1684
2019:05:06 15:10:39 385361 155988.8721
2019:05:06 15:10:39 561380 176010.6906
2019:05:06 15:10:39 737372 136005.0403
2019:05:06 15:10:39 909393 140027.3070
2019:05:06 15:10:40 121363 163999.7289
2019:05:06 15:10:40 289387 168014.0048
2019:05:06 15:10:40 473384 136024.1771
2019:05:06 15:10:40 647237 133858.1219
2019:05:06 15:10:40 865358 183988.4892
2019:05:06 15:10:41 83034 177662.5738
2019:05:06 15:10:41 293376 160006.9143
2019:05:06 15:10:41 428715 103344.2840
2019:05:06 15:10:41 605386 144020.8666
2019:05:06 15:10:41 789380 144007.8057
2019:05:06 15:10:41 961385 132022.9061
2019:05:06 15:10:42 149399 156029.1201
2019:05:06 15:10:42 333398 132027.0002
2019:05:06 15:10:42 473377 132932.3873
2019:05:06 15:10:42 661380 140010.3495
2019:05:06 15:10:42 853368 160001.1699
2019:05:06 15:10:43 49364 195985.3359
2019:05:06 15:10:43 225361 175987.1989
2019:05:06 15:10:43 405363 179993.2197
2019:05:06 15:10:43 581402 176029.9951
2019:05:06 15:10:43 789395 166628.2266
2019:05:06 15:10:43 969363 147996.0866
2019:05:06 15:10:44 121388 152013.5887
2019:05:06 15:10:44 273385 144302.5433
2019:05:06 15:10:44 441385 161967.2477
2019:05:06 15:10:44 621383 132015.9920
2019:05:06 15:10:44 774212 120847.9628
2019:05:06 15:10:44 949384 124011.2111
2019:05:06 15:10:45 129388 148023.5532
2019:05:06 15:10:45 305384 128021.1881
2019:05:06 15:10:45 517381 148009.4679
2019:05:06 15:10:45 709385 144015.3755
2019:05:06 15:10:45 885414 144048.9143
2019:05:06 15:10:46 97403 168040.2309
2019:05:06 15:10:46 281397 137560.2558
2019:05:06 15:10:46 485402 164012.0521
2019:05:06 15:10:46 674763 147773.9774
2019:05:06 15:10:46 865371 155996.3003
2019:05:06 15:10:47 21396 156011.3765
2019:05:06 15:10:47 225394 164008.7105
2019:05:06 15:10:47 401397 142007.2429
2019:05:06 15:10:47 561396 152664.1101
2019:05:06 15:10:47 709814 104439.3480
2019:05:06 15:10:47 889403 144040.4356
2019:05:06 15:10:48 81560 156374.7711
2019:05:06 15:10:48 229653 141755.6442
2019:05:06 15:10:48 413387 144014.2207
2019:05:06 15:10:48 597411 144033.9908
2019:05:06 15:10:48 758872 121486.5819
2019:05:06 15:10:48 950534 161141.7793
2019:05:06 15:10:49 97405 141973.3949
2019:05:06 15:10:49 285388 148007.8138
2019:05:06 15:10:49 466226 148852.0242
2019:05:06 15:10:49 621409 120034.6425
2019:05:06 15:10:49 845371 192010.1047
2019:05:06 15:10:49 997380 151987.8805
2019:05:06 15:10:50 157403 124026.1309
2019:05:06 15:10:50 341498 148130.0779
2019:05:06 15:10:50 765383 384016.6032
2019:05:06 15:10:50 925192 152408.5291
2019:05:06 15:10:51 81451 108078.6921
2019:05:06 15:10:51 241382 153650.9991
2019:05:06 15:10:51 397387 120021.0527
2019:05:06 15:10:51 597387 160019.6287
2019:05:06 15:10:51 797380 160016.4957
2019:05:06 15:10:51 953392 116025.1833
2019:05:06 15:10:52 143402 150034.5804
2019:05:06 15:10:52 313391 154017.8135
2019:05:06 15:10:52 473386 120024.3980
2019:05:06 15:10:52 629387 116019.5582
2019:05:06 15:10:52 789380 120003.8269
2019:05:06 15:10:52 973389 156031.3180
2019:05:06 15:10:53 177388 164019.0110
2019:05:06 15:10:53 415029 197659.2727
2019:05:06 15:10:53 613383 160018.4366
2019:05:06 15:10:53 821392 160023.3018
2019:05:06 15:10:53 985384 124016.1099
2019:05:06 15:10:54 161389 124017.5404
2019:05:06 15:10:54 318174 128797.3635
2019:05:06 15:10:54 501387 152029.3467
2019:05:06 15:10:54 725363 187976.3417
2019:05:06 15:10:54 881381 156008.5267
2019:05:06 15:10:55 62807 141442.7757
2019:05:06 15:10:55 265382 160021.4541
2019:05:06 15:10:55 437174 123811.4350
2019:05:06 15:10:55 591595 118230.4397
2019:05:06 15:10:55 789366 160006.4673
2019:05:06 15:10:55 949391 160015.7879
2019:05:06 15:10:56 91324 101956.5128
2019:05:06 15:10:56 237380 108008.0010
2019:05:06 15:10:56 397380 154541.0976
2019:05:06 15:10:56 553390 116025.9210
2019:05:06 15:10:56 717386 120015.5430
2019:05:06 15:10:56 917389 160029.7242
2019:05:06 15:10:57 117387 160026.3044
2019:05:06 15:10:57 325402 168036.0846
2019:05:06 15:10:57 493379 136022.0499
2019:05:06 15:10:57 686698 161334.9132
2019:05:06 15:10:57 885380 160012.3607
2019:05:06 15:10:58 125365 200005.7958
2019:05:06 15:10:58 285390 160015.0056
2019:05:06 15:10:58 566473 241110.4403
2019:05:06 15:10:58 765370 193597.5552
2019:05:06 15:10:58 910921 145538.9187
2019:05:06 15:10:59 117385 160015.7991
2019:05:06 15:10:59 285383 128013.2793
2019:05:06 15:10:59 470836 137466.5983
2019:05:06 15:10:59 693396 180023.8788
2019:05:06 15:10:59 913644 132279.3551
2019:05:06 15:11:00 129386 168005.8055
2019:05:06 15:11:00 374864 238425.5454
2019:05:06 15:11:00 543980 142616.4508
2019:05:06 15:11:00 725374 136000.3613
2019:05:06 15:11:00 897391 144024.1635
2019:05:06 15:11:01 77384 140014.9167
2019:05:06 15:11:01 239882 142525.8107
2019:05:06 15:11:01 413375 136010.1737
2019:05:06 15:11:01 625371 180004.2652
2019:05:06 15:11:01 794069 168687.4032
2019:05:06 15:11:02 9377 183996.9046
2019:05:06 15:11:02 152858 103488.9035
2019:05:06 15:11:02 306096 124730.5386
2019:05:06 15:11:02 477394 128016.9450
2019:05:06 15:11:02 741365 232008.2523
2019:05:06 15:11:02 893380 152006.9130
2019:05:06 15:11:03 77398 152029.2647
2019:05:06 15:11:03 277778 180423.0139
2019:05:06 15:11:03 469379 186886.1504
2019:05:06 15:11:03 637385 120016.8878
2019:05:06 15:11:03 801384 132021.1031
2019:05:06 15:11:03 977385 128017.4367
2019:05:06 15:11:04 122991 113626.9234
2019:05:06 15:11:04 297380 140014.4100
2019:05:06 15:11:04 681391 344025.1611
2019:05:06 15:11:04 934791 213415.0118
2019:05:06 15:11:05 152266 174900.3977
2019:05:06 15:11:05 365385 184029.2625
2019:05:06 15:11:05 565382 152018.2192
2019:05:06 15:11:05 765389 152013.0523
2019:05:06 15:11:05 981398 184042.7667
2019:05:06 15:11:06 165389 128023.2668
2019:05:06 15:11:06 326944 129587.2442
2019:05:06 15:11:06 473383 120020.6690
2019:05:06 15:11:06 637384 132016.9829
2019:05:06 15:11:06 789387 147065.8109
2019:05:06 15:11:06 953385 116014.5029
2019:05:06 15:11:07 109387 146338.0866
2019:05:06 15:11:07 237380 116663.0872
2019:05:06 15:11:07 381641 130241.0252
2019:05:06 15:11:07 537379 142245.9185
2019:05:06 15:11:07 733354 163990.7211
2019:05:06 15:11:07 899738 162207.5848
2019:05:06 15:11:08 63586 138423.8079
2019:05:06 15:11:08 259397 162028.1227
2019:05:06 15:11:08 422019 159373.0487
2019:05:06 15:11:08 605392 154327.5900
2019:05:06 15:11:08 805385 160019.5542
2019:05:06 15:11:09 5394 169672.9325
2019:05:06 15:11:09 249367 204008.7618
2019:05:06 15:11:09 405381 156004.7530
2019:05:06 15:11:09 565392 153448.0341
2019:05:06 15:11:09 699089 127807.8742
2019:05:06 15:11:09 893382 160025.2092
2019:05:06 15:11:10 55413 122055.4747
2019:05:06 15:11:10 253385 156016.4578
2019:05:06 15:11:10 406828 125465.0541
2019:05:06 15:11:10 589399 148032.5572
2019:05:06 15:11:10 817382 194618.5231
2019:05:06 15:11:10 981507 124143.4403
2019:05:06 15:11:11 185377 164006.1699
2019:05:06 15:11:11 385384 160012.8226
2019:05:06 15:11:11 581333 155975.4126
2019:05:06 15:11:11 769383 148025.1178
2019:05:06 15:11:11 965387 161486.0408
2019:05:06 15:11:12 163376 170014.5751
2019:05:06 15:11:12 317392 150594.3574
2019:05:06 15:11:12 513386 164020.2515
2019:05:06 15:11:12 709362 164005.4174
2019:05:06 15:11:12 901363 191991.8321
2019:05:06 15:11:13 28990 127617.6833
2019:05:06 15:11:13 177382 120016.2843
2019:05:06 15:11:13 341386 157978.6614
2019:05:06 15:11:13 517378 136003.9152
2019:05:06 15:11:13 685380 120021.3768
2019:05:06 15:11:13 837389 120024.3197
2019:05:06 15:11:13 989394 112027.5073
2019:05:06 15:11:14 145381 124018.1029
2019:05:06 15:11:14 318747 137369.3608
2019:05:06 15:11:14 473384 128029.6706
2019:05:06 15:11:14 629377 124011.1813
2019:05:06 15:11:14 789393 128029.5812
2019:05:06 15:11:14 989389 166437.1304
2019:05:06 15:11:15 201001 171629.9355
2019:05:06 15:11:15 389395 156027.2425
2019:05:06 15:11:15 622770 193403.7507
2019:05:06 15:11:15 781382 158603.2622
2019:05:06 15:11:15 977392 156028.3937
2019:05:06 15:11:16 167397 154026.5642
2019:05:06 15:11:16 361361 163997.4415
2019:05:06 15:11:16 523116 161743.6558
2019:05:06 15:11:16 701388 142003.2717
2019:05:06 15:11:16 849392 120026.3947
2019:05:06 15:11:17 5386 148048.1997
2019:05:06 15:11:17 209377 164008.3678
2019:05:06 15:11:17 371367 122000.3851
2019:05:06 15:11:17 533387 120019.1565
2019:05:06 15:11:17 725391 152024.9583
2019:05:06 15:11:17 921400 156030.2265
2019:05:06 15:11:18 69396 124037.0236
2019:05:06 15:11:18 229399 116019.1931
2019:05:06 15:11:18 453371 191999.1150
2019:05:06 15:11:18 693369 239983.7635
2019:05:06 15:11:18 861399 168016.5827
2019:05:06 15:11:19 5395 112019.4085
2019:05:06 15:11:19 160084 114708.7365
2019:05:06 15:11:19 317402 132038.0121
2019:05:06 15:11:19 469406 120034.4525
2019:05:06 15:11:19 651195 141832.7093
2019:05:06 15:11:19 885402 208013.6351
2019:05:06 15:11:20 85367 160169.9889
2019:05:06 15:11:20 277371 191607.3859
2019:05:06 15:11:20 525372 247986.9574
2019:05:06 15:11:20 685397 160011.2841
2019:05:06 15:11:20 861398 136033.1178
2019:05:06 15:11:21 37364 143992.8412
2019:05:06 15:11:21 229371 191730.0634
2019:05:06 15:11:21 399297 169911.9844
2019:05:06 15:11:21 581407 152035.4301
2019:05:06 15:11:21 773409 152046.8406
2019:05:06 15:11:21 974382 169007.2976
2019:05:06 15:11:22 165378 185705.9449
2019:05:06 15:11:22 429384 232019.7113
2019:05:06 15:11:22 613362 143997.4047
2019:05:06 15:11:22 821382 208008.8444
2019:05:06 15:11:22 995864 122492.7157
2019:05:06 15:11:23 149364 115998.1675
2019:05:06 15:11:23 349366 199993.6849
2019:05:06 15:11:23 511121 161742.7990
2019:05:06 15:11:23 709376 160003.9452
2019:05:06 15:11:23 869385 120019.4396
2019:05:06 15:11:24 69366 159994.0062
2019:05:06 15:11:24 235677 166301.7459
2019:05:06 15:11:24 453382 192020.0624
2019:05:06 15:11:24 653385 168030.1353
2019:05:06 15:11:24 839396 142024.5841
2019:05:06 15:11:25 9392 136024.2255
2019:05:06 15:11:25 233362 184007.1119
2019:05:06 15:11:25 366543 133171.5025
2019:05:06 15:11:25 519305 113946.5831
2019:05:06 15:11:25 703490 154126.6218
2019:05:06 15:11:25 889410 152052.5813
2019:05:06 15:11:26 81390 160019.8187
2019:05:06 15:11:26 269389 160014.6443
2019:05:06 15:11:26 429386 128021.5867
2019:05:06 15:11:26 589383 120014.3360
2019:05:06 15:11:26 805364 184009.2093
2019:05:06 15:11:26 973394 168018.2628
2019:05:06 15:11:27 149394 136031.7059
2019:05:06 15:11:27 309385 120018.8622
2019:05:06 15:11:27 525368 175995.6032
2019:05:06 15:11:27 691016 165630.3629
2019:05:06 15:11:27 921363 196004.4838
2019:05:06 15:11:28 81395 160022.6574
2019:05:06 15:11:28 329364 204004.2691
2019:05:06 15:11:28 489384 160010.3565
2019:05:06 15:11:28 689383 160023.4695
2019:05:06 15:11:28 889382 160025.6972
2019:05:06 15:11:29 49386 152523.2941
2019:05:06 15:11:29 213386 124019.1907
2019:05:06 15:11:29 413363 159989.4166
2019:05:06 15:11:29 617274 203901.0823
2019:05:06 15:11:29 813388 160019.1593
2019:05:06 15:11:29 973390 120020.5237
2019:05:06 15:11:30 133389 152823.0645
2019:05:06 15:11:30 333377 160007.2421
2019:05:06 15:11:30 573367 199998.0174
2019:05:06 15:11:30 773363 199986.1710
2019:05:06 15:11:30 940266 166893.9330
2019:05:06 15:11:31 179100 205736.9426
2019:05:06 15:11:31 373378 160008.7881
2019:05:06 15:11:31 533380 120013.8927
2019:05:06 15:11:31 733369 160013.6273
2019:05:06 15:11:31 893363 159983.6573
2019:05:06 15:11:32 58454 165080.0072
2019:05:06 15:11:32 265363 172000.1623
2019:05:06 15:11:32 465396 200022.9545
2019:05:06 15:11:32 665386 160018.9880
2019:05:06 15:11:32 828861 123493.3697
2019:05:06 15:11:33 25365 159997.2509
2019:05:06 15:11:33 213386 188010.6553
2019:05:06 15:11:33 373388 120026.7933
2019:05:06 15:11:33 533395 120026.5512
2019:05:06 15:11:33 740250 166894.1639
2019:05:06 15:11:33 929385 156029.8055
2019:05:06 15:11:34 109376 148010.4327
2019:05:06 15:11:34 277387 168000.6422
2019:05:06 15:11:34 469379 158128.0343
2019:05:06 15:11:34 669382 160026.1405
2019:05:06 15:11:34 861379 152009.9901
2019:05:06 15:11:35 53395 144023.5153
2019:05:06 15:11:35 204976 107606.0720
2019:05:06 15:11:35 397369 160005.0703
2019:05:06 15:11:35 557391 160011.4889
2019:05:06 15:11:35 757395 120032.5303
2019:05:06 15:11:35 921380 128013.8940
2019:05:06 15:11:36 97392 128024.2391
2019:05:06 15:11:36 305385 164011.1133
2019:05:06 15:11:36 497355 159989.1670
2019:05:06 15:11:36 697360 197714.1574
2019:05:06 15:11:36 869398 172028.0685
2019:05:06 15:11:37 45386 144022.8559
2019:05:06 15:11:37 216928 131560.6534
2019:05:06 15:11:37 373383 124019.6005
2019:05:06 15:11:37 533387 152217.3248
2019:05:06 15:11:37 773365 199997.2686
2019:05:06 15:11:37 933385 160010.7700
2019:05:06 15:11:38 89388 116024.0844
2019:05:06 15:11:38 241395 146257.0429
2019:05:06 15:11:38 429388 148029.6291
2019:05:06 15:11:38 613387 144028.0192
2019:05:06 15:11:38 774262 120895.9073
2019:05:06 15:11:38 973380 160023.7042
2019:05:06 15:11:39 257365 244007.9041
2019:05:06 15:11:39 421383 164007.5371
2019:05:06 15:11:39 589389 128023.4158
2019:05:06 15:11:39 765393 136028.4016
2019:05:06 15:11:39 965388 160022.2290
2019:05:06 15:11:40 134952 125578.6233
2019:05:06 15:11:40 313390 136024.7508
2019:05:06 15:11:40 473387 120024.8115
2019:05:06 15:11:40 897367 343995.9586
2019:05:06 15:11:41 105386 208009.2803
2019:05:06 15:11:41 297385 144001.7596
2019:05:06 15:11:41 469385 124013.6661
2019:05:06 15:11:41 621383 112016.2010
2019:05:06 15:11:41 789380 157911.6806
2019:05:06 15:11:41 989388 160031.0579
2019:05:06 15:11:42 189383 164018.3739
2019:05:06 15:11:42 369364 162284.5009
2019:05:06 15:11:42 565357 195982.8511
2019:05:06 15:11:42 813365 245842.4233
2019:05:06 15:11:42 965391 152015.0453
2019:05:06 15:11:43 129390 124018.3823
2019:05:06 15:11:43 369382 200011.0783
2019:05:06 15:11:43 529385 152874.0972
2019:05:06 15:11:43 733390 164019.9609
2019:05:06 15:11:43 933392 160020.7090
2019:05:06 15:11:44 96523 123159.2447
2019:05:06 15:11:44 269391 136016.6892
2019:05:06 15:11:44 429390 120024.1819
2019:05:06 15:11:44 587406 118044.3913
2019:05:06 15:11:44 757382 140017.9416
2019:05:06 15:11:44 917767 120395.0085
2019:05:06 15:11:45 77387 120002.3443
2019:05:06 15:11:45 265375 160016.1865
2019:05:06 15:11:45 429376 124011.5762
2019:05:06 15:11:45 589392 120019.4508
2019:05:06 15:11:45 734129 111357.9981
2019:05:06 15:11:45 933391 160023.6557
2019:05:06 15:11:46 89373 124016.6798
2019:05:06 15:11:46 289368 199986.5025
2019:05:06 15:11:46 481387 192008.8828
2019:05:06 15:11:46 685362 196754.7499
2019:05:06 15:11:46 845388 160015.1658
2019:05:06 15:11:47 13381 160027.6679
2019:05:06 15:11:47 209387 156028.4570
2019:05:06 15:11:47 405362 155993.8602
2019:05:06 15:11:47 565386 160011.1015
2019:05:06 15:11:47 741368 169005.2971
2019:05:06 15:11:47 901402 160022.7058
2019:05:06 15:11:48 137364 203999.7876
2019:05:06 15:11:48 297394 160019.5765
2019:05:06 15:11:48 457393 120024.5172
2019:05:06 15:11:48 605390 108007.3491
2019:05:06 15:11:48 793379 156012.3786
2019:05:06 15:11:48 981387 156021.4125
2019:05:06 15:11:49 161356 139990.5123
2019:05:06 15:11:49 302892 140493.3669
2019:05:06 15:11:49 578571 233198.9482
2019:05:06 15:11:49 813362 200005.0098
2019:05:06 15:11:49 973415 160042.8298
2019:05:06 15:11:50 165396 116011.5562
2019:05:06 15:11:50 321397 120006.8928
2019:05:06 15:11:50 481396 120019.3092
2019:05:06 15:11:50 661402 140039.0640
2019:05:06 15:11:50 857372 156001.8137
2019:05:06 15:11:51 18854 161466.3713
2019:05:06 15:11:51 139212 104878.7013
2019:05:06 15:11:51 285397 123214.7031
2019:05:06 15:11:51 414418 89037.8579
2019:05:06 15:11:51 545400 126083.7242
2019:05:06 15:11:51 673388 96005.9762
2019:05:06 15:11:51 809408 104029.8492
2019:05:06 15:11:51 965401 120040.1224
2019:05:06 15:11:52 107500 110121.7121
2019:05:06 15:11:52 265406 120025.0871
2019:05:06 15:11:52 393394 96020.6017
2019:05:06 15:11:52 526486 101124.9200
2019:05:06 15:11:52 697360 115791.2202
2019:05:06 15:11:52 833372 132365.1262
2019:05:06 15:11:52 972931 139546.8563
2019:05:06 15:11:53 61037 75666.6102
2019:05:06 15:11:53 185402 108026.8249
2019:05:06 15:11:53 289385 98136.5032
2019:05:06 15:11:53 385508 89437.3246
2019:05:06 15:11:53 469398 77013.6975
2019:05:06 15:11:53 577377 100649.4835
2019:05:06 15:11:53 680689 103297.9563
2019:05:06 15:11:53 781395 98256.8562
2019:05:06 15:11:53 861323 72504.9973
2019:05:06 15:11:53 957964 68571.0609
2019:05:06 15:11:54 49373 72002.7275
2019:05:06 15:11:54 145377 63989.5611
2019:05:06 15:11:54 217237 65117.2698
2019:05:06 15:11:54 300074 62704.6674
2019:05:06 15:11:54 381380 69527.7713
2019:05:06 15:11:54 477361 63993.9122
2019:05:06 15:11:54 574788 97417.7495
2019:05:06 15:11:54 669373 92540.7782
2019:05:06 15:11:54 730777 56040.2274
2019:05:06 15:11:54 768126 37336.7965
2019:05:06 15:11:54 808263 38907.4981
2019:05:06 15:11:54 852088 43002.5570
2019:05:06 15:11:54 899178 43415.9711
2019:05:06 15:11:54 937679 36465.1084
2019:05:06 15:11:54 975795 33618.5023
2019:05:06 15:11:55 19194 41776.4746
2019:05:06 15:11:55 54816 34815.0879
2019:05:06 15:11:55 89230 32756.5372
2019:05:06 15:11:55 122405 30732.5348
2019:05:06 15:11:55 158436 32339.6139
2019:05:06 15:11:55 197794 34035.8205
