
# OSU MPI Allreduce Latency Test v5.6.1
# Size       Avg Latency(us)
65536              161780.21
2019:05:06 15:05:50 349389 112022.3887
2019:05:06 15:05:50 510077 128698.5874
2019:05:06 15:05:50 653386 139183.8193
2019:05:06 15:05:50 821361 127995.4799
2019:05:06 15:05:51 5360 183991.4434
2019:05:06 15:05:51 187987 182614.3861
2019:05:06 15:05:51 397365 184009.2577
2019:05:06 15:05:51 541384 144008.8637
2019:05:06 15:05:51 700311 126954.8312
2019:05:06 15:05:51 877385 136016.6110
2019:05:06 15:05:52 53361 127983.8234
2019:05:06 15:05:52 237375 184003.8262
2019:05:06 15:05:52 421385 136015.2066
2019:05:06 15:05:52 605392 136024.8551
2019:05:06 15:05:52 746060 100688.5022
2019:05:06 15:05:52 917408 136037.0107
2019:05:06 15:05:53 109392 136019.0473
2019:05:06 15:05:53 277388 120021.2948
2019:05:06 15:05:53 465391 140016.6377
2019:05:06 15:05:53 657362 151987.0423
2019:05:06 15:05:53 801378 144009.5901
2019:05:06 15:05:53 977383 128006.6296
2019:05:06 15:05:54 133382 124021.0012
2019:05:06 15:05:54 357387 184017.9972
2019:05:06 15:05:54 529383 140024.9563
2019:05:06 15:05:54 713389 136017.3114
2019:05:06 15:05:54 905382 152012.1954
2019:05:06 15:05:55 85385 140014.3802
2019:05:06 15:05:55 228177 102812.8602
2019:05:06 15:05:55 429364 176008.0978
2019:05:06 15:05:55 621360 191984.4858
2019:05:06 15:05:55 853368 231995.7800
2019:05:06 15:05:55 992905 139527.2277
2019:05:06 15:05:56 189379 168022.8263
2019:05:06 15:05:56 449377 212001.7633
2019:05:06 15:05:56 599884 142919.9912
2019:05:06 15:05:56 801394 168026.5777
2019:05:06 15:05:56 985387 144021.9320
2019:05:06 15:05:57 157382 132023.8709
2019:05:06 15:05:57 319123 129756.9312
2019:05:06 15:05:57 505363 139990.2366
2019:05:06 15:05:57 653383 148009.9484
2019:05:06 15:05:57 829403 128031.9132
2019:05:06 15:05:58 5387 144027.3859
2019:05:06 15:05:58 285363 232003.8602
2019:05:06 15:05:58 441380 156006.2915
2019:05:06 15:05:58 677366 187999.7663
2019:05:06 15:05:58 818643 141265.0384
2019:05:06 15:05:59 45394 180024.1135
2019:05:06 15:05:59 240120 146751.9291
2019:05:06 15:05:59 437361 167993.6349
2019:05:06 15:05:59 637364 199992.1054
2019:05:06 15:05:59 797384 160007.2049
2019:05:06 15:05:59 997394 160020.8059
2019:05:06 15:06:00 197382 160017.7698
2019:05:06 15:06:00 391402 154039.4686
2019:05:06 15:06:00 589397 160027.1277
2019:05:06 15:06:00 829362 200000.9231
2019:05:06 15:06:00 989388 160017.1477
2019:05:06 15:06:01 155342 125983.5958
2019:05:06 15:06:01 309390 120026.1489
2019:05:06 15:06:01 521364 171999.5588
2019:05:06 15:06:01 681396 160019.5505
2019:05:06 15:06:01 881395 160037.4542
2019:05:06 15:06:02 43306 121938.9699
2019:05:06 15:06:02 229385 148027.0028
2019:05:06 15:06:02 489389 220011.5100
2019:05:06 15:06:02 689390 160008.5944
2019:05:06 15:06:02 849381 120015.5988
2019:05:06 15:06:03 9385 120020.0282
2019:05:06 15:06:03 205391 156022.4816
2019:05:06 15:06:03 365380 120017.5770
2019:05:06 15:06:03 525387 120012.5664
2019:05:06 15:06:03 685379 120012.4100
2019:05:06 15:06:03 845487 120122.9319
2019:05:06 15:06:04 45387 120020.4603
2019:05:06 15:06:04 205390 120012.1604
2019:05:06 15:06:04 365394 120027.0988
2019:05:06 15:06:04 561385 160018.9731
2019:05:06 15:06:04 729390 128014.2590
2019:05:06 15:06:04 969367 191994.9055
2019:05:06 15:06:05 125361 155983.0196
2019:05:06 15:06:05 309381 184010.6063
2019:05:06 15:06:05 521385 164010.5322
2019:05:06 15:06:05 721391 160031.9780
2019:05:06 15:06:05 921381 160014.3649
2019:05:06 15:06:06 147374 186016.3100
2019:05:06 15:06:06 307501 126124.7061
2019:05:06 15:06:06 461390 120023.0196
2019:05:06 15:06:06 661381 160014.1823
2019:05:06 15:06:06 821383 120015.2785
2019:05:06 15:06:06 981391 120010.6665
2019:05:06 15:06:07 149380 128005.4823
2019:05:06 15:06:07 309382 128021.6798
2019:05:06 15:06:07 469386 128021.6128
2019:05:06 15:06:07 693389 192027.0212
2019:05:06 15:06:07 909365 184003.8784
2019:05:06 15:06:08 53383 144006.7142
2019:05:06 15:06:08 221390 128018.8933
2019:05:06 15:06:08 413387 152027.8566
2019:05:06 15:06:08 573391 120026.7226
2019:05:06 15:06:08 740458 127093.8218
2019:05:06 15:06:08 893388 120023.8913
2019:05:06 15:06:09 93385 160026.2299
2019:05:06 15:06:09 293381 160015.6948
2019:05:06 15:06:09 459685 126317.9630
2019:05:06 15:06:09 657387 160019.4052
2019:05:06 15:06:09 857395 160023.6073
2019:05:06 15:06:10 57380 159998.5547
2019:05:06 15:06:10 253362 159988.9435
2019:05:06 15:06:10 449363 195992.1829
2019:05:06 15:06:10 610273 160901.6694
2019:05:06 15:06:10 769384 120017.0368
2019:05:06 15:06:10 895359 85994.9142
2019:05:06 15:06:11 50580 121215.2243
2019:05:06 15:06:11 208679 123306.7401
2019:05:06 15:06:11 369226 123857.7552
2019:05:06 15:06:11 531030 125660.3636
2019:05:06 15:06:11 725381 160024.4306
2019:05:06 15:06:11 885384 120023.3325
2019:05:06 15:06:12 85368 160001.7026
2019:05:06 15:06:12 245401 160022.3333
2019:05:06 15:06:12 409374 124001.2720
2019:05:06 15:06:12 569389 120022.3304
2019:05:06 15:06:12 729386 120011.4526
2019:05:06 15:06:12 929380 160003.6286
2019:05:06 15:06:13 125362 155995.9315
2019:05:06 15:06:13 325364 199992.1203
2019:05:06 15:06:13 529365 203985.2999
2019:05:06 15:06:13 769364 239988.7554
2019:05:06 15:06:13 929387 160011.8652
2019:05:06 15:06:14 165398 196031.8051
2019:05:06 15:06:14 357382 152021.6912
2019:05:06 15:06:14 517382 120018.5046
2019:05:06 15:06:14 677388 120020.7956
2019:05:06 15:06:14 838890 121519.5134
2019:05:06 15:06:15 77387 200028.5648
2019:05:06 15:06:15 237375 153148.2004
2019:05:06 15:06:15 397358 119996.2012
2019:05:06 15:06:15 557388 160018.4850
2019:05:06 15:06:15 757359 159997.4670
2019:05:06 15:06:15 919823 160986.6731
2019:05:06 15:06:16 117375 160016.9316
2019:05:06 15:06:16 277383 120016.8990
2019:05:06 15:06:16 437384 120015.3008
2019:05:06 15:06:16 597378 154939.9793
2019:05:06 15:06:16 759851 122473.5901
2019:05:06 15:06:16 920011 122640.6060
2019:05:06 15:06:17 77391 120016.2098
2019:05:06 15:06:17 277387 120021.9058
2019:05:06 15:06:17 433379 116011.7425
2019:05:06 15:06:17 616727 175743.8369
2019:05:06 15:06:17 777386 136023.7673
2019:05:06 15:06:17 993360 184003.1669
2019:05:06 15:06:18 157361 163989.3875
2019:05:06 15:06:18 317389 160017.5537
2019:05:06 15:06:18 553362 196002.9714
2019:05:06 15:06:18 753381 200009.0219
2019:05:06 15:06:18 913390 120024.8860
2019:05:06 15:06:19 141365 187992.5057
2019:05:06 15:06:19 301386 160009.6859
2019:05:06 15:06:19 461385 120009.7576
2019:05:06 15:06:19 673366 172001.5034
2019:05:06 15:06:19 833359 159983.2550
2019:05:06 15:06:20 33390 160025.1049
2019:05:06 15:06:20 289382 220017.6492
2019:05:06 15:06:20 465382 144015.5916
2019:05:06 15:06:20 629386 124016.2961
2019:05:06 15:06:20 809384 132014.5950
2019:05:06 15:06:20 989386 132024.3366
2019:05:06 15:06:21 173386 136006.4074
2019:05:06 15:06:21 393365 172005.6795
2019:05:06 15:06:21 577384 184010.3194
2019:05:06 15:06:21 841364 216005.4445
2019:05:06 15:06:22 61360 219987.0162
2019:05:06 15:06:22 211108 149736.4305
2019:05:06 15:06:22 388058 134687.4684
2019:05:06 15:06:22 549385 120019.5178
2019:05:06 15:06:22 737382 140010.3308
2019:05:06 15:06:22 893392 108021.9001
2019:05:06 15:06:23 69383 136015.3444
2019:05:06 15:06:23 208444 99081.8366
2019:05:06 15:06:23 381387 136019.0772
2019:05:06 15:06:23 573385 136009.6931
2019:05:06 15:06:23 797382 176016.5766
2019:05:06 15:06:23 973382 136013.6569
2019:05:06 15:06:24 141381 136013.8766
2019:05:06 15:06:24 333361 143985.0517
2019:05:06 15:06:24 541380 208008.7364
2019:05:06 15:06:24 725385 136019.4609
2019:05:06 15:06:24 891457 134098.7682
2019:05:06 15:06:25 52813 119444.0164
2019:05:06 15:06:25 261377 178245.8797
2019:05:06 15:06:25 425375 116004.7688
2019:05:06 15:06:25 593389 136023.4655
2019:05:06 15:06:25 749383 108011.5773
2019:05:06 15:06:25 917389 120013.4270
2019:05:06 15:06:26 85391 128022.4733
2019:05:06 15:06:26 269382 136012.2040
2019:05:06 15:06:26 432755 123383.1644
2019:05:06 15:06:26 617381 144016.6086
2019:05:06 15:06:26 789362 123995.8666
2019:05:06 15:06:26 965365 175992.2244
2019:05:06 15:06:27 117382 152007.5165
2019:05:06 15:06:27 309380 160014.6629
2019:05:06 15:06:27 509374 145669.9595
2019:05:06 15:06:27 757373 216016.6986
2019:05:06 15:06:27 933382 176000.2673
2019:05:06 15:06:28 149384 184017.3006
2019:05:06 15:06:28 323379 134021.6808
2019:05:06 15:06:28 481390 132019.7247
2019:05:06 15:06:28 675614 146248.8621
2019:05:06 15:06:28 825387 144436.8400
2019:05:06 15:06:29 1412 128039.1775
2019:05:06 15:06:29 185999 152643.4496
2019:05:06 15:06:29 365400 136033.0880
2019:05:06 15:06:29 529385 136022.8769
2019:05:06 15:06:29 713380 144013.0472
2019:05:06 15:06:29 889365 169708.2482
2019:05:06 15:06:30 49386 160012.3532
2019:05:06 15:06:30 269371 183995.7833
2019:05:06 15:06:30 429378 159998.5398
2019:05:06 15:06:30 629384 160016.2312
2019:05:06 15:06:30 829399 156196.4490
2019:05:06 15:06:30 996316 126944.0353
2019:05:06 15:06:31 149384 120019.1714
2019:05:06 15:06:31 389378 160006.5008
2019:05:06 15:06:31 589374 160005.8824
2019:05:06 15:06:31 789363 160000.3988
2019:05:06 15:06:31 989368 199977.9679
2019:05:06 15:06:32 189389 200010.5456
2019:05:06 15:06:32 353389 124019.3322
2019:05:06 15:06:32 509386 116019.2974
2019:05:06 15:06:32 669400 120034.4637
2019:05:06 15:06:32 829398 120029.0620
2019:05:06 15:06:32 989393 120017.7670
2019:05:06 15:06:33 189364 160006.0537
2019:05:06 15:06:33 349387 160013.1057
2019:05:06 15:06:33 617367 227991.8306
2019:05:06 15:06:33 817359 199982.0247
2019:05:06 15:06:33 977391 158139.8547
2019:05:06 15:06:34 173360 155988.9242
2019:05:06 15:06:34 333388 120019.8084
2019:05:06 15:06:34 505387 120018.4114
2019:05:06 15:06:34 671187 159318.6781
2019:05:06 15:06:34 825391 120021.7046
2019:05:06 15:06:34 985395 120029.1999
2019:05:06 15:06:35 181388 156028.8854
2019:05:06 15:06:35 341385 120015.6808
2019:05:06 15:06:35 501385 120017.2529
2019:05:06 15:06:35 661387 120021.1719
2019:05:06 15:06:35 821385 152868.7701
2019:05:06 15:06:35 981395 120029.3936
2019:05:06 15:06:36 131496 118027.8286
2019:05:06 15:06:36 269946 128341.7605
2019:05:06 15:06:36 403901 120893.8956
2019:05:06 15:06:36 533283 120097.6372
2019:05:06 15:06:36 710695 156112.8050
2019:05:06 15:06:36 853134 137658.0484
2019:05:06 15:06:36 964657 100066.5277
2019:05:06 15:06:37 106447 119402.6135
2019:05:06 15:06:37 273906 141444.2882
2019:05:06 15:06:37 419635 122100.3421
2019:05:06 15:06:37 532535 107667.5393
2019:05:06 15:06:37 670724 132224.4927
2019:05:06 15:06:37 824628 121984.4148
2019:05:06 15:06:37 996723 146618.9623
2019:05:06 15:06:38 153368 156627.5693
2019:05:06 15:06:38 345364 191986.0579
2019:05:06 15:06:38 519469 174092.8963
2019:05:06 15:06:38 641517 100851.0068
2019:05:06 15:06:38 748312 82283.4857
2019:05:06 15:06:38 874074 98728.1017
2019:05:06 15:06:39 29729 142143.5960
2019:05:06 15:06:39 198044 163051.2476
2019:05:06 15:06:39 340969 132309.0680
2019:05:06 15:06:39 468348 113272.4509
2019:05:06 15:06:39 605960 122050.1028
2019:05:06 15:06:39 724353 103548.1021
2019:05:06 15:06:39 851711 103198.8934
2019:05:06 15:06:39 986489 119207.3263
2019:05:06 15:06:40 120424 108966.1606
2019:05:06 15:06:40 242531 111444.9501
2019:05:06 15:06:40 388317 135996.7850
2019:05:06 15:06:40 503842 109407.5330
2019:05:06 15:06:40 615324 101141.3932
2019:05:06 15:06:40 747984 111811.9508
2019:05:06 15:06:40 856940 99131.4612
2019:05:06 15:06:40 983474 96633.2816
2019:05:06 15:06:41 125913 126891.8663
2019:05:06 15:06:41 262395 120374.6237
2019:05:06 15:06:41 381591 97483.3295
2019:05:06 15:06:41 525756 98705.8803
2019:05:06 15:06:41 649842 119068.1569
2019:05:06 15:06:41 763388 108631.4954
2019:05:06 15:06:41 880066 92913.2923
2019:05:06 15:06:41 999648 105217.6543
2019:05:06 15:06:42 121954 115755.7443
2019:05:06 15:06:42 289382 143404.3944
2019:05:06 15:06:42 458160 161576.7516
2019:05:06 15:06:42 617379 125725.5934
2019:05:06 15:06:42 889393 224023.6029
2019:05:06 15:06:43 49393 120025.3777
2019:05:06 15:06:43 205387 120015.6994
2019:05:06 15:06:43 365393 120029.8220
2019:05:06 15:06:43 565364 159998.1822
2019:05:06 15:06:43 725379 160005.6253
2019:05:06 15:06:43 885404 120036.3375
2019:05:06 15:06:44 85388 160019.7516
2019:05:06 15:06:44 245384 153581.5410
2019:05:06 15:06:44 413387 128002.1556
2019:05:06 15:06:44 585381 164261.2033
2019:05:06 15:06:44 781395 160032.4139
2019:05:06 15:06:44 949052 160963.2224
2019:05:06 15:06:45 125378 144019.6671
2019:05:06 15:06:45 601387 436012.7561
2019:05:06 15:06:45 801381 160010.0100
2019:05:06 15:06:46 1381 160015.6799
2019:05:06 15:06:46 197382 160018.0306
2019:05:06 15:06:46 357384 152458.7274
2019:05:06 15:06:46 533387 160032.1904
2019:05:06 15:06:46 733380 160020.8841
2019:05:06 15:06:46 933392 160029.8993
2019:05:06 15:06:47 99436 126047.6187
2019:05:06 15:06:47 293366 159998.0816
2019:05:06 15:06:47 513376 220000.6396
2019:05:06 15:06:47 701378 156005.8556
2019:05:06 15:06:47 859227 125864.0029
2019:05:06 15:06:48 17375 132013.7270
2019:05:06 15:06:48 197379 135997.7014
2019:05:06 15:06:48 372036 134673.7482
2019:05:06 15:06:48 549393 149524.2678
2019:05:06 15:06:48 741389 152030.1886
2019:05:06 15:06:48 933384 160028.7557
2019:05:06 15:06:49 117380 152005.9295
2019:05:06 15:06:49 277389 120015.9788
2019:05:06 15:06:49 449382 132009.0555
2019:05:06 15:06:49 609399 120022.4385
2019:05:06 15:06:49 772019 122649.7330
2019:05:06 15:06:49 969392 160021.9831
2019:05:06 15:06:50 213383 204018.6748
2019:05:06 15:06:50 377804 124438.9266
2019:05:06 15:06:50 533382 120015.5504
2019:05:06 15:06:50 693380 120015.3120
2019:05:06 15:06:50 853381 120013.3227
2019:05:06 15:06:51 53357 159989.9083
2019:05:06 15:06:51 213391 156065.2405
2019:05:06 15:06:51 413363 159996.0476
2019:05:06 15:06:51 613366 199988.3577
2019:05:06 15:06:51 767980 154601.8533
2019:05:06 15:06:51 961387 160030.4022
2019:05:06 15:06:52 117384 148729.6894
2019:05:06 15:06:52 317389 160014.2755
2019:05:06 15:06:52 437383 113620.2738
2019:05:06 15:06:52 641366 159993.5070
2019:05:06 15:06:52 801386 160010.9376
2019:05:06 15:06:53 1366 159996.3494
2019:05:06 15:06:53 149380 148004.1966
2019:05:06 15:06:53 285057 126977.6747
2019:05:06 15:06:53 481390 160024.8441
2019:05:06 15:06:53 725384 204013.7462
2019:05:06 15:06:53 925382 160008.2070
2019:05:06 15:06:54 85388 120027.9295
2019:05:06 15:06:54 245395 152626.2090
2019:05:06 15:06:54 413384 128022.0971
2019:05:06 15:06:54 625375 163999.2185
2019:05:06 15:06:54 849358 183985.4941
2019:05:06 15:06:55 21388 172019.9957
2019:05:06 15:06:55 237381 176011.4133
2019:05:06 15:06:55 381389 136483.1850
2019:05:06 15:06:55 597388 168030.7351
2019:05:06 15:06:55 773382 136014.0666
2019:05:06 15:06:55 965395 144028.7046
2019:05:06 15:06:56 133395 120029.5277
2019:05:06 15:06:56 373382 160018.7495
2019:05:06 15:06:56 573407 160040.2296
2019:05:06 15:06:56 839427 186054.5985
2019:05:06 15:06:57 37368 160011.3884
2019:05:06 15:06:57 237364 199984.8075
2019:05:06 15:06:57 397391 160014.7821
2019:05:06 15:06:57 625366 200009.9793
2019:05:06 15:06:57 785390 160015.2217
2019:05:06 15:06:58 25383 157061.9568
2019:05:06 15:06:58 229364 159993.1605
2019:05:06 15:06:58 389386 160012.0068
2019:05:06 15:06:58 627272 192059.8857
2019:05:06 15:06:58 821381 160022.8772
2019:05:06 15:06:59 61363 199997.6039
2019:05:06 15:06:59 301360 239988.0141
2019:05:06 15:06:59 501364 196623.9922
2019:05:06 15:06:59 661390 160014.9833
2019:05:06 15:06:59 841397 153288.2042
2019:05:06 15:07:00 7576 126215.7112
2019:05:06 15:07:00 165385 120016.2247
2019:05:06 15:07:00 325394 120021.1011
2019:05:06 15:07:00 489385 124023.0538
2019:05:06 15:07:00 689382 160018.8240
2019:05:06 15:07:00 889395 160031.2665
2019:05:06 15:07:01 48337 118969.8689
2019:05:06 15:07:01 205385 120017.9793
2019:05:06 15:07:01 401387 156013.0641
2019:05:06 15:07:01 601383 160023.1640
2019:05:06 15:07:01 845377 204007.6256
2019:05:06 15:07:02 5395 160004.5264
2019:05:06 15:07:02 205391 160016.0152
2019:05:06 15:07:02 417401 180023.3573
2019:05:06 15:07:02 601369 151999.3506
2019:05:06 15:07:02 781410 180027.5557
2019:05:06 15:07:02 965400 152026.9439
2019:05:06 15:07:03 133403 128028.2624
2019:05:06 15:07:03 301397 161232.4417
2019:05:06 15:07:03 493395 144018.9928
2019:05:06 15:07:03 645400 120028.0637
2019:05:06 15:07:03 821403 128030.2852
2019:05:06 15:07:03 989403 136025.7044
2019:05:06 15:07:04 140437 103056.2073
2019:05:06 15:07:04 341371 167995.0729
2019:05:06 15:07:04 565378 223992.7724
2019:05:06 15:07:04 725405 160012.5097
2019:05:06 15:07:04 909415 144023.7574
2019:05:06 15:07:05 117399 168036.9191
2019:05:06 15:07:05 301394 136017.1512
2019:05:06 15:07:05 497373 155987.8960
2019:05:06 15:07:05 681382 183996.0739
2019:05:06 15:07:05 889390 168012.2316
2019:05:06 15:07:06 69386 140024.3901
2019:05:06 15:07:06 277381 168011.0544
2019:05:06 15:07:06 493391 176022.7643
2019:05:06 15:07:06 665176 146632.1945
2019:05:06 15:07:06 805394 96025.6793
2019:05:06 15:07:07 13380 168022.0589
2019:05:06 15:07:07 189379 136010.1216
2019:05:06 15:07:07 405391 176027.3501
2019:05:06 15:07:07 589381 144018.7581
2019:05:06 15:07:07 773389 144015.1557
2019:05:06 15:07:07 949383 169341.2922
2019:05:06 15:07:08 165368 184000.0115
2019:05:06 15:07:08 349380 184001.7661
2019:05:06 15:07:08 521857 132499.4937
2019:05:06 15:07:08 705385 136019.4460
2019:05:06 15:07:08 921357 167982.5559
2019:05:06 15:07:09 93379 169766.9700
2019:05:06 15:07:09 277120 143758.2709
2019:05:06 15:07:09 433380 132012.8329
2019:05:06 15:07:09 653377 172018.0102
2019:05:06 15:07:09 810403 150333.7137
2019:05:06 15:07:10 37371 184001.4830
2019:05:06 15:07:10 205399 168018.2889
2019:05:06 15:07:10 497363 244003.5269
2019:05:06 15:07:10 681363 183990.1060
2019:05:06 15:07:10 817388 136015.9852
2019:05:06 15:07:11 33361 182570.8225
2019:05:06 15:07:11 189390 156016.5770
2019:05:06 15:07:11 361378 124009.3820
2019:05:06 15:07:11 534368 125006.7465
2019:05:06 15:07:11 727692 146322.3174
2019:05:06 15:07:11 921386 152010.8953
2019:05:06 15:07:12 149387 180022.5265
2019:05:06 15:07:12 325386 144029.1330
2019:05:06 15:07:12 525378 160010.2112
2019:05:06 15:07:12 689780 132412.1132
2019:05:06 15:07:12 861382 137889.1692
2019:05:06 15:07:13 29396 128034.4054
2019:05:06 15:07:13 213384 152026.3664
2019:05:06 15:07:13 389380 136011.7234
2019:05:06 15:07:13 561380 144014.8950
2019:05:06 15:07:13 717385 128018.6437
2019:05:06 15:07:13 869382 124017.1567
2019:05:06 15:07:14 49379 148015.4991
2019:05:06 15:07:14 189380 130742.5536
2019:05:06 15:07:14 359537 138170.6968
2019:05:06 15:07:14 508358 127005.7820
2019:05:06 15:07:14 673376 136020.0047
2019:05:06 15:07:14 861391 136034.1460
2019:05:06 15:07:15 21383 136014.8825
2019:05:06 15:07:15 181390 128027.1970
2019:05:06 15:07:15 341383 128027.3721
2019:05:06 15:07:15 533363 159990.7689
2019:05:06 15:07:15 757364 223989.6581
2019:05:06 15:07:15 957386 200012.7956
2019:05:06 15:07:16 117393 120021.4662
2019:05:06 15:07:16 277382 120009.9327
2019:05:06 15:07:16 473381 156018.5626
2019:05:06 15:07:16 673376 160009.8237
2019:05:06 15:07:16 873380 160021.2678
2019:05:06 15:07:17 40461 127099.3240
2019:05:06 15:07:17 201830 128466.3565
2019:05:06 15:07:17 393381 156017.8138
2019:05:06 15:07:17 569382 136011.9693
2019:05:06 15:07:17 742218 140858.7657
2019:05:06 15:07:17 961356 183993.4736
2019:05:06 15:07:18 135692 170418.3072
2019:05:06 15:07:18 293791 120428.9645
2019:05:06 15:07:18 427338 101974.7145
2019:05:06 15:07:18 605380 148015.6220
2019:05:06 15:07:18 765387 152900.2525
2019:05:06 15:07:18 925813 120447.3116
2019:05:06 15:07:19 125365 159996.8076
2019:05:06 15:07:19 285384 160010.3118
2019:05:06 15:07:19 445387 120021.0564
2019:05:06 15:07:19 649235 163864.0501
2019:05:06 15:07:19 807728 122360.0730
2019:05:06 15:07:19 966639 121272.6347
2019:05:06 15:07:20 93208 87842.5688
2019:05:06 15:07:20 285387 160014.1115
2019:05:06 15:07:20 485379 160000.7266
2019:05:06 15:07:20 649840 124472.3685
2019:05:06 15:07:20 845385 160014.5400
2019:05:06 15:07:21 5391 154483.3742
2019:05:06 15:07:21 245393 200025.7112
2019:05:06 15:07:21 404681 119313.6871
2019:05:06 15:07:21 601383 160024.8069
2019:05:06 15:07:21 761399 120031.1519
2019:05:06 15:07:21 961357 159998.1561
2019:05:06 15:07:22 189388 228019.1965
2019:05:06 15:07:22 389394 160037.4468
2019:05:06 15:07:22 546219 120862.1077
2019:05:06 15:07:22 745379 120009.6942
2019:05:06 15:07:22 909515 124151.8594
2019:05:06 15:07:23 101383 156019.9633
2019:05:06 15:07:23 301392 160026.5168
2019:05:06 15:07:23 464091 122735.2023
2019:05:06 15:07:23 617382 116014.9984
2019:05:06 15:07:23 817358 158266.9728
2019:05:06 15:07:23 975294 155656.6209
2019:05:06 15:07:24 149382 155237.7641
2019:05:06 15:07:24 429366 235346.3061
2019:05:06 15:07:24 597383 168006.6101
2019:05:06 15:07:24 780597 147239.1002
2019:05:06 15:07:24 985378 172018.2225
2019:05:06 15:07:25 197387 180021.3344
2019:05:06 15:07:25 361414 132051.3636
2019:05:06 15:07:25 585358 191988.4458
2019:05:06 15:07:25 777362 191878.1213
2019:05:06 15:07:25 937384 160013.3814
2019:05:06 15:07:26 181368 204010.2854
2019:05:06 15:07:26 381372 199990.4104
2019:05:06 15:07:26 541383 160001.0842
2019:05:06 15:07:26 781373 200013.6897
2019:05:06 15:07:26 941383 160000.6893
2019:05:06 15:07:27 141365 159995.1163
2019:05:06 15:07:27 302061 160685.0736
2019:05:06 15:07:27 461383 120014.7085
2019:05:06 15:07:27 661397 160038.3818
2019:05:06 15:07:27 859504 150141.2876
2019:05:06 15:07:28 53392 160037.2009
2019:05:06 15:07:28 251886 150522.1911
2019:05:06 15:07:28 409382 124016.9480
2019:05:06 15:07:28 581385 132014.5242
2019:05:06 15:07:28 741383 120016.6494
2019:05:06 15:07:28 941391 160019.1854
2019:05:06 15:07:29 101386 120023.2431
2019:05:06 15:07:29 309050 167682.0889
2019:05:06 15:07:29 505396 164030.3284
2019:05:06 15:07:29 667860 122498.0094
2019:05:06 15:07:29 825384 120017.3423
2019:05:06 15:07:30 41366 175993.6176
2019:05:06 15:07:30 221405 180028.0400
2019:05:06 15:07:30 465393 204026.3675
2019:05:06 15:07:30 657383 144020.4978
2019:05:06 15:07:30 824490 127131.1119
2019:05:06 15:07:31 9359 152001.7646
2019:05:06 15:07:31 183746 137198.6680
2019:05:06 15:07:31 327128 121762.0783
2019:05:06 15:07:31 485388 120021.0527
2019:05:06 15:07:31 653395 120023.4443
2019:05:06 15:07:31 816146 122774.0496
2019:05:06 15:07:32 13374 160006.5343
2019:05:06 15:07:32 173382 159999.1657
2019:05:06 15:07:32 333390 120026.5400
2019:05:06 15:07:32 577393 164016.4256
2019:05:06 15:07:32 777394 152026.1429
2019:05:06 15:07:32 961392 136025.6746
2019:05:06 15:07:33 157378 156016.8900
2019:05:06 15:07:33 349384 144014.3771
2019:05:06 15:07:33 561387 164027.5158
2019:05:06 15:07:33 769394 168032.0464
2019:05:06 15:07:33 953394 148020.1408
2019:05:06 15:07:34 155010 161620.9149
2019:05:06 15:07:34 322135 132753.4802
2019:05:06 15:07:34 481457 124079.7304
2019:05:06 15:07:34 633400 120020.1176
2019:05:06 15:07:34 799315 125939.7268
2019:05:06 15:07:34 953397 120018.0054
2019:05:06 15:07:35 133397 140034.0796
2019:05:06 15:07:35 373389 200018.3724
2019:05:06 15:07:35 533401 120024.1670
2019:05:06 15:07:35 747913 174534.5555
2019:05:06 15:07:35 906806 125426.4750
2019:05:06 15:07:36 101379 160001.6579
2019:05:06 15:07:36 301369 199968.4200
2019:05:06 15:07:36 461396 160008.9148
2019:05:06 15:07:36 621402 153028.7676
2019:05:06 15:07:36 781402 120026.5847
2019:05:06 15:07:37 61371 240009.3824
2019:05:06 15:07:37 261371 199986.5472
2019:05:06 15:07:37 425407 164021.5926
2019:05:06 15:07:37 625402 160011.7311
2019:05:06 15:07:37 785396 120008.8821
2019:05:06 15:07:37 945405 152386.3114
2019:05:06 15:07:38 109395 157853.6741
2019:05:06 15:07:38 549387 400011.6400
2019:05:06 15:07:38 749396 160021.9756
2019:05:06 15:07:38 909388 120016.5711
2019:05:06 15:07:39 75856 126487.1284
2019:05:06 15:07:39 269375 160003.1145
2019:05:06 15:07:39 469377 160009.4475
2019:05:06 15:07:39 629387 120018.8212
2019:05:06 15:07:39 809385 140013.8214
2019:05:06 15:07:39 969385 120018.9479
2019:05:06 15:07:40 125390 116023.2201
2019:05:06 15:07:40 285389 120022.3640
2019:05:06 15:07:40 445387 120017.8415
2019:05:06 15:07:40 611422 126055.3263
2019:05:06 15:07:40 809386 160022.1507
2019:05:06 15:07:40 969381 120019.3875
2019:05:06 15:07:41 165380 156015.5377
2019:05:06 15:07:41 365384 160020.7016
2019:05:06 15:07:41 601366 199989.0618
2019:05:06 15:07:41 805365 203991.7260
2019:05:06 15:07:41 965387 160011.7274
2019:05:06 15:07:42 125381 120015.7739
2019:05:06 15:07:42 285380 120012.1716
2019:05:06 15:07:42 449684 124313.9803
2019:05:06 15:07:42 641363 155993.4653
2019:05:06 15:07:42 801385 160013.5379
2019:05:06 15:07:42 961381 120009.9327
2019:05:06 15:07:43 128775 127410.5236
2019:05:06 15:07:43 285392 120021.1309
2019:05:06 15:07:43 485391 160032.2612
2019:05:06 15:07:43 685381 160024.0506
2019:05:06 15:07:43 852942 127577.6215
2019:05:06 15:07:44 45383 160023.5440
2019:05:06 15:07:44 189389 136977.3597
2019:05:06 15:07:44 469365 239998.5641
2019:05:06 15:07:44 629399 160024.1028
2019:05:06 15:07:44 789383 120006.6470
2019:05:06 15:07:44 949398 120023.5933
2019:05:06 15:07:45 161379 172023.2107
2019:05:06 15:07:45 313386 116016.9616
2019:05:06 15:07:45 529360 184002.2132
2019:05:06 15:07:45 709361 179990.5822
2019:05:06 15:07:45 889383 180013.5709
2019:05:06 15:07:46 85388 164024.1407
2019:05:06 15:07:46 285385 160022.4674
2019:05:06 15:07:46 477376 152004.8194
2019:05:06 15:07:46 645389 128022.3206
2019:05:06 15:07:46 845383 160011.7125
2019:05:06 15:07:47 45368 160009.4214
2019:05:06 15:07:47 205384 160004.1129
2019:05:06 15:07:47 365391 120025.1542
2019:05:06 15:07:47 525384 152065.7651
2019:05:06 15:07:47 685409 120035.7080
2019:05:06 15:07:47 921363 199998.9264
2019:05:06 15:07:48 85392 164020.3632
2019:05:06 15:07:48 285388 160017.3637
2019:05:06 15:07:48 485364 159997.6234
2019:05:06 15:07:48 641412 156038.8505
2019:05:06 15:07:48 841390 160033.3974
2019:05:06 15:07:49 7164 125803.6122
2019:05:06 15:07:49 205366 159998.0108
2019:05:06 15:07:49 365382 160006.1134
2019:05:06 15:07:49 545383 144023.6233
2019:05:06 15:07:49 689542 133543.9198
2019:05:06 15:07:49 853391 120020.8850
2019:05:06 15:07:49 997540 104167.4651
2019:05:06 15:07:50 189381 160019.5877
2019:05:06 15:07:50 357383 120013.0396
2019:05:06 15:07:50 633360 241804.2533
2019:05:06 15:07:50 783111 148676.8760
2019:05:06 15:07:50 969363 160000.7787
2019:05:06 15:07:51 133386 164013.4864
2019:05:06 15:07:51 365365 200007.5653
2019:05:06 15:07:51 549363 183986.4105
2019:05:06 15:07:51 741394 192020.5243
2019:05:06 15:07:51 933382 144017.7150
2019:05:06 15:07:52 181380 216014.4560
2019:05:06 15:07:52 469364 207997.3109
2019:05:06 15:07:52 629382 160009.2687
2019:05:06 15:07:52 779521 142566.6697
2019:05:06 15:07:52 965362 159997.5489
2019:05:06 15:07:53 189358 223987.8401
2019:05:06 15:07:53 357378 164626.6878
2019:05:06 15:07:53 571202 181845.0429
2019:05:06 15:07:54 9367 399997.4355
2019:05:06 15:07:54 205386 196005.2401
2019:05:06 15:07:54 447339 201977.2530
2019:05:06 15:07:54 621364 168300.7441
2019:05:06 15:07:54 781388 160015.1733
2019:05:06 15:07:54 941391 120021.6599
2019:05:06 15:07:55 101385 120017.1039
2019:05:06 15:07:55 268141 126771.2563
2019:05:06 15:07:55 461363 159997.7873
2019:05:06 15:07:55 626147 164771.9629
2019:05:06 15:07:55 817385 156018.3242
2019:05:06 15:07:55 977376 152569.5659
2019:05:06 15:07:56 145110 127754.2673
2019:05:06 15:07:56 341364 159994.6916
2019:05:06 15:07:56 501396 160022.2774
2019:05:06 15:07:56 657384 120022.0883
2019:05:06 15:07:56 825080 127715.2300
2019:05:06 15:07:57 17383 160025.9840
2019:05:06 15:07:57 221388 160028.0069
2019:05:06 15:07:57 381382 120018.7169
2019:05:06 15:07:57 537380 112015.4560
2019:05:06 15:07:57 675823 102454.6847
2019:05:06 15:07:57 845383 140015.7399
2019:05:06 15:07:58 93361 212002.5381
2019:05:06 15:07:58 241387 148016.3522
2019:05:06 15:07:58 417385 166912.4588
2019:05:06 15:07:58 581388 157605.9610
2019:05:06 15:07:58 741387 120016.9027
2019:05:06 15:07:58 941901 160535.2834
2019:05:06 15:07:59 133398 160032.8386
2019:05:06 15:07:59 301387 128016.5240
2019:05:06 15:07:59 485390 144032.3517
2019:05:06 15:07:59 653388 120017.9420
2019:05:06 15:07:59 805395 120029.0658
2019:05:06 15:07:59 965389 120019.1677
2019:05:06 15:08:00 125399 120030.5335
2019:05:06 15:08:00 357362 192004.1665
2019:05:06 15:08:00 541367 183995.1351
2019:05:06 15:08:00 685398 144021.7197
2019:05:06 15:08:00 852669 135312.8180
2019:05:06 15:08:01 77365 192007.1281
2019:05:06 15:08:01 245365 167990.2449
2019:05:06 15:08:01 385387 140012.0780
2019:05:06 15:08:01 649364 256867.4944
2019:05:06 15:08:01 811546 162168.1005
2019:05:06 15:08:01 961399 120033.7857
2019:05:06 15:08:02 157392 151693.5639
2019:05:06 15:08:02 397364 200002.4207
2019:05:06 15:08:02 564393 167018.5588
2019:05:06 15:08:02 757389 160016.8422
2019:05:06 15:08:02 997364 199995.1489
2019:05:06 15:08:03 164425 167052.4068
2019:05:06 15:08:03 323788 126409.2810
2019:05:06 15:08:03 517394 160027.8057
2019:05:06 15:08:03 753384 196024.7383
2019:05:06 15:08:03 913581 120214.1382
2019:05:06 15:08:04 93392 140027.9440
2019:05:06 15:08:04 253387 120025.2920
2019:05:06 15:08:04 413383 120014.1311
2019:05:06 15:08:04 593395 140029.7917
2019:05:06 15:08:04 753404 120035.9240
2019:05:06 15:08:04 993369 160006.6125
2019:05:06 15:08:05 173389 180003.0023
2019:05:06 15:08:05 373396 160030.9275
2019:05:06 15:08:05 569366 160007.0782
2019:05:06 15:08:05 729399 160021.7074
2019:05:06 15:08:05 917394 160020.6271
2019:05:06 15:08:06 77395 152710.1547
2019:05:06 15:08:06 277386 160007.5066
2019:05:06 15:08:06 437406 120023.7498
2019:05:06 15:08:06 638229 160867.5420
2019:05:06 15:08:06 798413 125037.8117
2019:05:06 15:08:06 953397 120021.2352
2019:05:06 15:08:07 141404 148028.3886
2019:05:06 15:08:07 307467 126093.8309
2019:05:06 15:08:07 501400 160038.4861
2019:05:06 15:08:07 701372 159996.9864
2019:05:06 15:08:08 45943 344556.0560
2019:05:06 15:08:08 245376 160010.5166
2019:05:06 15:08:08 405396 160002.0044
2019:05:06 15:08:08 565707 120320.9534
2019:05:06 15:08:08 725407 120011.0205
2019:05:06 15:08:08 925371 159997.9475
2019:05:06 15:08:09 165372 239987.4963
2019:05:06 15:08:09 325402 160014.4245
2019:05:06 15:08:09 521361 155982.2224
2019:05:06 15:08:09 721372 199998.0099
2019:05:06 15:08:09 881387 160001.6318
2019:05:06 15:08:10 125364 204007.5585
2019:05:06 15:08:10 285385 160011.2431
2019:05:06 15:08:10 485364 160001.4381
2019:05:06 15:08:10 646097 160724.5021
2019:05:06 15:08:10 845364 160000.5254
2019:05:06 15:08:11 5391 160016.5740
2019:05:06 15:08:11 167067 121701.4939
2019:05:06 15:08:11 325381 120011.8177
2019:05:06 15:08:11 485389 120021.5891
2019:05:06 15:08:11 645404 120032.6905
2019:05:06 15:08:11 817380 132009.6366
2019:05:06 15:08:11 977381 120011.4489
2019:05:06 15:08:12 218471 201097.3357
2019:05:06 15:08:12 373385 120014.0677
2019:05:06 15:08:12 577386 160702.5787
2019:05:06 15:08:12 777386 160017.4494
2019:05:06 15:08:12 937385 152900.5319
2019:05:06 15:08:13 140836 163467.1390
2019:05:06 15:08:13 333386 160027.4742
2019:05:06 15:08:13 489360 115994.7924
2019:05:06 15:08:13 649390 160018.5670
2019:05:06 15:08:13 813376 158119.9728
2019:05:06 15:08:13 973381 120009.2398
2019:05:06 15:08:14 133387 120021.0638
2019:05:06 15:08:14 293394 120033.2493
2019:05:06 15:08:14 453379 120009.9774
2019:05:06 15:08:14 612066 118702.1323
2019:05:06 15:08:14 809393 160036.4223
2019:05:06 15:08:15 9382 160024.7771
2019:05:06 15:08:15 165383 120015.9676
2019:05:06 15:08:15 365365 159995.6527
2019:05:06 15:08:15 565359 199982.1812
2019:05:06 15:08:15 765366 199784.6030
2019:05:06 15:08:15 925382 160006.6237
2019:05:06 15:08:16 125393 160028.3049
2019:05:06 15:08:16 286100 120732.5980
2019:05:06 15:08:16 485383 160004.2358
2019:05:06 15:08:16 648551 123179.9237
2019:05:06 15:08:16 805382 120014.3285
2019:05:06 15:08:17 45387 200030.4088
2019:05:06 15:08:17 285370 200011.5067
2019:05:06 15:08:17 441388 156009.0706
2019:05:06 15:08:17 641385 160029.0611
2019:05:06 15:08:17 804027 122658.9717
2019:05:06 15:08:17 965822 124464.0127
2019:05:06 15:08:18 157393 156026.7657
2019:05:06 15:08:18 357388 160021.9123
2019:05:06 15:08:18 557398 160030.6928
2019:05:06 15:08:18 758364 160995.1966
2019:05:06 15:08:18 917384 120018.6983
2019:05:06 15:08:19 117392 160022.8325
2019:05:06 15:08:19 317363 159995.2318
2019:05:06 15:08:19 517361 199988.4211
2019:05:06 15:08:19 677380 160010.8147
2019:05:06 15:08:19 841383 124014.4260
2019:05:06 15:08:20 1384 120011.4824
2019:05:06 15:08:20 197381 160009.9616
2019:05:06 15:08:20 404491 127127.4351
2019:05:06 15:08:20 601357 163992.5316
2019:05:06 15:08:20 761383 158646.7177
2019:05:06 15:08:20 961384 160013.6794
2019:05:06 15:08:21 122548 121186.9046
2019:05:06 15:08:21 277385 120016.3625
2019:05:06 15:08:21 433403 149503.1640
2019:05:06 15:08:21 649358 175992.6826
2019:05:06 15:08:21 802814 153444.3125
2019:05:06 15:08:21 981382 136014.7260
2019:05:06 15:08:22 197386 184010.0698
2019:05:06 15:08:22 365397 128035.1132
2019:05:06 15:08:22 585358 187990.7586
2019:05:06 15:08:22 765382 180013.0643
2019:05:06 15:08:22 945382 136017.0506
2019:05:06 15:08:23 109390 120019.1714
2019:05:06 15:08:23 349391 200034.9648
2019:05:06 15:08:23 509389 120024.8264
2019:05:06 15:08:23 709363 159994.5687
2019:05:06 15:08:23 909362 199989.8925
2019:05:06 15:08:24 77388 168016.3890
2019:05:06 15:08:24 277383 160023.8495
2019:05:06 15:08:24 481386 164015.5874
2019:05:06 15:08:24 685395 164032.9994
2019:05:06 15:08:24 845388 120022.2895
2019:05:06 15:08:25 85402 200029.8277
2019:05:06 15:08:25 252396 127022.2850
2019:05:06 15:08:25 403951 118581.0640
2019:05:06 15:08:25 601393 160027.1836
2019:05:06 15:08:25 761389 120018.5604
2019:05:06 15:08:25 921382 120011.2142
2019:05:06 15:08:26 141385 180008.2326
2019:05:06 15:08:26 309382 128019.5378
2019:05:06 15:08:26 489388 132017.0648
2019:05:06 15:08:26 637395 108025.4652
2019:05:06 15:08:26 780953 103584.0586
2019:05:06 15:08:26 949390 128020.3201
2019:05:06 15:08:27 109387 120024.1745
2019:05:06 15:08:27 309367 159997.5042
2019:05:06 15:08:27 469393 160016.5255
2019:05:06 15:08:27 634504 125135.4329
2019:05:06 15:08:27 829384 160026.5726
2019:05:06 15:08:27 989389 120023.7460
2019:05:06 15:08:28 189382 160011.9956
2019:05:06 15:08:28 349398 120037.7829
2019:05:06 15:08:28 545387 156023.9047
2019:05:06 15:08:28 745382 160015.2291
2019:05:06 15:08:28 905392 120019.0373
2019:05:06 15:08:29 65362 152906.5520
2019:05:06 15:08:29 229364 163992.8743
2019:05:06 15:08:29 389388 160013.0387
2019:05:06 15:08:29 534330 124975.1858
2019:05:06 15:08:29 690349 120972.1379
2019:05:06 15:08:29 849383 120012.6559
2019:05:06 15:08:30 90928 201561.7378
2019:05:06 15:08:30 245385 120027.4043
2019:05:06 15:08:30 410798 125433.0315
2019:05:06 15:08:30 617393 132023.8598
2019:05:06 15:08:30 777393 153203.2043
2019:05:06 15:08:30 937393 120029.2818
2019:05:06 15:08:31 133387 156018.1305
2019:05:06 15:08:31 295473 122113.3284
2019:05:06 15:08:31 453385 120026.1191
2019:05:06 15:08:31 653389 160017.3749
2019:05:06 15:08:31 853390 160026.5466
2019:05:06 15:08:32 13379 152659.5950
2019:05:06 15:08:32 213356 159998.2455
2019:05:06 15:08:32 373387 158390.5928
2019:05:06 15:08:32 537391 124020.9863
2019:05:06 15:08:32 741397 192997.7238
2019:05:06 15:08:33 21371 240013.8937
2019:05:06 15:08:33 181384 160001.9112
2019:05:06 15:08:33 425392 164020.1621
2019:05:06 15:08:33 617386 185920.5291
2019:05:06 15:08:33 817368 192983.5379
2019:05:06 15:08:34 33363 215982.7426
2019:05:06 15:08:34 177390 144015.0142
2019:05:06 15:08:34 337386 112015.7689
2019:05:06 15:08:34 561366 216070.8755
2019:05:06 15:08:34 741381 180002.9241
2019:05:06 15:08:34 933383 160020.5638
2019:05:06 15:08:35 74809 133555.0360
2019:05:06 15:08:35 237388 136018.8536
2019:05:06 15:08:35 421379 136015.5754
2019:05:06 15:08:35 581393 128027.0629
2019:05:06 15:08:35 793384 172006.5586
2019:05:06 15:08:35 955807 122427.8212
2019:05:06 15:08:36 117388 136023.5922
2019:05:06 15:08:36 301386 136023.2122
2019:05:06 15:08:36 501364 194119.3677
2019:05:06 15:08:36 689384 188004.0392
2019:05:06 15:08:36 849379 154695.6040
2019:05:06 15:08:37 43232 145859.7146
2019:05:06 15:08:37 269363 194167.2936
2019:05:06 15:08:37 529401 260025.2815
2019:05:06 15:08:37 713382 144014.1462
2019:05:06 15:08:37 925399 172026.5374
2019:05:06 15:08:38 109400 136018.3582
2019:05:06 15:08:38 277387 128012.1394
2019:05:06 15:08:38 461391 144012.2686
2019:05:06 15:08:38 637400 136021.7445
2019:05:06 15:08:38 813813 136437.2931
2019:05:06 15:08:38 997393 176911.6223
2019:05:06 15:08:39 159215 129849.6872
2019:05:06 15:08:39 329213 123834.7366
2019:05:06 15:08:39 549380 192006.0404
2019:05:06 15:08:39 741383 191990.2973
2019:05:06 15:08:39 929410 152033.4408
2019:05:06 15:08:40 125400 148017.6263
2019:05:06 15:08:40 373378 216013.8153
2019:05:06 15:08:40 685379 311986.0925
2019:05:06 15:08:40 933371 247972.8237
2019:05:06 15:08:41 80660 147272.1882
2019:05:06 15:08:41 269398 160020.2769
2019:05:06 15:08:41 438591 121218.0629
2019:05:06 15:08:41 617395 152022.7492
2019:05:06 15:08:41 793388 128011.9047
2019:05:06 15:08:42 1382 176023.8111
2019:05:06 15:08:42 205377 156003.8961
2019:05:06 15:08:42 381385 169091.1129
2019:05:06 15:08:42 545391 116009.1907
2019:05:06 15:08:42 717389 136030.3313
2019:05:06 15:08:42 909378 184713.1178
2019:05:06 15:08:43 77385 120014.8761
2019:05:06 15:08:43 277386 160028.9755
2019:05:06 15:08:43 437412 152448.9149
2019:05:06 15:08:43 637392 120018.4673
2019:05:06 15:08:43 805158 127796.8958
2019:05:06 15:08:43 997382 160017.4941
2019:05:06 15:08:44 173380 132012.3747
2019:05:06 15:08:44 335603 122238.9750
2019:05:06 15:08:44 533367 159992.0541
2019:05:06 15:08:44 737360 203984.3462
2019:05:06 15:08:44 897390 160019.8485
2019:05:06 15:08:45 57388 120019.5551
2019:05:06 15:08:45 221384 128025.9341
2019:05:06 15:08:45 381379 120011.7059
2019:05:06 15:08:45 545381 120009.8768
2019:05:06 15:08:45 705384 120010.8528
2019:05:06 15:08:45 865386 120017.4913
2019:05:06 15:08:46 25383 120020.8403
2019:05:06 15:08:46 221379 156012.4531
2019:05:06 15:08:46 381379 120018.1991
2019:05:06 15:08:46 541385 120025.6720
2019:05:06 15:08:46 705401 120025.1281
2019:05:06 15:08:46 945365 200006.7085
2019:05:06 15:08:47 141364 195990.0931
2019:05:06 15:08:47 341362 199988.6483
2019:05:06 15:08:47 501388 160016.5665
2019:05:06 15:08:47 661380 120007.1648
2019:05:06 15:08:47 826992 125626.4299
2019:05:06 15:08:47 984276 122905.9622
2019:05:06 15:08:48 145245 123877.7488
2019:05:06 15:08:48 307846 126475.2485
2019:05:06 15:08:48 505380 164013.7695
2019:05:06 15:08:48 669390 124027.5837
2019:05:06 15:08:48 834205 124841.4516
2019:05:06 15:08:49 29356 159987.8632
2019:05:06 15:08:49 195521 163472.5183
2019:05:06 15:08:49 393365 163998.6373
2019:05:06 15:08:49 573357 179982.3642
2019:05:06 15:08:49 837387 224026.6465
2019:05:06 15:08:50 29382 144008.0740
2019:05:06 15:08:50 189402 120028.6858
2019:05:06 15:08:50 421386 192023.9627
2019:05:06 15:08:50 573386 144972.4957
2019:05:06 15:08:50 749380 136009.1157
2019:05:06 15:08:50 909388 120017.8787
2019:05:06 15:08:51 109386 160019.1146
2019:05:06 15:08:51 269384 152476.0313
2019:05:06 15:08:51 485384 176027.9462
2019:05:06 15:08:51 725367 200005.3786
2019:05:06 15:08:51 885386 160003.9266
2019:05:06 15:08:52 45383 120014.7048
2019:05:06 15:08:52 245380 160016.4510
2019:05:06 15:08:52 445364 160004.4295
2019:05:06 15:08:52 601389 156015.1093
2019:05:06 15:08:52 801383 160011.5709
2019:05:06 15:08:52 966991 125628.1361
2019:05:06 15:08:53 155630 154273.5323
2019:05:06 15:08:53 349389 160029.1692
2019:05:06 15:08:53 524425 135057.9597
2019:05:06 15:08:53 721365 159998.9906
2019:05:06 15:08:53 888163 166784.9720
2019:05:06 15:08:54 41384 120016.7201
2019:05:06 15:08:54 229385 148018.4980
2019:05:06 15:08:54 389385 120010.8156
2019:05:06 15:08:54 549383 120017.8228
2019:05:06 15:08:54 753365 159994.0620
2019:05:06 15:08:54 913382 160007.5550
2019:05:06 15:08:55 73384 120007.7496
2019:05:06 15:08:55 277378 160011.2543
2019:05:06 15:08:55 477392 160032.7305
2019:05:06 15:08:55 651430 159731.4551
2019:05:06 15:08:55 857386 173992.9207
2019:05:06 15:08:56 57369 160003.8372
2019:05:06 15:08:56 206838 149460.1369
2019:05:06 15:08:56 441370 200002.2121
2019:05:06 15:08:56 617388 176005.4603
2019:05:06 15:08:56 789392 124023.1097
2019:05:06 15:08:56 941401 124027.8520
2019:05:06 15:08:57 114739 156692.9333
2019:05:06 15:08:57 349368 201268.8629
2019:05:06 15:08:57 501202 151824.4036
2019:05:06 15:08:57 680674 150726.1582
2019:05:06 15:08:57 835504 144580.0327
2019:05:06 15:08:58 5870 138462.7782
2019:05:06 15:08:58 181594 146258.1977
2019:05:06 15:08:58 324932 130254.6114
2019:05:06 15:08:58 484676 144986.3724
2019:05:06 15:08:58 659169 167963.8438
2019:05:06 15:08:58 809071 143800.7988
2019:05:06 15:08:58 971279 151988.2232
2019:05:06 15:08:59 130590 147035.8819
2019:05:06 15:08:59 266216 123334.8139
2019:05:06 15:08:59 418247 122958.1945
2019:05:06 15:08:59 586921 129371.7176
2019:05:06 15:08:59 728316 129481.5466
2019:05:06 15:08:59 902320 158547.7479
2019:05:06 15:09:00 51816 136022.2474
2019:05:06 15:09:00 195987 121628.1503
2019:05:06 15:09:00 341000 139695.6742
2019:05:06 15:09:00 504431 149875.3801
2019:05:06 15:09:00 697770 166662.4397
2019:05:06 15:09:00 854655 131924.9980
2019:05:06 15:09:00 994823 123396.3445
2019:05:06 15:09:01 143783 135965.8800
2019:05:06 15:09:01 293315 137529.7233
2019:05:06 15:09:01 447786 147118.3524
2019:05:06 15:09:01 596400 129432.7788
2019:05:06 15:09:01 756154 133129.6302
2019:05:06 15:09:01 909393 143452.8828
2019:05:06 15:09:02 56416 136819.5117
2019:05:06 15:09:02 275922 208021.8159
2019:05:06 15:09:02 422623 140964.1542
2019:05:06 15:09:02 589518 138660.6619
2019:05:06 15:09:02 741407 142621.8301
2019:05:06 15:09:02 910843 123665.3775
2019:05:06 15:09:03 48874 126108.3484
2019:05:06 15:09:03 210227 156015.9214
2019:05:06 15:09:03 344184 129861.4442
2019:05:06 15:09:03 478208 123783.5102
2019:05:06 15:09:03 698099 192137.9752
2019:05:06 15:09:03 856624 154035.1100
2019:05:06 15:09:04 8940 141147.0883
2019:05:06 15:09:04 145351 127803.8472
2019:05:06 15:09:04 294468 141775.4441
2019:05:06 15:09:04 446888 123283.8742
2019:05:06 15:09:04 631596 154032.6476
2019:05:06 15:09:04 787207 147016.9649
2019:05:06 15:09:04 948166 133830.7410
2019:05:06 15:09:05 92750 137239.3072
2019:05:06 15:09:05 251474 151360.1504
2019:05:06 15:09:05 453389 172021.2996
2019:05:06 15:09:05 597762 132401.9991
2019:05:06 15:09:05 797671 164304.0180
2019:05:06 15:09:05 959414 126049.0268
2019:05:06 15:09:06 113422 120058.8755
2019:05:06 15:09:06 273379 120009.8768
2019:05:06 15:09:06 433377 152436.5209
2019:05:06 15:09:06 633384 120012.9539
2019:05:06 15:09:06 833381 160023.1566
2019:05:06 15:09:07 113377 240007.5272
2019:05:06 15:09:07 274655 161268.2790
2019:05:06 15:09:07 473388 160018.4627
2019:05:06 15:09:07 633398 120027.8588
2019:05:06 15:09:07 797389 124020.4200
2019:05:06 15:09:07 957379 152772.7544
2019:05:06 15:09:08 113380 149836.0708
2019:05:06 15:09:08 273383 120013.2780
2019:05:06 15:09:08 473365 160006.5455
2019:05:06 15:09:08 673369 199993.2379
2019:05:06 15:09:08 833384 160005.2826
2019:05:06 15:09:08 993387 120013.8591
2019:05:06 15:09:09 193379 160014.1749
2019:05:06 15:09:09 399622 166257.1989
2019:05:06 15:09:09 553393 120030.1573
2019:05:06 15:09:09 749398 156039.2193
2019:05:06 15:09:09 909398 120021.3768
2019:05:06 15:09:10 69392 152126.7779
2019:05:06 15:09:10 305372 200010.7169
2019:05:06 15:09:10 465393 160005.7296
2019:05:06 15:09:10 665394 160015.6352
2019:05:06 15:09:10 825392 153250.6235
2019:05:06 15:09:11 25371 159998.2120
2019:05:06 15:09:11 225395 200011.0000
2019:05:06 15:09:11 661374 400009.1851
2019:05:06 15:09:11 825395 164006.2742
2019:05:06 15:09:12 49404 184023.7230
2019:05:06 15:09:12 241390 164015.4682
2019:05:06 15:09:12 393393 104015.0002
2019:05:06 15:09:12 557120 131750.4197
2019:05:06 15:09:12 712368 126990.3407
2019:05:06 15:09:12 951985 206606.9506
2019:05:06 15:09:13 107625 122254.4126
2019:05:06 15:09:13 272263 126888.8712
2019:05:06 15:09:13 465393 160027.6083
2019:05:06 15:09:13 625406 152450.6062
2019:05:06 15:09:13 787124 137763.9137
2019:05:06 15:09:13 969384 151993.8409
2019:05:06 15:09:14 177384 168016.3965
2019:05:06 15:09:14 393383 181871.4701
2019:05:06 15:09:14 553391 153123.3601
2019:05:06 15:09:14 998694 405324.0083
2019:05:06 15:09:15 153384 120019.8382
2019:05:06 15:09:15 353372 160013.8210
2019:05:06 15:09:15 553364 199979.5660
2019:05:06 15:09:15 713382 160007.7264
2019:05:06 15:09:15 913360 159995.3286
2019:05:06 15:09:16 73390 160019.2487
2019:05:06 15:09:16 265381 152010.0944
2019:05:06 15:09:16 509358 203999.1692
2019:05:06 15:09:16 695669 185548.5402
2019:05:06 15:09:16 891029 161664.5977
2019:05:06 15:09:17 81395 184198.6589
2019:05:06 15:09:17 281379 160010.4682
2019:05:06 15:09:17 448074 126703.2698
2019:05:06 15:09:17 641385 160024.8590
2019:05:06 15:09:17 811761 130402.0286
2019:05:06 15:09:17 965393 120026.9349
2019:05:06 15:09:18 137377 132013.9430
2019:05:06 15:09:18 297382 120012.0226
2019:05:06 15:09:18 460159 122791.7001
2019:05:06 15:09:18 617389 120009.3366
2019:05:06 15:09:18 771475 110111.3558
2019:05:06 15:09:19 5387 196024.5147
2019:05:06 15:09:19 177382 132018.8381
2019:05:06 15:09:19 337384 120017.5807
2019:05:06 15:09:19 497379 153336.8640
2019:05:06 15:09:19 661072 123705.6665
2019:05:06 15:09:19 821212 123844.5677
2019:05:06 15:09:19 980970 123610.3438
2019:05:06 15:09:20 137381 120014.6563
2019:05:06 15:09:20 337379 160010.2708
2019:05:06 15:09:20 497390 120022.0585
2019:05:06 15:09:20 653388 148151.7181
2019:05:06 15:09:20 813385 120017.7148
2019:05:06 15:09:21 9896 156539.9505
2019:05:06 15:09:21 201381 156014.7218
2019:05:06 15:09:21 401388 160031.9482
2019:05:06 15:09:21 681361 239985.9466
2019:05:06 15:09:21 841389 160016.8832
2019:05:06 15:09:22 2737 121374.9684
2019:05:06 15:09:22 161381 120010.3499
2019:05:06 15:09:22 321384 120004.1324
2019:05:06 15:09:22 521391 160027.3959
2019:05:06 15:09:22 681387 120020.9670
2019:05:06 15:09:22 881383 160020.0385
2019:05:06 15:09:23 44346 122984.3907
2019:05:06 15:09:23 201386 120020.6093
2019:05:06 15:09:23 363408 122039.8843
2019:05:06 15:09:23 561385 160017.4122
2019:05:06 15:09:23 841381 200019.6166
2019:05:06 15:09:24 41383 160017.2669
2019:05:06 15:09:24 201838 120472.7888
2019:05:06 15:09:24 368959 127593.3832
2019:05:06 15:09:24 561400 160038.8288
2019:05:06 15:09:24 721412 120038.6994
2019:05:06 15:09:24 881396 120010.6479
2019:05:06 15:09:25 73365 151994.2693
2019:05:06 15:09:25 233392 160016.2834
2019:05:06 15:09:25 449383 176017.9289
2019:05:06 15:09:25 633781 136415.0569
2019:05:06 15:09:25 821390 148021.3776
2019:05:06 15:09:26 49370 180004.7942
2019:05:06 15:09:26 209389 160009.6859
2019:05:06 15:09:26 385382 136009.3579
2019:05:06 15:09:26 569389 136015.3295
2019:05:06 15:09:26 733161 123798.2027
2019:05:06 15:09:26 901381 136015.3072
2019:05:06 15:09:27 81388 132022.6155
2019:05:06 15:09:27 241388 120023.6008
2019:05:06 15:09:27 409383 160145.5323
2019:05:06 15:09:27 601382 144016.8917
2019:05:06 15:09:27 801397 160026.5391
2019:05:06 15:09:28 9381 168016.9702
2019:05:06 15:09:28 175299 125927.2397
2019:05:06 15:09:28 329380 120014.4887
2019:05:06 15:09:28 529386 160019.0140
2019:05:06 15:09:28 757364 188004.9333
2019:05:06 15:09:28 957381 200008.4072
2019:05:06 15:09:29 201383 204007.9385
2019:05:06 15:09:29 401367 160001.9410
2019:05:06 15:09:29 561402 160021.3870
2019:05:06 15:09:29 801400 160031.6614
2019:05:06 15:09:30 7811 166444.4469
2019:05:06 15:09:30 168370 127012.7892
2019:05:06 15:09:30 321384 120011.2961
2019:05:06 15:09:30 561364 200009.1262
2019:05:06 15:09:30 721384 160010.5390
2019:05:06 15:09:30 881387 120020.1884
2019:05:06 15:09:31 81375 160007.3799
2019:05:06 15:09:31 281387 160019.1593
2019:05:06 15:09:31 446298 124929.7224
2019:05:06 15:09:31 641381 160007.0372
2019:05:06 15:09:31 846059 164698.2692
2019:05:06 15:09:32 121371 239999.5551
2019:05:06 15:09:32 281385 160003.1927
2019:05:06 15:09:32 441380 120015.8373
2019:05:06 15:09:32 601385 120018.4077
2019:05:06 15:09:32 841374 200005.9001
2019:05:06 15:09:33 1386 159999.8809
2019:05:06 15:09:33 201386 160021.3982
2019:05:06 15:09:33 361385 120018.3369
2019:05:06 15:09:33 521388 120007.2654
2019:05:06 15:09:33 761364 199999.0866
2019:05:06 15:09:33 961374 200001.4186
2019:05:06 15:09:34 161382 160025.3284
2019:05:06 15:09:34 326501 125135.4106
2019:05:06 15:09:34 521395 160038.1248
2019:05:06 15:09:34 685383 124023.1022
2019:05:06 15:09:34 849130 123755.8573
2019:05:06 15:09:35 10908 125540.5731
2019:05:06 15:09:35 209362 164002.6979
2019:05:06 15:09:35 369382 160009.5592
2019:05:06 15:09:35 609385 160011.9472
2019:05:06 15:09:35 769363 152271.9674
2019:05:06 15:09:35 969363 199983.8054
2019:05:06 15:09:36 129382 160009.6896
2019:05:06 15:09:36 329365 159999.9145
2019:05:06 15:09:36 489391 160015.0540
2019:05:06 15:09:36 847568 318198.5952
2019:05:06 15:09:37 5364 152076.8590
2019:05:06 15:09:37 153121 147748.2095
2019:05:06 15:09:37 305382 120010.3760
2019:05:06 15:09:37 505394 160020.9661
2019:05:06 15:09:37 667948 122583.1807
2019:05:06 15:09:37 841391 136030.6926
2019:05:06 15:09:38 33379 144004.1028
2019:05:06 15:09:38 233390 160024.7249
2019:05:06 15:09:38 433387 160020.5936
2019:05:06 15:09:38 641380 168012.7010
2019:05:06 15:09:38 801375 128016.9003
2019:05:06 15:09:38 993381 158943.7798
2019:05:06 15:09:39 169385 144018.9108
2019:05:06 15:09:39 361377 152004.9796
2019:05:06 15:09:39 561362 159995.9694
2019:05:06 15:09:39 721381 160007.9015
2019:05:06 15:09:39 882996 121629.3573
2019:05:06 15:09:40 81386 160026.2299
2019:05:06 15:09:40 281387 160022.9070
2019:05:06 15:09:40 721397 160034.0083
2019:05:06 15:09:40 924559 163188.5357
2019:05:06 15:09:41 113379 144010.6630
2019:05:06 15:09:41 281384 128018.4723
2019:05:06 15:09:41 465393 144022.4312
2019:05:06 15:09:41 649401 144032.5677
2019:05:06 15:09:41 817399 128035.5304
2019:05:06 15:09:42 33372 183992.8627
2019:05:06 15:09:42 210810 177425.8763
2019:05:06 15:09:42 385398 136020.5114
2019:05:06 15:09:42 540941 107569.5418
2019:05:06 15:09:42 721389 152014.2332
2019:05:06 15:09:42 921371 159995.7868
2019:05:06 15:09:43 85410 164026.0257
2019:05:06 15:09:43 321391 200016.1484
2019:05:06 15:09:43 561396 200018.4357
2019:05:06 15:09:43 761399 160030.0893
2019:05:06 15:09:43 969182 167804.5802
2019:05:06 15:09:44 161395 160034.4554
2019:05:06 15:09:44 323831 122461.9597
2019:05:06 15:09:44 486884 125510.2269
2019:05:06 15:09:44 641398 120019.9090
2019:05:06 15:09:44 841384 160006.9478
2019:05:06 15:09:45 41387 160007.4768
2019:05:06 15:09:45 201615 120238.1477
2019:05:06 15:09:45 401372 159993.0786
2019:05:06 15:09:45 561399 160012.3048
2019:05:06 15:09:45 719422 118049.1447
2019:05:06 15:09:45 913395 160030.1936
2019:05:06 15:09:46 113364 159992.2739
2019:05:06 15:09:46 273509 160135.4629
2019:05:06 15:09:46 473364 159996.5282
2019:05:06 15:09:46 633385 160007.8754
2019:05:06 15:09:46 833376 160015.1360
2019:05:06 15:09:47 33375 160010.5129
2019:05:06 15:09:47 197548 124181.4569
2019:05:06 15:09:47 393386 160022.8958
2019:05:06 15:09:47 593391 160021.9756
2019:05:06 15:09:47 781394 140030.8162
2019:05:06 15:09:48 49365 188006.5836
2019:05:06 15:09:48 225382 176007.6992
2019:05:06 15:09:48 381389 116022.9668
2019:05:06 15:09:48 561387 150096.2973
2019:05:06 15:09:48 721996 104619.0560
2019:05:06 15:09:48 882571 135585.9339
2019:05:06 15:09:49 21382 108019.3110
2019:05:06 15:09:49 185240 127874.9332
2019:05:06 15:09:49 361382 144026.1677
2019:05:06 15:09:49 521377 128009.8334
2019:05:06 15:09:49 689381 136025.1792
2019:05:06 15:09:49 865382 142007.6303
2019:05:06 15:09:50 37389 132019.4378
2019:05:06 15:09:50 241381 168013.1182
2019:05:06 15:09:50 389486 140534.0768
2019:05:06 15:09:50 625368 200011.5439
2019:05:06 15:09:50 785384 160002.8239
2019:05:06 15:09:50 945389 120024.0031
2019:05:06 15:09:51 97399 112030.8712
2019:05:06 15:09:51 261383 155140.5601
2019:05:06 15:09:51 411491 118134.2155
2019:05:06 15:09:51 572775 150316.1490
2019:05:06 15:09:51 773868 170393.8246
2019:05:06 15:09:51 953374 143994.5847
2019:05:06 15:09:52 129375 144006.4199
2019:05:06 15:09:52 289382 120015.1481
2019:05:06 15:09:52 417379 96013.4566
2019:05:06 15:09:52 593371 144007.4183
2019:05:06 15:09:52 793380 160012.3532
2019:05:06 15:09:52 993381 160021.3125
2019:05:06 15:09:53 233366 199996.2144
2019:05:06 15:09:53 419619 186243.1169
2019:05:06 15:09:53 617388 160030.5513
2019:05:06 15:09:53 766535 109163.1316
2019:05:06 15:09:53 929382 128017.0903
2019:05:06 15:09:54 93438 124073.4532
2019:05:06 15:09:54 289382 160014.1935
2019:05:06 15:09:54 449384 120021.8536
2019:05:06 15:09:54 609396 120021.8312
2019:05:06 15:09:54 809378 160009.9765
2019:05:06 15:09:54 976483 127115.1118
2019:05:06 15:09:55 169366 159999.8958
2019:05:06 15:09:55 329382 159999.8884
2019:05:06 15:09:55 489390 120020.9521
2019:05:06 15:09:55 656427 127060.4320
2019:05:06 15:09:55 893364 204007.7224
2019:05:06 15:09:56 53392 160019.2077
2019:05:06 15:09:56 220829 127461.2173
2019:05:06 15:09:56 481382 212011.7396
2019:05:06 15:09:56 665386 144014.8354
2019:05:06 15:09:56 849380 136005.6102
2019:05:06 15:09:57 9390 120020.8366
2019:05:06 15:09:57 209363 159994.6097
2019:05:06 15:09:57 449388 240016.7547
2019:05:06 15:09:57 609388 120019.9425
2019:05:06 15:09:57 757490 108116.3213
2019:05:06 15:09:57 955430 137132.3839
2019:05:06 15:09:58 98380 123279.4262
2019:05:06 15:09:58 248713 140512.2988
2019:05:06 15:09:58 403124 136002.1718
2019:05:06 15:09:58 562427 151137.8735
2019:05:06 15:09:58 721778 142909.8286
2019:05:06 15:09:58 879870 151165.4630
2019:05:06 15:09:59 55665 156920.0605
2019:05:06 15:09:59 189962 125802.1407
2019:05:06 15:09:59 357622 156248.1336
2019:05:06 15:09:59 492695 115164.0676
2019:05:06 15:09:59 643786 119948.2493
2019:05:06 15:09:59 859619 187994.5099
2019:05:06 15:10:00 19365 153921.9767
2019:05:06 15:10:00 166844 136002.0228
2019:05:06 15:10:00 318393 130282.6963
2019:05:06 15:10:00 486790 134430.0248
2019:05:06 15:10:00 690264 177331.8797
2019:05:06 15:10:00 854612 151194.8444
2019:05:06 15:10:01 18877 139756.0500
2019:05:06 15:10:01 219895 179821.4316
2019:05:06 15:10:01 371497 145814.0574
2019:05:06 15:10:01 552738 133245.7438
2019:05:06 15:10:01 698258 134567.8084
2019:05:06 15:10:01 890161 180436.1530
2019:05:06 15:10:02 45389 131500.1883
2019:05:06 15:10:02 209388 127217.2555
2019:05:06 15:10:02 370186 117876.8575
2019:05:06 15:10:02 514968 133030.6306
2019:05:06 15:10:02 679617 157677.1811
2019:05:06 15:10:02 861388 159230.9996
2019:05:06 15:10:03 42284 146790.2213
2019:05:06 15:10:03 200202 126829.8849
2019:05:06 15:10:03 339506 128636.9711
2019:05:06 15:10:03 497626 134135.8013
2019:05:06 15:10:03 651153 143367.4730
2019:05:06 15:10:03 816636 148285.9850
2019:05:06 15:10:03 988289 140540.0448
2019:05:06 15:10:04 227453 212160.1775
2019:05:06 15:10:04 387262 157764.3491
2019:05:06 15:10:04 566353 172952.8867
2019:05:06 15:10:04 723902 134544.2012
2019:05:06 15:10:04 905379 160012.7295
2019:05:06 15:10:05 82360 144993.4542
2019:05:06 15:10:05 281378 194495.4172
2019:05:06 15:10:05 425392 96023.6453
2019:05:06 15:10:05 673371 192010.4586
2019:05:06 15:10:05 805385 131999.6789
2019:05:06 15:10:05 963719 110353.3395
2019:05:06 15:10:06 129384 124013.1408
2019:05:06 15:10:06 329377 156014.4797
2019:05:06 15:10:06 485392 116033.2933
2019:05:06 15:10:06 685382 184314.4819
2019:05:06 15:10:06 841392 116021.9572
2019:05:06 15:10:07 61367 179994.6837
2019:05:06 15:10:07 289357 227977.8384
2019:05:06 15:10:07 449383 155764.2072
2019:05:06 15:10:07 616776 127411.3394
2019:05:06 15:10:07 813389 160018.1125
2019:05:06 15:10:08 53381 200012.1698
2019:05:06 15:10:08 201303 111936.6474
2019:05:06 15:10:08 397363 159999.5121
2019:05:06 15:10:08 536341 138971.1127
2019:05:06 15:10:08 733365 164001.9715
2019:05:06 15:10:08 933367 199987.9591
2019:05:06 15:10:09 129382 196003.3886
2019:05:06 15:10:09 298577 129217.5762
2019:05:06 15:10:09 493370 160003.5615
2019:05:06 15:10:09 669387 176005.9670
2019:05:06 15:10:09 845386 128017.1834
2019:05:06 15:10:10 53387 176022.6674
2019:05:06 15:10:10 501380 418849.0957
2019:05:06 15:10:10 677390 128018.9417
2019:05:06 15:10:10 861384 136017.8925
2019:05:06 15:10:11 37381 128013.1042
2019:05:06 15:10:11 221384 140002.1352
2019:05:06 15:10:11 397386 128021.4712
2019:05:06 15:10:11 613388 184032.8015
2019:05:06 15:10:11 784348 122976.8321
2019:05:06 15:10:11 992293 134927.6118
2019:05:06 15:10:12 144021 135672.8226
2019:05:06 15:10:12 294695 135827.5339
2019:05:06 15:10:12 481385 145719.0961
2019:05:06 15:10:12 649390 120026.3351
2019:05:06 15:10:12 857380 165991.9657
2019:05:06 15:10:13 108932 195572.5849
2019:05:06 15:10:13 361378 192017.8495
2019:05:06 15:10:13 537382 142538.5140
2019:05:06 15:10:13 705386 120008.9455
2019:05:06 15:10:13 869988 124630.6151
2019:05:06 15:10:14 17452 100069.1578
2019:05:06 15:10:14 233400 180023.4690
2019:05:06 15:10:14 417397 144020.7660
2019:05:06 15:10:14 577395 112022.9214
2019:05:06 15:10:14 765398 140021.2795
2019:05:06 15:10:14 925392 120016.3737
2019:05:06 15:10:15 53299 121284.0229
2019:05:06 15:10:15 253388 164011.9404
2019:05:06 15:10:15 433807 148433.2159
2019:05:06 15:10:15 585751 116374.4554
2019:05:06 15:10:15 757399 142910.8083
2019:05:06 15:10:15 915527 118150.3013
2019:05:06 15:10:16 69395 112015.3815
2019:05:06 15:10:16 223524 116125.9748
2019:05:06 15:10:16 421368 160004.1986
2019:05:06 15:10:16 578311 156930.7521
2019:05:06 15:10:16 741406 128030.3486
2019:05:06 15:10:16 917411 144035.4027
2019:05:06 15:10:17 77397 120027.1882
2019:05:06 15:10:17 239798 135571.4276
2019:05:06 15:10:17 437396 168025.2068
2019:05:06 15:10:17 853408 376031.5478
2019:05:06 15:10:18 18421 125053.2232
2019:05:06 15:10:18 175281 117914.5761
2019:05:06 15:10:18 329385 128029.2347
2019:05:06 15:10:18 489379 120007.9061
2019:05:06 15:10:18 709381 192026.7791
2019:05:06 15:10:18 881073 139711.0783
2019:05:06 15:10:19 53383 148021.4857
2019:05:06 15:10:19 229388 132012.0990
2019:05:06 15:10:19 409383 156022.7275
2019:05:06 15:10:19 577381 128016.0621
2019:05:06 15:10:19 721934 124578.4536
2019:05:06 15:10:19 885381 128014.5198
2019:05:06 15:10:20 49386 125909.0863
2019:05:06 15:10:20 197382 116009.1497
2019:05:06 15:10:20 361380 128010.1649
2019:05:06 15:10:20 515724 114355.7392
2019:05:06 15:10:20 669384 120018.8212
2019:05:06 15:10:20 825774 116409.7674
2019:05:06 15:10:20 989386 132020.1829
2019:05:06 15:10:21 153383 132018.4767
2019:05:06 15:10:21 345380 160023.0820
2019:05:06 15:10:21 514670 137313.5336
2019:05:06 15:10:21 717384 176018.6404
2019:05:06 15:10:21 866586 109212.3091
2019:05:06 15:10:22 77391 184035.0479
2019:05:06 15:10:22 253386 140008.0658
2019:05:06 15:10:22 453393 160026.5652
2019:05:06 15:10:22 637384 144016.5825
2019:05:06 15:10:22 825363 147996.0345
2019:05:06 15:10:22 989385 164011.7727
2019:05:06 15:10:23 153382 124014.8731
2019:05:06 15:10:23 313383 153245.5981
2019:05:06 15:10:23 509388 156023.3906
2019:05:06 15:10:23 741403 192046.8360
2019:05:06 15:10:23 981358 199986.4504
2019:05:06 15:10:24 165394 184024.3153
2019:05:06 15:10:24 365387 160021.2380
2019:05:06 15:10:24 521378 148531.9063
2019:05:06 15:10:24 725389 120013.4531
2019:05:06 15:10:24 893053 127661.1648
2019:05:06 15:10:25 121384 192027.2522
2019:05:06 15:10:25 297358 127990.9946
2019:05:06 15:10:25 452197 118830.5840
2019:05:06 15:10:25 630791 145432.0289
2019:05:06 15:10:25 813387 152031.2801
2019:05:06 15:10:25 997382 152026.2435
2019:05:06 15:10:26 173380 132012.9894
2019:05:06 15:10:26 413364 207998.9389
2019:05:06 15:10:26 573386 160009.8051
2019:05:06 15:10:26 757381 144012.0526
2019:05:06 15:10:26 957386 160024.1885
2019:05:06 15:10:27 145386 148018.7178
2019:05:06 15:10:27 405358 219994.7909
2019:05:06 15:10:27 581454 176085.0400
2019:05:06 15:10:27 765401 128031.7791
2019:05:06 15:10:28 3409 182047.9743
2019:05:06 15:10:28 173386 132027.0747
2019:05:06 15:10:28 409393 196035.4894
2019:05:06 15:10:28 573383 156518.9399
2019:05:06 15:10:28 749387 144015.5134
2019:05:06 15:10:28 928839 127469.6477
2019:05:06 15:10:29 97381 140024.0958
2019:05:06 15:10:29 281389 136021.0292
2019:05:06 15:10:29 493382 172014.6537
2019:05:06 15:10:29 669363 170384.3437
2019:05:06 15:10:29 833396 164021.8534
2019:05:06 15:10:30 1391 148020.4314
2019:05:06 15:10:30 153386 138734.6461
2019:05:06 15:10:30 313380 153760.2991
2019:05:06 15:10:30 477380 157185.7333
2019:05:06 15:10:30 685377 176020.8867
2019:05:06 15:10:30 857384 124012.1424
2019:05:06 15:10:31 45394 156039.3088
2019:05:06 15:10:31 264717 167358.2606
2019:05:06 15:10:31 445384 152021.4342
2019:05:06 15:10:31 629396 136027.0791
2019:05:06 15:10:31 837389 168033.0411
2019:05:06 15:10:32 45389 160017.4680
2019:05:06 15:10:32 229390 136023.0036
2019:05:06 15:10:32 397378 120011.0205
2019:05:06 15:10:32 629360 183995.2804
2019:05:06 15:10:32 805403 176032.5804
2019:05:06 15:10:32 989370 178016.2081
2019:05:06 15:10:33 125519 136131.3425
2019:05:06 15:10:33 316378 145384.7624
2019:05:06 15:10:33 493389 144022.7441
2019:05:06 15:10:33 645381 112004.4775
2019:05:06 15:10:33 821384 136019.3752
2019:05:06 15:10:34 9412 140048.8056
2019:05:06 15:10:34 223398 174041.0663
2019:05:06 15:10:34 397389 136017.4119
2019:05:06 15:10:34 613392 168016.7802
2019:05:06 15:10:34 781887 128515.8992
2019:05:06 15:10:34 997360 165924.1915
2019:05:06 15:10:35 137385 140014.5516
2019:05:06 15:10:35 333362 155993.2977
2019:05:06 15:10:35 533363 199990.1384
2019:05:06 15:10:35 733366 199992.7051
2019:05:06 15:10:35 969383 236007.4632
2019:05:06 15:10:36 157390 152022.2351
2019:05:06 15:10:36 321936 120563.9727
2019:05:06 15:10:36 481388 120019.4471
2019:05:06 15:10:36 661381 142004.5048
2019:05:06 15:10:36 857386 156022.3512
2019:05:06 15:10:37 21386 124024.5327
2019:05:06 15:10:37 225383 164008.1927
2019:05:06 15:10:37 429377 164008.6472
2019:05:06 15:10:37 629381 160011.1276
2019:05:06 15:10:37 789381 120008.2265
2019:05:06 15:10:37 985387 156027.1308
2019:05:06 15:10:38 249359 227992.8178
2019:05:06 15:10:38 409381 160014.6554
2019:05:06 15:10:38 569387 120016.9548
2019:05:06 15:10:38 733382 120006.7587
2019:05:06 15:10:38 936384 163005.7730
2019:05:06 15:10:39 153389 185841.7913
2019:05:06 15:10:39 305380 142491.3891
2019:05:06 15:10:39 453379 141394.6114
2019:05:06 15:10:39 628604 143237.0655
2019:05:06 15:10:39 829381 176012.7768
2019:05:06 15:10:40 49382 172007.2329
2019:05:06 15:10:40 237385 148015.3427
2019:05:06 15:10:40 414182 136820.3349
2019:05:06 15:10:40 637360 191983.4763
2019:05:06 15:10:40 783214 145841.7550
2019:05:06 15:10:40 937383 124015.9720
2019:05:06 15:10:41 213367 228001.7100
2019:05:06 15:10:41 349395 136015.9516
2019:05:06 15:10:41 525385 128011.8562
2019:05:06 15:10:41 706412 133041.7283
2019:05:06 15:10:41 893383 144018.3520
2019:05:06 15:10:42 81392 140021.5551
2019:05:06 15:10:42 285381 156011.9651
2019:05:06 15:10:42 465390 132015.3400
2019:05:06 15:10:42 645381 132009.1747
2019:05:06 15:10:42 821386 128022.5068
2019:05:06 15:10:43 45382 176002.2826
2019:05:06 15:10:43 233381 140007.6486
2019:05:06 15:10:43 477387 192028.8280
2019:05:06 15:10:43 661384 136014.4131
2019:05:06 15:10:43 885389 176022.0677
2019:05:06 15:10:44 105360 187989.8198
2019:05:06 15:10:44 265386 160015.3409
2019:05:06 15:10:44 449382 136010.9299
2019:05:06 15:10:44 633377 176231.8201
2019:05:06 15:10:44 865403 184032.4253
2019:05:06 15:10:45 69363 163997.7917
2019:05:06 15:10:45 257394 188022.0585
2019:05:06 15:10:45 440607 143237.3188
2019:05:06 15:10:45 613380 136011.6489
2019:05:06 15:10:45 797384 136016.7377
2019:05:06 15:10:45 993394 156026.4528
2019:05:06 15:10:46 181403 160002.7122
2019:05:06 15:10:46 359365 137991.6742
2019:05:06 15:10:46 553390 160019.6399
2019:05:06 15:10:46 741399 152019.1617
2019:05:06 15:10:46 933395 152021.7992
2019:05:06 15:10:47 88880 115497.3134
2019:05:06 15:10:47 241398 120023.7088
2019:05:06 15:10:47 409394 120021.8201
2019:05:06 15:10:47 613431 164067.9501
2019:05:06 15:10:47 786448 133069.4407
2019:05:06 15:10:47 965371 147994.1308
2019:05:06 15:10:48 115733 150349.7586
2019:05:06 15:10:48 325375 176014.7475
2019:05:06 15:10:48 497393 172004.5768
2019:05:06 15:10:48 658558 127156.0714
2019:05:06 15:10:48 837399 144035.4437
2019:05:06 15:10:49 77369 207995.9251
2019:05:06 15:10:49 233371 155987.2963
2019:05:06 15:10:49 429387 196002.8857
2019:05:06 15:10:49 597416 128028.7951
2019:05:06 15:10:49 781388 152011.5584
2019:05:06 15:10:49 989385 168001.1153
2019:05:06 15:10:50 146116 120737.7948
2019:05:06 15:10:50 373366 192006.2602
2019:05:06 15:10:50 542985 169609.5802
2019:05:06 15:10:50 799824 218430.0832
2019:05:06 15:10:50 957384 120010.8454
2019:05:06 15:10:51 137383 140013.2887
2019:05:06 15:10:51 373378 196008.2240
2019:05:06 15:10:51 573380 160009.6077
2019:05:06 15:10:51 777882 164501.9241
2019:05:06 15:10:51 977382 164024.1891
2019:05:06 15:10:52 173379 156020.3694
2019:05:06 15:10:52 337384 120016.0831
2019:05:06 15:10:52 535400 158025.0897
2019:05:06 15:10:52 685382 120014.9544
2019:05:06 15:10:52 841395 116029.4600
2019:05:06 15:10:53 21382 140014.7341
2019:05:06 15:10:53 185384 124016.6686
2019:05:06 15:10:53 345393 120027.0094
2019:05:06 15:10:53 549362 163995.3144
2019:05:06 15:10:53 773364 223992.2918
2019:05:06 15:10:53 933382 160008.6875
2019:05:06 15:10:54 99856 130494.7585
2019:05:06 15:10:54 325389 156021.5652
2019:05:06 15:10:54 509388 152011.8266
2019:05:06 15:10:54 709385 164024.8224
2019:05:06 15:10:54 870671 121304.9106
2019:05:06 15:10:55 29384 124024.3539
2019:05:06 15:10:55 193384 124013.9790
2019:05:06 15:10:55 369383 136009.5330
2019:05:06 15:10:55 569383 166405.3537
2019:05:06 15:10:55 733385 120014.7197
2019:05:06 15:10:55 933380 160010.2670
2019:05:06 15:10:56 99084 125724.2113
2019:05:06 15:10:56 254733 117376.0891
2019:05:06 15:10:56 418157 124791.1081
2019:05:06 15:10:56 613385 160013.1579
2019:05:06 15:10:56 813386 160026.7887
2019:05:06 15:10:57 13385 160017.9970
2019:05:06 15:10:57 165382 120014.9395
2019:05:06 15:10:57 333386 136022.6087
2019:05:06 15:10:57 521382 148015.9350
2019:05:06 15:10:57 725362 163991.9505
2019:05:06 15:10:57 891105 165733.5460
2019:05:06 15:10:58 77381 152204.5843
2019:05:06 15:10:58 218746 121382.6649
2019:05:06 15:10:58 413381 160014.5213
2019:05:06 15:10:58 613389 160033.2856
2019:05:06 15:10:58 813374 160013.2175
2019:05:06 15:10:59 29390 216007.2364
2019:05:06 15:10:59 225381 148013.3794
2019:05:06 15:10:59 409365 152000.7104
2019:05:06 15:10:59 557393 148017.7529
2019:05:06 15:10:59 741384 136015.7467
2019:05:06 15:10:59 921379 132019.3373
2019:05:06 15:11:00 97382 136014.0741
2019:05:06 15:11:00 265381 124015.1897
2019:05:06 15:11:00 449391 136012.5467
2019:05:06 15:11:00 633388 136022.3666
2019:05:06 15:11:00 793390 152342.9193
2019:05:06 15:11:00 961401 120027.2292
2019:05:06 15:11:01 149382 156015.2620
2019:05:06 15:11:01 329382 172268.3944
2019:05:06 15:11:01 557380 180012.6098
2019:05:06 15:11:01 721387 116015.0655
2019:05:06 15:11:01 889402 136024.7545
2019:05:06 15:11:02 115993 178627.1073
2019:05:06 15:11:02 293391 152024.0307
2019:05:06 15:11:02 471134 129761.6512
2019:05:06 15:11:02 644390 143032.2155
2019:05:06 15:11:02 813382 136018.6040
2019:05:06 15:11:03 237385 384020.4179
2019:05:06 15:11:03 509368 240010.0119
2019:05:06 15:11:03 677398 168021.6156
2019:05:06 15:11:03 865380 180272.4525
2019:05:06 15:11:04 93364 212010.1862
2019:05:06 15:11:04 267122 173746.7237
2019:05:06 15:11:04 437387 124015.9497
2019:05:06 15:11:04 649392 170015.1078
2019:05:06 15:11:04 945382 248013.7534
2019:05:06 15:11:05 161362 167996.4773
2019:05:06 15:11:05 315261 153889.0563
2019:05:06 15:11:05 535232 185870.7927
2019:05:06 15:11:05 701380 160851.5009
2019:05:06 15:11:05 849370 100001.8418
2019:05:06 15:11:06 21389 136014.1262
2019:05:06 15:11:06 201506 124137.9939
2019:05:06 15:11:06 389383 176997.3859
2019:05:06 15:11:06 613383 196025.7478
2019:05:06 15:11:06 763554 118186.6489
2019:05:06 15:11:06 892169 94798.1030
2019:05:06 15:11:07 116608 199253.0189
2019:05:06 15:11:07 253377 134249.9852
2019:05:06 15:11:07 397385 133311.0072
2019:05:06 15:11:07 560606 151964.2062
2019:05:06 15:11:07 719931 142576.5008
2019:05:06 15:11:07 865338 127969.7716
2019:05:06 15:11:08 37383 152022.8684
2019:05:06 15:11:08 201387 124025.0580
2019:05:06 15:11:08 417395 180038.1616
2019:05:06 15:11:08 809501 352132.7302
2019:05:06 15:11:08 960192 146236.6953
2019:05:06 15:11:09 143680 154323.6338
2019:05:06 15:11:09 301391 120018.1544
2019:05:06 15:11:09 541378 160012.4426
2019:05:06 15:11:09 701386 120011.5718
2019:05:06 15:11:09 865392 124027.4161
2019:05:06 15:11:10 26330 120967.8724
2019:05:06 15:11:10 229384 164017.6959
2019:05:06 15:11:10 394133 124766.3237
2019:05:06 15:11:10 589398 160031.4304
2019:05:06 15:11:10 789380 160016.4138
2019:05:06 15:11:10 989392 160024.7324
2019:05:06 15:11:11 144881 149079.4718
2019:05:06 15:11:11 360340 166973.0842
2019:05:06 15:11:11 513383 120020.1064
2019:05:06 15:11:11 673382 128020.8752
2019:05:06 15:11:11 821392 108025.7110
2019:05:06 15:11:12 21378 174028.2811
2019:05:06 15:11:12 201385 148029.3907
2019:05:06 15:11:12 361386 128012.9179
2019:05:06 15:11:12 521388 128033.0308
2019:05:06 15:11:12 705387 152030.5797
2019:05:06 15:11:12 873380 128023.9224
2019:05:06 15:11:13 1385 121097.3412
2019:05:06 15:11:13 189382 156015.6681
2019:05:06 15:11:13 357413 161736.1121
2019:05:06 15:11:13 541356 137865.4689
2019:05:06 15:11:13 733364 160007.5699
2019:05:06 15:11:13 897394 164019.1562
2019:05:06 15:11:14 83663 150303.1775
2019:05:06 15:11:14 269378 160007.5625
2019:05:06 15:11:14 429386 128030.5199
2019:05:06 15:11:14 853389 392025.4223
2019:05:06 15:11:15 16248 122884.1022
2019:05:06 15:11:15 213381 160013.8023
2019:05:06 15:11:15 373392 120027.1174
2019:05:06 15:11:15 533384 154236.4657
2019:05:06 15:11:15 767383 194017.6487
2019:05:06 15:11:15 949391 181999.0203
2019:05:06 15:11:16 153389 164021.4510
2019:05:06 15:11:16 353383 160005.5471
2019:05:06 15:11:16 553380 160022.5829
2019:05:06 15:11:16 713388 120019.5514
2019:05:06 15:11:16 877816 124446.3474
2019:05:06 15:11:17 151009 237641.2936
2019:05:06 15:11:17 315255 158923.8644
2019:05:06 15:11:17 550778 201413.2924
2019:05:06 15:11:17 709385 153315.3132
2019:05:06 15:11:17 873392 124025.6131
2019:05:06 15:11:18 97403 184025.2057
2019:05:06 15:11:18 354783 231388.2224
2019:05:06 15:11:18 553369 160004.9511
2019:05:06 15:11:18 729389 176007.3043
2019:05:06 15:11:18 889398 120025.2026
2019:05:06 15:11:19 49398 152696.6728
2019:05:06 15:11:19 237397 156011.1009
2019:05:06 15:11:19 421397 144023.4110
2019:05:06 15:11:19 589410 136048.8012
2019:05:06 15:11:19 749523 120148.8674
2019:05:06 15:11:19 925412 140038.7213
2019:05:06 15:11:20 109410 145647.7717
2019:05:06 15:11:20 277404 128038.4064
2019:05:06 15:11:20 437394 152984.8650
2019:05:06 15:11:20 589404 146055.1880
2019:05:06 15:11:20 749393 120013.2556
2019:05:06 15:11:20 909405 120032.8358
2019:05:06 15:11:21 89412 140042.2528
2019:05:06 15:11:21 289399 164036.1100
2019:05:06 15:11:21 485388 168014.4444
2019:05:06 15:11:21 677390 152016.0437
2019:05:06 15:11:21 837398 120018.8808
2019:05:06 15:11:22 57396 180019.8257
2019:05:06 15:11:22 217394 144033.7598
2019:05:06 15:11:22 389377 132013.9952
2019:05:06 15:11:22 581379 160016.0487
2019:05:06 15:11:22 773388 152009.4983
2019:05:06 15:11:22 941398 136033.3599
2019:05:06 15:11:23 105394 124028.6864
2019:05:06 15:11:23 265387 120014.1348
2019:05:06 15:11:23 421384 120020.1437
2019:05:06 15:11:23 581394 120028.1493
2019:05:06 15:11:23 789381 120021.4773
2019:05:06 15:11:23 949392 120028.7528
2019:05:06 15:11:24 133390 148016.0728
2019:05:06 15:11:24 301382 136011.4925
2019:05:06 15:11:24 499403 162037.9947
2019:05:06 15:11:24 695633 158264.7264
2019:05:06 15:11:24 865400 140037.6149
2019:05:06 15:11:25 49362 135990.0795
2019:05:06 15:11:25 249365 199990.9431
2019:05:06 15:11:25 396433 147058.6061
2019:05:06 15:11:25 553389 134410.9438
2019:05:06 15:11:25 709381 128020.0928
2019:05:06 15:11:25 881383 132017.3964
2019:05:06 15:11:26 69365 164009.8095
2019:05:06 15:11:26 204548 133541.5691
2019:05:06 15:11:26 349383 112015.2697
2019:05:06 15:11:26 509393 152497.3512
2019:05:06 15:11:26 733386 192030.4149
2019:05:06 15:11:26 935275 161918.5619
2019:05:06 15:11:27 89392 124023.9926
2019:05:06 15:11:27 249381 120010.2530
2019:05:06 15:11:27 453401 164046.0044
2019:05:06 15:11:27 613412 153036.6130
2019:05:06 15:11:27 813381 160024.3784
2019:05:06 15:11:28 53384 200025.5249
2019:05:06 15:11:28 261383 164025.8059
2019:05:06 15:11:28 421384 153699.9345
2019:05:06 15:11:28 661387 200023.4947
2019:05:06 15:11:28 861386 160021.3647
2019:05:06 15:11:29 21397 120030.5670
2019:05:06 15:11:29 225363 163993.9845
2019:05:06 15:11:29 421387 196014.4006
2019:05:06 15:11:29 581395 120026.9014
2019:05:06 15:11:29 781364 192361.4442
2019:05:06 15:11:30 145382 364006.9515
2019:05:06 15:11:30 341391 152019.4560
2019:05:06 15:11:30 501386 152568.1280
2019:05:06 15:11:30 685382 148014.1804
2019:05:06 15:11:30 845383 120021.2315
2019:05:06 15:11:31 7044 121677.1565
2019:05:06 15:11:31 161388 116019.0403
2019:05:06 15:11:31 397381 196023.6691
2019:05:06 15:11:31 557381 120010.2530
2019:05:06 15:11:31 757363 192465.4953
2019:05:06 15:11:31 957363 199989.4977
2019:05:06 15:11:32 140377 183003.2729
2019:05:06 15:11:32 321389 144023.8468
2019:05:06 15:11:32 481400 120036.0917
2019:05:06 15:11:32 657245 135886.8778
2019:05:06 15:11:32 819456 126098.1448
2019:05:06 15:11:32 965382 116025.6043
2019:05:06 15:11:33 121391 116027.1689
2019:05:06 15:11:33 361365 160003.7143
2019:05:06 15:11:33 765375 404002.1040
2019:05:06 15:11:33 931517 126153.9422
2019:05:06 15:11:34 103172 137814.1232
2019:05:06 15:11:34 283399 151179.7048
2019:05:06 15:11:34 473375 152009.0178
2019:05:06 15:11:34 629382 124017.3094
2019:05:06 15:11:34 797391 128019.5937
2019:05:06 15:11:35 13378 177991.3083
2019:05:06 15:11:35 201374 148003.0790
2019:05:06 15:11:35 369383 128013.1228
2019:05:06 15:11:35 535527 126156.6281
2019:05:06 15:11:35 765367 196008.0452
2019:05:06 15:11:35 973368 207990.5495
2019:05:06 15:11:36 145385 172005.7093
2019:05:06 15:11:36 373364 195999.4026
2019:05:06 15:11:36 531237 157864.2204
2019:05:06 15:11:36 684414 123046.9756
2019:05:06 15:11:36 853388 144024.7335
2019:05:06 15:11:37 13407 120024.3644
2019:05:06 15:11:37 205388 152025.5804
2019:05:06 15:11:37 405382 160024.7063
2019:05:06 15:11:37 570431 125065.7141
2019:05:06 15:11:37 765382 160014.5772
2019:05:06 15:11:38 205396 400029.4618
2019:05:06 15:11:38 365386 120023.6417
2019:05:06 15:11:38 565386 160028.5508
2019:05:06 15:11:38 725388 120016.7760
2019:05:06 15:11:38 925381 160018.5037
2019:05:06 15:11:39 85388 120021.3358
2019:05:06 15:11:39 253385 128015.0674
2019:05:06 15:11:39 449382 148012.2209
2019:05:06 15:11:39 621384 124022.1187
2019:05:06 15:11:39 791401 130029.6150
2019:05:06 15:11:40 21388 184010.9304
2019:05:06 15:11:40 201386 140017.9900
2019:05:06 15:11:40 383979 142603.3601
2019:05:06 15:11:40 577407 160023.4807
2019:05:06 15:11:40 737386 120011.6500
2019:05:06 15:11:40 897585 120218.6681
2019:05:06 15:11:41 125382 148013.3794
2019:05:06 15:11:41 373362 207998.0075
2019:05:06 15:11:41 533381 160007.3390
2019:05:06 15:11:41 733377 160009.8610
2019:05:06 15:11:41 929379 156013.9768
2019:05:06 15:11:42 89385 120014.1832
2019:05:06 15:11:42 245386 112009.7339
2019:05:06 15:11:42 405386 120020.6168
2019:05:06 15:11:42 565389 120024.5023
2019:05:06 15:11:42 725388 120024.6364
2019:05:06 15:11:42 925389 160015.7134
2019:05:06 15:11:43 85392 120019.6519
2019:05:06 15:11:43 253385 160339.0835
2019:05:06 15:11:43 419093 125726.6626
2019:05:06 15:11:43 613365 160000.6223
2019:05:06 15:11:43 809364 195988.9904
2019:05:06 15:11:43 969379 159132.0820
2019:05:06 15:11:44 138737 129377.0522
2019:05:06 15:11:44 332453 159089.7664
2019:05:06 15:11:44 529370 160000.6707
2019:05:06 15:11:44 729365 199984.5952
2019:05:06 15:11:44 889383 160008.7509
2019:05:06 15:11:45 173357 243998.1624
2019:05:06 15:11:45 413363 239993.6654
2019:05:06 15:11:45 573388 160014.5102
2019:05:06 15:11:45 733391 120024.6252
2019:05:06 15:11:45 901258 127899.4568
2019:05:06 15:11:46 53385 120014.4328
2019:05:06 15:11:46 213375 155252.1139
2019:05:06 15:11:46 373388 120011.4563
2019:05:06 15:11:46 533387 120017.3497
2019:05:06 15:11:46 693384 120024.2452
2019:05:06 15:11:46 853386 120016.6009
2019:05:06 15:11:47 13384 120015.7627
2019:05:06 15:11:47 179233 125854.9131
2019:05:06 15:11:47 333380 120010.8789
2019:05:06 15:11:47 493383 120018.3034
2019:05:06 15:11:47 733379 160010.3043
2019:05:06 15:11:47 893400 153519.6342
2019:05:06 15:11:48 17598 118738.7109
2019:05:06 15:11:48 184305 130940.6944
2019:05:06 15:11:48 417211 199840.3929
2019:05:06 15:11:48 559883 142661.7391
2019:05:06 15:11:48 737390 152022.4661
2019:05:06 15:11:48 921383 144014.7646
2019:05:06 15:11:49 89383 136022.0201
2019:05:06 15:11:49 253394 128025.9266
2019:05:06 15:11:49 429384 136020.5747
2019:05:06 15:11:49 589385 120019.2459
2019:05:06 15:11:49 749365 154826.4325
2019:05:06 15:11:49 869393 120018.2438
2019:05:06 15:11:50 45372 135991.7298
2019:05:06 15:11:50 201395 156008.7465
2019:05:06 15:11:50 408796 167417.2692
2019:05:06 15:11:50 566908 121531.6281
2019:05:06 15:11:50 727118 121742.1368
2019:05:06 15:11:50 926340 160961.1511
2019:05:06 15:11:51 45007 112238.7499
2019:05:06 15:11:51 181401 108024.9958
2019:05:06 15:11:51 357405 140042.3385
2019:05:06 15:11:51 521399 130691.9530
2019:05:06 15:11:51 649393 96017.4985
2019:05:06 15:11:51 785393 104015.4397
2019:05:06 15:11:51 925410 104034.3828
2019:05:06 15:11:52 61398 116020.5789
2019:05:06 15:11:52 193408 100030.9028
2019:05:06 15:11:52 321408 92028.9792
2019:05:06 15:11:52 421649 92974.4430
2019:05:06 15:11:52 549390 96014.9318
2019:05:06 15:11:52 681393 125824.1832
2019:05:06 15:11:52 817393 96018.6757
2019:05:06 15:11:52 997373 143215.0789
2019:05:06 15:11:53 97412 100023.9588
2019:05:06 15:11:53 193403 88164.1656
2019:05:06 15:11:53 281419 82820.1771
2019:05:06 15:11:53 413379 127543.0955
