
# OSU MPI Allreduce Latency Test v5.6.1
# Size       Avg Latency(us)
65536              163251.21
2019:05:06 15:05:49 697360 167990.5280
2019:05:06 15:05:49 837538 137224.1341
2019:05:06 15:05:50 53381 172010.2169
2019:05:06 15:05:50 277386 192013.0849
2019:05:06 15:05:50 461383 144016.6496
2019:05:06 15:05:50 637394 163390.2565
2019:05:06 15:05:50 885360 208001.0138
2019:05:06 15:05:51 77378 192008.4320
2019:05:06 15:05:51 317392 184018.3325
2019:05:06 15:05:51 533377 168009.3110
2019:05:06 15:05:51 717385 136016.8457
2019:05:06 15:05:51 885388 120021.2054
2019:05:06 15:05:52 109381 192010.4399
2019:05:06 15:05:52 305284 147908.6429
2019:05:06 15:05:52 501391 174809.6943
2019:05:06 15:05:52 667406 118040.7815
2019:05:06 15:05:52 837382 142923.9586
2019:05:06 15:05:53 21385 136012.9640
2019:05:06 15:05:53 156826 103455.1486
2019:05:06 15:05:53 333384 144020.6617
2019:05:06 15:05:53 512382 139012.4485
2019:05:06 15:05:53 670932 133567.0575
2019:05:06 15:05:53 862166 144801.3186
2019:05:06 15:05:54 189364 296004.1985
2019:05:06 15:05:54 360238 170865.9232
2019:05:06 15:05:54 537393 136028.5766
2019:05:06 15:05:54 745397 176041.2008
2019:05:06 15:05:54 929388 136019.2411
2019:05:06 15:05:55 85682 124317.9664
2019:05:06 15:05:55 269378 144012.4698
2019:05:06 15:05:55 444437 135072.8758
2019:05:06 15:05:55 661368 183999.9333
2019:05:06 15:05:55 797384 136005.8673
2019:05:06 15:05:55 953992 124627.7988
2019:05:06 15:05:56 118234 120870.8398
2019:05:06 15:05:56 253386 104017.8053
2019:05:06 15:05:56 433379 131999.2803
2019:05:06 15:05:56 641379 168020.8072
2019:05:06 15:05:56 825379 144015.4649
2019:05:06 15:05:56 993380 128003.1055
2019:05:06 15:05:57 151603 118237.6258
2019:05:06 15:05:57 365378 168006.2972
2019:05:06 15:05:57 553383 144020.6096
2019:05:06 15:05:57 709356 149823.9934
2019:05:06 15:05:57 941386 230296.8353
2019:05:06 15:05:58 117385 136010.4680
2019:05:06 15:05:58 293385 136015.1656
2019:05:06 15:05:58 452043 110673.6697
2019:05:06 15:05:58 637386 158717.4572
2019:05:06 15:05:58 805379 120010.6256
2019:05:06 15:05:59 29386 192030.8061
2019:05:06 15:05:59 200390 123028.6844
2019:05:06 15:05:59 381378 152012.2625
2019:05:06 15:05:59 549394 120023.1910
2019:05:06 15:05:59 749364 159999.8362
2019:05:06 15:05:59 949367 199992.0085
2019:05:06 15:06:00 149386 200008.6010
2019:05:06 15:06:00 369377 180007.2156
2019:05:06 15:06:00 645366 240007.7321
2019:05:06 15:06:00 805382 159998.9161
2019:05:06 15:06:01 45363 200000.0067
2019:05:06 15:06:01 205395 160020.4147
2019:05:06 15:06:01 409390 164032.6753
2019:05:06 15:06:01 609363 159999.2067
2019:05:06 15:06:01 769390 160016.2424
2019:05:06 15:06:01 929389 120020.6019
2019:05:06 15:06:02 85391 116019.3346
2019:05:06 15:06:02 285373 159990.7614
2019:05:06 15:06:02 481369 195987.3959
2019:05:06 15:06:02 641384 160005.3720
2019:05:06 15:06:02 841380 160009.7418
2019:05:06 15:06:03 41382 160025.1123
2019:05:06 15:06:03 239730 122363.2693
2019:05:06 15:06:03 403145 125773.0052
2019:05:06 15:06:03 597364 160000.1976
2019:05:06 15:06:03 757378 160005.4465
2019:05:06 15:06:03 957375 160008.4119
2019:05:06 15:06:04 118674 121307.2091
2019:05:06 15:06:04 317395 160029.4523
2019:05:06 15:06:04 553384 158007.3908
2019:05:06 15:06:04 809369 248749.9602
2019:05:06 15:06:05 245372 435987.3496
2019:05:06 15:06:05 401903 156522.4379
2019:05:06 15:06:05 585363 179773.8485
2019:05:06 15:06:05 745381 160007.4247
2019:05:06 15:06:05 909391 124017.8011
2019:05:06 15:06:06 110078 164712.4477
2019:05:06 15:06:06 309381 160013.3218
2019:05:06 15:06:06 549363 200005.4456
2019:05:06 15:06:06 749364 199992.1352
2019:05:06 15:06:06 916553 167175.8592
2019:05:06 15:06:07 61390 112028.0698
2019:05:06 15:06:07 196699 128984.8648
2019:05:06 15:06:07 413374 160009.9057
2019:05:06 15:06:07 597377 152016.2746
2019:05:06 15:06:07 825379 188012.1566
2019:05:06 15:06:08 5355 151997.7823
2019:05:06 15:06:08 173382 166522.3613
2019:05:06 15:06:08 369365 155999.9064
2019:05:06 15:06:08 565365 195988.5731
2019:05:06 15:06:08 725398 160022.4562
2019:05:06 15:06:08 888755 123390.1568
2019:05:06 15:06:09 85381 160021.9794
2019:05:06 15:06:09 285365 199973.8552
2019:05:06 15:06:09 441380 156006.4219
2019:05:06 15:06:09 601391 120025.8285
2019:05:06 15:06:09 766517 125148.1511
2019:05:06 15:06:09 921388 120021.7865
2019:05:06 15:06:10 81388 120021.1868
2019:05:06 15:06:10 229391 120022.8818
2019:05:06 15:06:10 433381 164024.1519
2019:05:06 15:06:10 633362 159997.7873
2019:05:06 15:06:10 833381 200010.1767
2019:05:06 15:06:11 33386 160019.5654
2019:05:06 15:06:11 200489 127127.7256
2019:05:06 15:06:11 357388 120019.4508
2019:05:06 15:06:11 557386 160009.9020
2019:05:06 15:06:11 717380 120015.7590
2019:05:06 15:06:11 877380 120014.6042
2019:05:06 15:06:12 77384 160025.3321
2019:05:06 15:06:12 277381 160007.7301
2019:05:06 15:06:12 446491 129129.0447
2019:05:06 15:06:12 641360 159991.3500
2019:05:06 15:06:12 846667 202761.2291
2019:05:06 15:06:13 1390 120023.6231
2019:05:06 15:06:13 197366 156002.3725
2019:05:06 15:06:13 393386 196005.1917
2019:05:06 15:06:13 593363 159993.2723
2019:05:06 15:06:13 753386 160011.3325
2019:05:06 15:06:13 953363 159996.0439
2019:05:06 15:06:14 117383 164010.8265
2019:05:06 15:06:14 277386 120024.8748
2019:05:06 15:06:14 429384 112017.3261
2019:05:06 15:06:14 589390 120022.1293
2019:05:06 15:06:14 749385 120017.7148
2019:05:06 15:06:14 917133 127763.1670
2019:05:06 15:06:15 109383 160018.2615
2019:05:06 15:06:15 309362 160002.0863
2019:05:06 15:06:15 509395 200023.9715
2019:05:06 15:06:15 670388 121018.9313
2019:05:06 15:06:15 829382 120010.3946
2019:05:06 15:06:16 232725 363355.1076
2019:05:06 15:06:16 429384 160018.6527
2019:05:06 15:06:16 629380 160011.8652
2019:05:06 15:06:16 861390 192014.6868
2019:05:06 15:06:17 29395 161414.4035
2019:05:06 15:06:17 261383 192009.1063
2019:05:06 15:06:17 425388 124021.3886
2019:05:06 15:06:17 586001 120636.1204
2019:05:06 15:06:17 810463 185097.3703
2019:05:06 15:06:17 977387 161643.6429
2019:05:06 15:06:18 133381 124014.7091
2019:05:06 15:06:18 301383 128018.2637
2019:05:06 15:06:18 473390 142013.2741
2019:05:06 15:06:18 641383 128015.7641
2019:05:06 15:06:18 825385 144015.7294
2019:05:06 15:06:18 985390 120030.6155
2019:05:06 15:06:19 149385 124017.6633
2019:05:06 15:06:19 389369 200002.9795
2019:05:06 15:06:19 589362 199983.1684
2019:05:06 15:06:19 749390 160017.7288
2019:05:06 15:06:19 910413 121041.7449
2019:05:06 15:06:20 66446 117076.4193
2019:05:06 15:06:20 241390 156030.1967
2019:05:06 15:06:20 437382 156024.6274
2019:05:06 15:06:20 597382 128020.1264
2019:05:06 15:06:20 741390 138352.4202
2019:05:06 15:06:20 941380 128011.9270
2019:05:06 15:06:21 125388 144024.9085
2019:05:06 15:06:21 263731 130635.7086
2019:05:06 15:06:21 409394 116027.1689
2019:05:06 15:06:21 617366 159995.9992
2019:05:06 15:06:21 809384 192004.9153
2019:05:06 15:06:21 977382 120018.7653
2019:05:06 15:06:22 197384 188026.1153
2019:05:06 15:06:22 409381 164023.4776
2019:05:06 15:06:22 589391 158335.3989
2019:05:06 15:06:22 781389 144026.6222
2019:05:06 15:06:23 61364 248007.1560
2019:05:06 15:06:23 197383 136005.7071
2019:05:06 15:06:23 357390 128010.2879
2019:05:06 15:06:23 549382 144009.0425
2019:05:06 15:06:23 733386 152016.0213
2019:05:06 15:06:23 901389 120027.8439
2019:05:06 15:06:24 77188 143831.7485
2019:05:06 15:06:24 261383 144012.2835
2019:05:06 15:06:24 453386 144017.1860
2019:05:06 15:06:24 669389 120027.4117
2019:05:06 15:06:24 853388 136021.3235
2019:05:06 15:06:25 21410 120031.5617
2019:05:06 15:06:25 237382 184024.8294
2019:05:06 15:06:25 417383 132016.2117
2019:05:06 15:06:25 585406 136040.9632
2019:05:06 15:06:25 845364 211997.0322
2019:05:06 15:06:26 10047 164674.1889
2019:05:06 15:06:26 189378 144000.3999
2019:05:06 15:06:26 353382 116009.4589
2019:05:06 15:06:26 529389 136023.5289
2019:05:06 15:06:26 717394 140025.8653
2019:05:06 15:06:26 973363 215996.6193
2019:05:06 15:06:27 157382 184009.1571
2019:05:06 15:06:27 365381 176024.7648
2019:05:06 15:06:27 554188 140825.1263
2019:05:06 15:06:27 805382 224008.8955
2019:05:06 15:06:27 973385 128017.8875
2019:05:06 15:06:28 157385 144021.6415
2019:05:06 15:06:28 325384 128015.6560
2019:05:06 15:06:28 497393 132024.8581
2019:05:06 15:06:28 681395 136029.2584
2019:05:06 15:06:28 841085 127720.2591
2019:05:06 15:06:29 9387 128021.6686
2019:05:06 15:06:29 152802 111438.9338
2019:05:06 15:06:29 433367 244000.2300
2019:05:06 15:06:29 625386 192001.8047
2019:05:06 15:06:29 817381 144024.3274
2019:05:06 15:06:30 17384 160024.7845
2019:05:06 15:06:30 189378 132013.8350
2019:05:06 15:06:30 363928 126560.8445
2019:05:06 15:06:30 517398 120023.2022
2019:05:06 15:06:30 717363 160007.0186
2019:05:06 15:06:30 877388 160014.1712
2019:05:06 15:06:31 81559 164186.6975
2019:05:06 15:06:31 277382 160025.6972
2019:05:06 15:06:31 437384 152708.2212
2019:05:06 15:06:31 600054 122685.7044
2019:05:06 15:06:31 757387 120021.1532
2019:05:06 15:06:31 997364 158891.7114
2019:05:06 15:06:32 159194 161818.8843
2019:05:06 15:06:32 317397 120028.1456
2019:05:06 15:06:32 485376 124010.3357
2019:05:06 15:06:32 685365 159994.2967
2019:05:06 15:06:32 925383 240009.1961
2019:05:06 15:06:33 85398 120029.5798
2019:05:06 15:06:33 285379 160020.0869
2019:05:06 15:06:33 446175 120811.9392
2019:05:06 15:06:33 641365 160006.0314
2019:05:06 15:06:33 841363 199985.7053
2019:05:06 15:06:34 5630 164258.8899
2019:05:06 15:06:34 229365 188000.6827
2019:05:06 15:06:34 382880 153505.5712
2019:05:06 15:06:34 577357 159988.8839
2019:05:06 15:06:34 737387 156743.5376
2019:05:06 15:06:34 937386 160025.9840
2019:05:06 15:06:35 137720 160362.5603
2019:05:06 15:06:35 293386 120016.0086
2019:05:06 15:06:35 457611 124243.7214
2019:05:06 15:06:35 693387 160018.8017
2019:05:06 15:06:35 893376 160011.7534
2019:05:06 15:06:36 85361 151996.0985
2019:05:06 15:06:36 258787 137419.7155
2019:05:06 15:06:36 485365 199988.4173
2019:05:06 15:06:36 741388 256014.5445
2019:05:06 15:06:36 965378 192010.9838
2019:05:06 15:06:37 167649 174429.7221
2019:05:06 15:06:37 349380 144011.2963
2019:05:06 15:06:37 567044 177687.4624
2019:05:06 15:06:37 759562 162203.6323
2019:05:06 15:06:37 925379 128010.6530
2019:05:06 15:06:38 125384 136025.8944
2019:05:06 15:06:38 317380 152017.2060
2019:05:06 15:06:38 487802 138437.8411
2019:05:06 15:06:38 653401 128030.6578
2019:05:06 15:06:38 821383 136028.2600
2019:05:06 15:06:39 5374 136007.3164
2019:05:06 15:06:39 148872 103500.2172
2019:05:06 15:06:39 309403 136040.0803
2019:05:06 15:06:39 469380 112005.5206
2019:05:06 15:06:39 652241 150884.1366
2019:05:06 15:06:39 821382 128011.6737
2019:05:06 15:06:39 989380 136011.5297
2019:05:06 15:06:40 173384 136017.1922
2019:05:06 15:06:40 385390 180024.9703
2019:05:06 15:06:40 577392 146009.6389
2019:05:06 15:06:40 745374 136003.8407
2019:05:06 15:06:40 901129 107752.5392
2019:05:06 15:06:41 93361 159994.8294
2019:05:06 15:06:41 269381 176011.5586
2019:05:06 15:06:41 417390 141051.9443
2019:05:06 15:06:41 809393 359424.8295
2019:05:06 15:06:41 983255 141888.9649
2019:05:06 15:06:42 157382 132006.6527
2019:05:06 15:06:42 349395 160027.1054
2019:05:06 15:06:42 537383 156020.9729
2019:05:06 15:06:42 729396 160037.9460
2019:05:06 15:06:42 913388 152030.4382
2019:05:06 15:06:43 117392 164036.8663
2019:05:06 15:06:43 357365 200010.2475
2019:05:06 15:06:43 557365 199988.4397
2019:05:06 15:06:43 717381 160006.2884
2019:05:06 15:06:43 879687 122321.7882
2019:05:06 15:06:44 77387 160029.3294
2019:05:06 15:06:44 317360 199991.6323
2019:05:06 15:06:44 537382 219095.1183
2019:05:06 15:06:44 719284 160151.2320
2019:05:06 15:06:44 917396 160031.1175
2019:05:06 15:06:45 70726 113364.6257
2019:05:06 15:06:45 269382 160015.4191
2019:05:06 15:06:45 453282 143909.2979
2019:05:06 15:06:45 649391 160021.9347
2019:05:06 15:06:45 809386 120022.4534
2019:05:06 15:06:45 969379 120010.8975
2019:05:06 15:06:46 165364 155995.0337
2019:05:06 15:06:46 326928 161554.8693
2019:05:06 15:06:46 517389 158011.0118
2019:05:06 15:06:46 717390 160023.3801
2019:05:06 15:06:46 917388 160032.7827
2019:05:06 15:06:47 117388 160028.3422
2019:05:06 15:06:47 341379 184020.6981
2019:05:06 15:06:47 484843 115479.3017
2019:05:06 15:06:47 661382 152019.8211
2019:05:06 15:06:47 825382 132026.6463
2019:05:06 15:06:48 9097 147740.1741
2019:05:06 15:06:48 173391 128020.0854
2019:05:06 15:06:48 329383 120021.7418
2019:05:06 15:06:48 501391 140010.4612
2019:05:06 15:06:48 663658 130294.5688
2019:05:06 15:06:48 853395 160037.8864
2019:05:06 15:06:49 53364 159991.1675
2019:05:06 15:06:49 253390 200016.0441
2019:05:06 15:06:49 424695 131324.5147
2019:05:06 15:06:49 617386 160030.2123
2019:05:06 15:06:49 817408 160048.7381
2019:05:06 15:06:49 982953 125591.4159
2019:05:06 15:06:50 173398 156004.3022
2019:05:06 15:06:50 333387 153030.7420
2019:05:06 15:06:50 529363 159999.9890
2019:05:06 15:06:50 689379 160005.4838
2019:05:06 15:06:50 849390 120025.4709
2019:05:06 15:06:51 49387 160018.3100
2019:05:06 15:06:51 245384 160007.6742
2019:05:06 15:06:51 405384 120019.2682
2019:05:06 15:06:51 565395 120017.6924
2019:05:06 15:06:51 725382 120018.2363
2019:05:06 15:06:51 885380 120015.8335
2019:05:06 15:06:52 45393 120025.0722
2019:05:06 15:06:52 245390 160022.7058
2019:05:06 15:06:52 405389 120017.6962
2019:05:06 15:06:52 561386 118001.3306
2019:05:06 15:06:52 721388 120019.4135
2019:05:06 15:06:52 881385 120017.1299
2019:05:06 15:06:53 85388 168024.1302
2019:05:06 15:06:53 228951 95587.6298
2019:05:06 15:06:53 391968 138607.8112
2019:05:06 15:06:53 585351 159982.9160
2019:05:06 15:06:53 753226 167856.3058
2019:05:06 15:06:53 945380 160016.3616
2019:05:06 15:06:54 149385 164028.8755
2019:05:06 15:06:54 453386 208016.0640
2019:05:06 15:06:54 629382 136018.1123
2019:05:06 15:06:54 845390 168020.7662
2019:05:06 15:06:55 61361 176002.3423
2019:05:06 15:06:55 237380 176008.4294
2019:05:06 15:06:55 437363 159996.1221
2019:05:06 15:06:55 621367 183993.6525
2019:05:06 15:06:55 789391 168014.1501
2019:05:06 15:06:55 989385 160016.8683
2019:05:06 15:06:56 205383 168007.1764
2019:05:06 15:06:56 388061 142694.0635
2019:05:06 15:06:56 589388 164023.4105
2019:05:06 15:06:56 757398 120015.7739
2019:05:06 15:06:56 957403 160045.8957
2019:05:06 15:06:57 118782 121418.1706
2019:05:06 15:06:57 277389 120020.0170
2019:05:06 15:06:57 433390 116020.4969
2019:05:06 15:06:57 633384 160017.6021
2019:05:06 15:06:57 833390 160030.3613
2019:05:06 15:06:58 73365 200006.4366
2019:05:06 15:06:58 237387 164012.6742
2019:05:06 15:06:58 393383 116015.5311
2019:05:06 15:06:58 553388 120022.1479
2019:05:06 15:06:58 713400 120028.1382
2019:05:06 15:06:59 101380 348019.9538
2019:05:06 15:06:59 341392 200024.6234
2019:05:06 15:06:59 541369 160004.5897
2019:05:06 15:06:59 725382 184003.8188
2019:05:06 15:06:59 913366 148009.0432
2019:05:06 15:07:00 157373 243996.1657
2019:05:06 15:07:00 357382 199999.5410
2019:05:06 15:07:00 523661 126292.1244
2019:05:06 15:07:00 721385 160020.0795
2019:05:06 15:07:00 881395 120024.3421
2019:05:06 15:07:01 48345 126977.8311
2019:05:06 15:07:01 253362 183996.2788
2019:05:06 15:07:01 417386 164015.2894
2019:05:06 15:07:01 569387 112017.1286
2019:05:06 15:07:01 729398 120030.9806
2019:05:06 15:07:01 969374 233753.9457
2019:05:06 15:07:02 114907 145518.3774
2019:05:06 15:07:02 293399 148023.1211
2019:05:06 15:07:02 497398 164027.7579
2019:05:06 15:07:02 648619 115244.7835
2019:05:06 15:07:03 109377 436005.1379
2019:05:06 15:07:03 293402 184007.7676
2019:05:06 15:07:03 493393 168031.4913
2019:05:06 15:07:03 645632 104254.3091
2019:05:06 15:07:03 829391 152016.5280
2019:05:06 15:07:03 997408 120033.0742
2019:05:06 15:07:04 170361 140999.5034
2019:05:06 15:07:04 349405 136025.1531
2019:05:06 15:07:04 513395 128026.3960
2019:05:06 15:07:04 697394 144015.5134
2019:05:06 15:07:04 873394 136024.0318
2019:05:06 15:07:05 44022 138651.8143
2019:05:06 15:07:05 192682 107291.6016
2019:05:06 15:07:05 433397 212016.6570
2019:05:06 15:07:05 617407 136027.6267
2019:05:06 15:07:05 821361 171992.7192
2019:05:06 15:07:05 973378 152006.8236
2019:05:06 15:07:06 165381 160016.7751
2019:05:06 15:07:06 340384 127016.9318
2019:05:06 15:07:06 545388 180025.5813
2019:05:06 15:07:06 769381 176015.0939
2019:05:06 15:07:06 929385 128018.4574
2019:05:06 15:07:07 166898 189527.3551
2019:05:06 15:07:07 333385 160753.5370
2019:05:06 15:07:07 525363 143995.7358
2019:05:06 15:07:07 717366 191992.0556
2019:05:06 15:07:07 877390 160015.5830
2019:05:06 15:07:08 18451 109083.0714
2019:05:06 15:07:08 189386 136019.7142
2019:05:06 15:07:08 349400 128034.3607
2019:05:06 15:07:08 529380 140013.7171
2019:05:06 15:07:08 705385 136017.1884
2019:05:06 15:07:08 873385 136020.2506
2019:05:06 15:07:09 117361 195992.5964
2019:05:06 15:07:09 293380 176007.6024
2019:05:06 15:07:09 457383 132019.9370
2019:05:06 15:07:09 649383 136016.4210
2019:05:06 15:07:09 820230 122859.6196
2019:05:06 15:07:10 1378 140010.6139
2019:05:06 15:07:10 197391 148021.6756
2019:05:06 15:07:10 381379 176119.3164
2019:05:06 15:07:10 521472 126590.4270
2019:05:06 15:07:10 664000 114634.3090
2019:05:06 15:07:10 881386 184022.7470
2019:05:06 15:07:11 43490 130129.4304
2019:05:06 15:07:11 212009 144435.6926
2019:05:06 15:07:11 369389 128025.7255
2019:05:06 15:07:11 561385 144019.8496
2019:05:06 15:07:11 713390 120022.4161
2019:05:06 15:07:11 950374 189005.0173
2019:05:06 15:07:12 133388 176154.0882
2019:05:06 15:07:12 313033 172494.1730
2019:05:06 15:07:12 458378 141720.8724
2019:05:06 15:07:12 588642 125739.3509
2019:05:06 15:07:12 716831 102401.5844
2019:05:06 15:07:12 881901 156055.7969
2019:05:06 15:07:13 28129 124925.9077
2019:05:06 15:07:13 182945 137222.4092
2019:05:06 15:07:13 349790 156624.9914
2019:05:06 15:07:13 512670 153632.0746
2019:05:06 15:07:13 677643 149017.0583
2019:05:06 15:07:13 819872 131919.9800
2019:05:06 15:07:14 213486 376122.5604
2019:05:06 15:07:14 407397 172645.5875
2019:05:06 15:07:14 560012 118640.8997
2019:05:06 15:07:14 737362 161804.1322
2019:05:06 15:07:14 889381 152009.9193
2019:05:06 15:07:15 89388 160023.3950
2019:05:06 15:07:15 329358 199998.7625
2019:05:06 15:07:15 489382 157729.7710
2019:05:06 15:07:15 689380 160021.9905
2019:05:06 15:07:15 849815 120442.3793
2019:05:06 15:07:16 9391 120025.2175
2019:05:06 15:07:16 169394 153721.5896
2019:05:06 15:07:16 369393 160020.0981
2019:05:06 15:07:16 609365 200005.0955
2019:05:06 15:07:16 769387 160012.8375
2019:05:06 15:07:16 961376 152006.2685
2019:05:06 15:07:17 161361 159992.1361
2019:05:06 15:07:17 321393 160012.5320
2019:05:06 15:07:17 481394 120023.5821
2019:05:06 15:07:17 673389 152025.0402
2019:05:06 15:07:17 877365 160000.0933
2019:05:06 15:07:18 128727 251352.2208
2019:05:06 15:07:18 292984 131616.3763
2019:05:06 15:07:18 481378 144005.2725
2019:05:06 15:07:18 637383 120006.4160
2019:05:06 15:07:18 805399 128033.1984
2019:05:06 15:07:19 89361 235992.4354
2019:05:06 15:07:19 273383 184011.7425
2019:05:06 15:07:19 417389 138065.1258
2019:05:06 15:07:19 601383 144015.3755
2019:05:06 15:07:19 761391 128032.4683
2019:05:06 15:07:19 936333 126973.5731
2019:05:06 15:07:20 121381 160019.8224
2019:05:06 15:07:20 321376 152009.1593
2019:05:06 15:07:20 474110 120743.3492
2019:05:06 15:07:20 649384 168306.8946
2019:05:06 15:07:20 857367 176001.5674
2019:05:06 15:07:21 49365 191988.3676
2019:05:06 15:07:21 217380 168005.6266
2019:05:06 15:07:21 489376 224011.6931
2019:05:06 15:07:21 697390 208002.9957
2019:05:06 15:07:21 897398 152023.4272
2019:05:06 15:07:22 73379 168604.5751
2019:05:06 15:07:22 233390 112014.8338
2019:05:06 15:07:22 473366 208003.6439
2019:05:06 15:07:22 657363 183988.2694
2019:05:06 15:07:22 833383 176010.7353
2019:05:06 15:07:23 57392 176026.7243
2019:05:06 15:07:23 265388 168018.7173
2019:05:06 15:07:23 438699 141342.4686
2019:05:06 15:07:23 609375 136009.8608
2019:05:06 15:07:23 801399 160036.1392
2019:05:06 15:07:24 25393 176028.2628
2019:05:06 15:07:24 233383 176018.3424
2019:05:06 15:07:24 401381 128020.8379
2019:05:06 15:07:24 574981 141613.4201
2019:05:06 15:07:24 753392 136025.0376
2019:05:06 15:07:24 938744 153386.6376
2019:05:06 15:07:25 105382 160127.1778
2019:05:06 15:07:25 265386 120013.5425
2019:05:06 15:07:25 465393 160036.7837
2019:05:06 15:07:25 625392 152180.4184
2019:05:06 15:07:25 825385 155142.4563
2019:05:06 15:07:25 985390 120024.5172
2019:05:06 15:07:26 185366 159999.4898
2019:05:06 15:07:26 345386 160009.7716
2019:05:06 15:07:26 549392 164024.2264
2019:05:06 15:07:26 715093 125724.7739
2019:05:06 15:07:26 909383 160008.8030
2019:05:06 15:07:27 153363 204006.3702
2019:05:06 15:07:27 313389 160013.6161
2019:05:06 15:07:27 474080 120715.7858
2019:05:06 15:07:27 681386 168007.6979
2019:05:06 15:07:27 921381 160007.8903
2019:05:06 15:07:28 105376 144017.1152
2019:05:06 15:07:28 265387 120005.9205
2019:05:06 15:07:28 425388 120019.1788
2019:05:06 15:07:28 586109 120741.8181
2019:05:06 15:07:28 741392 120023.8019
2019:05:06 15:07:28 933385 152016.3082
2019:05:06 15:07:29 97387 157427.6350
2019:05:06 15:07:29 257397 120020.7025
2019:05:06 15:07:29 553362 255995.6871
2019:05:06 15:07:29 705389 151414.1299
2019:05:06 15:07:29 866499 154835.6004
2019:05:06 15:07:30 105387 200018.8790
2019:05:06 15:07:30 265387 152733.4824
2019:05:06 15:07:30 425387 120018.2736
2019:05:06 15:07:30 591867 126499.7572
2019:05:06 15:07:30 785383 160018.9507
2019:05:06 15:07:30 985386 160020.3775
2019:05:06 15:07:31 265368 240008.6783
2019:05:06 15:07:31 465361 199982.3153
2019:05:06 15:07:31 625382 160010.8780
2019:05:06 15:07:31 785385 120017.0144
2019:05:06 15:07:31 985363 160004.4630
2019:05:06 15:07:32 150740 165366.0834
2019:05:06 15:07:32 305395 120026.5922
2019:05:06 15:07:32 505392 160033.2633
2019:05:06 15:07:32 697393 160035.1632
2019:05:06 15:07:32 873387 136024.7135
2019:05:06 15:07:33 37572 124202.4377
2019:05:06 15:07:33 193386 120020.8068
2019:05:06 15:07:33 353388 120018.3295
2019:05:06 15:07:33 593359 199998.1031
2019:05:06 15:07:33 793400 195527.9112
2019:05:06 15:07:33 960490 127110.9469
2019:05:06 15:07:34 233373 239999.0298
2019:05:06 15:07:34 433371 199982.6096
2019:05:06 15:07:34 637370 203986.0636
2019:05:06 15:07:34 802968 165584.9926
2019:05:06 15:07:34 957395 120017.4205
2019:05:06 15:07:35 121403 124026.9914
2019:05:06 15:07:35 285854 124476.5483
2019:05:06 15:07:35 481403 160024.9000
2019:05:06 15:07:35 681399 160023.0113
2019:05:06 15:07:35 841400 120023.6678
2019:05:06 15:07:36 81374 200011.4582
2019:05:06 15:07:36 243901 162513.8372
2019:05:06 15:07:36 441372 159997.2695
2019:05:06 15:07:36 597402 156017.5642
2019:05:06 15:07:36 797393 160012.3942
2019:05:06 15:07:36 997395 160020.1614
2019:05:06 15:07:37 166753 129377.4359
2019:05:06 15:07:37 361398 160024.2220
2019:05:06 15:07:37 521399 120015.6212
2019:05:06 15:07:37 721372 159985.9931
2019:05:06 15:07:37 962193 160831.7867
2019:05:06 15:07:38 161378 160013.2585
2019:05:06 15:07:38 323858 122489.0910
2019:05:06 15:07:38 521386 160022.9144
2019:05:06 15:07:38 721381 160011.1537
2019:05:06 15:07:38 921356 194486.3051
2019:05:06 15:07:39 81386 157921.6830
2019:05:06 15:07:39 281380 160012.9306
2019:05:06 15:07:39 441384 120020.5982
2019:05:06 15:07:39 601386 120016.5600
2019:05:06 15:07:39 761384 120016.8543
2019:05:06 15:07:39 961382 160006.2139
2019:05:06 15:07:40 201398 200033.0761
2019:05:06 15:07:40 361391 120018.0538
2019:05:06 15:07:40 524999 123634.4241
2019:05:06 15:07:40 721357 159986.7418
2019:05:06 15:07:40 881386 154885.9477
2019:05:06 15:07:41 40660 127304.2820
2019:05:06 15:07:41 200411 127053.4061
2019:05:06 15:07:41 393357 159990.6459
2019:05:06 15:07:41 593394 195167.3627
2019:05:06 15:07:41 753391 154073.9723
2019:05:06 15:07:41 953384 160025.8723
2019:05:06 15:07:42 133378 140018.9474
2019:05:06 15:07:42 333396 160029.8807
2019:05:06 15:07:42 533382 160026.0027
2019:05:06 15:07:42 733388 160021.9458
2019:05:06 15:07:42 973362 200003.3781
2019:05:06 15:07:43 169364 195993.8519
2019:05:06 15:07:43 329390 160013.1504
2019:05:06 15:07:43 535507 166148.3087
2019:05:06 15:07:43 729375 160012.9493
2019:05:06 15:07:43 894339 124962.7732
2019:05:06 15:07:44 129388 200020.8721
2019:05:06 15:07:44 301388 120008.2637
2019:05:06 15:07:44 501382 192533.3962
2019:05:06 15:07:44 701387 160023.5961
2019:05:06 15:07:44 901365 159990.8322
2019:05:06 15:07:45 97364 195988.9494
2019:05:06 15:07:45 302111 204739.2651
2019:05:06 15:07:45 577367 240009.2222
2019:05:06 15:07:45 737389 160012.9865
2019:05:06 15:07:45 899245 121872.7045
2019:05:06 15:07:46 97385 160021.3237
2019:05:06 15:07:46 297379 160017.4122
2019:05:06 15:07:46 497385 160008.7546
2019:05:06 15:07:46 697364 159999.1955
2019:05:06 15:07:46 857394 160019.6138
2019:05:06 15:07:47 57365 160007.3241
2019:05:06 15:07:47 224212 166837.5060
2019:05:06 15:07:47 377390 120023.4741
2019:05:06 15:07:47 617383 200026.5382
2019:05:06 15:07:47 777384 120020.8142
2019:05:06 15:07:47 937384 120016.7537
2019:05:06 15:07:48 177364 200008.4594
2019:05:06 15:07:48 337390 160016.1120
2019:05:06 15:07:48 569409 192040.4993
2019:05:06 15:07:48 770404 161046.3895
2019:05:06 15:07:48 929386 120016.5935
2019:05:06 15:07:49 89383 120012.6149
2019:05:06 15:07:49 249387 120017.9197
2019:05:06 15:07:49 409382 120017.7632
2019:05:06 15:07:49 569383 120009.2621
2019:05:06 15:07:49 729383 120013.2556
2019:05:06 15:07:49 895568 126204.5391
2019:05:06 15:07:50 129363 200004.2871
2019:05:06 15:07:50 329360 199988.0783
2019:05:06 15:07:50 489401 160031.7061
2019:05:06 15:07:50 693379 164019.7784
2019:05:06 15:07:50 893374 160017.0285
2019:05:06 15:07:51 49384 116019.1111
2019:05:06 15:07:51 209388 120020.0059
2019:05:06 15:07:51 369383 120016.0421
2019:05:06 15:07:51 569356 159986.2091
2019:05:06 15:07:51 729384 158188.0450
2019:05:06 15:07:51 929363 159995.7943
2019:05:06 15:07:52 89388 160014.4915
2019:05:06 15:07:52 289364 159998.1822
2019:05:06 15:07:52 449382 160009.6263
2019:05:06 15:07:52 605383 116015.8701
2019:05:06 15:07:52 765387 120020.7993
2019:05:06 15:07:52 919399 114031.2627
2019:05:06 15:07:53 81386 124028.8764
2019:05:06 15:07:53 281384 160016.7789
2019:05:06 15:07:53 481388 120026.3537
2019:05:06 15:07:53 681388 160030.2793
2019:05:06 15:07:53 841390 120024.3644
2019:05:06 15:07:54 6610 125243.5893
2019:05:06 15:07:54 201389 160029.3852
2019:05:06 15:07:54 401376 160016.8832
2019:05:06 15:07:54 601382 160014.8641
2019:05:06 15:07:54 761385 153117.3065
2019:05:06 15:07:54 961364 159996.2637
2019:05:06 15:07:55 121387 160010.7998
2019:05:06 15:07:55 321376 160007.6742
2019:05:06 15:07:55 481395 120023.4033
2019:05:06 15:07:55 649089 127722.9078
2019:05:06 15:07:55 841382 160017.9672
2019:05:06 15:07:56 3392 122030.0905
2019:05:06 15:07:56 161387 120017.2380
2019:05:06 15:07:56 366326 164954.1296
2019:05:06 15:07:56 555391 154028.0469
2019:05:06 15:07:56 753382 160015.0652
2019:05:06 15:07:56 953382 160013.9812
2019:05:06 15:07:57 193386 200023.9789
2019:05:06 15:07:57 393395 160029.5231
2019:05:06 15:07:57 554143 120777.5213
2019:05:06 15:07:57 745379 152009.6920
2019:05:06 15:07:57 905383 120003.7785
2019:05:06 15:07:58 105375 160009.8796
2019:05:06 15:07:58 267680 122315.3621
2019:05:06 15:07:58 465380 160011.9732
2019:05:06 15:07:58 669378 164017.8114
2019:05:06 15:07:58 885397 176019.9741
2019:05:06 15:07:59 163943 230573.6095
2019:05:06 15:07:59 326533 125162.7170
2019:05:06 15:07:59 521390 160032.3990
2019:05:06 15:07:59 721397 160033.7327
2019:05:06 15:07:59 921385 160020.6494
2019:05:06 15:08:00 121389 160015.9556
2019:05:06 15:08:00 361358 200001.2696
2019:05:06 15:08:00 529094 167105.9243
2019:05:06 15:08:00 681493 122114.7515
2019:05:06 15:08:00 877384 160025.6972
2019:05:06 15:08:01 81384 164019.5511
2019:05:06 15:08:01 287643 166278.9695
2019:05:06 15:08:01 521379 200009.7334
2019:05:06 15:08:01 681387 120013.4978
2019:05:06 15:08:01 841388 120021.9020
2019:05:06 15:08:02 42586 161227.9601
2019:05:06 15:08:02 305366 223999.0458
2019:05:06 15:08:02 485379 180003.7287
2019:05:06 15:08:02 657391 140018.3402
2019:05:06 15:08:02 889385 192019.5743
2019:05:06 15:08:03 47301 125941.2430
2019:05:06 15:08:03 205797 124431.2003
2019:05:06 15:08:03 362682 121319.6740
2019:05:06 15:08:03 521383 120016.5711
2019:05:06 15:08:03 721382 153924.0964
2019:05:06 15:08:03 881381 120013.6542
2019:05:06 15:08:04 48741 127376.6719
2019:05:06 15:08:04 241391 160033.0882
2019:05:06 15:08:04 401384 120008.8188
2019:05:06 15:08:04 561384 120023.7311
2019:05:06 15:08:04 761373 160004.0495
2019:05:06 15:08:04 961366 199981.6075
2019:05:06 15:08:05 126789 165413.4765
2019:05:06 15:08:05 321378 160011.0121
2019:05:06 15:08:05 481388 120013.8219
2019:05:06 15:08:05 645746 124368.5000
2019:05:06 15:08:05 881399 200030.0996
2019:05:06 15:08:06 42288 120913.3305
2019:05:06 15:08:06 241403 160026.3715
2019:05:06 15:08:06 441395 160018.2131
2019:05:06 15:08:06 653394 172029.8901
2019:05:06 15:08:06 814354 120979.9573
2019:05:06 15:08:06 973401 120019.6370
2019:05:06 15:08:07 169397 156020.2874
2019:05:06 15:08:07 329403 120032.7873
2019:05:06 15:08:07 497394 128029.6333
2019:05:06 15:08:07 689387 160017.6468
2019:05:06 15:08:07 849394 128023.5164
2019:05:06 15:08:08 9391 128017.2244
2019:05:06 15:08:08 153411 112044.1556
2019:05:06 15:08:08 389370 196001.0193
2019:05:06 15:08:08 581372 191987.6225
2019:05:06 15:08:08 773420 192034.1887
2019:05:06 15:08:09 17370 212000.2396
2019:05:06 15:08:09 169399 152014.7324
2019:05:06 15:08:09 337408 136030.8453
2019:05:06 15:08:09 513391 136007.9907
2019:05:06 15:08:09 713370 168000.1803
2019:05:06 15:08:09 857169 143786.2664
2019:05:06 15:08:10 25380 136004.8540
2019:05:06 15:08:10 273380 216014.2139
2019:05:06 15:08:10 465383 144011.3969
2019:05:06 15:08:10 641385 136016.1304
2019:05:06 15:08:10 849365 168005.8204
2019:05:06 15:08:11 25379 176003.6200
2019:05:06 15:08:11 199437 134080.6819
2019:05:06 15:08:11 377388 136015.3705
2019:05:06 15:08:11 557380 136017.0990
2019:05:06 15:08:11 761381 156011.8720
2019:05:06 15:08:11 925381 136019.1703
2019:05:06 15:08:12 85392 112024.6798
2019:05:06 15:08:12 273384 152016.0623
2019:05:06 15:08:12 449384 128015.8870
2019:05:06 15:08:12 633395 152029.4920
2019:05:06 15:08:12 841387 160026.7142
2019:05:06 15:08:13 25384 178614.3146
2019:05:06 15:08:13 209384 144026.2236
2019:05:06 15:08:13 377364 136002.3096
2019:05:06 15:08:13 521385 144011.2293
2019:05:06 15:08:13 671655 110295.9104
2019:05:06 15:08:13 861382 164025.7426
2019:05:06 15:08:14 45378 136013.1092
2019:05:06 15:08:14 217401 140030.3915
2019:05:06 15:08:14 418743 153383.5120
2019:05:06 15:08:14 621359 175996.4973
2019:05:06 15:08:14 752143 130772.6279
2019:05:06 15:08:14 921388 144032.0499
2019:05:06 15:08:15 193363 223988.7603
2019:05:06 15:08:15 361383 168010.2684
2019:05:06 15:08:15 529382 128018.9864
2019:05:06 15:08:15 721366 168003.0450
2019:05:06 15:08:15 857401 136026.6730
2019:05:06 15:08:16 25381 128013.4246
2019:05:06 15:08:16 209383 144019.6224
2019:05:06 15:08:16 385386 136026.7401
2019:05:06 15:08:16 565807 140442.4906
2019:05:06 15:08:16 720633 111265.0223
2019:05:06 15:08:16 905380 160017.0135
2019:05:06 15:08:17 137365 183996.1074
2019:05:06 15:08:17 307560 170183.2898
2019:05:06 15:08:17 465389 112021.9976
2019:05:06 15:08:17 665396 168041.0057
2019:05:06 15:08:17 953366 260008.9088
2019:05:06 15:08:18 137376 183991.5141
2019:05:06 15:08:18 350001 172642.1937
2019:05:06 15:08:18 529383 144014.6603
2019:05:06 15:08:18 697396 128028.4114
2019:05:06 15:08:18 885377 148010.8760
2019:05:06 15:08:19 70887 137524.2509
2019:05:06 15:08:19 241386 136022.1691
2019:05:06 15:08:19 417396 128024.5557
2019:05:06 15:08:19 601384 128016.4719
2019:05:06 15:08:19 835972 190594.6732
2019:05:06 15:08:20 12098 142742.6599
2019:05:06 15:08:20 185386 132020.4064
2019:05:06 15:08:20 353382 136017.6504
2019:05:06 15:08:20 517388 112024.0316
2019:05:06 15:08:20 665447 116084.7098
2019:05:06 15:08:20 812049 102677.0882
2019:05:06 15:08:20 954572 109205.1528
2019:05:06 15:08:21 108176 126809.6976
2019:05:06 15:08:21 281387 128021.1508
2019:05:06 15:08:21 497369 183989.7148
2019:05:06 15:08:21 737364 239984.2329
2019:05:06 15:08:21 945360 207980.0144
2019:05:06 15:08:22 93217 147845.6818
2019:05:06 15:08:22 289390 168033.7377
2019:05:06 15:08:22 462650 125278.4654
2019:05:06 15:08:22 649389 160025.4737
2019:05:06 15:08:22 845382 144009.9105
2019:05:06 15:08:23 5400 152424.2721
2019:05:06 15:08:23 177842 124477.4312
2019:05:06 15:08:23 361377 152011.9607
2019:05:06 15:08:23 526817 125449.6686
2019:05:06 15:08:23 713375 152009.6473
2019:05:06 15:08:23 873385 120021.8685
2019:05:06 15:08:24 73380 160023.5365
2019:05:06 15:08:24 273362 159998.0108
2019:05:06 15:08:24 513397 240023.6093
2019:05:06 15:08:24 713364 159996.5915
2019:05:06 15:08:24 880065 166692.4618
2019:05:06 15:08:25 33391 120020.2070
2019:05:06 15:08:25 233362 159993.8162
2019:05:06 15:08:25 433364 199992.6418
2019:05:06 15:08:25 593388 160015.6240
2019:05:06 15:08:25 765999 165068.7829
2019:05:06 15:08:25 961366 160001.7846
2019:05:06 15:08:26 161376 199997.3916
2019:05:06 15:08:26 409364 207997.4525
2019:05:06 15:08:26 553386 144012.2128
2019:05:06 15:08:26 687963 126914.1994
2019:05:06 15:08:26 921357 200000.0477
2019:05:06 15:08:27 81390 157916.3037
2019:05:06 15:08:27 281363 159997.9475
2019:05:06 15:08:27 441381 160009.2389
2019:05:06 15:08:27 601384 120023.2133
2019:05:06 15:08:27 797377 155994.0651
2019:05:06 15:08:27 957384 152081.2400
2019:05:06 15:08:28 393380 396013.5393
2019:05:06 15:08:28 633363 200006.0156
2019:05:06 15:08:28 793401 160022.8697
2019:05:06 15:08:29 36143 202771.1496
2019:05:06 15:08:29 198384 125029.0424
2019:05:06 15:08:29 353384 120016.6158
2019:05:06 15:08:29 513394 120018.7393
2019:05:06 15:08:29 693360 139992.7065
2019:05:06 15:08:29 846816 153447.0096
2019:05:06 15:08:30 10614 125248.7265
2019:05:06 15:08:30 169383 124026.0489
2019:05:06 15:08:30 329384 120014.6489
2019:05:06 15:08:30 489384 120019.9053
2019:05:06 15:08:30 649382 120003.6332
2019:05:06 15:08:30 849396 160037.4058
2019:05:06 15:08:31 89362 200005.3376
2019:05:06 15:08:31 249381 160010.4086
2019:05:06 15:08:31 452766 163388.5764
2019:05:06 15:08:31 645396 156027.7008
2019:05:06 15:08:31 929362 239992.9948
2019:05:06 15:08:32 129387 200014.8892
2019:05:06 15:08:32 289382 120014.2503
2019:05:06 15:08:32 489378 160009.4736
2019:05:06 15:08:32 689373 159997.9773
2019:05:06 15:08:32 929365 200001.3888
2019:05:06 15:08:33 89389 160014.6703
2019:05:06 15:08:33 256161 126791.0413
2019:05:06 15:08:33 413379 124012.2393
2019:05:06 15:08:33 577392 128022.8421
2019:05:06 15:08:33 729383 112011.5109
2019:05:06 15:08:33 937376 160007.1006
2019:05:06 15:08:34 137375 160004.1986
2019:05:06 15:08:34 337362 159997.4409
2019:05:06 15:08:34 497385 160007.1266
2019:05:06 15:08:34 657385 120012.0747
2019:05:06 15:08:34 817385 120015.1965
2019:05:06 15:08:35 17386 160013.7688
2019:05:06 15:08:35 177390 120028.5032
2019:05:06 15:08:35 417380 200002.5697
2019:05:06 15:08:35 617379 160011.3735
2019:05:06 15:08:35 789387 132018.3054
2019:05:06 15:08:35 933852 104482.7774
2019:05:06 15:08:36 90216 129037.5181
2019:05:06 15:08:36 250412 148770.3174
2019:05:06 15:08:36 413800 134793.0580
2019:05:06 15:08:36 571931 145069.0143
2019:05:06 15:08:36 736899 153994.4001
2019:05:06 15:08:36 894618 134765.0774
2019:05:06 15:08:37 49113 144981.2390
2019:05:06 15:08:37 206738 143804.6768
2019:05:06 15:08:37 375974 135985.4415
2019:05:06 15:08:37 529893 143345.0282
2019:05:06 15:08:37 682636 140483.5247
2019:05:06 15:08:37 818541 126496.0989
2019:05:06 15:08:38 1070 137292.7241
2019:05:06 15:08:38 155346 132619.3400
2019:05:06 15:08:38 341516 130487.5053
2019:05:06 15:08:38 489178 134352.5052
2019:05:06 15:08:38 637471 136773.2175
2019:05:06 15:08:38 789967 142743.5912
2019:05:06 15:08:38 970404 138297.3120
2019:05:06 15:08:39 129779 146513.3056
2019:05:06 15:08:39 297406 138192.3221
2019:05:06 15:08:39 468963 162742.7451
2019:05:06 15:08:39 613894 117937.3376
2019:05:06 15:08:39 781399 141289.9084
2019:05:06 15:08:39 949324 149495.2813
2019:05:06 15:08:40 103336 129356.3321
2019:05:06 15:08:40 234810 119581.6584
2019:05:06 15:08:40 393722 139246.8251
2019:05:06 15:08:40 540844 138933.6586
2019:05:06 15:08:40 700949 123301.6141
2019:05:06 15:08:40 855795 137613.3189
2019:05:06 15:08:41 1629 137261.1225
2019:05:06 15:08:41 150691 140910.0741
2019:05:06 15:08:41 289931 122060.9210
2019:05:06 15:08:41 433696 133964.7584
2019:05:06 15:08:41 589779 149131.2608
2019:05:06 15:08:41 790179 161097.8097
2019:05:06 15:08:42 2190 179417.4276
2019:05:06 15:08:42 198242 183670.0514
2019:05:06 15:08:42 359364 156456.5599
2019:05:06 15:08:42 506792 119129.5013
2019:05:06 15:08:42 657622 127570.7223
2019:05:06 15:08:42 854547 175732.5567
2019:05:06 15:08:43 17227 158133.8048
2019:05:06 15:08:43 170018 123232.7856
2019:05:06 15:08:43 335085 144152.0490
2019:05:06 15:08:43 497280 145118.3669
2019:05:06 15:08:43 661396 134292.8782
2019:05:06 15:08:43 810918 138894.7442
2019:05:06 15:08:43 978450 146650.8247
2019:05:06 15:08:44 152091 144530.6949
2019:05:06 15:08:44 332731 165093.3176
2019:05:06 15:08:44 490203 146798.7821
2019:05:06 15:08:44 669382 143437.6985
2019:05:06 15:08:44 826440 145080.6856
2019:05:06 15:08:44 985664 138807.0546
2019:05:06 15:08:45 143344 134751.0591
2019:05:06 15:08:45 267867 114690.0505
2019:05:06 15:08:45 412878 133958.2726
2019:05:06 15:08:45 561939 138035.1409
2019:05:06 15:08:45 729916 158960.5473
2019:05:06 15:08:45 880251 121191.4867
2019:05:06 15:08:46 30553 126919.0125
2019:05:06 15:08:46 192766 150737.5352
2019:05:06 15:08:46 341492 125949.7255
2019:05:06 15:08:46 482419 123764.5037
2019:05:06 15:08:46 631456 129402.7120
2019:05:06 15:08:46 791624 144500.2817
2019:05:06 15:08:46 983358 175775.0586
2019:05:06 15:08:47 128002 139003.1427
2019:05:06 15:08:47 304388 160946.6374
2019:05:06 15:08:47 448595 129773.3113
2019:05:06 15:08:47 603887 140121.2476
2019:05:06 15:08:47 770936 146962.8774
2019:05:06 15:08:47 932750 133980.0470
2019:05:06 15:08:48 82646 140091.9333
2019:05:06 15:08:48 249396 158940.7027
2019:05:06 15:08:48 425708 171086.5572
2019:05:06 15:08:48 579018 138855.9155
2019:05:06 15:08:48 726483 138894.1854
2019:05:06 15:08:48 883803 145491.2797
2019:05:06 15:08:49 43112 147443.9539
2019:05:06 15:08:49 208193 159352.0902
2019:05:06 15:08:49 363843 134479.1390
2019:05:06 15:08:49 542010 156021.8297
2019:05:06 15:08:49 702623 153635.8558
2019:05:06 15:08:49 893119 179049.1790
2019:05:06 15:08:50 25080 122045.9528
2019:05:06 15:08:50 175568 141386.7101
2019:05:06 15:08:50 325827 127825.5917
2019:05:06 15:08:50 511179 166703.4402
2019:05:06 15:08:50 675279 123977.8586
2019:05:06 15:08:50 823267 137525.9385
2019:05:06 15:08:50 998886 145516.2317
2019:05:06 15:08:51 165172 150068.8940
2019:05:06 15:08:51 307792 132181.8940
2019:05:06 15:08:51 470497 152048.2711
2019:05:06 15:08:51 613784 118747.3796
2019:05:06 15:08:51 783340 144116.9754
2019:05:06 15:08:51 944352 145040.7989
2019:05:06 15:08:52 85910 135905.8730
2019:05:06 15:08:52 261391 142499.1824
2019:05:06 15:08:52 438697 158148.1807
2019:05:06 15:08:52 604540 148604.4712
2019:05:06 15:08:52 782029 154464.3566
2019:05:06 15:08:52 947379 144980.6988
2019:05:06 15:08:53 164435 202742.5207
2019:05:06 15:08:53 336897 148716.1778
2019:05:06 15:08:53 495376 148264.4342
2019:05:06 15:08:53 672739 149536.5389
2019:05:06 15:08:53 809532 114706.7174
2019:05:06 15:08:53 986049 172835.9163
2019:05:06 15:08:54 137539 133877.7319
2019:05:06 15:08:54 279318 135689.1841
2019:05:06 15:08:54 431254 139673.7918
2019:05:06 15:08:54 576248 124921.2176
2019:05:06 15:08:54 706511 122894.1828
2019:05:06 15:08:54 853952 128594.4395
2019:05:06 15:08:55 985 129036.6091
2019:05:06 15:08:55 145597 120214.5703
2019:05:06 15:08:55 335481 166113.6150
2019:05:06 15:08:55 479388 138816.3231
2019:05:06 15:08:55 626038 140916.8057
2019:05:06 15:08:55 781264 142938.9268
2019:05:06 15:08:55 916442 128638.5655
2019:05:06 15:08:56 70869 143372.2898
2019:05:06 15:08:56 239166 163414.3107
2019:05:06 15:08:56 377385 112019.7512
2019:05:06 15:08:56 545385 127970.6098
2019:05:06 15:08:56 697387 112020.8204
2019:05:06 15:08:56 861386 132015.1612
2019:05:06 15:08:57 49389 152030.1662
2019:05:06 15:08:57 217388 120950.6355
2019:05:06 15:08:57 389391 136020.1314
2019:05:06 15:08:57 571712 150347.3260
2019:05:06 15:08:57 753381 174808.0030
2019:05:06 15:08:57 937375 136005.7071
2019:05:06 15:08:58 89006 111640.0659
2019:05:06 15:08:58 269383 145553.7304
2019:05:06 15:08:58 453389 136020.6194
2019:05:06 15:08:58 629379 144015.9492
2019:05:06 15:08:58 845384 168016.5417
2019:05:06 15:08:59 13442 136075.5749
2019:05:06 15:08:59 244477 183107.7486
2019:05:06 15:08:59 469364 197440.8180
2019:05:06 15:08:59 629391 160018.2280
2019:05:06 15:08:59 809384 148019.5075
2019:05:06 15:08:59 949855 133185.7890
2019:05:06 15:09:00 349366 363998.7595
2019:05:06 15:09:00 517392 164952.7736
2019:05:06 15:09:00 689386 132014.1293
2019:05:06 15:09:00 832502 135606.6652
2019:05:06 15:09:00 985396 128031.4662
2019:05:06 15:09:01 165385 132015.8467
2019:05:06 15:09:01 357358 185308.9221
2019:05:06 15:09:01 496458 139089.6216
2019:05:06 15:09:01 649403 104039.0283
2019:05:06 15:09:01 848713 159343.8573
2019:05:06 15:09:02 53387 168014.7983
2019:05:06 15:09:02 224333 122959.3232
2019:05:06 15:09:02 389382 128017.4740
2019:05:06 15:09:02 565378 136004.8428
2019:05:06 15:09:02 741281 139913.2088
2019:05:06 15:09:03 163148 393792.4914
2019:05:06 15:09:03 365363 176004.4508
2019:05:06 15:09:03 541396 176022.4365
2019:05:06 15:09:03 717391 136022.7801
2019:05:06 15:09:03 901376 136008.8289
2019:05:06 15:09:04 117368 183991.7749
2019:05:06 15:09:04 262470 145092.4352
2019:05:06 15:09:04 509369 216002.4196
2019:05:06 15:09:04 659795 150417.0187
2019:05:06 15:09:04 818303 132940.4712
2019:05:06 15:09:05 13381 152006.4510
2019:05:06 15:09:05 205390 160033.1850
2019:05:06 15:09:05 365386 112019.6879
2019:05:06 15:09:05 557387 160017.2073
2019:05:06 15:09:05 765389 160017.6431
2019:05:06 15:09:05 993358 199991.5615
2019:05:06 15:09:06 149386 156015.8320
2019:05:06 15:09:06 333359 152001.1462
2019:05:06 15:09:06 470202 136829.6444
2019:05:06 15:09:06 673364 163992.6247
2019:05:06 15:09:06 817390 144015.7108
2019:05:06 15:09:07 25394 168028.8836
2019:05:06 15:09:07 253386 184019.8115
2019:05:06 15:09:07 421387 136029.8358
2019:05:06 15:09:07 637390 176015.7757
2019:05:06 15:09:07 921363 252005.2679
2019:05:06 15:09:08 101384 180011.0079
2019:05:06 15:09:08 349364 216007.7728
2019:05:06 15:09:08 525385 176009.3048
2019:05:06 15:09:08 671710 114342.5554
2019:05:06 15:09:08 833382 119998.0043
2019:05:06 15:09:09 17398 152034.9570
2019:05:06 15:09:09 197383 128011.6141
2019:05:06 15:09:09 365386 136015.7132
2019:05:06 15:09:09 545401 136030.0258
2019:05:06 15:09:09 853373 268012.7062
2019:05:06 15:09:10 37379 183989.2976
2019:05:06 15:09:10 245373 207982.3799
2019:05:06 15:09:10 389415 144022.5802
2019:05:06 15:09:10 581376 184887.9866
2019:05:06 15:09:10 745393 164002.9140
2019:05:06 15:09:10 921387 169301.8265
2019:05:06 15:09:11 101401 132024.4037
2019:05:06 15:09:11 317392 184016.4959
2019:05:06 15:09:11 493407 128030.6727
2019:05:06 15:09:11 661398 136028.1408
2019:05:06 15:09:11 821389 112013.7610
2019:05:06 15:09:12 37421 176038.2839
2019:05:06 15:09:12 221402 136021.9568
2019:05:06 15:09:12 389401 128028.6722
2019:05:06 15:09:12 573403 144026.8904
2019:05:06 15:09:12 749397 136031.2104
2019:05:06 15:09:12 973395 184020.5863
2019:05:06 15:09:13 141402 128029.1155
2019:05:06 15:09:13 365379 183994.7365
2019:05:06 15:09:13 536458 171062.2646
2019:05:06 15:09:13 716699 147337.1796
2019:05:06 15:09:13 889377 135997.6158
2019:05:06 15:09:14 69382 148014.4709
2019:05:06 15:09:14 226635 109270.8930
2019:05:06 15:09:14 405380 152014.4828
2019:05:06 15:09:14 573384 120015.3865
2019:05:06 15:09:14 729387 124023.7392
2019:05:06 15:09:14 945369 175999.9506
2019:05:06 15:09:15 109384 164005.4472
2019:05:06 15:09:15 293386 136014.4205
2019:05:06 15:09:15 461385 128015.4362
2019:05:06 15:09:15 645383 144015.7183
2019:05:06 15:09:15 829379 144015.1446
2019:05:06 15:09:16 11645 142271.1574
2019:05:06 15:09:16 221368 168001.7933
2019:05:06 15:09:16 481365 219999.9839
2019:05:06 15:09:16 649385 168011.3189
2019:05:06 15:09:16 833390 136023.4916
2019:05:06 15:09:17 37371 163999.2334
2019:05:06 15:09:17 181387 144006.4199
2019:05:06 15:09:17 349377 128007.3822
2019:05:06 15:09:17 521391 140027.0835
2019:05:06 15:09:17 680315 110941.6448
2019:05:06 15:09:17 853392 148034.9898
2019:05:06 15:09:18 93386 192027.2522
2019:05:06 15:09:18 301378 176024.0868
2019:05:06 15:09:18 509381 168013.4311
2019:05:06 15:09:18 921386 372014.9733
2019:05:06 15:09:19 117383 156012.5910
2019:05:06 15:09:19 333383 176020.5217
2019:05:06 15:09:19 525389 144020.0321
2019:05:06 15:09:19 701402 136034.7196
2019:05:06 15:09:19 925358 183981.4670
2019:05:06 15:09:20 93383 163641.2218
2019:05:06 15:09:20 237388 136412.5647
2019:05:06 15:09:20 413379 136005.5581
2019:05:06 15:09:20 597387 136019.4460
2019:05:06 15:09:20 997388 352024.3727
2019:05:06 15:09:21 189385 144016.0833
2019:05:06 15:09:21 373385 136012.9341
2019:05:06 15:09:21 569384 160018.7086
2019:05:06 15:09:21 769392 160035.6661
2019:05:06 15:09:22 10972 201614.1675
2019:05:06 15:09:22 229383 212326.1504
2019:05:06 15:09:22 407442 130080.3646
2019:05:06 15:09:22 577386 132015.9584
2019:05:06 15:09:22 773379 136004.9248
2019:05:06 15:09:22 941390 136021.4464
2019:05:06 15:09:23 157388 120010.7969
2019:05:06 15:09:23 381361 159991.3836
2019:05:06 15:09:23 551434 170061.7261
2019:05:06 15:09:23 685388 128255.5945
2019:05:06 15:09:23 901364 176004.8233
2019:05:06 15:09:24 69398 168022.6587
2019:05:06 15:09:24 245385 136014.6999
2019:05:06 15:09:24 501366 215990.6328
2019:05:06 15:09:24 639296 137920.5920
2019:05:06 15:09:24 803124 129747.5398
2019:05:06 15:09:24 977393 136020.1910
2019:05:06 15:09:25 118489 101119.3320
2019:05:06 15:09:25 275754 126388.0655
2019:05:06 15:09:25 453381 144014.9918
2019:05:06 15:09:25 621393 132034.4098
2019:05:06 15:09:25 781383 153767.0568
2019:05:06 15:09:25 947122 133757.4869
2019:05:06 15:09:26 320261 346895.6500
2019:05:06 15:09:26 510764 161398.1053
2019:05:06 15:09:26 657388 141712.6916
2019:05:06 15:09:26 818168 120804.3955
2019:05:06 15:09:26 979355 121988.7398
2019:05:06 15:09:27 135802 118432.0338
2019:05:06 15:09:27 297605 124239.5714
2019:05:06 15:09:27 493387 160023.2683
2019:05:06 15:09:27 653389 120019.5663
2019:05:06 15:09:27 893357 199999.1797
2019:05:06 15:09:28 53384 158661.3320
2019:05:06 15:09:28 253394 160035.5580
2019:05:06 15:09:28 493375 200013.4736
2019:05:06 15:09:28 701357 207968.1903
2019:05:06 15:09:28 901362 195625.1226
2019:05:06 15:09:29 61393 160018.8874
2019:05:06 15:09:29 261401 160042.8112
2019:05:06 15:09:29 465388 164030.3098
2019:05:06 15:09:29 665360 193695.7352
2019:05:06 15:09:29 865363 199961.8448
2019:05:06 15:09:30 25394 160022.2625
2019:05:06 15:09:30 224476 159115.5902
2019:05:06 15:09:30 421363 159969.2591
2019:05:06 15:09:30 613387 192014.6793
2019:05:06 15:09:30 779080 125711.4485
2019:05:06 15:09:30 936767 123399.3843
2019:05:06 15:09:31 133385 160027.4406
2019:05:06 15:09:31 299241 125875.0372
2019:05:06 15:09:31 493389 160018.1535
2019:05:06 15:09:31 693381 160021.8527
2019:05:06 15:09:31 853363 153536.5805
2019:05:06 15:09:32 13378 160006.1171
2019:05:06 15:09:32 173389 120026.0073
2019:05:06 15:09:32 333395 120026.5512
2019:05:06 15:09:32 498947 125583.8536
2019:05:06 15:09:32 697403 164032.8690
2019:05:06 15:09:32 897392 160013.2547
2019:05:06 15:09:33 93380 156022.1165
2019:05:06 15:09:33 293362 160001.0842
2019:05:06 15:09:33 481387 188016.0086
2019:05:06 15:09:33 665385 148021.2249
2019:05:06 15:09:33 841383 136016.0410
2019:05:06 15:09:34 41379 168024.2345
2019:05:06 15:09:34 213393 132014.3491
2019:05:06 15:09:34 453363 200005.2221
2019:05:06 15:09:34 609958 156585.0265
2019:05:06 15:09:34 773360 123994.4249
2019:05:06 15:09:34 969379 160016.3430
2019:05:06 15:09:35 139553 130185.9133
2019:05:06 15:09:35 293383 120016.8803
2019:05:06 15:09:35 493386 160028.1484
2019:05:06 15:09:35 693361 159996.2302
2019:05:06 15:09:35 858797 165425.2186
2019:05:06 15:09:36 29385 136012.3977
2019:05:06 15:09:36 213115 135746.1810
2019:05:06 15:09:36 341398 96039.5671
2019:05:06 15:09:36 497379 108007.5353
2019:05:06 15:09:36 701365 175996.6277
2019:05:06 15:09:36 861385 160009.3357
2019:05:06 15:09:37 37370 144001.8974
2019:05:06 15:09:37 213393 176006.4699
2019:05:06 15:09:37 381386 136023.0409
2019:05:06 15:09:37 561384 136022.0127
2019:05:06 15:09:37 817386 216012.6604
2019:05:06 15:09:38 81364 215994.4959
2019:05:06 15:09:38 218842 137466.4679
2019:05:06 15:09:38 413364 151998.6913
2019:05:06 15:09:38 607403 194025.7326
2019:05:06 15:09:38 825379 188022.5204
2019:05:06 15:09:39 21380 148007.2029
2019:05:06 15:09:39 217383 164008.4237
2019:05:06 15:09:39 393393 168210.0743
2019:05:06 15:09:39 593399 160029.4150
2019:05:06 15:09:39 797395 164038.5017
2019:05:06 15:09:39 957382 152610.5963
2019:05:06 15:09:40 114418 117058.2026
2019:05:06 15:09:40 273383 120015.4796
2019:05:06 15:09:40 473388 160030.2681
2019:05:06 15:09:40 713358 199999.7795
2019:05:06 15:09:40 969389 251676.8910
2019:05:06 15:09:41 145386 144021.9581
2019:05:06 15:09:41 329387 136018.5519
2019:05:06 15:09:41 497384 136016.6892
2019:05:06 15:09:41 681387 136016.7190
2019:05:06 15:09:41 857396 142012.1901
2019:05:06 15:09:42 41392 144008.4316
2019:05:06 15:09:42 225397 144017.8081
2019:05:06 15:09:42 409393 144013.3154
2019:05:06 15:09:42 577394 128016.2595
2019:05:06 15:09:42 769397 160035.9492
2019:05:06 15:09:42 977398 168034.7510
2019:05:06 15:09:43 170863 153484.1955
2019:05:06 15:09:43 369387 160013.3777
2019:05:06 15:09:43 529397 152090.8289
2019:05:06 15:09:43 769375 199997.4772
2019:05:06 15:09:43 935524 166135.6948
2019:05:06 15:09:44 129372 159996.8262
2019:05:06 15:09:44 289399 160014.5251
2019:05:06 15:09:44 489374 159998.2455
2019:05:06 15:09:44 654808 165420.9010
2019:05:06 15:09:44 849396 160021.7856
2019:05:06 15:09:45 49398 160020.8133
2019:05:06 15:09:45 209397 120013.0358
2019:05:06 15:09:45 369394 120013.9932
2019:05:06 15:09:45 569396 160015.4862
2019:05:06 15:09:45 725399 116021.2681
2019:05:06 15:09:45 889392 128009.8110
2019:05:06 15:09:46 89382 160011.0717
2019:05:06 15:09:46 289380 160013.2361
2019:05:06 15:09:46 449381 120016.2433
2019:05:06 15:09:46 649366 159997.1615
2019:05:06 15:09:46 853079 203703.3252
2019:05:06 15:09:47 49381 160018.6117
2019:05:06 15:09:47 209383 120017.8415
2019:05:06 15:09:47 369393 120027.0243
2019:05:06 15:09:47 569391 160020.3104
2019:05:06 15:09:47 737835 128468.3719
2019:05:06 15:09:47 897378 149280.1011
2019:05:06 15:09:48 76524 151155.6506
2019:05:06 15:09:48 233392 148299.5860
2019:05:06 15:09:48 437363 181839.4288
2019:05:06 15:09:48 618831 181458.1156
2019:05:06 15:09:48 758919 119705.2747
2019:05:06 15:09:48 916978 134323.7460
2019:05:06 15:09:49 54270 126220.6957
2019:05:06 15:09:49 217611 145761.1732
2019:05:06 15:09:49 377115 139947.9471
2019:05:06 15:09:49 551949 144648.4327
2019:05:06 15:09:49 717136 147647.0642
2019:05:06 15:09:49 888962 145396.2177
2019:05:06 15:09:50 43400 131913.6545
2019:05:06 15:09:50 197342 144996.1886
2019:05:06 15:09:50 393385 160016.9279
2019:05:06 15:09:50 593377 160011.3213
2019:05:06 15:09:50 789383 156011.4734
2019:05:06 15:09:50 950197 120832.2905
2019:05:06 15:09:51 141359 151991.3599
2019:05:06 15:09:51 341359 199991.4758
2019:05:06 15:09:51 541383 200013.7158
2019:05:06 15:09:51 733391 152021.2926
2019:05:06 15:09:51 905381 153632.4956
2019:05:06 15:09:52 81458 144101.0572
2019:05:06 15:09:52 265359 151994.1799
2019:05:06 15:09:52 437396 144038.3270
2019:05:06 15:09:52 581959 104588.3819
2019:05:06 15:09:52 753186 139831.9788
2019:05:06 15:09:52 949394 160031.9669
2019:05:06 15:09:53 185387 196029.2421
2019:05:06 15:09:53 385378 160011.2692
2019:05:06 15:09:53 625382 200016.2788
2019:05:06 15:09:53 787027 161624.4055
2019:05:06 15:09:54 25401 160031.6018
2019:05:06 15:09:54 228153 162796.0727
2019:05:06 15:09:54 385386 120019.8196
2019:05:06 15:09:54 585395 160035.9008
2019:05:06 15:09:54 745382 153108.5335
2019:05:06 15:09:54 905391 120027.2031
2019:05:06 15:09:55 185378 240011.5579
2019:05:06 15:09:55 385358 159988.2580
2019:05:06 15:09:55 545387 156430.8777
2019:05:06 15:09:55 745380 160020.1502
2019:05:06 15:09:55 945362 160002.4439
2019:05:06 15:09:56 105383 160012.2713
2019:05:06 15:09:56 267113 121751.1818
2019:05:06 15:09:56 449382 144022.6920
2019:05:06 15:09:56 625384 128018.2675
2019:05:06 15:09:56 793395 160110.9691
2019:05:06 15:09:56 993390 160021.8117
2019:05:06 15:09:57 273391 240026.5113
2019:05:06 15:09:57 473383 159999.1992
2019:05:06 15:09:57 673389 199994.5454
2019:05:06 15:09:57 833391 120025.6124
2019:05:06 15:09:57 974045 100678.2837
2019:05:06 15:09:58 137380 128010.2506
2019:05:06 15:09:58 337387 160016.1158
2019:05:06 15:09:58 541388 164023.4105
2019:05:06 15:09:58 733384 160028.8637
2019:05:06 15:09:59 13383 240018.7179
2019:05:06 15:09:59 209387 160023.5961
2019:05:06 15:09:59 409367 160003.8223
2019:05:06 15:09:59 649369 239988.8299
2019:05:06 15:09:59 809392 160013.1951
2019:05:06 15:09:59 969385 120021.8387
2019:05:06 15:10:00 129381 120017.0703
2019:05:06 15:10:00 290917 121551.3200
2019:05:06 15:10:00 489378 160009.5667
2019:05:06 15:10:00 685380 156014.2078
2019:05:06 15:10:00 845394 153083.8311
2019:05:06 15:10:01 5384 152503.4420
2019:05:06 15:10:01 233375 188006.0583
2019:05:06 15:10:01 425375 152016.6732
2019:05:06 15:10:01 613389 148032.3561
2019:05:06 15:10:01 765390 144974.0864
2019:05:06 15:10:01 973362 176004.0186
2019:05:06 15:10:02 129381 156012.7102
2019:05:06 15:10:02 345379 176008.4927
2019:05:06 15:10:02 553385 176015.4329
2019:05:06 15:10:02 737387 136017.8180
2019:05:06 15:10:02 929374 151998.7620
2019:05:06 15:10:03 121385 148013.7408
2019:05:06 15:10:03 326776 125407.2487
2019:05:06 15:10:03 513390 160028.3235
2019:05:06 15:10:03 665381 144083.0268
2019:05:06 15:10:03 845395 140030.4548
2019:05:06 15:10:03 989051 103687.2379
2019:05:06 15:10:04 153380 136015.5120
2019:05:06 15:10:04 297383 138341.9149
2019:05:06 15:10:04 441389 136155.2551
2019:05:06 15:10:04 594445 121079.4151
2019:05:06 15:10:04 775910 134545.1102
2019:05:06 15:10:04 945379 144012.4959
2019:05:06 15:10:05 91295 97932.9497
2019:05:06 15:10:05 265384 136019.6620
2019:05:06 15:10:05 409389 96017.0589
2019:05:06 15:10:05 833893 376517.1282
2019:05:06 15:10:06 45387 168015.6887
2019:05:06 15:10:06 249378 164001.7778
2019:05:06 15:10:06 409386 120019.9947
2019:05:06 15:10:06 573995 124628.3241
2019:05:06 15:10:06 769387 160021.6478
2019:05:06 15:10:06 929385 120017.2417
2019:05:06 15:10:07 129383 160027.0569
2019:05:06 15:10:07 296072 126707.1925
2019:05:06 15:10:07 449381 120016.1576
2019:05:06 15:10:07 612277 122910.1717
2019:05:06 15:10:07 769383 120016.5115
2019:05:06 15:10:07 929382 124014.0460
2019:05:06 15:10:08 89392 120022.2000
2019:05:06 15:10:08 249382 120012.2163
2019:05:06 15:10:08 449380 160018.2503
2019:05:06 15:10:08 609387 120021.9132
2019:05:06 15:10:08 769385 120019.4284
2019:05:06 15:10:08 929383 120016.7201
2019:05:06 15:10:09 129379 160013.6124
2019:05:06 15:10:09 289381 120019.7823
2019:05:06 15:10:09 449391 120027.3037
2019:05:06 15:10:09 609390 120018.7653
2019:05:06 15:10:09 784324 134952.8320
2019:05:06 15:10:09 977377 160008.6316
2019:05:06 15:10:10 217360 199985.7537
2019:05:06 15:10:10 377366 158863.5817
2019:05:06 15:10:10 537383 160007.0149
2019:05:06 15:10:10 777387 200013.0266
2019:05:06 15:10:10 977367 160002.5035
2019:05:06 15:10:11 137385 160007.8791
2019:05:06 15:10:11 297387 120020.8180
2019:05:06 15:10:11 465244 127881.7393
2019:05:06 15:10:11 623773 126406.3790
2019:05:06 15:10:11 780236 122871.0487
2019:05:06 15:10:11 973385 160028.8153
2019:05:06 15:10:12 233390 220031.5371
2019:05:06 15:10:12 402803 129439.1453
2019:05:06 15:10:12 625383 176015.1647
2019:05:06 15:10:12 825388 160012.4538
2019:05:06 15:10:13 1385 136016.8643
2019:05:06 15:10:13 185382 136011.2354
2019:05:06 15:10:13 385385 160022.6760
2019:05:06 15:10:13 582437 149078.8199
2019:05:06 15:10:13 769389 144020.8107
2019:05:06 15:10:14 5403 144024.7111
2019:05:06 15:10:14 193401 144016.6347
2019:05:06 15:10:14 433394 192032.6874
2019:05:06 15:10:14 641402 160022.5046
2019:05:06 15:10:14 865389 184019.9195
2019:05:06 15:10:15 81396 168018.5385
2019:05:06 15:10:15 281393 160022.3146
2019:05:06 15:10:15 465390 152018.7221
2019:05:06 15:10:15 641393 128018.2265
2019:05:06 15:10:15 817392 144025.2773
2019:05:06 15:10:16 1396 136022.8099
2019:05:06 15:10:16 177399 136024.3633
2019:05:06 15:10:16 367299 141919.9556
2019:05:06 15:10:16 530802 129426.7178
2019:05:06 15:10:16 713394 144022.8969
2019:05:06 15:10:16 862978 109607.1117
2019:05:06 15:10:17 17397 128026.6494
2019:05:06 15:10:17 465368 399992.5032
2019:05:06 15:10:17 641395 176009.8487
2019:05:06 15:10:17 841391 168016.0724
2019:05:06 15:10:18 25387 136016.9165
2019:05:06 15:10:18 241361 184005.5622
2019:05:06 15:10:18 385392 144014.1462
2019:05:06 15:10:18 545381 153005.9539
2019:05:06 15:10:18 721394 128028.0910
2019:05:06 15:10:18 945376 192019.3061
2019:05:06 15:10:19 169377 176007.1777
2019:05:06 15:10:19 353377 136015.2587
2019:05:06 15:10:19 552782 151414.5657
2019:05:06 15:10:19 712495 135130.7854
2019:05:06 15:10:19 941356 187979.4262
2019:05:06 15:10:20 105389 163525.2237
2019:05:06 15:10:20 273389 120025.8136
2019:05:06 15:10:20 457382 152014.0395
2019:05:06 15:10:20 633387 128014.7657
2019:05:06 15:10:20 809387 144023.4557
2019:05:06 15:10:20 993383 136017.2518
2019:05:06 15:10:21 209384 184013.3369
2019:05:06 15:10:21 385389 128024.3881
2019:05:06 15:10:21 609380 168022.2638
2019:05:06 15:10:21 813378 176008.3511
2019:05:06 15:10:22 13363 160000.4807
2019:05:06 15:10:22 201354 187981.0654
2019:05:06 15:10:22 441363 199994.9552
2019:05:06 15:10:22 601382 160009.9765
2019:05:06 15:10:22 801365 159998.5287
2019:05:06 15:10:22 964707 163331.4006
2019:05:06 15:10:23 161382 160020.0422
2019:05:06 15:10:23 357366 155999.4407
2019:05:06 15:10:23 513592 156215.7683
2019:05:06 15:10:23 696664 173196.4312
2019:05:06 15:10:23 909390 177986.9199
2019:05:06 15:10:24 101575 156203.3445
2019:05:06 15:10:24 271708 148218.5125
2019:05:06 15:10:24 434765 141404.2711
2019:05:06 15:10:24 581399 140950.9704
2019:05:06 15:10:24 726787 133546.1065
2019:05:06 15:10:24 897377 163683.5635
2019:05:06 15:10:25 51564 122195.3072
2019:05:06 15:10:25 218535 158378.4632
2019:05:06 15:10:25 389382 138695.1916
2019:05:06 15:10:25 534541 134806.3909
2019:05:06 15:10:25 705387 148030.6648
2019:05:06 15:10:25 920411 183053.2774
2019:05:06 15:10:26 89394 149432.7262
2019:05:06 15:10:26 264081 142723.1058
2019:05:06 15:10:26 406178 134631.2501
2019:05:06 15:10:26 571642 132153.6638
2019:05:06 15:10:26 724091 140940.4911
2019:05:06 15:10:26 904619 152741.8941
2019:05:06 15:10:27 60691 145028.7104
2019:05:06 15:10:27 247930 161059.9607
2019:05:06 15:10:27 405628 152806.6024
2019:05:06 15:10:27 581761 156889.6361
2019:05:06 15:10:27 759889 173655.3274
2019:05:06 15:10:27 902442 136815.8460
2019:05:06 15:10:28 49479 141685.5827
2019:05:06 15:10:28 187916 124924.1941
2019:05:06 15:10:28 336605 129028.4023
2019:05:06 15:10:28 504996 153176.9037
2019:05:06 15:10:28 690500 161125.9133
2019:05:06 15:10:28 852259 145394.3215
2019:05:06 15:10:29 71800 208474.5951
2019:05:06 15:10:29 249953 172837.1233
2019:05:06 15:10:29 392528 136443.9167
2019:05:06 15:10:29 549607 142726.0339
2019:05:06 15:10:29 691537 133117.6013
2019:05:06 15:10:29 861948 145473.8639
2019:05:06 15:10:30 41831 122161.9509
2019:05:06 15:10:30 215891 153236.8101
2019:05:06 15:10:30 376393 133545.2385
2019:05:06 15:10:30 523886 136450.0150
2019:05:06 15:10:30 659457 125407.5207
2019:05:06 15:10:30 823668 147487.1002
2019:05:06 15:10:30 989527 146622.3262
2019:05:06 15:10:31 193993 157390.6504
2019:05:06 15:10:31 419293 192609.7833
2019:05:06 15:10:31 589216 163824.6737
2019:05:06 15:10:31 753412 142130.8070
2019:05:06 15:10:31 913990 142553.7504
2019:05:06 15:10:32 92238 145917.3933
2019:05:06 15:10:32 255190 147431.6530
2019:05:06 15:10:32 436198 151969.4775
2019:05:06 15:10:32 590211 144992.2957
2019:05:06 15:10:32 809330 190437.5367
2019:05:06 15:10:32 958065 139715.5151
2019:05:06 15:10:33 125218 134261.4405
2019:05:06 15:10:33 281388 145193.5396
2019:05:06 15:10:33 439304 143823.7615
2019:05:06 15:10:33 607197 134877.3502
2019:05:06 15:10:33 776357 158084.4335
2019:05:06 15:10:33 936501 128626.9277
2019:05:06 15:10:34 63920 111836.5042
2019:05:06 15:10:34 231536 136893.6598
2019:05:06 15:10:34 399029 159423.2321
2019:05:06 15:10:34 562747 158820.6515
2019:05:06 15:10:34 713970 139721.0248
2019:05:06 15:10:34 875329 153178.6285
2019:05:06 15:10:35 18669 137282.7739
2019:05:06 15:10:35 199667 133134.1155
2019:05:06 15:10:35 354119 142968.1964
2019:05:06 15:10:35 498676 126580.5177
2019:05:06 15:10:35 647773 132310.8748
2019:05:06 15:10:35 796436 136812.4895
2019:05:06 15:10:36 169974 358657.3415
2019:05:06 15:10:36 321926 147065.8518
2019:05:06 15:10:36 450687 119761.8060
2019:05:06 15:10:36 601704 140528.7310
2019:05:06 15:10:36 768406 149098.5863
2019:05:06 15:10:36 904813 128636.9488
2019:05:06 15:10:37 59274 140141.5206
2019:05:06 15:10:37 182167 113156.6875
2019:05:06 15:10:37 353329 161720.6298
2019:05:06 15:10:37 504028 145795.5241
2019:05:06 15:10:37 680998 153564.4121
2019:05:06 15:10:37 816948 126911.8637
2019:05:06 15:10:37 978081 146783.3854
2019:05:06 15:10:38 150792 142928.8648
2019:05:06 15:10:38 301428 139172.5652
2019:05:06 15:10:38 470516 138633.2773
2019:05:06 15:10:38 615334 125909.5483
2019:05:06 15:10:38 790659 154862.5156
2019:05:06 15:10:38 971625 142259.6388
2019:05:06 15:10:39 165370 182282.0455
2019:05:06 15:10:39 319243 153864.5364
2019:05:06 15:10:39 516765 165866.3750
2019:05:06 15:10:39 692081 142715.6925
2019:05:06 15:10:39 869396 144033.3463
2019:05:06 15:10:40 33382 132008.1763
2019:05:06 15:10:40 213386 136014.9086
2019:05:06 15:10:40 449367 183999.2665
2019:05:06 15:10:40 649386 200009.5770
2019:05:06 15:10:40 833388 144022.1891
2019:05:06 15:10:41 17381 144015.1781
2019:05:06 15:10:41 193362 136000.1825
2019:05:06 15:10:41 373384 180014.1409
2019:05:06 15:10:41 629364 207994.1407
2019:05:06 15:10:41 845387 216011.2001
2019:05:06 15:10:42 69364 191998.4706
2019:05:06 15:10:42 261364 191986.3522
2019:05:06 15:10:42 653358 391979.1579
2019:05:06 15:10:42 837385 181985.8700
2019:05:06 15:10:43 41385 156001.2028
2019:05:06 15:10:43 249377 172016.4828
2019:05:06 15:10:43 397381 128012.5454
2019:05:06 15:10:43 538917 109551.0237
2019:05:06 15:10:43 693401 120017.5472
2019:05:06 15:10:43 869398 136034.1944
2019:05:06 15:10:44 57377 155998.8894
2019:05:06 15:10:44 233409 154255.7888
2019:05:06 15:10:44 749364 484006.5800
2019:05:06 15:10:44 937385 188009.6048
2019:05:06 15:10:45 149378 164003.0593
2019:05:06 15:10:45 373365 191996.2130
2019:05:06 15:10:45 565375 192000.0613
2019:05:06 15:10:45 712568 115210.2053
2019:05:06 15:10:45 889412 128033.1947
2019:05:06 15:10:46 57398 136023.1116
2019:05:06 15:10:46 253387 161988.1168
2019:05:06 15:10:46 453395 160024.1587
2019:05:06 15:10:46 653373 159997.6234
2019:05:06 15:10:46 814881 161493.9682
2019:05:06 15:10:46 973403 120031.4797
2019:05:06 15:10:47 165393 152021.1324
2019:05:06 15:10:47 325405 153398.3126
2019:05:06 15:10:47 485400 120024.8748
2019:05:06 15:10:47 645407 120032.5750
2019:05:06 15:10:47 861375 176013.0674
2019:05:06 15:10:48 6773 145385.1685
2019:05:06 15:10:48 161397 120019.5625
2019:05:06 15:10:48 333416 136040.1362
2019:05:06 15:10:48 517399 152028.1881
2019:05:06 15:10:48 717405 160028.4837
2019:05:06 15:10:48 875985 126613.1513
2019:05:06 15:10:49 85403 176039.7404
2019:05:06 15:10:49 259353 141977.2394
2019:05:06 15:10:49 434661 141284.6521
2019:05:06 15:10:49 577222 107844.0435
2019:05:06 15:10:49 749397 128017.2579
2019:05:06 15:10:49 909389 120016.4780
2019:05:06 15:10:50 192809 203447.3903
2019:05:06 15:10:50 393366 164009.1389
2019:05:06 15:10:50 553382 160007.3464
2019:05:06 15:10:50 713387 152791.5858
2019:05:06 15:10:50 873393 120031.0141
2019:05:06 15:10:51 109373 156007.3234
2019:05:06 15:10:51 309363 199980.1397
2019:05:06 15:10:51 509385 200013.8760
2019:05:06 15:10:51 669386 120014.6116
2019:05:06 15:10:51 871689 160556.1152
2019:05:06 15:10:52 69361 192373.6408
2019:05:06 15:10:52 305368 235997.5651
2019:05:06 15:10:52 505364 199984.8783
2019:05:06 15:10:52 665383 160005.9606
2019:05:06 15:10:52 865390 160022.1209
2019:05:06 15:10:53 33298 127927.1618
2019:05:06 15:10:53 301383 236025.0466
2019:05:06 15:10:53 467064 125698.3355
2019:05:06 15:10:53 621382 120016.9325
2019:05:06 15:10:53 825365 163997.2441
2019:05:06 15:10:53 993392 168015.8712
2019:05:06 15:10:54 176841 150293.8978
2019:05:06 15:10:54 373366 160006.4784
2019:05:06 15:10:54 533393 160017.2967
2019:05:06 15:10:54 973377 400006.0707
2019:05:06 15:10:55 127092 113724.9582
2019:05:06 15:10:55 325381 160013.8098
2019:05:06 15:10:55 525377 160018.6378
2019:05:06 15:10:55 725366 160005.6663
2019:05:06 15:10:55 881382 156006.3213
2019:05:06 15:10:56 81369 160008.3001
2019:05:06 15:10:56 241388 160004.8058
2019:05:06 15:10:56 441365 160006.9255
2019:05:06 15:10:56 606996 165620.0923
2019:05:06 15:10:56 801376 159995.7719
2019:05:06 15:10:56 960869 119502.2501
2019:05:06 15:10:57 157364 165374.0816
2019:05:06 15:10:57 333389 176013.5368
2019:05:06 15:10:57 522845 157487.6532
2019:05:06 15:10:57 677387 120021.4066
2019:05:06 15:10:57 833378 150398.2656
2019:05:06 15:10:57 997386 120021.8238
2019:05:06 15:10:58 197378 160011.2654
2019:05:06 15:10:58 398546 161187.6823
2019:05:06 15:10:58 597364 193116.1396
2019:05:06 15:10:58 805385 208008.6805
2019:05:06 15:10:58 989392 136016.4583
2019:05:06 15:10:59 149381 120010.8193
2019:05:06 15:10:59 325380 136011.8315
2019:05:06 15:10:59 469384 104017.9394
2019:05:06 15:10:59 622781 121423.7101
2019:05:06 15:10:59 813389 144018.5755
2019:05:06 15:10:59 977379 132010.2289
2019:05:06 15:11:00 157386 132017.2884
2019:05:06 15:11:00 345390 168028.7123
2019:05:06 15:11:00 529386 136017.8962
2019:05:06 15:11:00 739363 177996.2964
2019:05:06 15:11:00 985362 199989.5386
2019:05:06 15:11:01 181381 164014.3543
2019:05:06 15:11:01 405387 176020.0486
2019:05:06 15:11:01 619015 181653.9876
2019:05:06 15:11:01 797383 178358.6368
2019:05:06 15:11:02 41377 183985.6096
2019:05:06 15:11:02 237394 156020.0155
2019:05:06 15:11:02 461383 184014.1863
2019:05:06 15:11:02 629388 136024.1510
2019:05:06 15:11:02 805377 136000.8046
2019:05:06 15:11:02 973379 128013.8530
2019:05:06 15:11:03 133387 120019.6035
2019:05:06 15:11:03 289059 107687.9799
2019:05:06 15:11:03 477383 160016.3206
2019:05:06 15:11:03 661385 136014.6776
2019:05:06 15:11:03 889384 180015.9737
2019:05:06 15:11:04 117386 177950.4195
2019:05:06 15:11:04 290877 135493.0997
2019:05:06 15:11:04 453385 136009.8533
2019:05:06 15:11:04 609184 107819.0953
2019:05:06 15:11:04 789388 152026.5415
2019:05:06 15:11:04 965388 128018.3271
2019:05:06 15:11:05 97391 100024.6853
2019:05:06 15:11:05 277397 140032.0828
2019:05:06 15:11:05 445383 128016.8705
2019:05:06 15:11:05 611799 134431.8353
2019:05:06 15:11:05 781381 128021.8102
2019:05:06 15:11:05 945381 116010.0549
2019:05:06 15:11:06 133381 144011.4975
2019:05:06 15:11:06 329383 148015.1378
2019:05:06 15:11:06 477383 120016.7313
2019:05:06 15:11:06 679325 169958.3232
2019:05:06 15:11:06 817271 125579.7110
2019:05:06 15:11:06 949616 124218.1845
2019:05:06 15:11:07 141210 173672.5084
2019:05:06 15:11:07 296831 152361.6314
2019:05:06 15:11:07 477380 173187.4049
2019:05:06 15:11:07 636788 135433.0257
2019:05:06 15:11:07 787919 130557.9096
2019:05:06 15:11:07 965383 149173.3715
2019:05:06 15:11:08 137379 161441.4789
2019:05:06 15:11:08 324900 147532.9883
2019:05:06 15:11:08 488317 126953.6540
2019:05:06 15:11:08 646445 133080.4154
2019:05:06 15:11:08 833383 160006.6908
2019:05:06 15:11:09 53365 179996.1515
2019:05:06 15:11:09 213379 160002.2651
2019:05:06 15:11:09 373384 120011.3818
2019:05:06 15:11:09 535249 121884.2082
2019:05:06 15:11:09 693385 120016.5041
2019:05:06 15:11:09 849390 116018.9845
2019:05:06 15:11:10 49382 160009.6077
2019:05:06 15:11:10 253387 164030.8425
2019:05:06 15:11:10 413383 120015.2859
2019:05:06 15:11:10 573384 120012.4398
2019:05:06 15:11:10 773384 160017.9970
2019:05:06 15:11:10 973388 160023.5067
2019:05:06 15:11:11 177385 164011.4486
2019:05:06 15:11:11 343968 126599.1330
2019:05:06 15:11:11 533391 156035.2407
2019:05:06 15:11:11 721380 152016.5689
2019:05:06 15:11:11 893568 132208.5559
2019:05:06 15:11:12 61386 128015.8535
2019:05:06 15:11:12 247504 146139.3610
2019:05:06 15:11:12 435506 162149.4889
2019:05:06 15:11:12 673386 208021.4582
2019:05:06 15:11:12 881380 168006.7070
2019:05:06 15:11:13 49380 136016.2422
2019:05:06 15:11:13 301361 212000.9400
2019:05:06 15:11:13 463500 162129.7710
2019:05:06 15:11:13 613381 140027.0835
2019:05:06 15:11:13 861365 207998.9724
2019:05:06 15:11:14 93395 232020.6985
2019:05:06 15:11:14 255259 125904.0236
2019:05:06 15:11:14 413384 128018.2675
2019:05:06 15:11:14 573382 128020.6181
2019:05:06 15:11:14 757387 152018.8786
2019:05:06 15:11:14 917388 120020.5982
2019:05:06 15:11:15 117379 160012.2415
2019:05:06 15:11:15 277381 120009.8358
2019:05:06 15:11:15 477356 159990.7987
2019:05:06 15:11:15 677382 160017.5127
2019:05:06 15:11:15 837390 120025.1579
2019:05:06 15:11:16 5400 128033.2915
2019:05:06 15:11:16 161419 116052.0837
2019:05:06 15:11:16 361377 192138.8209
2019:05:06 15:11:16 561380 160007.6668
2019:05:06 15:11:16 801377 200018.9088
2019:05:06 15:11:17 1364 199980.7097
2019:05:06 15:11:17 165385 164010.8339
2019:05:06 15:11:17 365380 160010.3602
2019:05:06 15:11:17 525385 120013.1103
2019:05:06 15:11:17 685383 120016.9995
2019:05:06 15:11:17 865365 139998.1529
2019:05:06 15:11:18 17400 152024.2393
2019:05:06 15:11:18 200012 150652.9897
2019:05:06 15:11:18 369396 162493.6052
2019:05:06 15:11:18 571047 161683.7718
2019:05:06 15:11:18 745387 144013.6209
2019:05:06 15:11:18 905394 120023.3772
2019:05:06 15:11:19 97397 160035.3830
2019:05:06 15:11:19 303095 173629.5260
2019:05:06 15:11:19 472636 131272.5991
2019:05:06 15:11:19 653398 152026.8954
2019:05:06 15:11:19 841395 148021.9811
2019:05:06 15:11:20 7136 133755.2518
2019:05:06 15:11:20 249390 196014.9035
2019:05:06 15:11:20 421402 158249.3931
2019:05:06 15:11:20 573397 120021.3693
2019:05:06 15:11:20 805391 152016.0288
2019:05:06 15:11:21 25392 188019.1416
2019:05:06 15:11:21 180192 154787.2536
2019:05:06 15:11:21 349390 136024.7917
2019:05:06 15:11:21 517395 136019.9675
2019:05:06 15:11:21 685397 120026.6145
2019:05:06 15:11:21 853397 128010.5412
2019:05:06 15:11:22 37380 151997.3539
2019:05:06 15:11:22 189388 112026.0060
2019:05:06 15:11:22 349385 128027.8154
2019:05:06 15:11:22 597364 216009.5908
2019:05:06 15:11:22 805367 207985.7737
2019:05:06 15:11:22 935650 130269.5572
2019:05:06 15:11:23 125362 156006.2096
2019:05:06 15:11:23 293383 168012.0043
2019:05:06 15:11:23 485385 152017.3885
2019:05:06 15:11:23 690162 164793.8937
2019:05:06 15:11:23 887384 162015.7845
2019:05:06 15:11:24 45388 157996.4571
2019:05:06 15:11:24 211098 125725.1389
2019:05:06 15:11:24 381379 144015.1483
2019:05:06 15:11:24 565388 136025.5592
2019:05:06 15:11:24 777383 180024.3817
2019:05:06 15:11:24 961464 136090.6586
2019:05:06 15:11:25 125397 132020.2425
2019:05:06 15:11:25 358373 181010.5108
2019:05:06 15:11:25 509380 124015.6814
2019:05:06 15:11:25 701375 160009.0340
2019:05:06 15:11:25 881381 140014.8794
2019:05:06 15:11:26 41384 152627.3191
2019:05:06 15:11:26 213386 140016.6042
2019:05:06 15:11:26 346271 100904.6659
2019:05:06 15:11:26 525384 152013.0858
2019:05:06 15:11:26 741384 176028.1771
2019:05:06 15:11:26 941396 160025.0900
2019:05:06 15:11:27 101383 120013.3301
2019:05:06 15:11:27 261382 152477.1489
2019:05:06 15:11:27 413380 112012.6396
2019:05:06 15:11:27 573385 120003.2122
2019:05:06 15:11:27 733397 120031.5729
2019:05:06 15:11:27 929380 156013.5335
2019:05:06 15:11:28 89386 120027.5123
2019:05:06 15:11:28 273383 140003.2826
2019:05:06 15:11:28 433383 154226.0870
2019:05:06 15:11:28 633384 160003.6621
2019:05:06 15:11:28 833376 160008.3597
2019:05:06 15:11:29 33380 160013.9998
2019:05:06 15:11:29 191337 117969.7141
2019:05:06 15:11:29 389396 160036.3404
2019:05:06 15:11:29 629372 200006.6265
2019:05:06 15:11:30 69366 439982.3472
2019:05:06 15:11:30 229388 160011.4517
2019:05:06 15:11:30 429367 192771.6695
2019:05:06 15:11:30 629406 200026.5233
2019:05:06 15:11:30 789387 120024.2713
2019:05:06 15:11:30 949697 120331.4997
2019:05:06 15:11:31 149364 160003.2635
2019:05:06 15:11:31 309391 160016.9502
2019:05:06 15:11:31 469391 120021.0713
2019:05:06 15:11:31 901369 426160.4100
2019:05:06 15:11:32 61405 160021.8266
2019:05:06 15:11:32 257381 156003.5273
2019:05:06 15:11:32 462719 165349.9193
2019:05:06 15:11:32 657379 160013.9290
2019:05:06 15:11:32 823177 125800.8108
2019:05:06 15:11:33 17358 159994.2520
2019:05:06 15:11:33 181364 160813.8420
2019:05:06 15:11:33 381366 199992.8206
2019:05:06 15:11:33 621383 240008.6075
2019:05:06 15:11:33 781380 120012.7415
2019:05:06 15:11:34 9364 209305.5248
2019:05:06 15:11:34 164627 155252.6020
2019:05:06 15:11:34 337381 136014.8787
2019:05:06 15:11:34 497227 119862.9364
2019:05:06 15:11:34 653395 128032.9973
2019:05:06 15:11:34 821386 128018.1706
2019:05:06 15:11:34 976427 111053.5152
2019:05:06 15:11:35 137380 116006.3706
2019:05:06 15:11:35 289383 120014.3807
2019:05:06 15:11:35 481387 152022.6970
2019:05:06 15:11:35 693378 172018.3939
2019:05:06 15:11:35 893368 159997.6085
2019:05:06 15:11:36 69401 176023.4758
2019:05:06 15:11:36 226063 136707.1755
2019:05:06 15:11:36 437382 180024.7803
2019:05:06 15:11:36 621376 144011.8141
2019:05:06 15:11:36 762651 131084.4980
2019:05:06 15:11:36 923228 125862.5910
2019:05:06 15:11:37 113382 156004.1197
2019:05:06 15:11:37 305389 160026.0139
2019:05:06 15:11:37 485381 160019.4387
2019:05:06 15:11:37 645383 120017.7334
2019:05:06 15:11:37 805943 120574.4706
2019:05:06 15:11:37 999393 154026.9181
2019:05:06 15:11:38 185256 185854.6175
2019:05:06 15:11:38 381366 160000.4099
2019:05:06 15:11:38 545383 164007.6041
2019:05:06 15:11:38 701380 120056.1933
2019:05:06 15:11:38 867244 125878.5538
2019:05:06 15:11:39 21395 120030.4404
2019:05:06 15:11:39 185390 124020.4126
2019:05:06 15:11:39 317372 92001.4605
2019:05:06 15:11:39 477380 120013.7958
2019:05:06 15:11:39 621389 137724.8801
2019:05:06 15:11:39 773394 136040.5236
2019:05:06 15:11:39 979290 161351.9676
2019:05:06 15:11:40 175481 158119.9653
2019:05:06 15:11:40 361382 154005.8106
2019:05:06 15:11:40 561394 160020.5414
2019:05:06 15:11:40 728423 123049.5535
2019:05:06 15:11:40 883247 117880.8510
2019:05:06 15:11:41 32327 110953.1075
2019:05:06 15:11:41 217385 148014.7243
2019:05:06 15:11:41 405394 140025.0234
2019:05:06 15:11:41 645362 200004.0710
2019:05:06 15:11:41 805379 160007.9872
2019:05:06 15:11:41 973136 127767.1754
2019:05:06 15:11:42 125390 122013.4608
2019:05:06 15:11:42 353363 188002.5603
2019:05:06 15:11:42 517402 164030.2464
2019:05:06 15:11:42 725385 168017.0707
2019:05:06 15:11:42 921042 155674.7742
2019:05:06 15:11:43 77385 120019.0336
2019:05:06 15:11:43 241378 155293.1219
2019:05:06 15:11:43 401386 152697.3620
2019:05:06 15:11:43 605398 164030.9915
2019:05:06 15:11:43 805393 160022.9889
2019:05:06 15:11:44 5390 160022.3780
2019:05:06 15:11:44 165387 120024.2490
2019:05:06 15:11:44 317406 116048.1945
2019:05:06 15:11:44 480722 123356.2231
2019:05:06 15:11:44 672812 155433.4126
2019:05:06 15:11:44 869364 160001.0283
2019:05:06 15:11:45 29388 160013.3404
2019:05:06 15:11:45 197104 127727.1919
2019:05:06 15:11:45 341391 108023.9266
2019:05:06 15:11:45 501381 120016.9176
2019:05:06 15:11:45 669385 128012.3591
2019:05:06 15:11:45 829388 120022.1926
2019:05:06 15:11:46 53386 184013.9665
2019:05:06 15:11:46 257365 160000.2162
2019:05:06 15:11:46 409381 152005.6315
2019:05:06 15:11:46 614725 165361.8291
2019:05:06 15:11:46 813379 160011.8540
2019:05:06 15:11:47 5377 157992.2847
2019:05:06 15:11:47 201383 195998.3893
2019:05:06 15:11:47 397393 156033.3855
2019:05:06 15:11:47 597399 160032.7119
2019:05:06 15:11:47 757395 153486.4195
2019:05:06 15:11:47 957383 160024.0357
2019:05:06 15:11:48 118759 121400.5686
2019:05:06 15:11:48 329395 176026.6498
2019:05:06 15:11:48 613372 202546.0713
2019:05:06 15:11:48 777393 164011.1804
2019:05:06 15:11:49 13362 203999.9105
2019:05:06 15:11:49 209377 196005.2960
2019:05:06 15:11:49 421366 204482.8497
2019:05:06 15:11:49 581391 160016.7491
2019:05:06 15:11:49 789367 166990.2019
2019:05:06 15:11:49 949401 160023.8308
2019:05:06 15:11:50 149398 160021.3125
2019:05:06 15:11:50 313401 124032.4304
2019:05:06 15:11:50 480890 127509.4040
2019:05:06 15:11:50 629424 116049.9342
2019:05:06 15:11:50 865376 196005.4450
2019:05:06 15:11:51 41391 176000.4312
2019:05:06 15:11:51 205414 139889.2254
2019:05:06 15:11:51 389367 147993.4789
2019:05:06 15:11:51 543461 114080.6824
2019:05:06 15:11:51 741414 167226.8957
2019:05:06 15:11:51 869401 104026.6119
2019:05:06 15:11:52 5406 129347.2312
2019:05:06 15:11:52 201398 175781.7157
2019:05:06 15:11:52 302035 92658.6203
2019:05:06 15:11:52 429397 96022.5277
2019:05:06 15:11:52 545398 109441.1351
2019:05:06 15:11:52 657124 106445.0517
2019:05:06 15:11:52 809398 123949.3005
2019:05:06 15:11:52 973462 156125.2438
2019:05:06 15:11:53 69199 95723.2453
2019:05:06 15:11:53 209373 136490.2668
2019:05:06 15:11:53 345368 135982.7854
2019:05:06 15:11:53 457377 111993.5811
2019:05:06 15:11:53 538165 80772.8544
2019:05:06 15:11:53 622804 57423.9865
2019:05:06 15:11:53 721388 88182.1997
2019:05:06 15:11:53 822290 96127.2568
2019:05:06 15:11:53 912962 71581.3749
2019:05:06 15:11:54 1395 84384.4935
2019:05:06 15:11:54 73381 65454.3117
2019:05:06 15:11:54 148026 46657.3983
2019:05:06 15:11:54 253370 72002.9622
2019:05:06 15:11:54 341342 47972.9250
2019:05:06 15:11:54 461363 95998.0637
2019:05:06 15:11:54 532201 70829.9093
2019:05:06 15:11:54 600611 43256.5473
2019:05:06 15:11:54 708587 82318.8089
