
# OSU MPI Allreduce Latency Test v5.6.1
# Size       Avg Latency(us)
65536              160499.80
2019:05:06 15:05:51 53382 160013.4671
2019:05:06 15:05:51 183455 86068.4998
2019:05:06 15:05:51 337384 120011.2700
2019:05:06 15:05:51 497384 120023.3027
2019:05:06 15:05:51 677386 140024.7812
2019:05:06 15:05:51 917363 200007.9304
2019:05:06 15:05:52 69395 152018.1820
2019:05:06 15:05:52 229394 116028.3387
2019:05:06 15:05:52 385379 120014.0417
2019:05:06 15:05:52 541384 116014.0969
2019:05:06 15:05:52 709384 128000.2408
2019:05:06 15:05:52 831203 81839.8073
2019:05:06 15:05:52 989386 120018.2401
2019:05:06 15:05:53 113388 116317.1530
2019:05:06 15:05:53 273384 120021.9840
2019:05:06 15:05:53 485384 172011.5952
2019:05:06 15:05:53 645386 120018.8696
2019:05:06 15:05:53 814243 120877.1914
2019:05:06 15:05:53 961392 114006.2809
2019:05:06 15:05:54 161364 160007.2607
2019:05:06 15:05:54 317362 155987.8848
2019:05:06 15:05:54 477385 160014.3053
2019:05:06 15:05:54 645381 124014.2174
2019:05:06 15:05:54 777386 96029.1885
2019:05:06 15:05:55 145383 120020.3486
2019:05:06 15:05:55 257379 72011.5043
2019:05:06 15:05:55 385381 96011.7094
2019:05:06 15:05:55 495656 78291.9265
2019:05:06 15:05:55 653394 124029.7854
2019:05:06 15:05:55 813382 124022.1560
2019:05:06 15:05:56 5363 159999.2961
2019:05:06 15:05:56 161363 155989.7028
2019:05:06 15:05:56 325392 164019.0557
2019:05:06 15:05:56 577365 212006.4795
2019:05:06 15:05:56 781386 204007.7746
2019:05:06 15:05:56 941398 120030.3398
2019:05:06 15:05:57 129381 152013.5850
2019:05:06 15:05:57 297384 128017.2952
2019:05:06 15:05:57 461385 116022.8550
2019:05:06 15:05:57 653378 144000.5898
2019:05:06 15:05:57 805393 128030.8291
2019:05:06 15:05:57 976498 125114.2956
2019:05:06 15:05:58 153386 148021.9029
2019:05:06 15:05:58 337390 132004.7639
2019:05:06 15:05:58 557384 176017.2993
2019:05:06 15:05:58 773362 167998.2245
2019:05:06 15:05:58 953382 180010.9409
2019:05:06 15:05:59 129391 124025.0841
2019:05:06 15:05:59 313384 152018.9345
2019:05:06 15:05:59 497383 136008.3260
2019:05:06 15:05:59 693362 163998.9577
2019:05:06 15:05:59 885365 191994.0189
2019:05:06 15:06:00 37399 152024.1983
2019:05:06 15:06:00 213383 136012.9267
2019:05:06 15:06:00 409393 160036.1504
2019:05:06 15:06:00 605391 156032.4840
2019:05:06 15:06:00 805377 160001.8442
2019:05:06 15:06:00 965384 120011.4936
2019:05:06 15:06:01 169387 156028.5464
2019:05:06 15:06:01 329387 152726.7434
2019:05:06 15:06:01 525381 156013.4515
2019:05:06 15:06:01 689407 124046.2475
2019:05:06 15:06:01 876619 171253.7706
2019:05:06 15:06:02 53363 143990.5502
2019:05:06 15:06:02 241362 187989.3318
2019:05:06 15:06:02 397381 156010.7730
2019:05:06 15:06:02 537392 133238.8967
2019:05:06 15:06:02 677394 100006.9864
2019:05:06 15:06:02 845390 136026.3228
2019:05:06 15:06:03 49382 164013.2852
2019:05:06 15:06:03 249364 160000.1678
2019:05:06 15:06:03 409381 160007.9723
2019:05:06 15:06:03 572303 122936.7852
2019:05:06 15:06:03 737388 124019.5781
2019:05:06 15:06:03 933379 156009.5176
2019:05:06 15:06:04 97391 156869.5419
2019:05:06 15:06:04 301387 164028.1640
2019:05:06 15:06:04 537361 196001.9954
2019:05:06 15:06:04 707651 170280.6689
2019:05:06 15:06:04 869840 148484.7404
2019:05:06 15:06:05 41386 128019.4446
2019:05:06 15:06:05 253364 172004.5283
2019:05:06 15:06:05 433386 180015.4224
2019:05:06 15:06:05 577392 112023.8118
2019:05:06 15:06:05 777363 160004.1874
2019:05:06 15:06:05 937384 160011.5076
2019:05:06 15:06:06 133382 156013.3658
2019:05:06 15:06:06 333372 160001.9112
2019:05:06 15:06:06 493381 160000.5925
2019:05:06 15:06:06 653387 120021.8275
2019:05:06 15:06:06 820707 127341.1848
2019:05:06 15:06:06 973390 120027.2255
2019:05:06 15:06:07 149377 136004.2617
2019:05:06 15:06:07 309381 128017.7161
2019:05:06 15:06:07 469388 128022.1790
2019:05:06 15:06:07 629387 128023.0209
2019:05:06 15:06:07 837385 168015.0405
2019:05:06 15:06:08 29390 144024.9719
2019:05:06 15:06:08 213399 144040.8044
2019:05:06 15:06:08 413385 160006.8435
2019:05:06 15:06:08 613394 160027.4034
2019:05:06 15:06:08 779789 126428.2204
2019:05:06 15:06:08 933414 120051.0971
2019:05:06 15:06:09 100515 127154.1454
2019:05:06 15:06:09 293379 160015.5868
2019:05:06 15:06:09 489399 156031.9550
2019:05:06 15:06:09 654660 125289.8723
2019:05:06 15:06:09 849364 159998.5361
2019:05:06 15:06:10 9388 160007.2198
2019:05:06 15:06:10 172814 127440.5085
2019:05:06 15:06:10 332164 126808.6247
2019:05:06 15:06:10 493384 128019.2658
2019:05:06 15:06:10 653389 120025.4560
2019:05:06 15:06:10 853385 160025.4066
2019:05:06 15:06:11 93363 200007.8820
2019:05:06 15:06:11 253384 160008.5385
2019:05:06 15:06:11 419617 126260.2583
2019:05:06 15:06:11 641361 187992.7143
2019:05:06 15:06:11 841386 200016.6140
2019:05:06 15:06:12 2497 121124.0776
2019:05:06 15:06:12 237364 199995.0297
2019:05:06 15:06:12 441362 203988.5707
2019:05:06 15:06:12 601384 160013.1728
2019:05:06 15:06:12 801379 160014.2010
2019:05:06 15:06:12 961383 120013.3860
2019:05:06 15:06:13 157385 156022.7461
2019:05:06 15:06:13 397364 200000.4351
2019:05:06 15:06:13 585383 188010.3201
2019:05:06 15:06:13 744079 122698.5827
2019:05:06 15:06:13 929387 156021.3864
2019:05:06 15:06:14 85396 116032.6153
2019:05:06 15:06:14 245387 120021.2128
2019:05:06 15:06:14 405384 153031.9192
2019:05:06 15:06:14 601362 159997.4819
2019:05:06 15:06:14 761390 160020.3067
2019:05:06 15:06:14 921380 120012.6223
2019:05:06 15:06:15 77385 150022.9537
2019:05:06 15:06:15 277388 160022.8958
2019:05:06 15:06:15 477383 160016.9875
2019:05:06 15:06:15 637380 154199.6524
2019:05:06 15:06:15 877362 199982.4531
2019:05:06 15:06:16 37393 160020.0199
2019:05:06 15:06:16 203640 126273.7922
2019:05:06 15:06:16 364590 127222.3182
2019:05:06 15:06:16 517388 120031.3270
2019:05:06 15:06:16 683656 126292.5081
2019:05:06 15:06:16 844630 127265.3341
2019:05:06 15:06:16 997389 120021.6524
2019:05:06 15:06:17 162896 125523.3176
2019:05:06 15:06:17 317387 120024.7929
2019:05:06 15:06:17 472126 147042.0659
2019:05:06 15:06:17 649393 144034.6465
2019:05:06 15:06:17 821382 140018.5265
2019:05:06 15:06:17 993385 136017.8478
2019:05:06 15:06:18 185809 160453.4611
2019:05:06 15:06:18 373392 153372.6454
2019:05:06 15:06:18 537387 156737.2195
2019:05:06 15:06:18 777379 152010.7798
2019:05:06 15:06:18 977395 160024.6578
2019:05:06 15:06:19 213386 196017.0679
2019:05:06 15:06:19 379585 126223.0836
2019:05:06 15:06:19 653363 239997.2603
2019:05:06 15:06:19 813364 159993.3244
2019:05:06 15:06:19 973378 160005.4167
2019:05:06 15:06:20 129139 131403.1854
2019:05:06 15:06:20 309380 169562.7645
2019:05:06 15:06:20 485393 128029.4135
2019:05:06 15:06:20 693392 156030.6624
2019:05:06 15:06:20 917379 176003.5008
2019:05:06 15:06:21 137382 168007.1913
2019:05:06 15:06:21 321387 144014.3399
2019:05:06 15:06:21 505404 132028.5685
2019:05:06 15:06:21 685609 140240.7922
2019:05:06 15:06:21 865028 131660.2603
2019:05:06 15:06:22 13400 104035.1428
2019:05:06 15:06:22 150093 129836.8424
2019:05:06 15:06:22 321384 136015.3779
2019:05:06 15:06:22 489390 144024.8713
2019:05:06 15:06:22 656339 122971.4751
2019:05:06 15:06:22 837396 144029.1516
2019:05:06 15:06:22 995062 109697.2153
2019:05:06 15:06:23 153380 132016.9605
2019:05:06 15:06:23 337056 135683.7936
2019:05:06 15:06:23 505397 144039.7725
2019:05:06 15:06:23 693377 140009.9695
2019:05:06 15:06:23 833383 108014.3303
2019:05:06 15:06:24 61404 132033.5194
2019:05:06 15:06:24 237388 132010.5791
2019:05:06 15:06:24 457363 184001.7177
2019:05:06 15:06:24 622783 165407.5347
2019:05:06 15:06:24 853366 200009.9383
2019:05:06 15:06:25 20053 166675.1020
2019:05:06 15:06:25 209378 156010.7581
2019:05:06 15:06:25 369385 153469.7898
2019:05:06 15:06:25 557378 144012.8796
2019:05:06 15:06:25 733386 128003.6755
2019:05:06 15:06:25 969384 192008.8977
2019:05:06 15:06:26 161384 148015.8791
2019:05:06 15:06:26 332798 123423.1479
2019:05:06 15:06:26 517391 148016.3336
2019:05:06 15:06:26 716181 158809.3489
2019:05:06 15:06:26 889380 151665.5907
2019:05:06 15:06:27 69384 159857.8766
2019:05:06 15:06:27 265655 178764.2762
2019:05:06 15:06:27 422302 114604.9351
2019:05:06 15:06:27 578108 124744.4898
2019:05:06 15:06:27 729378 144075.2558
2019:05:06 15:06:27 913961 143674.9436
2019:05:06 15:06:28 117388 191036.9992
2019:05:06 15:06:28 293382 148987.0101
2019:05:06 15:06:28 465395 148030.0613
2019:05:06 15:06:28 634061 143889.8444
2019:05:06 15:06:28 826200 180866.7146
2019:05:06 15:06:28 985403 116032.2353
2019:05:06 15:06:29 173379 156015.1316
2019:05:06 15:06:29 441358 236000.3851
2019:05:06 15:06:29 589386 142122.7045
2019:05:06 15:06:29 733388 137035.9249
2019:05:06 15:06:29 909379 136006.6310
2019:05:06 15:06:30 101388 152028.4824
2019:05:06 15:06:30 261385 112018.4101
2019:05:06 15:06:30 421385 120018.1805
2019:05:06 15:06:30 578152 116784.6322
2019:05:06 15:06:30 741386 120020.3523
2019:05:06 15:06:30 901389 120017.1150
2019:05:06 15:06:31 61391 152302.8277
2019:05:06 15:06:31 212636 111267.1122
2019:05:06 15:06:31 369401 120033.2716
2019:05:06 15:06:31 525390 116021.2420
2019:05:06 15:06:31 706037 172736.8571
2019:05:06 15:06:31 877385 149051.8302
2019:05:06 15:06:32 44075 126706.6039
2019:05:06 15:06:32 237377 160013.6459
2019:05:06 15:06:32 437379 160009.0414
2019:05:06 15:06:32 637391 160026.8744
2019:05:06 15:06:32 837400 160036.4521
2019:05:06 15:06:33 37365 159994.3899
2019:05:06 15:06:33 197391 160015.2478
2019:05:06 15:06:33 357384 120018.5344
2019:05:06 15:06:33 557381 160018.9358
2019:05:06 15:06:33 717383 120006.7066
2019:05:06 15:06:33 889390 132026.2775
2019:05:06 15:06:34 89399 160019.6287
2019:05:06 15:06:34 244416 111049.2386
2019:05:06 15:06:34 390619 121263.6456
2019:05:06 15:06:34 573377 136002.8014
2019:05:06 15:06:34 717484 112113.6360
2019:05:06 15:06:34 925387 160026.1927
2019:05:06 15:06:35 141381 184024.3749
2019:05:06 15:06:35 340499 151130.5943
2019:05:06 15:06:35 514127 147425.1635
2019:05:06 15:06:35 681384 120018.3965
2019:05:06 15:06:35 841389 120021.6450
2019:05:06 15:06:36 9384 152019.7839
2019:05:06 15:06:36 172728 123369.6602
2019:05:06 15:06:36 405366 199998.5576
2019:05:06 15:06:36 565383 160005.5322
2019:05:06 15:06:36 725386 120022.9526
2019:05:06 15:06:36 925389 160032.1047
2019:05:06 15:06:37 125365 160004.7201
2019:05:06 15:06:37 325364 199988.4509
2019:05:06 15:06:37 485381 160006.3518
2019:05:06 15:06:37 693364 180002.0523
2019:05:06 15:06:37 893364 199992.0383
2019:05:06 15:06:38 53381 160006.6349
2019:05:06 15:06:38 213383 120016.3662
2019:05:06 15:06:38 413382 160026.1517
2019:05:06 15:06:38 571377 109809.8271
2019:05:06 15:06:38 717386 120020.4417
2019:05:06 15:06:38 882640 117274.4632
2019:05:06 15:06:39 45390 136026.7214
2019:05:06 15:06:39 235292 141921.2371
2019:05:06 15:06:39 433122 171767.7414
2019:05:06 15:06:39 665362 195994.1871
2019:05:06 15:06:39 869366 203993.9240
2019:05:06 15:06:40 33387 164010.6663
2019:05:06 15:06:40 221385 156019.6169
2019:05:06 15:06:40 437372 168012.3620
2019:05:06 15:06:40 598458 161076.8028
2019:05:06 15:06:40 773396 128020.0072
2019:05:06 15:06:40 997404 176034.2531
2019:05:06 15:06:41 269366 187975.1347
2019:05:06 15:06:41 445368 175992.1201
2019:05:06 15:06:41 621364 175987.1356
2019:05:06 15:06:41 825368 203994.0469
2019:05:06 15:06:41 985393 160015.0429
2019:05:06 15:06:42 169384 144019.7527
2019:05:06 15:06:42 357384 140001.6733
2019:05:06 15:06:42 538644 141279.6304
2019:05:06 15:06:42 733380 136007.6889
2019:05:06 15:06:42 909385 136012.5802
2019:05:06 15:06:43 133382 168021.6268
2019:05:06 15:06:43 309383 136025.0898
2019:05:06 15:06:43 481388 144033.8977
2019:05:06 15:06:43 677381 156009.5549
2019:05:06 15:06:43 823512 110140.7260
2019:05:06 15:06:43 995396 138030.8159
2019:05:06 15:06:44 193363 155996.0023
2019:05:06 15:06:44 361383 168010.7675
2019:05:06 15:06:44 524364 123293.0347
2019:05:06 15:06:44 709385 140016.9916
2019:05:06 15:06:44 909381 160021.4653
2019:05:06 15:06:45 61390 112017.7545
2019:05:06 15:06:45 265382 160023.4024
2019:05:06 15:06:45 429384 124024.6929
2019:05:06 15:06:45 629382 160015.1025
2019:05:06 15:06:45 821400 152039.1516
2019:05:06 15:06:45 997402 136037.2491
2019:05:06 15:06:46 177383 167021.8334
2019:05:06 15:06:46 361388 144018.4340
2019:05:06 15:06:46 521385 153090.7005
2019:05:06 15:06:46 757363 200004.1343
2019:05:06 15:06:46 917386 160004.9026
2019:05:06 15:06:47 77382 120013.4791
2019:05:06 15:06:47 209385 120030.6937
2019:05:06 15:06:47 374689 117319.9676
2019:05:06 15:06:47 540972 131616.1416
2019:05:06 15:06:47 741386 164015.8147
2019:05:06 15:06:47 901421 120053.9805
2019:05:06 15:06:48 105363 164004.2663
2019:05:06 15:06:48 261392 156018.6036
2019:05:06 15:06:48 457384 160017.2520
2019:05:06 15:06:48 620242 122880.9804
2019:05:06 15:06:48 813393 160026.4832
2019:05:06 15:06:49 5385 152017.3401
2019:05:06 15:06:49 193361 147995.8333
2019:05:06 15:06:49 325395 132025.1785
2019:05:06 15:06:49 605383 236023.0684
2019:05:06 15:06:49 793398 179088.4063
2019:05:06 15:06:49 948952 123583.8681
2019:05:06 15:06:50 137379 144006.6472
2019:05:06 15:06:50 308569 131199.2034
2019:05:06 15:06:50 833367 488000.6760
2019:05:06 15:06:51 1388 168009.9666
2019:05:06 15:06:51 181387 148014.9031
2019:05:06 15:06:51 365382 144010.2570
2019:05:06 15:06:51 653365 217931.9561
2019:05:06 15:06:51 841384 188010.1971
2019:05:06 15:06:52 61397 120034.2663
2019:05:06 15:06:52 241381 128013.1638
2019:05:06 15:06:52 417383 144020.2743
2019:05:06 15:06:52 605394 140032.4292
2019:05:06 15:06:52 782099 136727.1170
2019:05:06 15:06:52 985380 156011.9353
2019:05:06 15:06:53 137382 144355.0959
2019:05:06 15:06:53 323162 145798.7204
2019:05:06 15:06:53 493384 132018.8269
2019:05:06 15:06:53 653395 153317.2317
2019:05:06 15:06:53 809380 124017.3057
2019:05:06 15:06:53 971945 118582.9788
2019:05:06 15:06:54 137386 140020.5307
2019:05:06 15:06:54 286501 117142.8598
2019:05:06 15:06:54 465392 144033.0409
2019:05:06 15:06:54 645375 164015.2894
2019:05:06 15:06:54 821384 144019.6224
2019:05:06 15:06:55 45392 176018.5286
2019:05:06 15:06:55 261363 208529.2637
2019:05:06 15:06:55 440292 178918.1195
2019:05:06 15:06:55 613395 136038.1879
2019:05:06 15:06:55 768777 123400.8782
2019:05:06 15:06:55 947364 155984.6215
2019:05:06 15:06:56 117388 136022.8918
2019:05:06 15:06:56 269385 108020.3429
2019:05:06 15:06:56 465382 160017.8592
2019:05:06 15:06:56 641190 135813.8099
2019:05:06 15:06:56 837386 160021.9645
2019:05:06 15:06:57 31402 154032.3459
2019:05:06 15:06:57 213413 152041.5433
2019:05:06 15:06:57 413364 160003.8558
2019:05:06 15:06:57 576288 162911.9106
2019:05:06 15:06:57 741384 136027.5410
2019:05:06 15:06:57 911399 159824.6731
2019:05:06 15:06:58 105363 147992.9164
2019:05:06 15:06:58 253329 147956.1627
2019:05:06 15:06:58 469384 188027.8289
2019:05:06 15:06:58 677361 167993.1656
2019:05:06 15:06:58 885388 208017.6994
2019:05:06 15:06:59 54085 128903.2996
2019:05:06 15:06:59 209382 120009.5490
2019:05:06 15:06:59 369384 120016.8841
2019:05:06 15:06:59 569384 160028.0479
2019:05:06 15:06:59 729384 116013.6349
2019:05:06 15:06:59 921382 152025.2787
2019:05:06 15:07:00 89397 152034.0741
2019:05:06 15:07:00 289390 160030.8716
2019:05:06 15:07:00 493384 160015.0876
2019:05:06 15:07:00 693384 160020.5824
2019:05:06 15:07:00 853382 120002.4895
2019:05:06 15:07:01 13383 120013.5276
2019:05:06 15:07:01 169386 148075.0814
2019:05:06 15:07:01 329382 120015.9974
2019:05:06 15:07:01 493382 124014.1131
2019:05:06 15:07:01 717373 184003.5021
2019:05:06 15:07:01 901372 183985.5164
2019:05:06 15:07:02 97372 195984.9633
2019:05:06 15:07:02 264381 166994.1545
2019:05:06 15:07:02 441398 140014.1865
2019:05:06 15:07:02 621400 140024.0064
2019:05:06 15:07:02 794894 125518.3965
2019:05:06 15:07:02 989401 160039.8533
2019:05:06 15:07:03 135691 106313.6756
2019:05:06 15:07:03 361392 195997.1264
2019:05:06 15:07:03 525399 145587.4778
2019:05:06 15:07:03 713404 152038.3246
2019:05:06 15:07:03 857402 136445.7160
2019:05:06 15:07:04 29396 140035.5287
2019:05:06 15:07:04 209396 140024.3044
2019:05:06 15:07:04 373406 134007.1410
2019:05:06 15:07:04 533406 120027.9966
2019:05:06 15:07:04 701406 136042.8557
2019:05:06 15:07:04 851940 118564.2071
2019:05:06 15:07:04 997398 112024.6500
2019:05:06 15:07:05 153398 124018.7883
2019:05:06 15:07:05 337395 150877.7849
2019:05:06 15:07:05 501396 124028.2319
2019:05:06 15:07:05 693385 160012.1856
2019:05:06 15:07:05 889384 162000.3879
2019:05:06 15:07:06 57388 128026.3141
2019:05:06 15:07:06 233381 164027.4115
2019:05:06 15:07:06 437385 168029.3903
2019:05:06 15:07:06 603325 125957.6827
2019:05:06 15:07:06 797383 160024.6839
2019:05:06 15:07:06 957384 120020.6690
2019:05:06 15:07:07 122266 157591.7490
2019:05:06 15:07:07 317385 160029.8844
2019:05:06 15:07:07 517390 160030.5997
2019:05:06 15:07:07 729385 184029.6201
2019:05:06 15:07:07 963400 154034.7487
2019:05:06 15:07:08 125384 124016.7804
2019:05:06 15:07:08 285386 153083.2425
2019:05:06 15:07:08 485376 160012.6252
2019:05:06 15:07:08 725368 200000.1073
2019:05:06 15:07:08 885388 160005.7520
2019:05:06 15:07:09 85386 160010.7886
2019:05:06 15:07:09 245382 152193.8108
2019:05:06 15:07:09 405382 120014.8910
2019:05:06 15:07:09 553380 108019.5904
2019:05:06 15:07:09 709403 148843.5008
2019:05:06 15:07:09 909389 160029.5193
2019:05:06 15:07:10 109390 160022.9479
2019:05:06 15:07:10 269383 120015.3418
2019:05:06 15:07:10 429388 120014.8910
2019:05:06 15:07:10 629363 159999.0502
2019:05:06 15:07:10 789401 160028.4614
2019:05:06 15:07:10 955213 125850.0703
2019:05:06 15:07:11 126442 137081.6231
2019:05:06 15:07:11 405363 239995.5764
2019:05:06 15:07:11 565383 160009.0377
2019:05:06 15:07:11 728928 123566.3928
2019:05:06 15:07:11 917384 156024.7876
2019:05:06 15:07:12 117382 160019.7479
2019:05:06 15:07:12 317392 160029.3815
2019:05:06 15:07:12 477385 152117.4386
2019:05:06 15:07:12 637386 120015.2747
2019:05:06 15:07:12 803547 126176.5361
2019:05:06 15:07:13 38367 201008.7781
2019:05:06 15:07:13 197387 154526.9974
2019:05:06 15:07:13 397389 160018.6564
2019:05:06 15:07:13 557385 120022.1144
2019:05:06 15:07:13 798948 201587.9229
2019:05:06 15:07:14 9406 172035.6233
2019:05:06 15:07:14 173750 124378.8265
2019:05:06 15:07:14 349384 136020.3922
2019:05:06 15:07:14 525389 128019.3143
2019:05:06 15:07:14 705804 140430.0481
2019:05:06 15:07:14 877384 128013.8679
2019:05:06 15:07:15 77389 160019.6511
2019:05:06 15:07:15 269390 185530.4688
2019:05:06 15:07:15 469383 160016.1865
2019:05:06 15:07:15 641293 131930.6530
2019:05:06 15:07:15 841379 156012.2482
2019:05:06 15:07:16 5386 124018.9075
2019:05:06 15:07:16 177447 120076.2577
2019:05:06 15:07:16 397402 180036.5672
2019:05:06 15:07:16 637359 200000.6959
2019:05:06 15:07:16 797394 156281.2291
2019:05:06 15:07:16 997383 160024.4455
2019:05:06 15:07:17 197387 160025.2129
2019:05:06 15:07:17 397383 160024.1251
2019:05:06 15:07:17 597384 160003.5764
2019:05:06 15:07:17 758053 120687.8833
2019:05:06 15:07:17 993363 200000.1706
2019:05:06 15:07:18 153383 160009.2910
2019:05:06 15:07:18 317386 124007.8397
2019:05:06 15:07:18 489382 160028.2267
2019:05:06 15:07:18 653395 124033.3170
2019:05:06 15:07:18 813388 120020.3300
2019:05:06 15:07:19 13383 160024.1438
2019:05:06 15:07:19 177384 123997.3307
2019:05:06 15:07:19 337382 120023.2841
2019:05:06 15:07:19 497388 120017.2044
2019:05:06 15:07:19 717387 180027.9021
2019:05:06 15:07:19 957364 200008.0347
2019:05:06 15:07:20 72356 114982.2623
2019:05:06 15:07:20 269387 156018.7079
2019:05:06 15:07:20 465382 156009.8119
2019:05:06 15:07:20 629383 158156.4732
2019:05:06 15:07:20 834940 165567.6775
2019:05:06 15:07:21 69388 200019.1770
2019:05:06 15:07:21 273381 160019.9118
2019:05:06 15:07:21 421386 108016.9193
2019:05:06 15:07:21 621386 160027.6008
2019:05:06 15:07:21 789385 128010.8877
2019:05:06 15:07:21 997363 171982.9738
2019:05:06 15:07:22 137392 140019.8713
2019:05:06 15:07:22 333365 156007.4538
2019:05:06 15:07:22 533364 199990.7419
2019:05:06 15:07:22 677383 144006.6472
2019:05:06 15:07:22 841398 124028.9733
2019:05:06 15:07:23 4945 127577.9642
2019:05:06 15:07:23 201384 164023.4552
2019:05:06 15:07:23 367481 126115.5047
2019:05:06 15:07:23 561383 160020.9586
2019:05:06 15:07:23 793365 188004.6725
2019:05:06 15:07:23 993381 200005.1513
2019:05:06 15:07:24 193364 160004.4221
2019:05:06 15:07:24 389388 196016.0211
2019:05:06 15:07:24 549377 152208.9392
2019:05:06 15:07:24 773357 185971.6401
2019:05:06 15:07:24 933382 159345.7237
2019:05:06 15:07:25 121380 148016.0691
2019:05:06 15:07:25 291375 122007.1316
2019:05:06 15:07:25 485383 156015.3775
2019:05:06 15:07:25 693371 168005.2057
2019:05:06 15:07:25 869403 176022.6637
2019:05:06 15:07:26 61397 152030.1774
2019:05:06 15:07:26 217388 112013.5225
2019:05:06 15:07:26 417377 164018.7055
2019:05:06 15:07:26 577385 120016.2545
2019:05:06 15:07:26 725388 120017.4503
2019:05:06 15:07:26 925185 159815.6914
2019:05:06 15:07:27 121384 156012.9263
2019:05:06 15:07:27 257387 130286.0267
2019:05:06 15:07:27 465362 171993.9634
2019:05:06 15:07:27 632598 167225.5099
2019:05:06 15:07:27 802566 145199.0195
2019:05:06 15:07:28 5383 156849.1384
2019:05:06 15:07:28 181384 152020.0111
2019:05:06 15:07:28 385400 169970.8588
2019:05:06 15:07:28 569386 152022.7045
2019:05:06 15:07:28 753380 152004.9199
2019:05:06 15:07:28 914209 128838.6956
2019:05:06 15:07:29 99215 163243.9494
2019:05:06 15:07:29 256198 151974.7078
2019:05:06 15:07:29 413382 142421.8155
2019:05:06 15:07:29 553397 108032.2526
2019:05:06 15:07:29 705383 144457.6643
2019:05:06 15:07:29 867724 116334.1030
2019:05:06 15:07:30 16818 119443.8338
2019:05:06 15:07:30 189384 144018.3185
2019:05:06 15:07:30 357392 128021.0391
2019:05:06 15:07:30 496842 130206.5775
2019:05:06 15:07:30 669395 144031.7780
2019:05:06 15:07:30 837392 132026.1620
2019:05:06 15:07:31 21380 152024.4479
2019:05:06 15:07:31 225364 172001.5667
2019:05:06 15:07:31 398355 172981.5900
2019:05:06 15:07:31 522049 96680.4400
2019:05:06 15:07:31 721391 164033.6104
2019:05:06 15:07:31 903369 141717.1806
2019:05:06 15:07:32 67235 117868.7625
2019:05:06 15:07:32 205380 107999.6414
2019:05:06 15:07:32 386258 152892.3623
2019:05:06 15:07:32 557387 140021.3614
2019:05:06 15:07:32 731502 146128.2820
2019:05:06 15:07:32 897378 147399.0791
2019:05:06 15:07:33 69390 132020.7790
2019:05:06 15:07:33 237388 128009.8185
2019:05:06 15:07:33 445396 176027.8232
2019:05:06 15:07:33 665372 180007.6738
2019:05:06 15:07:33 837399 172014.5419
2019:05:06 15:07:34 37406 160020.3738
2019:05:06 15:07:34 197394 152548.6149
2019:05:06 15:07:34 397393 160018.9619
2019:05:06 15:07:34 557400 120029.5165
2019:05:06 15:07:34 717408 120030.0977
2019:05:06 15:07:34 880001 122622.5384
2019:05:06 15:07:35 43016 125642.7281
2019:05:06 15:07:35 237399 160017.0396
2019:05:06 15:07:35 477378 200007.4983
2019:05:06 15:07:35 634038 156648.6992
2019:05:06 15:07:35 833399 160020.7314
2019:05:06 15:07:36 69375 196000.1029
2019:05:06 15:07:36 229398 160008.4566
2019:05:06 15:07:36 389402 120027.4676
2019:05:06 15:07:36 589396 160026.2746
2019:05:06 15:07:36 749401 120027.8252
2019:05:06 15:07:36 909399 120020.6764
2019:05:06 15:07:37 69409 120043.1474
2019:05:06 15:07:37 269404 160026.1591
2019:05:06 15:07:37 432122 122745.7039
2019:05:06 15:07:37 625391 156007.3383
2019:05:06 15:07:37 789390 127997.1972
2019:05:06 15:07:37 985384 156018.7154
2019:05:06 15:07:38 133381 108021.5313
2019:05:06 15:07:38 295159 154408.3953
2019:05:06 15:07:38 453387 153300.3040
2019:05:06 15:07:38 613385 120024.4613
2019:05:06 15:07:38 773390 153841.2794
2019:05:06 15:07:38 933401 120032.3962
2019:05:06 15:07:39 189381 216010.2688
2019:05:06 15:07:39 389362 159998.5510
2019:05:06 15:07:39 557373 168002.5086
2019:05:06 15:07:39 757389 160027.2581
2019:05:06 15:07:39 945384 160028.9159
2019:05:06 15:07:40 137363 152005.9109
2019:05:06 15:07:40 297383 160010.3602
2019:05:06 15:07:40 497388 160023.6148
2019:05:06 15:07:40 737366 200002.8454
2019:05:06 15:07:40 897391 159018.3415
2019:05:06 15:07:41 143040 205683.7939
2019:05:06 15:07:41 301386 153418.6564
2019:05:06 15:07:41 461393 120023.7460
2019:05:06 15:07:41 665407 164042.1972
2019:05:06 15:07:41 821384 116018.4555
2019:05:06 15:07:42 21384 160012.3718
2019:05:06 15:07:42 261363 200003.0987
2019:05:06 15:07:42 421390 160018.3137
2019:05:06 15:07:42 581390 120020.8515
2019:05:06 15:07:42 745035 123666.0816
2019:05:06 15:07:42 908479 127114.2662
2019:05:06 15:07:43 61383 120015.5132
2019:05:06 15:07:43 221384 152418.4756
2019:05:06 15:07:43 381386 120015.1294
2019:05:06 15:07:43 617377 196005.1209
2019:05:06 15:07:43 786617 129254.0878
2019:05:06 15:07:43 960673 135315.9882
2019:05:06 15:07:44 141386 144018.1583
2019:05:06 15:07:44 301393 120023.2133
2019:05:06 15:07:44 501365 192534.2046
2019:05:06 15:07:44 661362 159987.5949
2019:05:06 15:07:44 826132 164759.8781
2019:05:06 15:07:45 21388 160019.6175
2019:05:06 15:07:45 221381 160015.0429
2019:05:06 15:07:45 381381 120014.7197
2019:05:06 15:07:45 556406 135037.3141
2019:05:06 15:07:45 757384 160009.4885
2019:05:06 15:07:46 1402 164030.9580
2019:05:06 15:07:46 157387 148787.4761
2019:05:06 15:07:46 317389 120024.1446
2019:05:06 15:07:46 477387 152189.6198
2019:05:06 15:07:46 637394 152463.8683
2019:05:06 15:07:46 861385 184028.3088
2019:05:06 15:07:47 101391 200017.6348
2019:05:06 15:07:47 261387 120021.8871
2019:05:06 15:07:47 421381 120021.2725
2019:05:06 15:07:47 621389 160021.7707
2019:05:06 15:07:47 809379 148007.3147
2019:05:06 15:07:47 989378 144009.4225
2019:05:06 15:07:48 141385 120018.8287
2019:05:06 15:07:48 307571 134215.1575
2019:05:06 15:07:48 489384 160026.9042
2019:05:06 15:07:48 641408 112044.0438
2019:05:06 15:07:48 802344 120973.0431
2019:05:06 15:07:49 207455 366081.3235
2019:05:06 15:07:49 421356 175988.0483
2019:05:06 15:07:49 601364 179995.5368
2019:05:06 15:07:49 761393 160018.1572
2019:05:06 15:07:49 910707 142142.5156
2019:05:06 15:07:50 83566 134195.8568
2019:05:06 15:07:50 265388 148020.1781
2019:05:06 15:07:50 441386 136028.1184
2019:05:06 15:07:50 577116 95744.9600
2019:05:06 15:07:50 769357 151976.0601
2019:05:06 15:07:50 913775 112409.5656
2019:05:06 15:07:51 89389 128024.0975
2019:05:06 15:07:51 218111 100743.0777
2019:05:06 15:07:51 387746 142380.7181
2019:05:06 15:07:51 539267 109892.6738
2019:05:06 15:07:51 696547 133169.8783
2019:05:06 15:07:51 849387 120023.4108
2019:05:06 15:07:52 65385 176026.1841
2019:05:06 15:07:52 225381 128019.5713
2019:05:06 15:07:52 393383 120013.9560
2019:05:06 15:07:52 569394 144026.1677
2019:05:06 15:07:52 757402 140033.5506
2019:05:06 15:07:52 918391 121028.7549
2019:05:06 15:07:53 93391 136022.9664
2019:05:06 15:07:53 275084 125695.3739
2019:05:06 15:07:53 469362 160001.3413
2019:05:06 15:07:53 641389 172018.4647
2019:05:06 15:07:53 841392 168034.0618
2019:05:06 15:07:53 991849 122491.4864
2019:05:06 15:07:54 186001 144622.1061
2019:05:06 15:07:54 365384 136014.2455
2019:05:06 15:07:54 541386 128018.3569
2019:05:06 15:07:54 765380 176003.4822
2019:05:06 15:07:54 957376 144003.0634
2019:05:06 15:07:55 109400 120033.4802
2019:05:06 15:07:55 309373 152002.7779
2019:05:06 15:07:55 485384 144020.7846
2019:05:06 15:07:55 693390 160019.7479
2019:05:06 15:07:55 897382 164017.4687
2019:05:06 15:07:56 133369 196002.2189
2019:05:06 15:07:56 333357 199978.4112
2019:05:06 15:07:56 493383 158217.5829
2019:05:06 15:07:56 773364 240007.4117
2019:05:06 15:07:56 973384 200011.3428
2019:05:06 15:07:57 178154 164785.2547
2019:05:06 15:07:57 373379 160020.9326
2019:05:06 15:07:57 609372 196005.9032
2019:05:06 15:07:57 769387 160003.8670
2019:05:06 15:07:57 965381 144006.5652
2019:05:06 15:07:58 121882 108507.7077
2019:05:06 15:07:58 286553 127402.9538
2019:05:06 15:07:58 477383 144011.8700
2019:05:06 15:07:58 677386 160019.5058
2019:05:06 15:07:58 854669 137310.4602
2019:05:06 15:07:59 469 136808.3656
2019:05:06 15:07:59 173388 140022.8776
2019:05:06 15:07:59 359713 146344.0917
2019:05:06 15:07:59 517383 128027.9793
2019:05:06 15:07:59 709360 159981.3625
2019:05:06 15:07:59 863398 150655.1653
2019:05:06 15:08:00 21384 120005.9019
2019:05:06 15:08:00 217382 156019.2145
2019:05:06 15:08:00 369399 112038.3143
2019:05:06 15:08:00 569383 160026.8558
2019:05:06 15:08:00 773365 159999.5419
2019:05:06 15:08:00 933386 160011.2282
2019:05:06 15:08:01 109383 136027.6118
2019:05:06 15:08:01 269386 120006.4346
2019:05:06 15:08:01 429388 120023.9584
2019:05:06 15:08:01 589391 120019.9239
2019:05:06 15:08:01 783404 138032.7381
2019:05:06 15:08:01 957380 144017.5064
2019:05:06 15:08:02 121387 130006.4549
2019:05:06 15:08:02 289380 128012.6572
2019:05:06 15:08:02 461384 132014.6993
2019:05:06 15:08:02 637382 128006.9575
2019:05:06 15:08:02 865360 179990.9025
2019:05:06 15:08:03 45389 180017.4266
2019:05:06 15:08:03 221396 140016.0305
2019:05:06 15:08:03 451135 181759.0110
2019:05:06 15:08:03 649392 164032.8914
2019:05:06 15:08:03 819369 131984.9044
2019:05:06 15:08:03 991826 134461.9691
2019:05:06 15:08:04 189392 168027.7176
2019:05:06 15:08:04 373389 136008.8326
2019:05:06 15:08:04 573364 167998.7013
2019:05:06 15:08:04 733180 159806.9556
2019:05:06 15:08:04 957365 200002.8789
2019:05:06 15:08:05 141387 184009.8910
2019:05:06 15:08:05 341364 167999.1819
2019:05:06 15:08:05 493384 152009.7889
2019:05:06 15:08:05 721407 164039.1685
2019:05:06 15:08:05 925389 156018.3465
2019:05:06 15:08:06 85406 128028.9255
2019:05:06 15:08:06 281393 148014.3480
2019:05:06 15:08:06 469398 136015.7579
2019:05:06 15:08:06 649396 132005.5127
2019:05:06 15:08:06 829394 132008.9884
2019:05:06 15:08:07 5395 128012.7801
2019:05:06 15:08:07 177408 124035.4441
2019:05:06 15:08:07 409387 224395.0740
2019:05:06 15:08:07 593408 136025.5554
2019:05:06 15:08:07 834588 193207.7371
2019:05:06 15:08:07 989396 149499.3903
2019:05:06 15:08:08 150008 112624.0119
2019:05:06 15:08:08 325401 144027.9707
2019:05:06 15:08:08 507131 133757.2038
2019:05:06 15:08:08 669397 135251.4401
2019:05:06 15:08:08 805407 96032.3401
2019:05:06 15:08:08 981397 136020.4369
2019:05:06 15:08:09 142388 129015.0546
2019:05:06 15:08:09 333398 144014.8391
2019:05:06 15:08:09 495057 129682.0194
2019:05:06 15:08:09 661397 124010.6560
2019:05:06 15:08:09 861383 167988.2966
2019:05:06 15:08:10 81393 172034.3418
2019:05:06 15:08:10 253376 164775.1927
2019:05:06 15:08:10 461388 160024.2704
2019:05:06 15:08:10 677366 183999.3149
2019:05:06 15:08:10 838996 161620.9783
2019:05:06 15:08:11 61379 192010.2946
2019:05:06 15:08:11 297387 188010.2232
2019:05:06 15:08:11 473380 144000.4073
2019:05:06 15:08:11 677393 172018.2076
2019:05:06 15:08:11 848214 130844.2429
2019:05:06 15:08:12 41387 160019.5728
2019:05:06 15:08:12 245363 163998.7230
2019:05:06 15:08:12 410977 165604.0996
2019:05:06 15:08:12 567425 122060.4181
2019:05:06 15:08:12 725380 120009.6272
2019:05:06 15:08:12 885383 120017.8005
2019:05:06 15:08:13 50737 125367.7085
2019:05:06 15:08:13 245379 160020.5302
2019:05:06 15:08:13 445366 160007.9723
2019:05:06 15:08:13 609389 164010.1969
2019:05:06 15:08:13 809384 159431.1409
2019:05:06 15:08:14 5364 159997.4521
2019:05:06 15:08:14 165390 160015.8289
2019:05:06 15:08:14 327797 122434.9737
2019:05:06 15:08:14 525364 160004.2582
2019:05:06 15:08:14 685380 160006.6014
2019:05:06 15:08:14 852491 127128.4744
2019:05:06 15:08:15 45361 160004.1687
2019:05:06 15:08:15 197387 152015.1757
2019:05:06 15:08:15 364472 127109.8629
2019:05:06 15:08:15 523801 126434.7844
2019:05:06 15:08:15 729390 172033.1423
2019:05:06 15:08:15 929384 160020.0757
2019:05:06 15:08:16 125386 160026.9116
2019:05:06 15:08:16 288100 122738.1602
2019:05:06 15:08:16 485386 160005.5769
2019:05:06 15:08:16 725363 200003.4079
2019:05:06 15:08:16 965366 239993.7287
2019:05:06 15:08:17 205358 239975.8548
2019:05:06 15:08:17 405383 196113.1692
2019:05:06 15:08:17 605391 160031.8104
2019:05:06 15:08:17 765386 120019.3055
2019:05:06 15:08:17 969394 164019.9572
2019:05:06 15:08:18 165386 156017.7468
2019:05:06 15:08:18 365364 159998.5920
2019:05:06 15:08:18 525392 160018.2392
2019:05:06 15:08:18 725386 160014.4655
2019:05:06 15:08:18 925392 160018.2168
2019:05:06 15:08:19 125398 160043.2247
2019:05:06 15:08:19 365367 200001.0163
2019:05:06 15:08:19 525392 160013.3516
2019:05:06 15:08:19 717393 152027.3350
2019:05:06 15:08:19 905406 148036.2751
2019:05:06 15:08:20 73385 128014.1175
2019:05:06 15:08:20 229382 120005.1159
2019:05:06 15:08:20 429363 159997.1391
2019:05:06 15:08:20 589386 160013.6533
2019:05:06 15:08:20 754706 125345.2711
2019:05:06 15:08:20 965361 176003.6871
2019:05:06 15:08:21 122544 157172.4191
2019:05:06 15:08:21 301381 144014.2207
2019:05:06 15:08:21 477386 144019.7229
2019:05:06 15:08:21 657383 148027.4051
2019:05:06 15:08:21 825391 128015.3468
2019:05:06 15:08:22 69382 216020.6325
2019:05:06 15:08:22 277386 176016.0290
2019:05:06 15:08:22 465574 140198.3760
2019:05:06 15:08:22 631393 138020.4670
2019:05:06 15:08:22 853371 176006.4252
2019:05:06 15:08:23 21386 168005.9955
2019:05:06 15:08:23 189384 128016.3154
2019:05:06 15:08:23 363375 134010.3336
2019:05:06 15:08:23 541396 144030.9063
2019:05:06 15:08:23 717388 136023.8791
2019:05:06 15:08:23 881389 140026.4837
2019:05:06 15:08:24 101384 172027.7667
2019:05:06 15:08:24 261402 128037.3596
2019:05:06 15:08:24 453393 136020.4555
2019:05:06 15:08:24 653390 168033.2012
2019:05:06 15:08:24 839936 138571.5306
2019:05:06 15:08:25 37389 168034.3039
2019:05:06 15:08:25 229385 144018.6501
2019:05:06 15:08:25 396184 134816.6987
2019:05:06 15:08:25 556711 119344.5846
2019:05:06 15:08:25 757364 170347.9439
2019:05:06 15:08:25 933380 176007.3565
2019:05:06 15:08:26 169378 196016.3452
2019:05:06 15:08:26 369383 160018.6303
2019:05:06 15:08:26 541356 164249.6213
2019:05:06 15:08:26 677382 130712.7513
2019:05:06 15:08:26 909375 200011.4918
2019:05:06 15:08:27 61384 112019.5463
2019:05:06 15:08:27 221382 120011.7283
2019:05:06 15:08:27 381390 120019.3912
2019:05:06 15:08:27 581397 160038.9406
2019:05:06 15:08:27 747147 125786.4274
2019:05:06 15:08:27 897393 116026.1817
2019:05:06 15:08:28 57387 120013.0843
2019:05:06 15:08:28 261388 164029.1773
2019:05:06 15:08:28 422586 121219.8138
2019:05:06 15:08:28 621386 160012.5544
2019:05:06 15:08:28 781384 120018.9441
2019:05:06 15:08:28 941381 120014.4254
2019:05:06 15:08:29 61545 114274.0510
2019:05:06 15:08:29 261365 154744.7033
2019:05:06 15:08:29 421383 160007.9872
2019:05:06 15:08:29 581382 120013.2668
2019:05:06 15:08:29 737391 120024.8301
2019:05:06 15:08:29 957398 180041.5702
2019:05:06 15:08:30 157365 160004.6754
2019:05:06 15:08:30 317386 160010.8743
2019:05:06 15:08:30 517363 159994.2744
2019:05:06 15:08:30 757378 240005.6757
2019:05:06 15:08:30 957389 160022.1358
2019:05:06 15:08:31 117735 120370.8202
2019:05:06 15:08:31 313384 160019.9379
2019:05:06 15:08:31 513385 160022.9293
2019:05:06 15:08:31 753391 160019.9826
2019:05:06 15:08:31 913383 120013.3413
2019:05:06 15:08:32 101386 148019.3660
2019:05:06 15:08:32 301390 160031.1622
2019:05:06 15:08:32 477596 136229.9845
2019:05:06 15:08:32 653924 142432.1271
2019:05:06 15:08:32 829401 175467.6066
2019:05:06 15:08:33 77394 200029.9841
2019:05:06 15:08:33 237391 154088.6275
2019:05:06 15:08:33 461362 184004.6346
2019:05:06 15:08:33 645384 184013.1395
2019:05:06 15:08:33 821384 116009.0417
2019:05:06 15:08:33 981392 120025.3665
2019:05:06 15:08:34 153386 132022.6826
2019:05:06 15:08:34 337388 152021.0057
2019:05:06 15:08:34 509384 124015.3052
2019:05:06 15:08:34 685380 136021.5656
2019:05:06 15:08:34 849558 124192.7147
2019:05:06 15:08:35 29382 144018.3148
2019:05:06 15:08:35 178835 109468.3036
2019:05:06 15:08:35 340619 123251.2966
2019:05:06 15:08:35 569364 192000.2699
2019:05:06 15:08:35 761364 191990.5916
2019:05:06 15:08:35 913356 151978.5561
2019:05:06 15:08:36 81400 151797.7938
2019:05:06 15:08:36 281391 160023.6371
2019:05:06 15:08:36 483754 162384.5063
2019:05:06 15:08:36 637385 120018.3593
2019:05:06 15:08:36 833385 156710.1888
2019:05:06 15:08:36 997381 156461.3767
2019:05:06 15:08:37 209384 172029.3425
2019:05:06 15:08:37 374611 125244.2971
2019:05:06 15:08:37 539282 125916.1234
2019:05:06 15:08:37 693395 120027.9184
2019:05:06 15:08:37 876758 103387.2589
2019:05:06 15:08:38 49409 132035.3635
2019:05:06 15:08:38 205401 146321.0396
2019:05:06 15:08:38 393393 148031.5439
2019:05:06 15:08:38 553396 152757.2460
2019:05:06 15:08:38 733395 151799.8800
2019:05:06 15:08:38 933397 160034.6155
2019:05:06 15:08:39 121389 156019.5833
2019:05:06 15:08:39 313387 152017.1687
2019:05:06 15:08:39 553370 199992.9696
2019:05:06 15:08:39 741381 187993.2843
2019:05:06 15:08:39 903414 162019.5433
2019:05:06 15:08:40 69398 128024.6042
2019:05:06 15:08:40 274961 165567.4241
2019:05:06 15:08:40 443672 134292.9602
2019:05:06 15:08:40 629388 148003.6043
2019:05:06 15:08:40 795570 126183.1149
2019:05:06 15:08:40 989401 160039.6484
2019:05:06 15:08:41 158448 129082.8623
2019:05:06 15:08:41 317403 120026.6369
2019:05:06 15:08:41 477396 120019.1788
2019:05:06 15:08:41 637405 152136.9852
2019:05:06 15:08:41 802710 125328.4216
2019:05:06 15:08:42 13376 176006.1309
2019:05:06 15:08:42 217629 156256.1803
2019:05:06 15:08:42 437390 184024.6357
2019:05:06 15:08:42 722234 244874.8052
2019:05:06 15:08:42 877396 120033.9906
2019:05:06 15:08:43 77369 160002.6935
2019:05:06 15:08:43 237383 160004.8393
2019:05:06 15:08:43 397382 120016.3662
2019:05:06 15:08:43 597395 160032.9392
2019:05:06 15:08:43 797385 160010.0286
2019:05:06 15:08:43 946865 141721.1592
2019:05:06 15:08:44 113400 132036.2352
2019:05:06 15:08:44 313380 160015.9891
2019:05:06 15:08:44 501380 148010.1198
2019:05:06 15:08:44 659673 122307.6433
2019:05:06 15:08:44 841389 144031.5805
2019:05:06 15:08:45 33388 156031.9476
2019:05:06 15:08:45 225387 146355.3794
2019:05:06 15:08:45 397398 132035.7919
2019:05:06 15:08:45 613364 175988.7859
2019:05:06 15:08:45 781385 168011.0581
2019:05:06 15:08:46 35384 214007.3888
2019:05:06 15:08:46 221365 185970.7125
2019:05:06 15:08:46 365385 144010.8679
2019:05:06 15:08:46 513381 108006.8536
2019:05:06 15:08:46 681395 128022.3578
2019:05:06 15:08:46 865384 136007.9758
2019:05:06 15:08:47 41385 144020.2408
2019:05:06 15:08:47 193384 112018.1084
2019:05:06 15:08:47 417364 192000.5940
2019:05:06 15:08:47 605363 187988.8065
2019:05:06 15:08:47 797380 192004.8930
2019:05:06 15:08:47 965382 120015.7180
2019:05:06 15:08:48 133387 136023.5102
2019:05:06 15:08:48 317401 136031.7171
2019:05:06 15:08:48 485391 142012.9612
2019:05:06 15:08:48 669402 136041.2389
2019:05:06 15:08:48 837403 128031.2240
2019:05:06 15:08:49 17384 140012.9981
2019:05:06 15:08:49 194654 137294.2775
2019:05:06 15:08:49 357408 136045.5602
2019:05:06 15:08:49 813363 408002.8571
2019:05:06 15:08:50 213365 399990.7225
2019:05:06 15:08:50 377385 164004.4972
2019:05:06 15:08:50 533382 148401.1076
2019:05:06 15:08:50 733363 159998.9869
2019:05:06 15:08:50 893384 160011.4889
2019:05:06 15:08:51 89383 156019.2294
2019:05:06 15:08:51 293392 164034.7019
2019:05:06 15:08:51 493383 160024.1438
2019:05:06 15:08:51 685382 152017.4704
2019:05:06 15:08:51 857014 131650.6341
2019:05:06 15:08:52 25399 136033.6915
2019:05:06 15:08:52 217360 155990.4590
2019:05:06 15:08:52 382505 165135.6742
2019:05:06 15:08:52 541045 125659.0374
2019:05:06 15:08:52 729853 116486.5084
2019:05:06 15:08:52 925189 155833.4194
2019:05:06 15:08:53 86604 121238.0864
2019:05:06 15:08:53 248376 127012.2789
2019:05:06 15:08:53 409363 127998.3893
2019:05:06 15:08:53 605386 160027.0234
2019:05:06 15:08:53 805364 160000.7303
2019:05:06 15:08:54 5364 199990.5892
2019:05:06 15:08:54 201363 195982.6313
2019:05:06 15:08:54 357386 156013.3323
2019:05:06 15:08:54 561379 164004.5419
2019:05:06 15:08:54 801397 196025.6062
2019:05:06 15:08:55 13374 172006.5251
2019:05:06 15:08:55 185381 164747.5623
2019:05:06 15:08:55 345382 120014.6042
2019:05:06 15:08:55 623167 237808.4585
2019:05:06 15:08:55 821377 193301.8044
2019:05:06 15:08:55 984831 123459.3019
2019:05:06 15:08:56 181394 160021.9607
2019:05:06 15:08:56 301384 114216.7598
2019:05:06 15:08:56 473384 124017.2014
2019:05:06 15:08:56 629386 116019.8003
2019:05:06 15:08:56 869380 200023.6511
2019:05:06 15:08:57 37382 128006.1118
2019:05:06 15:08:57 223093 141726.1511
2019:05:06 15:08:57 386081 157705.6646
2019:05:06 15:08:57 621367 200001.8023
2019:05:06 15:08:57 781381 160003.8595
2019:05:06 15:08:57 989382 160017.2222
2019:05:06 15:08:58 205386 184030.1678
2019:05:06 15:08:58 377762 128386.9781
2019:05:06 15:08:58 549385 140028.9722
2019:05:06 15:08:58 733388 136020.6157
2019:05:06 15:08:58 913495 140123.6951
2019:05:06 15:08:59 190395 241026.4127
2019:05:06 15:08:59 425384 208028.1116
2019:05:06 15:08:59 576681 111312.5496
2019:05:06 15:08:59 730278 123276.8781
2019:05:06 15:08:59 905405 132030.4647
2019:05:06 15:09:00 75403 162068.5197
2019:05:06 15:09:00 243833 145292.3380
2019:05:06 15:09:00 413392 132024.6011
2019:05:06 15:09:00 597385 144019.6224
2019:05:06 15:09:00 785386 148027.7404
2019:05:06 15:09:00 969388 144026.5886
2019:05:06 15:09:01 137382 120012.6745
2019:05:06 15:09:01 337378 168013.2039
2019:05:06 15:09:01 509381 124014.1429
2019:05:06 15:09:01 717224 159859.8659
2019:05:06 15:09:01 875370 121995.3597
2019:05:06 15:09:02 44929 131558.1985
2019:05:06 15:09:02 217383 140017.8708
2019:05:06 15:09:02 377393 120016.6121
2019:05:06 15:09:02 577363 160006.6163
2019:05:06 15:09:02 737390 160016.5926
2019:05:06 15:09:02 937391 120020.7248
2019:05:06 15:09:03 97386 120017.6738
2019:05:06 15:09:03 301364 160003.9080
2019:05:06 15:09:03 461381 160007.0447
2019:05:06 15:09:03 665381 164016.7870
2019:05:06 15:09:03 833387 128021.7357
2019:05:06 15:09:03 991402 118032.3996
2019:05:06 15:09:04 193662 164297.2082
2019:05:06 15:09:04 354622 125249.5907
2019:05:06 15:09:04 549378 160011.9583
2019:05:06 15:09:04 749387 160016.1344
2019:05:06 15:09:05 29384 240026.2244
2019:05:06 15:09:05 229394 160027.3922
2019:05:06 15:09:05 469365 200006.6824
2019:05:06 15:09:05 669385 200009.4131
2019:05:06 15:09:05 829389 120022.4571
2019:05:06 15:09:05 999970 129848.0369
2019:05:06 15:09:06 157393 124027.5353
2019:05:06 15:09:06 362890 165529.8173
2019:05:06 15:09:06 517388 120019.9164
2019:05:06 15:09:06 721704 124341.2606
2019:05:06 15:09:06 877387 120022.2708
2019:05:06 15:09:07 37390 120020.4045
2019:05:06 15:09:07 197385 120017.7334
2019:05:06 15:09:07 357387 120022.4645
2019:05:06 15:09:07 517386 153022.2818
2019:05:06 15:09:07 733386 176020.5254
2019:05:06 15:09:07 933383 160019.0550
2019:05:06 15:09:08 149366 196010.9659
2019:05:06 15:09:08 349368 199992.1128
2019:05:06 15:09:08 511174 161797.0876
2019:05:06 15:09:08 709377 160011.8764
2019:05:06 15:09:08 869383 120011.5792
2019:05:06 15:09:09 69385 160022.9964
2019:05:06 15:09:09 269362 159982.9085
2019:05:06 15:09:09 395868 126496.9483
2019:05:06 15:09:09 549384 120027.4937
2019:05:06 15:09:09 713403 124022.2044
2019:05:06 15:09:09 873400 120009.0908
2019:05:06 15:09:10 29398 116022.1584
2019:05:06 15:09:10 194554 125175.3345
2019:05:06 15:09:10 429372 199998.0770
2019:05:06 15:09:10 589401 160012.5283
2019:05:06 15:09:10 749393 120014.8426
2019:05:06 15:09:10 909407 120023.5374
2019:05:06 15:09:11 69411 120039.8989
2019:05:06 15:09:11 237402 128013.1303
2019:05:06 15:09:11 437398 160034.2430
2019:05:06 15:09:11 637371 160001.6356
2019:05:06 15:09:11 801400 164013.4640
2019:05:06 15:09:11 966116 124733.2208
2019:05:06 15:09:12 157401 120017.5174
2019:05:06 15:09:12 319986 122612.1709
2019:05:06 15:09:12 517392 160019.7665
2019:05:06 15:09:12 717400 160023.9798
2019:05:06 15:09:12 917392 160006.5678
2019:05:06 15:09:13 157378 200003.0465
2019:05:06 15:09:13 317397 160006.2773
2019:05:06 15:09:13 517395 160030.1750
2019:05:06 15:09:13 678189 120823.7596
2019:05:06 15:09:13 841185 123813.7558
2019:05:06 15:09:14 23048 145682.3722
2019:05:06 15:09:14 181387 124015.5064
2019:05:06 15:09:14 381387 160019.0923
2019:05:06 15:09:14 581388 160027.7647
2019:05:06 15:09:14 744739 123375.7623
2019:05:06 15:09:14 941364 159999.3184
2019:05:06 15:09:15 141387 200011.1155
2019:05:06 15:09:15 301386 120019.7525
2019:05:06 15:09:15 461953 120584.5997
2019:05:06 15:09:15 621390 152087.3085
2019:05:06 15:09:15 813362 160003.6509
2019:05:06 15:09:15 977384 164011.9404
2019:05:06 15:09:16 142720 125357.1063
2019:05:06 15:09:16 341389 160024.5535
2019:05:06 15:09:16 525381 144013.2372
2019:05:06 15:09:16 705382 140012.4878
2019:05:06 15:09:16 865388 153299.3726
2019:05:06 15:09:17 25387 120019.0149
2019:05:06 15:09:17 188822 123453.1663
2019:05:06 15:09:17 345383 120012.9054
2019:05:06 15:09:17 505396 120032.8618
2019:05:06 15:09:17 665393 120022.8110
2019:05:06 15:09:17 821390 149289.1982
2019:05:06 15:09:18 21392 160026.1293
2019:05:06 15:09:18 225383 160026.7440
2019:05:06 15:09:18 385387 153782.9265
2019:05:06 15:09:18 545385 120022.2820
2019:05:06 15:09:18 709385 124016.0726
2019:05:06 15:09:18 897380 160017.0881
2019:05:06 15:09:19 65380 128015.7343
2019:05:06 15:09:19 265386 160019.8299
2019:05:06 15:09:19 425386 120025.4709
2019:05:06 15:09:19 591886 126523.0849
2019:05:06 15:09:19 751181 125824.8501
2019:05:06 15:09:19 905384 120018.5232
2019:05:06 15:09:20 65382 120015.5877
2019:05:06 15:09:20 225384 154324.2447
2019:05:06 15:09:20 425381 160020.6792
2019:05:06 15:09:20 586775 121411.2602
2019:05:06 15:09:20 757393 132021.8183
2019:05:06 15:09:20 997364 200007.7777
2019:05:06 15:09:21 153393 156020.7345
2019:05:06 15:09:21 353389 160021.4019
2019:05:06 15:09:21 513402 120041.0761
2019:05:06 15:09:21 753363 200006.4179
2019:05:06 15:09:21 918346 164973.0764
2019:05:06 15:09:22 80557 127179.5854
2019:05:06 15:09:22 273361 160002.4328
2019:05:06 15:09:22 433384 160010.5725
2019:05:06 15:09:22 633389 160031.4192
2019:05:06 15:09:22 833364 159999.1135
2019:05:06 15:09:22 996443 163066.0035
2019:05:06 15:09:23 161074 127706.9002
2019:05:06 15:09:23 353369 160005.4689
2019:05:06 15:09:23 520287 166908.8602
2019:05:06 15:09:23 713364 160000.1827
2019:05:06 15:09:23 873386 160012.8002
2019:05:06 15:09:24 73378 160019.6920
2019:05:06 15:09:24 234215 120843.8389
2019:05:06 15:09:24 433383 160016.1009
2019:05:06 15:09:24 593387 120019.8531
2019:05:06 15:09:24 794915 161537.7292
2019:05:06 15:09:24 953384 153502.6953
2019:05:06 15:09:25 185362 192002.7547
2019:05:06 15:09:25 345389 160016.3877
2019:05:06 15:09:25 496945 144591.6519
2019:05:06 15:09:25 705365 168002.9742
2019:05:06 15:09:25 909358 203983.5900
2019:05:06 15:09:26 45387 136017.8031
2019:05:06 15:09:26 225385 160029.7317
2019:05:06 15:09:26 409387 144020.0098
2019:05:06 15:09:26 585391 128022.7192
2019:05:06 15:09:26 789384 164022.0881
2019:05:06 15:09:26 981384 144018.0428
2019:05:06 15:09:27 169382 140017.2040
2019:05:06 15:09:27 361381 144012.2686
2019:05:06 15:09:27 548242 146875.7689
2019:05:06 15:09:27 713388 120021.6375
2019:05:06 15:09:27 929381 168014.6605
2019:05:06 15:09:28 117384 148009.3971
2019:05:06 15:09:28 317385 160027.7089
2019:05:06 15:09:28 517381 160011.8354
2019:05:06 15:09:28 677386 120014.1124
2019:05:06 15:09:28 877356 159989.3570
2019:05:06 15:09:29 37386 155898.1612
2019:05:06 15:09:29 197394 120026.2085
2019:05:06 15:09:29 357385 120016.5004
2019:05:06 15:09:29 557383 160014.3835
2019:05:06 15:09:29 723973 126602.0350
2019:05:06 15:09:29 901381 144007.0197
2019:05:06 15:09:30 79393 138027.5823
2019:05:06 15:09:30 281363 175990.3170
2019:05:06 15:09:30 441385 160012.8561
2019:05:06 15:09:30 612783 127414.6028
2019:05:06 15:09:30 797379 152011.8117
2019:05:06 15:09:30 997377 160011.4368
2019:05:06 15:09:31 177380 140011.7166
2019:05:06 15:09:31 365387 160032.4921
2019:05:06 15:09:31 565393 160035.4090
2019:05:06 15:09:31 773393 160034.3101
2019:05:06 15:09:31 933397 152057.1448
2019:05:06 15:09:32 169368 208012.5958
2019:05:06 15:09:32 369361 199983.3696
2019:05:06 15:09:32 517390 148020.1855
2019:05:06 15:09:32 715192 157823.0150
2019:05:06 15:09:32 913382 160010.4794
2019:05:06 15:09:33 77386 120018.5046
2019:05:06 15:09:33 249391 120020.8701
2019:05:06 15:09:33 416434 122088.2721
2019:05:06 15:09:33 581457 128089.9309
2019:05:06 15:09:33 789363 167995.2256
2019:05:06 15:09:33 973383 184009.5706
2019:05:06 15:09:34 122513 142136.2571
2019:05:06 15:09:34 305380 147997.8263
2019:05:06 15:09:34 489383 144015.8524
2019:05:06 15:09:34 696356 166990.6825
2019:05:06 15:09:34 849387 120017.7968
2019:05:06 15:09:35 45397 156038.3327
2019:05:06 15:09:35 210783 121411.1000
2019:05:06 15:09:35 375060 125691.2760
2019:05:06 15:09:35 569367 160013.7018
2019:05:06 15:09:35 725269 155892.4913
2019:05:06 15:09:35 854690 109314.7397
2019:05:06 15:09:36 35383 152831.2042
2019:05:06 15:09:36 221384 144018.3856
2019:05:06 15:09:36 453392 200010.5903
2019:05:06 15:09:36 661363 171995.9565
2019:05:06 15:09:36 797378 136002.3320
2019:05:06 15:09:36 944250 98883.7481
2019:05:06 15:09:37 77392 104026.0568
2019:05:06 15:09:37 237535 124169.0926
2019:05:06 15:09:37 442322 166748.4120
2019:05:06 15:09:37 600938 133537.3148
2019:05:06 15:09:37 733934 122899.9794
2019:05:06 15:09:37 878898 133941.3375
2019:05:06 15:09:38 32104 132725.4176
2019:05:06 15:09:38 206986 148335.4159
2019:05:06 15:09:38 377767 142969.5636
2019:05:06 15:09:38 529727 147848.1963
2019:05:06 15:09:38 668985 128628.8537
2019:05:06 15:09:38 814383 122896.6862
2019:05:06 15:09:38 981388 133885.6444
2019:05:06 15:09:39 128152 125332.1022
2019:05:06 15:09:39 294425 146204.9112
2019:05:06 15:09:39 430816 123188.7601
2019:05:06 15:09:39 574996 123717.1032
2019:05:06 15:09:39 719582 137211.5687
2019:05:06 15:09:39 882598 143342.1448
2019:05:06 15:09:40 61177 146199.6809
2019:05:06 15:09:40 225531 150005.3555
2019:05:06 15:09:40 417384 166543.2230
2019:05:06 15:09:40 596183 142808.9701
2019:05:06 15:09:40 741387 132018.4655
2019:05:06 15:09:40 913362 164002.2285
2019:05:06 15:09:41 97382 184011.5115
2019:05:06 15:09:41 265377 128015.5815
2019:05:06 15:09:41 449386 144009.5231
2019:05:06 15:09:41 620034 130665.6301
2019:05:06 15:09:41 833370 184014.6221
2019:05:06 15:09:41 977403 144014.1350
2019:05:06 15:09:42 129394 120018.5455
2019:05:06 15:09:42 329393 152020.0782
2019:05:06 15:09:42 505386 144008.3422
2019:05:06 15:09:42 677395 124008.7189
2019:05:06 15:09:42 837408 120024.8413
2019:05:06 15:09:43 37390 160013.7763
2019:05:06 15:09:43 202413 121035.5759
2019:05:06 15:09:43 361401 120021.6264
2019:05:06 15:09:43 601372 200010.7691
2019:05:06 15:09:43 766402 165013.2723
2019:05:06 15:09:43 921397 120017.7185
2019:05:06 15:09:44 81404 120020.3598
2019:05:06 15:09:44 281401 160028.3124
2019:05:06 15:09:44 481394 160015.2664
2019:05:06 15:09:44 641396 120020.0357
2019:05:06 15:09:44 877398 200017.3405
2019:05:06 15:09:45 65370 180808.3132
2019:05:06 15:09:45 225400 160013.8806
2019:05:06 15:09:45 385609 120227.6349
2019:05:06 15:09:45 585404 160028.9419
2019:05:06 15:09:45 745401 120014.0379
2019:05:06 15:09:45 945365 159996.0588
2019:05:06 15:09:46 105385 160009.2314
2019:05:06 15:09:46 265390 120025.3479
2019:05:06 15:09:46 387368 115113.3180
2019:05:06 15:09:46 585379 160007.8717
2019:05:06 15:09:46 751937 126568.4925
2019:05:06 15:09:46 945390 160033.5464
2019:05:06 15:09:47 145386 160028.5918
2019:05:06 15:09:47 385382 200023.5021
2019:05:06 15:09:47 551437 126071.9486
2019:05:06 15:09:47 706644 121279.8692
2019:05:06 15:09:47 873385 134787.3881
2019:05:06 15:09:48 24088 140478.4322
2019:05:06 15:09:48 233360 175996.7841
2019:05:06 15:09:48 409383 176009.4538
2019:05:06 15:09:48 585382 136022.4970
2019:05:06 15:09:48 738824 113454.7144
2019:05:06 15:09:48 903454 132263.0905
2019:05:06 15:09:49 83480 146115.6420
2019:05:06 15:09:49 265387 181897.1932
2019:05:06 15:09:49 441384 165993.2844
2019:05:06 15:09:49 615749 142393.0153
2019:05:06 15:09:49 780388 139023.9000
2019:05:06 15:09:49 951602 148679.9084
2019:05:06 15:09:50 129380 152016.6919
2019:05:06 15:09:50 289380 120019.1639
2019:05:06 15:09:50 513383 192029.3272
2019:05:06 15:09:50 713379 160010.4384
2019:05:06 15:09:50 873384 120015.8857
2019:05:06 15:09:51 133364 220007.5537
2019:05:06 15:09:51 256965 123590.9499
2019:05:06 15:09:51 399483 114119.9209
2019:05:06 15:09:51 546115 138007.7600
2019:05:06 15:09:51 709376 155878.8456
2019:05:06 15:09:51 897361 159987.7216
2019:05:06 15:09:52 69395 172024.8386
2019:05:06 15:09:52 217382 141659.2710
2019:05:06 15:09:52 370629 113272.1789
2019:05:06 15:09:52 537384 132016.9084
2019:05:06 15:09:52 737374 152133.3009
2019:05:06 15:09:52 897383 120016.4296
2019:05:06 15:09:53 57381 120017.8266
2019:05:06 15:09:53 218096 120715.3387
2019:05:06 15:09:53 381385 124016.1657
2019:05:06 15:09:53 625368 199997.4214
2019:05:06 15:09:53 811398 186018.6234
2019:05:06 15:09:53 993383 160021.2492
2019:05:06 15:09:54 154849 121476.2367
2019:05:06 15:09:54 393358 199995.2123
2019:05:06 15:09:54 593393 199768.5842
2019:05:06 15:09:54 793379 160016.1642
2019:05:06 15:09:54 953392 120016.4109
2019:05:06 15:09:55 113383 120015.5839
2019:05:06 15:09:55 353357 199990.3731
2019:05:06 15:09:55 513381 158428.7882
2019:05:06 15:09:55 713363 159996.5058
2019:05:06 15:09:55 877395 164022.9002
2019:05:06 15:09:56 77392 160033.9487
2019:05:06 15:09:56 241384 120012.5515
2019:05:06 15:09:56 395713 138357.3152
2019:05:06 15:09:56 601388 168030.8394
2019:05:06 15:09:56 793403 144033.8455
2019:05:06 15:09:57 2735 161363.6203
2019:05:06 15:09:57 164087 122718.6508
2019:05:06 15:09:57 361390 160028.7668
2019:05:06 15:09:57 525395 124032.4415
2019:05:06 15:09:57 681393 120019.7637
2019:05:06 15:09:57 847284 125913.1543
2019:05:06 15:09:58 25385 146969.1657
2019:05:06 15:09:58 233380 168022.3234
2019:05:06 15:09:58 429383 164025.3365
2019:05:06 15:09:58 601337 131967.5967
2019:05:06 15:09:58 797386 160020.9363
2019:05:06 15:09:58 957387 120011.0205
2019:05:06 15:09:59 121382 124012.9136
2019:05:06 15:09:59 281385 120020.9409
2019:05:06 15:09:59 407389 86029.2017
2019:05:06 15:09:59 601384 160026.7924
2019:05:06 15:09:59 801362 159992.8215
2019:05:06 15:09:59 961386 160014.9050
2019:05:06 15:10:00 121404 120034.4302
2019:05:06 15:10:00 281383 120013.9411
2019:05:06 15:10:00 481388 160020.4706
2019:05:06 15:10:00 681379 160020.1726
2019:05:06 15:10:00 881381 160022.5382
2019:05:06 15:10:01 81387 160025.3098
2019:05:06 15:10:01 241384 120019.1453
2019:05:06 15:10:01 417383 136015.6126
2019:05:06 15:10:01 577379 120011.4526
2019:05:06 15:10:01 745377 136011.6191
2019:05:06 15:10:01 921382 156019.4455
2019:05:06 15:10:02 65384 104021.1357
2019:05:06 15:10:02 225385 128013.2756
2019:05:06 15:10:02 417381 152018.6551
2019:05:06 15:10:02 590346 124978.5833
2019:05:06 15:10:02 753381 128011.1596
2019:05:06 15:10:02 925384 136010.3823
2019:05:06 15:10:03 97392 140027.8322
2019:05:06 15:10:03 232833 125216.3500
2019:05:06 15:10:03 384442 136730.8982
2019:05:06 15:10:03 542736 147857.4984
2019:05:06 15:10:03 711789 144575.9572
2019:05:06 15:10:03 861656 133507.5721
2019:05:06 15:10:04 68573 149149.4104
2019:05:06 15:10:04 215499 119468.7299
2019:05:06 15:10:04 360868 121960.4649
2019:05:06 15:10:04 520808 137331.1952
2019:05:06 15:10:04 677385 147149.1829
2019:05:06 15:10:04 854378 166556.6266
2019:05:06 15:10:05 1386 137388.7397
2019:05:06 15:10:05 141381 132846.7689
2019:05:06 15:10:05 301384 120012.1455
2019:05:06 15:10:05 457391 116019.9866
2019:05:06 15:10:05 657361 160003.1182
2019:05:06 15:10:05 817377 160005.7967
2019:05:06 15:10:05 973385 148499.0902
2019:05:06 15:10:06 133387 120020.8366
2019:05:06 15:10:06 333385 160016.3653
2019:05:06 15:10:06 493389 120022.5577
2019:05:06 15:10:06 653384 120017.1188
2019:05:06 15:10:06 841402 160046.8457
2019:05:06 15:10:07 1388 153801.0016
2019:05:06 15:10:07 203106 165730.0368
2019:05:06 15:10:07 397384 160015.5495
2019:05:06 15:10:07 557388 120012.6261
2019:05:06 15:10:07 717395 120025.8471
2019:05:06 15:10:07 971114 213759.1839
2019:05:06 15:10:08 165368 159997.2546
2019:05:06 15:10:08 365388 200004.3653
2019:05:06 15:10:08 525386 120019.5625
2019:05:06 15:10:08 685400 124024.1937
2019:05:06 15:10:08 885393 160025.6972
2019:05:06 15:10:09 125363 200005.8182
2019:05:06 15:10:09 285387 160012.2415
2019:05:06 15:10:09 441384 116015.9148
2019:05:06 15:10:09 580366 133945.4874
2019:05:06 15:10:09 759343 141974.4007
2019:05:06 15:10:09 937387 144015.0328
2019:05:06 15:10:10 328281 384644.8436
2019:05:06 15:10:10 533364 200158.4210
2019:05:06 15:10:10 677380 144005.1980
2019:05:06 15:10:10 917370 200005.6244
2019:05:06 15:10:11 101391 184009.5259
2019:05:06 15:10:11 293380 144013.7886
2019:05:06 15:10:11 557380 224015.1502
2019:05:06 15:10:11 733383 128015.9689
2019:05:06 15:10:11 881680 108311.1726
2019:05:06 15:10:12 40344 143181.4618
2019:05:06 15:10:12 221387 165893.7298
2019:05:06 15:10:12 377394 146617.8261
2019:05:06 15:10:12 552722 162599.9920
2019:05:06 15:10:12 729646 160289.7756
2019:05:06 15:10:12 901383 165196.2735
2019:05:06 15:10:13 73399 124027.7849
2019:05:06 15:10:13 269369 155998.4609
2019:05:06 15:10:13 429387 160007.3837
2019:05:06 15:10:13 589391 120018.8287
2019:05:06 15:10:13 764244 130870.7334
2019:05:06 15:10:13 937410 144047.8787
2019:05:06 15:10:14 94461 117091.5365
2019:05:06 15:10:14 249405 124022.2342
2019:05:06 15:10:14 449402 172012.7985
2019:05:06 15:10:14 625402 128012.4336
2019:05:06 15:10:14 813396 136007.1599
2019:05:06 15:10:14 973415 124043.5168
2019:05:06 15:10:15 329364 323988.0241
2019:05:06 15:10:15 465397 134829.4318
2019:05:06 15:10:15 636964 139602.8399
2019:05:06 15:10:15 813402 144029.0175
2019:05:06 15:10:15 981403 136027.5522
2019:05:06 15:10:16 145397 120020.0841
2019:05:06 15:10:16 301400 124029.6587
2019:05:06 15:10:16 457461 124087.0468
2019:05:06 15:10:16 637378 144004.6057
2019:05:06 15:10:16 765901 128509.0595
2019:05:06 15:10:16 949399 152018.9643
2019:05:06 15:10:17 105392 116010.2524
2019:05:06 15:10:17 264761 127390.4704
2019:05:06 15:10:17 461394 168023.7241
2019:05:06 15:10:17 655565 154201.8913
2019:05:06 15:10:17 813393 128016.2409
2019:05:06 15:10:18 16369 170999.9628
2019:05:06 15:10:18 207400 158032.4136
2019:05:06 15:10:18 393394 152029.7118
2019:05:06 15:10:18 593385 144008.2267
2019:05:06 15:10:18 785362 164007.4290
2019:05:06 15:10:18 941674 156300.4181
2019:05:06 15:10:19 105385 124012.9806
2019:05:06 15:10:19 281389 168068.5021
2019:05:06 15:10:19 433389 124031.7635
2019:05:06 15:10:19 605396 140034.0050
2019:05:06 15:10:19 829361 183991.7451
2019:05:06 15:10:19 981377 152006.7677
2019:05:06 15:10:20 181363 155997.9431
2019:05:06 15:10:20 373387 144015.7294
2019:05:06 15:10:20 573390 153492.6072
2019:05:06 15:10:20 733381 152962.9268
2019:05:06 15:10:20 880122 123814.4450
2019:05:06 15:10:21 53389 157959.5618
2019:05:06 15:10:21 200831 137914.9929
2019:05:06 15:10:21 378360 146254.3793
2019:05:06 15:10:21 580245 126875.6501
2019:05:06 15:10:21 741385 128017.5708
2019:05:06 15:10:21 886638 105269.1415
2019:05:06 15:10:22 45395 128025.7441
2019:05:06 15:10:22 261367 171996.1278
2019:05:06 15:10:22 421383 160006.2586
2019:05:06 15:10:22 566995 138051.3906
2019:05:06 15:10:22 763402 158041.8125
2019:05:06 15:10:22 957386 164029.3747
2019:05:06 15:10:23 128142 130783.0699
2019:05:06 15:10:23 281386 120018.9851
2019:05:06 15:10:23 441382 152692.8470
2019:05:06 15:10:23 637367 160000.7489
2019:05:06 15:10:23 797382 160005.8563
2019:05:06 15:10:23 957391 120024.5954
2019:05:06 15:10:24 129382 132004.8533
2019:05:06 15:10:24 333398 160029.3070
2019:05:06 15:10:24 545386 172029.2531
2019:05:06 15:10:24 661390 80006.9347
2019:05:06 15:10:24 821391 120017.0070
2019:05:06 15:10:24 993385 131999.6305
2019:05:06 15:10:25 185381 144023.3551
2019:05:06 15:10:25 349406 124047.6817
2019:05:06 15:10:25 553383 132015.0234
2019:05:06 15:10:25 709398 127986.3380
2019:05:06 15:10:25 871652 156106.4236
2019:05:06 15:10:26 7236 126986.7495
2019:05:06 15:10:26 188675 167306.3077
2019:05:06 15:10:26 357385 136020.5822
2019:05:06 15:10:26 549385 152017.3363
2019:05:06 15:10:26 725394 136033.1699
2019:05:06 15:10:26 893388 136023.1116
2019:05:06 15:10:27 81395 144027.1623
2019:05:06 15:10:27 281093 167736.4968
2019:05:06 15:10:27 461380 136012.9826
2019:05:06 15:10:27 621385 128013.9945
2019:05:06 15:10:27 797385 128015.9242
2019:05:06 15:10:27 970424 140046.9355
2019:05:06 15:10:28 113389 101999.8491
2019:05:06 15:10:28 261648 120284.4828
2019:05:06 15:10:28 425382 136020.2618
2019:05:06 15:10:28 582338 108965.5831
2019:05:06 15:10:28 757381 144015.9231
2019:05:06 15:10:28 941388 132027.5962
2019:05:06 15:10:29 137388 156029.4069
2019:05:06 15:10:29 313382 128012.4038
2019:05:06 15:10:29 485384 140019.8750
2019:05:06 15:10:29 661386 128018.1073
2019:05:06 15:10:29 829386 128019.1354
2019:05:06 15:10:30 21387 152021.4453
2019:05:06 15:10:30 205390 144017.3574
2019:05:06 15:10:30 385381 136015.2774
2019:05:06 15:10:30 573385 136009.7788
2019:05:06 15:10:30 757379 178279.8097
2019:05:06 15:10:30 949383 140000.8239
2019:05:06 15:10:31 121381 165892.8394
2019:05:06 15:10:31 309386 140018.8878
2019:05:06 15:10:31 461397 120031.4648
2019:05:06 15:10:31 629394 120021.1942
2019:05:06 15:10:31 805392 144036.5240
2019:05:06 15:10:31 997394 144023.5227
2019:05:06 15:10:32 205388 172018.8260
2019:05:06 15:10:32 413362 159981.8841
2019:05:06 15:10:32 568487 155113.0414
2019:05:06 15:10:32 786788 181423.7759
2019:05:06 15:10:32 973380 164007.3322
2019:05:06 15:10:33 153366 172855.3064
2019:05:06 15:10:33 325390 172015.4956
2019:05:06 15:10:33 509378 136007.9944
2019:05:06 15:10:33 709388 160017.4941
2019:05:06 15:10:33 901399 144026.4545
2019:05:06 15:10:34 77390 128021.2142
2019:05:06 15:10:34 293384 160017.5500
2019:05:06 15:10:34 489363 188706.0665
2019:05:06 15:10:34 645387 156012.1886
2019:05:06 15:10:34 813393 128014.4230
2019:05:06 15:10:34 971516 110145.9190
2019:05:06 15:10:35 130041 112668.7676
2019:05:06 15:10:35 329390 152021.3969
2019:05:06 15:10:35 479409 118053.0898
2019:05:06 15:10:35 681382 160017.0471
2019:05:06 15:10:35 857391 144021.8166
2019:05:06 15:10:36 33384 128019.5639
2019:05:06 15:10:36 167102 101742.4949
2019:05:06 15:10:36 338341 136982.7539
2019:05:06 15:10:36 545389 168030.8841
2019:05:06 15:10:36 753366 167998.8429
2019:05:06 15:10:36 921389 168010.4621
2019:05:06 15:10:37 137392 184016.3507
2019:05:06 15:10:37 305390 128011.2676
2019:05:06 15:10:37 473391 136014.3609
2019:05:06 15:10:37 689390 168033.7042
2019:05:06 15:10:37 905385 184018.9695
2019:05:06 15:10:38 105403 160041.7085
2019:05:06 15:10:38 323245 177886.8735
2019:05:06 15:10:38 529381 168007.0087
2019:05:06 15:10:38 705389 128019.5117
2019:05:06 15:10:38 869386 128019.7650
2019:05:06 15:10:39 45387 136020.4704
2019:05:06 15:10:39 205386 140030.8385
2019:05:06 15:10:39 357441 120082.1139
2019:05:06 15:10:39 549396 144021.1125
2019:05:06 15:10:39 773381 192025.4715
2019:05:06 15:10:39 957386 136017.8664
2019:05:06 15:10:40 145380 180106.2822
2019:05:06 15:10:40 337361 143997.2259
2019:05:06 15:10:40 537385 200002.1450
2019:05:06 15:10:40 689392 151996.6833
2019:05:06 15:10:40 840976 121592.5962
2019:05:06 15:10:40 984738 103369.4148
2019:05:06 15:10:41 145380 128014.6502
2019:05:06 15:10:41 318532 141165.7222
2019:05:06 15:10:41 465396 112029.6121
2019:05:06 15:10:41 697370 200013.5295
2019:05:06 15:10:41 853792 156410.4892
2019:05:06 15:10:42 81367 197179.7496
2019:05:06 15:10:42 265381 184003.7443
2019:05:06 15:10:42 465387 168021.7944
2019:05:06 15:10:42 649392 136017.9856
2019:05:06 15:10:42 795118 140099.9390
2019:05:06 15:10:42 969387 128015.6597
2019:05:06 15:10:43 129363 153259.5903
2019:05:06 15:10:43 269816 140444.3234
2019:05:06 15:10:43 465382 160013.6012
2019:05:06 15:10:43 626519 121154.9118
2019:05:06 15:10:43 825378 160018.5446
2019:05:06 15:10:43 985388 120020.2368
2019:05:06 15:10:44 145390 120024.5544
2019:05:06 15:10:44 305381 120013.9858
2019:05:06 15:10:44 505387 120016.0198
2019:05:06 15:10:44 665383 120015.5579
2019:05:06 15:10:44 825382 120021.6748
2019:05:06 15:10:44 985393 120016.8170
2019:05:06 15:10:45 177389 152027.8901
2019:05:06 15:10:45 377384 160025.9356
2019:05:06 15:10:45 579039 161674.4883
2019:05:06 15:10:45 777385 160012.6848
2019:05:06 15:10:45 977396 160024.3337
2019:05:06 15:10:46 177372 159990.3703
2019:05:06 15:10:46 377372 199982.5984
2019:05:06 15:10:46 537407 160021.6217
2019:05:06 15:10:46 733388 156013.2243
2019:05:06 15:10:46 899240 125865.0646
2019:05:06 15:10:47 89375 156001.3667
2019:05:06 15:10:47 325387 235997.2410
2019:05:06 15:10:47 525371 199969.6270
2019:05:06 15:10:47 765372 239987.8465
2019:05:06 15:10:47 961396 196008.9467
2019:05:06 15:10:48 161394 160017.9374
2019:05:06 15:10:48 361388 160007.1453
2019:05:06 15:10:48 529400 128021.6426
2019:05:06 15:10:48 717410 144033.6928
2019:05:06 15:10:48 901398 136023.2309
2019:05:06 15:10:49 81396 132022.0605
2019:05:06 15:10:49 497380 384005.3007
2019:05:06 15:10:49 665400 168004.9002
2019:05:06 15:10:49 841398 136019.5056
2019:05:06 15:10:50 1389 128012.2027
2019:05:06 15:10:50 177382 136011.2913
2019:05:06 15:10:50 353388 136022.9030
2019:05:06 15:10:50 561377 176013.5219
2019:05:06 15:10:50 793381 192012.8688
2019:05:06 15:10:50 969397 136029.0572
2019:05:06 15:10:51 137387 128028.0203
2019:05:06 15:10:51 305380 136015.9442
2019:05:06 15:10:51 465381 152382.4707
2019:05:06 15:10:51 628023 122659.9179
2019:05:06 15:10:51 785386 120019.1304
2019:05:06 15:10:51 945381 154808.4617
2019:05:06 15:10:52 105384 120017.9085
2019:05:06 15:10:52 265389 120021.6450
2019:05:06 15:10:52 465379 160020.1912
2019:05:06 15:10:52 665379 160021.2492
2019:05:06 15:10:52 857395 152030.0880
2019:05:06 15:10:53 97391 160022.6834
2019:05:06 15:10:53 273383 157368.5296
2019:05:06 15:10:53 473363 160004.6679
2019:05:06 15:10:53 633387 160013.7614
2019:05:06 15:10:53 793390 120020.1698
2019:05:06 15:10:53 953378 152541.8572
2019:05:06 15:10:54 113382 120017.9383
2019:05:06 15:10:54 313380 160017.2296
2019:05:06 15:10:54 469384 120007.5783
2019:05:06 15:10:54 634356 124985.2888
2019:05:06 15:10:54 825363 156005.9190
2019:05:06 15:10:54 985362 159988.1500
2019:05:06 15:10:55 189364 203990.3998
2019:05:06 15:10:55 349385 160012.0552
2019:05:06 15:10:55 549380 153966.7211
2019:05:06 15:10:55 709385 153854.3627
2019:05:06 15:10:55 909387 160029.2213
2019:05:06 15:10:56 74926 125561.8110
2019:05:06 15:10:56 273363 160003.4572
2019:05:06 15:10:56 439047 165673.3714
2019:05:06 15:10:56 633387 160018.4552
2019:05:06 15:10:56 789651 116287.9989
2019:05:06 15:10:56 949391 120023.2133
2019:05:06 15:10:57 149363 159994.5761
2019:05:06 15:10:57 315575 166205.2982
2019:05:06 15:10:57 473384 124010.8572
2019:05:06 15:10:57 673383 160024.6280
2019:05:06 15:10:57 839463 126100.6668
2019:05:06 15:10:58 33377 160020.4632
2019:05:06 15:10:58 233365 159997.5303
2019:05:06 15:10:58 385383 152010.9661
2019:05:06 15:10:58 557365 162915.3751
2019:05:06 15:10:58 717385 160010.8370
2019:05:06 15:10:58 921388 176025.5210
2019:05:06 15:10:59 97382 136012.3828
2019:05:06 15:10:59 265389 136026.0248
2019:05:06 15:10:59 425388 120018.0352
2019:05:06 15:10:59 625359 159993.1046
2019:05:06 15:10:59 792813 167443.7225
2019:05:06 15:10:59 952532 127174.6084
2019:05:06 15:11:00 145382 160025.4662
2019:05:06 15:11:00 311342 125979.4198
2019:05:06 15:11:00 505370 160007.1751
2019:05:06 15:11:00 705365 199983.9768
2019:05:06 15:11:00 857400 152024.6603
2019:05:06 15:11:01 57380 160011.6566
2019:05:06 15:11:01 257384 160024.8702
2019:05:06 15:11:01 457397 160033.7587
2019:05:06 15:11:01 618743 121384.2928
2019:05:06 15:11:01 817387 160010.2559
2019:05:06 15:11:02 57364 232169.7474
2019:05:06 15:11:02 337370 279997.1178
2019:05:06 15:11:02 497382 160002.2316
2019:05:06 15:11:02 737361 199993.1112
2019:05:06 15:11:02 917386 180014.4017
2019:05:06 15:11:03 81424 157300.3344
2019:05:06 15:11:03 317384 160012.8226
2019:05:06 15:11:03 517369 160008.1399
2019:05:06 15:11:03 677389 160009.2612
2019:05:06 15:11:03 840363 122990.5635
2019:05:06 15:11:04 37367 160001.2593
2019:05:06 15:11:04 201381 164003.6106
2019:05:06 15:11:04 401363 160006.1692
2019:05:06 15:11:04 561395 160022.9889
2019:05:06 15:11:04 721401 120030.7533
2019:05:06 15:11:04 877381 120023.2729
2019:05:06 15:11:05 37385 120017.3721
2019:05:06 15:11:05 203442 159321.4646
2019:05:06 15:11:05 397384 160025.2800
2019:05:06 15:11:05 585390 157485.1535
2019:05:06 15:11:05 752732 127374.6267
2019:05:06 15:11:05 905905 120539.2405
2019:05:06 15:11:06 105366 159994.5463
2019:05:06 15:11:06 265384 160006.9888
2019:05:06 15:11:06 428120 122755.0954
2019:05:06 15:11:06 625390 160027.1538
2019:05:06 15:11:06 825362 159990.8955
2019:05:06 15:11:06 985389 160017.4531
2019:05:06 15:11:07 185362 159992.1584
2019:05:06 15:11:07 345385 160014.0296
2019:05:06 15:11:07 549363 159999.3072
2019:05:06 15:11:07 715026 165653.7615
2019:05:06 15:11:07 893382 144018.1471
2019:05:06 15:11:08 48849 127483.3046
2019:05:06 15:11:08 225388 152026.0163
2019:05:06 15:11:08 385382 152657.5498
2019:05:06 15:11:08 553385 136018.4364
2019:05:06 15:11:08 733384 136023.6965
2019:05:06 15:11:08 933380 168015.5508
2019:05:06 15:11:09 121375 140002.4146
2019:05:06 15:11:09 281381 128015.8199
2019:05:06 15:11:09 457379 136013.1204
2019:05:06 15:11:09 599964 102593.1761
2019:05:06 15:11:09 793400 161902.3308
2019:05:06 15:11:09 969361 135989.2637
2019:05:06 15:11:10 161395 192025.4640
2019:05:06 15:11:10 345406 136040.6987
2019:05:06 15:11:10 537384 160026.8334
2019:05:06 15:11:10 725361 139986.1760
2019:05:06 15:11:10 909380 184010.4796
2019:05:06 15:11:11 84688 127314.0758
2019:05:06 15:11:11 245388 132029.0416
2019:05:06 15:11:11 453368 167967.4610
2019:05:06 15:11:11 621399 168022.4054
2019:05:06 15:11:11 805386 136013.5712
2019:05:06 15:11:11 965399 152894.1356
2019:05:06 15:11:12 161377 156012.1402
2019:05:06 15:11:12 361394 160036.8172
2019:05:06 15:11:12 577382 176015.5596
2019:05:06 15:11:12 805379 177768.7967
2019:05:06 15:11:13 9741 176379.3938
2019:05:06 15:11:13 185026 139654.9791
2019:05:06 15:11:13 389389 168021.6789
2019:05:06 15:11:13 569383 136007.2941
2019:05:06 15:11:13 744526 135158.8070
2019:05:06 15:11:13 913387 135289.4679
2019:05:06 15:11:14 51297 97927.4139
2019:05:06 15:11:14 249383 156006.6119
2019:05:06 15:11:14 433390 136027.8465
2019:05:06 15:11:14 583337 101969.6370
2019:05:06 15:11:14 753404 128035.3218
2019:05:06 15:11:14 905381 128016.0211
2019:05:06 15:11:15 105380 172024.3171
2019:05:06 15:11:15 273381 128012.2809
2019:05:06 15:11:15 441384 136020.2953
2019:05:06 15:11:15 617382 136018.6338
2019:05:06 15:11:15 769383 144869.9385
2019:05:06 15:11:15 947660 130296.1446
2019:05:06 15:11:16 93476 104096.0923
2019:05:06 15:11:16 265391 136021.8227
2019:05:06 15:11:16 445393 140020.5046
2019:05:06 15:11:16 641379 156014.2525
2019:05:06 15:11:16 825403 144039.6644
2019:05:06 15:11:16 997393 132032.3013
2019:05:06 15:11:17 177378 140011.6794
2019:05:06 15:11:17 357385 136012.8745
2019:05:06 15:11:17 545391 136010.9709
2019:05:06 15:11:17 777362 183990.6983
2019:05:06 15:11:17 957398 180021.2339
2019:05:06 15:11:18 109406 124027.4757
2019:05:06 15:11:18 325371 187997.3784
2019:05:06 15:11:18 477403 152018.1708
2019:05:06 15:11:18 669396 144013.0658
2019:05:06 15:11:18 861395 160017.7437
2019:05:06 15:11:19 81404 172027.6810
2019:05:06 15:11:19 274828 145446.8966
2019:05:06 15:11:19 446017 132641.1776
2019:05:06 15:11:19 673371 183996.0814
2019:05:06 15:11:19 901376 227991.6741
2019:05:06 15:11:20 69381 167991.0831
2019:05:06 15:11:20 249393 179998.9305
2019:05:06 15:11:20 433397 144021.5521
2019:05:06 15:11:20 601398 136022.9813
2019:05:06 15:11:20 825373 175998.7213
2019:05:06 15:11:20 993393 168007.5303
2019:05:06 15:11:21 153400 112022.9103
2019:05:06 15:11:21 401366 216004.9118
2019:05:06 15:11:21 577388 176006.4028
2019:05:06 15:11:21 747860 130483.4299
2019:05:06 15:11:21 905396 112019.2632
2019:05:06 15:11:22 49386 112013.8802
2019:05:06 15:11:22 233381 136002.9466
2019:05:06 15:11:22 409363 135995.7084
2019:05:06 15:11:22 593381 184009.5632
2019:05:06 15:11:22 769388 136015.3742
2019:05:06 15:11:22 953379 144008.9978
2019:05:06 15:11:23 97390 104030.1099
2019:05:06 15:11:23 353365 224005.9376
2019:05:06 15:11:23 521389 168014.9697
2019:05:06 15:11:23 697380 136010.9262
2019:05:06 15:11:23 853382 108017.4223
2019:05:06 15:11:24 53368 168010.5776
2019:05:06 15:11:24 213964 160586.8861
2019:05:06 15:11:24 409381 136013.9400
2019:05:06 15:11:24 601377 160014.0706
2019:05:06 15:11:24 801391 152025.4724
2019:05:06 15:11:25 4459 171094.9242
2019:05:06 15:11:25 169384 120015.2263
2019:05:06 15:11:25 353388 152026.7017
2019:05:06 15:11:25 533994 132625.6618
2019:05:06 15:11:25 705389 144025.2289
2019:05:06 15:11:25 890800 137432.2996
2019:05:06 15:11:26 105380 180013.5002
2019:05:06 15:11:26 281383 128008.3992
2019:05:06 15:11:26 458907 137539.2154
2019:05:06 15:11:26 661407 164043.4414
2019:05:06 15:11:26 835739 142381.8246
2019:05:06 15:11:27 13418 144054.7854
2019:05:06 15:11:27 173230 119867.5670
2019:05:06 15:11:27 323520 120036.8404
2019:05:06 15:11:27 513380 153909.5975
2019:05:06 15:11:27 713363 160003.4721
2019:05:06 15:11:27 903397 190024.9310
2019:05:06 15:11:28 97369 155995.6037
2019:05:06 15:11:28 289362 191983.2043
2019:05:06 15:11:28 455708 166337.0952
2019:05:06 15:11:28 649363 159998.2828
2019:05:06 15:11:28 809382 160009.7045
2019:05:06 15:11:28 974253 124897.4316
2019:05:06 15:11:29 169377 159997.5228
2019:05:06 15:11:29 769367 559998.0950
2019:05:06 15:11:29 942639 173261.5829
2019:05:06 15:11:30 83513 137680.5417
2019:05:06 15:11:30 259530 157145.4816
2019:05:06 15:11:30 416839 136762.9021
2019:05:06 15:11:30 565707 141105.7971
2019:05:06 15:11:30 706207 116301.5403
2019:05:06 15:11:30 877390 150072.9024
2019:05:06 15:11:31 54567 151156.0753
2019:05:06 15:11:31 206933 142557.7924
2019:05:06 15:11:31 399832 160966.4820
2019:05:06 15:11:31 557658 152924.8841
2019:05:06 15:11:31 697198 121561.2181
2019:05:06 15:11:31 892266 174122.2292
2019:05:06 15:11:32 47834 136012.6138
2019:05:06 15:11:32 198539 142136.0634
2019:05:06 15:11:32 348129 132371.9956
2019:05:06 15:11:32 486483 127740.0851
2019:05:06 15:11:32 644579 140415.3891
2019:05:06 15:11:32 785742 131705.5188
2019:05:06 15:11:32 922276 128585.1337
2019:05:06 15:11:33 23867 88461.9392
2019:05:06 15:11:33 182789 149081.0066
2019:05:06 15:11:33 339757 133609.4625
2019:05:06 15:11:33 478907 128989.8045
2019:05:06 15:11:33 628447 133956.2945
2019:05:06 15:11:33 766546 127042.7406
2019:05:06 15:11:33 925387 149508.6625
2019:05:06 15:11:34 91707 126339.9795
2019:05:06 15:11:34 244922 143820.9713
2019:05:06 15:11:34 419488 143433.5224
2019:05:06 15:11:34 574243 130756.0727
2019:05:06 15:11:34 693431 109389.7633
2019:05:06 15:11:34 857263 150326.0545
2019:05:06 15:11:35 15372 147399.7496
2019:05:06 15:11:35 188638 145011.8348
2019:05:06 15:11:35 349393 147555.8542
2019:05:06 15:11:35 573380 192023.1730
2019:05:06 15:11:35 741383 128010.2432
2019:05:06 15:11:35 901385 128015.4847
2019:05:06 15:11:36 69403 128034.2191
2019:05:06 15:11:36 259275 149905.8455
2019:05:06 15:11:36 420639 127281.9825
2019:05:06 15:11:36 613389 160032.3915
2019:05:06 15:11:36 813388 160031.4192
2019:05:06 15:11:36 978176 124806.5159
2019:05:06 15:11:37 170638 149268.6458
2019:05:06 15:11:37 395905 216668.0396
2019:05:06 15:11:37 552080 150035.3403
2019:05:06 15:11:37 705590 146649.4575
2019:05:06 15:11:37 891575 160894.2300
2019:05:06 15:11:38 17391 120099.7941
2019:05:06 15:11:38 197546 162988.4802
2019:05:06 15:11:38 338456 127828.2851
2019:05:06 15:11:38 487555 132711.2988
2019:05:06 15:11:38 639104 139635.3692
2019:05:06 15:11:38 790243 144328.2291
2019:05:06 15:11:38 942190 137215.3386
2019:05:06 15:11:39 69181 118743.2222
2019:05:06 15:11:39 246540 155634.8279
2019:05:06 15:11:39 387852 122067.5111
2019:05:06 15:11:39 526299 117128.0928
2019:05:06 15:11:39 692186 136789.5752
2019:05:06 15:11:39 833900 133120.2090
2019:05:06 15:11:39 975518 114146.6536
2019:05:06 15:11:40 134527 147407.0884
2019:05:06 15:11:40 297584 129890.6878
2019:05:06 15:11:40 481392 156031.7539
2019:05:06 15:11:40 689369 172009.6730
2019:05:06 15:11:40 849395 160016.7602
2019:05:06 15:11:41 10644 121270.3586
2019:05:06 15:11:41 180604 136801.9953
2019:05:06 15:11:41 337388 128018.9678
2019:05:06 15:11:41 492309 122942.7345
2019:05:06 15:11:41 681384 152027.0519
2019:05:06 15:11:41 889395 175108.3285
2019:05:06 15:11:42 81390 144012.8498
2019:05:06 15:11:42 293387 195278.0485
2019:05:06 15:11:42 509383 168013.9713
2019:05:06 15:11:42 677390 136021.9978
2019:05:06 15:11:42 897381 172020.9755
2019:05:06 15:11:43 133386 180013.7497
2019:05:06 15:11:43 333396 160038.4749
2019:05:06 15:11:43 517384 144012.2537
2019:05:06 15:11:43 709397 144028.6264
2019:05:06 15:11:43 893383 144008.8004
2019:05:06 15:11:44 101363 168005.9694
2019:05:06 15:11:44 281379 180004.8091
2019:05:06 15:11:44 431160 109789.9787
2019:05:06 15:11:44 561807 114600.1369
2019:05:06 15:11:44 749381 144014.9471
2019:05:06 15:11:44 989364 199999.2765
2019:05:06 15:11:45 157397 168016.8360
2019:05:06 15:11:45 349398 152027.0742
2019:05:06 15:11:45 513385 158173.3488
2019:05:06 15:11:45 673383 154707.2493
2019:05:06 15:11:45 864795 151430.3498
2019:05:06 15:11:46 57382 168026.7379
2019:05:06 15:11:46 237390 144018.1918
2019:05:06 15:11:46 405383 136020.0122
2019:05:06 15:11:46 605393 160036.9066
2019:05:06 15:11:46 733954 96594.0431
2019:05:06 15:11:46 889390 146458.1601
2019:05:06 15:11:47 41384 112019.4346
2019:05:06 15:11:47 205388 132021.1850
2019:05:06 15:11:47 405384 160003.5690
2019:05:06 15:11:47 576463 131106.4698
2019:05:06 15:11:47 837385 256822.7276
2019:05:06 15:11:47 999976 122606.7282
2019:05:06 15:11:48 165376 128009.6434
2019:05:06 15:11:48 309385 112021.7182
2019:05:06 15:11:48 469392 120028.0376
2019:05:06 15:11:48 665382 160003.2374
2019:05:06 15:11:48 825390 120023.1351
2019:05:06 15:11:48 977381 112015.1542
2019:05:06 15:11:49 165364 156000.8004
2019:05:06 15:11:49 317396 152020.8344
2019:05:06 15:11:49 489389 132029.6489
2019:05:06 15:11:49 625388 129988.1563
2019:05:06 15:11:49 785389 120020.3858
2019:05:06 15:11:49 923430 98059.5239
2019:05:06 15:11:50 93404 108027.5699
2019:05:06 15:11:50 248651 115274.8913
2019:05:06 15:11:50 405407 128044.4264
2019:05:06 15:11:50 549400 137749.0573
2019:05:06 15:11:50 738181 148801.8148
2019:05:06 15:11:50 893397 136026.5724
2019:05:06 15:11:51 53391 120005.7231
2019:05:06 15:11:51 189404 129279.8668
