
# OSU MPI Allreduce Latency Test v5.6.1
# Size       Avg Latency(us)
65536              162708.68
2019:05:06 15:05:49 825369 200001.9252
2019:05:06 15:05:50 42743 217365.1941
2019:05:06 15:05:50 245380 176017.5489
2019:05:06 15:05:50 421376 136015.1879
2019:05:06 15:05:50 568626 115263.3838
2019:05:06 15:05:50 733389 120017.9197
2019:05:06 15:05:50 910643 145286.8320
2019:05:06 15:05:51 93390 136022.9142
2019:05:06 15:05:51 264553 139197.4464
2019:05:06 15:05:51 445385 136012.1816
2019:05:06 15:05:51 701376 216003.2950
2019:05:06 15:05:51 906758 157393.3586
2019:05:06 15:05:52 85395 145861.4543
2019:05:06 15:05:52 306515 173144.5268
2019:05:06 15:05:52 533379 184022.5197
2019:05:06 15:05:52 727172 137772.8470
2019:05:06 15:05:52 949384 176015.9321
2019:05:06 15:05:53 125384 128011.8488
2019:05:06 15:05:53 301382 136017.6951
2019:05:06 15:05:53 513382 164023.7533
2019:05:06 15:05:53 741388 180014.2676
2019:05:06 15:05:53 909380 128018.4500
2019:05:06 15:05:54 93380 144024.5137
2019:05:06 15:05:54 301397 168039.4225
2019:05:06 15:05:54 513360 183998.7002
2019:05:06 15:05:54 686288 172914.7770
2019:05:06 15:05:54 945371 224006.8689
2019:05:06 15:05:55 117385 171994.8873
2019:05:06 15:05:55 285388 120021.5407
2019:05:06 15:05:55 453391 128017.3585
2019:05:06 15:05:55 637395 144036.6469
2019:05:06 15:05:55 813384 136015.3519
2019:05:06 15:05:55 981383 136020.6380
2019:05:06 15:05:56 165389 136018.5035
2019:05:06 15:05:56 365382 168017.7599
2019:05:06 15:05:56 525361 115990.6723
2019:05:06 15:05:56 705381 152024.7646
2019:05:06 15:05:56 881357 168846.0782
2019:05:06 15:05:57 99198 210544.0833
2019:05:06 15:05:57 285393 144022.0810
2019:05:06 15:05:57 529363 196005.7765
2019:05:06 15:05:57 693390 164015.7811
2019:05:06 15:05:57 869388 128020.7485
2019:05:06 15:05:58 93386 174645.9082
2019:05:06 15:05:58 311402 170037.2323
2019:05:06 15:05:58 481383 132018.7524
2019:05:06 15:05:58 653390 124018.3078
2019:05:06 15:05:58 833387 132015.5747
2019:05:06 15:05:59 5389 124023.1246
2019:05:06 15:05:59 237384 184019.1074
2019:05:06 15:05:59 405378 120014.8314
2019:05:06 15:05:59 565387 120013.4009
2019:05:06 15:05:59 695584 90221.1107
2019:05:06 15:05:59 857393 124033.1307
2019:05:06 15:06:00 13382 120016.5600
2019:05:06 15:06:00 213385 160022.2215
2019:05:06 15:06:00 379204 125828.8696
2019:05:06 15:06:00 573387 160012.6885
2019:05:06 15:06:00 813370 233098.8757
2019:05:06 15:06:01 53363 239981.7705
2019:05:06 15:06:01 253399 200026.4637
2019:05:06 15:06:01 449429 156070.6794
2019:05:06 15:06:01 689409 160038.4936
2019:05:06 15:06:01 849386 120017.5099
2019:05:06 15:06:02 53377 163996.2308
2019:05:06 15:06:02 255894 162525.6203
2019:05:06 15:06:02 431589 137613.3002
2019:05:06 15:06:02 869378 399994.7757
2019:05:06 15:06:02 999996 130607.4150
2019:05:06 15:06:03 189387 164024.8485
2019:05:06 15:06:03 429368 200011.4396
2019:05:06 15:06:03 589394 160016.7677
2019:05:06 15:06:03 785364 159997.5303
2019:05:06 15:06:03 945387 160014.7188
2019:05:06 15:06:04 149384 164025.4594
2019:05:06 15:06:04 349364 159999.9145
2019:05:06 15:06:04 505388 151199.6500
2019:05:06 15:06:04 745394 159980.5281
2019:05:06 15:06:04 945362 160002.8351
2019:05:06 15:06:05 109384 164013.7322
2019:05:06 15:06:05 317379 201376.5350
2019:05:06 15:06:05 753381 396023.3144
2019:05:06 15:06:05 918417 125053.1524
2019:05:06 15:06:06 78955 125588.6257
2019:05:06 15:06:06 277382 160015.6948
2019:05:06 15:06:06 477378 160012.8449
2019:05:06 15:06:06 639256 121888.9579
2019:05:06 15:06:06 797385 120014.5110
2019:05:06 15:06:06 957382 120009.8917
2019:05:06 15:06:07 133381 136021.9121
2019:05:06 15:06:07 293387 128023.0954
2019:05:06 15:06:07 454346 128990.7098
2019:05:06 15:06:07 629389 144010.2346
2019:05:06 15:06:07 901365 232005.2460
2019:05:06 15:06:08 45394 144018.0950
2019:05:06 15:06:08 245386 160017.4382
2019:05:06 15:06:08 437388 152017.3810
2019:05:06 15:06:08 603677 126308.6349
2019:05:06 15:06:08 757392 120026.1936
2019:05:06 15:06:08 957403 160048.2129
2019:05:06 15:06:09 162769 165410.4702
2019:05:06 15:06:09 357358 159992.6874
2019:05:06 15:06:09 513387 156020.6860
2019:05:06 15:06:09 673392 120019.6482
2019:05:06 15:06:09 873405 160034.6752
2019:05:06 15:06:10 73383 160017.6096
2019:05:06 15:06:10 238340 120972.4247
2019:05:06 15:06:10 430481 153117.5375
2019:05:06 15:06:10 625362 159996.7889
2019:05:06 15:06:10 825362 199990.2241
2019:05:06 15:06:10 985380 160010.5502
2019:05:06 15:06:11 153010 127642.6166
2019:05:06 15:06:11 349376 160011.2729
2019:05:06 15:06:11 549391 160015.1695
2019:05:06 15:06:11 709382 120008.7368
2019:05:06 15:06:11 874697 125331.9122
2019:05:06 15:06:12 61384 152017.8095
2019:05:06 15:06:12 309381 200007.9527
2019:05:06 15:06:12 513384 164016.1574
2019:05:06 15:06:12 713390 160033.7438
2019:05:06 15:06:12 877367 123998.4147
2019:05:06 15:06:13 73363 159997.1652
2019:05:06 15:06:13 269366 195994.9955
2019:05:06 15:06:13 441390 172013.5622
2019:05:06 15:06:13 601569 120192.2931
2019:05:06 15:06:13 763742 122377.4105
2019:05:06 15:06:13 961382 160019.0587
2019:05:06 15:06:14 221369 219999.2202
2019:05:06 15:06:14 413384 192003.7419
2019:05:06 15:06:14 581384 128024.5110
2019:05:06 15:06:14 773382 152014.7920
2019:05:06 15:06:14 941389 120022.2075
2019:05:06 15:06:15 105566 124201.1562
2019:05:06 15:06:15 293382 157508.9917
2019:05:06 15:06:15 453375 152454.8382
2019:05:06 15:06:15 653389 160020.6755
2019:05:06 15:06:15 819872 126501.6273
2019:05:06 15:06:16 13378 160009.1457
2019:05:06 15:06:16 173392 154065.2774
2019:05:06 15:06:16 413360 199987.2997
2019:05:06 15:06:16 573365 159590.1549
2019:05:06 15:06:16 773363 199987.6164
2019:05:06 15:06:17 53366 279991.4740
2019:05:06 15:06:17 253363 199988.3726
2019:05:06 15:06:17 417635 164262.3097
2019:05:06 15:06:17 617388 160023.8755
2019:05:06 15:06:17 797379 148020.3308
2019:05:06 15:06:17 969384 163855.9848
2019:05:06 15:06:18 157379 156016.6888
2019:05:06 15:06:18 317387 128020.4765
2019:05:06 15:06:18 489384 132010.3370
2019:05:06 15:06:18 657378 128015.6672
2019:05:06 15:06:18 806172 108801.4618
2019:05:06 15:06:18 966712 125347.1896
2019:05:06 15:06:19 144876 143516.8907
2019:05:06 15:06:19 305448 124082.8969
2019:05:06 15:06:19 466411 125047.1361
2019:05:06 15:06:19 628606 127233.4158
2019:05:06 15:06:19 781383 120015.7255
2019:05:06 15:06:19 941383 120007.9583
2019:05:06 15:06:20 121381 140013.3707
2019:05:06 15:06:20 305383 152019.7429
2019:05:06 15:06:20 485383 136014.6664
2019:05:06 15:06:20 717366 200009.0666
2019:05:06 15:06:20 899623 182246.8936
2019:05:06 15:06:21 60594 135229.6658
2019:05:06 15:06:21 277366 183998.8083
2019:05:06 15:06:21 433402 156024.5603
2019:05:06 15:06:21 633382 152021.5236
2019:05:06 15:06:21 790050 124687.6866
2019:05:06 15:06:21 961389 128019.1801
2019:05:06 15:06:22 93165 99800.8102
2019:05:06 15:06:22 269382 144015.9082
2019:05:06 15:06:22 445378 136020.4332
2019:05:06 15:06:22 661384 184018.4107
2019:05:06 15:06:22 869387 168025.2142
2019:05:06 15:06:23 45389 136019.3975
2019:05:06 15:06:23 213387 128020.8491
2019:05:06 15:06:23 429385 176014.6543
2019:05:06 15:06:23 597390 128021.4004
2019:05:06 15:06:23 773379 136012.1928
2019:05:06 15:06:23 949376 136016.2459
2019:05:06 15:06:24 157382 176025.8526
2019:05:06 15:06:24 337395 132021.9599
2019:05:06 15:06:24 533375 164019.4617
2019:05:06 15:06:24 717389 136021.2490
2019:05:06 15:06:24 885326 135961.4395
2019:05:06 15:06:25 69398 144030.7721
2019:05:06 15:06:25 253378 177619.4125
2019:05:06 15:06:25 443462 142088.7597
2019:05:06 15:06:25 625386 152016.7626
2019:05:06 15:06:25 789391 116015.7658
2019:05:06 15:06:25 989374 160008.4193
2019:05:06 15:06:26 173396 144031.9493
2019:05:06 15:06:26 305371 125362.7315
2019:05:06 15:06:26 513368 173980.3441
2019:05:06 15:06:26 693363 179985.7356
2019:05:06 15:06:26 901382 208007.9354
2019:05:06 15:06:27 141387 192016.4041
2019:05:06 15:06:27 341378 168013.9042
2019:05:06 15:06:27 533383 144010.4693
2019:05:06 15:06:27 693388 128022.6409
2019:05:06 15:06:27 861384 120010.4989
2019:05:06 15:06:28 29395 136032.9241
2019:05:06 15:06:28 277362 199990.8052
2019:05:06 15:06:28 425388 148016.6167
2019:05:06 15:06:28 603143 129774.0601
2019:05:06 15:06:28 769836 136468.4477
2019:05:06 15:06:28 953391 144020.5872
2019:05:06 15:06:29 157390 164030.5296
2019:05:06 15:06:29 341390 136022.5528
2019:05:06 15:06:29 521396 140026.2527
2019:05:06 15:06:29 705379 144010.8642
2019:05:06 15:06:29 844577 133124.0423
2019:05:06 15:06:30 1381 120011.4451
2019:05:06 15:06:30 149396 108030.3490
2019:05:06 15:06:30 325381 128014.2739
2019:05:06 15:06:30 486786 121417.2170
2019:05:06 15:06:30 648167 122789.7257
2019:05:06 15:06:30 810366 124997.9921
2019:05:06 15:06:31 5382 160013.9588
2019:05:06 15:06:31 205382 160027.3065
2019:05:06 15:06:31 445378 160011.9844
2019:05:06 15:06:31 605385 152375.7912
2019:05:06 15:06:32 45396 400025.3603
2019:05:06 15:06:32 245394 160014.0706
2019:05:06 15:06:32 453362 201631.8515
2019:05:06 15:06:32 693359 239988.5319
2019:05:06 15:06:32 853393 155541.6174
2019:05:06 15:06:33 53361 159999.9517
2019:05:06 15:06:33 213386 160016.1791
2019:05:06 15:06:33 373384 153302.6136
2019:05:06 15:06:33 609384 228810.1204
2019:05:06 15:06:33 774200 124824.0136
2019:05:06 15:06:33 969385 160022.2625
2019:05:06 15:06:34 125385 116018.7945
2019:05:06 15:06:34 325388 160019.5058
2019:05:06 15:06:34 521365 159997.7054
2019:05:06 15:06:34 681385 160009.3469
2019:05:06 15:06:34 846903 125541.3257
2019:05:06 15:06:35 44750 163380.6005
2019:05:06 15:06:35 229381 148013.7073
2019:05:06 15:06:35 429385 120024.4874
2019:05:06 15:06:35 669365 194550.3913
2019:05:06 15:06:35 832386 163011.5472
2019:05:06 15:06:36 133366 263995.4872
2019:05:06 15:06:36 301399 168023.2994
2019:05:06 15:06:36 493393 160024.5386
2019:05:06 15:06:36 717390 192033.8459
2019:05:06 15:06:36 909382 160026.4758
2019:05:06 15:06:37 82856 141499.6274
2019:05:06 15:06:37 280287 154916.7708
2019:05:06 15:06:37 473379 168024.5660
2019:05:06 15:06:37 645395 132033.3146
2019:05:06 15:06:37 790696 136416.1931
2019:05:06 15:06:37 937385 120023.4331
2019:05:06 15:06:38 93385 149520.3972
2019:05:06 15:06:38 293382 168016.3108
2019:05:06 15:06:38 505362 171974.8601
2019:05:06 15:06:38 689388 184017.0436
2019:05:06 15:06:38 889360 151994.7201
2019:05:06 15:06:39 77389 188020.8105
2019:05:06 15:06:39 277387 152020.2272
2019:05:06 15:06:39 469365 159999.1359
2019:05:06 15:06:39 637386 168011.2556
2019:05:06 15:06:39 817382 144015.9455
2019:05:06 15:06:40 1387 136015.4673
2019:05:06 15:06:40 181378 148010.2316
2019:05:06 15:06:40 365380 136015.5270
2019:05:06 15:06:40 533754 136398.7513
2019:05:06 15:06:40 709386 136011.3509
2019:05:06 15:06:40 847897 98532.9300
2019:05:06 15:06:40 997396 120037.1496
2019:05:06 15:06:41 189384 144017.7932
2019:05:06 15:06:41 373392 136023.6146
2019:05:06 15:06:41 641366 223994.9852
2019:05:06 15:06:41 828418 187042.9143
2019:05:06 15:06:42 1393 136022.4299
2019:05:06 15:06:42 140302 131686.7061
2019:05:06 15:06:42 292583 140859.0823
2019:05:06 15:06:42 458126 154864.7694
2019:05:06 15:06:42 649380 181579.0758
2019:05:06 15:06:42 793385 88012.6171
2019:05:06 15:06:42 985367 160001.4605
2019:05:06 15:06:43 141386 156008.8396
2019:05:06 15:06:43 341367 160000.1045
2019:05:06 15:06:43 501385 160007.7376
2019:05:06 15:06:43 701381 160010.2112
2019:05:06 15:06:43 863274 121907.8079
2019:05:06 15:06:44 21383 119999.5801
2019:05:06 15:06:44 181913 153613.2395
2019:05:06 15:06:44 348640 127264.4028
2019:05:06 15:06:44 513380 132012.2518
2019:05:06 15:06:44 669391 120028.7715
2019:05:06 15:06:44 829386 152701.7653
2019:05:06 15:06:44 989389 120024.1446
2019:05:06 15:06:45 141393 116014.9798
2019:05:06 15:06:45 341376 155575.4952
2019:05:06 15:06:45 505393 124023.3481
2019:05:06 15:06:45 705381 160012.6959
2019:05:06 15:06:45 865383 120008.9604
2019:05:06 15:06:46 25390 120023.0010
2019:05:06 15:06:46 190133 132765.6843
2019:05:06 15:06:46 349521 120151.4080
2019:05:06 15:06:46 509377 154598.9886
2019:05:06 15:06:46 709361 159992.0057
2019:05:06 15:06:46 869366 159996.3754
2019:05:06 15:06:47 69389 200012.2629
2019:05:06 15:06:47 269380 160010.5688
2019:05:06 15:06:47 449380 152022.8945
2019:05:06 15:06:47 629379 144004.3449
2019:05:06 15:06:47 765392 96026.8304
2019:05:06 15:06:47 973385 172029.0482
2019:05:06 15:06:48 149383 136018.7419
2019:05:06 15:06:48 297388 139540.4786
2019:05:06 15:06:48 517387 180029.9622
2019:05:06 15:06:48 677395 128039.6692
2019:05:06 15:06:48 837390 120025.9626
2019:05:06 15:06:49 37388 160022.4786
2019:05:06 15:06:49 197391 154852.8746
2019:05:06 15:06:49 357388 120017.3944
2019:05:06 15:06:49 553356 159982.3572
2019:05:06 15:06:49 713383 156403.4373
2019:05:06 15:06:49 993376 200003.5755
2019:05:06 15:06:50 157379 163989.5551
2019:05:06 15:06:50 393363 195997.2419
2019:05:06 15:06:50 553389 160016.1791
2019:05:06 15:06:50 713383 153324.1235
2019:05:06 15:06:50 873384 120013.9299
2019:05:06 15:06:51 73379 160013.8247
2019:05:06 15:06:51 277364 160000.2795
2019:05:06 15:06:51 437384 160011.4219
2019:05:06 15:06:51 637397 160038.8996
2019:05:06 15:06:51 884330 206973.4707
2019:05:06 15:06:52 117371 200014.0697
2019:05:06 15:06:52 277383 160001.2109
2019:05:06 15:06:52 437381 120017.2417
2019:05:06 15:06:52 689358 240004.2303
2019:05:06 15:06:52 849385 159042.7719
2019:05:06 15:06:53 32430 143064.9497
2019:05:06 15:06:53 189391 147062.0446
2019:05:06 15:06:53 379693 158336.6953
2019:05:06 15:06:53 542736 138467.7179
2019:05:06 15:06:53 702049 136687.1260
2019:05:06 15:06:53 881384 148018.1478
2019:05:06 15:06:54 25382 135771.6285
2019:05:06 15:06:54 173386 141247.2166
2019:05:06 15:06:54 306166 126564.3425
2019:05:06 15:06:54 465386 136024.1361
2019:05:06 15:06:54 646296 148938.0449
2019:05:06 15:06:54 814886 135266.3524
2019:05:06 15:06:54 973384 149531.2564
2019:05:06 15:06:55 120453 133124.3813
2019:05:06 15:06:55 277706 145845.4840
2019:05:06 15:06:55 417391 116025.2318
2019:05:06 15:06:55 587496 138138.6667
2019:05:06 15:06:55 722113 123324.3458
2019:05:06 15:06:55 871216 125842.0870
2019:05:06 15:06:56 33372 143370.3639
2019:05:06 15:06:56 241384 180023.0592
2019:05:06 15:06:56 429384 140019.4503
2019:05:06 15:06:56 613382 150367.9119
2019:05:06 15:06:56 753382 108015.6974
2019:05:06 15:06:56 973362 208489.0828
2019:05:06 15:06:57 147427 174051.1470
2019:05:06 15:06:57 303514 130153.2090
2019:05:06 15:06:57 505385 164016.8913
2019:05:06 15:06:57 689399 144031.1186
2019:05:06 15:06:57 945366 208001.9191
2019:05:06 15:06:58 145365 199988.1715
2019:05:06 15:06:58 305387 160012.7295
2019:05:06 15:06:58 505382 160024.9112
2019:05:06 15:06:58 665389 120020.4194
2019:05:06 15:06:58 825387 120017.7632
2019:05:06 15:06:58 981187 115805.4024
2019:05:06 15:06:59 129390 112022.3962
2019:05:06 15:06:59 329364 159997.4521
2019:05:06 15:06:59 649364 319989.2193
2019:05:06 15:06:59 813869 164495.7252
2019:05:06 15:06:59 973388 124031.1190
2019:05:06 15:07:00 177368 164001.1482
2019:05:06 15:07:00 377387 200009.2603
2019:05:06 15:07:00 545385 128018.8337
2019:05:06 15:07:00 745389 160032.0712
2019:05:06 15:07:00 961385 176022.6935
2019:05:06 15:07:01 125698 124334.8494
2019:05:06 15:07:01 299834 138471.6630
2019:05:06 15:07:01 445659 139329.5713
2019:05:06 15:07:01 622189 162601.0016
2019:05:06 15:07:01 772525 133102.8081
2019:05:06 15:07:01 939362 136379.6033
2019:05:06 15:07:02 115726 164911.2962
2019:05:06 15:07:02 274589 135100.6478
2019:05:06 15:07:02 423596 140701.1338
2019:05:06 15:07:02 587995 137120.8280
2019:05:06 15:07:02 747527 127935.3313
2019:05:06 15:07:02 885261 129256.7998
2019:05:06 15:07:03 46821 147709.2952
2019:05:06 15:07:03 217617 141684.1112
2019:05:06 15:07:03 409395 172032.8666
2019:05:06 15:07:03 571889 144172.8100
2019:05:06 15:07:03 750092 132712.1779
2019:05:06 15:07:03 908299 125669.1776
2019:05:06 15:07:04 77367 149785.9545
2019:05:06 15:07:04 219469 131070.8635
2019:05:06 15:07:04 377584 140221.3424
2019:05:06 15:07:04 532022 142560.8955
2019:05:06 15:07:04 700799 135427.5458
2019:05:06 15:07:04 826744 118175.1676
2019:05:06 15:07:04 987558 135591.7156
2019:05:06 15:07:05 135867 137285.7653
2019:05:06 15:07:05 277612 123396.9256
2019:05:06 15:07:05 431115 145031.5304
2019:05:06 15:07:05 586986 144760.5751
2019:05:06 15:07:05 758144 144072.1788
2019:05:06 15:07:05 898422 129422.3294
2019:05:06 15:07:06 61854 154428.2176
2019:05:06 15:07:06 214225 140497.4759
2019:05:06 15:07:06 373574 129857.7674
2019:05:06 15:07:06 524689 136820.6479
2019:05:06 15:07:06 701676 168810.8742
2019:05:06 15:07:06 871543 147797.3461
2019:05:06 15:07:07 39553 162206.6647
2019:05:06 15:07:07 174720 124110.4566
2019:05:06 15:07:07 349216 156897.3325
2019:05:06 15:07:07 512633 129450.2132
2019:05:06 15:07:07 660087 132700.6258
2019:05:06 15:07:07 819503 131931.2379
2019:05:06 15:07:07 956193 130251.9217
2019:05:06 15:07:08 138475 174084.6001
2019:05:06 15:07:08 289746 146373.7674
2019:05:06 15:07:08 460420 141747.9329
2019:05:06 15:07:08 627936 153115.4886
2019:05:06 15:07:08 764790 124584.0862
2019:05:06 15:07:08 911880 125047.7023
2019:05:06 15:07:09 77320 145788.0847
2019:05:06 15:07:09 221882 140551.9359
2019:05:06 15:07:09 376764 142151.7096
2019:05:06 15:07:09 526603 143803.4549
2019:05:06 15:07:09 699411 144562.7324
2019:05:06 15:07:09 867387 151586.6071
2019:05:06 15:07:10 23807 141300.9278
2019:05:06 15:07:10 174549 140300.8327
2019:05:06 15:07:10 335214 133139.3421
2019:05:06 15:07:10 483371 135580.3832
2019:05:06 15:07:10 626163 134622.5664
2019:05:06 15:07:10 779132 142525.5090
2019:05:06 15:07:10 934824 150383.5358
2019:05:06 15:07:11 71540 129826.0912
2019:05:06 15:07:11 249796 134442.1580
2019:05:06 15:07:11 403135 141968.3620
2019:05:06 15:07:11 559498 139601.2306
2019:05:06 15:07:11 715554 147172.8049
2019:05:06 15:07:11 893173 153172.1652
2019:05:06 15:07:12 65861 162876.1925
2019:05:06 15:07:12 209049 133196.0484
2019:05:06 15:07:12 376828 158818.1145
2019:05:06 15:07:12 625519 245884.0720
2019:05:06 15:07:12 795607 166403.5991
2019:05:06 15:07:12 958956 140315.9574
2019:05:06 15:07:13 88841 108751.6844
2019:05:06 15:07:13 254388 144286.4239
2019:05:06 15:07:13 408309 140439.2384
2019:05:06 15:07:13 585157 134979.3598
2019:05:06 15:07:13 749393 144992.2323
2019:05:06 15:07:13 981382 192016.7506
2019:05:06 15:07:14 146006 132365.0032
2019:05:06 15:07:14 373366 195997.6852
2019:05:06 15:07:14 509393 136017.7100
2019:05:06 15:07:14 925173 367788.0578
2019:05:06 15:07:15 101392 176208.1981
2019:05:06 15:07:15 345361 196001.7048
2019:05:06 15:07:15 537386 192014.9289
2019:05:06 15:07:15 745366 163981.5606
2019:05:06 15:07:15 977366 231988.9739
2019:05:06 15:07:16 141385 164007.4253
2019:05:06 15:07:16 341385 160016.0301
2019:05:06 15:07:16 501386 152311.8503
2019:05:06 15:07:16 661389 120020.2219
2019:05:06 15:07:16 901361 200003.6947
2019:05:06 15:07:17 101380 200009.4131
2019:05:06 15:07:17 289363 147999.0594
2019:05:06 15:07:17 445395 156023.3273
2019:05:06 15:07:17 633391 180082.2318
2019:05:06 15:07:17 822751 149379.4098
2019:05:06 15:07:18 21392 160021.9235
2019:05:06 15:07:18 181597 120233.9977
2019:05:06 15:07:18 381376 160009.9578
2019:05:06 15:07:18 581372 160012.4910
2019:05:06 15:07:18 741399 160013.3553
2019:05:06 15:07:18 941366 159996.8188
2019:05:06 15:07:19 146214 204832.5166
2019:05:06 15:07:19 302677 121319.6814
2019:05:06 15:07:19 467309 125942.2377
2019:05:06 15:07:19 624227 122858.7553
2019:05:06 15:07:19 857364 200005.6170
2019:05:06 15:07:20 21384 164010.8190
2019:05:06 15:07:20 197387 136022.7689
2019:05:06 15:07:20 365164 127798.5573
2019:05:06 15:07:20 557382 160011.9025
2019:05:06 15:07:20 721082 123722.8550
2019:05:06 15:07:20 917386 160017.7102
2019:05:06 15:07:21 83167 125802.6510
2019:05:06 15:07:21 317380 200016.3272
2019:05:06 15:07:21 565365 208008.4532
2019:05:06 15:07:21 765365 199990.4551
2019:05:06 15:07:21 914217 148842.3161
2019:05:06 15:07:22 76385 123017.6799
2019:05:06 15:07:22 269391 160025.4886
2019:05:06 15:07:22 434816 125446.4239
2019:05:06 15:07:22 629367 160008.6875
2019:05:06 15:07:22 829381 200003.2254
2019:05:06 15:07:23 34437 165070.8728
2019:05:06 15:07:23 189384 120009.7166
2019:05:06 15:07:23 354732 125364.9332
2019:05:06 15:07:23 513384 124020.3902
2019:05:06 15:07:23 669388 116020.8732
2019:05:06 15:07:23 833388 124023.1395
2019:05:06 15:07:24 57363 183993.8350
2019:05:06 15:07:24 221387 164014.8498
2019:05:06 15:07:24 421397 157764.6472
2019:05:06 15:07:24 581390 120017.5509
2019:05:06 15:07:24 781382 160016.0748
2019:05:06 15:07:24 941390 153010.0591
2019:05:06 15:07:25 108704 127335.5410
2019:05:06 15:07:25 277384 132019.0057
2019:05:06 15:07:25 477381 160016.3467
2019:05:06 15:07:25 673389 156023.7333
2019:05:06 15:07:25 877379 164014.9131
2019:05:06 15:07:26 117378 200006.8277
2019:05:06 15:07:26 277378 152906.1310
2019:05:06 15:07:26 477379 160014.3947
2019:05:06 15:07:26 637394 120030.5559
2019:05:06 15:07:26 797385 120016.9325
2019:05:06 15:07:26 961670 124295.9686
2019:05:06 15:07:27 124705 127339.6984
2019:05:06 15:07:27 266905 128686.0593
2019:05:06 15:07:27 413889 131122.8387
2019:05:06 15:07:27 564255 138069.5254
2019:05:06 15:07:27 709224 136000.5625
2019:05:06 15:07:27 877416 158784.4156
2019:05:06 15:07:28 31480 133595.0457
2019:05:06 15:07:28 197408 143463.7271
2019:05:06 15:07:28 374346 144982.9824
2019:05:06 15:07:28 519785 129932.2695
2019:05:06 15:07:28 708571 156198.8182
2019:05:06 15:07:28 855127 140002.0793
2019:05:06 15:07:29 8798 140505.9434
2019:05:06 15:07:29 179231 135197.5724
2019:05:06 15:07:29 393386 156024.0388
2019:05:06 15:07:29 599509 153783.9733
2019:05:06 15:07:29 754463 118962.9249
2019:05:06 15:07:29 979597 211251.9667
2019:05:06 15:07:30 183108 177735.5485
2019:05:06 15:07:30 373360 159993.1829
2019:05:06 15:07:30 534115 160747.4610
2019:05:06 15:07:30 693381 128016.9003
2019:05:06 15:07:30 933364 204009.1939
2019:05:06 15:07:31 81753 148379.1098
2019:05:06 15:07:31 305362 195997.4356
2019:05:06 15:07:31 481388 174378.8831
2019:05:06 15:07:31 748553 199184.8089
2019:05:06 15:07:31 925388 144023.7053
2019:05:06 15:07:32 149364 190718.4087
2019:05:06 15:07:32 317361 167986.3147
2019:05:06 15:07:32 465383 148011.5801
2019:05:06 15:07:32 645377 145636.4244
2019:05:06 15:07:32 872839 207473.0583
2019:05:06 15:07:33 77391 172036.2082
2019:05:06 15:07:33 249248 131877.9998
2019:05:06 15:07:33 413397 133846.3388
2019:05:06 15:07:33 552834 131924.4206
2019:05:06 15:07:33 749408 156039.4838
2019:05:06 15:07:33 949401 160018.1609
2019:05:06 15:07:34 149394 160002.1496
2019:05:06 15:07:34 309405 120027.5421
2019:05:06 15:07:34 469396 120019.9686
2019:05:06 15:07:34 630149 120774.7310
2019:05:06 15:07:34 829373 159998.7932
2019:05:06 15:07:34 989407 160009.9653
2019:05:06 15:07:35 152340 122956.6559
2019:05:06 15:07:35 309403 120023.6194
2019:05:06 15:07:35 509402 160039.0859
2019:05:06 15:07:35 705387 157988.2167
2019:05:06 15:07:35 903386 158004.2951
2019:05:06 15:07:36 61404 120020.1847
2019:05:06 15:07:36 301373 200006.5483
2019:05:06 15:07:36 461398 160008.5981
2019:05:06 15:07:36 626078 124699.4548
2019:05:06 15:07:36 781400 120022.5465
2019:05:06 15:07:37 21372 199999.5224
2019:05:06 15:07:37 221372 199985.6010
2019:05:06 15:07:37 381396 160006.5157
2019:05:06 15:07:37 542410 121027.2238
2019:05:06 15:07:37 725399 144016.6831
2019:05:06 15:07:37 961388 196030.5721
2019:05:06 15:07:38 120296 118924.2788
2019:05:06 15:07:38 281245 123872.2540
2019:05:06 15:07:38 437391 120025.2101
2019:05:06 15:07:38 597385 120017.8228
2019:05:06 15:07:38 837364 159988.7311
2019:05:06 15:07:39 77364 239985.7566
2019:05:06 15:07:39 213380 136006.8694
2019:05:06 15:07:39 373382 120017.6813
2019:05:06 15:07:39 573362 159998.3647
2019:05:06 15:07:39 749384 176012.3000
2019:05:06 15:07:39 953386 160027.4742
2019:05:06 15:07:40 153380 160010.7551
2019:05:06 15:07:40 359927 166571.9450
2019:05:06 15:07:40 553385 160015.7209
2019:05:06 15:07:40 713385 124014.0907
2019:05:06 15:07:40 953386 200030.1741
2019:05:06 15:07:41 149387 156019.6355
2019:05:06 15:07:41 349382 160015.8997
2019:05:06 15:07:41 549380 160006.8212
2019:05:06 15:07:41 689390 120032.7277
2019:05:06 15:07:41 845385 116011.0794
2019:05:06 15:07:42 7333 121968.7089
2019:05:06 15:07:42 165382 120018.2624
2019:05:06 15:07:42 325397 153803.3187
2019:05:06 15:07:42 565384 200027.5105
2019:05:06 15:07:42 765393 160023.5999
2019:05:06 15:07:42 965382 160022.1805
2019:05:06 15:07:43 125390 154301.0846
2019:05:06 15:07:43 285389 120026.5102
2019:05:06 15:07:43 485387 160030.3575
2019:05:06 15:07:43 641382 116010.4722
2019:05:06 15:07:43 809392 120028.6560
2019:05:06 15:07:44 5366 156007.3905
2019:05:06 15:07:44 165390 160015.4229
2019:05:06 15:07:44 365388 160031.1659
2019:05:06 15:07:44 605395 160025.6152
2019:05:06 15:07:44 805392 160034.3809
2019:05:06 15:07:45 45363 199998.1254
2019:05:06 15:07:45 245362 199981.3430
2019:05:06 15:07:45 405394 160021.0629
2019:05:06 15:07:45 581395 136028.5766
2019:05:06 15:07:45 781375 160005.6216
2019:05:06 15:07:45 977383 156015.0348
2019:05:06 15:07:46 221386 204014.4205
2019:05:06 15:07:46 421390 160031.9482
2019:05:06 15:07:46 581391 120024.3831
2019:05:06 15:07:46 795810 174453.9738
2019:05:06 15:07:46 989365 159994.1328
2019:05:06 15:07:47 149383 160005.2975
2019:05:06 15:07:47 349359 192316.0516
2019:05:06 15:07:47 549378 200010.7728
2019:05:06 15:07:47 712074 114701.8522
2019:05:06 15:07:47 902099 152732.1897
2019:05:06 15:07:48 109391 176993.8432
2019:05:06 15:07:48 289976 140613.7198
2019:05:06 15:07:48 465387 144028.9877
2019:05:06 15:07:48 621032 115661.4907
2019:05:06 15:07:48 817390 160012.7965
2019:05:06 15:07:48 977392 152107.5480
2019:05:06 15:07:49 181386 164011.5753
2019:05:06 15:07:49 345507 124143.0901
2019:05:06 15:07:49 541380 144011.6726
2019:05:06 15:07:49 744002 166643.9511
2019:05:06 15:07:49 933388 156011.0115
2019:05:06 15:07:50 101388 136023.0632
2019:05:06 15:07:50 281386 140017.5281
2019:05:06 15:07:50 449385 160650.2943
2019:05:06 15:07:50 673363 183996.2080
2019:05:06 15:07:50 841376 168000.6720
2019:05:06 15:07:51 17379 136011.4664
2019:05:06 15:07:51 169768 145412.3072
2019:05:06 15:07:51 322149 124791.5104
2019:05:06 15:07:51 493386 128020.1040
2019:05:06 15:07:51 673638 148284.0776
2019:05:06 15:07:51 857378 158387.3332
2019:05:06 15:07:52 17381 119998.0304
2019:05:06 15:07:52 185394 144037.5410
2019:05:06 15:07:52 369379 136015.9814
2019:05:06 15:07:52 537402 136038.0761
2019:05:06 15:07:52 773401 196027.0181
2019:05:06 15:07:53 61369 248011.7567
2019:05:06 15:07:53 301366 239987.7198
2019:05:06 15:07:53 509366 207988.4112
2019:05:06 15:07:53 654948 145572.8337
2019:05:06 15:07:53 820026 147150.6096
2019:05:06 15:07:53 993386 145407.8928
2019:05:06 15:07:54 173387 148022.8826
2019:05:06 15:07:54 345386 132022.9508
2019:05:06 15:07:54 533388 152025.1334
2019:05:06 15:07:54 700850 119486.9243
2019:05:06 15:07:54 909388 184025.6788
2019:05:06 15:07:55 97384 128017.1610
2019:05:06 15:07:55 265382 144027.1102
2019:05:06 15:07:55 481386 168016.8509
2019:05:06 15:07:55 733364 220002.3197
2019:05:06 15:07:55 949363 215982.1838
2019:05:06 15:07:56 89387 140013.7097
2019:05:06 15:07:56 237381 116010.5094
2019:05:06 15:07:56 416683 139313.3961
2019:05:06 15:07:56 613368 160002.4812
2019:05:06 15:07:56 805362 191982.2805
2019:05:06 15:07:56 973386 168014.7275
2019:05:06 15:07:57 162581 149211.6712
2019:05:06 15:07:57 322714 121348.7945
2019:05:06 15:07:57 477380 116017.3640
2019:05:06 15:07:57 717387 160010.2782
2019:05:06 15:07:57 909387 152021.3485
2019:05:06 15:07:58 63717 114341.6464
2019:05:06 15:07:58 309385 196016.3489
2019:05:06 15:07:58 479896 130529.8954
2019:05:06 15:07:58 698274 176905.8704
2019:05:06 15:07:58 872737 170763.6602
2019:05:06 15:07:59 57392 140021.5477
2019:05:06 15:07:59 225779 120405.2567
2019:05:06 15:07:59 385384 120012.5739
2019:05:06 15:07:59 545373 120008.3531
2019:05:06 15:07:59 707042 154833.3392
2019:05:06 15:07:59 865395 120027.1696
2019:05:06 15:08:00 145364 240005.5937
2019:05:06 15:08:00 305384 160012.5358
2019:05:06 15:08:00 505377 160014.1637
2019:05:06 15:08:00 675332 129963.2601
2019:05:06 15:08:00 829381 120008.1557
2019:05:06 15:08:00 989383 120016.9325
2019:05:06 15:08:01 153384 124019.2950
2019:05:06 15:08:01 313383 120017.2342
2019:05:06 15:08:01 473384 120020.6652
2019:05:06 15:08:01 673386 160030.3426
2019:05:06 15:08:01 873403 160043.6978
2019:05:06 15:08:02 33403 120036.7101
2019:05:06 15:08:02 233383 160003.6845
2019:05:06 15:08:02 401380 136014.3945
2019:05:06 15:08:02 572582 135216.5006
2019:05:06 15:08:02 723722 114353.2619
2019:05:06 15:08:02 881382 128016.6991
2019:05:06 15:08:03 73379 160013.1653
2019:05:06 15:08:03 273379 160006.9217
2019:05:06 15:08:03 473387 160030.0930
2019:05:06 15:08:03 640401 127040.1739
2019:05:06 15:08:03 794001 120638.0054
2019:05:06 15:08:03 953384 120013.0209
2019:05:06 15:08:04 193364 199991.4721
2019:05:06 15:08:04 433366 239991.9704
2019:05:06 15:08:04 633372 199996.3708
2019:05:06 15:08:04 793389 160008.1548
2019:05:06 15:08:04 953397 120028.0562
2019:05:06 15:08:05 153392 160025.7307
2019:05:06 15:08:05 353365 159993.2760
2019:05:06 15:08:05 553401 200024.7799
2019:05:06 15:08:05 713400 120034.5568
2019:05:06 15:08:05 873398 120020.6056
2019:05:06 15:08:06 37364 123977.9890
2019:05:06 15:08:06 233403 160029.2511
2019:05:06 15:08:06 393396 120014.0789
2019:05:06 15:08:06 553412 120032.8767
2019:05:06 15:08:06 717394 120014.4328
2019:05:06 15:08:06 957396 232772.3391
2019:05:06 15:08:07 167803 170427.4379
2019:05:06 15:08:07 328759 127380.9448
2019:05:06 15:08:07 521386 160024.7025
2019:05:06 15:08:07 713399 160039.0598
2019:05:06 15:08:07 873397 128024.2354
2019:05:06 15:08:08 5407 100041.8440
2019:05:06 15:08:08 177400 144040.8044
2019:05:06 15:08:08 349396 132024.5676
2019:05:06 15:08:08 509393 128015.7641
2019:05:06 15:08:08 689398 148037.2585
2019:05:06 15:08:08 861395 132023.6810
2019:05:06 15:08:09 41388 148010.5668
2019:05:06 15:08:09 199335 117961.4551
2019:05:06 15:08:09 401391 170906.5400
2019:05:06 15:08:09 601388 152005.5979
2019:05:06 15:08:09 786340 152963.5973
2019:05:06 15:08:10 17380 184015.6466
2019:05:06 15:08:10 214749 165387.0605
2019:05:06 15:08:10 393380 136019.5950
2019:05:06 15:08:10 585392 160036.6272
2019:05:06 15:08:10 809378 176003.3220
2019:05:06 15:08:11 17384 176007.1442
2019:05:06 15:08:11 193376 136011.6862
2019:05:06 15:08:11 409358 208726.8122
2019:05:06 15:08:11 545385 136016.1528
2019:05:06 15:08:11 785362 208006.4714
2019:05:06 15:08:11 929389 144017.9721
2019:05:06 15:08:12 80863 119499.4412
2019:05:06 15:08:12 249390 128007.9819
2019:05:06 15:08:12 417384 136014.9980
2019:05:06 15:08:12 625987 168621.8344
2019:05:06 15:08:12 777399 104029.9982
2019:05:06 15:08:13 33383 216013.1708
2019:05:06 15:08:13 249379 168020.4049
2019:05:06 15:08:13 382520 127013.2810
2019:05:06 15:08:13 537379 128012.4970
2019:05:06 15:08:13 674528 97160.2760
2019:05:06 15:08:13 830160 108782.6043
2019:05:06 15:08:14 17376 160020.4334
2019:05:06 15:08:14 177383 112012.5726
2019:05:06 15:08:14 321258 111890.3719
2019:05:06 15:08:14 489379 136015.2662
2019:05:06 15:08:14 629378 100013.2635
2019:05:06 15:08:14 781383 120020.0021
2019:05:06 15:08:14 941397 112025.5962
2019:05:06 15:08:15 161358 187995.4673
2019:05:06 15:08:15 321393 160027.1091
2019:05:06 15:08:15 537380 184017.4422
2019:05:06 15:08:15 708128 122764.8258
2019:05:06 15:08:15 873383 136027.4851
2019:05:06 15:08:16 49392 136028.4612
2019:05:06 15:08:16 217393 128020.8565
2019:05:06 15:08:16 393383 136014.2566
2019:05:06 15:08:16 569376 136005.7704
2019:05:06 15:08:16 753382 168027.4792
2019:05:06 15:08:16 929384 136025.1829
2019:05:06 15:08:17 89388 152061.2277
2019:05:06 15:08:17 345385 208020.7951
2019:05:06 15:08:17 513380 136017.3710
2019:05:06 15:08:17 689385 136013.2620
2019:05:06 15:08:17 889363 167996.4736
2019:05:06 15:08:18 41385 152009.0140
2019:05:06 15:08:18 273358 200002.6405
2019:05:06 15:08:18 425355 151986.6325
2019:05:06 15:08:18 609386 180343.8775
2019:05:06 15:08:18 812019 154657.3825
2019:05:06 15:08:18 985384 144021.9581
2019:05:06 15:08:19 153386 120009.9587
2019:05:06 15:08:19 321385 161237.6682
2019:05:06 15:08:19 537380 176021.8218
2019:05:06 15:08:19 711047 141684.4167
2019:05:06 15:08:19 881391 136025.7082
2019:05:06 15:08:20 96038 174679.6854
2019:05:06 15:08:20 265388 136015.7020
2019:05:06 15:08:20 425382 128016.4346
2019:05:06 15:08:20 593384 128016.4681
2019:05:06 15:08:20 801362 167992.2342
2019:05:06 15:08:20 977381 176010.8918
2019:05:06 15:08:21 185376 168013.8633
2019:05:06 15:08:21 361383 136013.8394
2019:05:06 15:08:21 537394 136014.8937
2019:05:06 15:08:21 745389 176022.3433
2019:05:06 15:08:21 921387 136016.6334
2019:05:06 15:08:22 81393 128026.9809
2019:05:06 15:08:22 273362 143993.0014
2019:05:06 15:08:22 465383 192012.4888
2019:05:06 15:08:22 629379 116012.5211
2019:05:06 15:08:22 797385 136020.1091
2019:05:06 15:08:22 973399 128028.5791
2019:05:06 15:08:23 145379 140010.0589
2019:05:06 15:08:23 321384 136018.5966
2019:05:06 15:08:23 521383 160019.8485
2019:05:06 15:08:23 721363 159999.3706
2019:05:06 15:08:23 881398 160025.0527
2019:05:06 15:08:24 81398 160042.5355
2019:05:06 15:08:24 281385 160017.7959
2019:05:06 15:08:24 481380 160014.5772
2019:05:06 15:08:24 717381 196012.6013
2019:05:06 15:08:24 917377 160008.6093
2019:05:06 15:08:25 80755 129369.5383
2019:05:06 15:08:25 277783 164423.4098
2019:05:06 15:08:25 480124 166758.7422
2019:05:06 15:08:25 633387 120019.9947
2019:05:06 15:08:25 833385 160018.4888
2019:05:06 15:08:26 33389 160030.1340
2019:05:06 15:08:26 193378 120005.0041
2019:05:06 15:08:26 593395 360031.7277
2019:05:06 15:08:26 771112 129741.9220
2019:05:06 15:08:26 929381 120016.5562
2019:05:06 15:08:27 133604 164241.1500
2019:05:06 15:08:27 329388 158490.2257
2019:05:06 15:08:27 491983 122613.5418
2019:05:06 15:08:27 649381 120013.6952
2019:05:06 15:08:27 849379 160013.0163
2019:05:06 15:08:28 9391 153717.1863
2019:05:06 15:08:28 169387 153112.5456
2019:05:06 15:08:28 329386 120019.2757
2019:05:06 15:08:28 529378 160013.5118
2019:05:06 15:08:28 689640 120258.6107
2019:05:06 15:08:28 889387 160026.9526
2019:05:06 15:08:29 129381 160015.2887
2019:05:06 15:08:29 289386 120020.6503
2019:05:06 15:08:29 537367 195607.1295
2019:05:06 15:08:29 737364 199980.9034
2019:05:06 15:08:29 937364 199988.5216
2019:05:06 15:08:30 98308 160934.6010
2019:05:06 15:08:30 257388 154199.0936
2019:05:06 15:08:30 457387 160027.7945
2019:05:06 15:08:30 613384 116021.8418
2019:05:06 15:08:30 773387 153290.3984
2019:05:06 15:08:30 933387 120020.2182
2019:05:06 15:08:31 129390 156031.4409
2019:05:06 15:08:31 289396 120034.3408
2019:05:06 15:08:31 489393 160036.5676
2019:05:06 15:08:31 729366 200007.0587
2019:05:06 15:08:31 929363 199988.5589
2019:05:06 15:08:32 89383 160012.8002
2019:05:06 15:08:32 329392 200022.0343
2019:05:06 15:08:32 529395 160027.7275
2019:05:06 15:08:32 725386 156028.3862
2019:05:06 15:08:32 885382 152671.2738
2019:05:06 15:08:33 81382 156014.1779
2019:05:06 15:08:33 241818 120448.8352
2019:05:06 15:08:33 449397 168040.6407
2019:05:06 15:08:33 633388 144014.7161
2019:05:06 15:08:33 793383 120009.5192
2019:05:06 15:08:33 953383 120017.0405
2019:05:06 15:08:34 73408 114784.6282
2019:05:06 15:08:34 273404 160048.1384
2019:05:06 15:08:34 513367 200008.4817
2019:05:06 15:08:34 713370 199990.8313
2019:05:06 15:08:34 913365 199986.0816
2019:05:06 15:08:35 73388 160012.0701
2019:05:06 15:08:35 273364 160005.3944
2019:05:06 15:08:35 433384 160011.7423
2019:05:06 15:08:35 593382 120014.4626
2019:05:06 15:08:35 758387 125019.5876
2019:05:06 15:08:35 953362 159995.7235
2019:05:06 15:08:36 99169 145798.1654
2019:05:06 15:08:36 305364 171998.3779
2019:05:06 15:08:36 505372 199998.5687
2019:05:06 15:08:36 665386 160003.6770
2019:05:06 15:08:36 865381 160011.2170
2019:05:06 15:08:37 25383 152938.7720
2019:05:06 15:08:37 185391 120023.7200
2019:05:06 15:08:37 345387 120019.0410
2019:05:06 15:08:37 505390 120022.3900
2019:05:06 15:08:37 705390 160025.0714
2019:05:06 15:08:37 868603 123222.5448
2019:05:06 15:08:38 105388 200010.8920
2019:05:06 15:08:38 265406 120022.5726
2019:05:06 15:08:38 465371 160008.2926
2019:05:06 15:08:38 629402 164016.8168
2019:05:06 15:08:38 833388 168010.5738
2019:05:06 15:08:39 65381 191999.8825
2019:05:06 15:08:39 230875 165482.2603
2019:05:06 15:08:39 392237 126860.3578
2019:05:06 15:08:39 545404 120021.4997
2019:05:06 15:08:39 710510 125125.2219
2019:05:06 15:08:39 905398 160035.2265
2019:05:06 15:08:40 225373 280001.2305
2019:05:06 15:08:40 385406 160017.3526
2019:05:06 15:08:40 545398 120022.8892
2019:05:06 15:08:40 717411 132034.5253
2019:05:06 15:08:40 917406 160042.2934
2019:05:06 15:08:41 81396 124017.7043
2019:05:06 15:08:41 241402 152190.7076
2019:05:06 15:08:41 441406 160030.1415
2019:05:06 15:08:41 641392 160016.7565
2019:05:06 15:08:41 905376 223998.2188
2019:05:06 15:08:42 49390 108017.8842
2019:05:06 15:08:42 239337 157981.8986
2019:05:06 15:08:42 405389 140020.6424
2019:05:06 15:08:42 541381 112018.4064
2019:05:06 15:08:42 717298 143943.2651
2019:05:06 15:08:42 885386 140022.7360
2019:05:06 15:08:43 65382 140011.5713
2019:05:06 15:08:43 225382 120014.5259
2019:05:06 15:08:43 385387 120023.8653
2019:05:06 15:08:43 585383 160027.7722
2019:05:06 15:08:43 749874 124508.1238
2019:05:06 15:08:43 945394 154592.1229
2019:05:06 15:08:44 105395 120028.8273
2019:05:06 15:08:44 305364 160000.7378
2019:05:06 15:08:44 465901 160527.6316
2019:05:06 15:08:44 705363 200005.5797
2019:05:06 15:08:44 865388 160010.6582
2019:05:06 15:08:45 65379 160017.3600
2019:05:06 15:08:45 265367 159996.4723
2019:05:06 15:08:45 425387 160009.5294
2019:05:06 15:08:45 625390 160016.8310
2019:05:06 15:08:45 825386 160018.3807
2019:05:06 15:08:45 985386 153499.2345
2019:05:06 15:08:46 145384 154168.5537
2019:05:06 15:08:46 305380 152757.9911
2019:05:06 15:08:46 465383 120016.1241
2019:05:06 15:08:46 629391 124027.2075
2019:05:06 15:08:46 869361 200004.2871
2019:05:06 15:08:47 65392 196022.6521
2019:05:06 15:08:47 265356 159991.4320
2019:05:06 15:08:47 505366 200002.0109
2019:05:06 15:08:47 705381 200006.1609
2019:05:06 15:08:47 905382 160013.8620
2019:05:06 15:08:48 70712 125343.9337
2019:05:06 15:08:48 265390 160028.7631
2019:05:06 15:08:48 465362 159997.2956
2019:05:06 15:08:48 629389 164017.1558
2019:05:06 15:08:48 796526 127161.7599
2019:05:06 15:08:48 949381 120017.0554
2019:05:06 15:08:49 145377 164019.4096
2019:05:06 15:08:49 301956 150314.7595
2019:05:06 15:08:49 466255 120888.3487
2019:05:06 15:08:49 600221 102864.4145
2019:05:06 15:08:49 813587 179760.8621
2019:05:06 15:08:49 985378 132011.4732
2019:05:06 15:08:50 193383 168018.5907
2019:05:06 15:08:50 398101 152725.5327
2019:05:06 15:08:50 789363 359997.8052
2019:05:06 15:08:50 985385 196010.1798
2019:05:06 15:08:51 145385 128009.4758
2019:05:06 15:08:51 369375 192019.5073
2019:05:06 15:08:51 589986 180622.9316
2019:05:06 15:08:51 785381 160011.7460
2019:05:06 15:08:51 985362 159995.0492
2019:05:06 15:08:52 185362 199991.2933
2019:05:06 15:08:52 350965 165594.6933
2019:05:06 15:08:52 585391 160018.4627
2019:05:06 15:08:52 746230 120862.2456
2019:05:06 15:08:52 945391 160028.8860
2019:05:06 15:08:53 137382 157999.3479
2019:05:06 15:08:53 337385 160015.8289
2019:05:06 15:08:53 537381 160014.7113
2019:05:06 15:08:53 777365 200009.3758
2019:05:06 15:08:53 983183 205807.5555
2019:05:06 15:08:54 177378 160018.4292
2019:05:06 15:08:54 417360 200004.0114
2019:05:06 15:08:54 539394 122023.1988
2019:05:06 15:08:54 733379 156022.5673
2019:05:06 15:08:54 893385 120019.7674
2019:05:06 15:08:55 97364 163998.6187
2019:05:06 15:08:55 289362 191988.4272
2019:05:06 15:08:55 449387 160016.5516
2019:05:06 15:08:55 641377 160005.5434
2019:05:06 15:08:55 801386 128016.5873
2019:05:06 15:08:55 993384 160018.1721
2019:05:06 15:08:56 157497 132123.5448
2019:05:06 15:08:56 337376 144017.9870
2019:05:06 15:08:56 553382 168026.0673
2019:05:06 15:08:56 742618 149260.2527
2019:05:06 15:08:56 933405 144030.3661
2019:05:06 15:08:57 125382 152010.4893
2019:05:06 15:08:57 317389 144015.6512
2019:05:06 15:08:57 521394 156020.5966
2019:05:06 15:08:57 705387 176728.6211
2019:05:06 15:08:57 877382 124001.6706
2019:05:06 15:08:58 37392 120027.5347
2019:05:06 15:08:58 243443 162083.9275
2019:05:06 15:08:58 441380 160022.7356
2019:05:06 15:08:58 601386 120024.3011
2019:05:06 15:08:58 761386 120018.8249
2019:05:06 15:08:58 961384 160026.9824
2019:05:06 15:08:59 121389 120022.5614
2019:05:06 15:08:59 321382 160025.1049
2019:05:06 15:08:59 485725 124358.0356
2019:05:06 15:08:59 641380 120012.6633
2019:05:06 15:08:59 801391 120021.0229
2019:05:06 15:09:00 41361 199996.9855
2019:05:06 15:09:00 201380 160005.6477
2019:05:06 15:09:00 368042 126673.9964
2019:05:06 15:09:00 561394 160035.1930
2019:05:06 15:09:00 761399 160038.1248
2019:05:06 15:09:00 961368 160005.4763
2019:05:06 15:09:01 153394 192016.2104
2019:05:06 15:09:01 553381 360015.3774
2019:05:06 15:09:01 753388 120018.6312
2019:05:06 15:09:01 953363 159999.2216
2019:05:06 15:09:02 113392 160020.6159
2019:05:06 15:09:02 313378 160008.0132
2019:05:06 15:09:02 473397 120021.8797
2019:05:06 15:09:02 684710 171351.2801
2019:05:06 15:09:02 877380 160024.0581
2019:05:06 15:09:03 81382 157426.6963
2019:05:06 15:09:03 241376 120013.7734
2019:05:06 15:09:03 441378 160008.5720
2019:05:06 15:09:03 601394 120019.2198
2019:05:06 15:09:03 801384 160018.4776
2019:05:06 15:09:03 962647 121274.2589
2019:05:06 15:09:04 161383 160017.3004
2019:05:06 15:09:04 321387 120014.6712
2019:05:06 15:09:04 561394 200031.9101
2019:05:06 15:09:04 717388 116015.7658
2019:05:06 15:09:04 877386 120018.9479
2019:05:06 15:09:05 30910 113543.4806
2019:05:06 15:09:05 225389 160026.8520
2019:05:06 15:09:05 409363 143994.2792
2019:05:06 15:09:05 609389 200015.6790
2019:05:06 15:09:05 809364 160003.3082
2019:05:06 15:09:05 969382 160008.3448
2019:05:06 15:09:06 134731 125363.5176
2019:05:06 15:09:06 289383 120015.1481
2019:05:06 15:09:06 489364 159999.1024
2019:05:06 15:09:06 609383 120010.5213
2019:05:06 15:09:06 775752 126388.1251
2019:05:06 15:09:06 929404 120033.6143
2019:05:06 15:09:07 89388 120024.6178
2019:05:06 15:09:07 249383 152103.7109
2019:05:06 15:09:07 449381 160014.6703
2019:05:06 15:09:07 701357 211999.5244
2019:05:06 15:09:07 861384 158347.0926
2019:05:06 15:09:08 22128 120764.9894
2019:05:06 15:09:08 184307 122947.9723
2019:05:06 15:09:08 337383 120016.7164
2019:05:06 15:09:08 497386 153746.5639
2019:05:06 15:09:08 657389 120023.8839
2019:05:06 15:09:08 817382 120014.3099
2019:05:06 15:09:08 977390 152694.5531
2019:05:06 15:09:09 144791 127423.7260
2019:05:06 15:09:09 304937 127574.5183
2019:05:06 15:09:09 457392 120018.2773
2019:05:06 15:09:09 624013 126646.5262
2019:05:06 15:09:09 813369 156000.7706
2019:05:06 15:09:10 13399 200016.4315
2019:05:06 15:09:10 175303 121923.8639
2019:05:06 15:09:10 369371 160007.8531
2019:05:06 15:09:10 529395 160009.9616
2019:05:06 15:09:10 729393 160014.6145
2019:05:06 15:09:10 894536 125160.6792
2019:05:06 15:09:11 53094 123717.7290
2019:05:06 15:09:11 212802 123421.8478
2019:05:06 15:09:11 380794 151365.0045
2019:05:06 15:09:11 547256 143866.2633
2019:05:06 15:09:11 694812 131909.3257
2019:05:06 15:09:11 835130 126972.5263
2019:05:06 15:09:12 27244 175662.7932
2019:05:06 15:09:12 177155 144648.5110
2019:05:06 15:09:12 325392 138056.1516
2019:05:06 15:09:12 477396 145160.9097
2019:05:06 15:09:12 641391 124013.1184
2019:05:06 15:09:12 833397 136019.0697
2019:05:06 15:09:13 25393 152019.5864
2019:05:06 15:09:13 217397 158940.7437
2019:05:06 15:09:13 409398 158835.9028
2019:05:06 15:09:13 561401 120019.0932
2019:05:06 15:09:13 729394 128022.9725
2019:05:06 15:09:13 905382 144019.8980
2019:05:06 15:09:14 129362 143994.5810
2019:05:06 15:09:14 295839 166468.6352
2019:05:06 15:09:14 496954 127587.3482
2019:05:06 15:09:14 689380 160022.1246
2019:05:06 15:09:14 849387 120029.5985
2019:05:06 15:09:15 89397 200023.7480
2019:05:06 15:09:15 249377 120011.3185
2019:05:06 15:09:15 416075 126718.3386
2019:05:06 15:09:15 569386 120021.4177
2019:05:06 15:09:15 729381 120000.1724
2019:05:06 15:09:15 929377 160020.0906
2019:05:06 15:09:16 90706 121347.1778
2019:05:06 15:09:16 241421 112054.1990
2019:05:06 15:09:16 389334 142197.0688
2019:05:06 15:09:16 565384 146550.9124
2019:05:06 15:09:16 721381 124017.0151
2019:05:06 15:09:16 881395 120026.0259
2019:05:06 15:09:17 97390 176031.6342
2019:05:06 15:09:17 257383 120021.2054
2019:05:06 15:09:17 457381 160011.7758
2019:05:06 15:09:17 657388 160016.5144
2019:05:06 15:09:17 957363 259987.6747
2019:05:06 15:09:18 121379 164003.6516
2019:05:06 15:09:18 321376 160016.6149
2019:05:06 15:09:18 561366 199990.1570
2019:05:06 15:09:18 801392 240016.2444
2019:05:06 15:09:18 961399 120038.8111
2019:05:06 15:09:19 169390 168015.8414
2019:05:06 15:09:19 329392 152437.0834
2019:05:06 15:09:19 491497 122132.0704
2019:05:06 15:09:19 729357 199993.9010
2019:05:06 15:09:19 929379 194996.1782
2019:05:06 15:09:20 89388 120019.3390
2019:05:06 15:09:20 249381 120020.0170
2019:05:06 15:09:20 489381 200009.9160
2019:05:06 15:09:20 685388 156027.3282
2019:05:06 15:09:20 845384 120008.8523
2019:05:06 15:09:21 29357 143988.8217
2019:05:06 15:09:21 265364 236000.1877
2019:05:06 15:09:21 465389 200014.0622
2019:05:06 15:09:21 625387 120020.9260
2019:05:06 15:09:21 865369 200005.2258
2019:05:06 15:09:22 65359 199980.5979
2019:05:06 15:09:22 225387 158355.4260
2019:05:06 15:09:22 425382 160025.3098
2019:05:06 15:09:22 625379 160017.1514
2019:05:06 15:09:22 785394 120025.9998
2019:05:06 15:09:22 993130 167772.6805
2019:05:06 15:09:23 185362 159997.7426
2019:05:06 15:09:23 345380 160008.2666
2019:05:06 15:09:23 505394 120026.9647
2019:05:06 15:09:23 665384 120016.2880
2019:05:06 15:09:23 865391 160024.8925
2019:05:06 15:09:24 65378 160010.9115
2019:05:06 15:09:24 225387 152563.4564
2019:05:06 15:09:24 465361 199984.0178
2019:05:06 15:09:24 625382 160009.2016
2019:05:06 15:09:24 829745 164377.2908
2019:05:06 15:09:25 17369 151993.6472
2019:05:06 15:09:25 177382 160000.5291
2019:05:06 15:09:25 385360 167995.2890
2019:05:06 15:09:25 577364 191992.2940
2019:05:06 15:09:25 702186 124811.7276
2019:05:06 15:09:25 901382 168020.0286
2019:05:06 15:09:26 81390 132024.9289
2019:05:06 15:09:26 329387 208028.4543
2019:05:06 15:09:26 479650 142586.6187
2019:05:06 15:09:26 641384 120010.5213
2019:05:06 15:09:26 829386 168031.2380
2019:05:06 15:09:27 21386 144009.4523
2019:05:06 15:09:27 233364 167993.3742
2019:05:06 15:09:27 393391 160017.6059
2019:05:06 15:09:27 585380 184611.9054
2019:05:06 15:09:27 753384 120014.6526
2019:05:06 15:09:27 961370 168004.4122
2019:05:06 15:09:28 121380 160001.5089
2019:05:06 15:09:28 281389 120027.8476
2019:05:06 15:09:28 448924 127559.5091
2019:05:06 15:09:28 601386 120021.8275
2019:05:06 15:09:28 789381 148005.8990
2019:05:06 15:09:28 953955 124584.4141
2019:05:06 15:09:29 153365 164004.2253
2019:05:06 15:09:29 353363 199989.0730
2019:05:06 15:09:29 514273 160899.0729
2019:05:06 15:09:29 673401 120028.8907
2019:05:06 15:09:29 913363 160003.2039
2019:05:06 15:09:30 73405 160030.8493
2019:05:06 15:09:30 234720 121351.2495
2019:05:06 15:09:30 398143 124776.7620
2019:05:06 15:09:30 553379 120014.4552
2019:05:06 15:09:30 718452 125081.1964
2019:05:06 15:09:30 913379 160022.0017
2019:05:06 15:09:31 113381 160016.6671
2019:05:06 15:09:31 313387 160028.3198
2019:05:06 15:09:31 513381 160001.6207
2019:05:06 15:09:31 673384 120014.9395
2019:05:06 15:09:31 873387 160016.5069
2019:05:06 15:09:32 113366 200007.6175
2019:05:06 15:09:32 313363 199988.6781
2019:05:06 15:09:32 473380 160006.4710
2019:05:06 15:09:32 673387 160022.1060
2019:05:06 15:09:32 833385 120011.2328
2019:05:06 15:09:32 993376 120002.4709
2019:05:06 15:09:33 193385 160021.0443
2019:05:06 15:09:33 393384 160019.7889
2019:05:06 15:09:33 553385 120018.0762
2019:05:06 15:09:33 719898 126522.6007
2019:05:06 15:09:33 873384 120021.8946
2019:05:06 15:09:34 41026 127651.0544
2019:05:06 15:09:34 233383 160025.8425
2019:05:06 15:09:34 433383 160016.5777
2019:05:06 15:09:34 633387 160019.6585
2019:05:06 15:09:34 797385 156332.6828
2019:05:06 15:09:35 4774 167415.7716
2019:05:06 15:09:35 241384 204017.7807
2019:05:06 15:09:35 441379 160021.5286
2019:05:06 15:09:35 641388 160023.1342
2019:05:06 15:09:35 801385 120021.6673
2019:05:06 15:09:36 1357 159985.3560
2019:05:06 15:09:36 163981 160217.5348
2019:05:06 15:09:36 401363 199991.4683
2019:05:06 15:09:36 601373 200001.3553
2019:05:06 15:09:36 797362 195978.2392
2019:05:06 15:09:36 957387 160016.3430
2019:05:06 15:09:37 113402 116033.1219
2019:05:06 15:09:37 278037 124664.7835
2019:05:06 15:09:37 473386 160031.1846
2019:05:06 15:09:37 673388 160030.7487
2019:05:06 15:09:37 849386 136019.0846
2019:05:06 15:09:38 41382 144004.5722
2019:05:06 15:09:38 206989 125620.4061
2019:05:06 15:09:38 361389 120020.3709
2019:05:06 15:09:38 561368 160004.3140
2019:05:06 15:09:38 730865 169487.7595
2019:05:06 15:09:38 960605 224873.2001
2019:05:06 15:09:39 113391 121637.1544
2019:05:06 15:09:39 289388 144025.5865
2019:05:06 15:09:39 449375 152905.0134
2019:05:06 15:09:39 689362 200005.6617
2019:05:06 15:09:39 889379 200008.3029
2019:05:06 15:09:40 129386 200007.4796
2019:05:06 15:09:40 334766 165401.0378
2019:05:06 15:09:40 529384 160019.1183
2019:05:06 15:09:40 693151 123773.1092
2019:05:06 15:09:40 889392 160026.0772
2019:05:06 15:09:41 73383 144012.8647
2019:05:06 15:09:41 270252 149901.4199
2019:05:06 15:09:41 445958 140600.1113
2019:05:06 15:09:41 617385 136015.5717
2019:05:06 15:09:41 801395 136022.4225
2019:05:06 15:09:41 969395 136030.0668
2019:05:06 15:09:42 161405 144042.0002
2019:05:06 15:09:42 369392 176029.2202
2019:05:06 15:09:42 561406 144028.3842
2019:05:06 15:09:42 785389 160006.6721
2019:05:06 15:09:42 988621 163242.8691
2019:05:06 15:09:43 150388 125009.0860
2019:05:06 15:09:43 305395 120016.0049
2019:05:06 15:09:43 505388 160015.5570
2019:05:06 15:09:43 705373 159994.9822
2019:05:06 15:09:43 857395 152010.1242
2019:05:06 15:09:44 57390 160027.0197
2019:05:06 15:09:44 257400 160019.0550
2019:05:06 15:09:44 459385 162008.0397
2019:05:06 15:09:44 697371 232650.2949
2019:05:06 15:09:44 858007 160624.0347
2019:05:06 15:09:45 97377 200014.4571
2019:05:06 15:09:45 257399 160008.8626
2019:05:06 15:09:45 457396 160034.8391
2019:05:06 15:09:45 697421 160050.2878
2019:05:06 15:09:45 883145 151758.3951
2019:05:06 15:09:46 121378 200013.6748
2019:05:06 15:09:46 401356 239990.3573
2019:05:06 15:09:46 601385 196835.2199
2019:05:06 15:09:46 801381 160009.6151
2019:05:06 15:09:47 81362 239999.2608
2019:05:06 15:09:47 281383 200010.6983
2019:05:06 15:09:47 441384 120018.5157
2019:05:06 15:09:47 608764 127393.5661
2019:05:06 15:09:47 749394 117952.2127
2019:05:06 15:09:48 131010 350897.4724
2019:05:06 15:09:48 290726 131754.5064
2019:05:06 15:09:48 438206 132726.4607
2019:05:06 15:09:48 593990 145567.1899
2019:05:06 15:09:48 765366 158440.1205
2019:05:06 15:09:48 927525 162149.6603
2019:05:06 15:09:49 100535 135162.6292
2019:05:06 15:09:49 257386 144942.0825
2019:05:06 15:09:49 433915 146637.7601
2019:05:06 15:09:49 601381 155589.7743
2019:05:06 15:09:49 762456 136307.0570
2019:05:06 15:09:49 925393 142420.2658
2019:05:06 15:09:50 137382 180025.2572
2019:05:06 15:09:50 329378 184424.1731
2019:05:06 15:09:50 486529 125163.8494
2019:05:06 15:09:50 721382 200018.2383
2019:05:06 15:09:50 921389 160021.1449
2019:05:06 15:09:51 110430 149064.5148
2019:05:06 15:09:51 250014 134538.7436
2019:05:06 15:09:51 408526 137630.0082
2019:05:06 15:09:51 591936 162567.8614
2019:05:06 15:09:51 750533 152477.5140
2019:05:06 15:09:51 961374 168004.5798
2019:05:06 15:09:52 141384 180000.0146
2019:05:06 15:09:52 341390 152017.7089
2019:05:06 15:09:52 629363 240000.2964
2019:05:06 15:09:52 805392 176018.6628
2019:05:06 15:09:52 965389 152406.7000
2019:05:06 15:09:53 201389 196030.8515
2019:05:06 15:09:53 401388 160014.1041
2019:05:06 15:09:53 641368 200003.7841
2019:05:06 15:09:53 801390 160009.4661
2019:05:06 15:09:53 961397 153517.9913
2019:05:06 15:09:54 161382 160015.0503
2019:05:06 15:09:54 321382 120015.0475
2019:05:06 15:09:54 481382 120011.3408
2019:05:06 15:09:54 681383 160011.2841
2019:05:06 15:09:54 841729 120369.5908
2019:05:06 15:09:55 8054 126687.9626
2019:05:06 15:09:55 167394 126020.9903
2019:05:06 15:09:55 361362 159994.0620
2019:05:06 15:09:55 521380 160008.9297
2019:05:06 15:09:55 688790 127423.4429
2019:05:06 15:09:55 881390 160034.7981
2019:05:06 15:09:56 47153 125785.3210
2019:05:06 15:09:56 241383 160024.8404
2019:05:06 15:09:56 425381 144013.9189
2019:05:06 15:09:56 601385 128018.7331
2019:05:06 15:09:56 785395 144022.2263
2019:05:06 15:09:56 985399 160003.8707
2019:05:06 15:09:57 145399 120033.1189
2019:05:06 15:09:57 305383 120013.9411
2019:05:06 15:09:57 465386 120016.2806
2019:05:06 15:09:57 665385 160015.4340
2019:05:06 15:09:57 865379 160014.4245
2019:05:06 15:09:58 49383 152028.1173
2019:05:06 15:09:58 218800 129433.4829
2019:05:06 15:09:58 397381 146634.5266
2019:05:06 15:09:58 568157 130791.6343
2019:05:06 15:09:58 725868 120500.1399
2019:05:06 15:09:58 885385 120016.4966
2019:05:06 15:09:59 45391 154894.4637
2019:05:06 15:09:59 212423 127055.5221
2019:05:06 15:09:59 376272 126906.3763
2019:05:06 15:09:59 569384 160024.9223
2019:05:06 15:09:59 809363 200006.0417
2019:05:06 15:10:00 9391 200015.5970
2019:05:06 15:10:00 249387 200030.0996
2019:05:06 15:10:00 409385 152880.5718
2019:05:06 15:10:00 569385 120014.7159
2019:05:06 15:10:00 729380 120012.6857
2019:05:06 15:10:00 889381 120013.2035
2019:05:06 15:10:01 57265 127899.7660
2019:05:06 15:10:01 215399 126027.9976
2019:05:06 15:10:01 360489 111120.3283
2019:05:06 15:10:01 498889 128397.7106
2019:05:06 15:10:01 648830 138975.3185
2019:05:06 15:10:01 785965 127318.5834
2019:05:06 15:10:01 957381 161484.8301
2019:05:06 15:10:02 153379 164023.7421
2019:05:06 15:10:02 329396 136030.1562
2019:05:06 15:10:02 521383 160017.2669
2019:05:06 15:10:02 713360 191969.1600
2019:05:06 15:10:02 901380 188010.4430
2019:05:06 15:10:03 77392 144027.9260
2019:05:06 15:10:03 265365 160010.1180
2019:05:06 15:10:03 441387 176005.2815
2019:05:06 15:10:03 633379 152012.9889
2019:05:06 15:10:03 813379 140001.2523
2019:05:06 15:10:04 13379 164023.3211
2019:05:06 15:10:04 177384 156388.3424
2019:05:06 15:10:04 489364 279999.9192
2019:05:06 15:10:04 657389 168010.5366
2019:05:06 15:10:04 818886 125520.0505
2019:05:06 15:10:04 979884 118516.8289
2019:05:06 15:10:05 149389 142084.1478
2019:05:06 15:10:05 325383 128012.0872
2019:05:06 15:10:05 537379 172012.8469
2019:05:06 15:10:05 681410 96042.0147
2019:05:06 15:10:05 845393 120020.5646
2019:05:06 15:10:06 21381 136012.1965
2019:05:06 15:10:06 177381 120015.3865
2019:05:06 15:10:06 417360 200004.3727
2019:05:06 15:10:06 580549 163178.9021
2019:05:06 15:10:06 773382 156007.5358
2019:05:06 15:10:06 973380 160019.2599
2019:05:06 15:10:07 129820 116459.7943
2019:05:06 15:10:07 325383 160020.2657
2019:05:06 15:10:07 565384 200025.0481
2019:05:06 15:10:07 725383 120015.4200
2019:05:06 15:10:07 885391 120024.1074
2019:05:06 15:10:08 89393 164037.0339
2019:05:06 15:10:08 249384 120016.8915
2019:05:06 15:10:08 412631 123270.6010
2019:05:06 15:10:08 605363 160001.0917
2019:05:06 15:10:08 746884 141511.7048
2019:05:06 15:10:08 941391 160022.4413
2019:05:06 15:10:09 157377 176012.1398
2019:05:06 15:10:09 457387 220019.9440
2019:05:06 15:10:09 657382 160013.8880
2019:05:06 15:10:09 817402 120031.1854
2019:05:06 15:10:10 17389 160032.6598
2019:05:06 15:10:10 217364 160007.1415
2019:05:06 15:10:10 382354 164981.6297
2019:05:06 15:10:10 542473 125108.0446
2019:05:06 15:10:10 697379 120021.4885
2019:05:06 15:10:10 857386 120020.5758
2019:05:06 15:10:11 17387 120013.0172
2019:05:06 15:10:11 177390 120011.1918
2019:05:06 15:10:11 377382 160014.0706
2019:05:06 15:10:11 537383 120021.1123
2019:05:06 15:10:11 697388 120026.8418
2019:05:06 15:10:11 857388 120010.7001
2019:05:06 15:10:12 49392 152021.4863
2019:05:06 15:10:12 209387 120015.7031
2019:05:06 15:10:12 370847 121468.7973
2019:05:06 15:10:12 569402 160032.0451
2019:05:06 15:10:12 769389 152020.7375
2019:05:06 15:10:12 945362 169448.6588
2019:05:06 15:10:13 105389 160015.9593
2019:05:06 15:10:13 289385 144013.2931
2019:05:06 15:10:13 465394 128010.2879
2019:05:06 15:10:13 633387 128019.4558
2019:05:06 15:10:13 781495 140493.9778
2019:05:06 15:10:13 985371 160005.6700
2019:05:06 15:10:14 170180 184795.7931
2019:05:06 15:10:14 345393 128015.1308
2019:05:06 15:10:14 553399 168020.6284
2019:05:06 15:10:14 741399 140025.3512
2019:05:06 15:10:14 901394 120015.1630
2019:05:06 15:10:15 49398 108030.1851
2019:05:06 15:10:15 213403 128025.5467
2019:05:06 15:10:15 389392 136015.6164
2019:05:06 15:10:15 597376 168001.9721
2019:05:06 15:10:15 739384 141997.0244
2019:05:06 15:10:15 909401 136026.8742
2019:05:06 15:10:16 105392 164016.5448
2019:05:06 15:10:16 289403 136023.1452
2019:05:06 15:10:16 489398 165899.7238
2019:05:06 15:10:16 673386 136019.1889
2019:05:06 15:10:16 865398 160023.2162
2019:05:06 15:10:17 11230 138055.9504
2019:05:06 15:10:17 201390 158570.5094
2019:05:06 15:10:17 369378 161539.3944
2019:05:06 15:10:17 586663 217271.6334
2019:05:06 15:10:17 753383 161785.1332
2019:05:06 15:10:17 921364 167967.1556
2019:05:06 15:10:18 105365 183993.5780
2019:05:06 15:10:18 305388 200011.1751
2019:05:06 15:10:18 481394 136026.9561
2019:05:06 15:10:18 665385 152026.2770
2019:05:06 15:10:18 881389 176032.3532
2019:05:06 15:10:19 41377 152126.2452
2019:05:06 15:10:19 217388 136017.4976
2019:05:06 15:10:19 417385 160022.9554
2019:05:06 15:10:19 633377 176008.3288
2019:05:06 15:10:19 833383 144015.7853
2019:05:06 15:10:20 9374 136004.8354
2019:05:06 15:10:20 177384 132020.7044
2019:05:06 15:10:20 358047 140688.0505
2019:05:06 15:10:20 537384 144019.0189
2019:05:06 15:10:20 721383 136011.7532
2019:05:06 15:10:20 945393 184029.0427
2019:05:06 15:10:21 105380 152637.7313
2019:05:06 15:10:21 273385 136020.2320
2019:05:06 15:10:21 433390 112013.1053
2019:05:06 15:10:21 621377 156021.3007
2019:05:06 15:10:21 830516 178997.7215
2019:05:06 15:10:22 3759 126391.8094
2019:05:06 15:10:22 193381 156017.1135
2019:05:06 15:10:22 353382 120013.1588
2019:05:06 15:10:22 513386 120025.4746
2019:05:06 15:10:22 753383 200025.1748
2019:05:06 15:10:22 953376 160005.0591
2019:05:06 15:10:23 153378 160009.9877
2019:05:06 15:10:23 309388 149253.6888
2019:05:06 15:10:23 485379 136010.3525
2019:05:06 15:10:23 645385 152735.8554
2019:05:06 15:10:23 833378 156016.4280
2019:05:06 15:10:24 59129 193772.6140
2019:05:06 15:10:24 249378 160010.5017
2019:05:06 15:10:24 411493 130128.6556
2019:05:06 15:10:24 593241 131876.5543
2019:05:06 15:10:24 717399 120084.6098
2019:05:06 15:10:24 877399 128041.0215
2019:05:06 15:10:25 37382 128019.9476
2019:05:06 15:10:25 207604 138240.9707
2019:05:06 15:10:25 361390 120018.5269
2019:05:06 15:10:25 525381 124014.4596
2019:05:06 15:10:25 685392 153330.8066
2019:05:06 15:10:25 921363 195988.4204
2019:05:06 15:10:26 84230 162858.6315
2019:05:06 15:10:26 238652 125282.5819
2019:05:06 15:10:26 433363 159996.6809
2019:05:06 15:10:26 593382 160008.3411
2019:05:06 15:10:26 753901 120537.3667
2019:05:06 15:10:26 919361 125988.5281
2019:05:06 15:10:27 113382 160010.5762
2019:05:06 15:10:27 273379 120008.2265
2019:05:06 15:10:27 473377 160010.5241
2019:05:06 15:10:27 633382 120016.2582
2019:05:06 15:10:27 833364 160005.7594
2019:05:06 15:10:27 993389 160016.0412
2019:05:06 15:10:28 153381 120011.3930
2019:05:06 15:10:28 353367 159999.3072
2019:05:06 15:10:28 515170 161793.3773
2019:05:06 15:10:28 673381 152485.6873
2019:05:06 15:10:28 857381 149999.4248
2019:05:06 15:10:29 21016 123649.6009
2019:05:06 15:10:29 177402 120033.5510
2019:05:06 15:10:29 337380 120009.8693
2019:05:06 15:10:29 497382 120018.3183
2019:05:06 15:10:29 657902 120539.8180
2019:05:06 15:10:29 822147 124781.1019
2019:05:06 15:10:29 977385 120003.2122
2019:05:06 15:10:30 177391 160023.7377
2019:05:06 15:10:30 343535 126167.5321
2019:05:06 15:10:30 542259 164896.1492
2019:05:06 15:10:30 697387 120023.7833
2019:05:06 15:10:30 861381 120013.9523
2019:05:06 15:10:31 25937 124571.6102
2019:05:06 15:10:31 181390 124025.2778
2019:05:06 15:10:31 381384 160025.2539
2019:05:06 15:10:31 541398 120021.9728
2019:05:06 15:10:31 701387 120018.3034
2019:05:06 15:10:31 864777 123414.4196
2019:05:06 15:10:32 57389 156013.4031
2019:05:06 15:10:32 257375 160008.3783
2019:05:06 15:10:32 417382 120012.3951
2019:05:06 15:10:32 577387 120019.0783
2019:05:06 15:10:32 789363 171998.8398
2019:05:06 15:10:32 949384 160009.4177
2019:05:06 15:10:33 149386 160013.4112
2019:05:06 15:10:33 316788 127416.4878
2019:05:06 15:10:33 513382 164018.6906
2019:05:06 15:10:33 717391 164024.0625
2019:05:06 15:10:33 897380 152025.9790
2019:05:06 15:10:34 149361 216567.7100
2019:05:06 15:10:34 349760 200387.4891
2019:05:06 15:10:34 533386 179547.6712
2019:05:06 15:10:34 757389 168017.3986
2019:05:06 15:10:34 993386 188017.7818
2019:05:06 15:10:35 181383 148005.2955
2019:05:06 15:10:35 405384 192028.5113
2019:05:06 15:10:35 669393 176020.0709
2019:05:06 15:10:35 877390 160018.6378
2019:05:06 15:10:36 127363 214000.4262
2019:05:06 15:10:36 285380 153099.9467
2019:05:06 15:10:36 485363 159993.3952
2019:05:06 15:10:36 645384 160011.6305
2019:05:06 15:10:36 825389 140027.1207
2019:05:06 15:10:37 25392 160036.0908
2019:05:06 15:10:37 156251 86880.3561
2019:05:06 15:10:37 309397 120027.3335
2019:05:06 15:10:37 473392 124028.1910
2019:05:06 15:10:37 713362 200007.4536
2019:05:06 15:10:37 873394 160019.5095
2019:05:06 15:10:38 71295 161925.2488
2019:05:06 15:10:38 309364 232748.8661
2019:05:06 15:10:38 509365 199993.1633
2019:05:06 15:10:38 719301 209920.2871
2019:05:06 15:10:38 913381 160023.8234
2019:05:06 15:10:39 135047 181682.4190
2019:05:06 15:10:39 293386 153438.2142
2019:05:06 15:10:39 493403 160037.7113
2019:05:06 15:10:39 853368 320011.5897
2019:05:06 15:10:40 53388 200007.6734
2019:05:06 15:10:40 213389 159991.5139
2019:05:06 15:10:40 413364 159999.5457
2019:05:06 15:10:40 573386 160013.1057
2019:05:06 15:10:40 733396 116034.3178
2019:05:06 15:10:40 893389 153605.8038
2019:05:06 15:10:41 54777 121405.6313
2019:05:06 15:10:41 216974 123606.4881
2019:05:06 15:10:41 409371 156014.0960
2019:05:06 15:10:41 649370 239989.4297
2019:05:06 15:10:41 849370 199986.9645
2019:05:06 15:10:42 53364 203982.9679
2019:05:06 15:10:42 217157 163782.7232
2019:05:06 15:10:42 413383 160015.7879
2019:05:06 15:10:42 573383 120015.5430
2019:05:06 15:10:42 775404 158047.2775
2019:05:06 15:10:42 933384 120018.7616
2019:05:06 15:10:43 93396 120027.3782
2019:05:06 15:10:43 293383 160015.5458
2019:05:06 15:10:43 493391 160029.2623
2019:05:06 15:10:43 693390 160022.8772
2019:05:06 15:10:43 853444 120077.6286
2019:05:06 15:10:44 37368 145984.2250
2019:05:06 15:10:44 237391 200013.4327
2019:05:06 15:10:44 477363 200006.8538
2019:05:06 15:10:44 677364 199991.1591
2019:05:06 15:10:44 841365 163991.4550
2019:05:06 15:10:45 1402 160026.4646
2019:05:06 15:10:45 237394 200028.0134
2019:05:06 15:10:45 457367 179997.0642
2019:05:06 15:10:45 657364 199983.4180
2019:05:06 15:10:45 817406 160032.5182
2019:05:06 15:10:46 13395 156019.8478
2019:05:06 15:10:46 173398 120020.6690
2019:05:06 15:10:46 373398 160035.3718
2019:05:06 15:10:46 575634 162259.2397
2019:05:06 15:10:46 731293 117911.2494
2019:05:06 15:10:46 889401 120028.6672
2019:05:06 15:10:47 85372 155999.5599
2019:05:06 15:10:47 285386 199999.3399
2019:05:06 15:10:47 485407 160030.0670
2019:05:06 15:10:47 645409 120034.5978
2019:05:06 15:10:47 845399 160037.3648
2019:05:06 15:10:48 53362 167985.5250
2019:05:06 15:10:48 213400 156211.0595
2019:05:06 15:10:48 376677 123295.9852
2019:05:06 15:10:48 573400 160036.8582
2019:05:06 15:10:48 773402 164035.5922
2019:05:06 15:10:48 973391 160024.2816
2019:05:06 15:10:49 213372 199997.8647
2019:05:06 15:10:49 363902 150516.6851
2019:05:06 15:10:49 514563 137466.5573
2019:05:06 15:10:49 673403 132025.7746
2019:05:06 15:10:49 837718 128333.0098
2019:05:06 15:10:50 29380 164014.6859
2019:05:06 15:10:50 229381 160016.5293
2019:05:06 15:10:50 389384 120011.8475
2019:05:06 15:10:50 550762 121399.1903
2019:05:06 15:10:50 709385 154111.3667
2019:05:06 15:10:50 869384 152722.7648
2019:05:06 15:10:51 69382 160022.3370
2019:05:06 15:10:51 269389 160021.0331
2019:05:06 15:10:51 429383 153643.8428
2019:05:06 15:10:51 591927 122563.6862
2019:05:06 15:10:51 755354 125984.3595
2019:05:06 15:10:51 913047 123684.4324
2019:05:06 15:10:52 76049 126684.9376
2019:05:06 15:10:52 229381 120014.7904
2019:05:06 15:10:52 429364 192745.1640
2019:05:06 15:10:52 629363 199988.9165
2019:05:06 15:10:52 793384 164012.7450
2019:05:06 15:10:52 993379 160012.4724
2019:05:06 15:10:53 197391 164027.0241
2019:05:06 15:10:53 433361 195989.2027
2019:05:06 15:10:53 593391 160020.8171
2019:05:06 15:10:53 753409 120041.1320
2019:05:06 15:10:53 921387 128028.1059
2019:05:06 15:10:54 157363 195994.5373
2019:05:06 15:10:54 337389 180016.3984
2019:05:06 15:10:54 505384 128015.5890
2019:05:06 15:10:54 685386 128012.3293
2019:05:06 15:10:54 843231 121864.0134
2019:05:06 15:10:55 1396 120026.8939
2019:05:06 15:10:55 157393 120019.2198
2019:05:06 15:10:55 364675 167302.1801
2019:05:06 15:10:55 557383 160026.9563
2019:05:06 15:10:55 757364 159998.5585
2019:05:06 15:10:55 917388 160011.4480
2019:05:06 15:10:56 75322 117945.8573
2019:05:06 15:10:56 269364 159999.9592
2019:05:06 15:10:56 449399 180025.8346
2019:05:06 15:10:56 609401 120039.9436
2019:05:06 15:10:56 853362 203996.5726
2019:05:06 15:10:57 101364 247991.9493
2019:05:06 15:10:57 277389 176012.4415
2019:05:06 15:10:57 429385 145783.6442
2019:05:06 15:10:57 617385 136016.4806
2019:05:06 15:10:57 789382 124016.0018
2019:05:06 15:10:57 969379 132012.8664
2019:05:06 15:10:58 141388 124019.9097
2019:05:06 15:10:58 317400 144041.7655
2019:05:06 15:10:58 501389 136022.0723
2019:05:06 15:10:58 717382 184018.8876
2019:05:06 15:10:58 945374 180006.6382
2019:05:06 15:10:59 80906 135518.9122
2019:05:06 15:10:59 253392 128024.2354
2019:05:06 15:10:59 533364 231994.3830
2019:05:06 15:10:59 717388 184013.0426
2019:05:06 15:10:59 949385 184009.3918
2019:05:06 15:11:00 141394 144028.0937
2019:05:06 15:11:00 349378 176009.8040
2019:05:06 15:11:00 538243 148876.3317
2019:05:06 15:11:00 769365 187999.0064
2019:05:06 15:11:00 928578 159198.4704
2019:05:06 15:11:01 101385 140015.9523
2019:05:06 15:11:01 261378 128010.7647
2019:05:06 15:11:01 441410 132047.3924
2019:05:06 15:11:01 617394 128028.7541
2019:05:06 15:11:01 809388 144012.2016
2019:05:06 15:11:02 9381 152011.8341
2019:05:06 15:11:02 205362 163996.8790
2019:05:06 15:11:02 373363 167988.9485
2019:05:06 15:11:02 557383 184011.0011
2019:05:06 15:11:02 729384 124019.1832
2019:05:06 15:11:02 906915 145550.5639
2019:05:06 15:11:03 125390 172015.6707
2019:05:06 15:11:03 306266 148908.8088
2019:05:06 15:11:03 513363 163996.8827
2019:05:06 15:11:03 681394 168022.7034
2019:05:06 15:11:03 849394 120023.9137
2019:05:06 15:11:04 65375 176010.6683
2019:05:06 15:11:04 245363 179978.7506
2019:05:06 15:11:04 413388 168013.1778
2019:05:06 15:11:04 613381 160013.6310
2019:05:06 15:11:04 797385 132013.3880
2019:05:06 15:11:04 973384 128016.7699
2019:05:06 15:11:05 163325 149967.6816
2019:05:06 15:11:05 315687 118321.2548
2019:05:06 15:11:05 499578 142212.3909
2019:05:06 15:11:05 673386 128016.8407
2019:05:06 15:11:05 865395 144026.6669
2019:05:06 15:11:06 65376 192668.1288
2019:05:06 15:11:06 261385 144012.9094
2019:05:06 15:11:06 453376 136004.2915
2019:05:06 15:11:06 657391 156028.8556
2019:05:06 15:11:06 845401 144025.8399
2019:05:06 15:11:07 37378 144009.7652
2019:05:06 15:11:07 277364 192000.8995
2019:05:06 15:11:07 421395 144021.6489
2019:05:06 15:11:07 613386 144019.1008
2019:05:06 15:11:07 853386 192026.0452
2019:05:06 15:11:08 45388 144022.2338
2019:05:06 15:11:08 237388 144015.5059
2019:05:06 15:11:08 425386 160028.8562
2019:05:06 15:11:08 657383 192018.0283
2019:05:06 15:11:08 817392 152917.6421
2019:05:06 15:11:09 77360 220000.5539
2019:05:06 15:11:09 277384 195149.8613
2019:05:06 15:11:09 437388 120019.3614
2019:05:06 15:11:09 597390 120032.6681
2019:05:06 15:11:09 757380 120012.5888
2019:05:06 15:11:09 913385 120010.5399
2019:05:06 15:11:10 142661 189302.9213
2019:05:06 15:11:10 317386 140018.2955
2019:05:06 15:11:10 557363 200005.9970
2019:05:06 15:11:10 797361 239989.6309
2019:05:06 15:11:10 957396 160020.3216
2019:05:06 15:11:11 161364 163994.6923
2019:05:06 15:11:11 286660 125285.8751
2019:05:06 15:11:11 448009 126646.3846
2019:05:06 15:11:11 633383 152026.4670
2019:05:06 15:11:11 817024 176942.2442
2019:05:06 15:11:11 993403 159362.3944
2019:05:06 15:11:12 145383 141580.8462
2019:05:06 15:11:12 325376 145993.0278
2019:05:06 15:11:12 529380 172015.6409
2019:05:06 15:11:12 701730 146352.9430
2019:05:06 15:11:12 885384 152021.0691
2019:05:06 15:11:13 49362 124193.1431
2019:05:06 15:11:13 217385 168012.3359
2019:05:06 15:11:13 413378 156018.5328
2019:05:06 15:11:13 605385 144015.1110
2019:05:06 15:11:13 869369 224005.9189
2019:05:06 15:11:14 59486 190106.2056
2019:05:06 15:11:14 219214 133844.2490
2019:05:06 15:11:14 405360 159999.0278
2019:05:06 15:11:14 565391 160022.7430
2019:05:06 15:11:14 717283 119907.0401
2019:05:06 15:11:14 869385 120018.5381
2019:05:06 15:11:15 21396 120032.4185
2019:05:06 15:11:15 185829 124463.6141
2019:05:06 15:11:15 381367 160001.3338
2019:05:06 15:11:15 541399 160021.3572
2019:05:06 15:11:15 706450 125077.5978
2019:05:06 15:11:15 893387 152028.6724
2019:05:06 15:11:16 53389 120026.4134
2019:05:06 15:11:16 260185 122816.5962
2019:05:06 15:11:16 453934 156565.2639
2019:05:06 15:11:16 649364 159999.5680
2019:05:06 15:11:16 809388 160014.8939
2019:05:06 15:11:17 9379 160016.1493
2019:05:06 15:11:17 177197 127827.3202
2019:05:06 15:11:17 338594 125224.8436
2019:05:06 15:11:17 541383 168023.8172
2019:05:06 15:11:17 733366 151990.9613
2019:05:06 15:11:17 929396 196019.3813
2019:05:06 15:11:18 82417 113048.5795
2019:05:06 15:11:18 232737 123363.4502
2019:05:06 15:11:18 422812 157436.9147
2019:05:06 15:11:18 577398 128027.8973
2019:05:06 15:11:18 753387 144012.9653
2019:05:06 15:11:18 913876 120503.1574
2019:05:06 15:11:19 75697 130325.3435
2019:05:06 15:11:19 269403 164010.7557
2019:05:06 15:11:19 445396 136022.9999
2019:05:06 15:11:19 661399 184027.5973
2019:05:06 15:11:19 818339 149123.4377
2019:05:06 15:11:19 981409 132036.1681
2019:05:06 15:11:20 141393 120019.6669
2019:05:06 15:11:20 301402 120029.2557
2019:05:06 15:11:20 467114 131887.7712
2019:05:06 15:11:20 661363 159988.1388
2019:05:06 15:11:20 845366 183314.9679
2019:05:06 15:11:21 33404 188023.8578
2019:05:06 15:11:21 261372 204009.5143
2019:05:06 15:11:21 395213 133828.2451
2019:05:06 15:11:21 573371 151998.0170
2019:05:06 15:11:21 733397 160012.2303
2019:05:06 15:11:21 893398 128025.6659
2019:05:06 15:11:22 125383 200022.5261
2019:05:06 15:11:22 269384 133226.1190
2019:05:06 15:11:22 485363 184009.0640
2019:05:06 15:11:22 695256 209881.8235
2019:05:06 15:11:22 905356 179990.9882
2019:05:06 15:11:23 105391 160015.1286
2019:05:06 15:11:23 287080 153722.9829
2019:05:06 15:11:23 453386 161396.7307
2019:05:06 15:11:23 579537 86164.9327
2019:05:06 15:11:23 773362 159995.2132
2019:05:06 15:11:23 973365 199989.9298
2019:05:06 15:11:24 125384 152009.9938
2019:05:06 15:11:24 286460 133093.7333
2019:05:06 15:11:24 461384 136009.2908
2019:05:06 15:11:24 637484 132116.2507
2019:05:06 15:11:24 805379 128014.2702
2019:05:06 15:11:24 983988 134612.7093
2019:05:06 15:11:25 153374 136001.3038
2019:05:06 15:11:25 321388 136031.4339
2019:05:06 15:11:25 505383 136014.8974
2019:05:06 15:11:25 693381 156009.7411
2019:05:06 15:11:25 875257 141897.5815
2019:05:06 15:11:26 113362 216001.0040
2019:05:06 15:11:26 281968 168595.7164
2019:05:06 15:11:26 469381 160014.6331
2019:05:06 15:11:26 622782 147479.1430
2019:05:06 15:11:26 788606 127248.8870
2019:05:06 15:11:26 973393 152024.1275
2019:05:06 15:11:27 177357 163972.1319
2019:05:06 15:11:27 297812 120091.7624
2019:05:06 15:11:27 461389 108015.8018
2019:05:06 15:11:27 709388 168019.0451
2019:05:06 15:11:27 909391 160022.7468
2019:05:06 15:11:28 109174 159803.3533
2019:05:06 15:11:28 286916 141545.9812
2019:05:06 15:11:28 445391 120024.5246
2019:05:06 15:11:28 637376 184934.7241
2019:05:06 15:11:28 797386 152439.3335
2019:05:06 15:11:28 997365 160001.6057
2019:05:06 15:11:29 177383 180006.2060
2019:05:06 15:11:29 349381 132014.9079
2019:05:06 15:11:29 509589 120221.6744
2019:05:06 15:11:29 669385 120018.7914
2019:05:06 15:11:29 869382 160016.5404
2019:05:06 15:11:30 169363 259999.8154
2019:05:06 15:11:30 365375 196002.3940
2019:05:06 15:11:30 521382 155993.2306
2019:05:06 15:11:30 693385 132013.2501
2019:05:06 15:11:30 893387 160029.2213
2019:05:06 15:11:31 89365 155997.5743
2019:05:06 15:11:31 295398 206021.7559
2019:05:06 15:11:31 485386 160016.3095
2019:05:06 15:11:31 685387 160019.4983
2019:05:06 15:11:31 885365 159993.0003
2019:05:06 15:11:32 49386 164010.7185
2019:05:06 15:11:32 257383 168019.6747
2019:05:06 15:11:32 497358 199986.6292
2019:05:06 15:11:32 669390 169794.4701
2019:05:06 15:11:32 859196 149828.5420
2019:05:06 15:11:32 975105 115894.7796
2019:05:06 15:11:33 177381 164016.7832
2019:05:06 15:11:33 461364 243991.9263
2019:05:06 15:11:33 621382 160008.8328
2019:05:06 15:11:33 789377 158080.2500
2019:05:06 15:11:33 989384 160027.4779
2019:05:06 15:11:34 156017 130652.9716
2019:05:06 15:11:34 333383 140015.3674
2019:05:06 15:11:34 501383 136020.4443
2019:05:06 15:11:34 701385 160019.2115
2019:05:06 15:11:34 885384 144018.6724
2019:05:06 15:11:35 38292 116926.3721
2019:05:06 15:11:35 225384 148017.8535
2019:05:06 15:11:35 390515 125151.1164
2019:05:06 15:11:35 581362 115991.0262
2019:05:06 15:11:35 781379 160004.7387
2019:05:06 15:11:35 981383 160026.0660
2019:05:06 15:11:36 143279 121908.5045
2019:05:06 15:11:36 303526 149949.2005
2019:05:06 15:11:36 449293 121623.2553
2019:05:06 15:11:36 633849 156493.2726
2019:05:06 15:11:36 856563 193261.0720
2019:05:06 15:11:37 4016 141379.5948
2019:05:06 15:11:37 161291 145359.7657
2019:05:06 15:11:37 349375 160013.7874
2019:05:06 15:11:37 541387 152024.3250
2019:05:06 15:11:37 741384 160022.2886
2019:05:06 15:11:37 909379 128018.4574
2019:05:06 15:11:38 70566 121199.4551
2019:05:06 15:11:38 261379 184257.0491
2019:05:06 15:11:38 421386 120014.9246
2019:05:06 15:11:38 621386 160018.2503
2019:05:06 15:11:38 821381 160021.7670
2019:05:06 15:11:38 981384 120014.3360
2019:05:06 15:11:39 141398 120029.8481
2019:05:06 15:11:39 317379 136011.4031
2019:05:06 15:11:39 513380 144004.2108
2019:05:06 15:11:39 651205 125851.2251
2019:05:06 15:11:39 821382 136013.2545
2019:05:06 15:11:40 5382 136008.9369
2019:05:06 15:11:40 209364 164004.3780
2019:05:06 15:11:40 385388 176014.9114
2019:05:06 15:11:40 585369 194448.8548
2019:05:06 15:11:40 785366 199985.7463
2019:05:06 15:11:40 985366 199989.6094
2019:05:06 15:11:41 181356 195979.7479
2019:05:06 15:11:41 349383 161829.4157
2019:05:06 15:11:41 549363 159997.3105
2019:05:06 15:11:41 709383 160010.1031
2019:05:06 15:11:41 865384 116015.9297
2019:05:06 15:11:42 25392 120006.4048
2019:05:06 15:11:42 186609 121241.7148
2019:05:06 15:11:42 349386 124013.1631
2019:05:06 15:11:42 549363 159991.4618
2019:05:06 15:11:42 709384 160011.7162
2019:05:06 15:11:42 909379 160008.5273
2019:05:06 15:11:43 69384 152462.9034
2019:05:06 15:11:43 237381 128003.6047
2019:05:06 15:11:43 437390 160018.3100
2019:05:06 15:11:43 597388 120027.2813
2019:05:06 15:11:43 757388 120015.4498
2019:05:06 15:11:43 913462 118075.6055
2019:05:06 15:11:44 73386 152578.2235
2019:05:06 15:11:44 313368 204001.1510
2019:05:06 15:11:44 473385 160007.6631
2019:05:06 15:11:44 636771 123391.6543
2019:05:06 15:11:44 833371 160013.3926
2019:05:06 15:11:44 999273 165893.6925
2019:05:06 15:11:45 189390 156031.4447
2019:05:06 15:11:45 351948 120853.2937
2019:05:06 15:11:45 509386 120016.6456
2019:05:06 15:11:45 669383 120014.7644
2019:05:06 15:11:45 829565 120194.8300
2019:05:06 15:11:46 29380 160015.2701
2019:05:06 15:11:46 237391 168034.9261
2019:05:06 15:11:46 437364 159999.1098
2019:05:06 15:11:46 602853 165480.2524
2019:05:06 15:11:47 3428 366071.2130
2019:05:06 15:11:47 277365 239996.1688
2019:05:06 15:11:47 517366 239990.6479
2019:05:06 15:11:47 677391 160015.5309
2019:05:06 15:11:47 837393 120021.4475
2019:05:06 15:11:48 4496 127122.6518
2019:05:06 15:11:48 193375 156008.5416
2019:05:06 15:11:48 353387 120016.8617
2019:05:06 15:11:48 501729 108359.4337
2019:05:06 15:11:48 673397 144023.4035
2019:05:06 15:11:48 865381 152015.5407
2019:05:06 15:11:49 25381 128008.2650
2019:05:06 15:11:49 269368 211993.0089
2019:05:06 15:11:49 413383 144002.5754
2019:05:06 15:11:49 573381 120012.1567
2019:05:06 15:11:49 813362 199988.6259
2019:05:06 15:11:49 941025 127654.6344
2019:05:06 15:11:50 93406 120021.8312
2019:05:06 15:11:50 277359 143986.4077
2019:05:06 15:11:50 437399 120025.0871
2019:05:06 15:11:50 637393 160019.4722
2019:05:06 15:11:50 829401 152036.3465
2019:05:06 15:11:51 17391 138396.2519
2019:05:06 15:11:51 153398 131369.0171
2019:05:06 15:11:51 301399 130642.7643
2019:05:06 15:11:51 435596 94220.8655
2019:05:06 15:11:51 556286 109419.3198
2019:05:06 15:11:51 710561 139948.6996
2019:05:06 15:11:51 839000 97635.3660
2019:05:06 15:11:51 949574 101548.5004
2019:05:06 15:11:52 79773 103701.2041
2019:05:06 15:11:52 186288 101603.1690
2019:05:06 15:11:52 287469 94351.7312
2019:05:06 15:11:52 421397 126299.1615
2019:05:06 15:11:52 557397 96025.4036
2019:05:06 15:11:52 685399 96021.0003
2019:05:06 15:11:52 805388 114206.7388
2019:05:06 15:11:52 909396 94546.8619
2019:05:06 15:11:53 37402 96036.4193
2019:05:06 15:11:53 129407 84379.9375
2019:05:06 15:11:53 269371 128832.8655
2019:05:06 15:11:53 409378 139991.6373
2019:05:06 15:11:53 553371 143978.1897
2019:05:06 15:11:53 674942 121557.8541
2019:05:06 15:11:53 777767 72386.5852
2019:05:06 15:11:53 863777 80293.0966
2019:05:06 15:11:53 937395 71177.2144
2019:05:06 15:11:54 25389 76010.9611
2019:05:06 15:11:54 95191 63107.4198
2019:05:06 15:11:54 204540 75168.3600
2019:05:06 15:11:54 286868 65506.0373
