
# OSU MPI Allreduce Latency Test v5.6.1
# Size       Avg Latency(us)
65536              161342.73
2019:05:06 15:05:50 629376 171991.3222
2019:05:06 15:05:50 807820 178433.3736
2019:05:06 15:05:50 921706 84339.7155
2019:05:06 15:05:51 101383 139988.5267
2019:05:06 15:05:51 237382 104022.1527
2019:05:06 15:05:51 421394 144025.3109
2019:05:06 15:05:51 589387 128020.4765
2019:05:06 15:05:51 805362 183994.5652
2019:05:06 15:05:51 941382 136010.4941
2019:05:06 15:05:52 93383 120012.8272
2019:05:06 15:05:52 229388 88019.1885
2019:05:06 15:05:52 389354 127989.8547
2019:05:06 15:05:52 573381 144011.3895
2019:05:06 15:05:52 741363 160845.1009
2019:05:06 15:05:52 901281 159908.6374
2019:05:06 15:05:53 61382 120004.6167
2019:05:06 15:05:53 203933 110575.6499
2019:05:06 15:05:53 344881 99517.5540
2019:05:06 15:05:53 513383 132015.4369
2019:05:06 15:05:53 636495 91127.9991
2019:05:06 15:05:53 837361 159996.9640
2019:05:06 15:05:54 29363 191993.2216
2019:05:06 15:05:54 165399 136026.6544
2019:05:06 15:05:54 321373 124015.9422
2019:05:06 15:05:54 457386 96019.1898
2019:05:06 15:05:54 609377 104011.8486
2019:05:06 15:05:54 897365 255996.6631
2019:05:06 15:05:55 33393 136017.5125
2019:05:06 15:05:55 253365 188007.5261
2019:05:06 15:05:55 398158 144780.7625
2019:05:06 15:05:55 550105 120739.0130
2019:05:06 15:05:55 650458 94216.0413
2019:05:06 15:05:55 853376 168016.2624
2019:05:06 15:05:56 37386 144028.4811
2019:05:06 15:05:56 173384 96019.4729
2019:05:06 15:05:56 381388 176019.7170
2019:05:06 15:05:56 561362 135995.1571
2019:05:06 15:05:56 713380 152007.9374
2019:05:06 15:05:56 881381 120005.0935
2019:05:06 15:05:57 57393 144028.1309
2019:05:06 15:05:57 601375 492015.8535
2019:05:06 15:05:57 773381 171991.3930
2019:05:06 15:05:57 949391 136016.0559
2019:05:06 15:05:58 125385 136016.7339
2019:05:06 15:05:58 301381 136013.7388
2019:05:06 15:05:58 519630 170261.4427
2019:05:06 15:05:58 813358 256006.1887
2019:05:06 15:05:58 989356 175637.8375
2019:05:06 15:05:59 129108 138050.4109
2019:05:06 15:05:59 357369 191995.2631
2019:05:06 15:05:59 525375 167995.4454
2019:05:06 15:05:59 685397 120034.9890
2019:05:06 15:05:59 925383 200025.6591
2019:05:06 15:06:00 125379 160009.1122
2019:05:06 15:06:00 285394 120023.9658
2019:05:06 15:06:00 437388 116015.5311
2019:05:06 15:06:00 597410 120035.1939
2019:05:06 15:06:00 797368 160000.1156
2019:05:06 15:06:00 957389 160009.5779
2019:05:06 15:06:01 123005 158522.7251
2019:05:06 15:06:01 277393 120034.6239
2019:05:06 15:06:01 473382 156013.4627
2019:05:06 15:06:01 633396 120031.4350
2019:05:06 15:06:01 833384 160023.3391
2019:05:06 15:06:02 33366 159994.5650
2019:05:06 15:06:02 237362 203985.6203
2019:05:06 15:06:02 433366 195996.1541
2019:05:06 15:06:02 593396 160009.4736
2019:05:06 15:06:02 714614 81246.3686
2019:05:06 15:06:02 836671 83299.8194
2019:05:06 15:06:02 993389 120020.9521
2019:05:06 15:06:03 149383 150891.2407
2019:05:06 15:06:03 389364 199996.8104
2019:05:06 15:06:03 555907 166533.9507
2019:05:06 15:06:03 715226 125860.9369
2019:05:06 15:06:03 909362 160006.9441
2019:05:06 15:06:04 69390 160019.8746
2019:05:06 15:06:04 229386 120020.4976
2019:05:06 15:06:04 389382 120011.6538
2019:05:06 15:06:04 577379 160014.8827
2019:05:06 15:06:04 748216 130851.6189
2019:05:06 15:06:04 985383 192010.6001
2019:05:06 15:06:05 181374 156004.5741
2019:05:06 15:06:05 325384 144000.3067
2019:05:06 15:06:05 569385 143967.3752
2019:05:06 15:06:05 729362 154577.2702
2019:05:06 15:06:05 889381 160010.4608
2019:05:06 15:06:06 85369 156005.3565
2019:05:06 15:06:06 245384 160005.7483
2019:05:06 15:06:06 405398 120033.7596
2019:05:06 15:06:06 565384 120021.9579
2019:05:06 15:06:06 725365 119999.1629
2019:05:06 15:06:06 885386 160012.1707
2019:05:06 15:06:07 77365 152005.2515
2019:05:06 15:06:07 237382 160008.6316
2019:05:06 15:06:07 365380 96014.0005
2019:05:06 15:06:07 525379 128024.2093
2019:05:06 15:06:07 651722 94358.6156
2019:05:06 15:06:07 813375 128016.3303
2019:05:06 15:06:07 965381 124017.0226
2019:05:06 15:06:08 101386 128103.5468
2019:05:06 15:06:08 269395 120031.1184
2019:05:06 15:06:08 429385 120011.8437
2019:05:06 15:06:08 669365 199991.1927
2019:05:06 15:06:08 909376 239996.2507
2019:05:06 15:06:09 69398 160011.4442
2019:05:06 15:06:09 269377 160006.5455
2019:05:06 15:06:09 449379 140013.6836
2019:05:06 15:06:09 649367 159998.9310
2019:05:06 15:06:09 809391 160016.3020
2019:05:06 15:06:10 49381 200022.9917
2019:05:06 15:06:10 245381 160019.7703
2019:05:06 15:06:10 441384 156015.3961
2019:05:06 15:06:10 641357 159997.7948
2019:05:06 15:06:10 841362 197903.1526
2019:05:06 15:06:11 1381 160010.9376
2019:05:06 15:06:11 173386 132024.2546
2019:05:06 15:06:11 373381 160016.4361
2019:05:06 15:06:11 573381 160022.1992
2019:05:06 15:06:11 773393 160027.5151
2019:05:06 15:06:11 933384 120017.9756
2019:05:06 15:06:12 93834 120469.6149
2019:05:06 15:06:12 253593 120225.5264
2019:05:06 15:06:12 457362 163999.3116
2019:05:06 15:06:12 617364 159990.7205
2019:05:06 15:06:12 777389 160013.2436
2019:05:06 15:06:12 937386 120019.6706
2019:05:06 15:06:13 93382 116013.2401
2019:05:06 15:06:13 293362 159998.7671
2019:05:06 15:06:13 457383 164009.4034
2019:05:06 15:06:13 617385 120020.4678
2019:05:06 15:06:13 817374 160010.1776
2019:05:06 15:06:13 983281 125914.2384
2019:05:06 15:06:14 134421 117056.8727
2019:05:06 15:06:14 293387 120013.5499
2019:05:06 15:06:14 487883 160499.0847
2019:05:06 15:06:14 645385 120017.2342
2019:05:06 15:06:14 849141 163781.0282
2019:05:06 15:06:15 5382 120009.8768
2019:05:06 15:06:15 205365 119997.6839
2019:05:06 15:06:15 365363 159986.1123
2019:05:06 15:06:15 525366 159994.5799
2019:05:06 15:06:15 685364 159988.1537
2019:05:06 15:06:15 845383 160006.1581
2019:05:06 15:06:16 45384 160026.7999
2019:05:06 15:06:16 245366 159994.9747
2019:05:06 15:06:16 445365 199989.6355
2019:05:06 15:06:16 605388 160012.9791
2019:05:06 15:06:16 805390 160034.6602
2019:05:06 15:06:16 967086 121727.6677
2019:05:06 15:06:17 205365 199990.7978
2019:05:06 15:06:17 365380 160004.4556
2019:05:06 15:06:17 529885 120523.3112
2019:05:06 15:06:17 672887 113166.0528
2019:05:06 15:06:17 825627 146907.9480
2019:05:06 15:06:18 17390 191752.7132
2019:05:06 15:06:18 229364 164002.1428
2019:05:06 15:06:18 389389 160015.2664
2019:05:06 15:06:18 545380 116010.8410
2019:05:06 15:06:18 737384 160027.0011
2019:05:06 15:06:18 897386 153082.4043
2019:05:06 15:06:19 53380 116013.5455
2019:05:06 15:06:19 175609 82238.2048
2019:05:06 15:06:19 333388 120022.3751
2019:05:06 15:06:19 493382 120017.6999
2019:05:06 15:06:19 657389 124022.8862
2019:05:06 15:06:19 857374 160007.6407
2019:05:06 15:06:20 17386 120018.1358
2019:05:06 15:06:20 193389 140026.1112
2019:05:06 15:06:20 361381 132015.8914
2019:05:06 15:06:20 473383 80020.3010
2019:05:06 15:06:20 625388 112020.8949
2019:05:06 15:06:20 803344 111390.0095
2019:05:06 15:06:21 17388 168017.0037
2019:05:06 15:06:21 205363 151995.1187
2019:05:06 15:06:21 381366 175990.6486
2019:05:06 15:06:21 554957 173580.2889
2019:05:06 15:06:21 733382 132011.0671
2019:05:06 15:06:21 908036 138668.2577
2019:05:06 15:06:22 40724 99367.6893
2019:05:06 15:06:22 261381 176006.5071
2019:05:06 15:06:22 437360 135994.4642
2019:05:06 15:06:22 605381 168012.3806
2019:05:06 15:06:22 789390 136016.6147
2019:05:06 15:06:22 989356 167990.5653
2019:05:06 15:06:23 141387 152019.2809
2019:05:06 15:06:23 325379 150937.5423
2019:05:06 15:06:23 557365 183993.7381
2019:05:06 15:06:23 757363 199988.1417
2019:05:06 15:06:23 909387 152013.7154
2019:05:06 15:06:24 101364 159997.9214
2019:05:06 15:06:24 237389 136012.4126
2019:05:06 15:06:24 461361 191997.4983
2019:05:06 15:06:24 645381 184008.7883
2019:05:06 15:06:24 869359 175988.9051
2019:05:06 15:06:25 101371 231998.2573
2019:05:06 15:06:25 269382 168000.6310
2019:05:06 15:06:25 465382 148010.6413
2019:05:06 15:06:25 649380 176340.7961
2019:05:06 15:06:25 853383 156002.7972
2019:05:06 15:06:26 53383 160018.3956
2019:05:06 15:06:26 245384 144014.5262
2019:05:06 15:06:26 441388 156029.7310
2019:05:06 15:06:26 633383 144014.8987
2019:05:06 15:06:26 821388 140020.7281
2019:05:06 15:06:27 5378 144017.3797
2019:05:06 15:06:27 213393 168035.4476
2019:05:06 15:06:27 397380 144012.6523
2019:05:06 15:06:27 581361 143999.1780
2019:05:06 15:06:27 749380 168007.1875
2019:05:06 15:06:27 937384 136014.0145
2019:05:06 15:06:28 92815 107441.9394
2019:05:06 15:06:28 285384 165986.6385
2019:05:06 15:06:28 457387 124021.9362
2019:05:06 15:06:28 641379 136008.4079
2019:05:06 15:06:28 865383 176010.3181
2019:05:06 15:06:29 85383 172017.5184
2019:05:06 15:06:29 245386 120022.5800
2019:05:06 15:06:29 381384 88009.6741
2019:05:06 15:06:29 523870 90493.0979
2019:05:06 15:06:29 677385 116016.3991
2019:05:06 15:06:29 845381 128017.5261
2019:05:06 15:06:30 37398 144029.9265
2019:05:06 15:06:30 205360 119991.1535
2019:05:06 15:06:30 365385 160014.5251
2019:05:06 15:06:30 601366 196004.4652
2019:05:06 15:06:30 761386 160011.0196
2019:05:06 15:06:30 921381 120012.2349
2019:05:06 15:06:31 77384 116015.7174
2019:05:06 15:06:31 277361 159993.6150
2019:05:06 15:06:31 437382 160009.8237
2019:05:06 15:06:31 598453 121082.4810
2019:05:06 15:06:31 917365 280010.0744
2019:05:06 15:06:32 82198 164820.7381
2019:05:06 15:06:32 277382 160022.9181
2019:05:06 15:06:32 477360 159984.7451
2019:05:06 15:06:32 637397 160026.6397
2019:05:06 15:06:32 798590 154832.8735
2019:05:06 15:06:32 957400 120025.3554
2019:05:06 15:06:33 157377 160020.0050
2019:05:06 15:06:33 319161 121790.5767
2019:05:06 15:06:33 497378 140008.5203
2019:05:06 15:06:33 657386 120014.7346
2019:05:06 15:06:33 857382 160014.3090
2019:05:06 15:06:34 61381 196272.3136
2019:05:06 15:06:34 221391 120030.1088
2019:05:06 15:06:34 381389 120017.8266
2019:05:06 15:06:34 533387 112018.5889
2019:05:06 15:06:34 693356 119989.3691
2019:05:06 15:06:34 858800 162231.4937
2019:05:06 15:06:35 93382 200023.3121
2019:05:06 15:06:35 293386 160009.2612
2019:05:06 15:06:35 493377 160010.1031
2019:05:06 15:06:35 689364 155993.9533
2019:05:06 15:06:35 849367 159992.6651
2019:05:06 15:06:36 9386 160008.9334
2019:05:06 15:06:36 205381 152020.8083
2019:05:06 15:06:36 373381 136016.2608
2019:05:06 15:06:36 545357 140001.3939
2019:05:06 15:06:36 693354 146639.2018
2019:05:06 15:06:36 821360 126772.5602
2019:05:06 15:06:36 975305 153936.1514
2019:05:06 15:06:37 141389 146455.4891
2019:05:06 15:06:37 301378 112008.4599
2019:05:06 15:06:37 449376 108011.5922
2019:05:06 15:06:37 605381 116008.9672
2019:05:06 15:06:37 805385 160027.5338
2019:05:06 15:06:37 965388 126351.2187
2019:05:06 15:06:38 133386 136015.4785
2019:05:06 15:06:38 325389 152022.6598
2019:05:06 15:06:38 509394 144032.3927
2019:05:06 15:06:38 657385 100022.8189
2019:05:06 15:06:38 841382 136015.9107
2019:05:06 15:06:39 9386 136024.0802
2019:05:06 15:06:39 181394 136027.4591
2019:05:06 15:06:39 349392 128024.0715
2019:05:06 15:06:39 762022 148658.8828
2019:05:06 15:06:39 985358 183990.6424
2019:05:06 15:06:40 157379 172008.4511
2019:05:06 15:06:40 333384 136018.1756
2019:05:06 15:06:40 474353 100988.1422
2019:05:06 15:06:40 677381 173088.6661
2019:05:06 15:06:40 821380 104011.3159
2019:05:06 15:06:41 9688 122869.6629
2019:05:06 15:06:41 146468 93102.6302
2019:05:06 15:06:41 311975 136401.3068
2019:05:06 15:06:41 481387 132016.4166
2019:05:06 15:06:41 905367 383998.9491
2019:05:06 15:06:42 85381 180001.5122
2019:05:06 15:06:42 285363 159996.7778
2019:05:06 15:06:42 445377 160005.5695
2019:05:06 15:06:42 609384 128020.6293
2019:05:06 15:06:42 841366 200011.1006
2019:05:06 15:06:43 37371 195994.2281
2019:05:06 15:06:43 197386 160003.7217
2019:05:06 15:06:43 437365 200007.1928
2019:05:06 15:06:43 599909 162534.2667
2019:05:06 15:06:43 801380 164011.6498
2019:05:06 15:06:44 1388 160031.4416
2019:05:06 15:06:44 201155 163790.7065
2019:05:06 15:06:44 397376 160008.7285
2019:05:06 15:06:44 649382 212014.1126
2019:05:06 15:06:44 865382 162830.9451
2019:05:06 15:06:45 69382 164013.1958
2019:05:06 15:06:45 269381 160012.1409
2019:05:06 15:06:45 465386 156018.3354
2019:05:06 15:06:45 625390 120019.1155
2019:05:06 15:06:45 823153 161788.2587
2019:05:06 15:06:45 983281 154006.5818
2019:05:06 15:06:46 181363 159995.1461
2019:05:06 15:06:46 341386 160010.6247
2019:05:06 15:06:46 537382 156010.8028
2019:05:06 15:06:46 697379 153754.7559
2019:05:06 15:06:46 857383 120018.3183
2019:05:06 15:06:47 17917 120549.4404
2019:05:06 15:06:47 181387 120011.2067
2019:05:06 15:06:47 353377 136018.5333
2019:05:06 15:06:47 537382 144010.6630
2019:05:06 15:06:47 709386 144023.9586
2019:05:06 15:06:47 866606 125231.0127
2019:05:06 15:06:48 29388 136025.2611
2019:05:06 15:06:48 245381 152003.5230
2019:05:06 15:06:48 445388 168028.4739
2019:05:06 15:06:48 637406 160032.8460
2019:05:06 15:06:48 813388 136026.4905
2019:05:06 15:06:49 45401 200045.6080
2019:05:06 15:06:49 245383 160014.8343
2019:05:06 15:06:49 401384 116015.8962
2019:05:06 15:06:49 561381 120011.0763
2019:05:06 15:06:49 761380 160013.5192
2019:05:06 15:06:50 1367 200007.4312
2019:05:06 15:06:50 197365 195986.9489
2019:05:06 15:06:50 397364 199987.4637
2019:05:06 15:06:50 564147 166773.5018
2019:05:06 15:06:50 757364 160007.4805
2019:05:06 15:06:50 957360 199985.9214
2019:05:06 15:06:51 119562 162192.4490
2019:05:06 15:06:51 277666 120302.6064
2019:05:06 15:06:51 437387 120015.1704
2019:05:06 15:06:51 637400 160041.7681
2019:05:06 15:06:51 795418 122051.4551
2019:05:06 15:06:51 955559 122196.3987
2019:05:06 15:06:52 181357 187998.3693
2019:05:06 15:06:52 341395 154417.3062
2019:05:06 15:06:52 593377 212017.8156
2019:05:06 15:06:52 833356 199988.1715
2019:05:06 15:06:52 993390 153111.3274
2019:05:06 15:06:53 149381 148146.0668
2019:05:06 15:06:53 301389 104019.9474
2019:05:06 15:06:53 481390 148025.4233
2019:05:06 15:06:53 681384 160010.0920
2019:05:06 15:06:53 841378 120009.9289
2019:05:06 15:06:54 1382 120013.7734
2019:05:06 15:06:54 157382 116015.3002
2019:05:06 15:06:54 303697 98323.3638
2019:05:06 15:06:54 501379 152009.6101
2019:05:06 15:06:54 685381 144022.0214
2019:05:06 15:06:54 853386 120009.4260
2019:05:06 15:06:55 21388 160259.0643
2019:05:06 15:06:55 205383 136011.3397
2019:05:06 15:06:55 365383 120015.4349
2019:05:06 15:06:55 533380 128007.9111
2019:05:06 15:06:55 757365 176000.1518
2019:05:06 15:06:55 917394 160019.7367
2019:05:06 15:06:56 93386 136012.6361
2019:05:06 15:06:56 333393 200023.1557
2019:05:06 15:06:56 501391 132014.6993
2019:05:06 15:06:56 725389 176030.1962
2019:05:06 15:06:56 925380 160010.0808
2019:05:06 15:06:57 165387 200020.3021
2019:05:06 15:06:57 330957 125588.0706
2019:05:06 15:06:57 609387 244012.5756
2019:05:06 15:06:57 769389 153374.7315
2019:05:06 15:06:57 929387 120016.9995
2019:05:06 15:06:58 125357 155992.1838
2019:05:06 15:06:58 288549 123188.5031
2019:05:06 15:06:58 481378 156012.4643
2019:05:06 15:06:58 681383 160025.6488
2019:05:06 15:06:58 881382 160015.1733
2019:05:06 15:06:59 41396 120027.3149
2019:05:06 15:06:59 197387 124019.8426
2019:05:06 15:06:59 397386 160029.0239
2019:05:06 15:06:59 613364 175996.1806
2019:05:06 15:06:59 773388 160010.2894
2019:05:06 15:06:59 945384 132024.2919
2019:05:06 15:07:00 101383 116018.9919
2019:05:06 15:07:00 261381 120008.7406
2019:05:06 15:07:00 427825 126465.9092
2019:05:06 15:07:00 577386 120021.7754
2019:05:06 15:07:00 740740 123376.5222
2019:05:06 15:07:00 902135 124778.2819
2019:05:06 15:07:01 101366 164001.9268
2019:05:06 15:07:01 261391 160010.1329
2019:05:06 15:07:01 425395 124034.2148
2019:05:06 15:07:01 619292 153923.1390
2019:05:06 15:07:01 817392 160014.4617
2019:05:06 15:07:01 977394 120027.0392
2019:05:06 15:07:02 164088 146708.2463
2019:05:06 15:07:02 341394 148023.2328
2019:05:06 15:07:02 509397 128021.1695
2019:05:06 15:07:02 689396 144020.0210
2019:05:06 15:07:02 865397 136020.3065
2019:05:06 15:07:03 33383 136007.0147
2019:05:06 15:07:03 303183 229818.0610
2019:05:06 15:07:03 461396 152883.4999
2019:05:06 15:07:03 629401 120029.5091
2019:05:06 15:07:03 797396 136022.0648
2019:05:06 15:07:03 981388 136013.5972
2019:05:06 15:07:04 141395 128021.9927
2019:05:06 15:07:04 327764 146391.1943
2019:05:06 15:07:04 529397 164024.2636
2019:05:06 15:07:04 714690 145321.7827
2019:05:06 15:07:04 881390 128014.9035
2019:05:06 15:07:05 49395 162240.8740
2019:05:06 15:07:05 232435 139060.3855
2019:05:06 15:07:05 389400 128026.5749
2019:05:06 15:07:05 545402 128029.3018
2019:05:06 15:07:05 713392 136022.3815
2019:05:06 15:07:05 925383 168016.5045
2019:05:06 15:07:06 149362 216121.4054
2019:05:06 15:07:06 317386 168014.2023
2019:05:06 15:07:06 513363 163998.4325
2019:05:06 15:07:06 689383 176012.8215
2019:05:06 15:07:06 857385 136027.6937
2019:05:06 15:07:07 41385 136018.5072
2019:05:06 15:07:07 229391 148035.2096
2019:05:06 15:07:07 413387 136014.7856
2019:05:06 15:07:07 581398 128025.9080
2019:05:06 15:07:07 757381 136010.5798
2019:05:06 15:07:07 901386 104021.6386
2019:05:06 15:07:08 141359 208002.4518
2019:05:06 15:07:08 325359 181999.3220
2019:05:06 15:07:08 513377 188003.8604
2019:05:06 15:07:08 697390 136022.7875
2019:05:06 15:07:08 913375 184001.9375
2019:05:06 15:07:09 117394 164022.8368
2019:05:06 15:07:09 301386 144028.7009
2019:05:06 15:07:09 449396 108027.9499
2019:05:06 15:07:09 657365 201253.5334
2019:05:06 15:07:09 841361 183987.2226
2019:05:06 15:07:10 41364 199994.7503
2019:05:06 15:07:10 189385 148011.4609
2019:05:06 15:07:10 365382 144015.4389
2019:05:06 15:07:10 533363 161429.6213
2019:05:06 15:07:10 705387 172016.1922
2019:05:06 15:07:10 889382 136001.2852
2019:05:06 15:07:11 70116 148750.6628
2019:05:06 15:07:11 249383 146286.2305
2019:05:06 15:07:11 465364 184008.7846
2019:05:06 15:07:11 641383 176009.8711
2019:05:06 15:07:11 829384 148012.8355
2019:05:06 15:07:11 983267 105898.5665
2019:05:06 15:07:12 165381 148024.8608
2019:05:06 15:07:12 309389 104026.2543
2019:05:06 15:07:12 473390 132016.8637
2019:05:06 15:07:12 637438 140083.2608
2019:05:06 15:07:12 799448 158869.6390
2019:05:06 15:07:13 9311 171945.0727
2019:05:06 15:07:13 151458 138492.6252
2019:05:06 15:07:13 357362 175996.6239
2019:05:06 15:07:13 504876 147504.1881
2019:05:06 15:07:13 655401 129564.1884
2019:05:06 15:07:13 797385 134023.5025
2019:05:06 15:07:13 938250 131506.2791
2019:05:06 15:07:14 117378 166381.5752
2019:05:06 15:07:14 243769 94404.0045
2019:05:06 15:07:14 413397 140039.9990
2019:05:06 15:07:14 585383 136019.5763
2019:05:06 15:07:14 749395 132039.9418
2019:05:06 15:07:14 885384 112020.7421
2019:05:06 15:07:15 77355 159987.7924
2019:05:06 15:07:15 237381 158461.5707
2019:05:06 15:07:15 493363 222297.2214
2019:05:06 15:07:15 669380 176004.8047
2019:05:06 15:07:15 881390 160031.5198
2019:05:06 15:07:16 37392 116019.1484
2019:05:06 15:07:16 197389 120019.4173
2019:05:06 15:07:16 357381 120014.2950
2019:05:06 15:07:16 561386 164016.4517
2019:05:06 15:07:16 724672 123310.4393
2019:05:06 15:07:16 881385 120019.5402
2019:05:06 15:07:17 77385 156013.4664
2019:05:06 15:07:17 237393 153943.7808
2019:05:06 15:07:17 394377 117009.9191
2019:05:06 15:07:17 559016 144597.4857
2019:05:06 15:07:17 707804 130320.2249
2019:05:06 15:07:17 850206 129857.5699
2019:05:06 15:07:18 19866 143437.5905
2019:05:06 15:07:18 186605 147147.4469
2019:05:06 15:07:18 361379 162579.5253
2019:05:06 15:07:18 553361 152000.9190
2019:05:06 15:07:18 713386 160016.7416
2019:05:06 15:07:18 865381 120016.3141
2019:05:06 15:07:19 30705 125341.3931
2019:05:06 15:07:19 189393 120028.2127
2019:05:06 15:07:19 389382 160018.2727
2019:05:06 15:07:19 549387 120019.6221
2019:05:06 15:07:19 709388 120009.9476
2019:05:06 15:07:19 876526 127157.8632
2019:05:06 15:07:20 33837 124472.5063
2019:05:06 15:07:20 221385 152024.4628
2019:05:06 15:07:20 381385 120021.7009
2019:05:06 15:07:20 581393 160036.0535
2019:05:06 15:07:20 781363 159997.3068
2019:05:06 15:07:20 941385 160012.0440
2019:05:06 15:07:21 141365 159995.9508
2019:05:06 15:07:21 301377 159999.8064
2019:05:06 15:07:21 505365 163995.2362
2019:05:06 15:07:21 705393 200014.8445
2019:05:06 15:07:21 868321 122959.0699
2019:05:06 15:07:22 72726 167355.0382
2019:05:06 15:07:22 269393 160034.0232
2019:05:06 15:07:22 469367 160001.2369
2019:05:06 15:07:22 625699 156321.2462
2019:05:06 15:07:22 825943 164588.1049
2019:05:06 15:07:23 21384 160021.6366
2019:05:06 15:07:23 221395 160023.5514
2019:05:06 15:07:23 381383 120011.5718
2019:05:06 15:07:23 545216 123849.3994
2019:05:06 15:07:23 742661 161294.1399
2019:05:06 15:07:23 937384 160027.2506
2019:05:06 15:07:24 141389 164019.6741
2019:05:06 15:07:24 341383 160015.3930
2019:05:06 15:07:24 497403 116035.7669
2019:05:06 15:07:24 721375 184016.8498
2019:05:06 15:07:24 897383 144022.8708
2019:05:06 15:07:25 61384 132019.7359
2019:05:06 15:07:25 223376 130011.1748
2019:05:06 15:07:25 388860 135504.7487
2019:05:06 15:07:25 569391 160035.9492
2019:05:06 15:07:25 717380 108014.3265
2019:05:06 15:07:25 917390 160017.4978
2019:05:06 15:07:26 359216 361855.2051
2019:05:06 15:07:26 545386 148012.1501
2019:05:06 15:07:26 713388 128018.9864
2019:05:06 15:07:26 905383 160016.4585
2019:05:06 15:07:27 109363 163999.9822
2019:05:06 15:07:27 269385 160012.1520
2019:05:06 15:07:27 469384 160025.9803
2019:05:06 15:07:27 669390 160021.6590
2019:05:06 15:07:27 869396 160029.5268
2019:05:06 15:07:28 69383 152016.9973
2019:05:06 15:07:28 220730 103361.3980
2019:05:06 15:07:28 405384 144001.0741
2019:05:06 15:07:28 617384 164016.0866
2019:05:06 15:07:28 793380 136023.1377
2019:05:06 15:07:28 949632 124264.5308
2019:05:06 15:07:29 122028 137986.9096
2019:05:06 15:07:29 297381 165980.5141
2019:05:06 15:07:29 464281 130916.7072
2019:05:06 15:07:29 690372 197013.8699
2019:05:06 15:07:29 883290 188024.2527
2019:05:06 15:07:30 33387 143945.3438
2019:05:06 15:07:30 237363 176007.2261
2019:05:06 15:07:30 417379 180004.9432
2019:05:06 15:07:30 605356 178961.3962
2019:05:06 15:07:30 821360 212718.1329
2019:05:06 15:07:30 997364 175993.6810
2019:05:06 15:07:31 249380 252002.9098
2019:05:06 15:07:31 505365 207995.9139
2019:05:06 15:07:31 669394 164017.1669
2019:05:06 15:07:31 877363 176005.9856
2019:05:06 15:07:32 546061 668687.3548
2019:05:06 15:07:32 705385 128009.5354
2019:05:06 15:07:32 889385 160027.7424
2019:05:06 15:07:33 61385 132009.8601
2019:05:06 15:07:33 229381 128020.8863
2019:05:06 15:07:33 437366 175998.7473
2019:05:06 15:07:33 617382 180005.1108
2019:05:06 15:07:33 821397 164009.5338
2019:05:06 15:07:33 987921 126546.1035
2019:05:06 15:07:34 141400 120026.7039
2019:05:06 15:07:34 301387 152529.7388
2019:05:06 15:07:34 581380 240019.0607
2019:05:06 15:07:34 781371 199977.3532
2019:05:06 15:07:34 941411 160029.0574
2019:05:06 15:07:35 181371 200009.9681
2019:05:06 15:07:35 341399 160015.1099
2019:05:06 15:07:35 501400 152064.0925
2019:05:06 15:07:35 689403 148018.9115
2019:05:06 15:07:35 849397 120018.5418
2019:05:06 15:07:36 5400 116021.3575
2019:05:06 15:07:36 165400 120023.6864
2019:05:06 15:07:36 405362 199997.1084
2019:05:06 15:07:36 605373 198073.2381
2019:05:06 15:07:36 771113 165728.4386
2019:05:06 15:07:36 965391 160014.1227
2019:05:06 15:07:37 125398 120021.2799
2019:05:06 15:07:37 285407 120027.3857
2019:05:06 15:07:37 485397 160035.8263
2019:05:06 15:07:37 657407 132038.0978
2019:05:06 15:07:37 828277 126906.0038
2019:05:06 15:07:38 37364 135995.5892
2019:05:06 15:07:38 221364 183991.7600
2019:05:06 15:07:38 381363 159989.3495
2019:05:06 15:07:38 541393 160017.4531
2019:05:06 15:07:38 701386 120012.4361
2019:05:06 15:07:38 901381 160023.8122
2019:05:06 15:07:39 101386 160017.4606
2019:05:06 15:07:39 268802 127437.2004
2019:05:06 15:07:39 461389 159417.7634
2019:05:06 15:07:39 685389 216716.6881
2019:05:06 15:07:39 848772 123407.0919
2019:05:06 15:07:40 41380 160010.7439
2019:05:06 15:07:40 225390 144012.6188
2019:05:06 15:07:40 385380 120005.1308
2019:05:06 15:07:40 585399 160031.7545
2019:05:06 15:07:40 785368 186224.7251
2019:05:06 15:07:40 945382 160004.8207
2019:05:06 15:07:41 105387 152369.5700
2019:05:06 15:07:41 325381 160011.9732
2019:05:06 15:07:41 525379 160011.7087
2019:05:06 15:07:41 721364 160007.5178
2019:05:06 15:07:41 869389 148016.6726
2019:05:06 15:07:42 37238 127859.1678
2019:05:06 15:07:42 193297 123928.4091
2019:05:06 15:07:42 389382 160021.7856
2019:05:06 15:07:42 549378 120017.5621
2019:05:06 15:07:42 709390 153625.3840
2019:05:06 15:07:42 872451 123081.9635
2019:05:06 15:07:43 309368 400003.5971
2019:05:06 15:07:43 469386 160008.4975
2019:05:06 15:07:43 628519 119152.9743
2019:05:06 15:07:43 833382 168026.0189
2019:05:06 15:07:44 109375 197995.7409
2019:05:06 15:07:44 349356 239969.9129
2019:05:06 15:07:44 549384 160019.4834
2019:05:06 15:07:44 829367 240006.1488
2019:05:06 15:07:45 29367 199987.2290
2019:05:06 15:07:45 229365 199986.2678
2019:05:06 15:07:45 354094 124718.9268
2019:05:06 15:07:45 557389 168027.5574
2019:05:06 15:07:45 765388 160006.4449
2019:05:06 15:07:45 935677 130310.8111
2019:05:06 15:07:46 125384 156028.2968
2019:05:06 15:07:46 325365 160006.2735
2019:05:06 15:07:46 525359 199985.1540
2019:05:06 15:07:46 731496 206127.6771
2019:05:06 15:07:46 965387 203903.2951
2019:05:06 15:07:47 130853 157701.4700
2019:05:06 15:07:47 325381 160014.7523
2019:05:06 15:07:47 525385 160022.8883
2019:05:06 15:07:47 757383 198005.7172
2019:05:06 15:07:47 949385 156027.1233
2019:05:06 15:07:48 100348 114982.3293
2019:05:06 15:07:48 283400 150038.3578
2019:05:06 15:07:48 481382 156014.0178
2019:05:06 15:07:48 629386 108014.8630
2019:05:06 15:07:48 800734 149908.0546
2019:05:06 15:07:48 949379 112015.2175
2019:05:06 15:07:49 129384 144016.5900
2019:05:06 15:07:49 581369 412005.4543
2019:05:06 15:07:49 725387 144003.6334
2019:05:06 15:07:49 885395 114008.1361
2019:05:06 15:07:50 61396 136222.3476
2019:05:06 15:07:50 241382 136012.0215
2019:05:06 15:07:50 449363 176001.4147
2019:05:06 15:07:50 622762 173386.8308
2019:05:06 15:07:50 781878 128510.6055
2019:05:06 15:07:50 955124 125755.8390
2019:05:06 15:07:51 107920 126555.8340
2019:05:06 15:07:51 289383 136006.8507
2019:05:06 15:07:51 449379 132015.0793
2019:05:06 15:07:51 606838 124091.8711
2019:05:06 15:07:51 787502 142135.6201
2019:05:06 15:07:51 981395 162339.3483
2019:05:06 15:07:52 154497 133138.3102
2019:05:06 15:07:52 321398 128031.3618
2019:05:06 15:07:52 505385 144022.2040
2019:05:06 15:07:52 725385 180027.6898
2019:05:06 15:07:52 868013 102627.5381
2019:05:06 15:07:53 49363 139994.9640
2019:05:06 15:07:53 205387 156013.8874
2019:05:06 15:07:53 381389 168560.9296
2019:05:06 15:07:53 557382 128015.4735
2019:05:06 15:07:53 725393 161147.2219
2019:05:06 15:07:53 889377 157191.7310
2019:05:06 15:07:54 73385 152013.3913
2019:05:06 15:07:54 244164 138794.4371
2019:05:06 15:07:54 392835 115457.7509
2019:05:06 15:07:54 597381 173004.6682
2019:05:06 15:07:54 754494 109129.7008
2019:05:06 15:07:54 953383 170600.7421
2019:05:06 15:07:55 169381 168022.9194
2019:05:06 15:07:55 337383 136024.5906
2019:05:06 15:07:55 529386 144022.1071
2019:05:06 15:07:55 701388 164984.8297
2019:05:06 15:07:55 859397 118020.2551
2019:05:06 15:07:56 25385 128018.0402
2019:05:06 15:07:56 213362 158743.8807
2019:05:06 15:07:56 365384 152013.1379
2019:05:06 15:07:56 565385 160014.5996
2019:05:06 15:07:56 778396 205219.6637
2019:05:06 15:07:56 972923 159555.2713
2019:05:06 15:07:57 209365 204007.0295
2019:05:06 15:07:57 369380 160004.8244
2019:05:06 15:07:57 565394 160025.2017
2019:05:06 15:07:57 773386 160026.2187
2019:05:06 15:07:57 993383 200028.6281
2019:05:06 15:07:58 185382 140005.5811
2019:05:06 15:07:58 385389 192664.5041
2019:05:06 15:07:58 561385 136015.6387
2019:05:06 15:07:58 727296 113922.0521
2019:05:06 15:07:58 882607 147941.4813
2019:05:06 15:07:59 83542 172710.1244
2019:05:06 15:07:59 247538 142033.6664
2019:05:06 15:07:59 399866 136823.7324
2019:05:06 15:07:59 539464 124467.8423
2019:05:06 15:07:59 703354 139249.5818
2019:05:06 15:07:59 845474 117531.9627
2019:05:06 15:07:59 977786 122497.7970
2019:05:06 15:08:00 139558 156479.9622
2019:05:06 15:08:00 319816 176560.5137
2019:05:06 15:08:00 464370 133539.2296
2019:05:06 15:08:00 611847 134003.6467
2019:05:06 15:08:00 748620 129023.1459
2019:05:06 15:08:00 887901 121936.6714
2019:05:06 15:08:01 52570 133081.6299
2019:05:06 15:08:01 197547 119407.4973
2019:05:06 15:08:01 385938 156573.5936
2019:05:06 15:08:01 580093 189652.4169
2019:05:06 15:08:01 864132 253717.4523
2019:05:06 15:08:02 12676 132731.2514
2019:05:06 15:08:02 158075 135590.9444
2019:05:06 15:08:02 385364 168001.9684
2019:05:06 15:08:02 544463 159086.8682
2019:05:06 15:08:02 675416 122766.4500
2019:05:06 15:08:02 845932 150015.5628
2019:05:06 15:08:02 998995 140340.4810
2019:05:06 15:08:03 164464 148248.0951
2019:05:06 15:08:03 308757 133232.4222
2019:05:06 15:08:03 453198 133013.4124
2019:05:06 15:08:03 614651 151920.1621
2019:05:06 15:08:03 781729 141309.3284
2019:05:06 15:08:03 947999 149080.8725
2019:05:06 15:08:04 134520 159749.0162
2019:05:06 15:08:04 272962 106940.9810
2019:05:06 15:08:04 416606 134675.5140
2019:05:06 15:08:04 560888 134885.7880
2019:05:06 15:08:04 709114 140514.3961
2019:05:06 15:08:04 875037 132805.7721
2019:05:06 15:08:05 31382 144143.7788
2019:05:06 15:08:05 179639 131385.8442
2019:05:06 15:08:05 329252 137321.8074
2019:05:06 15:08:05 471332 133551.9217
2019:05:06 15:08:05 618327 131053.0491
2019:05:06 15:08:05 756425 125397.6449
2019:05:06 15:08:05 903060 136467.3190
2019:05:06 15:08:06 66189 146738.1008
2019:05:06 15:08:06 211443 136475.3917
2019:05:06 15:08:06 361964 138206.6645
2019:05:06 15:08:06 504066 131122.1085
2019:05:06 15:08:06 662062 149160.6720
2019:05:06 15:08:06 818265 131696.6601
2019:05:06 15:08:06 964826 133558.7986
2019:05:06 15:08:07 115000 139261.0818
2019:05:06 15:08:07 258894 124089.3416
2019:05:06 15:08:07 431169 156847.5775
2019:05:06 15:08:07 590905 148683.3133
2019:05:06 15:08:07 777406 154525.5892
2019:05:06 15:08:07 911689 122309.5357
2019:05:06 15:08:08 42623 124837.4023
2019:05:06 15:08:08 186521 132262.1331
2019:05:06 15:08:08 322388 126566.0785
2019:05:06 15:08:08 510995 168772.9284
2019:05:06 15:08:08 642222 129302.9934
2019:05:06 15:08:08 791022 135115.8097
2019:05:06 15:08:08 924316 122825.2500
2019:05:06 15:08:09 72372 129264.6937
2019:05:06 15:08:09 233387 145747.2257
2019:05:06 15:08:09 417402 144028.4476
2019:05:06 15:08:09 601392 136013.2620
2019:05:06 15:08:09 777394 128012.8658
2019:05:06 15:08:09 955075 129708.6664
2019:05:06 15:08:10 177384 176011.0520
2019:05:06 15:08:10 340535 115172.4644
2019:05:06 15:08:10 519931 148691.3897
2019:05:06 15:08:10 689388 128018.0700
2019:05:06 15:08:10 857388 136022.0984
2019:05:06 15:08:11 33384 136014.4168
2019:05:06 15:08:11 203522 130157.0572
2019:05:06 15:08:11 521366 286960.1883
2019:05:06 15:08:11 705384 184007.6782
2019:05:06 15:08:11 905380 152023.5799
2019:05:06 15:08:12 89364 151993.0176
2019:05:06 15:08:12 289377 200003.6165
2019:05:06 15:08:12 428574 107210.6473
2019:05:06 15:08:12 665386 200022.5484
2019:05:06 15:08:12 849387 152017.7759
2019:05:06 15:08:13 25387 128022.7676
2019:05:06 15:08:13 193380 136014.3311
2019:05:06 15:08:13 369380 128016.0993
2019:05:06 15:08:13 617385 216018.6507
2019:05:06 15:08:13 817381 152004.8603
2019:05:06 15:08:14 49388 200026.0316
2019:05:06 15:08:14 233386 136018.1198
2019:05:06 15:08:14 386373 121005.4383
2019:05:06 15:08:14 558410 125036.8059
2019:05:06 15:08:14 725387 136017.6392
2019:05:06 15:08:14 913392 140027.0015
2019:05:06 15:08:15 97391 136023.5922
2019:05:06 15:08:15 345364 216002.4010
2019:05:06 15:08:15 529392 184018.4890
2019:05:06 15:08:15 761366 183991.9798
2019:05:06 15:08:15 960009 198633.5106
2019:05:06 15:08:16 153380 165108.1443
2019:05:06 15:08:16 313391 112027.8351
2019:05:06 15:08:16 505359 159993.7677
2019:05:06 15:08:16 689377 184007.9725
2019:05:06 15:08:16 865382 128016.6507
2019:05:06 15:08:17 49381 136017.5498
2019:05:06 15:08:17 190839 109473.2694
2019:05:06 15:08:17 373385 148016.8775
2019:05:06 15:08:17 537389 157303.3221
2019:05:06 15:08:17 761397 184031.4306
2019:05:06 15:08:17 969392 168022.2712
2019:05:06 15:08:18 153381 136015.4860
2019:05:06 15:08:18 321386 128019.1541
2019:05:06 15:08:18 505382 144007.2022
2019:05:06 15:08:18 656117 110749.5315
2019:05:06 15:08:18 813382 132027.6111
2019:05:06 15:08:19 1381 140015.2184
2019:05:06 15:08:19 184741 135363.1169
2019:05:06 15:08:19 353385 128021.2291
2019:05:06 15:08:19 577376 160017.9188
2019:05:06 15:08:19 753384 128020.4169
2019:05:06 15:08:19 933383 132006.2838
2019:05:06 15:08:20 82157 141325.2763
2019:05:06 15:08:20 281393 164853.1444
2019:05:06 15:08:20 473386 160026.4683
2019:05:06 15:08:20 685363 171996.9362
2019:05:06 15:08:20 834970 149598.3303
2019:05:06 15:08:21 45499 172127.4890
2019:05:06 15:08:21 289364 195999.1567
2019:05:06 15:08:21 465386 176005.1735
2019:05:06 15:08:21 641384 128007.9708
2019:05:06 15:08:21 825382 136004.5038
2019:05:06 15:08:22 9378 136012.1220
2019:05:06 15:08:22 201380 144014.0493
2019:05:06 15:08:22 417541 168166.1829
2019:05:06 15:08:22 553381 131707.2585
2019:05:06 15:08:22 741389 148019.7795
2019:05:06 15:08:22 889436 108066.2683
2019:05:06 15:08:23 46707 129334.2486
2019:05:06 15:08:23 205278 111906.8824
2019:05:06 15:08:23 380991 131625.5108
2019:05:06 15:08:23 618992 201625.1497
2019:05:06 15:08:23 777385 152710.6352
2019:05:06 15:08:23 977362 192541.0815
2019:05:06 15:08:24 177357 199983.8240
2019:05:06 15:08:24 457366 240005.8694
2019:05:06 15:08:24 645383 188007.1647
2019:05:06 15:08:24 845380 160023.0671
2019:05:06 15:08:24 997384 112021.8150
2019:05:06 15:08:25 161384 124011.4979
2019:05:06 15:08:25 361377 160011.1313
2019:05:06 15:08:25 601366 199997.6747
2019:05:06 15:08:25 761386 160008.5013
2019:05:06 15:08:25 921382 120014.1311
2019:05:06 15:08:26 361359 399993.0434
2019:05:06 15:08:26 561366 198175.2031
2019:05:06 15:08:26 697385 136009.4510
2019:05:06 15:08:26 857379 120009.4186
2019:05:06 15:08:27 17388 120024.3309
2019:05:06 15:08:27 177387 120025.4671
2019:05:06 15:08:27 337393 120024.9419
2019:05:06 15:08:27 497390 120023.8727
2019:05:06 15:08:27 697373 160005.6924
2019:05:06 15:08:27 857383 120018.1097
2019:05:06 15:08:28 19960 122601.6991
2019:05:06 15:08:28 182171 124794.4385
2019:05:06 15:08:28 339433 122067.9209
2019:05:06 15:08:28 537387 160029.5268
2019:05:06 15:08:28 745385 168017.4544
2019:05:06 15:08:28 945383 160007.7823
2019:05:06 15:08:29 185387 200013.9579
2019:05:06 15:08:29 401403 176041.4131
2019:05:06 15:08:29 561393 120029.9039
2019:05:06 15:08:29 729257 127891.6635
2019:05:06 15:08:29 881381 120017.3832
2019:05:06 15:08:30 81385 160017.4718
2019:05:06 15:08:30 321364 200006.6489
2019:05:06 15:08:30 597365 275989.8752
2019:05:06 15:08:30 797363 199987.0911
2019:05:06 15:08:30 957395 160022.9144
2019:05:06 15:08:31 161383 164016.2244
2019:05:06 15:08:31 321385 120017.2752
2019:05:06 15:08:31 521384 160014.3164
2019:05:06 15:08:31 681387 120019.1528
2019:05:06 15:08:31 881379 160011.1723
2019:05:06 15:08:32 41382 120016.9772
2019:05:06 15:08:32 241364 159998.1897
2019:05:06 15:08:32 401383 160009.5704
2019:05:06 15:08:32 597358 155991.3084
2019:05:06 15:08:32 757387 156149.6966
2019:05:06 15:08:32 957381 160023.2273
2019:05:06 15:08:33 153382 148010.1943
2019:05:06 15:08:33 301376 108008.6902
2019:05:06 15:08:33 481383 160023.3205
2019:05:06 15:08:33 673359 151992.8426
2019:05:06 15:08:33 841387 128006.6669
2019:05:06 15:08:34 1386 120016.4668
2019:05:06 15:08:34 165481 124124.2141
2019:05:06 15:08:34 361395 160025.9617
2019:05:06 15:08:34 561391 160033.2707
2019:05:06 15:08:34 761376 160008.0915
2019:05:06 15:08:34 961386 160019.7740
2019:05:06 15:08:35 161389 160021.5137
2019:05:06 15:08:35 361383 160016.0673
2019:05:06 15:08:35 561383 160017.3302
2019:05:06 15:08:35 765386 164016.0158
2019:05:06 15:08:35 962797 157426.6516
2019:05:06 15:08:36 105386 133154.6083
2019:05:06 15:08:36 285384 140014.1567
2019:05:06 15:08:36 449381 156484.1717
2019:05:06 15:08:36 601384 112016.3500
2019:05:06 15:08:36 801363 160004.7685
2019:05:06 15:08:36 961391 160018.4143
2019:05:06 15:08:37 177366 198006.6448
2019:05:06 15:08:37 377364 199987.3780
2019:05:06 15:08:37 537386 160010.7439
2019:05:06 15:08:37 742824 165456.2317
2019:05:06 15:08:37 937395 160019.9603
2019:05:06 15:08:38 97405 120031.4499
2019:05:06 15:08:38 258513 121140.8786
2019:05:06 15:08:38 457373 159988.4555
2019:05:06 15:08:38 621400 164012.8121
2019:05:06 15:08:38 817410 156029.4069
2019:05:06 15:08:38 981016 123638.2052
2019:05:06 15:08:39 171914 158533.9010
2019:05:06 15:08:39 369411 160037.5138
2019:05:06 15:08:39 569402 160034.8465
2019:05:06 15:08:39 729396 154860.3512
2019:05:06 15:08:39 890333 120960.3511
2019:05:06 15:08:40 49407 120030.5820
2019:05:06 15:08:40 249401 160006.0575
2019:05:06 15:08:40 449371 159994.8741
2019:05:06 15:08:40 610416 161029.5847
2019:05:06 15:08:40 770166 124796.3533
2019:05:06 15:08:40 933193 127830.1589
2019:05:06 15:08:41 105402 140027.1207
2019:05:06 15:08:41 313371 159994.5351
2019:05:06 15:08:41 476330 162945.4978
2019:05:06 15:08:41 633412 120031.1780
2019:05:06 15:08:41 785399 146941.2521
2019:05:06 15:08:41 949385 140871.3385
2019:05:06 15:08:42 129378 140005.0931
2019:05:06 15:08:42 309387 140021.2571
2019:05:06 15:08:42 489382 140022.9447
2019:05:06 15:08:42 625382 127165.2579
2019:05:06 15:08:42 793893 128526.2331
2019:05:06 15:08:42 993381 160015.1137
2019:05:06 15:08:43 145383 120018.2773
2019:05:06 15:08:43 345374 160004.0607
2019:05:06 15:08:43 545359 159995.1908
2019:05:06 15:08:43 690882 143780.0974
2019:05:06 15:08:43 845396 120029.7922
2019:05:06 15:08:44 45379 160021.2678
2019:05:06 15:08:44 213922 128560.8038
2019:05:06 15:08:44 369394 120030.2541
2019:05:06 15:08:44 529385 120014.7197
2019:05:06 15:08:44 729396 160027.6195
2019:05:06 15:08:44 889385 120011.8773
2019:05:06 15:08:45 89388 160033.1217
2019:05:06 15:08:45 289363 159997.2546
2019:05:06 15:08:45 449379 160004.1464
2019:05:06 15:08:45 650850 161484.4501
2019:05:06 15:08:45 805387 149637.9375
2019:05:06 15:08:45 965384 154389.0089
2019:05:06 15:08:46 169364 163995.1766
2019:05:06 15:08:46 329383 160009.4922
2019:05:06 15:08:46 489386 120024.1409
2019:05:06 15:08:46 649387 120020.6093
2019:05:06 15:08:46 816973 127599.6007
2019:05:06 15:08:47 9383 158391.4906
2019:05:06 15:08:47 249378 160010.8035
2019:05:06 15:08:47 489379 200013.5295
2019:05:06 15:08:47 689386 160022.3817
2019:05:06 15:08:47 929363 199997.4549
2019:05:06 15:08:48 129365 199990.1719
2019:05:06 15:08:48 291084 161709.0032
2019:05:06 15:08:48 449387 120018.4748
2019:05:06 15:08:48 609380 153683.0701
2019:05:06 15:08:48 771118 121751.9306
2019:05:06 15:08:48 929389 120021.9840
2019:05:06 15:08:49 129376 160013.5453
2019:05:06 15:08:49 321376 152009.7516
2019:05:06 15:08:49 493386 140019.2901
2019:05:06 15:08:49 612504 87147.2731
2019:05:06 15:08:49 765380 120015.3977
2019:05:06 15:08:49 913388 108015.2057
2019:05:06 15:08:50 73393 126645.7364
2019:05:06 15:08:50 229391 116026.0439
2019:05:06 15:08:50 421380 152015.0043
2019:05:06 15:08:50 585354 156950.0268
2019:05:06 15:08:50 785363 198862.1354
2019:05:06 15:08:50 953383 168010.4919
2019:05:06 15:08:51 137382 152017.8132
2019:05:06 15:08:51 283664 106294.0843
2019:05:06 15:08:51 441376 128010.9026
2019:05:06 15:08:51 609387 136021.2676
2019:05:06 15:08:51 765698 116332.5086
2019:05:06 15:08:51 933225 127857.6702
2019:05:06 15:08:52 129385 164028.4583
2019:05:06 15:08:52 329389 160025.5966
2019:05:06 15:08:52 489384 120014.9693
2019:05:06 15:08:52 689385 160020.3142
2019:05:06 15:08:52 889398 160041.8910
2019:05:06 15:08:53 89385 160022.4711
2019:05:06 15:08:53 289362 159995.4516
2019:05:06 15:08:53 449391 160014.1451
2019:05:06 15:08:53 610047 120678.3131
2019:05:06 15:08:53 768153 118789.7623
2019:05:06 15:08:53 925390 120017.9458
2019:05:06 15:08:54 131013 165636.7593
2019:05:06 15:08:54 329377 160019.8969
2019:05:06 15:08:54 494335 124972.9879
2019:05:06 15:08:54 649385 120018.5828
2019:05:06 15:08:54 809389 120019.0745
2019:05:06 15:08:54 969510 136115.0779
2019:05:06 15:08:55 151383 159375.1274
2019:05:06 15:08:55 301331 133484.2145
2019:05:06 15:08:55 470433 157393.4071
2019:05:06 15:08:55 646532 171225.1008
2019:05:06 15:08:55 805495 154465.2134
2019:05:06 15:08:55 948397 134372.6031
2019:05:06 15:08:56 106501 123712.1783
2019:05:06 15:08:56 256827 126444.5260
2019:05:06 15:08:56 425371 141881.8720
2019:05:06 15:08:56 610749 184756.3609
2019:05:06 15:08:56 773422 157322.0864
2019:05:06 15:08:56 952058 150699.6006
2019:05:06 15:08:57 113385 132867.5449
2019:05:06 15:08:57 258067 124674.6406
2019:05:06 15:08:57 406388 138045.1396
2019:05:06 15:08:57 561911 133895.5536
2019:05:06 15:08:57 771592 192092.2697
2019:05:06 15:08:57 926922 131562.8029
2019:05:06 15:08:58 74400 134057.6597
2019:05:06 15:08:58 213685 127026.0848
2019:05:06 15:08:58 370477 143420.1412
2019:05:06 15:08:58 522476 134755.4028
2019:05:06 15:08:58 711175 168307.1405
2019:05:06 15:08:58 911978 188510.5558
2019:05:06 15:08:59 86408 151163.6414
2019:05:06 15:08:59 224846 129890.7548
2019:05:06 15:08:59 666432 418653.2535
2019:05:06 15:08:59 813970 142697.9862
2019:05:06 15:08:59 976101 148726.9662
2019:05:06 15:09:00 162869 159649.7931
2019:05:06 15:09:00 340621 172880.8805
2019:05:06 15:09:00 501965 155656.5054
2019:05:06 15:09:00 699053 167973.7531
2019:05:06 15:09:00 867334 161735.7954
2019:05:06 15:09:01 16427 143409.8408
2019:05:06 15:09:01 178656 130716.7895
2019:05:06 15:09:01 335899 131457.7870
2019:05:06 15:09:01 480082 137590.5834
2019:05:06 15:09:01 620204 132312.8976
2019:05:06 15:09:01 801653 142975.7699
2019:05:06 15:09:01 949920 129875.7978
2019:05:06 15:09:02 128955 165126.4280
2019:05:06 15:09:02 300517 160549.1191
2019:05:06 15:09:02 460703 129443.4406
2019:05:06 15:09:02 618013 142202.6828
2019:05:06 15:09:02 984568 361289.6726
2019:05:06 15:09:03 124641 119276.9483
2019:05:06 15:09:03 277021 129809.7670
2019:05:06 15:09:03 431430 139234.5093
2019:05:06 15:09:03 594866 144175.4699
2019:05:06 15:09:03 771385 143640.3617
2019:05:06 15:09:03 907088 130385.3132
2019:05:06 15:09:04 55649 139543.6153
2019:05:06 15:09:04 204326 129424.7806
2019:05:06 15:09:04 362428 141716.6777
2019:05:06 15:09:04 554992 159802.5337
2019:05:06 15:09:04 726255 166388.3366
2019:05:06 15:09:04 862610 129466.5635
2019:05:06 15:09:05 21967 145858.3176
2019:05:06 15:09:05 172704 138110.2391
2019:05:06 15:09:05 337381 154484.1677
2019:05:06 15:09:05 495772 122404.4561
2019:05:06 15:09:05 650194 124826.6995
2019:05:06 15:09:05 797639 119200.9225
2019:05:06 15:09:05 948767 125723.8351
2019:05:06 15:09:06 101135 134355.1315
2019:05:06 15:09:06 446365 335405.2640
2019:05:06 15:09:06 605451 154501.5872
2019:05:06 15:09:06 830662 221105.9593
2019:05:06 15:09:06 960909 129049.4837
2019:05:06 15:09:07 100153 124514.8182
2019:05:06 15:09:07 259481 140047.0212
2019:05:06 15:09:07 421836 142704.1590
2019:05:06 15:09:07 556426 128112.7259
2019:05:06 15:09:07 697739 130615.4281
2019:05:06 15:09:07 852162 139707.1816
2019:05:06 15:09:07 999274 136391.4646
2019:05:06 15:09:08 172566 140602.4732
2019:05:06 15:09:08 330995 140112.9067
2019:05:06 15:09:08 477817 139478.2066
2019:05:06 15:09:08 651265 152702.7600
2019:05:06 15:09:08 768811 107215.0581
2019:05:06 15:09:08 918293 131047.1483
2019:05:06 15:09:09 76525 145020.6041
2019:05:06 15:09:09 230441 139688.0634
2019:05:06 15:09:09 370506 129441.4923
2019:05:06 15:09:09 510704 128337.7931
2019:05:06 15:09:09 699113 176654.6033
2019:05:06 15:09:09 831004 126727.9126
2019:05:06 15:09:09 975546 133060.7310
2019:05:06 15:09:10 122113 135444.8050
2019:05:06 15:09:10 253304 120956.8828
2019:05:06 15:09:10 438930 164015.7290
2019:05:06 15:09:10 600251 133089.9782
2019:05:06 15:09:10 742395 129974.3950
2019:05:06 15:09:10 910605 142919.7863
2019:05:06 15:09:11 72791 149943.4449
2019:05:06 15:09:11 224847 146689.1617
2019:05:06 15:09:11 372261 139267.5564
2019:05:06 15:09:11 547965 144490.2793
2019:05:06 15:09:11 692520 130010.1243
2019:05:06 15:09:11 826364 127216.7079
2019:05:06 15:09:11 975533 141291.3539
2019:05:06 15:09:12 137400 142070.3121
2019:05:06 15:09:12 297224 149285.5437
2019:05:06 15:09:12 458844 139243.5171
2019:05:06 15:09:12 595328 126106.1467
2019:05:06 15:09:12 744798 136413.5072
2019:05:06 15:09:12 912371 148426.5886
2019:05:06 15:09:13 82659 142888.7360
2019:05:06 15:09:13 262876 163341.2689
2019:05:06 15:09:13 434177 165355.5296
2019:05:06 15:09:13 596698 141690.8875
2019:05:06 15:09:13 757401 130972.8734
2019:05:06 15:09:13 923542 129458.4386
2019:05:06 15:09:14 153881 218864.2696
2019:05:06 15:09:14 327807 173915.8072
2019:05:06 15:09:14 483842 146199.3866
2019:05:06 15:09:14 636243 135607.3022
2019:05:06 15:09:14 797588 150750.5998
2019:05:06 15:09:14 949153 140119.6755
2019:05:06 15:09:15 122839 143377.1923
2019:05:06 15:09:15 270680 141726.9483
2019:05:06 15:09:15 426721 143339.9990
2019:05:06 15:09:15 590574 131493.9074
2019:05:06 15:09:15 753193 148698.1958
2019:05:06 15:09:15 910070 146637.6223
2019:05:06 15:09:16 86586 151534.5834
2019:05:06 15:09:16 240197 130067.0058
2019:05:06 15:09:16 387675 133665.1072
2019:05:06 15:09:16 569379 170643.2737
2019:05:06 15:09:16 769379 172012.0758
2019:05:06 15:09:16 985366 168001.5922
2019:05:06 15:09:17 165385 180007.5099
2019:05:06 15:09:17 377383 164017.4650
2019:05:06 15:09:17 565389 136020.2506
2019:05:06 15:09:17 749387 136016.0075
2019:05:06 15:09:17 937382 140020.5791
2019:05:06 15:09:18 104230 122868.7763
2019:05:06 15:09:18 317387 184023.9838
2019:05:06 15:09:18 518322 152955.3793
2019:05:06 15:09:18 701383 152015.2800
2019:05:06 15:09:18 933382 184019.9269
2019:05:06 15:09:19 141384 176018.3647
2019:05:06 15:09:19 317384 136022.2884
2019:05:06 15:09:19 517382 168012.3471
2019:05:06 15:09:19 709382 144013.2558
2019:05:06 15:09:19 921380 180022.5377
2019:05:06 15:09:20 89364 160840.0419
2019:05:06 15:09:20 293365 203989.5467
2019:05:06 15:09:20 437390 144015.2526
2019:05:06 15:09:20 621384 152023.4942
2019:05:06 15:09:21 77366 203455.8319
2019:05:06 15:09:21 237388 160008.4007
2019:05:06 15:09:21 401890 124519.6499
2019:05:06 15:09:21 573382 144025.4152
2019:05:06 15:09:21 773376 160010.5278
2019:05:06 15:09:21 953405 140048.2804
2019:05:06 15:09:22 133392 144025.7356
2019:05:06 15:09:22 341389 176033.4596
2019:05:06 15:09:22 509387 136028.4165
2019:05:06 15:09:22 672862 131499.3352
2019:05:06 15:09:22 845388 144023.2880
2019:05:06 15:09:23 29378 144011.1957
2019:05:06 15:09:23 221362 160006.3667
2019:05:06 15:09:23 413363 191988.8407
2019:05:06 15:09:23 605387 192013.4909
2019:05:06 15:09:23 795934 150568.4927
2019:05:06 15:09:24 1363 163995.3293
2019:05:06 15:09:24 162123 160748.5749
2019:05:06 15:09:24 313386 116020.1095
2019:05:06 15:09:24 473386 120017.8228
2019:05:06 15:09:24 673398 160043.2210
2019:05:06 15:09:24 833391 120024.0217
2019:05:06 15:09:24 993399 120030.3920
2019:05:06 15:09:25 173381 140016.7421
2019:05:06 15:09:25 337382 124013.9678
2019:05:06 15:09:25 541385 164018.2398
2019:05:06 15:09:25 697390 116009.6712
2019:05:06 15:09:25 881383 144014.6863
2019:05:06 15:09:26 45393 132030.0065
2019:05:06 15:09:26 217387 132026.2812
2019:05:06 15:09:26 361232 137253.7762
2019:05:06 15:09:26 565362 159997.6309
2019:05:06 15:09:26 729383 164004.1657
2019:05:06 15:09:26 921378 144011.1995
2019:05:06 15:09:27 113385 152019.6050
2019:05:06 15:09:27 297361 143993.1728
2019:05:06 15:09:27 449380 152008.9209
2019:05:06 15:09:27 629386 148024.0226
2019:05:06 15:09:27 777390 140701.9906
2019:05:06 15:09:27 957354 147996.1015
2019:05:06 15:09:28 157396 160021.2641
2019:05:06 15:09:28 357386 160027.6120
2019:05:06 15:09:28 533689 136324.1859
2019:05:06 15:09:28 733382 164016.0270
2019:05:06 15:09:28 973364 200005.3190
2019:05:06 15:09:29 169386 196008.9915
2019:05:06 15:09:29 373395 160024.6839
2019:05:06 15:09:29 613361 232621.3866
2019:05:06 15:09:29 769357 155984.3533
2019:05:06 15:09:29 953392 141783.5206
2019:05:06 15:09:30 153376 168009.6574
2019:05:06 15:09:30 377380 192881.8077
2019:05:06 15:09:30 536993 119619.1087
2019:05:06 15:09:30 693389 120019.7190
2019:05:06 15:09:30 893384 160026.0772
2019:05:06 15:09:31 89377 156010.4042
2019:05:06 15:09:31 293390 164020.8997
2019:05:06 15:09:31 453393 152940.1354
2019:05:06 15:09:31 645385 152012.7915
2019:05:06 15:09:31 805386 120020.4529
2019:05:06 15:09:31 947401 102035.0568
2019:05:06 15:09:32 121375 136009.2163
2019:05:06 15:09:32 321377 159995.7496
2019:05:06 15:09:32 493381 132012.7882
2019:05:06 15:09:32 693390 160016.9018
2019:05:06 15:09:32 849395 120031.5915
2019:05:06 15:09:33 5384 116010.0922
2019:05:06 15:09:33 281382 236015.0293
2019:05:06 15:09:33 437386 116022.7507
2019:05:06 15:09:33 597442 120074.1492
2019:05:06 15:09:33 797380 160021.7670
2019:05:06 15:09:33 997381 160018.7533
2019:05:06 15:09:34 149970 112606.5031
2019:05:06 15:09:34 313381 156059.0342
2019:05:06 15:09:34 505361 151994.8170
2019:05:06 15:09:34 685385 180014.0291
2019:05:06 15:09:34 841394 120019.9388
2019:05:06 15:09:35 13389 165496.9640
2019:05:06 15:09:35 177386 156244.0135
2019:05:06 15:09:35 621379 196014.0094
2019:05:06 15:09:35 833385 172018.2747
2019:05:06 15:09:36 333366 468009.8183
2019:05:06 15:09:36 537383 204006.9960
2019:05:06 15:09:36 717378 173330.4299
2019:05:06 15:09:36 901381 183986.4105
2019:05:06 15:09:37 357362 187995.1656
2019:05:06 15:09:37 505397 148024.4622
2019:05:06 15:09:37 701386 156026.5049
2019:05:06 15:09:37 969381 236025.0466
2019:05:06 15:09:38 161374 160009.3208
2019:05:06 15:09:38 361359 175997.5441
2019:05:06 15:09:38 501390 140019.0033
2019:05:06 15:09:38 655480 122113.2986
2019:05:06 15:09:38 829380 128008.8983
2019:05:06 15:09:38 997382 136013.2471
2019:05:06 15:09:39 177387 132017.3554
2019:05:06 15:09:39 317383 132315.9002
2019:05:06 15:09:39 485379 136013.7910
2019:05:06 15:09:39 669376 136008.5011
2019:05:06 15:09:39 877381 176015.5447
2019:05:06 15:09:40 33335 127965.9979
2019:05:06 15:09:40 204112 138753.1422
2019:05:06 15:09:40 352706 103338.2751
2019:05:06 15:09:40 493813 131158.2215
2019:05:06 15:09:40 648107 140751.6189
2019:05:06 15:09:40 793389 136408.1502
2019:05:06 15:09:40 949378 146861.9294
2019:05:06 15:09:41 121387 144025.9330
2019:05:06 15:09:41 337364 175996.7394
2019:05:06 15:09:41 515605 178231.9508
2019:05:06 15:09:41 761360 199997.4363
2019:05:06 15:09:41 961374 198796.8944
2019:05:06 15:09:42 123922 162534.8479
2019:05:06 15:09:42 313395 160021.7000
2019:05:06 15:09:42 481407 120030.4255
2019:05:06 15:09:42 697390 184029.9480
2019:05:06 15:09:42 889398 152021.6018
2019:05:06 15:09:43 51259 121887.3225
2019:05:06 15:09:43 257371 167998.7274
2019:05:06 15:09:43 417406 160021.8378
2019:05:06 15:09:43 617373 159999.7431
2019:05:06 15:09:43 793395 176007.8445
2019:05:06 15:09:43 953397 152604.6023
2019:05:06 15:09:44 113397 120021.8424
2019:05:06 15:09:44 276722 123344.5480
2019:05:06 15:09:44 479068 165706.1540
2019:05:06 15:09:44 673394 160031.5571
2019:05:06 15:09:44 873392 160028.8227
2019:05:06 15:09:45 33396 152096.6813
2019:05:06 15:09:45 200805 127430.9419
2019:05:06 15:09:45 393398 160033.9338
2019:05:06 15:09:45 593391 160019.0140
2019:05:06 15:09:45 785372 151995.4689
2019:05:06 15:09:45 951976 166585.3448
2019:05:06 15:09:46 109237 123869.9295
2019:05:06 15:09:46 265383 120017.8675
2019:05:06 15:09:46 430803 125433.8846
2019:05:06 15:09:46 625391 160035.5394
2019:05:06 15:09:46 785555 120187.5955
2019:05:06 15:09:47 25379 200023.8597
2019:05:06 15:09:47 191812 126446.1540
2019:05:06 15:09:47 385383 160018.5968
2019:05:06 15:09:47 547324 121955.1973
2019:05:06 15:09:47 701386 116020.3964
2019:05:06 15:09:47 853382 144286.7778
2019:05:06 15:09:48 37395 144036.7997
2019:05:06 15:09:48 209379 163610.5999
2019:05:06 15:09:48 357719 108356.1517
2019:05:06 15:09:48 512763 132379.1817
2019:05:06 15:09:48 665387 142394.2596
2019:05:06 15:09:48 889385 160019.9230
2019:05:06 15:09:49 73552 148184.7167
2019:05:06 15:09:49 241381 167819.2243
2019:05:06 15:09:49 417360 166969.2025
2019:05:06 15:09:49 580530 163161.2442
2019:05:06 15:09:49 745378 140015.6133
2019:05:06 15:09:49 935211 117844.2985
2019:05:06 15:09:50 88396 127031.0134
2019:05:06 15:09:50 273380 157965.0342
2019:05:06 15:09:50 425388 117868.6433
2019:05:06 15:09:50 585381 120015.1332
2019:05:06 15:09:50 837362 212002.2848
2019:05:06 15:09:50 997386 160014.6256
2019:05:06 15:09:51 182865 145493.5074
2019:05:06 15:09:51 349381 132015.2730
2019:05:06 15:09:51 517061 127695.3518
2019:05:06 15:09:51 733363 183997.7130
2019:05:06 15:09:51 909386 176011.1190
2019:05:06 15:09:52 158886 217523.0496
2019:05:06 15:09:52 335014 170841.6454
2019:05:06 15:09:52 773368 399998.3110
2019:05:06 15:09:53 13368 239987.1275
2019:05:06 15:09:53 157035 143653.8510
2019:05:06 15:09:53 313378 120012.3504
2019:05:06 15:09:53 474095 120732.8700
2019:05:06 15:09:53 673374 160009.1383
2019:05:06 15:09:53 833393 160008.4007
2019:05:06 15:09:53 997161 123794.1198
2019:05:06 15:09:54 193383 160023.6148
2019:05:06 15:09:54 353382 120016.0123
2019:05:06 15:09:54 513384 120009.6235
2019:05:06 15:09:54 673392 120021.0005
2019:05:06 15:09:54 873361 159996.6660
2019:05:06 15:09:55 33389 160018.5744
2019:05:06 15:09:55 273368 200008.4817
2019:05:06 15:09:55 440987 167609.9040
2019:05:06 15:09:55 633377 160019.5393
2019:05:06 15:09:55 833382 160012.1483
2019:05:06 15:09:56 33381 160012.4761
2019:05:06 15:09:56 193396 120031.8336
2019:05:06 15:09:56 409364 175989.4527
2019:05:06 15:09:56 593388 184013.3816
2019:05:06 15:09:56 801406 168026.3169
2019:05:06 15:09:57 2733 161365.9449
2019:05:06 15:09:57 166146 124781.5490
2019:05:06 15:09:57 361389 160026.9414
2019:05:06 15:09:57 521383 120000.5375
2019:05:06 15:09:57 721391 160028.8749
2019:05:06 15:09:57 913385 152027.2084
2019:05:06 15:09:58 62330 116969.8909
2019:05:06 15:09:58 249384 160018.5409
2019:05:06 15:09:58 412931 123568.3002
2019:05:06 15:09:58 605403 162553.1875
2019:05:06 15:09:58 805393 160032.4400
2019:05:06 15:09:59 45372 200014.5577
2019:05:06 15:09:59 201382 155997.5110
2019:05:06 15:09:59 361386 120017.6217
2019:05:06 15:09:59 521384 120017.8452
2019:05:06 15:09:59 721367 159998.7894
2019:05:06 15:09:59 881383 160002.6302
2019:05:06 15:10:00 81381 160017.7288
2019:05:06 15:10:00 281374 160004.2433
2019:05:06 15:10:00 481386 199999.7757
2019:05:06 15:10:00 679396 158027.5111
2019:05:06 15:10:00 869399 160036.2547
2019:05:06 15:10:01 29382 120016.2619
2019:05:06 15:10:01 217387 160022.3929
2019:05:06 15:10:01 401381 144015.0999
2019:05:06 15:10:01 605376 172004.1297
2019:05:06 15:10:01 781362 143999.4499
2019:05:06 15:10:01 949355 167981.5464
2019:05:06 15:10:02 137362 185986.4034
2019:05:06 15:10:02 321374 184002.2281
2019:05:06 15:10:02 513390 160025.1719
2019:05:06 15:10:02 705379 144010.4917
2019:05:06 15:10:02 865379 152580.5965
2019:05:06 15:10:03 38427 133062.6383
2019:05:06 15:10:03 193384 120020.0319
2019:05:06 15:10:03 377361 143996.2164
2019:05:06 15:10:03 561372 183994.9824
2019:05:06 15:10:03 737383 152022.5294
2019:05:06 15:10:03 909389 138214.9905
2019:05:06 15:10:04 44757 127788.8641
2019:05:06 15:10:04 201381 112008.2848
2019:05:06 15:10:04 369380 136019.1070
2019:05:06 15:10:04 561391 144024.2566
2019:05:06 15:10:04 737380 136020.3288
2019:05:06 15:10:04 921385 140015.3525
2019:05:06 15:10:05 105378 144012.6635
2019:05:06 15:10:05 257384 112009.5365
2019:05:06 15:10:05 489365 183992.1139
2019:05:06 15:10:05 649413 160036.2211
2019:05:06 15:10:05 869384 180006.5823
2019:05:06 15:10:06 77384 160014.6256
2019:05:06 15:10:06 241386 120015.0847
2019:05:06 15:10:06 441382 160024.4083
2019:05:06 15:10:06 603832 122472.7817
2019:05:06 15:10:06 801383 160013.7241
2019:05:06 15:10:07 1389 160018.2429
2019:05:06 15:10:07 161378 154055.8636
2019:05:06 15:10:07 321393 120027.0355
2019:05:06 15:10:07 481383 120016.8692
2019:05:06 15:10:07 641382 120015.0326
2019:05:06 15:10:07 821387 140018.6978
2019:05:06 15:10:07 995281 121914.5469
2019:05:06 15:10:08 153388 120023.3884
2019:05:06 15:10:08 313382 152646.5043
2019:05:06 15:10:08 513378 160019.5952
2019:05:06 15:10:08 678461 125098.4408
2019:05:06 15:10:08 913357 199998.4458
2019:05:06 15:10:09 113380 160011.3064
2019:05:06 15:10:09 278489 125124.1043
2019:05:06 15:10:09 473363 159999.6760
2019:05:06 15:10:09 639733 166358.3703
2019:05:06 15:10:09 786797 113426.9349
2019:05:06 15:10:09 953392 128017.4442
2019:05:06 15:10:10 153363 159996.3941
2019:05:06 15:10:10 313385 160009.1755
2019:05:06 15:10:10 513391 160024.0581
2019:05:06 15:10:10 673387 120018.8287
2019:05:06 15:10:10 833389 120023.8392
2019:05:06 15:10:10 993388 120021.6040
2019:05:06 15:10:11 193387 160021.9496
2019:05:06 15:10:11 393381 160023.0634
2019:05:06 15:10:11 553392 120030.6118
2019:05:06 15:10:11 713396 120026.6592
2019:05:06 15:10:11 861385 108017.5228
2019:05:06 15:10:12 61381 160016.3877
2019:05:06 15:10:12 217378 120007.0977
2019:05:06 15:10:12 377397 120029.2781
2019:05:06 15:10:12 521385 137443.0470
2019:05:06 15:10:12 729380 160009.9467
2019:05:06 15:10:12 889398 120032.7538
2019:05:06 15:10:13 81403 144045.3418
2019:05:06 15:10:13 249394 120019.6221
2019:05:06 15:10:13 417405 128037.4341
2019:05:06 15:10:13 567332 101961.8325
2019:05:06 15:10:13 729393 120022.0473
2019:05:06 15:10:13 901084 135710.4518
2019:05:06 15:10:14 77395 136020.3139
2019:05:06 15:10:14 281373 159989.3011
2019:05:06 15:10:14 473394 192006.9382
2019:05:06 15:10:14 636729 123358.2571
2019:05:06 15:10:14 857396 184034.9212
2019:05:06 15:10:15 33399 128025.1592
2019:05:06 15:10:15 207298 133919.4737
2019:05:06 15:10:15 393388 152014.5945
2019:05:06 15:10:15 577393 144019.2051
2019:05:06 15:10:15 785392 168025.2552
2019:05:06 15:10:15 976517 151145.2943
2019:05:06 15:10:16 161409 152030.4568
2019:05:06 15:10:16 345403 144023.6643
2019:05:06 15:10:16 515191 129817.0686
2019:05:06 15:10:16 753405 200033.9553
2019:05:06 15:10:16 934638 141240.9395
2019:05:06 15:10:17 78810 101435.6203
2019:05:06 15:10:17 257397 136019.3305
2019:05:06 15:10:17 433400 136024.2553
2019:05:06 15:10:17 625390 144013.0584
2019:05:06 15:10:17 793392 136014.1672
2019:05:06 15:10:17 977872 142472.2597
2019:05:06 15:10:18 161385 152029.4063
2019:05:06 15:10:18 369383 160017.7549
2019:05:06 15:10:18 569384 168018.8403
2019:05:06 15:10:18 729475 112104.1551
2019:05:06 15:10:18 913380 152013.5850
2019:05:06 15:10:19 129362 167990.8298
2019:05:06 15:10:19 321383 192012.4330
2019:05:06 15:10:19 497385 128018.8709
2019:05:06 15:10:19 673393 144028.2688
2019:05:06 15:10:19 861385 140020.7281
2019:05:06 15:10:20 37389 144027.3188
2019:05:06 15:10:20 228171 142807.0366
2019:05:06 15:10:20 433378 173653.9230
2019:05:06 15:10:20 617385 136016.1640
2019:05:06 15:10:20 785398 136038.2810
2019:05:06 15:10:20 935544 144593.7417
2019:05:06 15:10:21 111642 142283.0448
2019:05:06 15:10:21 281384 136016.1453
2019:05:06 15:10:21 473392 144027.0729
2019:05:06 15:10:21 717360 212005.6376
2019:05:06 15:10:21 909364 191995.7846
2019:05:06 15:10:22 105361 195986.0884
2019:05:06 15:10:22 265381 160012.3569
2019:05:06 15:10:22 425381 120018.0948
2019:05:06 15:10:22 625383 160017.8666
2019:05:06 15:10:22 825379 160013.9327
2019:05:06 15:10:22 985388 120019.4098
2019:05:06 15:10:23 185362 159998.7186
2019:05:06 15:10:23 381387 196016.1179
2019:05:06 15:10:23 538948 147014.4168
2019:05:06 15:10:23 725374 160011.3623
2019:05:06 15:10:23 889386 157526.3552
2019:05:06 15:10:24 81383 160024.6765
2019:05:06 15:10:24 533363 420006.1448
2019:05:06 15:10:24 661380 128005.6089
2019:05:06 15:10:24 821363 152793.5639
2019:05:06 15:10:24 981383 160010.7178
2019:05:06 15:10:25 145379 132018.5848
2019:05:06 15:10:25 299503 120028.3878
2019:05:06 15:10:25 501366 165887.3223
2019:05:06 15:10:25 701383 200007.6622
2019:05:06 15:10:25 901361 159996.3307
2019:05:06 15:10:26 45382 144012.3469
2019:05:06 15:10:26 206711 121344.0895
2019:05:06 15:10:26 401381 160023.0709
2019:05:06 15:10:26 601382 160015.1956
2019:05:06 15:10:26 766602 125234.8460
2019:05:06 15:10:26 961382 160006.7914
2019:05:06 15:10:27 122147 120780.3451
2019:05:06 15:10:27 321364 159995.3845
2019:05:06 15:10:27 481378 160004.2246
2019:05:06 15:10:27 681365 159998.8528
2019:05:06 15:10:27 837394 156019.1736
2019:05:06 15:10:28 77355 199998.3378
2019:05:06 15:10:28 233393 120026.6667
2019:05:06 15:10:28 393383 120015.4722
2019:05:06 15:10:28 593389 160023.6818
2019:05:06 15:10:28 753381 120022.1814
2019:05:06 15:10:28 914511 121148.6608
2019:05:06 15:10:29 113390 164032.8765
2019:05:06 15:10:29 313365 159998.3647
2019:05:06 15:10:29 478894 165518.2801
2019:05:06 15:10:29 713365 200007.5057
2019:05:06 15:10:29 869382 156005.2000
2019:05:06 15:10:30 69387 160012.3122
2019:05:06 15:10:30 230938 125577.6994
2019:05:06 15:10:30 391481 126114.8565
2019:05:06 15:10:30 585363 160006.1506
2019:05:06 15:10:30 785367 199994.1766
2019:05:06 15:10:30 952238 166860.4761
2019:05:06 15:10:31 107873 122506.3130
2019:05:06 15:10:31 265382 120014.4216
2019:05:06 15:10:31 425381 120018.4524
2019:05:06 15:10:31 585380 120010.3313
2019:05:06 15:10:31 785365 160001.1811
2019:05:06 15:10:31 969385 184011.8542
2019:05:06 15:10:32 169384 160017.8294
2019:05:06 15:10:32 353388 144024.4429
2019:05:06 15:10:32 516056 122692.9873
2019:05:06 15:10:32 677433 124070.5773
2019:05:06 15:10:32 837618 124250.8255
2019:05:06 15:10:33 33364 160000.3392
2019:05:06 15:10:33 193379 160006.6610
2019:05:06 15:10:33 393380 160020.0571
2019:05:06 15:10:33 553390 120025.3069
2019:05:06 15:10:33 767405 174044.8624
2019:05:06 15:10:33 937384 136019.4385
2019:05:06 15:10:34 129382 160027.6306
2019:05:06 15:10:34 313384 152027.8379
2019:05:06 15:10:34 489380 136015.0687
2019:05:06 15:10:34 665378 144014.2617
2019:05:06 15:10:34 833375 128016.7997
2019:05:06 15:10:35 1381 136016.0038
2019:05:06 15:10:35 153386 104017.8910
2019:05:06 15:10:35 307784 122419.3536
2019:05:06 15:10:35 481374 128006.8234
2019:05:06 15:10:35 705364 191999.3870
2019:05:06 15:10:35 901394 196019.9885
2019:05:06 15:10:36 93387 160030.3426
2019:05:06 15:10:36 315346 192093.3984
2019:05:06 15:10:36 475821 155146.7665
2019:05:06 15:10:36 649386 128020.4989
2019:05:06 15:10:36 861357 163974.6465
2019:05:06 15:10:37 41386 177994.4710
2019:05:06 15:10:37 257385 174000.2707
2019:05:06 15:10:37 449118 143749.8219
2019:05:06 15:10:37 657365 167998.6529
2019:05:06 15:10:37 825366 167990.7553
2019:05:06 15:10:37 993383 168002.7805
2019:05:06 15:10:38 169382 128015.4176
2019:05:06 15:10:38 345383 144019.6075
2019:05:06 15:10:38 529384 136021.5843
2019:05:06 15:10:38 705387 136023.9647
2019:05:06 15:10:38 889387 136015.8920
2019:05:06 15:10:39 105383 176026.3257
2019:05:06 15:10:39 337380 184009.0975
2019:05:06 15:10:39 521378 152014.0693
2019:05:06 15:10:39 729378 160011.1090
2019:05:06 15:10:39 921380 160024.8218
2019:05:06 15:10:40 161365 192003.0266
2019:05:06 15:10:40 365380 203992.9852
2019:05:06 15:10:40 549381 183990.2699
2019:05:06 15:10:40 720547 139179.0807
2019:05:06 15:10:40 882329 116961.2706
2019:05:06 15:10:41 69384 157738.4025
2019:05:06 15:10:41 305360 191994.4100
2019:05:06 15:10:41 465403 160033.2335
2019:05:06 15:10:41 665382 152012.6127
2019:05:06 15:10:41 841386 144027.7360
2019:05:06 15:10:42 49387 152007.9002
2019:05:06 15:10:42 193384 137194.3802
2019:05:06 15:10:42 342910 101543.9369
2019:05:06 15:10:42 476020 98655.2909
2019:05:06 15:10:42 641380 135444.6523
2019:05:06 15:10:42 865364 175998.7175
2019:05:06 15:10:43 41381 176006.9132
2019:05:06 15:10:43 203443 114074.0775
2019:05:06 15:10:43 425364 191996.9283
2019:05:06 15:10:43 625366 199992.4891
2019:05:06 15:10:43 785385 160008.6875
2019:05:06 15:10:43 965363 159999.5755
2019:05:06 15:10:44 129382 164009.9846
2019:05:06 15:10:44 289398 120025.9030
2019:05:06 15:10:44 485400 164040.4575
2019:05:06 15:10:44 645389 120022.8445
2019:05:06 15:10:44 885385 200016.9307
2019:05:06 15:10:45 85384 160017.8331
2019:05:06 15:10:45 249388 120022.8184
2019:05:06 15:10:45 414794 125426.6389
2019:05:06 15:10:45 575758 126391.4891
2019:05:06 15:10:45 811686 202327.2999
2019:05:06 15:10:46 5398 160040.5350
2019:05:06 15:10:46 201393 160027.6455
2019:05:06 15:10:46 417398 176024.4444
2019:05:06 15:10:46 617363 159984.4992
2019:05:06 15:10:46 780842 162544.0568
2019:05:06 15:10:46 977397 160024.3151
2019:05:06 15:10:47 137397 120021.8052
2019:05:06 15:10:47 301847 124470.6176
2019:05:06 15:10:47 497396 160032.1457
2019:05:06 15:10:47 698341 160960.2384
2019:05:06 15:10:47 929364 192002.7025
2019:05:06 15:10:48 89411 153085.7533
2019:05:06 15:10:48 289395 160021.0890
2019:05:06 15:10:48 473926 144554.8795
2019:05:06 15:10:48 657395 161681.3764
2019:05:06 15:10:48 833407 140044.1118
2019:05:06 15:10:48 989473 108100.5149
2019:05:06 15:10:49 146723 129351.3849
2019:05:06 15:10:49 321395 128011.7817
2019:05:06 15:10:49 497392 144026.6892
2019:05:06 15:10:49 681399 176682.7516
2019:05:06 15:10:49 857774 128400.4077
2019:05:06 15:10:50 25382 120013.7995
2019:05:06 15:10:50 241386 176028.4789
2019:05:06 15:10:50 441378 168021.3138
2019:05:06 15:10:50 617385 128022.0412
2019:05:06 15:10:50 817391 168036.7887
2019:05:06 15:10:51 57847 192472.3908
2019:05:06 15:10:51 327377 238021.3849
2019:05:06 15:10:51 521378 160013.2585
2019:05:06 15:10:51 681385 120020.4119
2019:05:06 15:10:51 841380 120021.3879
2019:05:06 15:10:52 2745 121386.5019
2019:05:06 15:10:52 161386 120020.8329
2019:05:06 15:10:52 401363 200004.7863
2019:05:06 15:10:52 561383 160010.2223
2019:05:06 15:10:52 728548 127183.9924
2019:05:06 15:10:52 929366 160001.5573
2019:05:06 15:10:53 90240 160865.7092
2019:05:06 15:10:53 289362 159993.5144
2019:05:06 15:10:53 449389 160017.7102
2019:05:06 15:10:53 613266 123901.1809
2019:05:06 15:10:53 809381 160022.7356
2019:05:06 15:10:54 9380 160013.6347
2019:05:06 15:10:54 209380 160006.7019
2019:05:06 15:10:54 373386 124020.8559
2019:05:06 15:10:54 573382 160024.6914
2019:05:06 15:10:54 773379 153718.9968
2019:05:06 15:10:54 977381 164019.9013
2019:05:06 15:10:55 181388 164015.8147
2019:05:06 15:10:55 341394 120022.2820
2019:05:06 15:10:55 501390 120010.6032
2019:05:06 15:10:55 661381 120015.6882
2019:05:06 15:10:55 861364 159997.1913
2019:05:06 15:10:56 21385 160011.7534
2019:05:06 15:10:56 225377 160003.6509
2019:05:06 15:10:56 425363 194811.0461
2019:05:06 15:10:56 625366 199990.1310
2019:05:06 15:10:56 821387 196009.2336
2019:05:06 15:10:57 21392 160023.2050
2019:05:06 15:10:57 181389 116023.8646
2019:05:06 15:10:57 347958 126594.2641
2019:05:06 15:10:57 545384 164025.3440
2019:05:06 15:10:57 711639 126269.4076
2019:05:06 15:10:57 865378 120013.5760
2019:05:06 15:10:58 25595 120232.0457
2019:05:06 15:10:58 225364 159997.2621
2019:05:06 15:10:58 387887 162513.3567
2019:05:06 15:10:58 521086 122405.7525
2019:05:06 15:10:58 677104 145423.5241
2019:05:06 15:10:58 841373 134805.8209
2019:05:06 15:10:58 980174 129454.5867
2019:05:06 15:10:59 153450 142549.9059
2019:05:06 15:10:59 299272 133154.5934
2019:05:06 15:10:59 453263 140424.8849
2019:05:06 15:10:59 633459 158787.8801
2019:05:06 15:10:59 800629 132760.7185
2019:05:06 15:10:59 940371 129088.0665
2019:05:06 15:11:00 92761 138564.6947
2019:05:06 15:11:00 237760 136513.6690
2019:05:06 15:11:00 370773 123735.3832
2019:05:06 15:11:00 513298 126150.1685
2019:05:06 15:11:00 661963 131858.6506
2019:05:06 15:11:00 828280 153114.7659
2019:05:06 15:11:00 972841 133928.2542
2019:05:06 15:11:01 133408 150348.8831
2019:05:06 15:11:01 284551 129057.4484
2019:05:06 15:11:01 429538 129423.1340
2019:05:06 15:11:01 588053 144574.3181
2019:05:06 15:11:01 735126 132352.0318
2019:05:06 15:11:01 972270 224408.1385
2019:05:06 15:11:02 162767 175370.7491
2019:05:06 15:11:02 309370 141356.9972
2019:05:06 15:11:02 460910 146211.1138
2019:05:06 15:11:02 613778 144243.3745
2019:05:06 15:11:02 772993 131048.0274
2019:05:06 15:11:02 918321 130583.0516
2019:05:06 15:11:03 67094 135556.6382
2019:05:06 15:11:03 218639 141275.2569
2019:05:06 15:11:03 354188 130611.0136
2019:05:06 15:11:03 518838 154384.9446
2019:05:06 15:11:03 681053 156091.6975
2019:05:06 15:11:03 871618 154213.0485
2019:05:06 15:11:04 51708 149078.7268
2019:05:06 15:11:04 215951 152334.6417
2019:05:06 15:11:04 371586 130956.0016
2019:05:06 15:11:04 511259 124075.5059
2019:05:06 15:11:04 657951 138857.0257
2019:05:06 15:11:04 826278 156074.4867
2019:05:06 15:11:04 985586 134336.2629
2019:05:06 15:11:05 121397 123170.9383
2019:05:06 15:11:05 284529 144963.4582
2019:05:06 15:11:05 438162 138469.5843
2019:05:06 15:11:05 598309 146227.4380
2019:05:06 15:11:05 755604 143777.3257
2019:05:06 15:11:05 935801 149058.3867
2019:05:06 15:11:06 89399 135159.7048
2019:05:06 15:11:06 266738 168756.8650
2019:05:06 15:11:06 414590 142959.5910
2019:05:06 15:11:06 562486 129122.4249
2019:05:06 15:11:06 707881 133924.3911
2019:05:06 15:11:06 841929 122601.7773
2019:05:06 15:11:06 995486 136466.0263
2019:05:06 15:11:07 129868 128416.6873
2019:05:06 15:11:07 266972 134234.4694
2019:05:06 15:11:07 408257 131075.6840
2019:05:06 15:11:07 558162 139230.9740
2019:05:06 15:11:07 723215 156884.8677
2019:05:06 15:11:07 937372 208438.4821
2019:05:06 15:11:08 86553 138035.4911
2019:05:06 15:11:08 253390 132021.2744
2019:05:06 15:11:08 428514 131154.9768
2019:05:06 15:11:08 613387 156021.7775
2019:05:06 15:11:08 809504 188496.0793
2019:05:06 15:11:08 989392 177477.4715
2019:05:06 15:11:09 153383 124019.7122
2019:05:06 15:11:09 313383 120015.0773
2019:05:06 15:11:09 493380 140018.6121
2019:05:06 15:11:09 917378 384015.9439
2019:05:06 15:11:10 125873 168516.0920
2019:05:06 15:11:10 311810 150436.9862
2019:05:06 15:11:10 465381 120017.0554
2019:05:06 15:11:10 669362 167997.3677
2019:05:06 15:11:10 796766 127393.9312
2019:05:06 15:11:10 989390 161915.4140
2019:05:06 15:11:11 193394 164032.6269
2019:05:06 15:11:11 433375 200016.2117
2019:05:06 15:11:11 629386 156029.7683
2019:05:06 15:11:11 817380 156022.7424
2019:05:06 15:11:12 9383 160017.2333
2019:05:06 15:11:12 197375 156020.2874
2019:05:06 15:11:12 365382 140018.9511
2019:05:06 15:11:12 521380 124016.2291
2019:05:06 15:11:12 717388 164032.0159
2019:05:06 15:11:12 869380 120017.8377
2019:05:06 15:11:13 33389 124018.4903
2019:05:06 15:11:13 193382 132018.0669
2019:05:06 15:11:13 350099 124735.0201
2019:05:06 15:11:13 573357 183987.6287
2019:05:06 15:11:13 725393 152023.2707
2019:05:06 15:11:13 885385 120013.7027
2019:05:06 15:11:14 61391 136214.1483
2019:05:06 15:11:14 257380 160020.2955
2019:05:06 15:11:14 433385 128021.7767
2019:05:06 15:11:14 645379 180013.2282
2019:05:06 15:11:14 805387 128023.1923
2019:05:06 15:11:14 965412 124041.0022
2019:05:06 15:11:15 209363 204005.8263
2019:05:06 15:11:15 405373 196000.7735
2019:05:06 15:11:15 605395 200011.2645
2019:05:06 15:11:15 771152 125777.1142
2019:05:06 15:11:15 965388 160025.4662
2019:05:06 15:11:16 121391 116018.6492
2019:05:06 15:11:16 305399 144033.4320
2019:05:06 15:11:16 471512 126156.9075
2019:05:06 15:11:16 669363 163999.3340
2019:05:06 15:11:16 825392 156019.9708
2019:05:06 15:11:17 21376 156005.9860
2019:05:06 15:11:17 185385 124012.1312
2019:05:06 15:11:17 385382 160025.3470
2019:05:06 15:11:17 622788 193413.7158
2019:05:06 15:11:17 786714 125343.7661
2019:05:06 15:11:17 969407 148042.4777
2019:05:06 15:11:18 123392 144989.2484
2019:05:06 15:11:18 301398 140027.7466
2019:05:06 15:11:18 517412 184049.6771
2019:05:06 15:11:18 671800 114427.2611
2019:05:06 15:11:18 853385 152015.3284
2019:05:06 15:11:19 18008 132634.5541
2019:05:06 15:11:19 193394 140023.4662
2019:05:06 15:11:19 397396 172018.3529
2019:05:06 15:11:19 637372 200010.8100
2019:05:06 15:11:19 797399 160012.6028
2019:05:06 15:11:19 989403 160030.8493
2019:05:06 15:11:20 139425 118051.7860
2019:05:06 15:11:20 341363 171992.7154
2019:05:06 15:11:20 529369 147979.8853
2019:05:06 15:11:20 693394 164012.2607
2019:05:06 15:11:20 877392 152018.9978
2019:05:06 15:11:21 29899 144619.9045
2019:05:06 15:11:21 194134 132752.9997
2019:05:06 15:11:21 413395 188031.9118
2019:05:06 15:11:21 581574 128200.5385
2019:05:06 15:11:21 781392 168017.4060
2019:05:06 15:11:21 973381 152009.6287
2019:05:06 15:11:22 133693 124327.5888
2019:05:06 15:11:22 285386 124023.1209
2019:05:06 15:11:22 461381 136011.3472
2019:05:06 15:11:22 613389 120014.2317
2019:05:06 15:11:22 802934 149562.4259
2019:05:06 15:11:22 997375 173994.2878
2019:05:06 15:11:23 161388 124019.5595
2019:05:06 15:11:23 373379 172012.6756
2019:05:06 15:11:23 605362 191996.6564
2019:05:06 15:11:23 765385 160014.3686
2019:05:06 15:11:23 965400 160033.4831
2019:05:06 15:11:24 150885 141518.7307
2019:05:06 15:11:24 307750 118372.9321
2019:05:06 15:11:24 466271 124904.4463
2019:05:06 15:11:24 661384 168018.2107
2019:05:06 15:11:24 849396 136030.5361
2019:05:06 15:11:25 73385 176008.5933
2019:05:06 15:11:25 265382 148023.1509
2019:05:06 15:11:25 445919 174828.3803
2019:05:06 15:11:25 574298 123699.3484
2019:05:06 15:11:25 733135 144341.9233
2019:05:06 15:11:25 913393 147235.8815
2019:05:06 15:11:26 67382 142022.1999
2019:05:06 15:11:26 211150 138166.4835
2019:05:06 15:11:26 346146 129732.3033
2019:05:06 15:11:26 507524 147323.8766
2019:05:06 15:11:26 677386 158266.2649
2019:05:06 15:11:26 861398 136027.9210
2019:05:06 15:11:27 133405 224033.0800
2019:05:06 15:11:27 325385 144014.0083
2019:05:06 15:11:27 462005 129834.8606
2019:05:06 15:11:27 665375 159895.6734
2019:05:06 15:11:27 849361 176409.3898
2019:05:06 15:11:28 13390 163506.9363
2019:05:06 15:11:28 172660 119295.7312
2019:05:06 15:11:28 369379 168015.4428
2019:05:06 15:11:28 538852 121480.5283
2019:05:06 15:11:28 737376 160009.0489
2019:05:06 15:11:28 898891 121524.8592
2019:05:06 15:11:29 97391 160026.8185
2019:05:06 15:11:29 337373 200010.7020
2019:05:06 15:11:29 497384 120019.9090
2019:05:06 15:11:29 697385 160029.0425
2019:05:06 15:11:29 849395 112033.7993
2019:05:06 15:11:29 997388 112014.3607
2019:05:06 15:11:30 153380 148639.2282
2019:05:06 15:11:30 321375 136010.9448
2019:05:06 15:11:30 489391 136024.9408
2019:05:06 15:11:30 649383 120013.9895
2019:05:06 15:11:30 841378 160012.5991
2019:05:06 15:11:31 29391 156036.3062
2019:05:06 15:11:31 281365 220008.1423
2019:05:06 15:11:31 441381 160004.0048
2019:05:06 15:11:31 601387 120023.1910
2019:05:06 15:11:31 761381 120013.4046
2019:05:06 15:11:31 913389 112023.3499
2019:05:06 15:11:32 113384 160026.6285
2019:05:06 15:11:32 273383 120008.8598
2019:05:06 15:11:32 473365 193749.6252
2019:05:06 15:11:32 673365 199987.2886
2019:05:06 15:11:32 833391 160016.2610
2019:05:06 15:11:32 993389 120019.6221
2019:05:06 15:11:33 193364 160005.0777
2019:05:06 15:11:33 393367 199993.8525
2019:05:06 15:11:33 593364 199984.4015
2019:05:06 15:11:33 753385 160010.1180
2019:05:06 15:11:33 911464 114096.5372
2019:05:06 15:11:34 113382 164023.4292
2019:05:06 15:11:34 313363 159997.0870
2019:05:06 15:11:34 473378 160004.5115
2019:05:06 15:11:34 633382 120017.7073
2019:05:06 15:11:34 793383 120018.3108
2019:05:06 15:11:34 953389 120020.8701
2019:05:06 15:11:35 153382 158525.9624
2019:05:06 15:11:35 353362 159998.2679
2019:05:06 15:11:35 553365 199994.5901
2019:05:06 15:11:35 753364 199988.7377
2019:05:06 15:11:35 965374 212000.9512
2019:05:06 15:11:36 135967 130594.5069
2019:05:06 15:11:36 289384 120021.0080
2019:05:06 15:11:36 531235 201869.3574
2019:05:06 15:11:36 733377 164010.0628
2019:05:06 15:11:36 933389 160024.3747
2019:05:06 15:11:37 113385 140016.0566
2019:05:06 15:11:37 313380 160010.4496
2019:05:06 15:11:37 553367 200012.5758
2019:05:06 15:11:37 720735 167357.2622
2019:05:06 15:11:37 905380 152008.9991
2019:05:06 15:11:38 145388 200020.9875
2019:05:06 15:11:38 390908 205552.2688
2019:05:06 15:11:38 585383 160012.9567
2019:05:06 15:11:38 745382 120012.3541
2019:05:06 15:11:38 908600 123231.0906
2019:05:06 15:11:39 105366 159081.8167
2019:05:06 15:11:39 241591 136215.8321
2019:05:06 15:11:39 425380 136009.2685
2019:05:06 15:11:39 633363 201704.4351
2019:05:06 15:11:39 776141 142769.1840
2019:05:06 15:11:40 1362 192005.5225
2019:05:06 15:11:40 185399 184027.5712
2019:05:06 15:11:40 373379 136002.4400
2019:05:06 15:11:40 538370 125001.7323
2019:05:06 15:11:40 709385 136020.0010
2019:05:06 15:11:40 925361 168002.6017
2019:05:06 15:11:41 105385 180014.5283
2019:05:06 15:11:41 281380 128004.6664
2019:05:06 15:11:41 441393 120031.3792
2019:05:06 15:11:41 633386 144019.8086
2019:05:06 15:11:41 835382 162022.8402
2019:05:06 15:11:42 45358 209966.9948
2019:05:06 15:11:42 185385 134011.4065
2019:05:06 15:11:42 453252 219881.4712
2019:05:06 15:11:42 633380 152025.0551
2019:05:06 15:11:42 817396 136029.0125
2019:05:06 15:11:42 993381 144018.0615
2019:05:06 15:11:43 177375 136005.3122
2019:05:06 15:11:43 345383 136020.4741
2019:05:06 15:11:43 529387 144021.8128
2019:05:06 15:11:43 697378 128010.9771
2019:05:06 15:11:43 881380 144014.5075
2019:05:06 15:11:44 93381 173997.8492
2019:05:06 15:11:44 282484 175296.2284
2019:05:06 15:11:44 453393 136017.3263
2019:05:06 15:11:44 644966 151605.2671
2019:05:06 15:11:44 789384 104015.9352
2019:05:06 15:11:44 989398 168031.0480
2019:05:06 15:11:45 161056 123697.1430
2019:05:06 15:11:45 349400 164035.9648
2019:05:06 15:11:45 521381 128010.4555
2019:05:06 15:11:45 705384 152021.6316
2019:05:06 15:11:45 873389 120022.0846
2019:05:06 15:11:46 89383 184027.8134
2019:05:06 15:11:46 297382 160013.0871
2019:05:06 15:11:46 489379 160014.2568
2019:05:06 15:11:46 689383 152016.1293
2019:05:06 15:11:46 889378 168011.9336
2019:05:06 15:11:47 18586 81218.4699
2019:05:06 15:11:47 185390 136023.4134
2019:05:06 15:11:47 409364 175995.8453
2019:05:06 15:11:47 545381 136005.5916
2019:05:06 15:11:47 687905 102539.1631
2019:05:06 15:11:47 841390 112022.2844
2019:05:06 15:11:48 33379 156013.9470
2019:05:06 15:11:48 201382 120018.5046
2019:05:06 15:11:48 385382 149883.0430
2019:05:06 15:11:48 553468 120105.4454
2019:05:06 15:11:48 686599 109076.7980
2019:05:06 15:11:48 840997 126247.3315
2019:05:06 15:11:48 994508 115958.0536
2019:05:06 15:11:49 136237 110862.5606
2019:05:06 15:11:49 300056 142064.5714
2019:05:06 15:11:49 430329 116434.7902
2019:05:06 15:11:49 581052 137229.2638
2019:05:06 15:11:49 723263 121669.7246
2019:05:06 15:11:49 877990 135185.5807
2019:05:06 15:11:50 11238 123436.3541
2019:05:06 15:11:50 211394 189565.8001
2019:05:06 15:11:50 362797 146101.3928
2019:05:06 15:11:50 497777 123548.8802
2019:05:06 15:11:50 634690 115841.9475
2019:05:06 15:11:50 766136 123808.7192
