
# OSU MPI Allreduce Latency Test v5.6.1
# Size       Avg Latency(us)
65536              162607.52
2019:05:06 15:05:49 689388 128016.3601
2019:05:06 15:05:49 857382 136026.2595
2019:05:06 15:05:50 33383 136015.5977
2019:05:06 15:05:50 201380 128008.9803
2019:05:06 15:05:50 377386 136019.5838
2019:05:06 15:05:50 589381 172023.7173
2019:05:06 15:05:50 805385 144017.1450
2019:05:06 15:05:50 973380 128021.6947
2019:05:06 15:05:51 177360 171996.2321
2019:05:06 15:05:51 363671 186300.5646
2019:05:06 15:05:51 532395 139028.7951
2019:05:06 15:05:51 745360 175991.1291
2019:05:06 15:05:51 953361 207989.2568
2019:05:06 15:05:52 95567 142195.5675
2019:05:06 15:05:52 265388 136021.3608
2019:05:06 15:05:52 441379 128014.8365
2019:05:06 15:05:52 609389 136022.9217
2019:05:06 15:05:52 797401 140028.5177
2019:05:06 15:05:53 21382 176024.8728
2019:05:06 15:05:53 201380 136013.7984
2019:05:06 15:05:53 378046 128685.5601
2019:05:06 15:05:53 561385 152029.3280
2019:05:06 15:05:53 753382 136014.9235
2019:05:06 15:05:53 921385 136021.1298
2019:05:06 15:05:54 145367 175996.1918
2019:05:06 15:05:54 357359 211981.1960
2019:05:06 15:05:54 533377 176010.1616
2019:05:06 15:05:54 717382 152008.1013
2019:05:06 15:05:54 918167 152802.1060
2019:05:06 15:05:55 77399 153934.1696
2019:05:06 15:05:55 257382 136021.2862
2019:05:06 15:05:55 481358 175995.0854
2019:05:06 15:05:55 687342 201088.9426
2019:05:06 15:05:55 925380 192011.4830
2019:05:06 15:05:56 56807 107431.4527
2019:05:06 15:05:56 215296 143221.9557
2019:05:06 15:05:56 377104 156062.3683
2019:05:06 15:05:56 541365 150005.6759
2019:05:06 15:05:56 729385 188010.6255
2019:05:06 15:05:56 901390 136022.4187
2019:05:06 15:05:57 127483 194122.8770
2019:05:06 15:05:57 353377 225884.2513
2019:05:06 15:05:57 549383 152016.1107
2019:05:06 15:05:57 691019 105647.2361
2019:05:06 15:05:57 857382 128023.8219
2019:05:06 15:05:58 81373 176008.7647
2019:05:06 15:05:58 237385 156002.3651
2019:05:06 15:05:58 385382 120020.3709
2019:05:06 15:05:58 581395 164037.1904
2019:05:06 15:05:58 734679 111912.6268
2019:05:06 15:05:58 917389 128022.6298
2019:05:06 15:05:59 85391 116021.0371
2019:05:06 15:05:59 261379 136012.0103
2019:05:06 15:05:59 453126 147754.0545
2019:05:06 15:05:59 645385 156020.2390
2019:05:06 15:05:59 837390 152026.2510
2019:05:06 15:05:59 989385 112015.7875
2019:05:06 15:06:00 189410 160046.5477
2019:05:06 15:06:00 377376 156020.1794
2019:05:06 15:06:00 581424 164056.5358
2019:05:06 15:06:00 741388 120016.0161
2019:05:06 15:06:01 5368 224005.0882
2019:05:06 15:06:01 161388 156008.7092
2019:05:06 15:06:01 321384 120021.4662
2019:05:06 15:06:01 481782 120417.3565
2019:05:06 15:06:01 677366 160000.7378
2019:05:06 15:06:01 885363 207987.8859
2019:05:06 15:06:02 21814 136435.9334
2019:05:06 15:06:02 173570 139144.5994
2019:05:06 15:06:02 333829 141841.7543
2019:05:06 15:06:02 565388 192965.5671
2019:05:06 15:06:02 809382 200014.5577
2019:05:06 15:06:02 989382 148009.4865
2019:05:06 15:06:03 189390 160021.6031
2019:05:06 15:06:03 429363 200005.6729
2019:05:06 15:06:03 601386 172014.0539
2019:05:06 15:06:03 801387 160023.1379
2019:05:06 15:06:03 961387 120021.9765
2019:05:06 15:06:04 118720 117355.3169
2019:05:06 15:06:04 397359 239991.9480
2019:05:06 15:06:04 597364 199993.4912
2019:05:06 15:06:04 757383 160010.3490
2019:05:06 15:06:04 933381 136006.5080
2019:05:06 15:06:05 91047 117683.1871
2019:05:06 15:06:05 293393 168027.4494
2019:05:06 15:06:05 521369 196011.4539
2019:05:06 15:06:05 661382 140003.5843
2019:05:06 15:06:05 812713 119347.3563
2019:05:06 15:06:06 10149 156786.6616
2019:05:06 15:06:06 181398 144033.8492
2019:05:06 15:06:06 349388 120025.0536
2019:05:06 15:06:06 509354 127998.8810
2019:05:06 15:06:06 661387 148285.9515
2019:05:06 15:06:06 829384 136016.2683
2019:05:06 15:06:07 5386 136020.6828
2019:05:06 15:06:07 157385 120019.0261
2019:05:06 15:06:07 413360 207988.4335
2019:05:06 15:06:07 547728 134351.9613
2019:05:06 15:06:07 724655 139287.6208
2019:05:06 15:06:07 897387 144019.0226
2019:05:06 15:06:08 85363 152006.8944
2019:05:06 15:06:08 285384 200009.0629
2019:05:06 15:06:08 493385 168027.1737
2019:05:06 15:06:08 653391 128020.9906
2019:05:06 15:06:08 837382 136009.2871
2019:05:06 15:06:08 981387 112025.4323
2019:05:06 15:06:09 257365 227997.2695
2019:05:06 15:06:09 453381 196006.1118
2019:05:06 15:06:09 669384 184018.8392
2019:05:06 15:06:09 841402 158459.7044
2019:05:06 15:06:09 993390 145408.4516
2019:05:06 15:06:10 193361 160001.2705
2019:05:06 15:06:10 357381 164009.6977
2019:05:06 15:06:10 553379 156012.9598
2019:05:06 15:06:10 789383 200008.9288
2019:05:06 15:06:10 949386 120014.2764
2019:05:06 15:06:11 153379 168010.8234
2019:05:06 15:06:11 393365 199991.4348
2019:05:06 15:06:11 637362 243987.3964
2019:05:06 15:06:11 833385 196013.1712
2019:05:06 15:06:12 61367 188004.9929
2019:05:06 15:06:12 309361 247984.4503
2019:05:06 15:06:12 469382 160008.6056
2019:05:06 15:06:12 651697 142336.2717
2019:05:06 15:06:12 861362 184006.6090
2019:05:06 15:06:13 25390 164018.9290
2019:05:06 15:06:13 213389 148032.5907
2019:05:06 15:06:13 429379 184023.4846
2019:05:06 15:06:13 637383 164015.0398
2019:05:06 15:06:13 821390 152028.5755
2019:05:06 15:06:13 989387 120018.9926
2019:05:06 15:06:14 149388 120023.4666
2019:05:06 15:06:14 349379 160012.5358
2019:05:06 15:06:14 509382 120012.2833
2019:05:06 15:06:14 749357 199990.9505
2019:05:06 15:06:14 949385 160019.3642
2019:05:06 15:06:15 118761 129400.8158
2019:05:06 15:06:15 261467 135024.3650
2019:05:06 15:06:15 380927 98675.5341
2019:05:06 15:06:15 535513 144849.6729
2019:05:06 15:06:15 715420 144559.4877
2019:05:06 15:06:15 905384 144011.7061
2019:05:06 15:06:16 105379 144012.8572
2019:05:06 15:06:16 281385 128014.8439
2019:05:06 15:06:16 568163 254806.6340
2019:05:06 15:06:16 770930 169567.2311
2019:05:06 15:06:16 953384 176336.2885
2019:05:06 15:06:17 169378 176004.7600
2019:05:06 15:06:17 353380 136015.9032
2019:05:06 15:06:17 553358 167995.9521
2019:05:06 15:06:17 793364 237303.6034
2019:05:06 15:06:18 1366 207990.9034
2019:05:06 15:06:18 159005 157629.1285
2019:05:06 15:06:18 318774 133410.8375
2019:05:06 15:06:18 481392 120020.5535
2019:05:06 15:06:18 628802 115437.8392
2019:05:06 15:06:18 809386 136021.3310
2019:05:06 15:06:18 988850 139488.8684
2019:05:06 15:06:19 136272 102905.3554
2019:05:06 15:06:19 333398 164040.3494
2019:05:06 15:06:19 525365 151998.4938
2019:05:06 15:06:19 701377 136010.1551
2019:05:06 15:06:19 877385 136015.8920
2019:05:06 15:06:20 65382 140013.2813
2019:05:06 15:06:20 241385 128021.1844
2019:05:06 15:06:20 412189 122825.0414
2019:05:06 15:06:20 601382 160017.9076
2019:05:06 15:06:20 769362 162627.4399
2019:05:06 15:06:20 937385 168014.1427
2019:05:06 15:06:21 105388 136013.0347
2019:05:06 15:06:21 327216 181846.7379
2019:05:06 15:06:21 489403 136039.3316
2019:05:06 15:06:21 705365 175998.1364
2019:05:06 15:06:21 913424 208049.7816
2019:05:06 15:06:22 329385 368025.9436
2019:05:06 15:06:22 525382 148009.6504
2019:05:06 15:06:22 709388 152020.9871
2019:05:06 15:06:22 909384 152012.5940
2019:05:06 15:06:23 105378 164007.1310
2019:05:06 15:06:23 265388 112023.8677
2019:05:06 15:06:23 441382 144013.3043
2019:05:06 15:06:23 649382 160022.3631
2019:05:06 15:06:23 824905 142550.3865
2019:05:06 15:06:23 995288 129923.4331
2019:05:06 15:06:24 153395 128031.6785
2019:05:06 15:06:24 329383 136024.4453
2019:05:06 15:06:24 577383 208007.9392
2019:05:06 15:06:24 725149 99781.8373
2019:05:06 15:06:24 889381 128022.3802
2019:05:06 15:06:25 101380 180002.2982
2019:05:06 15:06:25 281383 140013.1807
2019:05:06 15:06:25 529379 212012.0041
2019:05:06 15:06:25 721387 142644.5246
2019:05:06 15:06:25 897387 136015.5419
2019:05:06 15:06:26 97386 136006.6086
2019:05:06 15:06:26 357386 172021.9478
2019:05:06 15:06:26 494591 130653.1392
2019:05:06 15:06:26 677389 124011.5687
2019:05:06 15:06:26 863208 137834.2174
2019:05:06 15:06:27 37385 168449.4838
2019:05:06 15:06:27 225389 148012.4556
2019:05:06 15:06:27 645367 380001.5524
2019:05:06 15:06:27 829376 183999.3745
2019:05:06 15:06:28 14966 137596.7674
2019:05:06 15:06:28 193386 140012.6815
2019:05:06 15:06:28 377387 144016.8209
2019:05:06 15:06:28 585372 168005.3994
2019:05:06 15:06:28 769384 184001.3675
2019:05:06 15:06:28 945388 136011.0901
2019:05:06 15:06:29 169361 183994.2299
2019:05:06 15:06:29 337389 168018.2032
2019:05:06 15:06:29 505390 128023.4531
2019:05:06 15:06:29 693380 144011.8738
2019:05:06 15:06:29 915851 182477.0905
2019:05:06 15:06:30 81732 124362.0254
2019:05:06 15:06:30 243119 121243.1714
2019:05:06 15:06:30 401383 120018.9553
2019:05:06 15:06:30 601380 160011.3399
2019:05:06 15:06:30 761381 120013.3413
2019:05:06 15:06:30 961380 160012.6959
2019:05:06 15:06:31 161362 160001.8069
2019:05:06 15:06:31 321382 160010.5092
2019:05:06 15:06:31 521380 160014.2792
2019:05:06 15:06:31 721362 159996.5915
2019:05:06 15:06:31 881381 160009.9020
2019:05:06 15:06:32 46143 124773.6178
2019:05:06 15:06:32 281381 160014.8827
2019:05:06 15:06:32 441390 120021.0080
2019:05:06 15:06:32 641363 160001.3822
2019:05:06 15:06:32 802268 160889.6144
2019:05:06 15:06:33 41374 160005.7781
2019:05:06 15:06:33 201392 152124.0473
2019:05:06 15:06:33 369123 127758.4098
2019:05:06 15:06:33 577382 176025.0330
2019:05:06 15:06:33 769393 158016.5587
2019:05:06 15:06:33 969383 160017.3227
2019:05:06 15:06:34 129382 120013.8256
2019:05:06 15:06:34 329382 160010.8147
2019:05:06 15:06:34 491836 122463.0438
2019:05:06 15:06:34 693298 123926.0696
2019:05:06 15:06:34 849387 152813.0360
2019:05:06 15:06:35 9394 120023.5449
2019:05:06 15:06:35 169380 120010.7597
2019:05:06 15:06:35 369388 160022.6648
2019:05:06 15:06:35 529395 120030.5969
2019:05:06 15:06:35 733367 159997.7836
2019:05:06 15:06:35 893386 160008.3634
2019:05:06 15:06:36 53392 120025.0052
2019:05:06 15:06:36 258369 165013.0674
2019:05:06 15:06:36 417386 152474.7238
2019:05:06 15:06:36 577391 120027.3000
2019:05:06 15:06:36 777382 160018.7682
2019:05:06 15:06:36 977362 159999.6686
2019:05:06 15:06:37 177385 200013.2874
2019:05:06 15:06:37 377383 160015.1658
2019:05:06 15:06:37 573391 156032.4281
2019:05:06 15:06:37 781363 167993.9106
2019:05:06 15:06:37 941386 160013.2845
2019:05:06 15:06:38 97393 150646.3625
2019:05:06 15:06:38 337365 199997.9205
2019:05:06 15:06:38 497384 160008.0766
2019:05:06 15:06:38 697362 160002.4700
2019:05:06 15:06:38 857379 160009.0563
2019:05:06 15:06:39 18208 120843.5632
2019:05:06 15:06:39 177387 120019.8047
2019:05:06 15:06:39 337388 120024.1782
2019:05:06 15:06:39 569379 152020.3054
2019:05:06 15:06:39 729669 120305.3407
2019:05:06 15:06:39 896763 127392.6422
2019:05:06 15:06:40 51599 122233.2418
2019:05:06 15:06:40 209376 120007.4703
2019:05:06 15:06:40 369382 120017.4466
2019:05:06 15:06:40 573491 164127.0854
2019:05:06 15:06:40 769379 160012.4761
2019:05:06 15:06:40 969361 160001.8553
2019:05:06 15:06:41 129380 160010.4123
2019:05:06 15:06:41 289392 120021.2240
2019:05:06 15:06:41 449387 120022.5316
2019:05:06 15:06:41 597419 108049.7205
2019:05:06 15:06:41 753390 120027.0690
2019:05:06 15:06:41 993383 200021.6581
2019:05:06 15:06:42 153390 152940.6086
2019:05:06 15:06:42 353381 160017.1030
2019:05:06 15:06:42 513389 152092.5947
2019:05:06 15:06:42 713384 160016.6410
2019:05:06 15:06:42 953390 200017.3517
2019:05:06 15:06:43 113386 152463.9465
2019:05:06 15:06:43 313362 159995.5224
2019:05:06 15:06:43 473384 160012.9269
2019:05:06 15:06:43 629380 116009.7457
2019:05:06 15:06:43 780098 110735.0923
2019:05:06 15:06:43 933384 120020.8478
2019:05:06 15:06:44 111075 137698.8478
2019:05:06 15:06:44 289383 152017.6083
2019:05:06 15:06:44 473388 144019.2126
2019:05:06 15:06:44 637383 128016.9450
2019:05:06 15:06:44 805291 127925.7014
2019:05:06 15:06:44 993381 156013.9991
2019:05:06 15:06:45 233378 200018.5400
2019:05:06 15:06:45 433366 160000.6968
2019:05:06 15:06:45 593398 160019.5803
2019:05:06 15:06:45 753388 120010.9422
2019:05:06 15:06:45 953383 160027.6493
2019:05:06 15:06:46 116833 123465.7504
2019:05:06 15:06:46 313387 160025.3172
2019:05:06 15:06:46 475210 121846.6721
2019:05:06 15:06:46 677361 159999.9741
2019:05:06 15:06:46 837383 160012.4538
2019:05:06 15:06:47 81376 204015.4487
2019:05:06 15:06:47 289063 167703.4497
2019:05:06 15:06:47 481380 160023.7787
2019:05:06 15:06:47 681387 160030.0558
2019:05:06 15:06:47 846932 125565.2457
2019:05:06 15:06:48 41362 159998.0406
2019:05:06 15:06:48 241361 199990.6264
2019:05:06 15:06:48 401382 160013.0238
2019:05:06 15:06:48 589389 148015.4283
2019:05:06 15:06:48 789386 160024.7659
2019:05:06 15:06:48 942175 112813.9570
2019:05:06 15:06:49 137388 156023.0963
2019:05:06 15:06:49 297382 120015.1145
2019:05:06 15:06:49 497381 160021.9458
2019:05:06 15:06:49 657392 120024.9568
2019:05:06 15:06:49 817414 120035.4658
2019:05:06 15:06:49 985398 128031.5332
2019:05:06 15:06:50 177385 143998.1945
2019:05:06 15:06:50 413363 208003.7333
2019:05:06 15:06:50 601387 188015.1592
2019:05:06 15:06:50 777391 128022.8272
2019:05:06 15:06:50 985396 168020.5390
2019:05:06 15:06:51 217384 184016.4438
2019:05:06 15:06:51 385398 136037.4279
2019:05:06 15:06:51 569389 136020.2432
2019:05:06 15:06:51 736035 134670.8387
2019:05:06 15:06:51 953364 183999.4974
2019:05:06 15:06:52 118189 164816.5770
2019:05:06 15:06:52 305384 152016.9824
2019:05:06 15:06:52 473389 136021.0590
2019:05:06 15:06:52 653387 136021.1857
2019:05:06 15:06:52 829381 136021.2229
2019:05:06 15:06:53 71279 211893.0966
2019:05:06 15:06:53 253380 148021.3478
2019:05:06 15:06:53 529369 224010.7432
2019:05:06 15:06:53 713384 184001.3191
2019:05:06 15:06:53 893390 136021.7854
2019:05:06 15:06:54 49383 124019.6042
2019:05:06 15:06:54 225387 136025.8982
2019:05:06 15:06:54 428632 163274.9811
2019:05:06 15:06:54 645355 179985.4934
2019:05:06 15:06:54 847204 200652.1001
2019:05:06 15:06:55 27420 142063.0738
2019:05:06 15:06:55 219530 170166.6377
2019:05:06 15:06:55 449365 191987.1755
2019:05:06 15:06:55 667600 218224.8347
2019:05:06 15:06:55 869360 168002.7023
2019:05:06 15:06:56 29384 160012.9567
2019:05:06 15:06:56 209384 144022.0848
2019:05:06 15:06:56 391381 134013.8428
2019:05:06 15:06:56 553143 145280.6480
2019:05:06 15:06:56 710177 139247.4696
2019:05:06 15:06:56 921982 153402.3844
2019:05:06 15:06:57 103608 160535.9316
2019:05:06 15:06:57 273613 164183.2590
2019:05:06 15:06:57 420237 138421.9266
2019:05:06 15:06:57 581379 142293.5873
2019:05:06 15:06:57 769537 163882.3487
2019:05:06 15:06:57 921206 125213.8354
2019:05:06 15:06:58 89099 150980.8041
2019:05:06 15:06:58 253496 152919.3409
2019:05:06 15:06:58 432352 138473.7790
2019:05:06 15:06:58 607612 151698.6936
2019:05:06 15:06:58 781292 145299.7811
2019:05:06 15:06:58 919558 124723.5425
2019:05:06 15:06:59 73394 144026.2049
2019:05:06 15:06:59 238134 135269.4295
2019:05:06 15:06:59 423112 163405.3923
2019:05:06 15:06:59 582479 153602.1121
2019:05:06 15:06:59 725872 126203.5519
2019:05:06 15:06:59 875768 140122.4397
2019:05:06 15:07:00 10065 126415.8823
2019:05:06 15:07:00 159168 132268.8423
2019:05:06 15:07:00 285708 115781.8586
2019:05:06 15:07:00 450394 134244.9002
2019:05:06 15:07:00 624941 148768.9503
2019:05:06 15:07:00 769840 133914.4520
2019:05:06 15:07:00 972584 195794.2508
2019:05:06 15:07:01 130291 142541.2111
2019:05:06 15:07:01 289623 146661.8590
2019:05:06 15:07:01 434016 138257.6264
2019:05:06 15:07:01 597390 152571.1864
2019:05:06 15:07:01 769404 124026.8163
2019:05:06 15:07:01 965394 156014.5430
2019:05:06 15:07:02 155883 166509.0919
2019:05:06 15:07:02 361362 167990.9043
2019:05:06 15:07:02 520003 156895.3767
2019:05:06 15:07:02 833372 275998.4992
2019:05:06 15:07:02 973887 140501.1266
2019:05:06 15:07:03 137396 116021.6406
2019:05:06 15:07:03 305402 136040.8962
2019:05:06 15:07:03 513391 160014.3947
2019:05:06 15:07:03 681401 136027.6528
2019:05:06 15:07:03 829939 100558.8025
2019:05:06 15:07:04 2794 137422.1966
2019:05:06 15:07:04 185392 136003.6470
2019:05:06 15:07:04 409392 184014.8792
2019:05:06 15:07:04 585399 136025.8907
2019:05:06 15:07:04 809388 184010.9751
2019:05:06 15:07:04 980564 131190.0243
2019:05:06 15:07:05 166071 148702.4724
2019:05:06 15:07:05 340175 138801.4108
2019:05:06 15:07:05 513392 136019.9191
2019:05:06 15:07:05 701385 141970.6009
2019:05:06 15:07:05 917365 183988.9064
2019:05:06 15:07:06 93383 176008.4517
2019:05:06 15:07:06 281382 136011.9879
2019:05:06 15:07:06 465383 136020.6865
2019:05:06 15:07:06 625382 128015.3617
2019:05:06 15:07:06 799937 126570.9549
2019:05:06 15:07:06 985376 160011.0121
2019:05:06 15:07:07 158721 125355.7429
2019:05:06 15:07:07 389391 196023.6952
2019:05:06 15:07:07 677382 192018.5015
2019:05:06 15:07:07 862378 144999.4817
2019:05:06 15:07:08 77364 176001.6307
2019:05:06 15:07:08 217393 140019.7558
2019:05:06 15:07:08 369382 104015.8123
2019:05:06 15:07:08 561377 157910.3321
2019:05:06 15:07:08 725414 116053.5663
2019:05:06 15:07:08 909709 156347.4573
2019:05:06 15:07:09 81387 128020.9832
2019:05:06 15:07:09 361366 248010.8365
2019:05:06 15:07:09 549384 188008.3606
2019:05:06 15:07:09 805363 215990.0144
2019:05:06 15:07:09 941484 136112.3472
2019:05:06 15:07:10 69391 96028.0895
2019:05:06 15:07:10 241385 120006.8854
2019:05:06 15:07:10 381784 108418.2411
2019:05:06 15:07:10 520632 95254.2610
2019:05:06 15:07:10 701375 140008.8668
2019:05:06 15:07:10 929361 183996.2192
2019:05:06 15:07:11 83063 153690.8410
2019:05:06 15:07:11 250959 135268.3641
2019:05:06 15:07:11 439784 165046.9638
2019:05:06 15:07:11 584370 138465.4753
2019:05:06 15:07:11 741300 146022.7221
2019:05:06 15:07:11 921383 153958.3988
2019:05:06 15:07:12 121380 160011.9434
2019:05:06 15:07:12 321397 160031.9855
2019:05:06 15:07:12 561366 200007.2859
2019:05:06 15:07:12 721380 160005.7594
2019:05:06 15:07:12 921381 160014.4468
2019:05:06 15:07:13 81397 120030.5447
2019:05:06 15:07:13 241383 120017.6887
2019:05:06 15:07:13 441383 160017.0098
2019:05:06 15:07:13 633382 152012.9889
2019:05:06 15:07:13 833363 160000.5925
2019:05:06 15:07:13 993388 160013.5155
2019:05:06 15:07:14 273372 240011.9379
2019:05:06 15:07:14 473365 199981.7938
2019:05:06 15:07:14 633383 160008.7322
2019:05:06 15:07:14 773381 132267.7620
2019:05:06 15:07:14 945384 128015.9876
2019:05:06 15:07:15 105397 120032.2472
2019:05:06 15:07:15 266934 121570.4083
2019:05:06 15:07:15 425381 120013.9709
2019:05:06 15:07:15 583950 118585.3854
2019:05:06 15:07:15 741383 120018.3779
2019:05:06 15:07:15 981365 199999.7497
2019:05:06 15:07:16 137381 156007.0105
2019:05:06 15:07:16 297386 120020.2964
2019:05:06 15:07:16 457381 120017.8750
2019:05:06 15:07:16 624778 127410.7583
2019:05:06 15:07:16 821364 159999.8400
2019:05:06 15:07:16 981379 160005.2081
2019:05:06 15:07:17 177389 164010.1001
2019:05:06 15:07:17 369365 151999.3283
2019:05:06 15:07:17 569389 200008.6829
2019:05:06 15:07:17 789365 205992.6651
2019:05:06 15:07:17 949394 160019.5169
2019:05:06 15:07:18 185360 195994.2430
2019:05:06 15:07:18 353395 168024.4319
2019:05:06 15:07:18 569380 176015.3025
2019:05:06 15:07:18 765389 148021.4074
2019:05:06 15:07:18 956539 143164.3292
2019:05:06 15:07:19 129392 128020.3946
2019:05:06 15:07:19 297383 136015.5940
2019:05:06 15:07:19 481389 136020.7647
2019:05:06 15:07:19 681381 160011.3809
2019:05:06 15:07:19 867119 137751.1770
2019:05:06 15:07:20 65386 144007.0421
2019:05:06 15:07:20 249390 136027.1275
2019:05:06 15:07:20 465377 176019.1880
2019:05:06 15:07:20 705363 191999.5025
2019:05:06 15:07:20 840275 134903.3937
2019:05:06 15:07:21 25387 160031.0951
2019:05:06 15:07:21 201387 136022.7875
2019:05:06 15:07:21 401382 168026.7602
2019:05:06 15:07:21 585384 136019.1926
2019:05:06 15:07:21 745391 152726.7583
2019:05:06 15:07:21 913391 160582.9708
2019:05:06 15:07:22 89384 136020.9957
2019:05:06 15:07:22 301381 179109.7634
2019:05:06 15:07:22 445381 138381.7121
2019:05:06 15:07:22 593388 116023.1829
2019:05:06 15:07:22 769376 128007.4827
2019:05:06 15:07:22 937387 136025.8348
2019:05:06 15:07:23 113386 136019.4571
2019:05:06 15:07:23 281381 128011.7482
2019:05:06 15:07:23 449380 136016.0522
2019:05:06 15:07:23 625375 136007.5399
2019:05:06 15:07:23 785383 128019.4297
2019:05:06 15:07:23 945398 112019.1216
2019:05:06 15:07:24 201364 221967.6077
2019:05:06 15:07:24 354990 153613.2023
2019:05:06 15:07:24 537387 150051.9961
2019:05:06 15:07:24 761381 176017.5750
2019:05:06 15:07:24 961381 168013.3939
2019:05:06 15:07:25 129391 161993.2912
2019:05:06 15:07:25 329403 160032.7045
2019:05:06 15:07:25 529376 160008.8738
2019:05:06 15:07:25 689388 120017.0666
2019:05:06 15:07:25 849630 120262.6303
2019:05:06 15:07:26 9384 120015.3083
2019:05:06 15:07:26 209362 159979.9767
2019:05:06 15:07:26 369388 160016.3691
2019:05:06 15:07:26 565362 156003.9781
2019:05:06 15:07:26 765364 199991.9377
2019:05:06 15:07:26 925382 160008.9446
2019:05:06 15:07:27 105384 140015.2072
2019:05:06 15:07:27 265385 120019.7376
2019:05:06 15:07:27 425389 120018.1879
2019:05:06 15:07:27 597390 132023.1445
2019:05:06 15:07:27 755470 122094.2587
2019:05:06 15:07:27 953375 160018.6415
2019:05:06 15:07:28 137387 144022.1407
2019:05:06 15:07:28 304314 126950.8973
2019:05:06 15:07:28 461996 124625.5487
2019:05:06 15:07:28 653388 156031.8992
2019:05:06 15:07:28 813388 120021.2613
2019:05:06 15:07:29 5385 152015.7717
2019:05:06 15:07:29 169392 124029.0813
2019:05:06 15:07:29 329380 120017.5695
2019:05:06 15:07:29 529366 160001.2667
2019:05:06 15:07:29 737388 208010.0961
2019:05:06 15:07:29 937367 159992.8737
2019:05:06 15:07:30 97387 160010.2186
2019:05:06 15:07:30 297365 159999.6053
2019:05:06 15:07:30 457391 160015.4154
2019:05:06 15:07:30 657379 160010.0473
2019:05:06 15:07:30 857361 159995.9768
2019:05:06 15:07:31 17359 159989.6252
2019:05:06 15:07:31 221028 157290.8610
2019:05:06 15:07:31 417381 160016.5963
2019:05:06 15:07:31 577382 120022.9451
2019:05:06 15:07:31 737390 120021.2911
2019:05:06 15:07:31 897387 120015.8335
2019:05:06 15:07:32 57383 120014.0193
2019:05:06 15:07:32 217380 120005.1047
2019:05:06 15:07:32 377371 153692.0518
2019:05:06 15:07:32 536196 158816.0209
2019:05:06 15:07:32 688562 127198.7483
2019:05:06 15:07:32 857376 136012.5765
2019:05:06 15:07:33 49398 160035.2377
2019:05:06 15:07:33 209382 120017.0778
2019:05:06 15:07:33 413544 164176.6913
2019:05:06 15:07:33 609386 160013.2175
2019:05:06 15:07:33 772430 123067.4051
2019:05:06 15:07:34 9374 199998.3154
2019:05:06 15:07:34 209376 199989.0693
2019:05:06 15:07:34 369395 160002.1049
2019:05:06 15:07:34 621371 212004.4976
2019:05:06 15:07:34 821392 200007.5504
2019:05:06 15:07:35 65382 204005.6475
2019:05:06 15:07:35 225395 159998.9198
2019:05:06 15:07:35 385400 120027.0280
2019:05:06 15:07:35 545400 120023.8615
2019:05:06 15:07:35 745394 160016.7006
2019:05:06 15:07:35 945395 160034.7348
2019:05:06 15:07:36 145393 160014.7523
2019:05:06 15:07:36 345414 160044.5509
2019:05:06 15:07:36 581362 196000.7027
2019:05:06 15:07:36 741402 157079.8159
2019:05:06 15:07:36 949371 168007.7128
2019:05:06 15:07:37 76623 127238.5679
2019:05:06 15:07:37 273393 160017.9411
2019:05:06 15:07:37 433392 120022.6545
2019:05:06 15:07:37 633400 160023.0299
2019:05:06 15:07:37 800008 126633.7335
2019:05:06 15:07:37 993383 160024.9410
2019:05:06 15:07:38 153384 120025.2064
2019:05:06 15:07:38 315672 122303.5268
2019:05:06 15:07:38 513376 160008.4938
2019:05:06 15:07:38 716622 163252.9199
2019:05:06 15:07:38 873389 120022.8594
2019:05:06 15:07:39 33365 153309.4905
2019:05:06 15:07:39 195624 122262.5040
2019:05:06 15:07:39 393380 160014.4729
2019:05:06 15:07:39 553382 120012.3839
2019:05:06 15:07:39 753364 159996.0849
2019:05:06 15:07:39 913416 160041.6824
2019:05:06 15:07:40 73383 120017.9458
2019:05:06 15:07:40 233386 120012.0822
2019:05:06 15:07:40 400462 127098.2102
2019:05:06 15:07:40 593388 160012.4948
2019:05:06 15:07:40 753390 152636.1667
2019:05:06 15:07:40 907400 146083.7424
2019:05:06 15:07:41 185366 235229.1085
2019:05:06 15:07:41 385385 200006.7234
2019:05:06 15:07:41 588276 162919.8566
2019:05:06 15:07:41 785392 160021.8229
2019:05:06 15:07:41 985388 160014.2308
2019:05:06 15:07:42 151117 125750.4970
2019:05:06 15:07:42 309387 120013.7623
2019:05:06 15:07:42 469388 120025.4820
2019:05:06 15:07:42 629389 120020.9260
2019:05:06 15:07:42 829388 160017.8033
2019:05:06 15:07:42 989391 120027.2851
2019:05:06 15:07:43 185358 155997.9543
2019:05:06 15:07:43 385372 197209.3955
2019:05:06 15:07:43 545388 160002.9245
2019:05:06 15:07:43 712062 126697.3428
2019:05:06 15:07:43 905379 160015.3558
2019:05:06 15:07:44 73326 127958.5399
2019:05:06 15:07:44 245385 140012.9162
2019:05:06 15:07:44 371085 85725.7992
2019:05:06 15:07:44 565378 160011.4293
2019:05:06 15:07:44 725388 120011.3147
2019:05:06 15:07:44 925396 160037.2829
2019:05:06 15:07:45 105392 140034.7427
2019:05:06 15:07:45 305375 160018.2764
2019:05:06 15:07:45 465382 159999.7506
2019:05:06 15:07:45 625389 120024.9791
2019:05:06 15:07:45 825364 159997.1354
2019:05:06 15:07:46 25365 199988.2385
2019:05:06 15:07:46 185385 160004.8169
2019:05:06 15:07:46 345384 120016.3402
2019:05:06 15:07:46 585368 200002.0593
2019:05:06 15:07:46 745383 160005.6626
2019:05:06 15:07:46 905386 120021.6115
2019:05:06 15:07:47 65385 120016.9027
2019:05:06 15:07:47 225396 120032.1317
2019:05:06 15:07:47 385388 120023.1239
2019:05:06 15:07:47 549436 124070.9275
2019:05:06 15:07:47 745376 160004.4519
2019:05:06 15:07:47 945382 160018.4925
2019:05:06 15:07:48 152337 166980.9073
2019:05:06 15:07:48 305386 120019.3763
2019:05:06 15:07:48 481380 170108.4226
2019:05:06 15:07:48 620104 90735.5584
2019:05:06 15:07:48 817391 160014.2606
2019:05:06 15:07:48 980941 123575.7172
2019:05:06 15:07:49 177383 160020.8655
2019:05:06 15:07:49 341815 124444.1681
2019:05:06 15:07:49 537376 160011.2393
2019:05:06 15:07:49 737382 160014.1227
2019:05:06 15:07:49 937378 160011.9025
2019:05:06 15:07:50 137395 160019.5654
2019:05:06 15:07:50 297381 120013.2519
2019:05:06 15:07:50 457385 120019.9686
2019:05:06 15:07:50 621383 124023.7355
2019:05:06 15:07:50 781381 120010.9869
2019:05:06 15:07:50 941381 120019.4284
2019:05:06 15:07:51 137368 156005.4980
2019:05:06 15:07:51 337376 199995.7338
2019:05:06 15:07:51 537365 160001.4716
2019:05:06 15:07:51 697384 160009.2463
2019:05:06 15:07:51 897397 160026.7775
2019:05:06 15:07:52 137366 200007.9863
2019:05:06 15:07:52 297382 160006.5529
2019:05:06 15:07:52 464130 126764.4614
2019:05:06 15:07:52 669364 172007.4192
2019:05:06 15:07:52 829393 160018.9954
2019:05:06 15:07:52 989383 120015.6435
2019:05:06 15:07:53 145390 116024.2446
2019:05:06 15:07:53 305395 120022.1963
2019:05:06 15:07:53 505381 156972.3450
2019:05:06 15:07:53 715400 170033.7492
2019:05:06 15:07:53 913362 159987.6434
2019:05:06 15:07:54 81157 167783.5174
2019:05:06 15:07:54 273377 160007.9238
2019:05:06 15:07:54 436649 123284.6975
2019:05:06 15:07:54 633377 160013.7614
2019:05:06 15:07:54 793386 120023.7758
2019:05:06 15:07:54 993364 160000.5925
2019:05:06 15:07:55 193356 199981.4026
2019:05:06 15:07:55 353386 156525.7311
2019:05:06 15:07:55 513396 120030.0604
2019:05:06 15:07:55 713381 160017.9821
2019:05:06 15:07:55 913365 160003.7031
2019:05:06 15:07:56 73386 160012.2340
2019:05:06 15:07:56 233382 120017.3572
2019:05:06 15:07:56 473383 200011.6222
2019:05:06 15:07:56 681362 168000.6012
2019:05:06 15:07:56 881364 199992.2730
2019:05:06 15:07:57 65365 183991.4098
2019:05:06 15:07:57 267000 201626.3120
2019:05:06 15:07:57 465380 160013.5602
2019:05:06 15:07:57 670494 125124.2273
2019:05:06 15:07:57 889382 160012.2973
2019:05:06 15:07:58 89385 160022.2811
2019:05:06 15:07:58 409357 279984.5152
2019:05:06 15:07:58 611781 198255.6917
2019:05:06 15:07:58 805381 160018.1907
2019:05:06 15:07:59 4550 151193.8982
2019:05:06 15:07:59 193390 148029.8676
2019:05:06 15:07:59 393392 160031.4938
2019:05:06 15:07:59 634951 201595.0643
2019:05:06 15:07:59 833363 193928.9793
2019:05:06 15:08:00 33390 200014.5800
2019:05:06 15:08:00 233367 160009.7604
2019:05:06 15:08:00 398020 164642.3154
2019:05:06 15:08:00 653366 219995.9084
2019:05:06 15:08:00 813383 160007.0633
2019:05:06 15:08:00 979250 125886.3397
2019:05:06 15:08:01 209365 196002.5132
2019:05:06 15:08:01 369387 160008.4305
2019:05:06 15:08:01 529380 120012.2908
2019:05:06 15:08:01 729381 160025.7009
2019:05:06 15:08:01 889382 120016.7052
2019:05:06 15:08:02 54442 125071.1493
2019:05:06 15:08:02 249363 159992.6315
2019:05:06 15:08:02 405393 156017.2401
2019:05:06 15:08:02 593377 148006.4429
2019:05:06 15:08:02 769379 136012.0066
2019:05:06 15:08:02 929388 128032.1069
2019:05:06 15:08:03 89383 120014.1348
2019:05:06 15:08:03 256599 127231.1211
2019:05:06 15:08:03 409383 120018.5381
2019:05:06 15:08:03 575251 125891.5178
2019:05:06 15:08:03 769379 160005.8824
2019:05:06 15:08:03 969384 160018.2652
2019:05:06 15:08:04 209367 199998.6395
2019:05:06 15:08:04 369382 160006.2735
2019:05:06 15:08:04 569399 160032.6113
2019:05:06 15:08:04 769596 160239.3314
2019:05:06 15:08:04 969380 160010.4682
2019:05:06 15:08:05 169389 160006.3145
2019:05:06 15:08:05 329381 120010.1674
2019:05:06 15:08:05 529383 160018.4701
2019:05:06 15:08:05 689397 120027.8550
2019:05:06 15:08:05 936979 167602.9228
2019:05:06 15:08:06 129400 160021.5472
2019:05:06 15:08:06 289397 120012.6000
2019:05:06 15:08:06 529373 199999.2058
2019:05:06 15:08:06 685397 156006.4293
2019:05:06 15:08:07 113391 388015.5422
2019:05:06 15:08:07 353370 199992.5300
2019:05:06 15:08:07 514712 161330.6850
2019:05:06 15:08:07 673395 128023.5648
2019:05:06 15:08:07 865391 160007.0745
2019:05:06 15:08:08 25390 126458.3915
2019:05:06 15:08:08 171268 113895.3790
2019:05:06 15:08:08 373370 163996.4730
2019:05:06 15:08:08 533397 160014.4804
2019:05:06 15:08:08 721384 153986.8452
2019:05:06 15:08:08 885393 124016.3259
2019:05:06 15:08:09 49409 132035.2890
2019:05:06 15:08:09 281364 191990.7480
2019:05:06 15:08:09 425402 144022.1295
2019:05:06 15:08:09 585389 154643.1631
2019:05:06 15:08:09 753405 124037.1205
2019:05:06 15:08:09 930952 145595.3531
2019:05:06 15:08:10 113385 136009.5888
2019:05:06 15:08:10 329384 184027.3552
2019:05:06 15:08:10 505386 128023.9522
2019:05:06 15:08:10 673386 136021.6811
2019:05:06 15:08:10 817387 137339.3424
2019:05:06 15:08:10 993381 136015.6126
2019:05:06 15:08:11 169379 136016.4769
2019:05:06 15:08:11 357361 139988.0387
2019:05:06 15:08:11 525394 168024.1488
2019:05:06 15:08:11 698270 124908.8012
2019:05:06 15:08:11 885383 160027.9845
2019:05:06 15:08:12 61402 128032.2038
2019:05:06 15:08:12 297382 204023.5177
2019:05:06 15:08:12 460939 115577.0123
2019:05:06 15:08:12 689366 200010.7765
2019:05:06 15:08:12 849389 160013.3926
2019:05:06 15:08:13 41381 160015.6650
2019:05:06 15:08:13 249376 160010.9898
2019:05:06 15:08:13 449382 168017.2458
2019:05:06 15:08:13 678626 181250.7659
2019:05:06 15:08:13 877363 171996.4296
2019:05:06 15:08:14 21382 144008.8451
2019:05:06 15:08:14 273369 220012.6015
2019:05:06 15:08:14 429378 155999.1986
2019:05:06 15:08:14 594034 132670.0374
2019:05:06 15:08:14 761378 124010.7827
2019:05:06 15:08:14 945385 152016.9042
2019:05:06 15:08:15 121396 128030.5497
2019:05:06 15:08:15 273379 136023.3761
2019:05:06 15:08:15 465391 144022.7441
2019:05:06 15:08:15 681388 176030.7550
2019:05:06 15:08:15 865382 136008.2515
2019:05:06 15:08:16 42751 137388.4156
2019:05:06 15:08:16 225379 144015.3867
2019:05:06 15:08:16 393385 128016.0323
2019:05:06 15:08:16 569385 136027.3808
2019:05:06 15:08:16 726767 109396.6067
2019:05:06 15:08:16 929382 173880.5324
2019:05:06 15:08:17 61890 126189.1015
2019:05:06 15:08:17 289377 198455.5647
2019:05:06 15:08:17 523058 185689.2928
2019:05:06 15:08:17 685389 157018.8105
2019:05:06 15:08:17 873395 144021.5036
2019:05:06 15:08:18 25391 146836.1951
2019:05:06 15:08:18 201381 128005.2811
2019:05:06 15:08:18 375375 142017.3049
2019:05:06 15:08:18 553386 136017.8106
2019:05:06 15:08:18 773357 179986.5402
2019:05:06 15:08:18 918894 140490.3531
2019:05:06 15:08:19 93390 136025.6933
2019:05:06 15:08:19 257376 144021.2391
2019:05:06 15:08:19 401377 104013.1487
2019:05:06 15:08:19 593376 160012.4612
2019:05:06 15:08:19 781379 140012.6144
2019:05:06 15:08:19 931026 117659.8780
2019:05:06 15:08:20 105392 132017.4150
2019:05:06 15:08:20 337374 176005.1847
2019:05:06 15:08:20 501389 120024.0739
2019:05:06 15:08:20 661383 128026.6903
2019:05:06 15:08:20 837376 136010.5388
2019:05:06 15:08:20 979146 135974.8058
2019:05:06 15:08:21 145388 132025.5138
2019:05:06 15:08:21 337376 144008.3012
2019:05:06 15:08:21 495677 126311.2836
2019:05:06 15:08:21 661386 124012.0642
2019:05:06 15:08:21 833386 140029.6278
2019:05:06 15:08:22 49382 168022.8710
2019:05:06 15:08:22 233382 152011.1300
2019:05:06 15:08:22 409383 128015.6933
2019:05:06 15:08:22 633363 175991.5277
2019:05:06 15:08:22 821381 188010.0779
2019:05:06 15:08:23 37384 168017.6444
2019:05:06 15:08:23 225378 140015.0210
2019:05:06 15:08:23 394509 121136.7548
2019:05:06 15:08:23 593383 160020.0161
2019:05:06 15:08:23 785378 152009.5617
2019:05:06 15:08:23 945388 120021.6487
2019:05:06 15:08:24 145381 160015.6128
2019:05:06 15:08:24 345363 160000.3131
2019:05:06 15:08:24 505386 160013.9961
2019:05:06 15:08:24 665379 120009.5713
2019:05:06 15:08:24 827651 122285.9323
2019:05:06 15:08:25 25363 160002.6600
2019:05:06 15:08:25 185382 160009.8796
2019:05:06 15:08:25 345380 120012.3988
2019:05:06 15:08:25 505389 120022.9637
2019:05:06 15:08:25 713364 168007.3142
2019:05:06 15:08:25 873394 160020.4296
2019:05:06 15:08:26 33391 120018.4040
2019:05:06 15:08:26 193732 120358.6496
2019:05:06 15:08:26 358273 124909.6468
2019:05:06 15:08:26 593389 192023.2400
2019:05:06 15:08:26 793362 159994.8630
2019:05:06 15:08:26 993364 199994.6088
2019:05:06 15:08:27 153385 160012.1967
2019:05:06 15:08:27 353370 160004.1613
2019:05:06 15:08:27 553382 200001.2174
2019:05:06 15:08:27 749387 156022.4704
2019:05:06 15:08:27 949361 160005.6551
2019:05:06 15:08:28 108029 158658.0575
2019:05:06 15:08:28 266132 120765.9617
2019:05:06 15:08:28 425389 120025.4299
2019:05:06 15:08:28 585383 153386.5891
2019:05:06 15:08:28 749836 124463.3161
2019:05:06 15:08:28 945361 160005.9755
2019:05:06 15:08:29 105382 160010.8817
2019:05:06 15:08:29 305393 160023.8979
2019:05:06 15:08:29 505388 160019.2226
2019:05:06 15:08:29 663307 117938.7607
2019:05:06 15:08:29 869381 160015.6277
2019:05:06 15:08:30 29385 152701.4412
2019:05:06 15:08:30 225386 156016.6776
2019:05:06 15:08:30 506722 241362.9591
2019:05:06 15:08:30 705358 193004.7758
2019:05:06 15:08:30 945364 235588.8151
2019:05:06 15:08:31 105379 160005.7520
2019:05:06 15:08:31 265399 152996.2383
2019:05:06 15:08:31 425387 120021.6003
2019:05:06 15:08:31 625383 160025.8052
2019:05:06 15:08:31 785384 120014.4663
2019:05:06 15:08:31 945386 120025.7577
2019:05:06 15:08:32 145386 160023.1603
2019:05:06 15:08:32 305376 120011.4191
2019:05:06 15:08:32 505394 160021.5100
2019:05:06 15:08:32 705363 159998.7336
2019:05:06 15:08:32 865380 160008.9185
2019:05:06 15:08:33 65384 160015.4489
2019:05:06 15:08:33 210716 140098.3594
2019:05:06 15:08:33 389354 174092.9857
2019:05:06 15:08:33 578511 186392.6761
2019:05:06 15:08:33 785358 203182.1981
2019:05:06 15:08:33 945393 160025.9840
2019:05:06 15:08:34 150727 165361.1846
2019:05:06 15:08:34 305963 120599.4599
2019:05:06 15:08:34 505378 160012.7555
2019:05:06 15:08:34 669724 124354.5972
2019:05:06 15:08:34 865377 160020.6159
2019:05:06 15:08:35 105365 200008.7239
2019:05:06 15:08:35 265387 160011.4591
2019:05:06 15:08:35 430331 158128.0157
2019:05:06 15:08:35 625379 160015.0689
2019:05:06 15:08:35 825360 159990.6124
2019:05:06 15:08:36 93364 227995.3249
2019:05:06 15:08:36 249900 156527.4149
2019:05:06 15:08:36 393382 112020.6900
2019:05:06 15:08:36 559533 126167.5805
2019:05:06 15:08:36 737383 142613.0831
2019:05:06 15:08:36 937383 160024.6429
2019:05:06 15:08:37 129392 160035.5729
2019:05:06 15:08:37 289393 120024.0254
2019:05:06 15:08:37 495020 165662.6314
2019:05:06 15:08:37 689362 159996.4276
2019:05:06 15:08:37 889399 200027.9501
2019:05:06 15:08:38 55333 125961.0541
2019:05:06 15:08:38 289371 199996.1697
2019:05:06 15:08:38 449399 160014.3686
2019:05:06 15:08:38 613401 124027.6657
2019:05:06 15:08:38 809411 156028.4644
2019:05:06 15:08:39 5397 189031.0384
2019:05:06 15:08:39 201408 156044.6434
2019:05:06 15:08:39 401398 160035.6586
2019:05:06 15:08:39 601391 160019.9044
2019:05:06 15:08:39 767846 126469.9064
2019:05:06 15:08:39 925966 124601.5280
2019:05:06 15:08:40 81390 120006.5948
2019:05:06 15:08:40 241391 152814.2318
2019:05:06 15:08:40 402764 121391.0468
2019:05:06 15:08:40 561393 120020.2182
2019:05:06 15:08:40 741398 141193.8258
2019:05:06 15:08:40 941365 159995.0716
2019:05:06 15:08:41 129393 186819.8551
2019:05:06 15:08:41 289401 120024.5880
2019:05:06 15:08:41 449398 120025.2920
2019:05:06 15:08:41 649399 160021.5621
2019:05:06 15:08:41 841355 151983.8348
2019:05:06 15:08:42 41363 197302.7810
2019:05:06 15:08:42 225384 184011.5786
2019:05:06 15:08:42 413395 160037.9162
2019:05:06 15:08:42 597373 152006.4920
2019:05:06 15:08:42 797376 156010.0429
2019:05:06 15:08:42 949386 120025.0871
2019:05:06 15:08:43 113381 120002.2064
2019:05:06 15:08:43 273383 120016.9213
2019:05:06 15:08:43 440628 127265.4198
2019:05:06 15:08:43 593390 120027.2180
2019:05:06 15:08:43 793375 160008.0766
2019:05:06 15:08:43 993363 159991.5735
2019:05:06 15:08:44 153383 160011.2095
2019:05:06 15:08:44 353384 160019.2189
2019:05:06 15:08:44 513393 152803.8085
2019:05:06 15:08:44 713388 160020.8953
2019:05:06 15:08:44 957816 164453.6667
2019:05:06 15:08:45 193358 200001.5229
2019:05:06 15:08:45 353384 159671.5301
2019:05:06 15:08:45 553386 160029.0872
2019:05:06 15:08:45 793379 200005.7511
2019:05:06 15:08:45 999503 166138.5372
2019:05:06 15:08:46 153384 120014.5036
2019:05:06 15:08:46 553365 359999.1351
2019:05:06 15:08:46 717383 164002.2434
2019:05:06 15:08:46 882538 125167.7684
2019:05:06 15:08:47 113386 189485.3376
2019:05:06 15:08:47 313382 160019.1034
2019:05:06 15:08:47 473388 120023.8317
2019:05:06 15:08:47 673374 159997.1950
2019:05:06 15:08:47 873356 159990.0238
2019:05:06 15:08:48 33430 159726.8544
2019:05:06 15:08:48 233387 160026.4199
2019:05:06 15:08:48 393380 120012.3094
2019:05:06 15:08:48 553379 120006.9450
2019:05:06 15:08:48 757385 164028.3950
2019:05:06 15:08:49 73367 275993.2503
2019:05:06 15:08:49 228455 155078.8395
2019:05:06 15:08:49 379036 135542.0835
2019:05:06 15:08:49 517817 130984.8912
2019:05:06 15:08:49 626192 96170.0231
2019:05:06 15:08:49 844321 185561.2956
2019:05:06 15:08:49 998773 132614.5455
2019:05:06 15:08:50 154025 149612.0691
2019:05:06 15:08:50 286726 121117.5956
2019:05:06 15:08:50 434916 127542.7677
2019:05:06 15:08:50 605390 141405.5862
2019:05:06 15:08:50 752939 117570.9292
2019:05:06 15:08:50 926924 155774.8504
2019:05:06 15:08:51 73092 137200.6387
2019:05:06 15:08:51 218914 135730.4454
2019:05:06 15:08:51 429384 197905.3132
2019:05:06 15:08:51 665392 168032.5717
2019:05:06 15:08:51 829387 120019.0522
2019:05:06 15:08:52 29378 160020.6122
2019:05:06 15:08:52 188804 119441.5204
2019:05:06 15:08:52 385383 160017.2445
2019:05:06 15:08:52 545384 120019.5849
2019:05:06 15:08:52 745388 160029.3741
2019:05:06 15:08:52 905384 120023.1612
2019:05:06 15:08:53 145361 200004.7788
2019:05:06 15:08:53 305385 160014.1078
2019:05:06 15:08:53 505383 160025.1421
2019:05:06 15:08:53 701388 156030.3941
2019:05:06 15:08:53 904941 163583.4500
2019:05:06 15:08:54 61387 120011.9480
2019:05:06 15:08:54 223192 125822.9874
2019:05:06 15:08:54 417384 160019.1332
2019:05:06 15:08:54 584025 126668.0211
2019:05:06 15:08:54 777364 160006.6498
2019:05:06 15:08:54 955388 178014.9005
2019:05:06 15:08:55 117380 156322.9002
2019:05:06 15:08:55 276645 123267.2594
2019:05:06 15:08:55 443493 143994.0333
2019:05:06 15:08:55 669386 189887.0058
2019:05:06 15:08:55 883651 182291.6679
2019:05:06 15:08:56 77365 156006.3250
2019:05:06 15:08:56 289396 212021.1497
2019:05:06 15:08:56 453645 156684.3837
2019:05:06 15:08:56 641385 149996.0497
2019:05:06 15:08:56 809388 128023.2631
2019:05:06 15:08:56 981611 144243.8327
2019:05:06 15:08:57 177013 134819.5933
2019:05:06 15:08:57 331207 131886.1060
2019:05:06 15:08:57 509750 144390.5979
2019:05:06 15:08:57 657387 136031.9965
2019:05:06 15:08:57 817381 128017.8651
2019:05:06 15:08:58 9388 160018.2019
2019:05:06 15:08:58 213364 167983.3606
2019:05:06 15:08:58 358519 145145.6025
2019:05:06 15:08:58 533380 136015.5568
2019:05:06 15:08:58 709384 136023.2197
2019:05:06 15:08:58 925382 168023.1914
2019:05:06 15:08:59 141379 184014.6482
2019:05:06 15:08:59 317399 136033.1476
2019:05:06 15:08:59 493515 136157.0209
2019:05:06 15:08:59 682372 141001.5896
2019:05:06 15:08:59 929360 219993.3752
2019:05:06 15:09:00 77384 146774.9663
2019:05:06 15:09:00 253380 136014.6180
2019:05:06 15:09:00 429363 169063.7916
2019:05:06 15:09:00 581388 152015.8499
2019:05:06 15:09:00 777375 144004.3822
2019:05:06 15:09:00 961389 136026.3973
2019:05:06 15:09:01 109391 140520.0064
2019:05:06 15:09:01 287152 137786.6454
2019:05:06 15:09:01 457385 140018.2918
2019:05:06 15:09:01 633389 136019.3789
2019:05:06 15:09:01 849366 175997.1902
2019:05:06 15:09:02 33378 184002.6043
2019:05:06 15:09:02 245363 172002.1628
2019:05:06 15:09:02 427514 182142.0863
2019:05:06 15:09:02 602382 141014.9969
2019:05:06 15:09:02 781386 144003.6967
2019:05:06 15:09:02 913388 125439.3198
2019:05:06 15:09:03 93379 132011.6818
2019:05:06 15:09:03 261378 120015.0251
2019:05:06 15:09:03 439193 145825.4680
2019:05:06 15:09:03 621393 136022.7838
2019:05:06 15:09:03 789388 136030.7559
2019:05:06 15:09:03 973385 136019.0660
2019:05:06 15:09:04 133872 128512.3900
2019:05:06 15:09:04 309383 136005.5469
2019:05:06 15:09:04 453385 104019.8691
2019:05:06 15:09:04 653402 168046.2286
2019:05:06 15:09:04 829384 168763.2054
2019:05:06 15:09:05 29357 167987.5553
2019:05:06 15:09:05 189380 160011.3623
2019:05:06 15:09:05 365385 144018.4005
2019:05:06 15:09:05 573383 164009.2507
2019:05:06 15:09:05 716119 110743.7648
2019:05:06 15:09:05 885376 136019.1517
2019:05:06 15:09:06 53387 128022.7527
2019:05:06 15:09:06 189390 96021.8273
2019:05:06 15:09:06 381385 144024.8340
2019:05:06 15:09:06 793362 379998.0618
2019:05:06 15:09:06 921984 128613.5986
2019:05:06 15:09:07 91961 122590.6834
2019:05:06 15:09:07 255384 138020.3702
2019:05:06 15:09:07 437388 136019.3491
2019:05:06 15:09:07 605387 160789.7878
2019:05:06 15:09:07 821383 176014.1738
2019:05:06 15:09:07 981380 128008.9654
2019:05:06 15:09:08 165379 144013.1925
2019:05:06 15:09:08 373382 168010.8346
2019:05:06 15:09:08 549394 136023.2010
2019:05:06 15:09:08 761389 168017.0372
2019:05:06 15:09:08 937391 136022.1729
2019:05:06 15:09:09 109389 132024.8097
2019:05:06 15:09:09 277388 136024.4490
2019:05:06 15:09:09 425386 100021.5970
2019:05:06 15:09:09 569396 137069.3967
2019:05:06 15:09:09 745385 128018.8486
2019:05:06 15:09:09 913405 136038.4934
2019:05:06 15:09:10 94688 141290.2549
2019:05:06 15:09:10 261399 128022.3839
2019:05:06 15:09:10 533374 232001.8373
2019:05:06 15:09:10 757373 223984.3383
2019:05:06 15:09:10 937393 180006.7089
2019:05:06 15:09:11 93397 108025.2826
2019:05:06 15:09:11 245407 104027.9530
2019:05:06 15:09:11 429398 144024.4503
2019:05:06 15:09:11 685372 215991.1804
2019:05:06 15:09:11 885402 200017.5230
2019:05:06 15:09:12 109398 176004.2757
2019:05:06 15:09:12 326961 169584.3600
2019:05:06 15:09:12 521393 148016.7173
2019:05:06 15:09:12 717391 189383.0560
2019:05:06 15:09:12 933392 168010.4285
2019:05:06 15:09:13 101478 136103.0899
2019:05:06 15:09:13 285405 136029.2844
2019:05:06 15:09:13 457406 140029.6241
2019:05:06 15:09:13 625400 120020.2703
2019:05:06 15:09:13 801389 168261.7664
2019:05:06 15:09:13 977382 128013.2681
2019:05:06 15:09:14 115194 105821.0693
2019:05:06 15:09:14 277385 136022.6758
2019:05:06 15:09:14 461380 136011.9656
2019:05:06 15:09:14 629666 136296.8758
2019:05:06 15:09:14 789386 112016.5661
2019:05:06 15:09:14 929460 108095.9104
2019:05:06 15:09:15 101381 136014.4205
2019:05:06 15:09:15 269388 128029.6370
2019:05:06 15:09:15 453381 144011.0244
2019:05:06 15:09:15 621388 161099.9927
2019:05:06 15:09:15 829381 176024.1054
2019:05:06 15:09:16 5375 136015.6275
2019:05:06 15:09:16 213381 176024.6530
2019:05:06 15:09:16 389393 136034.4924
2019:05:06 15:09:16 549386 128017.3175
2019:05:06 15:09:16 711236 117871.9960
2019:05:06 15:09:16 889391 152035.6350
2019:05:06 15:09:17 101383 164010.8116
2019:05:06 15:09:17 285383 152019.2139
2019:05:06 15:09:17 489403 156035.4903
2019:05:06 15:09:17 672525 151169.6242
2019:05:06 15:09:17 824492 115128.3793
2019:05:06 15:09:18 25362 176007.1218
2019:05:06 15:09:18 205396 180025.4770
2019:05:06 15:09:18 373385 136028.6176
2019:05:06 15:09:18 557393 136024.2479
2019:05:06 15:09:18 765387 168015.3199
2019:05:06 15:09:18 941379 136013.6680
2019:05:06 15:09:19 103219 117848.5006
2019:05:06 15:09:19 277385 136017.1959
2019:05:06 15:09:19 493386 184029.9666
2019:05:06 15:09:19 669399 136027.0754
2019:05:06 15:09:19 877381 168020.0286
2019:05:06 15:09:20 61365 143991.1313
2019:05:06 15:09:20 261363 199988.4807
2019:05:06 15:09:20 397392 136019.5130
2019:05:06 15:09:20 577390 132014.2969
2019:05:06 15:09:20 773382 160021.6664
2019:05:06 15:09:20 973361 155995.6223
2019:05:06 15:09:21 133384 160014.9535
2019:05:06 15:09:21 317385 144015.4798
2019:05:06 15:09:21 473393 116021.4208
2019:05:06 15:09:21 633383 120007.0977
2019:05:06 15:09:21 833388 160031.6875
2019:05:06 15:09:21 993390 120021.2128
2019:05:06 15:09:22 221366 187997.7621
2019:05:06 15:09:22 397389 176013.2387
2019:05:06 15:09:22 566775 129406.8545
2019:05:06 15:09:22 755194 149829.4733
2019:05:06 15:09:22 917391 136026.4905
2019:05:06 15:09:23 93378 136014.6217
2019:05:06 15:09:23 265938 132580.4070
2019:05:06 15:09:23 445388 144031.5358
2019:05:06 15:09:23 621379 136019.8073
2019:05:06 15:09:23 797382 136010.3972
2019:05:06 15:09:24 45363 200006.2391
2019:05:06 15:09:24 229380 184008.0880
2019:05:06 15:09:24 437376 168015.1075
2019:05:06 15:09:24 617384 140018.3253
2019:05:06 15:09:24 785386 128003.5488
2019:05:06 15:09:25 1365 175996.2142
2019:05:06 15:09:25 261361 259984.4784
2019:05:06 15:09:25 429804 168435.1936
2019:05:06 15:09:25 589382 124016.6426
2019:05:06 15:09:25 789384 160025.6301
2019:05:06 15:09:25 981385 160029.0090
2019:05:06 15:09:26 173377 160000.1976
2019:05:06 15:09:26 357376 136006.3106
2019:05:06 15:09:26 517394 120026.8082
2019:05:06 15:09:26 713382 156025.1079
2019:05:06 15:09:26 873390 120017.5360
2019:05:06 15:09:27 73383 153873.3430
2019:05:06 15:09:27 269363 159998.7522
2019:05:06 15:09:27 469400 200027.2535
2019:05:06 15:09:27 633024 123660.2403
2019:05:06 15:09:27 791510 122138.3698
2019:05:06 15:09:28 29388 200023.3904
2019:05:06 15:09:28 234284 164916.7947
2019:05:06 15:09:28 429356 159990.1691
2019:05:06 15:09:28 637372 206501.3833
2019:05:06 15:09:28 797385 160002.7643
2019:05:06 15:09:28 997364 159994.5314
2019:05:06 15:09:29 157387 160011.9658
2019:05:06 15:09:29 357388 160018.5037
2019:05:06 15:09:29 521388 120019.3428
2019:05:06 15:09:29 723981 162604.4773
2019:05:06 15:09:29 921365 160006.5902
2019:05:06 15:09:30 109356 187974.1959
2019:05:06 15:09:30 309383 199584.8306
2019:05:06 15:09:30 469385 120021.2762
2019:05:06 15:09:30 669384 160019.4015
2019:05:06 15:09:30 869388 160020.1912
2019:05:06 15:09:31 69381 160022.7356
2019:05:06 15:09:31 269382 160015.2031
2019:05:06 15:09:31 509364 199986.8825
2019:05:06 15:09:31 669387 160013.0983
2019:05:06 15:09:31 869380 160012.5283
2019:05:06 15:09:32 69381 160023.6520
2019:05:06 15:09:32 233534 124167.8856
2019:05:06 15:09:32 429374 160004.7387
2019:05:06 15:09:32 589392 120024.9083
2019:05:06 15:09:32 753399 120029.2222
2019:05:06 15:09:32 993364 200006.8799
2019:05:06 15:09:33 189362 195986.4087
2019:05:06 15:09:33 389362 199990.7121
2019:05:06 15:09:33 545383 156009.7672
2019:05:06 15:09:33 729383 152006.8981
2019:05:06 15:09:33 917380 156013.3398
2019:05:06 15:09:34 77389 120023.8243
2019:05:06 15:09:34 279365 162007.1158
2019:05:06 15:09:34 477389 160031.2591
2019:05:06 15:09:34 633381 116016.2389
2019:05:06 15:09:34 793385 120021.2277
2019:05:06 15:09:34 960941 127573.4119
2019:05:06 15:09:35 133391 140028.3203
2019:05:06 15:09:35 293393 120027.1882
2019:05:06 15:09:35 493380 160019.6622
2019:05:06 15:09:35 630599 97234.6663
2019:05:06 15:09:35 823394 154024.0608
2019:05:06 15:09:35 981386 157982.5170
2019:05:06 15:09:36 157384 136010.8294
2019:05:06 15:09:36 310210 88833.1383
2019:05:06 15:09:36 493379 136008.1360
2019:05:06 15:09:36 717364 175997.9092
2019:05:06 15:09:36 893405 176033.2435
2019:05:06 15:09:37 13398 112578.1760
2019:05:06 15:09:37 157387 96015.2298
2019:05:06 15:09:37 333387 136018.9319
2019:05:06 15:09:37 497388 132023.2227
2019:05:06 15:09:37 665383 128014.7359
2019:05:06 15:09:37 897385 184005.9347
2019:05:06 15:09:38 61173 115806.5014
2019:05:06 15:09:38 245386 144019.3094
2019:05:06 15:09:38 429403 136035.9862
2019:05:06 15:09:38 653383 176013.4958
2019:05:06 15:09:38 869380 168017.7711
2019:05:06 15:09:39 25383 116023.6262
2019:05:06 15:09:39 189381 132023.3010
2019:05:06 15:09:39 381388 160031.2553
2019:05:06 15:09:39 549377 120013.5015
2019:05:06 15:09:39 689688 108321.2011
2019:05:06 15:09:39 901364 175999.5893
2019:05:06 15:09:40 69389 168014.8616
2019:05:06 15:09:40 253390 136019.2522
2019:05:06 15:09:40 437388 144028.4848
2019:05:06 15:09:40 697365 219995.7967
2019:05:06 15:09:40 873364 175989.1324
2019:05:06 15:09:41 141359 267980.9369
2019:05:06 15:09:41 293604 152234.7890
2019:05:06 15:09:41 465389 140024.9191
2019:05:06 15:09:41 641386 128018.9008
2019:05:06 15:09:41 785104 111739.1102
2019:05:06 15:09:41 925251 107878.0442
2019:05:06 15:09:42 75175 109801.3483
2019:05:06 15:09:42 253402 152023.8630
2019:05:06 15:09:42 421403 120028.7826
2019:05:06 15:09:42 597403 144034.5086
2019:05:06 15:09:42 777396 136018.9281
2019:05:06 15:09:42 912823 103444.9637
2019:05:06 15:09:43 77405 140043.9553
2019:05:06 15:09:43 285395 168031.1970
2019:05:06 15:09:43 469392 144020.1811
2019:05:06 15:09:43 733372 224008.2398
2019:05:06 15:09:43 933374 199984.9714
2019:05:06 15:09:44 117396 184006.3967
2019:05:06 15:09:44 277402 153838.8655
2019:05:06 15:09:44 536381 219001.5242
2019:05:06 15:09:44 715796 170438.2338
2019:05:06 15:09:44 893401 136024.6763
2019:05:06 15:09:45 61398 136032.3355
2019:05:06 15:09:45 237403 136030.4318
2019:05:06 15:09:45 404381 127005.9645
2019:05:06 15:09:45 577392 136030.5138
2019:05:06 15:09:45 753397 136020.3885
2019:05:06 15:09:45 913392 128015.1084
2019:05:06 15:09:46 73379 152141.7871
2019:05:06 15:09:46 261380 152014.8888
2019:05:06 15:09:46 469393 160026.8669
2019:05:06 15:09:46 653384 152015.3433
2019:05:06 15:09:46 853361 151998.1287
2019:05:06 15:09:47 37379 184010.3306
2019:05:06 15:09:47 245362 159995.7086
2019:05:06 15:09:47 431817 186446.3687
2019:05:06 15:09:47 693435 216065.3323
2019:05:06 15:09:47 861394 146137.7814
2019:05:06 15:09:48 61392 160023.4397
2019:05:06 15:09:48 308177 206811.5026
2019:05:06 15:09:48 509390 168032.6350
2019:05:06 15:09:48 693328 135960.5454
2019:05:06 15:09:48 937383 208004.5715
2019:05:06 15:09:49 221357 236001.8641
2019:05:06 15:09:49 641363 418011.1624
2019:05:06 15:09:49 829385 188011.7618
2019:05:06 15:09:50 37415 160051.4092
2019:05:06 15:09:50 449393 364021.3013
2019:05:06 15:09:50 649384 160027.9845
2019:05:06 15:09:50 809382 120018.0426
2019:05:06 15:09:50 972330 122964.5237
2019:05:06 15:09:51 144027 134670.0341
2019:05:06 15:09:51 277579 118083.0747
2019:05:06 15:09:51 413389 125360.3771
2019:05:06 15:09:51 560902 134359.5162
2019:05:06 15:09:51 709973 142446.5701
2019:05:06 15:09:51 859471 136768.5944
2019:05:06 15:09:52 37256 170804.7204
2019:05:06 15:09:52 212954 149516.0274
2019:05:06 15:09:52 367346 133075.9637
2019:05:06 15:09:52 541017 154439.8144
2019:05:06 15:09:52 686417 136543.7508
2019:05:06 15:09:52 846991 130688.2538
2019:05:06 15:09:53 28860 170026.0788
2019:05:06 15:09:53 218934 170442.6296
2019:05:06 15:09:53 420010 192084.7818
2019:05:06 15:09:53 595552 171812.6796
2019:05:06 15:09:53 771461 165058.8885
2019:05:06 15:09:53 939848 140918.5492
2019:05:06 15:09:54 163048 211772.7995
2019:05:06 15:09:54 373976 205761.7009
2019:05:06 15:09:54 525943 148421.5073
2019:05:06 15:09:54 675031 138441.3503
2019:05:06 15:09:54 842553 142518.2447
2019:05:06 15:09:54 993726 133173.4359
2019:05:06 15:09:55 142032 137729.4771
2019:05:06 15:09:55 298046 146646.2463
2019:05:06 15:09:55 460242 136357.1733
2019:05:06 15:09:55 617519 146207.8765
2019:05:06 15:09:55 785848 158519.4729
2019:05:06 15:09:55 997366 191348.3217
2019:05:06 15:09:56 183781 186403.4683
2019:05:06 15:09:56 329060 136532.7649
2019:05:06 15:09:56 472747 136343.2929
2019:05:06 15:09:56 633325 137256.1194
2019:05:06 15:09:56 813089 169529.6131
2019:05:06 15:09:56 976656 139773.9798
2019:05:06 15:09:57 139142 148847.5986
2019:05:06 15:09:57 319837 156144.5817
2019:05:06 15:09:57 467249 135579.4035
2019:05:06 15:09:57 643633 167836.6922
2019:05:06 15:09:57 771488 126092.6686
2019:05:06 15:09:57 905877 122396.5585
2019:05:06 15:09:58 75434 134069.2006
2019:05:06 15:09:58 273365 159992.3894
2019:05:06 15:09:58 423173 149798.1176
2019:05:06 15:09:58 629385 200499.4266
2019:05:06 15:09:58 829363 159996.5952
2019:05:06 15:09:58 989615 160240.2031
2019:05:06 15:09:59 625386 160025.8909
2019:05:06 15:09:59 825387 160013.8657
2019:05:06 15:10:00 25383 160015.6203
2019:05:06 15:10:00 185383 152063.2803
2019:05:06 15:10:00 425362 200004.8757
2019:05:06 15:10:00 585386 160015.8475
2019:05:06 15:10:00 745382 120013.1513
2019:05:06 15:10:00 945379 160014.1264
2019:05:06 15:10:01 151871 166514.2514
2019:05:06 15:10:01 371301 185937.0321
2019:05:06 15:10:01 533202 161778.8300
2019:05:06 15:10:01 741397 172041.0362
2019:05:06 15:10:01 957367 176008.1239
2019:05:06 15:10:02 147166 189788.9934
2019:05:06 15:10:02 318780 143767.0849
2019:05:06 15:10:02 502691 145322.4979
2019:05:06 15:10:02 669395 147449.1842
2019:05:06 15:10:02 837385 128021.6984
2019:05:06 15:10:03 1140 131775.5617
2019:05:06 15:10:03 225357 195997.2940
2019:05:06 15:10:03 393383 162050.4558
2019:05:06 15:10:03 621391 180032.4395
2019:05:06 15:10:03 861393 192021.8617
2019:05:06 15:10:04 81340 167981.0844
2019:05:06 15:10:04 265367 184007.0039
2019:05:06 15:10:04 425385 160008.8961
2019:05:06 15:10:04 602252 136895.4405
2019:05:06 15:10:04 761396 138632.7781
2019:05:06 15:10:04 941390 140032.0791
2019:05:06 15:10:05 105385 124024.2310
2019:05:06 15:10:05 265382 120017.8713
2019:05:06 15:10:05 445363 172638.3567
2019:05:06 15:10:05 579127 133755.1959
2019:05:06 15:10:05 757374 158149.2387
2019:05:06 15:10:05 921365 163982.0226
2019:05:06 15:10:06 141389 220014.3114
2019:05:06 15:10:06 313379 171980.3177
2019:05:06 15:10:06 469394 116034.9846
2019:05:06 15:10:06 661385 148020.8822
2019:05:06 15:10:06 817395 116029.8102
2019:05:06 15:10:07 13384 156024.7131
2019:05:06 15:10:07 209381 156016.2753
2019:05:06 15:10:07 379230 121861.5323
2019:05:06 15:10:07 537376 120010.7709
2019:05:06 15:10:07 717391 140023.9691
2019:05:06 15:10:07 957390 160020.4371
2019:05:06 15:10:08 181367 216833.1817
2019:05:06 15:10:08 341385 160007.3352
2019:05:06 15:10:08 504789 123412.9965
2019:05:06 15:10:08 661385 124019.6861
2019:05:06 15:10:08 827531 126152.7762
2019:05:06 15:10:08 982366 120996.8142
2019:05:06 15:10:09 150294 128924.9621
2019:05:06 15:10:09 341407 156045.6455
2019:05:06 15:10:09 605366 224008.5118
2019:05:06 15:10:09 821365 215990.4242
2019:05:06 15:10:09 965777 144400.1496
2019:05:06 15:10:10 130018 128661.8263
2019:05:06 15:10:10 317369 164003.4914
2019:05:06 15:10:10 541366 223986.2941
2019:05:06 15:10:10 685391 144014.8391
2019:05:06 15:10:10 882038 148679.3831
2019:05:06 15:10:11 37269 127907.5444
2019:05:06 15:10:11 223394 146018.6578
2019:05:06 15:10:11 401384 144020.4419
2019:05:06 15:10:11 578306 128937.4270
2019:05:06 15:10:11 767928 162560.9621
2019:05:06 15:10:11 929752 116382.9416
2019:05:06 15:10:12 89386 124008.0111
2019:05:06 15:10:12 285395 148024.6037
2019:05:06 15:10:12 449380 136023.6928
2019:05:06 15:10:12 613389 117996.0109
2019:05:06 15:10:12 793382 148006.5547
2019:05:06 15:10:12 985380 144013.1664
2019:05:06 15:10:13 173385 180801.7306
2019:05:06 15:10:13 417397 196034.5656
2019:05:06 15:10:13 633396 161961.5033
2019:05:06 15:10:13 799938 134572.7369
2019:05:06 15:10:13 977403 136025.3729
2019:05:06 15:10:14 141407 124016.5271
2019:05:06 15:10:14 421365 240003.0755
2019:05:06 15:10:14 589405 168025.2850
2019:05:06 15:10:14 777397 180426.5492
2019:05:06 15:10:14 961397 136021.1037
2019:05:06 15:10:15 125394 124024.9425
2019:05:06 15:10:15 285439 120066.6912
2019:05:06 15:10:15 485392 160030.1899
2019:05:06 15:10:15 645396 120022.2410
2019:05:06 15:10:15 805396 120020.2145
2019:05:06 15:10:16 5414 160051.4725
2019:05:06 15:10:16 165408 120029.7624
2019:05:06 15:10:16 405375 200002.6368
2019:05:06 15:10:16 565393 160003.9005
2019:05:06 15:10:16 725400 153214.9017
2019:05:06 15:10:16 965389 200024.5340
2019:05:06 15:10:17 125399 120022.6881
2019:05:06 15:10:17 325399 160038.7804
2019:05:06 15:10:17 490463 125091.7315
2019:05:06 15:10:17 695290 165903.5832
2019:05:06 15:10:17 849391 120014.5483
2019:05:06 15:10:18 9383 120010.5883
2019:05:06 15:10:18 165387 116009.7681
2019:05:06 15:10:18 365381 160023.4210
2019:05:06 15:10:18 525386 120017.9122
2019:05:06 15:10:18 725381 160020.0683
2019:05:06 15:10:18 965383 200016.2490
2019:05:06 15:10:19 171437 166078.8395
2019:05:06 15:10:19 365384 160027.7647
2019:05:06 15:10:19 556045 150688.1639
2019:05:06 15:10:19 801365 203991.0480
2019:05:06 15:10:19 985385 184010.8335
2019:05:06 15:10:20 197380 164000.3808
2019:05:06 15:10:20 365386 136021.6923
2019:05:06 15:10:20 534147 116766.9855
2019:05:06 15:10:20 713388 152026.0349
2019:05:06 15:10:20 873388 120021.9952
2019:05:06 15:10:21 34669 121302.3029
2019:05:06 15:10:21 237392 164035.3315
2019:05:06 15:10:21 473386 190522.5143
2019:05:06 15:10:21 713362 200005.3860
2019:05:06 15:10:21 873387 160014.3984
2019:05:06 15:10:22 33383 120014.4812
2019:05:06 15:10:22 237392 164033.7519
2019:05:06 15:10:22 437382 160012.2154
2019:05:06 15:10:22 637364 160005.5993
2019:05:06 15:10:22 793395 156022.3326
2019:05:06 15:10:22 953383 152506.1093
2019:05:06 15:10:23 157382 164018.1988
2019:05:06 15:10:23 357385 160015.5048
2019:05:06 15:10:23 557368 160000.2684
2019:05:06 15:10:23 717391 160009.8051
2019:05:06 15:10:23 905382 148012.0681
2019:05:06 15:10:24 101383 164005.0970
2019:05:06 15:10:24 265981 124612.7039
2019:05:06 15:10:24 427785 126423.6197
2019:05:06 15:10:24 661367 199996.0393
2019:05:06 15:10:24 821394 160017.3414
2019:05:06 15:10:25 61364 200007.0810
2019:05:06 15:10:25 253379 192005.5673
2019:05:06 15:10:25 465379 164008.8893
2019:05:06 15:10:25 607027 136017.1176
2019:05:06 15:10:25 821357 171989.3776
2019:05:06 15:10:25 981383 158526.9310
2019:05:06 15:10:26 157386 136024.3782
2019:05:06 15:10:26 349403 144039.2360
2019:05:06 15:10:26 599464 178094.2380
2019:05:06 15:10:26 793388 188175.5851
2019:05:06 15:10:26 993389 160023.3391
2019:05:06 15:10:27 161912 128543.8947
2019:05:06 15:10:27 357383 160014.5772
2019:05:06 15:10:27 557365 159997.5936
2019:05:06 15:10:27 719766 162387.4158
2019:05:06 15:10:27 917364 160005.9569
2019:05:06 15:10:28 77382 160008.8030
2019:05:06 15:10:28 237388 120022.0771
2019:05:06 15:10:28 478450 201093.3906
2019:05:06 15:10:28 686376 169009.6781
2019:05:06 15:10:28 881384 160011.5784
2019:05:06 15:10:29 41381 120016.3364
2019:05:06 15:10:29 221381 140016.9171
2019:05:06 15:10:29 425376 164009.2880
2019:05:06 15:10:29 585424 120054.5207
2019:05:06 15:10:29 825391 192883.3127
2019:05:06 15:10:29 985386 120011.5122
2019:05:06 15:10:30 221381 196016.7922
2019:05:06 15:10:30 461396 200027.6931
2019:05:06 15:10:30 659404 158046.5958
2019:05:06 15:10:30 809388 120023.1239
2019:05:06 15:10:30 971454 122079.8604
2019:05:06 15:10:31 165366 156000.2193
2019:05:06 15:10:31 339247 173870.0569
2019:05:06 15:10:31 538754 165395.7032
2019:05:06 15:10:31 693386 120021.0452
2019:05:06 15:10:31 854965 121601.5443
2019:05:06 15:10:32 13389 120021.8983
2019:05:06 15:10:32 178573 125203.5312
2019:05:06 15:10:32 373376 160006.0575
2019:05:06 15:10:32 573380 160014.9795
2019:05:06 15:10:32 733387 120017.1448
2019:05:06 15:10:32 893392 120025.0275
2019:05:06 15:10:33 53384 120009.7278
2019:05:06 15:10:33 217384 124016.2998
2019:05:06 15:10:33 393385 140019.6776
2019:05:06 15:10:33 548610 115242.6600
2019:05:06 15:10:33 717382 138837.5685
2019:05:06 15:10:33 905384 148017.0265
2019:05:06 15:10:34 157369 220014.3561
2019:05:06 15:10:34 325364 167982.5075
2019:05:06 15:10:34 541472 216098.6066
2019:05:06 15:10:34 686447 144963.9797
2019:05:06 15:10:34 845388 128023.3003
2019:05:06 15:10:35 65363 178211.0408
2019:05:06 15:10:35 237385 172012.1205
2019:05:06 15:10:35 413374 168274.0003
2019:05:06 15:10:35 613380 160024.3226
2019:05:06 15:10:35 797388 144011.3075
2019:05:06 15:10:35 965379 120004.8849
2019:05:06 15:10:36 165381 160021.6888
2019:05:06 15:10:36 405377 200006.7346
2019:05:06 15:10:36 605379 160012.4128
2019:05:06 15:10:36 809391 164024.2264
2019:05:06 15:10:36 969385 120014.3993
2019:05:06 15:10:37 245358 235992.7222
2019:05:06 15:10:37 401396 155877.9031
2019:05:06 15:10:37 601395 160031.2479
2019:05:06 15:10:37 761384 120014.2317
2019:05:06 15:10:37 922623 121257.6553
2019:05:06 15:10:38 109381 148014.1804
2019:05:06 15:10:38 309361 159994.4979
2019:05:06 15:10:38 476007 166636.9662
2019:05:06 15:10:38 667401 158035.9936
2019:05:06 15:10:38 820079 122719.2879
2019:05:06 15:10:38 977397 120026.6443
2019:05:06 15:10:39 133383 116024.2334
2019:05:06 15:10:39 293389 120019.2533
2019:05:06 15:10:39 493399 160030.6034
2019:05:06 15:10:39 813365 280008.4315
2019:05:06 15:10:39 973384 160008.7620
2019:05:06 15:10:40 173388 160021.7931
2019:05:06 15:10:40 373361 159996.3158
2019:05:06 15:10:40 573363 199987.7468
2019:05:06 15:10:40 733392 160018.3845
2019:05:06 15:10:40 893388 120013.3488
2019:05:06 15:10:41 53387 120019.8419
2019:05:06 15:10:41 216553 123188.3764
2019:05:06 15:10:41 381202 127830.9412
2019:05:06 15:10:41 537395 120037.7718
2019:05:06 15:10:41 777386 200018.8753
2019:05:06 15:10:41 937398 120033.0257
2019:05:06 15:10:42 133365 155993.1673
2019:05:06 15:10:42 293383 160006.5753
2019:05:06 15:10:42 453389 120013.2668
2019:05:06 15:10:42 613385 120014.4850
2019:05:06 15:10:42 775435 122069.3029
2019:05:06 15:10:43 13367 200001.7986
2019:05:06 15:10:43 173380 160002.6339
2019:05:06 15:10:43 333390 120024.0441
2019:05:06 15:10:43 493389 120023.7647
2019:05:06 15:10:43 693369 160001.7063
2019:05:06 15:10:43 854679 161297.9770
2019:05:06 15:10:44 13384 152584.6310
2019:05:06 15:10:44 173388 120022.3900
2019:05:06 15:10:44 373384 160018.2876
2019:05:06 15:10:44 537039 123674.0425
2019:05:06 15:10:44 699252 125886.3099
2019:05:06 15:10:44 897402 160016.8981
2019:05:06 15:10:45 57385 120017.6142
2019:05:06 15:10:45 215761 122390.9073
2019:05:06 15:10:45 417390 162717.5622
2019:05:06 15:10:45 617364 160000.9985
2019:05:06 15:10:45 777387 160012.7593
2019:05:06 15:10:45 977398 160038.9332
2019:05:06 15:10:46 173399 156023.0739
2019:05:06 15:10:46 373400 160017.3600
2019:05:06 15:10:46 538386 125013.8804
2019:05:06 15:10:46 729397 156015.8916
2019:05:06 15:10:46 929373 160008.6242
2019:05:06 15:10:47 92959 163570.2476
2019:05:06 15:10:47 245399 120026.8567
2019:05:06 15:10:47 445399 120024.8711
2019:05:06 15:10:47 605395 120020.4007
2019:05:06 15:10:47 765404 120018.6349
2019:05:06 15:10:47 925397 120020.0394
2019:05:06 15:10:48 125371 159992.1137
2019:05:06 15:10:48 285394 160012.5879
2019:05:06 15:10:48 445392 120019.9164
2019:05:06 15:10:48 605399 120023.0978
2019:05:06 15:10:48 765414 120041.4635
2019:05:06 15:10:48 925405 154303.7668
2019:05:06 15:10:49 85400 152099.1474
2019:05:06 15:10:49 325374 199999.1797
2019:05:06 15:10:49 509393 184005.1934
2019:05:06 15:10:49 733385 188022.9227
2019:05:06 15:10:49 942943 169566.6425
2019:05:06 15:10:50 141357 192682.5903
2019:05:06 15:10:50 341377 197714.5486
2019:05:06 15:10:50 501373 152124.9302
2019:05:06 15:10:50 661384 120024.0329
2019:05:06 15:10:50 861382 160023.8234
2019:05:06 15:10:51 61381 160013.3702
2019:05:06 15:10:51 222901 121531.5089
2019:05:06 15:10:51 421390 160022.9144
2019:05:06 15:10:51 587428 126063.8908
2019:05:06 15:10:51 781387 160020.0832
2019:05:06 15:10:52 61356 239986.4830
2019:05:06 15:10:52 221390 156791.2064
2019:05:06 15:10:52 421393 160021.8453
2019:05:06 15:10:52 581382 152253.7321
2019:05:06 15:10:52 825365 204007.5362
2019:05:06 15:10:52 985381 160008.0989
2019:05:06 15:10:53 149381 156227.5812
2019:05:06 15:10:53 309381 120006.4011
2019:05:06 15:10:53 505363 159993.3244
2019:05:06 15:10:53 667740 162367.8282
2019:05:06 15:10:53 837364 131998.8333
2019:05:06 15:10:53 993384 156012.6208
2019:05:06 15:10:54 181381 140015.0768
2019:05:06 15:10:54 353386 124018.4680
2019:05:06 15:10:54 529400 136034.8985
2019:05:06 15:10:54 713382 144018.3036
2019:05:06 15:10:54 873383 120016.2470
2019:05:06 15:10:55 73375 160003.7552
2019:05:06 15:10:55 277394 160022.8995
2019:05:06 15:10:55 437390 120019.3614
2019:05:06 15:10:55 677392 200034.6929
2019:05:06 15:10:55 837391 153252.2477
2019:05:06 15:10:56 37365 192204.5834
2019:05:06 15:10:56 237364 199988.2981
2019:05:06 15:10:56 437364 199989.7808
2019:05:06 15:10:56 605385 168010.8793
2019:05:06 15:10:56 765383 153893.2398
2019:05:06 15:10:56 973364 170584.9655
2019:05:06 15:10:57 149361 175987.5380
2019:05:06 15:10:57 325414 176043.9165
2019:05:06 15:10:57 497381 140012.8640
2019:05:06 15:10:57 681377 177400.2947
2019:05:06 15:10:57 824710 136891.9797
2019:05:06 15:10:58 33366 184004.0870
2019:05:06 15:10:58 181389 148011.7925
2019:05:06 15:10:58 341395 128040.2988
2019:05:06 15:10:58 541384 152027.9795
2019:05:06 15:10:58 727449 154092.0883
2019:05:06 15:10:58 894539 121173.8549
2019:05:06 15:10:59 61406 136040.4417
2019:05:06 15:10:59 245380 136015.2848
2019:05:06 15:10:59 413394 136030.3275
2019:05:06 15:10:59 589385 136027.0046
2019:05:06 15:10:59 789384 160015.5346
2019:05:06 15:10:59 973384 144007.5599
2019:05:06 15:11:00 181363 167998.9770
2019:05:06 15:11:00 397375 216002.5202
2019:05:06 15:11:00 597357 199970.1262
2019:05:06 15:11:00 785366 181988.5783
2019:05:06 15:11:00 993380 208004.1580
2019:05:06 15:11:01 135809 142417.7364
2019:05:06 15:11:01 301381 128018.1520
2019:05:06 15:11:01 481384 140019.3684
2019:05:06 15:11:01 665397 136026.9599
2019:05:06 15:11:01 921362 223993.3647
2019:05:06 15:11:02 317368 395997.7925
2019:05:06 15:11:02 485384 168003.2462
2019:05:06 15:11:02 737377 212003.2012
2019:05:06 15:11:02 913392 144025.4189
2019:05:06 15:11:03 57386 137378.6256
2019:05:06 15:11:03 229393 128022.1194
2019:05:06 15:11:03 409384 140026.8339
2019:05:06 15:11:03 555697 139260.1989
2019:05:06 15:11:03 706425 121062.2229
2019:05:06 15:11:03 897379 144009.4523
2019:05:06 15:11:04 73386 144015.6102
2019:05:06 15:11:04 285380 160001.6467
2019:05:06 15:11:04 428925 137623.9620
2019:05:06 15:11:04 641374 180007.5397
2019:05:06 15:11:04 765385 123999.1859
2019:05:06 15:11:04 949384 144016.6049
2019:05:06 15:11:05 157395 168029.2152
2019:05:06 15:11:05 417366 220008.7123
2019:05:06 15:11:05 595434 178059.2352
2019:05:06 15:11:05 905366 263995.6735
2019:05:06 15:11:06 74655 169275.5967
2019:05:06 15:11:06 293380 167999.3011
2019:05:06 15:11:06 517376 184009.0118
2019:05:06 15:11:06 689415 132050.6632
2019:05:06 15:11:06 861378 144014.5224
2019:05:06 15:11:07 5500 96132.6659
2019:05:06 15:11:07 197377 144011.3299
2019:05:06 15:11:07 389390 144023.0533
2019:05:06 15:11:07 581390 144012.8163
2019:05:06 15:11:07 728131 98764.2482
2019:05:06 15:11:07 917380 144009.3964
2019:05:06 15:11:08 109384 144015.4314
2019:05:06 15:11:08 324887 167526.7555
2019:05:06 15:11:08 477382 128017.9173
2019:05:06 15:11:08 669399 144036.3899
2019:05:06 15:11:08 865386 168020.1478
2019:05:06 15:11:09 57381 144007.3848
2019:05:06 15:11:09 219479 126110.9225
2019:05:06 15:11:09 389388 128021.9257
2019:05:06 15:11:09 545380 136013.7165
2019:05:06 15:11:09 761419 176060.6691
2019:05:06 15:11:09 969379 176023.2337
2019:05:06 15:11:10 149385 132014.5279
2019:05:06 15:11:10 317391 136026.5762
2019:05:06 15:11:10 533391 176031.7236
2019:05:06 15:11:10 718508 153143.8567
2019:05:06 15:11:10 893380 132014.1442
2019:05:06 15:11:11 141366 200006.4701
2019:05:06 15:11:11 325363 183988.3104
2019:05:06 15:11:11 501383 176011.3575
2019:05:06 15:11:11 773364 224001.5529
2019:05:06 15:11:11 989365 215984.1545
2019:05:06 15:11:12 149383 160007.5439
2019:05:06 15:11:12 325382 168405.6036
2019:05:06 15:11:12 521385 148015.8195
2019:05:06 15:11:12 741386 172024.6002
2019:05:06 15:11:12 973380 184016.5593
2019:05:06 15:11:13 196910 175553.5081
2019:05:06 15:11:13 389393 160032.8237
2019:05:06 15:11:13 593358 159995.2206
2019:05:06 15:11:13 793396 197969.5894
2019:05:06 15:11:14 85362 251990.1842
2019:05:06 15:11:14 251598 166220.8959
2019:05:06 15:11:14 445395 160031.4789
2019:05:06 15:11:14 641363 156003.5162
2019:05:06 15:11:14 789397 148023.5867
2019:05:06 15:11:15 21394 192034.5984
2019:05:06 15:11:15 205389 144022.7777
2019:05:06 15:11:15 413365 167991.7760
2019:05:06 15:11:15 549390 136012.1556
2019:05:06 15:11:15 789382 192010.0451
2019:05:06 15:11:16 37413 216050.5392
2019:05:06 15:11:16 253380 144015.0738
2019:05:06 15:11:16 437377 154485.9149
2019:05:06 15:11:16 597378 128014.1175
2019:05:06 15:11:16 745390 140779.7001
2019:05:06 15:11:16 912239 158903.6845
2019:05:06 15:11:17 157363 212008.3161
2019:05:06 15:11:17 320989 163614.4407
2019:05:06 15:11:17 480313 122939.6276
2019:05:06 15:11:17 673386 160014.0110
2019:05:06 15:11:17 833385 120018.8622
2019:05:06 15:11:17 994368 121001.6571
2019:05:06 15:11:18 157392 124013.7853
2019:05:06 15:11:18 317920 120541.1218
2019:05:06 15:11:18 477398 120019.7116
2019:05:06 15:11:18 677393 160031.0244
2019:05:06 15:11:18 834002 120632.0114
2019:05:06 15:11:18 993395 152440.2089
2019:05:06 15:11:19 197402 164034.4523
2019:05:06 15:11:19 362021 124657.9625
2019:05:06 15:11:19 557400 160027.9547
2019:05:06 15:11:19 757403 160027.6083
2019:05:06 15:11:19 917422 120046.2095
2019:05:06 15:11:20 117399 160015.4936
2019:05:06 15:11:20 277398 120030.6527
2019:05:06 15:11:20 477377 160003.8745
2019:05:06 15:11:20 637396 160004.8654
2019:05:06 15:11:20 800505 123127.4046
2019:05:06 15:11:20 963931 126561.3176
2019:05:06 15:11:21 157398 160031.4192
2019:05:06 15:11:21 317404 120035.0262
2019:05:06 15:11:21 515633 158267.3974
2019:05:06 15:11:21 673394 120022.4198
2019:05:06 15:11:21 838795 125415.0458
2019:05:06 15:11:21 993405 120015.1816
2019:05:06 15:11:22 197400 164042.9795
2019:05:06 15:11:22 397389 160033.6209
2019:05:06 15:11:22 597398 160040.0135
2019:05:06 15:11:22 789388 152026.2100
2019:05:06 15:11:22 989384 160017.3563
2019:05:06 15:11:23 149385 120009.8507
2019:05:06 15:11:23 349368 160000.3093
2019:05:06 15:11:23 517263 167886.7154
2019:05:06 15:11:23 749361 199995.6407
2019:05:06 15:11:23 911291 161919.3070
2019:05:06 15:11:24 109386 160018.0715
2019:05:06 15:11:24 311844 162480.0824
2019:05:06 15:11:24 476953 127588.5180
2019:05:06 15:11:24 669384 160027.0532
2019:05:06 15:11:24 881377 172007.2292
2019:05:06 15:11:25 81378 160009.8945
2019:05:06 15:11:25 269362 160000.0709
2019:05:06 15:11:25 641360 371985.3945
2019:05:06 15:11:25 887524 206160.4895
2019:05:06 15:11:26 81393 160023.4434
2019:05:06 15:11:26 269394 160026.2299
2019:05:06 15:11:26 429381 120006.8183
2019:05:06 15:11:26 605389 136022.0723
2019:05:06 15:11:26 781382 128013.0967
2019:05:06 15:11:26 997391 184036.2698
2019:05:06 15:11:27 165362 160476.2487
2019:05:06 15:11:27 365365 199992.7759
2019:05:06 15:11:27 533369 167993.4151
2019:05:06 15:11:27 701381 168001.2569
2019:05:06 15:11:27 865476 116108.6299
2019:05:06 15:11:28 8816 115452.3678
2019:05:06 15:11:28 181389 128019.9960
2019:05:06 15:11:28 341391 128024.2503
2019:05:06 15:11:28 565380 184023.6224
2019:05:06 15:11:28 733384 136017.2443
2019:05:06 15:11:28 909385 136017.9782
2019:05:06 15:11:29 82361 132988.1847
2019:05:06 15:11:29 260935 143576.5699
2019:05:06 15:11:29 433380 132008.8618
2019:05:06 15:11:29 593534 128170.6244
2019:05:06 15:11:29 755727 114354.0964
2019:05:06 15:11:29 929382 144023.1130
2019:05:06 15:11:30 117383 140009.8428
2019:05:06 15:11:30 317386 192198.5522
2019:05:06 15:11:30 477387 120018.0277
2019:05:06 15:11:30 644137 126778.9155
2019:05:06 15:11:30 813383 136026.5985
2019:05:06 15:11:31 13386 160028.4837
2019:05:06 15:11:31 213365 193227.0564
2019:05:06 15:11:31 413363 199989.1624
2019:05:06 15:11:31 579633 166260.8497
2019:05:06 15:11:31 733386 120018.9590
2019:05:06 15:11:31 933385 160026.1927
2019:05:06 15:11:32 133386 160019.1109
2019:05:06 15:11:32 300517 127159.7892
2019:05:06 15:11:32 454124 120758.5856
2019:05:06 15:11:32 659709 200287.6922
2019:05:06 15:11:32 849395 156036.2801
2019:05:06 15:11:33 49392 160024.6839
2019:05:06 15:11:33 211489 126125.6598
2019:05:06 15:11:33 449398 164029.3151
2019:05:06 15:11:33 609390 120020.1251
2019:05:06 15:11:33 809388 160022.1284
2019:05:06 15:11:34 9383 160019.8634
2019:05:06 15:11:34 205376 156009.0557
2019:05:06 15:11:34 365750 120381.1653
2019:05:06 15:11:34 541388 136021.0814
2019:05:06 15:11:34 817365 227990.3367
2019:05:06 15:11:34 982583 165208.9618
2019:05:06 15:11:35 187357 169993.5049
2019:05:06 15:11:35 346296 124915.5365
2019:05:06 15:11:35 508516 141744.0027
2019:05:06 15:11:35 647751 124496.8064
2019:05:06 15:11:35 814170 158692.9113
2019:05:06 15:11:35 972538 144816.8792
2019:05:06 15:11:36 164222 160963.7141
2019:05:06 15:11:36 335022 139685.9437
2019:05:06 15:11:36 493367 137856.3941
2019:05:06 15:11:36 629606 136229.7088
2019:05:06 15:11:36 784809 145436.1565
2019:05:06 15:11:36 936755 141292.6950
2019:05:06 15:11:37 110433 134954.5531
2019:05:06 15:11:37 272909 153433.6805
2019:05:06 15:11:37 417650 136244.5764
2019:05:06 15:11:37 609389 173160.3220
2019:05:06 15:11:37 769390 120022.2373
2019:05:06 15:11:37 969365 159994.4569
2019:05:06 15:11:38 101381 132006.5744
2019:05:06 15:11:38 301390 160033.8444
2019:05:06 15:11:38 461393 152454.7674
2019:05:06 15:11:38 623121 121759.6084
2019:05:06 15:11:38 822203 160844.0764
2019:05:06 15:11:39 26163 164805.4384
2019:05:06 15:11:39 183612 126784.9952
2019:05:06 15:11:39 340781 150408.9050
2019:05:06 15:11:39 475111 111822.7132
2019:05:06 15:11:39 637392 128024.1907
2019:05:06 15:11:39 813380 128006.6632
2019:05:06 15:11:39 991175 145811.4311
2019:05:06 15:11:40 201367 176008.3549
2019:05:06 15:11:40 395004 193626.1952
2019:05:06 15:11:40 569384 169049.6355
2019:05:06 15:11:40 746059 140701.2567
2019:05:06 15:11:40 909373 132003.8512
2019:05:06 15:11:41 61385 116017.3640
2019:05:06 15:11:41 220333 134978.4397
2019:05:06 15:11:41 373385 128030.0878
2019:05:06 15:11:41 561384 160010.8892
2019:05:06 15:11:41 785381 192026.7008
2019:05:06 15:11:41 957385 132007.0177
2019:05:06 15:11:42 141392 144024.6403
2019:05:06 15:11:42 349388 168029.1966
2019:05:06 15:11:42 540915 151543.1292
2019:05:06 15:11:42 713385 140027.6311
2019:05:06 15:11:42 881379 136014.8005
2019:05:06 15:11:43 85390 156023.3682
2019:05:06 15:11:43 253383 160333.0858
2019:05:06 15:11:43 405394 144841.0600
2019:05:06 15:11:43 589393 152028.0652
2019:05:06 15:11:43 765384 169371.5639
2019:05:06 15:11:43 933388 162874.5906
2019:05:06 15:11:44 83034 101662.4458
2019:05:06 15:11:44 221053 103687.0405
2019:05:06 15:11:44 377941 132575.9776
2019:05:06 15:11:44 533388 112013.5263
2019:05:06 15:11:44 689378 124011.6097
2019:05:06 15:11:44 861382 140019.1300
2019:05:06 15:11:45 45390 144025.4822
2019:05:06 15:11:45 245383 168300.6510
2019:05:06 15:11:45 441380 156014.4536
2019:05:06 15:11:45 585383 104020.3460
2019:05:06 15:11:45 745389 128022.3355
2019:05:06 15:11:45 897559 80189.6863
2019:05:06 15:11:46 69382 132016.6960
2019:05:06 15:11:46 245381 169258.4455
2019:05:06 15:11:46 433703 148339.3982
2019:05:06 15:11:46 589382 128016.1478
2019:05:06 15:11:46 773362 151998.0431
2019:05:06 15:11:46 909384 136012.6138
2019:05:06 15:11:47 131267 189911.3059
2019:05:06 15:11:47 301385 136020.8094
2019:05:06 15:11:47 461391 128024.4812
2019:05:06 15:11:47 621392 120022.1777
2019:05:06 15:11:47 781386 120024.9046
2019:05:06 15:11:47 941390 128024.5967
2019:05:06 15:11:48 173379 192021.6009
2019:05:06 15:11:48 375989 162625.8306
2019:05:06 15:11:48 549379 144014.3473
2019:05:06 15:11:48 673754 84380.4404
2019:05:06 15:11:48 825393 124032.4341
2019:05:06 15:11:48 993386 136015.3593
2019:05:06 15:11:49 141393 108029.4400
2019:05:06 15:11:49 309391 128031.2538
2019:05:06 15:11:49 456501 139267.5564
2019:05:06 15:11:49 601385 112023.9906
2019:05:06 15:11:49 762449 129087.8467
2019:05:06 15:11:49 945373 151767.2539
2019:05:06 15:11:50 65503 120113.6522
2019:05:06 15:11:50 221397 128025.6361
2019:05:06 15:11:50 382190 120816.7262
2019:05:06 15:11:50 525393 104017.3545
2019:05:06 15:11:50 659938 102563.6196
2019:05:06 15:11:50 809391 116009.4403
2019:05:06 15:11:50 977393 128003.7016
2019:05:06 15:11:51 141397 163990.6429
2019:05:06 15:11:51 301401 120022.1367
2019:05:06 15:11:51 430011 96628.3716
2019:05:06 15:11:51 562744 101363.4764
2019:05:06 15:11:51 725385 136012.1705
2019:05:06 15:11:51 853406 96035.8381
2019:05:06 15:11:52 25400 140032.1797
2019:05:06 15:11:52 161407 119452.3387
2019:05:06 15:11:52 285662 123269.0699
2019:05:06 15:11:52 413392 123604.2380
2019:05:06 15:11:52 549405 96025.3440
2019:05:06 15:11:52 677392 96014.1793
2019:05:06 15:11:52 813403 104024.8722
2019:05:06 15:11:52 929539 80159.2097
2019:05:06 15:11:53 29403 72018.5935
2019:05:06 15:11:53 142912 77531.0881
2019:05:06 15:11:53 265393 100362.7479
2019:05:06 15:11:53 369389 97405.5454
2019:05:06 15:11:53 497393 117268.8976
2019:05:06 15:11:53 620898 119202.6287
2019:05:06 15:11:53 729366 91988.9510
2019:05:06 15:11:53 804404 72925.4223
2019:05:06 15:11:53 897402 73340.3079
2019:05:06 15:11:54 3446 70864.3310
2019:05:06 15:11:54 84107 72086.9228
2019:05:06 15:11:54 164814 77428.5682
2019:05:06 15:11:54 241378 63543.7556
2019:05:06 15:11:54 313389 65866.1202
2019:05:06 15:11:54 390077 68823.2742
2019:05:06 15:11:54 447837 55708.8256
2019:05:06 15:11:54 495340 45451.0711
2019:05:06 15:11:54 552277 52431.4530
2019:05:06 15:11:54 634187 77011.9093
