
# OSU MPI Allreduce Latency Test v5.6.1
# Size       Avg Latency(us)
64                    461.61
2019:05:06 14:10:30 527172 810.7871
2019:05:06 14:10:30 527579 399.4368
2019:05:06 14:10:30 528398 811.0479
2019:05:06 14:10:30 529219 812.1207
2019:05:06 14:10:30 529629 402.3090
2019:05:06 14:10:30 530446 807.4306
2019:05:06 14:10:30 531265 810.8206
2019:05:06 14:10:30 531675 401.4522
2019:05:06 14:10:30 532493 810.0197
2019:05:06 14:10:30 533314 813.0334
2019:05:06 14:10:30 533724 402.2345
2019:05:06 14:10:30 534542 809.4124
2019:05:06 14:10:30 535361 810.1799
2019:05:06 14:10:30 535771 402.1376
2019:05:06 14:10:30 536591 812.2884
2019:05:06 14:10:30 537408 808.8723
2019:05:06 14:10:30 537819 402.7374
2019:05:06 14:10:30 538638 810.2581
2019:05:06 14:10:30 539457 811.2304
2019:05:06 14:10:30 539866 401.4373
2019:05:06 14:10:30 540685 811.2676
2019:05:06 14:10:30 541506 813.2830
2019:05:06 14:10:30 541915 400.0068
2019:05:06 14:10:30 542733 811.4092
2019:05:06 14:10:30 543552 810.7685
2019:05:06 14:10:30 543962 402.2568
2019:05:06 14:10:30 544781 810.8430
2019:05:06 14:10:30 545600 812.4411
2019:05:06 14:10:30 546011 401.3255
2019:05:06 14:10:30 546829 811.4353
2019:05:06 14:10:30 547648 811.0702
2019:05:06 14:10:30 548058 401.9700
2019:05:06 14:10:30 548877 811.5992
2019:05:06 14:10:30 549696 811.0441
2019:05:06 14:10:30 550106 402.4357
2019:05:06 14:10:30 550925 811.5321
2019:05:06 14:10:30 551744 811.7221
2019:05:06 14:10:30 552153 401.0312
2019:05:06 14:10:30 552972 811.2676
2019:05:06 14:10:30 553793 812.4262
2019:05:06 14:10:30 554203 402.7113
2019:05:06 14:10:30 555022 811.9047
2019:05:06 14:10:30 555841 811.9307
2019:05:06 14:10:30 556250 401.6347
2019:05:06 14:10:30 557069 811.1484
2019:05:06 14:10:30 557889 812.5119
2019:05:06 14:10:30 558298 400.7779
2019:05:06 14:10:30 559118 812.7131
2019:05:06 14:10:30 559937 810.8392
2019:05:06 14:10:30 560346 401.7949
2019:05:06 14:10:30 561165 811.2863
2019:05:06 14:10:30 561985 812.1803
2019:05:06 14:10:30 562375 382.6842
2019:05:06 14:10:30 563214 831.6711
2019:05:06 14:10:30 564033 811.3123
2019:05:06 14:10:30 564442 402.1265
2019:05:06 14:10:30 565261 811.1708
2019:05:06 14:10:30 566082 813.3464
2019:05:06 14:10:30 566491 400.7183
2019:05:06 14:10:30 567309 810.8243
2019:05:06 14:10:30 568128 811.6700
2019:05:06 14:10:30 568519 383.6714
2019:05:06 14:10:30 569357 831.0191
2019:05:06 14:10:30 570179 811.9121
2019:05:06 14:10:30 570567 381.0525
2019:05:06 14:10:30 571405 831.4364
2019:05:06 14:10:30 572224 811.2676
2019:05:06 14:10:30 572633 402.5772
2019:05:06 14:10:30 573455 813.8642
2019:05:06 14:10:30 574272 810.1724
2019:05:06 14:10:30 574682 402.0445
2019:05:06 14:10:30 575501 811.6588
2019:05:06 14:10:30 576320 811.7594
2019:05:06 14:10:30 576729 401.9216
2019:05:06 14:10:30 577547 811.2974
2019:05:06 14:10:30 578347 792.7492
2019:05:06 14:10:30 578757 402.5586
2019:05:06 14:10:30 579577 813.1750
2019:05:06 14:10:30 580396 811.8935
2019:05:06 14:10:30 580823 420.7976
2019:05:06 14:10:30 581627 797.7709
2019:05:06 14:10:30 582460 823.2556
2019:05:06 14:10:30 582869 401.8247
2019:05:06 14:10:30 583671 794.1313
2019:05:06 14:10:30 584489 810.6828
2019:05:06 14:10:30 584906 410.1619
2019:05:06 14:10:30 585744 434.5030
2019:05:06 14:10:30 586563 414.0884
2019:05:06 14:10:30 587380 744.3987
2019:05:06 14:10:30 588196 810.0644
2019:05:06 14:10:30 589009 807.0357
2019:05:06 14:10:30 589832 816.2856
2019:05:06 14:10:30 590653 812.5342
2019:05:06 14:10:30 591062 403.2701
2019:05:06 14:10:30 591881 811.6774
2019:05:06 14:10:30 592700 812.0239
2019:05:06 14:10:30 593111 403.8215
2019:05:06 14:10:30 593930 812.5603
2019:05:06 14:10:30 594748 811.1000
2019:05:06 14:10:30 595158 402.4357
2019:05:06 14:10:30 595976 811.6663
2019:05:06 14:10:30 596795 811.8525
2019:05:06 14:10:30 597206 404.0226
2019:05:06 14:10:30 598025 812.7578
2019:05:06 14:10:30 598844 812.4448
2019:05:06 14:10:30 599253 403.2515
2019:05:06 14:10:30 600072 812.7950
2019:05:06 14:10:30 600891 811.7966
2019:05:06 14:10:30 601302 403.7246
2019:05:06 14:10:30 602121 812.7056
2019:05:06 14:10:30 602940 810.9361
2019:05:06 14:10:30 603349 403.1770
2019:05:06 14:10:30 604167 812.8881
2019:05:06 14:10:30 604986 812.2101
2019:05:06 14:10:30 605396 403.2552
2019:05:06 14:10:30 606216 812.7317
2019:05:06 14:10:30 607037 813.7561
2019:05:06 14:10:30 607448 404.6485
2019:05:06 14:10:30 608263 808.4364
2019:05:06 14:10:30 609082 812.2437
2019:05:06 14:10:30 609492 403.4452
2019:05:06 14:10:30 610312 812.6982
2019:05:06 14:10:30 611131 812.1878
2019:05:06 14:10:30 611540 402.5064
2019:05:06 14:10:30 612359 812.0425
2019:05:06 14:10:30 613178 812.4299
2019:05:06 14:10:30 613590 405.9263
2019:05:06 14:10:30 614408 810.0271
2019:05:06 14:10:30 615227 812.2586
2019:05:06 14:10:30 615636 402.7300
2019:05:06 14:10:30 616455 812.3256
2019:05:06 14:10:30 617275 813.8977
2019:05:06 14:10:30 617683 401.5602
2019:05:06 14:10:30 618504 813.3277
2019:05:06 14:10:30 619322 812.0872
2019:05:06 14:10:30 619732 402.8343
2019:05:06 14:10:30 620551 812.4039
2019:05:06 14:10:30 621370 812.7652
2019:05:06 14:10:30 621779 402.2792
2019:05:06 14:10:30 622599 814.0057
2019:05:06 14:10:30 623398 792.2128
2019:05:06 14:10:30 623809 403.9109
2019:05:06 14:10:30 624647 831.0191
2019:05:06 14:10:30 625461 807.8441
2019:05:06 14:10:30 625870 401.5304
2019:05:06 14:10:30 626695 818.4202
2019:05:06 14:10:30 627514 811.5992
2019:05:06 14:10:30 627923 402.8864
2019:05:06 14:10:30 628742 812.4150
2019:05:06 14:10:30 629562 813.4022
2019:05:06 14:10:30 629966 396.7136
2019:05:06 14:10:30 630785 812.1356
2019:05:06 14:10:30 631605 812.8546
2019:05:06 14:10:30 632001 388.6968
2019:05:06 14:10:30 632833 825.3977
2019:05:06 14:10:30 633653 812.7093
2019:05:06 14:10:30 634048 388.2945
2019:05:06 14:10:30 634881 825.6137
2019:05:06 14:10:30 635700 811.9307
2019:05:06 14:10:30 636117 410.1545
2019:05:06 14:10:30 636935 413.5668
2019:05:06 14:10:30 637755 415.0197
2019:05:06 14:10:30 638575 418.0484
2019:05:06 14:10:30 639394 411.3764
2019:05:06 14:10:30 640210 409.4020
2019:05:06 14:10:30 641029 812.5715
2019:05:06 14:10:30 641850 813.9946
2019:05:06 14:10:30 642246 389.5834
2019:05:06 14:10:30 643065 414.7924
2019:05:06 14:10:30 643884 414.9675
2019:05:06 14:10:30 644697 740.3158
2019:05:06 14:10:30 645113 410.4041
2019:05:06 14:10:30 645948 415.6455
2019:05:06 14:10:30 646357 337.1872
2019:05:06 14:10:30 647176 414.4609
2019:05:06 14:10:30 647995 415.0420
2019:05:06 14:10:30 648404 336.5166
2019:05:06 14:10:30 649229 414.0139
2019:05:06 14:10:30 650048 414.3305
2019:05:06 14:10:30 650457 336.4943
2019:05:06 14:10:30 651278 415.9659
2019:05:06 14:10:30 652091 410.1917
2019:05:06 14:10:30 652506 342.7863
2019:05:06 14:10:30 653324 414.1591
2019:05:06 14:10:30 654144 414.5466
2019:05:06 14:10:30 654553 336.0659
2019:05:06 14:10:30 655373 415.8877
2019:05:06 14:10:30 656192 414.0660
2019:05:06 14:10:30 656601 337.0270
2019:05:06 14:10:30 657421 415.4369
2019:05:06 14:10:30 658239 414.7403
2019:05:06 14:10:30 658648 336.0361
2019:05:06 14:10:30 659467 414.0772
2019:05:06 14:10:30 660288 414.3529
2019:05:06 14:10:30 660697 337.9770
2019:05:06 14:10:30 661517 415.3885
2019:05:06 14:10:30 662335 414.2858
2019:05:06 14:10:30 662745 336.6731
2019:05:06 14:10:30 663563 412.6467
2019:05:06 14:10:30 664383 414.1442
2019:05:06 14:10:30 664793 336.0733
2019:05:06 14:10:30 665613 415.4854
2019:05:06 14:10:30 666431 420.4661
2019:05:06 14:10:30 666840 336.1739
2019:05:06 14:10:30 667660 415.8802
2019:05:06 14:10:30 668479 414.2076
2019:05:06 14:10:30 668889 338.1483
2019:05:06 14:10:30 669709 415.4034
2019:05:06 14:10:30 670527 414.2895
2019:05:06 14:10:30 670936 335.8610
2019:05:06 14:10:30 671755 414.3268
2019:05:06 14:10:30 672575 413.9915
2019:05:06 14:10:30 672984 337.1872
2019:05:06 14:10:30 673804 414.3976
2019:05:06 14:10:30 674622 414.4907
2019:05:06 14:10:30 675033 337.7385
2019:05:06 14:10:30 675852 415.6977
2019:05:06 14:10:30 676671 414.0325
2019:05:06 14:10:30 677080 335.5481
2019:05:06 14:10:30 677900 414.3417
2019:05:06 14:10:30 678718 414.4087
2019:05:06 14:10:30 679110 318.2888
2019:05:06 14:10:30 679947 414.6583
2019:05:06 14:10:30 680767 414.2299
2019:05:06 14:10:30 681158 318.9743
2019:05:06 14:10:30 681991 409.1747
2019:05:06 14:10:30 682810 414.5987
2019:05:06 14:10:30 683206 323.7762
2019:05:06 14:10:30 684038 415.3810
2019:05:06 14:10:30 684857 414.6472
2019:05:06 14:10:30 685253 323.2770
2019:05:06 14:10:30 686086 414.6397
2019:05:06 14:10:30 686905 415.1016
2019:05:06 14:10:30 687301 323.7166
2019:05:06 14:10:30 688134 414.8707
2019:05:06 14:10:30 688953 415.0458
2019:05:06 14:10:30 689351 325.7245
2019:05:06 14:10:30 690182 414.5727
2019:05:06 14:10:30 691001 415.0458
2019:05:06 14:10:30 691397 323.4036
2019:05:06 14:10:30 692229 414.5615
2019:05:06 14:10:30 693048 414.6546
2019:05:06 14:10:30 693446 324.7857
2019:05:06 14:10:30 694278 414.9042
2019:05:06 14:10:30 695097 414.5429
2019:05:06 14:10:30 695493 323.8693
2019:05:06 14:10:30 696326 415.1650
2019:05:06 14:10:30 697144 414.1964
2019:05:06 14:10:30 697543 325.8921
2019:05:06 14:10:30 698374 415.3997
2019:05:06 14:10:30 699193 414.8334
2019:05:06 14:10:30 699589 323.7352
2019:05:06 14:10:30 700422 415.3326
2019:05:06 14:10:30 701241 414.9266
2019:05:06 14:10:30 701638 324.9347
2019:05:06 14:10:30 702469 414.8930
2019:05:06 14:10:30 703288 415.0458
2019:05:06 14:10:30 703685 323.5117
2019:05:06 14:10:30 704517 414.9750
2019:05:06 14:10:30 705335 413.8872
2019:05:06 14:10:30 705733 324.2567
2019:05:06 14:10:30 706565 414.9713
2019:05:06 14:10:30 707384 414.4348
2019:05:06 14:10:30 707780 324.0407
2019:05:06 14:10:30 708612 414.4199
2019:05:06 14:10:30 709434 416.1634
2019:05:06 14:10:30 709828 323.5452
2019:05:06 14:10:30 710646 414.6546
2019:05:06 14:10:30 711466 415.4257
2019:05:06 14:10:30 711875 337.3213
2019:05:06 14:10:30 712694 414.9713
2019:05:06 14:10:30 713514 416.3161
2019:05:06 14:10:30 713923 337.5821
2019:05:06 14:10:30 714742 414.8558
2019:05:06 14:10:30 715561 415.0681
2019:05:06 14:10:30 715971 337.6827
2019:05:06 14:10:30 716790 415.3848
2019:05:06 14:10:30 717610 416.5135
2019:05:06 14:10:30 718019 337.2058
2019:05:06 14:10:30 718837 415.0085
2019:05:06 14:10:30 719657 415.2171
2019:05:06 14:10:30 720066 336.9190
2019:05:06 14:10:30 720886 415.3214
2019:05:06 14:10:30 721706 416.5582
2019:05:06 14:10:30 722114 337.3884
2019:05:06 14:10:30 722934 415.0793
2019:05:06 14:10:30 723753 415.5710
2019:05:06 14:10:30 724162 337.7460
2019:05:06 14:10:30 724982 415.3401
2019:05:06 14:10:30 725801 415.4444
2019:05:06 14:10:30 726210 337.4293
2019:05:06 14:10:30 727029 415.0160
2019:05:06 14:10:30 727848 414.7589
2019:05:06 14:10:30 728258 337.5374
2019:05:06 14:10:30 729077 415.0383
2019:05:06 14:10:30 729912 430.0214
2019:05:06 14:10:30 730307 323.1019
2019:05:06 14:10:30 731140 429.3248
2019:05:06 14:10:30 731959 414.6732
2019:05:06 14:10:30 732355 323.5675
2019:05:06 14:10:30 733188 429.1125
2019:05:06 14:10:30 733994 401.6869
2019:05:06 14:10:30 734402 336.7364
2019:05:06 14:10:30 735221 415.0309
2019:05:06 14:10:30 736055 414.3976
2019:05:06 14:10:30 736451 323.6607
2019:05:06 14:10:30 737284 429.6899
2019:05:06 14:10:30 738103 415.2283
2019:05:06 14:10:30 738499 323.9363
2019:05:06 14:10:30 739332 429.7122
2019:05:06 14:10:30 740151 414.9675
2019:05:06 14:10:30 740547 323.5340
2019:05:06 14:10:30 741381 431.0310
2019:05:06 14:10:30 742198 414.9862
2019:05:06 14:10:30 742595 323.5787
2019:05:06 14:10:30 743427 428.9858
2019:05:06 14:10:30 744246 414.8148
2019:05:06 14:10:30 744643 323.8767
2019:05:06 14:10:30 745477 430.6398
2019:05:06 14:10:30 746296 415.5524
2019:05:06 14:10:30 746691 323.6681
2019:05:06 14:10:30 747523 429.1609
2019:05:06 14:10:30 748343 415.2656
2019:05:06 14:10:30 748739 324.2716
2019:05:06 14:10:30 749572 430.2301
2019:05:06 14:10:30 750390 414.9117
2019:05:06 14:10:30 750786 323.5526
2019:05:06 14:10:30 751619 429.5260
2019:05:06 14:10:30 752438 414.7477
2019:05:06 14:10:30 752834 323.5526
2019:05:06 14:10:30 753653 415.9473
2019:05:06 14:10:30 754486 414.7626
2019:05:06 14:10:30 754883 324.1152
2019:05:06 14:10:30 755714 429.0640
2019:05:06 14:10:30 756534 415.2767
2019:05:06 14:10:30 756931 324.4616
2019:05:06 14:10:30 757764 430.3195
2019:05:06 14:10:30 758582 415.5599
2019:05:06 14:10:30 758978 323.9773
2019:05:06 14:10:30 759811 429.6079
2019:05:06 14:10:30 760630 414.9415
2019:05:06 14:10:30 761026 324.0407
2019:05:06 14:10:30 761846 415.6269
2019:05:06 14:10:30 762678 429.8799
2019:05:06 14:10:30 763087 336.7253
2019:05:06 14:10:30 763906 415.0122
2019:05:06 14:10:30 764732 421.0882
2019:05:06 14:10:30 765122 318.5421
2019:05:06 14:10:30 765960 434.8680
2019:05:06 14:10:30 766778 414.2001
2019:05:06 14:10:30 767188 336.3118
2019:05:06 14:10:30 768002 409.7968
2019:05:06 14:10:30 768827 414.3268
2019:05:06 14:10:30 769237 337.8987
2019:05:06 14:10:30 770056 414.4758
2019:05:06 14:10:30 770875 414.5913
2019:05:06 14:10:30 771284 336.1180
2019:05:06 14:10:30 772103 414.3603
2019:05:06 14:10:30 772922 414.5838
2019:05:06 14:10:30 773331 335.5369
2019:05:06 14:10:30 774152 414.4348
2019:05:06 14:10:30 774970 414.5168
2019:05:06 14:10:30 775380 336.3229
2019:05:06 14:10:30 776198 414.1852
2019:05:06 14:10:30 777018 414.7924
2019:05:06 14:10:30 777430 338.6103
2019:05:06 14:10:30 778248 416.0255
2019:05:06 14:10:30 779066 414.0623
2019:05:06 14:10:30 779476 338.1185
2019:05:06 14:10:30 780295 414.3193
2019:05:06 14:10:30 781114 414.2858
2019:05:06 14:10:30 781524 337.2878
2019:05:06 14:10:30 782338 414.8595
2019:05:06 14:10:30 783161 412.5908
2019:05:06 14:10:30 783572 337.8689
2019:05:06 14:10:30 784391 414.2039
2019:05:06 14:10:30 785210 414.2672
2019:05:06 14:10:30 785620 337.3474
2019:05:06 14:10:30 786439 420.6337
2019:05:06 14:10:30 787257 414.2970
2019:05:06 14:10:30 787668 337.7497
2019:05:06 14:10:30 788487 414.3529
2019:05:06 14:10:30 789306 414.5950
2019:05:06 14:10:30 789716 336.2149
2019:05:06 14:10:30 790534 414.3380
2019:05:06 14:10:30 791353 414.3827
2019:05:06 14:10:30 791762 336.1069
2019:05:06 14:10:30 792583 414.2560
2019:05:06 14:10:30 793403 415.8095
2019:05:06 14:10:30 793811 338.0701
2019:05:06 14:10:30 794630 414.2448
2019:05:06 14:10:30 795449 414.5578
2019:05:06 14:10:30 795858 336.0398
2019:05:06 14:10:30 796677 412.6765
2019:05:06 14:10:30 797497 415.3512
2019:05:06 14:10:30 797907 337.7870
2019:05:06 14:10:30 798726 414.2746
2019:05:06 14:10:30 799545 414.3119
2019:05:06 14:10:30 799950 331.3161
2019:05:06 14:10:30 800774 414.2746
2019:05:06 14:10:30 801593 415.1538
2019:05:06 14:10:30 802002 334.4491
2019:05:06 14:10:30 802822 433.9851
2019:05:06 14:10:30 803641 414.4162
2019:05:06 14:10:30 804032 317.3500
2019:05:06 14:10:30 804869 414.1703
2019:05:06 14:10:30 805690 415.7797
2019:05:06 14:10:30 806080 323.8209
2019:05:06 14:10:30 806913 415.0420
2019:05:06 14:10:30 807731 414.2895
2019:05:06 14:10:30 808128 324.1561
2019:05:06 14:10:30 808961 415.5301
2019:05:06 14:10:30 809780 414.0958
2019:05:06 14:10:30 810176 323.6644
2019:05:06 14:10:30 811009 430.0587
2019:05:06 14:10:30 811827 414.6025
2019:05:06 14:10:30 812224 323.7836
2019:05:06 14:10:30 813056 414.2523
2019:05:06 14:10:30 813876 414.9601
2019:05:06 14:10:30 814272 323.2546
2019:05:06 14:10:30 815104 429.5819
2019:05:06 14:10:30 815923 415.0830
2019:05:06 14:10:30 816319 323.6867
2019:05:06 14:10:30 817152 414.9042
2019:05:06 14:10:30 817972 415.0644
2019:05:06 14:10:30 818368 323.7911
2019:05:06 14:10:30 819200 429.4589
2019:05:06 14:10:30 820019 415.0867
2019:05:06 14:10:30 820416 323.3291
2019:05:06 14:10:30 821248 429.6377
2019:05:06 14:10:30 822068 415.3214
2019:05:06 14:10:30 822477 337.5113
2019:05:06 14:10:30 823296 415.2320
2019:05:06 14:10:30 824115 415.0979
2019:05:06 14:10:30 824530 342.5479
2019:05:06 14:10:30 825354 420.3431
2019:05:06 14:10:30 826168 412.0432
2019:05:06 14:10:30 826577 336.6321
2019:05:06 14:10:30 827398 414.4870
2019:05:06 14:10:30 828216 414.4274
2019:05:06 14:10:30 828626 336.3527
2019:05:06 14:10:30 829445 415.5934
2019:05:06 14:10:30 830264 420.3059
2019:05:06 14:10:30 830672 336.0361
2019:05:06 14:10:30 831493 414.3342
2019:05:06 14:10:30 832312 414.0772
2019:05:06 14:10:30 832722 336.6284
2019:05:06 14:10:30 833541 415.3326
2019:05:06 14:10:30 834361 416.1932
2019:05:06 14:10:30 834769 336.3751
2019:05:06 14:10:30 835589 414.2970
2019:05:06 14:10:30 836408 414.3193
2019:05:06 14:10:30 836818 336.2894
2019:05:06 14:10:30 837637 415.3848
2019:05:06 14:10:30 838455 414.5578
2019:05:06 14:10:30 838866 338.1036
2019:05:06 14:10:30 839684 412.8441
2019:05:06 14:10:30 840504 414.3417
2019:05:06 14:10:30 840913 336.1590
2019:05:06 14:10:30 841734 415.6753
2019:05:06 14:10:30 842551 414.6174
2019:05:06 14:10:30 842961 336.3565
2019:05:06 14:10:30 843779 413.8052
2019:05:06 14:10:30 844600 414.5205
2019:05:06 14:10:30 844990 318.8662
2019:05:06 14:10:30 845824 409.7335
2019:05:06 14:10:30 846642 414.2746
2019:05:06 14:10:30 847052 337.1686
2019:05:06 14:10:30 847871 428.3190
2019:05:06 14:10:30 848696 420.4884
2019:05:06 14:10:30 849105 337.3064
2019:05:06 14:10:30 849925 414.6062
2019:05:06 14:10:30 850743 414.6472
2019:05:06 14:10:30 851152 336.1888
2019:05:06 14:10:30 851967 409.8751
2019:05:06 14:10:30 852792 414.3044
2019:05:06 14:10:30 853201 337.9658
2019:05:06 14:10:30 854020 414.5205
2019:05:06 14:10:30 854839 414.8036
2019:05:06 14:10:30 855248 336.4608
2019:05:06 14:10:30 856067 412.6430
2019:05:06 14:10:30 856888 415.8765
2019:05:06 14:10:30 857297 337.4442
2019:05:06 14:10:30 858117 414.6546
2019:05:06 14:10:30 858935 414.5578
2019:05:06 14:10:30 859344 336.1218
2019:05:06 14:10:30 860163 414.5764
2019:05:06 14:10:30 860982 414.4087
2019:05:06 14:10:30 861392 337.3213
2019:05:06 14:10:30 862212 415.9734
2019:05:06 14:10:30 863031 414.4013
2019:05:06 14:10:30 863440 336.4272
2019:05:06 14:10:30 864260 420.8274
2019:05:06 14:10:30 865078 414.3119
2019:05:06 14:10:30 865489 337.9062
2019:05:06 14:10:30 866308 416.0143
2019:05:06 14:10:30 867127 414.1517
2019:05:06 14:10:30 867536 338.0999
2019:05:06 14:10:30 868355 414.4572
2019:05:06 14:10:30 869174 414.1033
2019:05:06 14:10:30 869586 339.1728
2019:05:06 14:10:30 870404 416.0479
2019:05:06 14:10:30 871223 414.3529
2019:05:06 14:10:30 871632 336.3974
2019:05:06 14:10:30 872451 414.5242
2019:05:06 14:10:30 873269 414.0474
2019:05:06 14:10:30 873662 317.0036
2019:05:06 14:10:30 874498 414.2188
2019:05:06 14:10:30 875318 414.4274
2019:05:06 14:10:30 875722 330.6903
2019:05:06 14:10:30 876547 420.8460
2019:05:06 14:10:30 877366 415.4518
2019:05:06 14:10:30 877775 336.3714
2019:05:06 14:10:30 878593 412.5312
2019:05:06 14:10:30 879414 414.3156
2019:05:06 14:10:30 879818 332.6312
2019:05:06 14:10:30 880643 414.5317
2019:05:06 14:10:30 881462 415.4555
2019:05:06 14:10:30 881871 336.2000
2019:05:06 14:10:30 882690 412.8106
2019:05:06 14:10:30 883510 416.3794
2019:05:06 14:10:30 883919 337.9881
2019:05:06 14:10:30 884738 414.2486
2019:05:06 14:10:30 885558 415.5487
2019:05:06 14:10:30 885967 335.9728
2019:05:06 14:10:30 886786 414.3640
2019:05:06 14:10:30 887606 415.8281
2019:05:06 14:10:30 888015 337.2654
2019:05:06 14:10:30 888834 414.1368
2019:05:06 14:10:30 889654 415.2842
2019:05:06 14:10:30 890062 336.0249
2019:05:06 14:10:30 890883 416.0888
2019:05:06 14:10:30 891700 414.1964
2019:05:06 14:10:30 892110 336.4161
2019:05:06 14:10:30 892930 414.1405
2019:05:06 14:10:30 893750 415.2656
2019:05:06 14:10:30 894158 336.2857
2019:05:06 14:10:30 894977 414.2933
2019:05:06 14:10:30 895792 410.2178
2019:05:06 14:10:30 896202 337.6938
2019:05:06 14:10:30 897026 414.6919
2019:05:06 14:10:30 897846 414.6099
2019:05:06 14:10:30 898255 336.6694
2019:05:06 14:10:30 899073 414.3007
2019:05:06 14:10:30 899888 409.8564
2019:05:06 14:10:30 900302 342.1865
2019:05:06 14:10:30 901122 414.3193
2019:05:06 14:10:30 901941 414.2448
2019:05:06 14:10:30 902350 336.3304
2019:05:06 14:10:30 903169 414.3007
2019:05:06 14:10:30 903988 414.2486
2019:05:06 14:10:30 904399 338.2750
2019:05:06 14:10:30 905218 414.3454
2019:05:06 14:10:30 906037 414.3938
2019:05:06 14:10:30 906446 336.1218
2019:05:06 14:10:30 907265 433.2475
2019:05:06 14:10:30 908083 414.1219
2019:05:06 14:10:30 908493 336.1516
2019:05:06 14:10:30 909314 416.2192
2019:05:06 14:10:30 910133 414.4385
2019:05:06 14:10:30 910523 317.1489
2019:05:06 14:10:30 911360 414.1927
2019:05:06 14:10:30 912179 414.2523
2019:05:06 14:10:30 912571 318.0988
2019:05:06 14:10:30 913411 417.3927
2019:05:06 14:10:30 914228 414.2448
2019:05:06 14:10:30 914619 318.4453
2019:05:06 14:10:30 915457 434.2943
2019:05:06 14:10:30 916275 414.2337
2019:05:06 14:10:30 916684 335.7492
2019:05:06 14:10:30 917504 415.4034
2019:05:06 14:10:30 918324 416.1596
2019:05:06 14:10:30 918733 337.7981
2019:05:06 14:10:30 919552 414.0437
2019:05:06 14:10:30 920371 414.3305
2019:05:06 14:10:30 920782 336.0771
2019:05:06 14:10:30 921583 395.7376
2019:05:06 14:10:30 922400 414.9117
2019:05:06 14:10:30 922809 337.4666
2019:05:06 14:10:30 923628 415.0569
2019:05:06 14:10:30 924447 414.9824
2019:05:06 14:10:30 924876 335.8945
2019:05:06 14:10:30 925693 408.2993
2019:05:06 14:10:30 926515 418.9834
2019:05:06 14:10:30 926924 336.4496
2019:05:06 14:10:30 927745 414.3938
2019:05:06 14:10:30 928563 414.4311
2019:05:06 14:10:30 928973 336.4012
2019:05:06 14:10:30 929792 414.6211
2019:05:06 14:10:30 930611 414.2411
2019:05:06 14:10:30 931020 335.8871
2019:05:06 14:10:30 931839 414.2672
2019:05:06 14:10:30 932659 415.8169
2019:05:06 14:10:30 933069 337.4256
2019:05:06 14:10:30 933888 414.3193
2019:05:06 14:10:30 934706 414.2001
2019:05:06 14:10:30 935116 335.9094
2019:05:06 14:10:30 935935 414.3901
2019:05:06 14:10:30 936754 414.2374
2019:05:06 14:10:30 937165 338.0254
2019:05:06 14:10:30 937984 416.0330
2019:05:06 14:10:30 938803 414.0846
2019:05:06 14:10:30 939212 336.0026
2019:05:06 14:10:30 940031 414.2895
2019:05:06 14:10:30 940850 414.3082
2019:05:06 14:10:30 941261 337.7385
2019:05:06 14:10:30 942081 414.7142
2019:05:06 14:10:30 942899 415.0048
2019:05:06 14:10:30 943308 336.2373
2019:05:06 14:10:30 944127 414.2001
2019:05:06 14:10:30 944946 414.3268
2019:05:06 14:10:30 945356 336.3602
2019:05:06 14:10:30 946174 414.2150
2019:05:06 14:10:30 946994 414.0213
2019:05:06 14:10:30 947404 337.1052
2019:05:06 14:10:30 948223 420.0898
2019:05:06 14:10:30 949041 413.7494
2019:05:06 14:10:30 949854 738.7511
2019:05:06 14:10:30 950272 410.7468
2019:05:06 14:10:30 951092 413.8574
2019:05:06 14:10:30 951909 413.6041
2019:05:06 14:10:30 952728 413.7345
2019:05:06 14:10:30 953543 409.7968
2019:05:06 14:10:30 954361 812.1580
2019:05:06 14:10:30 955180 813.3128
2019:05:06 14:10:30 955596 410.3780
2019:05:06 14:10:30 956416 411.2683
2019:05:06 14:10:30 957235 410.9368
2019:05:06 14:10:30 958052 412.9782
2019:05:06 14:10:30 958871 413.4178
2019:05:06 14:10:30 959667 390.8686
2019:05:06 14:10:30 960504 831.9765
2019:05:06 14:10:30 961325 815.3431
2019:05:06 14:10:30 961723 392.1539
2019:05:06 14:10:30 962574 432.3125
2019:05:06 14:10:30 963373 411.9985
2019:05:06 14:10:30 964191 427.0077
2019:05:06 14:10:30 965009 409.4839
2019:05:06 14:10:30 965817 401.2175
2019:05:06 14:10:30 966648 828.2438
2019:05:06 14:10:30 967463 811.0441
2019:05:06 14:10:30 967865 396.3374
2019:05:06 14:10:30 968699 428.5835
2019:05:06 14:10:30 969519 413.4811
2019:05:06 14:10:30 969914 321.3212
2019:05:06 14:10:30 970746 411.5924
2019:05:06 14:10:30 971564 410.4823
2019:05:06 14:10:30 972366 411.2124
2019:05:06 14:10:30 973201 413.3023
2019:05:06 14:10:30 974007 395.6258
2019:05:06 14:10:30 974835 825.1593
2019:05:06 14:10:30 975659 817.8763
2019:05:06 14:10:30 976057 394.4710
2019:05:06 14:10:30 976891 428.6207
2019:05:06 14:10:30 977711 413.9729
2019:05:06 14:10:30 978525 413.4551
2019:05:06 14:10:30 979345 413.8164
2019:05:06 14:10:30 980165 414.5168
2019:05:06 14:10:30 980984 813.0781
2019:05:06 14:10:30 981803 813.4842
2019:05:06 14:10:30 982214 404.9614
2019:05:06 14:10:30 983033 812.9478
2019:05:06 14:10:30 983852 813.3799
2019:05:06 14:10:30 984261 403.6948
2019:05:06 14:10:30 985080 813.1713
2019:05:06 14:10:30 985900 814.3224
2019:05:06 14:10:30 986309 402.8752
2019:05:06 14:10:30 987129 815.0339
2019:05:06 14:10:30 987948 813.2532
2019:05:06 14:10:30 988358 403.6836
2019:05:06 14:10:30 989177 813.2495
2019:05:06 14:10:30 989996 813.9759
2019:05:06 14:10:30 990405 403.3148
2019:05:06 14:10:30 991224 813.4171
2019:05:06 14:10:30 992038 808.1868
2019:05:06 14:10:30 992451 407.3828
2019:05:06 14:10:30 993270 815.9988
2019:05:06 14:10:30 994499 820.0817
2019:05:06 14:10:30 995318 811.8525
2019:05:06 14:10:30 996138 814.7359
2019:05:06 14:10:30 996552 408.3514
2019:05:06 14:10:30 997372 415.2916
2019:05:06 14:10:30 998192 414.4944
2019:05:06 14:10:30 998602 337.7721
2019:05:06 14:10:30 999421 414.3231
2019:05:06 14:10:31 240 420.6710
2019:05:06 14:10:31 630 317.3724
2019:05:06 14:10:31 1469 415.3922
2019:05:06 14:10:31 2287 414.1256
2019:05:06 14:10:31 2678 318.4304
2019:05:06 14:10:31 3515 432.9719
2019:05:06 14:10:31 4330 414.6844
2019:05:06 14:10:31 4740 337.0158
2019:05:06 14:10:31 5560 416.0218
2019:05:06 14:10:31 6383 419.8179
2019:05:06 14:10:31 6792 335.8014
2019:05:06 14:10:31 7612 414.1331
2019:05:06 14:10:31 8432 415.3475
2019:05:06 14:10:31 8842 335.6971
2019:05:06 14:10:31 9656 410.8362
2019:05:06 14:10:31 10479 414.3715
2019:05:06 14:10:31 10887 335.8610
2019:05:06 14:10:31 11708 413.9505
2019:05:06 14:10:31 12527 413.8537
2019:05:06 14:10:31 12936 336.0696
2019:05:06 14:10:31 13738 397.1420
2019:05:06 14:10:31 14574 414.1033
2019:05:06 14:10:31 14983 335.7641
2019:05:06 14:10:31 15798 409.7596
2019:05:06 14:10:31 16623 414.2337
2019:05:06 14:10:31 17032 337.2356
2019:05:06 14:10:31 17852 414.2784
2019:05:06 14:10:31 18670 414.1033
2019:05:06 14:10:31 19080 335.9877
2019:05:06 14:10:31 19881 396.2256
2019:05:06 14:10:31 20699 414.5615
2019:05:06 14:10:31 21129 337.6640
2019:05:06 14:10:31 21943 414.5689
2019:05:06 14:10:31 22766 414.0958
2019:05:06 14:10:31 23175 335.7194
2019:05:06 14:10:31 23976 396.1027
2019:05:06 14:10:31 24813 432.8117
2019:05:06 14:10:31 25205 318.6092
2019:05:06 14:10:31 26039 415.5077
2019:05:06 14:10:31 26857 415.2805
2019:05:06 14:10:31 27266 336.3863
2019:05:06 14:10:31 28075 398.0473
2019:05:06 14:10:31 28909 433.2438
2019:05:06 14:10:31 29301 318.3112
2019:05:06 14:10:31 30140 414.2039
2019:05:06 14:10:31 30958 414.3678
2019:05:06 14:10:31 31367 335.9467
2019:05:06 14:10:31 32167 413.5855
2019:05:06 14:10:31 33001 429.9842
2019:05:06 14:10:31 33799 738.9225
2019:05:06 14:10:31 34620 814.0765
2019:05:06 14:10:31 35121 496.0410
2019:05:06 14:10:31 35867 426.5197
2019:05:06 14:10:31 36686 413.8499
2019:05:06 14:10:31 37502 409.9160
2019:05:06 14:10:31 38326 816.7513
2019:05:06 14:10:31 39145 812.4448
2019:05:06 14:10:31 39555 403.7060
2019:05:06 14:10:31 40374 813.0893
2019:05:06 14:10:31 41192 813.2868
2019:05:06 14:10:31 41603 404.7602
2019:05:06 14:10:31 42422 813.4991
2019:05:06 14:10:31 43241 813.0595
2019:05:06 14:10:31 43645 397.8610
2019:05:06 14:10:31 44470 818.6474
2019:05:06 14:10:31 45289 813.1303
2019:05:06 14:10:31 45699 404.2424
2019:05:06 14:10:31 46519 814.0057
2019:05:06 14:10:31 47337 813.3166
2019:05:06 14:10:31 47733 389.7995
2019:05:06 14:10:31 48573 410.9666
2019:05:06 14:10:31 49392 411.1081
2019:05:06 14:10:31 50199 425.0295
2019:05:06 14:10:31 51019 412.8218
2019:05:06 14:10:31 51822 395.5550
2019:05:06 14:10:31 52653 824.9730
2019:05:06 14:10:31 53473 812.9701
2019:05:06 14:10:31 53877 396.1213
2019:05:06 14:10:31 54708 414.5205
2019:05:06 14:10:31 55528 414.0362
2019:05:06 14:10:31 56347 416.9829
2019:05:06 14:10:31 57167 411.5328
2019:05:06 14:10:31 57984 408.5861
2019:05:06 14:10:31 58803 813.6407
2019:05:06 14:10:31 59617 808.0155
2019:05:06 14:10:31 60033 409.2157
2019:05:06 14:10:31 60857 414.1331
2019:05:06 14:10:31 61661 399.3399
2019:05:06 14:10:31 62472 411.6036
2019:05:06 14:10:31 63292 411.4844
2019:05:06 14:10:31 64108 408.8581
2019:05:06 14:10:31 64944 829.0298
2019:05:06 14:10:31 65348 398.3825
2019:05:06 14:10:31 66155 407.2264
2019:05:06 14:10:31 66975 813.2905
2019:05:06 14:10:31 67794 813.5960
2019:05:06 14:10:31 68209 409.4988
2019:05:06 14:10:31 69049 434.5477
2019:05:06 14:10:31 69863 408.6606
2019:05:06 14:10:31 70280 414.2933
2019:05:06 14:10:31 71098 411.1193
2019:05:06 14:10:31 71900 394.0798
2019:05:06 14:10:31 72713 412.1400
2019:05:06 14:10:31 73549 408.9698
2019:05:06 14:10:31 74371 415.9324
2019:05:06 14:10:31 75190 812.4970
2019:05:06 14:10:31 75989 792.7977
2019:05:06 14:10:31 76402 408.1987
2019:05:06 14:10:31 77245 414.4087
2019:05:06 14:10:31 78065 419.8998
2019:05:06 14:10:31 78879 413.7643
2019:05:06 14:10:31 79677 408.0795
2019:05:06 14:10:31 80512 428.7250
2019:05:06 14:10:31 81320 800.9225
2019:05:06 14:10:31 82140 418.0409
2019:05:06 14:10:31 82953 412.3151
2019:05:06 14:10:31 83772 411.8867
2019:05:06 14:10:31 84589 405.7959
2019:05:06 14:10:31 85410 815.7231
2019:05:06 14:10:31 86228 809.7813
2019:05:06 14:10:31 86637 403.3335
2019:05:06 14:10:31 87456 813.5252
2019:05:06 14:10:31 88276 813.7338
2019:05:06 14:10:31 88685 403.6203
2019:05:06 14:10:31 89505 814.4714
2019:05:06 14:10:31 90324 811.8153
2019:05:06 14:10:31 90733 403.8215
2019:05:06 14:10:31 91552 813.5848
2019:05:06 14:10:31 92372 813.9163
2019:05:06 14:10:31 92781 404.0264
2019:05:06 14:10:31 93601 814.0504
2019:05:06 14:10:31 94419 811.1484
2019:05:06 14:10:31 94829 404.7453
2019:05:06 14:10:31 95648 813.1638
2019:05:06 14:10:31 96467 813.6630
2019:05:06 14:10:31 96877 403.3633
2019:05:06 14:10:31 97696 813.5289
2019:05:06 14:10:31 98515 811.2676
2019:05:06 14:10:31 98924 404.2350
2019:05:06 14:10:31 99743 813.4805
2019:05:06 14:10:31 100563 813.4767
2019:05:06 14:10:31 100972 404.0301
2019:05:06 14:10:31 101792 813.9387
2019:05:06 14:10:31 102611 813.2309
2019:05:06 14:10:31 103020 403.7842
2019:05:06 14:10:31 103839 813.4320
2019:05:06 14:10:31 104661 813.7152
2019:05:06 14:10:31 105068 400.8077
2019:05:06 14:10:31 105888 814.4304
2019:05:06 14:10:31 106707 812.8211
2019:05:06 14:10:31 107119 406.7905
2019:05:06 14:10:31 107939 412.5200
2019:05:06 14:10:31 108759 412.8590
2019:05:06 14:10:31 109171 337.1947
2019:05:06 14:10:31 110391 813.0074
2019:05:06 14:10:31 110808 411.5067
2019:05:06 14:10:31 111623 412.2034
2019:05:06 14:10:31 112443 411.5626
2019:05:06 14:10:31 113260 405.7363
2019:05:06 14:10:31 114079 813.7450
2019:05:06 14:10:31 114902 816.3489
2019:05:06 14:10:31 115313 407.7591
2019:05:06 14:10:31 116134 414.1927
2019:05:06 14:10:31 116953 414.3305
2019:05:06 14:10:31 117767 411.5552
2019:05:06 14:10:31 118586 408.6047
2019:05:06 14:10:31 119403 409.3163
2019:05:06 14:10:31 120222 813.8120
2019:05:06 14:10:31 121043 815.0600
2019:05:06 14:10:31 121461 412.4492
2019:05:06 14:10:31 122278 414.0697
2019:05:06 14:10:31 123097 414.2970
2019:05:06 14:10:31 123912 412.3636
2019:05:06 14:10:31 124731 411.7936
2019:05:06 14:10:31 125547 410.1284
2019:05:06 14:10:31 126366 812.4411
2019:05:06 14:10:31 127189 816.9860
2019:05:06 14:10:31 127600 407.7926
2019:05:06 14:10:31 128421 414.2411
2019:05:06 14:10:31 129239 411.9202
2019:05:06 14:10:31 130055 411.3279
2019:05:06 14:10:31 130873 411.9128
2019:05:06 14:10:31 131690 409.6478
2019:05:06 14:10:31 132510 813.9685
2019:05:06 14:10:31 133329 812.5491
2019:05:06 14:10:31 133745 411.3801
2019:05:06 14:10:31 134565 414.4758
2019:05:06 14:10:31 135383 412.9522
2019:05:06 14:10:31 136199 412.5386
2019:05:06 14:10:31 137018 408.4371
2019:05:06 14:10:31 137835 404.5032
2019:05:06 14:10:31 138655 814.2218
2019:05:06 14:10:31 139473 813.0670
2019:05:06 14:10:31 139888 409.3833
2019:05:06 14:10:31 140709 414.4758
2019:05:06 14:10:31 141530 415.4630
2019:05:06 14:10:31 142342 412.2853
2019:05:06 14:10:31 143161 411.8197
2019:05:06 14:10:31 143978 409.2939
2019:05:06 14:10:31 144801 817.6193
2019:05:06 14:10:31 145615 807.7361
2019:05:06 14:10:31 146031 408.5489
2019:05:06 14:10:31 146850 415.1873
2019:05:06 14:10:31 147669 415.4332
2019:05:06 14:10:31 148079 337.5374
2019:05:06 14:10:31 148898 415.2842
2019:05:06 14:10:31 149718 416.0479
2019:05:06 14:10:31 150127 337.5709
2019:05:06 14:10:31 150946 415.2022
2019:05:06 14:10:31 151765 415.4630
2019:05:06 14:10:31 152175 337.4815
2019:05:06 14:10:31 152994 415.4667
2019:05:06 14:10:31 153814 415.5822
2019:05:06 14:10:31 154223 337.6082
2019:05:06 14:10:31 155042 415.3438
2019:05:06 14:10:31 155861 415.4406
2019:05:06 14:10:31 156271 337.5784
2019:05:06 14:10:31 157090 415.1240
2019:05:06 14:10:31 157910 415.5040
2019:05:06 14:10:31 158319 337.0754
2019:05:06 14:10:31 159137 415.0495
2019:05:06 14:10:31 159956 415.0160
2019:05:06 14:10:31 160366 337.3064
2019:05:06 14:10:31 161185 414.7217
2019:05:06 14:10:31 162005 415.7536
2019:05:06 14:10:31 162414 337.5188
2019:05:06 14:10:31 163233 415.2246
2019:05:06 14:10:31 164052 415.0942
2019:05:06 14:10:31 164462 337.7013
2019:05:06 14:10:31 165282 415.3140
2019:05:06 14:10:31 166101 415.6828
2019:05:06 14:10:31 166510 337.5672
2019:05:06 14:10:31 167329 414.9973
2019:05:06 14:10:31 168149 415.4854
2019:05:06 14:10:31 168558 337.4405
2019:05:06 14:10:31 169379 416.5061
2019:05:06 14:10:31 170197 415.5561
2019:05:06 14:10:31 170606 337.7795
2019:05:06 14:10:31 171425 415.1352
2019:05:06 14:10:31 172244 415.3289
2019:05:06 14:10:31 172654 337.5076
2019:05:06 14:10:31 173474 415.8020
2019:05:06 14:10:31 174292 415.1240
2019:05:06 14:10:31 174702 337.2543
2019:05:06 14:10:31 175521 415.5003
2019:05:06 14:10:31 176340 415.0048
2019:05:06 14:10:31 176750 337.5523
2019:05:06 14:10:31 177570 416.2043
2019:05:06 14:10:31 178388 414.9564
2019:05:06 14:10:31 178798 337.6827
2019:05:06 14:10:31 179617 415.5599
2019:05:06 14:10:31 180436 415.4854
2019:05:06 14:10:31 180846 337.5150
2019:05:06 14:10:31 181665 416.1708
2019:05:06 14:10:31 182484 415.3885
2019:05:06 14:10:31 182894 337.4480
2019:05:06 14:10:31 183712 415.0495
2019:05:06 14:10:31 184532 415.2320
2019:05:06 14:10:31 184941 337.3809
2019:05:06 14:10:31 185762 415.4667
2019:05:06 14:10:31 186580 414.5950
2019:05:06 14:10:31 186989 336.8780
2019:05:06 14:10:31 187809 415.2395
2019:05:06 14:10:31 188627 415.0309
2019:05:06 14:10:31 189037 337.7721
2019:05:06 14:10:31 189857 415.4816
2019:05:06 14:10:31 190675 414.8446
2019:05:06 14:10:31 191085 337.6901
2019:05:06 14:10:31 191904 415.1352
2019:05:06 14:10:31 192723 415.0383
2019:05:06 14:10:31 193133 337.3511
2019:05:06 14:10:31 193953 415.3512
2019:05:06 14:10:31 194771 415.2432
2019:05:06 14:10:31 195181 337.6789
2019:05:06 14:10:31 196000 415.2954
2019:05:06 14:10:31 196819 415.3140
2019:05:06 14:10:31 197229 337.0531
2019:05:06 14:10:31 198049 415.7983
2019:05:06 14:10:31 198867 415.2954
2019:05:06 14:10:31 199277 337.1723
2019:05:06 14:10:31 200096 415.5524
2019:05:06 14:10:31 200915 415.4854
2019:05:06 14:10:31 201325 338.0701
2019:05:06 14:10:31 202145 415.5859
2019:05:06 14:10:31 202963 415.0532
2019:05:06 14:10:31 203372 337.2394
2019:05:06 14:10:31 204191 415.0942
2019:05:06 14:10:31 205010 414.8409
2019:05:06 14:10:31 205421 338.3681
2019:05:06 14:10:31 206239 415.0271
2019:05:06 14:10:31 207059 415.3699
2019:05:06 14:10:31 207468 337.6007
2019:05:06 14:10:31 208287 415.0569
2019:05:06 14:10:31 209107 415.4183
2019:05:06 14:10:31 209518 339.3888
2019:05:06 14:10:31 210336 415.3848
2019:05:06 14:10:31 211155 415.4034
2019:05:06 14:10:31 211564 337.3884
2019:05:06 14:10:31 212384 415.6530
2019:05:06 14:10:31 213202 415.4444
2019:05:06 14:10:31 213614 339.0349
2019:05:06 14:10:31 214432 414.9675
2019:05:06 14:10:31 215251 415.3512
2019:05:06 14:10:31 215660 337.5523
2019:05:06 14:10:31 216480 415.7163
2019:05:06 14:10:31 217298 414.8893
2019:05:06 14:10:31 217708 337.9062
2019:05:06 14:10:31 218526 414.7254
2019:05:06 14:10:31 219346 414.9675
2019:05:06 14:10:31 219756 337.6305
2019:05:06 14:10:31 220575 415.3512
2019:05:06 14:10:31 221395 416.2341
2019:05:06 14:10:31 221804 337.4107
2019:05:06 14:10:31 222623 415.1091
2019:05:06 14:10:31 223442 415.1091
2019:05:06 14:10:31 223852 336.9786
2019:05:06 14:10:31 224671 415.2469
2019:05:06 14:10:31 225491 416.2751
2019:05:06 14:10:31 225901 337.9770
2019:05:06 14:10:31 226720 415.3699
2019:05:06 14:10:31 227538 415.5748
2019:05:06 14:10:31 227947 337.3250
2019:05:06 14:10:31 228767 415.3848
2019:05:06 14:10:31 229587 416.6774
2019:05:06 14:10:31 229996 337.4182
2019:05:06 14:10:31 230815 415.6977
2019:05:06 14:10:31 231633 414.9079
2019:05:06 14:10:31 232043 337.3809
2019:05:06 14:10:31 232863 416.1559
2019:05:06 14:10:31 233684 417.3145
2019:05:06 14:10:31 234092 337.4182
2019:05:06 14:10:31 234911 415.0867
2019:05:06 14:10:31 235730 415.0942
2019:05:06 14:10:31 236139 337.0680
2019:05:06 14:10:31 236958 415.3885
2019:05:06 14:10:31 237778 415.6008
2019:05:06 14:10:31 238187 337.4405
2019:05:06 14:10:31 239006 415.0495
2019:05:06 14:10:31 239825 415.1389
2019:05:06 14:10:31 240235 337.5411
2019:05:06 14:10:31 241054 415.1724
2019:05:06 14:10:31 241874 415.5450
2019:05:06 14:10:31 242283 337.6007
2019:05:06 14:10:31 243102 415.2842
2019:05:06 14:10:31 243921 415.1016
2019:05:06 14:10:31 244331 337.5188
2019:05:06 14:10:31 245150 415.4593
2019:05:06 14:10:31 245970 415.6195
2019:05:06 14:10:31 246378 336.9451
2019:05:06 14:10:31 247198 415.2581
2019:05:06 14:10:31 248017 415.6753
2019:05:06 14:10:31 248426 337.5970
2019:05:06 14:10:31 249246 415.6828
2019:05:06 14:10:31 250065 415.2842
2019:05:06 14:10:31 250475 337.7981
2019:05:06 14:10:31 251294 415.4220
2019:05:06 14:10:31 252114 416.2416
2019:05:06 14:10:31 252523 337.4703
2019:05:06 14:10:31 253342 415.1501
2019:05:06 14:10:31 254162 415.6791
2019:05:06 14:10:31 254571 336.5241
2019:05:06 14:10:31 255390 414.7589
2019:05:06 14:10:31 256209 415.3661
2019:05:06 14:10:31 256618 337.6938
2019:05:06 14:10:31 257439 416.4577
2019:05:06 14:10:31 258257 415.3624
2019:05:06 14:10:31 258666 337.7385
2019:05:06 14:10:31 259485 415.1538
2019:05:06 14:10:31 260305 415.5450
2019:05:06 14:10:31 260714 337.8764
2019:05:06 14:10:31 261536 418.3017
2019:05:06 14:10:31 262353 415.1426
2019:05:06 14:10:31 262762 337.2394
2019:05:06 14:10:31 263581 415.2432
2019:05:06 14:10:31 264400 415.0346
2019:05:06 14:10:31 264809 336.6806
2019:05:06 14:10:31 265630 416.3161
2019:05:06 14:10:31 266448 414.7850
2019:05:06 14:10:31 266858 337.7534
2019:05:06 14:10:31 267677 415.1948
2019:05:06 14:10:31 268496 415.2991
2019:05:06 14:10:31 268905 337.4517
2019:05:06 14:10:31 269726 416.4912
2019:05:06 14:10:31 270544 415.4295
2019:05:06 14:10:31 270954 337.6864
2019:05:06 14:10:31 271776 418.0409
2019:05:06 14:10:31 272592 414.1256
2019:05:06 14:10:31 273002 337.5411
2019:05:06 14:10:31 273822 415.5040
2019:05:06 14:10:31 274640 415.0346
2019:05:06 14:10:31 275050 337.4405
2019:05:06 14:10:31 275868 415.0122
2019:05:06 14:10:31 276688 415.2320
2019:05:06 14:10:31 277097 337.5039
2019:05:06 14:10:31 277917 415.2171
2019:05:06 14:10:31 278736 415.2544
2019:05:06 14:10:31 279145 337.1499
2019:05:06 14:10:31 279964 415.0569
2019:05:06 14:10:31 280783 414.9862
2019:05:06 14:10:31 281193 336.9860
2019:05:06 14:10:31 282013 415.3810
2019:05:06 14:10:31 282831 415.3289
2019:05:06 14:10:31 283242 337.5560
2019:05:06 14:10:31 284060 415.7126
2019:05:06 14:10:31 284879 414.7738
2019:05:06 14:10:31 285289 337.4182
2019:05:06 14:10:31 286109 415.5822
2019:05:06 14:10:31 286927 415.1464
2019:05:06 14:10:31 287337 337.6529
2019:05:06 14:10:31 288156 414.9191
2019:05:06 14:10:31 288975 415.2544
2019:05:06 14:10:31 289386 338.7742
2019:05:06 14:10:31 290606 817.4852
2019:05:06 14:10:31 291425 813.4581
2019:05:06 14:10:31 292245 813.2719
2019:05:06 14:10:31 293064 812.2735
2019:05:06 14:10:31 293481 410.5046
2019:05:06 14:10:31 294299 414.9601
2019:05:06 14:10:31 295118 414.9936
2019:05:06 14:10:31 295528 337.2543
2019:05:06 14:10:31 296347 414.7589
2019:05:06 14:10:31 297167 415.3997
2019:05:06 14:10:31 297577 338.3346
2019:05:06 14:10:31 298395 414.8036
2019:05:06 14:10:31 299214 415.2581
2019:05:06 14:10:31 299624 337.0717
2019:05:06 14:10:31 300443 415.2432
2019:05:06 14:10:31 301262 415.1277
2019:05:06 14:10:31 301673 338.7146
2019:05:06 14:10:31 302894 817.7124
2019:05:06 14:10:31 303712 812.7280
2019:05:06 14:10:31 304532 813.6220
2019:05:06 14:10:31 305352 812.3480
2019:05:06 14:10:31 305763 404.5889
2019:05:06 14:10:31 306584 413.5892
2019:05:06 14:10:31 307403 411.8718
2019:05:06 14:10:31 308222 414.3044
2019:05:06 14:10:31 309042 412.4008
2019:05:06 14:10:31 309862 408.2024
2019:05:06 14:10:31 310678 813.2532
2019:05:06 14:10:31 311497 813.1340
2019:05:06 14:10:31 311912 409.7670
2019:05:06 14:10:31 312733 414.2709
2019:05:06 14:10:31 313553 415.7424
2019:05:06 14:10:31 314366 412.1847
2019:05:06 14:10:31 315186 412.3300
2019:05:06 14:10:31 316002 409.2045
2019:05:06 14:10:31 316821 814.2255
2019:05:06 14:10:31 317641 814.7769
2019:05:06 14:10:31 318055 408.0981
2019:05:06 14:10:31 318877 414.4236
2019:05:06 14:10:31 319696 414.0697
2019:05:06 14:10:31 320510 412.1996
2019:05:06 14:10:31 321329 411.5850
2019:05:06 14:10:31 322149 411.9575
2019:05:06 14:10:31 322969 816.4234
2019:05:06 14:10:31 323784 812.3219
2019:05:06 14:10:31 324198 408.4855
2019:05:06 14:10:31 325018 413.1794
2019:05:06 14:10:31 326238 813.0483
2019:05:06 14:10:31 327059 814.6912
2019:05:06 14:10:31 327878 812.3294
2019:05:06 14:10:31 328290 406.0194
2019:05:06 14:10:31 329110 413.0565
2019:05:06 14:10:31 329930 412.7808
2019:05:06 14:10:31 330341 335.2761
2019:05:06 14:10:31 331564 816.1105
2019:05:06 14:10:31 332381 810.0942
2019:05:06 14:10:31 333203 815.7045
2019:05:06 14:10:31 334022 812.6162
2019:05:06 14:10:31 334438 408.3700
2019:05:06 14:10:31 335258 415.6232
2019:05:06 14:10:31 336077 415.0048
2019:05:06 14:10:31 336486 337.0382
2019:05:06 14:10:31 337305 414.6881
2019:05:06 14:10:31 338125 415.7051
2019:05:06 14:10:31 338534 337.4815
2019:05:06 14:10:31 339353 414.6621
2019:05:06 14:10:31 340172 415.2209
2019:05:06 14:10:31 340582 337.3474
2019:05:06 14:10:31 341402 416.1671
2019:05:06 14:10:31 342220 415.1203
2019:05:06 14:10:31 342630 337.2021
2019:05:06 14:10:31 343449 415.1464
2019:05:06 14:10:31 344268 415.1426
2019:05:06 14:10:31 344678 337.2692
2019:05:06 14:10:31 345498 416.5620
2019:05:06 14:10:31 346316 414.6285
2019:05:06 14:10:31 347130 410.1284
2019:05:06 14:10:31 347950 411.3354
2019:05:06 14:10:31 348767 409.2418
2019:05:06 14:10:31 349589 816.2186
2019:05:06 14:10:31 350405 809.1480
2019:05:06 14:10:31 350821 410.1135
2019:05:06 14:10:31 351641 414.4907
2019:05:06 14:10:31 352462 414.5727
2019:05:06 14:10:31 353276 411.9426
2019:05:06 14:10:31 354093 408.4632
2019:05:06 14:10:31 354915 414.4870
2019:05:06 14:10:31 355735 816.5501
2019:05:06 14:10:31 356555 816.6730
2019:05:06 14:10:31 356966 407.9156
2019:05:06 14:10:31 358189 815.6225
2019:05:06 14:10:31 359012 414.9042
2019:05:06 14:10:31 359831 816.2819
2019:05:06 14:10:31 360650 815.7790
2019:05:06 14:10:31 361063 409.4765
2019:05:06 14:10:31 361880 414.8856
2019:05:06 14:10:31 362703 414.6732
2019:05:06 14:10:31 363514 409.3722
2019:05:06 14:10:31 364336 413.5631
2019:05:06 14:10:31 365152 403.9034
2019:05:06 14:10:31 365969 810.5859
2019:05:06 14:10:31 366794 818.9529
2019:05:06 14:10:31 367206 408.7016
2019:05:06 14:10:31 368024 414.6509
2019:05:06 14:10:31 368846 414.7775
2019:05:06 14:10:31 369657 411.9799
2019:05:06 14:10:31 370479 413.5072
2019:05:06 14:10:31 371293 407.3195
2019:05:06 14:10:31 372113 813.7822
2019:05:06 14:10:31 372932 812.1468
2019:05:06 14:10:31 373354 415.5226
2019:05:06 14:10:31 374170 414.3082
2019:05:06 14:10:31 374989 414.0101
2019:05:06 14:10:31 375803 412.4083
2019:05:06 14:10:31 376620 409.2790
2019:05:06 14:10:31 377438 410.1880
2019:05:06 14:10:31 378263 818.0551
2019:05:06 14:10:31 379082 815.9243
2019:05:06 14:10:31 379494 408.7538
2019:05:06 14:10:31 380311 414.8185
2019:05:06 14:10:31 381133 414.5019
2019:05:06 14:10:31 381944 408.4222
2019:05:06 14:10:31 382766 413.5929
2019:05:06 14:10:31 383581 407.3381
2019:05:06 14:10:31 384401 813.0819
2019:05:06 14:10:31 385221 814.5384
2019:05:06 14:10:31 386041 413.4029
2019:05:06 14:10:31 386862 413.5780
2019:05:06 14:10:31 387679 405.5277
2019:05:06 14:10:31 388496 811.0590
2019:05:06 14:10:31 389317 815.6002
2019:05:06 14:10:31 389732 409.6217
2019:05:06 14:10:31 390551 414.7291
2019:05:06 14:10:31 391372 414.5131
2019:05:06 14:10:31 392187 412.5088
2019:05:06 14:10:31 393006 409.0182
2019:05:06 14:10:31 393823 404.8683
2019:05:06 14:10:31 394642 813.5624
2019:05:06 14:10:31 395465 817.8838
2019:05:06 14:10:31 395875 406.8986
2019:05:06 14:10:31 396696 413.2576
2019:05:06 14:10:31 397517 415.5375
2019:05:06 14:10:31 398328 411.8755
2019:05:06 14:10:31 399149 413.5892
2019:05:06 14:10:31 399964 403.9332
2019:05:06 14:10:31 400786 815.2761
2019:05:06 14:10:31 401604 811.1149
2019:05:06 14:10:31 402019 408.4706
2019:05:06 14:10:31 402840 413.6600
2019:05:06 14:10:31 403660 414.6360
2019:05:06 14:10:31 404474 411.9314
2019:05:06 14:10:31 405294 407.8224
2019:05:06 14:10:31 406110 404.8049
2019:05:06 14:10:31 406927 810.1761
2019:05:06 14:10:31 407748 815.5778
2019:05:06 14:10:31 408163 408.5079
2019:05:06 14:10:31 408982 414.7105
2019:05:06 14:10:31 409802 414.8073
2019:05:06 14:10:31 410618 408.9400
2019:05:06 14:10:31 411437 411.8942
2019:05:06 14:10:31 412254 409.3871
2019:05:06 14:10:31 413071 810.5151
2019:05:06 14:10:31 413891 814.6204
2019:05:06 14:10:31 414306 337.3884
2019:05:06 14:10:31 415128 415.1016
2019:05:06 14:10:31 415945 414.7999
2019:05:06 14:10:31 416762 412.4716
2019:05:06 14:10:31 417578 409.4765
2019:05:06 14:10:31 418396 409.2604
2019:05:06 14:10:31 419217 814.9222
2019:05:06 14:10:31 420034 811.1410
2019:05:06 14:10:31 420452 412.3710
2019:05:06 14:10:31 421269 414.5242
2019:05:06 14:10:31 422492 814.8476
2019:05:06 14:10:31 423310 812.4448
2019:05:06 14:10:31 424131 815.0712
2019:05:06 14:10:31 424546 408.3663
2019:05:06 14:10:31 425366 416.0218
2019:05:06 14:10:31 426587 815.1866
2019:05:06 14:10:31 427406 812.9068
2019:05:06 14:10:31 428227 814.9743
2019:05:06 14:10:31 429046 411.2981
2019:05:06 14:10:31 429866 410.4078
2019:05:06 14:10:31 430685 411.0783
2019:05:06 14:10:31 431502 810.6604
2019:05:06 14:10:31 432324 815.6970
2019:05:06 14:10:31 432738 408.3216
2019:05:06 14:10:31 433558 415.7387
2019:05:06 14:10:31 434379 414.8334
2019:05:06 14:10:31 435193 411.9985
2019:05:06 14:10:31 436012 411.9352
2019:05:06 14:10:31 436833 409.5174
2019:05:06 14:10:31 437652 816.6619
2019:05:06 14:10:31 438470 814.5832
2019:05:06 14:10:31 438882 408.4073
2019:05:06 14:10:31 439703 414.1890
2019:05:06 14:10:31 440522 413.8276
2019:05:06 14:10:31 441333 409.2902
2019:05:06 14:10:31 442155 413.1310
2019:05:06 14:10:31 442970 407.5728
2019:05:06 14:10:31 443790 812.9850
2019:05:06 14:10:31 444615 818.5394
2019:05:06 14:10:31 445027 409.3908
2019:05:06 14:10:31 445847 413.5706
2019:05:06 14:10:31 446666 414.2933
2019:05:06 14:10:31 447480 412.3636
2019:05:06 14:10:31 448300 408.7314
2019:05:06 14:10:31 449116 405.9970
2019:05:06 14:10:31 449934 810.4630
2019:05:06 14:10:31 450759 818.9790
2019:05:06 14:10:31 451170 407.5579
2019:05:06 14:10:31 451988 414.6583
2019:05:06 14:10:31 452810 415.3103
2019:05:06 14:10:31 453625 413.1459
2019:05:06 14:10:31 454443 411.1007
2019:05:06 14:10:31 455260 405.9523
2019:05:06 14:10:31 456077 810.4667
2019:05:06 14:10:31 456898 814.7620
2019:05:06 14:10:31 457309 403.8438
2019:05:06 14:10:31 458129 412.6579
2019:05:06 14:10:31 458948 411.2944
2019:05:06 14:10:31 459360 336.2074
2019:05:06 14:10:31 460181 413.0565
2019:05:06 14:10:31 461001 414.3454
2019:05:06 14:10:31 461813 408.4408
2019:05:06 14:10:31 462634 413.7345
2019:05:06 14:10:31 463451 409.1561
2019:05:06 14:10:31 464269 811.6402
2019:05:06 14:10:31 465090 814.6390
2019:05:06 14:10:31 465501 404.2573
2019:05:06 14:10:31 466324 415.8616
2019:05:06 14:10:31 467145 415.1985
2019:05:06 14:10:31 467957 411.3577
2019:05:06 14:10:31 468776 411.1640
2019:05:06 14:10:31 469596 411.8457
2019:05:06 14:10:31 470413 809.7403
2019:05:06 14:10:31 471233 814.3522
2019:05:06 14:10:31 471644 404.0375
2019:05:06 14:10:31 472464 413.2688
2019:05:06 14:10:31 473281 409.2008
2019:05:06 14:10:31 473693 335.2314
2019:05:06 14:10:31 474510 409.0294
2019:05:06 14:10:31 475331 412.7808
2019:05:06 14:10:31 476148 411.0783
2019:05:06 14:10:31 476970 413.8127
2019:05:06 14:10:31 477787 404.8496
2019:05:06 14:10:31 478606 810.3848
2019:05:06 14:10:31 479429 817.0530
2019:05:06 14:10:31 479840 407.2227
2019:05:06 14:10:31 480662 415.1985
2019:05:06 14:10:31 481483 416.7482
2019:05:06 14:10:31 482293 409.5286
2019:05:06 14:10:31 483112 411.0672
2019:05:06 14:10:31 483931 411.0336
2019:05:06 14:10:31 484749 811.3608
2019:05:06 14:10:31 485574 820.4840
2019:05:06 14:10:31 485986 407.7889
2019:05:06 14:10:31 486803 414.9489
2019:05:06 14:10:31 487625 415.3289
2019:05:06 14:10:31 488439 411.6818
2019:05:06 14:10:31 489255 409.1933
2019:05:06 14:10:31 490072 408.3961
2019:05:06 14:10:31 490894 815.3990
2019:05:06 14:10:31 491711 811.4055
2019:05:06 14:10:31 492128 410.3743
2019:05:06 14:10:31 492948 414.3491
2019:05:06 14:10:31 493768 413.8462
2019:05:06 14:10:31 494582 412.3747
2019:05:06 14:10:31 495402 407.7852
2019:05:06 14:10:31 496218 405.7512
2019:05:06 14:10:31 497036 811.0292
2019:05:06 14:10:31 497855 812.5976
2019:05:06 14:10:31 498272 411.1044
2019:05:06 14:10:31 499090 414.7366
2019:05:06 14:10:31 499912 415.4854
2019:05:06 14:10:31 500726 412.3561
2019:05:06 14:10:31 501546 409.5249
2019:05:06 14:10:31 502361 404.9875
2019:05:06 14:10:31 503179 810.8057
2019:05:06 14:10:31 504000 815.9876
2019:05:06 14:10:31 504414 407.7181
2019:05:06 14:10:31 505233 414.7999
2019:05:06 14:10:31 506125 483.9636
2019:05:06 14:10:31 507275 816.5464
2019:05:06 14:10:31 508099 817.5857
2019:05:06 14:10:31 508512 409.4243
2019:05:06 14:10:31 509329 414.7738
2019:05:06 14:10:31 510152 414.9601
2019:05:06 14:10:31 510965 412.3487
2019:05:06 14:10:31 511785 412.1810
2019:05:06 14:10:31 512599 407.5989
2019:05:06 14:10:31 513419 813.2048
2019:05:06 14:10:31 514240 815.0078
2019:05:06 14:10:31 514650 403.2329
2019:05:06 14:10:31 515470 413.1161
2019:05:06 14:10:31 516290 412.0134
2019:05:06 14:10:31 517106 412.1810
2019:05:06 14:10:31 517926 410.0986
2019:05:06 14:10:31 518743 409.6478
2019:05:06 14:10:31 519569 819.2733
2019:05:06 14:10:31 520387 815.1531
2019:05:06 14:10:31 520800 409.2753
2019:05:06 14:10:31 521619 416.7892
2019:05:06 14:10:31 522439 415.3214
2019:05:06 14:10:31 523250 409.4094
2019:05:06 14:10:31 524072 413.7158
2019:05:06 14:10:31 524888 406.0343
2019:05:06 14:10:31 525707 811.6476
2019:05:06 14:10:31 526528 813.2234
2019:05:06 14:10:31 526935 400.6736
2019:05:06 14:10:31 527756 815.3580
2019:05:06 14:10:31 528575 813.0148
2019:05:06 14:10:31 528985 404.1120
2019:05:06 14:10:31 529806 412.2630
2019:05:06 14:10:31 530622 409.0779
2019:05:06 14:10:31 531442 413.7196
2019:05:06 14:10:31 532263 413.4960
2019:05:06 14:10:31 533081 406.2019
2019:05:06 14:10:31 533900 814.8849
2019:05:06 14:10:31 534717 809.7775
2019:05:06 14:10:31 535133 410.1433
2019:05:06 14:10:31 535955 414.8707
2019:05:06 14:10:31 536772 414.8595
2019:05:06 14:10:31 537589 413.4402
2019:05:06 14:10:31 538407 411.0597
2019:05:06 14:10:31 539227 409.1710
2019:05:06 14:10:31 540047 816.0472
2019:05:06 14:10:31 540866 816.2558
2019:05:06 14:10:31 541277 407.5728
2019:05:06 14:10:31 542500 815.1755
2019:05:06 14:10:31 543323 414.9154
2019:05:06 14:10:31 544143 816.4793
2019:05:06 14:10:31 544962 815.6300
2019:05:06 14:10:31 545384 419.0616
2019:05:06 14:10:31 546194 414.4572
2019:05:06 14:10:31 547013 414.0548
2019:05:06 14:10:31 547828 412.3971
2019:05:06 14:10:31 548647 408.9028
2019:05:06 14:10:31 549464 406.8241
2019:05:06 14:10:31 550281 809.5577
2019:05:06 14:10:31 551102 815.0637
2019:05:06 14:10:31 551510 400.7034
2019:05:06 14:10:31 552331 814.8625
2019:05:06 14:10:31 553148 809.8818
2019:05:06 14:10:31 553567 413.7494
2019:05:06 14:10:31 554384 414.3938
2019:05:06 14:10:31 555206 415.5114
2019:05:06 14:10:31 556019 413.4141
2019:05:06 14:10:31 556839 411.7787
2019:05:06 14:10:31 557656 406.2206
2019:05:06 14:10:31 558472 810.0048
2019:05:06 14:10:31 559293 814.6539
2019:05:06 14:10:31 559708 408.4483
2019:05:06 14:10:31 560527 414.7589
2019:05:06 14:10:31 561352 417.9366
2019:05:06 14:10:31 561759 335.5332
2019:05:06 14:10:31 562575 414.6434
2019:05:06 14:10:31 563397 414.8446
2019:05:06 14:10:31 564208 409.6888
2019:05:06 14:10:31 565030 413.7307
2019:05:06 14:10:31 565847 404.9428
2019:05:06 14:10:31 566666 814.0393
2019:05:06 14:10:31 567483 810.6083
2019:05:06 14:10:31 567901 411.2534
2019:05:06 14:10:31 568719 414.9042
2019:05:06 14:10:31 569542 416.4241
2019:05:06 14:10:31 570355 412.3226
2019:05:06 14:10:31 571174 411.7340
2019:05:06 14:10:31 571991 405.4494
2019:05:06 14:10:31 572811 813.4246
2019:05:06 14:10:31 573628 810.9845
2019:05:06 14:10:31 574043 408.0124
2019:05:06 14:10:31 574865 414.3380
2019:05:06 14:10:31 575682 414.8968
2019:05:06 14:10:31 576498 412.2108
2019:05:06 14:10:31 577317 411.6073
2019:05:06 14:10:31 578132 405.9672
2019:05:06 14:10:31 578954 815.8013
2019:05:06 14:10:31 579775 413.2017
2019:05:06 14:10:31 580595 410.3892
2019:05:06 14:10:31 581421 406.9507
2019:05:06 14:10:31 582238 414.3082
2019:05:06 14:10:31 583056 415.9287
2019:05:06 14:10:31 583875 415.3363
2019:05:06 14:10:31 584688 411.1007
2019:05:06 14:10:31 585507 411.5142
2019:05:06 14:10:31 585994 79.0991
2019:05:06 14:10:31 586740 413.1012
2019:05:06 14:10:31 587962 813.1191
2019:05:06 14:10:31 588379 411.2385
2019:05:06 14:10:31 589201 414.6397
2019:05:06 14:10:31 590020 413.9952
2019:05:06 14:10:31 590834 408.9363
2019:05:06 14:10:31 591653 409.1486
2019:05:06 14:10:31 592469 408.9288
2019:05:06 14:10:31 593289 813.4916
2019:05:06 14:10:31 594109 813.7375
2019:05:06 14:10:31 594518 403.0727
2019:05:06 14:10:31 595337 813.7338
2019:05:06 14:10:31 596156 813.1266
2019:05:06 14:10:31 596565 403.5532
2019:05:06 14:10:31 597386 813.7636
2019:05:06 14:10:31 598204 811.6476
2019:05:06 14:10:31 598614 403.8066
2019:05:06 14:10:31 599433 813.5177
2019:05:06 14:10:31 600252 813.1564
2019:05:06 14:10:31 600662 403.7097
2019:05:06 14:10:31 601482 813.2644
2019:05:06 14:10:31 602300 812.1654
2019:05:06 14:10:31 602710 403.3558
2019:05:06 14:10:31 603529 813.0781
2019:05:06 14:10:31 604348 813.0185
2019:05:06 14:10:31 604758 403.3931
2019:05:06 14:10:31 605577 813.8120
2019:05:06 14:10:31 606396 812.8025
2019:05:06 14:10:31 606805 403.5644
2019:05:06 14:10:31 607625 813.7599
2019:05:06 14:10:31 608443 813.0670
2019:05:06 14:10:31 608853 404.3020
2019:05:06 14:10:31 609673 813.6854
2019:05:06 14:10:31 610490 810.2916
2019:05:06 14:10:31 610899 402.6741
2019:05:06 14:10:31 611719 812.4448
2019:05:06 14:10:31 612538 812.2772
2019:05:06 14:10:31 612948 402.7970
2019:05:06 14:10:31 613768 812.9962
2019:05:06 14:10:31 614586 811.6476
2019:05:06 14:10:31 614996 402.8715
2019:05:06 14:10:31 615815 812.2064
2019:05:06 14:10:31 616635 812.4672
2019:05:06 14:10:31 617050 408.6122
2019:05:06 14:10:31 617870 415.9510
2019:05:06 14:10:31 618689 415.4108
2019:05:06 14:10:31 619501 739.9507
2019:05:06 14:10:31 620320 812.1468
2019:05:06 14:10:31 621138 811.9233
2019:05:06 14:10:31 621958 813.1266
2019:05:06 14:10:31 622779 814.3969
2019:05:06 14:10:31 623194 408.1838
2019:05:06 14:10:31 624013 415.1985
2019:05:06 14:10:31 624832 415.0942
2019:05:06 14:10:31 625645 740.7032
2019:05:06 14:10:31 626464 811.8078
2019:05:06 14:10:31 626952 79.0320
2019:05:06 14:10:31 628102 816.6097
2019:05:06 14:10:31 628921 812.2027
2019:05:06 14:10:31 629337 409.4355
2019:05:06 14:10:31 630158 415.8765
2019:05:06 14:10:31 630976 415.1836
2019:05:06 14:10:31 631789 411.4024
2019:05:06 14:10:31 632609 410.7654
2019:05:06 14:10:31 633426 409.3051
2019:05:06 14:10:31 634246 812.1841
2019:05:06 14:10:31 635065 811.9494
2019:05:06 14:10:31 635480 408.9810
2019:05:06 14:10:31 636300 415.1426
2019:05:06 14:10:31 637119 415.1240
2019:05:06 14:10:31 637933 740.7553
2019:05:06 14:10:31 638752 410.6313
2019:05:06 14:10:31 639570 408.9884
2019:05:06 14:10:31 640389 813.1191
2019:05:06 14:10:31 641209 812.8434
2019:05:06 14:10:31 641626 410.0278
2019:05:06 14:10:31 642444 415.2656
2019:05:06 14:10:31 643263 415.5897
2019:05:06 14:10:31 644075 740.0140
2019:05:06 14:10:31 644895 812.4821
2019:05:06 14:10:31 645714 812.4076
2019:05:06 14:10:31 646533 812.3890
2019:05:06 14:10:31 647352 812.4001
2019:05:06 14:10:31 647768 409.2045
2019:05:06 14:10:31 648588 415.2283
2019:05:06 14:10:31 649408 415.9138
2019:05:06 14:10:31 650220 740.1519
2019:05:06 14:10:31 651040 411.5403
2019:05:06 14:10:31 651857 409.0667
2019:05:06 14:10:31 652677 813.0558
2019:05:06 14:10:31 653496 812.8695
2019:05:06 14:10:31 653912 408.4036
2019:05:06 14:10:31 654731 415.0383
2019:05:06 14:10:31 655551 415.0942
2019:05:06 14:10:31 656363 740.3344
2019:05:06 14:10:31 657182 813.6556
2019:05:06 14:10:31 657670 482.3804
2019:05:06 14:10:31 658821 816.8481
2019:05:06 14:10:31 659640 811.7966
2019:05:06 14:10:31 660056 409.0965
2019:05:06 14:10:31 660876 415.5897
2019:05:06 14:10:31 661696 416.7333
2019:05:06 14:10:31 662507 740.2375
2019:05:06 14:10:31 662925 412.2034
2019:05:06 14:10:31 663744 413.8574
2019:05:06 14:10:31 664559 412.7696
2019:05:06 14:10:31 665379 409.7484
2019:05:06 14:10:31 666192 403.4825
2019:05:06 14:10:31 667012 812.5193
2019:05:06 14:10:31 667831 812.5491
2019:05:06 14:10:31 668247 409.6515
2019:05:06 14:10:31 669067 415.3512
2019:05:06 14:10:31 669887 415.5040
2019:05:06 14:10:31 670699 411.4285
2019:05:06 14:10:31 671519 410.5456
2019:05:06 14:10:31 672338 408.8879
2019:05:06 14:10:31 673157 813.5736
2019:05:06 14:10:31 673977 814.3112
2019:05:06 14:10:31 674392 408.6457
2019:05:06 14:10:31 675213 414.6248
2019:05:06 14:10:31 676032 414.5205
2019:05:06 14:10:31 676846 412.3449
2019:05:06 14:10:31 677666 412.7659
2019:05:06 14:10:31 678482 408.8841
2019:05:06 14:10:31 679301 813.7636
2019:05:06 14:10:31 680120 812.5566
2019:05:06 14:10:31 680530 403.6129
2019:05:06 14:10:31 681350 813.8120
2019:05:06 14:10:31 682168 812.0611
2019:05:06 14:10:31 682578 403.3819
2019:05:06 14:10:31 683397 813.7450
2019:05:06 14:10:31 684216 812.8658
2019:05:06 14:10:31 684626 404.1232
2019:05:06 14:10:31 685446 813.7263
2019:05:06 14:10:31 686264 812.6609
2019:05:06 14:10:31 686673 403.2664
2019:05:06 14:10:31 687493 813.3575
2019:05:06 14:10:31 688312 813.4097
2019:05:06 14:10:31 688722 403.9109
2019:05:06 14:10:31 689541 813.6593
2019:05:06 14:10:31 690360 812.5342
2019:05:06 14:10:31 690769 403.1062
2019:05:06 14:10:31 691589 813.3501
2019:05:06 14:10:31 692408 812.5566
2019:05:06 14:10:31 692817 403.2105
2019:05:06 14:10:31 693637 813.9648
2019:05:06 14:10:31 694456 812.6758
2019:05:06 14:10:31 694865 403.7395
2019:05:06 14:10:31 695684 813.2420
2019:05:06 14:10:31 696503 812.5491
2019:05:06 14:10:31 696913 403.9966
2019:05:06 14:10:31 697733 813.7450
2019:05:06 14:10:31 698551 812.3294
2019:05:06 14:10:31 698961 403.4452
2019:05:06 14:10:31 699780 813.0856
2019:05:06 14:10:31 700600 813.6705
2019:05:06 14:10:31 701009 403.5234
2019:05:06 14:10:31 701829 814.1398
2019:05:06 14:10:31 702647 812.4262
2019:05:06 14:10:31 703057 403.1993
2019:05:06 14:10:31 703876 812.5491
2019:05:06 14:10:31 704695 812.7131
2019:05:06 14:10:31 705105 403.6687
2019:05:06 14:10:31 705925 814.0244
2019:05:06 14:10:31 706743 812.9068
2019:05:06 14:10:31 707153 403.4713
2019:05:06 14:10:31 707972 813.1191
2019:05:06 14:10:31 708791 813.1489
2019:05:06 14:10:31 709201 403.5570
2019:05:06 14:10:31 710020 813.7114
2019:05:06 14:10:31 710839 811.7966
2019:05:06 14:10:31 711248 403.5607
2019:05:06 14:10:31 712068 813.3613
2019:05:06 14:10:31 712887 812.5603
2019:05:06 14:10:31 713296 403.8103
2019:05:06 14:10:31 714116 814.3038
2019:05:06 14:10:31 714935 812.6944
2019:05:06 14:10:31 715344 403.8997
2019:05:06 14:10:31 716163 813.2122
2019:05:06 14:10:31 716983 813.4246
2019:05:06 14:10:31 717393 404.6112
2019:05:06 14:10:31 718210 810.1054
2019:05:06 14:10:31 719029 811.8451
2019:05:06 14:10:31 719438 402.7784
2019:05:06 14:10:31 720258 812.6833
2019:05:06 14:10:31 721077 812.7503
2019:05:06 14:10:31 721494 410.7580
2019:05:06 14:10:31 722715 817.8577
2019:05:06 14:10:31 723203 481.3522
2019:05:06 14:10:31 723951 414.2746
2019:05:06 14:10:31 724769 412.9969
2019:05:06 14:10:31 725583 407.2860
2019:05:06 14:10:31 726401 811.5470
2019:05:06 14:10:31 727220 812.1170
2019:05:06 14:10:31 727630 402.8343
2019:05:06 14:10:31 728449 812.9030
2019:05:06 14:10:31 729268 811.9121
2019:05:06 14:10:31 729685 410.4748
2019:05:06 14:10:31 730504 415.2320
2019:05:06 14:10:31 731323 414.9675
2019:05:06 14:10:31 732137 411.4360
2019:05:06 14:10:31 732956 411.1528
2019:05:06 14:10:31 733773 408.6122
2019:05:06 14:10:31 734593 812.8956
2019:05:06 14:10:31 735412 812.4858
2019:05:06 14:10:31 735828 409.1598
2019:05:06 14:10:31 736647 415.0532
2019:05:06 14:10:31 737468 416.4055
2019:05:06 14:10:31 738280 411.2944
2019:05:06 14:10:31 739100 411.0076
2019:05:06 14:10:31 739917 409.2455
2019:05:06 14:10:31 740736 813.0558
2019:05:06 14:10:31 741556 813.0185
2019:05:06 14:10:31 741972 408.1130
2019:05:06 14:10:31 742791 415.2469
2019:05:06 14:10:31 743610 415.2618
2019:05:06 14:10:31 744424 411.2981
2019:05:06 14:10:31 745243 410.9740
2019:05:06 14:10:31 746061 408.8022
2019:05:06 14:10:31 746880 812.8993
2019:05:06 14:10:31 747699 812.8025
2019:05:06 14:10:31 748115 409.3088
2019:05:06 14:10:31 748935 415.5338
2019:05:06 14:10:31 749755 416.3720
2019:05:06 14:10:31 750568 411.1081
2019:05:06 14:10:31 751387 410.9666
2019:05:06 14:10:31 752204 409.3684
2019:05:06 14:10:31 753024 812.9627
2019:05:06 14:10:31 753843 812.5752
2019:05:06 14:10:31 754260 410.0390
2019:05:06 14:10:31 755081 413.9394
2019:05:06 14:10:31 755899 413.3992
2019:05:06 14:10:31 756714 412.2145
2019:05:06 14:10:31 757535 409.5621
2019:05:06 14:10:31 758350 404.8757
2019:05:06 14:10:31 759169 813.8232
2019:05:06 14:10:31 759992 816.5985
2019:05:06 14:10:31 760404 408.1950
2019:05:06 14:10:31 761225 414.4944
2019:05:06 14:10:31 762044 414.1368
2019:05:06 14:10:31 762858 412.3412
2019:05:06 14:10:31 763677 412.0097
2019:05:06 14:10:31 764494 406.0455
2019:05:06 14:10:31 765313 813.4879
2019:05:06 14:10:31 766136 817.2169
2019:05:06 14:10:31 766548 407.8187
2019:05:06 14:10:31 767369 414.5838
2019:05:06 14:10:31 768186 412.9671
2019:05:06 14:10:31 769002 412.3040
2019:05:06 14:10:31 769821 407.6697
2019:05:06 14:10:31 770637 405.3526
2019:05:06 14:10:31 771457 813.5065
2019:05:06 14:10:31 772276 813.7636
2019:05:06 14:10:31 772691 409.2641
2019:05:06 14:10:31 773514 416.0628
2019:05:06 14:10:31 774331 414.1480
2019:05:06 14:10:31 775145 412.2443
2019:05:06 14:10:31 775965 412.2294
2019:05:06 14:10:31 776781 409.2269
2019:05:06 14:10:31 777601 814.4714
2019:05:06 14:10:31 778423 815.3468
2019:05:06 14:10:31 778835 408.2695
2019:05:06 14:10:31 779656 414.4907
2019:05:06 14:10:31 780475 414.3752
2019:05:06 14:10:31 781289 412.3151
2019:05:06 14:10:31 782108 411.3428
2019:05:06 14:10:31 782925 409.2753
2019:05:06 14:10:31 783746 814.3410
2019:05:06 14:10:31 784564 812.2772
2019:05:06 14:10:31 784980 410.5084
2019:05:06 14:10:31 785800 413.2167
2019:05:06 14:10:31 786618 413.1645
2019:05:06 14:10:31 787434 412.7808
2019:05:06 14:10:31 788253 412.1028
2019:05:06 14:10:31 789069 405.7139
2019:05:06 14:10:31 789889 813.5512
2019:05:06 14:10:31 790712 815.9503
2019:05:06 14:10:31 791123 408.2695
2019:05:06 14:10:31 791944 414.5466
2019:05:06 14:10:31 792763 413.7903
2019:05:06 14:10:31 793578 413.1123
2019:05:06 14:10:31 794397 407.9379
2019:05:06 14:10:31 795213 405.5686
2019:05:06 14:10:31 796033 814.1138
2019:05:06 14:10:31 796855 816.4383
2019:05:06 14:10:31 797267 408.5712
2019:05:06 14:10:31 798088 414.1778
2019:05:06 14:10:31 798906 413.6637
2019:05:06 14:10:31 799721 412.4194
2019:05:06 14:10:31 800540 412.3673
2019:05:06 14:10:31 801357 410.2252
2019:05:06 14:10:31 802176 811.7147
2019:05:06 14:10:31 802999 815.7454
2019:05:06 14:10:31 803411 408.6271
2019:05:06 14:10:31 804231 414.3044
2019:05:06 14:10:31 805049 412.7212
2019:05:06 14:10:31 805865 411.8346
2019:05:06 14:10:31 806684 412.2406
2019:05:06 14:10:31 807500 409.0257
2019:05:06 14:10:31 808320 813.6034
2019:05:06 14:10:31 809139 813.6369
2019:05:06 14:10:31 809556 411.0970
2019:05:06 14:10:31 810375 414.2262
2019:05:06 14:10:31 811193 413.1943
2019:05:06 14:10:31 812008 412.2853
2019:05:06 14:10:31 812827 412.1773
2019:05:06 14:10:31 813645 410.1470
2019:05:06 14:10:31 814464 812.2139
2019:05:06 14:10:31 815283 812.5231
2019:05:06 14:10:31 815699 410.8362
2019:05:06 14:10:31 816519 414.8521
2019:05:06 14:10:31 817336 412.6020
2019:05:06 14:10:31 818152 411.7116
2019:05:06 14:10:31 818971 412.1326
2019:05:06 14:10:31 819786 407.0103
2019:05:06 14:10:31 820605 813.8716
2019:05:06 14:10:31 821023 412.1773
2019:05:06 14:10:31 821841 411.2124
2019:05:06 14:10:31 822660 415.3401
2019:05:06 14:10:31 823479 415.2171
2019:05:06 14:10:31 824291 740.0513
2019:05:06 14:10:31 824710 413.1496
2019:05:06 14:10:31 825532 416.8972
2019:05:06 14:10:31 825940 336.6172
2019:05:06 14:10:31 826758 413.0788
2019:05:06 14:10:31 827577 413.4700
2019:05:06 14:10:31 827987 335.5518
2019:05:06 14:10:31 828807 414.4013
2019:05:06 14:10:31 829627 415.6083
2019:05:06 14:10:31 830035 336.1851
2019:05:06 14:10:31 830855 414.5019
2019:05:06 14:10:31 831673 414.0995
2019:05:06 14:10:31 832083 336.2708
2019:05:06 14:10:31 832901 413.5370
2019:05:06 14:10:31 833722 415.0048
2019:05:06 14:10:31 834130 335.7455
2019:05:06 14:10:31 834949 413.6600
2019:05:06 14:10:31 835768 413.7643
2019:05:06 14:10:31 836178 335.8498
2019:05:06 14:10:31 836997 413.7494
2019:05:06 14:10:31 837817 413.6898
2019:05:06 14:10:31 838226 336.7178
2019:05:06 14:10:31 839045 413.9021
2019:05:06 14:10:31 839865 414.3231
2019:05:06 14:10:31 840274 336.4868
2019:05:06 14:10:31 841093 413.8276
2019:05:06 14:10:31 841912 413.7456
2019:05:06 14:10:31 842727 412.4790
2019:05:06 14:10:31 843546 411.9910
2019:05:06 14:10:31 844362 409.3200
2019:05:06 14:10:31 845182 813.0148
2019:05:06 14:10:31 846006 816.9971
2019:05:06 14:10:31 846818 809.5875
2019:05:06 14:10:31 847638 813.4209
2019:05:06 14:10:31 848454 810.7908
2019:05:06 14:10:31 849276 815.2649
2019:05:06 14:10:31 850095 813.3985
2019:05:06 14:10:31 850513 410.9070
2019:05:06 14:10:31 851333 414.5354
2019:05:06 14:10:31 852152 414.3119
2019:05:06 14:10:31 852967 412.5684
2019:05:06 14:10:31 853786 411.4695
2019:05:06 14:10:31 854602 409.4504
2019:05:06 14:10:31 855422 813.0446
2019:05:06 14:10:31 856241 813.7673
2019:05:06 14:10:31 856657 410.3258
2019:05:06 14:10:31 857478 416.0926
2019:05:06 14:10:31 858296 413.7568
2019:05:06 14:10:31 859111 412.9522
2019:05:06 14:10:31 859929 411.3391
2019:05:06 14:10:31 860745 409.1077
2019:05:06 14:10:31 861566 814.3373
2019:05:06 14:10:31 862388 815.3245
2019:05:06 14:10:31 862801 408.9698
2019:05:06 14:10:31 863619 413.1757
2019:05:06 14:10:31 864438 413.3172
2019:05:06 14:10:31 865254 412.2481
2019:05:06 14:10:31 866073 411.2311
2019:05:06 14:10:31 866890 405.8667
2019:05:06 14:10:31 867709 813.2420
2019:05:06 14:10:31 868532 816.5278
2019:05:06 14:10:31 868943 408.5563
2019:05:06 14:10:31 869764 413.2278
2019:05:06 14:10:31 870583 412.8627
2019:05:06 14:10:31 871398 411.9352
2019:05:06 14:10:31 872217 411.8606
2019:05:06 14:10:31 873033 409.5063
2019:05:06 14:10:31 873853 813.3315
2019:05:06 14:10:31 874676 816.4458
2019:05:06 14:10:31 875087 407.8820
2019:05:06 14:10:31 875908 414.3491
2019:05:06 14:10:31 876727 414.3380
2019:05:06 14:10:31 877542 413.0453
2019:05:06 14:10:31 878361 411.9501
2019:05:06 14:10:31 879177 409.0406
2019:05:06 14:10:31 879997 813.2830
2019:05:06 14:10:31 880816 812.6386
2019:05:06 14:10:31 881232 410.0576
2019:05:06 14:10:31 882052 414.2225
2019:05:06 14:10:31 882869 412.8404
2019:05:06 14:10:31 883685 412.4753
2019:05:06 14:10:31 884504 411.9985
2019:05:06 14:10:31 885321 405.6990
2019:05:06 14:10:31 886141 814.2702
2019:05:06 14:10:31 886959 812.2064
2019:05:06 14:10:31 887375 410.1992
2019:05:06 14:10:31 888194 413.0006
2019:05:06 14:10:31 889013 413.3582
2019:05:06 14:10:31 889829 411.7340
2019:05:06 14:10:31 890648 408.6830
2019:05:06 14:10:31 891464 405.6022
2019:05:06 14:10:31 892284 813.7859
2019:05:06 14:10:31 893103 813.2160
2019:05:06 14:10:31 893520 411.1044
2019:05:06 14:10:31 894338 413.2241
2019:05:06 14:10:31 895157 413.2725
2019:05:06 14:10:31 895973 412.6951
2019:05:06 14:10:31 896791 411.7154
2019:05:06 14:10:31 897609 409.9868
2019:05:06 14:10:31 898426 809.2560
2019:05:06 14:10:31 899245 812.4076
2019:05:06 14:10:31 899661 409.9011
2019:05:06 14:10:31 900480 415.0681
2019:05:06 14:10:31 901299 414.9713
2019:05:06 14:10:31 901709 337.3995
2019:05:06 14:10:31 902528 414.9042
2019:05:06 14:10:31 903347 415.4444
2019:05:06 14:10:31 903757 337.1760
2019:05:06 14:10:31 904576 414.4758
2019:05:06 14:10:31 905396 416.3720
2019:05:06 14:10:31 905805 337.5672
2019:05:06 14:10:31 906624 414.8744
2019:05:06 14:10:31 907443 414.9154
2019:05:06 14:10:31 907852 337.1127
2019:05:06 14:10:31 908672 415.1687
2019:05:06 14:10:31 909492 416.2081
2019:05:06 14:10:31 909901 337.7199
2019:05:06 14:10:31 910720 415.3885
2019:05:06 14:10:31 911538 414.8073
2019:05:06 14:10:31 911948 336.9935
2019:05:06 14:10:31 912767 414.8521
2019:05:06 14:10:31 913588 416.3571
2019:05:06 14:10:31 913996 336.9041
2019:05:06 14:10:31 914815 415.2209
2019:05:06 14:10:31 915636 416.2788
2019:05:06 14:10:31 916045 336.9674
2019:05:06 14:10:31 916864 415.0607
2019:05:06 14:10:31 917684 415.9100
2019:05:06 14:10:31 918093 337.0196
2019:05:06 14:10:31 918912 414.8670
2019:05:06 14:10:31 919730 414.8297
2019:05:06 14:10:31 920141 337.7534
2019:05:06 14:10:31 920959 415.0160
2019:05:06 14:10:31 921779 415.5785
2019:05:06 14:10:31 922188 337.4815
2019:05:06 14:10:31 923007 414.5168
2019:05:06 14:10:31 923826 414.8632
2019:05:06 14:10:31 924235 336.8855
2019:05:06 14:10:31 925055 414.1219
2019:05:06 14:10:31 925902 413.1086
2019:05:06 14:10:31 926309 334.3336
2019:05:06 14:10:31 927112 411.1640
2019:05:06 14:10:31 927939 411.0895
2019:05:06 14:10:31 928758 413.7717
2019:05:06 14:10:31 929577 411.8644
2019:05:06 14:10:31 930393 408.8432
2019:05:06 14:10:31 931213 813.3538
2019:05:06 14:10:31 932033 814.1696
2019:05:06 14:10:31 932448 409.2343
2019:05:06 14:10:31 933267 413.5557
2019:05:06 14:10:31 934083 411.1305
2019:05:06 14:10:31 934901 414.0548
2019:05:06 14:10:31 935720 411.3130
2019:05:06 14:10:31 936536 407.4425
2019:05:06 14:10:31 937358 815.1419
2019:05:06 14:10:31 938176 811.4688
2019:05:06 14:10:31 938592 409.0741
2019:05:06 14:10:31 939411 413.8798
2019:05:06 14:10:31 940230 414.1815
2019:05:06 14:10:31 940639 335.5891
2019:05:06 14:10:31 941459 415.0867
2019:05:06 14:10:31 942279 415.6865
2019:05:06 14:10:31 942688 337.2319
2019:05:06 14:10:31 943507 413.7903
2019:05:06 14:10:31 944326 414.1256
2019:05:06 14:10:31 944735 335.3246
2019:05:06 14:10:31 945556 414.9862
2019:05:06 14:10:31 946375 415.6716
2019:05:06 14:10:31 946777 330.2284
2019:05:06 14:10:31 947604 414.2001
2019:05:06 14:10:31 948422 413.9431
2019:05:06 14:10:31 948832 337.2394
2019:05:06 14:10:31 949652 414.8856
2019:05:06 14:10:31 950470 414.0250
2019:05:06 14:10:31 950879 335.5742
2019:05:06 14:10:31 951698 413.9096
2019:05:06 14:10:31 952518 415.5822
2019:05:06 14:10:31 952928 336.8892
2019:05:06 14:10:31 953748 414.6732
2019:05:06 14:10:31 954566 413.9282
2019:05:06 14:10:31 954975 335.1271
2019:05:06 14:10:31 955794 413.9021
2019:05:06 14:10:31 956613 413.9841
2019:05:06 14:10:31 957022 336.0100
2019:05:06 14:10:31 957844 415.9957
2019:05:06 14:10:31 958662 413.9766
2019:05:06 14:10:31 959051 316.4746
2019:05:06 14:10:31 959890 413.7754
2019:05:06 14:10:31 960703 407.9901
2019:05:06 14:10:31 961099 323.8097
2019:05:06 14:10:31 961932 414.9415
2019:05:06 14:10:31 962750 414.3231
2019:05:06 14:10:31 963148 324.2530
2019:05:06 14:10:31 963979 414.3193
2019:05:06 14:10:31 964799 415.0458
2019:05:06 14:10:31 965194 323.1503
