
# OSU MPI Allreduce Latency Test v5.6.1
# Size       Avg Latency(us)
262144             374322.43
2019:05:06 14:47:58 289310 155933.7340
2019:05:06 14:47:58 586577 291646.7115
2019:05:06 14:47:58 962623 370329.0448
2019:05:06 14:47:59 241378 278739.1916
2019:05:06 14:47:59 622792 349431.9022
2019:05:06 14:48:00 21380 367582.0157
2019:05:06 14:48:00 589366 540007.6732
2019:05:06 14:48:00 817374 227996.8113
2019:05:06 14:48:01 82773 259674.1207
2019:05:06 14:48:01 466548 382534.2320
2019:05:06 14:48:01 953357 482713.9638
2019:05:06 14:48:02 573362 617773.9166
2019:05:06 14:48:02 977364 403991.2447
2019:05:06 14:48:03 325362 347987.6667
2019:05:06 14:48:03 622851 297480.6875
2019:05:06 14:48:03 942396 317489.8066
2019:05:06 14:48:04 181858 237471.3607
2019:05:06 14:48:04 465362 283494.7295
2019:05:06 14:48:04 892994 427621.7930
2019:05:06 14:48:05 436942 543932.3150
2019:05:06 14:48:05 793355 353127.3045
2019:05:06 14:48:06 118487 320727.1732
2019:05:06 14:48:06 473994 354289.8409
2019:05:06 14:48:06 841364 364508.7294
2019:05:06 14:48:07 341366 499992.2514
2019:05:06 14:48:07 665363 323986.3329
2019:05:06 14:48:07 997366 331993.0397
2019:05:06 14:48:08 476265 478889.7671
2019:05:06 14:48:08 869462 376101.0692
2019:05:06 14:48:09 303557 414197.6051
2019:05:06 14:48:09 604628 296171.1176
2019:05:06 14:48:10 137376 508008.0703
2019:05:06 14:48:10 673363 529954.5042
2019:05:06 14:48:11 125262 451888.6060
2019:05:06 14:48:11 613363 483190.4061
2019:05:06 14:48:12 401357 787983.5181
2019:05:06 14:48:12 659760 257987.5551
2019:05:06 14:48:13 47998 382953.8152
2019:05:06 14:48:13 531319 469950.8883
2019:05:06 14:48:13 925177 363822.5384
2019:05:06 14:48:14 266936 333829.2837
2019:05:06 14:48:14 640841 343487.3559
2019:05:06 14:48:15 25376 364016.5627
2019:05:06 14:48:15 315830 286704.8755
2019:05:06 14:48:15 926402 589041.4342
2019:05:06 14:48:16 334787 403473.4368
2019:05:06 14:48:17 4089 667278.0775
2019:05:06 14:48:17 477129 451769.2067
2019:05:06 14:48:18 120180 633163.6868
2019:05:06 14:48:18 765377 637417.5325
2019:05:06 14:48:19 103171 330937.5197
2019:05:06 14:48:19 729340 603988.3755
2019:05:06 14:48:20 1376 272024.1845
2019:05:06 14:48:20 493377 460013.9447
2019:05:06 14:48:20 981390 452028.2373
2019:05:06 14:48:21 393380 406422.8050
2019:05:06 14:48:21 805473 403192.2407
2019:05:06 14:48:22 145371 339090.2057
2019:05:06 14:48:22 466810 316060.9230
2019:05:06 14:48:22 888650 394010.3725
2019:05:06 14:48:23 285366 391405.1279
2019:05:06 14:48:23 845365 559988.7744
2019:05:06 14:48:24 225357 379981.3837
2019:05:06 14:48:24 573368 347124.2376
2019:05:06 14:48:24 856269 282890.2677
2019:05:06 14:48:25 129386 270323.1424
2019:05:06 14:48:25 517363 381020.7583
2019:05:06 14:48:25 901366 383993.6741
2019:05:06 14:48:26 677364 775987.8486
2019:05:06 14:48:27 51566 374191.7200
2019:05:06 14:48:27 401368 343263.5181
2019:05:06 14:48:27 770070 368690.2821
2019:05:06 14:48:28 238266 464936.7966
2019:05:06 14:48:28 526124 286684.7627
2019:05:06 14:48:28 981196 431840.4868
2019:05:06 14:48:29 267406 286198.7017
2019:05:06 14:48:29 549382 276644.8073
2019:05:06 14:48:29 861304 300888.1807
2019:05:06 14:48:30 186151 308790.4826
2019:05:06 14:48:30 506549 314308.9153
2019:05:06 14:48:30 909371 387812.6778
2019:05:06 14:48:31 457566 541468.5383
2019:05:06 14:48:32 138727 657374.7732
2019:05:06 14:48:32 465370 324230.4251
2019:05:06 14:48:32 755379 290000.2636
2019:05:06 14:48:33 85361 329970.6355
2019:05:06 14:48:33 325370 239998.3555
2019:05:06 14:48:33 680974 349780.2615
2019:05:06 14:48:34 98312 400950.4430
2019:05:06 14:48:34 447270 341165.0918
2019:05:06 14:48:34 826133 360774.3792
2019:05:06 14:48:35 241358 388006.3631
2019:05:06 14:48:35 641365 399997.2157
2019:05:06 14:48:35 921364 279989.2277
2019:05:06 14:48:36 203823 282448.9027
2019:05:06 14:48:36 626295 388932.0754
2019:05:06 14:48:36 993381 340021.0477
2019:05:06 14:48:37 233411 235256.1280
2019:05:06 14:48:37 531101 292017.7132
2019:05:06 14:48:37 919415 362046.9794
2019:05:06 14:48:38 217386 280017.3610
2019:05:06 14:48:38 521378 287984.6245
2019:05:06 14:48:38 766721 240437.7349
2019:05:06 14:48:39 113404 334009.8672
2019:05:06 14:48:39 661372 539769.4632
2019:05:06 14:48:39 981374 319987.3641
2019:05:06 14:48:40 311859 330471.1320
2019:05:06 14:48:40 689084 373509.5263
2019:05:06 14:48:41 17371 312010.7353
2019:05:06 14:48:41 209370 185648.5046
2019:05:06 14:48:41 551660 335448.0453
2019:05:06 14:48:41 870346 300986.9941
2019:05:06 14:48:42 105410 230188.9323
2019:05:06 14:48:42 383520 272324.2044
2019:05:06 14:48:42 743561 346201.0399
2019:05:06 14:48:43 238720 488226.0859
2019:05:06 14:48:43 681361 435680.4267
2019:05:06 14:48:43 917376 236005.3286
2019:05:06 14:48:44 245378 296023.9016
2019:05:06 14:48:44 581132 321103.5803
2019:05:06 14:48:44 955511 358157.5304
2019:05:06 14:48:45 316324 342964.3512
2019:05:06 14:48:45 640713 299355.1604
2019:05:06 14:48:46 545363 876007.8549
2019:05:06 14:48:47 268154 722781.4980
2019:05:06 14:48:47 645357 376404.8293
2019:05:06 14:48:47 860059 214192.3383
2019:05:06 14:48:48 97357 220004.1153
2019:05:06 14:48:48 425727 326867.1073
2019:05:06 14:48:48 728033 297847.9639
2019:05:06 14:48:49 9808 276427.6788
2019:05:06 14:48:49 358786 313427.8916
2019:05:06 14:48:49 620912 258457.8991
2019:05:06 14:48:49 928110 282756.0790
2019:05:06 14:48:50 249384 313899.3010
2019:05:06 14:48:50 718590 457890.2908
2019:05:06 14:48:51 21390 302789.6732
2019:05:06 14:48:51 321381 295388.4937
2019:05:06 14:48:51 631348 304325.2602
2019:05:06 14:48:51 953186 303826.3544
2019:05:06 14:48:52 702368 497000.9178
2019:05:06 14:48:53 120918 379560.1167
2019:05:06 14:48:53 457163 330123.3165
2019:05:06 14:48:53 880685 407323.6361
2019:05:06 14:48:54 138877 243682.0045
2019:05:06 14:48:54 521758 378526.9745
2019:05:06 14:48:54 774310 248574.2532
2019:05:06 14:48:55 29783 253839.0532
2019:05:06 14:48:55 303265 267327.2491
2019:05:06 14:48:55 614278 303666.7220
2019:05:06 14:48:55 914246 298450.7196
2019:05:06 14:48:56 171981 248718.7609
2019:05:06 14:48:56 400829 214558.6237
2019:05:06 14:48:56 693720 287173.4761
2019:05:06 14:48:56 966627 269259.6652
2019:05:06 14:48:57 202134 234392.4604
2019:05:06 14:48:57 473984 265740.6852
2019:05:06 14:48:57 785386 303119.2869
2019:05:06 14:48:58 145379 353037.2754
2019:05:06 14:48:58 577358 425788.2386
2019:05:06 14:48:58 841356 263986.3826
2019:05:06 14:48:59 140125 296492.0364
2019:05:06 14:48:59 613358 463201.7352
2019:05:06 14:48:59 823502 209291.3203
2019:05:06 14:49:00 951122 1116565.0263
2019:05:06 14:49:01 357366 404624.3988
2019:05:06 14:49:01 757365 399988.5730
2019:05:06 14:49:02 21135 263752.0954
2019:05:06 14:49:02 309370 285372.3019
2019:05:06 14:49:02 586758 271554.5148
2019:05:06 14:49:02 934096 337880.0005
2019:05:06 14:49:03 289386 332021.7505
2019:05:06 14:49:03 609366 305954.7506
2019:05:06 14:49:03 921362 304207.8875
2019:05:06 14:49:04 609365 687993.2508
2019:05:06 14:49:05 45364 435988.9999
2019:05:06 14:49:05 657732 612357.6947
2019:05:06 14:49:06 93364 431946.4304
2019:05:06 14:49:06 509012 415637.6831
2019:05:06 14:49:06 921362 409121.0775
2019:05:06 14:49:07 245380 324009.4148
2019:05:06 14:49:07 673373 421057.4217
2019:05:06 14:49:08 193366 513282.5822
2019:05:06 14:49:08 705357 511980.9285
2019:05:06 14:49:09 189364 482540.7639
2019:05:06 14:49:09 793363 603988.7667
2019:05:06 14:49:10 209365 415992.1035
2019:05:06 14:49:10 696940 487565.3461
2019:05:06 14:49:11 193763 492330.3947
2019:05:06 14:49:11 717362 522770.8220
2019:05:06 14:49:12 77370 359997.6264
2019:05:06 14:49:12 502254 421645.9133
2019:05:06 14:49:13 105088 591726.8693
2019:05:06 14:49:14 2121 868761.6736
2019:05:06 14:49:14 525362 517103.8248
2019:05:06 14:49:15 96834 571462.0352
2019:05:06 14:49:15 619161 517172.4781
2019:05:06 14:49:15 933369 312552.3515
2019:05:06 14:49:16 477364 535584.0102
2019:05:06 14:49:16 913912 436538.1189
2019:05:06 14:49:17 273360 355789.7583
2019:05:06 14:49:17 521371 246237.9523
2019:05:06 14:49:17 700533 179148.3164
2019:05:06 14:49:18 255917 542723.0783
2019:05:06 14:49:18 577502 316129.0698
2019:05:06 14:49:19 81390 472021.9821
2019:05:06 14:49:19 369394 283583.7677
2019:05:06 14:49:19 605804 231869.4368
2019:05:06 14:49:20 21391 396018.8106
2019:05:06 14:49:20 597395 516032.3754
2019:05:06 14:49:21 6448 373091.5822
2019:05:06 14:49:21 755525 722164.6905
2019:05:06 14:49:22 144619 383356.0310
2019:05:06 14:49:22 635586 474224.1167
2019:05:06 14:49:22 945560 306722.2312
2019:05:06 14:49:23 405699 436340.1383
2019:05:06 14:49:24 257371 817902.0993
2019:05:06 14:49:24 785308 517852.6193
2019:05:06 14:49:25 262086 473092.1835
2019:05:06 14:49:25 686165 423647.5863
2019:05:06 14:49:25 953361 255289.3609
2019:05:06 14:49:26 401372 448001.1500
2019:05:06 14:49:26 773371 371989.7941
2019:05:06 14:49:27 133509 360126.1452
2019:05:06 14:49:27 481367 342530.8354
2019:05:06 14:49:27 865366 383987.6875
2019:05:06 14:49:28 295958 430582.2849
2019:05:06 14:49:28 825526 500167.8765
2019:05:06 14:49:29 197362 356701.5491
2019:05:06 14:49:29 645363 447991.7213
2019:05:06 14:49:29 961363 315990.8056
2019:05:06 14:49:30 281522 320144.9551
2019:05:06 14:49:30 685400 384040.5568
2019:05:06 14:49:30 985388 289395.9805
2019:05:06 14:49:31 283752 292053.9826
2019:05:06 14:49:31 609512 323720.6824
2019:05:06 14:49:31 810619 200301.8782
2019:05:06 14:49:32 175555 358797.4720
2019:05:06 14:49:32 869357 688869.4726
2019:05:06 14:49:33 481366 609955.6200
2019:05:06 14:49:33 719998 238621.0226
2019:05:06 14:49:34 129376 392016.0644
2019:05:06 14:49:34 483050 349381.6443
2019:05:06 14:49:34 757798 264574.8742
2019:05:06 14:49:35 513364 751084.5773
2019:05:06 14:49:35 933671 420297.1235
2019:05:06 14:49:36 742330 788970.9957
2019:05:06 14:49:37 341390 579423.7219
2019:05:06 14:49:37 625383 277671.9108
2019:05:06 14:49:37 941364 306509.7742
2019:05:06 14:49:38 313357 371983.3642
2019:05:06 14:49:38 820723 506788.1010
2019:05:06 14:49:39 213367 388572.5103
2019:05:06 14:49:39 911390 698012.9257
2019:05:06 14:49:40 620520 701189.6856
2019:05:06 14:49:40 944201 319983.4302
2019:05:06 14:49:41 318964 372317.2769
2019:05:06 14:49:41 708071 385789.6402
2019:05:06 14:49:42 173357 456685.8821
2019:05:06 14:49:42 577650 404280.6029
2019:05:06 14:49:42 948760 360062.0441
2019:05:06 14:49:43 260878 310071.6658
2019:05:06 14:49:43 573381 309616.9531
2019:05:06 14:49:43 949364 371403.7687
2019:05:06 14:49:44 637367 687993.0757
2019:05:06 14:49:44 957379 320000.7044
2019:05:06 14:49:45 594963 626198.2769
2019:05:06 14:49:45 940665 335842.5722
2019:05:06 14:49:46 321372 347113.1325
2019:05:06 14:49:46 786678 429316.2338
2019:05:06 14:49:47 142004 352834.9064
2019:05:06 14:49:47 557389 391509.7192
2019:05:06 14:49:47 931992 372819.8707
2019:05:06 14:49:48 206040 265923.2691
2019:05:06 14:49:48 439795 217855.5354
2019:05:06 14:49:48 710538 267901.6851
2019:05:06 14:49:49 75493 363712.8994
2019:05:06 14:49:49 469262 383521.2402
2019:05:06 14:49:49 830421 361131.1205
2019:05:06 14:49:50 172008 337089.2666
2019:05:06 14:49:50 458157 281262.0029
2019:05:06 14:49:50 775150 299415.8268
2019:05:06 14:49:51 339951 548874.6278
2019:05:06 14:49:51 711729 370121.1773
2019:05:06 14:49:52 28840 313064.6199
2019:05:06 14:49:52 410712 379828.0023
2019:05:06 14:49:52 793127 376816.8837
2019:05:06 14:49:53 325011 529840.7376
2019:05:06 14:49:53 678076 328501.3810
2019:05:06 14:49:54 22092 342797.4619
2019:05:06 14:49:54 308377 268677.5289
2019:05:06 14:49:54 585708 271610.5767
2019:05:06 14:49:55 71498 477972.0865
2019:05:06 14:49:55 586762 510716.5501
2019:05:06 14:49:55 975446 387853.0636
2019:05:06 14:49:56 373357 391739.3759
2019:05:06 14:49:56 861669 488132.3576
2019:05:06 14:49:57 193371 316011.5480
2019:05:06 14:49:57 535613 336868.5842
2019:05:06 14:49:57 939093 385735.8173
2019:05:06 14:49:58 249364 292010.2850
2019:05:06 14:49:58 573393 324018.7913
2019:05:06 14:49:58 905929 320665.7507
2019:05:06 14:49:59 225380 288019.9812
2019:05:06 14:49:59 537662 306499.2689
2019:05:06 14:49:59 813368 266289.6737
2019:05:06 14:50:00 116406 267047.2786
2019:05:06 14:50:00 577381 436020.6909
2019:05:06 14:50:01 53377 440020.8145
2019:05:06 14:50:01 401048 341195.4530
2019:05:06 14:50:01 722590 293230.8838
2019:05:06 14:50:02 49368 319395.0914
2019:05:06 14:50:02 381372 327445.7380
2019:05:06 14:50:02 657383 269654.1063
2019:05:06 14:50:02 992244 327235.0878
2019:05:06 14:50:03 269364 271397.5795
2019:05:06 14:50:03 577220 307845.1939
2019:05:06 14:50:04 91760 462401.5838
2019:05:06 14:50:04 482526 361163.5230
2019:05:06 14:50:04 893375 380020.4210
2019:05:06 14:50:05 241919 341627.3929
2019:05:06 14:50:05 533372 286146.7376
2019:05:06 14:50:05 889373 316010.9073
2019:05:06 14:50:06 165389 269794.8515
2019:05:06 14:50:06 450173 231413.8971
2019:05:06 14:50:06 821384 338050.8646
2019:05:06 14:50:07 97382 264041.4014
2019:05:06 14:50:07 413357 303119.8978
2019:05:06 14:50:07 651245 237875.5286
2019:05:06 14:50:08 53368 376006.2121
2019:05:06 14:50:08 285755 216693.9937
2019:05:06 14:50:08 541376 249840.9115
2019:05:06 14:50:08 774796 226875.6181
2019:05:06 14:50:09 16043 236341.4839
2019:05:06 14:50:09 275739 257642.0940
2019:05:06 14:50:09 548937 270747.7808
2019:05:06 14:50:09 833376 264350.1312
2019:05:06 14:50:10 145387 300031.9973
2019:05:06 14:50:10 437742 286745.6861
2019:05:06 14:50:10 973388 504024.3939
2019:05:06 14:50:11 259078 280220.0392
2019:05:06 14:50:11 497402 236319.3780
2019:05:06 14:50:11 935561 433717.2173
2019:05:06 14:50:12 286654 329293.6273
2019:05:06 14:50:12 624571 332610.7636
2019:05:06 14:50:12 922726 292024.1319
2019:05:06 14:50:13 263916 336692.1358
2019:05:06 14:50:13 749384 468021.8138
2019:05:06 14:50:14 117376 352146.3498
2019:05:06 14:50:14 466031 334212.0722
2019:05:06 14:50:14 709379 243337.5083
2019:05:06 14:50:15 56191 314829.8338
2019:05:06 14:50:15 292565 229804.0576
2019:05:06 14:50:15 565138 262351.4086
2019:05:06 14:50:15 881359 308710.6198
2019:05:06 14:50:16 181698 297356.5534
2019:05:06 14:50:16 525377 341203.0600
2019:05:06 14:50:16 949378 392017.8041
2019:05:06 14:50:17 221368 260784.2572
2019:05:06 14:50:17 405384 179051.8910
2019:05:06 14:50:17 829231 423836.8720
2019:05:06 14:50:18 219164 387861.1363
2019:05:06 14:50:18 549373 328214.3399
2019:05:06 14:50:18 909364 350706.8604
2019:05:06 14:50:19 157888 248513.4341
2019:05:06 14:50:19 517370 352095.2612
2019:05:06 14:50:19 893378 367249.6825
2019:05:06 14:50:20 181356 283764.7945
2019:05:06 14:50:20 485527 302018.7356
2019:05:06 14:50:20 911543 396897.9120
2019:05:06 14:50:21 215825 294039.5474
2019:05:06 14:50:21 832026 613739.3229
2019:05:06 14:50:22 107219 272406.2204
2019:05:06 14:50:22 469385 349944.9082
2019:05:06 14:50:22 777678 294891.0967
2019:05:06 14:50:23 317402 520034.9912
2019:05:06 14:50:23 627346 305094.3650
2019:05:06 14:50:23 901402 266680.4008
2019:05:06 14:50:24 584935 677871.9015
2019:05:06 14:50:25 10874 409507.3119
2019:05:06 14:50:25 202344 184990.4917
2019:05:06 14:50:25 605176 367813.5499
2019:05:06 14:50:25 997588 386262.2194
2019:05:06 14:50:26 257361 256905.4998
2019:05:06 14:50:26 513367 255997.1847
2019:05:06 14:50:26 749429 236052.4908
2019:05:06 14:50:27 13362 258213.5238
2019:05:06 14:50:27 303209 289836.5445
2019:05:06 14:50:27 534201 221153.2891
2019:05:06 14:50:27 793063 249873.8281
2019:05:06 14:50:28 117379 320639.3830
2019:05:06 14:50:28 381363 248658.6571
2019:05:06 14:50:28 709363 327989.7608
2019:05:06 14:50:29 25378 316005.0921
2019:05:06 14:50:29 321362 289154.7009
2019:05:06 14:50:29 593749 272373.7620
2019:05:06 14:50:29 957380 328023.1692
2019:05:06 14:50:30 325373 332018.8411
2019:05:06 14:50:30 620221 288399.9087
2019:05:06 14:50:30 945358 319010.7644
2019:05:06 14:50:31 401365 455995.1238
2019:05:06 14:50:31 727347 325972.2851
2019:05:06 14:50:32 69370 308006.4729
2019:05:06 14:50:32 276227 194126.5129
2019:05:06 14:50:32 693372 392012.0113
2019:05:06 14:50:32 921394 222549.1591
2019:05:06 14:50:33 133406 197771.0128
2019:05:06 14:50:33 370765 231018.3346
2019:05:06 14:50:33 641879 263380.3822
2019:05:06 14:50:33 913402 267449.7887
2019:05:06 14:50:34 301710 381753.6496
2019:05:06 14:50:34 645414 324055.4594
2019:05:06 14:50:34 992032 306752.2533
2019:05:06 14:50:35 406170 380813.6769
2019:05:06 14:50:35 709676 303495.7796
2019:05:06 14:50:35 993363 276340.3356
2019:05:06 14:50:36 266706 273332.5884
2019:05:06 14:50:36 589051 299689.1625
2019:05:06 14:50:36 973377 352016.3968
2019:05:06 14:50:37 337378 358417.6823
2019:05:06 14:50:37 537379 192655.3622
2019:05:06 14:50:37 821365 268915.2434
2019:05:06 14:50:38 121375 299999.7027
2019:05:06 14:50:38 445358 317092.7279
2019:05:06 14:50:38 717379 270484.4102
2019:05:06 14:50:38 925415 200820.1703
2019:05:06 14:50:39 309376 377091.2662
2019:05:06 14:50:39 609381 292268.6785
2019:05:06 14:50:39 913367 295211.3450
2019:05:06 14:50:40 193358 279980.9314
2019:05:06 14:50:40 613357 419989.2096
2019:05:06 14:50:40 909848 294509.4518
2019:05:06 14:50:41 149065 223828.0214
2019:05:06 14:50:41 666184 511007.0668
2019:05:06 14:50:42 41701 372062.2398
2019:05:06 14:50:42 289928 244568.1766
2019:05:06 14:50:42 570085 275671.3778
2019:05:06 14:50:42 809379 237650.0033
2019:05:06 14:50:43 48112 219113.4430
2019:05:06 14:50:43 389386 324028.0896
2019:05:06 14:50:43 553376 157126.3894
2019:05:06 14:50:44 42369 477364.7338
2019:05:06 14:50:44 465362 420977.4435
2019:05:06 14:50:45 305362 839990.6196
2019:05:06 14:50:45 573376 268004.0896
2019:05:06 14:50:45 934482 325119.8344
2019:05:06 14:50:46 461372 508014.2431
2019:05:06 14:50:46 805906 336695.2464
2019:05:06 14:50:47 409766 600182.4774
2019:05:06 14:50:47 973754 544401.4296
2019:05:06 14:50:48 372359 396984.5921
2019:05:06 14:50:48 822142 444788.8732
2019:05:06 14:50:49 216527 379165.8133
2019:05:06 14:50:49 973377 745884.4036
2019:05:06 14:50:50 342772 358673.1851
2019:05:06 14:50:50 690940 344080.0868
2019:05:06 14:50:51 123447 406094.4356
2019:05:06 14:50:51 633379 508270.3978
2019:05:06 14:50:52 181368 512008.8346
2019:05:06 14:50:52 573370 356010.3551
2019:05:06 14:50:53 17360 438839.2307
2019:05:06 14:50:53 689371 669270.8991
2019:05:06 14:50:54 641374 951988.5480
2019:05:06 14:50:55 201371 559985.0081
2019:05:06 14:50:55 661375 459988.8623
2019:05:06 14:50:56 65718 404328.5623
2019:05:06 14:50:56 557371 487120.1739
2019:05:06 14:50:56 992474 435089.2045
2019:05:06 14:50:57 198013 202696.2787
2019:05:06 14:50:57 653900 446376.7298
2019:05:06 14:50:58 156744 499548.2042
2019:05:06 14:50:58 449364 280002.8399
2019:05:06 14:50:58 909366 459991.8351
2019:05:06 14:50:59 353029 443653.9188
2019:05:06 14:50:59 802186 449140.4444
2019:05:06 14:51:00 502433 681074.0791
2019:05:06 14:51:01 201371 680010.7993
2019:05:06 14:51:01 625370 418097.5147
2019:05:06 14:51:02 117370 456010.1032
2019:05:06 14:51:02 529370 406062.4540
2019:05:06 14:51:02 929359 389366.4181
2019:05:06 14:51:03 226904 297419.1234
2019:05:06 14:51:03 642643 409590.1884
2019:05:06 14:51:04 177212 530494.8762
2019:05:06 14:51:04 509374 332150.5971
2019:05:06 14:51:04 913363 398016.0765
2019:05:06 14:51:05 236247 322874.2145
2019:05:06 14:51:05 789365 551095.2361
2019:05:06 14:51:06 76278 286902.0626
2019:05:06 14:51:06 389390 310296.3902
2019:05:06 14:51:06 797790 401440.2144
2019:05:06 14:51:07 51698 250647.6231
2019:05:06 14:51:07 517370 464455.7349
2019:05:06 14:51:07 817370 293054.1337
2019:05:06 14:51:08 501372 683991.8047
2019:05:06 14:51:09 65363 563980.9631
2019:05:06 14:51:09 475764 410390.8055
2019:05:06 14:51:09 782526 305179.9946
2019:05:06 14:51:10 265371 448011.2456
2019:05:06 14:51:10 729363 452060.4648
2019:05:06 14:51:10 992003 262629.2780
2019:05:06 14:51:11 505362 505180.4259
2019:05:06 14:51:12 329364 823991.6563
2019:05:06 14:51:12 854101 524726.4840
2019:05:06 14:51:13 176997 295637.0376
2019:05:06 14:51:13 549398 344039.2427
2019:05:06 14:51:13 775385 221162.2298
2019:05:06 14:51:14 173092 367731.5786
2019:05:06 14:51:14 529066 339708.2016
2019:05:06 14:51:14 929373 394954.0555
2019:05:06 14:51:15 337371 372008.7148
2019:05:06 14:51:15 661357 317870.4679
2019:05:06 14:51:15 985363 319131.2887
2019:05:06 14:51:16 314711 329338.0477
2019:05:06 14:51:16 597391 278591.7222
2019:05:06 14:51:17 359641 506267.9462
2019:05:06 14:51:17 877869 488507.0920
2019:05:06 14:51:18 265010 355646.1930
2019:05:06 14:51:18 632157 330801.6881
2019:05:06 14:51:19 19315 365948.0475
2019:05:06 14:51:19 457386 416025.8658
2019:05:06 14:51:19 923404 457093.2463
2019:05:06 14:51:20 355584 427697.6287
2019:05:06 14:51:20 951670 594053.5814
2019:05:06 14:51:21 425367 469188.3437
2019:05:06 14:51:21 797397 372018.9743
2019:05:06 14:51:22 85391 282167.7700
2019:05:06 14:51:22 549363 456155.4007
2019:05:06 14:51:22 909105 359732.3298
2019:05:06 14:51:23 309364 389992.8816
2019:05:06 14:51:23 617376 308001.4996
2019:05:06 14:51:23 893375 269751.7425
2019:05:06 14:51:24 369367 468810.9308
2019:05:06 14:51:24 645534 276155.6953
2019:05:06 14:51:24 976097 323188.3161
2019:05:06 14:51:25 277405 298849.4337
2019:05:06 14:51:25 609379 326974.7943
2019:05:06 14:51:26 6972 390709.3927
2019:05:06 14:51:26 353404 328036.6659
2019:05:06 14:51:26 608055 218694.4932
2019:05:06 14:51:26 901400 276031.3377
2019:05:06 14:51:27 185406 255007.9562
2019:05:06 14:51:27 554622 333259.8060
2019:05:06 14:51:28 21222 439851.8316
2019:05:06 14:51:28 385377 357604.7309
2019:05:06 14:51:29 141365 755973.8308
2019:05:06 14:51:29 621366 479990.3072
2019:05:06 14:51:30 145389 524014.3761
2019:05:06 14:51:30 545675 364316.8658
2019:05:06 14:51:30 889364 338377.6993
2019:05:06 14:51:31 217361 327987.4101
2019:05:06 14:51:31 600079 382707.2419
2019:05:06 14:51:32 253379 628016.7736
2019:05:06 14:51:32 747074 457720.3318
2019:05:06 14:51:33 320784 547424.4095
2019:05:06 14:51:33 653360 327259.7268
2019:05:06 14:51:33 881382 228008.7918
2019:05:06 14:51:34 221362 328780.2413
2019:05:06 14:51:34 453375 232003.1673
2019:05:06 14:51:34 741371 272133.9166
2019:05:06 14:51:35 347735 592639.3047
2019:05:06 14:51:36 205365 850658.1411
2019:05:06 14:51:36 438338 232962.1650
2019:05:06 14:51:36 789374 342035.1818
2019:05:06 14:51:37 161668 364543.0803
2019:05:06 14:51:37 385381 218795.1356
2019:05:06 14:51:37 798481 385128.2075
2019:05:06 14:51:38 95875 290089.0522
2019:05:06 14:51:38 565387 428031.2695
2019:05:06 14:51:39 391 399029.6349
2019:05:06 14:51:39 333356 329687.0925
2019:05:06 14:51:39 724128 390340.0525
2019:05:06 14:51:40 157371 429558.4671
2019:05:06 14:51:40 500820 343438.1858
2019:05:06 14:51:40 957371 440013.1293
2019:05:06 14:51:41 385365 414353.2813
2019:05:06 14:51:41 829356 443980.3623
2019:05:06 14:51:42 314324 481808.7555
2019:05:06 14:51:42 625380 309770.8300
2019:05:06 14:51:43 61381 400022.0597
2019:05:06 14:51:43 397364 327137.8241
2019:05:06 14:51:43 685363 287989.4897
2019:05:06 14:51:44 37356 351983.0257
2019:05:06 14:51:44 317359 278383.3072
2019:05:06 14:51:44 571490 254122.2312
2019:05:06 14:51:45 77358 502633.3854
2019:05:06 14:51:45 581362 502464.6856
2019:05:06 14:51:45 857383 276011.8246
2019:05:06 14:51:46 753376 860014.7665
2019:05:06 14:51:47 129372 369882.2036
2019:05:06 14:51:47 665377 526559.9340
2019:05:06 14:51:47 996042 324801.2252
2019:05:06 14:51:48 385363 388073.6679
2019:05:06 14:51:48 857364 471992.1760
2019:05:06 14:51:49 336159 478784.7139
2019:05:06 14:51:49 901363 561978.7090
2019:05:06 14:51:50 465363 563990.3396
2019:05:06 14:51:50 905364 439991.6939
2019:05:06 14:51:51 529039 623665.3849
2019:05:06 14:51:52 55137 525941.4278
2019:05:06 14:51:52 661050 587691.2028
2019:05:06 14:51:53 85379 400018.7628
2019:05:06 14:51:53 605375 488013.9716
2019:05:06 14:51:54 133369 523023.3483
2019:05:06 14:51:54 645710 480349.0043
2019:05:06 14:51:55 101365 451962.2251
2019:05:06 14:51:55 665364 563988.9613
2019:05:06 14:51:56 79581 414206.8550
2019:05:06 14:51:56 643173 557879.9509
2019:05:06 14:51:56 990510 346521.5191
2019:05:06 14:51:57 289557 287552.9528
2019:05:06 14:51:57 731866 441964.6896
2019:05:06 14:51:58 301167 568086.7322
2019:05:06 14:51:58 646488 340842.2917
2019:05:06 14:51:58 948097 300409.2239
2019:05:06 14:51:59 437103 486170.4558
2019:05:06 14:51:59 883810 443775.4601
2019:05:06 14:52:00 221297 335875.3100
2019:05:06 14:52:00 603818 376790.0765
2019:05:06 14:52:00 855706 249408.1780
2019:05:06 14:52:01 232521 365288.5593
2019:05:06 14:52:01 542595 302304.1151
2019:05:06 14:52:01 853446 306349.0056
2019:05:06 14:52:02 232720 375994.1831
2019:05:06 14:52:02 544827 305552.2479
2019:05:06 14:52:02 931917 379315.0298
2019:05:06 14:52:03 121361 186210.1033
2019:05:06 14:52:03 546701 425331.2796
2019:05:06 14:52:03 904665 357530.3517
2019:05:06 14:52:04 507189 577825.8778
2019:05:06 14:52:05 21384 488015.5884
2019:05:06 14:52:05 391479 361652.7840
2019:05:06 14:52:05 743272 351001.1509
2019:05:06 14:52:06 121334 373566.6350
2019:05:06 14:52:06 482305 360584.4565
2019:05:06 14:52:07 422703 934667.2595
2019:05:06 14:52:07 929364 501347.0724
2019:05:06 14:52:08 296344 366970.2001
2019:05:06 14:52:08 813366 512928.4374
2019:05:06 14:52:09 749367 935987.9121
2019:05:06 14:52:10 397366 647990.0293
2019:05:06 14:52:11 36376 639000.8293
2019:05:06 14:52:11 342026 299509.2347
2019:05:06 14:52:11 821368 452013.2206
2019:05:06 14:52:12 136832 300006.4865
2019:05:06 14:52:12 477372 328662.4886
2019:05:06 14:52:12 855620 369707.1113
2019:05:06 14:52:13 53386 196769.1444
2019:05:06 14:52:13 285362 226021.9604
2019:05:06 14:52:14 185811 900440.1453
2019:05:06 14:52:14 617375 430801.2649
2019:05:06 14:52:15 97364 473340.5635
2019:05:06 14:52:15 685363 587988.6821
2019:05:06 14:52:16 125362 439988.3039
2019:05:06 14:52:16 657363 531990.4387
2019:05:06 14:52:17 101358 443984.6762
2019:05:06 14:52:17 537892 436520.9267
2019:05:06 14:52:17 844862 305132.4263
2019:05:06 14:52:18 253568 394794.9186
2019:05:06 14:52:18 724770 469167.3331
2019:05:06 14:52:19 333373 592012.4650
2019:05:06 14:52:19 877756 512402.3817
2019:05:06 14:52:20 277375 393050.4359
2019:05:06 14:52:20 611035 325231.8911
2019:05:06 14:52:21 236005 602644.0002
2019:05:06 14:52:21 564567 318483.0993
2019:05:06 14:52:21 935248 368196.4315
2019:05:06 14:52:22 481783 545324.4001
2019:05:06 14:52:22 861393 374832.4104
2019:05:06 14:52:23 192695 331292.2902
2019:05:06 14:52:23 657117 457104.7723
2019:05:06 14:52:24 361340 702593.5687
2019:05:06 14:52:24 733677 372322.4327
2019:05:06 14:52:25 255018 520640.2205
2019:05:06 14:52:25 682598 421899.9259
2019:05:06 14:52:26 52282 368361.4247
2019:05:06 14:52:26 288996 220329.0388
2019:05:06 14:52:26 788180 497954.5437
2019:05:06 14:52:27 260188 446827.4042
2019:05:06 14:52:27 787302 509940.5795
2019:05:06 14:52:28 161363 367512.3900
2019:05:06 14:52:28 913127 751752.7267
2019:05:06 14:52:29 296093 380173.6720
2019:05:06 14:52:29 793380 495245.7957
2019:05:06 14:52:30 169376 375981.0254
2019:05:06 14:52:30 337378 167987.2870
2019:05:06 14:52:30 622546 278460.4356
2019:05:06 14:52:31 156654 511277.5229
2019:05:06 14:52:31 661383 480017.4236
2019:05:06 14:52:32 245333 574662.7972
2019:05:06 14:52:32 625394 356024.0865
2019:05:06 14:52:33 21372 360009.3685
2019:05:06 14:52:33 353551 324850.8945
2019:05:06 14:52:33 661388 306219.1680
2019:05:06 14:52:33 901369 236173.5478
2019:05:06 14:52:34 109379 201306.9950
2019:05:06 14:52:34 454879 309517.5400
2019:05:06 14:52:35 20511 559901.3381
2019:05:06 14:52:35 340825 291470.1626
2019:05:06 14:52:36 35854 678498.2644
2019:05:06 14:52:36 407760 362399.1050
2019:05:06 14:52:36 749370 314985.3647
2019:05:06 14:52:37 128059 369706.3290
2019:05:06 14:52:37 649387 516770.9254
2019:05:06 14:52:38 64934 379576.8172
2019:05:06 14:52:38 350426 280166.8569
2019:05:06 14:52:38 977363 607971.4112
2019:05:06 14:52:39 240030 262657.1283
2019:05:06 14:52:39 597182 355930.9952
2019:05:06 14:52:40 157486 536123.7600
2019:05:06 14:52:40 453370 261034.4104
2019:05:06 14:52:40 842322 386262.8005
2019:05:06 14:52:41 333375 472014.3415
2019:05:06 14:52:41 686640 347807.1988
2019:05:06 14:52:41 985373 294634.6067
2019:05:06 14:52:42 313718 296354.1970
2019:05:06 14:52:42 799783 481510.5312
2019:05:06 14:52:43 383485 577511.6459
2019:05:06 14:52:43 874530 489772.1149
2019:05:06 14:52:44 243078 364498.0527
2019:05:06 14:52:44 645770 400159.2994
2019:05:06 14:52:44 968557 317882.6906
2019:05:06 14:52:45 178761 204036.0309
2019:05:06 14:52:45 443755 263469.4129
2019:05:06 14:52:45 743073 297302.6372
2019:05:06 14:52:46 120822 377260.1523
2019:05:06 14:52:46 382501 258020.4383
2019:05:06 14:52:46 715271 332340.9073
2019:05:06 14:52:47 54849 331371.5011
2019:05:06 14:52:47 389391 332929.6559
2019:05:06 14:52:47 817165 421478.3907
2019:05:06 14:52:48 337372 492009.7068
2019:05:06 14:52:48 743641 400494.1471
2019:05:06 14:52:49 291385 518023.5654
2019:05:06 14:52:49 695250 398563.4856
2019:05:06 14:52:50 106908 409618.6832
2019:05:06 14:52:50 569357 443997.6215
2019:05:06 14:52:50 828984 245278.9359
2019:05:06 14:52:51 192963 339607.6746
2019:05:06 14:52:51 577363 378662.6235
2019:05:06 14:52:51 931382 354008.8348
2019:05:06 14:52:52 290629 358442.1240
2019:05:06 14:52:52 569367 272604.8045
2019:05:06 14:52:52 841369 271994.0878
2019:05:06 14:52:53 125376 278152.6595
2019:05:06 14:52:53 453359 321622.9118
2019:05:06 14:52:53 773361 319992.7174
2019:05:06 14:52:54 27244 253872.9012
2019:05:06 14:52:54 273403 244551.2898
2019:05:06 14:52:54 662687 385233.2719
2019:05:06 14:52:55 97370 428936.4927
2019:05:06 14:52:55 489376 388325.9036
2019:05:06 14:52:55 938275 396915.2607
2019:05:06 14:52:56 236008 289975.0248
2019:05:06 14:52:56 821364 349873.2522
2019:05:06 14:52:57 277187 455812.9646
2019:05:06 14:52:57 594021 316823.9370
2019:05:06 14:52:57 981398 368038.8443
2019:05:06 14:52:58 249373 260960.5417
2019:05:06 14:52:58 713363 458218.6826
2019:05:06 14:52:59 181364 467991.4676
2019:05:06 14:52:59 517368 335993.5507
2019:05:06 14:52:59 761396 244017.5712
2019:05:06 14:53:00 316568 515212.7184
2019:05:06 14:53:01 143545 822878.4204
2019:05:06 14:53:01 641399 468029.0744
2019:05:06 14:53:02 109398 432040.0991
2019:05:06 14:53:02 572234 452776.1154
2019:05:06 14:53:02 821392 246305.7451
2019:05:06 14:53:03 465250 607893.2248
2019:05:06 14:53:03 789381 305319.1230
2019:05:06 14:53:04 53391 259958.0213
2019:05:06 14:53:04 385376 327342.1675
2019:05:06 14:53:04 985373 599982.3771
2019:05:06 14:53:05 316319 325186.2265
2019:05:06 14:53:05 753387 408023.9087
2019:05:06 14:53:06 205376 416013.4308
2019:05:06 14:53:06 569371 350767.8136
2019:05:06 14:53:06 910813 329265.4455
2019:05:06 14:53:07 189360 271147.7242
2019:05:06 14:53:07 517371 328000.1432
2019:05:06 14:53:07 865388 312033.4521
2019:05:06 14:53:08 225535 354310.1512
2019:05:06 14:53:08 685373 432019.0996
2019:05:06 14:53:09 301369 610358.5921
2019:05:06 14:53:09 769362 463645.8531
2019:05:06 14:53:10 118800 349426.0386
2019:05:06 14:53:10 507028 386632.5282
2019:05:06 14:53:11 21387 488026.1347
2019:05:06 14:53:11 773363 741561.5395
2019:05:06 14:53:12 171885 398512.7322
2019:05:06 14:53:12 513379 339884.7468
2019:05:06 14:53:12 878399 357986.9978
2019:05:06 14:53:13 141383 262180.5593
2019:05:06 14:53:13 489498 341597.2330
2019:05:06 14:53:13 838458 346094.3364
2019:05:06 14:53:14 200424 360751.0105
2019:05:06 14:53:14 569371 362965.7105
2019:05:06 14:53:14 889379 314360.4882
2019:05:06 14:53:15 174673 279759.9956
2019:05:06 14:53:15 654300 460948.8361
2019:05:06 14:53:16 117383 444022.9163
2019:05:06 14:53:16 501376 377277.7915
2019:05:06 14:53:16 857383 350410.1895
2019:05:06 14:53:17 200455 335487.7830
2019:05:06 14:53:17 476054 272788.7034
2019:05:06 14:53:17 753373 267901.7335
2019:05:06 14:53:18 89379 330228.2542
2019:05:06 14:53:18 309366 215181.7530
2019:05:06 14:53:18 681352 371977.4410
2019:05:06 14:53:19 23882 342517.9087
2019:05:06 14:53:19 278455 252524.8751
2019:05:06 14:53:19 869356 572003.6551
2019:05:06 14:53:20 313362 443300.3291
2019:05:06 14:53:20 666142 352769.2556
2019:05:06 14:53:21 600962 923602.1154
2019:05:06 14:53:22 13387 376030.0912
2019:05:06 14:53:22 411527 385435.7935
2019:05:06 14:53:23 289377 877839.4833
2019:05:06 14:53:23 749378 453928.8543
2019:05:06 14:53:24 389763 604407.4558
2019:05:06 14:53:24 978837 569478.2659
2019:05:06 14:53:25 751197 766664.9260
2019:05:06 14:53:26 595139 841901.1049
2019:05:06 14:53:27 65366 466153.5583
2019:05:06 14:53:27 945355 879978.7685
2019:05:06 14:53:28 189362 243649.1586
2019:05:06 14:53:28 904989 715618.4055
2019:05:06 14:53:29 133358 225529.8458
2019:05:06 14:53:29 404241 270871.3561
2019:05:06 14:53:29 817379 396020.7775
2019:05:06 14:53:30 209355 385685.2204
2019:05:06 14:53:30 657365 442947.6969
2019:05:06 14:53:30 819372 161996.1485
2019:05:06 14:53:31 125367 301489.9753
2019:05:06 14:53:31 469363 343982.7077
2019:05:06 14:53:31 711467 242094.4385
2019:05:06 14:53:32 85387 356026.0199
2019:05:06 14:53:32 989371 895748.3359
2019:05:06 14:53:33 785373 795987.6359
2019:05:06 14:53:34 365371 579984.2551
2019:05:06 14:53:34 665371 299984.7941
2019:05:06 14:53:35 33393 368005.8829
2019:05:06 14:53:35 801381 720000.4719
2019:05:06 14:53:36 389872 552503.0009
2019:05:06 14:53:36 799474 375608.7497
2019:05:06 14:53:37 235683 414315.0374
2019:05:06 14:53:37 619165 349803.2615
2019:05:06 14:53:38 114744 469380.6767
2019:05:06 14:53:39 170413 1029059.1791
2019:05:06 14:53:39 825364 650453.1205
2019:05:06 14:53:40 273886 448510.1141
2019:05:06 14:53:40 977358 702696.9902
2019:05:06 14:53:41 572253 594883.2706
2019:05:06 14:53:41 855670 280988.1531
2019:05:06 14:53:42 661369 784008.6035
2019:05:06 14:53:43 105383 412024.7401
2019:05:06 14:53:43 541391 400033.6677
2019:05:06 14:53:43 922983 371539.7529
2019:05:06 14:53:44 329369 372005.4999
2019:05:06 14:53:44 845372 480008.9188
2019:05:06 14:53:45 117712 266243.7074
2019:05:06 14:53:45 585369 448007.3825
2019:05:06 14:53:46 89358 496489.6180
2019:05:06 14:53:46 450063 359197.2180
2019:05:06 14:53:46 816806 363446.5374
2019:05:06 14:53:47 325377 488018.7772
2019:05:06 14:53:47 689765 358479.4290
2019:05:06 14:53:48 10848 315769.2179
2019:05:06 14:53:48 422020 409524.7090
2019:05:06 14:53:48 841036 415901.8658
2019:05:06 14:53:49 450492 607001.1333
2019:05:06 14:53:50 70634 620132.0551
2019:05:06 14:53:50 391013 317004.4310
2019:05:06 14:53:50 763437 370838.5602
2019:05:06 14:53:51 353380 560024.1236
2019:05:06 14:53:51 700066 340792.3169
2019:05:06 14:53:52 13378 310880.5493
2019:05:06 14:53:52 569363 547405.4292
2019:05:06 14:53:53 297364 727990.6422
2019:05:06 14:53:53 558755 261379.9646
2019:05:06 14:53:54 9369 428006.5261
2019:05:06 14:53:54 325486 309214.0928
2019:05:06 14:53:54 590653 265109.3081
2019:05:06 14:53:55 112892 491529.0140
2019:05:06 14:53:55 485594 352233.5105
2019:05:06 14:53:55 981363 490040.2166
2019:05:06 14:53:56 485364 503990.8327
2019:05:06 14:53:56 797665 312290.1767
2019:05:06 14:53:57 277371 456009.6078
2019:05:06 14:53:57 674992 365630.4628
2019:05:06 14:53:58 68201 388317.4360
2019:05:06 14:53:58 397375 321396.1087
2019:05:06 14:53:58 746920 338343.8736
2019:05:06 14:53:59 713358 940000.3999
2019:05:06 14:54:00 101494 388122.8343
2019:05:06 14:54:00 447736 346231.9337
2019:05:06 14:54:00 901379 429489.1134
2019:05:06 14:54:01 276496 339132.3760
2019:05:06 14:54:01 757377 467507.9621
2019:05:06 14:54:02 37231 267966.1438
2019:05:06 14:54:02 453363 400008.4102
2019:05:06 14:54:03 157367 703993.8495
2019:05:06 14:54:03 689363 531983.8338
2019:05:06 14:54:03 947715 258343.4470
2019:05:06 14:54:04 270874 305506.7211
2019:05:06 14:54:04 819300 517938.0141
2019:05:06 14:54:05 140643 314364.8468
2019:05:06 14:54:05 581391 436018.3775
2019:05:06 14:54:06 329399 712020.8703
2019:05:06 14:54:06 648276 308771.4501
2019:05:06 14:54:06 989361 336546.6744
2019:05:06 14:54:07 215752 223453.5962
2019:05:06 14:54:07 546692 320659.8386
2019:05:06 14:54:07 855147 289780.1064
2019:05:06 14:54:08 241404 377266.3325
2019:05:06 14:54:08 669373 420602.5675
2019:05:06 14:54:09 205363 535975.5270
2019:05:06 14:54:09 437361 231987.9979
2019:05:06 14:54:09 744154 306784.7900
2019:05:06 14:54:10 151829 382470.0564
2019:05:06 14:54:10 453582 295832.2987
2019:05:06 14:54:10 787299 319378.7895
2019:05:06 14:54:11 82483 289990.5704
2019:05:06 14:54:11 469379 364014.9459
2019:05:06 14:54:11 765672 288761.6269
2019:05:06 14:54:11 976608 202313.3822
2019:05:06 14:54:12 267833 266473.5503
2019:05:06 14:54:12 517376 235186.6961
2019:05:06 14:54:12 749378 227555.2526
2019:05:06 14:54:13 17362 263388.3469
2019:05:06 14:54:13 541362 523991.4618
2019:05:06 14:54:14 125363 583992.4179
2019:05:06 14:54:14 407286 281911.8276
2019:05:06 14:54:14 730125 322829.0640
2019:05:06 14:54:14 986919 252295.9784
2019:05:06 14:54:15 273396 280739.2068
2019:05:06 14:54:15 636952 356730.9007
2019:05:06 14:54:16 17373 373903.5986
2019:05:06 14:54:16 261378 243986.1633
2019:05:06 14:54:16 641384 352022.2493
2019:05:06 14:54:17 21365 344009.2243
2019:05:06 14:54:17 186366 164988.8642
2019:05:06 14:54:17 535332 325971.8791
2019:05:06 14:54:17 749099 208023.7791
2019:05:06 14:54:18 116885 367766.6113
2019:05:06 14:54:18 729371 596008.8372
2019:05:06 14:54:19 133369 396352.5891
2019:05:06 14:54:19 485361 351981.3493
2019:05:06 14:54:19 997358 511978.8572
2019:05:06 14:54:20 317357 316808.5106
2019:05:06 14:54:20 625579 306774.2959
2019:05:06 14:54:20 989366 363772.9548
2019:05:06 14:54:21 505364 515987.0945
2019:05:06 14:54:21 741383 236008.1412
2019:05:06 14:54:21 977370 230392.3108
2019:05:06 14:54:22 210093 221469.1825
2019:05:06 14:54:22 480793 268287.3383
2019:05:06 14:54:22 720420 233436.7223
2019:05:06 14:54:22 886702 163044.3521
2019:05:06 14:54:23 465378 577739.6820
2019:05:06 14:54:23 825362 348752.2937
2019:05:06 14:54:24 149162 323790.6583
2019:05:06 14:54:24 444262 291048.0238
2019:05:06 14:54:24 817402 340041.6709
2019:05:06 14:54:25 97393 274060.5101
2019:05:06 14:54:25 397374 288961.8017
2019:05:06 14:54:25 645368 237152.7962
2019:05:06 14:54:25 837400 192021.6940
2019:05:06 14:54:26 320092 477859.5120
2019:05:06 14:54:26 597394 260035.7011
2019:05:06 14:54:27 160580 548477.1840
2019:05:06 14:54:27 613383 432023.1117
2019:05:06 14:54:28 26825 398936.8454
2019:05:06 14:54:28 277422 245273.4895
2019:05:06 14:54:28 577364 290659.8486
2019:05:06 14:54:28 841085 263710.0890
2019:05:06 14:54:29 59465 218370.1657
2019:05:06 14:54:29 573370 496015.8169
2019:05:06 14:54:29 937370 356939.8224
2019:05:06 14:54:30 619151 649783.9354
2019:05:06 14:54:31 145383 496020.5369
2019:05:06 14:54:31 489377 334524.8066
2019:05:06 14:54:31 827751 329709.8577
2019:05:06 14:54:32 48938 219123.1884
2019:05:06 14:54:32 405405 332052.0930
2019:05:06 14:54:32 795548 384254.6456
2019:05:06 14:54:33 57363 256083.6710
2019:05:06 14:54:33 345365 287993.6993
2019:05:06 14:54:33 694476 349100.2508
2019:05:06 14:54:34 49261 353978.2166
2019:05:06 14:54:34 321636 268301.3827
2019:05:06 14:54:34 677371 319999.6129
2019:05:06 14:54:35 21370 339299.8166
2019:05:06 14:54:35 337397 304302.5434
2019:05:06 14:54:35 595489 250687.5210
2019:05:06 14:54:35 969406 340050.5260
2019:05:06 14:54:36 345377 340014.3087
2019:05:06 14:54:36 545382 190960.2322
2019:05:06 14:54:36 797407 245176.5202
2019:05:06 14:54:37 87351 278886.6945
2019:05:06 14:54:37 389375 294264.8865
2019:05:06 14:54:37 745958 356568.5153
2019:05:06 14:54:37 912281 162259.8171
2019:05:06 14:54:38 216693 300791.9975
2019:05:06 14:54:38 549399 312030.3787
2019:05:06 14:54:38 885368 325917.0391
2019:05:06 14:54:39 397695 512311.5443
2019:05:06 14:54:39 765401 361969.6423
2019:05:06 14:54:40 385372 613878.7381
2019:05:06 14:54:40 909370 523985.0767
2019:05:06 14:54:41 194400 285011.4666
2019:05:06 14:54:41 485364 287643.2389
2019:05:06 14:54:41 766067 280694.8647
2019:05:06 14:54:42 61000 275641.6127
2019:05:06 14:54:42 341366 260005.5449
2019:05:06 14:54:42 655440 304631.0619
2019:05:06 14:54:42 917380 254031.0025
2019:05:06 14:54:43 448545 519772.8239
2019:05:06 14:54:43 697597 245383.8401
2019:05:06 14:54:43 941378 237636.3464
2019:05:06 14:54:44 202612 256797.4143
2019:05:06 14:54:44 377356 172208.7227
2019:05:06 14:54:44 582096 204727.1021
2019:05:06 14:54:44 833363 224009.3276
2019:05:06 14:54:45 121146 287772.1600
2019:05:06 14:54:45 392806 271651.4096
2019:05:06 14:54:45 761009 351649.6085
2019:05:06 14:54:46 405376 616017.0101
2019:05:06 14:54:46 917395 480037.0447
2019:05:06 14:54:47 189379 267455.6561
2019:05:06 14:54:47 501902 305564.6345
2019:05:06 14:54:48 137369 608010.0648
2019:05:06 14:54:48 389375 240265.7680
2019:05:06 14:54:48 889383 491973.3889
2019:05:06 14:54:49 262104 368236.7839
2019:05:06 14:54:49 736004 446644.8948
2019:05:06 14:54:50 111159 349803.6861
2019:05:06 14:54:50 515422 386061.3927
2019:05:06 14:54:51 269369 736009.6946
2019:05:06 14:54:51 541410 259644.8883
2019:05:06 14:54:51 951967 403329.7040
2019:05:06 14:54:52 281363 324895.9221
2019:05:06 14:54:52 661754 380381.3457
2019:05:06 14:54:52 946787 280566.6625
2019:05:06 14:54:53 165981 217543.7324
2019:05:06 14:54:53 462882 273518.1972
2019:05:06 14:54:53 741373 272755.7942
2019:05:06 14:54:54 17361 264680.8960
2019:05:06 14:54:54 341376 324005.6746
2019:05:06 14:54:54 849362 507974.8668
2019:05:06 14:54:55 109382 260010.1419
2019:05:06 14:54:55 417506 272145.5358
2019:05:06 14:54:55 889749 444395.5570
2019:05:06 14:54:56 97365 203117.7692
2019:05:06 14:54:56 377162 279786.4936
2019:05:06 14:54:56 643380 266190.1489
2019:05:06 14:54:57 129438 460078.5822
2019:05:06 14:54:57 350265 216375.3211
2019:05:06 14:54:57 677382 296027.8466
2019:05:06 14:54:57 913442 228954.9671
2019:05:06 14:54:58 282149 340791.5123
2019:05:06 14:54:58 609820 308461.8002
2019:05:06 14:54:58 863355 233994.2046
2019:05:06 14:54:59 145379 282014.7760
2019:05:06 14:54:59 405058 250654.9023
2019:05:06 14:54:59 673364 256405.0145
2019:05:06 14:55:00 221062 547687.9664
2019:05:06 14:55:00 416814 192097.2653
2019:05:06 14:55:01 81366 657179.7803
2019:05:06 14:55:01 689358 607980.7058
2019:05:06 14:55:02 28392 339023.8136
2019:05:06 14:55:02 357363 326919.7196
2019:05:06 14:55:02 725378 368005.0783
2019:05:06 14:55:03 209357 478487.6630
2019:05:06 14:55:03 541363 331555.8359
2019:05:06 14:55:03 829391 288015.2613
2019:05:06 14:55:04 253140 410426.5012
2019:05:06 14:55:04 609389 352989.8487
2019:05:06 14:55:04 817372 203937.3592
2019:05:06 14:55:05 113379 284857.2657
2019:05:06 14:55:05 573357 454501.0142
2019:05:06 14:55:05 954473 379284.6762
2019:05:06 14:55:06 337384 364023.1341
2019:05:06 14:55:06 697364 354700.3493
2019:05:06 14:55:07 133363 435989.5214
2019:05:06 14:55:07 429363 295990.0983
2019:05:06 14:55:07 697362 267989.2294
2019:05:06 14:55:08 21370 323998.3432
2019:05:06 14:55:08 465404 408045.2845
2019:05:06 14:55:08 734030 263353.4893
2019:05:06 14:55:08 957385 215982.9363
2019:05:06 14:55:09 293532 328472.6962
2019:05:06 14:55:09 604038 305995.9635
2019:05:06 14:55:10 501047 894540.9320
2019:05:06 14:55:10 799630 291654.6986
2019:05:06 14:55:11 141362 335201.7105
2019:05:06 14:55:11 497405 355363.4845
2019:05:06 14:55:11 813414 311376.7207
2019:05:06 14:55:12 129384 310719.6428
2019:05:06 14:55:12 529424 364062.4210
2019:05:06 14:55:12 815978 280558.6383
2019:05:06 14:55:13 241386 421668.6785
2019:05:06 14:55:13 619169 341808.7587
2019:05:06 14:55:13 945413 300054.0733
2019:05:06 14:55:14 193392 240038.6184
2019:05:06 14:55:14 513383 284024.7490
2019:05:06 14:55:14 874017 332658.0673
2019:05:06 14:55:15 77391 197641.8272
2019:05:06 14:55:15 394189 308442.9093
2019:05:06 14:55:15 853375 432014.3461
2019:05:06 14:55:16 149208 289568.4652
2019:05:06 14:55:16 461371 284010.6711
2019:05:06 14:55:16 744982 275256.1420
2019:05:06 14:55:17 119305 345945.1944
2019:05:06 14:55:17 385382 261167.7311
2019:05:06 14:55:17 717390 296031.4043
2019:05:06 14:55:18 9413 285596.6948
2019:05:06 14:55:18 257382 240544.8854
2019:05:06 14:55:18 653380 357762.1728
2019:05:06 14:55:18 920250 260476.5184
2019:05:06 14:55:19 249373 312020.1640
2019:05:06 14:55:19 674551 425167.1843
2019:05:06 14:55:19 940780 261732.1871
2019:05:06 14:55:20 486532 521173.2462
2019:05:06 14:55:20 913392 392032.1204
2019:05:06 14:55:21 247079 326842.2559
2019:05:06 14:55:21 705375 436017.9417
2019:05:06 14:55:22 109375 396186.3220
2019:05:06 14:55:22 397994 280567.6460
2019:05:06 14:55:22 689382 280300.4906
2019:05:06 14:55:22 997365 298349.0676
2019:05:06 14:55:23 281356 283981.5542
2019:05:06 14:55:23 537363 254656.6352
2019:05:06 14:55:23 917364 379991.1812
2019:05:06 14:55:24 261365 343991.9204
2019:05:06 14:55:24 765360 503985.0697
2019:05:06 14:55:25 61371 296000.2609
2019:05:06 14:55:25 465412 368055.0978
2019:05:06 14:55:25 833384 362596.4634
2019:05:06 14:55:26 129390 287919.2270
2019:05:06 14:55:26 550826 413629.2860
2019:05:06 14:55:26 813375 257268.7566
2019:05:06 14:55:27 581377 312017.9661
2019:05:06 14:55:27 917385 300026.6887
2019:05:06 14:55:28 393371 404013.6151
2019:05:06 14:55:28 659326 260887.8277
2019:05:06 14:55:29 17070 352824.1329
2019:05:06 14:55:29 473377 436016.8576
2019:05:06 14:55:29 785056 296568.3825
2019:05:06 14:55:30 97390 309478.5959
2019:05:06 14:55:30 331301 221169.6021
2019:05:06 14:55:30 729374 380016.4014
2019:05:06 14:55:31 17387 281410.1055
2019:05:06 14:55:31 581377 557964.4367
2019:05:06 14:55:32 61380 444016.8738
2019:05:06 14:55:32 325364 257119.2496
2019:05:06 14:55:32 631513 306139.6927
2019:05:06 14:55:32 973372 338575.2849
2019:05:06 14:55:33 321363 340477.0941
2019:05:06 14:55:33 578006 256633.8293
2019:05:06 14:55:33 885481 301693.3650
2019:05:06 14:55:34 220076 326806.8545
2019:05:06 14:55:34 539301 319214.0907
2019:05:06 14:55:34 832175 291224.4312
2019:05:06 14:55:35 113948 275247.2498
2019:05:06 14:55:35 441662 323999.3006
2019:05:06 14:55:35 761358 315645.6053
2019:05:06 14:55:36 297365 535052.6012
2019:05:06 14:55:36 633124 335748.4266
2019:05:06 14:55:36 981363 347498.8975
2019:05:06 14:55:37 358093 376718.7335
2019:05:06 14:55:37 785393 400030.8514
2019:05:06 14:55:38 70013 280564.2039
2019:05:06 14:55:38 332938 257191.5723
2019:05:06 14:55:38 673364 336332.6490
2019:05:06 14:55:39 45366 371992.3608
2019:05:06 14:55:39 345377 299999.2333
2019:05:06 14:55:39 541371 190885.6966
2019:05:06 14:55:40 33359 487916.3988
2019:05:06 14:55:40 413363 379992.6266
2019:05:06 14:55:40 742041 328474.7563
2019:05:06 14:55:40 974179 231344.6812
2019:05:06 14:55:41 417883 432437.2895
2019:05:06 14:55:41 632960 215044.7406
2019:05:06 14:55:42 61379 395204.3392
2019:05:06 14:55:42 443818 362455.6847
2019:05:06 14:55:43 53379 576017.6033
2019:05:06 14:55:43 421365 362431.0680
2019:05:06 14:55:43 785377 364000.5440
2019:05:06 14:55:44 89378 297493.1896
2019:05:06 14:55:44 395624 298588.5367
2019:05:06 14:55:44 817492 396131.4410
2019:05:06 14:55:45 657384 820024.7176
2019:05:06 14:55:45 997374 334054.1646
2019:05:06 14:55:46 369387 364053.2345
2019:05:06 14:55:46 749385 344030.7416
2019:05:06 14:55:47 69365 312009.9194
2019:05:06 14:55:47 435481 366105.8843
2019:05:06 14:55:47 729367 286930.1811
2019:05:06 14:55:48 549358 819977.6970
2019:05:06 14:55:48 977631 428057.5067
2019:05:06 14:55:49 383139 392865.2033
2019:05:06 14:55:49 717399 304037.1649
2019:05:06 14:55:49 953396 229113.6645
2019:05:06 14:55:50 413374 454395.1266
2019:05:06 14:55:51 529370 1115980.9753
2019:05:06 14:55:51 773375 243991.1626
2019:05:06 14:55:52 413371 637955.4458
2019:05:06 14:55:52 812771 399384.5433
2019:05:06 14:55:53 281365 468579.3705
2019:05:06 14:55:53 717104 435729.1348
2019:05:06 14:55:54 5384 284238.9159
2019:05:06 14:55:54 222763 211761.0388
2019:05:06 14:55:54 513969 285661.5968
2019:05:06 14:55:54 809578 276219.4648
2019:05:06 14:55:55 412966 598869.5510
2019:05:06 14:55:55 881364 458156.7757
2019:05:06 14:55:56 217385 336011.6631
2019:05:06 14:55:56 530048 305129.4014
2019:05:06 14:55:56 935164 377810.7129
2019:05:06 14:55:57 351127 393768.5266
2019:05:06 14:55:57 633383 278153.2556
2019:05:06 14:55:57 929363 287037.7004
2019:05:06 14:55:58 304241 374867.1450
2019:05:06 14:55:58 673117 359881.0658
2019:05:06 14:55:58 941366 262148.8236
2019:05:06 14:55:59 644064 702686.5371
2019:05:06 14:55:59 911526 264993.1163
2019:05:06 14:56:00 245394 324034.0576
2019:05:06 14:56:00 561313 286915.6562
2019:05:06 14:56:00 830821 263389.1851
2019:05:06 14:56:01 158478 323042.2549
2019:05:06 14:56:01 438080 277969.5839
2019:05:06 14:56:01 671135 229386.4079
2019:05:06 14:56:01 865692 190475.6464
2019:05:06 14:56:02 154935 281062.4763
2019:05:06 14:56:02 441292 281458.1059
2019:05:06 14:56:02 681265 235825.7174
2019:05:06 14:56:02 984250 300574.8019
2019:05:06 14:56:03 223793 232540.6894
2019:05:06 14:56:03 395503 163859.8330
2019:05:06 14:56:03 652246 237953.6815
2019:05:06 14:56:04 109383 454303.2125
2019:05:06 14:56:04 385987 266178.8575
2019:05:06 14:56:04 589376 198083.6727
2019:05:06 14:56:04 893364 292746.6072
2019:05:06 14:56:05 109397 216022.7932
2019:05:06 14:56:05 497375 360017.3965
2019:05:06 14:56:05 797385 296030.2792
2019:05:06 14:56:06 114230 280868.5414
2019:05:06 14:56:06 501381 375436.3693
2019:05:06 14:56:06 801385 294364.0761
2019:05:06 14:56:07 233362 428572.6473
2019:05:06 14:56:07 491337 257964.7973
2019:05:06 14:56:07 802580 308739.4945
2019:05:06 14:56:08 45901 238021.8394
2019:05:06 14:56:08 243311 190836.6196
2019:05:06 14:56:08 571327 326434.3143
2019:05:06 14:56:08 869368 297199.8900
2019:05:06 14:56:09 297375 384018.2833
2019:05:06 14:56:09 629123 323126.3719
2019:05:06 14:56:10 73381 412016.1384
2019:05:06 14:56:10 341382 261353.0457
2019:05:06 14:56:10 597360 249905.4261
2019:05:06 14:56:10 913371 315998.1519
2019:05:06 14:56:11 196304 273202.8253
2019:05:06 14:56:11 609386 388026.6994
2019:05:06 14:56:11 993376 377245.1095
2019:05:06 14:56:12 273846 268682.0216
2019:05:06 14:56:12 489362 213061.5078
2019:05:06 14:56:12 717370 227997.8134
2019:05:06 14:56:12 990938 269111.0000
2019:05:06 14:56:13 334191 339981.8763
2019:05:06 14:56:13 733371 397992.9797
2019:05:06 14:56:14 121373 352014.8732
2019:05:06 14:56:14 477370 349836.2154
2019:05:06 14:56:14 813368 324840.8921
2019:05:06 14:56:15 709181 895802.1589
2019:05:06 14:56:15 973379 264188.1965
2019:05:06 14:56:16 409362 431176.3309
2019:05:06 14:56:16 728430 319058.1016
2019:05:06 14:56:17 165379 404023.7144
2019:05:06 14:56:17 789384 588021.8036
2019:05:06 14:56:18 129364 334781.1736
2019:05:06 14:56:18 435578 306204.1104
2019:05:06 14:56:18 857369 396008.6331
2019:05:06 14:56:19 189362 327410.0050
2019:05:06 14:56:19 496209 306837.4135
2019:05:06 14:56:20 265369 752008.9522
2019:05:06 14:56:20 701364 430329.1962
2019:05:06 14:56:21 53383 352010.0154
2019:05:06 14:56:21 415332 353494.7336
2019:05:06 14:56:21 982193 565239.8318
2019:05:06 14:56:22 619081 609715.7076
2019:05:06 14:56:22 978306 353095.7103
2019:05:06 14:56:23 357373 377857.6963
2019:05:06 14:56:23 645374 287985.1833
2019:05:06 14:56:24 35339 389950.6554
2019:05:06 14:56:24 682068 642235.9943
2019:05:06 14:56:25 21368 336459.5883
2019:05:06 14:56:25 297358 275970.5931
2019:05:06 14:56:25 545373 248002.3801
2019:05:06 14:56:25 837365 286201.6745
2019:05:06 14:56:26 245364 407989.1182
2019:05:06 14:56:26 645363 399989.3442
2019:05:06 14:56:26 904478 259105.5818
2019:05:06 14:56:27 341370 408009.3838
2019:05:06 14:56:27 701357 350433.8898
2019:05:06 14:56:27 947937 245369.5796
2019:05:06 14:56:28 557364 604922.1382
2019:05:06 14:56:28 873371 315997.8874
2019:05:06 14:56:29 121329 242995.3106
2019:05:06 14:56:29 461382 338814.5939
2019:05:06 14:56:29 845378 348010.6890
2019:05:06 14:56:30 145369 264006.6110
2019:05:06 14:56:30 426298 274832.9602
2019:05:06 14:56:30 789373 352795.7834
2019:05:06 14:56:31 370915 581530.9361
2019:05:06 14:56:31 737367 361542.5229
2019:05:06 14:56:32 68374 330997.0424
2019:05:06 14:56:32 406256 335454.0430
2019:05:06 14:56:32 965380 552161.9581
2019:05:06 14:56:33 489382 488022.6776
2019:05:06 14:56:33 961380 436017.9417
2019:05:06 14:56:34 328039 330685.4777
2019:05:06 14:56:34 645379 310377.9666
2019:05:06 14:56:35 41961 392411.1016
2019:05:06 14:56:35 343399 295699.2872
2019:05:06 14:56:35 696796 351760.9797
2019:05:06 14:56:36 97381 393220.3725
2019:05:06 14:56:36 481988 382997.1291
2019:05:06 14:56:36 958720 457360.9047
2019:05:06 14:56:37 313357 349310.9457
2019:05:06 14:56:37 562582 245159.6037
2019:05:06 14:56:37 772010 208307.4078
2019:05:06 14:56:37 978843 205129.1950
2019:05:06 14:56:38 222146 237970.4751
2019:05:06 14:56:38 822421 596563.2722
2019:05:06 14:56:39 668055 844829.8983
2019:05:06 14:56:40 142896 474830.6014
2019:05:06 14:56:40 597465 451322.0713
2019:05:06 14:56:40 887773 290298.3390
2019:05:06 14:56:41 205363 313897.8779
2019:05:06 14:56:41 501397 296023.8121
2019:05:06 14:56:41 834357 323939.7109
2019:05:06 14:56:42 181295 342010.7700
2019:05:06 14:56:42 577673 396368.2987
2019:05:06 14:56:43 61369 480875.1270
2019:05:06 14:56:43 325202 263822.6449
2019:05:06 14:56:43 525379 196512.2446
2019:05:06 14:56:43 777387 247394.2414
2019:05:06 14:56:44 188994 375631.4777
2019:05:06 14:56:44 589156 383803.6545
2019:05:06 14:56:45 497370 908203.8440
2019:05:06 14:56:46 96056 587396.9160
2019:05:06 14:56:46 635516 537041.7200
2019:05:06 14:56:46 965368 329841.5095
2019:05:06 14:56:47 337365 371987.8979
2019:05:06 14:56:47 669368 331993.0434
2019:05:06 14:56:48 231531 562153.8274
2019:05:06 14:56:48 485383 251824.2113
2019:05:06 14:56:48 721385 224292.7700
2019:05:06 14:56:49 109394 352028.2619
2019:05:06 14:56:49 757363 637217.4732
2019:05:06 14:56:50 212253 454879.2504
2019:05:06 14:56:50 971903 742540.9965
2019:05:06 14:56:51 339708 341620.9407
2019:05:06 14:56:51 639590 272876.3036
2019:05:06 14:56:52 147328 496280.2492
2019:05:06 14:56:52 425377 278039.6529
2019:05:06 14:56:52 785360 351323.8169
2019:05:06 14:56:53 101372 316001.5941
2019:05:06 14:56:53 473372 371986.1135
2019:05:06 14:56:53 781371 307982.2175
2019:05:06 14:56:54 65390 284004.6845
2019:05:06 14:56:54 338980 268390.7337
2019:05:06 14:56:54 701389 340020.8540
2019:05:06 14:56:54 987729 279699.1654
2019:05:06 14:56:55 261213 271812.2378
2019:05:06 14:56:55 913370 636013.2620
2019:05:06 14:56:56 857374 943989.0608
2019:05:06 14:56:57 213366 355979.1446
2019:05:06 14:56:57 573362 359985.7911
2019:05:06 14:56:57 917365 343992.7883
2019:05:06 14:56:58 249366 331990.3016
2019:05:06 14:56:58 533363 281937.9158
2019:05:06 14:56:58 773355 239982.3368
2019:05:06 14:56:59 21360 247322.9058
2019:05:06 14:56:59 368351 346981.4062
2019:05:06 14:56:59 821375 436014.2760
2019:05:06 14:57:00 149378 312891.6770
2019:05:06 14:57:00 637363 483728.5988
2019:05:06 14:57:01 167824 530451.2978
2019:05:06 14:57:01 517643 346970.4799
2019:05:06 14:57:02 128431 599766.7834
2019:05:06 14:57:02 541279 410404.5704
2019:05:06 14:57:02 940195 398480.7581
2019:05:06 14:57:03 341386 376025.1552
2019:05:06 14:57:03 637378 285903.2042
2019:05:06 14:57:04 25232 355870.6455
2019:05:06 14:57:04 357382 320284.7652
2019:05:06 14:57:04 981394 608031.9397
2019:05:06 14:57:05 237204 242168.7841
2019:05:06 14:57:05 521478 270099.1668
2019:05:06 14:57:05 793379 256355.6880
2019:05:06 14:57:06 61363 259711.0830
2019:05:06 14:57:06 425366 363993.5106
2019:05:06 14:57:06 677396 252017.2037
2019:05:06 14:57:06 980795 296092.4283
2019:05:06 14:57:07 190506 203533.0981
2019:05:06 14:57:07 501377 288018.5097
2019:05:06 14:57:07 853387 320033.0324
2019:05:06 14:57:08 73395 216066.4313
2019:05:06 14:57:08 417371 304006.4313
2019:05:06 14:57:08 882972 453440.7146
2019:05:06 14:57:09 193858 310092.5535
2019:05:06 14:57:09 537370 317991.2381
2019:05:06 14:57:09 837356 294580.7427
2019:05:06 14:57:10 153419 315338.6824
2019:05:06 14:57:10 577424 400071.0845
2019:05:06 14:57:10 921355 340665.2436
2019:05:06 14:57:11 238920 316220.0525
2019:05:06 14:57:11 572036 330255.2998
2019:05:06 14:57:11 881686 284325.7599
2019:05:06 14:57:12 227180 317824.6021
2019:05:06 14:57:12 685358 455311.6485
2019:05:06 14:57:13 92777 406876.9887
2019:05:06 14:57:13 383617 286346.5771
2019:05:06 14:57:13 973376 589327.8904
2019:05:06 14:57:14 379054 396519.4821
2019:05:06 14:57:14 649374 268325.2245
2019:05:06 14:57:14 969376 284016.0951
2019:05:06 14:57:15 268469 287935.9797
2019:05:06 14:57:15 785356 513218.7195
2019:05:06 14:57:15 998911 212497.4839
2019:05:06 14:57:16 913362 910775.5609
2019:05:06 14:57:17 341370 427997.1533
2019:05:06 14:57:17 704883 356458.8949
2019:05:06 14:57:18 4977 297270.0149
2019:05:06 14:57:18 361036 345400.5495
2019:05:06 14:57:18 598324 231556.3746
2019:05:06 14:57:18 950331 347105.5441
2019:05:06 14:57:19 377392 422135.4425
2019:05:06 14:57:19 745391 360470.6712
2019:05:06 14:57:20 73380 319432.5864
2019:05:06 14:57:20 509369 399998.4264
2019:05:06 14:57:20 921371 372015.1633
2019:05:06 14:57:21 585366 655517.9805
2019:05:06 14:57:21 787938 202560.7340
2019:05:06 14:57:22 269392 460034.0426
2019:05:06 14:57:22 601379 325053.0437
2019:05:06 14:57:23 39333 401972.3944
2019:05:06 14:57:23 373549 329317.7597
2019:05:06 14:57:23 821245 439462.7437
2019:05:06 14:57:24 205377 384121.9656
2019:05:06 14:57:24 615527 403864.2570
2019:05:06 14:57:24 897375 280202.6384
2019:05:06 14:57:25 301369 359365.2882
2019:05:06 14:57:26 17372 715988.0288
2019:05:06 14:57:26 557371 539985.1315
2019:05:06 14:57:26 933400 376004.0700
2019:05:06 14:57:27 321363 382678.4417
2019:05:06 14:57:27 689393 352025.3859
2019:05:06 14:57:27 981369 285720.3335
2019:05:06 14:57:28 241391 260007.5193
2019:05:06 14:57:28 672182 386818.2935
2019:05:06 14:57:28 998228 322776.8876
2019:05:06 14:57:29 365378 348010.2941
2019:05:06 14:57:29 798157 408790.5847
2019:05:06 14:57:30 137827 331919.2491
2019:05:06 14:57:30 401897 264060.5457
2019:05:06 14:57:31 21363 614975.9553
2019:05:06 14:57:31 599500 578125.9574
2019:05:06 14:57:31 997384 384023.5583
2019:05:06 14:57:32 320386 317900.1175
2019:05:06 14:57:32 802297 476507.0416
2019:05:06 14:57:33 98725 295726.7612
2019:05:06 14:57:33 436629 322748.4412
2019:05:06 14:57:33 999885 562202.7926
2019:05:06 14:57:34 309377 304574.1133
2019:05:06 14:57:34 651449 335457.9099
2019:05:06 14:57:34 949365 294220.7456
2019:05:06 14:57:35 425364 475988.8053
2019:05:06 14:57:35 721316 295940.9617
2019:05:06 14:57:36 205357 461473.3420
2019:05:06 14:57:36 591485 386116.7356
2019:05:06 14:57:36 904402 312907.5579
2019:05:06 14:57:37 251356 342871.3158
2019:05:06 14:57:37 541945 289314.9555
2019:05:06 14:57:37 865383 315198.5295
2019:05:06 14:57:38 113376 242981.1694
2019:05:06 14:57:38 484816 363305.3824
2019:05:06 14:57:38 909378 404017.8768
2019:05:06 14:57:39 345357 429657.5487
2019:05:06 14:57:39 677379 332010.1388
2019:05:06 14:57:39 997373 313150.5959
2019:05:06 14:57:40 339134 336667.2508
2019:05:06 14:57:40 765623 420761.5890
2019:05:06 14:57:41 241364 473668.2624
2019:05:06 14:57:41 749390 508015.7183
2019:05:06 14:57:42 121380 365978.0100
2019:05:06 14:57:42 745379 596018.5230
2019:05:06 14:57:43 197363 446024.6935
2019:05:06 14:57:43 529372 331998.6425
2019:05:06 14:57:43 909382 370373.4018
2019:05:06 14:57:44 317380 372017.5996
2019:05:06 14:57:44 662114 308760.5573
2019:05:06 14:57:45 69369 400691.1330
2019:05:06 14:57:45 417364 347975.9991
2019:05:06 14:57:45 769363 351987.7754
2019:05:06 14:57:46 157358 387985.7659
2019:05:06 14:57:46 805365 644693.2741
2019:05:06 14:57:47 373366 567989.1594
2019:05:06 14:57:47 689362 315985.2810
2019:05:06 14:57:47 943831 254457.1459
2019:05:06 14:57:48 325381 364020.0421
2019:05:06 14:57:48 584398 243633.9520
2019:05:06 14:57:48 965371 367999.6580
2019:05:06 14:57:49 311392 334900.3494
2019:05:06 14:57:49 838460 527057.2007
2019:05:06 14:57:50 423808 583680.0784
2019:05:06 14:57:51 70192 628829.6096
2019:05:06 14:57:51 449359 371578.8759
2019:05:06 14:57:51 733356 281337.9355
2019:05:06 14:57:52 254249 517593.0373
2019:05:06 14:57:52 525358 267434.0382
2019:05:06 14:57:52 845364 319997.5751
2019:05:06 14:57:53 301365 455990.7913
2019:05:06 14:57:53 709363 407988.3993
2019:05:06 14:57:54 129372 419998.9103
2019:05:06 14:57:54 389383 260000.8249
2019:05:06 14:57:54 721388 320451.4496
2019:05:06 14:57:55 93368 367666.3786
2019:05:06 14:57:55 563525 470145.3745
2019:05:06 14:57:55 978484 397107.6980
2019:05:06 14:57:56 357198 351835.2136
2019:05:06 14:57:56 701680 324326.0942
2019:05:06 14:57:57 97293 392354.8907
2019:05:06 14:57:57 871136 773828.4953
2019:05:06 14:57:58 309446 420079.6261
2019:05:06 14:57:58 685364 370237.9651
2019:05:06 14:57:59 205372 514986.3847
2019:05:06 14:57:59 493427 288041.2713
2019:05:06 14:57:59 769395 270232.8339
2019:05:06 14:58:00 17403 241829.9392
2019:05:06 14:58:00 420959 391816.7204
2019:05:06 14:58:00 957381 536396.4811
2019:05:06 14:58:01 278499 321101.8816
2019:05:06 14:58:01 545237 266720.8388
2019:05:06 14:58:01 897837 346949.7077
2019:05:06 14:58:02 249361 351062.7262
2019:05:06 14:58:02 673365 423992.6822
2019:05:06 14:58:03 69363 395987.1754
2019:05:06 14:58:03 274739 205365.5311
2019:05:06 14:58:03 586013 282198.1683
2019:05:06 14:58:03 875170 282584.5815
2019:05:06 14:58:04 153605 275984.4065
2019:05:06 14:58:04 460890 306866.4931
2019:05:06 14:58:04 834166 365558.2182
2019:05:06 14:58:05 186719 348693.2255
2019:05:06 14:58:05 442661 255577.1768
2019:05:06 14:58:05 930053 476323.9287
2019:05:06 14:58:06 161868 231399.3201
2019:05:06 14:58:06 796052 621942.9523
2019:05:06 14:58:07 399771 600441.3180
2019:05:06 14:58:07 780606 374768.0821
2019:05:06 14:58:08 32070 248187.8847
2019:05:06 14:58:08 354043 319110.0843
2019:05:06 14:58:08 721407 366971.5524
2019:05:06 14:58:09 284991 553740.2108
2019:05:06 14:58:09 662633 376820.2402
2019:05:06 14:58:10 242348 578483.8386
2019:05:06 14:58:10 671867 425091.5311
2019:05:06 14:58:11 101986 427685.4023
2019:05:06 14:58:11 588906 486576.4491
2019:05:06 14:58:12 13331 423174.8842
2019:05:06 14:58:12 713479 700136.6951
2019:05:06 14:58:12 982134 264589.6859
2019:05:06 14:58:13 411000 425974.9912
2019:05:06 14:58:13 773364 357074.7860
2019:05:06 14:58:14 301363 527989.3689
2019:05:06 14:58:14 897369 595996.1936
2019:05:06 14:58:15 309246 411863.2562
2019:05:06 14:58:15 855213 540625.1475
2019:05:06 14:58:16 454876 598448.0865
2019:05:06 14:58:16 935052 478958.8451
2019:05:06 14:58:17 509320 570998.6202
2019:05:06 14:58:17 817712 308381.6804
2019:05:06 14:58:18 337933 513273.1274
2019:05:06 14:58:18 814324 475977.1600
2019:05:06 14:58:19 249585 429121.7066
2019:05:06 14:58:19 717496 467893.9022
2019:05:06 14:58:20 5384 282239.7202
2019:05:06 14:58:20 469380 457095.5709
2019:05:06 14:58:20 685364 197596.0135
2019:05:06 14:58:21 61369 375995.6211
2019:05:06 14:58:21 529364 461360.3726
2019:05:06 14:58:21 941357 411983.0616
2019:05:06 14:58:22 320897 376780.0480
2019:05:06 14:58:23 227212 899785.4888
2019:05:06 14:58:24 101004 855644.5166
2019:05:06 14:58:24 657605 548899.7959
2019:05:06 14:58:24 993203 332349.7958
2019:05:06 14:58:25 302765 306351.9821
2019:05:06 14:58:25 677365 370071.4074
2019:05:06 14:58:26 153568 476193.2194
2019:05:06 14:58:26 577370 416883.9976
2019:05:06 14:58:26 873364 295983.2139
2019:05:06 14:58:27 246007 372632.6302
2019:05:06 14:58:27 569378 318215.5043
2019:05:06 14:58:27 833138 252712.2460
2019:05:06 14:58:28 157356 319713.2424
2019:05:06 14:58:28 563866 403075.0729
2019:05:06 14:58:28 917388 336030.2299
2019:05:06 14:58:29 301400 377926.1038
2019:05:06 14:58:29 605567 294469.5391
2019:05:06 14:58:29 937371 327719.9976
2019:05:06 14:58:30 322852 385466.6576
2019:05:06 14:58:30 641210 315086.0630
2019:05:06 14:58:31 525394 881419.1222
2019:05:06 14:58:31 797339 235480.4687
2019:05:06 14:58:32 7893 204754.6469
2019:05:06 14:58:32 501391 484024.4353
2019:05:06 14:58:32 774343 261353.2580
2019:05:06 14:58:33 269358 467993.6171
2019:05:06 14:58:33 577367 304217.4354
2019:05:06 14:58:33 845383 268006.2018
2019:05:06 14:58:34 121380 262730.0546
2019:05:06 14:58:34 457366 331732.4966
2019:05:06 14:58:34 854441 397064.5852
2019:05:06 14:58:35 220607 333125.7738
2019:05:06 14:58:35 529378 303841.0619
2019:05:06 14:58:35 869374 332422.5098
2019:05:06 14:58:36 183050 307398.3416
2019:05:06 14:58:37 45432 402186.5651
2019:05:06 14:58:37 369956 324505.6197
2019:05:06 14:58:37 745381 360297.4266
2019:05:06 14:58:37 993331 242899.3955
2019:05:06 14:58:38 438147 428785.9797
2019:05:06 14:58:38 729381 286745.5445
2019:05:06 14:58:38 986567 250276.2303
2019:05:06 14:58:39 453384 448024.2841
2019:05:06 14:58:39 745158 271799.1397
2019:05:06 14:58:40 281395 516037.2593
2019:05:06 14:58:40 832163 544305.7902
2019:05:06 14:58:41 155308 292846.1730
2019:05:06 14:58:41 693370 533137.5152
2019:05:06 14:58:42 215270 516498.8078
2019:05:06 14:58:42 626900 393539.4883
2019:05:06 14:58:43 27105 377747.9790
2019:05:06 14:58:43 509389 456028.7707
2019:05:06 14:58:44 42827 501468.2412
2019:05:06 14:58:44 293407 244840.8641
2019:05:06 14:58:44 621355 314925.2050
2019:05:06 14:58:44 885401 261609.5021
2019:05:06 14:58:45 166544 274862.8743
2019:05:06 14:58:45 461029 288332.1196
2019:05:06 14:58:45 801399 328344.0471
2019:05:06 14:58:46 53384 247070.6925
2019:05:06 14:58:46 281431 219100.5275
2019:05:06 14:58:46 641381 324018.4300
2019:05:06 14:58:47 50223 364869.3487
2019:05:06 14:58:47 365390 296038.7692
2019:05:06 14:58:47 617087 246579.7551
2019:05:06 14:58:47 889390 255890.5631
2019:05:06 14:58:48 161380 267412.2974
2019:05:06 14:58:48 521378 346467.0181
2019:05:06 14:58:48 949366 414441.7048
2019:05:06 14:58:49 321364 371988.1773
2019:05:06 14:58:49 653363 331989.9663
2019:05:06 14:58:50 142037 488663.9193
2019:05:06 14:58:50 388378 243742.3877
2019:05:06 14:58:50 777370 372009.2401
2019:05:06 14:58:51 14652 229390.8335
2019:05:06 14:58:51 287830 265817.9849
2019:05:06 14:58:51 825337 535465.1883
2019:05:06 14:58:52 251905 426553.5511
2019:05:06 14:58:52 533953 275847.5728
2019:05:06 14:58:52 771572 230805.7360
2019:05:06 14:58:53 41089 264186.2445
2019:05:06 14:58:53 296795 253673.5982
2019:05:06 14:58:53 480292 179422.6915
2019:05:06 14:58:53 733022 242891.7810
2019:05:06 14:58:54 26059 292606.4655
2019:05:06 14:58:54 182921 150737.8481
2019:05:06 14:58:54 493417 307566.4714
2019:05:06 14:58:54 843988 349760.5398
2019:05:06 14:58:55 98728 252312.3436
2019:05:06 14:58:55 403646 297547.0945
2019:05:06 14:58:55 614192 204806.2347
2019:05:06 14:58:55 910755 291679.8815
2019:05:06 14:58:56 333365 420597.0913
2019:05:06 14:58:56 707763 374388.7767
2019:05:06 14:58:57 118999 377643.7044
2019:05:06 14:58:57 333385 196028.1990
2019:05:06 14:58:57 629364 288829.8258
2019:05:06 14:58:57 969362 339987.2780
2019:05:06 14:58:58 458420 489048.9466
2019:05:06 14:58:58 981893 518973.4139
2019:05:06 14:58:59 381392 399464.6929
2019:05:06 14:58:59 737363 344622.0644
2019:05:06 14:59:00 53363 315989.6284
2019:05:06 14:59:00 338125 284750.8900
2019:05:06 14:59:00 582411 229055.6394
2019:05:06 14:59:00 906191 321088.3774
2019:05:06 14:59:01 133364 227149.3375
2019:05:06 14:59:01 461389 328003.8759
2019:05:06 14:59:01 809526 348121.2556
2019:05:06 14:59:02 67588 252678.6737
2019:05:06 14:59:02 337368 256674.4499
2019:05:06 14:59:02 690129 352746.0620
2019:05:06 14:59:03 149374 459178.3322
2019:05:06 14:59:03 619501 470113.0763
2019:05:06 14:59:03 945382 320143.5544
2019:05:06 14:59:04 337395 352032.4118
2019:05:06 14:59:04 985386 612026.4716
2019:05:06 14:59:05 650169 628809.4781
2019:05:06 14:59:06 214572 557436.9803
2019:05:06 14:59:06 917364 702782.5192
2019:05:06 14:59:07 401355 483980.8941
2019:05:06 14:59:07 749365 346591.0442
2019:05:06 14:59:08 57933 308557.5998
2019:05:06 14:59:08 379930 317481.1453
2019:05:06 14:59:08 596582 213842.5000
2019:05:06 14:59:08 875485 251479.8008
2019:05:06 14:59:09 122500 238410.9199
2019:05:06 14:59:09 348586 224887.3673
2019:05:06 14:59:09 614428 263306.9754
2019:05:06 14:59:10 11425 391679.8867
2019:05:06 14:59:10 277062 264115.4788
2019:05:06 14:59:10 442494 159730.9783
2019:05:06 14:59:10 675179 228991.8475
2019:05:06 14:59:10 913565 228945.7433
2019:05:06 14:59:11 164252 240030.8214
2019:05:06 14:59:11 529175 362883.2698
2019:05:06 14:59:11 772895 237592.8052
2019:05:06 14:59:12 145587 358380.7275
2019:05:06 14:59:12 314333 155229.8330
2019:05:06 14:59:12 612908 284222.3719
2019:05:06 14:59:13 211627 595377.7581
2019:05:06 14:59:13 601984 386241.9426
2019:05:06 14:59:14 77521 471451.6141
2019:05:06 14:59:14 349385 271850.4518
2019:05:06 14:59:14 661174 306801.5575
2019:05:06 14:59:14 953947 284094.1884
2019:05:06 14:59:15 188164 234206.5983
2019:05:06 14:59:15 416298 222005.4492
2019:05:06 14:59:15 653105 227781.7763
2019:05:06 14:59:15 865242 209306.0277
2019:05:06 14:59:16 314554 448404.4425
2019:05:06 14:59:16 587493 268453.7210
2019:05:06 14:59:16 875490 287985.7570
2019:05:06 14:59:17 189223 313722.9867
2019:05:06 14:59:17 901921 709026.8247
2019:05:06 14:59:18 506889 601818.7590
2019:05:06 14:59:18 768262 260541.2714
2019:05:06 14:59:19 75483 302673.4516
2019:05:06 14:59:19 344572 258840.6764
2019:05:06 14:59:19 635888 275316.3874
2019:05:06 14:59:20 342734 695463.2327
2019:05:06 14:59:20 717370 373020.6564
2019:05:06 14:59:21 189019 435661.9455
2019:05:06 14:59:21 633378 437812.5817
2019:05:06 14:59:21 837381 197412.0848
2019:05:06 14:59:22 166833 324082.1399
2019:05:06 14:59:22 482647 314597.6923
2019:05:06 14:59:22 866440 365079.3284
2019:05:06 14:59:23 263785 366431.8360
2019:05:06 14:59:23 657362 360001.8546
2019:05:06 14:59:23 930200 267505.6383
2019:05:06 14:59:24 221381 290796.1495
2019:05:06 14:59:25 176616 948268.0000
2019:05:06 14:59:26 29815 828613.3595
2019:05:06 14:59:26 405384 352019.9992
2019:05:06 14:59:26 697364 285954.4419
2019:05:06 14:59:26 940598 243226.1147
2019:05:06 14:59:27 449392 476032.1602
2019:05:06 14:59:27 738269 282702.4981
2019:05:06 14:59:28 65371 300017.6102
2019:05:06 14:59:28 569363 503981.8883
2019:05:06 14:59:29 33368 463991.5824
2019:05:06 14:59:29 523105 449740.6185
2019:05:06 14:59:30 121385 568024.4491
2019:05:06 14:59:30 413390 286913.7600
2019:05:06 14:59:30 698819 279086.6308
2019:05:06 14:59:31 9390 297456.4694
2019:05:06 14:59:31 354592 309229.1765
2019:05:06 14:59:31 717377 332012.8024
2019:05:06 14:59:31 989363 265719.0785
2019:05:06 14:59:32 229871 240496.4343
2019:05:06 14:59:32 741380 488021.2136
2019:05:06 14:59:33 87387 310027.8936
2019:05:06 14:59:33 408131 286775.4661
2019:05:06 14:59:33 825379 400012.2137
2019:05:06 14:59:34 273378 440953.2547
2019:05:06 14:59:34 564453 291059.6542
2019:05:06 14:59:35 93710 526393.5141
2019:05:06 14:59:35 433378 334322.6127
2019:05:06 14:59:35 678924 245532.2035
2019:05:06 14:59:36 220391 515023.8238
2019:05:06 14:59:36 612974 385212.6189
2019:05:06 14:59:37 38986 424807.7646
2019:05:06 14:59:37 444876 403044.3169
2019:05:06 14:59:37 803320 354346.9943
2019:05:06 14:59:38 17357 212451.9423
2019:05:06 14:59:38 325335 307965.6884
2019:05:06 14:59:38 693365 358599.4318
2019:05:06 14:59:39 21385 328010.7938
2019:05:06 14:59:39 385362 354676.4478
2019:05:06 14:59:40 5371 620000.6567
2019:05:06 14:59:40 385363 373853.0986
2019:05:06 14:59:40 725593 340218.7862
2019:05:06 14:59:41 290305 558459.7737
2019:05:06 14:59:41 653368 344010.0886
2019:05:06 14:59:42 129373 444013.6068
2019:05:06 14:59:42 493380 332018.9752
2019:05:06 14:59:42 905386 403880.3577
2019:05:06 14:59:43 423864 507835.6825
2019:05:06 14:59:43 885364 457841.2659
2019:05:06 14:59:44 238635 353261.7837
2019:05:06 14:59:44 661371 400014.6315
2019:05:06 14:59:45 26664 357554.1154
2019:05:06 14:59:45 288879 251512.1028
2019:05:06 14:59:45 613925 325037.0324
2019:05:06 14:59:46 200537 559175.1225
2019:05:06 14:59:46 705377 484023.7424
2019:05:06 14:59:47 417416 697534.5872
2019:05:06 14:59:47 937372 515877.2171
2019:05:06 14:59:48 729381 764012.6050
2019:05:06 14:59:49 641364 904763.5980
2019:05:06 14:59:50 121361 479987.6362
2019:05:06 14:59:50 645362 523989.2714
2019:05:06 14:59:51 280683 635311.0895
2019:05:06 14:59:51 792255 494889.6617
2019:05:06 14:59:52 356633 535277.2474
2019:05:06 14:59:52 785373 400009.2559
2019:05:06 14:59:53 345366 553991.8728
2019:05:06 14:59:54 253364 907987.6281
2019:05:06 14:59:54 669363 415988.6800
2019:05:06 14:59:55 74709 405335.3816
2019:05:06 14:59:55 517879 439050.1454
2019:05:06 14:59:56 7749 485775.3143
2019:05:06 14:59:56 845368 832006.3055
2019:05:06 14:59:57 433365 572223.6335
2019:05:06 14:59:58 183705 750329.1182
2019:05:06 14:59:58 549377 364035.3307
2019:05:06 14:59:59 265369 683985.2519
2019:05:06 14:59:59 911493 610130.7049
2019:05:06 15:00:00 481394 544033.8664
2019:05:06 15:00:00 953363 467656.1989
2019:05:06 15:00:01 333364 379991.5724
2019:05:06 15:00:01 857365 523989.4986
2019:05:06 15:00:02 269363 411986.0232
2019:05:06 15:00:02 649365 379991.8145
2019:05:06 15:00:03 8034 358659.4425
2019:05:06 15:00:03 299914 290576.9162
2019:05:06 15:00:03 705383 376022.6481
2019:05:06 15:00:04 41362 329001.9333
2019:05:06 15:00:04 469357 427985.5713
2019:05:06 15:00:04 645830 175315.6371
2019:05:06 15:00:04 972684 303322.3115
2019:05:06 15:00:05 390077 400720.0338
2019:05:06 15:00:05 649391 254831.0496
2019:05:06 15:00:05 873369 218308.2514
2019:05:06 15:00:06 345368 471984.8633
2019:05:06 15:00:06 753372 406579.6807
2019:05:06 15:00:07 297383 543997.1387
2019:05:06 15:00:07 613375 315979.2572
2019:05:06 15:00:08 33387 419997.4015
2019:05:06 15:00:08 447939 403270.4867
2019:05:06 15:00:08 824745 355378.4788
2019:05:06 15:00:09 229370 380021.4194
2019:05:06 15:00:09 435398 206013.0164
2019:05:06 15:00:09 636124 187608.5065
2019:05:06 15:00:09 979870 310508.8547
2019:05:06 15:00:10 289095 291735.9918
2019:05:06 15:00:10 629370 320013.1282
2019:05:06 15:00:10 929363 292951.5392
2019:05:06 15:00:11 317381 388007.8867
2019:05:06 15:00:11 648824 325640.7492
2019:05:06 15:00:11 953391 288717.4897
2019:05:06 15:00:12 281371 321679.3761
2019:05:06 15:00:12 717382 400023.3635
2019:05:06 15:00:13 37378 276015.5350
2019:05:06 15:00:13 301395 227627.8473
2019:05:06 15:00:13 693364 382469.6392
2019:05:06 15:00:14 177370 483997.0022
2019:05:06 15:00:14 790986 601672.8655
2019:05:06 15:00:15 244587 447902.0052
2019:05:06 15:00:15 629174 359814.9158
2019:05:06 15:00:16 45377 392013.4008
2019:05:06 15:00:16 362308 300953.6602
2019:05:06 15:00:16 713383 324016.6344
2019:05:06 15:00:16 970209 251194.2871
2019:05:06 15:00:17 222278 237022.4409
2019:05:06 15:00:17 619000 395519.0405
2019:05:06 15:00:17 859540 238935.0086
2019:05:06 15:00:18 63083 200630.0054
2019:05:06 15:00:18 313382 248358.4061
2019:05:06 15:00:18 673252 323893.6216
2019:05:06 15:00:19 17370 320010.8185
2019:05:06 15:00:19 278933 245772.9653
2019:05:06 15:00:19 657374 372740.1979
2019:05:06 15:00:20 39327 345966.3317
2019:05:06 15:00:20 386230 342826.5601
2019:05:06 15:00:20 977355 564003.6464
2019:05:06 15:00:21 417364 437826.9874
2019:05:06 15:00:21 744462 327087.7488
2019:05:06 15:00:21 993363 245614.2269
2019:05:06 15:00:22 293371 299998.8534
2019:05:06 15:00:22 709366 415984.1463
2019:05:06 15:00:22 981383 272007.1822
2019:05:06 15:00:23 129461 143365.1187
2019:05:06 15:00:23 385364 250995.3678
2019:05:06 15:00:23 633656 248279.9478
2019:05:06 15:00:23 855654 217500.4520
2019:05:06 15:00:24 249357 393692.6275
2019:05:06 15:00:24 485987 233050.8493
2019:05:06 15:00:24 773390 281643.1522
2019:05:06 15:00:24 997379 213135.4026
2019:05:06 15:00:25 258117 255189.4858
2019:05:06 15:00:25 473364 210302.3753
2019:05:06 15:00:25 775812 302438.9371
2019:05:06 15:00:26 76046 274692.5540
2019:05:06 15:00:26 953370 860005.8891
2019:05:06 15:00:27 297389 338161.2003
2019:05:06 15:00:27 557582 253891.8294
2019:05:06 15:00:27 785356 222049.4673
2019:05:06 15:00:28 149358 363654.0473
2019:05:06 15:00:28 381377 230290.8339
2019:05:06 15:00:28 671690 254329.9161
2019:05:06 15:00:29 29378 351544.5888
2019:05:06 15:00:29 385381 324013.9484
2019:05:06 15:00:29 682148 292060.9564
2019:05:06 15:00:29 969639 260276.0904
2019:05:06 15:00:30 195338 221195.8431
2019:05:06 15:00:30 450503 249876.0782
2019:05:06 15:00:30 712231 256806.4034
2019:05:06 15:00:30 952771 237691.3689
2019:05:06 15:00:31 205377 239515.6063
2019:05:06 15:00:31 501568 283008.1023
2019:05:06 15:00:31 825370 323783.5355
2019:05:06 15:00:31 991856 150309.4882
2019:05:06 15:00:32 301370 308300.2754
2019:05:06 15:00:32 525383 218153.0930
2019:05:06 15:00:32 833381 300449.7401
2019:05:06 15:00:33 63752 226912.6065
2019:05:06 15:00:33 249291 178573.0273
2019:05:06 15:00:33 525371 268693.7749
2019:05:06 15:00:33 746057 203162.8378
2019:05:06 15:00:33 917268 157300.9342
2019:05:06 15:00:34 227320 305136.0399
2019:05:06 15:00:34 438673 203549.6980
2019:05:06 15:00:34 588599 133558.6570
2019:05:06 15:00:34 825381 233105.0672
2019:05:06 15:00:35 162761 333387.2035
2019:05:06 15:00:35 385391 216522.5521
2019:05:06 15:00:35 607583 216330.1110
2019:05:06 15:00:35 867659 255546.0893
2019:05:06 15:00:36 49364 177208.7663
2019:05:06 15:00:36 291169 241796.1136
2019:05:06 15:00:36 534462 242435.9955
2019:05:06 15:00:36 821365 281181.7750
2019:05:06 15:00:37 73384 252007.5403
2019:05:06 15:00:37 289437 211890.0940
2019:05:06 15:00:37 562519 263752.5983
2019:05:06 15:00:37 868877 287335.6342
2019:05:06 15:00:38 256971 383348.3793
2019:05:06 15:00:38 535083 273840.3305
2019:05:06 15:00:38 717414 182317.5959
2019:05:06 15:00:38 978782 226500.1051
2019:05:06 15:00:39 225390 245404.7538
2019:05:06 15:00:39 457945 228575.5873
2019:05:06 15:00:39 691012 216679.6662
2019:05:06 15:00:39 915487 220415.9163
2019:05:06 15:00:40 182500 249130.6923
2019:05:06 15:00:40 410215 222382.1953
2019:05:06 15:00:40 665394 255165.5248
2019:05:06 15:00:40 889359 220318.4403
2019:05:06 15:00:41 77372 187551.1296
2019:05:06 15:00:41 365182 287794.4857
2019:05:06 15:00:41 586080 219273.9844
2019:05:06 15:00:41 798211 201500.1625
2019:05:06 15:00:42 37355 235041.1341
2019:05:06 15:00:42 267203 229388.9001
2019:05:06 15:00:42 477376 208957.1431
2019:05:06 15:00:42 737385 255166.7541
2019:05:06 15:00:42 929388 186667.0921
2019:05:06 15:00:43 157364 220918.3536
2019:05:06 15:00:43 443120 285745.3227
2019:05:06 15:00:43 639698 192910.3918
2019:05:06 15:00:43 889132 242483.0049
2019:05:06 15:00:44 141369 248526.2752
2019:05:06 15:00:44 358654 211728.6772
2019:05:06 15:00:44 661363 293269.9062
2019:05:06 15:00:44 912624 251251.2989
2019:05:06 15:00:45 161243 227877.4865
2019:05:06 15:00:45 339379 148257.0171
2019:05:06 15:00:45 516320 172788.2847
