
# OSU MPI Allreduce Latency Test v5.6.1
# Size       Avg Latency(us)
262144             383863.73
2019:05:06 14:47:56 897105 424751.3525
2019:05:06 14:47:57 545368 648253.6867
2019:05:06 14:47:57 953155 403040.9753
2019:05:06 14:47:58 213702 259638.2312
2019:05:06 14:47:58 641502 398738.5482
2019:05:06 14:47:59 214231 564960.5878
2019:05:06 14:47:59 690597 473505.9477
2019:05:06 14:47:59 990013 298591.9900
2019:05:06 14:48:00 313356 318819.1801
2019:05:06 14:48:00 685363 371995.2852
2019:05:06 14:48:00 941363 255989.4882
2019:05:06 14:48:01 250487 309111.8149
2019:05:06 14:48:01 625361 369341.7236
2019:05:06 14:48:02 129372 504000.9953
2019:05:06 14:48:02 637365 507983.2226
2019:05:06 14:48:03 117382 480007.4771
2019:05:06 14:48:03 441358 317766.6366
2019:05:06 14:48:03 941362 499994.1550
2019:05:06 14:48:04 389210 447837.7961
2019:05:06 14:48:04 777362 385281.5926
2019:05:06 14:48:05 17525 240152.6831
2019:05:06 14:48:05 373369 349279.5825
2019:05:06 14:48:05 757358 379002.0384
2019:05:06 14:48:06 273364 513682.6970
2019:05:06 14:48:06 749358 475984.0257
2019:05:06 14:48:07 365361 615992.3300
2019:05:06 14:48:08 31475 666100.4238
2019:05:06 14:48:08 393363 359480.8690
2019:05:06 14:48:08 945880 552506.7262
2019:05:06 14:48:09 315444 368185.3823
2019:05:06 14:48:09 794868 464829.4635
2019:05:06 14:48:10 261381 459148.3064
2019:05:06 14:48:10 592754 325268.7715
2019:05:06 14:48:10 973377 379831.3998
2019:05:06 14:48:11 453744 469367.6382
2019:05:06 14:48:11 846386 373029.7983
2019:05:06 14:48:12 129819 277688.6001
2019:05:06 14:48:12 533370 372014.6678
2019:05:06 14:48:13 120538 578260.3845
2019:05:06 14:48:13 473361 349995.4194
2019:05:06 14:48:13 814735 341363.9888
2019:05:06 14:48:14 230874 414912.2536
2019:05:06 14:48:14 585134 320231.6798
2019:05:06 14:48:15 97365 507746.4506
2019:05:06 14:48:15 507920 410544.3023
2019:05:06 14:48:15 829363 318989.2322
2019:05:06 14:48:16 529363 699989.7659
2019:05:06 14:48:17 103608 574234.7129
2019:05:06 14:48:17 719190 611907.2139
2019:05:06 14:48:18 65378 345769.2116
2019:05:06 14:48:18 465363 363988.8242
2019:05:06 14:48:19 9792 544419.8996
2019:05:06 14:48:19 434516 421838.4996
2019:05:06 14:48:19 941369 488009.6316
2019:05:06 14:48:20 445364 497601.3824
2019:05:06 14:48:20 941007 495632.0561
2019:05:06 14:48:21 338381 397355.0685
2019:05:06 14:48:21 653363 300619.4942
2019:05:06 14:48:22 240881 587510.6938
2019:05:06 14:48:22 593383 350084.4166
2019:05:06 14:48:23 377371 752011.0458
2019:05:06 14:48:23 677371 295799.2330
2019:05:06 14:48:24 168918 451018.9034
2019:05:06 14:48:24 714473 529131.6025
2019:05:06 14:48:25 121638 403487.0230
2019:05:06 14:48:25 577373 447533.8981
2019:05:06 14:48:26 77182 483820.5576
2019:05:06 14:48:26 778111 684151.1726
2019:05:06 14:48:27 268742 483700.6666
2019:05:06 14:48:27 749596 478104.8857
2019:05:06 14:48:28 117810 364911.7090
2019:05:06 14:48:28 549379 429922.5993
2019:05:06 14:48:28 965390 392029.9709
2019:05:06 14:48:29 377376 406385.6266
2019:05:06 14:48:29 833372 424018.4613
2019:05:06 14:48:30 132861 284270.9981
2019:05:06 14:48:30 555294 397941.5260
2019:05:06 14:48:30 837379 279658.2952
2019:05:06 14:48:31 117363 273357.4770
2019:05:06 14:48:31 448152 330780.0591
2019:05:06 14:48:31 817365 368402.7568
2019:05:06 14:48:32 477362 659987.5093
2019:05:06 14:48:32 948650 471278.4402
2019:05:06 14:48:33 461373 512324.6387
2019:05:06 14:48:33 723577 262192.9348
2019:05:06 14:48:34 20899 295685.7421
2019:05:06 14:48:34 437379 384022.8319
2019:05:06 14:48:34 789359 342906.0914
2019:05:06 14:48:35 225064 435690.6042
2019:05:06 14:48:35 730486 505410.3769
2019:05:06 14:48:36 125624 389418.4567
2019:05:06 14:48:36 445369 316505.3427
2019:05:06 14:48:36 861383 411791.3656
2019:05:06 14:48:37 505372 637853.5777
2019:05:06 14:48:37 995168 489783.0933
2019:05:06 14:48:38 449378 428012.0581
2019:05:06 14:48:39 157373 692858.2899
2019:05:06 14:48:39 501383 343996.3013
2019:05:06 14:48:39 993387 460013.7696
2019:05:06 14:48:40 322535 326031.9978
2019:05:06 14:48:40 869368 519998.9788
2019:05:06 14:48:41 77783 201099.2318
2019:05:06 14:48:41 977207 875843.3573
2019:05:06 14:48:42 343807 342445.0308
2019:05:06 14:48:42 728391 359036.4680
2019:05:06 14:48:43 119545 366180.0213
2019:05:06 14:48:43 617585 472223.9785
2019:05:06 14:48:43 917388 272029.1689
2019:05:06 14:48:44 362809 402997.2181
2019:05:06 14:48:44 805611 424250.6772
2019:05:06 14:48:45 293942 468055.2706
2019:05:06 14:48:45 586220 283796.4185
2019:05:06 14:48:45 911185 318834.6140
2019:05:06 14:48:46 546057 604696.6612
2019:05:06 14:48:46 997375 408017.1250
2019:05:06 14:48:47 309370 307054.9332
2019:05:06 14:48:47 604030 289201.0324
2019:05:06 14:48:48 69370 440009.2736
2019:05:06 14:48:48 505363 428981.6022
2019:05:06 14:48:48 825372 319998.8753
2019:05:06 14:48:49 274811 449428.4503
2019:05:06 14:48:49 550062 269112.7397
2019:05:06 14:48:49 837381 286104.6642
2019:05:06 14:48:50 86608 242491.6103
2019:05:06 14:48:50 421637 331746.0902
2019:05:06 14:48:50 948190 523644.0003
2019:05:06 14:48:51 341370 391541.8983
2019:05:06 14:48:51 737371 385663.3566
2019:05:06 14:48:52 473372 724053.7368
2019:05:06 14:48:52 817397 308033.0566
2019:05:06 14:48:53 425213 583851.1735
2019:05:06 14:48:54 243003 793649.5543
2019:05:06 14:48:54 797383 536013.0630
2019:05:06 14:48:55 173370 366706.8668
2019:05:06 14:48:55 545365 367870.4314
2019:05:06 14:48:55 838927 293552.5775
2019:05:06 14:48:56 181379 341611.1842
2019:05:06 14:48:56 513373 327542.9420
2019:05:06 14:48:56 834164 315939.3966
2019:05:06 14:48:57 229380 394411.5229
2019:05:06 14:48:57 645356 408430.5502
2019:05:06 14:48:57 989370 343647.0106
2019:05:06 14:48:58 341368 347090.6988
2019:05:06 14:48:58 632743 291364.4202
2019:05:06 14:48:58 844462 206393.8119
2019:05:06 14:48:59 224476 377038.8439
2019:05:06 14:48:59 653518 420154.8062
2019:05:06 14:49:00 53380 394527.9159
2019:05:06 14:49:00 311354 248183.3063
2019:05:06 14:49:00 749369 412009.5223
2019:05:06 14:49:01 181359 423993.5838
2019:05:06 14:49:01 497373 312661.2492
2019:05:06 14:49:01 871210 341852.9071
2019:05:06 14:49:02 321394 420033.5518
2019:05:06 14:49:02 735392 407476.8946
2019:05:06 14:49:03 77362 336615.6816
2019:05:06 14:49:03 505361 427989.3413
2019:05:06 14:49:03 939863 434492.0516
2019:05:06 14:49:04 315545 371591.7431
2019:05:06 14:49:04 677363 358564.6823
2019:05:06 14:49:05 50346 372971.8551
2019:05:06 14:49:05 353381 300582.6846
2019:05:06 14:49:05 713370 332009.6247
2019:05:06 14:49:06 5087 284254.5025
2019:05:06 14:49:06 337647 329706.9222
2019:05:06 14:49:06 953371 615321.9640
2019:05:06 14:49:07 312578 357972.8603
2019:05:06 14:49:07 785377 448023.6135
2019:05:06 14:49:08 241397 424037.4491
2019:05:06 14:49:08 713544 467311.3227
2019:05:06 14:49:09 145656 404285.5352
2019:05:06 14:49:09 821991 648628.8831
2019:05:06 14:49:10 481372 650323.7411
2019:05:06 14:49:10 970539 482082.6165
2019:05:06 14:49:11 400319 425666.1870
2019:05:06 14:49:11 917363 514606.8782
2019:05:06 14:49:12 201363 283990.2490
2019:05:06 14:49:12 573365 371992.8674
2019:05:06 14:49:13 9244 434502.8624
2019:05:06 14:49:13 365375 356113.1433
2019:05:06 14:49:13 781364 408955.7938
2019:05:06 14:49:14 655416 874034.2371
2019:05:06 14:49:14 941309 283864.5130
2019:05:06 14:49:15 557379 612381.7526
2019:05:06 14:49:16 45358 481073.0591
2019:05:06 14:49:16 444144 395508.8742
2019:05:06 14:49:16 889408 428048.4021
2019:05:06 14:49:17 289391 351726.5134
2019:05:06 14:49:17 854512 557609.0403
2019:05:06 14:49:18 481371 596009.6195
2019:05:06 14:49:19 45370 563984.3605
2019:05:06 14:49:19 645518 600133.6128
2019:05:06 14:49:20 97373 446939.3194
2019:05:06 14:49:20 417377 319990.4412
2019:05:06 14:49:20 949364 523097.6455
2019:05:06 14:49:21 341376 392001.6438
2019:05:06 14:49:21 853385 476022.9364
2019:05:06 14:49:22 297795 438252.4155
2019:05:06 14:49:22 629363 327889.5169
2019:05:06 14:49:23 97380 468005.8323
2019:05:06 14:49:23 621371 516082.6892
2019:05:06 14:49:24 89373 458355.5236
2019:05:06 14:49:24 637386 512025.4271
2019:05:06 14:49:24 992585 331179.9280
2019:05:06 14:49:25 298836 296303.5852
2019:05:06 14:49:25 767690 467740.9641
2019:05:06 14:49:26 713259 941079.9108
2019:05:06 14:49:27 55700 342431.1541
2019:05:06 14:49:27 471726 405764.4308
2019:05:06 14:49:27 766267 292098.6600
2019:05:06 14:49:28 76415 293776.6835
2019:05:06 14:49:28 360388 276983.0599
2019:05:06 14:49:28 661307 266621.4406
2019:05:06 14:49:29 81170 409573.6668
2019:05:06 14:49:29 481362 396142.6690
2019:05:06 14:49:29 901363 419990.7705
2019:05:06 14:49:30 177379 276005.0893
2019:05:06 14:49:30 465362 282987.8442
2019:05:06 14:49:30 719358 253985.8259
2019:05:06 14:49:31 261362 538739.3795
2019:05:06 14:49:31 857362 595989.7079
2019:05:06 14:49:32 249364 391992.4013
2019:05:06 14:49:32 617357 367984.1459
2019:05:06 14:49:32 977361 359989.9821
2019:05:06 14:49:33 328309 350937.6422
2019:05:06 14:49:33 619379 288684.9232
2019:05:06 14:49:34 413386 776018.4668
2019:05:06 14:49:34 581300 161009.6507
2019:05:06 14:49:34 916710 326807.4654
2019:05:06 14:49:35 247373 329045.1057
2019:05:06 14:49:35 624049 374239.0722
2019:05:06 14:49:36 97367 463076.6325
2019:05:06 14:49:36 573647 476268.4926
2019:05:06 14:49:36 847197 266651.9545
2019:05:06 14:49:37 301365 452513.5681
2019:05:06 14:49:37 709364 407988.4589
2019:05:06 14:49:38 101369 391994.6142
2019:05:06 14:49:38 437362 335983.2764
2019:05:06 14:49:38 717379 280008.6103
2019:05:06 14:49:39 325364 597198.8104
2019:05:06 14:49:39 665373 339999.1281
2019:05:06 14:49:40 193383 522667.5868
2019:05:06 14:49:40 600054 397285.5136
2019:05:06 14:49:41 208003 578642.3013
2019:05:06 14:49:41 660569 447212.4986
2019:05:06 14:49:42 5377 341543.7043
2019:05:06 14:49:42 593361 581799.5891
2019:05:06 14:49:43 121364 525276.8882
2019:05:06 14:49:43 717553 596179.5971
2019:05:06 14:49:44 25458 302998.5614
2019:05:06 14:49:44 336011 309733.6330
2019:05:06 14:49:44 673092 330958.5825
2019:05:06 14:49:44 978244 302764.6840
2019:05:06 14:49:45 239862 224732.6039
2019:05:06 14:49:45 467211 222777.2400
2019:05:06 14:49:45 733046 259710.3007
2019:05:06 14:49:46 81168 348112.6912
2019:05:06 14:49:46 397901 300668.3141
2019:05:06 14:49:47 353358 950255.7404
2019:05:06 14:49:47 986371 633001.8528
2019:05:06 14:49:48 432820 439889.6024
2019:05:06 14:49:48 915724 458356.6077
2019:05:06 14:49:49 325325 406741.2205
2019:05:06 14:49:49 706726 377750.7804
2019:05:06 14:49:50 144156 406789.3997
2019:05:06 14:49:50 579364 413993.7051
2019:05:06 14:49:50 973362 376000.8253
2019:05:06 14:49:51 475135 498902.2538
2019:05:06 14:49:51 757183 281651.0163
2019:05:06 14:49:52 101794 340535.9834
2019:05:06 14:49:52 674126 540768.1242
2019:05:06 14:49:53 33379 356556.7061
2019:05:06 14:49:53 465370 422464.4750
2019:05:06 14:49:54 17385 518632.4343
2019:05:06 14:49:54 794304 740394.6444
2019:05:06 14:49:55 269375 444003.2616
2019:05:06 14:49:55 737395 427563.6822
2019:05:06 14:49:56 133127 389517.9667
2019:05:06 14:49:56 471974 332307.2940
2019:05:06 14:49:56 813790 339457.4113
2019:05:06 14:49:57 120926 297293.6109
2019:05:06 14:49:57 935376 811563.9240
2019:05:06 14:49:58 319791 379916.4593
2019:05:06 14:49:58 550062 227833.9863
2019:05:06 14:49:58 787158 231785.3905
2019:05:06 14:49:59 104635 312556.4493
2019:05:06 14:49:59 436898 329001.6651
2019:05:06 14:49:59 775618 333817.6198
2019:05:06 14:50:00 97574 316182.9747
2019:05:06 14:50:00 379063 279317.2486
2019:05:06 14:50:00 648980 267056.0330
2019:05:06 14:50:00 982443 329360.7272
2019:05:06 14:50:01 676697 691799.0595
2019:05:06 14:50:02 61375 365805.4024
2019:05:06 14:50:02 496693 429669.2088
2019:05:06 14:50:03 264714 767139.8409
2019:05:06 14:50:03 903234 638509.0984
2019:05:06 14:50:04 286751 382274.4712
2019:05:06 14:50:04 560748 262950.9382
2019:05:06 14:50:05 39165 473509.1552
2019:05:06 14:50:05 388953 343537.9304
2019:05:06 14:50:05 738424 344556.7749
2019:05:06 14:50:06 13637 273649.5510
2019:05:06 14:50:06 315838 289868.8540
2019:05:06 14:50:06 801371 471467.0442
2019:05:06 14:50:07 59424 249424.3719
2019:05:06 14:50:07 425173 331811.7745
2019:05:06 14:50:07 865902 416549.6118
2019:05:06 14:50:08 213364 343818.8359
2019:05:06 14:50:08 577362 363988.7013
2019:05:06 14:50:09 29366 451994.6873
2019:05:06 14:50:09 393356 363979.3284
2019:05:06 14:50:09 585382 189644.0759
2019:05:06 14:50:10 161397 544036.7386
2019:05:06 14:50:10 573369 384011.0488
2019:05:06 14:50:11 261387 652031.6526
2019:05:06 14:50:11 681620 410328.2019
2019:05:06 14:50:12 325363 624011.2185
2019:05:06 14:50:12 733362 407989.5318
2019:05:06 14:50:13 155777 422403.9428
2019:05:06 14:50:13 409359 251518.0781
2019:05:06 14:50:13 546116 136747.6285
2019:05:06 14:50:14 31872 462512.8023
2019:05:06 14:50:14 557373 504014.3989
2019:05:06 14:50:15 23831 430476.7214
2019:05:06 14:50:15 461370 412010.9789
2019:05:06 14:50:15 941363 469071.3547
2019:05:06 14:50:16 629772 688398.5922
2019:05:06 14:50:17 141554 509295.5492
2019:05:06 14:50:17 529379 372019.1717
2019:05:06 14:50:17 957362 421352.2747
2019:05:06 14:50:18 265418 308046.0951
2019:05:06 14:50:18 721358 453062.7951
2019:05:06 14:50:19 631243 909874.1412
2019:05:06 14:50:20 161357 527535.6285
2019:05:06 14:50:20 578094 412234.3622
2019:05:06 14:50:20 918060 337097.9056
2019:05:06 14:50:21 294454 347061.8427
2019:05:06 14:50:21 853394 540028.0505
2019:05:06 14:50:22 81405 220767.9302
2019:05:06 14:50:22 389391 293616.7568
2019:05:06 14:50:22 753361 358226.1875
2019:05:06 14:50:23 121364 366619.9669
2019:05:06 14:50:23 677382 556000.1396
2019:05:06 14:50:24 39834 362439.1109
2019:05:06 14:50:24 469381 400004.1895
2019:05:06 14:50:24 846632 371880.0396
2019:05:06 14:50:25 160374 312501.3150
2019:05:06 14:50:25 569373 380013.3504
2019:05:06 14:50:26 58201 483753.4353
2019:05:06 14:50:26 422978 359874.9824
2019:05:06 14:50:26 789356 366367.6456
2019:05:06 14:50:27 193029 400585.4875
2019:05:06 14:50:27 809265 599906.5079
2019:05:06 14:50:28 337126 499768.7414
2019:05:06 14:50:28 821380 456020.1801
2019:05:06 14:50:29 168994 341585.7777
2019:05:06 14:50:29 489363 317906.0519
2019:05:06 14:50:29 897313 407939.9519
2019:05:06 14:50:30 277366 377236.5190
2019:05:06 14:50:30 605083 327707.1118
2019:05:06 14:50:31 26106 380748.7153
2019:05:06 14:50:31 379170 343208.2422
2019:05:06 14:50:31 731075 337721.2957
2019:05:06 14:50:32 39121 306434.3184
2019:05:06 14:50:32 369366 323157.9065
2019:05:06 14:50:32 669826 300449.4123
2019:05:06 14:50:32 954037 280106.1086
2019:05:06 14:50:33 360492 405662.9539
2019:05:06 14:50:33 841367 475970.1863
2019:05:06 14:50:34 248077 406696.2823
2019:05:06 14:50:34 718861 466211.8293
2019:05:06 14:50:35 48960 329289.8014
2019:05:06 14:50:35 609778 556710.5114
2019:05:06 14:50:36 165364 550709.5344
2019:05:06 14:50:36 633356 467981.5583
2019:05:06 14:50:36 994123 359629.1468
2019:05:06 14:50:37 525363 528384.0187
2019:05:06 14:50:37 991474 466100.9088
2019:05:06 14:50:38 373186 378056.9844
2019:05:06 14:50:38 817372 428013.0230
2019:05:06 14:50:39 205370 381660.3012
2019:05:06 14:50:39 577364 357279.2672
2019:05:06 14:50:39 854924 277549.7250
2019:05:06 14:50:40 337652 481109.9879
2019:05:06 14:50:40 848792 475431.1405
2019:05:06 14:50:41 361384 492022.4287
2019:05:06 14:50:41 677373 311525.6205
2019:05:06 14:50:42 133392 440250.1471
2019:05:06 14:50:43 35427 878068.8271
2019:05:06 14:50:43 552312 498954.1136
2019:05:06 14:50:43 901361 332005.3108
2019:05:06 14:50:44 486312 584937.0621
2019:05:06 14:50:44 932135 443338.4985
2019:05:06 14:50:45 437667 494289.4876
2019:05:06 14:50:45 854242 407925.6095
2019:05:06 14:50:46 349381 468020.6813
2019:05:06 14:50:46 758452 401860.3824
2019:05:06 14:50:47 184362 424754.5972
2019:05:06 14:50:47 861364 676991.6415
2019:05:06 14:50:48 932276 1070901.4796
2019:05:06 14:50:49 462706 505350.2284
2019:05:06 14:50:50 2519 517159.2571
2019:05:06 14:50:50 402164 371387.1166
2019:05:06 14:50:50 725376 310904.0670
2019:05:06 14:50:51 77391 345093.4589
2019:05:06 14:50:51 593397 480033.4498
2019:05:06 14:50:52 27244 424957.8565
2019:05:06 14:50:52 447069 389710.3183
2019:05:06 14:50:52 789390 336168.2743
2019:05:06 14:50:53 294547 465178.0538
2019:05:06 14:50:53 709393 396024.8865
2019:05:06 14:50:54 141373 425643.3100
2019:05:06 14:50:54 641372 499983.5417
2019:05:06 14:50:55 157374 515984.2372
2019:05:06 14:50:55 646796 489409.0220
2019:05:06 14:50:56 73368 425001.3120
2019:05:06 14:50:56 559956 486573.6142
2019:05:06 14:50:57 248451 671083.2603
2019:05:06 14:50:57 725383 448022.9542
2019:05:06 14:50:58 377816 644025.1209
2019:05:06 14:50:58 837360 458753.9807
2019:05:06 14:50:59 389065 551694.7098
2019:05:06 14:50:59 982136 592666.3689
2019:05:06 14:51:00 293391 305959.5600
2019:05:06 14:51:00 580743 278162.7066
2019:05:06 14:51:01 142147 544745.5980
2019:05:06 14:51:02 89480 941203.7320
2019:05:06 14:51:02 801681 712122.2280
2019:05:06 14:51:03 124923 319551.2928
2019:05:06 14:51:03 549376 408013.3438
2019:05:06 14:51:03 821355 267486.5127
2019:05:06 14:51:04 337363 515286.9783
2019:05:06 14:51:04 693903 356530.1448
2019:05:06 14:51:05 77362 379364.3154
2019:05:06 14:51:05 479142 401768.3715
2019:05:06 14:51:05 810466 326030.0793
2019:05:06 14:51:06 181374 369277.4139
2019:05:06 14:51:06 577802 396416.5337
2019:05:06 14:51:07 641383 1028025.1428
2019:05:06 14:51:08 397375 720012.7244
2019:05:06 14:51:08 885381 481602.9370
2019:05:06 14:51:09 567478 675919.9053
2019:05:06 14:51:10 221367 632005.5798
2019:05:06 14:51:10 725364 495610.9561
2019:05:06 14:51:11 115708 390333.8611
2019:05:06 14:51:11 593570 475009.7282
2019:05:06 14:51:12 73361 478994.0119
2019:05:06 14:51:12 441538 368166.1412
2019:05:06 14:51:13 10173 542698.1039
2019:05:06 14:51:13 504657 493291.2178
2019:05:06 14:51:14 1383 472023.3120
2019:05:06 14:51:14 534388 525958.8547
2019:05:06 14:51:14 941373 406617.8203
2019:05:06 14:51:15 366829 411228.8319
2019:05:06 14:51:15 905435 534099.4969
2019:05:06 14:51:16 219689 313407.7154
2019:05:06 14:51:16 465371 241977.0807
2019:05:06 14:51:16 873366 393942.1587
2019:05:06 14:51:17 489366 615989.6888
2019:05:06 14:51:18 27813 538436.3085
2019:05:06 14:51:18 392544 339182.7233
2019:05:06 14:51:18 871382 473114.0211
2019:05:06 14:51:19 237623 366231.1323
2019:05:06 14:51:19 637380 395651.6385
2019:05:06 14:51:20 61363 416491.0726
2019:05:06 14:51:20 429366 367992.0360
2019:05:06 14:51:20 805354 375978.1122
2019:05:06 14:51:21 269360 461464.1033
2019:05:06 14:51:21 781362 511993.4715
2019:05:06 14:51:22 557365 775992.9299
2019:05:06 14:51:23 109364 551990.6282
2019:05:06 14:51:23 513358 403983.8389
2019:05:06 14:51:23 957365 443499.1963
2019:05:06 14:51:24 609377 652002.0291
2019:05:06 14:51:25 76424 458757.6017
2019:05:06 14:51:25 772309 694641.9105
2019:05:06 14:51:26 142167 348799.1802
2019:05:06 14:51:26 437444 268086.8618
2019:05:06 14:51:26 809382 366397.7906
2019:05:06 14:51:27 193384 379701.3499
2019:05:06 14:51:27 473389 265709.6088
2019:05:06 14:51:27 801616 319933.7088
2019:05:06 14:51:28 397371 594617.6350
2019:05:06 14:51:28 846308 448923.6176
2019:05:06 14:51:29 171525 319900.5276
2019:05:06 14:51:29 511490 335064.5900
2019:05:06 14:51:29 925372 380010.7948
2019:05:06 14:51:30 188381 256268.8738
2019:05:06 14:51:30 509367 314806.9568
2019:05:06 14:51:31 337378 796020.5302
2019:05:06 14:51:31 837381 464021.9398
2019:05:06 14:51:32 319366 458013.3483
2019:05:06 14:51:32 845363 508010.8084
2019:05:06 14:51:33 233583 388210.1811
2019:05:06 14:51:33 665392 394578.6804
2019:05:06 14:51:33 996196 321091.3390
2019:05:06 14:51:34 441808 412447.3296
2019:05:06 14:51:34 689363 243056.9641
2019:05:06 14:51:35 28661 339288.0335
2019:05:06 14:51:35 513376 464010.4584
2019:05:06 14:51:35 819578 298610.5308
2019:05:06 14:51:36 121443 295686.8522
2019:05:06 14:51:36 360521 238275.8893
2019:05:06 14:51:36 612839 246174.5553
2019:05:06 14:51:37 56398 423038.7248
2019:05:06 14:51:37 462020 399479.1582
2019:05:06 14:51:37 732348 266250.7631
2019:05:06 14:51:38 37382 301342.9269
2019:05:06 14:51:38 321377 275855.2618
2019:05:06 14:51:38 613362 280302.6177
2019:05:06 14:51:39 41370 427998.5167
2019:05:06 14:51:39 437845 396465.5697
2019:05:06 14:51:39 877363 435788.0168
2019:05:06 14:51:40 273365 395991.5787
2019:05:06 14:51:40 597376 324000.2170
2019:05:06 14:51:40 813369 202316.6865
2019:05:06 14:51:41 301378 452012.7960
2019:05:06 14:51:41 733381 423613.7904
2019:05:06 14:51:42 146684 405452.0354
2019:05:06 14:51:42 791762 644253.7978
2019:05:06 14:51:43 186615 394092.2059
2019:05:06 14:51:43 410184 221040.7406
2019:05:06 14:51:43 702611 282156.4749
2019:05:06 14:51:44 509209 798817.8506
2019:05:06 14:51:44 833978 324400.1195
2019:05:06 14:51:45 197505 358607.0873
2019:05:06 14:51:45 665366 455792.9896
2019:05:06 14:51:46 52108 386730.4437
2019:05:06 14:51:46 325307 266635.2652
2019:05:06 14:51:46 576822 239649.3107
2019:05:06 14:51:46 721870 143333.1370
2019:05:06 14:51:46 965422 240358.4942
2019:05:06 14:51:47 453379 456018.7198
2019:05:06 14:51:47 772016 312142.0331
2019:05:06 14:51:47 995635 184706.1105
2019:05:06 14:51:48 286137 268777.5306
2019:05:06 14:51:48 529389 235848.5572
2019:05:06 14:51:48 757368 223807.0406
2019:05:06 14:51:49 25395 262072.2204
2019:05:06 14:51:49 361387 330529.3024
2019:05:06 14:51:49 560540 193727.8882
2019:05:06 14:51:49 873363 296009.8907
2019:05:06 14:51:50 464941 591567.1587
2019:05:06 14:51:51 129371 661160.8975
2019:05:06 14:51:51 481934 347751.8670
2019:05:06 14:51:51 941357 459019.0388
2019:05:06 14:51:52 205359 260005.5896
2019:05:06 14:51:52 479532 274072.6322
2019:05:06 14:51:52 929381 432020.7946
2019:05:06 14:51:53 184781 247759.4540
2019:05:06 14:51:53 521391 321440.8830
2019:05:06 14:51:53 957387 400024.8052
2019:05:06 14:51:54 267741 298564.6129
2019:05:06 14:51:54 957370 672009.8555
2019:05:06 14:51:55 369363 402957.2830
2019:05:06 14:51:55 661372 291999.9920
2019:05:06 14:51:55 936633 268488.5375
2019:05:06 14:51:56 285381 320015.9706
2019:05:06 14:51:56 598519 308418.6912
2019:05:06 14:51:56 853381 253243.2675
2019:05:06 14:51:57 309391 420018.0508
2019:05:06 14:51:57 607734 291144.6579
2019:05:06 14:51:58 321380 688009.5936
2019:05:06 14:51:58 911396 584419.7571
2019:05:06 14:51:59 388356 476945.8659
2019:05:06 14:51:59 685383 293733.0008
2019:05:06 14:52:00 33370 347973.4771
2019:05:06 14:52:00 301408 268023.7442
2019:05:06 14:52:00 737390 395673.8040
2019:05:06 14:52:01 141183 395244.7809
2019:05:06 14:52:01 690438 521085.4076
2019:05:06 14:52:02 30820 333831.1911
2019:05:06 14:52:02 465379 429662.1010
2019:05:06 14:52:02 811869 340770.8332
2019:05:06 14:52:03 109388 293416.8950
2019:05:06 14:52:03 413384 290611.0473
2019:05:06 14:52:03 763779 343246.8921
2019:05:06 14:52:04 173377 402653.3961
2019:05:06 14:52:04 669360 490292.8844
2019:05:06 14:52:04 948691 279321.0037
2019:05:06 14:52:05 586008 620646.1526
2019:05:06 14:52:05 916948 319874.8901
2019:05:06 14:52:06 445356 524729.6244
2019:05:06 14:52:06 877454 429547.3434
2019:05:06 14:52:07 79899 202435.3817
2019:05:06 14:52:07 445377 360983.5990
2019:05:06 14:52:07 669355 218375.8989
2019:05:06 14:52:07 985363 313629.6533
2019:05:06 14:52:08 622762 637389.6338
2019:05:06 14:52:09 73363 445681.4900
2019:05:06 14:52:09 729393 656020.6078
2019:05:06 14:52:10 141815 407554.1720
2019:05:06 14:52:10 548938 375578.0198
2019:05:06 14:52:11 89374 516013.7005
2019:05:06 14:52:11 457383 332020.8676
2019:05:06 14:52:12 86465 621554.5461
2019:05:06 14:52:12 365401 274468.3586
2019:05:06 14:52:12 729370 354837.9876
2019:05:06 14:52:12 998305 260885.8496
2019:05:06 14:52:13 457371 428015.8319
2019:05:06 14:52:13 756073 292463.2467
2019:05:06 14:52:14 485377 712016.9736
2019:05:06 14:52:14 885372 395695.6640
2019:05:06 14:52:15 276996 385535.5531
2019:05:06 14:52:15 741380 432018.1124
2019:05:06 14:52:16 77378 331005.5397
2019:05:06 14:52:16 365386 279857.8106
2019:05:06 14:52:16 673397 301170.9787
2019:05:06 14:52:17 336919 653407.2906
2019:05:06 14:52:17 833383 476023.0184
2019:05:06 14:52:18 161376 290369.9540
2019:05:06 14:52:18 453369 284988.8280
2019:05:06 14:52:18 753372 293619.9903
2019:05:06 14:52:19 81365 318928.7484
2019:05:06 14:52:19 417383 336007.4311
2019:05:06 14:52:19 729381 307109.5496
2019:05:06 14:52:20 20000 284768.6335
2019:05:06 14:52:20 325373 302922.7443
2019:05:06 14:52:20 677387 346126.4782
2019:05:06 14:52:20 881356 197012.4617
2019:05:06 14:52:21 226632 343206.6627
2019:05:06 14:52:21 841365 611455.9397
2019:05:06 14:52:22 205363 363987.7811
2019:05:06 14:52:22 541384 336011.3315
2019:05:06 14:52:22 877375 329827.5247
2019:05:06 14:52:23 172952 287449.0730
2019:05:06 14:52:23 525390 336030.7030
2019:05:06 14:52:23 845389 274715.5167
2019:05:06 14:52:24 193391 312036.3019
2019:05:06 14:52:24 629364 421157.6283
2019:05:06 14:52:24 965428 336054.0532
2019:05:06 14:52:25 237363 260092.1392
2019:05:06 14:52:25 537363 299985.4311
2019:05:06 14:52:25 833390 296016.2312
2019:05:06 14:52:26 205392 365941.2116
2019:05:06 14:52:26 600675 363319.9930
2019:05:06 14:52:26 957402 336039.3718
2019:05:06 14:52:27 321635 358876.4593
2019:05:06 14:52:27 600142 271917.8088
2019:05:06 14:52:27 855695 237936.8730
2019:05:06 14:52:28 115413 257652.3088
2019:05:06 14:52:28 409391 288224.5071
2019:05:06 14:52:28 713383 297583.0361
2019:05:06 14:52:29 309385 588027.6710
2019:05:06 14:52:29 903680 582697.2537
2019:05:06 14:52:30 123600 212369.8965
2019:05:06 14:52:30 428835 304384.3247
2019:05:06 14:52:30 759787 323546.4506
2019:05:06 14:52:31 193402 427881.8853
2019:05:06 14:52:31 566610 361967.4928
2019:05:06 14:52:31 911103 336267.7321
2019:05:06 14:52:32 270369 358039.0401
2019:05:06 14:52:32 533228 246344.6744
2019:05:06 14:52:32 968524 421446.9865
2019:05:06 14:52:33 285533 301850.6393
2019:05:06 14:52:33 625509 339468.9709
2019:05:06 14:52:33 921204 279271.8150
2019:05:06 14:52:34 205452 275247.2274
2019:05:06 14:52:34 593368 382358.7596
2019:05:06 14:52:35 249083 655705.3849
2019:05:06 14:52:35 597381 344214.1525
2019:05:06 14:52:35 860963 250790.4284
2019:05:06 14:52:36 257369 372006.5914
2019:05:06 14:52:36 601369 334070.2094
2019:05:06 14:52:37 50804 440675.9068
2019:05:06 14:52:37 551867 480973.1022
2019:05:06 14:52:38 145370 576009.8398
2019:05:06 14:52:38 405435 253685.2770
2019:05:06 14:52:38 725384 309819.0278
2019:05:06 14:52:39 77397 316038.8470
2019:05:06 14:52:39 481374 394089.5759
2019:05:06 14:52:39 729372 241971.0569
2019:05:06 14:52:40 45392 308959.2755
2019:05:06 14:52:40 345384 284534.3165
2019:05:06 14:52:40 807932 456316.3370
2019:05:06 14:52:41 136938 323680.0358
2019:05:06 14:52:41 511704 359643.4556
2019:05:06 14:52:41 857823 343269.2923
2019:05:06 14:52:42 14705 139240.7492
2019:05:06 14:52:42 336973 321059.3984
2019:05:06 14:52:42 653356 316369.8018
2019:05:06 14:52:42 996381 339148.1638
2019:05:06 14:52:43 645386 632025.7485
2019:05:06 14:52:44 214012 536652.5799
2019:05:06 14:52:44 645373 412013.2811
2019:05:06 14:52:45 58223 376861.7734
2019:05:06 14:52:45 409381 311012.2159
2019:05:06 14:52:45 717637 302678.0374
2019:05:06 14:52:46 193710 456356.6037
2019:05:06 14:52:46 625379 427596.6473
2019:05:06 14:52:46 909377 277707.7258
2019:05:06 14:52:47 298898 353538.2524
2019:05:06 14:52:47 757372 452314.2241
2019:05:06 14:52:48 13362 255980.3575
2019:05:06 14:52:48 353365 339992.6014
2019:05:06 14:52:48 661356 307981.1670
2019:05:06 14:52:49 71719 407154.4707
2019:05:06 14:52:49 366762 294237.0437
2019:05:06 14:52:49 665363 292906.5228
2019:05:06 14:52:49 941390 276016.8910
2019:05:06 14:52:50 328076 381512.2247
2019:05:06 14:52:50 593365 261205.3752
2019:05:06 14:52:51 1381 408005.9789
2019:05:06 14:52:51 320775 283406.2278
2019:05:06 14:52:51 653377 323613.6176
2019:05:06 14:52:51 949413 284213.7180
2019:05:06 14:52:52 410670 454853.4937
2019:05:06 14:52:52 937362 524241.7641
2019:05:06 14:52:53 218279 280907.2807
2019:05:06 14:52:53 597363 371647.5666
2019:05:06 14:52:54 147658 550284.4416
2019:05:06 14:52:54 453387 304144.6097
2019:05:06 14:52:54 765383 303334.1803
2019:05:06 14:52:55 140390 333909.1539
2019:05:06 14:52:55 594198 446049.4071
2019:05:06 14:52:56 45365 447485.4544
2019:05:06 14:52:56 455940 410565.8196
2019:05:06 14:52:56 933377 456014.6220
2019:05:06 14:52:57 440816 471453.8269
2019:05:06 14:52:57 783226 334592.5324
2019:05:06 14:52:58 680858 875498.5966
2019:05:06 14:52:59 245365 560034.2453
2019:05:06 14:52:59 593365 347989.1159
2019:05:06 14:52:59 884440 291063.8377
2019:05:06 14:53:00 377377 456017.7922
2019:05:06 14:53:00 957376 569966.5211
2019:05:06 14:53:01 497372 539983.0416
2019:05:06 14:53:01 869398 372010.7712
2019:05:06 14:53:02 631651 726280.5663
2019:05:06 14:53:02 981391 338684.4732
2019:05:06 14:53:03 517392 508017.1563
2019:05:06 14:53:03 861364 316001.7058
2019:05:06 14:53:04 238282 376899.9688
2019:05:06 14:53:04 643784 404717.5273
2019:05:06 14:53:05 9366 361041.1957
2019:05:06 14:53:05 465357 455980.6399
2019:05:06 14:53:05 895489 425997.8235
2019:05:06 14:53:06 226405 329314.6901
2019:05:06 14:53:06 681370 428011.5217
2019:05:06 14:53:07 73816 385415.1368
2019:05:06 14:53:07 389562 314910.6987
2019:05:06 14:53:07 733244 337903.6076
2019:05:06 14:53:08 117377 380908.2806
2019:05:06 14:53:08 570593 448296.7593
2019:05:06 14:53:08 809384 236753.8586
2019:05:06 14:53:09 157456 336096.2905
2019:05:06 14:53:09 504794 343243.2525
2019:05:06 14:53:10 25371 500011.9545
2019:05:06 14:53:10 350990 318272.0505
2019:05:06 14:53:10 813105 439744.5954
2019:05:06 14:53:11 245383 416012.3914
2019:05:06 14:53:11 598270 337069.7610
2019:05:06 14:53:12 36685 434356.7267
2019:05:06 14:53:12 579403 526028.7933
2019:05:06 14:53:12 963186 378472.8535
2019:05:06 14:53:13 350641 385013.7852
2019:05:06 14:53:13 753359 397401.1913
2019:05:06 14:53:14 22936 269559.4318
2019:05:06 14:53:14 434540 373182.0732
2019:05:06 14:53:14 957584 496220.7191
2019:05:06 14:53:15 293371 293569.8777
2019:05:06 14:53:15 700582 401822.5819
2019:05:06 14:53:16 184267 481242.5971
2019:05:06 14:53:16 693356 507035.1921
2019:05:06 14:53:17 213366 517159.6222
2019:05:06 14:53:17 941021 727643.7655
2019:05:06 14:53:18 410909 453116.6293
2019:05:06 14:53:18 833445 421815.7977
2019:05:06 14:53:19 230026 392072.1225
2019:05:06 14:53:19 503217 273181.0883
2019:05:06 14:53:19 748902 243630.2789
2019:05:06 14:53:20 512610 743286.7028
2019:05:06 14:53:21 96803 580570.9697
2019:05:06 14:53:21 878958 780558.3179
2019:05:06 14:53:22 301363 421147.2832
2019:05:06 14:53:23 17357 715983.7671
2019:05:06 14:53:23 506743 488217.3911
2019:05:06 14:53:23 977367 467350.7512
2019:05:06 14:53:24 395470 418093.9682
2019:05:06 14:53:24 905389 492029.3801
2019:05:06 14:53:25 405370 489247.4227
2019:05:06 14:53:25 835579 414464.1832
2019:05:06 14:53:26 201357 365768.4587
2019:05:06 14:53:26 709364 507435.1132
2019:05:06 14:53:27 61369 351993.8141
2019:05:06 14:53:27 325019 263636.4140
2019:05:06 14:53:27 709380 368020.4637
2019:05:06 14:53:28 73358 352531.7386
2019:05:06 14:53:28 469380 395414.8144
2019:05:06 14:53:29 67624 585445.0613
2019:05:06 14:53:29 597381 520005.6359
2019:05:06 14:53:30 485363 880787.8494
2019:05:06 14:53:30 865363 375711.7540
2019:05:06 14:53:31 337366 471992.0047
2019:05:06 14:53:31 801374 463998.0607
2019:05:06 14:53:32 513372 676012.4303
2019:05:06 14:53:32 847294 328104.7419
2019:05:06 14:53:33 347824 474464.7741
2019:05:06 14:53:33 761382 408246.9717
2019:05:06 14:53:34 177384 408920.6718
2019:05:06 14:53:34 993396 784028.8468
2019:05:06 14:53:35 569057 535699.0099
2019:05:06 14:53:36 61382 472012.0877
2019:05:06 14:53:36 738857 672564.7673
2019:05:06 14:53:37 111541 362886.5629
2019:05:06 14:53:37 591313 461953.1818
2019:05:06 14:53:38 258189 656249.6945
2019:05:06 14:53:38 965362 706337.0496
2019:05:06 14:53:39 341370 375998.0537
2019:05:06 14:53:39 697382 346777.2752
2019:05:06 14:53:40 234508 501149.1440
2019:05:06 14:53:40 557367 317543.8754
2019:05:06 14:53:40 960317 397308.3571
2019:05:06 14:53:41 215483 246592.1603
2019:05:06 14:53:41 614813 373454.6006
2019:05:06 14:53:42 57380 408018.6971
2019:05:06 14:53:42 368052 302294.9770
2019:05:06 14:53:42 793376 393376.9017
2019:05:06 14:53:43 109367 301003.4338
2019:05:06 14:53:43 428175 318797.3350
2019:05:06 14:53:43 817374 368011.5826
2019:05:06 14:53:44 175256 346478.3393
2019:05:06 14:53:44 637380 436019.7075
2019:05:06 14:53:44 986642 343203.8315
2019:05:06 14:53:45 313399 325535.3235
2019:05:06 14:53:45 773882 460396.3867
2019:05:06 14:53:46 85986 307988.6623
2019:05:06 14:53:46 409381 318394.6498
2019:05:06 14:53:46 692281 274134.2001
2019:05:06 14:53:47 81616 364257.3692
2019:05:06 14:53:47 363587 271142.2779
2019:05:06 14:53:47 700809 333935.6519
2019:05:06 14:53:48 16274 311777.8525
2019:05:06 14:53:48 264779 237425.2453
2019:05:06 14:53:48 520730 251479.6369
2019:05:06 14:53:48 721015 188367.6909
2019:05:06 14:53:49 151467 427185.0474
2019:05:06 14:53:49 541366 388658.3485
2019:05:06 14:53:50 89366 547990.7207
2019:05:06 14:53:50 638818 549440.9725
2019:05:06 14:53:51 9373 367295.5744
2019:05:06 14:53:51 414991 369628.0383
2019:05:06 14:53:51 653393 229828.0820
2019:05:06 14:53:51 973377 310587.6818
2019:05:06 14:53:52 368116 358755.5028
2019:05:06 14:53:52 865294 489858.5379
2019:05:06 14:53:53 413382 524022.8511
2019:05:06 14:53:53 641382 215335.9056
2019:05:06 14:53:54 117373 440008.3162
2019:05:06 14:53:54 457538 304175.8463
2019:05:06 14:53:54 992463 507100.5188
2019:05:06 14:53:55 413371 396011.5314
2019:05:06 14:53:55 719040 298594.4003
2019:05:06 14:53:56 105281 380102.5562
2019:05:06 14:53:56 493363 382747.9742
2019:05:06 14:53:56 921377 428002.8641
2019:05:06 14:53:57 421380 488026.9989
2019:05:06 14:53:58 467126 1009763.9002
2019:05:06 14:53:59 193369 700005.4754
2019:05:06 14:53:59 673549 471211.0050
2019:05:06 14:53:59 953382 279013.3618
2019:05:06 14:54:00 865446 897023.8343
2019:05:06 14:54:01 281364 411566.6002
2019:05:06 14:54:01 625548 344174.7278
2019:05:06 14:54:01 937373 308228.2171
2019:05:06 14:54:02 449365 511981.0030
2019:05:06 14:54:02 823192 373813.5993
2019:05:06 14:54:03 121367 295336.8016
2019:05:06 14:54:03 451195 329816.9263
2019:05:06 14:54:03 874804 397442.6202
2019:05:06 14:54:04 321385 412023.2686
2019:05:06 14:54:04 654653 327664.5876
2019:05:06 14:54:05 19700 357233.9192
2019:05:06 14:54:05 293408 271684.1288
2019:05:06 14:54:05 723855 418525.7517
2019:05:06 14:54:06 149374 407436.4528
2019:05:06 14:54:06 551575 402184.0394
2019:05:06 14:54:06 965372 405984.2266
2019:05:06 14:54:07 985369 1019983.6902
2019:05:06 14:54:08 342275 356892.2095
2019:05:06 14:54:09 194031 812869.9958
2019:05:06 14:54:09 497364 296357.0468
2019:05:06 14:54:09 889197 391823.1539
2019:05:06 14:54:10 132036 242082.8491
2019:05:06 14:54:10 529364 392006.5425
2019:05:06 14:54:11 9356 479978.7104
2019:05:06 14:54:11 408999 395340.2415
2019:05:06 14:54:11 781356 368765.8124
2019:05:06 14:54:12 73396 292025.6816
2019:05:06 14:54:12 413377 302419.2043
2019:05:06 14:54:12 761383 308027.2973
2019:05:06 14:54:13 297365 526603.3821
2019:05:06 14:54:13 737365 439991.1873
2019:05:06 14:54:14 33391 296015.9667
2019:05:06 14:54:14 445373 405408.8034
2019:05:06 14:54:14 781369 331430.8785
2019:05:06 14:54:15 181412 364048.6486
2019:05:06 14:54:15 649361 461358.5770
2019:05:06 14:54:16 82142 432771.5859
2019:05:06 14:54:16 413901 331337.2135
2019:05:06 14:54:16 709388 290594.7492
2019:05:06 14:54:17 113380 394718.2968
2019:05:06 14:54:17 565363 436304.1781
2019:05:06 14:54:17 821374 256000.8168
2019:05:06 14:54:18 129578 303070.0162
2019:05:06 14:54:18 701379 544018.3394
2019:05:06 14:54:19 33362 326691.2475
2019:05:06 14:54:19 368567 335195.1502
2019:05:06 14:54:19 901362 529511.1053
2019:05:06 14:54:20 645364 743993.0588
2019:05:06 14:54:21 73369 427994.6461
2019:05:06 14:54:21 729765 620405.3126
2019:05:06 14:54:22 64003 328045.3756
2019:05:06 14:54:22 589306 507952.9770
2019:05:06 14:54:22 993364 399140.1196
2019:05:06 14:54:23 769363 775988.9327
2019:05:06 14:54:24 54135 284762.7662
2019:05:06 14:54:24 337539 278920.6021
2019:05:06 14:54:24 636979 299029.7563
2019:05:06 14:54:24 973381 320022.0019
2019:05:06 14:54:25 276319 288327.1202
2019:05:06 14:54:25 621388 328030.7278
2019:05:06 14:54:25 998978 341613.5907
2019:05:06 14:54:26 469601 444240.3205
2019:05:06 14:54:26 766145 288356.1477
2019:05:06 14:54:27 204391 428417.2580
2019:05:06 14:54:27 636084 406730.3799
2019:05:06 14:54:28 38747 385383.7922
2019:05:06 14:54:28 735457 686477.6239
2019:05:06 14:54:29 185374 420020.5654
2019:05:06 14:54:31 215040 1993681.6804
2019:05:06 14:54:31 695865 469755.4484
2019:05:06 14:54:32 129365 408001.9034
2019:05:06 14:54:32 573379 432278.9907
2019:05:06 14:54:33 157379 552021.9989
2019:05:06 14:54:33 680536 487175.4982
2019:05:06 14:54:34 93091 391729.8466
2019:05:06 14:54:34 746771 633410.6997
2019:05:06 14:54:35 278000 521764.0512
2019:05:06 14:54:35 705356 426131.0734
2019:05:06 14:54:36 109370 401327.8484
2019:05:06 14:54:36 653364 536516.5845
2019:05:06 14:54:37 313371 659996.6288
2019:05:06 14:54:37 973781 657060.2767
2019:05:06 14:54:38 393213 410026.3640
2019:05:06 14:54:38 849373 452111.9371
2019:05:06 14:54:39 518566 669177.6998
2019:05:06 14:54:40 53372 533653.8740
2019:05:06 14:54:40 613389 559993.6359
2019:05:06 14:54:41 265364 645610.6603
2019:05:06 14:54:42 145362 879988.6107
2019:05:06 14:54:42 645379 500004.4964
2019:05:06 14:54:43 45065 393947.0053
2019:05:06 14:54:44 221375 1136012.9565
2019:05:06 14:54:44 729981 492919.2178
2019:05:06 14:54:45 614374 865013.9160
2019:05:06 14:54:46 181387 544027.8091
2019:05:06 14:54:46 549370 359168.5966
2019:05:06 14:54:46 993371 412006.5942
2019:05:06 14:54:47 329387 330848.7386
2019:05:06 14:54:47 645361 309760.7121
2019:05:06 14:54:48 5357 359982.5054
2019:05:06 14:54:48 277363 268825.9780
2019:05:06 14:54:48 721451 444077.5961
2019:05:06 14:54:49 157362 435902.2938
2019:05:06 14:54:49 524394 367021.4564
2019:05:06 14:54:49 877700 350621.3687
2019:05:06 14:54:50 353638 474725.0453
2019:05:06 14:54:50 749371 376006.6628
2019:05:06 14:54:51 135114 381725.8850
2019:05:06 14:54:51 504144 364116.7283
2019:05:06 14:54:52 21361 517207.1271
2019:05:06 14:54:52 511407 490036.2976
2019:05:06 14:54:53 10291 480931.9302
2019:05:06 14:54:54 145378 1125238.0274
2019:05:06 14:54:54 653356 502159.1708
2019:05:06 14:54:55 19388 362515.8183
2019:05:06 14:54:55 381388 357074.7636
2019:05:06 14:54:56 29356 640110.7050
2019:05:06 14:54:56 417366 387149.1365
2019:05:06 14:54:56 813364 395987.4250
2019:05:06 14:54:57 129364 311914.6451
2019:05:06 14:54:57 725368 595993.5412
2019:05:06 14:54:58 166950 429446.6451
2019:05:06 14:54:58 638921 468696.6687
2019:05:06 14:54:59 172409 528612.8707
2019:05:06 14:54:59 793362 616858.4153
2019:05:06 14:55:00 413363 619990.0992
2019:05:06 14:55:00 929366 515992.3770
2019:05:06 14:55:01 453358 523982.8750
2019:05:06 14:55:02 57364 600748.4943
2019:05:06 14:55:02 608001 550627.6302
2019:05:06 14:55:03 50769 425408.1845
2019:05:06 14:55:03 549365 487975.4074
2019:05:06 14:55:03 873362 323987.6032
2019:05:06 14:55:04 189362 315990.2804
2019:05:06 14:55:04 621363 431989.9939
2019:05:06 14:55:05 29369 407994.2666
2019:05:06 14:55:05 333361 303982.5037
2019:05:06 14:55:05 721361 387990.1767
2019:05:06 14:55:06 217408 494779.0019
2019:05:06 14:55:06 957363 739552.8629
2019:05:06 14:55:07 249373 291997.9133
2019:05:06 14:55:07 622770 368098.5086
2019:05:06 14:55:08 44896 422115.9928
2019:05:06 14:55:08 493387 424030.0953
2019:05:06 14:55:08 839477 339738.9576
2019:05:06 14:55:09 297372 447417.2294
2019:05:06 14:55:09 677366 379981.4507
2019:05:06 14:55:09 969892 292509.8054
2019:05:06 14:55:10 565757 564388.1522
2019:05:06 14:55:11 109376 538278.9224
2019:05:06 14:55:11 357459 248068.4295
2019:05:06 14:55:11 616877 255325.5707
2019:05:06 14:55:11 898416 275056.3845
2019:05:06 14:55:12 390141 491710.0631
2019:05:06 14:55:12 751022 356020.2867
2019:05:06 14:55:12 976225 225187.7077
2019:05:06 14:55:13 317713 330846.0750
2019:05:06 14:55:13 753400 404041.2270
2019:05:06 14:55:14 297251 511889.1224
2019:05:06 14:55:14 787575 462216.4518
2019:05:06 14:55:15 165625 371080.8232
2019:05:06 14:55:15 580582 407992.5604
2019:05:06 14:55:16 44368 460973.9110
2019:05:06 14:55:16 566841 515125.3641
2019:05:06 14:55:16 981371 410061.4078
2019:05:06 14:55:17 515353 533973.0643
2019:05:06 14:55:17 799290 278201.0362
2019:05:06 14:55:18 74643 273361.9586
2019:05:06 14:55:18 498357 396995.6040
2019:05:06 14:55:18 853379 345980.2121
2019:05:06 14:55:19 758507 899684.6303
2019:05:06 14:55:20 213744 452790.0852
2019:05:06 14:55:20 937367 711712.6919
2019:05:06 14:55:21 349453 412075.8101
2019:05:06 14:55:21 765363 408137.2619
2019:05:06 14:55:22 209373 443999.7487
2019:05:06 14:55:22 674041 458253.6556
2019:05:06 14:55:22 925365 245994.9963
2019:05:06 14:55:23 255392 330014.9404
2019:05:06 14:55:23 511664 252682.1829
2019:05:06 14:55:23 922418 374812.9494
2019:05:06 14:55:24 193371 261139.3519
2019:05:06 14:55:24 544564 343630.9658
2019:05:06 14:55:24 953374 405134.4469
2019:05:06 14:55:25 369488 384127.9894
2019:05:06 14:55:26 65377 660013.4671
2019:05:06 14:55:26 811745 731896.9145
2019:05:06 14:55:27 413364 599624.6040
2019:05:06 14:55:28 1365 587991.0104
2019:05:06 14:55:28 318552 317176.5581
2019:05:06 14:55:28 702004 380575.6830
2019:05:06 14:55:29 1531 296334.7510
2019:05:06 14:55:29 381238 361695.4684
2019:05:06 14:55:29 923894 538609.8847
2019:05:06 14:55:30 277356 351075.8542
2019:05:06 14:55:30 781366 499657.4111
2019:05:06 14:55:31 205243 423867.4231
2019:05:06 14:55:31 485389 277285.9931
2019:05:06 14:55:32 121363 630229.6668
2019:05:06 14:55:32 637366 515991.7250
2019:05:06 14:55:33 61363 423987.1539
2019:05:06 14:55:33 469939 408564.8842
2019:05:06 14:55:33 965370 476010.0357
2019:05:06 14:55:34 357364 386688.9924
2019:05:06 14:55:34 669387 312012.7805
2019:05:06 14:55:35 13358 339301.3850
2019:05:06 14:55:35 821363 806944.5677
2019:05:06 14:55:36 213374 392000.4778
2019:05:06 14:55:36 637402 392030.1348
2019:05:06 14:55:37 145364 496244.6205
2019:05:06 14:55:37 745365 599990.3381
2019:05:06 14:55:38 261280 515905.8236
2019:05:06 14:55:38 872509 591148.4398
2019:05:06 14:55:39 329602 448492.9629
2019:05:06 14:55:39 737367 403685.7598
2019:05:06 14:55:40 29411 292033.5010
2019:05:06 14:55:40 623288 573918.3947
2019:05:06 14:55:41 475290 821933.7687
2019:05:06 14:55:41 966369 489049.6656
2019:05:06 14:55:42 457373 484064.5008
2019:05:06 14:55:42 961362 503979.6606
2019:05:06 14:55:43 554591 593219.8092
2019:05:06 14:55:43 853378 297973.3758
2019:05:06 14:55:44 237131 338734.4517
2019:05:06 14:55:44 581356 341376.3866
2019:05:06 14:55:45 269367 688000.7163
2019:05:06 14:55:45 661362 391983.5500
2019:05:06 14:55:46 225362 563991.3157
2019:05:06 14:55:46 523592 298219.4684
2019:05:06 14:55:46 876623 348547.9653
2019:05:06 14:55:47 213806 334715.4930
2019:05:06 14:55:48 2923 337566.6626
2019:05:06 14:55:48 330911 314442.1093
2019:05:06 14:55:48 591800 256428.2976
2019:05:06 14:55:48 816263 224331.4572
2019:05:06 14:55:49 146574 324591.8453
2019:05:06 14:55:49 442982 285692.7626
2019:05:06 14:55:49 806309 361717.2278
2019:05:06 14:55:50 452861 639683.8911
2019:05:06 14:55:51 191456 734951.1497
2019:05:06 14:55:51 570220 368857.9500
2019:05:06 14:55:51 984752 413294.0583
2019:05:06 14:55:52 423426 431740.6341
2019:05:06 14:55:52 735167 306420.9595
2019:05:06 14:55:53 71497 335503.9917
2019:05:06 14:55:53 424220 348352.3540
2019:05:06 14:55:53 695399 265841.6368
2019:05:06 14:55:54 93734 392645.9551
2019:05:06 14:55:54 272314 174091.5738
2019:05:06 14:55:54 502503 219919.1451
2019:05:06 14:55:54 758953 252759.1921
2019:05:06 14:55:55 146291 376813.8252
2019:05:06 14:55:55 389185 241251.9939
2019:05:06 14:55:55 648976 254004.1879
2019:05:06 14:55:55 894082 241126.7422
2019:05:06 14:55:56 396943 496307.2985
2019:05:06 14:55:56 765386 361483.2647
2019:05:06 14:55:57 457372 659959.1635
2019:05:06 14:55:57 893363 431654.7886
2019:05:06 14:55:58 253438 360064.8157
2019:05:06 14:55:58 698882 445043.1354
2019:05:06 14:55:59 533377 804017.2905
2019:05:06 14:55:59 956590 387222.8414
2019:05:06 14:56:00 461372 480010.2040
2019:05:06 14:56:00 868066 398537.3788
2019:05:06 14:56:01 720276 826916.2215
2019:05:06 14:56:02 313370 576013.1031
2019:05:06 14:56:02 877007 531646.9297
2019:05:06 14:56:03 356486 459126.5880
2019:05:06 14:56:03 732889 355529.1146
2019:05:06 14:56:04 376965 637136.5748
2019:05:06 14:56:04 667376 286741.8863
2019:05:06 14:56:05 9361 338730.9834
2019:05:06 14:56:05 321363 311991.7251
2019:05:06 14:56:05 689430 368054.1851
2019:05:06 14:56:06 149365 459606.6214
2019:05:06 14:56:06 403040 253665.6633
2019:05:06 14:56:07 25381 600022.5507
2019:05:06 14:56:07 417525 387032.2742
2019:05:06 14:56:08 111385 693841.4052
2019:05:06 14:56:08 705362 564007.6175
2019:05:06 14:56:09 485358 779986.6945
2019:05:06 14:56:09 875637 389501.3332
2019:05:06 14:56:10 302429 425557.5351
2019:05:06 14:56:10 778050 456691.5520
2019:05:06 14:56:11 511703 500930.3875
2019:05:06 14:56:12 77358 563222.8404
2019:05:06 14:56:12 513364 435995.5974
2019:05:06 14:56:12 917371 403997.5777
2019:05:06 14:56:13 301378 383997.6564
2019:05:06 14:56:13 773377 471985.8505
2019:05:06 14:56:14 253365 475219.0523
2019:05:06 14:56:15 133367 879992.1870
2019:05:06 14:56:15 693362 559981.9571
2019:05:06 14:56:16 25376 332005.0836
2019:05:06 14:56:16 509373 448011.0928
2019:05:06 14:56:16 865376 351075.0160
2019:05:06 14:56:17 345396 444034.2933
2019:05:06 14:56:17 757730 348361.5965
2019:05:06 14:56:18 217384 432022.1692
2019:05:06 14:56:18 562145 337914.0347
2019:05:06 14:56:18 997361 432354.9829
2019:05:06 14:56:19 375800 378426.2426
2019:05:06 14:56:19 929366 551519.5094
2019:05:06 14:56:20 697359 767983.1870
2019:05:06 14:56:21 425370 727999.5941
2019:05:06 14:56:21 905391 480003.6624
2019:05:06 14:56:22 305373 389184.3297
2019:05:06 14:56:22 742349 436960.8909
2019:05:06 14:56:23 161362 415317.2821
2019:05:06 14:56:23 581746 420367.4942
2019:05:06 14:56:23 977380 395251.4976
2019:05:06 14:56:24 459696 476402.5509
2019:05:06 14:56:24 853288 391189.2138
2019:05:06 14:56:25 293367 439701.9558
2019:05:06 14:56:25 672836 379458.3939
2019:05:06 14:56:26 485148 795786.7086
2019:05:06 14:56:26 765384 274910.4723
2019:05:06 14:56:27 157382 385599.3375
2019:05:06 14:56:27 667358 473996.6206
2019:05:06 14:56:28 197380 512021.8582
2019:05:06 14:56:28 913371 676008.1463
2019:05:06 14:56:29 375066 453307.8261
2019:05:06 14:56:29 857359 468006.7636
2019:05:06 14:56:30 41375 184005.4616
2019:05:06 14:56:30 293355 246343.7952
2019:05:06 14:56:31 25364 730561.6736
2019:05:06 14:56:31 569362 543987.7138
2019:05:06 14:56:32 128184 558812.2606
2019:05:06 14:56:32 518474 387356.8326
2019:05:06 14:56:33 437370 897418.2457
2019:05:06 14:56:33 777378 335720.3379
2019:05:06 14:56:34 269378 456018.7794
2019:05:06 14:56:34 741384 465380.6277
2019:05:06 14:56:35 93380 340161.6253
2019:05:06 14:56:35 653381 524022.5829
2019:05:06 14:56:35 895051 235934.3804
2019:05:06 14:56:36 245371 348314.5460
2019:05:06 14:56:36 555295 299007.5462
2019:05:06 14:56:36 950534 365170.5869
2019:05:06 14:56:37 621365 665089.4918
2019:05:06 14:56:38 9362 387987.8223
2019:05:06 14:56:38 501370 491989.9404
2019:05:06 14:56:38 743206 241826.7541
2019:05:06 14:56:39 109375 360415.8163
2019:05:06 14:56:39 478224 354678.9177
2019:05:06 14:56:40 92863 610956.4900
2019:05:06 14:56:40 541363 441137.0680
2019:05:06 14:56:41 180617 639242.8577
2019:05:06 14:56:41 427254 245411.1502
2019:05:06 14:56:41 795871 340772.8374
2019:05:06 14:56:42 225365 423781.7079
2019:05:06 14:56:42 503591 278214.7788
2019:05:06 14:56:42 837307 327974.4238
2019:05:06 14:56:43 346091 499771.3082
2019:05:06 14:56:43 717693 367884.9563
2019:05:06 14:56:44 190645 469755.6086
2019:05:06 14:56:44 569355 374228.4067
2019:05:06 14:56:45 25362 455884.0990
2019:05:06 14:56:45 210076 184704.1398
2019:05:06 14:56:45 473387 252596.5385
2019:05:06 14:56:45 705382 220871.9738
2019:05:06 14:56:46 73361 363593.7721
2019:05:06 14:56:46 573364 499992.1657
2019:05:06 14:56:46 977941 404566.7462
2019:05:06 14:56:47 657372 652013.2311
2019:05:06 14:56:48 141831 448475.2901
2019:05:06 14:56:48 517380 348026.6072
2019:05:06 14:56:48 985356 453047.4544
2019:05:06 14:56:49 605371 619700.8565
2019:05:06 14:56:50 121365 515984.0696
2019:05:06 14:56:51 9365 887989.0516
2019:05:06 14:56:51 341392 332017.9395
2019:05:06 14:56:52 30088 643639.3075
2019:05:06 14:56:52 501362 465935.0030
2019:05:06 14:56:52 925176 423804.3502
2019:05:06 14:56:53 670651 745465.5245
2019:05:06 14:56:53 925817 254789.7212
2019:05:06 14:56:54 461477 528883.6919
2019:05:06 14:56:55 121370 640012.4095
2019:05:06 14:56:55 573378 451993.8640
2019:05:06 14:56:55 957392 369307.5776
2019:05:06 14:56:56 291733 320727.2552
2019:05:06 14:56:56 657371 347987.8679
2019:05:06 14:56:56 956123 298738.4982
2019:05:06 14:56:57 229284 270733.2671
2019:05:06 14:56:57 754348 496989.4923
2019:05:06 14:56:58 83646 326020.4270
2019:05:06 14:56:58 517362 408008.7915
2019:05:06 14:56:59 33361 515990.2237
2019:05:06 14:56:59 441362 407991.6440
2019:05:06 14:56:59 961356 519984.3310
2019:05:06 14:57:00 193370 231022.9689
2019:05:06 14:57:00 493403 293890.5023
2019:05:06 14:57:00 722996 229583.7440
2019:05:06 14:57:01 108017 348970.4914
2019:05:06 14:57:01 381364 266821.1460
2019:05:06 14:57:01 649519 268144.6448
2019:05:06 14:57:02 117382 440021.8278
2019:05:06 14:57:02 525361 396939.8253
2019:05:06 14:57:02 949388 424017.9881
2019:05:06 14:57:03 433386 472030.6695
2019:05:06 14:57:03 997362 528009.7649
2019:05:06 14:57:04 401367 403994.7800
2019:05:06 14:57:04 721377 320000.2499
2019:05:06 14:57:05 121358 389703.5010
2019:05:06 14:57:05 529670 408302.3593
2019:05:06 14:57:05 993375 436015.2408
2019:05:06 14:57:06 356586 351357.7394
2019:05:06 14:57:06 658857 293218.0613
2019:05:06 14:57:06 965379 304470.8706
2019:05:06 14:57:07 251113 279348.9173
2019:05:06 14:57:07 779938 510577.0007
2019:05:06 14:57:07 974891 192519.2364
2019:05:06 14:57:08 417374 437507.5065
2019:05:06 14:57:08 645361 222796.1160
2019:05:06 14:57:09 29363 383993.6405
2019:05:06 14:57:09 313379 284004.7404
2019:05:06 14:57:09 561363 242220.6849
2019:05:06 14:57:09 993361 431988.7534
2019:05:06 14:57:10 453362 459989.9240
2019:05:06 14:57:11 9356 555983.4465
2019:05:06 14:57:11 357402 345003.7874
2019:05:06 14:57:11 668210 304634.6977
2019:05:06 14:57:12 443445 750085.9350
2019:05:06 14:57:12 797364 348612.3569
2019:05:06 14:57:13 286965 489589.6465
2019:05:06 14:57:13 665378 377199.9106
2019:05:06 14:57:14 12053 337088.8568
2019:05:06 14:57:14 446772 430964.6152
2019:05:06 14:57:14 781085 332765.2887
2019:05:06 14:57:15 102176 314884.1150
2019:05:06 14:57:15 490486 382975.6118
2019:05:06 14:57:15 997391 488032.1138
2019:05:06 14:57:16 301373 300399.3332
2019:05:06 14:57:16 677384 340023.9050
2019:05:06 14:57:16 930628 249135.1999
2019:05:06 14:57:17 180905 245740.8868
2019:05:06 14:57:17 505371 304011.1363
2019:05:06 14:57:17 813419 300767.3658
2019:05:06 14:57:18 161389 341135.8222
2019:05:06 14:57:18 875413 678051.7623
2019:05:06 14:57:19 233379 349816.1957
2019:05:06 14:57:19 552028 312122.6616
2019:05:06 14:57:19 997363 420009.3113
2019:05:06 14:57:20 331467 334093.9619
2019:05:06 14:57:20 813164 480487.6558
2019:05:06 14:57:21 227612 404603.5483
2019:05:06 14:57:21 773289 540328.8454
2019:05:06 14:57:22 217357 440369.4943
2019:05:06 14:57:22 797286 579917.2223
2019:05:06 14:57:23 385377 572009.4927
2019:05:06 14:57:23 879992 485945.5079
2019:05:06 14:57:24 513365 633363.1463
2019:05:06 14:57:24 921360 407983.3403
2019:05:06 14:57:25 477512 556143.2056
2019:05:06 14:57:25 741573 264046.5945
2019:05:06 14:57:26 130289 382926.3784
2019:05:06 14:57:26 671245 537614.8075
2019:05:06 14:57:27 133681 462043.9336
2019:05:06 14:57:27 861392 688012.9129
2019:05:06 14:57:28 481398 588030.9679
2019:05:06 14:57:28 830713 344108.2574
2019:05:06 14:57:29 257382 400014.2030
2019:05:06 14:57:29 691777 428134.6910
2019:05:06 14:57:30 200375 501311.6933
2019:05:06 14:57:30 553873 353085.2273
2019:05:06 14:57:30 896368 341701.9323
2019:05:06 14:57:31 551961 613817.2150
2019:05:06 14:57:32 93880 529629.9495
2019:05:06 14:57:32 510025 410863.4554
2019:05:06 14:57:32 835578 324335.4261
2019:05:06 14:57:33 438274 595125.5709
2019:05:06 14:57:33 799564 355580.6130
2019:05:06 14:57:34 35456 231029.3354
2019:05:06 14:57:34 376239 339155.3126
2019:05:06 14:57:35 91844 694306.3140
2019:05:06 14:57:35 552980 458728.6375
2019:05:06 14:57:36 279503 725693.4457
2019:05:06 14:57:36 824980 545207.5116
2019:05:06 14:57:37 273743 446332.5962
2019:05:06 14:57:37 759410 485261.7942
2019:05:06 14:57:38 439471 678828.9882
2019:05:06 14:57:38 781376 341893.4681
2019:05:06 14:57:39 421362 639165.0848
2019:05:06 14:57:40 269363 847991.3436
2019:05:06 14:57:40 845359 575986.7467
2019:05:06 14:57:41 157380 312006.3730
2019:05:06 14:57:41 593365 430663.4143
2019:05:06 14:57:42 62586 469210.6955
2019:05:06 14:57:42 469975 402456.7939
2019:05:06 14:57:43 193359 723349.8022
2019:05:06 14:57:43 453356 259985.9200
2019:05:06 14:57:43 879344 425977.3120
2019:05:06 14:57:44 359752 475933.0750
2019:05:06 14:57:44 657621 297437.9435
2019:05:06 14:57:45 105435 436753.3140
2019:05:06 14:57:45 829339 723893.4897
2019:05:06 14:57:46 397848 566908.1435
2019:05:06 14:57:46 637362 235464.6735
2019:05:06 14:57:47 113370 475998.9083
2019:05:06 14:57:47 565370 446933.3775
2019:05:06 14:57:48 57374 489114.3292
2019:05:06 14:57:48 541021 467659.2052
2019:05:06 14:57:49 425369 864011.0493
2019:05:06 14:57:49 805364 371797.8932
2019:05:06 14:57:50 489355 683981.4372
2019:05:06 14:57:50 889372 400004.6924
2019:05:06 14:57:51 416790 520322.6916
2019:05:06 14:57:51 953356 534926.4145
2019:05:06 14:57:52 497356 543986.2385
2019:05:06 14:57:52 765359 265790.2837
2019:05:06 14:57:53 249365 483996.2572
2019:05:06 14:57:54 316519 1067143.3397
2019:05:06 14:57:54 750278 431303.9444
2019:05:06 14:57:55 363719 608129.9707
2019:05:06 14:57:55 691334 322197.7465
2019:05:06 14:57:56 60780 362896.0140
2019:05:06 14:57:56 630400 569599.3565
2019:05:06 14:57:56 967787 336151.9165
2019:05:06 14:57:57 371894 396325.7410
2019:05:06 14:57:57 818350 441155.1505
2019:05:06 14:57:58 40711 221166.6442
2019:05:06 14:57:58 250442 204823.7734
2019:05:06 14:57:58 664228 399453.6661
2019:05:06 14:57:59 11086 336826.2500
2019:05:06 14:57:59 272629 256220.2811
2019:05:06 14:57:59 535561 262150.6006
2019:05:06 14:57:59 799731 253104.1652
2019:05:06 14:58:00 102430 289529.0107
2019:05:06 14:58:00 409449 302139.8187
2019:05:06 14:58:00 863585 454120.6695
2019:05:06 14:58:01 238325 369834.2294
2019:05:06 14:58:01 850710 611575.3576
2019:05:06 14:58:02 156754 304422.4195
2019:05:06 14:58:02 526079 359447.6245
2019:05:06 14:58:02 897912 363923.8067
2019:05:06 14:58:03 173357 273625.7836
2019:05:06 14:58:03 349259 175889.9577
2019:05:06 14:58:04 17362 664420.5600
2019:05:06 14:58:04 281377 264005.1655
2019:05:06 14:58:04 661487 373527.3108
2019:05:06 14:58:05 279227 613635.0930
2019:05:06 14:58:05 665902 382178.5077
2019:05:06 14:58:06 13365 342993.0173
2019:05:06 14:58:06 477363 463987.4883
2019:05:06 14:58:06 833355 355982.0391
2019:05:06 14:58:07 92617 255985.8412
2019:05:06 14:58:07 541363 444676.9357
2019:05:06 14:58:07 713361 171987.9843
2019:05:06 14:58:08 85372 372002.8512
2019:05:06 14:58:08 472439 378880.7094
2019:05:06 14:58:08 760329 270413.1268
2019:05:06 14:58:09 25811 258506.0894
2019:05:06 14:58:09 366560 340017.7956
2019:05:06 14:58:09 654559 281838.3090
2019:05:06 14:58:09 937387 278004.0987
2019:05:06 14:58:10 309373 364117.4287
2019:05:06 14:58:10 671822 355497.5241
2019:05:06 14:58:10 927462 253587.7153
2019:05:06 14:58:11 445374 488011.5539
2019:05:06 14:58:11 869357 416812.7924
2019:05:06 14:58:12 561372 691899.8510
2019:05:06 14:58:12 941366 371677.5253
2019:05:06 14:58:13 458473 517096.3220
2019:05:06 14:58:13 749281 286308.4301
2019:05:06 14:58:14 165460 400104.7686
2019:05:06 14:58:14 481377 281938.5938
2019:05:06 14:58:14 813356 324140.8058
2019:05:06 14:58:15 205257 391254.9391
2019:05:06 14:58:15 573366 368098.2925
2019:05:06 14:58:15 897361 315344.7099
2019:05:06 14:58:16 348759 451388.0499
2019:05:06 14:58:16 757384 384026.6652
2019:05:06 14:58:17 139829 376004.9716
2019:05:06 14:58:17 863167 693806.6259
2019:05:06 14:58:18 847086 933725.9345
2019:05:06 14:58:19 507251 633890.8933
2019:05:06 14:58:20 157382 628017.6006
2019:05:06 14:58:20 618055 424697.8089
2019:05:06 14:58:20 864863 231210.6639
2019:05:06 14:58:21 206043 336630.4263
2019:05:06 14:58:21 561371 338114.8726
2019:05:06 14:58:21 946586 385204.6430
2019:05:06 14:58:22 329930 381312.0164
2019:05:06 14:58:22 874691 543047.9757
2019:05:06 14:58:23 358405 483229.3801
2019:05:06 14:58:23 692899 329321.1646
2019:05:06 14:58:24 175198 479033.4590
2019:05:06 14:58:24 745362 561678.3723
2019:05:06 14:58:25 181359 435982.3167
2019:05:06 14:58:25 672239 487003.2221
2019:05:06 14:58:26 452151 777875.7624
2019:05:06 14:58:26 685814 221327.5917
2019:05:06 14:58:27 337996 624320.7082
2019:05:06 14:58:27 813910 439066.5554
2019:05:06 14:58:28 240274 420252.8894
2019:05:06 14:58:28 594593 351848.8109
2019:05:06 14:58:28 913697 301059.8235
2019:05:06 14:58:29 268513 345390.9568
2019:05:06 14:58:29 658436 371530.3466
2019:05:06 14:58:29 959885 296561.7254
2019:05:06 14:58:30 309381 349480.9531
2019:05:06 14:58:30 786065 468582.4998
2019:05:06 14:58:31 382846 596387.7179
2019:05:06 14:58:31 903841 494473.7665
2019:05:06 14:58:32 210316 301982.2612
2019:05:06 14:58:33 213387 984018.4636
2019:05:06 14:58:33 765396 524027.7983
2019:05:06 14:58:34 229369 457190.1113
2019:05:06 14:58:34 697371 461151.8569
2019:05:06 14:58:35 481641 784257.7882
2019:05:06 14:58:36 29365 543222.6956
2019:05:06 14:58:36 397362 367986.0309
2019:05:06 14:58:37 13363 615992.0134
2019:05:06 14:58:37 700905 687531.5942
2019:05:06 14:58:38 126879 413526.5350
2019:05:06 14:58:38 581372 452474.9406
2019:05:06 14:58:39 145357 555272.7468
2019:05:06 14:58:39 589365 443474.3524
2019:05:06 14:58:40 311608 722233.8244
2019:05:06 14:58:40 761362 448098.0113
2019:05:06 14:58:41 81365 319992.9185
2019:05:06 14:58:41 369391 285345.2899
2019:05:06 14:58:41 849367 475750.6065
2019:05:06 14:58:42 261149 407132.9869
2019:05:06 14:58:42 565379 302970.3870
2019:05:06 14:58:42 901368 330562.2712
2019:05:06 14:58:43 317383 380021.8552
2019:05:06 14:58:43 622784 265424.5533
2019:05:06 14:58:43 925392 268037.5874
2019:05:06 14:58:44 259553 327729.1059
2019:05:06 14:58:44 685382 376022.2346
2019:05:06 14:58:45 19503 267481.4686
2019:05:06 14:58:45 530242 503796.4135
2019:05:06 14:58:45 941368 411099.5941
2019:05:06 14:58:46 301354 354559.7382
2019:05:06 14:58:46 621363 317449.7932
2019:05:06 14:58:47 139510 518136.9819
2019:05:06 14:58:47 769454 612094.8493
2019:05:06 14:58:48 301372 504010.3644
2019:05:06 14:58:48 761362 453731.0265
2019:05:06 14:58:49 90373 329001.9780
2019:05:06 14:58:49 444246 349360.5070
2019:05:06 14:58:49 957397 484036.1662
2019:05:06 14:58:50 333386 371031.2024
2019:05:06 14:58:50 761364 418419.8529
2019:05:06 14:58:51 113364 351990.1559
2019:05:06 14:58:51 495497 382123.6454
2019:05:06 14:58:51 834489 335304.3310
2019:05:06 14:58:52 316199 478877.7754
2019:05:06 14:58:52 626470 304415.7512
2019:05:06 14:58:53 49367 416630.6593
2019:05:06 14:58:53 557363 507985.4839
2019:05:06 14:58:54 354175 796801.7310
2019:05:06 14:58:54 665361 305918.9990
2019:05:06 14:58:55 949359 1283987.8127
2019:05:06 14:58:56 318646 369275.3203
2019:05:06 14:58:56 597372 266827.9819
2019:05:06 14:58:56 921380 317656.8300
2019:05:06 14:58:57 236934 305925.1383
2019:05:06 14:58:57 701370 432016.2944
2019:05:06 14:58:58 109366 396881.8858
2019:05:06 14:58:58 485365 375988.9267
2019:05:06 14:58:59 25308 539932.9141
2019:05:06 14:58:59 389370 361604.5974
2019:05:06 14:58:59 783865 390735.7864
2019:05:06 14:59:00 244317 456772.5547
2019:05:06 14:59:00 771581 523176.0256
2019:05:06 14:59:01 142286 367091.2646
2019:05:06 14:59:01 528424 382577.6130
2019:05:06 14:59:02 326022 780647.5833
2019:05:06 14:59:02 825383 472020.2461
2019:05:06 14:59:03 497382 636023.3240
2019:05:06 14:59:03 929377 425537.5899
2019:05:06 14:59:04 769372 839980.0807
2019:05:06 14:59:05 413357 643969.8972
2019:05:06 14:59:05 821371 408001.0839
2019:05:06 14:59:06 359082 505713.8354
2019:05:06 14:59:06 843106 477092.0128
2019:05:06 14:59:07 103484 258755.0804
2019:05:06 14:59:07 457270 347417.7867
2019:05:06 14:59:08 65365 605230.7189
2019:05:06 14:59:08 657365 591989.5247
2019:05:06 14:59:09 21363 363988.2803
2019:05:06 14:59:09 685365 663991.9057
2019:05:06 14:59:10 192240 506864.6707
2019:05:06 14:59:10 496556 301445.1750
2019:05:06 14:59:11 164239 664832.1189
2019:05:06 14:59:11 629372 432010.0993
2019:05:06 14:59:12 769265 1133378.6771
2019:05:06 14:59:13 333363 564080.6966
2019:05:06 14:59:13 830219 496846.6125
2019:05:06 14:59:14 185379 354046.2106
2019:05:06 14:59:14 729969 544580.0759
2019:05:06 14:59:15 141364 406471.8187
2019:05:06 14:59:15 604717 463343.9146
2019:05:06 14:59:16 158476 529121.3617
2019:05:06 14:59:16 961372 772010.3450
2019:05:06 14:59:17 499738 528009.9586
2019:05:06 14:59:17 912984 411244.2769
2019:05:06 14:59:18 294292 349379.6177
2019:05:06 14:59:18 773928 460568.2790
2019:05:06 14:59:19 237295 452648.1330
2019:05:06 14:59:19 659950 422644.6413
2019:05:06 14:59:19 952815 287925.7128
2019:05:06 14:59:20 349366 387958.1913
2019:05:06 14:59:20 629375 279997.9225
2019:05:06 14:59:21 133739 468374.8074
2019:05:06 14:59:21 483155 313793.1004
2019:05:06 14:59:21 773956 284691.2369
2019:05:06 14:59:22 145397 344039.0415
2019:05:06 14:59:22 573159 418187.5437
2019:05:06 14:59:23 33403 436040.6399
2019:05:06 14:59:23 325185 281360.9056
2019:05:06 14:59:23 704880 355514.5711
2019:05:06 14:59:24 418392 461037.6768
2019:05:06 14:59:24 805388 385748.6881
2019:05:06 14:59:25 177362 365691.0770
2019:05:06 14:59:25 593362 415989.8683
2019:05:06 14:59:25 913379 320007.7489
2019:05:06 14:59:26 237363 319348.3651
2019:05:06 14:59:26 653364 415991.1573
2019:05:06 14:59:26 861355 207980.6402
2019:05:06 14:59:27 288548 426179.2712
2019:05:06 14:59:27 645374 340012.4088
2019:05:06 14:59:28 57364 404368.2963
2019:05:06 14:59:28 513362 455989.0777
2019:05:06 14:59:28 812969 299596.8647
2019:05:06 14:59:29 253384 416024.9308
2019:05:06 14:59:29 533378 272340.0034
2019:05:06 14:59:29 933372 384430.7624
2019:05:06 14:59:30 225361 285273.6749
2019:05:06 14:59:30 600752 375381.9242
2019:05:06 14:59:31 22001 388644.5798
2019:05:06 14:59:31 301378 273675.0990
2019:05:06 14:59:31 705365 391740.3705
2019:05:06 14:59:32 208985 503609.0016
2019:05:06 14:59:32 701364 490333.1473
2019:05:06 14:59:33 41099 339723.9037
2019:05:06 14:59:33 325408 281855.3522
2019:05:06 14:59:33 513393 183087.5613
2019:05:06 14:59:34 179031 653666.9582
2019:05:06 14:59:34 777480 595991.0341
2019:05:06 14:59:35 453370 675875.8947
2019:05:06 14:59:35 681383 227999.2066
2019:05:06 14:59:36 53375 361303.5046
2019:05:06 14:59:36 422358 368963.9755
2019:05:06 14:59:36 732575 309433.5198
2019:05:06 14:59:37 369124 603748.7574
2019:05:06 14:59:37 795484 406122.7776
2019:05:06 14:59:37 995396 192083.0794
2019:05:06 14:59:38 397369 397088.6171
2019:05:06 14:59:38 697365 290106.0991
2019:05:06 14:59:39 77357 379981.1862
2019:05:06 14:59:39 483263 400570.6646
2019:05:06 14:59:40 161385 676045.8872
2019:05:06 14:59:40 696413 526390.9101
2019:05:06 14:59:41 17373 318518.5455
2019:05:06 14:59:41 441001 417353.9504
2019:05:06 14:59:42 100568 655889.8464
2019:05:06 14:59:42 544099 426741.5181
2019:05:06 14:59:43 29371 468011.7145
2019:05:06 14:59:43 341950 309225.7120
2019:05:06 14:59:43 730256 360897.7869
2019:05:06 14:59:44 309372 572176.5384
2019:05:06 14:59:44 723599 408388.7562
2019:05:06 14:59:45 133365 391316.9466
2019:05:06 14:59:45 497365 363989.5730
2019:05:06 14:59:46 45213 547837.3729
2019:05:06 14:59:46 501368 456137.6348
2019:05:06 14:59:46 873363 366850.2979
2019:05:06 14:59:47 341365 467992.4697
2019:05:06 14:59:47 877363 535987.5597
2019:05:06 14:59:48 446638 569264.1176
2019:05:06 14:59:48 817708 370253.6821
2019:05:06 14:59:49 413365 594408.1806
2019:05:06 14:59:49 721390 308014.3854
2019:05:06 14:59:50 65421 337479.7814
2019:05:06 14:59:50 435273 337918.4715
2019:05:06 14:59:51 29375 568005.8785
2019:05:06 14:59:51 293367 251486.0183
2019:05:06 14:59:51 801362 507986.6461
2019:05:06 14:59:52 37992 236620.1580
2019:05:06 14:59:52 393386 336025.4951
2019:05:06 14:59:52 628240 228576.9060
2019:05:06 14:59:52 929377 295668.5796
2019:05:06 14:59:53 341494 406351.6520
2019:05:06 14:59:53 841357 499852.9814
2019:05:06 14:59:54 98445 257077.1426
2019:05:06 14:59:54 465377 366154.0449
2019:05:06 14:59:54 845362 372588.0794
2019:05:06 14:59:55 140249 294873.6101
2019:05:06 14:59:55 517875 373121.6714
2019:05:06 14:59:55 949378 412015.9633
2019:05:06 14:59:56 225229 271094.4302
2019:05:06 14:59:56 580992 327638.0897
2019:05:06 14:59:57 93763 460402.0119
2019:05:06 14:59:57 688111 574751.2020
2019:05:06 14:59:58 107141 381785.0016
2019:05:06 14:59:58 609056 474070.7614
2019:05:06 14:59:59 537377 904017.0014
2019:05:06 15:00:00 5356 457566.4997
2019:05:06 15:00:00 289367 281642.2731
2019:05:06 15:00:00 685375 395997.9191
2019:05:06 15:00:01 75928 358566.3885
2019:05:06 15:00:01 553125 471059.5757
2019:05:06 15:00:02 229368 640005.7524
2019:05:06 15:00:02 653364 416594.6469
2019:05:06 15:00:03 105364 451991.0775
2019:05:06 15:00:03 797866 692490.6634
2019:05:06 15:00:04 264491 466530.9303
2019:05:06 15:00:04 725369 436008.5800
2019:05:06 15:00:05 133370 401888.7654
2019:05:06 15:00:05 471176 330948.5093
2019:05:06 15:00:05 873380 376010.2391
2019:05:06 15:00:06 257067 378759.6710
2019:05:06 15:00:06 676930 399562.8841
2019:05:06 15:00:07 513372 599998.9249
2019:05:06 15:00:07 945378 431991.8901
2019:05:06 15:00:08 441361 489295.8216
2019:05:06 15:00:08 881372 437938.6194
2019:05:06 15:00:09 581358 699971.5976
2019:05:06 15:00:09 892120 308836.1509
2019:05:06 15:00:10 889363 994803.7565
2019:05:06 15:00:11 197070 307696.2754
2019:05:06 15:00:11 573467 356114.5701
2019:05:06 15:00:11 965363 384961.1431
2019:05:06 15:00:12 411462 446089.7297
2019:05:06 15:00:12 919744 490383.9380
2019:05:06 15:00:13 661376 720014.5274
2019:05:06 15:00:14 101371 403491.8398
2019:05:06 15:00:14 661357 553946.7447
2019:05:06 15:00:15 87301 424130.5292
2019:05:06 15:00:15 353946 265464.7268
2019:05:06 15:00:15 729364 370929.0214
2019:05:06 15:00:16 22778 293404.6686
2019:05:06 15:00:16 417392 393421.6015
2019:05:06 15:00:16 689374 258680.6603
2019:05:06 15:00:17 69371 373261.9174
2019:05:06 15:00:17 471922 402540.2479
2019:05:06 15:00:18 221902 748342.5736
2019:05:06 15:00:18 488524 265829.1571
2019:05:06 15:00:18 897362 401826.2774
2019:05:06 15:00:19 185546 288174.3424
2019:05:06 15:00:19 574921 384033.6204
2019:05:06 15:00:20 409371 816007.6179
2019:05:06 15:00:20 701389 287293.5683
2019:05:06 15:00:21 157358 450213.6558
2019:05:06 15:00:21 517365 359994.9740
2019:05:06 15:00:22 225365 707990.2925
2019:05:06 15:00:22 622779 397403.9182
2019:05:06 15:00:22 925391 289070.5764
2019:05:06 15:00:23 133374 201740.5182
2019:05:06 15:00:23 709393 540026.4859
2019:05:06 15:00:24 93385 348024.6626
2019:05:06 15:00:24 469356 370833.0616
2019:05:06 15:00:24 766618 296623.4013
2019:05:06 15:00:24 997373 229937.7061
2019:05:06 15:00:25 224522 212576.5495
2019:05:06 15:00:25 565369 327338.1554
2019:05:06 15:00:26 117825 552444.6592
2019:05:06 15:00:26 365379 246722.1841
2019:05:06 15:00:26 743816 342456.1433
2019:05:06 15:00:27 169382 422701.8841
2019:05:06 15:00:27 770973 601580.5453
2019:05:06 15:00:28 104042 331001.4755
2019:05:06 15:00:28 599590 470228.7950
2019:05:06 15:00:28 910048 296496.4956
2019:05:06 15:00:29 164819 250746.6823
2019:05:06 15:00:29 383925 214207.3549
2019:05:06 15:00:29 737377 350173.8794
2019:05:06 15:00:30 65370 315998.4648
2019:05:06 15:00:30 353364 283389.3113
2019:05:06 15:00:30 645362 291988.7789
2019:05:06 15:00:31 85029 439657.4460
2019:05:06 15:00:31 560159 468139.7602
2019:05:06 15:00:31 977369 417199.7942
2019:05:06 15:00:32 365364 382911.2686
2019:05:06 15:00:32 737363 371988.4194
2019:05:06 15:00:32 967916 230543.8854
2019:05:06 15:00:33 349200 355840.9438
2019:05:06 15:00:33 529384 174885.8839
2019:05:06 15:00:33 756726 222842.1755
2019:05:06 15:00:33 977367 216982.2380
2019:05:06 15:00:34 162181 172849.1075
2019:05:06 15:00:34 361377 196323.8381
2019:05:06 15:00:34 585354 212632.8573
2019:05:06 15:00:34 830977 243609.3092
2019:05:06 15:00:35 11591 180603.6904
2019:05:06 15:00:35 281528 265038.3748
2019:05:06 15:00:35 541583 236222.2709
2019:05:06 15:00:35 941359 394458.4727
2019:05:06 15:00:36 405391 464018.8962
2019:05:06 15:00:36 676565 264985.0249
2019:05:06 15:00:37 417381 708023.5779
2019:05:06 15:00:37 865372 442138.5154
2019:05:06 15:00:38 145387 280001.1560
2019:05:06 15:00:38 530982 380477.9947
2019:05:06 15:00:38 994338 462312.2588
2019:05:06 15:00:39 433377 436973.1210
2019:05:06 15:00:39 677401 237919.2151
2019:05:06 15:00:39 933368 246425.4126
2019:05:06 15:00:40 177374 243992.3063
2019:05:06 15:00:40 529360 351972.0621
2019:05:06 15:00:40 845381 314579.0510
2019:05:06 15:00:41 113362 261235.7922
2019:05:06 15:00:41 313381 200001.2100
2019:05:06 15:00:41 688865 363812.3982
2019:05:06 15:00:41 988679 294888.0121
2019:05:06 15:00:42 269362 277003.9551
2019:05:06 15:00:42 631309 361937.3962
2019:05:06 15:00:43 35558 404239.2112
2019:05:06 15:00:43 543452 490093.8720
2019:05:06 15:00:43 905381 344021.7488
2019:05:06 15:00:44 224333 315398.9688
2019:05:06 15:00:44 609747 382158.1900
2019:05:06 15:00:44 787268 175029.0766
2019:05:06 15:00:45 161379 356018.6550
2019:05:06 15:00:45 449367 256012.4993
2019:05:06 15:00:45 656232 206853.6840
2019:05:06 15:00:45 851194 194151.0178
2019:05:06 15:00:46 260625 404928.7550
2019:05:06 15:00:46 426890 165035.9668
2019:05:06 15:00:46 613267 186368.5809
2019:05:06 15:00:46 802082 184735.8458
2019:05:06 15:00:46 955253 149040.3228
2019:05:06 15:00:47 144902 187188.8861
2019:05:06 15:00:47 301762 155571.7774
2019:05:06 15:00:47 650310 344032.2541
2019:05:06 15:00:47 832990 181865.3569
2019:05:06 15:00:48 71769 233448.7103
2019:05:06 15:00:48 325732 249456.0927
2019:05:06 15:00:48 477282 148694.8207
2019:05:06 15:00:48 645633 167084.7870
2019:05:06 15:00:48 813936 165054.6864
2019:05:06 15:00:48 958109 141310.8073
2019:05:06 15:00:49 92066 131076.5743
2019:05:06 15:00:49 239970 146708.6449
2019:05:06 15:00:49 403322 158910.1031
2019:05:06 15:00:49 539599 135056.1380
2019:05:06 15:00:49 758497 214216.6793
2019:05:06 15:00:49 931515 173008.3339
2019:05:06 15:00:50 38847 102148.3019
2019:05:06 15:00:50 429968 388272.9076
2019:05:06 15:00:50 560647 129040.2897
2019:05:06 15:00:50 696618 131475.1208
2019:05:06 15:00:50 820325 121635.8654
2019:05:06 15:00:50 957528 132309.3511
2019:05:06 15:00:51 92276 134741.1536
2019:05:06 15:00:51 253243 156882.7480
2019:05:06 15:00:51 370819 116767.9466
2019:05:06 15:00:51 479732 105664.4581
2019:05:06 15:00:51 616533 133532.6880
2019:05:06 15:00:51 738587 118782.2334
2019:05:06 15:00:51 875409 136811.7966
2019:05:06 15:00:52 17101 138850.7299
2019:05:06 15:00:52 136708 117541.6447
2019:05:06 15:00:52 280053 140494.3280
2019:05:06 15:00:52 389011 105257.1312
2019:05:06 15:00:52 546698 157255.9103
2019:05:06 15:00:52 686354 133926.1793
2019:05:06 15:00:52 881750 194564.6852
2019:05:06 15:00:53 40660 153602.2015
2019:05:06 15:00:53 187702 141718.5813
2019:05:06 15:00:53 327374 138870.9173
2019:05:06 15:00:53 442056 110996.2910
2019:05:06 15:00:53 563269 118362.4230
2019:05:06 15:00:53 665368 100051.0529
2019:05:06 15:00:53 744833 77030.5358
2019:05:06 15:00:53 879979 130667.8094
2019:05:06 15:00:53 977486 94234.6305
2019:05:06 15:00:54 58981 77445.0414
2019:05:06 15:00:54 151146 90139.1022
2019:05:06 15:00:54 235709 79684.7157
2019:05:06 15:00:54 343443 107728.2764
2019:05:06 15:00:54 448302 101606.4472
2019:05:06 15:00:54 519190 70880.8042
2019:05:06 15:00:54 590405 69236.7256
2019:05:06 15:00:54 665377 72520.4833
2019:05:06 15:00:54 739249 73865.6744
2019:05:06 15:00:54 828964 87263.0104
2019:05:06 15:00:54 910189 81219.6732
2019:05:06 15:00:54 991806 76594.4012
2019:05:06 15:00:55 80995 88380.5752
2019:05:06 15:00:55 180836 96571.2368
2019:05:06 15:00:55 254141 70859.2460
2019:05:06 15:00:55 316835 62286.2205
2019:05:06 15:00:55 372114 53265.7541
2019:05:06 15:00:55 449919 75353.8907
2019:05:06 15:00:55 740365 289218.7238
2019:05:06 15:00:55 818241 73383.1003
2019:05:06 15:00:55 932296 111616.0043
2019:05:06 15:00:55 995786 61858.0393
2019:05:06 15:00:56 32345 35363.3091
2019:05:06 15:00:56 82922 50176.0095
2019:05:06 15:00:56 121852 38924.6568
2019:05:06 15:00:56 154202 31943.7385
2019:05:06 15:00:56 204172 49965.4263
2019:05:06 15:00:56 246175 41998.8148
2019:05:06 15:00:56 288929 42748.3134
2019:05:06 15:00:56 336443 47502.7263
2019:05:06 15:00:56 370731 34282.5279
2019:05:06 15:00:56 417693 46957.7350
2019:05:06 15:00:56 469925 51006.6971
2019:05:06 15:00:56 512549 42613.1524
2019:05:06 15:00:56 550971 38019.0797
2019:05:06 15:00:56 589070 36463.0744
2019:05:06 15:00:56 640425 50958.3950
2019:05:06 15:00:56 692079 51252.1006
2019:05:06 15:00:56 729765 36461.9270
2019:05:06 15:00:56 762385 31595.4201
2019:05:06 15:00:56 795355 32965.2019
2019:05:06 15:00:56 832008 36649.0856
2019:05:06 15:00:56 893104 60278.1586
2019:05:06 15:00:56 934187 40679.6373
2019:05:06 15:00:56 969416 35224.4526
2019:05:06 15:00:57 25006 54768.8939
2019:05:06 15:00:57 64257 38442.7160
2019:05:06 15:00:57 96309 32041.3411
2019:05:06 15:00:57 129495 33181.8126
2019:05:06 15:00:57 186567 55433.5676
2019:05:06 15:00:57 215016 27233.3212
2019:05:06 15:00:57 247983 32144.9526
2019:05:06 15:00:57 303149 53677.9612
2019:05:06 15:00:57 345259 42099.3865
2019:05:06 15:00:57 379887 34220.2373
2019:05:06 15:00:57 426996 47104.7871
2019:05:06 15:00:57 474862 46641.7894
2019:05:06 15:00:57 502287 27413.7892
2019:05:06 15:00:57 536030 33276.0774
2019:05:06 15:00:57 582723 45876.4061
2019:05:06 15:00:57 616001 33272.6203
2019:05:06 15:00:57 655149 39143.5958
2019:05:06 15:00:57 687410 32256.1897
2019:05:06 15:00:57 739491 50432.3691
2019:05:06 15:00:57 770383 30886.6240
2019:05:06 15:00:57 810742 40344.5289
2019:05:06 15:00:57 847199 36453.1055
2019:05:06 15:00:57 898010 50407.3687
2019:05:06 15:00:57 938850 40835.1682
2019:05:06 15:00:57 994899 54700.3001
2019:05:06 15:00:58 47978 51432.7958
2019:05:06 15:00:58 90351 42368.9149
2019:05:06 15:00:58 139900 49142.8301
2019:05:06 15:00:58 193373 51838.9940
2019:05:06 15:00:58 235602 42217.1801
2019:05:06 15:00:58 287869 51861.0477
2019:05:06 15:00:58 338628 49114.7973
2019:05:06 15:00:58 394156 55517.3047
2019:05:06 15:00:58 431020 35230.0294
2019:05:06 15:00:58 465604 34179.3261
2019:05:06 15:00:58 500484 34876.1156
2019:05:06 15:00:58 536942 36453.7574
2019:05:06 15:00:58 573802 36462.7354
2019:05:06 15:00:58 599618 25416.5903
2019:05:06 15:00:58 624602 24596.5011
2019:05:06 15:00:58 649178 24497.7251
2019:05:06 15:00:58 684790 35523.8207
2019:05:06 15:00:58 720833 36029.3724
2019:05:06 15:00:58 762612 41767.7201
2019:05:06 15:00:58 811773 49149.2860
2019:05:06 15:00:58 842535 30750.4125
2019:05:06 15:00:58 882182 39642.6097
2019:05:06 15:00:58 912499 30306.0003
2019:05:06 15:00:58 960006 45861.0021
2019:05:06 15:00:58 994172 34162.1116
2019:05:06 15:00:59 34216 40030.5018
2019:05:06 15:00:59 64592 30371.8299
2019:05:06 15:00:59 116422 50193.7047
2019:05:06 15:00:59 159087 42660.3891
2019:05:06 15:00:59 214455 54149.0801
2019:05:06 15:00:59 265771 49684.0030
2019:05:06 15:00:59 297456 31680.6957
2019:05:06 15:00:59 350231 51743.3695
2019:05:06 15:00:59 382593 31959.3102
2019:05:06 15:00:59 434607 50381.8877
2019:05:06 15:00:59 465316 30704.7218
2019:05:06 15:00:59 493562 28240.7738
2019:05:06 15:00:59 523332 29354.1141
2019:05:06 15:00:59 570844 47497.6636
2019:05:06 15:00:59 603243 32394.3160
2019:05:06 15:00:59 655430 51348.5000
2019:05:06 15:00:59 701948 45306.8465
2019:05:06 15:00:59 753511 51551.5655
2019:05:06 15:00:59 782551 29032.1559
2019:05:06 15:00:59 822616 39689.0603
2019:05:06 15:00:59 858125 35497.2705
2019:05:06 15:00:59 907272 48748.6869
2019:05:06 15:00:59 939071 31794.5555
2019:05:06 15:00:59 968565 29489.8637
2019:05:06 15:00:59 999119 30549.7386
2019:05:06 15:01:00 47033 47102.5258
2019:05:06 15:01:00 78928 31890.6009
2019:05:06 15:01:00 131902 52159.4211
2019:05:06 15:01:00 179826 47911.8861
2019:05:06 15:01:00 216104 35359.7514
2019:05:06 15:01:00 245613 29497.5191
2019:05:06 15:01:00 277007 31386.5095
2019:05:06 15:01:00 324514 46690.5460
2019:05:06 15:01:00 354027 29509.0713
2019:05:06 15:01:00 392977 38123.7641
2019:05:06 15:01:00 423715 30330.4680
2019:05:06 15:01:00 457262 33542.3239
2019:05:06 15:01:00 489613 30994.4674
2019:05:06 15:01:00 522569 31316.5411
2019:05:06 15:01:00 572638 49250.7108
2019:05:06 15:01:00 603486 30450.9029
2019:05:06 15:01:00 650173 45459.6356
2019:05:06 15:01:00 680888 30702.9560
2019:05:06 15:01:00 727605 45894.2279
2019:05:06 15:01:00 757067 28669.8118
2019:05:06 15:01:00 824288 66696.8487
2019:05:06 15:01:00 853700 29407.3075
2019:05:06 15:01:00 894723 41018.0837
2019:05:06 15:01:00 943869 49131.7585
2019:05:06 15:01:00 997077 51982.7269
2019:05:06 15:01:01 26968 29489.1968
2019:05:06 15:01:01 59261 31647.0712
2019:05:06 15:01:01 116263 54959.5766
2019:05:06 15:01:01 145206 28938.1333
2019:05:06 15:01:01 179897 33486.8804
2019:05:06 15:01:01 227002 47093.7043
2019:05:06 15:01:01 260954 33947.4231
2019:05:06 15:01:01 291918 30949.8906
2019:05:06 15:01:01 337273 44701.9190
2019:05:06 15:01:01 385546 46640.6681
2019:05:06 15:01:01 425645 40093.7833
2019:05:06 15:01:01 471258 44779.7179
2019:05:06 15:01:01 508678 35789.1284
2019:05:06 15:01:01 536275 27586.4489
2019:05:06 15:01:01 570454 31391.0693
2019:05:06 15:01:01 617152 46683.9671
2019:05:06 15:01:01 662142 44985.4210
2019:05:06 15:01:01 696895 34673.1991
2019:05:06 15:01:01 755922 58612.6745
2019:05:06 15:01:01 788576 30892.7670
