
# OSU MPI Allreduce Latency Test v5.6.1
# Size       Avg Latency(us)
262144             375642.43
2019:05:06 14:47:56 289366 395056.0093
2019:05:06 14:47:56 645202 355826.4002
2019:05:06 14:47:57 227334 565973.6469
2019:05:06 14:47:57 699646 468207.6499
2019:05:06 14:47:58 9363 306888.5431
2019:05:06 14:47:58 613369 603996.2247
2019:05:06 14:47:58 957325 343945.7975
2019:05:06 14:47:59 294514 337178.8077
2019:05:06 14:47:59 833387 520028.5129
2019:05:06 14:48:00 317368 448011.3834
2019:05:06 14:48:00 578588 257640.7343
2019:05:06 14:48:00 818193 239587.6534
2019:05:06 14:48:01 75006 229646.5971
2019:05:06 14:48:01 325364 242592.3981
2019:05:06 14:48:01 731954 406579.2188
2019:05:06 14:48:01 997784 263740.6066
2019:05:06 14:48:02 329365 328311.9947
2019:05:06 14:48:02 645363 315988.1085
2019:05:06 14:48:02 981360 335986.5323
2019:05:06 14:48:03 337362 355089.8843
2019:05:06 14:48:03 853362 515990.6410
2019:05:06 14:48:04 193365 339993.6184
2019:05:06 14:48:04 481372 287996.0276
2019:05:06 14:48:04 970460 481703.5869
2019:05:06 14:48:05 317755 345695.1156
2019:05:06 14:48:05 689362 357275.5679
2019:05:06 14:48:06 257359 567986.8720
2019:05:06 14:48:06 699313 441943.1277
2019:05:06 14:48:07 157371 456069.9277
2019:05:06 14:48:07 689393 525763.0050
2019:05:06 14:48:07 901383 204544.4809
2019:05:06 14:48:08 232570 327274.8142
2019:05:06 14:48:08 697362 462794.1996
2019:05:06 14:48:09 111036 413663.9945
2019:05:06 14:48:09 440770 327682.6032
2019:05:06 14:48:09 693356 250969.4584
2019:05:06 14:48:10 65363 371883.0422
2019:05:06 14:48:10 473365 407991.4726
2019:05:06 14:48:10 845024 371649.2951
2019:05:06 14:48:11 217370 354333.7509
2019:05:06 14:48:11 571476 347095.4783
2019:05:06 14:48:12 213365 641878.3851
2019:05:06 14:48:12 624494 411119.6287
2019:05:06 14:48:13 125362 496779.4642
2019:05:06 14:48:13 533363 407991.0628
2019:05:06 14:48:13 857363 323989.9650
2019:05:06 14:48:14 461362 603989.8694
2019:05:06 14:48:14 755520 294148.7804
2019:05:06 14:48:15 208123 448509.9725
2019:05:06 14:48:15 529506 319749.4037
2019:05:06 14:48:16 253369 708993.6621
2019:05:06 14:48:16 606380 347383.2421
2019:05:06 14:48:17 81387 448033.3142
2019:05:06 14:48:17 457363 369333.4013
2019:05:06 14:48:17 715921 258548.2188
2019:05:06 14:48:18 333378 596020.2925
2019:05:06 14:48:18 641380 276018.9213
2019:05:06 14:48:18 922965 275222.7150
2019:05:06 14:48:19 585661 645881.5187
2019:05:06 14:48:19 829390 237983.7148
2019:05:06 14:48:20 177386 342270.7394
2019:05:06 14:48:20 381924 191274.5535
2019:05:06 14:48:20 674787 290000.0624
2019:05:06 14:48:21 129379 436018.4036
2019:05:06 14:48:21 477375 340505.7229
2019:05:06 14:48:21 725442 240437.1537
2019:05:06 14:48:22 68421 337259.2442
2019:05:06 14:48:22 405371 332041.5504
2019:05:06 14:48:22 577392 172009.5500
2019:05:06 14:48:22 846076 262157.5780
2019:05:06 14:48:23 512349 660170.6706
2019:05:06 14:48:23 941609 392254.8406
2019:05:06 14:48:24 265616 296252.9622
2019:05:06 14:48:24 493367 222822.3309
2019:05:06 14:48:24 785786 292407.9448
2019:05:06 14:48:25 390298 602888.7853
2019:05:06 14:48:25 709385 311685.8900
2019:05:06 14:48:26 116094 402242.6270
2019:05:06 14:48:26 426264 307675.1865
2019:05:06 14:48:26 690850 250928.5547
2019:05:06 14:48:27 254732 552400.3170
2019:05:06 14:48:27 492816 232350.6176
2019:05:06 14:48:28 233363 735555.1682
2019:05:06 14:48:28 585366 351992.5848
2019:05:06 14:48:28 957897 372521.0503
2019:05:06 14:48:29 272765 313894.3352
2019:05:06 14:48:29 500867 224861.3983
2019:05:06 14:48:29 754214 248824.0749
2019:05:06 14:48:30 17723 252922.9932
2019:05:06 14:48:30 269864 247186.4149
2019:05:06 14:48:30 581389 301473.4238
2019:05:06 14:48:31 17361 426433.4440
2019:05:06 14:48:31 281397 264025.4907
2019:05:06 14:48:31 499337 211760.1149
2019:05:06 14:48:31 909363 405068.1554
2019:05:06 14:48:32 225358 315985.3071
2019:05:06 14:48:32 525358 299986.2954
2019:05:06 14:48:32 765741 237273.7788
2019:05:06 14:48:33 121363 354517.2475
2019:05:06 14:48:33 581366 459992.3864
2019:05:06 14:48:33 821429 240053.1098
2019:05:06 14:48:34 193381 336019.6166
2019:05:06 14:48:34 477376 275445.3756
2019:05:06 14:48:34 701361 218462.4299
2019:05:06 14:48:35 241358 539988.9015
2019:05:06 14:48:35 622002 380632.1248
2019:05:06 14:48:36 84259 450900.8750
2019:05:06 14:48:36 333382 244205.6760
2019:05:06 14:48:36 529442 191244.7400
2019:05:06 14:48:36 797076 261290.9116
2019:05:06 14:48:37 241382 433984.9390
2019:05:06 14:48:37 684712 433281.4813
2019:05:06 14:48:37 985400 297735.4750
2019:05:06 14:48:38 261379 264568.7349
2019:05:06 14:48:38 539006 277612.7532
2019:05:06 14:48:38 909443 340076.2416
2019:05:06 14:48:39 203728 288960.5872
2019:05:06 14:48:40 164445 959909.1932
2019:05:06 14:48:40 432417 264304.1015
2019:05:06 14:48:40 755619 319591.6452
2019:05:06 14:48:40 916416 157680.7015
2019:05:06 14:48:41 320392 398158.0734
2019:05:06 14:48:41 696277 373130.7760
2019:05:06 14:48:42 49712 348562.7100
2019:05:06 14:48:42 290135 239207.2864
2019:05:06 14:48:42 702258 405158.2739
2019:05:06 14:48:43 29474 323521.9270
2019:05:06 14:48:43 325212 289151.5605
2019:05:06 14:48:43 673365 341137.1671
2019:05:06 14:48:44 57384 384008.3294
2019:05:06 14:48:44 334973 265832.7520
2019:05:06 14:48:44 657684 292324.9863
2019:05:06 14:48:44 891211 221401.3003
2019:05:06 14:48:45 72693 175127.3908
2019:05:06 14:48:45 354389 277640.3017
2019:05:06 14:48:45 598092 232219.9792
2019:05:06 14:48:45 804690 200406.4247
2019:05:06 14:48:46 81379 262753.7102
2019:05:06 14:48:46 397402 312104.9926
2019:05:06 14:48:46 709185 274535.3095
2019:05:06 14:48:47 43687 302333.7647
2019:05:06 14:48:47 555363 498003.5461
2019:05:06 14:48:47 874014 313804.6414
2019:05:06 14:48:48 172079 293589.5659
2019:05:06 14:48:48 465366 290732.5216
2019:05:06 14:48:48 777191 311814.8558
2019:05:06 14:48:49 110656 327712.2639
2019:05:06 14:48:49 489457 368943.0617
2019:05:06 14:48:49 798672 308751.7656
2019:05:06 14:48:50 184095 378883.9355
2019:05:06 14:48:50 475326 285473.4175
2019:05:06 14:48:51 473373 996019.1399
2019:05:06 14:48:52 5386 496022.7050
2019:05:06 14:48:52 385370 355983.9502
2019:05:06 14:48:52 621677 230199.1098
2019:05:06 14:48:53 241383 600022.7779
2019:05:06 14:48:53 462881 215832.6991
2019:05:06 14:48:53 733366 268842.7903
2019:05:06 14:48:54 319215 585840.2625
2019:05:06 14:48:54 697383 360022.4704
2019:05:06 14:48:55 21382 315948.4416
2019:05:06 14:48:55 417940 360578.8238
2019:05:06 14:48:55 729263 305185.8842
2019:05:06 14:48:56 37381 308107.6108
2019:05:06 14:48:56 427051 357691.4221
2019:05:06 14:48:56 628148 192087.9558
2019:05:06 14:48:57 58751 401391.3125
2019:05:06 14:48:57 338501 249142.1700
2019:05:06 14:48:57 645014 303633.2838
2019:05:06 14:48:57 903026 249126.2741
2019:05:06 14:48:58 151201 237835.0757
2019:05:06 14:48:58 347485 178972.4194
2019:05:06 14:48:58 705624 355677.7388
2019:05:06 14:48:59 69368 359628.2527
2019:05:06 14:48:59 361387 290690.6083
2019:05:06 14:48:59 657394 290557.9023
2019:05:06 14:49:00 41373 373886.6262
2019:05:06 14:49:00 349389 297707.1553
2019:05:06 14:49:00 757400 372039.1393
2019:05:06 14:49:00 998628 234321.5086
2019:05:06 14:49:01 325379 323076.4419
2019:05:06 14:49:01 545360 209063.2766
2019:05:06 14:49:01 933362 387993.9392
2019:05:06 14:49:02 449153 515780.3521
2019:05:06 14:49:02 781377 331844.3596
2019:05:06 14:49:03 325362 539138.9467
2019:05:06 14:49:03 761364 435990.1175
2019:05:06 14:49:04 185356 423981.5138
2019:05:06 14:49:04 545363 359712.8801
2019:05:06 14:49:04 895811 350094.2029
2019:05:06 14:49:05 183849 287928.8159
2019:05:06 14:49:05 413367 226245.6156
2019:05:06 14:49:05 806407 393030.6174
2019:05:06 14:49:06 129578 321541.4174
2019:05:06 14:49:06 437362 299160.0074
2019:05:06 14:49:06 837365 399991.5309
2019:05:06 14:49:07 213390 376012.9362
2019:05:06 14:49:07 633383 406753.3314
2019:05:06 14:49:07 941390 303492.8702
2019:05:06 14:49:08 265364 317415.5727
2019:05:06 14:49:08 525380 260006.1558
2019:05:06 14:49:08 829356 291102.8527
2019:05:06 14:49:09 130904 301458.4854
2019:05:06 14:49:09 395502 263362.3481
2019:05:06 14:49:09 744989 344162.2220
2019:05:06 14:49:10 61372 316372.9124
2019:05:06 14:49:10 272231 202858.5523
2019:05:06 14:49:10 545371 260013.7703
2019:05:06 14:49:10 833748 280162.6027
2019:05:06 14:49:11 125770 287125.8482
2019:05:06 14:49:11 517384 389972.4521
2019:05:06 14:49:11 817372 293362.7963
2019:05:06 14:49:12 429361 576006.8446
2019:05:06 14:49:12 830360 400988.5490
2019:05:06 14:49:13 109589 278430.3799
2019:05:06 14:49:13 805384 452022.2992
2019:05:06 14:49:14 173379 336276.3375
2019:05:06 14:49:14 565380 360019.8552
2019:05:06 14:49:15 69916 497625.1908
2019:05:06 14:49:15 489362 412859.7304
2019:05:06 14:49:15 825362 335989.7360
2019:05:06 14:49:16 177362 351988.7924
2019:05:06 14:49:16 481811 304440.1221
2019:05:06 14:49:16 853398 366694.3461
2019:05:06 14:49:17 145403 287976.3208
2019:05:06 14:49:17 601384 412027.2100
2019:05:06 14:49:18 329282 691912.0625
2019:05:06 14:49:18 683573 342816.0325
2019:05:06 14:49:18 998568 310079.2952
2019:05:06 14:49:19 190472 190298.4418
2019:05:06 14:49:19 376343 183032.7287
2019:05:06 14:49:19 615000 232444.4354
2019:05:06 14:49:19 848020 223646.2198
2019:05:06 14:49:20 71115 218664.2699
2019:05:06 14:49:20 376840 299565.8256
2019:05:06 14:49:21 217373 826140.8545
2019:05:06 14:49:22 62282 838183.1832
2019:05:06 14:49:22 521365 453356.1431
2019:05:06 14:49:23 41370 519993.9050
2019:05:06 14:49:23 349362 301405.8024
2019:05:06 14:49:24 18822 669450.5140
2019:05:06 14:49:24 453362 429220.7956
2019:05:06 14:49:24 929369 475997.2952
2019:05:06 14:49:25 425385 460023.6565
2019:05:06 14:49:25 970588 541647.3001
2019:05:06 14:49:26 523908 552103.5269
2019:05:06 14:49:26 892680 366303.6078
2019:05:06 14:49:27 369020 451659.3330
2019:05:06 14:49:27 831463 442101.7766
2019:05:06 14:49:28 313960 453013.9416
2019:05:06 14:49:28 626188 309358.5409
2019:05:06 14:49:29 117361 491162.7620
2019:05:06 14:49:29 654913 537541.6055
2019:05:06 14:49:30 29381 348019.3019
2019:05:06 14:49:30 425369 387158.1890
2019:05:06 14:49:30 713377 282391.3246
2019:05:06 14:49:31 11481 290510.4905
2019:05:06 14:49:31 337026 320749.8081
2019:05:06 14:49:31 623421 282324.4333
2019:05:06 14:49:31 970759 346087.6606
2019:05:06 14:49:32 473363 498927.3548
2019:05:06 14:49:33 88118 614744.2795
2019:05:06 14:49:33 732289 638884.9914
2019:05:06 14:49:34 313362 580669.6601
2019:05:06 14:49:34 859342 545970.0562
2019:05:06 14:49:35 201369 339965.8464
2019:05:06 14:49:35 609365 407986.0747
2019:05:06 14:49:36 29957 420581.9666
2019:05:06 14:49:36 381372 346122.6933
2019:05:06 14:49:36 753362 363733.6344
2019:05:06 14:49:37 9373 256001.0627
2019:05:06 14:49:37 255561 239628.7657
2019:05:06 14:49:37 634866 374388.4638
2019:05:06 14:49:38 100524 463640.6749
2019:05:06 14:49:38 549444 432082.4891
2019:05:06 14:49:38 885371 329365.1342
2019:05:06 14:49:39 203256 310885.2692
2019:05:06 14:49:39 641222 436331.0821
2019:05:06 14:49:39 997372 340013.4332
2019:05:06 14:49:40 301381 298918.4968
2019:05:06 14:49:40 781357 470865.5328
2019:05:06 14:49:41 361358 578601.3752
2019:05:06 14:49:42 184458 821660.0828
2019:05:06 14:49:42 657370 469683.8446
2019:05:06 14:49:43 57357 393699.5901
2019:05:06 14:49:43 533361 475992.1841
2019:05:06 14:49:43 885129 350272.0781
2019:05:06 14:49:44 257378 372238.5615
2019:05:06 14:49:44 700874 415516.2983
2019:05:06 14:49:44 981422 276872.9888
2019:05:06 14:49:45 630607 636224.6536
2019:05:06 14:49:45 941382 305892.3408
2019:05:06 14:49:46 369385 392022.1366
2019:05:06 14:49:46 587449 213002.0596
2019:05:06 14:49:46 969393 364033.0732
2019:05:06 14:49:47 309653 300298.5381
2019:05:06 14:49:47 607071 265715.8896
2019:05:06 14:49:47 856531 247443.5270
2019:05:06 14:49:48 253438 388065.5915
2019:05:06 14:49:48 526621 258412.8641
2019:05:06 14:49:48 742545 210565.2019
2019:05:06 14:49:49 3155 258190.6579
2019:05:06 14:49:49 309392 301388.9790
2019:05:06 14:49:49 604079 290258.8248
2019:05:06 14:49:49 856281 246884.1039
2019:05:06 14:49:50 143006 278398.5622
2019:05:06 14:49:50 488602 342302.2032
2019:05:06 14:49:50 755254 262308.9366
2019:05:06 14:49:51 56682 293790.1542
2019:05:06 14:49:51 458200 399536.7549
2019:05:06 14:49:52 137884 679669.9353
2019:05:06 14:49:52 571150 433251.5299
2019:05:06 14:49:52 896644 319994.0957
2019:05:06 14:49:53 231260 332474.2690
2019:05:06 14:49:53 775941 543855.2946
2019:05:06 14:49:54 122826 321465.6860
2019:05:06 14:49:54 549379 404018.0631
2019:05:06 14:49:55 107495 549606.5468
2019:05:06 14:49:55 509399 376039.4566
2019:05:06 14:49:55 781379 265944.2164
2019:05:06 14:49:56 97382 283312.4772
2019:05:06 14:49:56 369363 265736.5017
2019:05:06 14:49:56 981364 611992.2735
2019:05:06 14:49:57 317367 335993.2750
2019:05:06 14:49:57 633368 315992.9067
2019:05:06 14:49:57 998440 358742.0210
2019:05:06 14:49:58 777366 744007.0771
2019:05:06 14:49:59 285364 503122.3856
2019:05:06 14:49:59 617381 332007.4305
2019:05:06 14:49:59 909369 287344.1800
2019:05:06 14:50:00 265363 350908.6147
2019:05:06 14:50:00 622778 357405.0963
2019:05:06 14:50:00 961381 331236.5748
2019:05:06 14:50:01 685368 718885.3994
2019:05:06 14:50:02 91254 398591.3470
2019:05:06 14:50:02 509360 412408.6723
2019:05:06 14:50:02 769379 260009.0690
2019:05:06 14:50:03 153364 378653.9026
2019:05:06 14:50:03 557372 403998.1887
2019:05:06 14:50:03 984991 419670.5073
2019:05:06 14:50:04 290018 305017.2180
2019:05:06 14:50:04 526339 193322.9826
2019:05:06 14:50:04 787724 256474.9159
2019:05:06 14:50:05 49396 256414.8381
2019:05:06 14:50:05 281376 225433.8376
2019:05:06 14:50:05 977371 660008.6764
2019:05:06 14:50:06 317374 304006.7032
2019:05:06 14:50:06 673163 351593.4609
2019:05:06 14:50:07 134360 461181.7449
2019:05:06 14:50:07 465337 325647.9166
2019:05:06 14:50:07 797372 331676.3602
2019:05:06 14:50:08 185349 380473.7628
2019:05:06 14:50:08 529370 344010.3978
2019:05:06 14:50:08 981356 447379.6971
2019:05:06 14:50:09 277378 295739.1478
2019:05:06 14:50:09 815174 534937.3892
2019:05:06 14:50:10 152651 319471.1953
2019:05:06 14:50:10 535634 382563.8704
2019:05:06 14:50:10 908516 372078.3554
2019:05:06 14:50:11 148973 237331.5208
2019:05:06 14:50:11 481383 316793.6839
2019:05:06 14:50:11 863889 376804.3555
2019:05:06 14:50:12 241361 373393.9193
2019:05:06 14:50:12 653378 412005.3761
2019:05:06 14:50:13 2611 344062.7046
2019:05:06 14:50:13 325364 317854.8329
2019:05:06 14:50:13 765237 439862.9256
2019:05:06 14:50:14 147389 382131.2748
2019:05:06 14:50:14 509363 354627.6018
2019:05:06 14:50:14 756793 247419.8230
2019:05:06 14:50:15 141826 368466.8392
2019:05:06 14:50:15 527593 366235.9267
2019:05:06 14:50:15 833364 300458.4163
2019:05:06 14:50:16 85872 252498.0865
2019:05:06 14:50:16 429369 343488.2797
2019:05:06 14:50:16 870413 385057.7027
2019:05:06 14:50:17 253383 356024.1833
2019:05:06 14:50:17 721379 432018.4179
2019:05:06 14:50:17 941395 211258.5977
2019:05:06 14:50:18 374772 420622.4121
2019:05:06 14:50:18 940429 552576.3817
2019:05:06 14:50:19 689381 736019.9839
2019:05:06 14:50:20 213378 493071.8988
2019:05:06 14:50:20 689539 469589.0695
2019:05:06 14:50:20 928292 237510.9494
2019:05:06 14:50:21 200676 269092.1128
2019:05:06 14:50:21 469057 266350.2172
2019:05:06 14:50:21 744327 257189.4452
2019:05:06 14:50:21 991737 240829.2294
2019:05:06 14:50:22 295196 297778.6846
2019:05:06 14:50:22 490981 189554.3598
2019:05:06 14:50:22 732708 237220.3432
2019:05:06 14:50:23 29370 293318.0407
2019:05:06 14:50:23 383684 354300.3500
2019:05:06 14:50:23 637400 252888.4076
2019:05:06 14:50:23 933390 289252.4078
2019:05:06 14:50:24 634072 695853.4345
2019:05:06 14:50:25 85380 432021.5657
2019:05:06 14:50:25 433379 347989.5890
2019:05:06 14:50:25 753384 309592.9213
2019:05:06 14:50:26 47541 289974.9689
2019:05:06 14:50:26 373356 320918.2546
2019:05:06 14:50:26 669983 296614.3042
2019:05:06 14:50:26 816210 141326.2822
2019:05:06 14:50:27 101364 277813.5985
2019:05:06 14:50:27 665361 563988.0486
2019:05:06 14:50:27 981379 316005.6323
2019:05:06 14:50:28 393657 406350.1880
2019:05:06 14:50:28 797375 384015.6756
2019:05:06 14:50:29 181372 352011.7998
2019:05:06 14:50:29 570820 357465.3938
2019:05:06 14:50:29 843617 269521.9144
2019:05:06 14:50:30 220016 376387.3354
2019:05:06 14:50:30 969379 747695.8111
2019:05:06 14:50:31 391052 413287.0622
2019:05:06 14:50:31 745431 349877.4394
2019:05:06 14:50:32 11223 265782.0657
2019:05:06 14:50:32 321356 304373.4953
2019:05:06 14:50:32 687375 363642.2679
2019:05:06 14:50:32 972845 280985.5193
2019:05:06 14:50:33 284719 308200.5270
2019:05:06 14:50:33 693372 384008.6125
2019:05:06 14:50:34 101366 400514.5840
2019:05:06 14:50:34 566065 464688.7928
2019:05:06 14:50:34 821375 254885.9306
2019:05:06 14:50:35 116155 288317.8480
2019:05:06 14:50:35 428275 307644.7919
2019:05:06 14:50:35 717053 287116.5462
2019:05:06 14:50:36 61382 316021.5281
2019:05:06 14:50:36 589363 521732.7513
2019:05:06 14:50:36 997365 407991.8079
2019:05:06 14:50:37 369722 372341.9160
2019:05:06 14:50:37 737363 348008.0888
2019:05:06 14:50:38 101211 363836.9031
2019:05:06 14:50:38 440763 323403.6304
2019:05:06 14:50:39 39542 574180.3944
2019:05:06 14:50:39 313010 261514.3247
2019:05:06 14:50:39 633366 304357.0481
2019:05:06 14:50:39 961026 327649.8765
2019:05:06 14:50:40 361367 400330.5510
2019:05:06 14:50:40 804181 442801.3079
2019:05:06 14:50:41 117367 310335.9900
2019:05:06 14:50:41 437357 319979.8912
2019:05:06 14:50:41 753380 316010.8291
2019:05:06 14:50:42 144113 383389.3389
2019:05:06 14:50:42 502912 354706.0527
2019:05:06 14:50:42 833361 327996.4328
2019:05:06 14:50:43 209363 375993.5014
2019:05:06 14:50:43 732526 523152.0161
2019:05:06 14:50:44 36067 286707.3603
2019:05:06 14:50:44 497396 444038.4619
2019:05:06 14:50:44 837368 327266.5180
2019:05:06 14:50:45 237363 387945.0373
2019:05:06 14:50:45 525389 288016.5838
2019:05:06 14:50:45 861605 328488.4021
2019:05:06 14:50:46 196247 302888.5387
2019:05:06 14:50:46 573372 373453.8145
2019:05:06 14:50:47 85382 475351.9706
2019:05:06 14:50:47 417378 325976.5208
2019:05:06 14:50:47 800112 371909.2682
2019:05:06 14:50:48 193397 390837.7215
2019:05:06 14:50:48 653384 453026.6114
2019:05:06 14:50:48 937370 280338.1681
2019:05:06 14:50:49 225372 281229.3731
2019:05:06 14:50:49 509374 278935.9614
2019:05:06 14:50:50 85363 570254.2141
2019:05:06 14:50:50 419387 334013.5217
2019:05:06 14:50:50 935849 490496.1064
2019:05:06 14:50:51 349378 412205.1112
2019:05:06 14:50:52 225874 848512.9103
2019:05:06 14:50:52 495386 259642.5675
2019:05:06 14:50:52 697368 201172.3407
2019:05:06 14:50:53 15597 318215.2547
2019:05:06 14:50:53 638787 618281.3533
2019:05:06 14:50:54 317376 676183.6931
2019:05:06 14:50:54 748134 430741.4629
2019:05:06 14:50:55 146502 395987.0003
2019:05:06 14:50:55 612396 456375.2897
2019:05:06 14:50:56 38041 422708.7162
2019:05:06 14:50:56 554603 508367.7359
2019:05:06 14:50:56 866712 310301.0133
2019:05:06 14:50:57 220204 351012.0921
2019:05:06 14:50:57 676604 453522.4438
2019:05:06 14:50:57 987077 307744.9836
2019:05:06 14:50:58 504884 491519.4251
2019:05:06 14:50:58 883219 371887.4939
2019:05:06 14:50:59 352612 457237.1691
2019:05:06 14:51:00 226789 851500.4478
2019:05:06 14:51:00 641362 412940.2414
2019:05:06 14:51:01 311418 670046.9181
2019:05:06 14:51:01 763475 452046.0591
2019:05:06 14:51:02 365381 584019.9292
2019:05:06 14:51:02 894684 477326.7992
2019:05:06 14:51:03 237365 324011.1433
2019:05:06 14:51:03 521363 283988.2635
2019:05:06 14:51:03 965360 443985.4398
2019:05:06 14:51:04 289558 324187.1037
2019:05:06 14:51:04 623883 331864.8450
2019:05:06 14:51:04 901396 270551.5437
2019:05:06 14:51:05 283776 335093.8521
2019:05:06 14:51:06 29358 732930.8167
2019:05:06 14:51:06 405367 375390.8165
2019:05:06 14:51:06 893366 487989.0643
2019:05:06 14:51:07 403918 510541.8228
2019:05:06 14:51:08 155035 729674.6969
2019:05:06 14:51:08 461495 300092.3470
2019:05:06 14:51:09 5373 512010.2614
2019:05:06 14:51:09 438065 396702.8297
2019:05:06 14:51:10 123835 614477.3588
2019:05:06 14:51:10 529782 399530.9062
2019:05:06 14:51:10 985054 451357.6962
2019:05:06 14:51:11 305364 317874.6030
2019:05:06 14:51:12 229362 923988.2454
2019:05:06 14:51:12 505544 276172.2617
2019:05:06 14:51:12 885372 364639.5281
2019:05:06 14:51:13 309364 384008.2176
2019:05:06 14:51:13 605356 295983.2959
2019:05:06 14:51:13 944179 338810.6264
2019:05:06 14:51:14 313355 369159.6165
2019:05:06 14:51:14 692676 377461.9699
2019:05:06 14:51:15 25380 329851.0313
2019:05:06 14:51:15 431580 391976.6359
2019:05:06 14:51:15 939880 491501.6480
2019:05:06 14:51:16 206181 266291.9611
2019:05:06 14:51:16 669366 452012.7848
2019:05:06 14:51:17 9010 339634.2136
2019:05:06 14:51:17 473362 460275.6612
2019:05:06 14:51:17 945854 472482.3534
2019:05:06 14:51:18 761369 810627.7399
2019:05:06 14:51:19 249363 476271.9609
2019:05:06 14:51:19 469364 219991.1140
2019:05:06 14:51:19 933373 463997.5354
2019:05:06 14:51:20 477356 537974.3651
2019:05:06 14:51:20 853366 374128.9116
2019:05:06 14:51:21 353363 499987.3303
2019:05:06 14:51:21 805362 451989.1962
2019:05:06 14:51:22 109365 303992.6626
2019:05:06 14:51:22 749358 639983.4529
2019:05:06 14:51:23 139699 390331.0597
2019:05:06 14:51:23 501363 357162.9822
2019:05:06 14:51:23 945363 443990.2380
2019:05:06 14:51:24 285384 340011.0640
2019:05:06 14:51:24 660689 335289.0983
2019:05:06 14:51:25 181370 514914.4158
2019:05:06 14:51:25 760413 579029.6867
2019:05:06 14:51:26 235766 455230.5564
2019:05:06 14:51:26 526128 287924.6995
2019:05:06 14:51:26 929159 396888.7441
2019:05:06 14:51:27 262981 333797.6001
2019:05:06 14:51:27 593368 323032.0476
2019:05:06 14:51:27 980640 387255.0167
2019:05:06 14:51:28 382461 400193.8887
2019:05:06 14:51:28 865370 482478.2982
2019:05:06 14:51:29 142060 265370.4695
2019:05:06 14:51:29 527464 366104.1334
2019:05:06 14:51:29 906710 373960.0293
2019:05:06 14:51:30 557362 645341.3516
2019:05:06 14:51:30 977373 420001.6595
2019:05:06 14:51:31 289598 312214.5347
2019:05:06 14:51:31 892110 595556.6503
2019:05:06 14:51:32 225373 330016.9148
2019:05:06 14:51:32 739580 514196.2059
2019:05:06 14:51:33 145381 380026.9924
2019:05:06 14:51:33 453362 293894.4511
2019:05:06 14:51:33 757382 304009.5344
2019:05:06 14:51:34 36723 272774.0370
2019:05:06 14:51:34 465363 424546.1524
2019:05:06 14:51:34 751792 286421.8876
2019:05:06 14:51:35 297368 544744.7784
2019:05:06 14:51:35 615619 318239.1375
2019:05:06 14:51:36 212370 579009.9576
2019:05:06 14:51:36 813525 572170.3283
2019:05:06 14:51:37 257357 436842.2516
2019:05:06 14:51:37 610282 352913.9310
2019:05:06 14:51:38 200737 587173.2347
2019:05:06 14:51:38 573363 369782.2168
2019:05:06 14:51:39 89268 515895.2959
2019:05:06 14:51:39 626649 537369.9181
2019:05:06 14:51:40 49380 417819.9470
2019:05:06 14:51:40 262846 213455.3641
2019:05:06 14:51:40 513085 248208.3626
2019:05:06 14:51:40 877380 348020.8293
2019:05:06 14:51:41 185389 295454.2898
2019:05:06 14:51:41 609406 388051.0740
2019:05:06 14:51:41 817371 201499.1641
2019:05:06 14:51:42 121360 293739.5498
2019:05:06 14:51:42 481362 359992.9139
2019:05:06 14:51:43 49364 567989.8262
2019:05:06 14:51:43 382745 333370.8830
2019:05:06 14:51:43 592427 208468.5750
2019:05:06 14:51:43 921397 300042.7037
2019:05:06 14:51:44 265369 312003.5902
2019:05:06 14:51:44 547278 276484.5565
2019:05:06 14:51:45 213377 664075.7248
2019:05:06 14:51:45 689367 467946.4586
2019:05:06 14:51:46 265364 575985.9905
2019:05:06 14:51:46 645362 379988.7747
2019:05:06 14:51:47 3206 357834.2348
2019:05:06 14:51:47 628611 622968.6067
2019:05:06 14:51:48 55584 402226.2357
2019:05:06 14:51:48 357380 284022.2754
2019:05:06 14:51:48 700228 302867.4088
2019:05:06 14:51:49 617372 900010.1537
2019:05:06 14:51:49 949367 326547.6264
2019:05:06 14:51:50 193399 244021.6951
2019:05:06 14:51:50 569378 340017.4640
2019:05:06 14:51:50 873388 298284.6908
2019:05:06 14:51:51 405379 526377.7934
2019:05:06 14:51:51 884349 450985.7707
2019:05:06 14:51:52 181379 268021.2632
2019:05:06 14:51:52 511483 319154.0502
2019:05:06 14:51:52 689370 174225.0398
2019:05:06 14:51:52 927295 231071.0438
2019:05:06 14:51:53 459618 524130.9926
2019:05:06 14:51:53 691462 226957.0716
2019:05:06 14:51:54 54397 351482.7229
2019:05:06 14:51:54 293142 233489.5916
2019:05:06 14:51:54 529044 233039.3754
2019:05:06 14:51:54 765318 231751.0210
2019:05:06 14:51:54 983219 212398.5589
2019:05:06 14:51:55 277774 291287.1726
2019:05:06 14:51:55 553484 265880.5959
2019:05:06 14:51:55 810728 254397.1911
2019:05:06 14:51:56 38831 224022.8765
2019:05:06 14:51:56 377326 332581.7585
2019:05:06 14:51:56 861361 480333.2090
2019:05:06 14:51:57 133373 269446.6710
2019:05:06 14:51:57 682693 549306.2288
2019:05:06 14:51:58 14859 305488.0835
2019:05:06 14:51:58 749376 704017.4007
2019:05:06 14:51:59 251210 501817.7442
2019:05:06 14:51:59 605926 349426.9215
2019:05:06 14:51:59 914130 308161.3667
2019:05:06 14:52:00 225382 282594.2896
2019:05:06 14:52:00 530090 298074.9309
2019:05:06 14:52:01 182132 650396.9915
2019:05:06 14:52:01 419543 235356.6810
2019:05:06 14:52:01 953379 500021.8749
2019:05:06 14:52:02 515766 514407.7353
2019:05:06 14:52:03 317388 772029.9810
2019:05:06 14:52:03 713355 385810.9973
2019:05:06 14:52:03 969379 253102.2243
2019:05:06 14:52:04 375703 378345.2287
2019:05:06 14:52:04 701362 318294.0483
2019:05:06 14:52:05 65364 363991.9199
2019:05:06 14:52:05 289373 223999.0011
2019:05:06 14:52:05 608526 312505.7481
2019:05:06 14:52:06 21370 384003.1624
2019:05:06 14:52:06 367615 306251.1832
2019:05:06 14:52:06 779262 381904.8889
2019:05:06 14:52:07 36884 239523.9882
2019:05:06 14:52:07 549357 484003.8382
2019:05:06 14:52:07 876112 326743.0216
2019:05:06 14:52:08 238612 337253.6078
2019:05:06 14:52:08 537378 265196.5953
2019:05:06 14:52:08 861366 318029.5974
2019:05:06 14:52:09 137386 276007.3766
2019:05:06 14:52:09 405822 262169.3462
2019:05:06 14:52:09 801850 368496.6974
2019:05:06 14:52:10 179489 350136.2726
2019:05:06 14:52:10 462517 265163.8500
2019:05:06 14:52:10 838956 376428.3657
2019:05:06 14:52:11 126059 286302.1679
2019:05:06 14:52:11 541371 396011.5425
2019:05:06 14:52:12 53367 504917.9494
2019:05:06 14:52:12 348566 295188.4456
2019:05:06 14:52:12 866840 517448.0155
2019:05:06 14:52:13 173384 305315.7404
2019:05:06 14:52:13 613369 408006.1093
2019:05:06 14:52:13 997464 377816.7963
2019:05:06 14:52:14 208699 211224.9509
2019:05:06 14:52:14 485581 274416.7261
2019:05:06 14:52:14 985372 472012.8961
2019:05:06 14:52:15 409370 388008.4343
2019:05:06 14:52:16 305035 859674.4202
2019:05:06 14:52:16 757372 432011.9321
2019:05:06 14:52:17 297369 504009.4554
2019:05:06 14:52:17 681398 348039.8059
2019:05:06 14:52:18 521385 804024.5213
2019:05:06 14:52:19 121364 590307.6157
2019:05:06 14:52:19 577179 455804.4523
2019:05:06 14:52:19 933477 350214.3323
2019:05:06 14:52:20 179340 245452.8101
2019:05:06 14:52:20 547171 359989.6580
2019:05:06 14:52:20 801231 249988.1200
2019:05:06 14:52:21 38654 226513.0989
2019:05:06 14:52:21 441361 397391.2410
2019:05:06 14:52:22 269376 827998.0160
2019:05:06 14:52:22 705363 430578.2132
2019:05:06 14:52:23 445358 739984.4192
2019:05:06 14:52:24 121362 674383.6589
2019:05:06 14:52:24 929356 807985.0376
2019:05:06 14:52:25 928955 999587.8674
2019:05:06 14:52:26 383185 429824.6726
2019:05:06 14:52:26 801394 392033.8377
2019:05:06 14:52:27 209390 372027.4642
2019:05:06 14:52:27 625929 372573.0330
2019:05:06 14:52:28 5364 373302.0537
2019:05:06 14:52:28 397377 392002.4931
2019:05:06 14:52:28 639040 237153.7276
2019:05:06 14:52:29 9402 363841.8391
2019:05:06 14:52:29 461370 441409.4351
2019:05:06 14:52:30 113362 651978.3996
2019:05:06 14:52:30 453821 339468.9187
2019:05:06 14:52:30 773392 314667.9327
2019:05:06 14:52:31 61398 282401.8896
2019:05:06 14:52:31 545371 474707.1713
2019:05:06 14:52:31 973368 427983.7422
2019:05:06 14:52:32 313400 340019.1814
2019:05:06 14:52:32 762894 429527.5062
2019:05:06 14:52:33 145367 363999.8473
2019:05:06 14:52:33 632025 480427.9469
2019:05:06 14:52:34 127215 473858.1777
2019:05:06 14:52:34 516764 382166.9742
2019:05:06 14:52:34 912790 392401.8592
2019:05:06 14:52:35 261382 336267.3633
2019:05:06 14:52:35 525141 259301.6848
2019:05:06 14:52:35 965369 436985.3847
2019:05:06 14:52:36 401362 435979.6047
2019:05:06 14:52:36 941044 539672.6876
2019:05:06 14:52:37 298312 350692.0710
2019:05:06 14:52:37 804521 501294.5235
2019:05:06 14:52:38 137380 330409.7839
2019:05:06 14:52:38 513361 369777.6161
2019:05:06 14:52:39 33363 519991.9194
2019:05:06 14:52:39 449363 415989.7901
2019:05:06 14:52:39 849362 399989.3479
2019:05:06 14:52:40 305368 455996.4277
2019:05:06 14:52:40 610068 296494.3983
2019:05:06 14:52:40 922587 293235.5292
2019:05:06 14:52:41 334328 408445.9543
2019:05:06 14:52:41 611235 272394.3293
2019:05:06 14:52:42 141427 512064.8965
2019:05:06 14:52:42 369397 221739.1692
2019:05:06 14:52:42 665026 255671.9407
2019:05:06 14:52:42 941356 260002.8589
2019:05:06 14:52:43 505362 559363.3130
2019:05:06 14:52:43 817371 311999.6823
2019:05:06 14:52:44 161365 335205.8195
2019:05:06 14:52:44 429361 267985.3737
2019:05:06 14:52:44 685383 256012.8644
2019:05:06 14:52:45 3330 310857.4115
2019:05:06 14:52:45 303964 270602.8707
2019:05:06 14:52:45 557381 246474.6982
2019:05:06 14:52:45 829385 261606.1457
2019:05:06 14:52:46 115099 280605.2603
2019:05:06 14:52:46 689369 544007.9197
2019:05:06 14:52:46 946682 247423.5967
2019:05:06 14:52:47 351399 386036.2805
2019:05:06 14:52:47 757374 380014.3935
2019:05:06 14:52:48 277404 488043.0512
2019:05:06 14:52:48 578179 263678.0478
2019:05:06 14:52:48 745989 152921.2706
2019:05:06 14:52:48 988707 236614.1006
2019:05:06 14:52:49 206599 214314.8370
2019:05:06 14:52:49 642702 429540.7645
2019:05:06 14:52:50 764693 1119371.4477
2019:05:06 14:52:51 20937 255429.3424
2019:05:06 14:52:51 361376 333886.8693
2019:05:06 14:52:51 973199 604933.2768
2019:05:06 14:52:52 541362 568137.8655
2019:05:06 14:52:52 829389 288017.1798
2019:05:06 14:52:53 165394 328870.7025
2019:05:06 14:52:53 441888 269890.8858
2019:05:06 14:52:53 834437 368588.3507
2019:05:06 14:52:54 137385 291938.3347
2019:05:06 14:52:54 337008 193896.5656
2019:05:06 14:52:54 783495 434251.2712
2019:05:06 14:52:55 181363 397858.3738
2019:05:06 14:52:55 637365 455992.3075
2019:05:06 14:52:56 17365 379990.0375
2019:05:06 14:52:56 532944 515569.4485
2019:05:06 14:52:57 265190 728988.5134
2019:05:06 14:52:57 663217 398010.1794
2019:05:06 14:52:58 377387 688026.4059
2019:05:06 14:52:58 901385 516387.9432
2019:05:06 14:52:59 270715 357175.9164
2019:05:06 14:52:59 569377 297437.6529
2019:05:06 14:52:59 801366 220076.2294
2019:05:06 14:52:59 998742 197362.8514
2019:05:06 14:53:00 273376 256022.1143
2019:05:06 14:53:00 493110 212189.5626
2019:05:06 14:53:00 715939 222037.9375
2019:05:06 14:53:01 60415 323057.7894
2019:05:06 14:53:01 361057 288350.6678
2019:05:06 14:53:01 711956 347645.2753
2019:05:06 14:53:02 53505 335403.0289
2019:05:06 14:53:02 478910 397532.0570
2019:05:06 14:53:02 705411 216435.2797
2019:05:06 14:53:03 44603 299233.3956
2019:05:06 14:53:03 321872 270750.9920
2019:05:06 14:53:03 931471 601380.1135
2019:05:06 14:53:04 370571 413200.4976
2019:05:06 14:53:04 641424 268030.3417
2019:05:06 14:53:04 998925 321553.7183
2019:05:06 14:53:05 311805 298446.0108
2019:05:06 14:53:05 569384 250950.2321
2019:05:06 14:53:05 849378 266424.5702
2019:05:06 14:53:06 265363 405120.0934
2019:05:06 14:53:06 572937 307565.1154
2019:05:06 14:53:06 949375 352011.7663
2019:05:06 14:53:07 578805 593451.4478
2019:05:06 14:53:08 329370 732007.5929
2019:05:06 14:53:08 845370 480010.0662
2019:05:06 14:53:09 233377 381822.3141
2019:05:06 14:53:09 795219 551310.3195
2019:05:06 14:53:10 213380 416519.9399
2019:05:06 14:53:10 799967 550611.1272
2019:05:06 14:53:11 152245 346946.8094
2019:05:06 14:53:11 701076 531716.7267
2019:05:06 14:53:12 15807 309406.7201
2019:05:06 14:53:12 318085 296956.2411
2019:05:06 14:53:12 846467 501114.1263
2019:05:06 14:53:13 157371 303524.4495
2019:05:06 14:53:13 641376 464016.0836
2019:05:06 14:53:13 970320 322263.5165
2019:05:06 14:53:14 381374 380010.9811
2019:05:06 14:53:15 353245 963286.3067
2019:05:06 14:53:16 105358 748045.6047
2019:05:06 14:53:16 441363 335321.8362
2019:05:06 14:53:16 985363 543990.8989
2019:05:06 14:53:17 413365 427991.7553
2019:05:06 14:53:17 798067 384692.3858
2019:05:06 14:53:18 305373 480013.3295
2019:05:06 14:53:19 41364 729694.1392
2019:05:06 14:53:19 673070 631695.3301
2019:05:06 14:53:20 204722 471363.1384
2019:05:06 14:53:20 859052 637692.6303
2019:05:06 14:53:21 221375 328015.6590
2019:05:06 14:53:21 548543 321114.1787
2019:05:06 14:53:21 849365 291790.1762
2019:05:06 14:53:22 101389 252013.0649
2019:05:06 14:53:22 442274 334658.8686
2019:05:06 14:53:22 711333 267865.7845
2019:05:06 14:53:23 131981 413267.0388
2019:05:06 14:53:23 440408 307616.7293
2019:05:06 14:53:23 764383 307023.3054
2019:05:06 14:53:24 25362 256065.3314
2019:05:06 14:53:24 273373 248000.8453
2019:05:06 14:53:24 617356 336940.8324
2019:05:06 14:53:25 103249 484147.0122
2019:05:06 14:53:25 947002 827502.7350
2019:05:06 14:53:26 261336 304077.7594
2019:05:06 14:53:26 629364 357401.7659
2019:05:06 14:53:26 921195 291819.2446
2019:05:06 14:53:27 281368 336014.9525
2019:05:06 14:53:27 695432 407292.2766
2019:05:06 14:53:28 121363 422639.3811
2019:05:06 14:53:28 645363 523989.2825
2019:05:06 14:53:29 322793 677418.9621
2019:05:06 14:53:29 658142 308779.8879
2019:05:06 14:53:29 949515 285969.5517
2019:05:06 14:53:30 334043 364220.0865
2019:05:06 14:53:30 720242 365676.6377
2019:05:06 14:53:31 537381 800016.0381
2019:05:06 14:53:31 889372 347477.6074
2019:05:06 14:53:32 233336 329735.5846
2019:05:06 14:53:32 549383 316033.0616
2019:05:06 14:53:32 839903 284667.7974
2019:05:06 14:53:33 104102 262546.0252
2019:05:06 14:53:33 357641 246571.9059
2019:05:06 14:53:33 725393 360792.0408
2019:05:06 14:53:34 230492 496779.5685
2019:05:06 14:53:34 565370 329600.9339
2019:05:06 14:53:35 85402 520018.1231
2019:05:06 14:53:35 450129 356168.8475
2019:05:06 14:53:35 965288 515144.3779
2019:05:06 14:53:36 317378 348054.4388
2019:05:06 14:53:36 918649 601256.9219
2019:05:06 14:53:37 809378 856017.7125
2019:05:06 14:53:38 193365 379670.4188
2019:05:06 14:53:38 537371 343995.4631
2019:05:06 14:53:38 835196 284219.9020
2019:05:06 14:53:39 189383 353769.1534
2019:05:06 14:53:39 525387 327530.4250
2019:05:06 14:53:39 805268 274418.9054
2019:05:06 14:53:40 401369 572010.0701
2019:05:06 14:53:40 974091 556878.5109
2019:05:06 14:53:41 277741 295737.4454
2019:05:06 14:53:41 641394 332027.7818
2019:05:06 14:53:41 932238 285494.8565
2019:05:06 14:53:42 285734 324381.3328
2019:05:06 14:53:42 525386 233539.2609
2019:05:06 14:53:42 785363 251425.8735
2019:05:06 14:53:43 289777 504404.3884
2019:05:06 14:53:43 656755 351396.7022
2019:05:06 14:53:43 929388 256036.1028
2019:05:06 14:53:44 271941 336707.1413
2019:05:06 14:53:44 596736 321918.3460
2019:05:06 14:53:45 105401 480039.8834
2019:05:06 14:53:45 397392 286658.3243
2019:05:06 14:53:45 837369 424010.7760
2019:05:06 14:53:46 201048 356756.2066
2019:05:06 14:53:46 621434 417539.9281
2019:05:06 14:53:46 965378 343933.7015
2019:05:06 14:53:47 276789 305185.0758
2019:05:06 14:53:47 749371 456010.3640
2019:05:06 14:53:48 149363 393811.7102
2019:05:06 14:53:48 621900 472527.4071
2019:05:06 14:53:49 89364 463800.6091
2019:05:06 14:53:49 493363 403986.4875
2019:05:06 14:53:49 897363 403990.6673
2019:05:06 14:53:50 261372 363998.8266
2019:05:06 14:53:50 588763 327381.2197
2019:05:06 14:53:50 985361 362882.4875
2019:05:06 14:53:51 340013 354640.9421
2019:05:06 14:53:51 625925 283432.7742
2019:05:06 14:53:51 949917 317431.4164
2019:05:06 14:53:52 296003 341214.9251
2019:05:06 14:53:52 671559 373511.9440
2019:05:06 14:53:52 985942 312718.3206
2019:05:06 14:53:53 319613 329781.9570
2019:05:06 14:53:53 552222 230189.8450
2019:05:06 14:53:53 862288 303493.4662
2019:05:06 14:53:54 241189 374016.0130
2019:05:06 14:53:54 467879 226678.4012
2019:05:06 14:53:54 745474 264176.8865
2019:05:06 14:53:55 48610 286762.5318
2019:05:06 14:53:55 325905 274488.4938
2019:05:06 14:53:55 744431 418518.9418
2019:05:06 14:53:56 95058 347268.5181
2019:05:06 14:53:56 522639 424741.7748
2019:05:06 14:53:56 793288 269705.9289
2019:05:06 14:53:57 89385 291969.3813
2019:05:06 14:53:57 673364 576702.8257
2019:05:06 14:53:58 274252 600877.2179
2019:05:06 14:53:58 671523 396477.8259
2019:05:06 14:53:59 131084 457507.5731
2019:05:06 14:53:59 608237 472246.5873
2019:05:06 14:54:00 205379 596743.3788
2019:05:06 14:54:00 595206 353848.9789
2019:05:06 14:54:00 901371 296776.6747
2019:05:06 14:54:01 425362 523980.6324
2019:05:06 14:54:01 828215 402842.9501
2019:05:06 14:54:02 201379 370328.4711
2019:05:06 14:54:02 550814 337505.5492
2019:05:06 14:54:03 181369 604010.8688
2019:05:06 14:54:03 813362 628022.0374
2019:05:06 14:54:04 225386 412010.5691
2019:05:06 14:54:04 837364 600047.9870
2019:05:06 14:54:05 202048 364674.2515
2019:05:06 14:54:05 527652 320246.1749
2019:05:06 14:54:06 89603 532243.4455
2019:05:06 14:54:06 393499 300590.3773
2019:05:06 14:54:06 645379 245285.9171
2019:05:06 14:54:06 981382 331076.8865
2019:05:06 14:54:07 429382 447986.3718
2019:05:06 14:54:07 809371 379975.9485
2019:05:06 14:54:08 65437 256052.8591
2019:05:06 14:54:08 338430 267055.8579
2019:05:06 14:54:08 709375 363971.4420
2019:05:06 14:54:09 75255 365709.2787
2019:05:06 14:54:09 497384 404011.2384
2019:05:06 14:54:10 112776 609084.7775
2019:05:06 14:54:10 537522 408162.4039
2019:05:06 14:54:10 817371 256011.9666
2019:05:06 14:54:11 199252 373976.6255
2019:05:06 14:54:11 418342 217481.9447
2019:05:06 14:54:11 691945 246583.5400
2019:05:06 14:54:11 875446 178583.0408
2019:05:06 14:54:12 115862 233471.0844
2019:05:06 14:54:12 417371 272017.1921
2019:05:06 14:54:12 781422 347718.2426
2019:05:06 14:54:13 201391 392018.6497
2019:05:06 14:54:13 817376 544019.6246
2019:05:06 14:54:14 403666 575061.7906
2019:05:06 14:54:15 21363 613608.6993
2019:05:06 14:54:15 532925 511552.4679
2019:05:06 14:54:15 938374 381010.6777
2019:05:06 14:54:16 633372 668010.8272
2019:05:06 14:54:16 929383 288568.2657
2019:05:06 14:54:17 409378 448017.0533
2019:05:06 14:54:17 933363 518053.5316
2019:05:06 14:54:18 533362 599988.3562
2019:05:06 14:54:18 961363 427991.3940
2019:05:06 14:54:19 249361 287987.6234
2019:05:06 14:54:19 681363 431988.2430
2019:05:06 14:54:19 929403 248030.5992
2019:05:06 14:54:20 343417 410445.8727
2019:05:06 14:54:20 669364 324335.1616
2019:05:06 14:54:20 977355 307980.6082
2019:05:06 14:54:21 349358 368365.7087
2019:05:06 14:54:21 622769 273399.1556
2019:05:06 14:54:22 372670 749892.3689
2019:05:06 14:54:22 684314 307994.6488
2019:05:06 14:54:23 9364 322169.7137
2019:05:06 14:54:23 451629 442255.0388
2019:05:06 14:54:23 931230 477129.4668
2019:05:06 14:54:24 637391 464028.6341
2019:05:06 14:54:24 921380 280311.6105
2019:05:06 14:54:25 509367 580735.8250
2019:05:06 14:54:25 833779 292417.9696
2019:05:06 14:54:26 325394 464026.7976
2019:05:06 14:54:26 781377 424013.4321
2019:05:06 14:54:27 117389 328711.2042
2019:05:06 14:54:27 388319 266676.0385
2019:05:06 14:54:27 765368 356009.0438
2019:05:06 14:54:28 49368 274384.4204
2019:05:06 14:54:28 361363 311987.1691
2019:05:06 14:54:28 653361 291988.0487
2019:05:06 14:54:29 57365 403994.5155
2019:05:06 14:54:29 503436 446061.0151
2019:05:06 14:54:29 717377 212708.7936
2019:05:06 14:54:30 41362 315915.0705
2019:05:06 14:54:30 385714 344342.8874
2019:05:06 14:54:30 634323 247827.4889
2019:05:06 14:54:30 917245 279647.1827
2019:05:06 14:54:31 201386 278837.5989
2019:05:06 14:54:31 545177 303820.1891
2019:05:06 14:54:32 49373 497663.5985
2019:05:06 14:54:32 482542 433159.0608
2019:05:06 14:54:32 949362 466811.6421
2019:05:06 14:54:33 305358 355985.9470
2019:05:06 14:54:33 605375 296623.4349
2019:05:06 14:54:33 981252 367130.4733
2019:05:06 14:54:34 353564 348209.7834
2019:05:06 14:54:34 705380 344443.7236
2019:05:06 14:54:35 105370 364014.0481
2019:05:06 14:54:35 341363 230897.1621
2019:05:06 14:54:35 673366 331994.0120
2019:05:06 14:54:36 161364 487987.6636
2019:05:06 14:54:36 659245 497869.8604
2019:05:06 14:54:37 109446 449004.9891
2019:05:06 14:54:37 453091 339131.4596
2019:05:06 14:54:37 768481 313769.7950
2019:05:06 14:54:38 197450 423253.2978
2019:05:06 14:54:38 933370 733900.6104
2019:05:06 14:54:39 188145 254758.0600
2019:05:06 14:54:39 507493 308006.7672
2019:05:06 14:54:39 881376 372284.4832
2019:05:06 14:54:40 230757 345396.2840
2019:05:06 14:54:40 700900 470129.7246
2019:05:06 14:54:41 170678 453321.0061
2019:05:06 14:54:41 434260 262380.5068
2019:05:06 14:54:41 913365 478278.7524
2019:05:06 14:54:42 997371 1083994.6680
2019:05:06 14:54:43 373166 370704.1778
2019:05:06 14:54:43 856527 463168.8297
2019:05:06 14:54:44 322223 448864.8400
2019:05:06 14:54:44 621363 280009.6087
2019:05:06 14:54:45 173371 551998.1906
2019:05:06 14:54:45 485380 311999.0714
2019:05:06 14:54:45 829379 333760.4441
2019:05:06 14:54:46 633369 768014.1851
2019:05:06 14:54:47 113381 444016.6391
2019:05:06 14:54:47 652652 503298.5769
2019:05:06 14:54:47 923756 242394.3058
2019:05:06 14:54:48 127775 199499.6518
2019:05:06 14:54:49 262087 1126102.4736
2019:05:06 14:54:49 611044 342827.8863
2019:05:06 14:54:49 964939 350601.0361
2019:05:06 14:54:50 361362 396413.4306
2019:05:06 14:54:50 889363 527990.9298
2019:05:06 14:54:51 217037 327663.1609
2019:05:06 14:54:51 639463 402102.5375
2019:05:06 14:54:52 49381 388021.6591
2019:05:06 14:54:52 485371 400016.2445
2019:05:06 14:54:52 923873 430500.4738
2019:05:06 14:54:53 261368 336286.7385
2019:05:06 14:54:53 501986 228634.3426
2019:05:06 14:54:53 804251 293803.1927
2019:05:06 14:54:54 97358 284912.3515
2019:05:06 14:54:54 585364 483714.1894
2019:05:06 14:54:54 877356 291982.1218
2019:05:06 14:54:55 234041 355573.4567
2019:05:06 14:54:55 518267 281326.5286
2019:05:06 14:54:55 806208 281368.8852
2019:05:06 14:54:56 210451 393186.4016
2019:05:06 14:54:57 2623 788474.2022
2019:05:06 14:54:57 702130 697909.3738
2019:05:06 14:54:58 149364 442361.7125
2019:05:06 14:54:58 369379 220003.7949
2019:05:06 14:54:58 566399 181421.0601
2019:05:06 14:54:58 985390 400032.5128
2019:05:06 14:54:59 305370 314240.1762
2019:05:06 14:54:59 584926 264156.5762
2019:05:06 14:54:59 905365 315979.5254
2019:05:06 14:55:00 248482 343108.1958
2019:05:06 14:55:00 557384 284030.3332
2019:05:06 14:55:00 911189 347745.7017
2019:05:06 14:55:01 145358 232132.2262
2019:05:06 14:55:01 349366 200760.5098
2019:05:06 14:55:01 695421 346045.2072
2019:05:06 14:55:02 21398 304037.1053
2019:05:06 14:55:02 604807 572683.8261
2019:05:06 14:55:03 26203 413295.3100
2019:05:06 14:55:03 367453 340432.5172
2019:05:06 14:55:03 653793 276485.5884
2019:05:06 14:55:03 999196 344594.5531
2019:05:06 14:55:05 121381 1104021.6945
2019:05:06 14:55:05 573374 420009.3932
2019:05:06 14:55:06 9363 430057.7193
2019:05:06 14:55:06 273362 263990.1824
2019:05:06 14:55:06 782514 509141.7879
2019:05:06 14:55:07 228074 418710.0828
2019:05:06 14:55:07 573367 335853.7108
2019:05:06 14:55:07 901382 328002.7881
2019:05:06 14:55:08 525357 616447.1917
2019:05:06 14:55:08 853640 325209.4351
2019:05:06 14:55:09 160846 300658.2856
2019:05:06 14:55:09 513369 349652.4468
2019:05:06 14:55:09 817133 303749.5017
2019:05:06 14:55:10 25784 194349.5907
2019:05:06 14:55:10 259521 229002.7067
2019:05:06 14:55:10 698658 432285.9943
2019:05:06 14:55:10 970488 266630.7054
2019:05:06 14:55:11 224797 239853.8962
2019:05:06 14:55:11 766846 539190.3967
2019:05:06 14:55:12 89378 316103.6260
2019:05:06 14:55:12 329398 240004.4762
2019:05:06 14:55:12 639920 303969.8936
2019:05:06 14:55:12 949107 306735.1580
2019:05:06 14:55:13 585386 629349.9805
2019:05:06 14:55:13 833366 240437.8355
2019:05:06 14:55:14 133384 300007.2613
2019:05:06 14:55:14 556922 417576.0970
2019:05:06 14:55:15 225426 648065.9619
2019:05:06 14:55:15 642052 396690.2196
2019:05:06 14:55:15 973097 324942.6410
2019:05:06 14:55:16 432095 453269.4705
2019:05:06 14:55:16 746640 310877.3008
2019:05:06 14:55:16 970021 219282.7091
2019:05:06 14:55:17 430166 448630.6757
2019:05:06 14:55:17 785363 351104.6953
2019:05:06 14:55:18 97401 312026.2325
2019:05:06 14:55:18 329377 227501.7500
2019:05:06 14:55:18 637370 302431.3748
2019:05:06 14:55:18 910827 267461.4750
2019:05:06 14:55:19 185377 270023.9979
2019:05:06 14:55:19 469382 275694.9551
2019:05:06 14:55:19 729369 248945.3927
2019:05:06 14:55:20 89237 319880.3626
2019:05:06 14:55:20 361389 267248.3884
2019:05:06 14:55:20 710156 308800.5558
2019:05:06 14:55:21 29401 314737.3796
2019:05:06 14:55:21 725370 439996.5703
2019:05:06 14:55:22 21362 287996.7541
2019:05:06 14:55:22 670375 649002.5520
2019:05:06 14:55:23 93492 417409.7031
2019:05:06 14:55:23 405378 307415.9138
2019:05:06 14:55:23 745971 331740.5246
2019:05:06 14:55:24 49367 276013.7245
2019:05:06 14:55:24 417374 332013.1116
2019:05:06 14:55:24 681367 255157.5713
2019:05:06 14:55:25 41381 360004.5554
2019:05:06 14:55:25 355127 307201.8698
2019:05:06 14:55:25 731759 374170.8584
2019:05:06 14:55:26 121423 364063.9298
2019:05:06 14:55:26 425378 276018.3066
2019:05:06 14:55:26 621365 190178.0851
2019:05:06 14:55:26 929382 306061.9570
2019:05:06 14:55:27 209379 267823.6179
2019:05:06 14:55:27 773372 553288.2735
2019:05:06 14:55:28 77365 298234.1014
2019:05:06 14:55:28 445387 368011.0648
2019:05:06 14:55:28 761383 309713.2817
2019:05:06 14:55:29 117369 320009.6935
2019:05:06 14:55:29 449384 319248.1659
2019:05:06 14:55:29 886049 400686.0964
2019:05:06 14:55:30 229379 337199.7103
2019:05:06 14:55:30 577375 341939.5126
2019:05:06 14:55:30 889072 279709.6521
2019:05:06 14:55:31 229380 324020.9073
2019:05:06 14:55:31 665366 424901.9772
2019:05:06 14:55:31 944946 279569.8345
2019:05:06 14:55:32 709368 740007.6091
2019:05:06 14:55:33 180964 454024.2217
2019:05:06 14:55:33 637371 456397.0566
2019:05:06 14:55:34 37364 399982.7206
2019:05:06 14:55:34 441365 403528.6345
2019:05:06 14:55:34 735103 293728.2175
2019:05:06 14:55:35 20595 280580.0624
2019:05:06 14:55:35 294995 271556.7835
2019:05:06 14:55:35 645652 346941.2550
2019:05:06 14:55:35 910663 260976.1618
2019:05:06 14:55:36 131401 219560.6455
2019:05:06 14:55:36 370246 222416.8070
2019:05:06 14:55:36 680246 302365.1876
2019:05:06 14:55:37 77961 392806.7014
2019:05:06 14:55:37 370880 289246.0600
2019:05:06 14:55:37 698138 322013.5458
2019:05:06 14:55:37 877175 178725.6300
2019:05:06 14:55:38 153187 264559.2690
2019:05:06 14:55:38 393924 237097.6098
2019:05:06 14:55:38 704994 306496.4004
2019:05:06 14:55:39 18846 310580.3356
2019:05:06 14:55:39 772849 746212.0838
2019:05:06 14:55:40 450854 675607.8526
2019:05:06 14:55:40 927249 457890.8309
2019:05:06 14:55:41 317370 356015.4252
2019:05:06 14:55:41 537375 213650.0292
2019:05:06 14:55:41 809413 264086.0640
2019:05:06 14:55:42 75332 260531.8241
2019:05:06 14:55:42 343436 262404.4642
2019:05:06 14:55:42 624851 281404.4505
2019:05:06 14:55:43 41388 400031.0600
2019:05:06 14:55:43 357371 298451.4460
2019:05:06 14:55:43 813370 440337.4940
2019:05:06 14:55:44 200663 387274.6415
2019:05:06 14:55:44 622778 418028.0529
2019:05:06 14:55:44 929411 306623.3844
2019:05:06 14:55:45 213396 269322.6784
2019:05:06 14:55:45 412636 192501.2209
2019:05:06 14:55:45 790694 357334.6436
2019:05:06 14:55:46 209420 364065.4236
2019:05:06 14:55:46 517472 303073.4845
2019:05:06 14:55:46 845364 315989.9227
2019:05:06 14:55:47 433382 588007.7705
2019:05:06 14:55:47 761390 322246.0859
2019:05:06 14:55:48 437385 670496.8587
2019:05:06 14:55:48 722067 239242.0620
2019:05:06 14:55:49 177378 428017.8733
2019:05:06 14:55:49 497390 304336.6522
2019:05:06 14:55:49 925382 422176.7150
2019:05:06 14:55:50 272181 334058.5455
2019:05:06 14:55:50 877401 588033.1099
2019:05:06 14:55:51 225373 342429.6044
2019:05:06 14:55:51 562016 336629.4280
2019:05:06 14:55:52 25375 462552.4357
2019:05:06 14:55:52 317399 292010.0130
2019:05:06 14:55:52 643828 319521.9710
2019:05:06 14:55:52 885401 236190.2371
2019:05:06 14:55:53 120518 229795.3889
2019:05:06 14:55:53 505367 376269.6534
2019:05:06 14:55:54 97365 583818.3612
2019:05:06 14:55:54 543864 446488.0116
2019:05:06 14:55:54 901371 353018.4738
2019:05:06 14:55:55 259345 357964.1618
2019:05:06 14:55:55 575121 312503.7737
2019:05:06 14:55:56 177363 597307.6783
2019:05:06 14:55:56 413379 236005.8725
2019:05:06 14:55:57 177397 504033.5655
2019:05:06 14:55:57 619017 435408.2309
2019:05:06 14:55:57 981461 357090.7600
2019:05:06 14:55:58 549373 564607.5867
2019:05:06 14:55:58 901365 347889.6134
2019:05:06 14:55:59 161361 259986.3745
2019:05:06 14:55:59 597363 435993.2207
2019:05:06 14:56:00 160568 563194.7368
2019:05:06 14:56:00 621372 460002.0908
2019:05:06 14:56:01 81358 454140.4322
2019:05:06 14:56:01 443805 362435.6017
2019:05:06 14:56:01 868541 399181.0232
2019:05:06 14:56:02 681019 779657.2857
2019:05:06 14:56:02 941362 256809.1676
2019:05:06 14:56:03 437360 495990.0714
2019:05:06 14:56:03 905362 467989.8396
2019:05:06 14:56:04 272544 367170.5276
2019:05:06 14:56:04 717370 428010.7953
2019:05:06 14:56:05 69376 343469.7799
2019:05:06 14:56:05 353386 275233.1309
2019:05:06 14:56:05 750513 369137.4511
2019:05:06 14:56:06 401374 636005.1297
2019:05:06 14:56:06 900643 499260.1909
2019:05:06 14:56:07 441365 539042.6703
2019:05:06 14:56:07 829367 387991.7823
2019:05:06 14:56:08 344835 515457.3806
2019:05:06 14:56:08 617357 269249.0257
2019:05:06 14:56:09 88740 469489.8166
2019:05:06 14:56:09 501356 408928.8749
2019:05:06 14:56:09 887522 385828.5621
2019:05:06 14:56:10 385993 496848.6354
2019:05:06 14:56:10 968122 554769.1397
2019:05:06 14:56:11 441362 467447.5864
2019:05:06 14:56:11 949049 507678.2703
2019:05:06 14:56:12 405363 453459.1846
2019:05:06 14:56:13 84308 678935.7327
2019:05:06 14:56:13 381357 293772.6453
2019:05:06 14:56:13 773365 390871.0666
2019:05:06 14:56:14 171778 398403.3428
2019:05:06 14:56:14 534825 361012.1757
2019:05:06 14:56:14 989553 449017.2565
2019:05:06 14:56:15 302406 312842.0971
2019:05:06 14:56:15 683899 366323.2587
2019:05:06 14:56:16 81825 397914.8343
2019:05:06 14:56:16 502415 417321.2200
2019:05:06 14:56:17 62236 559809.7369
2019:05:06 14:56:17 500881 435371.0413
2019:05:06 14:56:17 740959 240056.5743
2019:05:06 14:56:18 70226 322317.3730
2019:05:06 14:56:18 351649 276520.6732
2019:05:06 14:56:18 589980 236309.7519
2019:05:06 14:56:19 192085 601294.2977
2019:05:06 14:56:19 744014 551126.1038
2019:05:06 14:56:20 455348 710922.9676
2019:05:06 14:56:20 808734 343939.2112
2019:05:06 14:56:21 206054 393232.7181
2019:05:06 14:56:21 604957 393607.0576
2019:05:06 14:56:21 939926 334953.3714
2019:05:06 14:56:22 242281 299486.0969
2019:05:06 14:56:22 576883 333412.8894
2019:05:06 14:56:22 912780 332609.2660
2019:05:06 14:56:23 161408 244956.0985
2019:05:06 14:56:23 601828 438438.2628
2019:05:06 14:56:23 997391 395154.4315
2019:05:06 14:56:24 535045 505671.0988
2019:05:06 14:56:25 44110 499195.6502
2019:05:06 14:56:25 352956 305150.6877
2019:05:06 14:56:25 691250 335873.3058
2019:05:06 14:56:26 139528 445004.0460
2019:05:06 14:56:26 553157 411238.7970
2019:05:06 14:56:26 954046 400879.2341
2019:05:06 14:56:27 437358 480454.6311
2019:05:06 14:56:27 799681 361524.0492
2019:05:06 14:56:28 197377 380016.9565
2019:05:06 14:56:28 533389 320442.4493
2019:05:06 14:56:28 873364 334169.9094
2019:05:06 14:56:29 133363 259988.7811
2019:05:06 14:56:29 452112 318739.0193
2019:05:06 14:56:29 845383 368024.5467
2019:05:06 14:56:30 421369 571156.2596
2019:05:06 14:56:30 849361 412784.7701
2019:05:06 14:56:31 165370 315998.8225
2019:05:06 14:56:31 612158 414799.3140
2019:05:06 14:56:32 1371 340008.8660
2019:05:06 14:56:32 403793 395653.3484
2019:05:06 14:56:32 785364 375828.4412
2019:05:06 14:56:33 122614 337241.5192
2019:05:06 14:56:33 616597 467232.0634
2019:05:06 14:56:34 1242 337921.4928
2019:05:06 14:56:34 335045 329277.8134
2019:05:06 14:56:34 746722 410096.6379
2019:05:06 14:56:35 203353 429200.4667
2019:05:06 14:56:35 520295 314479.2579
2019:05:06 14:56:35 845874 319827.6088
2019:05:06 14:56:36 253362 393986.7802
2019:05:06 14:56:36 653362 399990.4804
2019:05:06 14:56:37 193381 540007.6434
2019:05:06 14:56:37 613365 406509.6080
2019:05:06 14:56:37 989366 375991.0315
2019:05:06 14:56:38 325364 335987.4412
2019:05:06 14:56:38 633385 308010.0529
2019:05:06 14:56:38 953382 315886.1138
2019:05:06 14:56:39 389356 420604.2141
2019:05:06 14:56:39 835238 445869.6768
2019:05:06 14:56:40 193369 352431.3681
2019:05:06 14:56:40 610182 416802.7826
2019:05:06 14:56:40 899223 288246.2181
2019:05:06 14:56:41 191409 287675.8985
2019:05:06 14:56:41 741371 331342.6562
2019:05:06 14:56:42 119839 342480.1193
2019:05:06 14:56:42 623065 477704.3723
2019:05:06 14:56:43 157376 504013.0951
2019:05:06 14:56:43 417374 254052.3633
2019:05:06 14:56:43 693371 267838.0571
2019:05:06 14:56:43 986273 287966.7878
2019:05:06 14:56:44 425380 404020.8124
2019:05:06 14:56:44 724743 291244.3355
2019:05:06 14:56:45 37372 300245.7172
2019:05:06 14:56:45 339115 294509.7461
2019:05:06 14:56:45 837385 472021.9336
2019:05:06 14:56:46 41378 198488.2317
2019:05:06 14:56:46 537392 460029.9224
2019:05:06 14:56:46 841377 299331.2404
2019:05:06 14:56:47 97365 243124.7048
2019:05:06 14:56:47 345363 247986.2794
2019:05:06 14:56:48 285362 939989.5817
2019:05:06 14:56:48 853363 567991.3573
2019:05:06 14:56:49 241364 387971.2634
2019:05:06 14:56:49 789373 547997.9068
2019:05:06 14:56:50 355479 566096.5554
2019:05:06 14:56:50 663868 306366.3915
2019:05:06 14:56:51 289364 623042.9783
2019:05:06 14:56:51 639475 350100.1485
2019:05:06 14:56:51 957375 317885.8235
2019:05:06 14:56:52 345370 379138.4287
2019:05:06 14:56:52 613363 264526.7099
2019:05:06 14:56:52 877356 263981.4653
2019:05:06 14:56:53 476330 597877.5658
2019:05:06 14:56:53 763851 270483.0654
2019:05:06 14:56:54 146802 357433.7326
2019:05:06 14:56:54 389751 227493.9418
2019:05:06 14:56:54 652701 249966.5804
2019:05:06 14:56:54 985379 316010.4640
2019:05:06 14:56:55 454946 463954.6648
2019:05:06 14:56:55 861400 388032.7195
2019:05:06 14:56:56 71341 204393.9307
2019:05:06 14:56:56 433400 336038.2430
2019:05:06 14:56:56 728778 287150.5842
2019:05:06 14:56:57 41397 309377.3350
2019:05:06 14:56:57 409384 332018.8746
2019:05:06 14:56:57 757629 312275.1638
2019:05:06 14:56:58 180971 395612.2324
2019:05:06 14:56:58 448844 251483.3808
2019:05:06 14:56:58 680657 226919.5728
2019:05:06 14:56:59 27569 340368.5614
2019:05:06 14:56:59 365368 336146.6751
2019:05:06 14:56:59 669364 298926.3795
2019:05:06 14:57:00 17378 348001.6552
2019:05:06 14:57:00 251144 228995.6324
2019:05:06 14:57:00 581418 322522.1448
2019:05:06 14:57:00 888067 300242.3532
2019:05:06 14:57:01 287813 374460.1496
2019:05:06 14:57:01 725362 405990.6751
2019:05:06 14:57:02 29363 303990.2449
2019:05:06 14:57:02 329361 299987.9085
2019:05:06 14:57:02 583028 253658.3729
2019:05:06 14:57:02 898406 314128.0860
2019:05:06 14:57:03 237388 320030.4136
2019:05:06 14:57:03 765364 516011.4355
2019:05:06 14:57:04 229364 463989.5894
2019:05:06 14:57:04 625357 395983.6885
2019:05:06 14:57:05 2388 376816.3584
2019:05:06 14:57:05 357388 328029.4426
2019:05:06 14:57:05 977417 614460.3603
2019:05:06 14:57:06 389386 372016.5156
2019:05:06 14:57:07 34865 609506.4245
2019:05:06 14:57:07 374414 328067.8950
2019:05:06 14:57:07 572653 188804.8127
2019:05:06 14:57:07 886895 309748.6347
2019:05:06 14:57:08 107615 219150.4650
2019:05:06 14:57:08 460697 346533.8573
2019:05:06 14:57:09 453092 989124.5179
2019:05:06 14:57:09 857752 403444.2343
2019:05:06 14:57:10 139931 278472.1591
2019:05:06 14:57:10 474218 326134.4507
2019:05:06 14:57:10 772400 292016.8228
2019:05:06 14:57:11 105369 323115.5388
2019:05:06 14:57:11 441624 336242.8211
2019:05:06 14:57:11 613840 168338.7570
2019:05:06 14:57:11 943109 323945.3584
2019:05:06 14:57:12 241122 297174.6251
2019:05:06 14:57:12 498228 240316.0781
2019:05:06 14:57:12 751464 249394.8750
2019:05:06 14:57:13 37929 285630.8036
2019:05:06 14:57:13 257041 214635.6441
2019:05:06 14:57:13 858505 584984.7272
2019:05:06 14:57:14 249360 385522.0675
2019:05:06 14:57:14 861363 611993.8269
2019:05:06 14:57:15 403203 541829.7537
2019:05:06 14:57:15 650431 241510.7563
2019:05:06 14:57:15 915797 261693.1014
2019:05:06 14:57:16 201921 285291.9959
2019:05:06 14:57:16 446804 239602.3087
2019:05:06 14:57:16 691728 239611.0892
2019:05:06 14:57:16 931444 239706.3784
2019:05:06 14:57:17 286559 355105.3219
2019:05:06 14:57:17 801363 509887.4792
2019:05:06 14:57:18 109372 307996.7089
2019:05:06 14:57:18 729363 614261.0982
2019:05:06 14:57:19 83047 353674.3261
2019:05:06 14:57:19 425370 341092.8622
2019:05:06 14:57:20 55397 622166.0525
2019:05:06 14:57:20 441205 381324.3508
2019:05:06 14:57:20 753377 306035.8502
2019:05:06 14:57:21 234591 470640.3427
2019:05:06 14:57:21 809255 570188.6117
2019:05:06 14:57:22 261387 428026.5458
2019:05:06 14:57:22 557724 290848.7990
2019:05:06 14:57:22 842494 276734.5086
2019:05:06 14:57:23 106013 258348.9865
2019:05:06 14:57:23 558322 445938.7995
2019:05:06 14:57:23 844798 281575.0986
2019:05:06 14:57:24 151937 307127.0064
2019:05:06 14:57:24 429366 271761.2199
2019:05:06 14:57:24 722059 292674.0609
2019:05:06 14:57:25 65390 342947.9264
2019:05:06 14:57:25 365372 294365.7972
2019:05:06 14:57:25 593402 228017.1253
2019:05:06 14:57:25 845388 236137.7440
2019:05:06 14:57:26 157382 304503.5750
2019:05:06 14:57:26 485270 317421.8237
2019:05:06 14:57:26 833360 345613.1145
2019:05:06 14:57:27 185695 350621.7189
2019:05:06 14:57:27 450259 261300.7687
2019:05:06 14:57:27 938141 464773.3755
2019:05:06 14:57:28 241384 300377.1044
2019:05:06 14:57:28 514088 260516.4871
2019:05:06 14:57:29 97370 582906.4436
2019:05:06 14:57:29 437358 339957.3788
2019:05:06 14:57:29 658460 221090.2907
2019:05:06 14:57:29 973365 309988.3534
2019:05:06 14:57:30 198350 224976.0404
2019:05:06 14:57:30 965402 748044.3306
2019:05:06 14:57:31 369695 394683.6516
2019:05:06 14:57:31 727670 353891.8160
2019:05:06 14:57:32 225363 495646.6518
2019:05:06 14:57:32 497772 272399.6304
2019:05:06 14:57:32 801362 301194.5337
2019:05:06 14:57:33 97393 296020.8766
2019:05:06 14:57:33 514022 380660.0273
2019:05:06 14:57:33 797368 278011.6498
2019:05:06 14:57:34 116135 308772.7278
2019:05:06 14:57:34 353386 235165.3166
2019:05:06 14:57:34 657357 297505.4048
2019:05:06 14:57:34 983393 323352.3965
2019:05:06 14:57:35 234737 248833.4142
2019:05:06 14:57:35 627130 361769.2366
2019:05:06 14:57:35 985369 332014.5123
2019:05:06 14:57:36 357362 363446.8503
2019:05:06 14:57:36 725360 367988.5380
2019:05:06 14:57:37 109374 384001.2066
2019:05:06 14:57:37 401385 289275.3109
2019:05:06 14:57:37 741401 335435.0440
2019:05:06 14:57:38 81386 335079.4986
2019:05:06 14:57:38 522085 412717.6255
2019:05:06 14:57:39 189371 652113.1434
2019:05:06 14:57:39 553364 355827.8009
2019:05:06 14:57:39 871813 318438.2953
2019:05:06 14:57:40 217368 339813.5714
2019:05:06 14:57:41 153311 895955.4434
2019:05:06 14:57:41 378997 215870.1457
2019:05:06 14:57:41 602726 219252.5566
2019:05:06 14:57:41 993916 375722.5014
2019:05:06 14:57:42 334759 333192.7955
2019:05:06 14:57:42 654019 318571.4744
2019:05:06 14:57:42 946734 288774.5239
2019:05:06 14:57:43 276132 326164.0817
2019:05:06 14:57:43 581997 303096.4062
2019:05:06 14:57:43 854471 268811.5798
2019:05:06 14:57:44 152122 286198.7613
2019:05:06 14:57:44 434851 280285.0679
2019:05:06 14:57:44 724802 283801.4960
2019:05:06 14:57:45 15489 273062.9966
2019:05:06 14:57:45 180766 163485.9107
2019:05:06 14:57:45 678153 471364.6285
2019:05:06 14:57:46 224162 522804.2305
2019:05:06 14:57:46 535862 292833.3953
2019:05:06 14:57:47 21363 482648.7154
2019:05:06 14:57:47 349372 327999.6626
2019:05:06 14:57:47 732082 382700.0931
2019:05:06 14:57:48 22053 289957.3334
2019:05:06 14:57:48 359135 332563.2811
2019:05:06 14:57:48 857291 479931.4067
2019:05:06 14:57:49 90768 230625.6071
2019:05:06 14:57:49 461364 364070.8961
2019:05:06 14:57:49 760944 299570.3071
2019:05:06 14:57:50 11329 248631.0713
2019:05:06 14:57:50 405399 368039.4590
2019:05:06 14:57:50 717399 305395.4020
2019:05:06 14:57:50 989380 265759.0657
2019:05:06 14:57:51 389413 364051.1371
2019:05:06 14:57:51 790323 393160.5592
2019:05:06 14:57:52 90866 297682.3188
2019:05:06 14:57:52 394310 298995.3347
2019:05:06 14:57:52 696628 279264.9195
2019:05:06 14:57:52 941158 240022.8791
2019:05:06 14:57:53 230480 269688.0959
2019:05:06 14:57:53 533156 271794.9338
2019:05:06 14:57:53 781377 242505.0326
2019:05:06 14:57:54 69363 282662.8052
2019:05:06 14:57:54 341364 271990.9512
2019:05:06 14:57:54 713417 372042.6038
2019:05:06 14:57:55 53365 337480.9772
2019:05:06 14:57:55 303450 250073.9433
2019:05:06 14:57:55 573384 265444.9902
2019:05:06 14:57:55 973380 368024.1108
2019:05:06 14:57:56 362952 382467.7877
2019:05:06 14:57:56 705370 340395.3277
2019:05:06 14:57:56 993416 288035.9404
2019:05:06 14:57:57 284238 290812.4216
2019:05:06 14:57:57 433368 140987.7539
2019:05:06 14:57:57 734829 301448.7624
2019:05:06 14:57:58 33395 297005.3963
2019:05:06 14:57:58 341377 294035.8222
2019:05:06 14:57:58 605206 263815.3136
2019:05:06 14:57:58 909382 296231.4263
2019:05:06 14:57:59 301407 356034.1634
2019:05:06 14:57:59 649370 341126.5016
2019:05:06 14:57:59 985371 335986.4727
2019:05:06 14:58:00 540429 555043.7160
2019:05:06 14:58:01 121369 578535.2066
2019:05:06 14:58:01 617364 495982.3005
2019:05:06 14:58:01 910892 293516.1442
2019:05:06 14:58:02 216959 304431.0883
2019:05:06 14:58:02 577369 353442.4081
2019:05:06 14:58:02 869378 291999.2395
2019:05:06 14:58:03 113380 239404.3356
2019:05:06 14:58:03 303414 185981.2737
2019:05:06 14:58:03 651157 329797.3238
2019:05:06 14:58:04 289370 616011.6717
2019:05:06 14:58:04 620531 320676.8371
2019:05:06 14:58:05 3087 378012.4411
2019:05:06 14:58:05 817361 811002.3364
2019:05:06 14:58:06 149626 332254.5700
2019:05:06 14:58:06 589377 428798.2062
2019:05:06 14:58:06 909356 319967.1358
2019:05:06 14:58:07 153413 244046.2410
2019:05:06 14:58:07 433371 276157.0588
2019:05:06 14:58:07 797363 358377.7957
2019:05:06 14:58:08 353385 556011.9078
2019:05:06 14:58:08 693379 336502.5483
2019:05:06 14:58:09 49505 351446.0810
2019:05:06 14:58:09 361364 311062.6191
2019:05:06 14:58:09 925366 563991.5243
2019:05:06 14:58:10 337364 411987.0178
2019:05:06 14:58:10 777357 439983.1481
2019:05:06 14:58:11 109385 332014.8364
2019:05:06 14:58:11 409374 294740.3044
2019:05:06 14:58:11 710149 293244.4774
2019:05:06 14:58:12 37182 320069.7452
2019:05:06 14:58:12 305790 268225.5208
2019:05:06 14:58:12 566415 249444.9168
2019:05:06 14:58:12 762302 191813.0256
2019:05:06 14:58:13 205380 419479.4223
2019:05:06 14:58:13 509364 300332.3115
2019:05:06 14:58:13 821376 312002.5136
2019:05:06 14:58:14 289365 459409.4791
2019:05:06 14:58:14 701364 411989.0742
2019:05:06 14:58:15 113364 411989.9869
2019:05:06 14:58:15 629364 515987.5751
2019:05:06 14:58:16 1364 371989.8947
2019:05:06 14:58:16 243914 242539.9162
2019:05:06 14:58:16 605384 336026.0874
2019:05:06 14:58:16 900632 292019.0245
2019:05:06 14:58:17 189816 278100.8072
2019:05:06 14:58:17 501358 300059.8662
2019:05:06 14:58:17 769368 267998.5352
2019:05:06 14:58:18 85975 311291.9591
2019:05:06 14:58:18 413384 304011.1400
2019:05:06 14:58:18 785378 336016.4687
2019:05:06 14:58:19 2725 211364.1314
2019:05:06 14:58:19 306525 298898.1456
2019:05:06 14:58:19 593372 282319.3446
2019:05:06 14:58:19 895113 292061.1724
2019:05:06 14:58:20 197399 301050.5587
2019:05:06 14:58:20 491484 266125.6790
2019:05:06 14:58:21 13377 514521.9676
2019:05:06 14:58:21 157377 143989.8238
2019:05:06 14:58:21 393393 229535.5871
2019:05:06 14:58:21 591492 189659.9904
2019:05:06 14:58:22 349396 732034.6572
2019:05:06 14:58:22 745364 359766.4014
2019:05:06 14:58:23 57591 312216.6954
2019:05:06 14:58:23 377369 314063.6943
2019:05:06 14:58:23 777668 368307.3185
2019:05:06 14:58:24 53384 270406.1568
2019:05:06 14:58:24 479414 415742.4793
2019:05:06 14:58:24 745652 260940.7343
2019:05:06 14:58:24 993377 247711.0922
2019:05:06 14:58:25 317380 317696.9104
2019:05:06 14:58:25 634946 309627.4622
2019:05:06 14:58:25 921391 285634.4655
2019:05:06 14:58:26 401746 468386.7246
2019:05:06 14:58:26 906688 485327.3034
2019:05:06 14:58:27 122925 212582.1821
2019:05:06 14:58:27 365366 235875.8338
2019:05:06 14:58:27 544676 178061.1984
2019:05:06 14:58:27 865386 310453.2473
2019:05:06 14:58:28 225364 351276.6398
2019:05:06 14:58:29 89376 864000.7563
2019:05:06 14:58:29 621378 488014.0685
2019:05:06 14:58:30 97409 440041.0317
2019:05:06 14:58:30 366212 256907.6382
2019:05:06 14:58:30 718482 340400.6809
2019:05:06 14:58:31 62475 343187.0751
2019:05:06 14:58:31 350501 283051.0922
2019:05:06 14:58:31 676934 283575.1027
2019:05:06 14:58:32 81409 376048.7549
2019:05:06 14:58:32 327083 240082.3236
2019:05:06 14:58:32 597360 264994.5654
2019:05:06 14:58:33 259664 660685.0587
2019:05:06 14:58:33 593363 327974.1742
2019:05:06 14:58:33 917372 323999.9637
2019:05:06 14:58:34 251793 298430.2640
2019:05:06 14:58:34 721386 444026.1386
2019:05:06 14:58:34 997379 269497.3536
2019:05:06 14:58:35 413381 403673.9506
2019:05:06 14:58:35 725380 305577.9375
2019:05:06 14:58:36 26006 293688.6065
2019:05:06 14:58:36 341907 300013.6465
2019:05:06 14:58:36 676817 302140.6420
2019:05:06 14:58:36 986062 295323.6550
2019:05:06 14:58:37 519050 532140.3071
2019:05:06 14:58:37 735712 210954.2526
2019:05:06 14:58:38 53118 310875.7883
2019:05:06 14:58:38 963222 907242.9538
2019:05:06 14:58:39 293030 326948.6129
2019:05:06 14:58:39 547873 250787.2023
2019:05:06 14:58:39 960604 405906.6586
2019:05:06 14:58:40 418460 453339.2936
2019:05:06 14:58:40 767038 347750.7792
2019:05:06 14:58:41 381366 610618.6509
2019:05:06 14:58:41 717377 336001.8358
2019:05:06 14:58:42 125970 401805.5908
2019:05:06 14:58:42 416392 288771.7634
2019:05:06 14:58:42 622820 201109.3274
2019:05:06 14:58:42 961944 308588.8848
2019:05:06 14:58:43 165371 186621.3232
2019:05:06 14:58:44 121394 949711.4494
2019:05:06 14:58:44 395306 267256.0886
2019:05:06 14:58:44 615658 215473.2943
2019:05:06 14:58:44 909400 276437.6365
2019:05:06 14:58:45 290231 374771.6136
2019:05:06 14:58:45 649674 332313.4184
2019:05:06 14:58:46 26269 360916.0632
2019:05:06 14:58:46 529373 498621.5793
2019:05:06 14:58:47 153356 616316.5569
2019:05:06 14:58:47 439756 285912.0108
2019:05:06 14:58:47 751420 300214.7973
2019:05:06 14:58:48 86489 313129.8833
2019:05:06 14:58:48 498950 385591.2462
2019:05:06 14:58:48 913370 396010.6075
2019:05:06 14:58:49 166967 249440.1671
2019:05:06 14:58:49 413379 216018.1403
2019:05:06 14:58:49 641379 220897.1642
2019:05:06 14:58:50 32024 322667.6323
2019:05:06 14:58:50 401904 348543.1969
2019:05:06 14:58:50 717361 310144.5846
2019:05:06 14:58:51 281655 564283.8404
2019:05:06 14:58:51 866697 585031.9006
2019:05:06 14:58:52 121417 228065.2709
2019:05:06 14:58:52 405390 273506.7271
2019:05:06 14:58:52 789378 336023.6399
2019:05:06 14:58:53 37355 232144.8624
2019:05:06 14:58:53 514285 476918.6862
2019:05:06 14:58:53 885566 352206.0513
2019:05:06 14:58:54 337371 432010.1030
2019:05:06 14:58:54 606002 262517.9961
2019:05:06 14:58:54 854625 241682.6487
2019:05:06 14:58:55 237382 340022.9290
2019:05:06 14:58:55 605397 336028.2443
2019:05:06 14:58:55 937366 324845.1538
2019:05:06 14:58:56 349363 411987.8188
2019:05:06 14:58:56 717378 368004.3779
2019:05:06 14:58:56 990816 262556.4151
2019:05:06 14:58:57 499486 490125.7902
2019:05:06 14:58:57 861373 336018.3612
2019:05:06 14:58:58 219928 352246.0498
2019:05:06 14:58:58 653363 433018.4273
2019:05:06 14:58:58 861057 207683.6489
2019:05:06 14:58:59 573371 688016.6940
2019:05:06 14:59:00 41375 462689.5860
2019:05:06 14:59:00 577363 535977.7473
2019:05:06 14:59:00 914827 337453.8161
2019:05:06 14:59:01 153182 237149.4882
2019:05:06 14:59:01 641400 468033.8912
2019:05:06 14:59:01 961386 313278.0083
2019:05:06 14:59:02 305382 338193.4911
2019:05:06 14:59:02 622810 302060.7717
2019:05:06 14:59:02 922310 293619.6029
2019:05:06 14:59:03 385394 448024.4704
2019:05:06 14:59:03 741163 350622.3857
2019:05:06 14:59:04 449369 707416.0874
2019:05:06 14:59:04 661374 211991.0084
2019:05:06 14:59:04 917597 256209.1053
2019:05:06 14:59:05 169369 248915.3966
2019:05:06 14:59:05 550662 381272.9940
2019:05:06 14:59:05 855373 286013.5622
2019:05:06 14:59:06 422004 549812.4473
2019:05:06 14:59:07 122610 694872.1409
2019:05:06 14:59:07 913365 786260.1243
2019:05:06 14:59:08 517359 603984.1920
2019:05:06 14:59:08 853367 335996.0802
2019:05:06 14:59:09 217365 357477.4452
2019:05:06 14:59:10 425358 1207982.7562
2019:05:06 14:59:10 833370 408001.5123
2019:05:06 14:59:11 245364 403451.0553
2019:05:06 14:59:11 596321 350945.8229
2019:05:06 14:59:11 869393 269802.7380
2019:05:06 14:59:12 315579 410217.4304
2019:05:06 14:59:12 648973 320286.5385
2019:05:06 14:59:12 989378 324019.1527
2019:05:06 14:59:13 241368 245587.7922
2019:05:06 14:59:13 595006 317645.1921
2019:05:06 14:59:13 950929 351017.4416
2019:05:06 14:59:14 273383 322434.6079
2019:05:06 14:59:14 573945 258348.7183
2019:05:06 14:59:14 875416 293826.7067
2019:05:06 14:59:15 477371 600744.3294
2019:05:06 14:59:16 97368 596006.8256
2019:05:06 14:59:16 503750 406372.2864
2019:05:06 14:59:16 821357 314324.9415
2019:05:06 14:59:17 45384 220298.6255
2019:05:06 14:59:17 341364 283602.4389
2019:05:06 14:59:17 672138 330764.9642
2019:05:06 14:59:18 221400 524038.0354
2019:05:06 14:59:18 809990 560634.5572
2019:05:06 14:59:19 73928 251970.4700
2019:05:06 14:59:19 361363 275660.3993
2019:05:06 14:59:19 670178 308804.9740
2019:05:06 14:59:19 899155 228566.9930
2019:05:06 14:59:20 190908 276563.0782
2019:05:06 14:59:20 474386 252060.8418
2019:05:06 14:59:20 838872 352346.3085
2019:05:06 14:59:21 453367 610440.3995
2019:05:06 14:59:21 981370 527991.7531
2019:05:06 14:59:22 369177 385125.9276
2019:05:06 14:59:22 685365 312501.5721
2019:05:06 14:59:23 65363 379987.8880
2019:05:06 14:59:23 429364 363990.7539
2019:05:06 14:59:23 721358 291984.1185
2019:05:06 14:59:24 121369 399998.5345
2019:05:06 14:59:24 557390 400019.3961
2019:05:06 14:59:24 985377 392016.4108
2019:05:06 14:59:25 275339 283041.5890
2019:05:06 14:59:25 621384 328026.5890
2019:05:06 14:59:26 5378 352019.5223
2019:05:06 14:59:26 293381 256018.6200
2019:05:06 14:59:26 506844 210532.0171
2019:05:06 14:59:26 809369 299245.1377
2019:05:06 14:59:27 205370 364011.1685
2019:05:06 14:59:27 645378 408018.4251
2019:05:06 14:59:28 249370 596347.1495
2019:05:06 14:59:29 20623 735270.1686
2019:05:06 14:59:29 399519 362158.6822
2019:05:06 14:59:29 686979 286637.7942
2019:05:06 14:59:30 100265 394905.8652
2019:05:06 14:59:30 420537 291174.8812
2019:05:06 14:59:30 789379 352014.3703
2019:05:06 14:59:31 157373 338943.2654
2019:05:06 14:59:31 457371 291604.5673
2019:05:06 14:59:31 731855 260914.6573
2019:05:06 14:59:32 643855 886493.6866
2019:05:06 14:59:33 220959 559599.6752
2019:05:06 14:59:33 905380 664013.6801
2019:05:06 14:59:34 321382 380013.9725
2019:05:06 14:59:34 635904 308192.9348
2019:05:06 14:59:34 981384 342993.6171
2019:05:06 14:59:35 233010 244537.3870
2019:05:06 14:59:35 500628 263097.2974
2019:05:06 14:59:35 855053 333681.5871
2019:05:06 14:59:36 21368 160554.4612
2019:05:06 14:59:36 284788 232697.6545
2019:05:06 14:59:36 533419 240342.1141
2019:05:06 14:59:37 189913 650242.7608
2019:05:06 14:59:37 625913 435986.7647
2019:05:06 14:59:37 913358 283354.4947
2019:05:06 14:59:38 205361 291990.3547
2019:05:06 14:59:38 546097 340726.1446
2019:05:06 14:59:39 199830 646473.0240
2019:05:06 14:59:39 605364 400205.6159
2019:05:06 14:59:39 925356 319981.9624
2019:05:06 14:59:40 289371 364003.2522
2019:05:06 14:59:40 635376 345994.3533
2019:05:06 14:59:41 213388 552022.3752
2019:05:06 14:59:41 429547 206041.5819
2019:05:06 14:59:42 545371 1100009.7767
2019:05:06 14:59:42 858674 305560.2089
2019:05:06 14:59:43 233383 352023.7319
2019:05:06 14:59:43 541408 303484.9837
2019:05:06 14:59:43 789360 232007.0080
2019:05:06 14:59:44 50167 260797.1504
2019:05:06 14:59:44 293390 236033.8904
2019:05:06 14:59:44 677729 379300.7396
2019:05:06 14:59:45 70499 365144.6179
2019:05:06 14:59:45 395604 302242.8639
2019:05:06 14:59:45 630704 230975.1809
2019:05:06 14:59:45 945377 284015.2010
2019:05:06 14:59:46 277566 324121.5609
2019:05:06 14:59:46 461358 180159.5725
2019:05:06 14:59:46 701362 239994.7084
2019:05:06 14:59:46 972605 271233.7933
2019:05:06 14:59:47 201141 225275.6953
2019:05:06 14:59:47 577369 356007.8591
2019:05:06 14:59:47 897377 314513.6982
2019:05:06 14:59:48 193384 291088.8381
2019:05:06 14:59:48 447532 249911.7665
2019:05:06 14:59:48 703838 243982.0543
2019:05:06 14:59:49 129370 400016.4010
2019:05:06 14:59:49 342286 207650.3299
2019:05:06 14:59:49 633363 282890.8786
2019:05:06 14:59:49 849371 215998.2361
2019:05:06 14:59:50 169372 313250.5044
2019:05:06 14:59:50 705377 500020.8579
2019:05:06 14:59:51 109359 394748.9634
2019:05:06 14:59:51 383095 273724.0531
2019:05:06 14:59:51 881381 444017.9504
2019:05:06 14:59:52 160852 273190.6585
2019:05:06 14:59:52 408247 237540.1817
2019:05:06 14:59:52 718904 308165.4608
2019:05:06 14:59:53 56790 311436.3290
2019:05:06 14:59:53 447253 373893.2423
2019:05:06 14:59:53 765369 292009.2680
2019:05:06 14:59:54 101363 322724.6888
2019:05:06 14:59:54 603584 502211.4925
2019:05:06 14:59:55 225460 620639.9985
2019:05:06 14:59:55 619470 366109.0322
2019:05:06 14:59:55 981357 356144.5847
2019:05:06 14:59:56 233835 252465.7808
2019:05:06 14:59:56 515029 257669.0428
2019:05:06 14:59:56 856226 314865.2501
2019:05:06 14:59:57 224007 338645.7413
2019:05:06 14:59:57 514500 281455.3641
2019:05:06 14:59:57 769377 250424.7651
2019:05:06 14:59:58 83362 290004.1826
2019:05:06 14:59:58 377389 282134.1567
2019:05:06 14:59:58 785380 376020.2117
2019:05:06 14:59:59 53381 260847.1848
2019:05:06 14:59:59 444159 384129.4050
2019:05:06 14:59:59 801356 336001.5713
2019:05:06 15:00:00 73365 270004.9318
2019:05:06 15:00:00 373368 299992.1292
2019:05:06 15:00:00 664730 285478.2715
2019:05:06 15:00:01 82068 400709.3944
2019:05:06 15:00:01 433070 335715.8042
2019:05:06 15:00:01 893091 431735.8769
2019:05:06 15:00:02 324825 415467.0127
2019:05:06 15:00:02 985387 632026.5606
2019:05:06 15:00:03 337370 345767.0473
2019:05:06 15:00:03 817371 444015.3316
2019:05:06 15:00:04 161356 338406.0711
2019:05:06 15:00:04 541797 377238.4226
2019:05:06 15:00:04 852690 308874.7263
2019:05:06 15:00:05 793964 916604.6456
2019:05:06 15:00:06 167784 354417.0521
2019:05:06 15:00:06 585147 399777.3230
2019:05:06 15:00:06 905395 314063.7688
2019:05:06 15:00:07 285924 368990.0227
2019:05:06 15:00:07 725578 420205.5484
2019:05:06 15:00:08 229388 468019.2173
2019:05:06 15:00:08 593270 360281.2104
2019:05:06 15:00:08 946195 349452.7861
2019:05:06 15:00:09 448526 502318.8367
2019:05:06 15:00:09 801388 328025.7732
2019:05:06 15:00:10 98044 260683.8495
2019:05:06 15:00:10 588978 485814.0945
2019:05:06 15:00:10 940357 346545.1784
2019:05:06 15:00:11 465724 524159.3458
2019:05:06 15:00:11 871236 401828.5684
2019:05:06 15:00:12 137465 264980.5620
2019:05:06 15:00:12 449598 303909.4582
2019:05:06 15:00:12 703988 250359.0137
2019:05:06 15:00:13 193358 471757.8851
2019:05:06 15:00:13 439390 235810.2724
2019:05:06 15:00:13 833378 364023.7935
2019:05:06 15:00:14 213392 376470.2491
2019:05:06 15:00:14 561360 340944.3796
2019:05:06 15:00:14 913362 351994.1531
2019:05:06 15:00:15 154035 240662.2469
2019:05:06 15:00:15 669362 513270.1546
2019:05:06 15:00:16 229363 559990.9537
2019:05:06 15:00:16 585096 355723.9138
2019:05:06 15:00:16 812412 221170.6899
2019:05:06 15:00:17 209380 380020.0932
2019:05:06 15:00:17 576404 331043.0199
2019:05:06 15:00:18 172329 566959.0347
2019:05:06 15:00:18 821378 428017.1432
2019:05:06 15:00:19 165460 338250.3130
2019:05:06 15:00:19 513379 344243.8617
2019:05:06 15:00:19 970608 425235.9718
2019:05:06 15:00:20 397386 404026.4003
2019:05:06 15:00:20 933374 504014.6671
2019:05:06 15:00:21 270373 326854.3482
2019:05:06 15:00:21 543536 268305.2830
2019:05:06 15:00:21 753370 209406.4914
2019:05:06 15:00:22 81362 324601.4677
2019:05:06 15:00:22 293391 212019.7713
2019:05:06 15:00:22 773386 444026.0157
2019:05:06 15:00:23 3734 224076.5840
2019:05:06 15:00:23 544363 511007.8976
2019:05:06 15:00:24 221402 660042.8671
2019:05:06 15:00:24 681382 440021.1349
2019:05:06 15:00:25 533358 847074.8328
2019:05:06 15:00:26 47778 514407.4298
2019:05:06 15:00:26 485381 420021.4259
2019:05:06 15:00:26 905165 414210.7293
2019:05:06 15:00:27 468699 545093.1191
2019:05:06 15:00:27 877512 408803.8206
2019:05:06 15:00:28 276842 399320.6844
2019:05:06 15:00:28 729847 406356.3794
2019:05:06 15:00:29 52174 317819.7071
2019:05:06 15:00:29 453361 394620.3776
2019:05:06 15:00:29 797220 343848.3849
2019:05:06 15:00:30 150684 351004.3323
2019:05:06 15:00:30 693364 538185.4288
2019:05:06 15:00:31 45378 352004.1630
2019:05:06 15:00:31 473368 408006.8842
2019:05:06 15:00:31 845369 358949.4713
2019:05:06 15:00:32 161364 310016.3899
2019:05:06 15:00:32 525381 364007.1489
2019:05:06 15:00:32 842567 309640.9813
2019:05:06 15:00:33 299282 417926.5238
2019:05:06 15:00:33 646115 328757.8262
2019:05:06 15:00:33 885376 232702.6986
2019:05:06 15:00:34 313741 423922.5388
2019:05:06 15:00:34 675326 358322.8141
2019:05:06 15:00:34 861362 186025.8542
2019:05:06 15:00:35 16505 155133.1989
2019:05:06 15:00:35 613385 596872.4154
2019:05:06 15:00:36 49613 428255.7070
2019:05:06 15:00:36 285468 235542.6475
2019:05:06 15:00:36 660609 345164.3512
2019:05:06 15:00:37 76804 409958.9363
2019:05:06 15:00:37 326337 248741.1238
2019:05:06 15:00:37 712505 376392.7482
2019:05:06 15:00:38 475299 759920.5635
2019:05:06 15:00:38 691423 214084.6960
2019:05:06 15:00:39 123875 424716.0815
2019:05:06 15:00:39 520698 396808.4939
2019:05:06 15:00:39 812296 276487.1381
2019:05:06 15:00:40 72523 253596.8237
2019:05:06 15:00:40 353372 278384.8308
2019:05:06 15:00:41 179801 826416.0082
2019:05:06 15:00:41 373783 193967.9384
2019:05:06 15:00:41 764632 383877.5679
2019:05:06 15:00:42 168073 399738.0175
2019:05:06 15:00:42 406898 235955.9536
2019:05:06 15:00:42 812033 402299.7431
2019:05:06 15:00:43 129366 313252.3112
2019:05:06 15:00:43 397355 264661.8597
2019:05:06 15:00:43 674099 276465.5389
2019:05:06 15:00:43 979805 304471.3028
2019:05:06 15:00:44 325478 344039.2874
2019:05:06 15:00:44 721773 392199.5200
2019:05:06 15:00:44 929518 206839.7179
2019:05:06 15:00:45 131428 199546.8698
2019:05:06 15:00:45 317699 182674.6240
2019:05:06 15:00:45 460698 140151.4187
2019:05:06 15:00:45 628162 164244.1824
