
# OSU MPI Allreduce Latency Test v5.6.1
# Size       Avg Latency(us)
1024                  829.42
2019:05:06 14:31:37 152510 1156.7064
2019:05:06 14:31:37 153760 806.4285
2019:05:06 14:31:37 155100 785.5296
2019:05:06 14:31:37 156231 784.8032
2019:05:06 14:31:37 157550 939.3170
2019:05:06 14:31:37 159120 781.2940
2019:05:06 14:31:37 160759 1136.4520
2019:05:06 14:31:37 162493 1725.5507
2019:05:06 14:31:37 164113 815.4139
2019:05:06 14:31:37 165700 1205.0159
2019:05:06 14:31:37 166568 527.4564
2019:05:06 14:31:37 168662 952.4599
2019:05:06 14:31:37 169787 348.7654
2019:05:06 14:31:37 171875 933.4236
2019:05:06 14:31:37 172995 1111.6453
2019:05:06 14:31:37 175589 1213.3680
2019:05:06 14:31:37 176774 1177.2141
2019:05:06 14:31:37 177991 833.9994
2019:05:06 14:31:37 179561 787.9101
2019:05:06 14:31:37 180894 818.2861
2019:05:06 14:31:37 182046 855.9935
2019:05:06 14:31:37 183301 1247.1750
2019:05:06 14:31:37 184470 793.3192
2019:05:06 14:31:37 186541 1615.2970
2019:05:06 14:31:37 187856 1175.5899
2019:05:06 14:31:37 188977 785.9915
2019:05:06 14:31:37 190268 802.2562
2019:05:06 14:31:37 191438 811.6625
2019:05:06 14:31:37 192689 810.5598
2019:05:06 14:31:37 194016 825.9788
2019:05:06 14:31:37 195611 1586.9960
2019:05:06 14:31:37 196763 1143.4741
2019:05:06 14:31:37 198464 1263.2273
2019:05:06 14:31:37 200081 786.7999
2019:05:06 14:31:37 201409 831.2277
2019:05:06 14:31:37 202516 808.3619
2019:05:06 14:31:37 203796 1272.4176
2019:05:06 14:31:37 205152 1348.4284
2019:05:06 14:31:37 206257 1096.8857
2019:05:06 14:31:37 207407 816.6879
2019:05:06 14:31:37 209050 809.7701
2019:05:06 14:31:37 210771 363.0966
2019:05:06 14:31:37 212402 793.5762
2019:05:06 14:31:37 213563 807.6765
2019:05:06 14:31:37 214797 809.9079
2019:05:06 14:31:37 216057 778.6565
2019:05:06 14:31:37 217349 911.8766
2019:05:06 14:31:37 218484 833.1574
2019:05:06 14:31:37 219715 1223.0575
2019:05:06 14:31:37 221021 925.6266
2019:05:06 14:31:37 223006 585.4778
2019:05:06 14:31:37 224272 897.8061
2019:05:06 14:31:37 225446 823.5648
2019:05:06 14:31:37 226674 803.8618
2019:05:06 14:31:37 228291 1118.0602
2019:05:06 14:31:37 229522 778.6341
2019:05:06 14:31:37 231195 1156.8554
2019:05:06 14:31:37 232424 1121.9420
2019:05:06 14:31:37 234364 1458.5778
2019:05:06 14:31:37 235301 929.4115
2019:05:06 14:31:37 236898 812.7615
2019:05:06 14:31:37 238134 800.8294
2019:05:06 14:31:37 239401 815.6858
2019:05:06 14:31:37 240672 1263.0560
2019:05:06 14:31:37 241820 811.3943
2019:05:06 14:31:37 243585 1273.0137
2019:05:06 14:31:37 244697 1103.9674
2019:05:06 14:31:37 246470 1271.3522
2019:05:06 14:31:37 248368 780.8954
2019:05:06 14:31:37 249664 785.2651
2019:05:06 14:31:37 250812 788.7818
2019:05:06 14:31:37 252074 823.2966
2019:05:06 14:31:37 253719 1120.6269
2019:05:06 14:31:37 254973 1246.0165
2019:05:06 14:31:37 256153 813.4134
2019:05:06 14:31:37 258451 1869.0638
2019:05:06 14:31:37 259858 431.3029
2019:05:06 14:31:37 261476 826.8952
2019:05:06 14:31:37 263533 1610.3499
2019:05:06 14:31:37 264794 1253.6459
2019:05:06 14:31:37 266121 976.5886
2019:05:06 14:31:37 268053 1120.6344
2019:05:06 14:31:37 270382 2321.6344
2019:05:06 14:31:37 271751 1360.7368
2019:05:06 14:31:37 273068 1309.6295
2019:05:06 14:31:37 274192 829.7227
2019:05:06 14:31:37 275376 679.8171
2019:05:06 14:31:37 276617 794.5374
2019:05:06 14:31:37 278387 1266.4422
2019:05:06 14:31:37 279504 1108.8215
2019:05:06 14:31:37 280733 1221.2396
2019:05:06 14:31:37 285367 4088.4539
2019:05:06 14:31:37 287243 804.5845
2019:05:06 14:31:37 288473 1117.0022
2019:05:06 14:31:37 289306 803.9437
2019:05:06 14:31:37 290546 438.1053
2019:05:06 14:31:37 291763 414.8893
2019:05:06 14:31:37 292603 438.5896
2019:05:06 14:31:37 293793 789.2698
2019:05:06 14:31:37 295024 821.5755
2019:05:06 14:31:37 296673 1210.7529
2019:05:06 14:31:37 297908 1223.9404
2019:05:06 14:31:37 299139 1222.6850
2019:05:06 14:31:37 300347 1194.2424
2019:05:06 14:31:37 301617 843.8118
2019:05:06 14:31:37 302431 804.4206
2019:05:06 14:31:37 303641 823.3264
2019:05:06 14:31:37 304853 817.5187
2019:05:06 14:31:37 305712 827.8377
2019:05:06 14:31:37 306516 795.2787
2019:05:06 14:31:37 307731 808.9654
2019:05:06 14:31:37 308949 819.8582
2019:05:06 14:31:37 309790 802.7814
2019:05:06 14:31:37 311004 818.1632
2019:05:06 14:31:37 312248 1210.0190
2019:05:06 14:31:37 313456 1199.4392
2019:05:06 14:31:37 314296 429.6340
2019:05:06 14:31:37 315510 815.5331
2019:05:06 14:31:37 316747 1219.9357
2019:05:06 14:31:37 317963 1193.6016
2019:05:06 14:31:37 319199 830.3560
2019:05:06 14:31:37 320121 914.3837
2019:05:06 14:31:37 321255 835.3479
2019:05:06 14:31:37 322478 792.7455
2019:05:06 14:31:37 324117 833.6827
2019:05:06 14:31:37 324943 736.9742
2019:05:06 14:31:37 325761 428.6431
2019:05:06 14:31:37 327794 1235.0604
2019:05:06 14:31:37 329041 1233.2909
2019:05:06 14:31:37 330669 1605.5703
2019:05:06 14:31:37 331889 1213.7704
2019:05:06 14:31:37 333129 1226.9132
2019:05:06 14:31:37 333945 421.4533
2019:05:06 14:31:37 335213 765.0144
2019:05:06 14:31:37 336504 1283.5190
2019:05:06 14:31:37 337642 1131.0428
2019:05:06 14:31:37 338850 800.3972
2019:05:06 14:31:37 340494 1212.7534
2019:05:06 14:31:37 341728 1225.5572
2019:05:06 14:31:37 342944 1179.6057
2019:05:06 14:31:37 343804 436.0229
2019:05:06 14:31:37 345411 827.9644
2019:05:06 14:31:37 346634 805.4934
2019:05:06 14:31:37 347909 441.9014
2019:05:06 14:31:37 349505 826.9697
2019:05:06 14:31:37 350726 807.0916
2019:05:06 14:31:37 352373 1211.6954
2019:05:06 14:31:37 353616 1234.8294
2019:05:06 14:31:37 354823 1196.3993
2019:05:06 14:31:37 355678 751.0185
2019:05:06 14:31:37 356870 811.9792
2019:05:06 14:31:37 358131 827.4093
2019:05:06 14:31:37 359336 1187.7865
2019:05:06 14:31:37 360573 1227.8967
2019:05:06 14:31:37 361803 1223.5940
2019:05:06 14:31:37 362644 831.3097
2019:05:06 14:31:37 363842 1189.1015
2019:05:06 14:31:37 364671 815.8721
2019:05:06 14:31:37 365880 792.2351
2019:05:06 14:31:37 367122 1207.8993
2019:05:06 14:31:37 368749 1220.1294
2019:05:06 14:31:37 369999 1235.4292
2019:05:06 14:31:37 370808 421.6358
2019:05:06 14:31:37 372063 446.1966
2019:05:06 14:31:37 373681 837.0467
2019:05:06 14:31:37 374521 441.0371
2019:05:06 14:31:37 375723 822.4994
2019:05:06 14:31:37 376962 432.3944
2019:05:06 14:31:37 378179 792.9839
2019:05:06 14:31:37 379404 815.0339
2019:05:06 14:31:37 380238 806.1789
2019:05:06 14:31:37 381069 439.1149
2019:05:06 14:31:37 382673 1203.0154
2019:05:06 14:31:37 383511 816.9226
2019:05:06 14:31:37 384722 813.5140
2019:05:06 14:31:37 385949 816.7885
2019:05:06 14:31:37 387194 815.4511
2019:05:06 14:31:37 388832 1606.1403
2019:05:06 14:31:37 390061 1215.0109
2019:05:06 14:31:37 390897 826.8580
2019:05:06 14:31:37 392093 1179.7808
2019:05:06 14:31:37 393326 1215.5510
2019:05:06 14:31:37 394566 1223.6573
2019:05:06 14:31:37 396202 831.0378
2019:05:06 14:31:37 397427 820.0221
2019:05:06 14:31:37 398664 1220.9639
2019:05:06 14:31:37 399478 422.2617
2019:05:06 14:31:37 401150 861.8720
2019:05:06 14:31:37 402339 1181.9936
2019:05:06 14:31:37 403181 437.3156
2019:05:06 14:31:37 404380 806.2683
2019:05:06 14:31:37 405644 827.5509
2019:05:06 14:31:37 406857 1206.7892
2019:05:06 14:31:37 408070 1198.2359
2019:05:06 14:31:37 408924 448.5138
2019:05:06 14:31:37 410131 772.5172
2019:05:06 14:31:37 411345 820.3797
2019:05:06 14:31:37 412197 443.4288
2019:05:06 14:31:37 413394 796.3218
2019:05:06 14:31:37 414313 512.1231
2019:05:06 14:31:37 415460 811.1224
2019:05:06 14:31:37 416688 800.6357
2019:05:06 14:31:37 418314 1211.7922
2019:05:06 14:31:37 419536 1179.1699
2019:05:06 14:31:37 420367 795.5134
2019:05:06 14:31:37 422001 1230.6236
2019:05:06 14:31:37 423234 1225.0245
2019:05:06 14:31:37 424070 426.4973
2019:05:06 14:31:37 425290 727.8025
2019:05:06 14:31:37 426532 440.8099
2019:05:06 14:31:37 428141 818.7890
2019:05:06 14:31:37 429368 813.9350
2019:05:06 14:31:37 430612 1218.6840
2019:05:06 14:31:37 431827 1206.4166
2019:05:06 14:31:37 432748 897.5528
2019:05:06 14:31:37 434288 818.9864
2019:05:06 14:31:37 435513 804.7260
2019:05:06 14:31:37 436753 1222.8414
2019:05:06 14:31:37 437971 816.3974
2019:05:06 14:31:37 439205 1188.6917
2019:05:06 14:31:37 440429 1216.2849
2019:05:06 14:31:37 441675 1233.1605
2019:05:06 14:31:37 442894 1209.5794
2019:05:06 14:31:37 443724 739.2168
2019:05:06 14:31:37 444942 798.0913
2019:05:06 14:31:37 445811 449.4414
2019:05:06 14:31:37 447004 431.6047
2019:05:06 14:31:37 448239 442.1510
2019:05:06 14:31:37 449133 484.1872
2019:05:06 14:31:37 450264 804.3088
2019:05:06 14:31:37 451190 502.8322
2019:05:06 14:31:37 452351 441.3873
2019:05:06 14:31:37 453552 822.0933
2019:05:06 14:31:37 454775 807.6541
2019:05:06 14:31:37 455993 795.4054
2019:05:06 14:31:37 456828 425.3238
2019:05:06 14:31:37 458049 799.9018
2019:05:06 14:31:37 458885 435.1512
2019:05:06 14:31:37 460102 810.3251
2019:05:06 14:31:37 461352 826.6158
2019:05:06 14:31:37 462165 425.3462
2019:05:06 14:31:37 463379 802.6138
2019:05:06 14:31:37 464594 820.0221
2019:05:06 14:31:37 465436 794.1462
2019:05:06 14:31:37 466686 458.1437
2019:05:06 14:31:37 467865 810.7089
2019:05:06 14:31:37 469095 811.5210
2019:05:06 14:31:37 470343 1216.6612
2019:05:06 14:31:37 471574 430.1108
2019:05:06 14:31:37 472804 831.8760
2019:05:06 14:31:37 473632 814.9110
2019:05:06 14:31:37 474845 837.5496
2019:05:06 14:31:37 476074 809.7067
2019:05:06 14:31:37 477319 825.4573
2019:05:06 14:31:37 490169 805.1060
2019:05:06 14:31:37 491287 821.3893
2019:05:06 14:31:37 493357 1296.2930
2019:05:06 14:31:37 494647 1281.2242
2019:05:06 14:31:37 495749 1094.0097
2019:05:06 14:31:37 497091 792.2761
2019:05:06 14:31:37 499070 573.6724
2019:05:06 14:31:37 500395 831.2427
2019:05:06 14:31:37 501518 827.0107
2019:05:06 14:31:37 502781 780.2099
2019:05:06 14:31:37 503972 835.8471
2019:05:06 14:31:37 505676 1304.0416
2019:05:06 14:31:37 507246 1562.2713
2019:05:06 14:31:37 508453 1199.0219
2019:05:06 14:31:37 510336 1442.3952
2019:05:06 14:31:37 511323 978.9616
2019:05:06 14:31:37 513053 1270.0483
2019:05:06 14:31:37 514218 828.5977
2019:05:06 14:31:37 515433 1106.8135
2019:05:06 14:31:37 516779 839.7624
2019:05:06 14:31:37 517901 831.2277
2019:05:06 14:31:37 519965 1287.9260
2019:05:06 14:31:37 522431 2458.4979
2019:05:06 14:31:37 523613 1173.7719
2019:05:06 14:31:37 524918 857.8487
2019:05:06 14:31:37 526162 826.3215
2019:05:06 14:31:37 527278 1107.4357
2019:05:06 14:31:37 528574 783.9501
2019:05:06 14:31:37 529863 927.9661
2019:05:06 14:31:37 531157 963.5128
2019:05:06 14:31:37 532262 800.3451
2019:05:06 14:31:37 534451 1387.1826
2019:05:06 14:31:37 535897 794.8391
2019:05:06 14:31:37 537146 785.1012
2019:05:06 14:31:37 538471 946.9502
2019:05:06 14:31:37 539600 1121.2751
2019:05:06 14:31:37 541235 823.6952
2019:05:06 14:31:37 542515 822.0598
2019:05:06 14:31:37 544582 1299.0758
2019:05:06 14:31:37 546677 2086.7549
2019:05:06 14:31:37 547792 786.4237
2019:05:06 14:31:37 549084 496.0373
2019:05:06 14:31:37 550664 1217.7601
2019:05:06 14:31:37 552282 1609.9885
2019:05:06 14:31:37 553241 520.2778
2019:05:06 14:31:37 554804 780.2323
2019:05:06 14:31:37 555952 799.9167
2019:05:06 14:31:37 557227 786.9378
2019:05:06 14:31:37 559271 857.0328
2019:05:06 14:31:37 560580 794.9658
2019:05:06 14:31:37 562179 1272.0563
2019:05:06 14:31:37 563347 1159.3588
2019:05:06 14:31:37 564570 808.3470
2019:05:06 14:31:37 565877 819.1355
2019:05:06 14:31:37 567055 855.1143
2019:05:06 14:31:37 568296 1133.7511
2019:05:06 14:31:37 570499 1847.5354
2019:05:06 14:31:37 571521 1013.3050
2019:05:06 14:31:37 572753 811.8413
2019:05:06 14:31:37 573979 762.9432
2019:05:06 14:31:37 575281 795.0626
2019:05:06 14:31:37 576431 800.5574
2019:05:06 14:31:37 582436 5518.2055
2019:05:06 14:31:37 583398 422.9695
2019:05:06 14:31:37 584599 797.0668
2019:05:06 14:31:37 585860 429.8799
2019:05:06 14:31:37 587470 829.9239
2019:05:06 14:31:37 588316 443.6858
2019:05:06 14:31:37 589535 832.7328
2019:05:06 14:31:37 590755 1204.8073
2019:05:06 14:31:37 591971 1208.4208
2019:05:06 14:31:37 592798 419.2814
2019:05:06 14:31:37 593647 440.1952
2019:05:06 14:31:37 601431 7395.4202
2019:05:06 14:31:37 602660 1220.4461
2019:05:06 14:31:37 603930 1198.3700
2019:05:06 14:31:37 605103 688.3778
2019:05:06 14:31:37 607221 795.8561
2019:05:06 14:31:37 608506 924.2035
2019:05:06 14:31:37 610059 1240.9575
2019:05:06 14:31:37 611239 678.9714
2019:05:06 14:31:37 612512 844.4116
2019:05:06 14:31:37 613745 1225.5535
2019:05:06 14:31:37 614591 345.5244
2019:05:06 14:31:37 616680 927.5749
2019:05:06 14:31:37 618398 1427.2444
2019:05:06 14:31:37 619866 808.2874
2019:05:06 14:31:37 621586 1275.6735
2019:05:06 14:31:37 622712 1118.0155
2019:05:06 14:31:37 623988 777.1924
2019:05:06 14:31:37 625307 1310.2032
2019:05:06 14:31:37 626455 868.5328
2019:05:06 14:31:37 628046 818.2563
2019:05:06 14:31:37 629284 785.5631
2019:05:06 14:31:37 630961 578.4482
2019:05:06 14:31:37 632250 920.5267
2019:05:06 14:31:37 633392 817.4554
2019:05:06 14:31:37 634654 801.2466
2019:05:06 14:31:37 636258 1121.6477
2019:05:06 14:31:37 638306 2040.5054
2019:05:06 14:31:37 640409 2095.3119
2019:05:06 14:31:37 642402 1984.5143
2019:05:06 14:31:37 644520 2110.7756
2019:05:06 14:31:37 646599 2070.7212
2019:05:06 14:31:37 648647 2039.3990
2019:05:06 14:31:37 650698 2043.3441
2019:05:06 14:31:37 652643 1936.3426
2019:05:06 14:31:37 654701 2050.4817
2019:05:06 14:31:37 656840 2130.6612
2019:05:06 14:31:37 658883 2035.1484
2019:05:06 14:31:37 660834 1941.2376
2019:05:06 14:31:37 662882 2040.1254
2019:05:06 14:31:37 664952 2062.6076
2019:05:06 14:31:37 666981 2020.2510
2019:05:06 14:31:37 669035 2046.2312
2019:05:06 14:31:37 671174 2131.8756
2019:05:06 14:31:37 673220 2037.2234
2019:05:06 14:31:37 675268 2038.8402
2019:05:06 14:31:37 677316 2040.6358
2019:05:06 14:31:37 679265 1940.9768
2019:05:06 14:31:37 681314 1942.0274
2019:05:06 14:31:37 683362 2039.7268
2019:05:06 14:31:37 685473 2103.7646
2019:05:06 14:31:37 687564 2082.4447
2019:05:06 14:31:37 690305 2733.1747
2019:05:06 14:31:37 691635 1322.2247
2019:05:06 14:31:37 692752 784.0022
2019:05:06 14:31:37 694017 435.3039
2019:05:06 14:31:37 695617 798.7693
2019:05:06 14:31:37 696891 791.2405
2019:05:06 14:31:37 698197 937.3911
2019:05:06 14:31:37 699311 792.6598
2019:05:06 14:31:37 701118 863.7831
2019:05:06 14:31:37 702361 1235.4814
2019:05:06 14:31:37 703843 827.5062
2019:05:06 14:31:37 705053 1103.8445
2019:05:06 14:31:37 706364 507.1834
2019:05:06 14:31:37 708439 1270.7487
2019:05:06 14:31:37 709557 818.0626
2019:05:06 14:31:37 711655 1261.1635
2019:05:06 14:31:37 712826 792.7343
2019:05:06 14:31:37 714907 586.0291
2019:05:06 14:31:37 716557 839.6506
2019:05:06 14:31:37 717788 1223.0240
2019:05:06 14:31:37 719395 791.2554
2019:05:06 14:31:37 720689 793.9711
2019:05:06 14:31:37 721834 782.0316
2019:05:06 14:31:37 723096 811.3645
2019:05:06 14:31:37 724742 1114.7261
2019:05:06 14:31:37 726446 1696.2700
2019:05:06 14:31:37 728088 1294.4862
2019:05:06 14:31:37 729767 1671.6421
2019:05:06 14:31:37 731329 1554.4295
2019:05:06 14:31:37 732604 916.2687
2019:05:06 14:31:37 734198 1262.6797
2019:05:06 14:31:37 735477 914.8344
2019:05:06 14:31:37 736695 903.7256
2019:05:06 14:31:37 738423 1399.5543
2019:05:06 14:31:37 739884 1130.9087
2019:05:06 14:31:37 741194 929.8995
2019:05:06 14:31:37 742321 1119.8595
2019:05:06 14:31:37 743614 815.8460
2019:05:06 14:31:37 745201 801.0007
2019:05:06 14:31:37 746950 1248.8328
2019:05:06 14:31:37 748067 1107.9162
2019:05:06 14:31:37 750372 1823.4812
2019:05:06 14:31:37 751790 1409.2512
2019:05:06 14:31:37 753861 2064.1834
2019:05:06 14:31:37 755024 1154.7469
2019:05:06 14:31:37 756267 816.0807
2019:05:06 14:31:37 757896 807.2406
2019:05:06 14:31:37 759141 756.5022
2019:05:06 14:31:37 760421 1271.7806
2019:05:06 14:31:37 762437 1682.9967
2019:05:06 14:31:37 763752 1281.0081
2019:05:06 14:31:37 764864 1102.7567
2019:05:06 14:31:37 766075 688.3480
2019:05:06 14:31:37 768127 1555.3087
2019:05:06 14:31:37 769432 1297.2504
2019:05:06 14:31:37 771025 806.6259
2019:05:06 14:31:37 771871 347.6888
2019:05:06 14:31:37 774381 1664.5305
2019:05:06 14:31:37 775550 1160.4801
2019:05:06 14:31:37 776897 1339.5995
2019:05:06 14:31:37 781365 4459.8766
2019:05:06 14:31:37 782447 427.3877
2019:05:06 14:31:37 783652 805.3295
2019:05:06 14:31:37 784886 1191.8209
2019:05:06 14:31:37 786112 822.4510
2019:05:06 14:31:37 787337 818.1371
2019:05:06 14:31:37 788579 1209.4900
2019:05:06 14:31:37 789801 810.6492
2019:05:06 14:31:37 791041 1213.2227
2019:05:06 14:31:37 792254 1207.5603
2019:05:06 14:31:37 793097 433.4413
2019:05:06 14:31:37 793935 430.4200
2019:05:06 14:31:37 795129 803.1204
2019:05:06 14:31:37 795983 450.8123
2019:05:06 14:31:37 797184 830.1623
2019:05:06 14:31:37 801503 4227.1242
2019:05:06 14:31:37 802955 827.5211
2019:05:06 14:31:37 804177 830.8180
2019:05:06 14:31:37 805569 981.6363
2019:05:06 14:31:37 806665 1087.7289
2019:05:06 14:31:37 808387 1347.7281
2019:05:06 14:31:37 810432 2035.3645
2019:05:06 14:31:37 812051 1610.3946
2019:05:06 14:31:37 813194 1133.5462
2019:05:06 14:31:37 814495 803.8916
2019:05:06 14:31:37 815670 838.4660
2019:05:06 14:31:37 816902 1094.6989
2019:05:06 14:31:37 818506 809.4460
2019:05:06 14:31:37 819768 337.9509
2019:05:06 14:31:37 822461 1911.4465
2019:05:06 14:31:37 823096 626.1766
2019:05:06 14:31:37 825203 971.6749
2019:05:06 14:31:37 826308 1097.0123
2019:05:06 14:31:37 827640 820.0519
2019:05:06 14:31:37 829261 1301.6686
2019:05:06 14:31:37 830380 1110.6171
2019:05:06 14:31:37 831689 807.0618
2019:05:06 14:31:37 833290 806.2050
2019:05:06 14:31:37 835342 888.9176
2019:05:06 14:31:37 836607 1257.8405
2019:05:06 14:31:37 838190 787.9771
2019:05:06 14:31:37 839470 897.6310
2019:05:06 14:31:37 841480 1172.0732
2019:05:06 14:31:37 843515 1925.8037
2019:05:06 14:31:37 845131 1608.6996
2019:05:06 14:31:37 846496 1257.4829
2019:05:06 14:31:37 848400 782.6984
2019:05:06 14:31:37 849683 810.9249
2019:05:06 14:31:37 850847 802.1444
2019:05:06 14:31:37 851832 533.2902
2019:05:06 14:31:37 853752 822.7453
2019:05:06 14:31:37 855396 1131.1211
2019:05:06 14:31:37 857123 1719.6946
2019:05:06 14:31:37 858229 1097.7648
2019:05:06 14:31:37 859465 810.7983
2019:05:06 14:31:37 860699 804.8601
2019:05:06 14:31:37 861950 458.2144
2019:05:06 14:31:37 863562 816.9040
2019:05:06 14:31:37 864809 806.3950
2019:05:06 14:31:37 866450 1257.3786
2019:05:06 14:31:37 867684 1226.4550
2019:05:06 14:31:37 868965 881.7427
2019:05:06 14:31:37 870147 877.5666
2019:05:06 14:31:37 871778 762.8314
2019:05:06 14:31:37 872985 1198.8878
2019:05:06 14:31:37 874227 824.9134
2019:05:06 14:31:37 875428 789.5343
2019:05:06 14:31:37 876664 793.9264
2019:05:06 14:31:37 877893 806.6259
2019:05:06 14:31:37 879131 803.0348
2019:05:06 14:31:37 880774 818.5692
2019:05:06 14:31:37 882001 819.6905
2019:05:06 14:31:37 883295 876.7135
2019:05:06 14:31:37 884465 823.9560
2019:05:06 14:31:37 885665 783.7303
2019:05:06 14:31:37 886907 815.2649
2019:05:06 14:31:37 888549 1215.5995
2019:05:06 14:31:37 889765 1205.4108
2019:05:06 14:31:37 891018 823.3041
2019:05:06 14:31:37 892239 806.4806
2019:05:06 14:31:37 893600 935.3459
2019:05:06 14:31:37 894726 877.2835
2019:05:06 14:31:37 896382 865.8953
2019:05:06 14:31:37 897552 784.9447
2019:05:06 14:31:37 898812 850.5359
2019:05:06 14:31:37 900007 802.0513
2019:05:06 14:31:37 901639 786.9229
2019:05:06 14:31:37 902880 822.6484
2019:05:06 14:31:37 903795 501.8152
2019:05:06 14:31:37 905541 1023.6613
2019:05:06 14:31:37 906596 1046.5719
2019:05:06 14:31:37 908190 1186.3597
2019:05:06 14:31:37 909440 815.1382
2019:05:06 14:31:37 911084 851.5008
2019:05:06 14:31:37 912301 831.4699
2019:05:06 14:31:37 914442 1314.7704
2019:05:06 14:31:37 915983 1533.1767
2019:05:06 14:31:37 917219 1227.4347
2019:05:06 14:31:37 918431 769.5258
2019:05:06 14:31:37 919671 807.4902
2019:05:06 14:31:37 921337 1172.3712
2019:05:06 14:31:37 922540 1191.1243
2019:05:06 14:31:37 924204 1241.3375
2019:05:06 14:31:37 925010 799.0785
2019:05:06 14:31:37 926627 802.9826
2019:05:06 14:31:37 927876 814.0057
2019:05:06 14:31:37 929108 827.2789
2019:05:06 14:31:37 930331 1214.9923
2019:05:06 14:31:37 931578 774.6220
2019:05:06 14:31:37 933206 1619.7786
2019:05:06 14:31:37 934821 1606.9822
2019:05:06 14:31:37 936046 1216.4600
2019:05:06 14:31:37 937294 824.9283
2019:05:06 14:31:37 938517 804.0443
2019:05:06 14:31:37 939761 858.2845
2019:05:06 14:31:37 940956 802.9789
2019:05:06 14:31:37 942313 767.5663
2019:05:06 14:31:37 943475 867.3929
2019:05:06 14:31:37 945071 1230.0797
2019:05:06 14:31:37 946293 1213.9939
2019:05:06 14:31:37 947537 757.1317
2019:05:06 14:31:37 948750 1204.7552
2019:05:06 14:31:37 950004 858.9849
2019:05:06 14:31:37 951644 1632.7277
2019:05:06 14:31:37 953233 1580.6071
2019:05:06 14:31:37 954496 753.4623
2019:05:06 14:31:37 956160 870.2092
2019:05:06 14:31:37 957766 1598.3656
2019:05:06 14:31:37 958980 774.6294
2019:05:06 14:31:37 960221 817.4106
2019:05:06 14:31:37 961445 808.8909
2019:05:06 14:31:37 962679 812.2176
2019:05:06 14:31:37 963915 751.4097
2019:05:06 14:31:37 965171 850.9457
2019:05:06 14:31:37 966467 1289.2522
2019:05:06 14:31:37 967580 1104.5448
2019:05:06 14:31:37 968455 443.2425
2019:05:06 14:31:37 970064 828.5679
2019:05:06 14:31:37 971677 1204.8185
2019:05:06 14:31:37 972916 1231.3947
2019:05:06 14:31:37 974960 1547.0311
2019:05:06 14:31:37 976212 1244.7163
2019:05:06 14:31:37 977861 1641.1953
2019:05:06 14:31:37 979043 689.3836
2019:05:06 14:31:37 980735 866.0406
2019:05:06 14:31:37 981934 1191.6533
2019:05:06 14:31:37 983560 790.1303
2019:05:06 14:31:37 984798 832.1181
2019:05:06 14:31:37 986435 1204.9340
2019:05:06 14:31:37 987660 799.2871
2019:05:06 14:31:37 988896 833.8578
2019:05:06 14:31:37 990120 798.4228
2019:05:06 14:31:37 991336 722.0767
2019:05:06 14:31:37 993005 1160.8452
2019:05:06 14:31:37 994201 783.6260
2019:05:06 14:31:37 995437 800.2110
2019:05:06 14:31:37 996669 800.3339
2019:05:06 14:31:37 997888 785.2353
2019:05:06 14:31:37 999157 431.5823
2019:05:06 14:31:38 764 805.0837
2019:05:06 14:31:38 2886 1690.6299
2019:05:06 14:31:38 4039 1145.0537
2019:05:06 14:31:38 5311 875.7450
2019:05:06 14:31:38 6931 1612.1306
2019:05:06 14:31:38 8145 1206.6215
2019:05:06 14:31:38 9396 862.6021
2019:05:06 14:31:38 10596 795.6140
2019:05:06 14:31:38 11836 811.8451
2019:05:06 14:31:38 13598 966.9848
2019:05:06 14:31:38 14854 969.5105
2019:05:06 14:31:38 16406 886.5073
2019:05:06 14:31:38 17597 854.8647
2019:05:06 14:31:38 19197 831.3581
2019:05:06 14:31:38 20426 790.7413
2019:05:06 14:31:38 21665 845.3019
2019:05:06 14:31:38 23292 1204.8148
2019:05:06 14:31:38 24522 1221.6307
2019:05:06 14:31:38 25852 934.4667
2019:05:06 14:31:38 26979 1119.6397
2019:05:06 14:31:38 28231 827.3982
2019:05:06 14:31:38 29859 1620.8217
2019:05:06 14:31:38 31062 1194.5143
2019:05:06 14:31:38 32294 792.8908
2019:05:06 14:31:38 34351 1249.1941
2019:05:06 14:31:38 35594 1235.3770
2019:05:06 14:31:38 36797 781.0779
2019:05:06 14:31:38 38075 435.6094
2019:05:06 14:31:38 39675 812.9627
2019:05:06 14:31:38 40912 808.6041
2019:05:06 14:31:38 42145 764.2917
2019:05:06 14:31:38 44200 1637.2651
2019:05:06 14:31:38 45403 1195.7474
2019:05:06 14:31:38 46641 804.2641
2019:05:06 14:31:38 47859 796.2361
2019:05:06 14:31:38 48718 445.6826
2019:05:06 14:31:38 50527 1359.0306
2019:05:06 14:31:38 51548 782.4227
2019:05:06 14:31:38 52789 810.5598
2019:05:06 14:31:38 54026 754.4011
2019:05:06 14:31:38 55240 802.8336
2019:05:06 14:31:38 56492 835.7577
2019:05:06 14:31:38 58109 797.5176
2019:05:06 14:31:38 59328 816.1962
2019:05:06 14:31:38 62171 806.4061
2019:05:06 14:31:38 63399 809.1182
2019:05:06 14:31:38 64631 809.5689
2019:05:06 14:31:38 65879 1209.2069
2019:05:06 14:31:38 67111 784.1773
2019:05:06 14:31:38 68321 1201.5216
2019:05:06 14:31:38 69564 1227.8855
2019:05:06 14:31:38 70417 844.2625
2019:05:06 14:31:38 71210 434.6408
2019:05:06 14:31:38 72427 793.0622
2019:05:06 14:31:38 73654 797.1637
2019:05:06 14:31:38 74887 788.9308
2019:05:06 14:31:38 75830 929.0799
2019:05:06 14:31:38 77369 440.1766
2019:05:06 14:31:38 78990 838.1344
2019:05:06 14:31:38 80696 1323.6217
2019:05:06 14:31:38 81908 1204.0101
2019:05:06 14:31:38 83130 881.6160
2019:05:06 14:31:38 84341 1203.7382
2019:05:06 14:31:38 85556 1207.1840
2019:05:06 14:31:38 86806 875.2197
2019:05:06 14:31:38 87592 436.2613
2019:05:06 14:31:38 89267 1222.4838
2019:05:06 14:31:38 90850 1575.4327
2019:05:06 14:31:38 92074 1214.3329
2019:05:06 14:31:38 93400 488.4750
2019:05:06 14:31:38 94944 813.8567
2019:05:06 14:31:38 96190 796.4671
2019:05:06 14:31:38 97055 736.9407
2019:05:06 14:31:38 99036 1230.4783
2019:05:06 14:31:38 100273 1219.2652
2019:05:06 14:31:38 101546 796.7092
2019:05:06 14:31:38 102730 1177.4786
2019:05:06 14:31:38 103951 792.2314
2019:05:06 14:31:38 106075 1221.5339
2019:05:06 14:31:38 107282 1198.3663
2019:05:06 14:31:38 108062 424.2659
2019:05:06 14:31:38 109290 733.5097
2019:05:06 14:31:38 110515 799.8534
2019:05:06 14:31:38 111800 480.2980
2019:05:06 14:31:38 112985 420.9504
2019:05:06 14:31:38 114231 442.2404
2019:05:06 14:31:38 115864 1161.8696
2019:05:06 14:31:38 117075 431.4221
2019:05:06 14:31:38 118317 424.1504
2019:05:06 14:31:38 119557 780.9959
2019:05:06 14:31:38 120759 1192.2084
2019:05:06 14:31:38 121598 824.6489
2019:05:06 14:31:38 122411 423.3494
2019:05:06 14:31:38 123629 821.7320
2019:05:06 14:31:38 124853 783.8570
2019:05:06 14:31:38 126182 487.8789
2019:05:06 14:31:38 126999 498.6860
2019:05:06 14:31:38 128617 892.9782
2019:05:06 14:31:38 129826 1200.9777
2019:05:06 14:31:38 131052 886.5483
2019:05:06 14:31:38 132268 1208.8381
2019:05:06 14:31:38 133452 1175.7649
2019:05:06 14:31:38 134699 1232.4527
2019:05:06 14:31:38 135937 1221.3886
2019:05:06 14:31:38 137149 1202.7547
2019:05:06 14:31:38 138399 758.2046
2019:05:06 14:31:38 140074 895.9994
2019:05:06 14:31:38 140844 433.4040
2019:05:06 14:31:38 142502 875.6444
2019:05:06 14:31:38 143724 865.7128
2019:05:06 14:31:38 145420 1688.2904
2019:05:06 14:31:38 146544 818.6325
2019:05:06 14:31:38 147777 815.7492
2019:05:06 14:31:38 148652 462.2266
2019:05:06 14:31:38 150237 810.0905
2019:05:06 14:31:38 151086 420.6337
2019:05:06 14:31:38 152326 756.0141
2019:05:06 14:31:38 153548 1213.3121
2019:05:06 14:31:38 154360 804.0965
2019:05:06 14:31:38 155577 811.9270
2019:05:06 14:31:38 157200 768.4566
2019:05:06 14:31:38 158909 1237.1205
2019:05:06 14:31:38 160484 1567.2818
2019:05:06 14:31:38 161706 1213.4127
2019:05:06 14:31:38 162941 1219.2726
2019:05:06 14:31:38 164156 813.8865
2019:05:06 14:31:38 165013 425.3872
2019:05:06 14:31:38 166663 1220.6025
2019:05:06 14:31:38 167883 1211.1850
2019:05:06 14:31:38 168699 807.2667
2019:05:06 14:31:38 169898 802.9342
2019:05:06 14:31:38 171122 775.5049
2019:05:06 14:31:38 172069 904.8469
2019:05:06 14:31:38 173595 795.6848
2019:05:06 14:31:38 174808 790.5364
2019:05:06 14:31:38 175724 890.2401
2019:05:06 14:31:38 176931 1199.9048
2019:05:06 14:31:38 178162 875.1936
2019:05:06 14:31:38 179724 805.1470
2019:05:06 14:31:38 180956 794.6454
2019:05:06 14:31:38 181827 759.2402
2019:05:06 14:31:38 183069 482.4214
2019:05:06 14:31:38 184314 477.9585
2019:05:06 14:31:38 185865 775.3968
2019:05:06 14:31:38 187107 820.3983
2019:05:06 14:31:38 188440 1222.4168
2019:05:06 14:31:38 189553 1105.5060
2019:05:06 14:31:38 190475 502.5715
2019:05:06 14:31:38 192104 1223.3146
2019:05:06 14:31:38 193309 1197.0289
2019:05:06 14:31:38 194110 454.0049
2019:05:06 14:31:38 195697 1127.1089
2019:05:06 14:31:38 196619 808.1831
2019:05:06 14:31:38 198252 901.6953
2019:05:06 14:31:38 199467 1206.7333
2019:05:06 14:31:38 201031 1556.1767
2019:05:06 14:31:38 201906 865.8990
2019:05:06 14:31:38 203475 1561.8354
2019:05:06 14:31:38 204814 1216.7133
2019:05:06 14:31:38 206063 931.8218
2019:05:06 14:31:38 207164 814.5049
2019:05:06 14:31:38 208041 441.1303
2019:05:06 14:31:38 209623 820.3574
2019:05:06 14:31:38 211266 796.4224
2019:05:06 14:31:38 212183 495.8250
2019:05:06 14:31:38 213727 814.0579
2019:05:06 14:31:38 214624 497.6094
2019:05:06 14:31:38 216582 1230.3442
2019:05:06 14:31:38 217416 814.0430
2019:05:06 14:31:38 219087 796.6198
2019:05:06 14:31:38 219883 787.8616
2019:05:06 14:31:38 221506 742.6366
2019:05:06 14:31:38 222733 1219.4738
2019:05:06 14:31:38 223968 802.9379
2019:05:06 14:31:38 224871 494.3162
2019:05:06 14:31:38 226084 488.4638
2019:05:06 14:31:38 228050 1228.2468
2019:05:06 14:31:38 229300 1224.5513
2019:05:06 14:31:38 230509 794.7013
2019:05:06 14:31:38 231739 788.3757
2019:05:06 14:31:38 232989 805.4785
2019:05:06 14:31:38 234633 1616.3625
2019:05:06 14:31:38 235844 1202.0580
2019:05:06 14:31:38 237083 1228.8317
2019:05:06 14:31:38 238761 1220.9080
2019:05:06 14:31:38 240753 1984.6149
2019:05:06 14:31:38 241977 1215.2269
2019:05:06 14:31:38 243202 787.6046
2019:05:06 14:31:38 244443 1203.8983
2019:05:06 14:31:38 245671 1218.2966
2019:05:06 14:31:38 246523 454.5599
2019:05:06 14:31:38 248119 801.9730
2019:05:06 14:31:38 249355 820.3611
2019:05:06 14:31:38 253622 4232.6935
2019:05:06 14:31:38 255103 715.8816
2019:05:06 14:31:38 256730 1612.7303
2019:05:06 14:31:38 258373 1634.9480
2019:05:06 14:31:38 259223 844.6425
2019:05:06 14:31:38 260816 1227.5241
2019:05:06 14:31:38 262058 1194.9502
2019:05:06 14:31:38 262897 446.6102
2019:05:06 14:31:38 264195 899.3149
2019:05:06 14:31:38 265326 815.5815
2019:05:06 14:31:38 266551 796.9365
2019:05:06 14:31:38 267794 1229.0813
2019:05:06 14:31:38 269014 1201.2236
2019:05:06 14:31:38 270347 907.0300
2019:05:06 14:31:38 271482 1126.6805
2019:05:06 14:31:38 272690 786.5094
2019:05:06 14:31:38 273960 433.5493
2019:05:06 14:31:38 275163 725.8616
2019:05:06 14:31:38 276414 441.6332
2019:05:06 14:31:38 278022 1224.0037
2019:05:06 14:31:38 279248 1207.0984
2019:05:06 14:31:38 280882 1620.4417
2019:05:06 14:31:38 282118 1221.7760
2019:05:06 14:31:38 283362 1234.8518
2019:05:06 14:31:38 284577 1208.8791
2019:05:06 14:31:38 285418 737.2275
2019:05:06 14:31:38 286624 804.3498
2019:05:06 14:31:38 287475 442.7023
2019:05:06 14:31:38 288688 431.6643
2019:05:06 14:31:38 289908 816.9897
2019:05:06 14:31:38 291139 1212.6453
2019:05:06 14:31:38 291985 835.8881
2019:05:06 14:31:38 293581 820.9981
2019:05:06 14:31:38 294817 1211.3266
2019:05:06 14:31:38 296089 860.5532
2019:05:06 14:31:38 297271 1174.1668
2019:05:06 14:31:38 298499 1212.8614
2019:05:06 14:31:38 299734 1222.2081
2019:05:06 14:31:38 300960 1210.1829
2019:05:06 14:31:38 301786 801.3770
2019:05:06 14:31:38 302634 822.5590
2019:05:06 14:31:38 303836 818.1483
2019:05:06 14:31:38 305048 804.9533
2019:05:06 14:31:38 305886 803.9325
2019:05:06 14:31:38 306712 432.1225
2019:05:06 14:31:38 307923 802.1630
2019:05:06 14:31:38 309148 809.6918
2019:05:06 14:31:38 309984 822.3653
2019:05:06 14:31:38 310828 443.7678
2019:05:06 14:31:38 312032 811.1596
2019:05:06 14:31:38 312855 427.6112
2019:05:06 14:31:38 314074 817.0418
2019:05:06 14:31:38 315292 810.7163
2019:05:06 14:31:38 316531 1127.8540
2019:05:06 14:31:38 318168 1606.5277
2019:05:06 14:31:38 319409 1233.5405
2019:05:06 14:31:38 320222 779.4872
2019:05:06 14:31:38 321472 449.3892
2019:05:06 14:31:38 322675 814.6726
2019:05:06 14:31:38 323911 1213.4500
2019:05:06 14:31:38 324748 829.8010
2019:05:06 14:31:38 325943 801.7197
2019:05:06 14:31:38 327170 821.5010
2019:05:06 14:31:38 328002 418.3874
2019:05:06 14:31:38 329233 429.0715
2019:05:06 14:31:38 330858 1216.5830
2019:05:06 14:31:38 332082 1208.9834
2019:05:06 14:31:38 332934 836.2420
2019:05:06 14:31:38 333824 516.3625
2019:05:06 14:31:38 334953 811.8227
2019:05:06 14:31:38 335810 825.5616
2019:05:06 14:31:38 336605 786.6472
2019:05:06 14:31:38 337839 815.6784
2019:05:06 14:31:38 339057 806.6110
2019:05:06 14:31:38 339981 902.8688
2019:05:06 14:31:38 341092 810.5002
2019:05:06 14:31:38 341928 802.6548
2019:05:06 14:31:38 343152 1129.6831
2019:05:06 14:31:38 344064 508.4500
2019:05:06 14:31:38 345598 817.4442
2019:05:06 14:31:38 347247 1135.3754
2019:05:06 14:31:38 348162 908.3971
2019:05:06 14:31:38 348912 733.4761
2019:05:06 14:31:38 350123 828.1954
2019:05:06 14:31:38 351746 820.7075
2019:05:06 14:31:38 352582 425.7113
2019:05:06 14:31:38 353814 820.2046
2019:05:06 14:31:38 355027 1203.9207
2019:05:06 14:31:38 355857 820.8416
2019:05:06 14:31:38 357066 807.4865
2019:05:06 14:31:38 358298 1216.0428
2019:05:06 14:31:38 359159 451.8144
2019:05:06 14:31:38 360358 813.1638
2019:05:06 14:31:38 361203 445.7124
2019:05:06 14:31:38 362425 432.1225
2019:05:06 14:31:38 363641 425.4058
2019:05:06 14:31:38 364549 506.1068
2019:05:06 14:31:38 365690 834.3756
2019:05:06 14:31:38 366895 791.9259
2019:05:06 14:31:38 367758 838.2685
2019:05:06 14:31:38 368950 1185.6779
2019:05:06 14:31:38 369783 421.7923
2019:05:06 14:31:38 370992 794.0307
2019:05:06 14:31:38 371864 857.2452
2019:05:06 14:31:38 373454 1582.2835
2019:05:06 14:31:38 374292 794.0903
2019:05:06 14:31:38 375506 820.2754
2019:05:06 14:31:38 376343 435.2964
2019:05:06 14:31:38 377165 413.0900
2019:05:06 14:31:38 377994 424.1355
2019:05:06 14:31:38 379199 423.2042
2019:05:06 14:31:38 380034 441.0818
2019:05:06 14:31:38 381246 798.8587
2019:05:06 14:31:38 382089 428.9225
2019:05:06 14:31:38 382985 514.6749
2019:05:06 14:31:38 384138 448.6777
2019:05:06 14:31:38 385332 805.3742
2019:05:06 14:31:38 386575 813.7710
2019:05:06 14:31:38 387801 1207.4895
2019:05:06 14:31:38 389047 1233.2313
2019:05:06 14:31:38 390242 1187.1196
2019:05:06 14:31:38 391073 800.6059
2019:05:06 14:31:38 391909 434.3241
2019:05:06 14:31:38 393111 798.7395
2019:05:06 14:31:38 393961 746.8723
2019:05:06 14:31:38 395157 814.4155
2019:05:06 14:31:38 395988 816.1217
2019:05:06 14:31:38 396808 422.4256
2019:05:06 14:31:38 398043 825.5318
2019:05:06 14:31:38 399268 810.9063
2019:05:06 14:31:38 400116 450.0709
2019:05:06 14:31:38 401314 806.4844
2019:05:06 14:31:38 402133 724.8111
2019:05:06 14:31:38 403350 791.8961
2019:05:06 14:31:38 404580 821.1173
2019:05:06 14:31:38 406225 1617.2454
2019:05:06 14:31:38 407449 825.0549
2019:05:06 14:31:38 408679 1123.0856
2019:05:06 14:31:38 409906 1194.2685
2019:05:06 14:31:38 411540 1213.8039
2019:05:06 14:31:38 412378 823.4382
2019:05:06 14:31:38 413598 1199.9309
2019:05:06 14:31:38 414827 830.0021
2019:05:06 14:31:38 415741 900.2164
2019:05:06 14:31:38 416896 841.7070
2019:05:06 14:31:38 418092 818.3047
2019:05:06 14:31:38 418930 426.9034
2019:05:06 14:31:38 420153 792.0973
2019:05:06 14:31:38 421390 1222.4764
2019:05:06 14:31:38 422622 1216.4116
2019:05:06 14:31:38 423842 1192.3052
2019:05:06 14:31:38 425060 821.0205
2019:05:06 14:31:38 425979 899.6017
2019:05:06 14:31:38 427116 828.1060
2019:05:06 14:31:38 428331 786.2709
2019:05:06 14:31:38 429563 801.7533
2019:05:06 14:31:38 430816 1232.2366
2019:05:06 14:31:38 432059 1235.3361
2019:05:06 14:31:38 432860 791.8887
2019:05:06 14:31:38 434086 819.2919
2019:05:06 14:31:38 435317 425.6926
2019:05:06 14:31:38 436943 1201.8308
2019:05:06 14:31:38 438175 1224.5141
2019:05:06 14:31:38 439013 828.6126
2019:05:06 14:31:38 440215 811.9233
2019:05:06 14:31:38 441070 447.9215
2019:05:06 14:31:38 442270 792.4139
2019:05:06 14:31:38 443491 814.4230
2019:05:06 14:31:38 444417 519.1155
2019:05:06 14:31:38 445573 828.3183
2019:05:06 14:31:38 446466 513.9895
2019:05:06 14:31:38 447993 815.6858
2019:05:06 14:31:38 448814 407.5952
2019:05:06 14:31:38 450042 799.6857
2019:05:06 14:31:38 451275 825.2226
2019:05:06 14:31:38 452510 1213.6139
2019:05:06 14:31:38 453354 828.7467
2019:05:06 14:31:38 454559 802.6995
2019:05:06 14:31:38 455810 832.3528
2019:05:06 14:31:38 456706 887.9192
2019:05:06 14:31:38 457870 448.9608
2019:05:06 14:31:38 459074 429.4403
2019:05:06 14:31:38 460294 818.4649
2019:05:06 14:31:38 461532 820.7448
2019:05:06 14:31:38 462767 438.4778
2019:05:06 14:31:38 463978 818.8263
2019:05:06 14:31:38 465220 1217.9315
2019:05:06 14:31:38 466068 838.4176
2019:05:06 14:31:38 467242 410.3333
2019:05:06 14:31:38 468108 443.3542
2019:05:06 14:31:38 469289 801.5446
2019:05:06 14:31:38 470139 433.8436
2019:05:06 14:31:38 471339 792.8386
2019:05:06 14:31:38 472604 1245.2044
2019:05:06 14:31:38 473808 1197.4052
2019:05:06 14:31:38 474640 424.1616
2019:05:06 14:31:38 475851 806.7936
2019:05:06 14:31:38 477482 1607.1461
2019:05:06 14:31:38 478718 1223.1506
2019:05:06 14:31:38 479959 1226.6859
2019:05:06 14:31:38 481588 1605.5182
2019:05:06 14:31:38 482453 856.6454
2019:05:06 14:31:38 483632 1172.3377
2019:05:06 14:31:38 484483 439.9344
2019:05:06 14:31:38 485689 821.3297
2019:05:06 14:31:38 486925 801.1051
2019:05:06 14:31:38 488154 813.6481
2019:05:06 14:31:38 489368 816.7885
2019:05:06 14:31:38 491018 1245.2267
2019:05:06 14:31:38 492238 1212.9620
2019:05:06 14:31:38 493463 1185.3613
2019:05:06 14:31:38 494291 800.3823
2019:05:06 14:31:38 495144 441.8902
2019:05:06 14:31:38 496344 801.8836
2019:05:06 14:31:38 497157 423.4649
2019:05:06 14:31:38 498383 815.1419
2019:05:06 14:31:38 499617 820.1338
2019:05:06 14:31:38 500833 820.0444
2019:05:06 14:31:38 502064 1190.4687
2019:05:06 14:31:38 503293 1221.2098
2019:05:06 14:31:38 504538 1230.7502
2019:05:06 14:31:38 505772 1226.4736
2019:05:06 14:31:38 506596 814.9594
2019:05:06 14:31:38 507800 821.5532
2019:05:06 14:31:38 508628 807.1698
2019:05:06 14:31:38 509843 781.2306
2019:05:06 14:31:38 511485 817.9024
2019:05:06 14:31:38 512706 818.5990
2019:05:06 14:31:38 513946 1217.3988
2019:05:06 14:31:38 515582 1231.6741
2019:05:06 14:31:38 516817 1225.9670
2019:05:06 14:31:38 517651 435.6876
2019:05:06 14:31:38 518879 742.8825
2019:05:06 14:31:38 520085 823.4382
2019:05:06 14:31:38 520926 811.6513
2019:05:06 14:31:38 521734 425.3648
2019:05:06 14:31:38 522559 401.8322
2019:05:06 14:31:38 523769 796.6496
2019:05:06 14:31:38 525004 1219.4626
2019:05:06 14:31:38 526223 1202.5274
2019:05:06 14:31:38 527081 834.9270
2019:05:06 14:31:38 527905 816.9152
2019:05:06 14:31:38 529108 833.9770
2019:05:06 14:31:38 530321 814.2404
2019:05:06 14:31:38 531553 802.4685
2019:05:06 14:31:38 532396 795.7667
2019:05:06 14:31:38 533197 725.8207
2019:05:06 14:31:38 534415 795.4128
2019:05:06 14:31:38 535651 1213.6512
2019:05:06 14:31:38 536874 1186.4007
2019:05:06 14:31:38 538101 800.4420
2019:05:06 14:31:38 538934 799.4287
2019:05:06 14:31:38 539774 437.9451
2019:05:06 14:31:38 540967 797.4990
2019:05:06 14:31:38 541830 429.9693
2019:05:06 14:31:38 543024 803.7165
2019:05:06 14:31:38 544252 822.6596
2019:05:06 14:31:38 545485 1217.8160
2019:05:06 14:31:38 546729 1219.0416
2019:05:06 14:31:38 547937 1202.2443
2019:05:06 14:31:38 549161 1201.4359
2019:05:06 14:31:38 550008 833.8764
2019:05:06 14:31:38 550902 879.8353
2019:05:06 14:31:38 551655 440.3703
2019:05:06 14:31:38 552869 815.6747
2019:05:06 14:31:38 553683 733.4799
2019:05:06 14:31:38 554509 428.3823
2019:05:06 14:31:38 556122 820.1264
2019:05:06 14:31:38 556963 817.6751
2019:05:06 14:31:38 557772 795.1483
2019:05:06 14:31:38 558992 804.6292
2019:05:06 14:31:38 560217 819.9327
2019:05:06 14:31:38 561057 430.0475
2019:05:06 14:31:38 562295 423.3532
2019:05:06 14:31:38 563110 412.7584
2019:05:06 14:31:38 564314 804.2492
2019:05:06 14:31:38 565158 810.2804
2019:05:06 14:31:38 565992 446.5431
2019:05:06 14:31:38 567190 792.0563
2019:05:06 14:31:38 568417 1126.8109
2019:05:06 14:31:38 569651 1207.4038
2019:05:06 14:31:38 570499 826.3402
2019:05:06 14:31:38 571691 800.2222
2019:05:06 14:31:38 572531 429.4664
2019:05:06 14:31:38 573742 801.2392
2019:05:06 14:31:38 574581 820.7373
2019:05:06 14:31:38 575486 493.1502
2019:05:06 14:31:38 576613 820.4095
2019:05:06 14:31:38 577469 426.6202
2019:05:06 14:31:38 579066 820.1264
2019:05:06 14:31:38 580289 810.0159
2019:05:06 14:31:38 581938 1628.2871
2019:05:06 14:31:38 583160 1214.8395
2019:05:06 14:31:38 584392 1216.6165
2019:05:06 14:31:38 585239 436.2687
2019:05:06 14:31:38 586055 418.2421
2019:05:06 14:31:38 587668 822.9055
2019:05:06 14:31:38 588891 1209.7955
2019:05:06 14:31:38 590152 1219.1013
2019:05:06 14:31:38 591011 850.0405
2019:05:06 14:31:38 592575 807.8516
2019:05:06 14:31:38 593810 1212.3697
2019:05:06 14:31:38 595037 819.4558
2019:05:06 14:31:38 596276 1220.0736
2019:05:06 14:31:38 597130 845.1380
2019:05:06 14:31:38 598333 1194.2759
2019:05:06 14:31:38 599957 822.7006
2019:05:06 14:31:38 601196 1212.2020
2019:05:06 14:31:38 602411 1207.1915
2019:05:06 14:31:38 603244 817.2989
2019:05:06 14:31:38 604076 438.0830
2019:05:06 14:31:38 605293 833.1388
2019:05:06 14:31:38 606134 816.6358
2019:05:06 14:31:38 607329 821.6016
2019:05:06 14:31:38 608174 445.0195
2019:05:06 14:31:38 608995 441.2681
2019:05:06 14:31:38 610202 806.8830
2019:05:06 14:31:38 611416 813.7189
2019:05:06 14:31:38 612252 802.4089
2019:05:06 14:31:38 613087 434.1304
2019:05:06 14:31:38 614287 788.8265
2019:05:06 14:31:38 615529 1199.8564
2019:05:06 14:31:38 616360 823.4605
2019:05:06 14:31:38 617601 443.9689
2019:05:06 14:31:38 618801 422.4330
2019:05:06 14:31:38 620024 803.5041
2019:05:06 14:31:38 621255 1218.3636
2019:05:06 14:31:38 622079 423.0700
2019:05:06 14:31:38 623321 742.2157
2019:05:06 14:31:38 625348 1230.9738
2019:05:06 14:31:38 626585 1216.9853
2019:05:06 14:31:38 627799 811.7408
2019:05:06 14:31:38 629033 1191.3031
2019:05:06 14:31:38 630263 1221.2358
2019:05:06 14:31:38 631521 1251.5411
2019:05:06 14:31:38 633131 1592.2524
2019:05:06 14:31:38 634359 1220.8857
2019:05:06 14:31:38 635197 823.2966
2019:05:06 14:31:38 636401 1195.8890
2019:05:06 14:31:38 637219 407.4760
2019:05:06 14:31:38 638477 434.6371
2019:05:06 14:31:38 639686 791.0170
2019:05:06 14:31:38 641322 1607.3696
2019:05:06 14:31:38 642572 1240.7266
2019:05:06 14:31:38 643777 1197.0475
2019:05:06 14:31:38 644631 826.7909
2019:05:06 14:31:38 645836 809.5577
2019:05:06 14:31:38 647078 819.6533
2019:05:06 14:31:38 648285 825.1928
2019:05:06 14:31:38 649123 817.5336
2019:05:06 14:31:38 650341 821.6202
2019:05:06 14:31:38 651250 507.6639
2019:05:06 14:31:38 652412 420.3767
2019:05:06 14:31:38 653613 798.2925
2019:05:06 14:31:38 654456 830.2331
2019:05:06 14:31:38 655349 500.8280
2019:05:06 14:31:38 656486 824.3434
2019:05:06 14:31:38 657698 812.4039
2019:05:06 14:31:38 658927 798.2776
2019:05:06 14:31:38 660159 1208.7263
2019:05:06 14:31:38 660993 808.0639
2019:05:06 14:31:38 662206 808.3098
2019:05:06 14:31:38 663045 421.7736
2019:05:06 14:31:38 664258 796.0610
2019:05:06 14:31:38 665490 1200.4599
2019:05:06 14:31:38 666753 447.7389
2019:05:06 14:31:38 668347 818.2786
2019:05:06 14:31:38 669584 1214.6421
2019:05:06 14:31:38 670428 440.2921
2019:05:06 14:31:38 672038 824.7569
2019:05:06 14:31:38 673263 1209.2404
2019:05:06 14:31:38 674493 1217.2088
2019:05:06 14:31:38 675720 814.8551
2019:05:06 14:31:38 676949 818.0849
2019:05:06 14:31:38 677788 806.1565
2019:05:06 14:31:38 679007 1204.3491
2019:05:06 14:31:38 679840 431.5861
2019:05:06 14:31:38 681465 1222.5471
2019:05:06 14:31:38 682687 1213.4686
2019:05:06 14:31:38 683944 822.0747
2019:05:06 14:31:38 684757 802.6697
2019:05:06 14:31:38 685569 428.5984
2019:05:06 14:31:38 686413 433.6871
2019:05:06 14:31:38 687645 434.9425
2019:05:06 14:31:38 688843 830.0208
2019:05:06 14:31:38 690070 803.4073
2019:05:06 14:31:38 690903 434.2459
2019:05:06 14:31:38 692123 806.6259
2019:05:06 14:31:38 692959 447.3403
2019:05:06 14:31:38 694162 800.1700
2019:05:06 14:31:38 695384 824.5669
2019:05:06 14:31:38 696221 809.7179
2019:05:06 14:31:38 697431 823.4829
2019:05:06 14:31:38 698272 805.1097
2019:05:06 14:31:38 699111 449.7953
2019:05:06 14:31:38 700710 824.3620
2019:05:06 14:31:38 701558 437.9153
2019:05:06 14:31:38 702767 830.8180
2019:05:06 14:31:38 704390 816.3340
2019:05:06 14:31:38 705247 751.1117
2019:05:06 14:31:38 706456 1201.0150
2019:05:06 14:31:38 707279 808.5556
2019:05:06 14:31:38 708490 801.8501
2019:05:06 14:31:38 709319 799.4324
2019:05:06 14:31:38 710540 788.1895
2019:05:06 14:31:38 711362 808.0490
2019:05:06 14:31:38 712196 432.4354
2019:05:06 14:31:38 713414 807.5461
2019:05:06 14:31:38 714634 806.4248
2019:05:06 14:31:38 715859 1204.5242
2019:05:06 14:31:38 716690 802.7256
2019:05:06 14:31:38 717536 446.4053
2019:05:06 14:31:38 718740 798.1136
2019:05:06 14:31:38 719569 737.2350
2019:05:06 14:31:38 720773 814.9929
2019:05:06 14:31:38 721617 821.9518
2019:05:06 14:31:38 722846 794.1797
2019:05:06 14:31:38 724066 803.4334
2019:05:06 14:31:38 725278 1195.8852
2019:05:06 14:31:38 726526 1231.3686
2019:05:06 14:31:38 727352 819.1578
2019:05:06 14:31:38 728970 817.1611
2019:05:06 14:31:38 729801 811.0590
2019:05:06 14:31:38 731024 826.1912
2019:05:06 14:31:38 732242 1204.9600
2019:05:06 14:31:38 733175 916.7790
2019:05:06 14:31:38 734342 447.5191
2019:05:06 14:31:38 735520 800.5574
2019:05:06 14:31:38 736378 438.1463
2019:05:06 14:31:38 737580 801.9805
2019:05:06 14:31:38 738812 422.8614
2019:05:06 14:31:38 740434 821.3483
2019:05:06 14:31:38 741660 1216.0130
2019:05:06 14:31:38 742898 1222.5844
2019:05:06 14:31:38 744133 1220.7739
2019:05:06 14:31:38 745353 1212.2765
2019:05:06 14:31:38 746181 726.3646
2019:05:06 14:31:38 747413 809.0883
2019:05:06 14:31:38 748634 820.9236
2019:05:06 14:31:38 749476 430.9081
2019:05:06 14:31:38 750301 431.8617
2019:05:06 14:31:38 751904 821.0689
2019:05:06 14:31:38 753148 1228.2133
2019:05:06 14:31:38 754772 1610.1412
2019:05:06 14:31:38 755621 829.9090
2019:05:06 14:31:38 756825 1131.1062
2019:05:06 14:31:38 758053 1211.9636
2019:05:06 14:31:38 759303 1242.1012
2019:05:06 14:31:38 760510 1198.9698
2019:05:06 14:31:38 761733 1201.2236
2019:05:06 14:31:38 762582 834.0515
2019:05:06 14:31:38 763780 819.3925
2019:05:06 14:31:38 764619 820.6740
2019:05:06 14:31:38 765438 428.6431
2019:05:06 14:31:38 766642 801.7346
2019:05:06 14:31:38 767876 809.8036
2019:05:06 14:31:38 768724 814.5161
2019:05:06 14:31:38 769539 430.1928
2019:05:06 14:31:38 770767 805.7021
2019:05:06 14:31:38 771991 809.2150
2019:05:06 14:31:38 773209 804.7335
2019:05:06 14:31:38 774050 825.3157
2019:05:06 14:31:38 775252 824.6191
2019:05:06 14:31:38 776483 1187.4288
2019:05:06 14:31:38 777352 854.5332
2019:05:06 14:31:38 778524 804.9272
2019:05:06 14:31:38 779757 821.5830
2019:05:06 14:31:38 781002 1207.5752
2019:05:06 14:31:38 781827 431.9400
2019:05:06 14:31:38 783047 795.6363
2019:05:06 14:31:38 783899 434.6520
2019:05:06 14:31:38 785489 1199.3162
2019:05:06 14:31:38 786719 1215.4616
2019:05:06 14:31:38 787585 439.2043
2019:05:06 14:31:38 788788 433.4003
2019:05:06 14:31:38 790017 420.9913
2019:05:06 14:31:38 791240 806.7824
2019:05:06 14:31:38 792466 778.9619
2019:05:06 14:31:38 793683 802.5728
2019:05:06 14:31:38 794535 808.7978
2019:05:06 14:31:38 795343 792.2240
2019:05:06 14:31:38 796547 792.4251
2019:05:06 14:31:38 797776 820.7373
2019:05:06 14:31:38 798616 789.0388
2019:05:06 14:31:38 799453 749.6364
2019:05:06 14:31:38 801054 821.3595
2019:05:06 14:31:38 802282 1215.8379
2019:05:06 14:31:38 803512 1215.9050
2019:05:06 14:31:38 804738 804.4280
2019:05:06 14:31:38 805992 1223.7094
2019:05:06 14:31:38 806821 819.4447
2019:05:06 14:31:38 808017 817.5336
2019:05:06 14:31:38 808945 900.9205
2019:05:06 14:31:38 810110 436.0378
2019:05:06 14:31:38 811294 787.5785
2019:05:06 14:31:38 812527 819.2286
2019:05:06 14:31:38 813780 1225.3150
2019:05:06 14:31:38 815006 1205.4741
2019:05:06 14:31:38 816227 1203.9505
2019:05:06 14:31:38 817851 818.9939
2019:05:06 14:31:38 819075 809.7254
2019:05:06 14:31:38 819900 798.8140
2019:05:06 14:31:38 820740 811.4465
2019:05:06 14:31:38 821558 429.3732
2019:05:06 14:31:38 822783 432.7558
2019:05:06 14:31:38 824008 823.0060
2019:05:06 14:31:38 825228 817.9247
2019:05:06 14:31:38 826453 815.0488
2019:05:06 14:31:38 827293 824.5073
2019:05:06 14:31:38 828494 1123.8493
2019:05:06 14:31:38 829330 423.2265
2019:05:06 14:31:38 830620 753.5033
2019:05:06 14:31:38 831795 1167.6103
2019:05:06 14:31:38 833004 1200.0650
2019:05:06 14:31:38 834242 1214.6495
2019:05:06 14:31:38 835489 1219.0156
2019:05:06 14:31:38 836304 802.1072
2019:05:06 14:31:38 837532 437.2708
2019:05:06 14:31:38 838745 819.3143
2019:05:06 14:31:38 839578 433.8697
2019:05:06 14:31:38 840805 829.5886
2019:05:06 14:31:38 842064 1239.4600
2019:05:06 14:31:38 843660 1110.9449
2019:05:06 14:31:38 844882 1212.9880
2019:05:06 14:31:38 846112 1193.7059
2019:05:06 14:31:38 846977 850.9941
2019:05:06 14:31:38 847780 433.2028
2019:05:06 14:31:38 849387 807.3226
2019:05:06 14:31:38 850618 1215.5920
2019:05:06 14:31:38 851880 1248.4081
2019:05:06 14:31:38 853069 1180.7606
2019:05:06 14:31:38 854006 914.9313
2019:05:06 14:31:38 855134 1119.8483
2019:05:06 14:31:38 855967 438.7610
2019:05:06 14:31:38 857169 818.3867
2019:05:06 14:31:38 858013 429.8203
2019:05:06 14:31:38 859234 817.4777
2019:05:06 14:31:38 860469 1220.4759
2019:05:06 14:31:38 861298 821.3483
2019:05:06 14:31:38 862499 817.9322
2019:05:06 14:31:38 864241 1295.4660
2019:05:06 14:31:38 865366 1118.3545
2019:05:06 14:31:38 866223 830.5386
2019:05:06 14:31:38 867414 827.2566
2019:05:06 14:31:38 868631 1181.4497
2019:05:06 14:31:38 869868 1220.0847
2019:05:06 14:31:38 871105 1227.5726
2019:05:06 14:31:38 871931 794.6007
2019:05:06 14:31:38 873141 807.8739
2019:05:06 14:31:38 873978 799.8608
2019:05:06 14:31:38 875186 815.1308
2019:05:06 14:31:38 876432 1213.2861
2019:05:06 14:31:38 877263 823.0731
2019:05:06 14:31:38 878466 803.5079
2019:05:06 14:31:38 879296 797.9348
2019:05:06 14:31:38 880511 816.8072
2019:05:06 14:31:38 881357 817.6826
2019:05:06 14:31:38 882163 421.3676
2019:05:06 14:31:38 883390 796.6124
2019:05:06 14:31:38 884607 796.3143
2019:05:06 14:31:38 885459 804.8862
2019:05:06 14:31:38 886271 431.0459
2019:05:06 14:31:38 887474 791.2591
2019:05:06 14:31:38 888315 430.6287
2019:05:06 14:31:38 889976 1169.8864
2019:05:06 14:31:38 890798 812.6013
2019:05:06 14:31:38 892393 818.5506
2019:05:06 14:31:38 893636 1228.4033
2019:05:06 14:31:38 894853 1201.1044
2019:05:06 14:31:38 895687 735.8529
2019:05:06 14:31:38 896894 811.8190
2019:05:06 14:31:38 897729 798.7283
2019:05:06 14:31:38 898960 780.8320
2019:05:06 14:31:38 900179 809.4683
2019:05:06 14:31:38 901412 1209.4155
2019:05:06 14:31:38 902253 824.6936
2019:05:06 14:31:38 903153 504.2516
2019:05:06 14:31:38 904277 803.2955
2019:05:06 14:31:38 905930 1633.3200
2019:05:06 14:31:38 907157 1217.5813
2019:05:06 14:31:38 907979 813.4469
2019:05:06 14:31:38 909180 802.8112
2019:05:06 14:31:38 910049 453.8484
2019:05:06 14:31:38 911247 837.3708
2019:05:06 14:31:38 912462 1196.4440
2019:05:06 14:31:38 913300 820.2270
2019:05:06 14:31:38 914509 816.8109
2019:05:06 14:31:38 915752 1202.5237
2019:05:06 14:31:38 916600 841.8299
2019:05:06 14:31:38 917785 817.9061
2019:05:06 14:31:38 918618 421.5725
2019:05:06 14:31:38 919535 505.6933
2019:05:06 14:31:38 920687 441.8530
2019:05:06 14:31:38 922288 813.9089
2019:05:06 14:31:38 923524 820.1189
2019:05:06 14:31:38 924363 805.0576
2019:05:06 14:31:38 925980 1180.9990
2019:05:06 14:31:38 927216 1221.6978
2019:05:06 14:31:38 928435 1205.3251
2019:05:06 14:31:38 929280 434.2087
2019:05:06 14:31:38 930500 808.8835
2019:05:06 14:31:38 931713 808.3023
2019:05:06 14:31:38 932556 743.1768
2019:05:06 14:31:38 933767 829.3875
2019:05:06 14:31:38 934985 1187.1718
2019:05:06 14:31:38 935833 812.8025
2019:05:06 14:31:38 936651 437.6173
2019:05:06 14:31:38 937859 792.7977
2019:05:06 14:31:38 939088 804.1747
2019:05:06 14:31:38 940328 1224.5923
2019:05:06 14:31:38 941558 1206.8488
2019:05:06 14:31:38 942374 425.1376
2019:05:06 14:31:38 943590 801.9693
2019:05:06 14:31:38 944438 812.4523
2019:05:06 14:31:38 945275 828.8175
2019:05:06 14:31:38 946462 801.0641
2019:05:06 14:31:38 947701 815.0674
2019:05:06 14:31:38 948925 1211.1403
2019:05:06 14:31:38 950175 1233.9056
2019:05:06 14:31:38 951376 1192.3984
2019:05:06 14:31:38 952603 1201.1230
2019:05:06 14:31:38 953835 1216.9331
2019:05:06 14:31:38 955065 1222.7707
2019:05:06 14:31:38 956294 1214.8768
2019:05:06 14:31:38 957128 819.2956
2019:05:06 14:31:38 958352 428.1290
2019:05:06 14:31:38 959562 807.2257
2019:05:06 14:31:38 960406 803.2992
2019:05:06 14:31:38 961622 824.0379
2019:05:06 14:31:38 962872 1216.7357
2019:05:06 14:31:38 964080 1200.7616
2019:05:06 14:31:38 965299 810.9696
2019:05:06 14:31:38 966136 425.6256
2019:05:06 14:31:38 967783 832.9302
2019:05:06 14:31:38 968677 514.9543
2019:05:06 14:31:38 969806 825.5430
2019:05:06 14:31:38 970636 793.0025
2019:05:06 14:31:38 971848 820.2121
2019:05:06 14:31:38 973500 1616.7499
2019:05:06 14:31:38 974726 1208.5810
2019:05:06 14:31:38 975949 1212.5820
2019:05:06 14:31:38 977195 1201.8383
2019:05:06 14:31:38 978033 831.3544
2019:05:06 14:31:38 979632 1218.8256
2019:05:06 14:31:38 980468 791.2777
2019:05:06 14:31:38 981693 821.5047
2019:05:06 14:31:38 982514 420.1531
2019:05:06 14:31:38 983765 444.9822
2019:05:06 14:31:38 985372 821.0838
2019:05:06 14:31:38 986234 848.8037
2019:05:06 14:31:38 987110 869.4977
2019:05:06 14:31:38 988260 427.5069
2019:05:06 14:31:38 989484 820.5846
2019:05:06 14:31:38 990692 1199.3162
2019:05:06 14:31:38 991920 1210.3207
2019:05:06 14:31:38 992771 822.3094
2019:05:06 14:31:38 994399 1148.2127
2019:05:06 14:31:38 995305 898.6518
2019:05:06 14:31:38 996435 831.1085
2019:05:06 14:31:38 997354 512.3243
2019:05:06 14:31:38 998885 811.4241
2019:05:06 14:31:38 999718 800.0843
2019:05:06 14:31:39 932 811.5992
2019:05:06 14:31:39 1769 430.1295
2019:05:06 14:31:39 2986 823.5611
2019:05:06 14:31:39 3806 791.3820
2019:05:06 14:31:39 5024 816.6097
2019:05:06 14:31:39 5854 805.4301
2019:05:06 14:31:39 7071 818.8561
2019:05:06 14:31:39 8298 1204.9377
2019:05:06 14:31:39 9139 828.5232
2019:05:06 14:31:39 9962 421.5986
2019:05:06 14:31:39 11195 435.0059
2019:05:06 14:31:39 12810 1128.6959
2019:05:06 14:31:39 13654 434.3651
2019:05:06 14:31:39 15269 812.0835
2019:05:06 14:31:39 16508 1208.0669
2019:05:06 14:31:39 17725 1204.1517
2019:05:06 14:31:39 18952 1210.6001
2019:05:06 14:31:39 20179 1185.1862
2019:05:06 14:31:39 21825 827.8824
2019:05:06 14:31:39 23063 999.0260
2019:05:06 14:31:39 24686 817.5261
2019:05:06 14:31:39 25913 810.2134
2019:05:06 14:31:39 27557 823.0768
2019:05:06 14:31:39 28782 1192.4170
2019:05:06 14:31:39 29620 824.2726
2019:05:06 14:31:39 30837 822.3951
2019:05:06 14:31:39 32091 1225.9297
2019:05:06 14:31:39 32904 805.1284
2019:05:06 14:31:39 34232 936.6125
2019:05:06 14:31:39 35362 1123.2384
2019:05:06 14:31:39 36579 831.2352
2019:05:06 14:31:39 37791 813.9387
2019:05:06 14:31:39 39025 1212.0791
2019:05:06 14:31:39 40248 1214.0572
2019:05:06 14:31:39 41478 816.6134
2019:05:06 14:31:39 42725 832.1702
2019:05:06 14:31:39 43939 1205.3251
2019:05:06 14:31:39 45181 1225.5907
2019:05:06 14:31:39 46168 979.9190
2019:05:06 14:31:39 47228 721.4621
2019:05:06 14:31:39 48449 816.4421
2019:05:06 14:31:39 49274 724.0102
2019:05:06 14:31:39 50494 800.3339
2019:05:06 14:31:39 51333 437.0399
2019:05:06 14:31:39 52560 826.9995
2019:05:06 14:31:39 53765 814.3894
2019:05:06 14:31:39 54623 839.8965
2019:05:06 14:31:39 55420 790.5513
2019:05:06 14:31:39 56634 811.6588
2019:05:06 14:31:39 57609 875.1154
2019:05:06 14:31:39 58722 1104.7237
2019:05:06 14:31:39 59526 796.2622
2019:05:06 14:31:39 60730 807.4902
2019:05:06 14:31:39 61556 806.4434
2019:05:06 14:31:39 62777 1208.7822
2019:05:06 14:31:39 63606 814.7694
2019:05:06 14:31:39 64855 822.2200
2019:05:06 14:31:39 65674 443.2686
2019:05:06 14:31:39 66874 813.8232
2019:05:06 14:31:39 67697 795.4612
2019:05:06 14:31:39 68935 1212.9694
2019:05:06 14:31:39 69887 943.8507
2019:05:06 14:31:39 70978 1083.6273
2019:05:06 14:31:39 71800 813.9312
2019:05:06 14:31:39 72618 805.7691
2019:05:06 14:31:39 73434 802.1183
2019:05:06 14:31:39 74268 413.9319
2019:05:06 14:31:39 75902 840.8725
2019:05:06 14:31:39 76712 802.3940
2019:05:06 14:31:39 77528 804.8676
2019:05:06 14:31:39 78352 422.1350
2019:05:06 14:31:39 79177 425.1897
2019:05:06 14:31:39 80797 814.6539
2019:05:06 14:31:39 81629 416.9196
2019:05:06 14:31:39 82843 1197.7851
2019:05:06 14:31:39 84087 1225.4082
2019:05:06 14:31:39 84904 809.3640
2019:05:06 14:31:39 86121 801.7458
2019:05:06 14:31:39 86966 830.3970
2019:05:06 14:31:39 88173 1199.1039
2019:05:06 14:31:39 89398 1210.2127
2019:05:06 14:31:39 90222 810.5487
2019:05:06 14:31:39 91462 1227.1777
2019:05:06 14:31:39 92293 822.8868
2019:05:06 14:31:39 93506 1205.5635
2019:05:06 14:31:39 94335 816.5576
2019:05:06 14:31:39 95556 822.7117
2019:05:06 14:31:39 96388 726.8488
2019:05:06 14:31:39 97594 811.9680
2019:05:06 14:31:39 98427 811.2341
2019:05:06 14:31:39 99657 1223.3853
2019:05:06 14:31:39 100484 818.9753
2019:05:06 14:31:39 101699 1207.1729
2019:05:06 14:31:39 102535 829.4471
2019:05:06 14:31:39 103755 1211.9599
2019:05:06 14:31:39 104582 818.5245
2019:05:06 14:31:39 105876 1286.0112
2019:05:06 14:31:39 106627 745.2853
2019:05:06 14:31:39 107856 821.1695
2019:05:06 14:31:39 108815 509.3254
2019:05:06 14:31:39 110050 919.9828
2019:05:06 14:31:39 110846 501.2974
2019:05:06 14:31:39 112004 828.1246
2019:05:06 14:31:39 112854 498.8872
2019:05:06 14:31:39 114046 805.5381
2019:05:06 14:31:39 114916 462.6475
2019:05:06 14:31:39 116237 934.2283
2019:05:06 14:31:39 117309 802.0699
2019:05:06 14:31:39 118521 762.0268
2019:05:06 14:31:39 119319 357.3075
2019:05:06 14:31:39 120216 498.5668
2019:05:06 14:31:39 120958 422.0046
2019:05:06 14:31:39 122179 811.2751
2019:05:06 14:31:39 122996 729.9744
2019:05:06 14:31:39 124221 827.5323
2019:05:06 14:31:39 125051 419.3112
2019:05:06 14:31:39 126267 821.8624
2019:05:06 14:31:39 127090 813.8716
2019:05:06 14:31:39 127916 812.4337
2019:05:06 14:31:39 128741 810.8392
2019:05:06 14:31:39 129562 813.3538
2019:05:06 14:31:39 130364 786.7217
2019:05:06 14:31:39 131172 795.0626
2019:05:06 14:31:39 131993 803.5563
2019:05:06 14:31:39 132505 494.1002
2019:05:06 14:31:39 133231 418.9275
2019:05:06 14:31:39 134457 814.1100
2019:05:06 14:31:39 135275 803.2881
2019:05:06 14:31:39 136095 804.8229
2019:05:06 14:31:39 136908 404.5665
2019:05:06 14:31:39 137735 812.7205
2019:05:06 14:31:39 138554 804.3386
2019:05:06 14:31:39 139370 801.2168
2019:05:06 14:31:39 140194 806.0560
2019:05:06 14:31:39 141015 805.5307
2019:05:06 14:31:39 141845 816.6172
2019:05:06 14:31:39 142661 798.2999
2019:05:06 14:31:39 143481 428.8964
2019:05:06 14:31:39 144304 422.8428
2019:05:06 14:31:39 145115 419.1659
2019:05:06 14:31:39 145944 421.8593
2019:05:06 14:31:39 146749 417.5715
2019:05:06 14:31:39 147169 322.3829
2019:05:06 14:31:39 147983 419.7434
2019:05:06 14:31:39 148807 418.6779
2019:05:06 14:31:39 150013 812.7354
2019:05:06 14:31:39 150846 818.0961
2019:05:06 14:31:39 151258 405.3041
2019:05:06 14:31:39 152083 418.5699
2019:05:06 14:31:39 152904 421.4458
2019:05:06 14:31:39 153718 426.8065
2019:05:06 14:31:39 154541 421.5427
2019:05:06 14:31:39 155357 416.9978
2019:05:06 14:31:39 156185 425.7821
2019:05:06 14:31:39 156995 417.7466
2019:05:06 14:31:39 157805 415.6828
2019:05:06 14:31:39 158620 411.0858
2019:05:06 14:31:39 159437 413.5333
2019:05:06 14:31:39 160257 805.4450
2019:05:06 14:31:39 161090 818.1967
2019:05:06 14:31:39 161503 395.6370
2019:05:06 14:31:39 162323 429.8873
2019:05:06 14:31:39 163145 430.3865
2019:05:06 14:31:39 163957 421.7587
2019:05:06 14:31:39 164770 406.2392
2019:05:06 14:31:39 165188 398.5502
2019:05:06 14:31:39 166005 422.3585
2019:05:06 14:31:39 166826 423.6624
2019:05:06 14:31:39 167657 820.4430
2019:05:06 14:31:39 168462 796.7502
2019:05:06 14:31:39 168881 403.8177
2019:05:06 14:31:39 169692 418.0484
2019:05:06 14:31:39 170514 422.0791
2019:05:06 14:31:39 171335 423.9753
2019:05:06 14:31:39 172146 411.2273
2019:05:06 14:31:39 172974 431.7388
2019:05:06 14:31:39 173801 397.8051
2019:05:06 14:31:39 174602 792.6524
2019:05:06 14:31:39 175415 797.2829
2019:05:06 14:31:39 175839 408.2024
2019:05:06 14:31:39 176656 417.8733
2019:05:06 14:31:39 177462 406.3807
2019:05:06 14:31:39 178292 424.2472
2019:05:06 14:31:39 179103 409.5957
2019:05:06 14:31:39 179919 408.5451
2019:05:06 14:31:39 180740 808.4774
2019:05:06 14:31:39 181169 416.2416
2019:05:06 14:31:39 181981 417.6088
2019:05:06 14:31:39 182804 419.4975
2019:05:06 14:31:39 183606 409.4318
2019:05:06 14:31:39 184027 408.0236
2019:05:06 14:31:39 184852 419.5124
2019:05:06 14:31:39 185675 428.8852
2019:05:06 14:31:39 186480 417.0462
2019:05:06 14:31:39 187294 411.3987
2019:05:06 14:31:39 188111 404.6522
2019:05:06 14:31:39 188934 809.9936
2019:05:06 14:31:39 189757 807.0245
2019:05:06 14:31:39 190176 404.2201
2019:05:06 14:31:39 190995 416.7818
2019:05:06 14:31:39 191813 423.3159
2019:05:06 14:31:39 192624 417.3554
2019:05:06 14:31:39 193441 414.1480
2019:05:06 14:31:39 194255 408.2285
2019:05:06 14:31:39 195074 806.3838
2019:05:06 14:31:39 195498 410.0576
2019:05:06 14:31:39 196301 408.2695
2019:05:06 14:31:39 197127 812.3852
2019:05:06 14:31:39 197947 805.2848
2019:05:06 14:31:39 198364 402.7598
2019:05:06 14:31:39 199187 419.3224
2019:05:06 14:31:39 200005 423.6884
2019:05:06 14:31:39 200818 419.0952
2019:05:06 14:31:39 201641 418.5960
2019:05:06 14:31:39 202447 404.6857
2019:05:06 14:31:39 203265 806.0858
2019:05:06 14:31:39 203696 410.8585
2019:05:06 14:31:39 204497 401.0089
2019:05:06 14:31:39 205314 804.0667
2019:05:06 14:31:39 206133 805.7281
2019:05:06 14:31:39 206553 405.1253
2019:05:06 14:31:39 207381 428.0545
2019:05:06 14:31:39 208194 424.1318
2019:05:06 14:31:39 209009 410.9517
2019:05:06 14:31:39 209811 408.4371
2019:05:06 14:31:39 210239 412.1996
2019:05:06 14:31:39 210652 326.3615
2019:05:06 14:31:39 211872 822.1902
2019:05:06 14:31:39 212697 424.2472
2019:05:06 14:31:39 213918 817.1014
2019:05:06 14:31:39 214735 413.9170
2019:05:06 14:31:39 215556 808.5296
2019:05:06 14:31:39 216372 412.6020
2019:05:06 14:31:39 217192 416.8823
2019:05:06 14:31:39 218012 411.2720
2019:05:06 14:31:39 218824 408.0124
2019:05:06 14:31:39 219646 809.7775
2019:05:06 14:31:39 220466 412.6169
2019:05:06 14:31:39 221287 417.5454
2019:05:06 14:31:39 222107 412.8553
2019:05:06 14:31:39 222921 409.4690
2019:05:06 14:31:39 223743 809.8558
2019:05:06 14:31:39 224564 807.5759
2019:05:06 14:31:39 224981 405.0769
2019:05:06 14:31:39 226203 809.9824
2019:05:06 14:31:39 227020 411.9091
2019:05:06 14:31:39 227837 805.8846
2019:05:06 14:31:39 228660 414.9564
2019:05:06 14:31:39 229481 417.4300
2019:05:06 14:31:39 230296 411.2609
2019:05:06 14:31:39 231126 416.8488
2019:05:06 14:31:39 231934 802.5877
2019:05:06 14:31:39 232756 415.4667
2019:05:06 14:31:39 233577 416.9047
2019:05:06 14:31:39 234391 411.0187
2019:05:06 14:31:39 235220 411.6334
2019:05:06 14:31:39 236029 804.4019
2019:05:06 14:31:39 236852 410.0166
2019:05:06 14:31:39 237269 317.5102
2019:05:06 14:31:39 238098 422.0791
2019:05:06 14:31:39 239299 808.5780
2019:05:06 14:31:39 240119 804.1970
2019:05:06 14:31:39 240938 805.3966
2019:05:06 14:31:39 241371 419.9892
2019:05:06 14:31:39 242193 425.0370
2019:05:06 14:31:39 243006 422.5075
2019:05:06 14:31:39 243815 415.4108
2019:05:06 14:31:39 244631 410.7542
2019:05:06 14:31:39 245468 424.5080
2019:05:06 14:31:39 246269 795.8896
2019:05:06 14:31:39 247092 414.9862
2019:05:06 14:31:39 247509 317.7114
2019:05:06 14:31:39 248737 827.2678
2019:05:06 14:31:39 249561 817.5932
2019:05:06 14:31:39 250367 797.8529
2019:05:06 14:31:39 251188 415.7200
2019:05:06 14:31:39 251605 318.4117
2019:05:06 14:31:39 252425 419.8700
2019:05:06 14:31:39 253642 818.2563
2019:05:06 14:31:39 254463 808.2166
2019:05:06 14:31:39 255298 427.7155
2019:05:06 14:31:39 256112 726.5918
2019:05:06 14:31:39 256919 801.6005
2019:05:06 14:31:39 257738 413.1943
2019:05:06 14:31:39 258564 813.0036
2019:05:06 14:31:39 259376 407.8224
2019:05:06 14:31:39 260198 417.5082
2019:05:06 14:31:39 261018 414.6397
2019:05:06 14:31:39 261846 414.7477
2019:05:06 14:31:39 262664 416.0888
2019:05:06 14:31:39 263480 421.3080
2019:05:06 14:31:39 263888 312.2054
2019:05:06 14:31:39 265124 830.1213
2019:05:06 14:31:39 265932 802.0326
2019:05:06 14:31:39 266748 804.5584
2019:05:06 14:31:39 267564 408.7947
2019:05:06 14:31:39 267985 317.0818
2019:05:06 14:31:39 269201 817.8093
2019:05:06 14:31:39 270031 417.8062
2019:05:06 14:31:39 271249 818.4612
2019:05:06 14:31:39 272079 420.7864
2019:05:06 14:31:39 273297 816.7028
2019:05:06 14:31:39 274128 416.6998
2019:05:06 14:31:39 275344 818.3271
2019:05:06 14:31:39 276182 427.9874
2019:05:06 14:31:39 277395 820.0444
2019:05:06 14:31:39 278222 420.0265
2019:05:06 14:31:39 279440 818.8151
2019:05:06 14:31:39 280269 419.9483
2019:05:06 14:31:39 281490 820.7560
2019:05:06 14:31:39 282318 420.2425
2019:05:06 14:31:39 283537 819.4819
2019:05:06 14:31:39 284365 418.4991
2019:05:06 14:31:39 285588 822.5515
2019:05:06 14:31:39 286416 422.1871
2019:05:06 14:31:39 287633 818.7853
2019:05:06 14:31:39 288462 420.5666
2019:05:06 14:31:39 289681 819.5005
2019:05:06 14:31:39 290509 420.2090
2019:05:06 14:31:39 291727 818.5618
2019:05:06 14:31:39 292557 419.9408
2019:05:06 14:31:39 293775 818.3755
2019:05:06 14:31:39 294607 422.3622
2019:05:06 14:31:39 295824 818.4798
2019:05:06 14:31:39 296653 420.0712
2019:05:06 14:31:39 297872 819.3478
2019:05:06 14:31:39 298703 421.8146
2019:05:06 14:31:39 299919 818.6698
2019:05:06 14:31:39 300748 419.1250
2019:05:06 14:31:39 301967 818.4426
2019:05:06 14:31:39 302796 420.1457
2019:05:06 14:31:39 304014 818.5133
2019:05:06 14:31:39 304845 421.1478
2019:05:06 14:31:39 306063 818.7406
2019:05:06 14:31:39 306893 415.7014
2019:05:06 14:31:39 308111 818.7369
2019:05:06 14:31:39 308941 420.7678
2019:05:06 14:31:39 309763 412.4492
2019:05:06 14:31:39 310989 828.4822
2019:05:06 14:31:39 311798 804.5472
2019:05:06 14:31:39 313035 828.2065
2019:05:06 14:31:39 313846 806.9612
2019:05:06 14:31:39 315085 829.9388
2019:05:06 14:31:39 315900 810.1501
2019:05:06 14:31:39 316718 407.9528
2019:05:06 14:31:39 317544 727.6796
2019:05:06 14:31:39 318350 801.0119
2019:05:06 14:31:39 319183 423.0924
2019:05:06 14:31:39 320002 418.9648
2019:05:06 14:31:39 321221 821.1955
2019:05:06 14:31:39 322038 806.7079
2019:05:06 14:31:39 322861 415.5822
2019:05:06 14:31:39 323675 714.0562
2019:05:06 14:31:39 324918 833.4592
2019:05:06 14:31:39 325725 715.7139
2019:05:06 14:31:39 326951 817.8763
2019:05:06 14:31:39 327775 416.1783
2019:05:06 14:31:39 328590 412.0283
2019:05:06 14:31:39 329423 423.1744
2019:05:06 14:31:39 330638 818.2339
2019:05:06 14:31:39 331467 419.8104
2019:05:06 14:31:39 332685 818.1967
2019:05:06 14:31:39 333520 424.6682
2019:05:06 14:31:39 334735 818.6549
2019:05:06 14:31:39 335563 420.1122
2019:05:06 14:31:39 336782 819.5974
2019:05:06 14:31:39 337615 424.6645
2019:05:06 14:31:39 338830 819.0200
2019:05:06 14:31:39 339661 421.5240
2019:05:06 14:31:39 340877 817.5559
2019:05:06 14:31:39 341708 421.1813
2019:05:06 14:31:39 342925 818.6214
2019:05:06 14:31:39 343754 420.0265
2019:05:06 14:31:39 344974 819.8507
2019:05:06 14:31:39 346200 793.4086
2019:05:06 14:31:39 347022 811.1857
2019:05:06 14:31:39 347853 421.8146
2019:05:06 14:31:39 349069 818.0924
2019:05:06 14:31:39 349899 418.9424
2019:05:06 14:31:39 351117 818.8561
2019:05:06 14:31:39 351946 418.7822
2019:05:06 14:31:39 353165 818.8188
2019:05:06 14:31:39 353995 418.6034
2019:05:06 14:31:39 355212 818.3718
2019:05:06 14:31:39 356042 416.6067
2019:05:06 14:31:39 357260 818.0514
2019:05:06 14:31:39 358092 417.3405
2019:05:06 14:31:39 359309 818.2414
2019:05:06 14:31:39 360139 421.3229
2019:05:06 14:31:39 361359 821.0130
2019:05:06 14:31:39 362186 420.6225
2019:05:06 14:31:39 363419 833.8839
2019:05:06 14:31:39 364225 800.6394
2019:05:06 14:31:39 365043 808.2129
2019:05:06 14:31:39 366280 826.6568
2019:05:06 14:31:39 367091 806.1528
2019:05:06 14:31:39 368328 828.5418
2019:05:06 14:31:39 369138 805.2811
2019:05:06 14:31:39 370378 826.1427
2019:05:06 14:31:39 371187 804.4057
2019:05:06 14:31:39 372424 827.8675
2019:05:06 14:31:39 373249 820.4840
2019:05:06 14:31:39 374054 799.3840
2019:05:06 14:31:39 374873 412.5126
2019:05:06 14:31:39 376101 819.0311
2019:05:06 14:31:39 377335 826.5451
2019:05:06 14:31:39 378149 799.7230
2019:05:06 14:31:39 378969 412.3934
2019:05:06 14:31:39 380197 818.3494
2019:05:06 14:31:39 381017 413.6637
2019:05:06 14:31:39 382246 816.1254
2019:05:06 14:31:39 383065 412.0804
2019:05:06 14:31:39 384293 819.5378
2019:05:06 14:31:39 385113 412.6392
2019:05:06 14:31:39 386341 816.5725
2019:05:06 14:31:39 387160 412.4269
2019:05:06 14:31:39 388388 819.2137
2019:05:06 14:31:39 389208 413.3657
2019:05:06 14:31:39 390436 817.3622
2019:05:06 14:31:39 391257 412.4939
2019:05:06 14:31:39 392484 819.3329
2019:05:06 14:31:39 393304 709.0829
2019:05:06 14:31:39 394533 816.3005
2019:05:06 14:31:39 395353 412.0283
2019:05:06 14:31:39 396581 819.1429
2019:05:06 14:31:39 397402 414.5950
2019:05:06 14:31:39 398628 818.0626
2019:05:06 14:31:39 399448 412.8069
2019:05:06 14:31:39 400676 819.1019
2019:05:06 14:31:39 401497 414.3789
2019:05:06 14:31:39 402724 818.9306
2019:05:06 14:31:39 403544 411.6744
2019:05:06 14:31:39 404772 817.9732
2019:05:06 14:31:39 405595 415.8281
2019:05:06 14:31:39 406821 819.4037
2019:05:06 14:31:39 407640 412.1698
2019:05:06 14:31:39 408868 818.9976
2019:05:06 14:31:39 409689 716.7086
2019:05:06 14:31:39 410915 819.3739
2019:05:06 14:31:39 411735 412.3449
2019:05:06 14:31:39 412963 819.1429
2019:05:06 14:31:39 413784 412.4045
2019:05:06 14:31:39 415011 818.9753
2019:05:06 14:31:39 415832 414.3752
2019:05:06 14:31:39 417060 820.4952
2019:05:06 14:31:39 417881 412.7882
2019:05:06 14:31:39 419108 819.0945
2019:05:06 14:31:39 419928 413.1123
2019:05:06 14:31:39 421156 819.5005
2019:05:06 14:31:39 421976 411.3615
2019:05:06 14:31:39 423203 819.0610
2019:05:06 14:31:39 424023 412.0357
2019:05:06 14:31:39 425251 819.2137
2019:05:06 14:31:39 426072 411.1938
2019:05:06 14:31:39 427299 819.7464
2019:05:06 14:31:39 428119 411.8457
2019:05:06 14:31:39 429351 823.8405
2019:05:06 14:31:39 430168 413.4215
2019:05:06 14:31:39 431395 819.4856
2019:05:06 14:31:39 432215 412.9261
2019:05:06 14:31:39 433444 819.7129
2019:05:06 14:31:39 434262 411.6483
2019:05:06 14:31:39 435490 819.2286
2019:05:06 14:31:39 436310 412.7063
2019:05:06 14:31:39 437540 820.7485
2019:05:06 14:31:39 438359 412.2108
2019:05:06 14:31:39 439586 819.2696
2019:05:06 14:31:39 440406 412.6169
2019:05:06 14:31:39 441638 821.8661
2019:05:06 14:31:39 442455 412.1326
2019:05:06 14:31:39 443682 818.6214
2019:05:06 14:31:39 444503 413.6600
2019:05:06 14:31:39 445733 820.8863
2019:05:06 14:31:39 446550 412.6355
2019:05:06 14:31:39 447778 819.3813
2019:05:06 14:31:39 448598 412.3747
2019:05:06 14:31:39 449826 819.3105
2019:05:06 14:31:39 450646 412.6765
2019:05:06 14:31:39 451875 819.2584
2019:05:06 14:31:39 452694 412.7882
2019:05:06 14:31:39 453924 820.9795
2019:05:06 14:31:39 454742 412.2294
2019:05:06 14:31:39 455970 819.1578
2019:05:06 14:31:39 456790 412.4157
2019:05:06 14:31:39 458018 819.5005
2019:05:06 14:31:39 458837 412.5349
2019:05:06 14:31:39 460065 819.6160
2019:05:06 14:31:39 460886 412.8776
2019:05:06 14:31:39 462113 818.6214
2019:05:06 14:31:39 462933 411.8681
2019:05:06 14:31:39 464162 819.1764
2019:05:06 14:31:39 464983 414.3380
2019:05:06 14:31:39 465816 423.8747
2019:05:06 14:31:39 466630 419.8290
2019:05:06 14:31:39 467848 817.9098
2019:05:06 14:31:39 468678 420.5480
2019:05:06 14:31:39 469896 819.0908
2019:05:06 14:31:39 470725 420.3096
2019:05:06 14:31:39 471943 818.6214
2019:05:06 14:31:39 472772 419.6949
2019:05:06 14:31:39 473991 819.3515
2019:05:06 14:31:39 474821 420.8460
2019:05:06 14:31:39 476040 819.2770
2019:05:06 14:31:39 477266 818.1296
2019:05:06 14:31:39 478088 812.8881
2019:05:06 14:31:39 478918 420.5294
2019:05:06 14:31:39 480135 818.3457
2019:05:06 14:31:39 480965 420.6300
2019:05:06 14:31:39 482183 816.8258
2019:05:06 14:31:39 483013 420.6188
2019:05:06 14:31:39 484231 818.9976
2019:05:06 14:31:39 485060 420.1196
2019:05:06 14:31:39 486278 817.0567
2019:05:06 14:31:39 487108 420.9876
2019:05:06 14:31:39 488326 818.6437
2019:05:06 14:31:39 489155 419.3187
2019:05:06 14:31:39 490375 816.1329
2019:05:06 14:31:39 491206 422.1350
2019:05:06 14:31:39 492423 818.9604
2019:05:06 14:31:39 493253 420.6300
2019:05:06 14:31:39 494469 816.6507
2019:05:06 14:31:39 495300 420.4176
2019:05:06 14:31:39 496518 818.5133
2019:05:06 14:31:39 497351 424.5378
2019:05:06 14:31:39 498566 817.0828
2019:05:06 14:31:39 499396 419.5496
2019:05:06 14:31:39 500613 817.5075
2019:05:06 14:31:39 501446 422.0940
2019:05:06 14:31:39 502662 816.7587
2019:05:06 14:31:39 503491 419.5124
2019:05:06 14:31:39 504709 818.2824
2019:05:06 14:31:39 505542 423.0216
2019:05:06 14:31:39 506758 818.2153
2019:05:06 14:31:39 507587 419.8924
2019:05:06 14:31:39 508805 817.7422
2019:05:06 14:31:39 509636 421.3564
2019:05:06 14:31:39 510853 818.0030
2019:05:06 14:31:39 511684 420.1829
2019:05:06 14:31:39 512902 819.2137
2019:05:06 14:31:39 513734 423.2302
2019:05:06 14:31:39 514949 817.9322
2019:05:06 14:31:39 515780 420.6300
2019:05:06 14:31:39 516998 818.7294
2019:05:06 14:31:39 517827 418.5960
2019:05:06 14:31:39 519045 819.0721
2019:05:06 14:31:39 519874 419.7583
2019:05:06 14:31:39 521093 818.7033
2019:05:06 14:31:39 521923 419.1026
