
# OSU MPI Allreduce Latency Test v5.6.1
# Size       Avg Latency(us)
4096                 2061.36
2019:05:06 14:31:45 209691 1675.5275
2019:05:06 14:31:45 213334 1643.9594
2019:05:06 14:31:45 216207 2358.8836
2019:05:06 14:31:45 219071 1546.1110
2019:05:06 14:31:45 221936 2457.0934
2019:05:06 14:31:45 224412 839.2110
2019:05:06 14:31:45 228506 1938.8162
2019:05:06 14:31:45 231009 1295.0897
2019:05:06 14:31:45 234299 2120.2415
2019:05:06 14:31:45 237968 2108.6037
2019:05:06 14:31:45 241193 2866.6407
2019:05:06 14:31:45 244542 2535.6598
2019:05:06 14:31:45 246977 865.2359
2019:05:06 14:31:45 251889 2097.3869
2019:05:06 14:31:45 254309 1643.8067
2019:05:06 14:31:45 258409 2410.1250
2019:05:06 14:31:45 260861 1971.5540
2019:05:06 14:31:45 264123 2450.9989
2019:05:06 14:31:45 267442 2415.9551
2019:05:06 14:31:45 273369 5551.3270
2019:05:06 14:31:45 276088 1316.7448
2019:05:06 14:31:45 278889 1655.0608
2019:05:06 14:31:45 281335 1629.3898
2019:05:06 14:31:45 284606 2043.9513
2019:05:06 14:31:45 287074 2054.7844
2019:05:06 14:31:45 290346 1641.0910
2019:05:06 14:31:45 293209 1632.8320
2019:05:06 14:31:45 296481 2037.0111
2019:05:06 14:31:45 298956 2065.9417
2019:05:06 14:31:45 302630 2441.2572
2019:05:06 14:31:45 306717 3255.7473
2019:05:06 14:31:45 308771 2011.1762
2019:05:06 14:31:45 311647 1636.6728
2019:05:06 14:31:45 314507 2049.2189
2019:05:06 14:31:45 317369 1220.8149
2019:05:06 14:31:45 320243 1644.4959
2019:05:06 14:31:45 323185 1721.6429
2019:05:06 14:31:45 326805 2067.5026
2019:05:06 14:31:45 329650 2047.5350
2019:05:06 14:31:45 332120 1648.4559
2019:05:06 14:31:45 334590 1645.7550
2019:05:06 14:31:45 337844 1624.7891
2019:05:06 14:31:45 341539 2048.2652
2019:05:06 14:31:45 343620 861.4771
2019:05:06 14:31:45 347688 2466.2428
2019:05:06 14:31:45 350144 2043.6421
2019:05:06 14:31:45 353416 2459.4143
2019:05:06 14:31:45 356691 2442.1401
2019:05:06 14:31:45 359557 2442.5127
2019:05:06 14:31:45 362846 2053.1155
2019:05:06 14:31:45 365300 2046.4845
2019:05:06 14:31:45 367761 1567.1737
2019:05:06 14:31:45 371034 1639.9249
2019:05:06 14:31:45 373908 1652.2557
2019:05:06 14:31:45 376363 1647.0589
2019:05:06 14:31:45 379638 2049.1965
2019:05:06 14:31:45 382519 1663.4427
2019:05:06 14:31:45 385773 2048.8575
2019:05:06 14:31:45 388226 1627.4601
2019:05:06 14:31:45 391506 2042.9157
2019:05:06 14:31:45 393962 1225.2480
2019:05:06 14:31:45 396832 1960.0876
2019:05:06 14:31:45 399704 1652.2445
2019:05:06 14:31:45 402968 2050.0012
2019:05:06 14:31:45 406255 2048.8761
2019:05:06 14:31:45 408722 2065.0141
2019:05:06 14:31:45 412007 1654.2599
2019:05:06 14:31:45 415256 2442.6430
2019:05:06 14:31:45 417733 1233.3132
2019:05:06 14:31:45 421005 2048.0193
2019:05:06 14:31:45 423877 1632.5414
2019:05:06 14:31:45 427542 2445.3178
2019:05:06 14:31:45 430016 1642.8754
2019:05:06 14:31:45 432871 2035.6216
2019:05:06 14:31:45 435751 1245.7818
2019:05:06 14:31:45 438612 1645.0509
2019:05:06 14:31:45 441088 1248.9520
2019:05:06 14:31:45 444025 2135.1986
2019:05:06 14:31:45 446840 1257.8852
2019:05:06 14:31:45 449690 1657.7542
2019:05:06 14:31:45 452955 2061.7507
2019:05:06 14:31:45 455855 1593.3365
2019:05:06 14:31:45 459909 2054.7397
2019:05:06 14:31:45 462384 1669.3398
2019:05:06 14:31:45 465656 1660.2837
2019:05:06 14:31:45 468525 2064.9619
2019:05:06 14:31:45 473381 4453.9608
2019:05:06 14:31:45 477121 2419.5649
2019:05:06 14:31:45 480394 2847.7646
2019:05:06 14:31:45 482843 1963.0119
2019:05:06 14:31:45 485716 1638.8148
2019:05:06 14:31:45 489071 2133.2279
2019:05:06 14:31:45 491454 2060.1787
2019:05:06 14:31:45 495201 2111.0736
2019:05:06 14:31:45 498109 2557.7620
2019:05:06 14:31:45 501284 1967.3258
2019:05:06 14:31:45 504572 2027.0944
2019:05:06 14:31:45 506668 2079.5129
2019:05:06 14:31:45 510767 2525.1620
2019:05:06 14:31:45 513565 2432.7226
2019:05:06 14:31:45 516918 2112.3961
2019:05:06 14:31:45 519828 1694.2583
2019:05:06 14:31:45 522997 1962.2222
2019:05:06 14:31:45 526269 2048.3248
2019:05:06 14:31:45 529937 2033.9862
2019:05:06 14:31:45 532812 1637.3545
2019:05:06 14:31:45 535684 2444.8819
2019:05:06 14:31:45 538948 2460.2115
2019:05:06 14:31:45 541412 2036.9552
2019:05:06 14:31:45 545153 2103.6528
2019:05:06 14:31:45 548055 2533.0484
2019:05:06 14:31:45 551284 2021.1078
2019:05:06 14:31:45 554174 1682.9744
2019:05:06 14:31:45 557392 2010.8856
2019:05:06 14:31:45 560272 1989.2529
2019:05:06 14:31:45 563214 2136.7818
2019:05:06 14:31:45 566842 2421.1667
2019:05:06 14:31:45 570087 2455.8343
2019:05:06 14:31:45 573131 2176.9367
2019:05:06 14:31:45 576230 2461.2807
2019:05:06 14:31:45 579110 1657.1246
2019:05:06 14:31:45 582888 2153.5605
2019:05:06 14:31:45 586080 1984.5329
2019:05:06 14:31:45 589336 2009.2949
2019:05:06 14:31:45 592221 1989.4019
2019:05:06 14:31:45 597370 4344.0610
2019:05:06 14:31:45 600802 2038.5496
2019:05:06 14:31:45 602851 1636.7212
2019:05:06 14:31:45 605722 2045.8251
2019:05:06 14:31:45 608583 2046.8906
2019:05:06 14:31:45 611446 2445.6717
2019:05:06 14:31:45 614731 2057.8615
2019:05:06 14:31:45 617188 2051.3944
2019:05:06 14:31:45 620454 2367.8727
2019:05:06 14:31:45 622505 1232.7731
2019:05:06 14:31:45 625795 1648.3851
2019:05:06 14:31:45 628326 2134.7962
2019:05:06 14:31:45 631932 2454.3703
2019:05:06 14:31:45 634795 2842.2847
2019:05:06 14:31:45 638085 2863.6716
2019:05:06 14:31:45 640521 2035.3533
2019:05:06 14:31:45 644217 2443.6899
2019:05:06 14:31:45 646272 1631.8336
2019:05:06 14:31:45 649543 1621.6263
2019:05:06 14:31:45 652016 1652.2668
2019:05:06 14:31:45 655277 2052.4450
2019:05:06 14:31:45 658545 2033.3193
2019:05:06 14:31:45 661422 2449.4343
2019:05:06 14:31:45 664687 2440.7059
2019:05:06 14:31:45 667147 2426.7919
2019:05:06 14:31:45 669628 1644.8610
2019:05:06 14:31:45 672906 2064.7161
2019:05:06 14:31:45 675375 1257.2296
2019:05:06 14:31:45 678621 2448.7637
2019:05:06 14:31:45 681578 2129.2716
2019:05:06 14:31:45 684761 2451.3565
2019:05:06 14:31:45 686822 1641.7392
2019:05:06 14:31:45 690101 1649.8156
2019:05:06 14:31:45 692965 2054.6950
2019:05:06 14:31:45 695837 1657.2475
2019:05:06 14:31:45 699129 1261.7484
2019:05:06 14:31:45 701982 2060.4096
2019:05:06 14:31:45 705258 2061.5160
2019:05:06 14:31:45 708121 2041.9843
2019:05:06 14:31:45 711805 2064.6825
2019:05:06 14:31:45 714271 1979.3808
2019:05:06 14:31:45 717123 2044.0295
2019:05:06 14:31:45 721215 2769.3324
2019:05:06 14:31:45 723258 1618.3667
2019:05:06 14:31:45 737369 12852.7209
2019:05:06 14:31:45 739667 2190.9364
2019:05:06 14:31:45 743382 2029.0092
2019:05:06 14:31:45 746281 2121.1430
2019:05:06 14:31:45 749481 1993.1607
2019:05:06 14:31:45 752817 2096.1463
2019:05:06 14:31:45 756432 2846.0063
2019:05:06 14:31:45 759301 2432.3799
2019:05:06 14:31:45 762584 2858.2215
2019:05:06 14:31:45 765455 2434.5741
2019:05:06 14:31:45 767915 2437.1967
2019:05:06 14:31:45 771204 2463.5047
2019:05:06 14:31:45 774490 2481.3227
2019:05:06 14:31:45 776515 2009.5259
2019:05:06 14:31:45 780606 2453.5917
2019:05:06 14:31:45 783073 1640.3124
2019:05:06 14:31:45 785928 2050.1502
2019:05:06 14:31:45 788812 1634.9256
2019:05:06 14:31:45 791672 2034.6195
2019:05:06 14:31:45 794942 2054.4827
2019:05:06 14:31:45 798225 2053.7786
2019:05:06 14:31:45 800357 2112.3327
2019:05:06 14:31:45 804356 2428.5987
2019:05:06 14:31:45 806425 1651.1045
2019:05:06 14:31:45 810094 2429.0271
2019:05:06 14:31:45 812566 1242.6339
2019:05:06 14:31:45 816249 2840.2917
2019:05:06 14:31:45 819520 2442.7250
2019:05:06 14:31:45 822386 2052.0277
2019:05:06 14:31:45 824861 1640.7967
2019:05:06 14:31:45 828132 2052.7244
2019:05:06 14:31:45 830991 1639.0048
2019:05:06 14:31:45 834256 2025.6303
2019:05:06 14:31:45 836323 1220.1443
2019:05:06 14:31:45 839294 937.4209
2019:05:06 14:31:45 842459 1640.4465
2019:05:06 14:31:45 845338 1654.7479
2019:05:06 14:31:45 848226 2479.6389
2019:05:06 14:31:45 851473 1973.0143
2019:05:06 14:31:45 854757 1654.4610
2019:05:06 14:31:45 857195 1629.7251
2019:05:06 14:31:45 860479 2044.4617
2019:05:06 14:31:45 862938 1632.6681
2019:05:06 14:31:45 865821 1654.6808
2019:05:06 14:31:45 869483 2852.5554
2019:05:06 14:31:45 871949 1970.6450
2019:05:06 14:31:45 874842 1666.6837
2019:05:06 14:31:45 877687 2061.0169
2019:05:06 14:31:45 880551 1233.8758
2019:05:06 14:31:45 884247 2879.8468
2019:05:06 14:31:45 886697 1231.4916
2019:05:06 14:31:45 889568 1650.7432
2019:05:06 14:31:45 892825 2046.5441
2019:05:06 14:31:45 896111 2028.2008
2019:05:06 14:31:45 898567 1633.8378
2019:05:06 14:31:45 901443 1629.7288
2019:05:06 14:31:45 903895 1615.9378
2019:05:06 14:31:45 907176 1625.9812
2019:05:06 14:31:45 910032 2041.2654
2019:05:06 14:31:45 912531 859.7746
2019:05:06 14:31:45 918238 865.4222
2019:05:06 14:31:45 921091 1633.2455
2019:05:06 14:31:45 923553 1643.5087
2019:05:06 14:31:45 926824 2041.8465
2019:05:06 14:31:45 929280 1639.8504
2019:05:06 14:31:45 932574 2051.0703
2019:05:06 14:31:45 935443 1659.3747
2019:05:06 14:31:45 938700 2047.2333
2019:05:06 14:31:45 941183 2063.1850
2019:05:06 14:31:45 944439 2039.9243
2019:05:06 14:31:45 946507 1655.5488
2019:05:06 14:31:45 949369 1228.8541
2019:05:06 14:31:45 952622 2041.5410
2019:05:06 14:31:45 955507 1648.9550
2019:05:06 14:31:45 958370 2430.6513
2019:05:06 14:31:45 961251 1663.4353
2019:05:06 14:31:45 964188 2125.6357
2019:05:06 14:31:45 966993 1643.4826
2019:05:06 14:31:45 970261 2462.8043
2019:05:06 14:31:45 972707 2046.0449
2019:05:06 14:31:45 975983 2051.7297
2019:05:06 14:31:45 979253 1635.8346
2019:05:06 14:31:45 982120 2455.7337
2019:05:06 14:31:45 984999 1636.0320
2019:05:06 14:31:45 987445 1640.1149
2019:05:06 14:31:45 990733 1646.4703
2019:05:06 14:31:45 993183 2055.2464
2019:05:06 14:31:45 996059 1645.7066
2019:05:06 14:31:45 998909 2043.8433
2019:05:06 14:31:46 2602 2457.9950
2019:05:06 14:31:46 5068 1651.1045
2019:05:06 14:31:46 8745 2456.2255
2019:05:06 14:31:46 11200 1957.1818
2019:05:06 14:31:46 14478 2043.1466
2019:05:06 14:31:46 16957 2038.2814
2019:05:06 14:31:46 19487 2127.6698
2019:05:06 14:31:46 22284 1656.2529
2019:05:06 14:31:46 24732 2058.9083
2019:05:06 14:31:46 27593 2045.8177
2019:05:06 14:31:46 30482 1657.0874
2019:05:06 14:31:46 33316 2447.1804
2019:05:06 14:31:46 35386 1644.2575
2019:05:06 14:31:46 38239 2044.8416
2019:05:06 14:31:46 40290 1654.0252
2019:05:06 14:31:46 43564 2052.6536
2019:05:06 14:31:46 46017 1636.2257
2019:05:06 14:31:46 48890 2042.1073
2019:05:06 14:31:46 51366 1659.7025
2019:05:06 14:31:46 53816 1652.1290
2019:05:06 14:31:46 56283 1256.8086
2019:05:06 14:31:46 58717 2051.2380
2019:05:06 14:31:46 61606 1252.1632
2019:05:06 14:31:46 64470 1241.4716
2019:05:06 14:31:46 66938 857.0701
2019:05:06 14:31:46 69778 2042.5133
2019:05:06 14:31:46 73471 2041.1089
2019:05:06 14:31:46 75125 1234.5910
2019:05:06 14:31:46 78389 1637.7382
2019:05:06 14:31:46 80431 1225.0207
2019:05:06 14:31:46 84114 2030.9091
2019:05:06 14:31:46 86165 1629.9374
2019:05:06 14:31:46 89034 1637.0043
2019:05:06 14:31:46 91480 2034.4816
2019:05:06 14:31:46 94763 2058.5097
2019:05:06 14:31:46 97242 1652.7660
2019:05:06 14:31:46 100500 2061.0653
2019:05:06 14:31:46 102963 2034.4444
2019:05:06 14:31:46 106242 2043.4558
2019:05:06 14:31:46 108711 1662.2096
2019:05:06 14:31:46 112366 1640.6924
2019:05:06 14:31:46 115251 1655.7239
2019:05:06 14:31:46 118106 1647.0663
2019:05:06 14:31:46 120980 2441.0337
2019:05:06 14:31:46 123919 2125.7810
2019:05:06 14:31:46 127526 2454.3703
2019:05:06 14:31:46 129978 1642.5401
2019:05:06 14:31:46 132859 1636.8814
2019:05:06 14:31:46 134903 1632.8692
2019:05:06 14:31:46 137379 1169.6629
2019:05:06 14:31:46 140227 1649.3164
2019:05:06 14:31:46 142694 1645.3192
2019:05:06 14:31:46 145551 2052.8212
2019:05:06 14:31:46 148823 2458.5389
2019:05:06 14:31:46 151689 2047.8889
2019:05:06 14:31:46 154961 2446.4428
2019:05:06 14:31:46 157836 2055.6711
2019:05:06 14:31:46 160299 2042.9827
2019:05:06 14:31:46 163153 2029.3817
2019:05:06 14:31:46 166020 2035.0032
2019:05:06 14:31:46 169297 2041.5746
2019:05:06 14:31:46 171364 2048.7383
2019:05:06 14:31:46 175453 2463.4302
2019:05:06 14:31:46 178325 2063.5650
2019:05:06 14:31:46 181172 2450.8722
2019:05:06 14:31:46 184054 2034.3177
2019:05:06 14:31:46 187322 2446.8303
2019:05:06 14:31:46 189385 1251.3623
2019:05:06 14:31:46 192652 1649.0817
2019:05:06 14:31:46 195534 1253.1690
2019:05:06 14:31:46 198397 2062.7491
2019:05:06 14:31:46 201663 2052.1134
2019:05:06 14:31:46 205350 2043.6868
2019:05:06 14:31:46 207401 1642.8865
2019:05:06 14:31:46 211479 2443.7532
2019:05:06 14:31:46 213537 1642.6034
2019:05:06 14:31:46 216399 2019.5134
2019:05:06 14:31:46 218864 1632.2844
2019:05:06 14:31:46 222145 1650.4601
2019:05:06 14:31:46 225012 2055.8536
2019:05:06 14:31:46 228278 2452.1127
2019:05:06 14:31:46 230748 1637.5668
2019:05:06 14:31:46 233616 2445.4854
2019:05:06 14:31:46 236490 2062.3356
2019:05:06 14:31:46 239370 1659.4529
2019:05:06 14:31:46 242628 1656.2305
2019:05:06 14:31:46 245501 1657.5269
2019:05:06 14:31:46 248752 2043.9364
2019:05:06 14:31:46 251630 1642.5848
2019:05:06 14:31:46 254076 2025.7756
2019:05:06 14:31:46 256584 856.8019
2019:05:06 14:31:46 259825 1651.0300
2019:05:06 14:31:46 262720 852.9387
2019:05:06 14:31:46 265961 1224.3614
2019:05:06 14:31:46 268842 2063.7177
2019:05:06 14:31:46 271699 1633.4169
2019:05:06 14:31:46 274588 1253.8098
2019:05:06 14:31:46 277509 2129.9496
2019:05:06 14:31:46 280714 2047.6803
2019:05:06 14:31:46 283180 2058.1782
2019:05:06 14:31:46 286437 2043.0982
2019:05:06 14:31:46 288898 2026.4909
2019:05:06 14:31:46 291776 2054.8701
2019:05:06 14:31:46 294644 2064.5373
2019:05:06 14:31:46 297917 1976.5161
2019:05:06 14:31:46 301189 1639.7275
2019:05:06 14:31:46 304869 2456.4825
2019:05:06 14:31:46 307334 1629.4792
2019:05:06 14:31:46 309795 2029.2588
2019:05:06 14:31:46 313475 2450.4848
2019:05:06 14:31:46 315518 2011.7909
2019:05:06 14:31:46 319217 2452.1053
2019:05:06 14:31:46 321680 1249.1569
2019:05:06 14:31:46 324618 1727.9498
2019:05:06 14:31:46 327413 1647.8188
2019:05:06 14:31:46 330283 1646.2244
2019:05:06 14:31:46 333144 1241.3785
2019:05:06 14:31:46 335606 2063.6618
2019:05:06 14:31:46 338873 2050.8580
2019:05:06 14:31:46 341329 2049.7181
2019:05:06 14:31:46 344611 2458.5538
2019:05:06 14:31:46 347884 2438.2956
2019:05:06 14:31:46 349936 1233.2797
2019:05:06 14:31:46 353215 2045.5010
2019:05:06 14:31:46 355682 1645.9413
2019:05:06 14:31:46 359428 2535.2724
2019:05:06 14:31:46 362212 2036.6460
2019:05:06 14:31:46 365107 1669.9247
2019:05:06 14:31:46 367947 2456.8252
2019:05:06 14:31:46 371228 2052.8175
2019:05:06 14:31:46 374094 2847.4666
2019:05:06 14:31:46 376955 1636.2406
2019:05:06 14:31:46 379434 2054.6652
2019:05:06 14:31:46 382309 1666.4937
2019:05:06 14:31:46 385583 2076.4284
2019:05:06 14:31:46 388855 2052.9591
2019:05:06 14:31:46 391704 2040.1217
2019:05:06 14:31:46 394567 2369.5566
2019:05:06 14:31:46 397048 1237.6048
2019:05:06 14:31:46 399904 2049.0587
2019:05:06 14:31:46 403167 1633.8825
2019:05:06 14:31:46 406442 2453.2825
2019:05:06 14:31:46 408504 2051.8377
2019:05:06 14:31:46 411769 2457.3989
2019:05:06 14:31:46 414241 1640.5582
2019:05:06 14:31:46 417503 2036.4262
2019:05:06 14:31:46 419552 1638.7962
2019:05:06 14:31:46 422433 1649.3388
2019:05:06 14:31:46 425303 1645.6991
2019:05:06 14:31:46 428563 2048.8836
2019:05:06 14:31:46 431449 2050.3290
2019:05:06 14:31:46 433891 2033.9936
2019:05:06 14:31:46 437593 2063.5687
2019:05:06 14:31:46 440050 1636.5871
2019:05:06 14:31:46 442920 1648.6384
2019:05:06 14:31:46 445770 1630.7235
2019:05:06 14:31:46 448234 1644.2575
2019:05:06 14:31:46 451132 1267.8131
2019:05:06 14:31:46 454387 1644.4698
2019:05:06 14:31:46 457663 2046.2461
2019:05:06 14:31:46 460523 2053.5700
2019:05:06 14:31:46 463387 1646.6379
2019:05:06 14:31:46 465854 2052.9479
2019:05:06 14:31:46 469121 1634.8027
2019:05:06 14:31:46 471997 1655.4408
2019:05:06 14:31:46 474859 1655.0310
2019:05:06 14:31:46 477742 2066.3217
2019:05:06 14:31:46 480587 2057.7796
2019:05:06 14:31:46 483462 2052.7393
2019:05:06 14:31:46 486727 2374.6528
2019:05:06 14:31:46 488785 1243.8335
2019:05:06 14:31:46 491652 1636.6206
2019:05:06 14:31:46 494914 2039.8982
2019:05:06 14:31:46 498197 2040.8407
2019:05:06 14:31:46 500257 1638.0362
2019:05:06 14:31:46 503527 2041.1499
2019:05:06 14:31:46 507607 2776.1199
2019:05:06 14:31:46 510098 1664.3591
2019:05:06 14:31:46 513757 3276.3183
2019:05:06 14:31:46 516211 2048.2354
2019:05:06 14:31:46 519095 2055.7418
2019:05:06 14:31:46 521954 2036.0574
2019:05:06 14:31:46 524826 1635.4173
2019:05:06 14:31:46 528114 2483.3120
2019:05:06 14:31:46 530960 2050.0384
2019:05:06 14:31:46 534657 2878.1779
2019:05:06 14:31:46 537123 2068.8437
2019:05:06 14:31:46 539174 1648.4112
2019:05:06 14:31:46 542839 2026.9863
2019:05:06 14:31:46 545298 2042.1036
2019:05:06 14:31:46 548156 1631.2338
2019:05:06 14:31:46 551054 1656.6291
2019:05:06 14:31:46 554311 2052.6908
2019:05:06 14:31:46 557180 2052.0277
2019:05:06 14:31:46 560868 2867.6242
2019:05:06 14:31:46 563340 2054.1474
2019:05:06 14:31:46 566594 2450.3432
2019:05:06 14:31:46 569461 2041.6118
2019:05:06 14:31:46 572736 2447.6089
2019:05:06 14:31:46 575201 1634.3072
2019:05:06 14:31:46 578474 2459.9768
2019:05:06 14:31:46 580941 1236.9007
2019:05:06 14:31:46 583814 1655.5712
2019:05:06 14:31:46 587075 2047.5127
2019:05:06 14:31:46 589939 2449.5050
2019:05:06 14:31:46 592892 2521.3547
2019:05:06 14:31:46 595679 2445.9064
2019:05:06 14:31:46 598136 1639.2171
2019:05:06 14:31:46 600594 1642.3538
2019:05:06 14:31:46 603875 2033.4087
2019:05:06 14:31:46 606745 2045.8773
2019:05:06 14:31:46 609596 2044.3276
2019:05:06 14:31:46 612474 2061.2590
2019:05:06 14:31:46 615750 2053.4806
2019:05:06 14:31:46 618214 2057.5151
2019:05:06 14:31:46 621888 2456.1584
2019:05:06 14:31:46 624353 2051.9719
2019:05:06 14:31:46 628035 1647.0477
2019:05:06 14:31:46 630510 1659.2294
2019:05:06 14:31:46 633782 2060.5437
2019:05:06 14:31:46 636649 1244.6865
2019:05:06 14:31:46 639905 2041.2467
2019:05:06 14:31:46 642367 1628.1679
2019:05:06 14:31:46 645246 2050.8319
2019:05:06 14:31:46 648127 1667.6821
2019:05:06 14:31:46 650575 2435.4197
2019:05:06 14:31:46 654253 2861.9431
2019:05:06 14:31:46 656383 2103.2169
2019:05:06 14:31:46 659581 1646.4777
2019:05:06 14:31:46 662061 2067.4951
2019:05:06 14:31:46 666143 2461.7799
2019:05:06 14:31:46 668992 2457.1866
2019:05:06 14:31:46 672265 2049.0848
2019:05:06 14:31:46 673931 1260.5414
2019:05:06 14:31:46 677600 1645.8035
2019:05:06 14:31:46 680073 1651.9129
2019:05:06 14:31:46 683347 1254.8454
2019:05:06 14:31:46 686606 2458.7288
2019:05:06 14:31:46 689139 2118.4310
2019:05:06 14:31:46 691512 1627.3409
2019:05:06 14:31:46 694380 2037.0968
2019:05:06 14:31:46 696841 1630.0455
2019:05:06 14:31:46 698900 825.5616
2019:05:06 14:31:46 702573 2034.1501
2019:05:06 14:31:46 705033 1634.3482
2019:05:06 14:31:46 707486 2427.5370
2019:05:06 14:31:46 709962 2062.5144
2019:05:06 14:31:46 713232 2451.5167
2019:05:06 14:31:46 716518 2056.9414
2019:05:06 14:31:46 718964 2046.1902
2019:05:06 14:31:46 721840 2030.8718
2019:05:06 14:31:46 724691 1630.9097
2019:05:06 14:31:46 727561 2444.1034
2019:05:06 14:31:46 730827 2028.3312
2019:05:06 14:31:46 733708 2459.8427
2019:05:06 14:31:46 736177 1968.7228
2019:05:06 14:31:46 739033 1642.5215
2019:05:06 14:31:46 742304 2035.7221
2019:05:06 14:31:46 744757 1606.2036
2019:05:06 14:31:46 747247 1241.9522
2019:05:06 14:31:46 750581 1304.8053
2019:05:06 14:31:46 753774 1640.0516
2019:05:06 14:31:46 756662 1661.3305
2019:05:06 14:31:46 759525 2053.4322
2019:05:06 14:31:46 761992 1644.5704
2019:05:06 14:31:46 765252 1647.4761
2019:05:06 14:31:46 768117 1645.8035
2019:05:06 14:31:46 770979 1643.4640
2019:05:06 14:31:46 773451 1245.4279
2019:05:06 14:31:46 776705 2455.9535
2019:05:06 14:31:46 779583 1636.7920
2019:05:06 14:31:46 782852 2856.7165
2019:05:06 14:31:46 785731 2384.4466
2019:05:06 14:31:46 787776 2030.6893
2019:05:06 14:31:46 790659 1652.9337
2019:05:06 14:31:46 793936 2465.0618
2019:05:06 14:31:46 797194 2838.2875
2019:05:06 14:31:46 800471 1646.5746
2019:05:06 14:31:46 802950 1660.6934
2019:05:06 14:31:46 806204 1646.4479
2019:05:06 14:31:46 809081 1645.6433
2019:05:06 14:31:46 812749 2859.8607
2019:05:06 14:31:46 815211 1637.0602
2019:05:06 14:31:46 818487 2456.7097
2019:05:06 14:31:46 821356 2047.3674
2019:05:06 14:31:46 824308 2132.0693
2019:05:06 14:31:46 827102 1647.6586
2019:05:06 14:31:46 830448 2046.2312
2019:05:06 14:31:46 832827 1236.7629
2019:05:06 14:31:46 836511 2034.8467
2019:05:06 14:31:46 839782 2450.4811
2019:05:06 14:31:46 842254 1649.7374
2019:05:06 14:31:46 844726 1244.0607
2019:05:06 14:31:46 847979 2041.4516
2019:05:06 14:31:46 850441 1564.7523
2019:05:06 14:31:46 853716 2036.2325
2019:05:06 14:31:46 857391 2856.1987
2019:05:06 14:31:46 859455 1236.3344
2019:05:06 14:31:46 862328 1247.0558
2019:05:06 14:31:46 866008 2061.9221
2019:05:06 14:31:46 868870 2050.6792
2019:05:06 14:31:46 871339 1648.2584
2019:05:06 14:31:46 874204 1641.6945
2019:05:06 14:31:46 876654 1227.7663
2019:05:06 14:31:46 879929 1636.1140
2019:05:06 14:31:46 882790 2045.5867
2019:05:06 14:31:46 886062 2430.9084
2019:05:06 14:31:46 888538 1657.6834
2019:05:06 14:31:46 892210 2450.2799
2019:05:06 14:31:46 894672 1648.6496
2019:05:06 14:31:46 896732 1652.1104
2019:05:06 14:31:46 900411 2049.6137
2019:05:06 14:31:46 902890 2068.7841
2019:05:06 14:31:46 906152 1977.6300
2019:05:06 14:31:46 909425 2061.2068
2019:05:06 14:31:46 912691 2453.2489
2019:05:06 14:31:46 915573 1649.1152
2019:05:06 14:31:46 918423 2446.8452
2019:05:06 14:31:46 921696 2019.4277
2019:05:06 14:31:46 924171 2061.9333
2019:05:06 14:31:46 927024 1621.4140
2019:05:06 14:31:46 929897 2045.4489
2019:05:06 14:31:46 933168 1617.4205
2019:05:06 14:31:46 935642 1656.0182
2019:05:06 14:31:46 938916 1976.5981
2019:05:06 14:31:46 942186 1644.6337
2019:05:06 14:31:46 945450 2842.7243
2019:05:06 14:31:46 948335 2047.4754
2019:05:06 14:31:46 950382 1626.8864
2019:05:06 14:31:46 953253 1634.2774
2019:05:06 14:31:46 956520 2042.8970
2019:05:06 14:31:46 959392 2059.2585
2019:05:06 14:31:46 962656 2043.2509
2019:05:06 14:31:46 965935 2448.3725
2019:05:06 14:31:46 968803 2426.2704
2019:05:06 14:31:46 970858 1618.0985
2019:05:06 14:31:46 973743 1225.7583
2019:05:06 14:31:46 976606 1663.4166
2019:05:06 14:31:46 979869 2049.1891
2019:05:06 14:31:46 983144 2043.0647
2019:05:06 14:31:46 985204 1652.2519
2019:05:06 14:31:46 988459 2042.9306
2019:05:06 14:31:46 990959 1261.6850
2019:05:06 14:31:46 994196 2456.0615
2019:05:06 14:31:46 997475 2866.9164
2019:05:06 14:31:46 999946 1647.8784
2019:05:06 14:31:47 3218 2060.9088
2019:05:06 14:31:47 6073 2428.9303
2019:05:06 14:31:47 8631 1720.3912
2019:05:06 14:31:47 11396 2448.8568
2019:05:06 14:31:47 14287 1254.4915
2019:05:06 14:31:47 16804 906.1322
2019:05:06 14:31:47 20025 2473.0638
2019:05:06 14:31:47 23283 2046.2312
2019:05:06 14:31:47 26181 1270.6593
2019:05:06 14:31:47 29036 2077.7434
2019:05:06 14:31:47 31890 1645.7587
2019:05:06 14:31:47 35569 2447.6275
2019:05:06 14:31:47 38034 1637.1310
2019:05:06 14:31:47 40484 2044.7597
2019:05:06 14:31:47 43353 2441.6484
2019:05:06 14:31:47 45814 1637.2390
2019:05:06 14:31:47 48675 2057.7423
2019:05:06 14:31:47 50749 1248.0542
2019:05:06 14:31:47 53200 1256.2945
2019:05:06 14:31:47 56447 1632.5340
2019:05:06 14:31:47 59346 1579.8472
2019:05:06 14:31:47 62594 1635.2870
2019:05:06 14:31:47 65891 1644.5145
2019:05:06 14:31:47 68740 2043.9290
2019:05:06 14:31:47 72017 2436.1908
2019:05:06 14:31:47 74476 2045.5644
2019:05:06 14:31:47 77370 2059.5379
2019:05:06 14:31:47 79811 1652.4941
2019:05:06 14:31:47 83072 1612.9389
2019:05:06 14:31:47 85954 2056.6843
2019:05:06 14:31:47 88837 1653.8613
2019:05:06 14:31:47 92102 2470.1394
2019:05:06 14:31:47 94975 1659.8180
2019:05:06 14:31:47 98269 1677.6510
2019:05:06 14:31:47 101524 2044.7932
2019:05:06 14:31:47 104789 2050.4668
2019:05:06 14:31:47 108059 2054.4678
2019:05:06 14:31:47 110118 1643.9930
2019:05:06 14:31:47 113810 2049.9825
2019:05:06 14:31:47 115856 1239.4115
2019:05:06 14:31:47 118726 1646.1462
2019:05:06 14:31:47 121178 2041.0456
2019:05:06 14:31:47 123647 1649.6852
2019:05:06 14:31:47 126505 1648.4484
2019:05:06 14:31:47 129361 2041.1201
2019:05:06 14:31:47 131012 1620.8179
2019:05:06 14:31:47 134695 2043.4484
2019:05:06 14:31:47 137141 1640.6588
2019:05:06 14:31:47 139618 1655.6382
2019:05:06 14:31:47 142480 2448.5178
2019:05:06 14:31:47 145332 2032.1608
2019:05:06 14:31:47 148626 2045.0801
2019:05:06 14:31:47 150676 1629.7288
2019:05:06 14:31:47 153951 1645.7140
2019:05:06 14:31:47 156809 1649.5250
2019:05:06 14:31:47 160084 1645.8333
2019:05:06 14:31:47 162149 1252.6661
2019:05:06 14:31:47 165433 1664.7093
2019:05:06 14:31:47 168678 2445.5674
2019:05:06 14:31:47 172366 2862.8930
2019:05:06 14:31:47 174419 2012.7334
2019:05:06 14:31:47 177711 2047.0917
2019:05:06 14:31:47 180171 1637.7568
2019:05:06 14:31:47 183834 2443.7755
2019:05:06 14:31:47 186297 1647.2861
2019:05:06 14:31:47 188836 1726.2623
2019:05:06 14:31:47 192432 2038.2814
2019:05:06 14:31:47 194499 1639.6381
2019:05:06 14:31:47 197765 2468.6530
2019:05:06 14:31:47 200232 1248.6763
2019:05:06 14:31:47 203517 1648.9811
2019:05:06 14:31:47 206768 1639.6083
2019:05:06 14:31:47 210051 2050.2955
2019:05:06 14:31:47 212119 1661.9302
2019:05:06 14:31:47 215389 1658.7824
2019:05:06 14:31:47 218258 1633.5919
2019:05:06 14:31:47 221097 1629.2110
2019:05:06 14:31:47 224804 2063.9338
2019:05:06 14:31:47 227266 2049.6547
2019:05:06 14:31:47 230938 2850.9721
2019:05:06 14:31:47 233812 2047.5909
2019:05:06 14:31:47 236249 1628.6597
2019:05:06 14:31:47 239945 2435.5277
2019:05:06 14:31:47 242398 2029.0166
2019:05:06 14:31:47 245279 1642.5699
2019:05:06 14:31:47 248152 2037.4916
2019:05:06 14:31:47 251828 2439.0630
2019:05:06 14:31:47 254302 1975.6965
2019:05:06 14:31:47 257961 2859.4285
2019:05:06 14:31:47 260839 2426.1028
2019:05:06 14:31:47 264119 2469.8377
2019:05:06 14:31:47 266159 1617.2677
2019:05:06 14:31:47 269034 2057.2618
2019:05:06 14:31:47 271910 1655.1055
2019:05:06 14:31:47 274843 2521.6155
2019:05:06 14:31:47 278039 2031.5498
2019:05:06 14:31:47 280093 1639.7312
2019:05:06 14:31:47 283044 914.1974
2019:05:06 14:31:47 285825 1643.0505
2019:05:06 14:31:47 289107 830.3970
2019:05:06 14:31:47 291960 1635.8681
2019:05:06 14:31:47 295254 1236.0699
2019:05:06 14:31:47 298116 1641.0500
2019:05:06 14:31:47 300981 1245.8302
2019:05:06 14:31:47 304247 2035.1484
2019:05:06 14:31:47 306309 1237.0609
2019:05:06 14:31:47 309980 1638.1405
2019:05:06 14:31:47 312037 1240.3056
2019:05:06 14:31:47 314904 1649.3313
2019:05:06 14:31:47 316955 1241.7100
2019:05:06 14:31:47 320225 2033.4423
2019:05:06 14:31:47 322686 1240.2907
2019:05:06 14:31:47 325964 1971.9265
2019:05:06 14:31:47 329247 1629.6431
2019:05:06 14:31:47 332118 1251.3548
2019:05:06 14:31:47 335784 2049.8596
2019:05:06 14:31:47 338258 1659.6168
2019:05:06 14:31:47 341118 1638.8893
2019:05:06 14:31:47 344793 2048.2540
2019:05:06 14:31:47 347267 2059.2697
2019:05:06 14:31:47 350539 2440.9555
2019:05:06 14:31:47 353419 2062.6858
2019:05:06 14:31:47 356670 2452.4108
2019:05:06 14:31:47 359124 2027.1838
2019:05:06 14:31:47 361599 1644.4325
2019:05:06 14:31:47 364873 1628.1977
2019:05:06 14:31:47 367339 1641.1580
2019:05:06 14:31:47 371011 2447.0389
2019:05:06 14:31:47 373073 1975.8902
2019:05:06 14:31:47 376760 2061.7917
2019:05:06 14:31:47 379202 2032.0676
2019:05:06 14:31:47 382888 2046.6894
2019:05:06 14:31:47 384938 1225.4119
2019:05:06 14:31:47 389042 2445.9101
2019:05:06 14:31:47 391497 1645.2707
2019:05:06 14:31:47 395177 2449.9893
2019:05:06 14:31:47 397651 2440.4414
2019:05:06 14:31:47 401323 2870.7609
2019:05:06 14:31:47 403788 2424.6164
2019:05:06 14:31:47 406647 2034.8653
2019:05:06 14:31:47 409115 1648.9439
2019:05:06 14:31:47 412382 1649.5734
2019:05:06 14:31:47 414845 1647.7518
2019:05:06 14:31:47 418119 1961.5516
2019:05:06 14:31:47 420994 1632.4073
2019:05:06 14:31:47 424254 2446.8750
2019:05:06 14:31:47 427142 1652.7399
2019:05:06 14:31:47 429995 2056.5055
2019:05:06 14:31:47 433285 2061.1361
2019:05:06 14:31:47 436124 2044.3015
2019:05:06 14:31:47 439004 2046.3467
2019:05:06 14:31:47 441054 1645.5688
2019:05:06 14:31:47 443945 1634.3556
2019:05:06 14:31:47 447190 2451.8743
2019:05:06 14:31:47 450087 2052.7504
2019:05:06 14:31:47 453332 2844.8515
2019:05:06 14:31:47 456206 2036.3256
2019:05:06 14:31:47 459074 2462.8192
2019:05:06 14:31:47 461140 1249.3953
2019:05:06 14:31:47 463996 1650.7395
2019:05:06 14:31:47 466457 2043.1839
2019:05:06 14:31:47 468514 1251.0493
2019:05:06 14:31:47 471454 1330.5582
2019:05:06 14:31:47 474262 1663.6290
2019:05:06 14:31:47 477521 1661.8520
2019:05:06 14:31:47 480378 2458.1812
2019:05:06 14:31:47 483235 2045.0354
2019:05:06 14:31:47 485693 1644.9131
2019:05:06 14:31:47 487831 1322.2136
2019:05:06 14:31:47 490618 1240.8197
2019:05:06 14:31:47 493490 1661.9079
2019:05:06 14:31:47 496020 1726.9254
2019:05:06 14:31:47 498791 1225.9185
2019:05:06 14:31:47 501271 1654.7106
2019:05:06 14:31:47 503727 1651.9949
2019:05:06 14:31:47 507003 1647.9418
2019:05:06 14:31:47 509044 1621.4438
2019:05:06 14:31:47 512725 2367.2581
2019:05:06 14:31:47 514784 1240.9501
2019:05:06 14:31:47 518461 2044.4579
2019:05:06 14:31:47 520529 1246.1469
2019:05:06 14:31:47 523805 1644.9951
2019:05:06 14:31:47 527059 2051.3572
2019:05:06 14:31:47 529529 2449.8440
2019:05:06 14:31:47 533208 2456.6948
2019:05:06 14:31:47 536071 2037.0223
2019:05:06 14:31:47 538116 2008.6467
2019:05:06 14:31:47 541817 2041.0456
2019:05:06 14:31:47 544269 1625.8806
2019:05:06 14:31:47 547551 1643.6391
2019:05:06 14:31:47 550407 2051.5695
2019:05:06 14:31:47 553697 2451.1963
2019:05:06 14:31:47 556148 2432.8083
2019:05:06 14:31:47 559009 1616.8617
2019:05:06 14:31:47 562282 2035.7445
2019:05:06 14:31:47 565152 1633.7596
2019:05:06 14:31:47 568019 1622.1851
2019:05:06 14:31:47 570879 1622.3490
2019:05:06 14:31:47 574574 2027.3998
2019:05:06 14:31:47 577044 1648.5453
2019:05:06 14:31:47 580710 2037.6779
2019:05:06 14:31:47 584001 2466.5482
2019:05:06 14:31:47 586857 2047.4754
2019:05:06 14:31:47 589333 2034.3326
2019:05:06 14:31:47 592184 1628.5107
2019:05:06 14:31:47 594252 1245.5806
2019:05:06 14:31:47 597921 1638.4535
2019:05:06 14:31:47 600473 1730.5948
2019:05:06 14:31:47 603658 1639.2879
2019:05:06 14:31:47 605724 1667.5033
2019:05:06 14:31:47 609399 1656.6142
2019:05:06 14:31:47 612263 2045.0205
2019:05:06 14:31:47 615532 2838.1459
2019:05:06 14:31:47 618817 1965.9512
2019:05:06 14:31:47 622109 2471.8642
2019:05:06 14:31:47 624953 2043.8582
2019:05:06 14:31:47 627408 2029.7356
2019:05:06 14:31:47 629881 1653.9022
2019:05:06 14:31:47 633225 2130.1284
2019:05:06 14:31:47 636021 2471.3762
2019:05:06 14:31:47 639719 2472.8291
2019:05:06 14:31:47 642579 2062.6970
2019:05:06 14:31:47 645842 2055.4177
2019:05:06 14:31:47 649111 2848.4166
2019:05:06 14:31:47 651999 2053.5626
2019:05:06 14:31:47 654457 2042.3941
2019:05:06 14:31:47 657309 1634.4897
2019:05:06 14:31:47 659780 1976.5832
2019:05:06 14:31:47 662632 2051.9421
2019:05:06 14:31:47 665097 2442.5723
2019:05:06 14:31:47 668043 2106.2121
2019:05:06 14:31:47 672052 2458.5798
2019:05:06 14:31:47 674108 2031.3151
2019:05:06 14:31:47 677788 2445.4482
2019:05:06 14:31:47 679833 1624.6960
2019:05:06 14:31:47 682714 1628.5777
2019:05:06 14:31:47 685603 1262.2140
2019:05:06 14:31:47 689264 2033.0437
2019:05:06 14:31:47 692125 2042.5580
2019:05:06 14:31:47 695390 2446.6030
2019:05:06 14:31:47 697456 2046.1045
2019:05:06 14:31:47 701153 2067.4989
2019:05:06 14:31:47 703593 2029.6052
2019:05:06 14:31:47 706875 2046.8310
2019:05:06 14:31:47 709320 1615.0810
2019:05:06 14:31:47 712210 1619.8233
2019:05:06 14:31:47 715068 1648.8098
2019:05:06 14:31:47 717967 1266.1628
2019:05:06 14:31:47 721624 2052.2848
2019:05:06 14:31:47 724485 2041.0642
2019:05:06 14:31:47 727361 1653.9507
2019:05:06 14:31:47 730217 2447.4002
2019:05:06 14:31:47 733098 1649.2046
2019:05:06 14:31:47 736776 1649.9721
2019:05:06 14:31:47 739632 2033.5875
2019:05:06 14:31:47 742921 2044.2791
2019:05:06 14:31:47 745388 1656.0107
2019:05:06 14:31:47 748647 2045.8400
2019:05:06 14:31:47 750687 1624.4613
2019:05:06 14:31:47 754372 2038.7135
2019:05:06 14:31:47 756838 1645.6582
2019:05:06 14:31:47 759705 1636.4567
2019:05:06 14:31:47 762566 2366.6508
2019:05:06 14:31:47 765448 1241.6020
2019:05:06 14:31:47 768312 2457.6038
2019:05:06 14:31:47 771593 1635.4918
2019:05:06 14:31:47 774477 1658.2981
2019:05:06 14:31:47 777735 2054.4492
2019:05:06 14:31:47 780998 2439.2046
2019:05:06 14:31:47 783880 2047.2929
2019:05:06 14:31:47 786739 2039.1308
2019:05:06 14:31:47 790030 1657.4822
2019:05:06 14:31:47 792466 1636.5051
2019:05:06 14:31:47 795347 1640.7520
2019:05:06 14:31:47 797813 1659.8701
2019:05:06 14:31:47 801092 1661.9153
2019:05:06 14:31:47 803947 2045.5495
2019:05:06 14:31:47 807212 2046.2349
2019:05:06 14:31:47 810493 2872.9364
2019:05:06 14:31:47 812553 1641.4933
2019:05:06 14:31:47 816640 2453.0739
2019:05:06 14:31:47 819904 2842.4934
2019:05:06 14:31:47 821956 2021.5958
2019:05:06 14:31:47 825236 2031.9521
2019:05:06 14:31:47 827699 1646.2579
2019:05:06 14:31:47 830574 1243.8856
2019:05:06 14:31:47 833435 2055.6226
2019:05:06 14:31:47 835985 1739.9192
2019:05:06 14:31:47 839176 2444.7776
2019:05:06 14:31:47 841222 1618.3704
2019:05:06 14:31:47 844891 2021.4617
2019:05:06 14:31:47 847357 2448.7041
2019:05:06 14:31:47 850225 1636.7361
2019:05:06 14:31:47 852688 1640.2081
2019:05:06 14:31:47 856363 2448.7600
2019:05:06 14:31:47 859224 2451.0920
2019:05:06 14:31:47 862112 2067.1785
2019:05:06 14:31:47 864969 2439.5101
2019:05:06 14:31:47 868653 2050.7425
2019:05:06 14:31:47 871115 1641.0686
2019:05:06 14:31:47 874379 2851.7880
2019:05:06 14:31:47 877247 2357.9076
2019:05:06 14:31:47 880133 2472.7248
2019:05:06 14:31:47 883398 2050.8952
2019:05:06 14:31:47 885868 2060.4469
2019:05:06 14:31:47 888735 1651.3206
2019:05:06 14:31:47 891588 1630.8837
2019:05:06 14:31:47 894454 2447.5940
2019:05:06 14:31:47 897340 2067.6665
2019:05:06 14:31:47 900188 2032.5370
2019:05:06 14:31:47 902645 1633.2567
2019:05:06 14:31:47 905533 1656.0145
2019:05:06 14:31:47 908396 2060.9796
2019:05:06 14:31:47 911677 2471.2421
2019:05:06 14:31:47 914938 2053.0447
2019:05:06 14:31:47 917389 2033.7328
2019:05:06 14:31:47 920692 2045.5234
2019:05:06 14:31:47 923138 2050.1092
2019:05:06 14:31:47 926435 2385.9106
2019:05:06 14:31:47 928869 2039.9243
2019:05:06 14:31:47 932556 2041.5150
2019:05:06 14:31:47 935408 2033.0213
2019:05:06 14:31:47 938690 2044.6405
2019:05:06 14:31:47 941156 2044.5883
2019:05:06 14:31:47 944520 2138.9276
2019:05:06 14:31:47 946900 1647.9269
2019:05:06 14:31:47 950579 2060.1526
2019:05:06 14:31:47 953021 1618.3071
2019:05:06 14:31:47 956710 2009.8723
2019:05:06 14:31:47 958760 1637.6749
2019:05:06 14:31:47 961247 845.4435
2019:05:06 14:31:47 964490 2047.6095
2019:05:06 14:31:47 966987 2468.7983
2019:05:06 14:31:47 970226 2046.5329
2019:05:06 14:31:47 973107 2465.8106
2019:05:06 14:31:47 975973 1645.7662
2019:05:06 14:31:47 978840 2446.6477
2019:05:06 14:31:47 981703 1648.4223
2019:05:06 14:31:47 984160 1644.8349
2019:05:06 14:31:47 987451 2049.2524
2019:05:06 14:31:47 989911 1640.0367
2019:05:06 14:31:47 993206 1664.6162
2019:05:06 14:31:47 996447 2770.3494
2019:05:06 14:31:47 998512 1657.5642
2019:05:06 14:31:48 1380 1642.9722
2019:05:06 14:31:48 4231 1626.9423
2019:05:06 14:31:48 7522 1650.7059
2019:05:06 14:31:48 10366 2042.5282
2019:05:06 14:31:48 14053 2836.0225
2019:05:06 14:31:48 16506 2406.3475
2019:05:06 14:31:48 18573 1216.9108
2019:05:06 14:31:48 21836 1626.1898
2019:05:06 14:31:48 24710 2049.8298
2019:05:06 14:31:48 27584 2051.5583
2019:05:06 14:31:48 30454 2060.4804
2019:05:06 14:31:48 33309 2035.1633
2019:05:06 14:31:48 36170 1632.5377
2019:05:06 14:31:48 39045 2366.4385
2019:05:06 14:31:48 41540 1680.0500
2019:05:06 14:31:48 43965 2034.0011
2019:05:06 14:31:48 46828 2036.6125
2019:05:06 14:31:48 49711 1654.7479
2019:05:06 14:31:48 53789 2865.2623
2019:05:06 14:31:48 55838 1628.2275
2019:05:06 14:31:48 58727 1663.2602
2019:05:06 14:31:48 61578 1650.9034
2019:05:06 14:31:48 64850 2450.0974
2019:05:06 14:31:48 67712 2048.0528
2019:05:06 14:31:48 70979 2859.5775
2019:05:06 14:31:48 73849 2033.1144
2019:05:06 14:31:48 75911 1641.1170
2019:05:06 14:31:48 78799 1265.0490
2019:05:06 14:31:48 82038 1627.5905
2019:05:06 14:31:48 84943 1260.8767
2019:05:06 14:31:48 88594 2039.2351
2019:05:06 14:31:48 91464 2040.6805
2019:05:06 14:31:48 93928 2451.6433
2019:05:06 14:31:48 97201 1627.0801
2019:05:06 14:31:48 99656 2025.3658
2019:05:06 14:31:48 102561 1267.2730
2019:05:06 14:31:48 105403 2455.1786
2019:05:06 14:31:48 108680 2372.6411
2019:05:06 14:31:48 111550 2058.8562
2019:05:06 14:31:48 114810 2360.3253
2019:05:06 14:31:48 117692 2457.5703
2019:05:06 14:31:48 120953 2420.1535
2019:05:06 14:31:48 123417 1632.2061
2019:05:06 14:31:48 126699 2050.9437
2019:05:06 14:31:48 129155 2053.6482
2019:05:06 14:31:48 132444 2054.5237
2019:05:06 14:31:48 135695 2433.3932
2019:05:06 14:31:48 138994 2465.8181
2019:05:06 14:31:48 141870 2072.1145
2019:05:06 14:31:48 145130 2464.5925
2019:05:06 14:31:48 147603 1653.3397
2019:05:06 14:31:48 150849 2428.9042
2019:05:06 14:31:48 153728 2042.6884
2019:05:06 14:31:48 156194 2042.1483
2019:05:06 14:31:48 159859 2445.0608
2019:05:06 14:31:48 162731 2429.0495
2019:05:06 14:31:48 166421 2865.5827
2019:05:06 14:31:48 168479 2017.7700
2019:05:06 14:31:48 172148 2849.6236
2019:05:06 14:31:48 174618 2431.5417
2019:05:06 14:31:48 177082 1656.6999
2019:05:06 14:31:48 180755 2832.7294
2019:05:06 14:31:48 182811 2002.0530
2019:05:06 14:31:48 185691 1641.5194
2019:05:06 14:31:48 188947 2028.7447
2019:05:06 14:31:48 191408 2036.8248
2019:05:06 14:31:48 194685 2056.9786
2019:05:06 14:31:48 197954 2844.1548
2019:05:06 14:31:48 200514 2121.1579
2019:05:06 14:31:48 202879 1629.9188
2019:05:06 14:31:48 206169 1658.0895
2019:05:06 14:31:48 208609 1628.6410
2019:05:06 14:31:48 211893 1636.2518
2019:05:06 14:31:48 214749 2043.8991
2019:05:06 14:31:48 217642 2067.4951
2019:05:06 14:31:48 220486 2444.4275
2019:05:06 14:31:48 223357 2044.5660
2019:05:06 14:31:48 225417 1246.5268
2019:05:06 14:31:48 229084 2032.1235
2019:05:06 14:31:48 231954 2453.3831
2019:05:06 14:31:48 234841 1657.7318
2019:05:06 14:31:48 238093 2438.5788
2019:05:06 14:31:48 240973 2464.1156
2019:05:06 14:31:48 244653 2456.6390
2019:05:06 14:31:48 247533 1659.9782
2019:05:06 14:31:48 250393 1626.5288
2019:05:06 14:31:48 253257 2055.7605
2019:05:06 14:31:48 256536 1635.4583
2019:05:06 14:31:48 259801 1947.0640
2019:05:06 14:31:48 262269 2051.9122
2019:05:06 14:31:48 265537 2453.5730
2019:05:06 14:31:48 268015 1958.9290
2019:05:06 14:31:48 271286 2062.1493
2019:05:06 14:31:48 273737 1635.5589
2019:05:06 14:31:48 276295 1740.1464
2019:05:06 14:31:48 279871 2045.0875
2019:05:06 14:31:48 281926 1235.1312
2019:05:06 14:31:48 284424 1267.3400
2019:05:06 14:31:48 287247 2445.8133
2019:05:06 14:31:48 289713 1653.6638
2019:05:06 14:31:48 292576 2455.7784
2019:05:06 14:31:48 295440 2052.2624
2019:05:06 14:31:48 297500 1630.8986
2019:05:06 14:31:48 301185 2364.4082
2019:05:06 14:31:48 303643 2043.4111
2019:05:06 14:31:48 306516 1663.5433
2019:05:06 14:31:48 309770 2037.3613
2019:05:06 14:31:48 312647 2042.3084
2019:05:06 14:31:48 314706 1646.8242
2019:05:06 14:31:48 318782 2043.5303
2019:05:06 14:31:48 320848 1645.0845
2019:05:06 14:31:48 324111 1638.7105
2019:05:06 14:31:48 327383 2049.1295
2019:05:06 14:31:48 330679 2055.5183
2019:05:06 14:31:48 333531 2448.9500
2019:05:06 14:31:48 336404 2029.7170
2019:05:06 14:31:48 338863 1634.8138
2019:05:06 14:31:48 342129 1628.6485
2019:05:06 14:31:48 344605 1642.1005
2019:05:06 14:31:48 347863 1220.1183
2019:05:06 14:31:48 350731 2047.0880
2019:05:06 14:31:48 353611 1244.5450
2019:05:06 14:31:48 356897 2485.3796
2019:05:06 14:31:48 360158 2043.4745
2019:05:06 14:31:48 362628 2063.9338
2019:05:06 14:31:48 365506 2065.7219
2019:05:06 14:31:48 368754 1621.4997
2019:05:06 14:31:48 372445 2861.4365
2019:05:06 14:31:48 374496 830.7546
2019:05:06 14:31:48 377354 1223.6387
2019:05:06 14:31:48 380265 1278.3334
2019:05:06 14:31:48 383913 1639.7238
2019:05:06 14:31:48 386370 1638.7291
2019:05:06 14:31:48 389229 2045.4340
2019:05:06 14:31:48 392094 2437.5282
2019:05:06 14:31:48 394977 1960.5607
2019:05:06 14:31:48 397842 2453.9605
2019:05:06 14:31:48 400714 1645.8370
2019:05:06 14:31:48 404002 2481.0880
2019:05:06 14:31:48 406855 1650.5681
2019:05:06 14:31:48 410544 1655.9288
2019:05:06 14:31:48 413420 2469.6589
2019:05:06 14:31:48 416701 2462.3945
2019:05:06 14:31:48 419951 2358.3435
2019:05:06 14:31:48 422412 1637.2912
2019:05:06 14:31:48 425686 2043.3143
2019:05:06 14:31:48 428149 1635.3391
2019:05:06 14:31:48 431826 2445.0719
2019:05:06 14:31:48 434282 1637.1049
2019:05:06 14:31:48 437968 2866.2011
2019:05:06 14:31:48 440021 1638.9042
2019:05:06 14:31:48 443308 1650.9071
2019:05:06 14:31:48 446170 2046.8533
2019:05:06 14:31:48 449047 1637.1533
2019:05:06 14:31:48 452308 2445.2172
2019:05:06 14:31:48 455175 2044.8044
2019:05:06 14:31:48 458052 1651.9167
2019:05:06 14:31:48 460911 2444.1369
2019:05:06 14:31:48 464195 2054.0021
2019:05:06 14:31:48 467460 2870.3921
2019:05:06 14:31:48 469929 1645.4235
2019:05:06 14:31:48 473202 2062.6076
2019:05:06 14:31:48 476069 2030.7451
2019:05:06 14:31:48 477704 1233.8050
2019:05:06 14:31:48 480179 1248.2330
2019:05:06 14:31:48 483023 1635.2385
2019:05:06 14:31:48 485915 1659.3374
2019:05:06 14:31:48 489188 2454.6459
2019:05:06 14:31:48 492076 1656.3386
2019:05:06 14:31:48 496160 2077.7583
2019:05:06 14:31:48 498599 2053.1639
2019:05:06 14:31:48 502274 2847.2282
2019:05:06 14:31:48 504352 2042.5171
2019:05:06 14:31:48 507613 2049.4200
2019:05:06 14:31:48 511288 2433.4565
2019:05:06 14:31:48 513360 1651.8123
2019:05:06 14:31:48 517019 2033.3976
2019:05:06 14:31:48 519106 2054.0990
2019:05:06 14:31:48 522386 1671.7352
2019:05:06 14:31:48 526045 2047.9225
2019:05:06 14:31:48 528924 1659.6578
2019:05:06 14:31:48 531790 1645.7438
2019:05:06 14:31:48 534631 1225.0766
2019:05:06 14:31:48 537913 2049.8931
2019:05:06 14:31:48 540370 1232.2702
2019:05:06 14:31:48 543249 2471.0335
2019:05:06 14:31:48 546130 1671.7464
2019:05:06 14:31:48 548969 2435.1962
2019:05:06 14:31:48 551437 1640.0702
2019:05:06 14:31:48 554715 2038.0020
2019:05:06 14:31:48 557178 1244.8989
2019:05:06 14:31:48 560038 1638.8819
2019:05:06 14:31:48 562993 1318.8571
2019:05:06 14:31:48 566173 1622.6694
2019:05:06 14:31:48 569444 2451.2522
2019:05:06 14:31:48 571098 825.4573
2019:05:06 14:31:48 573962 1632.3291
2019:05:06 14:31:48 576417 1646.7832
2019:05:06 14:31:48 579695 1632.8543
2019:05:06 14:31:48 582160 1655.8692
2019:05:06 14:31:48 585026 2045.1285
2019:05:06 14:31:48 587480 1654.8075
2019:05:06 14:31:48 589922 2044.4579
2019:05:06 14:31:48 591980 1231.7449
2019:05:06 14:31:48 595258 2035.5880
2019:05:06 14:31:48 597721 1641.6050
2019:05:06 14:31:48 599784 2033.1070
2019:05:06 14:31:48 602639 1651.9316
2019:05:06 14:31:48 605500 2051.6478
2019:05:06 14:31:48 608789 2054.1847
2019:05:06 14:31:48 611234 2047.4456
2019:05:06 14:31:48 614121 2050.4668
2019:05:06 14:31:48 616963 2032.9431
2019:05:06 14:31:48 619843 1657.8622
2019:05:06 14:31:48 622691 1618.0128
2019:05:06 14:31:48 626382 2457.7305
2019:05:06 14:31:48 628453 848.1331
2019:05:06 14:31:48 632123 2039.0749
2019:05:06 14:31:48 634579 2037.8008
2019:05:06 14:31:48 637872 2057.8206
2019:05:06 14:31:48 641119 2440.4116
2019:05:06 14:31:48 643600 1654.6510
2019:05:06 14:31:48 646454 2462.9086
2019:05:06 14:31:48 649742 2468.2134
2019:05:06 14:31:48 652599 2839.8484
2019:05:06 14:31:48 655483 2071.9543
2019:05:06 14:31:48 659144 2857.4318
2019:05:06 14:31:48 662032 2472.3783
2019:05:06 14:31:48 665302 2461.2732
2019:05:06 14:31:48 667755 2422.2545
2019:05:06 14:31:48 670614 2042.3271
2019:05:06 14:31:48 673078 2447.5455
2019:05:06 14:31:48 676776 2067.1077
2019:05:06 14:31:48 679642 2454.9663
2019:05:06 14:31:48 682507 2070.2146
2019:05:06 14:31:48 685363 2042.2526
2019:05:06 14:31:48 687830 1645.9040
2019:05:06 14:31:48 691099 2045.5755
2019:05:06 14:31:48 693165 1658.2459
2019:05:06 14:31:48 696432 2033.4125
2019:05:06 14:31:48 698886 1643.2591
2019:05:06 14:31:48 702563 2049.2747
2019:05:06 14:31:48 705424 2041.5410
2019:05:06 14:31:48 708293 1630.3062
2019:05:06 14:31:48 711164 2041.4889
2019:05:06 14:31:48 714048 1240.9091
2019:05:06 14:31:48 716896 1642.9871
2019:05:06 14:31:48 719803 1661.6099
2019:05:06 14:31:48 723045 2056.3416
2019:05:06 14:31:48 726345 1664.2585
2019:05:06 14:31:48 729182 2044.9497
2019:05:06 14:31:48 732875 2854.0045
2019:05:06 14:31:48 735332 2030.6930
2019:05:06 14:31:48 738204 1638.5689
2019:05:06 14:31:48 741471 2040.9524
2019:05:06 14:31:48 744764 2037.5848
2019:05:06 14:31:48 747614 2047.7958
2019:05:06 14:31:48 750890 2424.4636
2019:05:06 14:31:48 753754 2426.2033
2019:05:06 14:31:48 757444 2858.8958
2019:05:06 14:31:48 759916 2062.3468
2019:05:06 14:31:48 762771 2048.3807
2019:05:06 14:31:48 765662 1967.7468
2019:05:06 14:31:48 767793 1338.6905
2019:05:06 14:31:48 771381 2033.0176
2019:05:06 14:31:48 774240 2053.3912
2019:05:06 14:31:48 777512 2038.9967
2019:05:06 14:31:48 780383 2351.3734
2019:05:06 14:31:48 782838 2037.7859
2019:05:06 14:31:48 786131 2053.2273
2019:05:06 14:31:48 788976 2048.6750
2019:05:06 14:31:48 791056 1251.7907
2019:05:06 14:31:48 793902 2041.1909
2019:05:06 14:31:48 796762 1638.5056
2019:05:06 14:31:48 798513 1737.8479
2019:05:06 14:31:48 802128 1667.3766
2019:05:06 14:31:48 805363 2846.0808
2019:05:06 14:31:48 808644 2452.4964
2019:05:06 14:31:48 810685 2028.9160
2019:05:06 14:31:48 813968 2020.4559
2019:05:06 14:31:48 816437 1635.7228
2019:05:06 14:31:48 819715 1243.9005
2019:05:06 14:31:48 822588 1246.2176
2019:05:06 14:31:48 825840 1640.1187
2019:05:06 14:31:48 828716 2452.8205
2019:05:06 14:31:48 831272 1740.4482
2019:05:06 14:31:48 834045 2043.4037
2019:05:06 14:31:48 836918 1657.5716
2019:05:06 14:31:48 840179 2043.4670
2019:05:06 14:31:48 842662 2465.0954
2019:05:06 14:31:48 845953 2083.2047
2019:05:06 14:31:48 849205 2454.6981
2019:05:06 14:31:48 852465 2042.1743
2019:05:06 14:31:48 855341 1640.0144
2019:05:06 14:31:48 858208 2051.3572
2019:05:06 14:31:48 861497 2065.7107
2019:05:06 14:31:48 864374 2460.4686
2019:05:06 14:31:48 867638 2447.8585
2019:05:06 14:31:48 870900 2440.6947
2019:05:06 14:31:48 874173 2865.2288
2019:05:06 14:31:48 877052 2444.9080
2019:05:06 14:31:48 879096 1623.3288
2019:05:06 14:31:48 881971 1240.2460
2019:05:06 14:31:48 884858 1256.9353
2019:05:06 14:31:48 887714 2069.8011
2019:05:06 14:31:48 890983 2068.6053
2019:05:06 14:31:48 894244 2046.7602
2019:05:06 14:31:48 897113 2445.9884
2019:05:06 14:31:48 899586 1638.9042
2019:05:06 14:31:48 903253 2858.0017
2019:05:06 14:31:48 905324 1247.5550
2019:05:06 14:31:48 908997 2038.7433
2019:05:06 14:31:48 911851 2430.6886
2019:05:06 14:31:48 914317 2047.0619
2019:05:06 14:31:48 917199 2056.8408
2019:05:06 14:31:48 920871 2435.5277
2019:05:06 14:31:48 923335 2036.6311
2019:05:06 14:31:48 926199 2033.8371
2019:05:06 14:31:48 928671 1241.5424
2019:05:06 14:31:48 932342 2055.5183
2019:05:06 14:31:48 935209 2032.8499
2019:05:06 14:31:48 938887 2461.2099
2019:05:06 14:31:48 940952 1649.5921
2019:05:06 14:31:48 944221 2050.2545
2019:05:06 14:31:48 946673 1628.2760
2019:05:06 14:31:48 949950 2442.4009
2019:05:06 14:31:48 952431 1255.0950
2019:05:06 14:31:48 955281 2443.7048
2019:05:06 14:31:48 958551 2445.5413
2019:05:06 14:31:48 961434 2068.0130
2019:05:06 14:31:48 964290 1642.7152
2019:05:06 14:31:48 966743 1623.8019
2019:05:06 14:31:48 970426 2038.9520
2019:05:06 14:31:48 972483 1229.1968
2019:05:06 14:31:48 975756 1239.4637
2019:05:06 14:31:48 978216 1648.9550
2019:05:06 14:31:48 981498 1242.5706
2019:05:06 14:31:48 984347 2442.3897
2019:05:06 14:31:48 986830 1650.0764
2019:05:06 14:31:48 989699 2448.6259
2019:05:06 14:31:48 992955 2035.9755
2019:05:06 14:31:48 994627 1258.9656
2019:05:06 14:31:48 998294 1638.3231
2019:05:06 14:31:49 1551 2450.1719
2019:05:06 14:31:49 5246 2440.4414
2019:05:06 14:31:49 7298 1628.8944
2019:05:06 14:31:49 10579 1624.6848
2019:05:06 14:31:49 13435 2044.6256
2019:05:06 14:31:49 16723 2459.2839
2019:05:06 14:31:49 19166 2044.2083
2019:05:06 14:31:49 22466 2064.9396
2019:05:06 14:31:49 25723 2456.7731
2019:05:06 14:31:49 28992 2436.3324
2019:05:06 14:31:49 31058 1637.9580
2019:05:06 14:31:49 34341 1645.7178
2019:05:06 14:31:49 37200 2061.3521
2019:05:06 14:31:49 40471 2054.2294
2019:05:06 14:31:49 43342 1647.9827
2019:05:06 14:31:49 45808 2061.1361
2019:05:06 14:31:49 48723 1708.4964
2019:05:06 14:31:49 51557 1259.0028
2019:05:06 14:31:49 54405 2047.7027
2019:05:06 14:31:49 57687 2870.7497
2019:05:06 14:31:49 59732 2016.9392
2019:05:06 14:31:49 63419 2439.2568
2019:05:06 14:31:49 66277 2052.9553
2019:05:06 14:31:49 68744 1658.8196
2019:05:06 14:31:49 71619 1647.6288
2019:05:06 14:31:49 74488 1659.2182
2019:05:06 14:31:49 77339 1643.6316
2019:05:06 14:31:49 80226 2057.6306
2019:05:06 14:31:49 83079 1623.6901
2019:05:06 14:31:49 87162 2867.3187
2019:05:06 14:31:49 89219 2022.3334
2019:05:06 14:31:49 92493 2063.1179
2019:05:06 14:31:49 94942 1631.6772
2019:05:06 14:31:49 97414 1250.5911
2019:05:06 14:31:49 100676 1628.4883
2019:05:06 14:31:49 104359 2847.0159
2019:05:06 14:31:49 106818 1626.4990
2019:05:06 14:31:49 109703 2040.3340
2019:05:06 14:31:49 112959 2041.9247
2019:05:06 14:31:49 115427 1631.6622
2019:05:06 14:31:49 117887 1246.0575
2019:05:06 14:31:49 121152 2025.8129
2019:05:06 14:31:49 123629 1650.4824
2019:05:06 14:31:49 126895 1631.8709
2019:05:06 14:31:49 130159 2035.8190
2019:05:06 14:31:49 133036 2457.2201
2019:05:06 14:31:49 135896 2035.3533
2019:05:06 14:31:49 138376 1248.9259
2019:05:06 14:31:49 141217 1636.3673
2019:05:06 14:31:49 144124 1678.4668
2019:05:06 14:31:49 146554 2408.6125
2019:05:06 14:31:49 150253 2466.9506
2019:05:06 14:31:49 153106 2040.5054
2019:05:06 14:31:49 156380 2034.1203
2019:05:06 14:31:49 158442 2045.7320
2019:05:06 14:31:49 162115 2041.9136
2019:05:06 14:31:49 164587 1641.1841
2019:05:06 14:31:49 168262 2044.0780
2019:05:06 14:31:49 171544 1650.6352
2019:05:06 14:31:49 174003 1248.3709
2019:05:06 14:31:49 176882 1246.7988
2019:05:06 14:31:49 179748 1244.1762
2019:05:06 14:31:49 181821 865.2695
2019:05:06 14:31:49 185871 2048.4366
2019:05:06 14:31:49 187922 1225.4342
2019:05:06 14:31:49 191608 2042.4053
2019:05:06 14:31:49 194058 2043.5080
2019:05:06 14:31:49 196139 1245.1485
2019:05:06 14:31:49 198990 1657.0017
2019:05:06 14:31:49 201460 1660.0713
2019:05:06 14:31:49 204718 1647.0514
2019:05:06 14:31:49 207171 2046.8496
2019:05:06 14:31:49 210045 1634.9889
2019:05:06 14:31:49 211686 1616.7723
2019:05:06 14:31:49 214560 1232.1100
2019:05:06 14:31:49 217404 2045.0279
2019:05:06 14:31:49 220275 1628.1195
2019:05:06 14:31:49 222730 2032.3321
2019:05:06 14:31:49 225211 1642.5066
2019:05:06 14:31:49 228067 2056.4385
2019:05:06 14:31:49 230961 1685.0382
2019:05:06 14:31:49 233375 1604.5533
2019:05:06 14:31:49 237129 2094.5594
2019:05:06 14:31:49 239153 1259.2413
2019:05:06 14:31:49 243624 2443.5930
2019:05:06 14:31:49 246086 2034.2954
2019:05:06 14:31:49 248944 2013.0388
2019:05:06 14:31:49 251809 2437.5804
2019:05:06 14:31:49 255086 2439.0109
2019:05:06 14:31:49 258369 2849.3479
2019:05:06 14:31:49 261233 2055.7493
2019:05:06 14:31:49 264521 2458.1067
2019:05:06 14:31:49 266977 2050.6121
2019:05:06 14:31:49 269435 1628.0375
2019:05:06 14:31:49 272292 1617.2938
2019:05:06 14:31:49 275573 1642.2831
2019:05:06 14:31:49 278032 2050.1502
2019:05:06 14:31:49 281311 2045.8661
2019:05:06 14:31:49 283754 2013.1581
2019:05:06 14:31:49 286233 1652.1104
2019:05:06 14:31:49 289503 1647.2079
2019:05:06 14:31:49 292769 2849.6087
2019:05:06 14:31:49 295250 1641.3666
2019:05:06 14:31:49 298107 1648.2025
2019:05:06 14:31:49 302191 2457.6932
2019:05:06 14:31:49 304649 2435.3489
2019:05:06 14:31:49 308338 2853.9859
2019:05:06 14:31:49 310382 1999.7358
2019:05:06 14:31:49 314078 2470.0947
2019:05:06 14:31:49 316532 1646.9099
2019:05:06 14:31:49 319805 2467.6584
2019:05:06 14:31:49 322666 2048.4775
2019:05:06 14:31:49 325946 2799.1198
2019:05:06 14:31:49 327985 2021.6331
2019:05:06 14:31:49 332086 2837.1848
2019:05:06 14:31:49 333732 1607.8986
2019:05:06 14:31:49 337412 2035.7631
2019:05:06 14:31:49 339472 1997.3852
2019:05:06 14:31:49 342353 1232.0131
2019:05:06 14:31:49 345198 1638.4907
2019:05:06 14:31:49 348059 1628.1083
2019:05:06 14:31:49 350118 1627.7209
2019:05:06 14:31:49 353000 1240.6781
2019:05:06 14:31:49 355917 1714.3227
2019:05:06 14:31:49 359534 1627.9854
2019:05:06 14:31:49 362006 1651.5516
2019:05:06 14:31:49 365673 2048.6414
2019:05:06 14:31:49 369363 2868.1904
2019:05:06 14:31:49 371013 1626.1227
2019:05:06 14:31:49 375510 2862.4907
2019:05:06 14:31:49 377563 2020.7055
2019:05:06 14:31:49 381243 2457.7528
2019:05:06 14:31:49 383306 2024.9672
2019:05:06 14:31:49 386970 2442.8330
2019:05:06 14:31:49 389429 2030.7638
2019:05:06 14:31:49 392711 2052.7728
2019:05:06 14:31:49 395577 2050.5115
2019:05:06 14:31:49 398054 1640.4428
2019:05:06 14:31:49 400904 1240.2721
2019:05:06 14:31:49 403796 1253.7576
2019:05:06 14:31:49 407461 2445.3960
2019:05:06 14:31:49 410725 2040.6134
2019:05:06 14:31:49 412787 2042.6400
2019:05:06 14:31:49 416472 2047.0768
2019:05:06 14:31:49 419329 2441.4472
2019:05:06 14:31:49 422221 1655.8245
2019:05:06 14:31:49 425073 2049.2747
2019:05:06 14:31:49 427530 1231.8864
2019:05:06 14:31:49 430403 2051.0405
2019:05:06 14:31:49 432471 1250.5800
2019:05:06 14:31:49 434918 1648.7464
2019:05:06 14:31:49 437798 1668.3489
2019:05:06 14:31:49 441855 2841.2938
2019:05:06 14:31:49 444742 2814.1402
2019:05:06 14:31:49 447597 2452.1612
2019:05:06 14:31:49 450894 2485.2641
2019:05:06 14:31:49 454154 2469.8228
2019:05:06 14:31:49 456607 1644.9690
2019:05:06 14:31:49 459490 2072.8968
2019:05:06 14:31:49 462347 1647.7816
2019:05:06 14:31:49 465618 2861.5743
2019:05:06 14:31:49 468884 2046.2535
2019:05:06 14:31:49 472176 1645.0435
2019:05:06 14:31:49 474641 2070.5909
2019:05:06 14:31:49 478310 2047.1103
2019:05:06 14:31:49 480355 2014.0745
2019:05:06 14:31:49 483640 1648.7502
2019:05:06 14:31:49 486108 2057.6231
2019:05:06 14:31:49 489781 2038.0542
2019:05:06 14:31:49 492267 2080.6305
2019:05:06 14:31:49 495516 2457.3244
2019:05:06 14:31:49 498785 2843.9723
2019:05:06 14:31:49 501656 2441.6484
2019:05:06 14:31:49 503713 1628.2052
2019:05:06 14:31:49 506986 1631.5319
2019:05:06 14:31:49 509501 1698.6504
2019:05:06 14:31:49 513531 2457.0338
2019:05:06 14:31:49 515193 1639.0458
2019:05:06 14:31:49 519276 2468.1948
2019:05:06 14:31:49 521329 1625.7018
2019:05:06 14:31:49 524192 1630.8613
2019:05:06 14:31:49 527070 1641.4002
2019:05:06 14:31:49 530330 2453.8785
2019:05:06 14:31:49 533216 1656.9719
2019:05:06 14:31:49 536068 2453.5991
2019:05:06 14:31:49 539339 2433.7657
2019:05:06 14:31:49 542201 2440.5755
2019:05:06 14:31:49 544313 1283.2992
2019:05:06 14:31:49 547531 2039.1084
2019:05:06 14:31:49 550393 2442.1439
2019:05:06 14:31:49 553674 2458.2669
2019:05:06 14:31:49 555743 2049.7963
2019:05:06 14:31:49 559816 2867.1660
2019:05:06 14:31:49 561875 1648.0088
2019:05:06 14:31:49 565962 2866.6854
2019:05:06 14:31:49 568013 1634.4301
2019:05:06 14:31:49 571696 2457.3542
2019:05:06 14:31:49 573755 1635.6520
2019:05:06 14:31:49 577447 2070.3003
2019:05:06 14:31:49 579491 1242.7159
2019:05:06 14:31:49 582380 1671.3478
2019:05:06 14:31:49 585626 2053.4135
2019:05:06 14:31:49 588107 1660.5929
2019:05:06 14:31:49 591355 1644.1122
2019:05:06 14:31:49 594227 1640.7706
2019:05:06 14:31:49 596680 1643.6502
2019:05:06 14:31:49 599179 1271.4788
2019:05:06 14:31:49 602004 2449.0580
2019:05:06 14:31:49 605275 2447.7988
2019:05:06 14:31:49 607763 2053.7823
2019:05:06 14:31:49 610642 2061.7396
2019:05:06 14:31:49 613904 2005.5287
2019:05:06 14:31:49 616780 1264.4939
2019:05:06 14:31:49 620040 2060.7114
2019:05:06 14:31:49 623299 2033.6881
2019:05:06 14:31:49 625762 2047.9821
2019:05:06 14:31:49 628260 1270.6295
2019:05:06 14:31:49 631080 2046.1828
2019:05:06 14:31:49 633959 2046.4621
2019:05:06 14:31:49 637240 2457.9205
2019:05:06 14:31:49 639293 2042.1445
2019:05:06 14:31:49 642567 1647.3681
2019:05:06 14:31:49 645838 2040.7885
2019:05:06 14:31:49 648308 1652.9337
2019:05:06 14:31:49 651563 2041.2281
2019:05:06 14:31:49 654454 2054.9670
2019:05:06 14:31:49 657708 2042.6624
2019:05:06 14:31:49 660570 2455.2159
2019:05:06 14:31:49 663450 2038.6353
2019:05:06 14:31:49 665495 1640.5098
2019:05:06 14:31:49 669185 1651.3392
2019:05:06 14:31:49 671287 1285.3555
2019:05:06 14:31:49 674515 1635.4620
2019:05:06 14:31:49 677787 2865.6833
2019:05:06 14:31:49 681067 2456.7656
2019:05:06 14:31:49 683527 2039.2872
2019:05:06 14:31:49 686392 2051.0927
2019:05:06 14:31:49 689680 1667.5815
2019:05:06 14:31:49 692962 2058.2303
2019:05:06 14:31:49 695396 2035.9419
2019:05:06 14:31:49 698668 2050.5749
2019:05:06 14:31:49 701122 2015.0207
2019:05:06 14:31:49 703600 1253.8917
2019:05:06 14:31:49 706855 1627.9966
2019:05:06 14:31:49 709726 2037.7226
2019:05:06 14:31:49 713410 2435.1180
2019:05:06 14:31:49 716277 2453.3346
2019:05:06 14:31:49 719554 2857.5473
2019:05:06 14:31:49 721607 2000.2313
2019:05:06 14:31:49 724538 2095.4460
2019:05:06 14:31:49 727334 2029.1694
2019:05:06 14:31:49 731019 2429.1687
2019:05:06 14:31:49 732668 826.9884
2019:05:06 14:31:49 735942 1625.6645
2019:05:06 14:31:49 738803 2040.1701
2019:05:06 14:31:49 741686 1658.3055
2019:05:06 14:31:49 744547 2050.0124
2019:05:06 14:31:49 748222 2436.1908
2019:05:06 14:31:49 749879 1627.5495
2019:05:06 14:31:49 753554 1652.1662
2019:05:06 14:31:49 756031 1659.3151
2019:05:06 14:31:49 758893 1253.3143
2019:05:06 14:31:49 762161 1639.9808
2019:05:06 14:31:49 765438 1648.8098
2019:05:06 14:31:49 767893 1629.6804
2019:05:06 14:31:49 770362 1256.3579
2019:05:06 14:31:49 773223 1640.1820
2019:05:06 14:31:49 775662 2016.8982
2019:05:06 14:31:49 778545 2039.7305
2019:05:06 14:31:49 780588 1632.0460
2019:05:06 14:31:49 783459 1642.2197
2019:05:06 14:31:49 785499 1623.2058
2019:05:06 14:31:49 788392 1649.2680
2019:05:06 14:31:49 790836 1645.2633
2019:05:06 14:31:49 793712 1641.5529
2019:05:06 14:31:49 796576 1647.1483
2019:05:06 14:31:49 799447 1644.3506
2019:05:06 14:31:49 802289 1223.8286
2019:05:06 14:31:49 804747 1632.5414
2019:05:06 14:31:49 807619 1634.2886
2019:05:06 14:31:49 810086 1652.7027
2019:05:06 14:31:49 813369 1645.9674
2019:05:06 14:31:49 816648 1255.4787
2019:05:06 14:31:49 819913 2057.7908
2019:05:06 14:31:49 823179 2051.9644
2019:05:06 14:31:49 825231 2035.7184
2019:05:06 14:31:49 828509 1645.2111
2019:05:06 14:31:49 831365 2043.6943
2019:05:06 14:31:49 834651 2048.6303
2019:05:06 14:31:49 837097 2037.8157
2019:05:06 14:31:49 840371 2448.2049
2019:05:06 14:31:49 842828 1623.9621
2019:05:06 14:31:49 845722 1652.1811
2019:05:06 14:31:49 848579 1639.3214
2019:05:06 14:31:49 851040 1653.6079
2019:05:06 14:31:49 854306 2040.2297
2019:05:06 14:31:49 856760 2036.6870
2019:05:06 14:31:49 859228 1616.4221
2019:05:06 14:31:49 862491 1634.7505
2019:05:06 14:31:49 864960 1640.7371
2019:05:06 14:31:49 867833 1645.4533
2019:05:06 14:31:49 871098 2450.6748
2019:05:06 14:31:49 874366 2458.2669
2019:05:06 14:31:49 877240 2852.5963
2019:05:06 14:31:49 879713 2042.6698
2019:05:06 14:31:49 883385 2459.2429
2019:05:06 14:31:49 885428 1628.9242
2019:05:06 14:31:49 889117 2442.5685
2019:05:06 14:31:49 890764 1220.2002
2019:05:06 14:31:49 895260 2854.7905
2019:05:06 14:31:49 896508 1229.8077
2019:05:06 14:31:49 900590 2050.1912
2019:05:06 14:31:49 902659 1240.9091
2019:05:06 14:31:49 905515 1246.4598
2019:05:06 14:31:49 908789 1648.5006
2019:05:06 14:31:49 911642 2025.0678
2019:05:06 14:31:49 914140 1260.3663
2019:05:06 14:31:49 917386 2463.9517
2019:05:06 14:31:49 919863 1243.4907
2019:05:06 14:31:49 923121 2061.3335
2019:05:06 14:31:49 925978 1632.7091
2019:05:06 14:31:49 928865 2068.3631
2019:05:06 14:31:49 931728 1235.2951
2019:05:06 14:31:49 934617 1258.8762
2019:05:06 14:31:49 937528 902.2467
2019:05:06 14:31:49 940345 828.7355
2019:05:06 14:31:49 943591 2028.2865
2019:05:06 14:31:49 946486 1655.9847
2019:05:06 14:31:49 948948 1669.4181
2019:05:06 14:31:49 952219 1656.3386
2019:05:06 14:31:49 956284 2843.3129
2019:05:06 14:31:49 958762 2049.8335
2019:05:06 14:31:49 962033 2454.5230
2019:05:06 14:31:49 964904 2462.9161
2019:05:06 14:31:49 967767 2034.3587
2019:05:06 14:31:49 970230 2043.1094
2019:05:06 14:31:49 973108 1255.2366
2019:05:06 14:31:49 976357 1629.8592
2019:05:06 14:31:49 979234 2049.4163
2019:05:06 14:31:49 982103 1237.6495
2019:05:06 14:31:49 984963 2394.8997
2019:05:06 14:31:49 987830 1636.4530
2019:05:06 14:31:49 990709 2467.1592
2019:05:06 14:31:49 993576 1647.8449
2019:05:06 14:31:49 997249 2455.7747
2019:05:06 14:31:49 998905 1241.5349
2019:05:06 14:31:50 2572 2038.5049
2019:05:06 14:31:50 5037 1237.5899
2019:05:06 14:31:50 7912 1644.6151
2019:05:06 14:31:50 11174 1982.1003
2019:05:06 14:31:50 14451 2459.7645
2019:05:06 14:31:50 17724 2433.5384
2019:05:06 14:31:50 20610 2471.2309
2019:05:06 14:31:50 23072 1652.6990
2019:05:06 14:31:50 26329 1625.9477
2019:05:06 14:31:50 28797 1638.5429
2019:05:06 14:31:50 31670 1243.3417
2019:05:06 14:31:50 34931 2461.4781
2019:05:06 14:31:50 37818 1664.2325
2019:05:06 14:31:50 40666 2049.6026
2019:05:06 14:31:50 43553 1655.6829
2019:05:06 14:31:50 45997 1648.9886
2019:05:06 14:31:50 49675 2036.3964
2019:05:06 14:31:50 52129 2048.1497
2019:05:06 14:31:50 55422 2045.9965
2019:05:06 14:31:50 58297 2056.2746
2019:05:06 14:31:50 61548 2847.7497
2019:05:06 14:31:50 64820 2441.3913
2019:05:06 14:31:50 67704 2463.4637
2019:05:06 14:31:50 69757 1245.7706
2019:05:06 14:31:50 72626 1651.6410
2019:05:06 14:31:50 75896 2036.7615
2019:05:06 14:31:50 78761 1649.1599
2019:05:06 14:31:50 81634 2051.4317
2019:05:06 14:31:50 84517 1657.0836
2019:05:06 14:31:50 87774 2453.9568
2019:05:06 14:31:50 90636 1637.6823
2019:05:06 14:31:50 92692 1231.7859
2019:05:06 14:31:50 95957 1638.4721
2019:05:06 14:31:50 98834 2059.9067
2019:05:06 14:31:50 102107 1640.6737
2019:05:06 14:31:50 105384 2044.8305
2019:05:06 14:31:50 107433 1234.9002
2019:05:06 14:31:50 109890 1237.3030
2019:05:06 14:31:50 112762 2046.8645
2019:05:06 14:31:50 115224 1648.2100
2019:05:06 14:31:50 118114 2083.1749
2019:05:06 14:31:50 121364 2053.7414
2019:05:06 14:31:50 124638 1631.6362
2019:05:06 14:31:50 127923 1650.2142
2019:05:06 14:31:50 130773 2455.6704
2019:05:06 14:31:50 134051 2045.2552
2019:05:06 14:31:50 136105 2029.1694
2019:05:06 14:31:50 139788 2031.3151
2019:05:06 14:31:50 142243 1639.7685
2019:05:06 14:31:50 145939 2449.5311
2019:05:06 14:31:50 147997 1650.2291
2019:05:06 14:31:50 151280 2070.3226
2019:05:06 14:31:50 154534 2042.9306
2019:05:06 14:31:50 156991 2425.4471
2019:05:06 14:31:50 160270 2048.9171
2019:05:06 14:31:50 162327 1640.3608
2019:05:06 14:31:50 165604 1648.6123
2019:05:06 14:31:50 168859 2042.9976
2019:05:06 14:31:50 171328 2059.2846
2019:05:06 14:31:50 175024 2058.9046
2019:05:06 14:31:50 177496 1255.0019
2019:05:06 14:31:50 180344 1656.9532
2019:05:06 14:31:50 184030 1650.1695
2019:05:06 14:31:50 186495 2052.0017
2019:05:06 14:31:50 189751 2039.9019
2019:05:06 14:31:50 192220 1640.8935
2019:05:06 14:31:50 195886 2033.6248
2019:05:06 14:31:50 197961 2040.9673
2019:05:06 14:31:50 200817 1647.7704
2019:05:06 14:31:50 204914 2442.5611
2019:05:06 14:31:50 207775 2459.6341
2019:05:06 14:31:50 211049 2446.3534
2019:05:06 14:31:50 213511 2029.4599
2019:05:06 14:31:50 216778 2849.0834
2019:05:06 14:31:50 219255 2031.3226
2019:05:06 14:31:50 221714 1657.7691
2019:05:06 14:31:50 225381 2046.9986
2019:05:06 14:31:50 228334 2533.4172
2019:05:06 14:31:50 231555 2074.5508
2019:05:06 14:31:50 234409 2033.5354
2019:05:06 14:31:50 238083 2442.9522
2019:05:06 14:31:50 240152 1640.8935
2019:05:06 14:31:50 243815 2028.7707
2019:05:06 14:31:50 247092 2396.7735
2019:05:06 14:31:50 249144 1630.3509
2019:05:06 14:31:50 252835 2028.6329
2019:05:06 14:31:50 254903 1253.1281
2019:05:06 14:31:50 258565 1641.4486
2019:05:06 14:31:50 261027 1992.0096
2019:05:06 14:31:50 264306 2051.2529
2019:05:06 14:31:50 266359 2022.3670
2019:05:06 14:31:50 269206 1219.7010
2019:05:06 14:31:50 272087 1636.5796
2019:05:06 14:31:50 274970 1258.9730
2019:05:06 14:31:50 277025 2027.8916
2019:05:06 14:31:50 281085 2454.4932
2019:05:06 14:31:50 283960 2845.1197
2019:05:06 14:31:50 286816 2034.8132
2019:05:06 14:31:50 290110 2062.1493
2019:05:06 14:31:50 292552 1615.9415
2019:05:06 14:31:50 295428 2046.4994
2019:05:06 14:31:50 298307 1650.0950
2019:05:06 14:31:50 301182 2474.6507
2019:05:06 14:31:50 304443 2059.5342
2019:05:06 14:31:50 308132 2047.7809
2019:05:06 14:31:50 310579 1637.6078
2019:05:06 14:31:50 313467 2061.6055
2019:05:06 14:31:50 316425 1328.7216
2019:05:06 14:31:50 319191 1241.6206
2019:05:06 14:31:50 322456 1633.8266
2019:05:06 14:31:50 326155 2473.1718
2019:05:06 14:31:50 329010 2445.4258
2019:05:06 14:31:50 331890 2454.0536
2019:05:06 14:31:50 334859 2156.5445
2019:05:06 14:31:50 337610 2034.8951
2019:05:06 14:31:50 340494 1652.9970
2019:05:06 14:31:50 342949 1230.2697
2019:05:06 14:31:50 346212 1615.1294
2019:05:06 14:31:50 349087 2057.1724
2019:05:06 14:31:50 351978 1651.8310
2019:05:06 14:31:50 355234 1644.7268
2019:05:06 14:31:50 358514 1636.0246
2019:05:06 14:31:50 360985 2066.5452
2019:05:06 14:31:50 364247 2053.7786
2019:05:06 14:31:50 367101 2444.4051
2019:05:06 14:31:50 370376 2045.2626
2019:05:06 14:31:50 372441 1651.9874
2019:05:06 14:31:50 375340 1657.4934
2019:05:06 14:31:50 378174 1653.8501
2019:05:06 14:31:50 381844 2042.0104
2019:05:06 14:31:50 383910 2032.7643
2019:05:06 14:31:50 387192 2046.2237
2019:05:06 14:31:50 390040 2037.4507
2019:05:06 14:31:50 393320 2453.2117
2019:05:06 14:31:50 395794 2056.6061
2019:05:06 14:31:50 399053 2048.7309
2019:05:06 14:31:50 401528 1654.7032
2019:05:06 14:31:50 404388 2457.4772
2019:05:06 14:31:50 408066 2048.5334
2019:05:06 14:31:50 410929 2453.2415
2019:05:06 14:31:50 414198 2038.4081
2019:05:06 14:31:50 417491 2873.7895
2019:05:06 14:31:50 419533 1226.0526
2019:05:06 14:31:50 422814 1650.8289
2019:05:06 14:31:50 425289 1255.7954
2019:05:06 14:31:50 428575 1681.6147
2019:05:06 14:31:50 431828 1647.6400
2019:05:06 14:31:50 435103 1652.4233
2019:05:06 14:31:50 438379 1649.1190
2019:05:06 14:31:50 440832 1644.4102
2019:05:06 14:31:50 443716 1647.4240
2019:05:06 14:31:50 446579 2467.8148
2019:05:06 14:31:50 449846 2055.1123
2019:05:06 14:31:50 452703 2440.4451
2019:05:06 14:31:50 456387 2843.6072
2019:05:06 14:31:50 458859 2054.0319
2019:05:06 14:31:50 461325 1659.6913
2019:05:06 14:31:50 464995 2436.2020
2019:05:06 14:31:50 467057 2029.7244
2019:05:06 14:31:50 469512 1641.3033
2019:05:06 14:31:50 471971 1656.3796
2019:05:06 14:31:50 475237 2044.9460
2019:05:06 14:31:50 478213 2147.6410
2019:05:06 14:31:50 480564 1628.6783
2019:05:06 14:31:50 483841 2448.5476
2019:05:06 14:31:50 485897 1249.1904
2019:05:06 14:31:50 489167 2060.8082
2019:05:06 14:31:50 492033 2432.9349
2019:05:06 14:31:50 495309 2856.1167
2019:05:06 14:31:50 498167 2433.2777
2019:05:06 14:31:50 500226 1636.3561
2019:05:06 14:31:50 503899 2443.6489
2019:05:06 14:31:50 506769 2448.2645
2019:05:06 14:31:50 510043 2454.9216
2019:05:06 14:31:50 511286 814.9594
2019:05:06 14:31:50 515069 1730.0323
2019:05:06 14:31:50 517828 1623.8429
2019:05:06 14:31:50 520709 1644.0675
2019:05:06 14:31:50 523567 2043.5490
2019:05:06 14:31:50 526838 2042.5692
2019:05:06 14:31:50 529308 1656.3386
2019:05:06 14:31:50 531476 1754.3286
2019:05:06 14:31:50 533818 1657.9255
2019:05:06 14:31:50 537096 2047.7921
2019:05:06 14:31:50 539556 2059.9812
2019:05:06 14:31:50 542405 2023.2275
2019:05:06 14:31:50 544872 1650.9034
2019:05:06 14:31:50 547733 2048.5222
2019:05:06 14:31:50 550591 2446.0144
2019:05:06 14:31:50 553468 2056.1926
2019:05:06 14:31:50 555923 1947.8239
2019:05:06 14:31:50 558785 1638.7776
2019:05:06 14:31:50 561651 2442.7585
2019:05:06 14:31:50 564107 2045.6761
2019:05:06 14:31:50 566196 1258.4366
2019:05:06 14:31:50 568619 1618.2512
2019:05:06 14:31:50 571898 2039.3208
2019:05:06 14:31:50 575166 2864.4279
2019:05:06 14:31:50 578041 2444.0587
2019:05:06 14:31:50 580109 1555.0889
2019:05:06 14:31:50 583359 2029.5940
2019:05:06 14:31:50 586238 2048.4738
2019:05:06 14:31:50 588796 1342.7064
2019:05:06 14:31:50 591972 2039.1755
2019:05:06 14:31:50 595658 2053.1528
2019:05:06 14:31:50 598107 1643.2591
2019:05:06 14:31:50 601791 2443.0566
2019:05:06 14:31:50 603841 1631.0960
2019:05:06 14:31:50 607225 2133.2875
2019:05:06 14:31:50 609998 2056.6955
2019:05:06 14:31:50 612844 2042.3904
2019:05:06 14:31:50 616133 2443.6153
2019:05:06 14:31:50 618587 2036.4225
2019:05:06 14:31:50 622262 2849.6012
2019:05:06 14:31:50 624333 1652.4456
2019:05:06 14:31:50 627600 2049.2934
2019:05:06 14:31:50 630881 2062.3207
2019:05:06 14:31:50 633328 2428.8632
2019:05:06 14:31:50 637018 2464.6819
2019:05:06 14:31:50 639058 2007.9054
2019:05:06 14:31:50 642748 2462.8863
2019:05:06 14:31:50 644813 1650.4191
2019:05:06 14:31:50 648067 2030.5403
2019:05:06 14:31:50 650232 1755.8821
2019:05:06 14:31:50 653815 2045.1099
2019:05:06 14:31:50 656667 2421.5095
2019:05:06 14:31:50 659540 2034.8877
2019:05:06 14:31:50 662005 2040.6432
2019:05:06 14:31:50 665276 1640.5955
2019:05:06 14:31:50 667739 2047.5388
2019:05:06 14:31:50 671011 2044.5473
2019:05:06 14:31:50 673505 1670.2339
2019:05:06 14:31:50 676854 2050.6978
2019:05:06 14:31:50 680429 2459.0455
2019:05:06 14:31:50 683297 2041.7459
2019:05:06 14:31:50 686982 3276.3146
2019:05:06 14:31:50 689036 1941.3233
2019:05:06 14:31:50 693135 2873.4133
2019:05:06 14:31:50 695291 2118.7440
2019:05:06 14:31:50 698465 2047.7548
2019:05:06 14:31:50 701340 2065.4872
2019:05:06 14:31:50 704607 2060.4953
2019:05:06 14:31:50 707069 1640.9531
2019:05:06 14:31:50 710332 2037.9759
2019:05:06 14:31:50 713208 2054.4641
2019:05:06 14:31:50 716065 2054.4305
2019:05:06 14:31:50 719338 2438.6235
2019:05:06 14:31:50 722217 2461.3887
2019:05:06 14:31:50 725498 2447.4859
2019:05:06 14:31:50 727541 2014.5774
2019:05:06 14:31:50 731631 2444.3977
2019:05:06 14:31:50 733689 1647.3047
2019:05:06 14:31:50 736547 1610.8155
2019:05:06 14:31:50 739406 2030.1044
2019:05:06 14:31:50 741909 1270.2830
2019:05:06 14:31:50 745146 2054.8627
2019:05:06 14:31:50 748430 2051.2603
2019:05:06 14:31:50 751294 2456.9556
2019:05:06 14:31:50 754168 1653.4179
2019:05:06 14:31:50 756616 1639.9957
2019:05:06 14:31:50 759480 1624.5730
2019:05:06 14:31:50 762371 1257.5723
2019:05:06 14:31:50 764913 1336.4479
2019:05:06 14:31:50 768499 1648.2174
2019:05:06 14:31:50 770552 1653.4887
2019:05:06 14:31:50 774251 1654.3381
2019:05:06 14:31:50 777087 2034.4257
2019:05:06 14:31:50 779976 2048.6452
2019:05:06 14:31:50 782013 2012.2603
2019:05:06 14:31:50 786102 2462.5510
2019:05:06 14:31:50 788159 1633.2120
2019:05:06 14:31:50 791835 2440.5755
2019:05:06 14:31:50 794295 2034.3810
2019:05:06 14:31:50 797158 2041.2616
2019:05:06 14:31:50 800024 1633.3535
2019:05:06 14:31:50 802516 1673.1918
2019:05:06 14:31:50 805772 2037.4805
2019:05:06 14:31:50 808661 1661.7998
2019:05:06 14:31:50 811929 2069.7191
2019:05:06 14:31:50 815197 2053.5998
2019:05:06 14:31:50 817654 2443.3844
2019:05:06 14:31:50 821320 2438.3403
2019:05:06 14:31:50 823397 1653.0603
2019:05:06 14:31:50 826254 1646.1089
2019:05:06 14:31:50 829134 1256.8869
2019:05:06 14:31:50 831973 2031.2220
2019:05:06 14:31:50 834447 2061.7135
2019:05:06 14:31:50 838123 2441.3131
2019:05:06 14:31:50 840579 2048.8724
2019:05:06 14:31:50 843851 2444.9565
2019:05:06 14:31:50 846728 2843.1676
2019:05:06 14:31:50 849187 2033.2895
2019:05:06 14:31:50 852041 2034.4444
2019:05:06 14:31:50 855317 2046.6745
2019:05:06 14:31:50 857785 1638.2150
2019:05:06 14:31:50 860656 2062.2313
2019:05:06 14:31:50 863924 2050.2359
2019:05:06 14:31:50 865976 2026.7852
2019:05:06 14:31:50 869249 2052.3667
2019:05:06 14:31:50 872927 2840.8505
2019:05:06 14:31:50 874596 1256.9167
2019:05:06 14:31:50 878662 2043.1168
2019:05:06 14:31:50 880329 1240.5850
2019:05:06 14:31:50 883206 1257.0955
2019:05:06 14:31:50 886459 2042.3494
2019:05:06 14:31:50 889330 1639.4965
2019:05:06 14:31:50 892189 1229.1521
2019:05:06 14:31:50 894678 1259.7218
2019:05:06 14:31:50 897915 1631.0886
2019:05:06 14:31:50 901194 2460.5766
2019:05:06 14:31:50 903241 1229.3085
2019:05:06 14:31:50 906112 1648.4074
2019:05:06 14:31:50 908972 1633.3982
2019:05:06 14:31:50 911863 1657.1321
2019:05:06 14:31:50 914416 2150.5468
2019:05:06 14:31:50 917999 2053.2608
2019:05:06 14:31:50 920040 1641.2288
2019:05:06 14:31:50 923324 1638.8781
2019:05:06 14:31:50 926192 2062.4213
2019:05:06 14:31:50 929056 1630.7980
2019:05:06 14:31:50 932322 2046.9315
2019:05:06 14:31:50 934382 1640.0330
2019:05:06 14:31:50 937246 1228.6976
2019:05:06 14:31:50 940108 1645.0174
2019:05:06 14:31:50 942976 1237.2620
2019:05:06 14:31:50 945450 2450.0787
2019:05:06 14:31:50 948725 2071.2540
2019:05:06 14:31:50 951983 2051.9793
2019:05:06 14:31:50 954865 1650.6985
2019:05:06 14:31:50 957716 1637.8649
2019:05:06 14:31:50 961809 2448.1602
2019:05:06 14:31:50 963559 1325.5104
2019:05:06 14:31:50 966738 1631.9454
2019:05:06 14:31:50 969194 1538.7982
2019:05:06 14:31:50 972459 2458.1999
2019:05:06 14:31:50 975327 2044.2568
2019:05:06 14:31:50 977789 2039.7976
2019:05:06 14:31:50 981471 2449.3821
2019:05:06 14:31:50 983131 1626.5586
2019:05:06 14:31:50 987616 2861.5408
2019:05:06 14:31:50 989675 1635.6148
2019:05:06 14:31:50 993352 2457.7230
2019:05:06 14:31:50 995809 1640.3720
2019:05:06 14:31:50 998674 2344.4183
2019:05:06 14:31:51 1960 2457.9354
2019:05:06 14:31:51 4811 2048.1311
2019:05:06 14:31:51 7713 1664.7466
2019:05:06 14:31:51 10564 2471.9201
2019:05:06 14:31:51 13838 2455.2010
2019:05:06 14:31:51 16695 2050.2172
2019:05:06 14:31:51 19559 2431.4858
2019:05:06 14:31:51 22023 2044.6070
2019:05:06 14:31:51 24997 1746.6955
2019:05:06 14:31:51 27769 1649.8454
2019:05:06 14:31:51 31041 2057.9472
2019:05:06 14:31:51 34309 2447.0501
2019:05:06 14:31:51 36369 2040.9524
2019:05:06 14:31:51 39641 1648.1616
2019:05:06 14:31:51 42913 2050.7425
2019:05:06 14:31:51 45777 2038.6986
2019:05:06 14:31:51 49468 2873.2941
2019:05:06 14:31:51 52340 2058.2117
2019:05:06 14:31:51 54806 1651.1232
