
# OSU MPI Allreduce Latency Test v5.6.1
# Size       Avg Latency(us)
4096                 2181.98
2019:05:06 14:31:45 306732 2061.1957
2019:05:06 14:31:45 309173 2406.4220
2019:05:06 14:31:45 312045 2029.8697
2019:05:06 14:31:45 315728 2852.2871
2019:05:06 14:31:45 317778 1232.5831
2019:05:06 14:31:45 321053 2014.0521
2019:05:06 14:31:45 323191 1717.6419
2019:05:06 14:31:45 327199 2459.2876
2019:05:06 14:31:45 329657 2043.9066
2019:05:06 14:31:45 332112 2014.4023
2019:05:06 14:31:45 334590 1643.5422
2019:05:06 14:31:45 337468 1258.5185
2019:05:06 14:31:45 341531 2050.3849
2019:05:06 14:31:45 344412 1239.7282
2019:05:06 14:31:45 347680 2847.3586
2019:05:06 14:31:45 350542 2041.1946
2019:05:06 14:31:45 352997 2430.3943
2019:05:06 14:31:45 355963 1723.0473
2019:05:06 14:31:45 358342 1247.9760
2019:05:06 14:31:45 361612 1640.0665
2019:05:06 14:31:45 364058 1639.8169
2019:05:06 14:31:45 366931 1626.3127
2019:05:06 14:31:45 369802 2055.9430
2019:05:06 14:31:45 372337 1726.4076
2019:05:06 14:31:45 375131 1238.1226
2019:05:06 14:31:45 378394 2045.7432
2019:05:06 14:31:45 380877 1230.0350
2019:05:06 14:31:45 384132 1639.7201
2019:05:06 14:31:45 387405 2042.4612
2019:05:06 14:31:45 390289 2046.2535
2019:05:06 14:31:45 393553 2043.2658
2019:05:06 14:31:45 396421 2456.6501
2019:05:06 14:31:45 399299 2390.9956
2019:05:06 14:31:45 402175 2065.7144
2019:05:06 14:31:45 405841 2865.9888
2019:05:06 14:31:45 408312 2048.2838
2019:05:06 14:31:45 411165 2051.3795
2019:05:06 14:31:45 413300 1321.8820
2019:05:06 14:31:45 416511 1668.7773
2019:05:06 14:31:45 419768 2451.9078
2019:05:06 14:31:45 423049 2037.4954
2019:05:06 14:31:45 425497 1643.0132
2019:05:06 14:31:45 428770 2447.9926
2019:05:06 14:31:45 431647 2032.7009
2019:05:06 14:31:45 434914 2442.6840
2019:05:06 14:31:45 437381 2047.4531
2019:05:06 14:31:45 440662 2043.6756
2019:05:06 14:31:45 443114 2040.9748
2019:05:06 14:31:45 446801 2460.4350
2019:05:06 14:31:45 449260 2431.1692
2019:05:06 14:31:45 452932 2839.7068
2019:05:06 14:31:45 455817 2452.3102
2019:05:06 14:31:45 458678 2058.5209
2019:05:06 14:31:45 461551 1646.3026
2019:05:06 14:31:45 464409 2038.8961
2019:05:06 14:31:45 466472 1228.2319
2019:05:06 14:31:45 470143 2045.6389
2019:05:06 14:31:45 472201 1232.8140
2019:05:06 14:31:45 474672 1668.8406
2019:05:06 14:31:45 477930 2052.1022
2019:05:06 14:31:45 480805 2058.8040
2019:05:06 14:31:45 484089 2072.9899
2019:05:06 14:31:45 486527 2041.2058
2019:05:06 14:31:45 490213 2442.4046
2019:05:06 14:31:45 492267 1626.5251
2019:05:06 14:31:45 495538 2049.6547
2019:05:06 14:31:45 498413 1639.6604
2019:05:06 14:31:45 501270 2455.5996
2019:05:06 14:31:45 504560 2457.6895
2019:05:06 14:31:45 506609 2024.0918
2019:05:06 14:31:45 510278 2429.8318
2019:05:06 14:31:45 512752 1650.4079
2019:05:06 14:31:45 516427 2457.3393
2019:05:06 14:31:45 518487 1636.9708
2019:05:06 14:31:45 521745 2040.8742
2019:05:06 14:31:45 524211 2049.8186
2019:05:06 14:31:45 527075 2029.9330
2019:05:06 14:31:45 529932 2038.6837
2019:05:06 14:31:45 532828 1640.6849
2019:05:06 14:31:45 535692 2066.8842
2019:05:06 14:31:45 538553 2061.4862
2019:05:06 14:31:45 541420 2041.0195
2019:05:06 14:31:45 544284 2045.2142
2019:05:06 14:31:45 546731 1625.7502
2019:05:06 14:31:45 549621 1654.0140
2019:05:06 14:31:45 552497 1658.8345
2019:05:06 14:31:45 555365 1651.9576
2019:05:06 14:31:45 559014 2448.3576
2019:05:06 14:31:45 561083 1241.8218
2019:05:06 14:31:45 564350 1637.1682
2019:05:06 14:31:45 567220 1635.5105
2019:05:06 14:31:45 570501 1647.5990
2019:05:06 14:31:45 573043 2126.6825
2019:05:06 14:31:45 576646 2040.8258
2019:05:06 14:31:45 579497 1635.7452
2019:05:06 14:31:45 583186 2455.8678
2019:05:06 14:31:45 585651 2052.7318
2019:05:06 14:31:45 588527 1657.7691
2019:05:06 14:31:45 591788 2360.0012
2019:05:06 14:31:45 593839 1625.9588
2019:05:06 14:31:45 597111 2047.3897
2019:05:06 14:31:45 599167 1641.8733
2019:05:06 14:31:45 602441 1630.2094
2019:05:06 14:31:45 604901 1651.4435
2019:05:06 14:31:45 607763 2030.1230
2019:05:06 14:31:45 610219 2053.5439
2019:05:06 14:31:45 613492 2033.0809
2019:05:06 14:31:45 615168 1263.9798
2019:05:06 14:31:45 618828 1240.2721
2019:05:06 14:31:45 621697 2051.8377
2019:05:06 14:31:45 624559 1645.9227
2019:05:06 14:31:45 627425 2037.2272
2019:05:06 14:31:45 630291 1961.9502
2019:05:06 14:31:45 633159 1638.1592
2019:05:06 14:31:45 635608 1215.1748
2019:05:06 14:31:45 638509 841.7815
2019:05:06 14:31:45 641780 1659.8105
2019:05:06 14:31:45 645028 2048.1907
2019:05:06 14:31:45 648720 2445.2657
2019:05:06 14:31:45 651178 2371.8104
2019:05:06 14:31:45 654064 1647.9678
2019:05:06 14:31:45 656925 1976.7061
2019:05:06 14:31:45 659773 1626.6182
2019:05:06 14:31:45 662244 1244.7089
2019:05:06 14:31:45 665924 2054.2741
2019:05:06 14:31:45 667996 1260.9549
2019:05:06 14:31:45 671270 1657.5716
2019:05:06 14:31:45 675339 2430.1745
2019:05:06 14:31:45 676986 1619.3688
2019:05:06 14:31:45 680675 2043.4372
2019:05:06 14:31:45 683130 1644.8200
2019:05:06 14:31:45 686412 1644.5182
2019:05:06 14:31:45 689674 2045.6836
2019:05:06 14:31:45 692962 2048.1795
2019:05:06 14:31:45 695407 2029.2252
2019:05:06 14:31:45 699100 2866.1340
2019:05:06 14:31:45 701566 2431.7540
2019:05:06 14:31:45 705235 2451.1293
2019:05:06 14:31:45 707282 1629.5500
2019:05:06 14:31:45 711382 2859.7713
2019:05:06 14:31:45 713430 1622.3192
2019:05:06 14:31:45 715905 1637.9952
2019:05:06 14:31:45 719173 2045.1657
2019:05:06 14:31:45 722036 2051.7819
2019:05:06 14:31:45 724907 1647.0663
2019:05:06 14:31:45 727364 2447.6647
2019:05:06 14:31:45 729815 1227.1106
2019:05:06 14:31:45 733100 1640.8265
2019:05:06 14:31:45 735555 1639.7573
2019:05:06 14:31:45 738413 1628.8087
2019:05:06 14:31:45 741278 2043.8507
2019:05:06 14:31:45 743749 1641.5827
2019:05:06 14:31:45 747017 2436.3771
2019:05:06 14:31:45 750293 2046.0710
2019:05:06 14:31:45 752747 2045.4451
2019:05:06 14:31:45 756038 2446.4466
2019:05:06 14:31:45 758089 1627.3707
2019:05:06 14:31:45 761770 2047.2296
2019:05:06 14:31:45 764221 1630.2466
2019:05:06 14:31:45 767908 2432.7002
2019:05:06 14:31:45 769554 1232.8662
2019:05:06 14:31:45 773644 2426.3486
2019:05:06 14:31:45 775289 820.9459
2019:05:06 14:31:45 778969 2041.2803
2019:05:06 14:31:45 781435 1647.4128
2019:05:06 14:31:45 784722 1658.6296
2019:05:06 14:31:45 787993 2055.6562
2019:05:06 14:31:45 791659 2039.5517
2019:05:06 14:31:45 794217 2052.3742
2019:05:06 14:31:45 797421 2466.2763
2019:05:06 14:31:45 800274 2032.9691
2019:05:06 14:31:45 803543 2429.9435
2019:05:06 14:31:45 806407 2029.7654
2019:05:06 14:31:45 808871 1645.7476
2019:05:06 14:31:45 811751 1635.7116
2019:05:06 14:31:45 815422 2868.5965
2019:05:06 14:31:45 817476 1233.2760
2019:05:06 14:31:45 820367 1659.9074
2019:05:06 14:31:45 823213 1642.3874
2019:05:06 14:31:45 826097 1655.4110
2019:05:06 14:31:45 829759 1643.2293
2019:05:06 14:31:45 832245 2067.9943
2019:05:06 14:31:45 835500 1647.1073
2019:05:06 14:31:45 838387 2469.7445
2019:05:06 14:31:45 841640 2447.7392
2019:05:06 14:31:45 844914 2851.2962
2019:05:06 14:31:45 848180 2854.5372
2019:05:06 14:31:45 850242 1646.2877
2019:05:06 14:31:45 853123 1646.1648
2019:05:06 14:31:45 856388 2052.4375
2019:05:06 14:31:45 859257 2054.8888
2019:05:06 14:31:45 861798 1721.4604
2019:05:06 14:31:45 864576 2037.3948
2019:05:06 14:31:45 867847 2451.6210
2019:05:06 14:31:45 870306 1623.8242
2019:05:06 14:31:45 873593 2458.7251
2019:05:06 14:31:45 876046 1228.5635
2019:05:06 14:31:45 879340 1251.1276
2019:05:06 14:31:45 882593 2452.9807
2019:05:06 14:31:45 885480 1660.8797
2019:05:06 14:31:45 888341 2062.4250
2019:05:06 14:31:45 891208 1648.1839
2019:05:06 14:31:45 894069 2047.3897
2019:05:06 14:31:45 896950 1249.9839
2019:05:06 14:31:45 899825 2468.3475
2019:05:06 14:31:45 903081 2458.0434
2019:05:06 14:31:45 906354 2452.9807
2019:05:06 14:31:45 908815 2055.0750
2019:05:06 14:31:45 912102 2062.5480
2019:05:06 14:31:45 914534 2021.2121
2019:05:06 14:31:45 917425 1652.8815
2019:05:06 14:31:45 919462 1616.7238
2019:05:06 14:31:45 922330 1638.2337
2019:05:06 14:31:45 924779 2031.3077
2019:05:06 14:31:45 928463 2441.4062
2019:05:06 14:31:45 930109 1624.4315
2019:05:06 14:31:45 934200 2029.5270
2019:05:06 14:31:45 936257 1238.6665
2019:05:06 14:31:45 939135 835.7614
2019:05:06 14:31:45 942397 2050.5562
2019:05:06 14:31:45 945681 2042.5878
2019:05:06 14:31:45 948550 2041.0977
2019:05:06 14:31:45 951408 2455.9200
2019:05:06 14:31:45 954687 2446.8675
2019:05:06 14:31:45 957952 2840.0011
2019:05:06 14:31:45 960419 2035.9531
2019:05:06 14:31:45 963697 2450.7977
2019:05:06 14:31:45 966155 1963.9768
2019:05:06 14:31:45 969842 2857.4243
2019:05:06 14:31:45 972305 2018.9583
2019:05:06 14:31:45 975169 2458.5053
2019:05:06 14:31:45 978523 2523.3589
2019:05:06 14:31:45 980905 2041.5671
2019:05:06 14:31:45 984174 2033.0437
2019:05:06 14:31:45 986632 2044.1413
2019:05:06 14:31:45 990316 2452.7423
2019:05:06 14:31:45 992771 2050.4221
2019:05:06 14:31:45 995666 2046.7602
2019:05:06 14:31:45 998111 2041.8428
2019:05:06 14:31:46 2193 2448.1229
2019:05:06 14:31:46 4645 2032.6711
2019:05:06 14:31:46 8340 2465.4455
2019:05:06 14:31:46 13390 4242.2190
2019:05:06 14:31:46 16554 1667.7864
2019:05:06 14:31:46 21377 4038.9150
2019:05:06 14:31:46 24334 2036.7913
2019:05:06 14:31:46 29375 4250.0347
2019:05:06 14:31:46 32911 2044.9758
2019:05:06 14:31:46 38255 883.9332
2019:05:06 14:31:46 41103 2047.3562
2019:05:06 14:31:46 46844 1480.7247
2019:05:06 14:31:46 49290 2423.7111
2019:05:06 14:31:46 54619 1255.0391
2019:05:06 14:31:46 57085 1245.8935
2019:05:06 14:31:46 63217 1853.3655
2019:05:06 14:31:46 69362 5709.6705
2019:05:06 14:31:46 71435 2065.5692
2019:05:06 14:31:46 79199 1835.4468
2019:05:06 14:31:46 81661 2039.5182
2019:05:06 14:31:46 84526 2058.1856
2019:05:06 14:31:46 86981 2036.8807
2019:05:06 14:31:46 89435 1640.0181
2019:05:06 14:31:46 91903 1634.8027
2019:05:06 14:31:46 101392 8683.9087
2019:05:06 14:31:46 105004 2035.2416
2019:05:06 14:31:46 107955 1891.6279
2019:05:06 14:31:46 111582 2473.8126
2019:05:06 14:31:46 114445 2726.3165
2019:05:06 14:31:46 117727 2060.4134
2019:05:06 14:31:46 120195 2059.1207
2019:05:06 14:31:46 124265 2451.1181
2019:05:06 14:31:46 127650 2868.8759
2019:05:06 14:31:46 133373 4941.1505
2019:05:06 14:31:46 136950 2039.6262
2019:05:06 14:31:46 139010 1656.7484
2019:05:06 14:31:46 142278 2045.0130
2019:05:06 14:31:46 145146 2054.4007
2019:05:06 14:31:46 147610 2037.2793
2019:05:06 14:31:46 150875 2045.9704
2019:05:06 14:31:46 152540 1242.6414
2019:05:06 14:31:46 157018 2049.1704
2019:05:06 14:31:46 159470 1623.6268
2019:05:06 14:31:46 162755 1968.6855
2019:05:06 14:31:46 165611 2047.0694
2019:05:06 14:31:46 168482 2045.4302
2019:05:06 14:31:46 171364 2043.5192
2019:05:06 14:31:46 175035 3271.7884
2019:05:06 14:31:46 177489 1640.6290
2019:05:06 14:31:46 181260 2540.6145
2019:05:06 14:31:46 183240 1242.9357
2019:05:06 14:31:46 186911 2047.3078
2019:05:06 14:31:46 189369 1637.5594
2019:05:06 14:31:46 192245 2054.5907
2019:05:06 14:31:46 195533 2465.6840
2019:05:06 14:31:46 198789 2037.9908
2019:05:06 14:31:46 202070 2375.4723
2019:05:06 14:31:46 205361 2056.4049
2019:05:06 14:31:46 207815 2047.2705
2019:05:06 14:31:46 211492 2451.7179
2019:05:06 14:31:46 213948 2045.2850
2019:05:06 14:31:46 217231 2846.3304
2019:05:06 14:31:46 220089 2021.8454
2019:05:06 14:31:46 222551 1633.9757
2019:05:06 14:31:46 225439 1249.5220
2019:05:06 14:31:46 228296 2054.0878
2019:05:06 14:31:46 231169 1240.9352
2019:05:06 14:31:46 234022 1647.3532
2019:05:06 14:31:46 236508 1254.1935
2019:05:06 14:31:46 239747 1645.0323
2019:05:06 14:31:46 243435 2439.9646
2019:05:06 14:31:46 245916 2049.3083
2019:05:06 14:31:46 249982 2436.5298
2019:05:06 14:31:46 252440 2042.4314
2019:05:06 14:31:46 256133 2459.3398
2019:05:06 14:31:46 259044 2470.7615
2019:05:06 14:31:46 261946 2536.4682
2019:05:06 14:31:46 265563 2425.8532
2019:05:06 14:31:46 268826 2778.2656
2019:05:06 14:31:46 271370 2116.7062
2019:05:06 14:31:46 274663 2144.4485
2019:05:06 14:31:46 277448 2776.4738
2019:05:06 14:31:46 280733 1963.7793
2019:05:06 14:31:46 283997 2468.5226
2019:05:06 14:31:46 286917 2111.4685
2019:05:06 14:31:46 291012 2108.2759
2019:05:06 14:31:46 293823 2059.6273
2019:05:06 14:31:46 297505 2448.4321
2019:05:06 14:31:46 300836 2903.4875
2019:05:06 14:31:46 303762 2566.9783
2019:05:06 14:31:46 307768 2012.2938
2019:05:06 14:31:46 310214 2436.5075
2019:05:06 14:31:46 313554 1694.8059
2019:05:06 14:31:46 316756 1988.8282
2019:05:06 14:31:46 320474 1937.6576
2019:05:06 14:31:46 323406 2142.9397
2019:05:06 14:31:46 327025 1669.5894
2019:05:06 14:31:46 329856 2345.8414
2019:05:06 14:31:46 333223 1700.0437
2019:05:06 14:31:46 335642 2411.3208
2019:05:06 14:31:46 338880 2043.2509
2019:05:06 14:31:46 342202 2466.9357
2019:05:06 14:31:46 345435 2460.6735
2019:05:06 14:31:46 348773 2114.7802
2019:05:06 14:31:46 351567 2308.4804
2019:05:06 14:31:46 355267 2045.6351
2019:05:06 14:31:46 358122 2445.3364
2019:05:06 14:31:46 360997 1962.4941
2019:05:06 14:31:46 364666 2855.2413
2019:05:06 14:31:46 366730 1637.9021
2019:05:06 14:31:46 370008 1647.8412
2019:05:06 14:31:46 372906 2088.2040
2019:05:06 14:31:46 376151 2031.6355
2019:05:06 14:31:46 379523 2148.5165
2019:05:06 14:31:46 382302 2048.0081
2019:05:06 14:31:46 386058 2440.0651
2019:05:06 14:31:46 389257 2001.6395
2019:05:06 14:31:46 392178 2461.7650
2019:05:06 14:31:46 395817 2424.4972
2019:05:06 14:31:46 398729 2114.0128
2019:05:06 14:31:46 409467 9527.7019
2019:05:06 14:31:46 412202 2723.8913
2019:05:06 14:31:46 415499 1629.5798
2019:05:06 14:31:46 418753 2064.5335
2019:05:06 14:31:46 422033 2062.9019
2019:05:06 14:31:46 425300 2054.3076
2019:05:06 14:31:46 428178 2346.0165
2019:05:06 14:31:46 431933 2537.9099
2019:05:06 14:31:46 434366 2424.2476
2019:05:06 14:31:46 438396 1626.3276
2019:05:06 14:31:46 441265 2443.6451
2019:05:06 14:31:46 444137 2446.6366
2019:05:06 14:31:46 447015 2059.7242
2019:05:06 14:31:46 450284 2053.1155
2019:05:06 14:31:46 453158 2051.7148
2019:05:06 14:31:46 455596 1635.7638
2019:05:06 14:31:46 458975 1695.9496
2019:05:06 14:31:46 461746 2043.6496
2019:05:06 14:31:46 465119 2127.3419
2019:05:06 14:31:46 467550 2100.0430
2019:05:06 14:31:46 471169 2414.5283
2019:05:06 14:31:46 473651 2027.6904
2019:05:06 14:31:46 477322 2420.8240
2019:05:06 14:31:46 479769 1961.5516
2019:05:06 14:31:46 483137 2133.0230
2019:05:06 14:31:46 485605 1735.1322
2019:05:06 14:31:46 488798 1654.9751
2019:05:06 14:31:46 491721 1698.6839
2019:05:06 14:31:46 496154 2025.4441
2019:05:06 14:31:46 499054 2411.3022
2019:05:06 14:31:46 502297 2031.0096
2019:05:06 14:31:46 504836 1698.6094
2019:05:06 14:31:46 508462 2071.1236
2019:05:06 14:31:46 511302 2051.9942
2019:05:06 14:31:46 514192 1247.6183
2019:05:06 14:31:46 517050 1658.7786
2019:05:06 14:31:46 520316 1239.7580
2019:05:06 14:31:46 523992 2010.2412
2019:05:06 14:31:46 526112 1697.2050
2019:05:06 14:31:46 529315 1210.2649
2019:05:06 14:31:46 533852 2469.4242
2019:05:06 14:31:46 536321 1665.3612
2019:05:06 14:31:46 539973 2438.2733
2019:05:06 14:31:46 542459 2023.3467
2019:05:06 14:31:46 545817 2159.7221
2019:05:06 14:31:46 548574 1992.6429
2019:05:06 14:31:46 551866 2054.3262
2019:05:06 14:31:46 554767 1678.0607
2019:05:06 14:31:46 557994 2442.6542
2019:05:06 14:31:46 561274 1582.6859
2019:05:06 14:31:46 564156 1658.8606
2019:05:06 14:31:46 567455 2085.6336
2019:05:06 14:31:46 570712 1568.2541
2019:05:06 14:31:46 573968 1585.1818
2019:05:06 14:31:46 576840 2029.6499
2019:05:06 14:31:46 579736 1568.0529
2019:05:06 14:31:46 582589 1992.4194
2019:05:06 14:31:46 586267 2459.4069
2019:05:06 14:31:46 589129 1988.8021
2019:05:06 14:31:46 591998 1952.7264
2019:05:06 14:31:46 601380 8160.7215
2019:05:06 14:31:46 604698 1987.6808
2019:05:06 14:31:46 607550 2424.5121
2019:05:06 14:31:46 611298 2103.0307
2019:05:06 14:31:46 613694 1628.5554
2019:05:06 14:31:46 617566 2183.8918
2019:05:06 14:31:46 619430 1231.5214
2019:05:06 14:31:46 623697 2177.9202
2019:05:06 14:31:46 625983 2026.5505
2019:05:06 14:31:46 629272 1639.9175
2019:05:06 14:31:46 632143 1584.4144
2019:05:06 14:31:46 635411 1961.5032
2019:05:06 14:31:46 637880 1648.8098
2019:05:06 14:31:46 641973 2872.0275
2019:05:06 14:31:46 645234 2455.7896
2019:05:06 14:31:46 648109 2833.5005
2019:05:06 14:31:46 650573 2428.7850
2019:05:06 14:31:46 654261 2799.4178
2019:05:06 14:31:46 656697 2416.8678
2019:05:06 14:31:46 660068 1701.2879
2019:05:06 14:31:46 663268 2880.1747
2019:05:06 14:31:46 666530 1865.4540
2019:05:06 14:31:46 669846 1673.2067
2019:05:06 14:31:46 672290 1657.7877
2019:05:06 14:31:46 676365 2434.7641
2019:05:06 14:31:46 679231 2048.4366
2019:05:06 14:31:46 682111 2041.9843
2019:05:06 14:31:46 684556 1575.8425
2019:05:06 14:31:46 692342 2400.5026
2019:05:06 14:31:46 695203 2852.6075
2019:05:06 14:31:46 698068 2054.2629
2019:05:06 14:31:46 699705 1226.2501
2019:05:06 14:31:46 709385 8838.8287
2019:05:06 14:31:46 712826 2450.2389
2019:05:06 14:31:46 716532 3236.3869
2019:05:06 14:31:46 719784 2765.8828
2019:05:06 14:31:46 723079 2424.3817
2019:05:06 14:31:46 725918 2040.3974
2019:05:06 14:31:46 729223 2074.3310
2019:05:06 14:31:46 731675 1643.7806
2019:05:06 14:31:46 735029 1699.7494
2019:05:06 14:31:46 737462 1702.5918
2019:05:06 14:31:46 741896 1953.9595
2019:05:06 14:31:46 744355 1640.3645
2019:05:06 14:31:46 747251 1243.2002
2019:05:06 14:31:46 750500 2044.9609
2019:05:06 14:31:46 753378 2067.3685
2019:05:06 14:31:46 756656 2051.9495
2019:05:06 14:31:46 760404 2525.5233
2019:05:06 14:31:46 762803 2067.4281
2019:05:06 14:31:46 766883 2032.3247
2019:05:06 14:31:46 769341 2435.0435
2019:05:06 14:31:46 772642 1671.7389
2019:05:06 14:31:46 775588 2507.3998
2019:05:06 14:31:46 779232 2430.1670
2019:05:06 14:31:46 782143 2901.6286
2019:05:06 14:31:46 785759 2414.5618
2019:05:06 14:31:46 791463 2091.6685
2019:05:06 14:31:46 794333 2851.7842
2019:05:06 14:31:46 797730 2170.7155
2019:05:06 14:31:46 801289 2792.3323
2019:05:06 14:31:46 803349 1626.7449
2019:05:06 14:31:46 807027 1642.6817
2019:05:06 14:31:46 809184 1343.7681
2019:05:06 14:31:46 812775 1583.4682
2019:05:06 14:31:46 815624 1637.3359
2019:05:06 14:31:46 818946 1684.1255
2019:05:06 14:31:46 821780 1623.6752
2019:05:06 14:31:46 825085 1661.8930
2019:05:06 14:31:46 828484 2184.6667
2019:05:06 14:31:46 831624 2886.9696
2019:05:06 14:31:46 834472 2047.9150
2019:05:06 14:31:46 837743 1646.2952
2019:05:06 14:31:46 840208 2054.3858
2019:05:06 14:31:46 843499 1667.0302
2019:05:06 14:31:46 846360 1653.7569
2019:05:06 14:31:46 849640 2065.5356
2019:05:06 14:31:46 852494 2042.8263
2019:05:06 14:31:46 855354 2042.9641
2019:05:06 14:31:46 858240 2046.3429
2019:05:06 14:31:46 861093 2056.4608
2019:05:06 14:31:46 864367 2050.5376
2019:05:06 14:31:46 866837 1249.8945
2019:05:06 14:31:46 870099 1644.6523
2019:05:06 14:31:46 872971 1649.0147
2019:05:06 14:31:46 875840 1651.7900
2019:05:06 14:31:46 878701 2448.0373
2019:05:06 14:31:46 881967 2836.1976
2019:05:06 14:31:46 884027 1643.3112
2019:05:06 14:31:46 887312 2043.5490
2019:05:06 14:31:46 890603 2049.2263
2019:05:06 14:31:46 893846 1637.0714
2019:05:06 14:31:46 896319 2056.8259
2019:05:06 14:31:46 899606 2070.5611
2019:05:06 14:31:46 902449 2049.6659
2019:05:06 14:31:46 905326 2048.8873
2019:05:06 14:31:46 909005 3252.5845
2019:05:06 14:31:46 911073 1654.5951
2019:05:06 14:31:46 914412 1714.6096
2019:05:06 14:31:46 916795 2054.7435
2019:05:06 14:31:46 920097 1651.8459
2019:05:06 14:31:46 923748 2036.6721
2019:05:06 14:31:46 926230 1576.8483
2019:05:06 14:31:46 929903 2048.5856
2019:05:06 14:31:46 932374 1254.1637
2019:05:06 14:31:46 935229 2056.5689
2019:05:06 14:31:46 938113 2060.9945
2019:05:06 14:31:46 941371 2054.5833
2019:05:06 14:31:46 944641 2047.0507
2019:05:06 14:31:46 947106 1651.5218
2019:05:06 14:31:46 949984 1252.2601
2019:05:06 14:31:46 952847 2057.8094
2019:05:06 14:31:46 956123 2054.4045
2019:05:06 14:31:46 959404 2065.7331
2019:05:06 14:31:46 963071 2449.4566
2019:05:06 14:31:46 965934 2425.1975
2019:05:06 14:31:46 968395 2027.3216
2019:05:06 14:31:46 970862 1617.2938
2019:05:06 14:31:46 973733 1232.3037
2019:05:06 14:31:46 976994 2041.1834
2019:05:06 14:31:46 979873 2054.5349
2019:05:06 14:31:46 983150 2865.5156
2019:05:06 14:31:46 986005 2433.4528
2019:05:06 14:31:46 988472 2050.9809
2019:05:06 14:31:46 991338 1632.0869
2019:05:06 14:31:46 994207 2461.4222
2019:05:06 14:31:46 997483 2044.1748
2019:05:06 14:31:46 999942 1650.8028
2019:05:06 14:31:47 3628 2453.3980
2019:05:06 14:31:47 6900 2378.1881
2019:05:06 14:31:47 8951 1650.5718
2019:05:06 14:31:47 13041 2456.0019
2019:05:06 14:31:47 15919 2035.4912
2019:05:06 14:31:47 19586 2777.5131
2019:05:06 14:31:47 21650 1639.9585
2019:05:06 14:31:47 24929 1979.7124
2019:05:06 14:31:47 27367 1227.4645
2019:05:06 14:31:47 31058 2037.0036
2019:05:06 14:31:47 33113 1633.7372
2019:05:06 14:31:47 36385 1633.6851
2019:05:06 14:31:47 38843 1625.8806
2019:05:06 14:31:47 40902 1646.8652
2019:05:06 14:31:47 44171 2034.7722
2019:05:06 14:31:47 46624 1639.3550
2019:05:06 14:31:47 49506 2059.1207
2019:05:06 14:31:47 51967 1249.3618
2019:05:06 14:31:47 54828 1655.7127
2019:05:06 14:31:47 58511 2465.4120
2019:05:06 14:31:47 61387 2065.4015
2019:05:06 14:31:47 64237 2040.4235
2019:05:06 14:31:47 67102 1627.5384
2019:05:06 14:31:47 69560 2050.8431
2019:05:06 14:31:47 72839 1638.4982
2019:05:06 14:31:47 75315 2046.8459
2019:05:06 14:31:47 78256 1324.4748
2019:05:06 14:31:47 81473 1670.3680
2019:05:06 14:31:47 84715 2044.6144
2019:05:06 14:31:47 87993 2429.8020
2019:05:06 14:31:47 90851 2037.7375
2019:05:06 14:31:47 93335 1245.5769
2019:05:06 14:31:47 96203 2059.2250
2019:05:06 14:31:47 99466 1232.1919
2019:05:06 14:31:47 102334 2056.3714
2019:05:06 14:31:47 105202 2043.9178
2019:05:06 14:31:47 108074 2437.9604
2019:05:06 14:31:47 111347 2047.5835
2019:05:06 14:31:47 129367 17608.9853
2019:05:06 14:31:47 132646 2051.3274
2019:05:06 14:31:47 135104 1630.8911
2019:05:06 14:31:47 137162 1635.6483
2019:05:06 14:31:47 140023 1643.0616
2019:05:06 14:31:47 143698 2456.1547
2019:05:06 14:31:47 146579 2043.9960
2019:05:06 14:31:47 149051 1262.0017
2019:05:06 14:31:47 152294 2452.7311
2019:05:06 14:31:47 155166 2054.3076
2019:05:06 14:31:47 158434 2848.9344
2019:05:06 14:31:47 160913 1655.9139
2019:05:06 14:31:47 163367 1647.5283
2019:05:06 14:31:47 166639 2051.7930
2019:05:06 14:31:47 168709 1670.8262
2019:05:06 14:31:47 172388 1981.0088
2019:05:06 14:31:47 175238 2049.0177
2019:05:06 14:31:47 178518 2052.1656
2019:05:06 14:31:47 180966 2039.2276
2019:05:06 14:31:47 184246 2053.5253
2019:05:06 14:31:47 186321 1662.5375
2019:05:06 14:31:47 190391 2054.8590
2019:05:06 14:31:47 192455 2040.1999
2019:05:06 14:31:47 195293 1221.9176
2019:05:06 14:31:47 199000 2041.9285
2019:05:06 14:31:47 201455 1636.9000
2019:05:06 14:31:47 204720 1634.0576
2019:05:06 14:31:47 207194 1649.6442
2019:05:06 14:31:47 210462 1643.7843
2019:05:06 14:31:47 213327 2444.8894
2019:05:06 14:31:47 216617 2067.3461
2019:05:06 14:31:47 219879 2453.7630
2019:05:06 14:31:47 221947 1646.9248
2019:05:06 14:31:47 225225 1654.4983
2019:05:06 14:31:47 228079 2056.3193
2019:05:06 14:31:47 231754 2035.2937
2019:05:06 14:31:47 234633 1649.6591
2019:05:06 14:31:47 237500 2452.0047
2019:05:06 14:31:47 240373 2056.4571
2019:05:06 14:31:47 243631 2444.8372
2019:05:06 14:31:47 246914 2456.2180
2019:05:06 14:31:47 249384 2051.8564
2019:05:06 14:31:47 252644 1643.1846
2019:05:06 14:31:47 255512 2038.0169
2019:05:06 14:31:47 258403 1651.1865
2019:05:06 14:31:47 261256 2061.6315
2019:05:06 14:31:47 264541 2469.1001
2019:05:06 14:31:47 266575 2010.6658
2019:05:06 14:31:47 269861 2031.3412
2019:05:06 14:31:47 272318 1639.7610
2019:05:06 14:31:47 276007 2062.0041
2019:05:06 14:31:47 278888 2058.8897
2019:05:06 14:31:47 282138 2870.9769
2019:05:06 14:31:47 285405 2429.0197
2019:05:06 14:31:47 288286 2862.5168
2019:05:06 14:31:47 291167 2070.8293
2019:05:06 14:31:47 294837 2053.7116
2019:05:06 14:31:47 297297 2049.0512
2019:05:06 14:31:47 300591 1243.8558
2019:05:06 14:31:47 303465 2068.3706
2019:05:06 14:31:47 317397 12732.6511
2019:05:06 14:31:47 321878 2457.1903
2019:05:06 14:31:47 324751 2783.2389
2019:05:06 14:31:47 327630 2058.1037
2019:05:06 14:31:47 330896 2060.2681
2019:05:06 14:31:47 334564 2438.8470
2019:05:06 14:31:47 337846 2039.1978
2019:05:06 14:31:47 340333 1669.6416
2019:05:06 14:31:47 343995 1630.7607
2019:05:06 14:31:47 347287 2059.3740
2019:05:06 14:31:47 350565 2457.7715
2019:05:06 14:31:47 353438 2059.8471
2019:05:06 14:31:47 356691 2451.8594
2019:05:06 14:31:47 359970 2463.9703
2019:05:06 14:31:47 363251 2451.7141
2019:05:06 14:31:47 366538 2473.6971
2019:05:06 14:31:47 369803 2058.2676
2019:05:06 14:31:47 373078 2030.3652
2019:05:06 14:31:47 376772 3217.0191
2019:05:06 14:31:47 380034 2451.9935
2019:05:06 14:31:47 383752 2888.4932
2019:05:06 14:31:47 387003 2455.6629
2019:05:06 14:31:47 389894 2089.4781
2019:05:06 14:31:47 394375 2461.9326
2019:05:06 14:31:47 397662 2440.0502
2019:05:06 14:31:47 400916 2842.2289
2019:05:06 14:31:47 403796 2416.1264
2019:05:06 14:31:47 407068 2442.0954
2019:05:06 14:31:47 410358 2466.8388
2019:05:06 14:31:47 412408 2041.7720
2019:05:06 14:31:47 416165 1732.8486
2019:05:06 14:31:47 419368 2045.8549
2019:05:06 14:31:47 422260 1667.2574
2019:05:06 14:31:47 425920 2473.0898
2019:05:06 14:31:47 429599 2436.0120
2019:05:06 14:31:47 433290 3270.0747
2019:05:06 14:31:47 436158 2035.8078
2019:05:06 14:31:47 439049 1666.3931
2019:05:06 14:31:47 443605 2537.2356
2019:05:06 14:31:47 446390 2434.6076
2019:05:06 14:31:47 450099 2883.7100
2019:05:06 14:31:47 453371 2471.3464
2019:05:06 14:31:47 456232 1650.0764
2019:05:06 14:31:47 459105 1988.7723
2019:05:06 14:31:47 461959 2040.5278
2019:05:06 14:31:47 464822 1645.8593
2019:05:06 14:31:47 468526 2041.9918
2019:05:06 14:31:47 471383 2849.6347
2019:05:06 14:31:47 474272 1667.5629
2019:05:06 14:31:47 477132 2073.6381
2019:05:06 14:31:47 480810 2465.5126
2019:05:06 14:31:47 483647 1639.7312
2019:05:06 14:31:47 486923 1630.0082
2019:05:06 14:31:47 490199 2463.5345
2019:05:06 14:31:47 493519 2500.2360
2019:05:06 14:31:47 495124 1597.4529
2019:05:06 14:31:47 498400 1654.0475
2019:05:06 14:31:47 501277 2477.7688
2019:05:06 14:31:47 503739 1659.9558
2019:05:06 14:31:47 507428 2040.1962
2019:05:06 14:31:47 510288 2458.0881
2019:05:06 14:31:47 513577 2454.9477
2019:05:06 14:31:47 516428 2055.8834
2019:05:06 14:31:47 519712 2029.9032
2019:05:06 14:31:47 523404 2469.9643
2019:05:06 14:31:47 526276 2465.9149
2019:05:06 14:31:47 529556 2455.6667
2019:05:06 14:31:47 532815 2431.0276
2019:05:06 14:31:47 536114 2065.4127
2019:05:06 14:31:47 539028 2122.1042
2019:05:06 14:31:47 542672 1660.6450
2019:05:06 14:31:47 546330 2446.0629
2019:05:06 14:31:47 549197 2052.9181
2019:05:06 14:31:47 552893 2448.8382
2019:05:06 14:31:47 556173 2295.8964
2019:05:06 14:31:47 560281 2847.9472
2019:05:06 14:31:47 563120 2832.2190
2019:05:06 14:31:47 566407 2057.8280
2019:05:06 14:31:47 569679 2464.6446
2019:05:06 14:31:47 572962 2052.4412
2019:05:06 14:31:47 575847 1996.7891
2019:05:06 14:31:47 579916 1638.4125
2019:05:06 14:31:47 584005 2578.8881
2019:05:06 14:31:47 586456 2023.6522
2019:05:06 14:31:47 590189 2493.6162
2019:05:06 14:31:47 593024 2046.4920
2019:05:06 14:31:47 596705 2440.0577
2019:05:06 14:31:47 599170 2050.2508
2019:05:06 14:31:47 602465 1984.3988
2019:05:06 14:31:47 605309 2046.4249
2019:05:06 14:31:47 608995 2455.9721
2019:05:06 14:31:47 612299 2063.4048
2019:05:06 14:31:47 615549 2848.4911
2019:05:06 14:31:47 618837 1977.5145
2019:05:06 14:31:47 622139 2911.9514
2019:05:06 14:31:47 625807 1654.0661
2019:05:06 14:31:47 628653 2054.4305
2019:05:06 14:31:47 632760 2463.2178
2019:05:06 14:31:47 635615 2457.1046
2019:05:06 14:31:47 639303 2467.1629
2019:05:06 14:31:47 641759 2030.4099
2019:05:06 14:31:47 645462 2472.1399
2019:05:06 14:31:47 649133 2849.3069
2019:05:06 14:31:47 652420 2048.5148
2019:05:06 14:31:47 655276 2039.1867
2019:05:06 14:31:47 658558 1639.3922
2019:05:06 14:31:47 661897 2084.7470
2019:05:06 14:31:47 665113 2876.9858
2019:05:06 14:31:47 668054 2109.7213
2019:05:06 14:31:47 671655 2865.2474
2019:05:06 14:31:47 674549 2071.5594
2019:05:06 14:31:47 678221 2871.0701
2019:05:06 14:31:47 681962 2518.0280
2019:05:06 14:31:47 684769 2446.4391
2019:05:06 14:31:47 687641 1929.6519
2019:05:06 14:31:47 691723 2436.0456
2019:05:06 14:31:47 695006 2841.0107
2019:05:06 14:31:47 697573 2141.9302
2019:05:06 14:31:47 701593 2498.9061
2019:05:06 14:31:47 704430 2829.5591
2019:05:06 14:31:47 707718 2066.1950
2019:05:06 14:31:47 710599 2072.6882
2019:05:06 14:31:47 714262 2456.1100
2019:05:06 14:31:47 717969 2873.1376
2019:05:06 14:31:47 721227 2874.0428
2019:05:06 14:31:47 724503 2448.7749
2019:05:06 14:31:47 727775 2059.0760
2019:05:06 14:31:47 731453 2027.2173
2019:05:06 14:31:47 734739 2045.5867
2019:05:06 14:31:47 737624 1654.1034
2019:05:06 14:31:47 740892 2068.1322
2019:05:06 14:31:47 743789 1688.4506
2019:05:06 14:31:47 748240 2367.5263
2019:05:06 14:31:47 751115 2029.9740
2019:05:06 14:31:47 754055 2048.2205
2019:05:06 14:31:47 757714 2077.9297
2019:05:06 14:31:47 760206 1718.7782
2019:05:06 14:31:47 764237 2044.6368
2019:05:06 14:31:47 767104 2054.2853
2019:05:06 14:31:47 770373 2040.1329
2019:05:06 14:31:47 773234 2046.6074
2019:05:06 14:31:47 776910 2044.7038
2019:05:06 14:31:47 780612 2036.2474
2019:05:06 14:31:47 783479 1996.3011
2019:05:06 14:31:47 786755 2049.5467
2019:05:06 14:31:47 790033 2471.6258
2019:05:06 14:31:47 793859 2608.3775
2019:05:06 14:31:47 795780 1653.7122
2019:05:06 14:31:47 799860 2041.6155
2019:05:06 14:31:47 802323 1606.8555
2019:05:06 14:31:47 806011 2034.5151
2019:05:06 14:31:47 809678 2427.8425
2019:05:06 14:31:47 812563 2044.7560
2019:05:06 14:31:47 816234 2789.2664
2019:05:06 14:31:47 819524 2436.3101
2019:05:06 14:31:47 821985 2035.5321
2019:05:06 14:31:47 825664 2440.2924
2019:05:06 14:31:47 829470 2575.6508
2019:05:06 14:31:47 831827 1647.6661
2019:05:06 14:31:47 835988 2137.5939
2019:05:06 14:31:47 839610 2872.3739
2019:05:06 14:31:47 842879 2872.2025
2019:05:06 14:31:47 845737 1627.6278
2019:05:06 14:31:47 849001 1626.3090
2019:05:06 14:31:47 851473 1650.0093
2019:05:06 14:31:47 854740 2040.1403
2019:05:06 14:31:47 858020 2043.3553
2019:05:06 14:31:47 861298 2037.1787
2019:05:06 14:31:47 864581 2461.5414
2019:05:06 14:31:47 867854 1971.7030
2019:05:06 14:31:47 871135 2471.6184
2019:05:06 14:31:47 874417 2066.3738
2019:05:06 14:31:47 877724 2089.4557
2019:05:06 14:31:47 880977 1671.1466
2019:05:06 14:31:47 884640 1641.5901
2019:05:06 14:31:47 887508 2046.0263
2019:05:06 14:31:47 891208 2464.4881
2019:05:06 14:31:47 894097 2486.1209
2019:05:06 14:31:47 897745 2052.2177
2019:05:06 14:31:47 901027 2860.0022
2019:05:06 14:31:47 904703 2436.5522
2019:05:06 14:31:47 907656 2115.4918
2019:05:06 14:31:47 910460 2048.7010
2019:05:06 14:31:47 914127 2434.3915
2019:05:06 14:31:47 917007 2036.2325
2019:05:06 14:31:47 920811 3334.3285
2019:05:06 14:31:47 923601 2503.5739
2019:05:06 14:31:47 926846 1650.6612
2019:05:06 14:31:47 930584 2012.3720
2019:05:06 14:31:47 933876 2025.4441
2019:05:06 14:31:47 937911 2470.9143
2019:05:06 14:31:47 940799 2300.4673
2019:05:06 14:31:47 944580 2519.4138
2019:05:06 14:31:47 947724 2357.9597
2019:05:06 14:31:47 951421 2470.6684
2019:05:06 14:31:47 954700 2051.0703
2019:05:06 14:31:47 957132 1637.0639
2019:05:06 14:31:47 963689 1681.6333
2019:05:06 14:31:47 966970 2473.8424
2019:05:06 14:31:47 969853 2081.0403
2019:05:06 14:31:47 972283 2052.3146
2019:05:06 14:31:47 974746 1613.6691
2019:05:06 14:31:47 977190 1230.6906
2019:05:06 14:31:47 980892 2024.0881
2019:05:06 14:31:47 983759 1637.4551
2019:05:06 14:31:47 987443 2465.4269
2019:05:06 14:31:47 989892 1641.1580
2019:05:06 14:31:47 993188 2067.1599
2019:05:06 14:31:47 996460 2778.0272
2019:05:06 14:31:47 998900 2041.0344
2019:05:06 14:31:48 1769 2027.2844
2019:05:06 14:31:48 4242 1633.3237
2019:05:06 14:31:48 7912 2035.1969
2019:05:06 14:31:48 10379 2051.4429
2019:05:06 14:31:48 14065 2455.0781
2019:05:06 14:31:48 16930 2845.9914
2019:05:06 14:31:48 19799 2031.0842
2019:05:06 14:31:48 22272 1253.9923
2019:05:06 14:31:48 25127 1239.4115
2019:05:06 14:31:48 27992 1640.2937
2019:05:06 14:31:48 31253 2445.2098
2019:05:06 14:31:48 34941 2457.8162
2019:05:06 14:31:48 36595 1614.9394
2019:05:06 14:31:48 40280 1637.9692
2019:05:06 14:31:48 42330 820.8342
2019:05:06 14:31:48 44796 1252.2861
2019:05:06 14:31:48 48460 2044.1674
2019:05:06 14:31:48 50921 1951.7355
2019:05:06 14:31:48 54200 2039.3915
2019:05:06 14:31:48 56249 1640.9010
2019:05:06 14:31:48 59933 2039.9727
2019:05:06 14:31:48 62382 1640.1298
2019:05:06 14:31:48 65661 2048.6750
2019:05:06 14:31:48 68537 2053.3651
2019:05:06 14:31:48 71814 2060.8939
2019:05:06 14:31:48 74274 2055.3991
2019:05:06 14:31:48 78355 2854.0641
2019:05:06 14:31:48 80824 2035.2006
2019:05:06 14:31:48 83707 2051.2715
2019:05:06 14:31:48 86547 1627.3186
2019:05:06 14:31:48 89421 2038.1287
2019:05:06 14:31:48 91481 1238.6106
2019:05:06 14:31:48 95569 2462.6292
2019:05:06 14:31:48 98436 2040.7103
2019:05:06 14:31:48 101710 2843.6854
2019:05:06 14:31:48 104160 1630.0604
2019:05:06 14:31:48 107036 1645.5725
2019:05:06 14:31:48 109907 1236.2264
2019:05:06 14:31:48 112459 1329.4257
2019:05:06 14:31:48 116043 2043.4372
2019:05:06 14:31:48 118508 2053.6222
2019:05:06 14:31:48 121783 2057.1649
2019:05:06 14:31:48 124237 2038.7620
2019:05:06 14:31:48 127111 1630.8799
2019:05:06 14:31:48 129971 2440.5718
2019:05:06 14:31:48 133242 2356.6894
2019:05:06 14:31:48 135704 2438.9289
2019:05:06 14:31:48 139003 2050.3514
2019:05:06 14:31:48 141854 2469.8973
2019:05:06 14:31:48 145540 2860.1214
2019:05:06 14:31:48 148418 1655.6196
2019:05:06 14:31:48 151674 2459.6490
2019:05:06 14:31:48 154163 1257.8405
2019:05:06 14:31:48 157409 2454.1654
2019:05:06 14:31:48 160298 1657.6648
2019:05:06 14:31:48 163163 2067.9832
2019:05:06 14:31:48 166449 2073.2135
2019:05:06 14:31:48 168881 2410.7136
2019:05:06 14:31:48 172176 2055.4215
2019:05:06 14:31:48 175038 2060.4096
2019:05:06 14:31:48 177913 2065.5468
2019:05:06 14:31:48 180800 1687.2361
2019:05:06 14:31:48 184045 2470.8323
2019:05:06 14:31:48 186898 2044.8714
2019:05:06 14:31:48 189769 1642.9611
2019:05:06 14:31:48 192248 1642.2719
2019:05:06 14:31:48 195500 1631.0886
2019:05:06 14:31:48 198382 2054.6727
2019:05:06 14:31:48 201661 2054.3598
2019:05:06 14:31:48 204926 2042.0104
2019:05:06 14:31:48 207804 1651.6782
2019:05:06 14:31:48 210767 2147.7789
2019:05:06 14:31:48 213110 2030.1230
2019:05:06 14:31:48 216811 2053.8121
2019:05:06 14:31:48 218946 1314.7555
2019:05:06 14:31:48 222533 2038.5906
2019:05:06 14:31:48 225411 2448.6370
2019:05:06 14:31:48 228683 2449.8403
2019:05:06 14:31:48 231240 1750.5884
2019:05:06 14:31:48 234431 2456.5682
2019:05:06 14:31:48 237276 2423.9421
2019:05:06 14:31:48 240557 2449.2815
2019:05:06 14:31:48 243006 2017.6806
2019:05:06 14:31:48 246305 2033.1666
2019:05:06 14:31:48 248765 1650.7320
2019:05:06 14:31:48 252435 2447.1134
2019:05:06 14:31:48 254889 2038.2032
2019:05:06 14:31:48 257759 2430.9978
2019:05:06 14:31:48 260209 2021.4505
2019:05:06 14:31:48 263907 2048.6787
2019:05:06 14:31:48 266763 2033.0027
2019:05:06 14:31:48 269644 1644.6076
2019:05:06 14:31:48 272518 1250.1739
2019:05:06 14:31:48 275791 2467.4721
2019:05:06 14:31:48 289379 13080.5448
2019:05:06 14:31:48 293091 2497.8407
2019:05:06 14:31:48 296333 2910.5321
2019:05:06 14:31:48 300383 2369.9179
2019:05:06 14:31:48 302947 1753.1402
2019:05:06 14:31:48 306527 2047.9038
2019:05:06 14:31:48 310004 2681.1659
2019:05:06 14:31:48 313122 2501.0891
2019:05:06 14:31:48 316752 2365.4774
2019:05:06 14:31:48 320136 2471.4060
2019:05:06 14:31:48 323306 2049.8484
2019:05:06 14:31:48 326593 2059.8769
2019:05:06 14:31:48 329067 2056.6918
2019:05:06 14:31:48 334008 2501.7411
2019:05:06 14:31:48 336821 2416.4319
2019:05:06 14:31:48 339687 2030.7340
2019:05:06 14:31:48 342973 2042.3941
2019:05:06 14:31:48 346778 2874.2626
2019:05:06 14:31:48 349595 2033.6993
2019:05:06 14:31:48 352908 2050.1167
2019:05:06 14:31:48 356069 2382.0400
2019:05:06 14:31:48 359806 2501.0929
2019:05:06 14:31:48 362644 2471.4209
2019:05:06 14:31:48 365923 2477.6272
2019:05:06 14:31:48 368514 1809.1202
2019:05:06 14:31:48 373301 2486.3519
2019:05:06 14:31:48 376142 2326.6599
2019:05:06 14:31:48 379861 2889.4618
2019:05:06 14:31:48 382720 2349.1010
2019:05:06 14:31:48 385984 2473.6300
2019:05:06 14:31:48 388990 2023.9726
2019:05:06 14:31:48 392927 2037.1452
2019:05:06 14:31:48 395795 1613.3189
2019:05:06 14:31:48 399496 2275.9847
2019:05:06 14:31:48 403172 2402.7228
2019:05:06 14:31:48 406053 1977.8050
2019:05:06 14:31:48 410153 2858.7766
2019:05:06 14:31:48 413558 3003.3737
2019:05:06 14:31:48 416727 2386.7115
2019:05:06 14:31:48 420787 2311.3191
2019:05:06 14:31:48 424064 2017.8966
2019:05:06 14:31:48 427397 2516.8546
2019:05:06 14:31:48 430638 1973.1782
2019:05:06 14:31:48 433921 2068.3482
2019:05:06 14:31:48 438140 2201.4193
2019:05:06 14:31:48 440909 2477.7949
2019:05:06 14:31:48 444137 1890.1303
2019:05:06 14:31:48 447416 2360.5712
2019:05:06 14:31:48 451171 2534.9893
2019:05:06 14:31:48 454386 1955.0174
2019:05:06 14:31:48 457662 2049.2524
2019:05:06 14:31:48 461423 2543.1402
2019:05:06 14:31:48 464256 2509.4673
2019:05:06 14:31:48 471145 1779.0161
2019:05:06 14:31:48 474021 2465.0320
2019:05:06 14:31:48 476491 2056.3789
2019:05:06 14:31:48 479338 2042.9492
2019:05:06 14:31:48 482206 2035.3422
2019:05:06 14:31:48 485486 2866.5178
2019:05:06 14:31:48 487131 1207.6870
2019:05:06 14:31:48 491229 2032.4029
2019:05:06 14:31:48 493681 1627.4936
2019:05:06 14:31:48 496561 1235.2727
2019:05:06 14:31:48 499429 2055.5705
2019:05:06 14:31:48 502689 1227.5912
2019:05:06 14:31:48 505978 2473.4400
2019:05:06 14:31:48 508852 1653.9954
2019:05:06 14:31:48 512106 2032.1459
2019:05:06 14:31:48 515389 2468.8467
2019:05:06 14:31:48 517840 1634.4860
2019:05:06 14:31:48 521932 2827.9163
2019:05:06 14:31:48 523995 1640.2714
2019:05:06 14:31:48 527270 2058.3384
2019:05:06 14:31:48 529735 2051.6701
2019:05:06 14:31:48 533415 2461.8432
2019:05:06 14:31:48 535460 2018.7087
2019:05:06 14:31:48 539152 2446.8005
2019:05:06 14:31:48 541606 1648.2584
2019:05:06 14:31:48 544877 2038.2330
2019:05:06 14:31:48 546937 832.7179
2019:05:06 14:31:48 550207 1633.6739
2019:05:06 14:31:48 553076 2044.3723
2019:05:06 14:31:48 556754 2451.7514
2019:05:06 14:31:48 559627 2052.4263
2019:05:06 14:31:48 562082 2044.6032
2019:05:06 14:31:48 564547 2039.9243
2019:05:06 14:31:48 567092 1725.6439
2019:05:06 14:31:48 570292 2479.6389
2019:05:06 14:31:48 572726 2034.3587
2019:05:06 14:31:48 575593 2033.9526
2019:05:06 14:31:48 578059 2034.9994
2019:05:06 14:31:48 580529 1246.8547
2019:05:06 14:31:48 582976 1626.5139
2019:05:06 14:31:48 585840 1641.5119
2019:05:06 14:31:48 588296 1635.7265
2019:05:06 14:31:48 591170 2042.3606
2019:05:06 14:31:48 593633 1653.2578
2019:05:06 14:31:48 597299 2861.9952
2019:05:06 14:31:48 599775 2045.0838
2019:05:06 14:31:48 602617 2446.9011
2019:05:06 14:31:48 605509 2056.2634
2019:05:06 14:31:48 608798 2064.5931
2019:05:06 14:31:48 611244 2051.9570
2019:05:06 14:31:48 614129 2052.8473
2019:05:06 14:31:48 617374 2422.3588
2019:05:06 14:31:48 621054 2761.7253
2019:05:06 14:31:48 623512 2042.7071
2019:05:06 14:31:48 626788 2038.1659
2019:05:06 14:31:48 628845 1231.8343
2019:05:06 14:31:48 632526 2432.1824
2019:05:06 14:31:48 634988 2428.9377
2019:05:06 14:31:48 638270 2060.0446
2019:05:06 14:31:48 641542 2450.7567
2019:05:06 14:31:48 643615 1251.6044
2019:05:06 14:31:48 646970 1341.3616
2019:05:06 14:31:48 649767 1261.2455
2019:05:06 14:31:48 652627 1671.8097
2019:05:06 14:31:48 656278 2039.8013
2019:05:06 14:31:48 659170 1661.0958
2019:05:06 14:31:48 662043 2478.4990
2019:05:06 14:31:48 665311 2068.9331
2019:05:06 14:31:48 667763 2410.2554
2019:05:06 14:31:48 670623 2045.3595
2019:05:06 14:31:48 673494 2853.5202
2019:05:06 14:31:48 676787 2072.5206
2019:05:06 14:31:48 679632 2446.8079
2019:05:06 14:31:48 682908 2459.1535
2019:05:06 14:31:48 685786 2460.1854
2019:05:06 14:31:48 688648 2436.4740
2019:05:06 14:31:48 691121 1661.9563
2019:05:06 14:31:48 694384 2059.3144
2019:05:06 14:31:48 697279 1252.7704
2019:05:06 14:31:48 701333 2048.8054
2019:05:06 14:31:48 703788 1631.6138
2019:05:06 14:31:48 707479 1642.1080
2019:05:06 14:31:48 709955 2045.4638
2019:05:06 14:31:48 713646 2070.5536
2019:05:06 14:31:48 716095 2049.2338
2019:05:06 14:31:48 718962 2364.0282
2019:05:06 14:31:48 721827 2020.4782
2019:05:06 14:31:48 724787 1733.0274
2019:05:06 14:31:48 727554 1235.6825
2019:05:06 14:31:48 730837 2025.6303
2019:05:06 14:31:48 733307 1251.4107
2019:05:06 14:31:48 736571 2464.3578
2019:05:06 14:31:48 739839 2466.3284
2019:05:06 14:31:48 742720 2067.7038
2019:05:06 14:31:48 745585 1643.6502
2019:05:06 14:31:48 748464 2077.7844
2019:05:06 14:31:48 751325 1662.0904
2019:05:06 14:31:48 754190 1635.9836
2019:05:06 14:31:48 757461 1652.9486
2019:05:06 14:31:48 759930 1666.2069
2019:05:06 14:31:48 763597 2455.3798
2019:05:06 14:31:48 766469 2055.1905
2019:05:06 14:31:48 769348 1657.8659
2019:05:06 14:31:48 772193 1639.9808
2019:05:06 14:31:48 775472 2453.6029
2019:05:06 14:31:48 778030 1744.1213
2019:05:06 14:31:48 780805 2457.5852
2019:05:06 14:31:48 784079 1957.8524
2019:05:06 14:31:48 786954 1243.6025
2019:05:06 14:31:48 797381 8399.3748
2019:05:06 14:31:48 801887 2657.1825
2019:05:06 14:31:48 804573 2336.2488
2019:05:06 14:31:48 808332 2490.0436
2019:05:06 14:31:48 811625 2501.6554
2019:05:06 14:31:48 815256 2087.8874
2019:05:06 14:31:48 818537 2506.1443
2019:05:06 14:31:48 821850 2538.1893
2019:05:06 14:31:48 826034 3396.9544
2019:05:06 14:31:48 828866 2824.1836
2019:05:06 14:31:48 832895 2013.7802
2019:05:06 14:31:48 835719 2049.4685
2019:05:06 14:31:48 839840 2898.5403
2019:05:06 14:31:48 842680 2832.1184
2019:05:06 14:31:48 846358 2021.4580
2019:05:06 14:31:48 850530 2131.4621
2019:05:06 14:31:48 853330 2030.3950
2019:05:06 14:31:48 857408 2352.4016
2019:05:06 14:31:48 861127 2761.0250
2019:05:06 14:31:48 864502 2572.6892
2019:05:06 14:31:48 867661 2368.7854
2019:05:06 14:31:48 870928 2058.0180
2019:05:06 14:31:48 874339 2182.3011
2019:05:06 14:31:48 877484 2466.3359
2019:05:06 14:31:48 880774 2062.2462
2019:05:06 14:31:48 884939 2952.5235
2019:05:06 14:31:48 887802 2855.3717
2019:05:06 14:31:48 891883 2526.4323
2019:05:06 14:31:48 894272 2380.7213
2019:05:06 14:31:48 897963 1556.2214
2019:05:06 14:31:48 900827 2055.0974
2019:05:06 14:31:48 904503 1936.8604
2019:05:06 14:31:48 907416 2501.6032
2019:05:06 14:31:48 911068 2048.0454
2019:05:06 14:31:48 913927 2032.6823
2019:05:06 14:31:48 917669 2506.1332
2019:05:06 14:31:48 920935 2473.0712
2019:05:06 14:31:48 924171 2216.4099
2019:05:06 14:31:48 927588 2528.2912
2019:05:06 14:31:48 931966 2476.5916
2019:05:06 14:31:48 935713 2504.8293
2019:05:06 14:31:48 938512 2466.9133
2019:05:06 14:31:48 941381 2039.5480
2019:05:06 14:31:48 945891 3288.0120
2019:05:06 14:31:48 948460 2560.8577
2019:05:06 14:31:48 952492 1714.8033
2019:05:06 14:31:48 955299 2455.9610
2019:05:06 14:31:48 958585 2060.8492
2019:05:06 14:31:48 961446 2046.6521
2019:05:06 14:31:48 965125 2439.4952
2019:05:06 14:31:48 967993 2041.0866
2019:05:06 14:31:48 971753 2521.2876
2019:05:06 14:31:48 974555 2794.4446
2019:05:06 14:31:48 981363 5585.8120
2019:05:06 14:31:48 982731 1359.3063
2019:05:06 14:31:48 986809 2043.6645
2019:05:06 14:31:48 989710 2461.2173
2019:05:06 14:31:48 992571 2481.6468
2019:05:06 14:31:48 994630 1240.8085
2019:05:06 14:31:48 998282 1638.8968
2019:05:06 14:31:49 736 2033.2485
2019:05:06 14:31:49 4042 1654.6771
2019:05:06 14:31:49 6897 1642.6668
2019:05:06 14:31:49 9835 2120.6737
2019:05:06 14:31:49 13036 2440.2142
2019:05:06 14:31:49 16719 2462.8341
2019:05:06 14:31:49 19601 2070.6952
2019:05:06 14:31:49 23272 1643.1026
2019:05:06 14:31:49 26536 2855.0178
2019:05:06 14:31:49 29425 1647.6549
2019:05:06 14:31:49 32292 2054.8888
2019:05:06 14:31:49 35571 2030.5477
2019:05:06 14:31:49 38008 2032.5854
2019:05:06 14:31:49 42112 2468.6344
2019:05:06 14:31:49 44580 1655.6941
2019:05:06 14:31:49 47443 1652.8256
2019:05:06 14:31:49 51121 2462.7075
2019:05:06 14:31:49 53993 2427.7531
2019:05:06 14:31:49 57269 2465.5610
2019:05:06 14:31:49 59312 1620.9036
2019:05:06 14:31:49 62605 2056.6434
2019:05:06 14:31:49 65460 1648.4261
2019:05:06 14:31:49 68331 1654.6026
2019:05:06 14:31:49 71184 2434.2947
2019:05:06 14:31:49 74479 2466.9357
2019:05:06 14:31:49 77361 1656.5807
2019:05:06 14:31:49 81425 3259.1932
2019:05:06 14:31:49 83473 1999.7060
2019:05:06 14:31:49 87179 2460.2786
2019:05:06 14:31:49 89627 2417.7767
2019:05:06 14:31:49 92906 2061.1621
2019:05:06 14:31:49 95762 2433.2255
2019:05:06 14:31:49 99038 2432.8083
2019:05:06 14:31:49 101087 1620.1213
2019:05:06 14:31:49 104772 2439.4542
2019:05:06 14:31:49 106846 1642.2719
2019:05:06 14:31:49 110517 2063.8518
2019:05:06 14:31:49 113793 2445.0310
2019:05:06 14:31:49 117074 2063.4979
2019:05:06 14:31:49 119930 2446.3423
2019:05:06 14:31:49 123213 2465.8553
2019:05:06 14:31:49 125681 2053.9165
2019:05:06 14:31:49 129353 2445.8133
2019:05:06 14:31:49 132241 2071.4402
2019:05:06 14:31:49 135079 2036.3182
2019:05:06 14:31:49 137982 1657.4487
2019:05:06 14:31:49 140825 2443.5222
2019:05:06 14:31:49 144112 2464.9352
2019:05:06 14:31:49 146551 2415.5192
2019:05:06 14:31:49 149855 2082.3590
2019:05:06 14:31:49 152701 2048.9134
2019:05:06 14:31:49 155561 2046.9725
2019:05:06 14:31:49 158448 1661.3081
2019:05:06 14:31:49 161309 2463.3892
2019:05:06 14:31:49 164572 2046.1455
2019:05:06 14:31:49 167447 2467.3343
2019:05:06 14:31:49 170311 2039.6821
2019:05:06 14:31:49 172787 2065.3047
2019:05:06 14:31:49 190799 1439.6273
2019:05:06 14:31:49 193243 1636.1699
2019:05:06 14:31:49 196133 1247.1974
2019:05:06 14:31:49 198977 2457.4101
2019:05:06 14:31:49 201442 2035.2639
2019:05:06 14:31:49 204709 2457.0823
2019:05:06 14:31:49 221370 16248.0213
2019:05:06 14:31:49 224783 2025.0790
2019:05:06 14:31:49 226835 1628.4287
2019:05:06 14:31:49 230926 2461.8283
2019:05:06 14:31:49 232983 1646.9397
2019:05:06 14:31:49 236666 2041.7869
2019:05:06 14:31:49 239151 1252.0775
2019:05:06 14:31:49 243272 3331.1471
2019:05:06 14:31:49 245686 1642.9424
2019:05:06 14:31:49 248557 1637.8760
2019:05:06 14:31:49 251818 2057.5002
2019:05:06 14:31:49 254687 2045.1210
2019:05:06 14:31:49 257560 2044.7858
2019:05:06 14:31:49 260416 2033.0399
2019:05:06 14:31:49 263699 2440.8363
2019:05:06 14:31:49 266152 1617.2118
2019:05:06 14:31:49 269014 1629.2669
2019:05:06 14:31:49 271888 2044.9199
2019:05:06 14:31:49 275565 2859.5552
2019:05:06 14:31:49 278041 2053.1341
2019:05:06 14:31:49 281710 2446.9607
2019:05:06 14:31:49 284185 2061.5160
2019:05:06 14:31:49 287853 2449.7993
2019:05:06 14:31:49 289926 1642.0893
2019:05:06 14:31:49 293596 2446.0480
2019:05:06 14:31:49 296457 2049.1555
2019:05:06 14:31:49 299330 2054.9856
2019:05:06 14:31:49 302200 2060.2942
2019:05:06 14:31:49 304661 2428.7850
2019:05:06 14:31:49 308354 2865.0910
2019:05:06 14:31:49 310860 2111.3493
2019:05:06 14:31:49 314480 2853.2892
2019:05:06 14:31:49 316945 2029.1917
2019:05:06 14:31:49 320209 2026.1630
2019:05:06 14:31:49 323078 1979.7571
2019:05:06 14:31:49 325961 2061.3149
2019:05:06 14:31:49 329246 2066.1540
2019:05:06 14:31:49 332504 2442.2146
2019:05:06 14:31:49 335380 2461.8134
2019:05:06 14:31:49 337848 1648.5453
2019:05:06 14:31:49 341919 2438.2137
2019:05:06 14:31:49 343991 1649.9236
2019:05:06 14:31:49 346848 2055.7083
2019:05:06 14:31:49 349709 1646.3958
2019:05:06 14:31:49 352989 2058.9679
2019:05:06 14:31:49 355917 1708.6938
2019:05:06 14:31:49 359121 2040.3452
2019:05:06 14:31:49 361996 1647.2712
2019:05:06 14:31:49 365271 2043.7948
2019:05:06 14:31:49 368138 2447.6238
2019:05:06 14:31:49 370598 1220.8037
2019:05:06 14:31:49 375503 2870.3921
2019:05:06 14:31:49 377561 2030.6557
2019:05:06 14:31:49 381236 2452.0755
2019:05:06 14:31:49 383298 2023.0375
2019:05:06 14:31:49 386576 2052.2103
2019:05:06 14:31:49 389021 1626.5213
2019:05:06 14:31:49 391906 1637.5706
2019:05:06 14:31:49 395163 2035.0292
2019:05:06 14:31:49 397630 1647.7257
2019:05:06 14:31:49 400893 1631.0140
2019:05:06 14:31:49 403783 2065.2078
2019:05:06 14:31:49 407450 2453.4278
2019:05:06 14:31:49 410732 2030.2385
2019:05:06 14:31:49 413188 2430.2043
2019:05:06 14:31:49 416481 2050.6233
2019:05:06 14:31:49 419341 2448.7227
2019:05:06 14:31:49 422229 1657.0427
2019:05:06 14:31:49 425483 2048.0826
2019:05:06 14:31:49 427935 1627.1174
2019:05:06 14:31:49 433386 4220.0685
2019:05:06 14:31:49 438030 3089.4056
2019:05:06 14:31:49 440648 2042.4314
2019:05:06 14:31:49 444772 2824.1575
2019:05:06 14:31:49 447213 2433.2851
2019:05:06 14:31:49 451018 2552.9005
2019:05:06 14:31:49 454312 3015.7268
2019:05:06 14:31:49 458248 2038.3075
2019:05:06 14:31:49 461890 2278.2087
2019:05:06 14:31:49 464828 2317.3727
2019:05:06 14:31:49 468085 2426.5796
2019:05:06 14:31:49 471389 2789.3372
2019:05:06 14:31:49 474653 2447.1954
2019:05:06 14:31:49 478363 3284.3351
2019:05:06 14:31:49 481662 2042.5357
2019:05:06 14:31:49 485293 2039.2798
2019:05:06 14:31:49 488152 1894.6640
2019:05:06 14:31:49 492279 2388.1458
2019:05:06 14:31:49 495233 2554.8190
2019:05:06 14:31:49 498832 2063.5873
2019:05:06 14:31:49 502156 2823.2262
2019:05:06 14:31:49 505469 2034.1948
2019:05:06 14:31:49 509059 2462.8937
2019:05:06 14:31:49 512741 2726.4245
2019:05:06 14:31:49 515998 2341.7436
2019:05:06 14:31:49 519763 2536.0398
2019:05:06 14:31:49 523058 2029.9293
2019:05:06 14:31:49 526669 2363.6557
2019:05:06 14:31:49 529572 2487.1789
2019:05:06 14:31:49 532884 2516.9626
2019:05:06 14:31:49 536091 2219.4982
2019:05:06 14:31:49 539369 2342.3210
2019:05:06 14:31:49 543131 3317.6355
2019:05:06 14:31:49 546488 2631.4072
2019:05:06 14:31:49 549605 2471.9238
2019:05:06 14:31:49 553318 2483.3716
2019:05:06 14:31:49 555870 2064.0008
2019:05:06 14:31:49 559861 1934.6401
2019:05:06 14:31:49 562831 2547.8788
2019:05:06 14:31:49 566407 2040.7066
2019:05:06 14:31:49 569916 2258.4312
2019:05:06 14:31:49 572585 1293.3649
2019:05:06 14:31:49 576227 2378.4526
2019:05:06 14:31:49 579211 1749.8657
2019:05:06 14:31:49 582390 2412.4496
2019:05:06 14:31:49 585652 2061.1025
2019:05:06 14:31:49 589322 2048.2279
2019:05:06 14:31:49 591779 2025.3807
2019:05:06 14:31:49 595480 1465.1306
2019:05:06 14:31:49 599217 2832.2600
2019:05:06 14:31:49 602502 2934.5565
2019:05:06 14:31:49 606120 1582.5666
2019:05:06 14:31:49 608670 1741.5732
2019:05:06 14:31:49 612764 2030.8942
2019:05:06 14:31:49 615555 2044.1264
2019:05:06 14:31:49 621371 4563.3167
2019:05:06 14:31:49 625355 2041.8242
2019:05:06 14:31:49 628236 2454.9142
2019:05:06 14:31:49 630702 2069.1194
2019:05:06 14:31:49 633956 2449.6168
2019:05:06 14:31:49 637233 2452.5523
2019:05:06 14:31:49 639291 2035.1447
2019:05:06 14:31:49 642957 2039.5294
2019:05:06 14:31:49 645846 2043.4707
2019:05:06 14:31:49 648707 2046.7602
2019:05:06 14:31:49 651984 2049.4573
2019:05:06 14:31:49 654459 2072.0661
2019:05:06 14:31:49 657737 1651.6410
2019:05:06 14:31:49 661388 2038.4751
2019:05:06 14:31:49 663451 2042.9827
2019:05:06 14:31:49 667145 2456.3670
2019:05:06 14:31:49 670402 2044.9236
2019:05:06 14:31:49 672872 2039.6449
2019:05:06 14:31:49 675739 1614.3322
2019:05:06 14:31:49 678607 1650.0391
2019:05:06 14:31:49 681475 1642.6109
2019:05:06 14:31:49 685153 2041.7720
2019:05:06 14:31:49 687617 1639.8616
2019:05:06 14:31:49 690470 2430.3868
2019:05:06 14:31:49 693348 2045.3036
2019:05:06 14:31:49 696207 2450.1905
2019:05:06 14:31:49 699097 2060.8380
2019:05:06 14:31:49 702760 2845.8014
2019:05:06 14:31:49 705643 2054.1288
2019:05:06 14:31:49 708088 2040.8556
2019:05:06 14:31:49 710973 1657.1507
2019:05:06 14:31:49 713843 1650.4638
2019:05:06 14:31:49 716683 2041.4963
2019:05:06 14:31:49 719603 1690.8348
2019:05:06 14:31:49 722419 2451.2634
2019:05:06 14:31:49 725310 2073.7648
2019:05:06 14:31:49 728579 2058.4129
2019:05:06 14:31:49 731872 2082.8694
2019:05:06 14:31:49 734331 2069.3205
2019:05:06 14:31:49 737983 2842.3779
2019:05:06 14:31:49 740043 1645.3862
2019:05:06 14:31:49 743311 2022.2515
2019:05:06 14:31:49 745780 1643.7508
2019:05:06 14:31:49 749061 2042.6288
2019:05:06 14:31:49 751510 2432.8344
2019:05:06 14:31:49 755194 2046.6633
2019:05:06 14:31:49 758067 2032.0341
2019:05:06 14:31:49 760927 1642.1266
2019:05:06 14:31:49 763393 2030.9798
2019:05:06 14:31:49 766261 2044.0184
2019:05:06 14:31:49 768318 1659.3263
2019:05:06 14:31:49 771581 2051.4131
2019:05:06 14:31:49 774041 2041.5857
2019:05:06 14:31:49 776503 1649.6554
2019:05:06 14:31:49 778978 1669.2579
2019:05:06 14:31:49 781822 2055.3730
2019:05:06 14:31:49 784684 1639.8542
2019:05:06 14:31:49 787950 2446.3609
2019:05:06 14:31:49 790016 1640.7818
2019:05:06 14:31:49 792863 2037.6742
2019:05:06 14:31:49 795337 1630.4068
2019:05:06 14:31:49 797782 2049.3567
2019:05:06 14:31:49 801054 2039.4735
2019:05:06 14:31:49 803121 1626.2829
2019:05:06 14:31:49 805973 2420.5111
2019:05:06 14:31:49 808843 2432.4842
2019:05:06 14:31:49 811708 2038.4826
2019:05:06 14:31:49 814162 2027.6196
2019:05:06 14:31:49 817036 1638.3305
2019:05:06 14:31:49 820317 2456.7991
2019:05:06 14:31:49 823253 1282.2598
2019:05:06 14:31:49 827682 2449.3486
2019:05:06 14:31:49 829807 1697.1380
2019:05:06 14:31:49 834501 2718.7355
2019:05:06 14:31:49 836443 1456.2197
2019:05:06 14:31:49 840378 2457.3542
2019:05:06 14:31:49 843237 1956.7274
2019:05:06 14:31:49 846935 2266.1649
2019:05:06 14:31:49 848986 1641.2176
2019:05:06 14:31:49 852262 2056.8781
2019:05:06 14:31:49 854727 1644.4102
2019:05:06 14:31:49 857996 2857.1635
2019:05:06 14:31:49 861288 1657.0985
2019:05:06 14:31:49 864138 2455.7784
2019:05:06 14:31:49 867426 2458.5798
2019:05:06 14:31:49 871106 2449.2480
2019:05:06 14:31:49 874379 2465.8330
2019:05:06 14:31:49 877256 2855.3568
2019:05:06 14:31:49 880514 2450.6412
2019:05:06 14:31:49 883791 2860.7138
2019:05:06 14:31:49 886256 2044.3760
2019:05:06 14:31:49 889551 2484.4073
2019:05:06 14:31:49 892403 2042.8523
2019:05:06 14:31:49 895291 1657.9479
2019:05:06 14:31:49 898954 2451.1591
2019:05:06 14:31:49 901831 1656.6776
2019:05:06 14:31:49 905105 2464.9054
2019:05:06 14:31:49 908452 2486.6462
2019:05:06 14:31:49 910902 1719.9032
2019:05:06 14:31:49 914135 1260.1651
2019:05:06 14:31:49 917871 2544.3286
2019:05:06 14:31:49 920258 1587.5883
2019:05:06 14:31:49 924350 2038.6837
2019:05:06 14:31:49 926905 1336.9955
2019:05:06 14:31:49 930905 2051.3758
2019:05:06 14:31:49 934259 2909.6641
2019:05:06 14:31:49 937043 2434.0972
2019:05:06 14:31:49 940330 2431.8434
2019:05:06 14:31:49 943190 2387.0841
2019:05:06 14:31:49 946472 2426.5014
2019:05:06 14:31:49 949366 2082.0610
2019:05:06 14:31:49 952289 2142.1351
2019:05:06 14:31:49 956294 2039.0116
2019:05:06 14:31:49 958859 2142.0158
2019:05:06 14:31:49 962049 1977.3580
2019:05:06 14:31:49 965731 2027.7351
2019:05:06 14:31:49 968639 1694.6457
2019:05:06 14:31:49 972273 3279.4960
2019:05:06 14:31:49 974746 1651.6969
2019:05:06 14:31:49 978422 2459.0045
2019:05:06 14:31:49 981291 1647.7481
2019:05:06 14:31:49 984154 2453.9307
2019:05:06 14:31:49 987443 1650.3893
2019:05:06 14:31:49 990719 2004.6830
2019:05:06 14:31:49 993585 1646.1611
2019:05:06 14:31:49 997259 2047.7138
2019:05:06 14:31:49 999713 1638.3380
2019:05:06 14:31:50 3394 2440.3259
2019:05:06 14:31:50 5851 2010.6435
2019:05:06 14:31:50 9125 2030.3316
2019:05:06 14:31:50 11589 1634.3817
2019:05:06 14:31:50 14862 2047.4344
2019:05:06 14:31:50 17330 2045.1993
2019:05:06 14:31:50 20192 1635.2758
2019:05:06 14:31:50 23058 2046.7117
2019:05:06 14:31:50 25928 2400.1487
2019:05:06 14:31:50 28390 1646.8167
2019:05:06 14:31:50 31277 1664.9477
2019:05:06 14:31:50 34520 2845.4326
2019:05:06 14:31:50 37801 2460.5244
2019:05:06 14:31:50 40253 2040.9301
2019:05:06 14:31:50 43543 2048.2428
2019:05:06 14:31:50 45987 2026.5914
2019:05:06 14:31:50 48898 1673.6686
2019:05:06 14:31:50 51753 2056.7477
2019:05:06 14:31:50 55412 2873.2978
2019:05:06 14:31:50 58290 2062.1195
2019:05:06 14:31:50 61560 2851.8848
2019:05:06 14:31:50 64009 2042.7816
2019:05:06 14:31:50 66880 1641.3257
2019:05:06 14:31:50 69349 1640.7147
2019:05:06 14:31:50 72628 1654.4685
2019:05:06 14:31:50 75482 2051.0256
2019:05:06 14:31:50 78365 2052.9889
2019:05:06 14:31:50 82450 2861.6823
2019:05:06 14:31:50 85314 2448.7600
2019:05:06 14:31:50 88589 2452.2617
2019:05:06 14:31:50 91473 2072.0102
2019:05:06 14:31:50 94737 2852.1717
2019:05:06 14:31:50 98007 2785.6342
2019:05:06 14:31:50 100471 2054.9446
2019:05:06 14:31:50 103757 2465.0320
2019:05:06 14:31:50 117482 12902.0326
2019:05:06 14:31:50 120143 1992.8329
2019:05:06 14:31:50 123913 2845.5704
2019:05:06 14:31:50 126716 2457.2499
2019:05:06 14:31:50 129574 2061.6129
2019:05:06 14:31:50 133257 2412.9413
2019:05:06 14:31:50 136118 1891.5460
2019:05:06 14:31:50 140212 2341.7734
2019:05:06 14:31:50 143190 2531.7557
2019:05:06 14:31:50 146054 1750.4580
2019:05:06 14:31:50 150141 2135.9846
2019:05:06 14:31:50 153425 2041.0083
2019:05:06 14:31:50 155776 1584.2579
2019:05:06 14:31:50 159981 1992.3560
2019:05:06 14:31:50 163139 2319.6787
2019:05:06 14:31:50 166116 2144.2808
2019:05:06 14:31:50 170246 2574.0676
2019:05:06 14:31:50 172179 1578.6514
2019:05:06 14:31:50 176263 2463.7841
2019:05:06 14:31:50 180003 2493.5491
2019:05:06 14:31:50 184149 3367.0217
2019:05:06 14:31:50 186950 2498.7385
2019:05:06 14:31:50 190600 2057.4667
2019:05:06 14:31:50 194061 2511.6615
2019:05:06 14:31:50 197988 2043.5490
2019:05:06 14:31:50 200830 2041.1760
2019:05:06 14:31:50 204953 2371.8476
2019:05:06 14:31:50 208206 2289.2430
2019:05:06 14:31:50 211962 2025.0566
2019:05:06 14:31:50 214343 2035.8749
2019:05:06 14:31:50 218042 1654.2636
2019:05:06 14:31:50 221361 2038.9296
2019:05:06 14:31:50 224200 2021.6554
2019:05:06 14:31:50 228268 2345.6030
2019:05:06 14:31:50 231137 2415.2920
2019:05:06 14:31:50 234428 2034.9286
2019:05:06 14:31:50 237299 2057.4369
2019:05:06 14:31:50 240958 2034.3065
2019:05:06 14:31:50 243845 2047.2109
2019:05:06 14:31:50 247533 2474.8109
2019:05:06 14:31:50 250813 2457.1791
2019:05:06 14:31:50 254120 2493.8770
2019:05:06 14:31:50 257789 1664.6758
2019:05:06 14:31:50 260649 2058.4576
2019:05:06 14:31:50 264345 2068.7133
2019:05:06 14:31:50 268012 2879.2657
2019:05:06 14:31:50 271284 2444.6994
2019:05:06 14:31:50 274555 2871.3383
2019:05:06 14:31:50 277593 2580.1212
2019:05:06 14:31:50 280698 2446.3274
2019:05:06 14:31:50 284388 2062.1978
2019:05:06 14:31:50 287267 1625.1393
2019:05:06 14:31:50 290951 2481.2631
2019:05:06 14:31:50 294208 2420.7607
2019:05:06 14:31:50 297914 2458.5687
2019:05:06 14:31:50 301203 2876.7474
2019:05:06 14:31:50 304453 2463.5904
2019:05:06 14:31:50 308154 2043.8135
2019:05:06 14:31:50 311000 2026.0960
2019:05:06 14:31:50 315125 2065.2935
2019:05:06 14:31:50 318393 2877.4627
2019:05:06 14:31:50 321666 2457.6224
2019:05:06 14:31:50 326195 2881.9665
2019:05:06 14:31:50 328618 2413.6491
2019:05:06 14:31:50 331909 2443.9655
2019:05:06 14:31:50 334862 2556.3389
2019:05:06 14:31:50 338456 2445.0719
2019:05:06 14:31:50 341739 2868.0153
2019:05:06 14:31:50 344612 2060.9014
2019:05:06 14:31:50 347877 2036.7615
2019:05:06 14:31:50 351155 2032.2837
2019:05:06 14:31:50 354436 2434.6486
2019:05:06 14:31:50 358126 2867.7098
2019:05:06 14:31:50 360992 2452.4592
2019:05:06 14:31:50 364269 2068.9741
2019:05:06 14:31:50 367138 2471.0111
2019:05:06 14:31:50 370401 2047.4829
2019:05:06 14:31:50 374081 2460.8448
2019:05:06 14:31:50 376565 1673.6202
2019:05:06 14:31:50 381070 2476.2601
2019:05:06 14:31:50 383563 2486.1284
2019:05:06 14:31:50 387217 2057.4555
2019:05:06 14:31:50 390457 2030.6408
2019:05:06 14:31:50 393763 1239.6649
2019:05:06 14:31:50 397033 1580.7375
2019:05:06 14:31:50 401195 2535.4028
2019:05:06 14:31:50 404522 2541.2887
2019:05:06 14:31:50 407680 2060.4208
2019:05:06 14:31:50 410959 2074.5173
2019:05:06 14:31:50 414224 2052.6610
2019:05:06 14:31:50 418379 2521.0939
2019:05:06 14:31:50 420774 2035.9643
2019:05:06 14:31:50 424557 2016.7828
2019:05:06 14:31:50 428148 2785.6678
2019:05:06 14:31:50 431021 2374.6863
2019:05:06 14:31:50 434058 2105.3292
2019:05:06 14:31:50 437200 2799.0416
2019:05:06 14:31:50 440485 2007.7191
2019:05:06 14:31:50 443771 2923.1496
2019:05:06 14:31:50 446993 2464.5105
2019:05:06 14:31:50 450273 1634.5643
2019:05:06 14:31:50 453208 2014.8531
2019:05:06 14:31:50 457275 2046.3057
2019:05:06 14:31:50 462941 1578.2677
2019:05:06 14:31:50 465409 1540.4820
2019:05:06 14:31:50 468682 1621.9243
2019:05:06 14:31:50 470741 1631.2823
2019:05:06 14:31:50 474013 2045.6351
2019:05:06 14:31:50 476056 1640.4986
2019:05:06 14:31:50 489383 12101.1846
2019:05:06 14:31:50 492916 2121.6907
2019:05:06 14:31:50 495760 2479.9965
2019:05:06 14:31:50 499823 1631.0439
2019:05:06 14:31:50 503524 2764.4373
2019:05:06 14:31:50 506886 2536.1404
2019:05:06 14:31:50 510498 2864.6849
2019:05:06 14:31:50 513757 2365.9430
2019:05:06 14:31:50 517223 2053.8568
2019:05:06 14:31:50 520408 2378.7208
2019:05:06 14:31:50 523584 2051.4019
2019:05:06 14:31:50 526866 2048.9991
2019:05:06 14:31:50 533373 5294.7775
2019:05:06 14:31:50 536674 2037.9834
2019:05:06 14:31:50 541374 4286.6021
2019:05:06 14:31:50 544461 1649.7485
2019:05:06 14:31:50 549373 4495.9858
2019:05:06 14:31:50 553057 2041.2132
2019:05:06 14:31:50 558807 1442.0189
2019:05:06 14:31:50 560838 1645.4272
2019:05:06 14:31:50 564115 2044.5511
2019:05:06 14:31:50 566176 1660.5593
2019:05:06 14:31:50 568634 1240.8458
2019:05:06 14:31:50 571905 1656.7856
2019:05:06 14:31:50 575173 2053.5700
2019:05:06 14:31:50 578033 2456.5607
2019:05:06 14:31:50 581322 2461.8581
2019:05:06 14:31:50 584176 2430.7743
2019:05:06 14:31:50 586751 1749.9216
2019:05:06 14:31:50 589918 2043.9513
2019:05:06 14:31:50 592791 1947.8351
2019:05:06 14:31:50 595652 2051.5732
2019:05:06 14:31:50 598922 2047.8368
2019:05:06 14:31:50 602193 2437.9045
2019:05:06 14:31:50 603857 1634.6984
2019:05:06 14:31:50 607232 2137.4337
2019:05:06 14:31:50 610001 2057.1910
2019:05:06 14:31:50 612854 2047.3972
2019:05:06 14:31:50 616142 2450.4848
2019:05:06 14:31:50 618594 1652.9784
2019:05:06 14:31:50 622270 2468.6567
2019:05:06 14:31:50 624339 1652.2184
2019:05:06 14:31:50 627201 2064.6304
2019:05:06 14:31:50 630872 2457.5628
2019:05:06 14:31:50 633757 2073.0719
2019:05:06 14:31:50 637020 2882.6557
2019:05:06 14:31:50 639897 2456.5123
2019:05:06 14:31:50 643578 1640.0442
2019:05:06 14:31:50 646438 1642.7003
2019:05:06 14:31:50 649301 1631.6809
2019:05:06 14:31:50 652990 2048.9730
2019:05:06 14:31:50 655034 1221.8803
2019:05:06 14:31:50 658311 1633.6106
2019:05:06 14:31:50 660758 1626.8902
2019:05:06 14:31:50 664070 1656.7074
2019:05:06 14:31:50 666529 1667.0898
2019:05:06 14:31:50 670204 2051.5472
2019:05:06 14:31:50 673464 2445.9660
2019:05:06 14:31:50 675516 2014.8382
2019:05:06 14:31:50 678907 2046.7788
2019:05:06 14:31:50 681263 1233.6113
2019:05:06 14:31:50 684532 1647.6922
2019:05:06 14:31:50 687391 815.9392
2019:05:06 14:31:50 690254 2042.7741
2019:05:06 14:31:50 693183 875.2234
2019:05:06 14:31:50 696410 2454.5491
2019:05:06 14:31:50 699294 1245.3385
2019:05:06 14:31:50 702965 1629.4010
2019:05:06 14:31:50 705836 1239.8735
2019:05:06 14:31:50 708694 1646.8503
2019:05:06 14:31:50 711557 1629.4420
2019:05:06 14:31:50 714435 1640.1522
2019:05:06 14:31:50 716903 1659.2890
2019:05:06 14:31:50 720151 1620.9111
2019:05:06 14:31:50 723046 1659.4417
2019:05:06 14:31:50 725910 1247.0409
2019:05:06 14:31:50 729173 2056.4571
2019:05:06 14:31:50 732055 1659.7323
2019:05:06 14:31:50 734940 2480.5069
2019:05:06 14:31:50 738177 2425.2646
2019:05:06 14:31:50 741869 2442.6877
2019:05:06 14:31:50 743527 1632.9214
2019:05:06 14:31:50 747199 2045.6277
2019:05:06 14:31:50 749669 1249.4363
2019:05:06 14:31:50 752538 1653.0082
2019:05:06 14:31:50 755412 1258.0641
2019:05:06 14:31:50 758695 2072.5206
2019:05:06 14:31:50 761550 2067.3685
2019:05:06 14:31:50 764402 2037.8381
2019:05:06 14:31:50 767261 2454.1020
2019:05:06 14:31:50 769744 1658.3726
2019:05:06 14:31:50 773816 2867.8253
2019:05:06 14:31:50 775879 1645.5017
2019:05:06 14:31:50 778336 1630.3435
2019:05:06 14:31:50 782001 2005.1487
2019:05:06 14:31:50 785691 2870.7013
2019:05:06 14:31:50 787744 1225.2443
2019:05:06 14:31:50 791025 2033.7030
2019:05:06 14:31:50 793090 1238.8378
2019:05:06 14:31:50 796747 2034.1240
2019:05:06 14:31:50 799225 2050.6158
2019:05:06 14:31:50 802515 1669.1685
2019:05:06 14:31:50 805765 2045.6538
2019:05:06 14:31:50 808640 2465.0097
2019:05:06 14:31:50 811914 2063.7251
2019:05:06 14:31:50 815178 2046.0635
2019:05:06 14:31:50 817653 2449.3486
2019:05:06 14:31:50 821329 2443.8463
2019:05:06 14:31:50 824197 2054.9782
2019:05:06 14:31:50 826260 1648.1318
2019:05:06 14:31:50 829514 1630.4851
2019:05:06 14:31:50 831989 1653.8426
2019:05:06 14:31:50 835657 2442.6356
2019:05:06 14:31:50 838150 1657.9404
2019:05:06 14:31:50 840605 2055.6450
2019:05:06 14:31:50 843870 2061.7656
2019:05:06 14:31:50 847123 2853.1738
2019:05:06 14:31:50 849602 2441.3131
2019:05:06 14:31:50 852876 2457.6969
2019:05:06 14:31:50 856139 2855.8634
2019:05:06 14:31:50 857808 1625.6161
2019:05:06 14:31:50 861080 1654.2561
2019:05:06 14:31:50 863942 1651.9204
2019:05:06 14:31:50 866822 1558.8589
2019:05:06 14:31:50 870083 1645.1031
2019:05:06 14:31:50 873757 2051.6142
2019:05:06 14:31:50 876615 2039.7455
2019:05:06 14:31:50 879507 2042.5916
2019:05:06 14:31:50 882371 2067.0891
2019:05:06 14:31:50 886037 2827.0669
2019:05:06 14:31:50 888910 2431.5380
2019:05:06 14:31:50 891388 2051.1299
2019:05:06 14:31:50 893933 2054.2182
2019:05:06 14:31:50 895983 1337.5729
2019:05:06 14:31:50 898730 1632.5787
2019:05:06 14:31:50 902035 2480.5553
2019:05:06 14:31:50 904884 2044.5473
2019:05:06 14:31:50 908148 2432.9834
2019:05:06 14:31:50 911436 2459.6192
2019:05:06 14:31:50 913494 1639.1575
2019:05:06 14:31:50 916759 2332.4005
2019:05:06 14:31:50 919211 1629.9933
2019:05:06 14:31:50 922502 2058.8152
2019:05:06 14:31:50 924653 1736.5068
2019:05:06 14:31:50 927838 1649.9758
2019:05:06 14:31:50 931090 2026.7628
2019:05:06 14:31:50 933955 1635.9054
2019:05:06 14:31:50 936832 2037.8307
2019:05:06 14:31:50 938993 2144.9104
2019:05:06 14:31:50 942587 2461.7873
2019:05:06 14:31:50 945444 2458.7139
2019:05:06 14:31:50 948700 2440.6277
2019:05:06 14:31:50 950356 1627.8736
2019:05:06 14:31:50 954443 2449.9148
2019:05:06 14:31:50 956894 2038.3261
2019:05:06 14:31:50 960176 2047.5946
2019:05:06 14:31:50 962637 1638.5242
2019:05:06 14:31:50 966314 2460.4313
2019:05:06 14:31:50 968782 2054.5088
2019:05:06 14:31:50 971646 2436.0716
2019:05:06 14:31:50 974918 2449.7025
2019:05:06 14:31:50 977374 2029.1880
2019:05:06 14:31:50 981061 3264.7960
2019:05:06 14:31:50 983106 1617.4465
2019:05:06 14:31:50 986387 2044.7895
2019:05:06 14:31:50 988849 1225.9781
2019:05:06 14:31:50 992121 2052.2550
2019:05:06 14:31:50 995001 1639.6195
2019:05:06 14:31:50 997861 2040.3415
2019:05:06 14:31:51 1537 2857.2194
2019:05:06 14:31:51 3589 2025.6899
2019:05:06 14:31:51 7288 2456.9891
2019:05:06 14:31:51 10140 2431.9664
2019:05:06 14:31:51 12617 1953.8067
2019:05:06 14:31:51 16278 2429.7982
2019:05:06 14:31:51 18337 1639.9808
2019:05:06 14:31:51 21621 1657.5083
2019:05:06 14:31:51 24473 2443.6042
2019:05:06 14:31:51 27750 2041.8912
2019:05:06 14:31:51 29798 1637.6041
2019:05:06 14:31:51 33188 2128.9662
2019:05:06 14:31:51 35236 1318.2946
2019:05:06 14:31:51 39216 2426.5014
2019:05:06 14:31:51 41282 1943.5622
2019:05:06 14:31:51 44957 1637.9207
2019:05:06 14:31:51 47827 2856.0050
2019:05:06 14:31:51 50692 1231.5512
2019:05:06 14:31:51 53562 2042.4053
2019:05:06 14:31:51 56434 1649.2791
2019:05:06 14:31:51 58912 1661.2150
2019:05:06 14:31:51 61755 2039.7529
2019:05:06 14:31:51 64628 1636.1773
2019:05:06 14:31:51 67075 2028.4913
2019:05:06 14:31:51 69549 1629.1216
2019:05:06 14:31:51 71586 1626.1898
2019:05:06 14:31:51 73639 1644.2053
2019:05:06 14:31:51 75686 1643.4491
2019:05:06 14:31:51 78158 1659.9260
2019:05:06 14:31:51 80183 1226.3618
2019:05:06 14:31:51 82239 1942.2956
2019:05:06 14:31:51 85101 1622.5800
2019:05:06 14:31:51 87146 1617.4801
2019:05:06 14:31:51 89612 1640.5135
2019:05:06 14:31:51 91251 829.0336
2019:05:06 14:31:51 93698 1622.9302
2019:05:06 14:31:51 95757 1242.4625
2019:05:06 14:31:51 98207 2047.0992
2019:05:06 14:31:51 100266 1638.3156
2019:05:06 14:31:51 102721 1947.8016
2019:05:06 14:31:51 104871 1736.0263
2019:05:06 14:31:51 106814 1228.5933
2019:05:06 14:31:51 108861 1237.0832
2019:05:06 14:31:51 110508 1630.6415
2019:05:06 14:31:51 113064 1328.9824
2019:05:06 14:31:51 115417 1643.5608
2019:05:06 14:31:51 117874 2037.5997
2019:05:06 14:31:51 119925 1635.9538
2019:05:06 14:31:51 122378 1633.2231
2019:05:06 14:31:51 124821 1637.4364
2019:05:06 14:31:51 126470 1225.8105
2019:05:06 14:31:51 128935 1241.1401
2019:05:06 14:31:51 130593 851.2400
2019:05:06 14:31:51 133028 2042.5692
2019:05:06 14:31:51 135878 1623.0978
2019:05:06 14:31:51 138367 1655.5972
2019:05:06 14:31:51 139995 1238.2641
2019:05:06 14:31:51 142433 1626.2233
2019:05:06 14:31:51 144498 1645.4346
2019:05:06 14:31:51 146960 2055.7493
2019:05:06 14:31:51 149413 1644.4288
2019:05:06 14:31:51 151870 1227.4981
2019:05:06 14:31:51 154020 932.9505
2019:05:06 14:31:51 156361 2041.3660
2019:05:06 14:31:51 158436 843.2902
2019:05:06 14:31:51 160473 2019.9604
2019:05:06 14:31:51 162919 1633.7708
2019:05:06 14:31:51 165408 1265.7680
2019:05:06 14:31:51 168251 2047.3264
2019:05:06 14:31:51 170316 1636.5573
2019:05:06 14:31:51 172348 1644.3990
2019:05:06 14:31:51 174408 1239.3557
2019:05:06 14:31:51 176438 1224.2757
2019:05:06 14:31:51 178495 1247.0521
2019:05:06 14:31:51 180934 2049.8373
2019:05:06 14:31:51 182685 1731.6304
2019:05:06 14:31:51 185443 2028.2231
2019:05:06 14:31:51 186686 1218.1588
2019:05:06 14:31:51 189154 1239.4190
2019:05:06 14:31:51 191586 1628.6783
2019:05:06 14:31:51 194063 1652.2110
2019:05:06 14:31:51 195712 1629.7549
2019:05:06 14:31:51 198137 1620.3672
2019:05:06 14:31:51 199798 1245.1075
2019:05:06 14:31:51 202252 1247.2644
2019:05:06 14:31:51 205100 2047.2482
2019:05:06 14:31:51 207148 2010.4274
2019:05:06 14:31:51 209314 1752.1568
2019:05:06 14:31:51 211368 1755.9156
2019:05:06 14:31:51 212493 821.4116
2019:05:06 14:31:51 214525 1225.1101
2019:05:06 14:31:51 215766 818.8039
2019:05:06 14:31:51 217004 832.5651
2019:05:06 14:31:51 218637 835.5975
2019:05:06 14:31:51 220287 843.1934
2019:05:06 14:31:51 221925 1241.7398
2019:05:06 14:31:51 223560 829.4061
2019:05:06 14:31:51 225203 1253.3329
2019:05:06 14:31:51 227223 1618.7765
2019:05:06 14:31:51 228450 806.0075
2019:05:06 14:31:51 229703 1237.8432
2019:05:06 14:31:51 231324 1538.3214
2019:05:06 14:31:51 232966 1223.9367
2019:05:06 14:31:51 234608 1216.3147
2019:05:06 14:31:51 235838 825.9490
2019:05:06 14:31:51 237878 1232.0615
2019:05:06 14:31:51 239501 1223.2885
2019:05:06 14:31:51 240737 823.6244
2019:05:06 14:31:51 242069 514.2875
2019:05:06 14:31:51 243614 835.1021
2019:05:06 14:31:51 244850 838.9540
2019:05:06 14:31:51 246487 1231.6257
2019:05:06 14:31:51 248117 1227.9786
2019:05:06 14:31:51 249356 827.6664
2019:05:06 14:31:51 251389 1231.3761
2019:05:06 14:31:51 252618 1221.2247
2019:05:06 14:31:51 254254 1213.6623
2019:05:06 14:31:51 255488 821.5085
2019:05:06 14:31:51 257129 829.8904
2019:05:06 14:31:51 258766 827.9905
2019:05:06 14:31:51 260397 822.3802
2019:05:06 14:31:51 262033 1223.1320
2019:05:06 14:31:51 263279 1234.9524
2019:05:06 14:31:51 264910 1236.1445
2019:05:06 14:31:51 266553 1245.0963
2019:05:06 14:31:51 268182 1229.5172
2019:05:06 14:31:51 269820 813.1936
2019:05:06 14:31:51 271056 827.2603
2019:05:06 14:31:51 272701 838.7379
2019:05:06 14:31:51 274330 830.1251
2019:05:06 14:31:51 275568 836.8604
2019:05:06 14:31:51 276811 846.8330
2019:05:06 14:31:51 278044 855.7178
2019:05:06 14:31:51 279268 851.1655
2019:05:06 14:31:51 280500 854.9802
2019:05:06 14:31:51 282132 1247.5327
2019:05:06 14:31:51 283749 825.9229
2019:05:06 14:31:51 284993 847.5296
2019:05:06 14:31:51 285814 811.4390
2019:05:06 14:31:51 287047 825.6175
2019:05:06 14:31:51 288256 817.0493
2019:05:06 14:31:51 289492 818.8374
2019:05:06 14:31:51 290713 815.6411
2019:05:06 14:31:51 291580 473.4322
2019:05:06 14:31:51 293154 814.4416
2019:05:06 14:31:51 294392 1231.2047
2019:05:06 14:31:51 295217 808.1570
2019:05:06 14:31:51 296462 825.2785
2019:05:06 14:31:51 297741 485.8226
2019:05:06 14:31:51 299306 819.2994
2019:05:06 14:31:51 300542 827.1337
2019:05:06 14:31:51 301781 824.7904
2019:05:06 14:31:51 303011 830.5162
2019:05:06 14:31:51 304228 811.5657
2019:05:06 14:31:51 305470 820.1227
2019:05:06 14:31:51 307099 828.8324
2019:05:06 14:31:51 307959 459.8275
2019:05:06 14:31:51 309541 820.5213
2019:05:06 14:31:51 310376 821.0391
2019:05:06 14:31:51 311615 832.5987
2019:05:06 14:31:51 313241 1175.8469
2019:05:06 14:31:51 314071 812.7242
2019:05:06 14:31:51 315291 825.3716
2019:05:06 14:31:51 316167 469.4797
2019:05:06 14:31:51 318142 817.7608
2019:05:06 14:31:51 319382 826.8207
2019:05:06 14:31:51 320254 459.9728
2019:05:06 14:31:51 321826 805.6536
2019:05:06 14:31:51 322673 833.8876
2019:05:06 14:31:51 324294 812.7950
2019:05:06 14:31:51 325114 814.1808
2019:05:06 14:31:51 326743 1214.4670
2019:05:06 14:31:51 327576 822.0598
2019:05:06 14:31:51 328456 480.3613
2019:05:06 14:31:51 329621 825.8335
2019:05:06 14:31:51 330845 822.9166
2019:05:06 14:31:51 331679 822.1418
2019:05:06 14:31:51 333310 811.2863
2019:05:06 14:31:51 334130 807.2220
2019:05:06 14:31:51 335350 821.5383
2019:05:06 14:31:51 336579 824.1758
2019:05:06 14:31:51 337421 783.1715
2019:05:06 14:31:51 338653 842.1913
2019:05:06 14:31:51 339855 817.4293
2019:05:06 14:31:51 340732 472.2290
2019:05:06 14:31:51 341905 826.4706
2019:05:06 14:31:51 342772 463.3293
2019:05:06 14:31:51 343952 826.7201
2019:05:06 14:31:51 344789 829.7451
2019:05:06 14:31:51 346011 835.5714
2019:05:06 14:31:51 346879 466.6820
2019:05:06 14:31:51 348052 829.6184
2019:05:06 14:31:51 348919 467.7251
2019:05:06 14:31:51 350103 833.6045
2019:05:06 14:31:51 350936 436.4140
2019:05:06 14:31:51 352143 825.9900
2019:05:06 14:31:51 353374 829.0596
2019:05:06 14:31:51 354198 815.2351
2019:05:06 14:31:51 355060 463.4745
2019:05:06 14:31:51 356243 832.2336
