
# OSU MPI Allreduce Latency Test v5.6.1
# Size       Avg Latency(us)
256                   496.07
2019:05:06 14:26:20 4376 416.8525
2019:05:06 14:26:20 5191 416.1187
2019:05:06 14:26:20 6008 802.8634
2019:05:06 14:26:20 6818 796.7912
2019:05:06 14:26:20 7251 410.7766
2019:05:06 14:26:20 8054 504.5570
2019:05:06 14:26:20 8878 810.1314
2019:05:06 14:26:20 9607 714.5405
2019:05:06 14:26:20 10116 494.5472
2019:05:06 14:26:20 10937 420.9876
2019:05:06 14:26:20 11648 315.1037
2019:05:06 14:26:20 12565 412.7733
2019:05:06 14:26:20 13401 424.6309
2019:05:06 14:26:20 14193 777.4569
2019:05:06 14:26:20 15010 802.6622
2019:05:06 14:26:20 15437 410.0464
2019:05:06 14:26:20 16245 504.6241
2019:05:06 14:26:20 17069 809.8856
2019:05:06 14:26:20 17796 713.0988
2019:05:06 14:26:20 18307 497.8031
2019:05:06 14:26:20 19128 420.7864
2019:05:06 14:26:20 19838 312.7493
2019:05:06 14:26:20 20755 411.7601
2019:05:06 14:26:20 21575 419.2106
2019:05:06 14:26:20 22392 802.0885
2019:05:06 14:26:20 23213 808.3992
2019:05:06 14:26:20 23940 713.7433
2019:05:06 14:26:20 24451 497.0804
2019:05:06 14:26:20 25271 419.6726
2019:05:06 14:26:20 25983 312.6562
2019:05:06 14:26:20 26899 411.1119
2019:05:06 14:26:20 27717 417.1059
2019:05:06 14:26:20 28044 314.2171
2019:05:06 14:26:20 28948 416.0963
2019:05:06 14:26:20 29767 418.9461
2019:05:06 14:26:20 30583 801.1125
2019:05:06 14:26:20 31411 815.8386
2019:05:06 14:26:20 32125 708.5763
2019:05:06 14:26:20 32638 501.1596
2019:05:06 14:26:20 33466 423.1483
2019:05:06 14:26:20 34175 313.5502
2019:05:06 14:26:20 35097 408.2099
2019:05:06 14:26:20 35910 412.0097
2019:05:06 14:26:20 36723 500.4182
2019:05:06 14:26:20 37540 417.4225
2019:05:06 14:26:20 38265 319.8199
2019:05:06 14:26:20 38783 504.9892
2019:05:06 14:26:20 39603 422.6230
2019:05:06 14:26:20 40315 318.7209
2019:05:06 14:26:20 40832 502.8211
2019:05:06 14:26:20 41657 419.1548
2019:05:06 14:26:20 42366 314.4294
2019:05:06 14:26:20 42882 503.5475
2019:05:06 14:26:20 43703 420.1755
2019:05:06 14:26:20 44413 313.4012
2019:05:06 14:26:20 45329 412.2481
2019:05:06 14:26:20 46148 419.1846
2019:05:06 14:26:20 46473 313.8818
2019:05:06 14:26:20 47378 418.8046
2019:05:06 14:26:20 48195 420.3357
2019:05:06 14:26:20 48522 313.4497
2019:05:06 14:26:20 49427 417.4076
2019:05:06 14:26:20 50242 415.2693
2019:05:06 14:26:20 51053 796.1728
2019:05:06 14:26:20 51871 803.5600
2019:05:06 14:26:20 52299 411.5961
2019:05:06 14:26:20 53105 503.1005
2019:05:06 14:26:20 53930 811.7519
2019:05:06 14:26:20 54355 412.4790
2019:05:06 14:26:20 55164 510.7075
2019:05:06 14:26:20 55988 419.5459
2019:05:06 14:26:20 56701 314.2804
2019:05:06 14:26:20 57618 413.2167
2019:05:06 14:26:20 58436 419.7583
2019:05:06 14:26:20 58762 313.4273
2019:05:06 14:26:20 59665 419.5161
2019:05:06 14:26:20 60479 416.3198
2019:05:06 14:26:20 60804 310.3651
2019:05:06 14:26:20 61714 421.6954
2019:05:06 14:26:20 62527 415.3363
2019:05:06 14:26:20 62854 313.0063
2019:05:06 14:26:20 63755 413.2167
2019:05:06 14:26:20 64575 416.4167
2019:05:06 14:26:20 64900 313.2001
2019:05:06 14:26:20 65809 407.0923
2019:05:06 14:26:20 66626 420.3506
2019:05:06 14:26:20 66954 315.2266
2019:05:06 14:26:20 67857 415.8728
2019:05:06 14:26:20 68674 416.3794
2019:05:06 14:26:20 69002 315.9456
2019:05:06 14:26:20 69904 414.4125
2019:05:06 14:26:20 70723 416.7594
2019:05:06 14:26:20 71544 807.8702
2019:05:06 14:26:20 72361 804.3647
2019:05:06 14:26:20 72785 412.3040
2019:05:06 14:26:20 73601 512.5888
2019:05:06 14:26:20 74815 807.9037
2019:05:06 14:26:20 75656 827.6552
2019:05:06 14:26:20 76477 815.9988
2019:05:06 14:26:20 77182 696.9087
2019:05:06 14:26:20 77710 514.8128
2019:05:06 14:26:20 78904 800.7251
2019:05:06 14:26:20 79750 823.8889
2019:05:06 14:26:20 80570 812.0574
2019:05:06 14:26:20 81293 715.5612
2019:05:06 14:26:20 81801 500.5896
2019:05:06 14:26:20 82624 425.7038
2019:05:06 14:26:20 83347 326.3168
2019:05:06 14:26:20 84248 398.7439
2019:05:06 14:26:20 85065 399.3288
2019:05:06 14:26:20 85895 505.7715
2019:05:06 14:26:20 86716 812.9142
2019:05:06 14:26:20 87435 711.8993
2019:05:06 14:26:20 87944 501.2080
2019:05:06 14:26:20 88766 423.5134
2019:05:06 14:26:20 89491 326.9762
2019:05:06 14:26:20 90391 400.6773
2019:05:06 14:26:20 91211 400.9902
2019:05:06 14:26:20 92040 506.8630
2019:05:06 14:26:20 92859 814.0393
2019:05:06 14:26:20 93581 713.9184
2019:05:06 14:26:20 94091 502.6199
2019:05:06 14:26:20 94912 425.1301
2019:05:06 14:26:20 95630 322.4760
2019:05:06 14:26:20 96535 399.1015
2019:05:06 14:26:20 97360 406.8837
2019:05:06 14:26:20 98181 502.3256
2019:05:06 14:26:20 99004 815.5107
2019:05:06 14:26:20 99724 712.6704
2019:05:06 14:26:20 100229 497.9633
2019:05:06 14:26:20 101058 428.2556
2019:05:06 14:26:20 101779 325.8996
2019:05:06 14:26:20 102678 400.7109
2019:05:06 14:26:20 103497 399.0829
2019:05:06 14:26:20 104325 506.4532
2019:05:06 14:26:20 105144 811.8786
2019:05:06 14:26:20 105869 717.7368
2019:05:06 14:26:20 106378 501.5954
2019:05:06 14:26:20 107201 426.8289
2019:05:06 14:26:20 107922 326.0486
2019:05:06 14:26:20 108821 401.1802
2019:05:06 14:26:20 109645 401.8471
2019:05:06 14:26:20 110469 509.1019
2019:05:06 14:26:20 111274 799.2350
2019:05:06 14:26:20 112011 722.3934
2019:05:06 14:26:20 112523 504.7806
2019:05:06 14:26:20 113337 418.7189
2019:05:06 14:26:20 114054 320.8481
2019:05:06 14:26:20 114965 418.4991
2019:05:06 14:26:20 115786 415.3885
2019:05:06 14:26:20 116609 512.4025
2019:05:06 14:26:20 117437 423.8449
2019:05:06 14:26:20 118151 323.9065
2019:05:06 14:26:20 119059 417.1990
2019:05:06 14:26:20 119882 415.8020
2019:05:06 14:26:20 120704 510.7969
2019:05:06 14:26:20 121532 423.4016
2019:05:06 14:26:20 122241 319.2462
2019:05:06 14:26:20 123158 400.5320
2019:05:06 14:26:20 123978 400.5618
2019:05:06 14:26:20 124806 523.1574
2019:05:06 14:26:20 125611 799.6000
2019:05:06 14:26:20 126032 404.9130
2019:05:06 14:26:20 126830 502.4262
2019:05:06 14:26:20 127644 798.9965
2019:05:06 14:26:20 128073 409.6739
2019:05:06 14:26:20 128873 508.6213
2019:05:06 14:26:20 129688 800.5090
2019:05:06 14:26:20 130116 410.1656
2019:05:06 14:26:20 130919 505.3431
2019:05:06 14:26:20 131736 802.8522
2019:05:06 14:26:20 132159 403.9183
2019:05:06 14:26:20 132966 508.9976
2019:05:06 14:26:20 133784 805.1507
2019:05:06 14:26:20 134216 414.3529
2019:05:06 14:26:20 135029 501.0590
2019:05:06 14:26:20 135835 792.9057
2019:05:06 14:26:20 136263 414.6397
2019:05:06 14:26:20 137070 502.6013
2019:05:06 14:26:20 137883 798.6203
2019:05:06 14:26:20 138311 411.5738
2019:05:06 14:26:20 139126 511.0167
2019:05:06 14:26:20 139931 798.5085
2019:05:06 14:26:20 140358 413.8052
2019:05:06 14:26:20 141162 498.7158
2019:05:06 14:26:20 141979 804.6515
2019:05:06 14:26:20 142405 408.6047
2019:05:06 14:26:20 143212 509.1280
2019:05:06 14:26:20 144027 799.8124
2019:05:06 14:26:20 144458 416.8786
2019:05:06 14:26:20 145261 501.3756
2019:05:06 14:26:20 146076 800.7698
2019:05:06 14:26:20 146503 410.7915
2019:05:06 14:26:20 147308 505.5889
2019:05:06 14:26:20 148122 799.4063
2019:05:06 14:26:20 148553 416.7370
2019:05:06 14:26:20 149362 508.0663
2019:05:06 14:26:20 150171 792.2761
2019:05:06 14:26:20 150598 412.9782
2019:05:06 14:26:20 151401 498.6487
2019:05:06 14:26:20 152218 804.4578
2019:05:06 14:26:20 152645 413.3582
2019:05:06 14:26:20 153454 503.2234
2019:05:06 14:26:20 154267 798.1397
2019:05:06 14:26:20 154694 412.9373
2019:05:06 14:26:20 155500 502.1170
2019:05:06 14:26:20 156314 798.4936
2019:05:06 14:26:20 156744 415.2358
2019:05:06 14:26:20 157547 504.6576
2019:05:06 14:26:20 158363 799.3765
2019:05:06 14:26:20 158795 418.5736
2019:05:06 14:26:20 159609 514.8314
2019:05:06 14:26:20 160432 419.2106
2019:05:06 14:26:20 161145 314.9062
2019:05:06 14:26:20 162063 420.6561
2019:05:06 14:26:20 162871 412.6318
2019:05:06 14:26:20 163205 318.8439
2019:05:06 14:26:20 164109 416.3794
2019:05:06 14:26:20 164926 420.3618
2019:05:06 14:26:20 165253 314.8243
2019:05:06 14:26:20 166157 415.0793
2019:05:06 14:26:20 166974 420.8572
2019:05:06 14:26:20 167795 807.1065
2019:05:06 14:26:20 168602 799.1754
2019:05:06 14:26:20 169030 414.2821
2019:05:06 14:26:20 169833 503.5400
2019:05:06 14:26:20 170650 799.5293
2019:05:06 14:26:20 171078 413.6302
2019:05:06 14:26:20 171881 498.4811
2019:05:06 14:26:20 172698 805.0427
2019:05:06 14:26:20 173124 411.3652
2019:05:06 14:26:20 173928 497.5013
2019:05:06 14:26:20 174745 804.4355
2019:05:06 14:26:20 175173 412.0208
2019:05:06 14:26:20 175980 502.4858
2019:05:06 14:26:20 176793 798.4415
2019:05:06 14:26:20 177224 416.4241
2019:05:06 14:26:20 178027 501.1149
2019:05:06 14:26:20 178841 799.0301
2019:05:06 14:26:20 179269 414.9750
2019:05:06 14:26:20 180075 502.1878
2019:05:06 14:26:20 180889 799.1903
2019:05:06 14:26:20 181320 417.3033
2019:05:06 14:26:20 182124 500.6790
2019:05:06 14:26:20 182939 802.0177
2019:05:06 14:26:20 183368 416.2826
2019:05:06 14:26:20 184171 502.6720
2019:05:06 14:26:20 184985 799.7863
2019:05:06 14:26:20 185414 412.5610
2019:05:06 14:26:20 186220 502.1207
2019:05:06 14:26:20 187033 801.3658
2019:05:06 14:26:20 187459 411.9053
2019:05:06 14:26:20 188267 509.3552
2019:05:06 14:26:20 189081 799.9502
2019:05:06 14:26:20 189514 419.6353
2019:05:06 14:26:20 190316 502.7615
2019:05:06 14:26:20 191129 798.3297
2019:05:06 14:26:20 191557 416.0032
2019:05:06 14:26:20 192363 501.8227
2019:05:06 14:26:20 193177 799.9577
2019:05:06 14:26:20 193609 418.2309
2019:05:06 14:26:20 194421 514.4738
2019:05:06 14:26:20 195244 423.4351
2019:05:06 14:26:20 195955 313.5428
2019:05:06 14:26:20 196876 420.7306
2019:05:06 14:26:20 197688 414.8856
2019:05:06 14:26:20 198019 317.0893
2019:05:06 14:26:20 198923 420.3431
2019:05:06 14:26:20 199741 420.3245
2019:05:06 14:26:20 200068 314.2841
2019:05:06 14:26:20 200971 419.8626
2019:05:06 14:26:20 201779 408.7724
2019:05:06 14:26:20 202110 313.4683
2019:05:06 14:26:20 203019 420.7119
2019:05:06 14:26:20 203836 420.2314
2019:05:06 14:26:20 204647 796.5118
2019:05:06 14:26:20 205466 807.2294
2019:05:06 14:26:20 205895 410.8176
2019:05:06 14:26:20 206698 505.5889
2019:05:06 14:26:20 207512 798.0242
2019:05:06 14:26:20 207943 411.3391
2019:05:06 14:26:20 208746 506.1068
2019:05:06 14:26:20 209562 802.0662
2019:05:06 14:26:20 209991 406.0045
2019:05:06 14:26:20 210794 506.0956
2019:05:06 14:26:20 211609 799.2014
2019:05:06 14:26:20 212040 410.9964
2019:05:06 14:26:20 212842 505.4213
2019:05:06 14:26:20 213657 802.0960
2019:05:06 14:26:20 214086 406.5000
2019:05:06 14:26:20 214891 506.2222
2019:05:06 14:26:20 215704 798.4787
2019:05:06 14:26:20 216136 411.3391
2019:05:06 14:26:20 216938 506.5016
2019:05:06 14:26:20 217753 802.4164
2019:05:06 14:26:20 218182 407.8485
2019:05:06 14:26:20 218983 502.1691
2019:05:06 14:26:20 219800 801.8948
2019:05:06 14:26:20 220231 417.5082
2019:05:06 14:26:20 221030 498.8424
2019:05:06 14:26:20 221848 803.5973
2019:05:06 14:26:20 222277 414.5131
2019:05:06 14:26:20 223090 511.0204
2019:05:06 14:26:20 223895 798.1919
2019:05:06 14:26:20 224329 421.1925
2019:05:06 14:26:20 225128 500.9845
2019:05:06 14:26:20 225943 802.6958
2019:05:06 14:26:20 226372 411.3577
2019:05:06 14:26:20 227177 504.6651
2019:05:06 14:26:20 227991 801.1349
2019:05:06 14:26:20 228418 411.0225
2019:05:06 14:26:20 229221 497.4715
2019:05:06 14:26:20 230038 805.9815
2019:05:06 14:26:20 230468 413.8499
2019:05:06 14:26:20 231269 503.4581
2019:05:06 14:26:20 232086 804.8974
2019:05:06 14:26:20 232516 415.0309
2019:05:06 14:26:20 233331 517.5769
2019:05:06 14:26:20 234138 800.1700
2019:05:06 14:26:20 234570 417.8025
2019:05:06 14:26:20 235377 508.8523
2019:05:06 14:26:20 236200 421.6582
2019:05:06 14:26:20 236916 314.0606
2019:05:06 14:26:20 237826 413.1719
2019:05:06 14:26:20 238650 419.0840
2019:05:06 14:26:20 238979 314.8913
2019:05:06 14:26:20 239874 413.7419
2019:05:06 14:26:20 240697 419.2665
2019:05:06 14:26:20 241510 798.6054
2019:05:06 14:26:20 242327 802.3530
2019:05:06 14:26:20 242759 415.8057
2019:05:06 14:26:20 243568 511.4004
2019:05:06 14:26:20 244389 419.1436
2019:05:06 14:26:20 245107 315.2229
2019:05:06 14:26:20 246024 418.8530
2019:05:06 14:26:20 246840 418.2756
2019:05:06 14:26:20 247652 797.3500
2019:05:06 14:26:20 248471 804.8713
2019:05:06 14:26:20 248904 419.1287
2019:05:06 14:26:20 249716 516.5897
2019:05:06 14:26:20 250533 412.8404
2019:05:06 14:26:20 251249 317.7300
2019:05:06 14:26:20 251763 500.2879
2019:05:06 14:26:20 252583 421.2596
2019:05:06 14:26:20 253293 311.5758
2019:05:06 14:26:20 253811 503.7114
2019:05:06 14:26:20 254632 422.2579
2019:05:06 14:26:20 255342 311.5498
2019:05:06 14:26:20 255858 501.2564
2019:05:06 14:26:20 256676 418.4246
2019:05:06 14:26:20 257397 317.8976
2019:05:06 14:26:20 258312 419.8551
2019:05:06 14:26:20 259128 418.7599
2019:05:06 14:26:20 259451 309.7318
2019:05:06 14:26:20 260359 419.8663
2019:05:06 14:26:20 261177 419.7881
2019:05:06 14:26:20 261988 797.1451
2019:05:06 14:26:20 262809 806.7340
2019:05:06 14:26:20 263239 418.1378
2019:05:06 14:26:20 264049 510.6293
2019:05:06 14:26:20 264869 419.7136
2019:05:06 14:26:20 265587 315.5097
2019:05:06 14:26:20 266498 414.8446
2019:05:06 14:26:20 267320 415.1538
2019:05:06 14:26:20 268131 796.3292
2019:05:06 14:26:20 268950 806.9761
2019:05:06 14:26:20 269388 421.2670
2019:05:06 14:26:20 270194 514.3024
2019:05:06 14:26:20 271015 420.9653
2019:05:06 14:26:20 271730 314.0457
2019:05:06 14:26:20 272647 420.4065
2019:05:06 14:26:20 273465 420.1457
2019:05:06 14:26:20 274274 794.4442
2019:05:06 14:26:20 275092 806.3987
2019:05:06 14:26:20 275523 415.1911
2019:05:06 14:26:20 276326 505.1419
2019:05:06 14:26:20 277144 805.4338
2019:05:06 14:26:20 277578 420.6486
2019:05:06 14:26:20 278385 514.3285
2019:05:06 14:26:20 279207 422.2579
2019:05:06 14:26:20 279918 313.8036
2019:05:06 14:26:20 280839 420.6523
2019:05:06 14:26:20 281657 420.2127
2019:05:06 14:26:20 282466 794.3287
2019:05:06 14:26:20 283288 810.6790
2019:05:06 14:26:20 283720 418.4395
2019:05:06 14:26:20 284529 511.3073
2019:05:06 14:26:20 285353 425.6070
2019:05:06 14:26:20 286066 314.6008
2019:05:06 14:26:20 286982 420.0302
2019:05:06 14:26:20 287798 418.1340
2019:05:06 14:26:20 288610 798.2738
2019:05:06 14:26:20 289429 804.3423
2019:05:06 14:26:20 289855 410.4525
2019:05:06 14:26:20 290661 505.5368
2019:05:06 14:26:20 291476 801.0231
2019:05:06 14:26:20 291910 416.1112
2019:05:06 14:26:20 292718 507.8763
2019:05:06 14:26:20 293544 423.8896
2019:05:06 14:26:20 294258 314.7833
2019:05:06 14:26:20 295168 414.5093
2019:05:06 14:26:20 295992 420.1941
2019:05:06 14:26:20 296804 798.2999
2019:05:06 14:26:20 297621 804.1859
2019:05:06 14:26:20 298054 413.7680
2019:05:06 14:26:20 298853 501.8003
2019:05:06 14:26:20 299668 802.2152
2019:05:06 14:26:20 300097 411.6446
2019:05:06 14:26:20 300897 498.5556
2019:05:06 14:26:20 301717 805.2289
2019:05:06 14:26:20 302145 407.3270
2019:05:06 14:26:20 302943 496.5328
2019:05:06 14:26:20 303760 802.2673
2019:05:06 14:26:20 304185 409.5435
2019:05:06 14:26:20 304993 507.9880
2019:05:06 14:26:20 305808 801.3211
2019:05:06 14:26:20 306240 408.9177
2019:05:06 14:26:20 307044 501.7109
2019:05:06 14:26:20 307859 802.7628
2019:05:06 14:26:20 308287 414.2411
2019:05:06 14:26:20 309110 519.8047
2019:05:06 14:26:20 309907 789.1543
2019:05:06 14:26:20 310333 411.9053
2019:05:06 14:26:20 311137 499.4161
2019:05:06 14:26:20 311955 804.1449
2019:05:06 14:26:20 312385 417.6982
2019:05:06 14:26:20 313195 509.8172
2019:05:06 14:26:20 314004 794.8428
2019:05:06 14:26:20 314435 416.1112
2019:05:06 14:26:20 315248 515.2412
2019:05:06 14:26:20 316071 417.1208
2019:05:06 14:26:20 316783 311.9633
2019:05:06 14:26:20 317295 498.7828
2019:05:06 14:26:20 318119 423.4053
2019:05:06 14:26:20 318831 315.2378
2019:05:06 14:26:20 319345 500.3847
2019:05:06 14:26:20 320165 421.7178
2019:05:06 14:26:20 320878 314.9770
2019:05:06 14:26:20 321395 503.0110
2019:05:06 14:26:20 322212 421.3043
2019:05:06 14:26:20 322927 315.7668
2019:05:06 14:26:20 323441 500.6641
2019:05:06 14:26:20 324261 422.3473
2019:05:06 14:26:20 324974 314.8392
2019:05:06 14:26:20 325490 501.7594
2019:05:06 14:26:20 326307 420.6896
2019:05:06 14:26:20 327019 312.6599
2019:05:06 14:26:20 327535 506.0062
2019:05:06 14:26:20 328353 418.9461
2019:05:06 14:26:20 329072 315.1707
2019:05:06 14:26:20 329988 419.0132
2019:05:06 14:26:20 330805 419.5459
2019:05:06 14:26:20 331616 796.4000
2019:05:06 14:26:20 332434 806.2348
2019:05:06 14:26:20 332864 415.0011
2019:05:06 14:26:20 333669 506.4607
2019:05:06 14:26:20 334491 808.7680
2019:05:06 14:26:20 334906 400.6810
2019:05:06 14:26:20 335712 508.5729
2019:05:06 14:26:20 336530 803.5041
2019:05:06 14:26:20 336960 415.0793
2019:05:06 14:26:20 337770 509.3813
2019:05:06 14:26:20 338581 798.0950
2019:05:06 14:26:20 339011 416.4875
2019:05:06 14:26:20 339822 511.0130
2019:05:06 14:26:20 340643 421.6582
2019:05:06 14:26:20 341364 319.1531
2019:05:06 14:26:20 342275 419.0877
2019:05:06 14:26:20 343093 419.3485
2019:05:06 14:26:20 343903 795.9232
2019:05:06 14:26:20 344725 810.4220
2019:05:06 14:26:20 345156 417.5305
2019:05:06 14:26:20 345966 512.0933
2019:05:06 14:26:20 346787 420.8572
2019:05:06 14:26:20 347503 313.8110
2019:05:06 14:26:20 348420 420.7455
2019:05:06 14:26:20 349232 414.7999
2019:05:06 14:26:20 349559 317.0855
2019:05:06 14:26:20 350461 413.5072
2019:05:06 14:26:20 351285 418.7748
2019:05:06 14:26:20 352095 795.5953
2019:05:06 14:26:20 352913 803.6271
2019:05:06 14:26:20 353347 418.8344
2019:05:06 14:26:20 354146 502.1542
2019:05:06 14:26:20 354965 805.0054
2019:05:06 14:26:20 355395 417.1208
2019:05:06 14:26:20 356203 509.4633
2019:05:06 14:26:20 357026 420.5927
2019:05:06 14:26:20 357743 314.8317
2019:05:06 14:26:20 358659 419.7098
2019:05:06 14:26:20 359477 419.9557
2019:05:06 14:26:20 360286 794.9360
2019:05:06 14:26:20 361105 806.9724
2019:05:06 14:26:20 361541 417.6721
2019:05:06 14:26:20 362350 514.1534
2019:05:06 14:26:20 363170 421.3639
2019:05:06 14:26:20 363882 312.6152
2019:05:06 14:26:20 364804 412.9820
2019:05:06 14:26:20 365622 421.1850
2019:05:06 14:26:20 366434 797.2568
2019:05:06 14:26:20 367248 801.0641
2019:05:06 14:26:20 367675 416.3720
2019:05:06 14:26:20 368489 509.8991
2019:05:06 14:26:20 369296 799.3318
2019:05:06 14:26:20 369730 420.6672
2019:05:06 14:26:20 370536 509.4521
2019:05:06 14:26:20 371344 794.0866
2019:05:06 14:26:20 371774 416.3347
2019:05:06 14:26:20 372575 499.3342
2019:05:06 14:26:20 373394 802.9304
2019:05:06 14:26:20 373822 415.6791
2019:05:06 14:26:20 374623 501.9419
2019:05:06 14:26:20 375440 803.3961
2019:05:06 14:26:20 375874 418.6034
2019:05:06 14:26:20 376673 500.9286
2019:05:06 14:26:20 377493 806.7228
2019:05:06 14:26:20 377923 416.0255
2019:05:06 14:26:20 378733 510.8044
2019:05:06 14:26:20 379552 413.3694
2019:05:06 14:26:20 380267 317.8157
2019:05:06 14:26:20 380782 502.0723
2019:05:06 14:26:20 381600 421.0547
2019:05:06 14:26:20 382316 313.8557
2019:05:06 14:26:20 383234 420.2090
2019:05:06 14:26:20 384052 419.9781
2019:05:06 14:26:20 384861 796.3404
2019:05:06 14:26:20 385681 805.2886
2019:05:06 14:26:20 386112 413.7456
2019:05:06 14:26:20 386924 515.4572
2019:05:06 14:26:20 387742 418.8716
2019:05:06 14:26:20 388460 312.9132
2019:05:06 14:26:20 389373 415.4965
2019:05:06 14:26:20 390195 419.7806
2019:05:06 14:26:20 391009 799.6894
2019:05:06 14:26:20 391824 802.3754
2019:05:06 14:26:20 392253 411.6967
2019:05:06 14:26:20 393057 503.2346
2019:05:06 14:26:20 393871 801.1460
2019:05:06 14:26:20 394301 411.1454
2019:05:06 14:26:20 395105 507.1126
2019:05:06 14:26:20 395920 802.7963
2019:05:06 14:26:20 396349 410.0576
2019:05:06 14:26:20 397150 502.9514
2019:05:06 14:26:20 397968 804.6813
2019:05:06 14:26:20 398395 406.1274
2019:05:06 14:26:20 399197 502.4821
2019:05:06 14:26:20 400015 806.0522
2019:05:06 14:26:20 400450 421.4123
2019:05:06 14:26:20 401259 511.6239
2019:05:06 14:26:20 402084 417.2288
2019:05:06 14:26:20 402796 313.0697
2019:05:06 14:26:20 403714 420.6002
2019:05:06 14:26:20 404532 420.9951
2019:05:06 14:26:20 405348 802.2524
2019:05:06 14:26:20 406159 798.7060
2019:05:06 14:26:20 406593 420.6561
2019:05:06 14:26:20 407406 513.4493
2019:05:06 14:26:20 408226 417.3815
2019:05:06 14:26:20 408938 311.6056
2019:05:06 14:26:20 409859 420.7939
2019:05:06 14:26:20 410668 412.8478
2019:05:06 14:26:20 411001 318.8103
2019:05:06 14:26:20 411904 415.8132
2019:05:06 14:26:20 412725 420.3022
2019:05:06 14:26:20 413537 798.2776
2019:05:06 14:26:20 414356 805.6834
2019:05:06 14:26:20 414784 411.4397
2019:05:06 14:26:20 415591 510.2158
2019:05:06 14:26:20 416398 799.5963
2019:05:06 14:26:20 416825 411.9948
2019:05:06 14:26:20 417641 511.5420
2019:05:06 14:26:20 418446 797.1600
2019:05:06 14:26:20 418879 416.1522
2019:05:06 14:26:20 419693 514.3248
2019:05:06 14:26:20 420515 419.0728
2019:05:06 14:26:20 421226 315.4017
2019:05:06 14:26:20 421741 501.8450
2019:05:06 14:26:20 422558 420.5517
2019:05:06 14:26:20 423275 315.9679
2019:05:06 14:26:20 424192 419.5124
2019:05:06 14:26:20 425008 418.4172
2019:05:06 14:26:20 425832 811.0590
2019:05:06 14:26:20 426638 797.4841
2019:05:06 14:26:20 427064 412.3263
2019:05:06 14:26:20 427879 510.5361
2019:05:06 14:26:20 428686 798.7358
2019:05:06 14:26:20 429120 417.9440
2019:05:06 14:26:20 429935 516.5674
2019:05:06 14:26:20 430754 417.6721
2019:05:06 14:26:20 431467 314.3735
2019:05:06 14:26:20 432377 414.1517
2019:05:06 14:26:20 433197 416.2379
2019:05:06 14:26:20 433529 320.8369
2019:05:06 14:26:20 434426 414.1964
2019:05:06 14:26:20 435247 417.7876
2019:05:06 14:26:20 436059 798.4266
2019:05:06 14:26:20 436877 805.8883
2019:05:06 14:26:20 437308 417.5268
2019:05:06 14:26:20 438122 513.4419
2019:05:06 14:26:20 438944 422.9397
2019:05:06 14:26:20 439657 322.0513
2019:05:06 14:26:20 440174 503.0893
2019:05:06 14:26:20 440993 424.2808
2019:05:06 14:26:20 441702 317.4879
2019:05:06 14:26:20 442213 496.4694
2019:05:06 14:26:20 443039 424.3217
2019:05:06 14:26:20 443743 315.5917
2019:05:06 14:26:20 444260 503.1265
2019:05:06 14:26:20 445084 425.1897
2019:05:06 14:26:20 445787 311.4194
2019:05:06 14:26:20 446304 502.4709
2019:05:06 14:26:20 447121 806.0485
2019:05:06 14:26:20 447550 413.9729
2019:05:06 14:26:20 448352 503.0781
2019:05:06 14:26:20 449168 803.7724
2019:05:06 14:26:20 449602 420.0898
2019:05:06 14:26:20 450411 511.4749
2019:05:06 14:26:20 451231 415.5189
2019:05:06 14:26:20 451947 314.6231
2019:05:06 14:26:20 452863 420.0414
2019:05:06 14:26:20 453676 415.1277
2019:05:06 14:26:20 454007 316.5230
2019:05:06 14:26:20 454912 420.3394
2019:05:06 14:26:20 455730 421.2558
2019:05:06 14:26:20 456050 307.0161
2019:05:06 14:26:20 456959 420.3245
2019:05:06 14:26:20 457774 412.3263
2019:05:06 14:26:20 458100 314.2580
2019:05:06 14:26:20 459000 412.2443
2019:05:06 14:26:20 459825 420.3618
2019:05:06 14:26:20 460152 314.6082
2019:05:06 14:26:20 461048 413.2763
2019:05:06 14:26:20 461873 420.7678
2019:05:06 14:26:20 462199 313.7812
2019:05:06 14:26:20 463097 413.2278
2019:05:06 14:26:20 463920 419.8328
2019:05:06 14:26:20 464733 798.8103
2019:05:06 14:26:20 465549 802.7926
2019:05:06 14:26:20 465981 411.8532
2019:05:06 14:26:20 466783 505.6188
2019:05:06 14:26:20 467596 801.0156
2019:05:06 14:26:20 468027 409.5323
2019:05:06 14:26:20 468830 505.9466
2019:05:06 14:26:20 469646 801.5521
2019:05:06 14:26:20 470073 404.7304
2019:05:06 14:26:20 470875 502.3591
2019:05:06 14:26:20 471692 802.6809
2019:05:06 14:26:20 472122 414.5727
2019:05:06 14:26:20 472924 502.4262
2019:05:06 14:26:20 473744 416.5135
2019:05:06 14:26:20 474468 318.8848
2019:05:06 14:26:20 474989 506.8183
2019:05:06 14:26:20 475810 425.6628
2019:05:06 14:26:20 476520 321.8055
2019:05:06 14:26:20 477037 503.1414
2019:05:06 14:26:20 477856 423.3830
2019:05:06 14:26:20 478568 322.1668
2019:05:06 14:26:20 479079 496.9053
2019:05:06 14:26:20 479897 424.0833
2019:05:06 14:26:20 480600 310.6147
2019:05:06 14:26:20 481118 492.5355
2019:05:06 14:26:20 481936 806.3167
2019:05:06 14:26:20 482367 412.3151
2019:05:06 14:26:20 483171 508.2488
2019:05:06 14:26:20 483993 424.9215
2019:05:06 14:26:20 484697 312.4066
2019:05:06 14:26:20 485217 502.4821
2019:05:06 14:26:20 486045 421.2372
2019:05:06 14:26:20 486761 317.3426
2019:05:06 14:26:20 487678 419.9222
2019:05:06 14:26:20 488489 413.9468
2019:05:06 14:26:20 488822 319.7826
2019:05:06 14:26:20 489727 421.2186
2019:05:06 14:26:20 490544 420.2910
2019:05:06 14:26:20 491365 807.3300
2019:05:06 14:26:20 492172 798.9630
2019:05:06 14:26:20 492599 414.3752
2019:05:06 14:26:20 493407 504.2106
2019:05:06 14:26:20 494219 798.9891
2019:05:06 14:26:20 494647 412.9745
2019:05:06 14:26:20 495453 506.3564
2019:05:06 14:26:20 496268 800.3004
2019:05:06 14:26:20 496701 415.6716
2019:05:06 14:26:20 497499 500.8504
2019:05:06 14:26:20 498315 802.2524
2019:05:06 14:26:20 498739 407.3046
2019:05:06 14:26:20 499545 512.6037
2019:05:06 14:26:20 500358 800.6617
2019:05:06 14:26:20 500788 403.5011
2019:05:06 14:26:20 501587 507.1051
2019:05:06 14:26:20 502407 796.7688
2019:05:06 14:26:20 502843 410.0613
2019:05:06 14:26:20 503634 506.0062
2019:05:06 14:26:20 504454 796.1057
2019:05:06 14:26:20 504881 407.0401
2019:05:06 14:26:20 505691 510.5138
2019:05:06 14:26:20 506506 801.0082
2019:05:06 14:26:20 506938 417.0686
2019:05:06 14:26:20 507741 505.8385
2019:05:06 14:26:20 508559 805.2364
2019:05:06 14:26:20 508989 417.2772
2019:05:06 14:26:20 509790 506.9710
2019:05:06 14:26:20 510607 803.3514
2019:05:06 14:26:20 511037 415.7610
2019:05:06 14:26:20 511848 511.4973
2019:05:06 14:26:20 512668 422.6230
2019:05:06 14:26:20 513384 320.8295
2019:05:06 14:26:20 513899 498.8648
2019:05:06 14:26:20 514714 413.8611
2019:05:06 14:26:20 515430 317.9312
2019:05:06 14:26:20 515944 501.6662
2019:05:06 14:26:20 516762 414.0213
2019:05:06 14:26:20 517476 319.7603
2019:05:06 14:26:20 517992 501.7743
2019:05:06 14:26:20 518813 422.7124
2019:05:06 14:26:20 519524 314.2133
2019:05:06 14:26:20 520444 419.3597
2019:05:06 14:26:20 521255 412.9559
2019:05:06 14:26:20 521591 321.6900
2019:05:06 14:26:20 522492 419.4938
2019:05:06 14:26:20 523304 413.9617
2019:05:06 14:26:20 523636 317.5177
2019:05:06 14:26:20 524540 418.8232
2019:05:06 14:26:20 525362 424.5751
2019:05:06 14:26:20 525681 306.1928
2019:05:06 14:26:20 526587 419.4230
2019:05:06 14:26:20 527399 412.8367
2019:05:06 14:26:20 527732 318.3484
2019:05:06 14:26:20 528636 418.6034
2019:05:06 14:26:20 529455 421.5576
2019:05:06 14:26:20 530264 793.3974
2019:05:06 14:26:20 531082 804.7856
2019:05:06 14:26:20 531508 408.9996
2019:05:06 14:26:20 532312 509.6346
2019:05:06 14:26:20 533133 808.9021
2019:05:06 14:26:20 533567 415.5673
2019:05:06 14:26:20 534366 502.5417
2019:05:06 14:26:20 535192 418.2532
2019:05:06 14:26:20 535911 313.3975
2019:05:06 14:26:20 536426 423.4836
2019:05:06 14:26:20 537248 419.6800
2019:05:06 14:26:20 537959 312.6189
2019:05:06 14:26:20 538875 419.0095
2019:05:06 14:26:20 539693 410.5195
2019:05:06 14:26:20 540019 314.5151
2019:05:06 14:26:20 540917 416.4800
2019:05:06 14:26:20 541739 418.5438
2019:05:06 14:26:20 542063 311.6205
2019:05:06 14:26:20 542573 425.9124
2019:05:06 14:26:20 543394 416.2565
2019:05:06 14:26:20 544103 313.8967
2019:05:06 14:26:20 545019 420.9355
2019:05:06 14:26:20 545837 414.9638
2019:05:06 14:26:20 546643 791.7769
2019:05:06 14:26:20 547465 809.9042
2019:05:06 14:26:20 547893 413.8723
2019:05:06 14:26:20 548692 495.6350
2019:05:06 14:26:20 549514 807.4492
2019:05:06 14:26:20 549944 416.6700
2019:05:06 14:26:20 550744 499.7626
2019:05:06 14:26:20 551560 802.3642
2019:05:06 14:26:20 551988 413.0490
2019:05:06 14:26:20 552806 513.2109
2019:05:06 14:26:20 553612 416.6923
2019:05:06 14:26:20 554337 318.9519
2019:05:06 14:26:20 554855 505.0749
2019:05:06 14:26:20 555673 413.7792
2019:05:06 14:26:20 556388 318.4751
2019:05:06 14:26:20 556908 505.6150
2019:05:06 14:26:20 557722 415.2767
2019:05:06 14:26:20 558436 318.3968
2019:05:06 14:26:20 558956 504.9035
2019:05:06 14:26:20 559770 416.9419
2019:05:06 14:26:20 560486 314.1724
2019:05:06 14:26:20 561404 421.5427
2019:05:06 14:26:20 562221 420.5033
2019:05:06 14:26:20 563031 795.7332
2019:05:06 14:26:20 563848 804.9719
2019:05:06 14:26:20 564282 416.9904
2019:05:06 14:26:20 565094 512.1492
2019:05:06 14:26:20 565913 420.1159
2019:05:06 14:26:20 566624 317.8716
2019:05:06 14:26:20 567142 505.9503
2019:05:06 14:26:20 567961 414.7775
2019:05:06 14:26:20 568665 311.0245
2019:05:06 14:26:20 569180 499.2485
2019:05:06 14:26:20 570006 424.2435
2019:05:06 14:26:20 570723 321.8576
2019:05:06 14:26:20 571241 505.8274
2019:05:06 14:26:20 572054 425.1897
2019:05:06 14:26:20 572780 330.7201
2019:05:06 14:26:20 573288 502.8248
2019:05:06 14:26:20 574114 416.6700
2019:05:06 14:26:20 574835 325.9033
2019:05:06 14:26:20 575737 415.4518
2019:05:06 14:26:20 576556 414.5093
2019:05:06 14:26:20 576882 313.6732
2019:05:06 14:26:20 577780 413.9617
2019:05:06 14:26:20 578600 415.9696
2019:05:06 14:26:20 579410 796.4298
2019:05:06 14:26:20 580227 804.8862
2019:05:06 14:26:20 580658 412.9559
2019:05:06 14:26:20 581467 510.5063
2019:05:06 14:26:20 582283 803.5079
2019:05:06 14:26:20 582712 414.4907
2019:05:06 14:26:20 583512 504.6278
2019:05:06 14:26:20 584330 804.6366
2019:05:06 14:26:20 584761 414.7962
2019:05:06 14:26:20 585575 513.9112
2019:05:06 14:26:20 586391 414.0250
2019:05:06 14:26:20 587107 318.7507
2019:05:06 14:26:20 587618 498.9505
2019:05:06 14:26:20 588438 412.9484
2019:05:06 14:26:20 589154 318.1696
2019:05:06 14:26:20 589670 503.5251
2019:05:06 14:26:20 590488 420.8349
2019:05:06 14:26:20 591199 317.8567
2019:05:06 14:26:20 591717 504.9743
2019:05:06 14:26:20 592536 414.7105
2019:05:06 14:26:20 593242 310.5961
2019:05:06 14:26:20 593765 507.8614
2019:05:06 14:26:20 594585 416.3422
2019:05:06 14:26:20 595300 313.8036
2019:05:06 14:26:20 596217 420.0153
2019:05:06 14:26:20 597035 419.6838
2019:05:06 14:26:20 597366 319.2909
2019:05:06 14:26:20 598265 418.0036
2019:05:06 14:26:20 599076 413.6339
2019:05:06 14:26:20 599409 319.4213
2019:05:06 14:26:20 600306 412.6690
2019:05:06 14:26:20 601131 420.5704
2019:05:06 14:26:20 601942 797.1600
2019:05:06 14:26:20 602759 803.5488
2019:05:06 14:26:20 603185 410.0986
2019:05:06 14:26:20 603988 509.0050
2019:05:06 14:26:20 604806 802.7256
2019:05:06 14:26:20 605233 415.4183
2019:05:06 14:26:20 606037 497.8478
2019:05:06 14:26:20 606858 802.4760
2019:05:06 14:26:20 607288 411.9091
2019:05:06 14:26:20 608085 498.0341
2019:05:06 14:26:20 608905 807.4902
2019:05:06 14:26:20 609337 416.4390
2019:05:06 14:26:20 610148 514.6749
2019:05:06 14:26:20 610966 413.5817
2019:05:06 14:26:20 611682 318.5533
2019:05:06 14:26:20 612204 510.1338
2019:05:06 14:26:20 613014 413.0006
2019:05:06 14:26:20 613726 317.6294
2019:05:06 14:26:20 614243 502.4225
2019:05:06 14:26:20 615061 419.9483
2019:05:06 14:26:20 615777 318.8401
2019:05:06 14:26:20 616295 503.9908
2019:05:06 14:26:20 617112 422.4367
2019:05:06 14:26:20 617828 312.9654
2019:05:06 14:26:20 618743 419.2442
2019:05:06 14:26:20 619562 420.4512
2019:05:06 14:26:20 619885 311.0431
2019:05:06 14:26:20 620792 420.1606
2019:05:06 14:26:20 621611 422.2319
2019:05:06 14:26:20 621937 313.4198
2019:05:06 14:26:20 622840 419.0654
2019:05:06 14:26:20 623658 421.2633
2019:05:06 14:26:20 624469 797.0184
2019:05:06 14:26:20 625285 802.0513
2019:05:06 14:26:20 625720 418.6258
2019:05:06 14:26:20 626516 502.3442
2019:05:06 14:26:20 627333 803.7351
2019:05:06 14:26:20 627760 410.5456
2019:05:06 14:26:20 628567 506.3750
2019:05:06 14:26:20 629386 805.6797
2019:05:06 14:26:20 629817 415.6418
2019:05:06 14:26:20 630626 510.8565
2019:05:06 14:26:20 631445 414.1219
2019:05:06 14:26:20 632161 318.8737
2019:05:06 14:26:20 632674 501.0925
2019:05:06 14:26:20 633495 416.0404
2019:05:06 14:26:20 634211 313.7216
2019:05:06 14:26:20 635127 420.2090
2019:05:06 14:26:20 635945 420.1978
2019:05:06 14:26:20 636271 314.5449
2019:05:06 14:26:20 637169 413.9431
2019:05:06 14:26:20 637989 415.2544
2019:05:06 14:26:20 638319 316.0574
2019:05:06 14:26:20 639217 412.9447
2019:05:06 14:26:20 640041 420.2947
2019:05:06 14:26:20 640854 798.9071
2019:05:06 14:26:20 641670 803.0944
2019:05:06 14:26:20 642099 408.1652
2019:05:06 14:26:20 642896 506.8704
2019:05:06 14:26:20 643712 798.5346
2019:05:06 14:26:20 644141 411.0523
2019:05:06 14:26:20 644943 505.4437
2019:05:06 14:26:20 645761 803.8245
2019:05:06 14:26:20 646186 407.4350
2019:05:06 14:26:20 646992 505.9280
2019:05:06 14:26:20 647808 803.8394
2019:05:06 14:26:20 648239 413.6078
2019:05:06 14:26:20 649039 506.8332
2019:05:06 14:26:20 649860 804.2343
2019:05:06 14:26:20 650291 415.8877
2019:05:06 14:26:20 651091 499.0511
2019:05:06 14:26:20 651908 801.6862
2019:05:06 14:26:20 652336 414.1293
2019:05:06 14:26:20 653139 499.0138
2019:05:06 14:26:20 653956 803.3030
2019:05:06 14:26:20 654383 411.5924
2019:05:06 14:26:20 655190 503.1750
2019:05:06 14:26:20 656004 800.4047
2019:05:06 14:26:20 656432 413.1123
2019:05:06 14:26:20 657235 499.2746
2019:05:06 14:26:20 658052 806.0150
2019:05:06 14:26:20 658477 408.4557
2019:05:06 14:26:20 659285 501.7184
2019:05:06 14:26:20 660099 799.5330
2019:05:06 14:26:20 660531 417.4188
2019:05:06 14:26:20 661331 498.8909
2019:05:06 14:26:20 662148 797.8864
2019:05:06 14:26:20 662576 415.3028
2019:05:06 14:26:20 663382 506.3377
2019:05:06 14:26:20 664195 800.7400
2019:05:06 14:26:20 664623 415.1203
2019:05:06 14:26:20 665432 504.8178
2019:05:06 14:26:20 666244 798.5123
2019:05:06 14:26:20 666672 412.7957
2019:05:06 14:26:20 667478 502.5007
2019:05:06 14:26:20 668291 798.0466
2019:05:06 14:26:20 668723 418.0893
2019:05:06 14:26:20 669527 504.3447
2019:05:06 14:26:20 670339 798.4415
2019:05:06 14:26:20 670766 408.5414
2019:05:06 14:26:20 671573 506.2632
2019:05:06 14:26:20 672387 801.0529
2019:05:06 14:26:20 672820 418.3501
2019:05:06 14:26:20 673624 508.7890
2019:05:06 14:26:20 674435 798.9034
2019:05:06 14:26:20 674870 422.4442
2019:05:06 14:26:20 675684 515.6733
2019:05:06 14:26:20 676505 419.6540
2019:05:06 14:26:20 677217 313.9451
2019:05:06 14:26:20 678133 414.1890
2019:05:06 14:26:20 678951 419.9520
2019:05:06 14:26:20 679277 313.6881
2019:05:06 14:26:20 680181 415.8802
2019:05:06 14:26:20 680992 414.0809
2019:05:06 14:26:20 681325 318.7433
2019:05:06 14:26:20 682230 407.0550
2019:05:06 14:26:20 683047 419.8514
2019:05:06 14:26:20 683860 799.4138
2019:05:06 14:26:20 684675 801.6750
2019:05:06 14:26:20 685101 411.9575
2019:05:06 14:26:20 685905 496.7563
2019:05:06 14:26:20 686722 802.7144
2019:05:06 14:26:20 687159 422.5820
2019:05:06 14:26:20 687954 502.3628
2019:05:06 14:26:20 688771 805.0315
2019:05:06 14:26:20 689198 411.7638
2019:05:06 14:26:20 690002 498.5109
2019:05:06 14:26:20 690818 802.2860
2019:05:06 14:26:20 691245 413.3508
2019:05:06 14:26:20 692053 503.3165
2019:05:06 14:26:20 692866 797.2568
2019:05:06 14:26:20 693293 412.4306
2019:05:06 14:26:20 694100 500.5226
2019:05:06 14:26:20 694914 799.6783
2019:05:06 14:26:20 695342 414.0884
2019:05:06 14:26:20 696148 502.2660
2019:05:06 14:26:20 696963 799.7118
2019:05:06 14:26:20 697389 410.4413
2019:05:06 14:26:20 698196 504.8513
2019:05:06 14:26:20 699010 802.1593
2019:05:06 14:26:20 699441 417.1953
2019:05:06 14:26:20 700240 498.4997
2019:05:06 14:26:20 701058 804.6553
2019:05:06 14:26:20 701489 417.9180
2019:05:06 14:26:20 702292 502.5901
2019:05:06 14:26:20 703106 798.7060
2019:05:06 14:26:20 703533 414.1480
2019:05:06 14:26:20 704340 502.1058
2019:05:06 14:26:20 705153 799.9577
2019:05:06 14:26:20 705588 420.0898
2019:05:06 14:26:20 706387 501.3235
2019:05:06 14:26:20 707203 801.2131
2019:05:06 14:26:20 707630 410.9368
2019:05:06 14:26:20 708436 501.9903
2019:05:06 14:26:20 709249 799.2536
2019:05:06 14:26:20 709683 419.8663
2019:05:06 14:26:20 710494 514.8351
2019:05:06 14:26:20 711314 420.0339
2019:05:06 14:26:20 712019 311.3709
2019:05:06 14:26:20 712535 498.5072
2019:05:06 14:26:20 713362 427.7937
2019:05:06 14:26:20 714062 311.2592
2019:05:06 14:26:20 714584 503.1042
2019:05:06 14:26:20 715411 422.0307
2019:05:06 14:26:20 716124 313.6322
2019:05:06 14:26:20 716643 423.6661
2019:05:06 14:26:20 717460 422.8726
2019:05:06 14:26:20 718172 320.5389
2019:05:06 14:26:20 718689 502.7689
2019:05:06 14:26:20 719511 419.6577
2019:05:06 14:26:20 720223 313.6210
2019:05:06 14:26:20 721127 411.2311
2019:05:06 14:26:20 721947 412.5834
2019:05:06 14:26:20 722279 314.5188
2019:05:06 14:26:20 723182 413.7978
2019:05:06 14:26:20 724004 419.2181
2019:05:06 14:26:20 724819 801.1088
2019:05:06 14:26:20 725639 807.1698
2019:05:06 14:26:20 726068 414.7738
2019:05:06 14:26:20 726878 510.9422
2019:05:06 14:26:20 727699 422.4628
2019:05:06 14:26:20 728414 313.0026
2019:05:06 14:26:20 729331 419.9855
2019:05:06 14:26:20 730149 419.2032
2019:05:06 14:26:20 730476 314.5076
2019:05:06 14:26:20 731379 420.5331
2019:05:06 14:26:20 732197 421.1478
2019:05:06 14:26:20 732519 309.2587
2019:05:06 14:26:20 733422 414.7142
2019:05:06 14:26:20 734241 416.1969
2019:05:06 14:26:20 734571 317.0185
2019:05:06 14:26:20 735468 412.6430
2019:05:06 14:26:20 736291 419.4006
2019:05:06 14:26:20 737105 800.0173
2019:05:06 14:26:20 737921 802.9938
2019:05:06 14:26:20 738354 415.6604
2019:05:06 14:26:20 739163 510.7373
2019:05:06 14:26:20 739986 422.5411
2019:05:06 14:26:20 740701 315.1707
2019:05:06 14:26:20 741613 415.0346
2019:05:06 14:26:20 742435 420.1755
2019:05:06 14:26:20 743248 799.5293
2019:05:06 14:26:20 744063 802.4909
2019:05:06 14:26:20 744492 410.3146
2019:05:06 14:26:20 745297 506.5277
2019:05:06 14:26:20 746112 803.2061
2019:05:06 14:26:20 746543 418.0744
2019:05:06 14:26:20 747345 505.4437
2019:05:06 14:26:20 748160 802.1370
2019:05:06 14:26:20 748593 419.9184
2019:05:06 14:26:20 749405 512.4882
2019:05:06 14:26:20 750228 424.3366
2019:05:06 14:26:20 750940 316.4709
2019:05:06 14:26:20 751453 498.2427
2019:05:06 14:26:20 752275 423.3643
2019:05:06 14:26:20 752986 315.8040
2019:05:06 14:26:20 753502 501.0962
2019:05:06 14:26:20 754326 427.3914
2019:05:06 14:26:20 755035 315.7444
2019:05:06 14:26:20 755549 500.7945
2019:05:06 14:26:20 756367 420.2798
2019:05:06 14:26:20 757081 313.0324
2019:05:06 14:26:20 757996 405.1104
2019:05:06 14:26:20 758815 415.8355
2019:05:06 14:26:20 759139 309.9926
2019:05:06 14:26:20 760049 420.3245
2019:05:06 14:26:20 760865 418.4507
2019:05:06 14:26:20 761188 309.2289
2019:05:06 14:26:20 762098 419.4528
2019:05:06 14:26:20 762913 417.9850
2019:05:06 14:26:20 763724 797.3053
2019:05:06 14:26:20 764543 806.4806
2019:05:06 14:26:20 764972 414.9079
2019:05:06 14:26:20 765777 507.7384
2019:05:06 14:26:20 766595 804.0890
2019:05:06 14:26:20 767023 415.2358
2019:05:06 14:26:20 767835 510.9422
2019:05:06 14:26:20 768656 421.9189
2019:05:06 14:26:20 769370 315.7258
2019:05:06 14:26:20 769883 498.8164
2019:05:06 14:26:20 770702 420.7008
2019:05:06 14:26:20 771416 313.1405
2019:05:06 14:26:20 772337 420.7827
2019:05:06 14:26:20 773153 417.8211
2019:05:06 14:26:20 773979 809.2932
2019:05:06 14:26:20 774782 794.2915
2019:05:06 14:26:20 775213 412.6057
2019:05:06 14:26:20 776015 501.2266
2019:05:06 14:26:20 776830 801.4850
2019:05:06 14:26:20 777260 411.2311
2019:05:06 14:26:20 778064 505.8907
2019:05:06 14:26:20 778878 800.9076
2019:05:06 14:26:20 779309 412.7510
2019:05:06 14:26:20 780111 505.4735
2019:05:06 14:26:20 780926 802.5505
2019:05:06 14:26:20 781360 415.6455
2019:05:06 14:26:20 782156 502.3107
2019:05:06 14:26:20 782974 804.0480
2019:05:06 14:26:20 783405 417.3964
2019:05:06 14:26:20 784218 513.9373
2019:05:06 14:26:20 785040 422.2058
2019:05:06 14:26:20 785753 315.4799
2019:05:06 14:26:20 786268 501.5656
2019:05:06 14:26:20 787088 422.6603
2019:05:06 14:26:20 787801 321.8837
2019:05:06 14:26:20 788315 500.1463
2019:05:06 14:26:20 789137 417.3927
2019:05:06 14:26:20 789849 314.1761
2019:05:06 14:26:20 790362 499.0958
2019:05:06 14:26:20 791182 426.9928
2019:05:06 14:26:20 791894 318.1547
2019:05:06 14:26:20 792405 498.9915
2019:05:06 14:26:20 793228 418.5997
2019:05:06 14:26:20 793946 321.3435
2019:05:06 14:26:20 794459 499.0511
2019:05:06 14:26:20 795277 420.2798
2019:05:06 14:26:20 795993 316.9514
2019:05:06 14:26:20 796911 420.0116
2019:05:06 14:26:20 797729 419.8700
2019:05:06 14:26:20 798543 799.5293
2019:05:06 14:26:20 799357 802.2301
2019:05:06 14:26:20 799784 415.0309
2019:05:06 14:26:20 800590 503.1154
2019:05:06 14:26:20 801406 803.6941
2019:05:06 14:26:20 801836 416.7184
2019:05:06 14:26:20 802636 499.5577
2019:05:06 14:26:20 803453 804.0033
2019:05:06 14:26:20 803884 417.6497
2019:05:06 14:26:20 804693 508.0067
2019:05:06 14:26:20 805504 415.4406
2019:05:06 14:26:20 806241 330.3140
2019:05:06 14:26:20 806747 490.6468
2019:05:06 14:26:20 807564 418.5103
2019:05:06 14:26:20 808282 315.9344
2019:05:06 14:26:20 809198 419.6838
2019:05:06 14:26:20 810015 417.1543
2019:05:06 14:26:20 810830 801.1982
2019:05:06 14:26:20 811648 805.7430
2019:05:06 14:26:20 812078 416.0814
2019:05:06 14:26:20 812889 511.4116
2019:05:06 14:26:20 813711 417.1915
2019:05:06 14:26:20 814426 312.7716
2019:05:06 14:26:20 815343 420.5517
2019:05:06 14:26:20 816161 420.2314
2019:05:06 14:26:20 816970 795.6959
2019:05:06 14:26:20 817789 804.7931
2019:05:06 14:26:20 818215 410.2476
2019:05:06 14:26:20 819022 506.8630
2019:05:06 14:26:20 819836 800.6841
2019:05:06 14:26:20 820270 415.4891
2019:05:06 14:26:20 821080 510.5026
2019:05:06 14:26:20 821903 422.3660
2019:05:06 14:26:20 822616 315.8301
2019:05:06 14:26:20 823130 501.0888
2019:05:06 14:26:20 823950 422.0754
2019:05:06 14:26:20 824666 314.5523
2019:05:06 14:26:20 825576 410.9554
2019:05:06 14:26:20 826400 419.8477
2019:05:06 14:26:20 827213 799.1567
2019:05:06 14:26:20 828027 801.0790
2019:05:06 14:26:20 828457 411.0001
2019:05:06 14:26:20 829258 504.0206
2019:05:06 14:26:20 830076 804.0555
2019:05:06 14:26:20 830504 414.9489
2019:05:06 14:26:20 831306 500.4629
2019:05:06 14:26:20 832123 805.7207
2019:05:06 14:26:20 832555 412.6504
2019:05:06 14:26:20 833358 502.2958
2019:05:06 14:26:20 834172 799.7565
2019:05:06 14:26:20 834602 416.7221
2019:05:06 14:26:20 835416 512.3317
2019:05:06 14:26:20 836237 422.1536
2019:05:06 14:26:20 836951 315.7742
2019:05:06 14:26:20 837467 502.3517
2019:05:06 14:26:20 838285 421.9674
2019:05:06 14:26:20 839000 316.0127
2019:05:06 14:26:20 839513 499.7440
2019:05:06 14:26:20 840333 422.0642
2019:05:06 14:26:20 841045 313.3081
2019:05:06 14:26:20 841960 404.8496
2019:05:06 14:26:20 842779 416.3831
2019:05:06 14:26:20 843103 311.2070
2019:05:06 14:26:20 844014 421.1850
2019:05:06 14:26:20 844831 419.6651
2019:05:06 14:26:20 845642 797.1041
2019:05:06 14:26:20 846459 805.3109
2019:05:06 14:26:20 846889 414.9303
2019:05:06 14:26:20 847692 501.9680
2019:05:06 14:26:20 848511 805.3146
2019:05:06 14:26:20 848941 417.5678
2019:05:06 14:26:20 849753 516.1501
2019:05:06 14:26:20 850569 418.9499
2019:05:06 14:26:20 851289 315.6289
2019:05:06 14:26:20 852205 419.9855
2019:05:06 14:26:20 853022 419.3038
2019:05:06 14:26:20 853834 797.9833
2019:05:06 14:26:20 854651 803.1763
2019:05:06 14:26:20 855080 411.8793
2019:05:06 14:26:20 855881 502.4821
2019:05:06 14:26:20 856698 803.7388
2019:05:06 14:26:20 857129 415.5822
2019:05:06 14:26:20 857932 505.0264
2019:05:06 14:26:20 858750 804.4541
2019:05:06 14:26:20 859181 418.7413
2019:05:06 14:26:20 859992 514.2093
2019:05:06 14:26:20 860812 421.0733
2019:05:06 14:26:20 861529 314.7200
2019:05:06 14:26:20 862443 419.0318
2019:05:06 14:26:20 863261 419.2851
2019:05:06 14:26:20 864071 795.9269
2019:05:06 14:26:20 864890 806.6110
2019:05:06 14:26:20 865320 415.0569
2019:05:06 14:26:20 866121 502.9887
2019:05:06 14:26:20 866939 803.9922
2019:05:06 14:26:20 867365 412.1214
2019:05:06 14:26:20 868169 502.5566
2019:05:06 14:26:20 868986 805.8660
2019:05:06 14:26:20 869418 416.3571
2019:05:06 14:26:20 870220 505.2984
2019:05:06 14:26:20 871038 805.1693
2019:05:06 14:26:20 871467 416.0926
2019:05:06 14:26:20 872278 510.7373
2019:05:06 14:26:20 873099 421.1478
2019:05:06 14:26:20 873814 312.5705
2019:05:06 14:26:20 874732 420.8460
2019:05:06 14:26:20 875549 419.1436
2019:05:06 14:26:20 876359 796.5900
2019:05:06 14:26:20 877181 807.6541
2019:05:06 14:26:20 877614 420.8498
2019:05:06 14:26:20 878424 516.4333
2019:05:06 14:26:20 879244 421.3080
2019:05:06 14:26:20 879956 310.4173
2019:05:06 14:26:20 880875 420.1643
2019:05:06 14:26:20 881694 420.1010
2019:05:06 14:26:20 882503 794.9769
2019:05:06 14:26:20 883325 809.5689
2019:05:06 14:26:20 883755 416.8861
2019:05:06 14:26:20 884565 508.7145
2019:05:06 14:26:20 885387 415.6753
2019:05:06 14:26:20 886103 313.4869
2019:05:06 14:26:20 887020 420.5890
2019:05:06 14:26:20 887837 419.4267
2019:05:06 14:26:20 888647 796.3106
2019:05:06 14:26:20 889466 804.9980
2019:05:06 14:26:20 889896 412.9894
2019:05:06 14:26:20 890709 515.0214
2019:05:06 14:26:20 891528 419.2889
2019:05:06 14:26:20 892245 312.4923
2019:05:06 14:26:20 893156 412.4492
2019:05:06 14:26:20 893981 419.1436
2019:05:06 14:26:20 894305 310.6520
2019:05:06 14:26:20 895205 413.8611
2019:05:06 14:26:20 896027 417.7913
2019:05:06 14:26:20 896843 801.6713
2019:05:06 14:26:20 897657 801.9768
2019:05:06 14:26:20 898088 415.2618
2019:05:06 14:26:20 898887 498.9542
2019:05:06 14:26:20 899707 804.6553
2019:05:06 14:26:20 900139 414.1405
2019:05:06 14:26:20 900945 507.3138
2019:05:06 14:26:20 901765 423.3681
2019:05:06 14:26:20 902493 316.6348
2019:05:06 14:26:20 903396 419.4491
2019:05:06 14:26:20 904228 427.4063
2019:05:06 14:26:20 905038 801.4217
2019:05:06 14:26:20 905858 812.9142
2019:05:06 14:26:20 906577 704.9888
2019:05:06 14:26:20 907094 504.0690
2019:05:06 14:26:20 907913 414.7999
2019:05:06 14:26:20 908630 315.4837
2019:05:06 14:26:20 909547 421.6470
2019:05:06 14:26:20 910363 417.8248
2019:05:06 14:26:20 911174 797.0221
2019:05:06 14:26:20 911992 803.7500
2019:05:06 14:26:20 912420 409.9570
2019:05:06 14:26:20 913225 504.5608
2019:05:06 14:26:20 914044 805.9144
2019:05:06 14:26:20 914474 416.4353
2019:05:06 14:26:20 915284 513.2891
2019:05:06 14:26:20 916103 419.2665
2019:05:06 14:26:20 916819 318.6874
2019:05:06 14:26:20 917339 506.1328
2019:05:06 14:26:20 918151 418.8381
2019:05:06 14:26:20 918867 318.3745
2019:05:06 14:26:20 919383 501.7370
2019:05:06 14:26:20 920200 421.0919
2019:05:06 14:26:20 920917 314.9882
2019:05:06 14:26:20 921834 419.1957
2019:05:06 14:26:20 922649 418.3911
2019:05:06 14:26:20 923461 797.3686
2019:05:06 14:26:20 924283 810.5524
2019:05:06 14:26:20 924713 417.2400
2019:05:06 14:26:20 925526 516.7164
2019:05:06 14:26:20 926345 421.3452
2019:05:06 14:26:20 927059 315.4092
2019:05:06 14:26:20 927978 420.9131
2019:05:06 14:26:20 928794 418.7115
2019:05:06 14:26:20 929606 798.2627
2019:05:06 14:26:20 930422 804.4019
2019:05:06 14:26:20 930856 418.4768
2019:05:06 14:26:20 931667 510.9869
2019:05:06 14:26:20 932486 413.0453
2019:05:06 14:26:20 933204 314.6715
2019:05:06 14:26:20 934121 419.5347
2019:05:06 14:26:20 934937 418.0223
2019:05:06 14:26:20 935752 801.5335
2019:05:06 14:26:20 936571 805.5121
2019:05:06 14:26:20 937000 416.3533
2019:05:06 14:26:20 937813 516.5003
2019:05:06 14:26:20 938632 422.0270
2019:05:06 14:26:20 939342 310.9127
2019:05:06 14:26:20 939859 503.9722
2019:05:06 14:26:20 940677 418.7971
2019:05:06 14:26:20 941396 315.2117
2019:05:06 14:26:20 942312 419.7434
2019:05:06 14:26:20 943128 417.2958
2019:05:06 14:26:20 943944 801.2913
2019:05:06 14:26:20 944761 805.0539
2019:05:06 14:26:20 945192 417.7876
2019:05:06 14:26:20 946003 513.1625
2019:05:06 14:26:20 946821 413.1570
2019:05:06 14:26:20 947540 314.0047
2019:05:06 14:26:20 948456 420.1084
2019:05:06 14:26:20 949273 419.6092
2019:05:06 14:26:20 950084 796.7316
2019:05:06 14:26:20 950902 803.9847
2019:05:06 14:26:20 951329 411.6409
2019:05:06 14:26:20 952132 502.6869
2019:05:06 14:26:20 952950 803.9363
2019:05:06 14:26:20 953388 423.4910
2019:05:06 14:26:20 954194 515.3008
2019:05:06 14:26:20 955012 418.8046
2019:05:06 14:26:20 955731 314.8057
2019:05:06 14:26:20 956647 419.1175
2019:05:06 14:26:20 957465 418.9722
2019:05:06 14:26:20 958276 795.9008
2019:05:06 14:26:20 959097 809.4460
2019:05:06 14:26:20 959527 417.2400
2019:05:06 14:26:20 960335 508.5915
2019:05:06 14:26:20 961157 419.6316
2019:05:06 14:26:20 961872 316.9738
2019:05:06 14:26:20 962388 502.5677
2019:05:06 14:26:20 963205 420.2500
2019:05:06 14:26:20 963923 314.7870
2019:05:06 14:26:20 964839 420.2463
2019:05:06 14:26:20 965657 420.0973
2019:05:06 14:26:20 966467 795.1260
2019:05:06 14:26:20 967285 805.7728
2019:05:06 14:26:20 967715 414.6360
2019:05:06 14:26:20 968519 506.1850
2019:05:06 14:26:20 969337 803.9922
2019:05:06 14:26:20 969771 416.1969
2019:05:06 14:26:20 970579 511.5457
2019:05:06 14:26:20 971398 414.2560
2019:05:06 14:26:20 972113 317.9871
2019:05:06 14:26:20 972629 502.1915
2019:05:06 14:26:20 973450 425.2605
2019:05:06 14:26:20 974159 313.2410
2019:05:06 14:26:20 975074 413.5557
2019:05:06 14:26:20 975898 421.1068
2019:05:06 14:26:20 976712 800.1551
2019:05:06 14:26:20 977530 805.4860
2019:05:06 14:26:20 977960 415.4705
2019:05:06 14:26:20 978770 511.0763
2019:05:06 14:26:20 979589 420.3506
2019:05:06 14:26:20 980305 318.0020
2019:05:06 14:26:20 980828 510.3424
2019:05:06 14:26:20 981642 417.6050
2019:05:06 14:26:20 982355 314.1984
2019:05:06 14:26:20 983271 419.2628
2019:05:06 14:26:20 984089 420.2798
2019:05:06 14:26:20 984412 309.8473
2019:05:06 14:26:20 985319 419.7620
2019:05:06 14:26:20 986134 415.5710
2019:05:06 14:26:20 986459 311.9446
2019:05:06 14:26:20 987360 411.9650
2019:05:06 14:26:20 988182 416.7296
2019:05:06 14:26:20 988505 311.5721
2019:05:06 14:26:20 989410 414.0250
2019:05:06 14:26:20 990233 420.2984
2019:05:06 14:26:20 991047 799.6559
2019:05:06 14:26:20 991860 800.2371
2019:05:06 14:26:20 992291 410.0837
2019:05:06 14:26:20 993095 506.2222
2019:05:06 14:26:20 993909 800.3972
2019:05:06 14:26:20 994340 416.6141
2019:05:06 14:26:20 995142 506.1552
2019:05:06 14:26:20 995957 799.6112
2019:05:06 14:26:20 996389 411.2981
2019:05:06 14:26:20 997186 501.3458
2019:05:06 14:26:20 998004 806.7787
2019:05:06 14:26:20 998432 409.5510
2019:05:06 14:26:20 999236 503.8790
2019:05:06 14:26:21 52 801.1907
2019:05:06 14:26:21 483 417.3294
2019:05:06 14:26:21 1284 499.9638
2019:05:06 14:26:21 2100 804.5249
2019:05:06 14:26:21 2533 417.4598
2019:05:06 14:26:21 3331 498.6897
2019:05:06 14:26:21 4148 798.9742
2019:05:06 14:26:21 4575 415.8467
2019:05:06 14:26:21 5380 500.9174
2019:05:06 14:26:21 6196 802.0103
2019:05:06 14:26:21 6623 410.4078
2019:05:06 14:26:21 7431 509.9252
2019:05:06 14:26:21 8243 799.1008
2019:05:06 14:26:21 8676 411.5999
2019:05:06 14:26:21 9480 507.8018
2019:05:06 14:26:21 10291 797.3388
2019:05:06 14:26:21 10721 414.2188
2019:05:06 14:26:21 11531 510.9459
2019:05:06 14:26:21 12339 795.0328
2019:05:06 14:26:21 12767 413.2502
2019:05:06 14:26:21 13572 500.0383
2019:05:06 14:26:21 14388 798.0987
2019:05:06 14:26:21 14819 413.0714
2019:05:06 14:26:21 15618 498.2166
2019:05:06 14:26:21 16436 803.1204
2019:05:06 14:26:21 16863 413.5929
2019:05:06 14:26:21 17672 505.6262
2019:05:06 14:26:21 18484 798.9481
2019:05:06 14:26:21 18914 417.3107
2019:05:06 14:26:21 19714 498.3582
2019:05:06 14:26:21 20531 798.9332
2019:05:06 14:26:21 20959 413.8947
2019:05:06 14:26:21 21764 504.6278
2019:05:06 14:26:21 22579 801.3435
2019:05:06 14:26:21 23011 417.4821
2019:05:06 14:26:21 23833 521.2799
2019:05:06 14:26:21 24628 787.8356
2019:05:06 14:26:21 25055 416.1894
2019:05:06 14:26:21 25858 494.4094
2019:05:06 14:26:21 26675 804.8862
2019:05:06 14:26:21 27106 409.6366
2019:05:06 14:26:21 27927 520.3821
2019:05:06 14:26:21 28723 788.3832
2019:05:06 14:26:21 29151 414.4348
2019:05:06 14:26:21 29977 520.9781
2019:05:06 14:26:21 30771 786.6174
2019:05:06 14:26:21 31199 414.0139
2019:05:06 14:26:21 32004 501.4017
2019:05:06 14:26:21 32818 801.6601
2019:05:06 14:26:21 33250 417.5827
2019:05:06 14:26:21 34070 518.6051
2019:05:06 14:26:21 34867 789.8510
2019:05:06 14:26:21 35293 411.7601
2019:05:06 14:26:21 36101 502.2399
2019:05:06 14:26:21 36915 798.8922
2019:05:06 14:26:21 37341 414.6844
2019:05:06 14:26:21 38149 501.7184
2019:05:06 14:26:21 38963 798.9071
2019:05:06 14:26:21 39390 412.6318
2019:05:06 14:26:21 40206 512.0039
2019:05:06 14:26:21 41013 416.0851
2019:05:06 14:26:21 41738 316.0574
2019:05:06 14:26:21 42259 506.1105
2019:05:06 14:26:21 43078 417.7243
2019:05:06 14:26:21 43792 319.6038
2019:05:06 14:26:21 44304 500.2394
2019:05:06 14:26:21 45126 417.8323
2019:05:06 14:26:21 45839 317.8641
2019:05:06 14:26:21 46351 499.7328
2019:05:06 14:26:21 47172 421.7476
2019:05:06 14:26:21 47887 316.9850
2019:05:06 14:26:21 48804 419.5832
2019:05:06 14:26:21 49624 422.0493
2019:05:06 14:26:21 50436 798.2105
2019:05:06 14:26:21 51250 801.4962
2019:05:06 14:26:21 51679 411.1864
2019:05:06 14:26:21 52491 509.2174
2019:05:06 14:26:21 53298 793.1553
2019:05:06 14:26:21 53727 415.3475
2019:05:06 14:26:21 54529 500.6045
2019:05:06 14:26:21 55346 803.1353
2019:05:06 14:26:21 55774 412.6318
2019:05:06 14:26:21 56581 503.1973
2019:05:06 14:26:21 57395 801.6266
2019:05:06 14:26:21 57824 414.7477
2019:05:06 14:26:21 58624 503.0632
2019:05:06 14:26:21 59442 803.1689
2019:05:06 14:26:21 59876 416.3273
2019:05:06 14:26:21 60687 511.7171
2019:05:06 14:26:21 61507 415.0048
2019:05:06 14:26:21 62221 317.3687
2019:05:06 14:26:21 62731 498.0154
2019:05:06 14:26:21 63555 415.5934
2019:05:06 14:26:21 64271 313.8892
2019:05:06 14:26:21 65187 419.3969
2019:05:06 14:26:21 66006 419.9892
2019:05:06 14:26:21 66328 310.5216
2019:05:06 14:26:21 67235 419.0132
2019:05:06 14:26:21 68053 419.4304
2019:05:06 14:26:21 68379 314.4704
2019:05:06 14:26:21 69283 418.5401
2019:05:06 14:26:21 70098 414.3938
2019:05:06 14:26:21 70423 313.1330
2019:05:06 14:26:21 71325 413.9207
2019:05:06 14:26:21 72145 416.3831
2019:05:06 14:26:21 72471 313.8036
2019:05:06 14:26:21 73374 414.9452
2019:05:06 14:26:21 74197 419.5608
2019:05:06 14:26:21 74525 315.3458
2019:05:06 14:26:21 75421 413.2763
2019:05:06 14:26:21 76235 411.2981
2019:05:06 14:26:21 76565 311.9260
2019:05:06 14:26:21 77476 421.2670
2019:05:06 14:26:21 78293 415.9361
2019:05:06 14:26:21 79100 793.9190
2019:05:06 14:26:21 79917 803.1912
2019:05:06 14:26:21 80345 410.4525
2019:05:06 14:26:21 81148 505.5256
2019:05:06 14:26:21 81965 802.3642
2019:05:06 14:26:21 82387 403.5868
2019:05:06 14:26:21 83200 509.3776
2019:05:06 14:26:21 84016 806.2199
2019:05:06 14:26:21 84446 415.9138
2019:05:06 14:26:21 85248 499.6322
2019:05:06 14:26:21 86065 805.3742
2019:05:06 14:26:21 86493 413.9766
2019:05:06 14:26:21 87295 498.9617
2019:05:06 14:26:21 88112 802.7032
2019:05:06 14:26:21 88540 412.5722
2019:05:06 14:26:21 89351 506.6916
2019:05:06 14:26:21 90161 795.3905
2019:05:06 14:26:21 90596 417.2623
2019:05:06 14:26:21 91410 515.7255
2019:05:06 14:26:21 92229 418.4879
2019:05:06 14:26:21 92941 313.3677
2019:05:06 14:26:21 93852 412.9075
2019:05:06 14:26:21 94676 419.5832
2019:05:06 14:26:21 95487 799.0189
2019:05:06 14:26:21 96304 803.0646
2019:05:06 14:26:21 96732 412.0320
2019:05:06 14:26:21 97536 503.6779
2019:05:06 14:26:21 98351 802.9342
2019:05:06 14:26:21 98783 412.1847
2019:05:06 14:26:21 99586 502.2548
2019:05:06 14:26:21 100400 799.5367
2019:05:06 14:26:21 100832 415.2395
2019:05:06 14:26:21 101632 500.0457
2019:05:06 14:26:21 102451 807.8441
2019:05:06 14:26:21 102883 414.4013
2019:05:06 14:26:21 103687 505.3803
2019:05:06 14:26:21 104515 430.0810
2019:05:06 14:26:21 105217 315.7295
2019:05:06 14:26:21 105736 504.3074
2019:05:06 14:26:21 106558 424.2398
2019:05:06 14:26:21 107271 314.3400
2019:05:06 14:26:21 107789 504.4080
2019:05:06 14:26:21 108609 422.3771
2019:05:06 14:26:21 109324 316.1170
2019:05:06 14:26:21 110242 418.9275
2019:05:06 14:26:21 111060 420.6263
2019:05:06 14:26:21 111386 313.5353
2019:05:06 14:26:21 112290 416.3273
2019:05:06 14:26:21 113106 419.1622
2019:05:06 14:26:21 113921 800.8182
2019:05:06 14:26:21 114736 801.4664
2019:05:06 14:26:21 115162 415.2767
2019:05:06 14:26:21 115966 499.5018
2019:05:06 14:26:21 116783 804.2753
2019:05:06 14:26:21 117215 417.1990
2019:05:06 14:26:21 118024 507.2132
2019:05:06 14:26:21 118834 416.5098
2019:05:06 14:26:21 119560 319.2797
2019:05:06 14:26:21 120076 506.1403
2019:05:06 14:26:21 120899 424.5229
2019:05:06 14:26:21 121613 316.8844
2019:05:06 14:26:21 122124 497.3374
2019:05:06 14:26:21 122946 416.6290
2019:05:06 14:26:21 123658 318.1994
2019:05:06 14:26:21 124175 504.6539
2019:05:06 14:26:21 124996 426.1844
2019:05:06 14:26:21 125703 310.2496
2019:05:06 14:26:21 126219 503.5438
2019:05:06 14:26:21 127041 422.2579
2019:05:06 14:26:21 127756 317.2867
2019:05:06 14:26:21 128672 420.1047
2019:05:06 14:26:21 129492 421.4086
2019:05:06 14:26:21 130301 794.3287
2019:05:06 14:26:21 131119 803.3402
2019:05:06 14:26:21 131550 417.3256
2019:05:06 14:26:21 132348 497.5721
2019:05:06 14:26:21 133166 803.7873
2019:05:06 14:26:21 133599 419.0654
2019:05:06 14:26:21 134397 499.2224
2019:05:06 14:26:21 135214 803.0869
2019:05:06 14:26:21 135642 413.5855
2019:05:06 14:26:21 136445 498.9877
2019:05:06 14:26:21 137262 804.9384
2019:05:06 14:26:21 137696 419.8067
2019:05:06 14:26:21 138492 498.0639
2019:05:06 14:26:21 139310 805.1731
2019:05:06 14:26:21 139737 411.5216
2019:05:06 14:26:21 140544 502.1058
2019:05:06 14:26:21 141362 805.3035
2019:05:06 14:26:21 141792 412.8739
2019:05:06 14:26:21 142600 511.8698
2019:05:06 14:26:21 143424 421.8481
2019:05:06 14:26:21 144140 315.5880
2019:05:06 14:26:21 145056 420.3692
2019:05:06 14:26:21 145874 419.0989
2019:05:06 14:26:21 146196 310.4135
2019:05:06 14:26:21 147105 420.0079
2019:05:06 14:26:21 147922 419.9073
2019:05:06 14:26:21 148732 796.1877
2019:05:06 14:26:21 149550 806.2199
2019:05:06 14:26:21 149981 414.4721
2019:05:06 14:26:21 150784 503.1526
2019:05:06 14:26:21 151601 805.2140
2019:05:06 14:26:21 152033 416.7035
2019:05:06 14:26:21 152843 514.8612
2019:05:06 14:26:21 153666 424.4000
2019:05:06 14:26:21 154375 313.5614
2019:05:06 14:26:21 155289 413.5482
2019:05:06 14:26:21 156109 416.6812
2019:05:06 14:26:21 156434 312.0825
2019:05:06 14:26:21 157337 413.6451
2019:05:06 14:26:21 158161 418.7934
2019:05:06 14:26:21 158975 799.1455
2019:05:06 14:26:21 159789 802.2524
2019:05:06 14:26:21 160221 413.0974
2019:05:06 14:26:21 161023 502.4336
2019:05:06 14:26:21 161837 799.1269
2019:05:06 14:26:21 162268 410.9368
2019:05:06 14:26:21 163071 505.9913
2019:05:06 14:26:21 163885 799.9465
2019:05:06 14:26:21 164316 415.6008
2019:05:06 14:26:21 165119 502.1133
2019:05:06 14:26:21 165934 802.5989
2019:05:06 14:26:21 166364 413.1868
2019:05:06 14:26:21 167164 502.8211
2019:05:06 14:26:21 167981 804.0257
2019:05:06 14:26:21 168408 414.3976
2019:05:06 14:26:21 169214 501.3421
2019:05:06 14:26:21 170029 799.7826
2019:05:06 14:26:21 170455 412.8478
2019:05:06 14:26:21 171263 503.0334
2019:05:06 14:26:21 172076 800.8182
2019:05:06 14:26:21 172505 413.9952
2019:05:06 14:26:21 173307 498.9617
2019:05:06 14:26:21 174124 803.3141
2019:05:06 14:26:21 174556 414.0474
2019:05:06 14:26:21 175355 498.7009
2019:05:06 14:26:21 176172 802.3754
2019:05:06 14:26:21 176605 417.9552
2019:05:06 14:26:21 177405 503.9051
2019:05:06 14:26:21 178221 801.5074
2019:05:06 14:26:21 178652 417.4449
2019:05:06 14:26:21 179465 511.6984
2019:05:06 14:26:21 180289 424.9327
2019:05:06 14:26:21 181000 315.3719
2019:05:06 14:26:21 181515 500.9770
2019:05:06 14:26:21 182336 417.3703
2019:05:06 14:26:21 183048 318.3745
2019:05:06 14:26:21 183564 504.2702
2019:05:06 14:26:21 184383 423.4537
2019:05:06 14:26:21 185095 314.8802
2019:05:06 14:26:21 185614 507.0306
2019:05:06 14:26:21 186433 417.8435
2019:05:06 14:26:21 187144 318.7172
2019:05:06 14:26:21 187661 504.7917
2019:05:06 14:26:21 188480 424.5192
2019:05:06 14:26:21 189191 314.8504
2019:05:06 14:26:21 189706 501.8823
2019:05:06 14:26:21 190525 420.9988
2019:05:06 14:26:21 191242 317.5065
2019:05:06 14:26:21 192158 420.3953
2019:05:06 14:26:21 192969 414.0884
2019:05:06 14:26:21 193296 312.2017
2019:05:06 14:26:21 194199 412.7175
2019:05:06 14:26:21 195020 416.0367
2019:05:06 14:26:21 195350 319.1754
2019:05:06 14:26:21 196256 420.9355
2019:05:06 14:26:21 197075 420.9056
2019:05:06 14:26:21 197882 501.6886
2019:05:06 14:26:21 198699 803.8580
2019:05:06 14:26:21 199126 411.2348
2019:05:06 14:26:21 199933 502.5864
2019:05:06 14:26:21 200747 799.7192
2019:05:06 14:26:21 201176 411.9948
2019:05:06 14:26:21 201979 498.9989
2019:05:06 14:26:21 202798 415.8057
2019:05:06 14:26:21 203523 318.2441
2019:05:06 14:26:21 204040 506.6320
2019:05:06 14:26:21 204862 423.6810
2019:05:06 14:26:21 205577 317.3053
2019:05:06 14:26:21 206092 500.8802
2019:05:06 14:26:21 206913 425.5921
2019:05:06 14:26:21 207623 315.8636
2019:05:06 14:26:21 208135 499.9526
2019:05:06 14:26:21 208959 417.1319
2019:05:06 14:26:21 209672 315.3719
2019:05:06 14:26:21 210188 500.7535
2019:05:06 14:26:21 211007 423.8524
2019:05:06 14:26:21 211719 315.2005
2019:05:06 14:26:21 212232 500.0047
2019:05:06 14:26:21 213054 416.6625
2019:05:06 14:26:21 213767 317.4469
2019:05:06 14:26:21 214281 500.7349
2019:05:06 14:26:21 215100 421.9003
2019:05:06 14:26:21 215814 315.7184
2019:05:06 14:26:21 216332 504.0467
2019:05:06 14:26:21 217150 424.1094
2019:05:06 14:26:21 217863 314.4108
2019:05:06 14:26:21 218374 499.3007
2019:05:06 14:26:21 219199 418.3389
2019:05:06 14:26:21 219911 313.0846
2019:05:06 14:26:21 220423 500.1910
2019:05:06 14:26:21 221246 416.6774
2019:05:06 14:26:21 221958 319.7640
2019:05:06 14:26:21 222476 506.0844
2019:05:06 14:26:21 223293 422.5783
2019:05:06 14:26:21 224006 315.4390
2019:05:06 14:26:21 224522 502.3144
2019:05:06 14:26:21 225342 423.8226
2019:05:06 14:26:21 226052 312.1458
2019:05:06 14:26:21 226966 413.7494
2019:05:06 14:26:21 227784 414.3305
2019:05:06 14:26:21 228117 318.6874
2019:05:06 14:26:21 229020 420.2127
2019:05:06 14:26:21 229838 419.9296
2019:05:06 14:26:21 230648 795.4985
2019:05:06 14:26:21 231466 805.8548
2019:05:06 14:26:21 231898 415.4295
2019:05:06 14:26:21 232700 502.9552
2019:05:06 14:26:21 233519 804.9011
2019:05:06 14:26:21 233948 415.0234
2019:05:06 14:26:21 234747 504.8625
2019:05:06 14:26:21 235565 803.4967
2019:05:06 14:26:21 235997 417.4039
2019:05:06 14:26:21 236807 515.9862
2019:05:06 14:26:21 237630 424.0163
2019:05:06 14:26:21 238340 313.7700
2019:05:06 14:26:21 239254 414.2709
2019:05:06 14:26:21 240074 416.1969
2019:05:06 14:26:21 240888 799.8012
2019:05:06 14:26:21 241706 806.1342
2019:05:06 14:26:21 242138 411.7601
2019:05:06 14:26:21 242933 505.9130
2019:05:06 14:26:21 243750 798.2850
2019:05:06 14:26:21 244178 410.3072
2019:05:06 14:26:21 244980 504.7843
2019:05:06 14:26:21 245798 800.7996
2019:05:06 14:26:21 246225 410.5829
2019:05:06 14:26:21 247028 499.0995
2019:05:06 14:26:21 247846 796.3814
2019:05:06 14:26:21 248272 407.9528
2019:05:06 14:26:21 249079 508.6027
2019:05:06 14:26:21 249898 807.1139
2019:05:06 14:26:21 250327 409.7000
2019:05:06 14:26:21 251129 503.8269
2019:05:06 14:26:21 251946 804.8713
2019:05:06 14:26:21 252669 317.7598
2019:05:06 14:26:21 253583 414.2299
2019:05:06 14:26:21 254402 413.8723
2019:05:06 14:26:21 254733 317.4506
2019:05:06 14:26:21 255244 424.6309
2019:05:06 14:26:21 256062 419.0207
2019:05:06 14:26:21 256773 316.0089
2019:05:06 14:26:21 257278 493.2918
2019:05:06 14:26:21 258107 428.0098
2019:05:06 14:26:21 258810 315.6289
2019:05:06 14:26:21 259332 508.4760
2019:05:06 14:26:21 260154 421.7401
2019:05:06 14:26:21 260867 314.2320
2019:05:06 14:26:21 261790 411.6222
2019:05:06 14:26:21 262602 417.0574
2019:05:06 14:26:21 262927 310.6892
2019:05:06 14:26:21 263829 414.1368
2019:05:06 14:26:21 264649 416.0888
2019:05:06 14:26:21 265464 800.0582
2019:05:06 14:26:21 266280 800.8778
2019:05:06 14:26:21 266712 412.9075
2019:05:06 14:26:21 267510 500.3326
2019:05:06 14:26:21 268328 805.2997
2019:05:06 14:26:21 268757 416.1522
2019:05:06 14:26:21 269559 499.7961
2019:05:06 14:26:21 270376 802.3493
2019:05:06 14:26:21 270807 414.5466
2019:05:06 14:26:21 271606 498.8238
2019:05:06 14:26:21 272424 806.3167
2019:05:06 14:26:21 272853 417.3629
2019:05:06 14:26:21 273656 500.4592
2019:05:06 14:26:21 274472 803.2508
2019:05:06 14:26:21 274903 418.2570
2019:05:06 14:26:21 275716 513.0731
2019:05:06 14:26:21 276535 413.3545
2019:05:06 14:26:21 277253 314.0979
2019:05:06 14:26:21 278170 418.9089
2019:05:06 14:26:21 278987 419.2367
2019:05:06 14:26:21 279797 796.5416
2019:05:06 14:26:21 280615 802.9006
2019:05:06 14:26:21 281046 415.2805
2019:05:06 14:26:21 281849 502.7093
2019:05:06 14:26:21 282667 803.7798
2019:05:06 14:26:21 283098 418.3725
2019:05:06 14:26:21 283905 512.1678
2019:05:06 14:26:21 284729 421.4160
2019:05:06 14:26:21 285439 313.5465
2019:05:06 14:26:21 285956 501.2825
2019:05:06 14:26:21 286777 421.7550
2019:05:06 14:26:21 287489 312.7791
2019:05:06 14:26:21 288409 420.0451
2019:05:06 14:26:21 289225 418.1601
2019:05:06 14:26:21 290037 797.4207
2019:05:06 14:26:21 290858 807.4343
2019:05:06 14:26:21 291288 417.8062
2019:05:06 14:26:21 292099 511.8847
2019:05:06 14:26:21 292918 412.9298
2019:05:06 14:26:21 293637 315.2788
2019:05:06 14:26:21 294552 420.4065
2019:05:06 14:26:21 295369 419.0393
2019:05:06 14:26:21 296184 800.7698
2019:05:06 14:26:21 297003 805.8511
2019:05:06 14:26:21 297432 416.9047
2019:05:06 14:26:21 298244 515.6249
2019:05:06 14:26:21 299063 420.6002
2019:05:06 14:26:21 299776 313.9041
2019:05:06 14:26:21 300697 420.9392
2019:05:06 14:26:21 301517 423.2712
2019:05:06 14:26:21 301841 309.0687
2019:05:06 14:26:21 302745 419.6204
2019:05:06 14:26:21 303562 419.6316
2019:05:06 14:26:21 304375 799.3691
2019:05:06 14:26:21 305191 803.4520
2019:05:06 14:26:21 305627 423.5879
2019:05:06 14:26:21 306438 513.9746
2019:05:06 14:26:21 307259 418.4693
2019:05:06 14:26:21 307971 313.8930
2019:05:06 14:26:21 308889 409.3088
2019:05:06 14:26:21 309707 421.1217
2019:05:06 14:26:21 310516 794.4703
2019:05:06 14:26:21 311334 804.2268
2019:05:06 14:26:21 311765 417.6311
2019:05:06 14:26:21 312578 511.5308
2019:05:06 14:26:21 313402 424.1094
2019:05:06 14:26:21 314114 315.8525
2019:05:06 14:26:21 314628 500.7386
2019:05:06 14:26:21 315448 422.2989
2019:05:06 14:26:21 316160 314.1873
2019:05:06 14:26:21 316676 501.0366
2019:05:06 14:26:21 317497 423.3681
2019:05:06 14:26:21 318210 317.1004
2019:05:06 14:26:21 318726 501.5843
2019:05:06 14:26:21 319544 421.7476
2019:05:06 14:26:21 320258 315.5060
2019:05:06 14:26:21 320771 500.2245
2019:05:06 14:26:21 321591 422.1015
2019:05:06 14:26:21 322301 312.1346
2019:05:06 14:26:21 322819 503.7859
2019:05:06 14:26:21 323636 419.0616
2019:05:06 14:26:21 324352 317.8455
2019:05:06 14:26:21 324863 418.2197
2019:05:06 14:26:21 325695 423.9157
2019:05:06 14:26:21 326402 319.4958
2019:05:06 14:26:21 326916 426.6538
2019:05:06 14:26:21 327736 417.0910
2019:05:06 14:26:21 328450 320.2111
2019:05:06 14:26:21 329362 418.2011
2019:05:06 14:26:21 330181 413.0155
2019:05:06 14:26:21 330995 506.9263
2019:05:06 14:26:21 331815 808.2762
2019:05:06 14:26:21 332531 701.7553
2019:05:06 14:26:21 333044 499.1479
2019:05:06 14:26:21 333876 425.3909
2019:05:06 14:26:21 334288 397.7008
2019:05:06 14:26:21 335090 510.3797
2019:05:06 14:26:21 335906 800.8853
2019:05:06 14:26:21 336627 707.0825
2019:05:06 14:26:21 337143 502.6273
2019:05:06 14:26:21 337958 412.1400
2019:05:06 14:26:21 338675 702.8840
2019:05:06 14:26:21 339185 494.3833
2019:05:06 14:26:21 340002 802.5244
2019:05:06 14:26:21 340723 706.9893
2019:05:06 14:26:21 341250 511.4153
2019:05:06 14:26:21 342073 417.0798
2019:05:06 14:26:21 342785 315.5731
2019:05:06 14:26:21 343708 837.0206
2019:05:06 14:26:21 344515 801.5111
2019:05:06 14:26:21 345323 793.8556
2019:05:06 14:26:21 346146 808.8835
2019:05:06 14:26:21 346867 706.3784
2019:05:06 14:26:21 347381 498.8946
2019:05:06 14:26:21 348201 806.8644
2019:05:06 14:26:21 348918 702.8356
2019:05:06 14:26:21 349452 521.8498
2019:05:06 14:26:21 350259 416.7408
2019:05:06 14:26:21 350967 308.6552
2019:05:06 14:26:21 351888 419.0914
2019:05:06 14:26:21 352713 419.6949
2019:05:06 14:26:21 353523 506.0472
2019:05:06 14:26:21 354344 806.1416
2019:05:06 14:26:21 355061 702.8952
2019:05:06 14:26:21 355580 505.0339
2019:05:06 14:26:21 356400 422.7087
2019:05:06 14:26:21 357120 323.4968
2019:05:06 14:26:21 358031 412.3114
2019:05:06 14:26:21 358848 411.3130
2019:05:06 14:26:21 359665 510.2232
2019:05:06 14:26:21 360489 809.6360
2019:05:06 14:26:21 361206 702.2060
2019:05:06 14:26:21 361729 509.9326
2019:05:06 14:26:21 362545 423.8449
2019:05:06 14:26:21 363264 324.3349
2019:05:06 14:26:21 363773 425.3127
2019:05:06 14:26:21 364596 413.7903
2019:05:06 14:26:21 365304 309.5791
2019:05:06 14:26:21 366224 418.4283
2019:05:06 14:26:21 367050 420.5704
2019:05:06 14:26:21 367856 502.1952
2019:05:06 14:26:21 368680 812.2027
2019:05:06 14:26:21 369399 705.9574
2019:05:06 14:26:21 369917 500.8876
2019:05:06 14:26:21 370742 423.1818
2019:05:06 14:26:21 371460 323.6122
2019:05:06 14:26:21 372367 412.2742
2019:05:06 14:26:21 373185 410.8809
2019:05:06 14:26:21 373998 505.8274
2019:05:06 14:26:21 374817 806.1975
2019:05:06 14:26:21 375552 719.1673
2019:05:06 14:26:21 376064 422.9508
2019:05:06 14:26:21 376877 420.6151
2019:05:06 14:26:21 377603 328.1683
2019:05:06 14:26:21 378503 814.2292
2019:05:06 14:26:21 379330 419.4751
2019:05:06 14:26:21 380139 793.0435
2019:05:06 14:26:21 380961 808.3805
2019:05:06 14:26:21 381680 704.8286
2019:05:06 14:26:21 382194 501.7705
2019:05:06 14:26:21 383027 424.0163
2019:05:06 14:26:21 383737 313.2485
2019:05:06 14:26:21 384251 502.5901
2019:05:06 14:26:21 385067 419.9594
2019:05:06 14:26:21 385887 410.8846
2019:05:06 14:26:21 386700 416.2304
2019:05:06 14:26:21 387521 417.7317
2019:05:06 14:26:21 388331 503.6257
2019:05:06 14:26:21 389156 813.8679
2019:05:06 14:26:21 389874 706.5162
2019:05:06 14:26:21 390399 426.7991
2019:05:06 14:26:21 391216 418.6630
2019:05:06 14:26:21 392427 814.6167
2019:05:06 14:26:21 393251 813.9722
2019:05:06 14:26:21 393970 706.9819
2019:05:06 14:26:21 394480 414.1331
2019:05:06 14:26:21 395304 405.6320
2019:05:06 14:26:21 396120 408.5004
2019:05:06 14:26:21 396942 418.5066
2019:05:06 14:26:21 397757 414.4460
2019:05:06 14:26:21 398571 506.4495
2019:05:06 14:26:21 399402 819.2249
2019:05:06 14:26:21 400117 710.1633
2019:05:06 14:26:21 401038 408.5228
2019:05:06 14:26:21 401854 408.2993
2019:05:06 14:26:21 402666 495.5009
2019:05:06 14:26:21 403504 824.6526
2019:05:06 14:26:21 404224 714.8795
2019:05:06 14:26:21 404725 488.0093
2019:05:06 14:26:21 405550 423.6624
2019:05:06 14:26:21 406763 809.6434
2019:05:06 14:26:21 407581 806.7116
2019:05:06 14:26:21 408303 709.0792
2019:05:06 14:26:21 408822 505.7864
2019:05:06 14:26:21 410048 819.4670
2019:05:06 14:26:21 410863 507.5857
2019:05:06 14:26:21 411681 807.1028
2019:05:06 14:26:21 412415 720.3296
2019:05:06 14:26:21 412911 490.8182
2019:05:06 14:26:21 413737 814.4528
2019:05:06 14:26:21 414460 709.1723
2019:05:06 14:26:21 414968 502.2325
2019:05:06 14:26:21 415792 422.7608
2019:05:06 14:26:21 417018 825.9676
2019:05:06 14:26:21 417829 806.8979
2019:05:06 14:26:21 418552 320.7773
2019:05:06 14:26:21 419063 417.8174
2019:05:06 14:26:21 420284 818.4239
2019:05:06 14:26:21 421102 507.9694
2019:05:06 14:26:21 421924 811.8376
2019:05:06 14:26:21 422648 309.1060
2019:05:06 14:26:21 423162 422.2542
2019:05:06 14:26:21 423980 413.5668
2019:05:06 14:26:21 424701 323.9810
2019:05:06 14:26:21 425213 422.9620
2019:05:06 14:26:21 426434 816.9748
2019:05:06 14:26:21 427245 798.4117
2019:05:06 14:26:21 428094 838.2089
2019:05:06 14:26:21 428788 685.3230
2019:05:06 14:26:21 429301 420.3208
2019:05:06 14:26:21 430520 805.6648
2019:05:06 14:26:21 431338 505.6597
2019:05:06 14:26:21 432159 807.7174
2019:05:06 14:26:21 432884 712.1153
2019:05:06 14:26:21 433402 506.3862
2019:05:06 14:26:21 434628 823.6319
2019:05:06 14:26:21 435031 397.3208
2019:05:06 14:26:21 435852 418.7003
2019:05:06 14:26:21 436669 411.7973
2019:05:06 14:26:21 437488 501.9382
2019:05:06 14:26:21 438305 805.3407
2019:05:06 14:26:21 439030 712.0818
2019:05:06 14:26:21 439541 499.4087
2019:05:06 14:26:21 440362 421.3415
2019:05:06 14:26:21 441087 326.1641
2019:05:06 14:26:21 441997 417.4300
2019:05:06 14:26:21 442816 406.8017
2019:05:06 14:26:21 443629 501.0404
