
# OSU MPI Allreduce Latency Test v5.6.1
# Size       Avg Latency(us)
16384               40876.52
2019:05:06 15:03:48 17369 71997.4451
2019:05:06 15:03:48 105372 87995.0523
2019:05:06 15:03:48 165376 59995.4277
2019:05:06 15:03:48 237372 32005.0903
2019:05:06 15:03:48 273714 31833.9653
2019:05:06 15:03:48 349357 74841.8272
2019:05:06 15:03:48 429361 79992.5774
2019:05:06 15:03:48 488462 59093.0432
2019:05:06 15:03:48 533155 7794.8496
2019:05:06 15:03:48 580258 6894.4357
2019:05:06 15:03:48 645375 32011.7250
2019:05:06 15:03:48 709361 31999.2229
2019:05:06 15:03:48 769362 59992.1718
2019:05:06 15:03:48 857357 87988.4511
2019:05:06 15:03:48 945362 87995.2013
2019:05:06 15:03:49 17360 71991.4176
2019:05:06 15:03:49 49369 32000.8136
2019:05:06 15:03:49 88952 7580.9062
2019:05:06 15:03:49 189360 74959.7214
2019:05:06 15:03:49 285362 95994.4390
2019:05:06 15:03:49 349359 63988.6782
2019:05:06 15:03:49 389379 40011.4320
2019:05:06 15:03:49 453361 31997.4571
2019:05:06 15:03:49 489329 35961.1996
2019:05:06 15:03:49 517368 27244.3481
2019:05:06 15:03:49 557370 35730.4849
2019:05:06 15:03:49 653373 48008.4904
2019:05:06 15:03:49 741368 40001.6271
2019:05:06 15:03:49 779862 6498.7466
2019:05:06 15:03:49 837374 32008.7597
2019:05:06 15:03:49 875855 6492.3987
2019:05:06 15:03:49 941366 40008.3289
2019:05:06 15:03:50 37386 48025.1238
2019:05:06 15:03:50 125376 40012.7321
2019:05:06 15:03:50 189372 32004.5725
2019:05:06 15:03:50 221377 27227.3868
2019:05:06 15:03:50 265164 7793.5159
2019:05:06 15:03:50 331391 40412.2993
2019:05:06 15:03:50 429359 91289.5054
2019:05:06 15:03:50 509361 79994.2762
2019:05:06 15:03:50 552726 43357.6703
2019:05:06 15:03:50 613361 60225.5426
2019:05:06 15:03:50 646742 33373.7507
2019:05:06 15:03:50 648813 1652.6543
2019:05:06 15:03:50 725357 76154.8653
2019:05:06 15:03:50 801356 75990.2671
2019:05:06 15:03:50 889360 87994.6575
2019:05:06 15:03:50 933361 43990.8579
2019:05:06 15:03:50 961476 28107.4792
2019:05:06 15:03:51 21360 58286.4098
2019:05:06 15:03:51 53369 32000.9068
2019:05:06 15:03:51 141357 83170.7045
2019:05:06 15:03:51 237357 95989.6632
2019:05:06 15:03:51 313361 75995.7917
2019:05:06 15:03:51 320576 7206.2574
2019:05:06 15:03:51 348412 27433.6040
2019:05:06 15:03:51 377373 27741.5775
2019:05:06 15:03:51 414778 5412.2545
2019:05:06 15:03:51 481369 34949.6901
2019:05:06 15:03:51 577371 48007.4398
2019:05:06 15:03:51 665369 40007.0585
2019:05:06 15:03:51 757371 48009.0268
2019:05:06 15:03:51 849377 44014.1633
2019:05:06 15:03:51 893502 4132.8929
2019:05:06 15:03:51 940122 43490.6930
2019:05:06 15:03:51 985360 44029.6903
2019:05:06 15:03:51 992378 7009.3572
2019:05:06 15:03:52 65363 72572.0301
2019:05:06 15:03:52 133360 67987.9189
2019:05:06 15:03:52 165361 31993.8026
2019:05:06 15:03:52 237355 71986.4704
2019:05:06 15:03:52 282351 44987.3805
2019:05:06 15:03:52 322871 39293.9076
2019:05:06 15:03:52 371578 46712.1787
2019:05:06 15:03:52 409371 36589.7492
2019:05:06 15:03:52 449693 31304.3855
2019:05:06 15:03:52 477366 27245.0969
2019:05:06 15:03:52 517293 7928.2299
2019:05:06 15:03:52 547612 6254.1887
2019:05:06 15:03:52 613376 40012.3112
2019:05:06 15:03:52 658065 41825.5739
2019:05:06 15:03:52 701375 42124.7892
2019:05:06 15:03:52 781368 74157.2939
2019:05:06 15:03:52 821370 39995.4207
2019:05:06 15:03:52 857627 32318.7560
2019:05:06 15:03:52 925367 66536.4414
2019:05:06 15:03:52 965368 39990.5331
2019:05:06 15:03:53 13371 43508.5371
2019:05:06 15:03:53 68251 6889.9654
2019:05:06 15:03:53 157370 48001.6917
2019:05:06 15:03:53 205372 43323.8223
2019:05:06 15:03:53 258466 45901.2948
2019:05:06 15:03:53 293379 34112.9526
2019:05:06 15:03:53 373369 40003.0948
2019:05:06 15:03:53 453377 40015.8614
2019:05:06 15:03:53 541368 48007.5292
2019:05:06 15:03:53 629370 40007.0064
2019:05:06 15:03:53 701361 31996.3358
2019:05:06 15:03:53 765361 63990.5483
2019:05:06 15:03:53 797374 32004.6470
2019:05:06 15:03:53 843945 6585.1435
2019:05:06 15:03:53 925372 48007.6149
2019:05:06 15:03:54 13369 40008.3289
2019:05:06 15:03:54 21320 5736.7347
2019:05:06 15:03:54 57057 3688.9836
2019:05:06 15:03:54 117368 59516.7615
2019:05:06 15:03:54 152770 3410.1903
2019:05:06 15:03:54 221371 40009.8823
2019:05:06 15:03:54 273870 46957.7424
2019:05:06 15:03:54 369359 94289.8095
2019:05:06 15:03:54 409373 40004.1528
2019:05:06 15:03:54 468753 7392.7455
2019:05:06 15:03:54 516483 7116.7834
2019:05:06 15:03:54 593375 36009.7662
2019:05:06 15:03:54 681373 47993.9729
2019:05:06 15:03:54 783388 54026.6074
2019:05:06 15:03:54 820835 7472.8131
2019:05:06 15:03:54 853223 7863.8196
2019:05:06 15:03:54 909372 32007.7352
2019:05:06 15:03:54 949234 34511.7897
2019:05:06 15:03:55 25357 74900.7314
2019:05:06 15:03:55 117357 91990.1133
2019:05:06 15:03:55 205368 87999.8356
2019:05:06 15:03:55 217373 11996.6529
2019:05:06 15:03:55 273365 32001.1415
2019:05:06 15:03:55 345374 40014.9971
2019:05:06 15:03:55 417358 69358.0024
2019:05:06 15:03:55 513359 95988.5642
2019:05:06 15:03:55 613360 99990.6175
2019:05:06 15:03:55 661375 48002.5001
2019:05:06 15:03:55 714361 48342.2615
2019:05:06 15:03:55 785373 68990.6552
2019:05:06 15:03:55 832841 47456.1080
2019:05:06 15:03:55 878308 45060.4782
2019:05:06 15:03:55 924281 44318.4264
2019:05:06 15:03:55 926348 2060.4692
2019:05:06 15:03:55 993355 64568.1433
2019:05:06 15:03:56 22556 29194.1762
2019:05:06 15:03:56 73374 48381.6862
2019:05:06 15:03:56 125372 19994.9630
2019:05:06 15:03:56 169117 3757.5215
2019:05:06 15:03:56 216288 2921.6185
2019:05:06 15:03:56 261373 44693.5520
2019:05:06 15:03:56 307396 44437.6543
2019:05:06 15:03:56 373356 63242.2082
2019:05:06 15:03:56 409236 35870.7942
2019:05:06 15:03:56 469355 59298.1093
2019:05:06 15:03:56 504290 34924.7381
2019:05:06 15:03:56 547502 6134.7745
2019:05:06 15:03:56 629356 80218.9223
2019:05:06 15:03:56 680808 51439.4008
2019:05:06 15:03:56 684501 3280.2597
2019:05:06 15:03:56 717374 32866.8356
2019:05:06 15:03:56 777358 54332.8486
2019:05:06 15:03:56 814834 37469.8229
2019:05:06 15:03:56 873382 31508.5799
2019:05:06 15:03:56 961371 48012.6850
2019:05:06 15:03:57 57376 48014.7935
2019:05:06 15:03:57 100682 3320.2767
2019:05:06 15:03:57 133358 31868.0853
2019:05:06 15:03:57 197357 63988.6521
2019:05:06 15:03:57 229361 31996.0043
2019:05:06 15:03:57 297368 67999.2102
2019:05:06 15:03:57 344553 47173.8651
2019:05:06 15:03:57 392467 47515.3700
2019:05:06 15:03:57 441630 49156.5242
2019:05:06 15:03:57 517356 74539.1399
2019:05:06 15:03:57 555541 38175.6760
2019:05:06 15:03:57 585630 28896.6224
2019:05:06 15:03:57 645361 58559.2873
2019:05:06 15:03:57 685373 40001.8133
2019:05:06 15:03:57 765368 40001.3588
2019:05:06 15:03:57 821368 41880.3655
2019:05:06 15:03:57 885364 58327.9915
2019:05:06 15:03:57 923476 38103.7481
2019:05:06 15:03:57 981361 57052.8805
2019:05:06 15:03:58 17698 36328.4051
2019:05:06 15:03:58 77375 58914.9445
2019:05:06 15:03:58 117368 34868.2739
2019:05:06 15:03:58 164743 7384.5573
2019:05:06 15:03:58 237368 40005.2220
2019:05:06 15:03:58 279455 2089.7388
2019:05:06 15:03:58 317359 37472.9559
2019:05:06 15:03:58 353713 36345.8544
2019:05:06 15:03:58 421355 66831.6148
2019:05:06 15:03:58 424483 3117.9525
2019:05:06 15:03:58 453373 28496.4517
2019:05:06 15:03:58 517367 32008.1078
2019:05:06 15:03:58 557360 38519.7662
2019:05:06 15:03:58 594521 37152.7784
2019:05:06 15:03:58 613814 15984.3750
2019:05:06 15:03:58 642823 27561.3852
2019:05:06 15:03:58 673370 29444.6796
2019:05:06 15:03:58 710688 5329.6909
2019:05:06 15:03:58 745374 33022.4447
2019:05:06 15:03:58 813369 36007.4788
2019:05:06 15:03:58 859766 6400.7640
2019:05:06 15:03:58 931384 38018.3496
2019:05:06 15:03:59 9371 40012.7359
2019:05:06 15:03:59 89374 40015.4553
2019:05:06 15:03:59 125368 33980.9023
2019:05:06 15:03:59 189375 32011.6170
2019:05:06 15:03:59 222038 30390.5755
2019:05:06 15:03:59 285369 32010.3355
2019:05:06 15:03:59 289494 3274.8505
2019:05:06 15:03:59 362314 40941.3166
2019:05:06 15:03:59 401373 37828.2890
2019:05:06 15:03:59 481369 40008.5822
2019:05:06 15:03:59 545367 32002.1957
2019:05:06 15:03:59 617373 40014.1887
2019:05:06 15:03:59 623615 4911.4116
2019:05:06 15:03:59 697370 40004.1640
2019:05:06 15:03:59 737355 38575.4704
2019:05:06 15:03:59 817368 80003.1684
2019:05:06 15:03:59 860117 42741.4998
2019:05:06 15:03:59 897358 36447.0892
2019:05:06 15:03:59 977357 79991.0203
2019:05:06 15:04:00 57359 79989.0496
2019:05:06 15:04:00 101823 44451.1063
2019:05:06 15:04:00 141369 39539.4787
2019:05:06 15:04:00 221356 73472.4104
2019:05:06 15:04:00 301363 79997.9679
2019:05:06 15:04:00 344927 43556.6008
2019:05:06 15:04:00 400084 6710.0078
2019:05:06 15:04:00 437148 36242.4068
2019:05:06 15:04:00 441247 3696.0989
2019:05:06 15:04:00 513366 39995.0556
2019:05:06 15:04:00 553373 38385.5440
2019:05:06 15:04:00 633375 40012.3149
2019:05:06 15:04:00 679589 6226.2826
2019:05:06 15:04:00 745372 32006.2563
2019:05:06 15:04:00 770854 5489.9678
2019:05:06 15:04:00 845378 40015.1536
2019:05:06 15:04:00 885367 38293.2909
2019:05:06 15:04:00 965358 74735.2205
2019:05:06 15:04:01 5367 39997.0002
2019:05:06 15:04:01 85378 40016.9827
2019:05:06 15:04:01 88498 2054.1847
2019:05:06 15:04:01 125372 36489.0806
2019:05:06 15:04:01 205359 74185.5651
2019:05:06 15:04:01 245377 40006.7270
2019:05:06 15:04:01 325380 40021.0544
2019:05:06 15:04:01 329093 2853.1402
2019:05:06 15:04:01 370463 40984.5822
2019:05:06 15:04:01 445356 74096.0240
2019:05:06 15:04:01 485372 40006.1943
2019:05:06 15:04:01 565369 39999.0976
2019:05:06 15:04:01 605364 38477.5288
2019:05:06 15:04:01 659831 54458.4543
2019:05:06 15:04:01 697362 36290.9287
2019:05:06 15:04:01 741031 43660.8642
2019:05:06 15:04:01 817356 76309.9566
2019:05:06 15:04:01 897362 79997.0366
2019:05:06 15:04:01 937365 39995.0594
2019:05:06 15:04:02 17360 40000.3120
2019:05:06 15:04:02 97357 79987.3918
2019:05:06 15:04:02 144278 46912.2455
2019:05:06 15:04:02 181374 37085.2016
2019:05:06 15:04:02 261357 73664.6652
2019:05:06 15:04:02 329361 67994.0693
2019:05:06 15:04:02 365373 36002.9675
2019:05:06 15:04:02 421368 32008.0854
2019:05:06 15:04:02 459176 32771.7550
2019:05:06 15:04:02 517361 56588.0388
2019:05:06 15:04:02 557356 39985.1166
2019:05:06 15:04:02 602009 44645.4138
2019:05:06 15:04:02 637369 34950.5804
2019:05:06 15:04:02 685371 28006.1290
2019:05:06 15:04:02 765376 36016.7213
2019:05:06 15:04:02 805371 38276.3222
2019:05:06 15:04:02 885367 40002.8788
2019:05:06 15:04:02 965360 75361.4679
2019:05:06 15:04:03 45361 79993.6280
2019:05:06 15:04:03 125361 79987.8053
2019:05:06 15:04:03 165372 40004.0746
2019:05:06 15:04:03 245376 40011.6257
2019:05:06 15:04:03 285362 37921.3765
2019:05:06 15:04:03 345363 59992.6971
2019:05:06 15:04:03 390037 44664.4090
2019:05:06 15:04:03 465366 73695.0599
2019:05:06 15:04:03 505371 39998.4643
2019:05:06 15:04:03 585377 40017.7911
2019:05:06 15:04:03 629416 4052.4825
2019:05:06 15:04:03 705355 73096.9273
2019:05:06 15:04:03 745367 40002.0853
2019:05:06 15:04:03 825384 40022.6042
2019:05:06 15:04:03 869027 3656.0111
2019:05:06 15:04:03 905369 35100.4750
2019:05:06 15:04:03 985356 39997.5330
2019:05:06 15:04:04 65362 79996.3064
2019:05:06 15:04:04 108893 43522.0227
2019:05:06 15:04:04 165370 40007.3603
2019:05:06 15:04:04 210732 5364.1573
2019:05:06 15:04:04 285367 39998.7102
2019:05:06 15:04:04 357369 36010.1163
2019:05:06 15:04:04 437361 39997.8422
2019:05:06 15:04:04 477359 39989.2330
2019:05:06 15:04:04 522996 45625.6196
2019:05:06 15:04:04 597358 73576.9570
2019:05:06 15:04:04 641800 44431.3288
2019:05:06 15:04:04 717370 40001.7388
2019:05:06 15:04:04 764494 7132.8245
2019:05:06 15:04:04 833361 68054.3035
2019:05:06 15:04:04 878161 44791.7432
2019:05:06 15:04:04 953368 75200.0436
2019:05:06 15:04:04 993376 39999.8575
2019:05:06 15:04:05 36847 37788.8717
2019:05:06 15:04:05 73372 36107.4992
2019:05:06 15:04:05 120475 3115.1436
2019:05:06 15:04:05 162826 41126.9888
2019:05:06 15:04:05 237357 73751.7960
2019:05:06 15:04:05 321357 83990.5851
2019:05:06 15:04:05 405362 83997.5774
2019:05:06 15:04:05 445380 40009.6811
2019:05:06 15:04:05 525379 40011.9126
2019:05:06 15:04:05 605361 75693.0187
2019:05:06 15:04:05 648129 42758.0141
2019:05:06 15:04:05 685370 36844.4361
2019:05:06 15:04:05 765373 40007.6210
2019:05:06 15:04:05 845361 74758.0864
2019:05:06 15:04:05 888315 42944.5505
2019:05:06 15:04:05 925373 36246.0390
2019:05:06 15:04:05 965366 35649.3630
2019:05:06 15:04:06 45376 40009.0516
2019:05:06 15:04:06 85358 38153.4360
2019:05:06 15:04:06 128188 42820.6734
2019:05:06 15:04:06 170022 41025.1617
2019:05:06 15:04:06 245358 74554.7898
2019:05:06 15:04:06 285370 40002.2939
2019:05:06 15:04:06 357373 32011.9672
2019:05:06 15:04:06 437357 74147.0866
2019:05:06 15:04:06 517361 79994.3954
2019:05:06 15:04:06 522955 5585.8269
2019:05:06 15:04:06 597357 73584.2921
2019:05:06 15:04:06 637355 39987.4486
2019:05:06 15:04:06 717360 79996.4815
2019:05:06 15:04:06 764915 47547.8955
2019:05:06 15:04:06 797273 32351.3448
2019:05:06 15:04:06 833371 35273.8835
2019:05:06 15:04:06 913358 75104.6129
2019:05:06 15:04:06 957349 43980.5724
2019:05:06 15:04:07 9554 51812.0229
2019:05:06 15:04:07 97365 87802.6970
2019:05:06 15:04:07 133373 35998.8101
2019:05:06 15:04:07 197372 32008.9199
2019:05:06 15:04:07 244361 6991.2113
2019:05:06 15:04:07 289565 44396.9965
2019:05:06 15:04:07 329372 38576.7594
2019:05:06 15:04:07 377367 42498.8382
2019:05:06 15:04:07 449361 66240.8397
2019:05:06 15:04:07 485254 35883.7619
2019:05:06 15:04:07 545354 59767.9317
2019:05:06 15:04:07 579571 34207.2845
2019:05:06 15:04:07 617363 37000.8163
2019:05:06 15:04:07 665370 47997.9999
2019:05:06 15:04:07 761378 48014.1044
2019:05:06 15:04:07 806478 5111.3442
2019:05:06 15:04:07 865363 31749.2969
2019:05:06 15:04:07 902047 36673.5384
2019:05:06 15:04:07 932958 29673.8893
2019:05:06 15:04:08 9368 76396.9719
2019:05:06 15:04:08 105358 95981.2105
2019:05:06 15:04:08 165356 59987.3662
2019:05:06 15:04:08 237361 71995.9997
2019:05:06 15:04:08 269603 32234.0094
2019:05:06 15:04:08 337366 36005.4374
2019:05:06 15:04:08 425376 40007.5167
2019:05:06 15:04:08 432729 5741.0300
2019:05:06 15:04:08 477808 45071.9148
2019:05:06 15:04:08 526517 47500.8488
2019:05:06 15:04:08 593358 66824.7156
2019:05:06 15:04:08 629362 35993.7958
2019:05:06 15:04:08 677363 47993.3694
2019:05:06 15:04:08 725362 47991.6856
2019:05:06 15:04:08 785355 59984.5015
2019:05:06 15:04:08 840634 55268.0083
2019:05:06 15:04:08 885369 44364.5492
2019:05:06 15:04:08 925373 36863.5505
2019:05:06 15:04:08 997356 67040.2683
2019:05:06 15:04:09 31640 34276.1129
2019:05:06 15:04:09 73372 40943.8536
2019:05:06 15:04:09 129356 52762.8176
2019:05:06 15:04:09 201356 71987.8040
2019:05:06 15:04:09 241357 39989.6689
2019:05:06 15:04:09 337358 95993.7461
2019:05:06 15:04:09 394238 56869.5776
2019:05:06 15:04:09 442339 46113.9902
2019:05:06 15:04:09 533356 89786.9952
2019:05:06 15:04:09 590916 57550.6799
2019:05:06 15:04:09 621638 29527.8989
2019:05:06 15:04:09 653373 30541.3157
2019:05:06 15:04:09 745373 32010.4733
2019:05:06 15:04:09 825361 39994.8731
2019:05:06 15:04:09 897360 71992.1440
2019:05:06 15:04:09 973364 75996.6783
2019:05:06 15:04:10 13360 39987.6870
2019:05:06 15:04:10 56892 43524.9954
2019:05:06 15:04:10 113369 55631.3470
2019:05:06 15:04:10 145371 31993.5717
2019:05:06 15:04:10 177380 27818.4041
2019:05:06 15:04:10 241383 32016.5604
2019:05:06 15:04:10 321357 75740.1586
2019:05:06 15:04:10 364547 43180.8904
2019:05:06 15:04:10 400194 34614.7530
2019:05:06 15:04:10 461354 61147.3061
2019:05:06 15:04:10 541361 79997.1968
2019:05:06 15:04:10 573360 31991.8133
2019:05:06 15:04:10 637356 63985.6234
2019:05:06 15:04:10 640671 3304.9546
2019:05:06 15:04:10 677375 36693.6363
2019:05:06 15:04:10 685092 3290.1019
2019:05:06 15:04:10 757368 40007.6732
2019:05:06 15:04:10 821362 59465.4530
2019:05:06 15:04:10 828702 7333.0514
2019:05:06 15:04:10 857384 28284.8030
2019:05:06 15:04:10 893374 34768.1269
2019:05:06 15:04:10 930801 5621.7797
2019:05:06 15:04:10 972824 3457.3153
2019:05:06 15:04:11 9381 33705.2271
2019:05:06 15:04:11 69373 12011.0586
2019:05:06 15:04:11 71758 2049.4126
2019:05:06 15:04:11 121358 49208.6783
2019:05:06 15:04:11 165207 43839.1194
2019:05:06 15:04:11 169323 3292.5233
2019:05:06 15:04:11 233368 31998.5226
2019:05:06 15:04:11 297371 32013.5280
2019:05:06 15:04:11 369383 40016.0588
2019:05:06 15:04:11 457386 48023.4623
2019:05:06 15:04:11 545378 40015.8279
2019:05:06 15:04:11 551854 4492.2605
2019:05:06 15:04:11 613356 60270.1269
2019:05:06 15:04:11 648081 34716.2448
2019:05:06 15:04:11 681260 32359.7603
2019:05:06 15:04:11 684953 2054.5460
2019:05:06 15:04:11 749355 40003.9703
2019:05:06 15:04:11 792428 43063.7039
2019:05:06 15:04:11 837383 44412.4937
2019:05:06 15:04:11 885371 47695.4766
2019:05:06 15:04:11 888428 2862.7887
2019:05:06 15:04:11 933369 44554.7849
2019:05:06 15:04:11 973356 38988.0203
2019:05:06 15:04:12 10896 37530.2136
2019:05:06 15:04:12 37373 25685.2359
2019:05:06 15:04:12 75380 6014.5855
2019:05:06 15:04:12 113372 37580.5274
2019:05:06 15:04:12 201357 47995.9548
2019:05:06 15:04:12 249358 47991.6520
2019:05:06 15:04:12 297358 47992.7808
2019:05:06 15:04:12 337370 40004.0150
2019:05:06 15:04:12 401373 32006.6810
2019:05:06 15:04:12 433363 31157.1434
2019:05:06 15:04:12 459133 25762.9491
2019:05:06 15:04:12 489787 29830.4036
2019:05:06 15:04:12 529371 38285.4864
2019:05:06 15:04:12 613373 36011.2078
2019:05:06 15:04:12 701377 40018.0407
2019:05:06 15:04:12 741379 38858.9464
2019:05:06 15:04:12 773374 27041.6960
2019:05:06 15:04:12 837355 59866.5737
2019:05:06 15:04:12 872302 34940.1161
2019:05:06 15:04:12 909374 35845.3020
2019:05:06 15:04:12 961934 46615.5186
2019:05:06 15:04:13 11548 49601.3351
2019:05:06 15:04:13 58655 45463.3757
2019:05:06 15:04:13 129361 68295.0281
2019:05:06 15:04:13 193362 63990.8127
2019:05:06 15:04:13 233245 39874.2482
2019:05:06 15:04:13 297374 40008.8169
2019:05:06 15:04:13 337362 36730.3900
2019:05:06 15:04:13 380905 43534.7669
2019:05:06 15:04:13 425656 43125.6182
2019:05:06 15:04:13 461367 34897.0778
2019:05:06 15:04:13 501357 35407.6140
2019:05:06 15:04:13 545735 44367.4922
2019:05:06 15:04:13 593715 46341.3969
2019:05:06 15:04:13 669357 74438.6502
2019:05:06 15:04:13 712530 43163.4411
2019:05:06 15:04:13 749374 36445.5208
2019:05:06 15:04:13 789369 35806.3728
2019:05:06 15:04:13 837108 7746.6406
2019:05:06 15:04:13 893377 32014.0943
2019:05:06 15:04:13 925170 26760.0901
2019:05:06 15:04:13 993363 63635.1556
2019:05:06 15:04:13 998915 5542.1330
2019:05:06 15:04:14 33363 33227.6598
2019:05:06 15:04:14 105356 71985.1293
2019:05:06 15:04:14 185366 79999.6108
2019:05:06 15:04:14 229369 43995.5182
2019:05:06 15:04:14 293369 57813.3129
2019:05:06 15:04:14 365363 31996.8313
2019:05:06 15:04:14 437361 71989.5177
2019:05:06 15:04:14 476341 38971.3198
2019:05:06 15:04:14 513369 35804.8156
2019:05:06 15:04:14 581426 28064.8544
2019:05:06 15:04:14 661372 32004.8034
2019:05:06 15:04:14 701371 35318.2741
2019:05:06 15:04:14 777370 28008.6324
2019:05:06 15:04:14 869370 52702.0879
2019:05:06 15:04:14 949375 40005.9782
2019:05:06 15:04:14 989370 35288.1327
2019:05:06 15:04:15 34126 4765.7788
2019:05:06 15:04:15 113380 44012.6993
2019:05:06 15:04:15 193388 40023.6435
2019:05:06 15:04:15 233374 38512.0846
2019:05:06 15:04:15 273364 39299.2683
2019:05:06 15:04:15 313376 40001.2657
2019:05:06 15:04:15 393379 40017.3888
2019:05:06 15:04:15 438685 5323.0412
2019:05:06 15:04:15 513366 39996.5867
2019:05:06 15:04:15 553375 40001.3737
2019:05:06 15:04:15 629374 40009.2490
2019:05:06 15:04:15 669379 37828.6727
2019:05:06 15:04:15 749356 75934.7901
2019:05:06 15:04:15 829357 79993.1325
2019:05:06 15:04:15 872819 43453.7232
2019:05:06 15:04:15 914621 41795.9020
2019:05:06 15:04:15 949380 33955.3840
2019:05:06 15:04:15 993943 4579.5180
2019:05:06 15:04:16 25379 29374.5846
2019:05:06 15:04:16 89375 40008.5784
2019:05:06 15:04:16 129360 38109.8390
2019:05:06 15:04:16 185686 56316.1820
2019:05:06 15:04:16 214853 28763.3650
2019:05:06 15:04:16 289362 72913.3524
2019:05:06 15:04:16 333654 44283.1814
2019:05:06 15:04:16 409360 75692.7878
2019:05:06 15:04:16 489363 79993.5646
2019:05:06 15:04:16 494745 5374.5769
2019:05:06 15:04:16 569356 72969.6974
2019:05:06 15:04:16 613367 44001.4265
2019:05:06 15:04:16 653373 39995.3984
2019:05:06 15:04:16 733376 40015.8986
2019:05:06 15:04:16 773377 38901.8133
2019:05:06 15:04:16 816338 37635.0619
2019:05:06 15:04:16 818805 2060.7449
2019:05:06 15:04:16 820854 1656.8340
2019:05:06 15:04:16 893356 72111.0180
2019:05:06 15:04:16 973358 79993.6242
2019:05:06 15:04:17 13364 39996.7842
2019:05:06 15:04:17 97358 83986.8896
2019:05:06 15:04:17 137368 40000.6697
2019:05:06 15:04:17 217384 40024.8989
2019:05:06 15:04:17 264632 7265.5641
2019:05:06 15:04:17 337373 40013.5890
2019:05:06 15:04:17 381371 41804.2392
2019:05:06 15:04:17 461357 74673.3658
2019:05:06 15:04:17 505371 44005.9304
2019:05:06 15:04:17 597380 40013.4586
2019:05:06 15:04:17 637374 35806.9502
2019:05:06 15:04:17 717374 40003.8511
2019:05:06 15:04:17 757374 37032.4291
2019:05:06 15:04:17 829360 66789.5265
2019:05:06 15:04:17 864879 35511.6390
2019:05:06 15:04:17 925173 60287.0323
2019:05:06 15:04:17 989363 64182.1362
2019:05:06 15:04:18 53360 63989.0097
2019:05:06 15:04:18 89365 35995.2599
2019:05:06 15:04:18 132898 43523.9449
2019:05:06 15:04:18 169369 36055.5798
2019:05:06 15:04:18 249378 40017.0013
2019:05:06 15:04:18 313375 32008.3164
2019:05:06 15:04:18 377381 32020.5465
2019:05:06 15:04:18 405006 7641.8221
2019:05:06 15:04:18 469371 38967.0618
2019:05:06 15:04:18 549375 40013.0413
2019:05:06 15:04:18 594706 5336.4858
2019:05:06 15:04:18 661368 32001.9126
2019:05:06 15:04:18 727249 33886.0452
2019:05:06 15:04:18 789370 31999.8711
2019:05:06 15:04:18 853378 32015.0666
2019:05:06 15:04:18 925188 39821.6508
2019:05:06 15:04:18 933131 5726.2555
2019:05:06 15:04:19 5364 72215.7881
2019:05:06 15:04:19 45358 39985.2991
2019:05:06 15:04:19 81368 35999.9575
2019:05:06 15:04:19 145368 32001.4060
2019:05:06 15:04:19 209361 58964.8448
2019:05:06 15:04:19 246519 37150.5544
2019:05:06 15:04:19 321359 74016.7610
2019:05:06 15:04:19 366037 44663.0418
2019:05:06 15:04:19 409144 7779.4343
2019:05:06 15:04:19 481369 40007.0399
2019:05:06 15:04:19 553360 66628.8957
2019:05:06 15:04:19 582567 29199.8945
2019:05:06 15:04:19 645364 61177.6747
2019:05:06 15:04:19 652749 7377.9523
2019:05:06 15:04:19 709361 32006.7257
2019:05:06 15:04:19 789361 79990.9793
2019:05:06 15:04:19 829370 39998.1290
2019:05:06 15:04:19 909358 39995.4803
2019:05:06 15:04:19 989362 79995.5502
2019:05:06 15:04:20 34383 45013.4873
2019:05:06 15:04:20 113359 77743.6830
2019:05:06 15:04:20 193355 79985.7005
2019:05:06 15:04:20 273360 79995.3118
2019:05:06 15:04:20 313374 40005.5759
2019:05:06 15:04:20 389364 69991.7860
2019:05:06 15:04:20 469362 79989.6754
2019:05:06 15:04:20 515106 45735.5566
2019:05:06 15:04:20 589362 73854.3980
2019:05:06 15:04:20 629360 39990.3096
2019:05:06 15:04:20 675803 46433.1508
2019:05:06 15:04:20 749365 72343.4165
2019:05:06 15:04:20 755668 6295.0924
2019:05:06 15:04:20 789371 33289.8311
2019:05:06 15:04:20 869377 40017.4223
2019:05:06 15:04:20 913539 4179.7310
2019:05:06 15:04:20 989361 39996.4638
2019:05:06 15:04:21 33697 44327.9780
2019:05:06 15:04:21 113356 78816.4027
2019:05:06 15:04:21 193363 79997.2489
2019:05:06 15:04:21 233367 39995.2158
2019:05:06 15:04:21 278119 36802.8954
2019:05:06 15:04:21 353357 74007.9731
2019:05:06 15:04:21 421363 67996.7143
2019:05:06 15:04:21 501361 79989.2545
2019:05:06 15:04:21 541369 39999.0566
2019:05:06 15:04:21 621374 39999.6415
2019:05:06 15:04:21 666834 5471.4829
2019:05:06 15:04:21 701379 33728.1972
2019:05:06 15:04:21 745739 4379.1234
2019:05:06 15:04:21 821368 40010.1803
2019:05:06 15:04:21 897379 36017.8761
2019:05:06 15:04:21 937931 34797.0836
2019:05:06 15:04:22 13357 74201.4423
2019:05:06 15:04:22 97365 83995.9271
2019:05:06 15:04:22 101480 4103.8059
2019:05:06 15:04:22 142901 41402.8130
2019:05:06 15:04:22 173863 29375.7766
2019:05:06 15:04:22 253359 77452.7304
2019:05:06 15:04:22 333382 80014.8509
2019:05:06 15:04:22 367219 33830.1249
2019:05:06 15:04:22 461360 67995.7494
2019:05:06 15:04:22 471595 10227.1698
2019:05:06 15:04:22 502649 30643.4669
2019:05:06 15:04:22 549369 16010.9736
2019:05:06 15:04:22 614145 32771.1366
2019:05:06 15:04:22 693370 40003.8809
2019:05:06 15:04:22 761372 28012.7674
2019:05:06 15:04:22 803385 42007.0812
2019:05:06 15:04:22 837655 32246.3587
2019:05:06 15:04:22 905360 67698.0391
2019:05:06 15:04:22 949856 44486.9883
2019:05:06 15:04:23 25358 74282.8399
2019:05:06 15:04:23 65372 40005.3449
2019:05:06 15:04:23 133372 28009.4966
2019:05:06 15:04:23 213357 74186.9807
2019:05:06 15:04:23 245372 32005.8987
2019:05:06 15:04:23 283932 6568.1078
2019:05:06 15:04:23 309369 24622.2988
2019:05:06 15:04:23 377360 63468.3892
2019:05:06 15:04:23 417373 40003.7989
2019:05:06 15:04:23 497356 39994.9290
2019:05:06 15:04:23 577359 79995.5651
2019:05:06 15:04:23 621483 44116.9068
2019:05:06 15:04:23 665358 43059.8110
2019:05:06 15:04:23 697616 32246.9063
2019:05:06 15:04:23 741368 43734.4611
2019:05:06 15:04:23 789374 43110.7096
2019:05:06 15:04:23 841833 48302.1401
2019:05:06 15:04:23 901361 59143.0962
2019:05:06 15:04:23 941368 39998.3898
2019:05:06 15:04:24 21368 40006.6972
2019:05:06 15:04:24 101377 40014.7922
2019:05:06 15:04:24 139746 36412.4328
2019:05:06 15:04:24 201377 61622.4967
2019:05:06 15:04:24 244687 43303.2811
2019:05:06 15:04:24 281371 35458.4754
2019:05:06 15:04:24 345365 24005.1635
2019:05:06 15:04:24 422186 35751.6408
2019:05:06 15:04:24 494217 36318.2612
2019:05:06 15:04:24 542266 24569.1054
2019:05:06 15:04:24 599750 31479.9994
2019:05:06 15:04:24 638244 38487.8255
2019:05:06 15:04:24 709852 71600.1727
2019:05:06 15:04:24 781940 72080.2285
2019:05:06 15:04:24 813375 31427.5622
2019:05:06 15:04:24 877643 35958.7260
2019:05:06 15:04:24 957370 79718.3029
2019:05:06 15:04:25 37357 79978.8572
2019:05:06 15:04:25 77375 40006.8387
2019:05:06 15:04:25 157357 74044.7529
2019:05:06 15:04:25 197381 40014.7960
2019:05:06 15:04:25 277373 40008.4741
2019:05:06 15:04:25 280992 3283.2697
2019:05:06 15:04:25 324696 43294.8507
2019:05:06 15:04:25 397372 40012.3931
2019:05:06 15:04:25 437367 35655.7518
2019:05:06 15:04:25 517378 40016.0216
2019:05:06 15:04:25 557371 39103.3366
2019:05:06 15:04:25 637355 75199.5221
2019:05:06 15:04:25 717357 79992.5849
2019:05:06 15:04:25 760268 42900.7746
2019:05:06 15:04:25 802897 42226.1767
2019:05:06 15:04:25 877358 72870.6867
2019:05:06 15:04:25 957362 79992.5216
2019:05:06 15:04:26 37366 79998.2771
2019:05:06 15:04:26 77380 40003.5977
2019:05:06 15:04:26 157373 40008.0122
2019:05:06 15:04:26 237373 40007.1293
2019:05:06 15:04:26 277363 38845.1107
2019:05:06 15:04:26 361355 83985.6341
2019:05:06 15:04:26 385371 24006.0315
2019:05:06 15:04:26 465376 40012.0765
2019:05:06 15:04:26 545363 39995.6293
2019:05:06 15:04:26 625356 79983.9422
2019:05:06 15:04:26 669122 43755.8293
2019:05:06 15:04:26 705369 35435.1103
2019:05:06 15:04:26 750686 5325.0380
2019:05:06 15:04:26 829357 39991.3602
2019:05:06 15:04:26 869369 40005.0245
2019:05:06 15:04:26 949362 40001.8468
2019:05:06 15:04:27 29356 79985.0002
2019:05:06 15:04:27 69368 40002.7670
2019:05:06 15:04:27 149375 40009.0367
2019:05:06 15:04:27 189375 38035.7839
2019:05:06 15:04:27 229356 35807.8815
2019:05:06 15:04:27 274056 44689.5659
2019:05:06 15:04:27 349356 74069.6564
2019:05:06 15:04:27 391438 42072.0614
2019:05:06 15:04:27 465364 73114.4883
2019:05:06 15:04:27 505362 39985.2805
2019:05:06 15:04:27 585361 79989.0347
2019:05:06 15:04:27 629978 44607.8926
2019:05:06 15:04:27 705355 73724.3518
2019:05:06 15:04:27 745355 39991.0919
2019:05:06 15:04:27 825361 79996.4480
2019:05:06 15:04:27 868881 43511.3572
2019:05:06 15:04:27 945356 74828.0361
2019:05:06 15:04:27 985356 39989.7769
2019:05:06 15:04:28 65362 79995.5912
2019:05:06 15:04:28 133361 67990.6867
2019:05:06 15:04:28 173368 39998.1365
2019:05:06 15:04:28 253372 40007.4683
2019:05:06 15:04:28 257382 2885.8595
2019:05:06 15:04:28 333375 40010.0388
2019:05:06 15:04:28 397372 44006.8841
2019:05:06 15:04:28 437361 37966.9480
2019:05:06 15:04:28 517356 79986.0023
2019:05:06 15:04:28 557366 40000.3120
2019:05:06 15:04:28 637376 40013.5294
2019:05:06 15:04:28 677376 38216.1215
2019:05:06 15:04:28 757356 74235.5101
2019:05:06 15:04:28 841358 83995.4242
2019:05:06 15:04:28 921362 79992.9798
2019:05:06 15:04:28 965628 44257.2981
2019:05:06 15:04:29 6315 39055.6231
2019:05:06 15:04:29 81368 74224.0362
2019:05:06 15:04:29 117371 35993.0359
2019:05:06 15:04:29 197373 40013.0376
2019:05:06 15:04:29 204870 5354.0617
2019:05:06 15:04:29 277355 72107.0096
2019:05:06 15:04:29 306131 28767.5932
2019:05:06 15:04:29 401729 52370.2465
2019:05:06 15:04:29 440603 2511.1325
2019:05:06 15:04:29 481357 38728.5426
2019:05:06 15:04:29 561358 79990.0889
2019:05:06 15:04:29 565209 3841.0351
2019:05:06 15:04:29 641367 39999.9544
2019:05:06 15:04:29 688690 7326.6625
2019:05:06 15:04:29 761374 40005.1735
2019:05:06 15:04:29 841361 39999.1944
2019:05:06 15:04:29 921357 79985.2386
2019:05:06 15:04:29 926736 5369.2311
2019:05:06 15:04:29 929199 1663.3309
2019:05:06 15:04:30 1372 39999.5483
2019:05:06 15:04:30 81377 40016.4835
2019:05:06 15:04:30 122256 35094.3208
2019:05:06 15:04:30 197358 73876.3101
2019:05:06 15:04:30 277366 79997.2527
2019:05:06 15:04:30 317362 39986.7259
2019:05:06 15:04:30 397365 79995.6657
2019:05:06 15:04:30 477359 79985.0598
2019:05:06 15:04:30 522421 45054.0632
2019:05:06 15:04:30 597357 73049.8247
2019:05:06 15:04:30 637371 40005.6206
2019:05:06 15:04:30 717375 40009.7072
2019:05:06 15:04:30 763583 6216.2168
2019:05:06 15:04:30 841368 40006.0862
2019:05:06 15:04:30 921369 40007.9116
2019:05:06 15:04:31 1375 40012.9706
2019:05:06 15:04:31 81361 75198.6578
2019:05:06 15:04:31 122417 41042.9426
2019:05:06 15:04:31 197357 73713.3436
2019:05:06 15:04:31 237374 40006.9170
2019:05:06 15:04:31 277372 35755.4890
2019:05:06 15:04:31 317373 37616.6105
2019:05:06 15:04:31 364773 3408.9051
2019:05:06 15:04:31 396169 30969.8805
2019:05:06 15:04:31 457367 32005.0046
2019:05:06 15:04:31 521354 60498.0066
2019:05:06 15:04:31 601362 79999.7374
2019:05:06 15:04:31 641361 39989.7993
2019:05:06 15:04:31 713364 71995.6569
2019:05:06 15:04:31 748390 35016.9651
2019:05:06 15:04:31 777478 28683.0366
2019:05:06 15:04:31 841373 32005.6230
2019:05:06 15:04:31 875003 32360.3787
2019:05:06 15:04:31 953369 40003.0017
2019:05:06 15:04:32 33376 40015.7534
2019:05:06 15:04:32 73381 37184.5402
2019:05:06 15:04:32 113170 34494.9514
2019:05:06 15:04:32 189357 75355.5819
2019:05:06 15:04:32 269361 79993.5609
2019:05:06 15:04:32 309370 40001.7798
2019:05:06 15:04:32 377380 33999.6405
2019:05:06 15:04:32 457387 40021.7623
2019:05:06 15:04:32 497372 35719.1898
2019:05:06 15:04:32 544988 7618.2075
2019:05:06 15:04:32 617371 40000.5691
2019:05:06 15:04:32 697374 40008.0383
2019:05:06 15:04:32 777362 75036.2687
2019:05:06 15:04:32 817374 40003.0725
2019:05:06 15:04:32 850103 31066.5630
2019:05:06 15:04:32 888760 37843.4286
2019:05:06 15:04:32 925374 36198.6421
2019:05:06 15:04:33 5357 73873.5162
2019:05:06 15:04:33 85358 79989.3700
2019:05:06 15:04:33 127535 42163.7408
2019:05:06 15:04:33 170587 43039.4709
2019:05:06 15:04:33 245358 74004.0019
2019:05:06 15:04:33 285374 40007.3566
2019:05:06 15:04:33 365376 40015.6975
2019:05:06 15:04:33 369332 3657.7322
2019:05:06 15:04:33 412351 6983.4851
2019:05:06 15:04:33 485372 40012.4677
2019:05:06 15:04:33 565356 39995.5995
2019:05:06 15:04:33 645360 79993.1511
2019:05:06 15:04:33 689392 44021.9715
2019:05:06 15:04:33 725375 35320.1404
2019:05:06 15:04:33 805354 39991.6358
2019:05:06 15:04:33 885355 79990.6887
2019:05:06 15:04:33 928034 42669.0392
2019:05:06 15:04:33 932559 4109.0101
2019:05:06 15:04:34 5357 72789.8590
2019:05:06 15:04:34 45381 40004.8643
2019:05:06 15:04:34 87887 36424.7598
2019:05:06 15:04:34 125374 37458.5837
2019:05:06 15:04:34 170214 4848.9869
2019:05:06 15:04:34 172691 1664.3368
2019:05:06 15:04:34 210801 37720.0395
2019:05:06 15:04:34 248724 36326.2035
2019:05:06 15:04:34 285371 36246.0203
2019:05:06 15:04:34 358223 36862.2467
2019:05:06 15:04:34 393370 31827.0363
2019:05:06 15:04:34 440370 7008.1614
2019:05:06 15:04:34 513356 72158.5751
2019:05:06 15:04:34 557077 43710.4143
2019:05:06 15:04:34 633370 76288.2605
2019:05:06 15:04:34 677695 44316.9102
2019:05:06 15:04:34 753361 74438.1882
2019:05:06 15:04:34 829360 75989.9691
2019:05:06 15:04:34 909363 79995.9414
2019:05:06 15:04:34 989364 79994.2911
2019:05:06 15:04:35 35571 46197.2915
2019:05:06 15:04:35 109369 73781.0768
2019:05:06 15:04:35 149363 39986.1299
2019:05:06 15:04:35 229356 79985.5776
2019:05:06 15:04:35 269355 39990.1457
2019:05:06 15:04:35 349354 79991.0799
2019:05:06 15:04:35 389366 40002.7707
2019:05:06 15:04:35 457375 40005.8627
2019:05:06 15:04:35 537356 74203.9084
2019:05:06 15:04:35 577367 40003.8213
2019:05:06 15:04:35 657384 40023.4908
2019:05:06 15:04:35 703654 6286.0288
2019:05:06 15:04:35 777371 40011.1116
2019:05:06 15:04:35 817375 35764.0311
2019:05:06 15:04:35 897362 40001.8506
2019:05:06 15:04:35 977355 79985.1008
2019:05:06 15:04:36 57355 79988.9043
2019:05:06 15:04:36 103110 45746.5388
2019:05:06 15:04:36 146630 41876.0777
2019:05:06 15:04:36 221358 73513.3439
2019:05:06 15:04:36 301356 79990.2491
2019:05:06 15:04:36 345260 43894.9466
2019:05:06 15:04:36 373136 27869.2134
2019:05:06 15:04:36 453384 40017.5974
2019:05:06 15:04:36 493367 38260.7654
2019:05:06 15:04:36 573362 39996.0391
2019:05:06 15:04:36 653356 79985.4435
2019:05:06 15:04:36 693369 40005.3933
2019:05:06 15:04:36 773374 40015.6081
2019:05:06 15:04:36 777472 3789.3467
2019:05:06 15:04:36 849362 71875.1512
2019:05:06 15:04:36 892655 43283.3172
2019:05:06 15:04:36 929374 35882.8194
2019:05:06 15:04:37 9356 39982.9261
2019:05:06 15:04:37 89364 79999.2420
2019:05:06 15:04:37 130960 41586.7157
2019:05:06 15:04:37 205363 72780.2292
2019:05:06 15:04:37 245379 40008.7796
2019:05:06 15:04:37 325375 40009.5880
2019:05:06 15:04:37 369368 42820.0737
2019:05:06 15:04:37 445356 75976.9566
2019:05:06 15:04:37 485372 40007.0176
2019:05:06 15:04:37 525367 35476.4871
2019:05:06 15:04:37 573205 7844.9659
2019:05:06 15:04:37 645357 72130.9707
2019:05:06 15:04:37 687529 42161.7068
2019:05:06 15:04:37 689184 1649.2866
2019:05:06 15:04:37 765357 39989.1958
2019:05:06 15:04:37 809695 44329.7178
2019:05:06 15:04:37 885356 74849.7769
2019:05:06 15:04:37 965364 79998.7912
2019:05:06 15:04:38 5370 39997.3653
2019:05:06 15:04:38 53271 7908.7131
2019:05:06 15:04:38 125375 40013.6709
2019:05:06 15:04:38 169448 4084.2704
2019:05:06 15:04:38 212042 6678.1528
2019:05:06 15:04:38 285372 40013.0339
2019:05:06 15:04:38 325368 36021.1097
2019:05:06 15:04:38 413378 48017.1926
2019:05:06 15:04:38 453377 36783.0805
2019:05:06 15:04:38 533375 40011.1638
2019:05:06 15:04:38 618006 44637.2591
2019:05:06 15:04:38 693356 74154.7644
2019:05:06 15:04:38 773363 79999.2420
2019:05:06 15:04:38 865360 91987.0995
2019:05:06 15:04:38 908511 43141.6333
2019:05:06 15:04:38 945363 36845.5537
2019:05:06 15:04:39 13362 67991.1785
2019:05:06 15:04:39 52524 39153.7994
2019:05:06 15:04:39 84123 6759.8559
2019:05:06 15:04:39 165367 58829.2293
2019:05:06 15:04:39 245380 40017.6495
2019:05:06 15:04:39 291481 43411.8658
2019:05:06 15:04:39 324127 31054.7501
2019:05:06 15:04:39 373368 24009.0266
2019:05:06 15:04:39 441375 32011.7325
2019:05:06 15:04:39 513372 40006.1756
2019:05:06 15:04:39 569359 53127.4825
2019:05:06 15:04:39 625360 55991.1653
2019:05:06 15:04:39 632315 6946.3402
2019:05:06 15:04:39 676558 43414.6821
2019:05:06 15:04:39 713368 35592.7832
2019:05:06 15:04:39 717527 3285.0802
2019:05:06 15:04:39 793368 39998.2110
2019:05:06 15:04:39 839701 6342.3477
2019:05:06 15:04:39 913366 39999.3919
2019:05:06 15:04:39 993372 40002.1672
2019:05:06 15:04:40 77357 79164.5944
2019:05:06 15:04:40 129371 52003.3576
2019:05:06 15:04:40 221358 84091.7118
2019:05:06 15:04:40 301364 79996.1612
2019:05:06 15:04:40 341370 39997.6522
2019:05:06 15:04:40 393362 47802.9922
2019:05:06 15:04:40 435546 42170.5730
2019:05:06 15:04:40 476949 40998.5520
2019:05:06 15:04:40 553357 75567.1859
2019:05:06 15:04:40 613359 59993.7811
2019:05:06 15:04:40 677362 63994.6312
2019:05:06 15:04:40 741357 63986.5100
2019:05:06 15:04:40 778244 36879.9791
2019:05:06 15:04:40 807907 28476.2457
2019:05:06 15:04:40 837356 29443.2379
2019:05:06 15:04:40 925174 85987.5493
2019:05:06 15:04:41 1364 76179.2883
2019:05:06 15:04:41 97365 95991.5407
2019:05:06 15:04:41 161366 63991.1294
2019:05:06 15:04:41 233361 71987.8823
2019:05:06 15:04:41 239373 6003.6220
2019:05:06 15:04:41 273367 33196.2220
2019:05:06 15:04:41 369370 48009.6899
2019:05:06 15:04:41 453375 40012.4937
2019:05:06 15:04:41 485378 27601.9126
2019:05:06 15:04:41 549361 32001.0670
2019:05:06 15:04:41 584305 34935.0050
2019:05:06 15:04:41 589236 4114.9557
2019:05:06 15:04:41 653356 64113.6169
2019:05:06 15:04:41 701356 47990.6909
2019:05:06 15:04:41 797358 95991.7083
2019:05:06 15:04:41 877356 79988.2114
2019:05:06 15:04:41 941356 63987.6388
2019:05:06 15:04:42 5361 63994.9329
2019:05:06 15:04:42 49688 44319.0522
2019:05:06 15:04:42 145358 94046.7678
2019:05:06 15:04:42 203592 58224.5737
2019:05:06 15:04:42 269362 63327.5285
2019:05:06 15:04:42 305372 35999.7638
2019:05:06 15:04:42 333742 28360.0539
2019:05:06 15:04:42 401364 66445.1756
2019:05:06 15:04:42 427792 26419.8184
2019:05:06 15:04:42 501369 40008.6083
2019:05:06 15:04:42 533356 30071.7540
2019:05:06 15:04:42 570390 37024.0510
2019:05:06 15:04:42 620762 39438.5085
2019:05:06 15:04:42 662149 41375.0671
2019:05:06 15:04:42 694109 31565.5358
2019:05:06 15:04:42 753369 57659.9352
2019:05:06 15:04:42 833355 79978.7752
2019:05:06 15:04:42 873372 40007.9414
2019:05:06 15:04:42 941361 35996.9549
2019:05:06 15:04:42 984907 43538.7157
2019:05:06 15:04:43 45372 36007.7061
2019:05:06 15:04:43 89366 40508.5720
2019:05:06 15:04:43 113373 18617.1308
2019:05:06 15:04:43 151926 6565.3436
2019:05:06 15:04:43 193319 7954.5006
2019:05:06 15:04:43 265372 40011.9722
2019:05:06 15:04:43 345358 75005.6319
2019:05:06 15:04:43 382378 37010.3940
2019:05:06 15:04:43 409371 26591.9864
2019:05:06 15:04:43 441374 26993.6770
2019:05:06 15:04:43 480733 7371.6231
2019:05:06 15:04:43 511528 6170.7497
2019:05:06 15:04:43 577356 64192.0641
2019:05:06 15:04:43 637356 59989.8510
2019:05:06 15:04:43 717362 79997.8301
2019:05:06 15:04:43 757369 39998.3153
2019:05:06 15:04:43 837358 39997.1679
2019:05:06 15:04:43 917356 79988.9304
2019:05:06 15:04:43 962270 44901.7175
2019:05:06 15:04:44 37361 73474.1986
2019:05:06 15:04:44 77375 40004.8010
2019:05:06 15:04:44 100975 3613.0920
2019:05:06 15:04:44 177367 40008.1277
2019:05:06 15:04:44 257356 75249.2808
2019:05:06 15:04:44 299931 42561.1772
2019:05:06 15:04:44 337361 37423.4803
2019:05:06 15:04:44 377354 39984.1666
2019:05:06 15:04:44 453358 75995.4639
2019:05:06 15:04:44 533364 79998.0052
2019:05:06 15:04:44 538245 4874.9670
2019:05:06 15:04:44 573373 35114.9291
2019:05:06 15:04:44 617813 4447.7917
2019:05:06 15:04:44 660826 7461.7565
2019:05:06 15:04:44 695741 34497.4771
2019:05:06 15:04:44 773364 76289.7879
2019:05:06 15:04:44 779913 6538.9574
2019:05:06 15:04:44 853356 73430.2960
2019:05:06 15:04:44 933370 40005.5423
2019:05:06 15:04:44 973369 38976.5911
2019:05:06 15:04:45 53357 75352.9035
2019:05:06 15:04:45 97369 44001.8177
2019:05:06 15:04:45 177373 40011.3724
2019:05:06 15:04:45 222522 5156.9268
2019:05:06 15:04:45 297357 72408.2887
2019:05:06 15:04:45 337356 39991.4868
2019:05:06 15:04:45 421358 83993.1667
2019:05:06 15:04:45 463885 42516.1049
2019:05:06 15:04:45 501361 37469.3386
2019:05:06 15:04:45 545404 44033.6652
2019:05:06 15:04:45 621356 74343.6590
2019:05:06 15:04:45 661371 40007.7738
2019:05:06 15:04:45 741372 40010.6348
2019:05:06 15:04:45 787628 6261.7399
2019:05:06 15:04:45 861356 72089.1878
2019:05:06 15:04:45 909329 47961.0786
2019:05:06 15:04:45 981373 40014.4197
2019:05:06 15:04:46 61387 40009.6960
2019:05:06 15:04:46 145379 40013.9838
2019:05:06 15:04:46 185379 35737.6412
2019:05:06 15:04:46 265375 40011.5512
2019:05:06 15:04:46 305381 37156.3509
2019:05:06 15:04:46 385360 74481.5841
2019:05:06 15:04:46 428537 43166.2016
2019:05:06 15:04:46 505356 76812.2859
2019:05:06 15:04:46 581371 76006.2076
2019:05:06 15:04:46 661363 79980.9434
2019:05:06 15:04:46 701375 40003.2289
2019:05:06 15:04:46 781379 40018.5287
2019:05:06 15:04:46 821374 38401.3318
2019:05:06 15:04:46 901357 74635.8782
2019:05:06 15:04:46 941375 40008.5337
2019:05:06 15:04:47 21374 40012.6837
2019:05:06 15:04:47 61368 38650.5499
2019:05:06 15:04:47 145357 83981.5848
2019:05:06 15:04:47 185368 40001.8692
2019:05:06 15:04:47 265362 72062.0863
2019:05:06 15:04:47 309331 43958.6267
2019:05:06 15:04:47 345368 35211.1273
2019:05:06 15:04:47 425364 40002.3349
2019:05:06 15:04:47 505362 79990.4652
2019:05:06 15:04:47 551793 46422.3176
2019:05:06 15:04:47 621376 39998.1849
2019:05:06 15:04:47 661377 35808.8687
2019:05:06 15:04:47 741372 40007.9377
2019:05:06 15:04:47 781374 37879.1988
2019:05:06 15:04:47 861356 74760.5711
2019:05:06 15:04:47 901369 40002.4280
2019:05:06 15:04:47 981371 40007.9638
2019:05:06 15:04:48 21374 37116.4456
2019:05:06 15:04:48 105357 78888.5206
2019:05:06 15:04:48 145356 39989.2405
2019:05:06 15:04:48 225361 79996.3959
2019:05:06 15:04:48 268933 43563.2840
2019:05:06 15:04:48 305362 35620.4510
2019:05:06 15:04:48 347748 42374.2756
2019:05:06 15:04:48 411381 62813.9190
2019:05:06 15:04:48 461359 49970.3810
2019:05:06 15:04:48 489569 28196.0070
2019:05:06 15:04:48 517376 27418.1552
2019:05:06 15:04:48 597378 40012.7620
2019:05:06 15:04:48 677357 73652.2004
2019:05:06 15:04:48 757361 79994.2575
2019:05:06 15:04:48 798098 40728.5616
2019:05:06 15:04:48 829645 31539.2911
2019:05:06 15:04:48 889356 58517.5678
2019:05:06 15:04:48 965360 75994.1898
2019:05:06 15:04:48 997361 31990.6846
2019:05:06 15:04:49 69357 71986.6566
2019:05:06 15:04:49 153358 83990.8309
2019:05:06 15:04:49 159923 6556.4699
2019:05:06 15:04:49 233356 73033.7724
2019:05:06 15:04:49 273357 39990.3506
2019:05:06 15:04:49 353357 79991.8585
2019:05:06 15:04:49 405364 51995.8772
2019:05:06 15:04:49 448141 42767.8935
2019:05:06 15:04:49 489398 40443.2379
2019:05:06 15:04:49 565357 75246.5352
2019:05:06 15:04:49 605356 39988.7227
2019:05:06 15:04:49 685365 79999.3612
2019:05:06 15:04:49 725373 39995.0705
2019:05:06 15:04:49 761634 31175.0621
2019:05:06 15:04:49 837358 74150.7523
2019:05:06 15:04:49 880988 43620.1952
2019:05:06 15:04:49 922497 40703.1029
2019:05:06 15:04:49 997356 74444.9534
2019:05:06 15:04:50 77357 79991.3779
2019:05:06 15:04:50 117290 39923.6493
2019:05:06 15:04:50 153361 35676.6805
2019:05:06 15:04:50 197397 44026.4568
2019:05:06 15:04:50 273356 75147.4947
2019:05:06 15:04:50 353358 79992.2869
2019:05:06 15:04:50 361223 7854.8938
2019:05:06 15:04:50 429373 36007.0542
2019:05:06 15:04:50 509370 40011.0595
2019:05:06 15:04:50 573374 32009.7767
2019:05:06 15:04:50 637357 59794.7612
2019:05:06 15:04:50 669370 32005.0791
2019:05:06 15:04:50 741370 40004.2199
2019:05:06 15:04:50 781373 38584.2323
2019:05:06 15:04:50 861356 74383.0018
2019:05:06 15:04:50 941357 79990.4317
2019:05:06 15:04:51 21362 79995.4571
2019:05:06 15:04:51 53358 31988.7400
2019:05:06 15:04:51 113355 59990.6519
2019:05:06 15:04:51 177360 63995.9313
2019:05:06 15:04:51 220436 43068.9342
2019:05:06 15:04:51 257360 36512.6617
2019:05:06 15:04:51 301147 43778.9373
2019:05:06 15:04:51 377358 75393.9897
2019:05:06 15:04:51 457362 79993.2852
2019:05:06 15:04:51 489369 31996.6562
2019:05:06 15:04:51 521369 30912.2242
2019:05:06 15:04:51 554904 33527.5494
2019:05:06 15:04:51 586432 30332.5690
2019:05:06 15:04:51 645361 58488.4956
2019:05:06 15:04:51 682368 37000.0862
2019:05:06 15:04:51 741362 57785.6228
2019:05:06 15:04:51 777888 36520.0564
2019:05:06 15:04:51 853355 74296.6048
2019:05:06 15:04:51 933361 39997.3392
2019:05:06 15:04:52 13356 79986.2035
2019:05:06 15:04:52 97370 84005.1658
2019:05:06 15:04:52 133124 35741.1616
2019:05:06 15:04:52 136816 3299.9925
2019:05:06 15:04:52 193369 30758.2468
2019:05:06 15:04:52 231927 6552.8378
2019:05:06 15:04:52 289373 32018.2629
2019:05:06 15:04:52 327872 6507.2551
2019:05:06 15:04:52 393356 39823.5247
2019:05:06 15:04:52 477356 83991.5387
2019:05:06 15:04:52 557361 79995.1442
2019:05:06 15:04:52 589368 31993.4562
2019:05:06 15:04:52 653361 57925.3174
2019:05:06 15:04:52 660388 7018.3463
2019:05:06 15:04:52 690113 29333.0215
2019:05:06 15:04:52 749358 58003.1276
2019:05:06 15:04:52 781365 32000.0239
2019:05:06 15:04:52 861358 75142.1824
2019:05:06 15:04:52 941357 79989.8989
2019:05:06 15:04:52 985893 44527.0389
2019:05:06 15:04:53 45369 58240.9687
2019:05:06 15:04:53 77370 30162.9826
2019:05:06 15:04:53 94684 5295.4890
2019:05:06 15:04:53 161372 64233.6570
2019:05:06 15:04:53 253369 44006.8878
2019:05:06 15:04:53 341365 40005.5535
2019:05:06 15:04:53 388218 6852.8242
2019:05:06 15:04:53 445376 32010.2200
2019:05:06 15:04:53 480175 2810.8433
2019:05:06 15:04:53 514558 33165.5070
2019:05:06 15:04:53 589375 40008.6008
2019:05:06 15:04:53 685372 48008.9076
2019:05:06 15:04:53 773378 40013.0823
2019:05:06 15:04:53 837371 32011.1997
2019:05:06 15:04:53 901361 59264.0042
2019:05:06 15:04:53 945342 43971.0952
2019:05:06 15:04:53 989369 43207.2990
2019:05:06 15:04:54 81390 44027.2279
2019:05:06 15:04:54 121356 37657.1119
2019:05:06 15:04:54 193361 71995.0497
2019:05:06 15:04:54 225557 32188.6837
2019:05:06 15:04:54 257372 31019.4567
2019:05:06 15:04:54 337388 40024.2098
2019:05:06 15:04:54 385371 45162.3946
2019:05:06 15:04:54 393310 3746.1370
2019:05:06 15:04:54 481382 48020.1207
2019:05:06 15:04:54 529160 7798.3327
2019:05:06 15:04:54 581382 28016.3623
2019:05:06 15:04:54 645370 32009.9965
2019:05:06 15:04:54 689222 3855.3067
2019:05:06 15:04:54 773356 83313.6700
2019:05:06 15:04:54 869357 95991.7568
2019:05:06 15:04:54 913059 43690.9422
2019:05:06 15:04:54 981361 67068.3198
2019:05:06 15:04:55 45360 63990.8984
2019:05:06 15:04:55 129358 83990.1306
2019:05:06 15:04:55 225359 95990.7994
2019:05:06 15:04:55 269646 44277.6717
2019:05:06 15:04:55 311640 41188.9143
2019:05:06 15:04:55 342167 29120.3000
2019:05:06 15:04:55 401363 58015.1901
2019:05:06 15:04:55 433361 31988.3004
2019:05:06 15:04:55 513356 79982.1988
2019:05:06 15:04:55 519015 5647.1340
2019:05:06 15:04:55 564868 45066.3976
2019:05:06 15:04:55 616445 3081.6570
2019:05:06 15:04:55 653374 36917.1686
2019:05:06 15:04:55 698859 5495.5781
2019:05:06 15:04:55 757367 31864.1365
2019:05:06 15:04:55 821367 31998.8616
2019:05:06 15:04:55 909375 48009.2093
2019:05:06 15:04:56 5378 36011.9082
2019:05:06 15:04:56 57362 48738.0847
2019:05:06 15:04:56 141362 83994.0012
2019:05:06 15:04:56 145390 4019.9235
2019:05:06 15:04:56 187554 10191.7647
2019:05:06 15:04:56 253355 64162.1426
2019:05:06 15:04:56 333359 79994.3469
2019:05:06 15:04:56 365364 31994.0969
2019:05:06 15:04:56 437359 39977.6325
2019:05:06 15:04:56 517360 79990.0778
2019:05:06 15:04:56 553639 36272.4476
2019:05:06 15:04:56 581387 27369.1565
2019:05:06 15:04:56 618851 37455.1862
2019:05:06 15:04:56 650395 31130.8242
2019:05:06 15:04:56 709360 56949.8241
2019:05:06 15:04:56 745753 36385.1748
2019:05:06 15:04:56 813361 66842.9919
2019:05:06 15:04:56 853369 39999.2578
2019:05:06 15:04:56 945370 44008.3481
2019:05:06 15:04:57 33357 80020.2079
2019:05:06 15:04:57 61366 27999.1031
2019:05:06 15:04:57 99698 38323.4583
2019:05:06 15:04:57 104172 4090.0409
2019:05:06 15:04:57 131638 27054.6600
2019:05:06 15:04:57 201356 68090.5841
2019:05:06 15:04:57 244429 43063.5251
2019:05:06 15:04:57 289361 44528.4359
2019:05:06 15:04:57 337368 47996.5769
2019:05:06 15:04:57 377362 37144.7615
2019:05:06 15:04:57 485365 107994.4260
2019:05:06 15:04:57 517978 32603.3607
2019:05:06 15:04:57 557370 37802.5919
2019:05:06 15:04:57 600770 43390.3225
2019:05:06 15:04:57 637378 36172.8221
2019:05:06 15:04:57 717363 72053.9726
2019:05:06 15:04:57 761917 44540.9082
2019:05:06 15:04:57 792633 29059.7640
2019:05:06 15:04:57 821396 28360.5345
2019:05:06 15:04:57 885377 32001.1899
2019:05:06 15:04:57 913398 26557.1177
2019:05:06 15:04:57 997367 83956.5955
2019:05:06 15:04:58 3945 6567.1206
2019:05:06 15:04:58 37377 33408.9994
2019:05:06 15:04:58 121364 43998.0514
2019:05:06 15:04:58 185369 63991.0251
2019:05:06 15:04:58 222828 37446.4728
2019:05:06 15:04:58 281380 58146.5028
2019:05:06 15:04:58 321362 39972.1637
2019:05:06 15:04:58 366023 44644.3260
2019:05:06 15:04:58 425372 58565.0615
2019:05:06 15:04:58 465373 39988.3315
2019:05:06 15:04:58 533367 67985.1212
2019:05:06 15:04:58 577595 44215.3811
2019:05:06 15:04:58 613390 35243.2504
2019:05:06 15:04:58 693381 40014.2446
2019:05:06 15:04:58 773392 40026.8063
2019:05:06 15:04:58 819970 6594.0358
2019:05:06 15:04:58 853388 33026.8443
2019:05:06 15:04:58 933389 40019.1545
2019:05:06 15:04:59 13389 40007.9899
2019:05:06 15:04:59 57505 4131.7269
2019:05:06 15:04:59 89389 31225.1709
2019:05:06 15:04:59 169381 40013.3692
2019:05:06 15:04:59 249386 40018.0370
2019:05:06 15:04:59 253039 3296.3790
2019:05:06 15:04:59 293612 40195.0739
2019:05:06 15:04:59 369361 74978.6869
2019:05:06 15:04:59 449361 79986.4456
2019:05:06 15:04:59 493381 44007.7074
2019:05:06 15:04:59 533978 38559.4666
2019:05:06 15:04:59 613363 78637.3205
2019:05:06 15:04:59 653404 40028.3709
2019:05:06 15:04:59 696442 36842.4617
2019:05:06 15:04:59 734293 37445.5862
2019:05:06 15:04:59 779524 6147.6305
2019:05:06 15:04:59 853363 72611.4027
2019:05:06 15:04:59 893381 40003.3146
2019:05:06 15:04:59 973386 40012.5682
2019:05:06 15:05:00 17771 4398.4726
2019:05:06 15:05:00 53378 35589.9595
2019:05:06 15:05:00 137387 40017.4856
2019:05:06 15:05:00 177361 36107.7376
2019:05:06 15:05:00 257361 79985.5590
2019:05:06 15:05:00 297370 39997.4249
2019:05:06 15:05:00 337382 39999.7011
2019:05:06 15:05:00 385174 7804.9079
2019:05:06 15:05:00 437387 20010.3372
2019:05:06 15:05:00 517386 39999.9768
2019:05:06 15:05:00 637374 80003.1126
2019:05:06 15:05:00 644816 7430.4454
2019:05:06 15:05:00 717380 40002.7558
2019:05:06 15:05:00 757394 37690.6432
2019:05:06 15:05:00 837381 40014.3974
2019:05:06 15:05:00 877362 37951.4769
2019:05:06 15:05:00 957370 79993.6540
2019:05:06 15:05:01 106 42723.7190
2019:05:06 15:05:01 37370 36466.1813
2019:05:06 15:05:01 79844 42463.2281
2019:05:06 15:05:01 145370 65287.4224
2019:05:06 15:05:01 185392 40009.2229
2019:05:06 15:05:01 273374 82823.6900
2019:05:06 15:05:01 361373 87986.0930
2019:05:06 15:05:01 397380 35996.1949
2019:05:06 15:05:01 449394 20014.2339
2019:05:06 15:05:01 479645 18011.3241
2019:05:06 15:05:01 509526 29871.5681
2019:05:06 15:05:01 529172 18838.7483
2019:05:06 15:05:01 569383 28013.2741
2019:05:06 15:05:01 629354 54713.0331
2019:05:06 15:05:01 673677 44313.4755
2019:05:06 15:05:01 709368 34477.2302
2019:05:06 15:05:01 754684 5324.8703
2019:05:06 15:05:01 829372 40011.7747
2019:05:06 15:05:01 866318 4952.1849
2019:05:06 15:05:01 917362 24003.3045
2019:05:06 15:05:01 981356 63985.3068
2019:05:06 15:05:02 45362 63996.8291
2019:05:06 15:05:02 105357 59987.9697
2019:05:06 15:05:02 145373 40004.3316
2019:05:06 15:05:02 225355 79973.2544
2019:05:06 15:05:02 305361 79997.1260
2019:05:06 15:05:02 342465 37096.7761
2019:05:06 15:05:02 373588 30320.5997
2019:05:06 15:05:02 421992 47192.9535
2019:05:06 15:05:02 449745 26566.4198
2019:05:06 15:05:02 521367 40007.2224
2019:05:06 15:05:02 568493 7126.9162
2019:05:06 15:05:02 645374 40007.9526
2019:05:06 15:05:02 709375 32010.5888
2019:05:06 15:05:02 773378 32013.5914
2019:05:06 15:05:02 805417 29521.9645
2019:05:06 15:05:02 837372 30728.5376
2019:05:06 15:05:02 905380 36019.8282
2019:05:06 15:05:02 973375 52008.3085
2019:05:06 15:05:03 18785 5419.3325
2019:05:06 15:05:03 85410 64575.5716
2019:05:06 15:05:03 157362 71939.8260
2019:05:06 15:05:03 189368 31998.5338
2019:05:06 15:05:03 221367 29943.1719
2019:05:06 15:05:03 259447 6081.2011
2019:05:06 15:05:03 317361 31372.8489
2019:05:06 15:05:03 352095 34725.5953
2019:05:06 15:05:03 381355 28043.8773
2019:05:06 15:05:03 421369 40004.1267
2019:05:06 15:05:03 517373 48009.5856
2019:05:06 15:05:03 605373 40010.6758
2019:05:06 15:05:03 677373 32012.3956
2019:05:06 15:05:03 741371 32000.1803
2019:05:06 15:05:03 787045 5680.7809
2019:05:06 15:05:03 869356 80256.7787
2019:05:06 15:05:03 925943 56576.2445
2019:05:06 15:05:04 1363 74624.4304
2019:05:06 15:05:04 61372 59995.4464
2019:05:06 15:05:04 121360 59981.3275
2019:05:06 15:05:04 161367 39999.0380
2019:05:06 15:05:04 201370 39995.5846
2019:05:06 15:05:04 297375 48012.4764
2019:05:06 15:05:04 385379 40016.8672
2019:05:06 15:05:04 417368 28049.0629
2019:05:06 15:05:04 460604 7239.1666
2019:05:06 15:05:04 513377 28019.2904
2019:05:06 15:05:04 556456 43069.5973
2019:05:06 15:05:04 597372 40905.2894
2019:05:06 15:05:04 603579 4901.9754
2019:05:06 15:05:04 650275 46284.0386
2019:05:06 15:05:04 696968 45064.2891
2019:05:06 15:05:04 773357 75531.0692
2019:05:06 15:05:04 805371 32004.7066
2019:05:06 15:05:04 842082 4715.4874
2019:05:06 15:05:04 897388 53278.1705
2019:05:06 15:05:04 920936 7572.0660
2019:05:06 15:05:04 989371 40007.2448
2019:05:06 15:05:05 113359 83993.1592
2019:05:06 15:05:05 157827 44458.0726
2019:05:06 15:05:05 217363 58715.4143
2019:05:06 15:05:05 254557 37186.9393
2019:05:06 15:05:05 313361 57584.2634
2019:05:06 15:05:05 349319 35951.2828
2019:05:06 15:05:05 385367 35653.8445
2019:05:06 15:05:05 449317 23952.1302
2019:05:06 15:05:05 517379 36020.3087
2019:05:06 15:05:05 589359 69183.8935
2019:05:06 15:05:05 625374 36002.0325
2019:05:06 15:05:05 689374 32008.6516
2019:05:06 15:05:05 753374 32010.5813
2019:05:06 15:05:05 785360 30768.0964
2019:05:06 15:05:05 849356 63987.3967
2019:05:06 15:05:05 889360 39993.8151
2019:05:06 15:05:05 949355 59987.1539
2019:05:06 15:05:05 997373 48009.3136
2019:05:06 15:05:06 77366 48005.2605
2019:05:06 15:05:06 94115 4753.4034
2019:05:06 15:05:06 144503 7140.1633
2019:05:06 15:05:06 185042 7674.3998
2019:05:06 15:05:06 241360 32002.1622
2019:05:06 15:05:06 282976 41599.5494
2019:05:06 15:05:06 321361 38379.0545
2019:05:06 15:05:06 361369 40000.6920
2019:05:06 15:05:06 445362 44000.3797
2019:05:06 15:05:06 489178 43807.6034
2019:05:06 15:05:06 529585 39984.1331
2019:05:06 15:05:06 533242 3650.2555
2019:05:06 15:05:06 613376 48015.2145
2019:05:06 15:05:06 693366 40004.7302
2019:05:06 15:05:06 773368 40008.6381
2019:05:06 15:05:06 813371 38599.4837
2019:05:06 15:05:06 858377 39979.0369
2019:05:06 15:05:06 897936 37921.5777
2019:05:06 15:05:06 973356 74234.9774
2019:05:06 15:05:07 16685 43318.8193
2019:05:06 15:05:07 58926 42235.4788
2019:05:06 15:05:07 129357 69620.0281
2019:05:06 15:05:07 209366 79996.5709
2019:05:06 15:05:07 252304 42930.1225
2019:05:06 15:05:07 289374 35457.3429
2019:05:06 15:05:07 335036 5667.2730
2019:05:06 15:05:07 409369 40006.6413
2019:05:06 15:05:07 489380 40016.1296
2019:05:06 15:05:07 529370 37235.1110
2019:05:06 15:05:07 613371 44012.2299
2019:05:06 15:05:07 653365 35968.2739
2019:05:06 15:05:07 733374 40013.4027
2019:05:06 15:05:07 773363 38906.4774
2019:05:06 15:05:07 781162 7791.8209
2019:05:06 15:05:07 853370 40009.4092
2019:05:06 15:05:07 893368 35186.0411
2019:05:06 15:05:07 973370 40006.7419
2019:05:06 15:05:08 13375 37811.6146
2019:05:06 15:05:08 97367 78761.9464
2019:05:06 15:05:08 137370 39993.7145
2019:05:06 15:05:08 217374 40013.7678
2019:05:06 15:05:08 261306 3941.7222
2019:05:06 15:05:08 297375 35241.2127
2019:05:06 15:05:08 377369 40010.3964
2019:05:06 15:05:08 453372 36011.2786
2019:05:06 15:05:08 493380 39293.5872
2019:05:06 15:05:08 573363 73231.7828
2019:05:06 15:05:08 637361 63986.7373
2019:05:06 15:05:08 677373 40001.6904
2019:05:06 15:05:08 721967 41790.5040
2019:05:06 15:05:08 797356 75378.2317
2019:05:06 15:05:08 877361 79994.8312
2019:05:06 15:05:08 917373 40004.9873
2019:05:06 15:05:08 997370 40005.2294
2019:05:06 15:05:09 44554 7187.1243
2019:05:06 15:05:09 113369 36000.4641
2019:05:06 15:05:09 153355 35849.8320
2019:05:06 15:05:09 233360 79996.0792
2019:05:06 15:05:09 273371 40002.1635
2019:05:06 15:05:09 353357 74701.3986
2019:05:06 15:05:09 393370 40004.3055
2019:05:06 15:05:09 477377 40008.9994
2019:05:06 15:05:09 557377 40013.6970
2019:05:06 15:05:09 601224 40672.9393
2019:05:06 15:05:09 677356 75317.7926
2019:05:06 15:05:09 717369 40002.0629
2019:05:06 15:05:09 797373 40006.7382
2019:05:06 15:05:09 837358 38403.4961
2019:05:06 15:05:09 917356 79990.4577
2019:05:06 15:05:09 957369 40003.8250
2019:05:06 15:05:10 37375 40015.5075
2019:05:06 15:05:10 40533 2475.1499
2019:05:06 15:05:10 77382 36461.1484
2019:05:06 15:05:10 165228 51871.6350
2019:05:06 15:05:10 213149 47104.7573
2019:05:06 15:05:10 261046 47490.4105
2019:05:06 15:05:10 309404 46726.3572
2019:05:06 15:05:10 385358 75557.9434
2019:05:06 15:05:10 461362 75993.5044
2019:05:06 15:05:10 509364 47994.8595
2019:05:06 15:05:10 613365 103991.6277
2019:05:06 15:05:10 685367 71994.7405
2019:05:06 15:05:10 749356 63980.6353
2019:05:06 15:05:10 813365 64000.1521
2019:05:06 15:05:10 877362 63988.3801
2019:05:06 15:05:10 918388 41017.9757
2019:05:06 15:05:10 957356 37737.8538
2019:05:06 15:05:11 37363 79996.3661
2019:05:06 15:05:11 79676 42305.1491
2019:05:06 15:05:11 109623 29933.2142
2019:05:06 15:05:11 169359 58960.6911
2019:05:06 15:05:11 205365 35997.2902
2019:05:06 15:05:11 265360 59211.6341
2019:05:06 15:05:11 297365 31997.2225
2019:05:06 15:05:11 337367 39985.5971
2019:05:06 15:05:11 421374 36013.6256
2019:05:06 15:05:11 513363 67866.4446
2019:05:06 15:05:11 581323 67950.9081
2019:05:06 15:05:11 661361 80025.8070
2019:05:06 15:05:11 705116 43746.7173
2019:05:06 15:05:11 741371 36236.0887
2019:05:06 15:05:11 785238 43857.4031
2019:05:06 15:05:11 861356 75319.5472
2019:05:06 15:05:11 941365 79999.5102
2019:05:06 15:05:11 981371 39998.0433
2019:05:06 15:05:12 27750 6388.9399
2019:05:06 15:05:12 105374 44009.6222
2019:05:06 15:05:12 185377 40017.6831
2019:05:06 15:05:12 225361 38596.3991
2019:05:06 15:05:12 265368 39998.7176
2019:05:06 15:05:12 311985 6624.5496
2019:05:06 15:05:12 385379 40019.8214
2019:05:06 15:05:12 465360 39994.1020
2019:05:06 15:05:12 545358 79987.1013
2019:05:06 15:05:12 589381 44011.9952
2019:05:06 15:05:12 669371 40010.7205
2019:05:06 15:05:12 749365 40010.0797
2019:05:06 15:05:12 794536 5177.5314
2019:05:06 15:05:12 869366 40007.0660
2019:05:06 15:05:12 913483 4123.0656
2019:05:06 15:05:12 981377 36014.6500
2019:05:06 15:05:13 9717 3681.5144
2019:05:06 15:05:13 89373 44012.5391
2019:05:06 15:05:13 169376 40014.9599
2019:05:06 15:05:13 209372 37788.4544
2019:05:06 15:05:13 289356 75047.3216
2019:05:06 15:05:13 369357 79989.5041
2019:05:06 15:05:13 445362 75995.7358
2019:05:06 15:05:13 489029 43657.4332
2019:05:06 15:05:13 529172 39320.1485
2019:05:06 15:05:13 565368 36183.3349
2019:05:06 15:05:13 653367 40005.2592
2019:05:06 15:05:13 693370 38324.2145
2019:05:06 15:05:13 773376 40016.6102
2019:05:06 15:05:13 818023 4658.1477
2019:05:06 15:05:13 893356 74098.0618
2019:05:06 15:05:13 933372 40004.8904
2019:05:06 15:05:14 13374 40010.6460
2019:05:06 15:05:14 58675 5308.1103
2019:05:06 15:05:14 102518 43046.6533
2019:05:06 15:05:14 177367 73239.6282
2019:05:06 15:05:14 217369 39991.1068
2019:05:06 15:05:14 297372 40012.5682
2019:05:06 15:05:14 337373 36658.4808
2019:05:06 15:05:14 417357 74241.6009
2019:05:06 15:05:14 461358 43991.5061
2019:05:06 15:05:14 537365 75997.8965
2019:05:06 15:05:14 577363 39990.2835
2019:05:06 15:05:14 637362 59990.5998
2019:05:06 15:05:14 717358 79985.4994
2019:05:06 15:05:14 789362 71995.1093
2019:05:06 15:05:14 826785 37415.4598
2019:05:06 15:05:14 865361 38562.7151
2019:05:06 15:05:14 902310 36941.1409
2019:05:06 15:05:14 957376 53835.9098
2019:05:06 15:05:15 37372 79986.1811
2019:05:06 15:05:15 137368 60008.3433
2019:05:06 15:05:15 217362 79987.0044
2019:05:06 15:05:15 256330 38961.0976
2019:05:06 15:05:15 289043 7679.6040
2019:05:06 15:05:15 345374 32011.4754
2019:05:06 15:05:15 382392 31539.6972
2019:05:06 15:05:15 457368 73742.2295
2019:05:06 15:05:15 553363 95984.3919
2019:05:06 15:05:15 593643 40271.2785
2019:05:06 15:05:15 625027 29728.2003
2019:05:06 15:05:15 693373 40010.1766
2019:05:06 15:05:15 739166 5799.3233
2019:05:06 15:05:15 773375 32966.7516
2019:05:06 15:05:15 853356 39996.3297
2019:05:06 15:05:15 925173 71807.9731
2019:05:06 15:05:15 961427 36246.7766
2019:05:06 15:05:16 25358 63922.3792
2019:05:06 15:05:16 57361 31996.0900
2019:05:06 15:05:16 101557 44186.9833
2019:05:06 15:05:16 140628 39059.8886
2019:05:06 15:05:16 217357 76311.4728
2019:05:06 15:05:16 257375 40009.7966
2019:05:06 15:05:16 329362 66519.0518
2019:05:06 15:05:16 366364 36994.4535
2019:05:06 15:05:16 396683 28260.6147
2019:05:06 15:05:16 425370 25579.9219
2019:05:06 15:05:16 501377 36016.1401
2019:05:06 15:05:16 543472 36018.2934
2019:05:06 15:05:16 581383 36677.7517
2019:05:06 15:05:16 661375 40014.4048
2019:05:06 15:05:16 741372 40009.8301
2019:05:06 15:05:16 821372 40010.0313
2019:05:06 15:05:16 901365 74441.4367
2019:05:06 15:05:17 21358 119981.3485
2019:05:06 15:05:17 67446 46079.0358
2019:05:06 15:05:17 110054 41012.6895
2019:05:06 15:05:17 153373 43305.4231
2019:05:06 15:05:17 217378 28011.1432
2019:05:06 15:05:17 285372 40007.7328
2019:05:06 15:05:17 365356 75888.6226
2019:05:06 15:05:17 445358 79993.8664
2019:05:06 15:05:17 489537 44169.4111
2019:05:06 15:05:17 525369 34611.7318
2019:05:06 15:05:17 531718 4915.7813
2019:05:06 15:05:17 597381 32016.3518
2019:05:06 15:05:17 633332 34810.2860
2019:05:06 15:05:17 667365 31993.2178
2019:05:06 15:05:17 702031 33066.9321
2019:05:06 15:05:17 749365 46103.7830
2019:05:06 15:05:17 813357 63983.2132
2019:05:06 15:05:17 821661 8296.2401
2019:05:06 15:05:17 886534 25166.2061
2019:05:06 15:05:17 957356 68789.7950
2019:05:06 15:05:17 989371 32007.6458
2019:05:06 15:05:18 53368 32011.2482
2019:05:06 15:05:18 121369 39980.6462
2019:05:06 15:05:18 201371 40005.1661
2019:05:06 15:05:18 241370 37656.8623
2019:05:06 15:05:18 313373 32010.6968
2019:05:06 15:05:18 349499 4131.6897
2019:05:06 15:05:18 441371 32008.4877
2019:05:06 15:05:18 513363 68283.7144
2019:05:06 15:05:18 557253 43883.4094
2019:05:06 15:05:18 589373 31721.4504
2019:05:06 15:05:18 636565 7199.7829
2019:05:06 15:05:18 709359 31995.4008
2019:05:06 15:05:18 751888 42518.6642
2019:05:06 15:05:18 789374 37077.8181
2019:05:06 15:05:18 885356 90438.1126
2019:05:06 15:05:18 925183 39818.8420
2019:05:06 15:05:19 5367 40007.0995
2019:05:06 15:05:19 81393 36029.4394
2019:05:06 15:05:19 141374 56424.6774
2019:05:06 15:05:19 187634 6274.1712
2019:05:06 15:05:19 227773 6404.3999
2019:05:06 15:05:19 301372 40008.3512
2019:05:06 15:05:19 341372 35711.7206
2019:05:06 15:05:19 417377 40018.3126
2019:05:06 15:05:19 457366 38185.9168
2019:05:06 15:05:19 537360 39999.5781
2019:05:06 15:05:19 617363 79992.1378
2019:05:06 15:05:19 661214 43842.5019
2019:05:06 15:05:19 733385 70951.3463
2019:05:06 15:05:19 773382 39987.1282
2019:05:06 15:05:19 861368 40007.3640
2019:05:06 15:05:19 901368 37642.3411
2019:05:06 15:05:19 907230 4097.5437
2019:05:06 15:05:19 943676 34404.7211
2019:05:06 15:05:19 988833 44350.9631
2019:05:06 15:05:20 61370 40008.1612
2019:05:06 15:05:20 105539 44161.4054
2019:05:06 15:05:20 141369 35003.6100
2019:05:06 15:05:20 181367 37225.9542
2019:05:06 15:05:20 221368 38932.7183
2019:05:06 15:05:20 301373 40005.2406
2019:05:06 15:05:20 385380 40013.7231
2019:05:06 15:05:20 425370 38536.4629
2019:05:06 15:05:20 505361 72100.3786
2019:05:06 15:05:20 593365 87993.9161
2019:05:06 15:05:20 673357 79982.1243
2019:05:06 15:05:20 765356 91989.9940
2019:05:06 15:05:20 808324 42959.3250
2019:05:06 15:05:20 845357 36643.3188
2019:05:06 15:05:20 890115 44747.4234
2019:05:06 15:05:20 957381 40018.8938
2019:05:06 15:05:21 37355 75936.5819
2019:05:06 15:05:21 121361 83993.3492
2019:05:06 15:05:21 169321 47950.5323
2019:05:06 15:05:21 207371 6008.4835
2019:05:06 15:05:21 247530 6170.0083
2019:05:06 15:05:21 321361 72600.7298
2019:05:06 15:05:21 405360 83981.1265
2019:05:06 15:05:21 449744 44376.8427
2019:05:06 15:05:21 487830 37242.1704
2019:05:06 15:05:21 525369 37141.8968
2019:05:06 15:05:21 605375 40014.7550
2019:05:06 15:05:21 685365 40006.2911
2019:05:06 15:05:21 765368 79994.0154
2019:05:06 15:05:21 805369 37920.2627
2019:05:06 15:05:21 885365 40006.9989
2019:05:06 15:05:21 941362 16181.8564
2019:05:06 15:05:22 21362 79992.4098
2019:05:06 15:05:22 61376 40004.4248
2019:05:06 15:05:22 129360 27994.2714
2019:05:06 15:05:22 172673 43305.2219
2019:05:06 15:05:22 214462 41377.4811
2019:05:06 15:05:22 254588 39311.0216
2019:05:06 15:05:22 292679 36856.4725
2019:05:06 15:05:22 369378 76686.7101
2019:05:06 15:05:22 449372 40012.1287
2019:05:06 15:05:22 529357 76951.8502
2019:05:06 15:05:22 569380 40014.9710
2019:05:06 15:05:22 653369 44005.1258
2019:05:06 15:05:22 698649 5279.9545
2019:05:06 15:05:22 737536 4171.7403
2019:05:06 15:05:22 778914 40975.7718
2019:05:06 15:05:22 853357 73239.2110
2019:05:06 15:05:22 898962 45594.5842
2019:05:06 15:05:22 938288 38097.8100
2019:05:06 15:05:22 970707 32400.2691
2019:05:06 15:05:23 49356 78223.8878
2019:05:06 15:05:23 81379 32013.0773
2019:05:06 15:05:23 161614 40245.1232
2019:05:06 15:05:23 201357 37736.3227
2019:05:06 15:05:23 208678 7310.2117
2019:05:06 15:05:23 281360 39996.4228
2019:05:06 15:05:23 353360 71990.8327
2019:05:06 15:05:23 390046 36677.9678
2019:05:06 15:05:23 426146 34914.7581
2019:05:06 15:05:23 485363 57977.5684
2019:05:06 15:05:23 517922 32549.3366
2019:05:06 15:05:23 545374 27439.3931
2019:05:06 15:05:23 585202 7839.4748
2019:05:06 15:05:23 629373 32003.4921
2019:05:06 15:05:23 668300 6935.7567
2019:05:06 15:05:23 698197 4834.0484
2019:05:06 15:05:23 729327 29490.8844
2019:05:06 15:05:23 761911 31359.0206
2019:05:06 15:05:23 809444 46758.5064
2019:05:06 15:05:23 885365 75912.5613
2019:05:06 15:05:23 914696 29322.5013
2019:05:06 15:05:23 929428 13507.0644
2019:05:06 15:05:23 999493 24001.5462
2019:05:06 15:05:24 73378 31997.9787
2019:05:06 15:05:24 165362 59985.9580
2019:05:06 15:05:24 237360 71989.3910
2019:05:06 15:05:24 271818 34449.3501
2019:05:06 15:05:24 309375 37147.6300
2019:05:06 15:05:24 319328 5705.5689
2019:05:06 15:05:24 349577 29012.9371
2019:05:06 15:05:24 417370 36011.6623
2019:05:06 15:05:24 489383 36016.9038
2019:05:06 15:05:24 545379 32015.9569
2019:05:06 15:05:24 585368 37491.5041
2019:05:06 15:05:24 630665 40577.3334
2019:05:06 15:05:24 661359 30284.8928
2019:05:06 15:05:24 749355 86791.1205
2019:05:06 15:05:24 818625 69260.7090
2019:05:06 15:05:24 852340 32510.5377
2019:05:06 15:05:24 929357 75782.0271
2019:05:06 15:05:24 974088 44723.4474
2019:05:06 15:05:25 33364 58497.2389
2019:05:06 15:05:25 113363 79991.6722
2019:05:06 15:05:25 153379 40009.1074
2019:05:06 15:05:25 221371 32002.6539
2019:05:06 15:05:25 289369 36006.4693
2019:05:06 15:05:25 325360 31612.8731
2019:05:06 15:05:25 405359 79991.9479
2019:05:06 15:05:25 473361 67994.1811
2019:05:06 15:05:25 513366 39995.3499
2019:05:06 15:05:25 553377 33962.0151
2019:05:06 15:05:25 629376 32006.9529
2019:05:06 15:05:25 697370 36008.0227
2019:05:06 15:05:25 733391 31291.0788
2019:05:06 15:05:25 738704 3270.7304
2019:05:06 15:05:25 740772 1663.3309
2019:05:06 15:05:25 770257 29096.3463
2019:05:06 15:05:25 797369 26712.8572
2019:05:06 15:05:25 869357 67085.1208
2019:05:06 15:05:25 909381 40014.7140
2019:05:06 15:05:25 981361 68623.9563
2019:05:06 15:05:26 15081 33712.1747
2019:05:06 15:05:26 93356 76269.3845
2019:05:06 15:05:26 137528 44159.8259
2019:05:06 15:05:26 177294 38974.6428
2019:05:06 15:05:26 180970 3287.1477
2019:05:06 15:05:26 209419 28442.5728
2019:05:06 15:05:26 285357 74506.8341
2019:05:06 15:05:26 292052 6685.2234
2019:05:06 15:05:26 365359 72895.9218
2019:05:06 15:05:26 372794 7423.7324
2019:05:06 15:05:26 400650 27455.9781
2019:05:06 15:05:26 467842 36452.4312
2019:05:06 15:05:26 505137 36093.4474
2019:05:06 15:05:26 541370 35822.5256
2019:05:06 15:05:26 575072 31559.0911
2019:05:06 15:05:26 607824 30446.6709
2019:05:06 15:05:26 613130 4910.4393
2019:05:06 15:05:26 648880 35743.3334
2019:05:06 15:05:26 725360 74864.5775
2019:05:06 15:05:26 789366 63998.8929
2019:05:06 15:05:26 796318 6944.0268
2019:05:06 15:05:26 832380 7019.8923
2019:05:06 15:05:26 869250 34838.2704
2019:05:06 15:05:26 897367 27294.5799
2019:05:06 15:05:26 973368 32005.3510
2019:05:06 15:05:27 53370 40010.2772
2019:05:06 15:05:27 129372 40008.3326
2019:05:06 15:05:27 189361 53810.7902
2019:05:06 15:05:27 269361 79993.7695
2019:05:06 15:05:27 329362 59992.4587
2019:05:06 15:05:27 401363 71993.0567
2019:05:06 15:05:27 513365 111993.1266
2019:05:06 15:05:27 593364 79987.5706
2019:05:06 15:05:27 600462 7089.0561
2019:05:06 15:05:27 673358 72066.7243
2019:05:06 15:05:27 705369 31999.9866
2019:05:06 15:05:27 769355 58049.3696
2019:05:06 15:05:27 841364 71997.6053
2019:05:06 15:05:27 909356 67983.4969
2019:05:06 15:05:27 985357 75989.7046
2019:05:06 15:05:28 30491 45125.2274
2019:05:06 15:05:28 97368 66862.0877
2019:05:06 15:05:28 165363 67984.6667
2019:05:06 15:05:28 194317 28944.3322
2019:05:06 15:05:28 202221 5456.2278
2019:05:06 15:05:28 231713 5326.7106
2019:05:06 15:05:28 262046 28719.1346
2019:05:06 15:05:28 321356 58112.7852
2019:05:06 15:05:28 385359 63993.7446
2019:05:06 15:05:28 449362 63995.8754
2019:05:06 15:05:28 482121 32748.4272
2019:05:06 15:05:28 486627 2879.1688
2019:05:06 15:05:28 513368 26349.0006
2019:05:06 15:05:28 550546 33611.8340
2019:05:06 15:05:28 586544 35218.7343
2019:05:06 15:05:28 623050 36087.9861
2019:05:06 15:05:28 657622 32973.8967
2019:05:06 15:05:28 693903 35484.1985
2019:05:06 15:05:28 721369 27440.2648
2019:05:06 15:05:28 761499 4139.3004
2019:05:06 15:05:28 827388 30022.1704
2019:05:06 15:05:28 877379 43967.5190
2019:05:06 15:05:28 909359 28037.2426
2019:05:06 15:05:28 943974 34605.4323
2019:05:06 15:05:28 982504 38522.9513
2019:05:06 15:05:29 30457 47154.4974
2019:05:06 15:05:29 73506 41820.9210
2019:05:06 15:05:29 83701 9401.2283
2019:05:06 15:05:29 99783 14022.6483
2019:05:06 15:05:29 116547 15646.8302
2019:05:06 15:05:29 158727 29141.7390
2019:05:06 15:05:29 185988 26907.1907
2019:05:06 15:05:29 203325 16389.4109
2019:05:06 15:05:29 236885 30236.6577
2019:05:06 15:05:29 269780 31260.4420
2019:05:06 15:05:29 306950 35671.5620
2019:05:06 15:05:29 318392 10241.1434
2019:05:06 15:05:29 349919 7744.2713
2019:05:06 15:05:29 367127 15973.5605
2019:05:06 15:05:29 376970 9015.9811
2019:05:06 15:05:29 396698 19195.0127
2019:05:06 15:05:29 419265 20129.8445
2019:05:06 15:05:29 424574 3691.3082
2019:05:06 15:05:29 447640 23058.0457
2019:05:06 15:05:29 467221 18472.8801
2019:05:06 15:05:29 486487 16243.7148
2019:05:06 15:05:29 497115 9330.1386
2019:05:06 15:05:29 519218 8150.0895
2019:05:06 15:05:29 538996 17125.0924
2019:05:06 15:05:29 552958 9959.6344
2019:05:06 15:05:29 559830 4924.2117
2019:05:06 15:05:29 571012 7908.9440
2019:05:06 15:05:29 598774 8159.1718
2019:05:06 15:05:29 619669 20137.9210
2019:05:06 15:05:29 627836 7439.4941
2019:05:06 15:05:29 655250 27335.6661
2019:05:06 15:05:29 664245 5723.9644
2019:05:06 15:05:29 679879 15115.0227
2019:05:06 15:05:29 688975 5346.9650
2019:05:06 15:05:29 711934 9032.4134
2019:05:06 15:05:29 728588 14440.3800
2019:05:06 15:05:29 735591 5780.8794
2019:05:06 15:05:29 746618 8849.8369
2019:05:06 15:05:29 756213 8809.2461
2019:05:06 15:05:29 768013 9103.4621
2019:05:06 15:05:29 786265 16270.0415
2019:05:06 15:05:29 792893 5965.6538
2019:05:06 15:05:29 815147 21001.0186
2019:05:06 15:05:29 821141 4901.1856
2019:05:06 15:05:29 830157 6474.4502
2019:05:06 15:05:29 862130 31418.2602
2019:05:06 15:05:29 866680 4183.7282
2019:05:06 15:05:29 890414 21800.5851
2019:05:06 15:05:29 907526 15506.5767
2019:05:06 15:05:29 913699 4552.7071
2019:05:06 15:05:29 946015 30321.5571
2019:05:06 15:05:29 978217 29366.0946
2019:05:06 15:05:29 986160 7236.5738
2019:05:06 15:05:30 14247 28075.3486
2019:05:06 15:05:30 21076 6140.0943
2019:05:06 15:05:30 52922 29841.9558
2019:05:06 15:05:30 61257 6709.0653
2019:05:06 15:05:30 69297 6008.6250
2019:05:06 15:05:30 78009 6893.1840
2019:05:06 15:05:30 86204 6241.6568
2019:05:06 15:05:30 94013 7796.6265
2019:05:06 15:05:30 100559 5849.5589
2019:05:06 15:05:30 107964 4534.6878
2019:05:06 15:05:30 116033 7383.4062
2019:05:06 15:05:30 123340 6085.5187
2019:05:06 15:05:30 131990 5300.1158
2019:05:06 15:05:30 142005 8760.5081
2019:05:06 15:05:30 152903 9900.7078
2019:05:06 15:05:30 171075 16600.5306
2019:05:06 15:05:30 179876 8107.8410
2019:05:06 15:05:30 195160 12841.9213
2019:05:06 15:05:30 204052 6920.7661
2019:05:06 15:05:30 216797 12733.0646
2019:05:06 15:05:30 230302 12306.8467
2019:05:06 15:05:30 254187 23539.0477
2019:05:06 15:05:30 260838 5995.5381
2019:05:06 15:05:30 286307 24740.7630
2019:05:06 15:05:30 309696 22321.4738
2019:05:06 15:05:30 326093 15693.9588
2019:05:06 15:05:30 333786 7311.0983
2019:05:06 15:05:30 350952 17152.1269
2019:05:06 15:05:30 359126 6845.2358
2019:05:06 15:05:30 385387 24661.9210
2019:05:06 15:05:30 409394 23993.0451
2019:05:06 15:05:30 437377 14780.4320
2019:05:06 15:05:30 449399 12009.4158
2019:05:06 15:05:30 460825 9781.2191
2019:05:06 15:05:30 473396 8001.4840
2019:05:06 15:05:30 482317 7943.8016
2019:05:06 15:05:30 493174 6133.5266
2019:05:06 15:05:30 512854 6625.1755
2019:05:06 15:05:30 533743 17620.4704
2019:05:06 15:05:30 540304 5343.8507
2019:05:06 15:05:30 559142 5730.6215
2019:05:06 15:05:30 582062 7750.2616
2019:05:06 15:05:30 598066 14326.0509
2019:05:06 15:05:30 605430 6553.1433
2019:05:06 15:05:30 625920 19698.6198
2019:05:06 15:05:30 633163 6443.3441
2019:05:06 15:05:30 639010 4944.4325
2019:05:06 15:05:30 645962 5342.6065
2019:05:06 15:05:30 664821 17350.7445
2019:05:06 15:05:30 698227 30556.9619
2019:05:06 15:05:30 717663 19423.5221
2019:05:06 15:05:30 739368 19262.2021
2019:05:06 15:05:30 745120 3714.5689
2019:05:06 15:05:30 761932 3720.1084
2019:05:06 15:05:30 768858 5351.6589
2019:05:06 15:05:30 787804 6495.6136
2019:05:06 15:05:30 807454 17209.2021
2019:05:06 15:05:30 813633 4950.9816
2019:05:06 15:05:30 829645 15206.7021
2019:05:06 15:05:30 838215 7403.8133
2019:05:06 15:05:30 857488 17645.9476
2019:05:06 15:05:30 892679 33587.2211
2019:05:06 15:05:30 900489 5360.1153
2019:05:06 15:05:30 929599 28329.6928
2019:05:06 15:05:30 936925 4946.3026
2019:05:06 15:05:30 969294 31168.9973
2019:05:06 15:05:31 5770 32387.4429
2019:05:06 15:05:31 38113 30588.3139
2019:05:06 15:05:31 70223 32087.9146
2019:05:06 15:05:31 79216 7808.9274
2019:05:06 15:05:31 113231 32389.4583
2019:05:06 15:05:31 130311 15463.5645
2019:05:06 15:05:31 139440 8206.0695
2019:05:06 15:05:31 153395 12288.4214
2019:05:06 15:05:31 165241 8179.1393
2019:05:06 15:05:31 180393 11466.0375
2019:05:06 15:05:31 199675 19267.9353
2019:05:06 15:05:31 219311 19623.4211
2019:05:06 15:05:31 225062 4520.1592
2019:05:06 15:05:31 270920 9542.6627
2019:05:06 15:05:31 293880 4452.3068
2019:05:06 15:05:31 334818 38090.3855
2019:05:06 15:05:31 342222 6811.9019
2019:05:06 15:05:31 370197 25712.8701
2019:05:06 15:05:31 429391 34707.3972
2019:05:06 15:05:31 457690 26210.6173
2019:05:06 15:05:31 464657 5709.6817
2019:05:06 15:05:31 525386 36010.2877
2019:05:06 15:05:31 534834 7402.1071
2019:05:06 15:05:31 585508 49501.4116
2019:05:06 15:05:31 631535 46013.4372
2019:05:06 15:05:31 654040 22493.5636
2019:05:06 15:05:31 673278 5716.2531
2019:05:06 15:05:31 681608 6299.0673
2019:05:06 15:05:31 704423 2658.8961
2019:05:06 15:05:31 749357 19977.7931
2019:05:06 15:05:31 773370 23993.0749
2019:05:06 15:05:31 797371 23993.5033
2019:05:06 15:05:31 821372 23989.5321
2019:05:06 15:05:31 845388 24000.8496
2019:05:06 15:05:31 885868 37273.9621
2019:05:06 15:05:31 896914 10231.4427
2019:05:06 15:05:31 919865 22536.1735
2019:05:06 15:05:31 977383 55057.3058
2019:05:06 15:05:31 993384 15985.5261
2019:05:06 15:05:32 17386 8021.7160
2019:05:06 15:05:32 41399 8020.1253
2019:05:06 15:05:32 97363 35986.1404
2019:05:06 15:05:32 125367 27990.2406
2019:05:06 15:05:32 132326 6948.2625
