
# OSU MPI Allreduce Latency Test v5.6.1
# Size       Avg Latency(us)
65536               82720.51
2019:05:06 14:44:40 865386 72012.4729
2019:05:06 14:44:40 949384 74510.8388
2019:05:06 14:44:41 21128 61464.2985
2019:05:06 14:44:41 109375 79269.9195
2019:05:06 14:44:41 186985 69228.5113
2019:05:06 14:44:41 255823 58182.1762
2019:05:06 14:44:41 332809 66334.2737
2019:05:06 14:44:41 434823 92988.3458
2019:05:06 14:44:41 518778 70844.8291
2019:05:06 14:44:41 598693 66307.9955
2019:05:06 14:44:41 678505 72454.2513
2019:05:06 14:44:41 764096 83124.2129
2019:05:06 14:44:41 857614 83681.3226
2019:05:06 14:44:41 964009 75772.9374
2019:05:06 14:44:42 54521 73727.0564
2019:05:06 14:44:42 137645 75384.0059
2019:05:06 14:44:42 220372 63882.8985
2019:05:06 14:44:42 306395 76584.3391
2019:05:06 14:44:42 387541 70510.9462
2019:05:06 14:44:42 469388 72041.9660
2019:05:06 14:44:42 603757 119576.1822
2019:05:06 14:44:42 682375 75368.1958
2019:05:06 14:44:42 767601 82371.0784
2019:05:06 14:44:42 853996 72090.8940
2019:05:06 14:44:42 940022 82758.5533
2019:05:06 14:44:43 69829 106794.0295
2019:05:06 14:44:43 166521 94221.6218
2019:05:06 14:44:43 275898 96675.9808
2019:05:06 14:44:43 371801 93015.5292
2019:05:06 14:44:43 443817 60935.0726
2019:05:06 14:44:43 525386 72053.7752
2019:05:06 14:44:43 606421 67169.5359
2019:05:06 14:44:43 678919 60627.4679
2019:05:06 14:44:43 755909 68375.1479
2019:05:06 14:44:43 844793 76996.1327
2019:05:06 14:44:43 930813 67594.6102
2019:05:06 14:44:44 6167 58976.5199
2019:05:06 14:44:44 91752 71640.7225
2019:05:06 14:44:44 191301 97080.8677
2019:05:06 14:44:44 320297 88444.5235
2019:05:06 14:44:44 382576 59754.1183
2019:05:06 14:44:44 516895 100336.0189
2019:05:06 14:44:44 605387 70024.4531
2019:05:06 14:44:44 687297 66754.0766
2019:05:06 14:44:44 774127 70036.6944
2019:05:06 14:44:44 895369 107303.5114
2019:05:06 14:44:44 999804 101982.3290
2019:05:06 14:44:45 87867 86015.2766
2019:05:06 14:44:45 171431 81112.6381
2019:05:06 14:44:45 244726 71266.1222
2019:05:06 14:44:45 339343 91340.0576
2019:05:06 14:44:45 468783 85206.6241
2019:05:06 14:44:45 560139 79063.5571
2019:05:06 14:44:45 666201 89301.5936
2019:05:06 14:44:45 768200 91735.8398
2019:05:06 14:44:45 859119 88479.0495
2019:05:06 14:44:45 991011 74067.3020
2019:05:06 14:44:46 72932 72912.0374
2019:05:06 14:44:46 168766 72477.2476
2019:05:06 14:44:46 240852 61377.2124
2019:05:06 14:44:46 312963 62682.2598
2019:05:06 14:44:46 420261 84380.0269
2019:05:06 14:44:46 505870 76197.9558
2019:05:06 14:44:46 599656 86825.2665
2019:05:06 14:44:46 684016 81905.2607
2019:05:06 14:44:46 775354 67972.8277
2019:05:06 14:44:46 877370 84014.1028
2019:05:06 14:44:46 983846 97881.1830
2019:05:06 14:44:47 101373 114276.6364
2019:05:06 14:44:47 237359 100746.0319
2019:05:06 14:44:47 345367 108000.2673
2019:05:06 14:44:47 445376 64012.2071
2019:05:06 14:44:47 541374 91036.3160
2019:05:06 14:44:47 616305 60285.3782
2019:05:06 14:44:47 711698 67594.4760
2019:05:06 14:44:47 853360 107998.7846
2019:05:06 14:44:47 931631 78262.7575
2019:05:06 14:44:48 85363 116856.9513
2019:05:06 14:44:48 195831 110458.8136
2019:05:06 14:44:48 365357 143993.5006
2019:05:06 14:44:48 461360 93944.1510
2019:05:06 14:44:48 585372 124002.7584
2019:05:06 14:44:48 698388 113007.7727
2019:05:06 14:44:48 804458 75093.3625
2019:05:06 14:44:48 898648 69285.8659
2019:05:06 14:44:49 9372 101709.3845
2019:05:06 14:44:49 120246 99533.3754
2019:05:06 14:44:49 237378 92012.3979
2019:05:06 14:44:49 342223 91720.9424
2019:05:06 14:44:49 473359 128671.1991
2019:05:06 14:44:49 581355 107986.2043
2019:05:06 14:44:49 685374 104011.4313
2019:05:06 14:44:49 793375 72016.8091
2019:05:06 14:44:49 897376 72020.5717
2019:05:06 14:44:50 5375 72004.9553
2019:05:06 14:44:50 109377 72003.6663
2019:05:06 14:44:50 205388 77893.5030
2019:05:06 14:44:50 301368 89997.1239
2019:05:06 14:44:50 377379 69310.9855
2019:05:06 14:44:50 476405 67042.9282
2019:05:06 14:44:50 581379 72013.6091
2019:05:06 14:44:50 653379 61424.4752
2019:05:06 14:44:50 725877 62651.3436
2019:05:06 14:44:50 833377 99317.2303
2019:05:06 14:44:50 944191 74831.0387
2019:05:06 14:44:51 49373 72020.1433
2019:05:06 14:44:51 149381 64005.9896
2019:05:06 14:44:51 245378 64015.6008
2019:05:06 14:44:51 317315 63475.7839
2019:05:06 14:44:51 413376 72013.1248
2019:05:06 14:44:51 526606 77236.9877
2019:05:06 14:44:51 599230 61767.4179
2019:05:06 14:44:51 694177 77444.3112
2019:05:06 14:44:51 795804 83648.1676
2019:05:06 14:44:51 878447 72067.9760
2019:05:06 14:44:51 966566 77761.2813
2019:05:06 14:44:52 49386 76192.4125
2019:05:06 14:44:52 155045 94334.2112
2019:05:06 14:44:52 296704 139700.6921
2019:05:06 14:44:52 386064 86105.0524
2019:05:06 14:44:52 447487 52965.3952
2019:05:06 14:44:52 539917 85590.4482
2019:05:06 14:44:52 637005 94225.5072
2019:05:06 14:44:52 764386 123722.5644
2019:05:06 14:44:52 869000 64802.8888
2019:05:06 14:44:52 990885 103201.6911
2019:05:06 14:44:53 93382 83304.7479
2019:05:06 14:44:53 213717 72350.3120
2019:05:06 14:44:53 351733 115710.8247
2019:05:06 14:44:53 437264 82666.4381
2019:05:06 14:44:53 515171 69072.6750
2019:05:06 14:44:53 590155 50923.2208
2019:05:06 14:44:53 675317 70805.3708
2019:05:06 14:44:53 763384 62739.7113
2019:05:06 14:44:53 853608 79590.0598
2019:05:06 14:44:53 944422 76542.6867
2019:05:06 14:44:54 36943 88808.8793
2019:05:06 14:44:54 145374 76008.3012
2019:05:06 14:44:54 261362 105198.8192
2019:05:06 14:44:54 333380 72009.2356
2019:05:06 14:44:54 533364 163994.7668
2019:05:06 14:44:54 673368 139992.0993
2019:05:06 14:44:54 781380 108003.7393
2019:05:06 14:44:54 925363 133443.2587
2019:05:06 14:44:55 83960 158588.4020
2019:05:06 14:44:55 217369 108002.2678
2019:05:06 14:44:55 313380 86911.7565
2019:05:06 14:44:55 415680 93779.2175
2019:05:06 14:44:55 513378 95645.4799
2019:05:06 14:44:55 621362 97134.5976
2019:05:06 14:44:55 697385 76015.5842
2019:05:06 14:44:55 793375 84804.4343
2019:05:06 14:44:55 892872 67501.2283
2019:05:06 14:44:56 17360 103996.0757
2019:05:06 14:44:56 109941 92572.9387
2019:05:06 14:44:56 203735 70366.8222
2019:05:06 14:44:56 313357 77681.6271
2019:05:06 14:44:56 441360 120003.8381
2019:05:06 14:44:56 533569 92201.1435
2019:05:06 14:44:56 651451 103192.7541
2019:05:06 14:44:56 765362 111858.9826
2019:05:06 14:44:56 861380 96008.9415
2019:05:06 14:44:56 957370 87196.5326
2019:05:06 14:44:57 45073 78249.8643
2019:05:06 14:44:57 153196 79840.6228
2019:05:06 14:44:57 261747 80383.5057
2019:05:06 14:44:57 352716 71362.8754
2019:05:06 14:44:57 426392 63879.7395
2019:05:06 14:44:57 590628 145273.5439
2019:05:06 14:44:57 685375 91466.1735
2019:05:06 14:44:57 784344 74983.8836
2019:05:06 14:44:57 897383 76013.0025
2019:05:06 14:44:57 977694 74134.5175
2019:05:06 14:44:58 74340 68975.9292
2019:05:06 14:44:58 154634 73718.2572
2019:05:06 14:44:58 245564 72203.8187
2019:05:06 14:44:58 345488 76126.9294
2019:05:06 14:44:58 489361 107997.5627
2019:05:06 14:44:58 562183 72813.4215
2019:05:06 14:44:58 643698 67975.9346
2019:05:06 14:44:58 730548 65185.6773
2019:05:06 14:44:58 821377 64014.3007
2019:05:06 14:44:58 922219 68857.0030
2019:05:06 14:44:59 37377 88014.1556
2019:05:06 14:44:59 133381 91169.3387
2019:05:06 14:44:59 210966 73721.5616
2019:05:06 14:44:59 325360 95998.6523
2019:05:06 14:44:59 425585 100216.2918
2019:05:06 14:44:59 523084 69719.8845
2019:05:06 14:44:59 617288 67925.1775
2019:05:06 14:44:59 706988 69626.1935
2019:05:06 14:44:59 799944 66579.4611
2019:05:06 14:44:59 897031 71670.3273
2019:05:06 14:44:59 992459 71090.6386
2019:05:06 14:45:00 85359 67998.6738
2019:05:06 14:45:00 164072 78703.6829
2019:05:06 14:45:00 255829 74476.5252
2019:05:06 14:45:00 355766 78405.8943
2019:05:06 14:45:00 446676 73316.6337
2019:05:06 14:45:00 542144 92187.4233
2019:05:06 14:45:00 677375 104005.6944
2019:05:06 14:45:00 773372 87470.1738
2019:05:06 14:45:00 889871 105672.3893
2019:05:06 14:45:00 986910 94196.1445
2019:05:06 14:45:01 101377 95683.7088
2019:05:06 14:45:01 209379 76012.3879
2019:05:06 14:45:01 291654 75328.5289
2019:05:06 14:45:01 385058 67690.5625
2019:05:06 14:45:01 489380 84026.6794
2019:05:06 14:45:01 585375 63997.4475
2019:05:06 14:45:01 686916 87652.9999
2019:05:06 14:45:01 785374 89029.0253
2019:05:06 14:45:01 863488 71727.2982
2019:05:06 14:45:01 965375 72012.4543
2019:05:06 14:45:02 73377 72013.8811
2019:05:06 14:45:02 148919 67975.4652
2019:05:06 14:45:02 253372 72009.0792
2019:05:06 14:45:02 348411 90132.1694
2019:05:06 14:45:02 445374 72012.0408
2019:05:06 14:45:02 553379 72002.6456
2019:05:06 14:45:02 631031 70818.7632
2019:05:06 14:45:02 733375 72008.7551
2019:05:06 14:45:02 841376 72015.5612
2019:05:06 14:45:02 943165 95042.0760
2019:05:06 14:45:03 49377 72011.8396
2019:05:06 14:45:03 157379 72015.9300
2019:05:06 14:45:03 279477 81954.9263
2019:05:06 14:45:03 361322 81835.2997
2019:05:06 14:45:03 462087 80725.2824
2019:05:06 14:45:03 564884 71510.4491
2019:05:06 14:45:03 676281 82916.1257
2019:05:06 14:45:03 784020 78653.6261
2019:05:06 14:45:03 897371 84005.9333
2019:05:06 14:45:04 10921 77552.5384
2019:05:06 14:45:04 113382 84020.3352
2019:05:06 14:45:04 205380 85900.4855
2019:05:06 14:45:04 313383 72007.6635
2019:05:06 14:45:04 421377 72014.2871
2019:05:06 14:45:04 529059 71702.9497
2019:05:06 14:45:04 629379 72017.8783
2019:05:06 14:45:04 761378 92013.1691
2019:05:06 14:45:04 865372 96289.9290
2019:05:06 14:45:04 946815 72071.6417
2019:05:06 14:45:05 32429 71253.6089
2019:05:06 14:45:05 142208 99538.8404
2019:05:06 14:45:05 247045 73679.5068
2019:05:06 14:45:05 381361 99996.3358
2019:05:06 14:45:05 481368 99998.2916
2019:05:06 14:45:05 583322 101945.7355
2019:05:06 14:45:05 689377 72011.1392
2019:05:06 14:45:05 797376 72011.7018
2019:05:06 14:45:05 945376 76008.3944
2019:05:06 14:45:06 56413 79050.0231
2019:05:06 14:45:06 171915 78538.4625
2019:05:06 14:45:06 321393 116023.6262
2019:05:06 14:45:06 422983 77628.7578
2019:05:06 14:45:06 533379 80012.4779
2019:05:06 14:45:06 637370 94792.2803
2019:05:06 14:45:06 765383 92015.3223
2019:05:06 14:45:06 889380 72010.2973
2019:05:06 14:45:06 985373 68006.2585
2019:05:06 14:45:07 96771 75402.7888
2019:05:06 14:45:07 186030 68667.3224
2019:05:06 14:45:07 281376 68013.6457
2019:05:06 14:45:07 393375 84010.0683
2019:05:06 14:45:07 479294 49931.9136
2019:05:06 14:45:07 573493 76138.2729
2019:05:06 14:45:07 681401 88040.4562
2019:05:06 14:45:07 789376 72010.4948
2019:05:06 14:45:07 867583 63454.6950
2019:05:06 14:45:07 960970 84725.8531
2019:05:06 14:45:08 45336 73299.0019
2019:05:06 14:45:08 193379 108006.2836
2019:05:06 14:45:08 307061 77697.2622
2019:05:06 14:45:08 405380 72012.5139
2019:05:06 14:45:08 517377 76008.1708
2019:05:06 14:45:08 625376 72009.6007
2019:05:06 14:45:08 733380 72014.1716
2019:05:06 14:45:08 836226 96669.8378
2019:05:06 14:45:08 925377 86695.3656
2019:05:06 14:45:09 4579 72892.9900
2019:05:06 14:45:09 97973 64606.7150
2019:05:06 14:45:09 196664 63298.5681
2019:05:06 14:45:09 302328 72959.1846
2019:05:06 14:45:09 437370 91996.5655
2019:05:06 14:45:09 542752 96235.5398
2019:05:06 14:45:09 629381 82935.0390
2019:05:06 14:45:09 769375 124012.2542
2019:05:06 14:45:09 893377 88008.1579
2019:05:06 14:45:10 13371 109333.8691
2019:05:06 14:45:10 93294 69230.6459
2019:05:06 14:45:10 189373 80012.8914
2019:05:06 14:45:10 287496 85268.8290
2019:05:06 14:45:10 401385 103313.1517
2019:05:06 14:45:10 481972 73723.4466
2019:05:06 14:45:10 569375 60009.2448
2019:05:06 14:45:10 649379 72374.6270
2019:05:06 14:45:10 748187 66823.6874
2019:05:06 14:45:10 840767 86021.6916
2019:05:06 14:45:10 945382 72015.5984
2019:05:06 14:45:11 41875 68496.8494
2019:05:06 14:45:11 157376 88009.0371
2019:05:06 14:45:11 281098 83732.7242
2019:05:06 14:45:11 368728 85999.7980
2019:05:06 14:45:11 465374 88064.5625
2019:05:06 14:45:11 565374 91393.6011
2019:05:06 14:45:11 701373 130738.0125
2019:05:06 14:45:11 826660 89296.2962
2019:05:06 14:45:11 895466 59803.2437
2019:05:06 14:45:11 971652 63494.0416
2019:05:06 14:45:12 61394 81583.6303
2019:05:06 14:45:12 173965 76597.1914
2019:05:06 14:45:12 269375 86826.9354
2019:05:06 14:45:12 361376 83393.7190
2019:05:06 14:45:12 457378 81870.2914
2019:05:06 14:45:12 555743 86055.0739
2019:05:06 14:45:12 632286 74136.3689
2019:05:06 14:45:12 725259 71905.2479
2019:05:06 14:45:12 813377 64013.8164
2019:05:06 14:45:12 909375 64012.0432
2019:05:06 14:45:13 33380 72002.6419
2019:05:06 14:45:13 154495 81121.8768
2019:05:06 14:45:13 245027 87664.3807
2019:05:06 14:45:13 342096 72723.2732
2019:05:06 14:45:13 419109 72936.2555
2019:05:06 14:45:13 514505 81878.2374
2019:05:06 14:45:13 609371 80496.8104
2019:05:06 14:45:13 741375 117070.3955
2019:05:06 14:45:13 849379 72018.2061
2019:05:06 14:45:13 949074 86829.4574
2019:05:06 14:45:14 61374 80007.1917
2019:05:06 14:45:14 185378 92015.1137
2019:05:06 14:45:14 281376 82448.7805
2019:05:06 14:45:14 377374 83022.7733
2019:05:06 14:45:14 455787 65567.2438
2019:05:06 14:45:14 569375 93945.9577
2019:05:06 14:45:14 678135 95430.1171
2019:05:06 14:45:14 764557 83955.7350
2019:05:06 14:45:14 860433 86018.3537
2019:05:06 14:45:14 957050 86000.3419
2019:05:06 14:45:15 49375 83285.5552
2019:05:06 14:45:15 147942 86020.7863
2019:05:06 14:45:15 245012 71648.2177
2019:05:06 14:45:15 397378 128014.2218
2019:05:06 14:45:15 541361 128825.8210
2019:05:06 14:45:15 641379 100009.4377
2019:05:06 14:45:15 741372 89259.6878
2019:05:06 14:45:15 913361 135985.8140
2019:05:06 14:45:15 991267 77895.5892
2019:05:06 14:45:16 101379 92024.9522
2019:05:06 14:45:16 197371 88953.5733
2019:05:06 14:45:16 333384 104019.0086
2019:05:06 14:45:16 425368 80234.1141
2019:05:06 14:45:16 521371 89398.1755
2019:05:06 14:45:16 632691 71322.0127
2019:05:06 14:45:16 725377 68017.5312
2019:05:06 14:45:16 821377 64015.6567
2019:05:06 14:45:16 918549 65183.8630
2019:05:06 14:45:17 29376 72009.0419
2019:05:06 14:45:17 145375 80009.1922
2019:05:06 14:45:17 249902 68541.0574
2019:05:06 14:45:17 325267 66350.7544
2019:05:06 14:45:17 413386 71310.6133
2019:05:06 14:45:17 557361 107995.6777
2019:05:06 14:45:17 661375 104004.7668
2019:05:06 14:45:17 797553 95018.3757
2019:05:06 14:45:17 884390 85196.2417
2019:05:06 14:45:17 985378 68013.1800
2019:05:06 14:45:18 91228 65859.2507
2019:05:06 14:45:18 194016 73852.1665
2019:05:06 14:45:18 293381 72012.7597
2019:05:06 14:45:18 394905 91084.6964
2019:05:06 14:45:18 473724 63849.8887
2019:05:06 14:45:18 557751 75749.9002
2019:05:06 14:45:18 646211 77803.6416
2019:05:06 14:45:18 730108 65460.8570
2019:05:06 14:45:18 809228 63075.3450
2019:05:06 14:45:18 877621 58986.0268
2019:05:06 14:45:18 968575 67212.8722
2019:05:06 14:45:19 71774 95839.2359
2019:05:06 14:45:19 154513 80311.4101
2019:05:06 14:45:19 236032 68422.0716
2019:05:06 14:45:19 324483 71131.0580
2019:05:06 14:45:19 414937 65576.2181
2019:05:06 14:45:19 498146 66353.1683
2019:05:06 14:45:19 584147 69628.7975
2019:05:06 14:45:19 713361 112406.5034
2019:05:06 14:45:19 813375 100004.9561
2019:05:06 14:45:19 929376 80013.6290
2019:05:06 14:45:20 8873 72468.4298
2019:05:06 14:45:20 83029 64720.9771
2019:05:06 14:45:20 177359 74245.6242
2019:05:06 14:45:20 277372 100005.3957
2019:05:06 14:45:20 401665 88299.4048
2019:05:06 14:45:20 511461 95827.2517
2019:05:06 14:45:20 637369 108005.7658
2019:05:06 14:45:20 739592 102214.3960
2019:05:06 14:45:20 842402 73037.4306
2019:05:06 14:45:20 945376 72015.0024
2019:05:06 14:45:21 53373 96720.0622
2019:05:06 14:45:21 130331 66363.2639
2019:05:06 14:45:21 233376 72010.4091
2019:05:06 14:45:21 309380 66426.9961
2019:05:06 14:45:21 401375 56008.0409
2019:05:06 14:45:21 476015 66740.1776
2019:05:06 14:45:21 573379 64012.0469
2019:05:06 14:45:21 688188 78818.7981
2019:05:06 14:45:21 789377 97949.4192
2019:05:06 14:45:21 925380 104016.6542
2019:05:06 14:45:22 33847 98697.3606
2019:05:06 14:45:22 145369 108659.9529
2019:05:06 14:45:22 229263 74977.3867
2019:05:06 14:45:22 325919 72553.9625
2019:05:06 14:45:22 425369 89203.3018
2019:05:06 14:45:22 521381 89368.0975
2019:05:06 14:45:22 625371 96313.0072
2019:05:06 14:45:22 733372 99475.5998
2019:05:06 14:45:22 825375 80883.9612
2019:05:06 14:45:22 900551 60210.8613
2019:05:06 14:45:22 998856 77494.9938
2019:05:06 14:45:23 68897 61425.3245
2019:05:06 14:45:23 154486 65120.0078
2019:05:06 14:45:23 249377 64015.7983
2019:05:06 14:45:23 327763 69659.5311
2019:05:06 14:45:23 441376 96022.1551
2019:05:06 14:45:23 537368 87156.9216
2019:05:06 14:45:23 633369 86511.2357
2019:05:06 14:45:23 729382 86669.9070
2019:05:06 14:45:23 825359 86802.5608
2019:05:06 14:45:23 933373 108005.0506
2019:05:06 14:45:24 15427 71246.8326
2019:05:06 14:45:24 101046 67683.3726
2019:05:06 14:45:24 186654 73329.7020
2019:05:06 14:45:24 277373 82542.0916
2019:05:06 14:45:24 365375 74693.9518
2019:05:06 14:45:24 473375 97511.1499
2019:05:06 14:45:24 554040 71279.7679
2019:05:06 14:45:24 642527 65164.9833
2019:05:06 14:45:24 737379 87099.0008
2019:05:06 14:45:24 845359 100063.4693
2019:05:06 14:45:24 915683 70313.6325
2019:05:06 14:45:25 11118 73757.9912
2019:05:06 14:45:25 100839 67479.8898
2019:05:06 14:45:25 177428 71705.0210
2019:05:06 14:45:25 274892 94216.3579
2019:05:06 14:45:25 370326 92166.6026
2019:05:06 14:45:25 517354 123989.6566
2019:05:06 14:45:25 613360 95574.8633
2019:05:06 14:45:25 692666 79297.9896
2019:05:06 14:45:25 789376 72016.6117
2019:05:06 14:45:25 893378 68004.4703
2019:05:06 14:45:26 22386 97023.0177
2019:05:06 14:45:26 113711 80661.7774
2019:05:06 14:45:26 229374 100911.0324
2019:05:06 14:45:26 353370 88007.0105
2019:05:06 14:45:26 451238 73876.5113
2019:05:06 14:45:26 549377 71425.2070
2019:05:06 14:45:26 627764 66765.5915
2019:05:06 14:45:26 740009 78640.6547
2019:05:06 14:45:26 828861 85587.8927
2019:05:06 14:45:26 961360 103995.3902
2019:05:06 14:45:27 75864 114495.5419
2019:05:06 14:45:27 167589 88893.4061
2019:05:06 14:45:27 301371 108008.9062
2019:05:06 14:45:27 412508 75144.9913
2019:05:06 14:45:27 517376 72011.6906
2019:05:06 14:45:27 613361 81244.6922
2019:05:06 14:45:27 701979 88609.5464
2019:05:06 14:45:27 778283 68385.8618
2019:05:06 14:45:27 906083 121643.8115
2019:05:06 14:45:27 987968 81878.0363
2019:05:06 14:45:28 121360 121481.8396
2019:05:06 14:45:28 200570 79201.5865
2019:05:06 14:45:28 305378 76015.2712
2019:05:06 14:45:28 406176 68460.8333
2019:05:06 14:45:28 493709 73611.5314
2019:05:06 14:45:28 577377 74552.3125
2019:05:06 14:45:28 672996 84560.7817
2019:05:06 14:45:28 757594 71915.8612
2019:05:06 14:45:28 839075 74503.6751
2019:05:06 14:45:28 925847 74036.3635
2019:05:06 14:45:29 5379 70856.7649
2019:05:06 14:45:29 85248 65525.3679
2019:05:06 14:45:29 197362 95688.1158
2019:05:06 14:45:29 293372 96001.5133
2019:05:06 14:45:29 391201 83524.0930
2019:05:06 14:45:29 477384 72030.5890
2019:05:06 14:45:29 581372 94724.1932
2019:05:06 14:45:29 678349 81535.5293
2019:05:06 14:45:29 805370 112297.2742
2019:05:06 14:45:29 917378 104690.7865
2019:05:06 14:45:30 61703 108331.4009
2019:05:06 14:45:30 157977 82491.5245
2019:05:06 14:45:30 255158 82304.0232
2019:05:06 14:45:30 348424 80373.7380
2019:05:06 14:45:30 444254 81057.2840
2019:05:06 14:45:30 516341 56907.0801
2019:05:06 14:45:30 596646 64737.9793
2019:05:06 14:45:30 675676 72909.9214
2019:05:06 14:45:30 739564 61827.4920
2019:05:06 14:45:30 820257 59788.5735
2019:05:06 14:45:30 929378 98039.0124
2019:05:06 14:45:31 3750 64719.0735
2019:05:06 14:45:31 96738 88091.9285
2019:05:06 14:45:31 192169 70802.5582
2019:05:06 14:45:31 288424 71057.1893
2019:05:06 14:45:31 377379 85294.2616
2019:05:06 14:45:31 485385 101517.5842
2019:05:06 14:45:31 593370 103848.3307
2019:05:06 14:45:31 713379 120000.2469
2019:05:06 14:45:31 816357 70993.2335
2019:05:06 14:45:31 945374 104009.2558
2019:05:06 14:45:32 56802 75441.8634
2019:05:06 14:45:32 152228 92184.6218
2019:05:06 14:45:32 234980 79904.2024
2019:05:06 14:45:32 320142 71675.3416
2019:05:06 14:45:32 415608 82252.7334
2019:05:06 14:45:32 549369 108001.9735
2019:05:06 14:45:32 642519 83147.3060
2019:05:06 14:45:32 749811 76450.5975
2019:05:06 14:45:32 841381 72019.3088
2019:05:06 14:45:32 950544 73181.1412
2019:05:06 14:45:33 53371 97520.5712
2019:05:06 14:45:33 149376 84958.1473
2019:05:06 14:45:33 245374 85127.6219
2019:05:06 14:45:33 337379 81297.3194
2019:05:06 14:45:33 437818 64451.6870
2019:05:06 14:45:33 516647 67926.1461
2019:05:06 14:45:33 602273 72887.4728
2019:05:06 14:45:33 714437 73632.2477
2019:05:06 14:45:33 818436 82723.3940
2019:05:06 14:45:33 905305 83764.5382
2019:05:06 14:45:33 975397 62329.4227
2019:05:06 14:45:34 38393 53617.6413
2019:05:06 14:45:34 105140 58165.9153
2019:05:06 14:45:34 182156 63080.1730
2019:05:06 14:45:34 264065 72919.8605
2019:05:06 14:45:34 336947 70040.1068
2019:05:06 14:45:34 415191 69233.9130
2019:05:06 14:45:34 507431 75037.7588
2019:05:06 14:45:34 585172 70879.3066
2019:05:06 14:45:34 665031 65539.6283
2019:05:06 14:45:34 735474 63046.9695
2019:05:06 14:45:34 810850 66344.5853
2019:05:06 14:45:34 886618 71243.2303
2019:05:06 14:45:34 955048 58605.1196
2019:05:06 14:45:35 40614 70021.7560
2019:05:06 14:45:35 127870 71687.2104
2019:05:06 14:45:35 210603 71682.6320
2019:05:06 14:45:35 294191 70847.5113
2019:05:06 14:45:35 355993 49154.4381
2019:05:06 14:45:35 429320 61845.5969
2019:05:06 14:45:35 512070 71282.7370
2019:05:06 14:45:35 584933 62249.4444
2019:05:06 14:45:35 661572 66384.0510
2019:05:06 14:45:35 731177 51201.7980
2019:05:06 14:45:35 813528 74982.9113
2019:05:06 14:45:35 919636 71293.4434
2019:05:06 14:45:36 16650 94179.5856
2019:05:06 14:45:36 95353 68456.4486
2019:05:06 14:45:36 176828 64717.2965
2019:05:06 14:45:36 262426 78148.9611
2019:05:06 14:45:36 373422 93373.8016
2019:05:06 14:45:36 508616 108467.1617
2019:05:06 14:45:36 594202 73631.6741
2019:05:06 14:45:36 681874 65548.5690
2019:05:06 14:45:36 783410 72047.5838
2019:05:06 14:45:36 865731 71678.1765
2019:05:06 14:45:36 951395 71323.7226
2019:05:06 14:45:37 27201 65136.4848
2019:05:06 14:45:37 92689 59393.7002
2019:05:06 14:45:37 185658 65987.5721
2019:05:06 14:45:37 276731 74241.2396
2019:05:06 14:45:37 341782 53706.0201
2019:05:06 14:45:37 425653 64719.7887
2019:05:06 14:45:37 511235 68814.4229
2019:05:06 14:45:37 591200 63142.0910
2019:05:06 14:45:37 671836 71299.7839
2019:05:06 14:45:37 744679 63464.4143
2019:05:06 14:45:37 839741 85945.0623
2019:05:06 14:45:37 916815 74244.5402
2019:05:06 14:45:38 7676 71593.7354
2019:05:06 14:45:38 93381 72019.1821
2019:05:06 14:45:38 189378 85059.6204
2019:05:06 14:45:38 297374 96835.0954
2019:05:06 14:45:38 377902 71265.0828
2019:05:06 14:45:38 464338 66978.0336
2019:05:06 14:45:38 557376 83214.4618
2019:05:06 14:45:38 653379 72021.4434
2019:05:06 14:45:38 761374 72006.0840
2019:05:06 14:45:38 869381 72012.6107
2019:05:06 14:45:38 979609 74239.5110
2019:05:06 14:45:39 97380 72012.1525
2019:05:06 14:45:39 189382 64020.8796
2019:05:06 14:45:39 285373 80094.7696
2019:05:06 14:45:39 381361 89648.8614
2019:05:06 14:45:39 458808 77433.0236
2019:05:06 14:45:39 568571 83205.7931
2019:05:06 14:45:39 663615 70244.4389
2019:05:06 14:45:39 736101 62259.8343
2019:05:06 14:45:39 837381 80019.5299
2019:05:06 14:45:39 941380 72015.4978
2019:05:06 14:45:40 65383 92013.0350
2019:05:06 14:45:40 136269 63910.2384
2019:05:06 14:45:40 237380 72011.0424
2019:05:06 14:45:40 341375 68011.0380
2019:05:06 14:45:40 445373 64005.2296
2019:05:06 14:45:40 543789 88059.3993
2019:05:06 14:45:40 629378 77773.9100
2019:05:06 14:45:40 731378 70013.9441
2019:05:06 14:45:40 853354 95990.5982
2019:05:06 14:45:40 949360 95944.8032
2019:05:06 14:45:41 45359 95990.4566
2019:05:06 14:45:41 145375 100008.9012
2019:05:06 14:45:41 241380 64016.6290
2019:05:06 14:45:41 345373 72018.8245
2019:05:06 14:45:41 437377 72011.5006
2019:05:06 14:45:41 545375 72008.7700
2019:05:06 14:45:41 641895 81083.2754
2019:05:06 14:45:41 745377 88719.7256
2019:05:06 14:45:41 853377 72010.4650
2019:05:06 14:45:41 957379 68013.6718
2019:05:06 14:45:42 36745 70042.8225
2019:05:06 14:45:42 131771 70403.7920
2019:05:06 14:45:42 221469 64105.6225
2019:05:06 14:45:42 292740 61863.2585
2019:05:06 14:45:42 389379 88043.9207
2019:05:06 14:45:42 487697 74333.8801
2019:05:06 14:45:42 577806 68450.8085
2019:05:06 14:45:42 677376 90968.3704
2019:05:06 14:45:42 773377 86632.5200
2019:05:06 14:45:42 869376 64015.0569
2019:05:06 14:45:42 969777 92570.0851
2019:05:06 14:45:43 81982 76616.1531
2019:05:06 14:45:43 199966 74595.5892
2019:05:06 14:45:43 289377 79474.6429
2019:05:06 14:45:43 385511 86838.8601
2019:05:06 14:45:43 489987 76622.9406
2019:05:06 14:45:43 593379 72010.3048
2019:05:06 14:45:43 697378 72017.3568
2019:05:06 14:45:43 772161 65533.0643
2019:05:06 14:45:43 869375 64003.3931
2019:05:06 14:45:43 960148 58786.1873
2019:05:06 14:45:44 56008 78646.4736
2019:05:06 14:45:44 145381 72019.5919
2019:05:06 14:45:44 241385 88715.9221
2019:05:06 14:45:44 345353 97662.1434
2019:05:06 14:45:44 430781 83130.9929
2019:05:06 14:45:44 508995 68777.0881
2019:05:06 14:45:44 608132 86421.3891
2019:05:06 14:45:44 745360 103989.9401
2019:05:06 14:45:44 848606 103238.2287
2019:05:06 14:45:44 933378 81571.4039
2019:05:06 14:45:45 37379 92989.7390
2019:05:06 14:45:45 145518 72146.8888
2019:05:06 14:45:45 238888 65533.8317
2019:05:06 14:45:45 309318 64305.0522
2019:05:06 14:45:45 382641 65946.3592
2019:05:06 14:45:45 497361 91996.3308
2019:05:06 14:45:45 605357 107988.1974
2019:05:06 14:45:45 680001 74633.5164
2019:05:06 14:45:45 770932 69563.9849
2019:05:06 14:45:45 869378 72013.5868
2019:05:06 14:45:45 969377 90328.7791
2019:05:06 14:45:46 73375 72017.1407
2019:05:06 14:45:46 159230 76613.1207
2019:05:06 14:45:46 277361 99998.7423
2019:05:06 14:45:46 373375 96006.9485
2019:05:06 14:45:46 469358 88163.0518
2019:05:06 14:45:46 573734 104367.6324
2019:05:06 14:45:46 661377 84799.2413
2019:05:06 14:45:46 789359 119382.1356
2019:05:06 14:45:46 887543 98175.4325
2019:05:06 14:45:47 13362 122604.3925
2019:05:06 14:45:47 114804 101433.3218
2019:05:06 14:45:47 225379 72010.7518
2019:05:06 14:45:47 329376 95383.7596
2019:05:06 14:45:47 440004 110618.4795
2019:05:06 14:45:47 557370 100006.2898
2019:05:06 14:45:47 657132 67765.2545
2019:05:06 14:45:47 749376 60010.8318
2019:05:06 14:45:47 835697 70892.4271
2019:05:06 14:45:47 933376 84023.1739
2019:05:06 14:45:48 25371 83198.5697
2019:05:06 14:45:48 109382 68925.2913
2019:05:06 14:45:48 186260 65937.7091
2019:05:06 14:45:48 281375 72011.1355
2019:05:06 14:45:48 389371 72009.7423
2019:05:06 14:45:48 493376 95358.3941
2019:05:06 14:45:48 617353 91990.7503
2019:05:06 14:45:48 725377 106171.8427
2019:05:06 14:45:48 821370 86234.1300
2019:05:06 14:45:48 929377 72009.8875
2019:05:06 14:45:49 23469 86421.8883
2019:05:06 14:45:49 132033 105718.7095
2019:05:06 14:45:49 269371 108004.2161
2019:05:06 14:45:49 345792 69618.1320
2019:05:06 14:45:49 467447 90083.1968
2019:05:06 14:45:49 572714 75348.2394
2019:05:06 14:45:49 697369 103982.1878
2019:05:06 14:45:49 809377 101491.7754
2019:05:06 14:45:49 957380 112010.2480
2019:05:06 14:45:50 57360 91847.6954
2019:05:06 14:45:50 169368 111999.3255
2019:05:06 14:45:50 297365 127989.4747
2019:05:06 14:45:50 403762 106388.1442
2019:05:06 14:45:50 497378 72001.4721
2019:05:06 14:45:50 605372 72004.0202
2019:05:06 14:45:50 733359 95993.3512
2019:05:06 14:45:50 826056 92688.2103
2019:05:06 14:45:50 907166 72943.2739
2019:05:06 14:45:51 5441 72076.3318
2019:05:06 14:45:51 112770 92584.2971
2019:05:06 14:45:51 197375 80938.5329
2019:05:06 14:45:51 297499 91368.4443
2019:05:06 14:45:51 405381 72016.8687
2019:05:06 14:45:51 513378 72012.2196
2019:05:06 14:45:51 609375 82950.8416
2019:05:06 14:45:51 709526 94630.4090
2019:05:06 14:45:51 817244 75876.2993
2019:05:06 14:45:51 957385 108022.8463
2019:05:06 14:45:52 60937 71575.7683
2019:05:06 14:45:52 185376 100005.1871
2019:05:06 14:45:52 293381 72013.4303
2019:05:06 14:45:52 401377 72016.2317
2019:05:06 14:45:52 551634 114271.1937
2019:05:06 14:45:52 628644 73771.3240
2019:05:06 14:45:52 721266 73655.6984
2019:05:06 14:45:52 810557 79498.1085
2019:05:06 14:45:52 917363 88674.8284
2019:05:06 14:45:53 49374 132002.7150
2019:05:06 14:45:53 152553 103169.3555
2019:05:06 14:45:53 257376 76008.4800
2019:05:06 14:45:53 365377 76012.4028
2019:05:06 14:45:53 469380 80018.8035
2019:05:06 14:45:53 581389 76022.3381
2019:05:06 14:45:53 685376 92532.7986
2019:05:06 14:45:53 801359 110230.6210
2019:05:06 14:45:53 929913 128545.1800
2019:05:06 14:45:54 6109 72926.4691
2019:05:06 14:45:54 105379 82500.6925
2019:05:06 14:45:54 197380 86428.3778
2019:05:06 14:45:54 305379 99407.1178
2019:05:06 14:45:54 417380 101220.0601
2019:05:06 14:45:54 517377 68013.8990
2019:05:06 14:45:54 638496 93130.3278
2019:05:06 14:45:54 741382 72016.8427
2019:05:06 14:45:54 837371 89497.2160
2019:05:06 14:45:54 925378 80449.1565
2019:05:06 14:45:55 18584 77828.2396
2019:05:06 14:45:55 121378 72008.8370
2019:05:06 14:45:55 229370 98978.7206
2019:05:06 14:45:55 331910 78545.3767
2019:05:06 14:45:55 445354 95989.3838
2019:05:06 14:45:55 525227 77814.3667
2019:05:06 14:45:55 630923 77552.1770
2019:05:06 14:45:55 725932 72571.9891
2019:05:06 14:45:55 837378 88022.3773
2019:05:06 14:45:55 973386 121280.4765
2019:05:06 14:45:56 97382 88851.1799
2019:05:06 14:45:56 193380 84883.9954
2019:05:06 14:45:56 289377 72013.5160
2019:05:06 14:45:56 401393 106570.9442
2019:05:06 14:45:56 495667 85689.3696
2019:05:06 14:45:56 570495 67158.4234
2019:05:06 14:45:56 654895 65524.6042
2019:05:06 14:45:56 743408 58035.3066
2019:05:06 14:45:56 829942 69750.8007
2019:05:06 14:45:56 922917 70207.6070
2019:05:06 14:45:56 984387 54588.8096
2019:05:06 14:45:57 68707 66348.8023
2019:05:06 14:45:57 158850 75749.7288
2019:05:06 14:45:57 246158 77219.1733
2019:05:06 14:45:57 333232 60552.0830
2019:05:06 14:45:57 417122 79349.3912
2019:05:06 14:45:57 486025 59687.0407
2019:05:06 14:45:57 566781 70605.5202
2019:05:06 14:45:57 655135 78937.9142
2019:05:06 14:45:57 722418 65290.2797
2019:05:06 14:45:57 808495 71861.6024
2019:05:06 14:45:57 884060 63736.6995
2019:05:06 14:45:57 962344 61076.5219
2019:05:06 14:45:58 68997 81282.0531
2019:05:06 14:45:58 147194 65617.0957
2019:05:06 14:45:58 239700 59800.9042
2019:05:06 14:45:58 299196 50029.0170
2019:05:06 14:45:58 383877 74027.6985
2019:05:06 14:45:58 468724 72119.6607
2019:05:06 14:45:58 557522 85583.9215
2019:05:06 14:45:58 629402 68968.6462
2019:05:06 14:45:58 713069 75340.7367
2019:05:06 14:45:58 808480 71102.0604
2019:05:06 14:45:58 913400 80041.1887
2019:05:06 14:45:59 45370 121326.6067
2019:05:06 14:45:59 141105 95723.0367
2019:05:06 14:45:59 269397 100020.5800
2019:05:06 14:45:59 378649 96253.3690
2019:05:06 14:45:59 481078 83718.8736
2019:05:06 14:45:59 621370 121627.5916
2019:05:06 14:45:59 709182 87800.2234
2019:05:06 14:45:59 789390 64021.9897
2019:05:06 14:45:59 931645 130703.0171
2019:05:06 14:46:00 21372 80010.9543
2019:05:06 14:46:00 124161 102777.2091
2019:05:06 14:46:00 245387 96008.6957
2019:05:06 14:46:00 341396 80864.3736
2019:05:06 14:46:00 449383 80010.7829
2019:05:06 14:46:00 545382 86634.9190
2019:05:06 14:46:00 654120 72745.0997
2019:05:06 14:46:00 758149 88878.8253
2019:05:06 14:46:00 869377 88022.1725
2019:05:06 14:46:00 997359 115096.4685
2019:05:06 14:46:01 97380 100013.4200
2019:05:06 14:46:01 193376 80946.9782
2019:05:06 14:46:01 289377 86819.5407
2019:05:06 14:46:01 385378 85337.2328
2019:05:06 14:46:01 481375 64011.0560
2019:05:06 14:46:01 565375 75289.7970
2019:05:06 14:46:01 717377 141274.1430
2019:05:06 14:46:01 840253 86890.4367
2019:05:06 14:46:01 945376 84011.9459
2019:05:06 14:46:02 31158 70866.2607
2019:05:06 14:46:02 151535 78168.6492
2019:05:06 14:46:02 258861 77495.0720
2019:05:06 14:46:02 367815 74450.9920
2019:05:06 14:46:02 537360 133518.4798
2019:05:06 14:46:02 633376 96005.1455
2019:05:06 14:46:02 725377 82318.8387
2019:05:06 14:46:02 822428 81093.7844
2019:05:06 14:46:02 895769 63498.8733
2019:05:06 14:46:03 29364 108009.0925
2019:05:06 14:46:03 109564 80192.5510
2019:05:06 14:46:03 225369 92062.1864
2019:05:06 14:46:03 377355 109682.1427
2019:05:06 14:46:03 473361 93899.3059
2019:05:06 14:46:03 543321 69944.8958
2019:05:06 14:46:03 621133 67178.9534
2019:05:06 14:46:03 707152 69799.7920
2019:05:06 14:46:03 793374 60011.9419
2019:05:06 14:46:03 866467 63476.5998
2019:05:06 14:46:03 944300 70461.3216
2019:05:06 14:46:04 25356 59993.8780
2019:05:06 14:46:04 145384 111796.1742
2019:05:06 14:46:04 241371 84908.9846
2019:05:06 14:46:04 312105 62263.3621
2019:05:06 14:46:04 393370 56004.2225
2019:05:06 14:46:04 503401 102046.6425
2019:05:06 14:46:04 597382 76017.3835
2019:05:06 14:46:04 696290 66926.2297
2019:05:06 14:46:04 804825 97474.1206
2019:05:06 14:46:04 918690 65325.6103
2019:05:06 14:46:04 997740 63900.0908
2019:05:06 14:46:05 93603 74137.6802
2019:05:06 14:46:05 209369 96005.3355
2019:05:06 14:46:05 309436 68074.9677
2019:05:06 14:46:05 425359 105689.7454
2019:05:06 14:46:05 561363 135996.1629
2019:05:06 14:46:05 713362 151990.8495
2019:05:06 14:46:05 805377 92006.4263
2019:05:06 14:46:05 921361 106026.9177
2019:05:06 14:46:06 265365 343997.1320
2019:05:06 14:46:06 347368 81992.9689
2019:05:06 14:46:06 445375 96359.3051
2019:05:06 14:46:06 558328 76963.1080
2019:05:06 14:46:06 653376 64014.6099
2019:05:06 14:46:06 760255 91769.8517
2019:05:06 14:46:06 849383 68018.9170
2019:05:06 14:46:06 953147 74090.6000
2019:05:06 14:46:07 63733 75347.6210
2019:05:06 14:46:07 158762 77404.2346
2019:05:06 14:46:07 308276 140080.0869
2019:05:06 14:46:07 395927 83984.5724
2019:05:06 14:46:07 509519 89836.9774
2019:05:06 14:46:07 613379 99903.4196
2019:05:06 14:46:07 713775 80412.2724
2019:05:06 14:46:07 800645 59282.0868
2019:05:06 14:46:07 884541 72853.6323
2019:05:06 14:46:07 989382 88856.0079
2019:05:06 14:46:08 73781 77403.9887
2019:05:06 14:46:08 183571 71282.1074
2019:05:06 14:46:08 263416 63468.3482
2019:05:06 14:46:08 355525 85144.3559
2019:05:06 14:46:08 433387 69620.2740
2019:05:06 14:46:08 545379 80008.4695
2019:05:06 14:46:08 673377 92014.1041
2019:05:06 14:46:08 793379 115462.6198
2019:05:06 14:46:08 906445 81076.1005
2019:05:06 14:46:09 41381 112019.7438
2019:05:06 14:46:09 145375 72007.9020
2019:05:06 14:46:09 241378 80992.7955
2019:05:06 14:46:09 348390 97478.7958
2019:05:06 14:46:09 459808 82446.0313
2019:05:06 14:46:09 568272 95740.3071
2019:05:06 14:46:09 661952 70418.0300
2019:05:06 14:46:09 753709 79535.9537
2019:05:06 14:46:09 844816 71381.1591
2019:05:06 14:46:09 960457 105815.6714
2019:05:06 14:46:10 49116 85887.1937
2019:05:06 14:46:10 145052 85261.2108
2019:05:06 14:46:10 290065 138733.6142
2019:05:06 14:46:10 373976 73609.1509
2019:05:06 14:46:10 491524 72043.7877
2019:05:06 14:46:10 573376 71892.5633
2019:05:06 14:46:10 725379 120024.8078
2019:05:06 14:46:10 853476 84110.6810
2019:05:06 14:46:10 971557 95617.1826
2019:05:06 14:46:11 53288 71806.5910
2019:05:06 14:46:11 150639 70446.5620
2019:05:06 14:46:11 237467 64717.0171
2019:05:06 14:46:11 353403 92037.2717
2019:05:06 14:46:11 455854 102442.2944
2019:05:06 14:46:11 575534 117116.0750
2019:05:06 14:46:11 664393 72589.4347
2019:05:06 14:46:11 738021 61749.9650
2019:05:06 14:46:11 822014 75388.1373
2019:05:06 14:46:11 904302 70320.6100
2019:05:06 14:46:12 10826 81113.2491
2019:05:06 14:46:12 82491 64911.7529
2019:05:06 14:46:12 170141 79466.0188
2019:05:06 14:46:12 252445 69101.3634
2019:05:06 14:46:12 344198 76455.1125
2019:05:06 14:46:12 438897 74894.3873
2019:05:06 14:46:12 557744 108959.8499
2019:05:06 14:46:12 637989 71276.4263
2019:05:06 14:46:12 730116 69596.3800
2019:05:06 14:46:12 844689 96213.7878
2019:05:06 14:46:12 950710 92548.6945
2019:05:06 14:46:13 72980 109085.6753
2019:05:06 14:46:13 143321 60982.8793
2019:05:06 14:46:13 216041 62899.0084
2019:05:06 14:46:13 301862 76211.5680
2019:05:06 14:46:13 384551 72101.5930
2019:05:06 14:46:13 489812 70045.5718
2019:05:06 14:46:13 578685 75353.1717
2019:05:06 14:46:13 672064 75770.6761
2019:05:06 14:46:13 766682 82722.5521
2019:05:06 14:46:13 846153 76590.6684
2019:05:06 14:46:13 931331 74925.3854
2019:05:06 14:46:14 20631 74053.7159
2019:05:06 14:46:14 101778 70917.7293
2019:05:06 14:46:14 215219 74473.9436
2019:05:06 14:46:14 319319 97069.9750
2019:05:06 14:46:14 419261 86932.8640
2019:05:06 14:46:14 502719 78600.1980
2019:05:06 14:46:14 608069 71800.9435
2019:05:06 14:46:14 689525 71207.3967
2019:05:06 14:46:14 806642 90080.4065
2019:05:06 14:46:14 922955 111384.6004
2019:05:06 14:46:15 3732 72998.3225
2019:05:06 14:46:15 99923 83467.0104
2019:05:06 14:46:15 209932 73952.3768
2019:05:06 14:46:15 281895 63621.7222
2019:05:06 14:46:15 372291 79867.4934
2019:05:06 14:46:15 466885 79032.5515
2019:05:06 14:46:15 550124 77384.9636
2019:05:06 14:46:15 645534 77866.2153
2019:05:06 14:46:15 793486 105835.2105
2019:05:06 14:46:15 961255 148562.2972
2019:05:06 14:46:16 69784 92421.4087
2019:05:06 14:46:16 185376 88001.2810
2019:05:06 14:46:16 296297 74928.7382
2019:05:06 14:46:16 391716 71272.1534
2019:05:06 14:46:16 485376 72013.9630
2019:05:06 14:46:16 637375 120019.1937
2019:05:06 14:46:16 733374 85232.3137
2019:05:06 14:46:16 837742 72374.3439
2019:05:06 14:46:16 949597 109394.8148
2019:05:06 14:46:17 74104 92743.6948
2019:05:06 14:46:17 185937 76571.5055
2019:05:06 14:46:17 278067 64704.4294
2019:05:06 14:46:17 366126 73911.1826
2019:05:06 14:46:17 439869 63498.4337
2019:05:06 14:46:17 549378 72014.9614
2019:05:06 14:46:17 693374 137623.3473
2019:05:06 14:46:17 766310 63891.9361
2019:05:06 14:46:17 862160 72797.9429
2019:05:06 14:46:17 979279 93925.7257
2019:05:06 14:46:18 97380 115220.8634
2019:05:06 14:46:18 208264 96274.0332
2019:05:06 14:46:18 313821 88467.9556
2019:05:06 14:46:18 395004 70946.6487
2019:05:06 14:46:18 497374 68007.9311
2019:05:06 14:46:18 603913 74555.8552
2019:05:06 14:46:18 780430 147061.4299
2019:05:06 14:46:18 913361 107990.5890
2019:05:06 14:46:19 8166 94796.7432
2019:05:06 14:46:19 107695 72098.1434
2019:05:06 14:46:19 174030 64275.4883
2019:05:06 14:46:19 333362 103998.1842
2019:05:06 14:46:19 443943 110571.4068
2019:05:06 14:46:19 586892 81523.3700
2019:05:06 14:46:19 684787 95846.6493
2019:05:06 14:46:19 784726 75363.4237
2019:05:06 14:46:19 876893 86034.0297
2019:05:06 14:46:19 951846 58475.9526
2019:05:06 14:46:20 49388 72026.7445
2019:05:06 14:46:20 145381 90330.0829
2019:05:06 14:46:20 253380 99620.8675
2019:05:06 14:46:20 357780 72413.9288
2019:05:06 14:46:20 457697 85602.7305
2019:05:06 14:46:20 541380 81242.4161
2019:05:06 14:46:20 633824 84466.4983
2019:05:06 14:46:20 757372 96011.2475
2019:05:06 14:46:20 897383 108028.9371
2019:05:06 14:46:21 5379 72010.1520
2019:05:06 14:46:21 97381 83048.3623
2019:05:06 14:46:21 193377 81563.9719
2019:05:06 14:46:21 297371 91392.3159
2019:05:06 14:46:21 380106 74528.8655
2019:05:06 14:46:21 481264 75894.6650
2019:05:06 14:46:21 581630 68260.0662
2019:05:06 14:46:21 657382 67566.3762
2019:05:06 14:46:21 768388 75022.5820
2019:05:06 14:46:21 881055 79687.9940
2019:05:06 14:46:21 989380 76012.7082
2019:05:06 14:46:22 113359 95996.0483
2019:05:06 14:46:22 191920 78552.4920
2019:05:06 14:46:22 287338 69970.3842
2019:05:06 14:46:22 390159 76797.5189
2019:05:06 14:46:22 489373 80008.9687
2019:05:06 14:46:22 571987 72084.3896
2019:05:06 14:46:22 673373 84006.1791
2019:05:06 14:46:22 845361 139998.4583
2019:05:06 14:46:22 924222 78852.2922
2019:05:06 14:46:23 7366 66003.0991
2019:05:06 14:46:23 145377 108005.5125
2019:05:06 14:46:23 277376 96010.3646
2019:05:06 14:46:23 430076 80712.7915
2019:05:06 14:46:23 569379 112013.0681
2019:05:06 14:46:23 675398 70029.0650
2019:05:06 14:46:23 783140 67182.9097
2019:05:06 14:46:23 870356 69618.2214
2019:05:06 14:46:23 965381 76019.6485
2019:05:06 14:46:24 85369 91998.0928
2019:05:06 14:46:24 205371 88009.2420
2019:05:06 14:46:24 316384 101553.7754
2019:05:06 14:46:24 425329 105657.8271
2019:05:06 14:46:24 514626 65257.4822
2019:05:06 14:46:24 649359 122023.5825
2019:05:06 14:46:24 757371 108002.1858
2019:05:06 14:46:24 849381 64008.3328
2019:05:06 14:46:24 945377 82973.7559
2019:05:06 14:46:25 28290 75354.9859
2019:05:06 14:46:25 123304 69935.8843
2019:05:06 14:46:25 228977 75600.8327
2019:05:06 14:46:25 347769 98404.7614
2019:05:06 14:46:25 445376 86966.0899
2019:05:06 14:46:25 524696 70037.4059
2019:05:06 14:46:25 628752 75398.1955
2019:05:06 14:46:25 757374 96001.9119
2019:05:06 14:46:25 864258 74896.1642
2019:05:06 14:46:26 636 115266.7999
2019:05:06 14:46:26 121381 92020.2546
2019:05:06 14:46:26 273361 107992.9881
2019:05:06 14:46:26 369377 96008.5019
2019:05:06 14:46:26 484647 79292.6401
2019:05:06 14:46:26 609362 122130.7069
2019:05:06 14:46:26 753361 143989.8759
2019:05:06 14:46:26 863210 109839.6108
2019:05:06 14:46:26 973797 103170.6519
2019:05:06 14:46:27 74640 70901.1704
2019:05:06 14:46:27 217379 108023.5355
2019:05:06 14:46:27 341376 96012.1155
2019:05:06 14:46:27 433353 85156.1837
2019:05:06 14:46:27 577369 108000.3306
2019:05:06 14:46:27 688152 74777.9012
2019:05:06 14:46:27 781950 72585.4263
2019:05:06 14:46:27 873713 68341.1360
2019:05:06 14:46:27 988793 79426.0427
2019:05:06 14:46:28 97360 79994.5518
2019:05:06 14:46:28 171480 74110.8321
2019:05:06 14:46:28 257375 64013.1608
2019:05:06 14:46:28 357377 86368.2739
2019:05:06 14:46:28 467211 73841.2738
2019:05:06 14:46:28 573396 72014.9092
2019:05:06 14:46:28 684283 102785.3526
2019:05:06 14:46:28 802267 115098.9309
2019:05:06 14:46:28 901393 96309.1701
2019:05:06 14:46:29 17389 80008.0039
2019:05:06 14:46:29 117367 88622.8420
2019:05:06 14:46:29 213388 96008.8335
2019:05:06 14:46:29 309358 85626.5612
2019:05:06 14:46:29 417401 105202.2651
2019:05:06 14:46:29 491605 65816.3130
2019:05:06 14:46:29 581368 81170.3168
2019:05:06 14:46:29 680006 98625.5668
2019:05:06 14:46:29 811551 114175.7928
2019:05:06 14:46:29 933371 95998.5480
2019:05:06 14:46:30 29387 96003.7075
2019:05:06 14:46:30 115501 54125.3760
2019:05:06 14:46:30 225654 80294.4712
2019:05:06 14:46:30 325174 92565.7414
2019:05:06 14:46:30 413390 64016.6439
2019:05:06 14:46:30 600807 135430.7234
2019:05:06 14:46:30 745398 108018.0258
2019:05:06 14:46:30 841400 81239.3092
2019:05:06 14:46:30 938746 89748.3826
2019:05:06 14:46:31 37378 85131.4999
2019:05:06 14:46:31 112830 75439.9523
2019:05:06 14:46:31 209395 64024.3515
2019:05:06 14:46:31 312262 70883.1549
2019:05:06 14:46:31 401397 86679.3245
2019:05:06 14:46:31 481872 72501.0559
2019:05:06 14:46:31 581394 72016.2652
2019:05:06 14:46:31 692775 75398.2551
2019:05:06 14:46:31 817692 104320.9843
2019:05:06 14:46:31 903417 62043.4992
2019:05:06 14:46:31 984001 71274.6754
2019:05:06 14:46:32 85398 76019.8087
2019:05:06 14:46:32 209391 96033.5769
2019:05:06 14:46:32 305399 86693.9984
2019:05:06 14:46:32 388667 70446.6552
2019:05:06 14:46:32 485377 71996.3796
2019:05:06 14:46:32 611460 90084.5304
2019:05:06 14:46:32 741372 96001.7815
2019:05:06 14:46:32 869378 92698.4400
2019:05:06 14:46:32 989380 72009.0233
2019:05:06 14:46:33 97375 76008.5694
2019:05:06 14:46:33 197371 92367.3213
2019:05:06 14:46:33 297375 72009.2840
2019:05:06 14:46:33 447436 114080.4030
2019:05:06 14:46:33 580538 103175.2005
2019:05:06 14:46:33 669817 79850.5507
2019:05:06 14:46:33 773375 97414.2514
2019:05:06 14:46:33 878707 83124.6972
2019:05:06 14:46:33 960210 70452.6491
2019:05:06 14:46:34 58528 61161.0934
2019:05:06 14:46:34 169361 96892.3047
2019:05:06 14:46:34 277378 108007.3565
2019:05:06 14:46:34 389382 101441.8565
2019:05:06 14:46:34 500507 75140.5284
2019:05:06 14:46:34 633373 100007.9103
2019:05:06 14:46:34 743801 74435.4762
2019:05:06 14:46:34 845368 68003.8668
2019:05:06 14:46:34 941375 91494.9998
2019:05:06 14:46:35 41359 67994.5163
2019:05:06 14:46:35 157361 115993.6450
2019:05:06 14:46:35 258270 100900.5755
2019:05:06 14:46:35 392607 107238.0468
2019:05:06 14:46:35 485379 72015.4457
2019:05:06 14:46:35 593378 72015.1030
2019:05:06 14:46:35 689377 60011.4688
2019:05:06 14:46:35 799316 77952.9810
2019:05:06 14:46:35 883674 66312.5291
2019:05:06 14:46:35 989765 72400.5066
2019:05:06 14:46:36 125354 107990.7939
2019:05:06 14:46:36 213377 85172.8469
2019:05:06 14:46:36 398113 152757.8495
2019:05:06 14:46:36 489375 87984.3049
2019:05:06 14:46:36 625370 100002.4714
2019:05:06 14:46:36 733376 72007.8461
2019:05:06 14:46:36 829358 82669.5487
2019:05:06 14:46:36 902730 73364.1870
2019:05:06 14:46:36 981375 69232.9668
2019:05:06 14:46:37 93992 72623.1560
2019:05:06 14:46:37 192304 66941.8536
2019:05:06 14:46:37 300836 98309.3083
2019:05:06 14:46:37 441361 137649.4728
2019:05:06 14:46:37 549379 108008.6045
2019:05:06 14:46:37 657371 84007.9375
2019:05:06 14:46:37 777385 109159.9390
2019:05:06 14:46:37 921370 135160.6399
2019:05:06 14:46:38 21371 99991.3514
2019:05:06 14:46:38 109383 76578.3750
2019:05:06 14:46:38 188078 71756.1431
2019:05:06 14:46:38 272830 74123.7476
2019:05:06 14:46:38 364268 88556.3865
2019:05:06 14:46:38 472344 67539.4051
2019:05:06 14:46:38 572753 88881.3324
2019:05:06 14:46:38 651307 75789.1871
2019:05:06 14:46:38 739764 66780.8540
2019:05:06 14:46:38 848317 106395.4346
2019:05:06 14:46:38 906484 54915.8044
2019:05:06 14:46:38 967950 47958.2027
2019:05:06 14:46:39 51887 73342.5207
2019:05:06 14:46:39 201381 120007.9620
2019:05:06 14:46:39 309382 72017.2301
2019:05:06 14:46:39 433360 118132.1889
2019:05:06 14:46:39 508551 75183.5592
2019:05:06 14:46:39 633378 96013.3933
2019:05:06 14:46:39 746497 106099.9110
2019:05:06 14:46:39 853379 97875.4908
2019:05:06 14:46:39 979974 90603.3777
2019:05:06 14:46:40 81375 72007.8200
2019:05:06 14:46:40 209374 100009.7170
2019:05:06 14:46:40 286764 66739.5666
2019:05:06 14:46:40 383809 72089.3927
2019:05:06 14:46:40 456329 62681.2950
2019:05:06 14:46:40 539476 73355.4512
2019:05:06 14:46:40 647214 104894.8281
2019:05:06 14:46:40 725422 75805.5001
2019:05:06 14:46:40 877378 100012.2800
2019:05:06 14:46:40 980970 94205.7185
2019:05:06 14:46:41 53874 69631.3046
2019:05:06 14:46:41 171441 106467.7350
2019:05:06 14:46:41 244752 70462.3014
2019:05:06 14:46:41 316021 63083.8685
2019:05:06 14:46:41 453357 103990.3015
2019:05:06 14:46:41 549380 96011.9739
2019:05:06 14:46:41 656398 75035.5311
2019:05:06 14:46:41 741377 64016.9755
2019:05:06 14:46:41 849355 99584.5161
2019:05:06 14:46:41 956214 104887.3030
2019:05:06 14:46:42 69362 92000.7378
2019:05:06 14:46:42 171686 102315.6904
2019:05:06 14:46:42 280593 79229.7870
2019:05:06 14:46:42 340828 57370.8639
2019:05:06 14:46:42 436655 71292.6313
2019:05:06 14:46:42 525380 64007.0662
2019:05:06 14:46:42 621383 72024.0511
2019:05:06 14:46:42 753378 96023.3845
2019:05:06 14:46:42 881364 95997.7098
2019:05:06 14:46:42 989356 107983.1570
2019:05:06 14:46:43 97370 105739.8617
2019:05:06 14:46:43 178006 70872.0013
2019:05:06 14:46:43 311911 106546.8416
2019:05:06 14:46:43 388933 67205.4105
2019:05:06 14:46:43 501371 81728.5776
2019:05:06 14:46:43 609369 92672.6386
2019:05:06 14:46:43 713376 95099.6988
2019:05:06 14:46:43 791120 62650.1739
2019:05:06 14:46:43 889369 73264.5728
2019:05:06 14:46:43 977361 80972.0419
2019:05:06 14:46:44 85389 108019.6463
2019:05:06 14:46:44 190053 68690.7321
2019:05:06 14:46:44 273378 64015.2693
2019:05:06 14:46:44 377233 94593.1934
2019:05:06 14:46:44 469377 72015.9747
2019:05:06 14:46:44 577380 72018.3663
2019:05:06 14:46:44 680749 67382.6262
2019:05:06 14:46:44 771261 65906.9829
2019:05:06 14:46:44 850308 68792.5071
2019:05:06 14:46:44 953374 72009.4442
2019:05:06 14:46:45 63302 73939.7295
2019:05:06 14:46:45 157904 72532.9742
2019:05:06 14:46:45 260300 78933.6674
2019:05:06 14:46:45 357381 72016.4031
2019:05:06 14:46:45 448882 80045.0258
2019:05:06 14:46:45 569376 96014.1905
2019:05:06 14:46:45 665376 84758.7660
2019:05:06 14:46:45 765377 68011.1721
2019:05:06 14:46:45 873374 72007.1420
2019:05:06 14:46:45 965374 85303.3476
2019:05:06 14:46:46 101362 102117.6837
2019:05:06 14:46:46 233363 131992.2395
2019:05:06 14:46:46 381381 148009.6467
2019:05:06 14:46:46 515766 102404.1288
2019:05:06 14:46:46 605374 87540.1981
2019:05:06 14:46:46 717380 104949.6680
2019:05:06 14:46:46 829379 76015.0626
2019:05:06 14:46:47 169359 324703.4028
2019:05:06 14:46:47 313361 143990.2298
2019:05:06 14:46:47 441353 127982.8660
2019:05:06 14:46:47 525387 73304.0385
2019:05:06 14:46:47 632271 103204.1349
2019:05:06 14:46:47 725379 90235.2035
2019:05:06 14:46:47 802271 68004.3474
2019:05:06 14:46:47 885376 64013.4960
2019:05:06 14:46:47 981376 86959.2614
2019:05:06 14:46:48 73375 81454.7166
2019:05:06 14:46:48 182803 73441.2819
2019:05:06 14:46:48 277378 72018.1949
2019:05:06 14:46:48 391698 78341.5809
2019:05:06 14:46:48 509376 103814.2182
2019:05:06 14:46:48 586265 67606.7881
2019:05:06 14:46:48 669374 64007.7628
2019:05:06 14:46:48 793358 109230.0341
2019:05:06 14:46:48 881951 88585.0452
2019:05:06 14:46:49 21360 130792.3310
2019:05:06 14:46:49 121194 99825.2071
2019:05:06 14:46:49 217379 86771.9389
2019:05:06 14:46:49 361371 108017.6122
2019:05:06 14:46:49 489360 117094.6099
2019:05:06 14:46:49 641362 151994.4556
2019:05:06 14:46:49 746200 104828.0299
2019:05:06 14:46:49 816669 61020.1806
2019:05:06 14:46:49 901381 64011.6259
2019:05:06 14:46:50 9375 102212.9208
2019:05:06 14:46:50 133361 114782.8512
2019:05:06 14:46:50 211503 78133.9295
2019:05:06 14:46:50 301376 64011.1156
2019:05:06 14:46:50 367967 60619.8274
2019:05:06 14:46:50 433914 55695.9882
2019:05:06 14:46:50 533382 72016.6676
2019:05:06 14:46:50 641361 96460.3573
2019:05:06 14:46:50 745372 104002.7514
2019:05:06 14:46:50 873362 95996.0856
2019:05:06 14:46:50 977388 104014.6872
2019:05:06 14:46:51 81863 77406.2760
2019:05:06 14:46:51 197376 96011.6647
2019:05:06 14:46:51 304712 72523.8733
2019:05:06 14:46:51 409376 72006.6354
2019:05:06 14:46:51 534499 89145.1873
2019:05:06 14:46:51 669360 113175.3214
2019:05:06 14:46:51 756070 86701.8029
2019:05:06 14:46:51 832251 58565.0504
2019:05:06 14:46:51 929316 86834.2407
2019:05:06 14:46:52 33384 94642.2964
2019:05:06 14:46:52 157360 121448.1890
2019:05:06 14:46:52 263128 105759.9485
2019:05:06 14:46:52 395844 102480.1321
2019:05:06 14:46:52 513382 88011.0413
2019:05:06 14:46:52 623562 95441.7735
2019:05:06 14:46:52 713384 72017.1668
2019:05:06 14:46:52 850105 100749.0195
2019:05:06 14:46:52 950444 69081.4853
2019:05:06 14:46:53 56511 79146.4485
2019:05:06 14:46:53 233363 147993.1287
2019:05:06 14:46:53 329377 96004.8065
2019:05:06 14:46:53 437377 93296.4906
2019:05:06 14:46:53 581375 108007.5577
2019:05:06 14:46:53 702846 81481.0358
2019:05:06 14:46:53 812190 82824.5357
2019:05:06 14:46:53 917384 96160.5310
2019:05:06 14:46:54 53381 104014.8586
2019:05:06 14:46:54 149370 85255.4850
2019:05:06 14:46:54 249376 92284.8321
2019:05:06 14:46:54 357375 72007.5555
2019:05:06 14:46:54 461376 68019.8558
2019:05:06 14:46:54 569962 100379.9438
2019:05:06 14:46:54 729363 139992.2818
2019:05:06 14:46:54 806702 77330.5409
2019:05:06 14:46:54 937375 100011.8814
2019:05:06 14:46:55 69379 100016.8882
2019:05:06 14:46:55 169371 84556.9149
2019:05:06 14:46:55 287990 113495.5324
2019:05:06 14:46:55 393639 80278.1507
2019:05:06 14:46:55 468211 71713.1421
2019:05:06 14:46:55 576727 83361.2680
2019:05:06 14:46:55 713362 107987.8807
2019:05:06 14:46:55 869360 155990.1237
2019:05:06 14:46:55 958090 88720.1875
2019:05:06 14:46:56 44107 72062.9767
2019:05:06 14:46:56 117825 65530.1549
2019:05:06 14:46:56 208739 83126.1426
2019:05:06 14:46:56 296817 85213.0018
2019:05:06 14:46:56 370971 70083.3388
2019:05:06 14:46:56 474568 94616.0033
2019:05:06 14:46:56 565109 87278.4145
2019:05:06 14:46:56 652403 72133.7087
2019:05:06 14:46:56 733425 73313.4896
2019:05:06 14:46:56 818616 79877.9726
2019:05:06 14:46:56 897876 78043.1107
2019:05:06 14:46:56 973844 67589.5885
2019:05:06 14:46:57 37331 53253.4532
2019:05:06 14:46:57 122107 78648.8764
2019:05:06 14:46:57 180266 55701.2670
2019:05:06 14:46:57 259366 62676.6495
2019:05:06 14:46:57 341248 73325.1832
2019:05:06 14:46:57 423993 75783.7109
2019:05:06 14:46:57 530067 70461.0422
2019:05:06 14:46:57 605858 61794.2438
2019:05:06 14:46:57 665238 51611.7364
2019:05:06 14:46:57 741376 65925.9371
2019:05:06 14:46:57 849534 72169.3411
2019:05:06 14:46:57 965381 80018.2000
2019:05:06 14:46:58 42439 66734.8690
2019:05:06 14:46:58 169360 108005.1921
2019:05:06 14:46:58 277363 107992.4628
2019:05:06 14:46:58 341895 64522.6613
2019:05:06 14:46:58 418476 65549.7871
2019:05:06 14:46:58 515511 66141.2850
2019:05:06 14:46:58 623493 84030.1402
2019:05:06 14:46:58 716234 68749.9121
2019:05:06 14:46:58 793283 65165.6874
2019:05:06 14:46:58 871874 58507.9454
2019:05:06 14:46:58 989377 84012.6686
2019:05:06 14:46:59 82004 56633.8412
2019:05:06 14:46:59 177360 85101.0755
2019:05:06 14:46:59 250354 72983.0302
2019:05:06 14:46:59 352325 95830.4033
2019:05:06 14:46:59 449380 72019.4206
2019:05:06 14:46:59 553377 68013.5898
2019:05:06 14:46:59 677379 95997.5794
2019:05:06 14:46:59 755387 68829.3278
2019:05:06 14:46:59 852019 85996.2068
2019:05:06 14:46:59 973379 113167.7851
2019:05:06 14:47:00 76078 97070.5934
2019:05:06 14:47:00 177380 76005.3247
2019:05:06 14:47:00 253823 70427.6673
2019:05:06 14:47:00 353354 67990.8544
2019:05:06 14:47:00 425869 71707.0922
2019:05:06 14:47:00 555698 106321.9495
2019:05:06 14:47:00 651943 93795.4187
2019:05:06 14:47:00 758059 80699.6524
2019:05:06 14:47:00 869049 83676.3643
2019:05:06 14:47:00 963663 70275.3887
2019:05:06 14:47:01 85375 95996.1936
2019:05:06 14:47:01 193399 72015.2520
2019:05:06 14:47:01 301385 96526.1012
2019:05:06 14:47:01 409729 72353.6685
2019:05:06 14:47:01 745558 308175.6458
2019:05:06 14:47:02 63095 308918.4836
2019:05:06 14:47:02 185390 100027.3302
2019:05:06 14:47:02 293367 101732.4328
2019:05:06 14:47:02 376353 82973.9496
2019:05:06 14:47:02 465396 64018.6109
2019:05:06 14:47:02 568443 92122.6330
2019:05:06 14:47:02 679841 108535.8039
2019:05:06 14:47:02 769393 64017.6311
2019:05:06 14:47:02 844510 61653.6029
2019:05:06 14:47:02 969428 97868.4351
2019:05:06 14:47:03 76791 71409.1174
2019:05:06 14:47:03 241376 132001.8098
2019:05:06 14:47:03 347465 106076.8403
2019:05:06 14:47:03 445391 76015.4538
2019:05:06 14:47:03 517457 63408.6430
2019:05:06 14:47:03 669394 116016.9803
2019:05:06 14:47:03 748490 71701.2323
2019:05:06 14:47:03 849391 72006.6577
2019:05:06 14:47:03 941383 85582.6549
2019:05:06 14:47:04 37359 95962.2115
2019:05:06 14:47:04 113395 75780.4252
2019:05:06 14:47:04 185390 67053.7129
2019:05:06 14:47:04 301438 80060.5565
2019:05:06 14:47:04 425411 96043.4675
2019:05:06 14:47:04 573353 75974.2633
2019:05:06 14:47:04 697383 92014.0520
2019:05:06 14:47:04 807234 98713.0925
2019:05:06 14:47:04 911243 73876.8131
2019:05:06 14:47:05 45361 124689.2698
2019:05:06 14:47:05 153372 108002.6776
2019:05:06 14:47:05 293373 116533.1900
2019:05:06 14:47:05 389380 86141.6124
2019:05:06 14:47:05 537378 112007.0517
2019:05:06 14:47:05 681354 107989.1473
2019:05:06 14:47:05 777385 96021.2983
2019:05:06 14:47:05 921368 132766.8875
2019:05:06 14:47:06 25360 103981.4875
2019:05:06 14:47:06 119547 94177.5516
2019:05:06 14:47:06 261360 115996.1373
2019:05:06 14:47:06 389360 127990.4135
2019:05:06 14:47:06 485375 96008.0586
2019:05:06 14:47:06 597390 102249.5776
2019:05:06 14:47:06 741377 108013.2946
2019:05:06 14:47:06 845376 72012.8641
2019:05:06 14:47:06 928046 73308.0283
2019:05:06 14:47:07 21371 64004.7379
2019:05:06 14:47:07 102133 74145.4624
2019:05:06 14:47:07 189386 64023.4947
2019:05:06 14:47:07 349379 108009.5842
2019:05:06 14:47:07 468704 91344.0771
2019:05:06 14:47:07 560852 88479.9957
2019:05:06 14:47:07 665358 100838.8512
2019:05:06 14:47:07 766868 101501.8225
2019:05:06 14:47:07 848809 78673.4261
2019:05:06 14:47:07 959372 82008.8014
2019:05:06 14:47:08 97379 108016.6325
2019:05:06 14:47:08 202265 73723.2715
2019:05:06 14:47:08 332107 102744.9630
2019:05:06 14:47:08 415670 80710.1876
2019:05:06 14:47:08 549378 108015.1498
2019:05:06 14:47:08 645370 85931.7631
2019:05:06 14:47:08 751953 74591.5137
2019:05:06 14:47:08 851072 73705.2858
2019:05:06 14:47:08 927269 68824.1161
2019:05:06 14:47:09 37004 79637.4604
2019:05:06 14:47:09 158253 117966.3353
2019:05:06 14:47:09 305366 143827.6283
2019:05:06 14:47:09 481355 175980.6722
2019:05:06 14:47:09 625360 143104.5681
2019:05:06 14:47:09 713376 88007.0142
2019:05:06 14:47:09 857376 108022.5259
2019:05:06 14:47:09 997381 104017.2689
2019:05:06 14:47:10 125859 88489.9162
2019:05:06 14:47:10 261375 100012.4626
2019:05:06 14:47:10 341161 75364.3028
2019:05:06 14:47:10 421379 64015.6344
2019:05:06 14:47:10 541367 80001.9614
2019:05:06 14:47:10 645378 72013.9518
2019:05:06 14:47:10 737373 64010.1917
2019:05:06 14:47:10 845376 94638.7835
2019:05:06 14:47:10 973361 95996.1899
2019:05:06 14:47:11 105360 131989.2704
2019:05:06 14:47:11 218508 113138.7651
2019:05:06 14:47:11 349375 100020.2596
2019:05:06 14:47:11 441380 64019.8216
2019:05:06 14:47:11 546986 73619.7084
2019:05:06 14:47:11 645374 96735.1571
2019:05:06 14:47:11 773377 96006.1066
2019:05:06 14:47:11 879553 67559.3391
2019:05:06 14:47:12 33360 123879.2129
2019:05:06 14:47:12 125380 92010.0398
2019:05:06 14:47:12 225385 68029.9215
2019:05:06 14:47:12 303887 72481.3677
2019:05:06 14:47:12 385777 64407.1437
2019:05:06 14:47:12 485379 91375.5782
2019:05:06 14:47:12 564371 71984.2240
2019:05:06 14:47:12 657760 64397.7113
2019:05:06 14:47:12 785360 95999.7997
2019:05:06 14:47:12 921355 135987.0881
2019:05:06 14:47:13 61372 139999.5200
2019:05:06 14:47:13 161366 99982.0195
2019:05:06 14:47:13 257377 81094.6971
2019:05:06 14:47:13 397376 104012.8917
2019:05:06 14:47:13 489377 83295.0622
2019:05:06 14:47:13 611688 90328.2054
2019:05:06 14:47:13 698918 81562.3291
2019:05:06 14:47:13 828323 95420.7480
2019:05:06 14:47:13 913376 82179.4160
2019:05:06 14:47:14 9378 85194.7144
2019:05:06 14:47:14 97010 59646.5915
2019:05:06 14:47:14 193375 72019.7707
2019:05:06 14:47:14 289379 89142.3933
2019:05:06 14:47:14 377378 83710.3464
2019:05:06 14:47:14 513360 99991.7239
2019:05:06 14:47:14 596315 82946.1440
2019:05:06 14:47:14 693380 72013.4489
2019:05:06 14:47:14 787593 72504.3304
2019:05:06 14:47:14 909373 96389.0888
2019:05:06 14:47:15 49361 103988.7778
2019:05:06 14:47:15 141876 92506.0250
2019:05:06 14:47:15 247126 73754.1467
2019:05:06 14:47:15 377377 108023.1294
2019:05:06 14:47:15 597374 156009.9795
2019:05:06 14:47:15 734518 110143.3598
2019:05:06 14:47:15 841009 93760.1887
2019:05:06 14:47:15 927444 83150.9829
2019:05:06 14:47:16 13035 72860.0547
2019:05:06 14:47:16 98259 76441.2396
2019:05:06 14:47:16 201880 84513.6344
2019:05:06 14:47:16 306896 76174.2890
2019:05:06 14:47:16 407674 82933.2359
2019:05:06 14:47:16 491528 70170.6633
2019:05:06 14:47:16 609494 91842.3124
2019:05:06 14:47:16 692142 82639.5452
2019:05:06 14:47:16 778592 72422.5566
2019:05:06 14:47:16 858018 62979.7168
2019:05:06 14:47:16 994537 105170.6187
2019:05:06 14:47:17 109363 114818.6848
2019:05:06 14:47:17 223810 114437.2150
2019:05:06 14:47:17 365383 139972.2435
2019:05:06 14:47:17 465390 72024.9899
2019:05:06 14:47:17 593354 93113.7763
2019:05:06 14:47:17 681374 84899.6043
2019:05:06 14:47:17 761164 68810.0010
2019:05:06 14:47:17 865377 76013.5092
2019:05:06 14:47:17 985382 88026.6391
2019:05:06 14:47:18 81375 84311.6604
2019:05:06 14:47:18 201379 103974.2492
2019:05:06 14:47:18 313376 104965.3627
2019:05:06 14:47:18 409375 64011.9053
2019:05:06 14:47:18 505379 84805.6115
2019:05:06 14:47:18 605379 68022.1729
2019:05:06 14:47:18 713381 96969.0159
2019:05:06 14:47:18 833386 109717.2126
2019:05:06 14:47:18 929385 85319.8171
2019:05:06 14:47:19 3807 65523.4531
2019:05:06 14:47:19 98418 65054.7892
2019:05:06 14:47:19 197373 88690.2884
2019:05:06 14:47:19 300364 87661.7059
2019:05:06 14:47:19 425374 100009.3818
2019:05:06 14:47:19 597386 132015.7573
2019:05:06 14:47:19 693377 81317.9724
2019:05:06 14:47:19 804944 83583.6791
2019:05:06 14:47:19 945360 115996.1782
2019:05:06 14:47:20 68323 122954.5772
2019:05:06 14:47:20 185380 92005.0852
2019:05:06 14:47:20 293376 72015.6394
2019:05:06 14:47:20 401377 72013.6911
2019:05:06 14:47:20 479944 71275.3609
2019:05:06 14:47:20 573375 72011.7576
2019:05:06 14:47:20 733374 128015.9429
2019:05:06 14:47:20 836311 95872.0595
2019:05:06 14:47:20 933377 64003.6874
2019:05:06 14:47:21 41371 96142.9253
2019:05:06 14:47:21 128305 79861.5925
2019:05:06 14:47:21 293379 145787.3844
2019:05:06 14:47:21 393377 90985.1007
2019:05:06 14:47:21 493248 79851.5156
2019:05:06 14:47:21 616958 97424.9877
2019:05:06 14:47:21 712381 85208.2297
2019:05:06 14:47:21 816404 100766.4800
2019:05:06 14:47:21 913377 76008.9569
2019:05:06 14:47:22 35962 86609.0581
2019:05:06 14:47:22 120324 60590.5354
2019:05:06 14:47:22 209385 64019.8737
2019:05:06 14:47:22 307098 86426.9100
2019:05:06 14:47:22 405808 68444.2110
2019:05:06 14:47:22 499607 66242.1733
2019:05:06 14:47:22 605381 92671.1448
2019:05:06 14:47:22 713374 100711.7406
2019:05:06 14:47:22 801896 82291.1337
2019:05:06 14:47:22 925172 91810.2786
2019:05:06 14:47:23 16495 91313.9060
2019:05:06 14:47:23 163973 130610.1270
2019:05:06 14:47:23 289354 122134.1155
2019:05:06 14:47:23 372027 75760.3347
2019:05:06 14:47:23 503902 102535.9593
2019:05:06 14:47:23 604667 92954.8815
2019:05:06 14:47:23 689374 60005.1247
2019:05:06 14:47:23 769735 73740.7804
2019:05:06 14:47:23 870488 73120.9256
2019:05:06 14:47:23 997377 96014.3469
2019:05:06 14:47:24 97383 81495.5682
2019:05:06 14:47:24 170700 61440.1288
2019:05:06 14:47:24 269375 89231.3272
2019:05:06 14:47:24 365689 91356.1136
2019:05:06 14:47:24 462732 89277.3755
2019:05:06 14:47:24 597360 123142.1679
2019:05:06 14:47:24 673674 76304.6741
2019:05:06 14:47:24 767886 74526.2951
2019:05:06 14:47:24 867873 95074.6499
2019:05:06 14:47:24 977609 92246.7671
2019:05:06 14:47:25 97384 96029.8628
2019:05:06 14:47:25 215961 82595.6911
2019:05:06 14:47:25 313376 72012.0557
2019:05:06 14:47:25 409368 85275.9033
2019:05:06 14:47:25 509374 91079.0041
2019:05:06 14:47:25 584194 67602.2395
2019:05:06 14:47:25 689377 72008.0771
2019:05:06 14:47:25 765644 68826.8505
2019:05:06 14:47:25 876207 74842.1289
2019:05:06 14:47:25 992113 113043.9378
2019:05:06 14:47:26 109383 98002.6163
2019:05:06 14:47:26 207558 92563.9160
2019:05:06 14:47:26 301375 83570.0482
2019:05:06 14:47:26 397379 72011.9327
2019:05:06 14:47:26 509375 76007.3215
2019:05:06 14:47:26 613392 93728.6802
2019:05:06 14:47:26 752736 107371.7885
2019:05:06 14:47:26 848150 92173.0213
2019:05:06 14:47:26 961380 84015.0677
2019:05:06 14:47:27 61370 95238.3578
2019:05:06 14:47:27 176650 83272.3454
2019:05:06 14:47:27 268804 78529.8683
2019:05:06 14:47:27 351557 73321.3834
2019:05:06 14:47:27 426920 65961.9458
2019:05:06 14:47:27 524391 75787.3580
2019:05:06 14:47:27 614906 73294.8221
2019:05:06 14:47:27 714434 74527.6697
2019:05:06 14:47:27 800050 75758.7999
2019:05:06 14:47:27 891398 77429.6150
2019:05:06 14:47:27 983938 90125.2627
2019:05:06 14:47:28 76095 89710.3138
2019:05:06 14:47:28 173371 85779.9277
2019:05:06 14:47:28 254679 76608.9857
2019:05:06 14:47:28 357887 76520.1524
2019:05:06 14:47:28 481355 95987.1858
2019:05:06 14:47:28 581405 99410.2433
2019:05:06 14:47:28 689381 72008.5390
2019:05:06 14:47:28 797361 99055.7596
2019:05:06 14:47:28 900213 102842.8636
2019:05:06 14:47:28 985377 82312.4051
2019:05:06 14:47:29 88207 74844.8484
2019:05:06 14:47:29 195088 73718.0598
2019:05:06 14:47:29 293410 64045.6043
2019:05:06 14:47:29 409375 84010.6718
2019:05:06 14:47:29 501379 85918.0428
2019:05:06 14:47:29 641377 104023.4119
2019:05:06 14:47:29 761369 84006.2909
2019:05:06 14:47:29 861071 83963.5693
2019:05:06 14:47:29 965353 95664.9072
2019:05:06 14:47:30 64261 98332.4535
2019:05:06 14:47:30 161360 88113.4272
2019:05:06 14:47:30 257378 96009.6195
2019:05:06 14:47:30 357358 93249.5669
2019:05:06 14:47:30 469297 111929.4092
2019:05:06 14:47:30 577377 76005.5371
2019:05:06 14:47:30 658107 70025.3733
2019:05:06 14:47:30 757378 72014.4957
2019:05:06 14:47:30 889373 92004.4035
2019:05:06 14:47:31 61357 135990.9587
2019:05:06 14:47:31 169378 105760.2279
2019:05:06 14:47:31 289371 108630.5007
2019:05:06 14:47:31 372453 71661.4574
2019:05:06 14:47:31 505361 107998.4196
2019:05:06 14:47:31 600163 94793.6438
2019:05:06 14:47:31 729381 100013.2151
2019:05:06 14:47:31 840584 75222.8238
2019:05:06 14:47:31 940539 67175.5858
2019:05:06 14:47:32 17927 69625.8694
2019:05:06 14:47:32 116577 95379.4383
2019:05:06 14:47:32 198962 82376.7558
2019:05:06 14:47:32 341518 129006.3821
2019:05:06 14:47:32 477392 133036.7215
2019:05:06 14:47:32 584396 98293.9675
2019:05:06 14:47:32 682269 85581.9806
2019:05:06 14:47:32 775271 73898.1515
2019:05:06 14:47:32 880512 79152.3382
2019:05:06 14:47:32 972711 59331.6182
2019:05:06 14:47:33 77390 72017.5393
2019:05:06 14:47:33 191386 100753.0838
2019:05:06 14:47:33 280273 85185.5762
2019:05:06 14:47:33 377367 84949.6610
2019:05:06 14:47:33 469388 92008.3933
2019:05:06 14:47:33 580100 78738.1455
2019:05:06 14:47:33 697369 99992.0517
2019:05:06 14:47:33 805381 108000.1928
2019:05:06 14:47:33 909009 67632.1313
2019:05:06 14:47:33 991403 73355.2426
2019:05:06 14:47:34 121374 101984.1023
2019:05:06 14:47:34 239992 118603.5983
2019:05:06 14:47:34 357101 67729.3912
2019:05:06 14:47:34 457392 72018.0348
2019:05:06 14:47:34 565397 96468.7802
2019:05:06 14:47:34 677397 100762.5498
2019:05:06 14:47:34 774869 89261.4909
2019:05:06 14:47:34 868681 67309.1710
2019:05:06 14:47:34 953392 76553.5943
2019:05:06 14:47:35 81609 122811.0045
2019:05:06 14:47:35 177369 95745.5263
2019:05:06 14:47:35 273388 96006.2817
2019:05:06 14:47:35 386371 102346.2638
2019:05:06 14:47:35 561368 144007.5897
2019:05:06 14:47:35 645395 84014.2705
2019:05:06 14:47:35 745396 72022.7361
2019:05:06 14:47:35 893456 76088.2162
2019:05:06 14:47:36 29372 107996.3185
2019:05:06 14:47:36 145366 115980.8785
2019:05:06 14:47:36 232183 83979.6215
2019:05:06 14:47:36 349399 93037.6500
2019:05:06 14:47:36 482851 117977.0418
2019:05:06 14:47:36 637361 152466.0736
2019:05:06 14:47:36 744548 107176.7285
2019:05:06 14:47:36 861374 96014.7381
2019:05:06 14:47:36 989360 95998.4735
2019:05:06 14:47:37 69778 80409.0761
2019:05:06 14:47:37 163565 85193.7570
2019:05:06 14:47:37 252864 87255.6195
2019:05:06 14:47:37 348290 85181.9590
2019:05:06 14:47:37 444132 92971.8763
2019:05:06 14:47:37 540380 72085.3582
2019:05:06 14:47:37 622316 60953.3601
2019:05:06 14:47:37 716091 79828.0127
2019:05:06 14:47:37 804187 86052.1384
2019:05:06 14:47:37 892210 84782.0342
2019:05:06 14:47:37 982320 68965.5021
2019:05:06 14:47:38 67923 72095.4165
2019:05:06 14:47:38 188740 83385.8326
2019:05:06 14:47:38 313359 114776.8646
2019:05:06 14:47:38 409376 96009.0682
2019:05:06 14:47:38 537361 96006.1140
2019:05:06 14:47:38 629871 92502.1209
2019:05:06 14:47:38 727787 95049.1130
2019:05:06 14:47:38 845362 114724.9155
2019:05:06 14:47:38 938305 92935.0220
2019:05:06 14:47:39 49360 93432.2812
2019:05:06 14:47:39 148017 97907.1110
2019:05:06 14:47:39 233378 80024.5069
2019:05:06 14:47:39 302033 58568.2988
2019:05:06 14:47:39 381488 54494.8652
2019:05:06 14:47:39 442504 50393.1083
2019:05:06 14:47:39 509374 57862.2781
2019:05:06 14:47:39 601356 78565.2660
2019:05:06 14:47:39 677379 75153.4365
2019:05:06 14:47:39 752982 64314.8348
2019:05:06 14:47:39 829376 57965.6586
2019:05:06 14:47:39 907400 63082.2778
2019:05:06 14:47:39 990940 53566.0833
2019:05:06 14:47:40 95785 78409.8767
2019:05:06 14:47:40 202286 103632.7519
2019:05:06 14:47:40 293363 88609.7923
2019:05:06 14:47:40 389384 96012.5849
2019:05:06 14:47:40 466095 69672.5212
2019:05:06 14:47:40 541410 72914.2912
2019:05:06 14:47:40 648719 71665.1231
2019:05:06 14:47:40 725366 68451.4269
2019:05:06 14:47:40 796988 60199.1042
2019:05:06 14:47:40 896519 75156.1671
2019:05:06 14:47:40 996037 96669.1338
2019:05:06 14:47:41 56659 49557.0861
2019:05:06 14:47:41 121399 54499.3244
2019:05:06 14:47:41 177380 49863.0144
2019:05:06 14:47:41 243016 57334.5907
2019:05:06 14:47:41 308164 51610.5294
2019:05:06 14:47:41 369593 54460.0226
2019:05:06 14:47:41 417934 43025.7618
2019:05:06 14:47:41 473619 48332.6800
2019:05:06 14:47:41 535064 59002.5187
2019:05:06 14:47:41 584217 47126.6806
2019:05:06 14:47:41 631302 38484.4206
2019:05:06 14:47:41 703400 61843.7268
2019:05:06 14:47:41 757106 51266.0109
2019:05:06 14:47:41 811934 47926.4595
2019:05:06 14:47:41 868042 46684.6302
2019:05:06 14:47:41 918835 43411.4113
2019:05:06 14:47:41 972484 46686.2880
2019:05:06 14:47:42 25320 39731.6888
2019:05:06 14:47:42 94581 59761.9563
2019:05:06 14:47:42 164980 68399.5411
2019:05:06 14:47:42 225612 59403.3301
2019:05:06 14:47:42 275172 47110.6246
2019:05:06 14:47:42 335364 49957.0183
2019:05:06 14:47:42 385369 47546.8859
2019:05:06 14:47:42 429188 33195.2721
2019:05:06 14:47:42 505353 60620.2409
2019:05:06 14:47:42 565146 57352.2672
2019:05:06 14:47:42 614297 47525.7263
2019:05:06 14:47:42 654444 38934.0222
2019:05:06 14:47:42 694513 38446.9703
2019:05:06 14:47:42 744470 40133.2155
2019:05:06 14:47:42 784623 38099.2778
2019:05:06 14:47:42 825188 30323.1701
2019:05:06 14:47:42 853842 27864.2625
2019:05:06 14:47:42 894797 31134.9072
2019:05:06 14:47:42 944766 40139.0791
2019:05:06 14:47:42 984092 37288.5354
2019:05:06 14:47:43 12614 28454.6725
2019:05:06 14:47:43 44020 31400.7588
2019:05:06 14:47:43 73983 29128.8272
2019:05:06 14:47:43 104593 30197.0057
2019:05:06 14:47:43 134538 28534.7998
2019:05:06 14:47:43 163625 27048.3941
2019:05:06 14:47:43 194940 30108.3550
2019:05:06 14:47:43 224683 28122.0973
2019:05:06 14:47:43 254512 28764.6130
2019:05:06 14:47:43 274597 18852.8970
2019:05:06 14:47:43 302512 18111.4189
2019:05:06 14:47:43 323423 20499.1028
2019:05:06 14:47:43 343437 20009.0185
2019:05:06 14:47:43 362613 19169.1369
2019:05:06 14:47:43 383410 20785.0859
2019:05:06 14:47:43 403405 19990.1536
2019:05:06 14:47:43 422598 19188.0018
2019:05:06 14:47:43 442813 20209.6142
2019:05:06 14:47:43 463390 20572.9529
2019:05:06 14:47:43 483382 19986.9983
2019:05:06 14:47:43 503366 19979.7302
2019:05:06 14:47:43 522849 19476.4063
2019:05:06 14:47:43 545313 22459.2499
2019:05:06 14:47:43 574173 19991.7033
2019:05:06 14:47:43 594020 19026.2012
2019:05:06 14:47:43 614170 18777.3928
2019:05:06 14:47:43 634159 19172.1246
2019:05:06 14:47:43 654158 19177.5635
2019:05:06 14:47:43 674151 18772.0619
2019:05:06 14:47:43 694142 19171.8787
2019:05:06 14:47:43 714127 19155.4539
2019:05:06 14:47:43 734129 18771.6000
2019:05:06 14:47:43 754125 18775.0123
2019:05:06 14:47:43 774116 18769.5287
2019:05:06 14:47:43 794119 18775.7611
2019:05:06 14:47:43 814108 18773.9581
2019:05:06 14:47:43 833986 18657.7290
2019:05:06 14:47:43 854098 18770.1322
2019:05:06 14:47:43 874093 18776.2789
2019:05:06 14:47:43 893951 19036.0434
2019:05:06 14:47:43 914086 18984.1539
2019:05:06 14:47:43 934076 19172.2922
2019:05:06 14:47:43 954063 19162.6735
2019:05:06 14:47:43 974093 18798.4072
2019:05:06 14:47:43 994058 19141.2158
2019:05:06 14:47:44 14004 18727.5670
2019:05:06 14:47:44 33960 18684.4580
2019:05:06 14:47:44 54044 18866.7327
2019:05:06 14:47:44 73916 19051.3059
2019:05:06 14:47:44 94035 18773.5856
2019:05:06 14:47:44 113966 19112.1437
2019:05:06 14:47:44 134023 18834.1402
2019:05:06 14:47:44 154021 18775.5041
2019:05:06 14:47:44 174013 19172.9404
2019:05:06 14:47:44 193925 19091.0585
2019:05:06 14:47:44 214002 18860.0011
2019:05:06 14:47:44 233987 19165.0949
2019:05:06 14:47:44 253996 18782.3810
2019:05:06 14:47:44 273986 18773.4403
2019:05:06 14:47:44 293977 19170.5972
2019:05:06 14:47:44 313851 19052.5241
2019:05:06 14:47:44 333970 18777.0128
2019:05:06 14:47:44 353932 19144.1812
2019:05:06 14:47:44 373916 18760.6812
2019:05:06 14:47:44 393954 18774.6584
2019:05:06 14:47:44 413943 19171.2864
2019:05:06 14:47:44 433939 19174.7174
2019:05:06 14:47:44 453935 18773.5893
2019:05:06 14:47:44 473928 19173.1751
2019:05:06 14:47:44 493854 19106.2503
2019:05:06 14:47:44 513921 18779.1064
2019:05:06 14:47:44 533903 19161.7198
2019:05:06 14:47:44 553908 18776.5993
2019:05:06 14:47:44 573905 18777.3332
2019:05:06 14:47:44 593896 19169.4610
2019:05:06 14:47:44 613892 19173.3427
2019:05:06 14:47:44 633889 18778.1341
2019:05:06 14:47:44 653879 19173.4247
2019:05:06 14:47:44 673841 19138.2989
2019:05:06 14:47:44 693871 18775.3923
2019:05:06 14:47:44 713855 19165.7171
2019:05:06 14:47:44 733856 18772.5350
2019:05:06 14:47:44 753855 18774.5132
2019:05:06 14:47:44 773846 19173.7078
2019:05:06 14:47:44 793835 19164.4393
2019:05:06 14:47:44 813833 18769.9758
2019:05:06 14:47:44 833827 18774.5281
2019:05:06 14:47:44 853663 18616.2442
2019:05:06 14:47:44 873821 18775.9399
2019:05:06 14:47:44 893812 19173.3725
2019:05:06 14:47:44 913802 19166.8011
2019:05:06 14:47:44 933804 18774.9788
2019:05:06 14:47:44 953795 19173.0261
2019:05:06 14:47:44 973789 19172.0761
2019:05:06 14:47:44 993785 18772.0433
2019:05:06 14:47:45 13780 19173.5774
2019:05:06 14:47:45 33774 19168.8910
2019:05:06 14:47:45 53769 18772.7138
2019:05:06 14:47:45 73764 18776.5472
2019:05:06 14:47:45 93756 18776.0852
2019:05:06 14:47:45 113752 18773.5409
2019:05:06 14:47:45 133742 18771.9464
2019:05:06 14:47:45 153743 18778.8457
2019:05:06 14:47:45 173737 18770.4675
2019:05:06 14:47:45 193727 18772.5648
2019:05:06 14:47:45 213725 18776.8973
2019:05:06 14:47:45 233780 18833.7862
2019:05:06 14:47:45 253714 19114.0398
2019:05:06 14:47:45 273708 18775.3364
2019:05:06 14:47:45 293705 18774.8894
2019:05:06 14:47:45 313698 18776.8713
2019:05:06 14:47:45 333692 18776.9048
2019:05:06 14:47:45 353688 18774.2375
2019:05:06 14:47:45 373678 18774.0810
2019:05:06 14:47:45 393675 18776.2193
2019:05:06 14:47:45 413684 18786.5831
2019:05:06 14:47:45 433657 18768.4968
2019:05:06 14:47:45 453662 18778.4582
2019:05:06 14:47:45 473671 18788.2744
2019:05:06 14:47:45 493647 18773.8687
2019:05:06 14:47:45 513641 18774.6100
2019:05:06 14:47:45 533732 18868.3234
2019:05:06 14:47:45 553631 19083.6452
2019:05:06 14:47:45 573625 19167.8330
2019:05:06 14:47:45 593634 18785.5475
2019:05:06 14:47:45 613617 18774.6733
2019:05:06 14:47:45 633610 18772.1550
2019:05:06 14:47:45 653622 18789.3659
2019:05:06 14:47:45 673597 18772.7623
2019:05:06 14:47:45 693596 19174.9521
2019:05:06 14:47:45 713599 18778.7935
2019:05:06 14:47:45 733581 18774.1183
2019:05:06 14:47:45 753574 18774.1444
2019:05:06 14:47:45 773562 18765.1142
2019:05:06 14:47:45 793557 18798.4072
2019:05:06 14:47:45 813560 18775.4706
2019:05:06 14:47:45 833563 18780.3060
2019:05:06 14:47:45 853550 18776.9011
2019:05:06 14:47:45 873542 18774.4312
2019:05:06 14:47:45 893553 18785.3314
2019:05:06 14:47:45 913532 18775.0943
2019:05:06 14:47:45 933520 19166.9166
2019:05:06 14:47:45 953541 18792.3573
2019:05:06 14:47:45 973515 18770.2812
2019:05:06 14:47:45 993510 18775.4259
2019:05:06 14:47:46 13520 18787.1344
2019:05:06 14:47:46 33498 18772.7995
2019:05:06 14:47:46 53494 18776.4466
2019:05:06 14:47:46 73501 18782.8429
2019:05:06 14:47:46 93485 18776.6105
2019:05:06 14:47:46 113481 18777.7132
2019:05:06 14:47:46 133489 18787.8460
2019:05:06 14:47:46 153468 18776.7930
2019:05:06 14:47:46 173462 19175.6561
2019:05:06 14:47:46 193472 18787.5740
2019:05:06 14:47:46 213449 18773.9059
2019:05:06 14:47:46 233442 19170.0347
2019:05:06 14:47:46 253456 18790.2525
2019:05:06 14:47:46 273433 18771.8160
2019:05:06 14:47:46 293427 18774.6249
2019:05:06 14:47:46 313421 18771.2982
2019:05:06 14:47:46 333417 18773.8575
2019:05:06 14:47:46 353413 18774.5430
2019:05:06 14:47:46 373416 18783.5209
2019:05:06 14:47:46 393400 18773.4365
2019:05:06 14:47:46 413394 19170.2396
2019:05:06 14:47:46 433393 18777.2885
2019:05:06 14:47:46 453382 18773.3732
2019:05:06 14:47:46 473378 19170.8095
2019:05:06 14:47:46 493388 18787.2723
2019:05:06 14:47:46 513363 19160.8928
2019:05:06 14:47:46 533366 18781.8259
2019:05:06 14:47:46 553360 18776.6366
2019:05:06 14:47:46 573353 18778.1043
2019:05:06 14:47:46 593244 19073.0691
2019:05:06 14:47:46 613338 18872.2610
2019:05:06 14:47:46 633329 19164.4989
2019:05:06 14:47:46 653329 18775.7574
2019:05:06 14:47:46 671983 17431.4491
2019:05:06 14:47:46 691976 19988.1606
2019:05:06 14:47:46 711972 19985.3368
2019:05:06 14:47:46 731972 19987.9929
2019:05:06 14:47:46 751961 19983.2544
2019:05:06 14:47:46 771956 19983.1836
2019:05:06 14:47:46 791961 19990.9881
2019:05:06 14:47:46 811944 19978.2401
2019:05:06 14:47:46 831939 19983.9734
2019:05:06 14:47:46 854400 22449.7877
2019:05:06 14:47:46 881664 19733.1123
2019:05:06 14:47:46 901917 20247.7314
2019:05:06 14:47:46 921914 19982.7813
2019:05:06 14:47:46 941561 19635.6103
2019:05:06 14:47:46 961900 20334.5828
2019:05:06 14:47:46 981897 19983.2991
2019:05:06 14:47:47 1608 19698.9365
2019:05:06 14:47:47 21888 20275.8051
2019:05:06 14:47:47 41880 19977.2641
2019:05:06 14:47:47 61579 19694.3358
2019:05:06 14:47:47 81871 20286.5526
2019:05:06 14:47:47 101859 19976.3067
2019:05:06 14:47:47 131451 20004.6822
2019:05:06 14:47:47 151849 20377.5205
