
# OSU MPI Allreduce Latency Test v5.6.1
# Size       Avg Latency(us)
65536               82601.28
2019:05:06 14:44:41 501383 72010.8040
2019:05:06 14:44:41 573377 64869.2176
2019:05:06 14:44:41 648188 63915.0627
2019:05:06 14:44:41 723952 67573.2642
2019:05:06 14:44:41 825154 71788.1359
2019:05:06 14:44:41 965377 92002.5147
2019:05:06 14:44:42 46299 75356.2897
2019:05:06 14:44:42 143778 78409.8953
2019:05:06 14:44:42 233914 72549.2090
2019:05:06 14:44:42 323176 83960.9802
2019:05:06 14:44:42 481362 127999.4771
2019:05:06 14:44:42 581361 99988.7288
2019:05:06 14:44:42 699563 118194.4348
2019:05:06 14:44:42 824492 99127.1138
2019:05:06 14:44:42 898241 69231.5772
2019:05:06 14:44:42 961717 44347.7221
2019:05:06 14:44:43 44448 79063.5534
2019:05:06 14:44:43 125375 78062.0053
2019:05:06 14:44:43 239421 82054.0562
2019:05:06 14:44:43 312336 70442.0507
2019:05:06 14:44:43 393378 64015.6604
2019:05:06 14:44:43 533373 117836.5089
2019:05:06 14:44:43 606829 67193.2586
2019:05:06 14:44:43 675636 63052.3600
2019:05:06 14:44:43 748580 65178.5582
2019:05:06 14:44:43 841518 72141.4872
2019:05:06 14:44:43 965370 93969.0024
2019:05:06 14:44:44 61377 60007.8478
2019:05:06 14:44:44 133382 64546.2573
2019:05:06 14:44:44 205383 67735.4857
2019:05:06 14:44:44 283445 71681.8757
2019:05:06 14:44:44 356762 43395.3777
2019:05:06 14:44:44 447693 70330.3814
2019:05:06 14:44:44 537374 86830.1243
2019:05:06 14:44:44 609375 68300.5452
2019:05:06 14:44:44 681375 66978.4695
2019:05:06 14:44:44 756512 71032.1404
2019:05:06 14:44:44 853376 68008.2180
2019:05:06 14:44:44 928552 60644.3956
2019:05:06 14:44:45 33381 76011.7248
2019:05:06 14:44:45 129371 89012.0380
2019:05:06 14:44:45 201377 64373.4485
2019:05:06 14:44:45 297373 89090.0046
2019:05:06 14:44:45 373341 43976.5677
2019:05:06 14:44:45 477786 84420.7257
2019:05:06 14:44:45 578136 68778.6303
2019:05:06 14:44:45 681379 68010.0098
2019:05:06 14:44:45 789382 72017.2487
2019:05:06 14:44:45 895573 70198.8675
2019:05:06 14:44:46 501 100020.4459
2019:05:06 14:44:46 76203 75693.3838
2019:05:06 14:44:46 181376 101072.6914
2019:05:06 14:44:46 305371 88008.2995
2019:05:06 14:44:46 409381 100139.2305
2019:05:06 14:44:46 549363 103998.3071
2019:05:06 14:44:46 632823 83451.3046
2019:05:06 14:44:46 737379 99245.2614
2019:05:06 14:44:46 812687 69288.8424
2019:05:06 14:44:46 888821 60965.1320
2019:05:06 14:44:46 964188 64709.8906
2019:05:06 14:44:47 36699 67977.1341
2019:05:06 14:44:47 115314 72915.1592
2019:05:06 14:44:47 193158 74173.9385
2019:05:06 14:44:47 266450 69629.8815
2019:05:06 14:44:47 344680 70872.7166
2019:05:06 14:44:47 436030 71279.5183
2019:05:06 14:44:47 525332 72939.4108
2019:05:06 14:44:47 597823 61870.7202
2019:05:06 14:44:47 683040 74984.0364
2019:05:06 14:44:47 776398 86413.8044
2019:05:06 14:44:47 846878 67995.2502
2019:05:06 14:44:47 932460 72478.8122
2019:05:06 14:44:48 40187 104453.8170
2019:05:06 14:44:48 110233 67180.5851
2019:05:06 14:44:48 187218 70029.1283
2019:05:06 14:44:48 258506 68022.3778
2019:05:06 14:44:48 325674 58184.8919
2019:05:06 14:44:48 409647 69643.3038
2019:05:06 14:44:48 494904 70859.2571
2019:05:06 14:44:48 557092 59420.3994
2019:05:06 14:44:48 626798 66394.8581
2019:05:06 14:44:48 709065 72465.4905
2019:05:06 14:44:48 788935 64714.5174
2019:05:06 14:44:48 870808 74537.3294
2019:05:06 14:44:48 949873 70033.8557
2019:05:06 14:44:49 25643 70470.6535
2019:05:06 14:44:49 128433 95844.1719
2019:05:06 14:44:49 189478 59793.5729
2019:05:06 14:44:49 260730 65529.0149
2019:05:06 14:44:49 355382 71707.9304
2019:05:06 14:44:49 443019 71294.3785
2019:05:06 14:44:49 523286 66757.0829
2019:05:06 14:44:49 583482 54474.3910
2019:05:06 14:44:49 660473 68804.6068
2019:05:06 14:44:49 738311 74968.8298
2019:05:06 14:44:49 804658 61845.1536
2019:05:06 14:44:49 887818 72088.7892
2019:05:06 14:44:49 964399 73742.3003
2019:05:06 14:44:50 68017 83950.7058
2019:05:06 14:44:50 140917 60181.2713
2019:05:06 14:44:50 207285 61867.1514
2019:05:06 14:44:50 309704 73297.0238
2019:05:06 14:44:50 383017 70032.8313
2019:05:06 14:44:50 501831 110188.9871
2019:05:06 14:44:50 573931 69223.9068
2019:05:06 14:44:50 655839 71667.2987
2019:05:06 14:44:50 782406 90927.2581
2019:05:06 14:44:50 884387 100343.7564
2019:05:06 14:44:50 972860 85193.3584
2019:05:06 14:44:51 76087 72918.6051
2019:05:06 14:44:51 143248 64260.6318
2019:05:06 14:44:51 229361 81175.2379
2019:05:06 14:44:51 302210 72840.7055
2019:05:06 14:44:51 369379 62310.4349
2019:05:06 14:44:51 447971 74131.4217
2019:05:06 14:44:51 545380 71975.0710
2019:05:06 14:44:51 619210 67610.5209
2019:05:06 14:44:51 704791 64712.0439
2019:05:06 14:44:51 816594 72508.4804
2019:05:06 14:44:51 914942 95484.8528
2019:05:06 14:44:51 985383 62288.1241
2019:05:06 14:44:52 64416 73345.7245
2019:05:06 14:44:52 177362 95998.5107
2019:05:06 14:44:52 257366 79994.2873
2019:05:06 14:44:52 353554 96180.4092
2019:05:06 14:44:52 423607 63095.8937
2019:05:06 14:44:52 509378 64013.1570
2019:05:06 14:44:52 645586 104229.8265
2019:05:06 14:44:52 716861 47498.9749
2019:05:06 14:44:52 801376 68011.8389
2019:05:06 14:44:52 899922 83920.5980
2019:05:06 14:44:52 976131 73331.6056
2019:05:06 14:44:53 28950 46692.6880
2019:05:06 14:44:53 115414 70448.7450
2019:05:06 14:44:53 205358 79720.4524
2019:05:06 14:44:53 308741 103374.8090
2019:05:06 14:44:53 380031 69256.4435
2019:05:06 14:44:53 472566 79191.7071
2019:05:06 14:44:53 553379 64024.7725
2019:05:06 14:44:53 647041 86436.6256
2019:05:06 14:44:53 701376 51067.0133
2019:05:06 14:44:53 787216 77932.3131
2019:05:06 14:44:53 850185 59795.5361
2019:05:06 14:44:53 935377 75356.5840
2019:05:06 14:44:54 2555 63075.9411
2019:05:06 14:44:54 97383 89095.0486
2019:05:06 14:44:54 201374 72011.9588
2019:05:06 14:44:54 327403 86865.6412
2019:05:06 14:44:54 393375 63107.9264
2019:05:06 14:44:54 462154 63498.5305
2019:05:06 14:44:54 530153 56946.5123
2019:05:06 14:44:54 601433 65949.8982
2019:05:06 14:44:54 693377 72010.2638
2019:05:06 14:44:54 752985 52425.2504
2019:05:06 14:44:54 844354 84429.7782
2019:05:06 14:44:54 915695 69294.3335
2019:05:06 14:44:54 964397 46621.9299
2019:05:06 14:44:55 50108 58414.8429
2019:05:06 14:44:55 109935 50085.4366
2019:05:06 14:44:55 163407 49166.8656
2019:05:06 14:44:55 243274 63467.5771
2019:05:06 14:44:55 307984 56099.5638
2019:05:06 14:44:55 376440 52001.0330
2019:05:06 14:44:55 444074 63989.4195
2019:05:06 14:44:55 515248 68014.7074
2019:05:06 14:44:55 575090 52462.4325
2019:05:06 14:44:55 643126 54564.5766
2019:05:06 14:44:55 714801 69629.2445
2019:05:06 14:44:55 785568 54475.1920
2019:05:06 14:44:55 851920 61035.2941
2019:05:06 14:44:55 914601 59422.1614
2019:05:06 14:44:55 974796 57716.1424
2019:05:06 14:44:56 44086 67257.5086
2019:05:06 14:44:56 103829 57312.5966
2019:05:06 14:44:56 166474 58978.3154
2019:05:06 14:44:56 248001 71301.5348
2019:05:06 14:44:56 319723 69672.7261
2019:05:06 14:44:56 381129 58915.9578
2019:05:06 14:44:56 452414 63859.0716
2019:05:06 14:44:56 524180 67689.3182
2019:05:06 14:44:56 579790 51613.4612
2019:05:06 14:44:56 649030 53270.3362
2019:05:06 14:44:56 726419 73673.7549
2019:05:06 14:44:56 793676 64678.4119
2019:05:06 14:44:56 851083 53369.1607
2019:05:06 14:44:56 912786 52326.3700
2019:05:06 14:44:56 966113 49251.1988
2019:05:06 14:44:57 73373 92199.7428
2019:05:06 14:44:57 153205 79823.5126
2019:05:06 14:44:57 248219 78843.0087
2019:05:06 14:44:57 321130 70057.6305
2019:05:06 14:44:57 413378 85704.5650
2019:05:06 14:44:57 489775 71981.8547
2019:05:06 14:44:57 541607 51824.0370
2019:05:06 14:44:57 630050 73804.1364
2019:05:06 14:44:57 700008 68831.3060
2019:05:06 14:44:57 797855 90020.8578
2019:05:06 14:44:57 868342 70477.8023
2019:05:06 14:44:57 922791 46695.7986
2019:05:06 14:44:58 4314 77016.3275
2019:05:06 14:44:58 71898 58975.5811
2019:05:06 14:44:58 130075 53266.1229
2019:05:06 14:44:58 207892 63077.0065
2019:05:06 14:44:58 276283 60603.4026
2019:05:06 14:44:58 337309 49134.7276
2019:05:06 14:44:58 405383 61111.9792
2019:05:06 14:44:58 479840 67180.6261
2019:05:06 14:44:58 553999 68410.4562
2019:05:06 14:44:58 632233 75367.0037
2019:05:06 14:44:58 695294 59786.2229
2019:05:06 14:44:58 768633 71679.0669
2019:05:06 14:44:58 823509 51208.6079
2019:05:06 14:44:58 893963 66364.1766
2019:05:06 14:44:58 948032 47927.2641
2019:05:06 14:44:59 18477 58152.0535
2019:05:06 14:44:59 84407 52011.4824
2019:05:06 14:44:59 136026 45050.7365
2019:05:06 14:44:59 223723 84023.3192
2019:05:06 14:44:59 279795 53272.9365
2019:05:06 14:44:59 362938 63087.5714
2019:05:06 14:44:59 435807 56471.9364
2019:05:06 14:44:59 500143 62664.0618
2019:05:06 14:44:59 560377 56549.4224
2019:05:06 14:44:59 622622 50370.6783
2019:05:06 14:44:59 697380 70685.1035
2019:05:06 14:44:59 773752 70442.0730
2019:05:06 14:44:59 863882 74525.6580
2019:05:06 14:44:59 949370 55999.3461
2019:05:06 14:45:00 57359 101340.2082
2019:05:06 14:45:00 143600 86225.5991
2019:05:06 14:45:00 233700 72345.9162
2019:05:06 14:45:00 293379 56407.5112
2019:05:06 14:45:00 393370 89609.3100
2019:05:06 14:45:00 489369 88939.4395
2019:05:06 14:45:00 555646 58993.5742
2019:05:06 14:45:00 645758 78190.1889
2019:05:06 14:45:00 781361 129486.5049
2019:05:06 14:45:00 877374 96004.7431
2019:05:06 14:45:00 951706 69221.4221
2019:05:06 14:45:01 54530 73160.5403
2019:05:06 14:45:01 157523 94838.7273
2019:05:06 14:45:01 301473 72089.4225
2019:05:06 14:45:01 389359 84202.6509
2019:05:06 14:45:01 468198 78826.8670
2019:05:06 14:45:01 569380 97914.3605
2019:05:06 14:45:01 641370 68733.0477
2019:05:06 14:45:01 741361 63994.3592
2019:05:06 14:45:01 815131 73761.3440
2019:05:06 14:45:01 905382 77149.4880
2019:05:06 14:45:02 5377 68012.1072
2019:05:06 14:45:02 97384 77888.4664
2019:05:06 14:45:02 164469 64289.7189
2019:05:06 14:45:02 260344 91770.1311
2019:05:06 14:45:02 324229 60237.7206
2019:05:06 14:45:02 385378 54169.0178
2019:05:06 14:45:02 457379 66397.9203
2019:05:06 14:45:02 538481 74551.6233
2019:05:06 14:45:02 641377 76013.1553
2019:05:06 14:45:02 745376 98386.6975
2019:05:06 14:45:02 837380 85490.5210
2019:05:06 14:45:02 937376 89245.6844
2019:05:06 14:45:03 33367 89421.3170
2019:05:06 14:45:03 135653 95452.1373
2019:05:06 14:45:03 225378 87274.7079
2019:05:06 14:45:03 301930 44559.7954
2019:05:06 14:45:03 385382 64019.7098
2019:05:06 14:45:03 477377 84528.3903
2019:05:06 14:45:03 553442 68435.9670
2019:05:06 14:45:03 634518 61153.1660
2019:05:06 14:45:03 757359 95996.4655
2019:05:06 14:45:03 843816 86449.2580
2019:05:06 14:45:03 915927 65572.3326
2019:05:06 14:45:03 998645 61277.7323
2019:05:06 14:45:04 85066 63703.9170
2019:05:06 14:45:04 160013 71284.2979
2019:05:06 14:45:04 237369 60002.3717
2019:05:06 14:45:04 345373 72007.7157
2019:05:06 14:45:04 427475 74923.2769
2019:05:06 14:45:04 513375 64011.2013
2019:05:06 14:45:04 613383 94527.6693
2019:05:06 14:45:04 692099 68420.5070
2019:05:06 14:45:04 757377 60399.1896
2019:05:06 14:45:04 872290 78926.8874
2019:05:06 14:45:05 31521 155936.2747
2019:05:06 14:45:05 116048 84518.4214
2019:05:06 14:45:05 201378 82099.5979
2019:05:06 14:45:05 266275 60182.5938
2019:05:06 14:45:05 346991 51501.6466
2019:05:06 14:45:05 441386 64002.6182
2019:05:06 14:45:05 557105 104449.0002
2019:05:06 14:45:05 645162 84384.2700
2019:05:06 14:45:05 705390 56552.0264
2019:05:06 14:45:05 786141 71724.0535
2019:05:06 14:45:05 855278 55066.3061
2019:05:06 14:45:05 924921 52432.0304
2019:05:06 14:45:05 979384 49156.0325
2019:05:06 14:45:06 53560 61454.0689
2019:05:06 14:45:06 119065 45701.8353
2019:05:06 14:45:06 209375 64012.9894
2019:05:06 14:45:06 305450 72939.1724
2019:05:06 14:45:06 361953 50376.8474
2019:05:06 14:45:06 457361 81065.0699
2019:05:06 14:45:06 553383 96014.6151
2019:05:06 14:45:06 626963 58563.7055
2019:05:06 14:45:06 689617 49558.7103
2019:05:06 14:45:06 748614 54097.1160
2019:05:06 14:45:06 816993 58144.3161
2019:05:06 14:45:06 937366 96002.7985
2019:05:06 14:45:07 11550 74174.7580
2019:05:06 14:45:07 97572 72895.2214
2019:05:06 14:45:07 169237 66355.1539
2019:05:06 14:45:07 269369 94816.7257
2019:05:06 14:45:07 369526 60162.8534
2019:05:06 14:45:07 465377 60013.7785
2019:05:06 14:45:07 593364 114026.8408
2019:05:06 14:45:07 693374 99998.2953
2019:05:06 14:45:07 775434 74983.7644
2019:05:06 14:45:07 897376 92681.6650
2019:05:06 14:45:07 973375 66902.0973
2019:05:06 14:45:08 85375 101050.2093
2019:05:06 14:45:08 187873 95436.1521
2019:05:06 14:45:08 321377 108021.7808
2019:05:06 14:45:08 429379 107992.1387
2019:05:06 14:45:08 566333 76962.0053
2019:05:06 14:45:08 643727 58362.4467
2019:05:06 14:45:08 741360 95168.4341
2019:05:06 14:45:08 837377 96008.9751
2019:05:06 14:45:08 909559 61442.5354
2019:05:06 14:45:08 970170 49955.2041
2019:05:06 14:45:09 85381 84026.1132
2019:05:06 14:45:09 157377 66367.0637
2019:05:06 14:45:09 235992 72089.8956
2019:05:06 14:45:09 325373 60005.0054
2019:05:06 14:45:09 417377 85957.7172
2019:05:06 14:45:09 489378 64158.2087
2019:05:06 14:45:09 569391 73722.1502
2019:05:06 14:45:09 640249 62893.4465
2019:05:06 14:45:09 702939 59020.8806
2019:05:06 14:45:09 771480 63616.4397
2019:05:06 14:45:09 831502 52396.2118
2019:05:06 14:45:09 944184 99115.7703
2019:05:06 14:45:10 34695 61328.0833
2019:05:06 14:45:10 145376 72008.3825
2019:05:06 14:45:10 222311 69645.3862
2019:05:06 14:45:10 332901 69210.9503
2019:05:06 14:45:10 421358 71993.7794
2019:05:06 14:45:10 511048 72930.5111
2019:05:06 14:45:10 605377 91445.3752
2019:05:06 14:45:10 685378 73171.1797
2019:05:06 14:45:10 781369 85173.0481
2019:05:06 14:45:10 861671 69630.1423
2019:05:06 14:45:10 918999 52834.7827
2019:05:06 14:45:11 5376 64009.5472
2019:05:06 14:45:11 73821 64719.4050
2019:05:06 14:45:11 161358 80572.9181
2019:05:06 14:45:11 257361 95994.6178
2019:05:06 14:45:11 327343 69974.5454
2019:05:06 14:45:11 461361 103996.1427
2019:05:06 14:45:11 541382 80013.3348
2019:05:06 14:45:11 659914 82548.3315
2019:05:06 14:45:11 761375 98565.1016
2019:05:06 14:45:11 865381 68003.7625
2019:05:06 14:45:11 961378 90520.5943
2019:05:06 14:45:12 49375 82256.2650
2019:05:06 14:45:12 158817 77475.5478
2019:05:06 14:45:12 237379 75727.1796
2019:05:06 14:45:12 309375 67420.4379
2019:05:06 14:45:12 384098 69674.7340
2019:05:06 14:45:12 481961 64588.4722
2019:05:06 14:45:12 567578 72095.9790
2019:05:06 14:45:12 644610 74185.4236
2019:05:06 14:45:12 729377 64013.6488
2019:05:06 14:45:12 810458 73730.8376
2019:05:06 14:45:12 882544 63492.1603
2019:05:06 14:45:12 961373 71060.5904
2019:05:06 14:45:13 69378 72004.9031
2019:05:06 14:45:13 169379 72011.4820
2019:05:06 14:45:13 253762 73059.8792
2019:05:06 14:45:13 324462 63807.5843
2019:05:06 14:45:13 381850 54113.4179
2019:05:06 14:45:13 501365 95390.5135
2019:05:06 14:45:13 599752 98377.2427
2019:05:06 14:45:13 676714 74120.1751
2019:05:06 14:45:13 757378 77811.1480
2019:05:06 14:45:13 853383 85300.3450
2019:05:06 14:45:13 936414 72506.3495
2019:05:06 14:45:14 7272 63509.2966
2019:05:06 14:45:14 56451 46739.5820
2019:05:06 14:45:14 137896 74944.5371
2019:05:06 14:45:14 209178 68383.9954
2019:05:06 14:45:14 301379 64011.3428
2019:05:06 14:45:14 379485 71618.1509
2019:05:06 14:45:14 469886 90392.1127
2019:05:06 14:45:14 543005 70660.2931
2019:05:06 14:45:14 610579 63491.0204
2019:05:06 14:45:14 685381 67457.4412
2019:05:06 14:45:14 781384 89315.3250
2019:05:06 14:45:14 850586 64727.0977
2019:05:06 14:45:14 919415 62292.8925
2019:05:06 14:45:14 977382 55138.9642
2019:05:06 14:45:15 65381 72023.8388
2019:05:06 14:45:15 177385 88027.0116
2019:05:06 14:45:15 256079 71684.3270
2019:05:06 14:45:15 328150 69226.7045
2019:05:06 14:45:15 402291 71687.2364
2019:05:06 14:45:15 482158 60789.1604
2019:05:06 14:45:15 568578 72097.5585
2019:05:06 14:45:15 663602 91334.6112
2019:05:06 14:45:15 765360 99311.7616
2019:05:06 14:45:15 885361 119992.2748
2019:05:06 14:45:15 969378 84008.3808
2019:05:06 14:45:16 73994 72628.7328
2019:05:06 14:45:16 205381 100011.7511
2019:05:06 14:45:16 329364 119394.9468
2019:05:06 14:45:16 401382 72009.3735
2019:05:06 14:45:16 529369 96002.7501
2019:05:06 14:45:16 617376 77694.9041
2019:05:06 14:45:16 717380 92509.2325
2019:05:06 14:45:16 833385 72014.2014
2019:05:06 14:45:16 945385 76018.3819
2019:05:06 14:45:17 53371 104099.9219
2019:05:06 14:45:17 169377 76010.1750
2019:05:06 14:45:17 249085 76603.0960
2019:05:06 14:45:17 353379 72011.0945
2019:05:06 14:45:17 430539 71677.1856
2019:05:06 14:45:17 533377 72013.2291
2019:05:06 14:45:17 645381 76013.5204
2019:05:06 14:45:17 753374 100852.4783
2019:05:06 14:45:17 857382 92587.5083
2019:05:06 14:45:17 937376 71844.1159
2019:05:06 14:45:18 45376 76010.1825
2019:05:06 14:45:18 124831 72922.0547
2019:05:06 14:45:18 195268 67589.7077
2019:05:06 14:45:18 273484 71263.2425
2019:05:06 14:45:18 361380 82977.4104
2019:05:06 14:45:18 465380 96043.5271
2019:05:06 14:45:18 543017 72125.7664
2019:05:06 14:45:18 653382 68013.8245
2019:05:06 14:45:18 726090 65969.4821
2019:05:06 14:45:18 802262 66779.9972
2019:05:06 14:45:18 885377 64008.9400
2019:05:06 14:45:18 964068 72506.4687
2019:05:06 14:45:19 36158 69255.0465
2019:05:06 14:45:19 133371 93513.0194
2019:05:06 14:45:19 231093 88057.7937
2019:05:06 14:45:19 325378 88126.9649
2019:05:06 14:45:19 389376 59174.0981
2019:05:06 14:45:19 497360 99573.3254
2019:05:06 14:45:19 570652 73280.9715
2019:05:06 14:45:19 661379 64014.4683
2019:05:06 14:45:19 785655 77800.5198
2019:05:06 14:45:19 881382 92454.2993
2019:05:06 14:45:19 953379 64523.2014
2019:05:06 14:45:20 25385 65248.8321
2019:05:06 14:45:20 149361 117952.7566
2019:05:06 14:45:20 245371 96001.7368
2019:05:06 14:45:20 369384 109013.7251
2019:05:06 14:45:20 477385 72029.7880
2019:05:06 14:45:20 573354 87289.7729
2019:05:06 14:45:20 651912 76582.7782
2019:05:06 14:45:20 741380 72023.9915
2019:05:06 14:45:20 860020 110990.3194
2019:05:06 14:45:20 941379 64015.3736
2019:05:06 14:45:21 38092 81440.7766
2019:05:06 14:45:21 181362 129671.5401
2019:05:06 14:45:21 293336 111965.1794
2019:05:06 14:45:21 363838 67644.8755
2019:05:06 14:45:21 438733 71678.8359
2019:05:06 14:45:21 521375 64012.2704
2019:05:06 14:45:21 617363 85644.3718
2019:05:06 14:45:21 713375 96002.5974
2019:05:06 14:45:21 809375 87623.1790
2019:05:06 14:45:21 905376 90659.4954
2019:05:06 14:45:21 980206 67971.5499
2019:05:06 14:45:22 65380 64015.8802
2019:05:06 14:45:22 165377 93423.1505
2019:05:06 14:45:22 277378 76010.5029
2019:05:06 14:45:22 355814 72496.4775
2019:05:06 14:45:22 437380 64017.2251
2019:05:06 14:45:22 515144 70442.7175
2019:05:06 14:45:22 595012 76191.4030
2019:05:06 14:45:22 689374 68010.4233
2019:05:06 14:45:22 761707 67994.5610
2019:05:06 14:45:22 831335 45974.3105
2019:05:06 14:45:22 941370 71992.6096
2019:05:06 14:45:23 77366 127674.4157
2019:05:06 14:45:23 217149 139774.2294
2019:05:06 14:45:23 321373 101364.2251
2019:05:06 14:45:23 401062 70012.2416
2019:05:06 14:45:23 500585 67216.3107
2019:05:06 14:45:23 625360 117001.2690
2019:05:06 14:45:23 745375 120007.3622
2019:05:06 14:45:23 853377 101712.4355
2019:05:06 14:45:23 949384 88767.8079
2019:05:06 14:45:24 53376 97324.8892
2019:05:06 14:45:24 149376 88908.7543
2019:05:06 14:45:24 249379 95103.5842
2019:05:06 14:45:24 357371 102325.4506
2019:05:06 14:45:24 431998 68796.5602
2019:05:06 14:45:24 521383 81752.0581
2019:05:06 14:45:24 657380 124662.5148
2019:05:06 14:45:24 765374 101164.5794
2019:05:06 14:45:24 869371 96625.1418
2019:05:06 14:45:24 949275 72905.8534
2019:05:06 14:45:25 54940 77572.7034
2019:05:06 14:45:25 153684 96296.1130
2019:05:06 14:45:25 252771 71408.0893
2019:05:06 14:45:25 350287 72920.3783
2019:05:06 14:45:25 455576 78212.4139
2019:05:06 14:45:25 538263 79073.9208
2019:05:06 14:45:25 635754 70390.5858
2019:05:06 14:45:25 757375 96021.1307
2019:05:06 14:45:25 836851 69631.7814
2019:05:06 14:45:25 925380 64017.4560
2019:05:06 14:45:26 85364 113344.4868
2019:05:06 14:45:26 185376 100003.7193
2019:05:06 14:45:26 273374 79368.0511
2019:05:06 14:45:26 358099 72745.8820
2019:05:06 14:45:26 447137 82722.6639
2019:05:06 14:45:26 565359 110031.3552
2019:05:06 14:45:26 637380 72012.6629
2019:05:06 14:45:26 745377 101612.8398
2019:05:06 14:45:26 849352 71988.3628
2019:05:06 14:45:26 973382 100012.5036
2019:05:06 14:45:27 57819 76986.3836
2019:05:06 14:45:27 158165 72793.0702
2019:05:06 14:45:27 259352 77999.3609
2019:05:06 14:45:27 349378 72013.3446
2019:05:06 14:45:27 457382 72018.4818
2019:05:06 14:45:27 538265 75778.5328
2019:05:06 14:45:27 645384 72013.9928
2019:05:06 14:45:27 725382 73666.8184
2019:05:06 14:45:27 833156 97448.7402
2019:05:06 14:45:27 913377 68013.9884
2019:05:06 14:45:28 21382 72013.8252
2019:05:06 14:45:28 133360 106057.1782
2019:05:06 14:45:28 253362 119993.7277
2019:05:06 14:45:28 336558 83188.4928
2019:05:06 14:45:28 429378 72012.7411
2019:05:06 14:45:28 506924 70854.4739
2019:05:06 14:45:28 580646 68413.4439
2019:05:06 14:45:28 666251 81462.5695
2019:05:06 14:45:28 767399 95400.1062
2019:05:06 14:45:28 865839 95980.2307
2019:05:06 14:45:28 939037 67174.0845
2019:05:06 14:45:29 21376 74142.0425
2019:05:06 14:45:29 121378 90596.4002
2019:05:06 14:45:29 213375 85100.2783
2019:05:06 14:45:29 309375 85683.4613
2019:05:06 14:45:29 417389 97023.2263
2019:05:06 14:45:29 525380 98951.9693
2019:05:06 14:45:29 606237 75753.7708
2019:05:06 14:45:29 704150 74780.2667
2019:05:06 14:45:29 821375 96021.3616
2019:05:06 14:45:29 965375 108000.6994
2019:05:06 14:45:30 61379 90601.4256
2019:05:06 14:45:30 133381 64305.4023
2019:05:06 14:45:30 252993 83620.2279
2019:05:06 14:45:30 342182 68818.4462
2019:05:06 14:45:30 403649 57470.5526
2019:05:06 14:45:30 459500 48004.5900
2019:05:06 14:45:30 524138 61840.8732
2019:05:06 14:45:30 627417 95500.6443
2019:05:06 14:45:30 679778 50811.3615
2019:05:06 14:45:30 751868 64742.4795
2019:05:06 14:45:30 819470 63912.3842
2019:05:06 14:45:30 915725 91267.1536
2019:05:06 14:45:30 992291 74140.4779
2019:05:06 14:45:31 75849 77024.4524
2019:05:06 14:45:31 162673 78609.2766
2019:05:06 14:45:31 247896 82369.6330
2019:05:06 14:45:31 365023 110191.1627
2019:05:06 14:45:31 441592 70423.3609
2019:05:06 14:45:31 516999 68444.5500
2019:05:06 14:45:31 595596 72096.0423
2019:05:06 14:45:31 685742 73333.4012
2019:05:06 14:45:31 766003 74984.6213
2019:05:06 14:45:31 852816 72073.5677
2019:05:06 14:45:31 930237 74572.0230
2019:05:06 14:45:32 66223 117566.6824
2019:05:06 14:45:32 147716 78238.2861
2019:05:06 14:45:32 239875 88072.7060
2019:05:06 14:45:32 314417 70046.1827
2019:05:06 14:45:32 389418 70103.4106
2019:05:06 14:45:32 470105 67167.9974
2019:05:06 14:45:32 547088 70051.1038
2019:05:06 14:45:32 619184 70473.0414
2019:05:06 14:45:32 699861 73733.5645
2019:05:06 14:45:32 776893 68411.8792
2019:05:06 14:45:32 851104 68498.8983
2019:05:06 14:45:32 930452 72070.4161
2019:05:06 14:45:33 14426 70436.2243
2019:05:06 14:45:33 104951 81120.7443
2019:05:06 14:45:33 185621 72437.1783
2019:05:06 14:45:33 267584 77057.4696
2019:05:06 14:45:33 354386 74136.8048
2019:05:06 14:45:33 438759 76195.0985
2019:05:06 14:45:33 544817 96222.4826
2019:05:06 14:45:33 622655 74569.9443
2019:05:06 14:45:33 696793 70471.4879
2019:05:06 14:45:33 795510 86854.2083
2019:05:06 14:45:33 874957 76613.2921
2019:05:06 14:45:33 942163 63103.4039
2019:05:06 14:45:34 10545 51121.3243
2019:05:06 14:45:34 85973 62289.0219
2019:05:06 14:45:34 191981 96173.9831
2019:05:06 14:45:34 271868 77834.2634
2019:05:06 14:45:34 365637 77799.4394
2019:05:06 14:45:34 456653 88976.0032
2019:05:06 14:45:34 547508 87611.4517
2019:05:06 14:45:34 619291 64432.3528
2019:05:06 14:45:34 705374 77133.3538
2019:05:06 14:45:34 802650 65286.2452
2019:05:06 14:45:34 897376 76015.4501
2019:05:06 14:45:35 1380 68012.2338
2019:05:06 14:45:35 76273 68840.1014
2019:05:06 14:45:35 179866 70501.5771
2019:05:06 14:45:35 276543 75179.8004
2019:05:06 14:45:35 409360 107993.8486
2019:05:06 14:45:35 497376 88007.0664
2019:05:06 14:45:35 593376 81311.1439
2019:05:06 14:45:35 685375 77620.1859
2019:05:06 14:45:35 789380 98359.1564
2019:05:06 14:45:35 885369 85379.1162
2019:05:06 14:45:35 980613 83975.6280
2019:05:06 14:45:36 83005 65635.5359
2019:05:06 14:45:36 181368 92221.5320
2019:05:06 14:45:36 254629 67999.5082
2019:05:06 14:45:36 332452 71679.2755
2019:05:06 14:45:36 413383 76420.9814
2019:05:06 14:45:36 521382 72026.6476
2019:05:06 14:45:36 617378 87493.8592
2019:05:06 14:45:36 705381 72025.6977
2019:05:06 14:45:36 778906 68830.3672
2019:05:06 14:45:36 856691 71672.7674
2019:05:06 14:45:36 949374 89386.7388
2019:05:06 14:45:37 22180 69227.5092
2019:05:06 14:45:37 104914 70024.8182
2019:05:06 14:45:37 193361 83956.2789
2019:05:06 14:45:37 289384 96013.1213
2019:05:06 14:45:37 397801 97090.7845
2019:05:06 14:45:37 492372 75008.8021
2019:05:06 14:45:37 577376 80019.6975
2019:05:06 14:45:37 645162 56924.7007
2019:05:06 14:45:37 712772 43406.4120
2019:05:06 14:45:37 797379 64024.3068
2019:05:06 14:45:37 873376 70107.2291
2019:05:06 14:45:37 969380 88323.1387
2019:05:06 14:45:38 97368 113864.1499
2019:05:06 14:45:38 193370 95991.4885
2019:05:06 14:45:38 289373 88828.5749
2019:05:06 14:45:38 392228 93800.9955
2019:05:06 14:45:38 481384 85068.6952
2019:05:06 14:45:38 560157 71686.8006
2019:05:06 14:45:38 656339 78977.0596
2019:05:06 14:45:38 741355 82094.0398
2019:05:06 14:45:38 818636 76160.5501
2019:05:06 14:45:38 901373 64019.9967
2019:05:06 14:45:38 972675 64738.8920
2019:05:06 14:45:39 69375 89771.7588
2019:05:06 14:45:39 145374 69120.8504
2019:05:06 14:45:39 214702 62279.2803
2019:05:06 14:45:39 288025 64747.9892
2019:05:06 14:45:39 369383 64018.7450
2019:05:06 14:45:39 447350 72912.0225
2019:05:06 14:45:39 538676 73307.3056
2019:05:06 14:45:39 628375 70935.9124
2019:05:06 14:45:39 711938 77814.7280
2019:05:06 14:45:39 795550 80772.6644
2019:05:06 14:45:39 865114 56502.3981
2019:05:06 14:45:39 963838 83161.9352
2019:05:06 14:45:40 38388 71700.6065
2019:05:06 14:45:40 108389 66754.2852
2019:05:06 14:45:40 182115 71666.0842
2019:05:06 14:45:40 254206 69627.8028
2019:05:06 14:45:40 353377 95443.9789
2019:05:06 14:45:40 425374 68372.0782
2019:05:06 14:45:40 553359 123449.0015
2019:05:06 14:45:40 641382 88014.6362
2019:05:06 14:45:40 737378 90385.4892
2019:05:06 14:45:40 806360 67210.8419
2019:05:06 14:45:40 900523 67169.5583
2019:05:06 14:45:40 986129 81084.3892
2019:05:06 14:45:41 61908 72495.6505
2019:05:06 14:45:41 160663 79291.9546
2019:05:06 14:45:41 265375 72014.6820
2019:05:06 14:45:41 357376 86099.4421
2019:05:06 14:45:41 428503 66351.4696
2019:05:06 14:45:41 521378 88379.7817
2019:05:06 14:45:41 605065 77843.8412
2019:05:06 14:45:41 701379 72014.4883
2019:05:06 14:45:41 809443 68075.3849
2019:05:06 14:45:41 945363 131446.5106
2019:05:06 14:45:42 28145 82772.8361
2019:05:06 14:45:42 129360 83999.1160
2019:05:06 14:45:42 225372 96003.7410
2019:05:06 14:45:42 298478 66363.2862
2019:05:06 14:45:42 397385 95251.6906
2019:05:06 14:45:42 489377 84020.4842
2019:05:06 14:45:42 593380 92997.6404
2019:05:06 14:45:42 689376 88230.2634
2019:05:06 14:45:42 797381 72017.2264
2019:05:06 14:45:42 872293 70874.9853
2019:05:06 14:45:42 951332 74962.5638
2019:05:06 14:45:43 77387 108031.4405
2019:05:06 14:45:43 177359 93301.3111
2019:05:06 14:45:43 249537 72169.0655
2019:05:06 14:45:43 357378 101712.9347
2019:05:06 14:45:43 485370 112150.1476
2019:05:06 14:45:43 549389 64010.1768
2019:05:06 14:45:43 622675 67199.0439
2019:05:06 14:45:43 721379 72011.2063
2019:05:06 14:45:43 827488 70117.9318
2019:05:06 14:45:43 899957 67997.4183
2019:05:06 14:45:44 5379 76010.4023
2019:05:06 14:45:44 87531 78227.4604
2019:05:06 14:45:44 189387 68024.9557
2019:05:06 14:45:44 278408 77411.8975
2019:05:06 14:45:44 416429 129022.1289
2019:05:06 14:45:44 521362 101671.3828
2019:05:06 14:45:44 617375 96003.9049
2019:05:06 14:45:44 721377 68009.0711
2019:05:06 14:45:44 821374 93611.4453
2019:05:06 14:45:44 921037 92150.1219
2019:05:06 14:45:45 85364 129108.4401
2019:05:06 14:45:45 192209 106835.4845
2019:05:06 14:45:45 293773 98328.0316
2019:05:06 14:45:45 389381 64014.9452
2019:05:06 14:45:45 489376 94056.5094
2019:05:06 14:45:45 562035 65961.9011
2019:05:06 14:45:45 653384 64019.6390
2019:05:06 14:45:45 749379 85725.4118
2019:05:06 14:45:45 856112 95832.5826
2019:05:06 14:45:45 964267 82897.1639
2019:05:06 14:45:46 85385 94010.6213
2019:05:06 14:45:46 193377 68012.4499
2019:05:06 14:45:46 270201 72104.2715
2019:05:06 14:45:46 365377 90657.6216
2019:05:06 14:45:46 431991 63503.8130
2019:05:06 14:45:46 525376 85607.3871
2019:05:06 14:45:46 653359 122245.8519
2019:05:06 14:45:46 756418 103041.3657
2019:05:06 14:45:46 845371 84471.1177
2019:05:06 14:45:46 925170 74130.2855
2019:05:06 14:45:47 10758 69397.2297
2019:05:06 14:45:47 121379 76014.1611
2019:05:06 14:45:47 237362 109428.7820
2019:05:06 14:45:47 333380 96008.9080
2019:05:06 14:45:47 445349 75992.9642
2019:05:06 14:45:47 545377 95957.2271
2019:05:06 14:45:47 656270 74898.5149
2019:05:06 14:45:47 739849 79483.1179
2019:05:06 14:45:47 837388 94294.6263
2019:05:06 14:45:47 936430 83963.7183
2019:05:06 14:45:47 999093 59796.7654
2019:05:06 14:45:48 85372 80941.0401
2019:05:06 14:45:48 181765 68401.3292
2019:05:06 14:45:48 278021 68658.9926
2019:05:06 14:45:48 369378 64015.4481
2019:05:06 14:45:48 439794 64706.9365
2019:05:06 14:45:48 529357 63990.1832
2019:05:06 14:45:48 608140 74970.0442
2019:05:06 14:45:48 699089 65724.7566
2019:05:06 14:45:48 775675 72117.6229
2019:05:06 14:45:48 867831 74468.3929
2019:05:06 14:45:48 948083 76183.4458
2019:05:06 14:45:49 65380 114830.9149
2019:05:06 14:45:49 153370 83047.0361
2019:05:06 14:45:49 241359 79876.4564
2019:05:06 14:45:49 341383 72013.7991
2019:05:06 14:45:49 421379 74348.4944
2019:05:06 14:45:49 544028 112204.0898
2019:05:06 14:45:49 633379 86084.4068
2019:05:06 14:45:49 749640 80274.0790
2019:05:06 14:45:49 854102 73319.6177
2019:05:06 14:45:49 960184 84750.9131
2019:05:06 14:45:50 97379 112023.7559
2019:05:06 14:45:50 212113 107354.0524
2019:05:06 14:45:50 319843 104493.1300
2019:05:06 14:45:50 398440 74968.7627
2019:05:06 14:45:50 500057 74703.8759
2019:05:06 14:45:50 585355 81668.5595
2019:05:06 14:45:50 681374 94530.5713
2019:05:06 14:45:50 758058 72060.9389
2019:05:06 14:45:50 841380 64018.1713
2019:05:06 14:45:50 937379 87984.8637
2019:05:06 14:45:51 33374 88548.9471
2019:05:06 14:45:51 121382 76624.6058
2019:05:06 14:45:51 229388 72022.1512
2019:05:06 14:45:51 302823 69654.9527
2019:05:06 14:45:51 401522 76157.5848
2019:05:06 14:45:51 519884 88469.5947
2019:05:06 14:45:51 625376 101421.5313
2019:05:06 14:45:51 721373 89291.6620
2019:05:06 14:45:51 817378 80425.9405
2019:05:06 14:45:51 916357 83567.2729
2019:05:06 14:45:51 997387 76122.1536
2019:05:06 14:45:52 97386 64019.6279
2019:05:06 14:45:52 193380 84931.3810
2019:05:06 14:45:52 298915 94599.7611
2019:05:06 14:45:52 405377 104444.9881
2019:05:06 14:45:52 513385 72021.8159
2019:05:06 14:45:52 609381 81507.8467
2019:05:06 14:45:52 705378 81212.7180
2019:05:06 14:45:52 817373 103926.7592
2019:05:06 14:45:52 925372 98053.9620
2019:05:06 14:45:53 25371 91986.6376
2019:05:06 14:45:53 141381 109270.7813
2019:05:06 14:45:53 237377 84828.4513
2019:05:06 14:45:53 317610 69645.1366
2019:05:06 14:45:53 425305 79948.7866
2019:05:06 14:45:53 524013 75356.6064
2019:05:06 14:45:53 637375 96014.1122
2019:05:06 14:45:53 716918 73723.1486
2019:05:06 14:45:53 821371 101589.4040
2019:05:06 14:45:53 937381 105766.1064
2019:05:06 14:45:54 65376 96021.5665
2019:05:06 14:45:54 173387 101324.3683
2019:05:06 14:45:54 253489 72479.4008
2019:05:06 14:45:54 354659 73304.3775
2019:05:06 14:45:54 463175 73810.8568
2019:05:06 14:45:54 536914 68779.2674
2019:05:06 14:45:54 645376 100285.6791
2019:05:06 14:45:54 773363 91997.4297
2019:05:06 14:45:54 881375 108002.8974
2019:05:06 14:45:54 969377 82276.8770
2019:05:06 14:45:55 73382 98222.0098
2019:05:06 14:45:55 185709 101179.0670
2019:05:06 14:45:55 261885 69660.2948
2019:05:06 14:45:55 397361 107996.4153
2019:05:06 14:45:55 501362 103990.5883
2019:05:06 14:45:55 584214 82843.6986
2019:05:06 14:45:55 685391 76022.1519
2019:05:06 14:45:55 805361 115480.0802
2019:05:06 14:45:55 897378 92009.5071
2019:05:06 14:45:55 970053 67592.3526
2019:05:06 14:45:56 73371 97195.8265
2019:05:06 14:45:56 149450 70072.7999
2019:05:06 14:45:56 241383 69024.5479
2019:05:06 14:45:56 325386 79274.9226
2019:05:06 14:45:56 420609 67244.7048
2019:05:06 14:45:56 520518 92125.8926
2019:05:06 14:45:56 613393 89200.9065
2019:05:06 14:45:56 709389 90152.4797
2019:05:06 14:45:56 825385 108262.1776
2019:05:06 14:45:56 908017 75529.6946
2019:05:06 14:45:57 16615 83234.4182
2019:05:06 14:45:57 141392 100030.8804
2019:05:06 14:45:57 225414 77407.8406
2019:05:06 14:45:57 304894 72487.3282
2019:05:06 14:45:57 397387 88826.6973
2019:05:06 14:45:57 474423 69613.6095
2019:05:06 14:45:57 601393 96011.0985
2019:05:06 14:45:57 665390 59491.4258
2019:05:06 14:45:57 752542 82332.7154
2019:05:06 14:45:57 853393 72012.5027
2019:05:06 14:45:57 934853 72545.8078
2019:05:06 14:45:58 25388 64003.7544
2019:05:06 14:45:58 94999 59393.3538
2019:05:06 14:45:58 170830 62703.4120
2019:05:06 14:45:58 253397 64028.1662
2019:05:06 14:45:58 364555 100369.4758
2019:05:06 14:45:58 433772 65139.6401
2019:05:06 14:45:58 521396 81928.1526
2019:05:06 14:45:58 621391 68014.2641
2019:05:06 14:45:58 700026 74191.6522
2019:05:06 14:45:58 795559 70185.8960
2019:05:06 14:45:58 898625 73244.5642
2019:05:06 14:45:58 989964 64587.6303
2019:05:06 14:45:59 60847 65156.9292
2019:05:06 14:45:59 155032 81658.7545
2019:05:06 14:45:59 248800 67754.6933
2019:05:06 14:45:59 333389 80496.1473
2019:05:06 14:45:59 413393 69132.3578
2019:05:06 14:45:59 484760 65594.3453
2019:05:06 14:45:59 555176 67145.9809
2019:05:06 14:45:59 669369 95993.8355
2019:05:06 14:45:59 739896 70514.7721
2019:05:06 14:46:00 99387 347210.9921
2019:05:06 14:46:00 177541 78136.8539
2019:05:06 14:46:00 264651 67277.5246
2019:05:06 14:46:00 342043 71284.1973
2019:05:06 14:46:00 424798 73322.4601
2019:05:06 14:46:00 524297 70923.6860
2019:05:06 14:46:00 617243 67878.9094
2019:05:06 14:46:00 705388 84848.3220
2019:05:06 14:46:00 784782 72508.6443
2019:05:06 14:46:00 873381 60019.8284
2019:05:06 14:46:01 1374 89206.9675
2019:05:06 14:46:01 98958 65594.5055
2019:05:06 14:46:01 181373 77955.8048
2019:05:06 14:46:01 293377 105171.0099
2019:05:06 14:46:01 389380 89334.9685
2019:05:06 14:46:01 529384 108018.3089
2019:05:06 14:46:01 605170 70462.7633
2019:05:06 14:46:01 694461 74506.9459
2019:05:06 14:46:01 792764 71401.4731
2019:05:06 14:46:01 881374 84527.9470
2019:05:06 14:46:01 973375 85190.0093
2019:05:06 14:46:02 77362 93329.1130
2019:05:06 14:46:02 181359 103988.0589
2019:05:06 14:46:02 248646 67275.8147
2019:05:06 14:46:02 353378 76017.3760
2019:05:06 14:46:02 464463 102398.4030
2019:05:06 14:46:02 532874 66352.1588
2019:05:06 14:46:02 624616 67262.0796
2019:05:06 14:46:02 750769 90526.6963
2019:05:06 14:46:02 860127 74760.1353
2019:05:06 14:46:02 955152 92137.1393
2019:05:06 14:46:03 52235 94636.2615
2019:05:06 14:46:03 159535 70872.1764
2019:05:06 14:46:03 249245 63883.3568
2019:05:06 14:46:03 337277 84354.8551
2019:05:06 14:46:03 397380 56828.7931
2019:05:06 14:46:03 533382 128096.9381
2019:05:06 14:46:03 652675 83310.5743
2019:05:06 14:46:03 747691 70330.3888
2019:05:06 14:46:03 846410 95014.9707
2019:05:06 14:46:03 937374 80730.7772
2019:05:06 14:46:04 53364 101302.8920
2019:05:06 14:46:04 125747 72373.5206
2019:05:06 14:46:04 193724 65533.8094
2019:05:06 14:46:04 275660 71696.3559
2019:05:06 14:46:04 353060 74146.6470
2019:05:06 14:46:04 441369 72006.7844
2019:05:06 14:46:04 513380 63677.3221
2019:05:06 14:46:04 625380 76015.4128
2019:05:06 14:46:04 702025 72104.1821
2019:05:06 14:46:04 817376 96013.4827
2019:05:06 14:46:04 884275 63075.8964
2019:05:06 14:46:05 21374 108008.9062
2019:05:06 14:46:05 115692 58326.9671
2019:05:06 14:46:05 188193 65539.5426
2019:05:06 14:46:05 272151 66787.7533
2019:05:06 14:46:05 369380 72013.9183
2019:05:06 14:46:05 476146 78779.7533
2019:05:06 14:46:05 569362 89951.5860
2019:05:06 14:46:05 669506 100135.9448
2019:05:06 14:46:05 773378 76013.9264
2019:05:06 14:46:05 881372 72009.0009
2019:05:06 14:46:06 1354 83989.4824
2019:05:06 14:46:06 61381 59279.2220
2019:05:06 14:46:06 161840 86005.9671
2019:05:06 14:46:06 253373 84581.4534
2019:05:06 14:46:06 365376 106058.9626
2019:05:06 14:46:06 503830 98464.3213
2019:05:06 14:46:06 625374 119466.5097
2019:05:06 14:46:06 717241 51870.7260
2019:05:06 14:46:06 813378 87958.5259
2019:05:06 14:46:06 885160 66771.9245
2019:05:06 14:46:06 965431 74113.7303
2019:05:06 14:46:07 39173 69235.5484
2019:05:06 14:46:07 145360 97578.7379
2019:05:06 14:46:07 245370 100001.3985
2019:05:06 14:46:07 319329 70042.7070
2019:05:06 14:46:07 407394 66030.9382
2019:05:06 14:46:07 517383 76019.0859
2019:05:06 14:46:07 616279 92967.9833
2019:05:06 14:46:07 703096 79456.8360
2019:05:06 14:46:07 841360 133306.6635
2019:05:06 14:46:07 914042 72673.3953
2019:05:06 14:46:08 29378 92404.0489
2019:05:06 14:46:08 117213 72922.0733
2019:05:06 14:46:08 225388 101654.9915
2019:05:06 14:46:08 335502 74146.4496
2019:05:06 14:46:08 429374 88520.9143
2019:05:06 14:46:08 537376 97004.3018
2019:05:06 14:46:08 613196 70045.2104
2019:05:06 14:46:08 709377 64011.0932
2019:05:06 14:46:08 811036 95861.1779
2019:05:06 14:46:08 893355 80290.3138
2019:05:06 14:46:08 989378 92331.3014
2019:05:06 14:46:09 93385 100515.0713
2019:05:06 14:46:09 193359 96856.3929
2019:05:06 14:46:09 276315 82947.8614
2019:05:06 14:46:09 401361 99998.6902
2019:05:06 14:46:09 501380 100010.6968
2019:05:06 14:46:09 576121 67548.3607
2019:05:06 14:46:09 674854 70466.9990
2019:05:06 14:46:09 769038 71675.5688
2019:05:06 14:46:09 861376 64008.1577
2019:05:06 14:46:09 973380 76019.2238
2019:05:06 14:46:10 64380 83593.3350
2019:05:06 14:46:10 157370 84844.8426
2019:05:06 14:46:10 235558 71286.7342
2019:05:06 14:46:10 333380 72013.5830
2019:05:06 14:46:10 441377 72012.1227
2019:05:06 14:46:10 545361 95569.0257
2019:05:06 14:46:10 625132 79762.0267
2019:05:06 14:46:10 741362 91997.9140
2019:05:06 14:46:10 849381 108012.0467
2019:05:06 14:46:10 923308 68412.2071
2019:05:06 14:46:11 33384 76023.1316
2019:05:06 14:46:11 113757 69626.7933
2019:05:06 14:46:11 253362 107998.3823
2019:05:06 14:46:11 345372 92001.0917
2019:05:06 14:46:11 445370 94874.8328
2019:05:06 14:46:11 561470 80103.7699
2019:05:06 14:46:11 661362 97855.5121
2019:05:06 14:46:11 736371 74998.1701
2019:05:06 14:46:11 853360 95998.8497
2019:05:06 14:46:11 919862 66493.0008
2019:05:06 14:46:12 28014 74647.1770
2019:05:06 14:46:12 117377 86126.3499
2019:05:06 14:46:12 245353 120716.5197
2019:05:06 14:46:12 320830 73722.5078
2019:05:06 14:46:12 417386 72019.4392
2019:05:06 14:46:12 532610 108977.2061
2019:05:06 14:46:12 633374 97508.3299
2019:05:06 14:46:12 729375 92741.8210
2019:05:06 14:46:12 807418 70420.9767
2019:05:06 14:46:12 893379 80620.3410
2019:05:06 14:46:12 973224 74864.8867
2019:05:06 14:46:13 105356 103989.9960
2019:05:06 14:46:13 193367 88000.0517
2019:05:06 14:46:13 285380 92003.9341
2019:05:06 14:46:13 393382 72015.0284
2019:05:06 14:46:13 485378 64006.9954
2019:05:06 14:46:13 633360 92001.1289
2019:05:06 14:46:13 745360 111991.2490
2019:05:06 14:46:13 853382 108014.1626
2019:05:06 14:46:13 933787 74974.7492
2019:05:06 14:46:14 33367 83616.6777
2019:05:06 14:46:14 137371 103994.0156
2019:05:06 14:46:14 215992 71703.9667
2019:05:06 14:46:14 288099 66810.7159
2019:05:06 14:46:14 369162 63800.2232
2019:05:06 14:46:14 460497 79855.0397
2019:05:06 14:46:14 557976 68613.4398
2019:05:06 14:46:14 655868 84369.7675
2019:05:06 14:46:14 805363 127999.5628
2019:05:06 14:46:14 884433 79057.9505
2019:05:06 14:46:14 956530 69237.2024
2019:05:06 14:46:15 77378 92011.9286
2019:05:06 14:46:15 156416 71278.3635
2019:05:06 14:46:15 269379 96024.1854
2019:05:06 14:46:15 369363 95565.5873
2019:05:06 14:46:15 443129 73757.7379
2019:05:06 14:46:15 549377 72014.3653
2019:05:06 14:46:15 624144 67589.0669
2019:05:06 14:46:15 717370 72005.2905
2019:05:06 14:46:15 802725 78623.0564
2019:05:06 14:46:15 917355 95997.9855
2019:05:06 14:46:16 35797 117992.2558
2019:05:06 14:46:16 149362 110720.8170
2019:05:06 14:46:16 221377 72005.9164
2019:05:06 14:46:16 301381 73493.4881
2019:05:06 14:46:16 376173 68541.5640
2019:05:06 14:46:16 449467 67194.7487
2019:05:06 14:46:16 543255 65892.7485
2019:05:06 14:46:16 616984 68001.7471
2019:05:06 14:46:16 741374 96006.6915
2019:05:06 14:46:16 851271 69901.9358
2019:05:06 14:46:16 941385 86443.7819
2019:05:06 14:46:17 45361 97046.1257
2019:05:06 14:46:17 129802 84432.9335
2019:05:06 14:46:17 249360 91994.1291
2019:05:06 14:46:17 345377 96009.8207
2019:05:06 14:46:17 452149 64282.4806
2019:05:06 14:46:17 549373 89053.3663
2019:05:06 14:46:17 623766 68010.8666
2019:05:06 14:46:17 709374 64007.3791
2019:05:06 14:46:17 805374 90702.2059
2019:05:06 14:46:17 901375 89221.4403
2019:05:06 14:46:17 982972 77424.2021
2019:05:06 14:46:18 77371 85797.3024
2019:05:06 14:46:18 205360 117132.9506
2019:05:06 14:46:18 281133 75763.7098
2019:05:06 14:46:18 352404 68420.4102
2019:05:06 14:46:18 426150 69657.2624
2019:05:06 14:46:18 513359 81071.6674
2019:05:06 14:46:18 582208 68841.8746
2019:05:06 14:46:18 653916 63112.3781
2019:05:06 14:46:18 737357 63993.7483
2019:05:06 14:46:18 804625 67259.3117
2019:05:06 14:46:18 880797 47431.3572
2019:05:06 14:46:18 969373 72001.2002
2019:05:06 14:46:19 73376 68011.1051
2019:05:06 14:46:19 164627 81486.8473
2019:05:06 14:46:19 246144 64790.8263
2019:05:06 14:46:19 349360 95056.5077
2019:05:06 14:46:19 429619 80248.7992
2019:05:06 14:46:19 565357 107991.6246
2019:05:06 14:46:19 659430 93023.1288
2019:05:06 14:46:19 755655 90126.1903
2019:05:06 14:46:19 829386 68830.7956
2019:05:06 14:46:19 929755 72386.4138
2019:05:06 14:46:20 43607 82229.4205
2019:05:06 14:46:20 125379 64011.8420
2019:05:06 14:46:20 221371 82349.2669
2019:05:06 14:46:20 329375 107995.0556
2019:05:06 14:46:20 404472 67586.7721
2019:05:06 14:46:20 480626 68808.9281
2019:05:06 14:46:20 561373 64011.1379
2019:05:06 14:46:20 657375 85379.0902
2019:05:06 14:46:20 769376 100334.7002
2019:05:06 14:46:20 845174 69195.2519
2019:05:06 14:46:20 945371 92850.9310
2019:05:06 14:46:21 23348 73342.0886
2019:05:06 14:46:21 109378 68015.8734
2019:05:06 14:46:21 205376 90714.0300
2019:05:06 14:46:21 282260 72185.6952
2019:05:06 14:46:21 364950 74091.8517
2019:05:06 14:46:21 425987 49151.8155
2019:05:06 14:46:21 504229 68838.0040
2019:05:06 14:46:21 591462 70107.4488
2019:05:06 14:46:21 681375 87471.3324
2019:05:06 14:46:21 796264 78897.1297
2019:05:06 14:46:21 864643 65123.2973
2019:05:06 14:46:21 941659 71708.6755
2019:05:06 14:46:22 12900 63476.6296
2019:05:06 14:46:22 89378 73608.5325
2019:05:06 14:46:22 161379 66959.1837
2019:05:06 14:46:22 257376 89644.9313
2019:05:06 14:46:22 369377 80011.2411
2019:05:06 14:46:22 447079 72105.4934
2019:05:06 14:46:22 533377 68013.4483
2019:05:06 14:46:22 633359 94142.1129
2019:05:06 14:46:22 733371 100004.6283
2019:05:06 14:46:22 845357 104228.2209
2019:05:06 14:46:22 917384 72016.9060
2019:05:06 14:46:23 25372 99510.6399
2019:05:06 14:46:23 96267 65547.6376
2019:05:06 14:46:23 174887 65516.4495
2019:05:06 14:46:23 265377 77359.0617
2019:05:06 14:46:23 342030 70486.1470
2019:05:06 14:46:23 445375 72012.6703
2019:05:06 14:46:23 545375 91558.1807
2019:05:06 14:46:23 622980 71278.4380
2019:05:06 14:46:23 709374 68009.4808
2019:05:06 14:46:23 805380 60007.5871
2019:05:06 14:46:23 875713 64321.8011
2019:05:06 14:46:23 943272 64322.0916
2019:05:06 14:46:24 1025 52436.1990
2019:05:06 14:46:24 81719 64359.7245
2019:05:06 14:46:24 181375 72003.4353
2019:05:06 14:46:24 255809 67212.9467
2019:05:06 14:46:24 353278 67187.3540
2019:05:06 14:46:24 447891 74526.7905
2019:05:06 14:46:24 556016 82648.1171
2019:05:06 14:46:24 662515 73147.1814
2019:05:06 14:46:24 734588 67959.3608
2019:05:06 14:46:24 845380 72015.5761
2019:05:06 14:46:24 922602 71253.1805
2019:05:06 14:46:24 994703 70450.3693
2019:05:06 14:46:25 84001 85628.4089
2019:05:06 14:46:25 193376 102435.2573
2019:05:06 14:46:25 267093 63877.7986
2019:05:06 14:46:25 373376 97681.5261
2019:05:06 14:46:25 455492 75385.4215
2019:05:06 14:46:25 577360 95993.4145
2019:05:06 14:46:25 669376 92007.1341
2019:05:06 14:46:25 813374 108004.3577
2019:05:06 14:46:25 924070 74705.6305
2019:05:06 14:46:26 30126 99521.2384
2019:05:06 14:46:26 124946 91548.3683
2019:05:06 14:46:26 261361 136406.0566
2019:05:06 14:46:26 336915 75545.1545
2019:05:06 14:46:26 412678 73322.3557
2019:05:06 14:46:26 524500 97034.6667
2019:05:06 14:46:26 613363 86011.9388
2019:05:06 14:46:26 704292 90918.5149
2019:05:06 14:46:26 774748 67992.1210
2019:05:06 14:46:26 841536 58615.7031
2019:05:06 14:46:26 912405 63920.3601
2019:05:06 14:46:26 978746 58978.8705
2019:05:06 14:46:27 73386 76023.8357
2019:05:06 14:46:27 169376 59998.7954
2019:05:06 14:46:27 277380 93156.9897
2019:05:06 14:46:27 373373 90705.4581
2019:05:06 14:46:27 457379 78061.3162
2019:05:06 14:46:27 549378 76668.3221
2019:05:06 14:46:27 626302 64938.4521
2019:05:06 14:46:27 715187 75780.6599
2019:05:06 14:46:27 805376 81159.4501
2019:05:06 14:46:27 879449 58993.2501
2019:05:06 14:46:27 965385 64022.8949
2019:05:06 14:46:28 49422 79057.5668
2019:05:06 14:46:28 157381 80014.9702
2019:05:06 14:46:28 239459 76602.8240
2019:05:06 14:46:28 348417 83049.6512
2019:05:06 14:46:28 444708 71339.0931
2019:05:06 14:46:28 542995 94222.7058
2019:05:06 14:46:28 617126 70864.3347
2019:05:06 14:46:28 777361 128000.3525
2019:05:06 14:46:28 852611 75235.1396
2019:05:06 14:46:28 925936 70050.1539
2019:05:06 14:46:29 29359 71988.4224
2019:05:06 14:46:29 125368 95685.9477
2019:05:06 14:46:29 225390 100009.4116
2019:05:06 14:46:29 333385 96931.4389
2019:05:06 14:46:29 411756 70901.0586
2019:05:06 14:46:29 533368 95998.2462
2019:05:06 14:46:29 637371 103988.5767
2019:05:06 14:46:29 733367 95986.1279
2019:05:06 14:46:29 829390 96011.1879
2019:05:06 14:46:29 961371 99994.8047
2019:05:06 14:46:30 57364 95979.7651
2019:05:06 14:46:30 165361 101497.4490
2019:05:06 14:46:30 247756 82379.6205
2019:05:06 14:46:30 345390 72011.9104
2019:05:06 14:46:30 424289 72458.4498
2019:05:06 14:46:30 497610 70462.1486
2019:05:06 14:46:30 568047 67606.9036
2019:05:06 14:46:30 629086 58581.2218
2019:05:06 14:46:30 711014 70431.2809
2019:05:06 14:46:30 789269 72513.6064
2019:05:06 14:46:30 889393 72018.0608
2019:05:06 14:46:31 21368 95994.3756
2019:05:06 14:46:31 120594 99214.0062
2019:05:06 14:46:31 216014 74644.6736
2019:05:06 14:46:31 325390 106924.4631
2019:05:06 14:46:31 409387 72532.8624
2019:05:06 14:46:31 505973 76598.5437
2019:05:06 14:46:31 599784 74413.8919
2019:05:06 14:46:31 676012 73731.5007
2019:05:06 14:46:31 768147 74777.2716
2019:05:06 14:46:31 853393 82395.2034
2019:05:06 14:46:31 973392 108583.8452
2019:05:06 14:46:32 69393 85354.3654
2019:05:06 14:46:32 173383 92019.2599
2019:05:06 14:46:32 281384 103652.1271
2019:05:06 14:46:32 381402 64024.3702
2019:05:06 14:46:32 468111 75753.6441
2019:05:06 14:46:32 573364 87999.8729
2019:05:06 14:46:32 681377 108004.0671
2019:05:06 14:46:32 767524 74547.2349
2019:05:06 14:46:32 859261 73898.0062
2019:05:06 14:46:32 941380 78650.9365
2019:05:06 14:46:33 52988 104439.5231
2019:05:06 14:46:33 149374 92713.3858
2019:05:06 14:46:33 249374 89482.8774
2019:05:06 14:46:33 361372 103589.3299
2019:05:06 14:46:33 458089 64729.9066
2019:05:06 14:46:33 528544 60634.4640
2019:05:06 14:46:33 622718 61352.5249
2019:05:06 14:46:33 725362 97301.2671
2019:05:06 14:46:33 819761 94389.9304
2019:05:06 14:46:33 895506 72910.3088
2019:05:06 14:46:33 969379 68163.5030
2019:05:06 14:46:34 85383 96501.9092
2019:05:06 14:46:34 162159 69640.1820
2019:05:06 14:46:34 258564 91069.0315
2019:05:06 14:46:34 349380 64018.6034
2019:05:06 14:46:34 449376 93070.2984
2019:05:06 14:46:34 557368 102348.2978
2019:05:06 14:46:34 657377 100000.0760
2019:05:06 14:46:34 756475 94624.2437
2019:05:06 14:46:34 853373 93218.6022
2019:05:06 14:46:34 928138 69255.9853
2019:05:06 14:46:35 2277 68017.0059
2019:05:06 14:46:35 97272 71909.2712
2019:05:06 14:46:35 169395 69225.1325
2019:05:06 14:46:35 253748 80692.3583
2019:05:06 14:46:35 328707 68397.9914
2019:05:06 14:46:35 457372 100005.1573
2019:05:06 14:46:35 562570 73205.5865
2019:05:06 14:46:35 661380 76014.5001
2019:05:06 14:46:35 776791 107320.1336
2019:05:06 14:46:35 873379 93741.4914
2019:05:06 14:46:35 969371 91437.1200
2019:05:06 14:46:36 89709 97867.7496
2019:05:06 14:46:36 168745 76181.5682
2019:05:06 14:46:36 284659 83302.5426
2019:05:06 14:46:36 401379 96018.2399
2019:05:06 14:46:36 478804 70030.5887
2019:05:06 14:46:36 585377 72006.3411
2019:05:06 14:46:36 687473 93996.7111
2019:05:06 14:46:36 813362 120749.9690
2019:05:06 14:46:36 967846 154476.3595
2019:05:06 14:46:37 57556 65523.6319
2019:05:06 14:46:37 137378 65062.3515
2019:05:06 14:46:37 211974 67188.9707
2019:05:06 14:46:37 302485 69118.8462
2019:05:06 14:46:37 396267 84364.3695
2019:05:06 14:46:37 469577 70052.1767
2019:05:06 14:46:37 561381 87296.9776
2019:05:06 14:46:37 645376 76019.4845
2019:05:06 14:46:37 756686 75321.6520
2019:05:06 14:46:37 857125 96802.7823
2019:05:06 14:46:37 945379 80567.4680
2019:05:06 14:46:38 33377 82108.5647
2019:05:06 14:46:38 133378 90779.7590
2019:05:06 14:46:38 233374 94125.1554
2019:05:06 14:46:38 329369 86033.7466
2019:05:06 14:46:38 429372 93070.8498
2019:05:06 14:46:38 573363 133410.3122
2019:05:06 14:46:38 657375 84001.7237
2019:05:06 14:46:38 753374 84498.4092
2019:05:06 14:46:38 861378 72486.2330
2019:05:06 14:46:38 940038 68007.0445
2019:05:06 14:46:39 37386 68020.3587
2019:05:06 14:46:39 137463 85589.8969
2019:05:06 14:46:39 225382 76460.0560
2019:05:06 14:46:39 321373 90131.3275
2019:05:06 14:46:39 447914 120013.0880
2019:05:06 14:46:39 529822 79445.6787
2019:05:06 14:46:39 641377 98020.1773
2019:05:06 14:46:39 723577 76203.5735
2019:05:06 14:46:39 857360 107990.9839
2019:05:06 14:46:39 951729 94359.1483
2019:05:06 14:46:40 49375 85360.1471
2019:05:06 14:46:40 181358 123572.5135
2019:05:06 14:46:40 285376 104009.8853
2019:05:06 14:46:40 381386 81528.6040
2019:05:06 14:46:40 445379 60715.8840
2019:05:06 14:46:40 516944 67185.4764
2019:05:06 14:46:40 617378 72008.9227
2019:05:06 14:46:40 696741 74551.2620
2019:05:06 14:46:40 765977 66377.2710
2019:05:06 14:46:40 851975 66615.2053
2019:05:06 14:46:40 985354 103991.3706
2019:05:06 14:46:41 97383 112019.7624
2019:05:06 14:46:41 169380 60186.7661
2019:05:06 14:46:41 273376 97421.4301
2019:05:06 14:46:41 413377 104009.8034
2019:05:06 14:46:41 490938 66800.0430
2019:05:06 14:46:41 605359 93143.6829
2019:05:06 14:46:41 679731 74364.9118
2019:05:06 14:46:41 765380 60639.7055
2019:05:06 14:46:41 871856 90966.9101
2019:05:06 14:46:41 964394 90406.3210
2019:05:06 14:46:42 49381 81720.3149
2019:05:06 14:46:42 128644 74139.5280
2019:05:06 14:46:42 224062 66698.4469
2019:05:06 14:46:42 305370 64005.6022
2019:05:06 14:46:42 376844 65552.6742
2019:05:06 14:46:42 481379 100443.2999
2019:05:06 14:46:42 589374 97853.6792
2019:05:06 14:46:42 677049 76979.4658
2019:05:06 14:46:42 747505 67158.0620
2019:05:06 14:46:42 837375 64021.3378
2019:05:06 14:46:42 937966 68611.5175
2019:05:06 14:46:43 25374 64011.7824
2019:05:06 14:46:43 125956 68592.0380
2019:05:06 14:46:43 221377 87230.2838
2019:05:06 14:46:43 349361 95994.5619
2019:05:06 14:46:43 424970 75600.1212
2019:05:06 14:46:43 509382 64004.1754
2019:05:06 14:46:43 609267 67901.9392
2019:05:06 14:46:43 705375 64007.8411
2019:05:06 14:46:43 805371 68007.4207
2019:05:06 14:46:43 894338 81507.9324
2019:05:06 14:46:43 985385 64019.3969
2019:05:06 14:46:44 73388 72025.1426
2019:05:06 14:46:44 151558 70840.3066
2019:05:06 14:46:44 297360 141719.6169
2019:05:06 14:46:44 376839 79462.2041
2019:05:06 14:46:44 461695 69714.8480
2019:05:06 14:46:44 542716 73725.1975
2019:05:06 14:46:44 622190 70873.1636
2019:05:06 14:46:44 704506 74155.2711
2019:05:06 14:46:44 811821 100346.7590
2019:05:06 14:46:44 913374 98706.1299
2019:05:06 14:46:45 20100 70734.0613
2019:05:06 14:46:45 124352 91367.6322
2019:05:06 14:46:45 214873 87689.9436
2019:05:06 14:46:45 299215 65923.9627
2019:05:06 14:46:45 374193 69257.0284
2019:05:06 14:46:45 461379 79416.7183
2019:05:06 14:46:45 530206 65113.3992
2019:05:06 14:46:45 621375 86645.1859
2019:05:06 14:46:45 717358 89570.1237
2019:05:06 14:46:45 821496 104129.5789
2019:05:06 14:46:45 893150 63892.9829
2019:05:06 14:46:45 973377 64017.4299
2019:05:06 14:46:46 57408 73639.0315
2019:05:06 14:46:46 121378 61117.3771
2019:05:06 14:46:46 217368 89924.7825
2019:05:06 14:46:46 345362 124920.6550
2019:05:06 14:46:46 453373 108003.8920
2019:05:06 14:46:46 525381 65307.3639
2019:05:06 14:46:46 609382 77662.4493
2019:05:06 14:46:46 705354 91693.3417
2019:05:06 14:46:46 805768 100364.6478
2019:05:06 14:46:46 905373 72003.0181
2019:05:06 14:46:47 9370 99974.9303
2019:05:06 14:46:47 109400 68035.8112
2019:05:06 14:46:47 169381 54005.3770
2019:05:06 14:46:47 320167 114802.9715
2019:05:06 14:46:47 402923 65562.3712
2019:05:06 14:46:47 498391 65029.8744
2019:05:06 14:46:47 597384 68023.7599
2019:05:06 14:46:47 705372 98495.3754
2019:05:06 14:46:47 809362 98010.4692
2019:05:06 14:46:47 909554 100179.7505
2019:05:06 14:46:48 14414 100749.2058
2019:05:06 14:46:48 130747 89380.8268
2019:05:06 14:46:48 249360 114526.4879
2019:05:06 14:46:48 319632 70263.1585
2019:05:06 14:46:48 392524 64299.6989
2019:05:06 14:46:48 489376 72014.8720
2019:05:06 14:46:48 561377 68938.7992
2019:05:06 14:46:48 637461 69248.0505
2019:05:06 14:46:48 721361 63996.1511
2019:05:06 14:46:48 795964 74594.3859
2019:05:06 14:46:48 881375 82968.4474
2019:05:06 14:46:48 954472 67199.5915
2019:05:06 14:46:49 61381 99535.9868
2019:05:06 14:46:49 141269 75374.7597
2019:05:06 14:46:49 233415 68050.5820
2019:05:06 14:46:49 297375 59447.1283
2019:05:06 14:46:49 367543 63689.3921
2019:05:06 14:46:49 461373 68011.2429
2019:05:06 14:46:49 528329 62265.5861
2019:05:06 14:46:49 589376 58585.3159
2019:05:06 14:46:49 668381 70432.2793
2019:05:06 14:46:49 781360 96007.0565
2019:05:06 14:46:49 888758 107389.3234
2019:05:06 14:46:50 13371 121340.2376
2019:05:06 14:46:50 110346 64981.9560
2019:05:06 14:46:50 213152 71797.6242
2019:05:06 14:46:50 365389 96026.3610
2019:05:06 14:46:50 469373 99377.1963
2019:05:06 14:46:50 577381 72019.5286
2019:05:06 14:46:50 696856 72488.7215
2019:05:06 14:46:50 785731 68376.0047
2019:05:06 14:46:50 877369 83023.7232
2019:05:06 14:46:50 949382 67395.7355
2019:05:06 14:46:51 31074 76194.9681
2019:05:06 14:46:51 133377 76012.5406
2019:05:06 14:46:51 209670 61854.6344
2019:05:06 14:46:51 301377 68014.7707
2019:05:06 14:46:51 380076 74146.2968
2019:05:06 14:46:51 473369 72008.1627
2019:05:06 14:46:51 549376 68959.9030
2019:05:06 14:46:51 649382 94834.7412
2019:05:06 14:46:51 719620 65943.7105
2019:05:06 14:46:51 813822 68459.4810
2019:05:06 14:46:51 912547 71172.6807
2019:05:06 14:46:52 21380 80013.0777
2019:05:06 14:46:52 120619 63238.2818
2019:05:06 14:46:52 229375 88010.7060
2019:05:06 14:46:52 341377 100768.1750
2019:05:06 14:46:52 444589 75232.4089
2019:05:06 14:46:52 529380 64015.4406
2019:05:06 14:46:52 601048 65554.6859
2019:05:06 14:46:52 696068 70707.4888
2019:05:06 14:46:52 824699 120437.6742
2019:05:06 14:46:52 890649 63083.8759
2019:05:06 14:46:52 977373 64009.0555
2019:05:06 14:46:53 56112 70845.2873
2019:05:06 14:46:53 155234 81870.3771
2019:05:06 14:46:53 242907 69543.3952
2019:05:06 14:46:53 341361 97252.1193
2019:05:06 14:46:53 449380 108010.2772
2019:05:06 14:46:53 557361 71995.6458
2019:05:06 14:46:53 621374 64005.5835
2019:05:06 14:46:53 694672 66353.6936
2019:05:06 14:46:53 784763 71396.6191
2019:05:06 14:46:53 869386 60019.7613
2019:05:06 14:46:53 924447 49526.0246
2019:05:06 14:46:53 985490 57768.8552
2019:05:06 14:46:54 63703 72091.6577
2019:05:06 14:46:54 133745 65552.0186
2019:05:06 14:46:54 223038 68007.6294
2019:05:06 14:46:54 288742 60390.4575
2019:05:06 14:46:54 385209 68788.2937
2019:05:06 14:46:54 464274 77008.1207
2019:05:06 14:46:54 524068 52422.0429
2019:05:06 14:46:54 609377 80782.3427
2019:05:06 14:46:54 688317 75775.5898
2019:05:06 14:46:54 760798 69628.7192
2019:05:06 14:46:54 834544 70039.7044
2019:05:06 14:46:54 911555 70448.2347
2019:05:06 14:46:54 997378 68010.2855
2019:05:06 14:46:55 97374 93673.7619
2019:05:06 14:46:55 205379 72009.2058
2019:05:06 14:46:55 279366 63064.1207
2019:05:06 14:46:55 386284 72919.8866
2019:05:06 14:46:55 493361 97650.6397
2019:05:06 14:46:55 574293 80923.0283
2019:05:06 14:46:55 677371 76008.9830
2019:05:06 14:46:55 758613 75808.2010
2019:05:06 14:46:55 849377 64011.6893
2019:05:06 14:46:55 931055 76586.9096
2019:05:06 14:46:56 37382 80014.6163
2019:05:06 14:46:56 155381 112115.8414
2019:05:06 14:46:56 225378 69989.2119
2019:05:06 14:46:56 307461 74146.2819
2019:05:06 14:46:56 389379 64015.7573
2019:05:06 14:46:56 462277 68002.7269
2019:05:06 14:46:56 564258 74896.0413
2019:05:06 14:46:56 661363 94231.4938
2019:05:06 14:46:56 757376 96005.0300
2019:05:06 14:46:56 861363 97609.7956
2019:05:06 14:46:56 969354 107982.1810
2019:05:06 14:46:57 41378 71611.2107
2019:05:06 14:46:57 141380 64016.7445
2019:05:06 14:46:57 280626 131881.3376
2019:05:06 14:46:57 377379 72013.1435
2019:05:06 14:46:57 451026 66365.9386
2019:05:06 14:46:57 527208 68825.7739
2019:05:06 14:46:57 613380 64019.2293
2019:05:06 14:46:57 709379 81449.1324
2019:05:06 14:46:57 790155 74131.8800
2019:05:06 14:46:57 892948 71584.6457
2019:05:06 14:46:57 951939 55716.7605
2019:05:06 14:46:58 41360 86972.8476
2019:05:06 14:46:58 125375 84007.0769
2019:05:06 14:46:58 219827 66472.0722
2019:05:06 14:46:58 317377 72000.8910
2019:05:06 14:46:58 444282 90926.3678
2019:05:06 14:46:58 515572 68436.2873
2019:05:06 14:46:58 617372 98976.8095
2019:05:06 14:46:58 757355 107991.1180
2019:05:06 14:46:58 845391 86574.3086
2019:05:06 14:46:58 953374 101164.4267
2019:05:06 14:46:59 31234 71264.7028
2019:05:06 14:46:59 133371 76008.9420
2019:05:06 14:46:59 209381 70028.8601
2019:05:06 14:46:59 305377 81224.2888
2019:05:06 14:46:59 401486 90524.0513
2019:05:06 14:46:59 507556 103625.2007
2019:05:06 14:46:59 623875 86510.9712
2019:05:06 14:46:59 721377 72005.0745
2019:05:06 14:46:59 847523 90153.8618
2019:05:06 14:46:59 943353 69984.0896
2019:05:06 14:47:00 21379 74717.0188
2019:05:06 14:47:00 121380 94052.4563
2019:05:06 14:47:00 232131 78770.6934
2019:05:06 14:47:00 321379 86401.6376
2019:05:06 14:47:00 457438 128668.6175
2019:05:06 14:47:00 536866 75755.3205
2019:05:06 14:47:00 617390 64015.4071
2019:05:06 14:47:00 725665 100328.6317
2019:05:06 14:47:00 797397 64350.7801
2019:05:06 14:47:00 905392 72016.0045
2019:05:06 14:47:00 972653 56069.4784
2019:05:06 14:47:01 61932 60549.1325
2019:05:06 14:47:01 169395 72020.0986
2019:05:06 14:47:01 275785 70415.1355
2019:05:06 14:47:01 369387 80481.4324
2019:05:06 14:47:01 469390 72011.8731
2019:05:06 14:47:01 544119 64339.7942
2019:05:06 14:47:01 613393 63995.2868
2019:05:06 14:47:01 682140 59866.2607
2019:05:06 14:47:01 769383 64004.4473
2019:05:06 14:47:01 865366 86182.9929
2019:05:06 14:47:01 935260 69881.9347
2019:05:06 14:47:02 3416 64528.3461
2019:05:06 14:47:02 100717 67331.2098
2019:05:06 14:47:02 193387 87374.7654
2019:05:06 14:47:02 271897 72079.8634
2019:05:06 14:47:02 385372 95999.7550
2019:05:06 14:47:02 463983 78594.8597
2019:05:06 14:47:02 541052 74197.2849
2019:05:06 14:47:02 638067 72695.1249
2019:05:06 14:47:02 710573 41195.0760
2019:05:06 14:47:02 801380 85874.0881
2019:05:06 14:47:02 909368 100103.8402
2019:05:06 14:47:02 988269 78888.7218
2019:05:06 14:47:03 79212 61832.3460
2019:05:06 14:47:03 156918 68711.6534
2019:05:06 14:47:03 239389 65993.3686
2019:05:06 14:47:03 381391 108018.4951
2019:05:06 14:47:03 501379 84012.8288
2019:05:06 14:47:03 579759 72554.8193
2019:05:06 14:47:03 661394 64013.6153
2019:05:06 14:47:03 761388 84602.0430
2019:05:06 14:47:03 869368 96746.9737
2019:05:06 14:47:03 945400 76017.2643
2019:05:06 14:47:04 45870 70466.5817
2019:05:06 14:47:04 205391 108012.6800
2019:05:06 14:47:04 305367 93273.0995
2019:05:06 14:47:04 371868 66488.7354
2019:05:06 14:47:04 453367 78251.7754
2019:05:06 14:47:04 597367 143988.9334
2019:05:06 14:47:04 708524 111145.9844
2019:05:06 14:47:04 797376 85173.2455
2019:05:06 14:47:04 897371 91760.4491
2019:05:06 14:47:04 983347 77835.0495
2019:05:06 14:47:05 97362 87997.7159
2019:05:06 14:47:05 185380 88009.1116
2019:05:06 14:47:05 252455 61424.3485
2019:05:06 14:47:05 324941 64699.6349
2019:05:06 14:47:05 413378 68014.4541
2019:05:06 14:47:05 524017 74651.9044
2019:05:06 14:47:05 601384 72465.3602
2019:05:06 14:47:05 701354 91995.3100
2019:05:06 14:47:05 765378 61985.1761
2019:05:06 14:47:05 869371 98391.8197
2019:05:06 14:47:06 9364 103995.5877
2019:05:06 14:47:06 109373 99998.1537
2019:05:06 14:47:06 218646 73281.6830
2019:05:06 14:47:06 321359 98206.9895
2019:05:06 14:47:06 389444 68075.8394
2019:05:06 14:47:06 493373 97790.8969
2019:05:06 14:47:06 607749 70376.4632
2019:05:06 14:47:06 705376 72009.8875
2019:05:06 14:47:06 784296 71694.0872
2019:05:06 14:47:06 905362 114541.2251
2019:05:06 14:47:07 1371 96002.2025
2019:05:06 14:47:07 96409 90128.9396
2019:05:06 14:47:07 185377 85323.4082
2019:05:06 14:47:07 281372 87921.3251
2019:05:06 14:47:07 377379 88488.3739
2019:05:06 14:47:07 473376 88631.2723
2019:05:06 14:47:07 546929 66355.9884
2019:05:06 14:47:07 649372 97533.0323
2019:05:06 14:47:07 725508 70862.8818
2019:05:06 14:47:07 805412 73769.4651
2019:05:06 14:47:07 909379 72013.8401
2019:05:06 14:47:08 9387 90966.8207
2019:05:06 14:47:08 145371 72006.6912
2019:05:06 14:47:08 227247 74546.5308
2019:05:06 14:47:08 337389 84021.0542
2019:05:06 14:47:08 445939 101532.9100
2019:05:06 14:47:08 561060 79690.7097
2019:05:06 14:47:08 669380 72003.5657
2019:05:06 14:47:08 749909 73346.2088
2019:05:06 14:47:08 836867 84110.8821
2019:05:06 14:47:08 931893 86555.7306
2019:05:06 14:47:09 1891 66801.3096
2019:05:06 14:47:09 70616 54348.8599
2019:05:06 14:47:09 141056 66622.3131
2019:05:06 14:47:09 208655 65419.0108
2019:05:06 14:47:09 278396 66483.7025
2019:05:06 14:47:09 361490 76230.6862
2019:05:06 14:47:09 442226 65920.3753
2019:05:06 14:47:09 499988 52102.1150
2019:05:06 14:47:09 583037 76525.9117
2019:05:06 14:47:09 676861 84704.8424
2019:05:06 14:47:09 756296 67564.9308
2019:05:06 14:47:09 843118 79043.7609
2019:05:06 14:47:09 927102 81519.9949
2019:05:06 14:47:09 991908 59916.3845
2019:05:06 14:47:10 88974 91416.3329
2019:05:06 14:47:10 157371 61385.7582
2019:05:06 14:47:10 263867 95080.6364
2019:05:06 14:47:10 341584 74962.9289
2019:05:06 14:47:10 409782 65277.6398
2019:05:06 14:47:10 481806 66885.3186
2019:05:06 14:47:10 600124 109860.7592
2019:05:06 14:47:10 672122 69198.3104
2019:05:06 14:47:10 744230 68794.3585
2019:05:06 14:47:10 818372 71198.2548
2019:05:06 14:47:10 893707 70019.8226
2019:05:06 14:47:10 961291 63103.7429
2019:05:06 14:47:11 35018 67926.9023
2019:05:06 14:47:11 99336 58586.1988
2019:05:06 14:47:11 177864 71595.8551
2019:05:06 14:47:11 253898 70616.6402
2019:05:06 14:47:11 329589 70965.0517
2019:05:06 14:47:11 407054 62695.9093
2019:05:06 14:47:11 479520 62686.1453
2019:05:06 14:47:11 546204 58163.9931
2019:05:06 14:47:11 640780 82311.7420
2019:05:06 14:47:11 752623 97490.0983
2019:05:06 14:47:11 825514 69622.8147
2019:05:06 14:47:11 909048 60208.8273
2019:05:06 14:47:11 994254 74157.4503
2019:05:06 14:47:12 63894 66773.1836
2019:05:06 14:47:12 137181 70427.6673
2019:05:06 14:47:12 221707 80000.1808
2019:05:06 14:47:12 294112 62610.5443
2019:05:06 14:47:12 366967 62268.3056
2019:05:06 14:47:12 450582 75012.4343
2019:05:06 14:47:12 507852 53190.6150
2019:05:06 14:47:12 593026 72450.6490
2019:05:06 14:47:12 659809 63489.6904
2019:05:06 14:47:12 736791 70849.9774
2019:05:06 14:47:12 790069 49179.3938
2019:05:06 14:47:12 879773 70878.8335
2019:05:06 14:47:12 951031 68003.7588
2019:05:06 14:47:13 6770 49967.5758
2019:05:06 14:47:13 68572 58586.8955
2019:05:06 14:47:13 150083 72902.6645
2019:05:06 14:47:13 230768 76189.5441
2019:05:06 14:47:13 304486 64303.6999
2019:05:06 14:47:13 384359 71691.3529
2019:05:06 14:47:13 467103 77015.4335
2019:05:06 14:47:13 559238 78626.8003
2019:05:06 14:47:13 637494 74569.9182
2019:05:06 14:47:13 721034 72466.4293
2019:05:06 14:47:13 816055 90519.3761
2019:05:06 14:47:13 894291 75766.5448
2019:05:06 14:47:13 976201 76578.8071
2019:05:06 14:47:14 52394 67581.4450
2019:05:06 14:47:14 127754 67601.5466
2019:05:06 14:47:14 219504 67180.2014
2019:05:06 14:47:14 304690 77247.2546
2019:05:06 14:47:14 390721 70053.0522
2019:05:06 14:47:14 463654 68863.9991
2019:05:06 14:47:14 530364 63501.2686
2019:05:06 14:47:14 604501 67568.2835
2019:05:06 14:47:14 704445 93401.3724
2019:05:06 14:47:14 774080 65970.4991
2019:05:06 14:47:14 874000 92986.4682
2019:05:06 14:47:14 968209 91349.6651
2019:05:06 14:47:15 49321 78253.6678
2019:05:06 14:47:15 153381 88889.7590
2019:05:06 14:47:15 266855 77440.7573
2019:05:06 14:47:15 357159 76005.7718
2019:05:06 14:47:15 451924 75535.2527
2019:05:06 14:47:15 520721 63467.7298
2019:05:06 14:47:15 590363 66713.2400
2019:05:06 14:47:15 664511 68433.1022
2019:05:06 14:47:15 734151 67200.9327
2019:05:06 14:47:15 809532 62271.2076
2019:05:06 14:47:15 892256 72108.1905
2019:05:06 14:47:15 961032 65524.6489
2019:05:06 14:47:16 38459 71279.5034
2019:05:06 14:47:16 119481 74842.1699
2019:05:06 14:47:16 213375 80716.7999
2019:05:06 14:47:16 309378 81284.9589
2019:05:06 14:47:16 420179 95791.8130
2019:05:06 14:47:16 492859 70223.0409
2019:05:06 14:47:16 580430 74568.3610
2019:05:06 14:47:16 660206 72089.4039
2019:05:06 14:47:16 746077 72207.9016
2019:05:06 14:47:16 830094 73236.1674
2019:05:06 14:47:16 908818 67454.5653
2019:05:06 14:47:17 5613 68250.6524
2019:05:06 14:47:17 87471 66108.7856
2019:05:06 14:47:17 170933 64896.6208
2019:05:06 14:47:17 241795 65547.0192
2019:05:06 14:47:17 341379 76017.4766
2019:05:06 14:47:17 453379 76009.6870
2019:05:06 14:47:17 545377 84860.1200
2019:05:06 14:47:17 617798 66372.3014
2019:05:06 14:47:17 777360 136005.2601
2019:05:06 14:47:17 884009 106640.2942
2019:05:06 14:47:17 969379 82892.8091
2019:05:06 14:47:18 65379 85094.5413
2019:05:06 14:47:18 152316 75784.1729
2019:05:06 14:47:18 285362 107989.7322
2019:05:06 14:47:18 364038 78667.6481
2019:05:06 14:47:18 469370 102468.1069
2019:05:06 14:47:18 567192 61821.0770
2019:05:06 14:47:18 665375 72007.9206
2019:05:06 14:47:18 737378 61200.4474
2019:05:06 14:47:18 820741 71688.7675
2019:05:06 14:47:18 927477 86111.6387
2019:05:06 14:47:19 10401 82916.3678
2019:05:06 14:47:19 85381 73368.0949
2019:05:06 14:47:19 181376 89102.8978
2019:05:06 14:47:19 277376 90888.7833
2019:05:06 14:47:19 373374 90230.2973
2019:05:06 14:47:19 453120 72452.7612
2019:05:06 14:47:19 557381 72016.9507
2019:05:06 14:47:19 645376 80403.2311
2019:05:06 14:47:19 741374 80594.1559
2019:05:06 14:47:19 845374 89568.3505
2019:05:06 14:47:19 953378 100880.0045
2019:05:06 14:47:20 44993 79631.4292
2019:05:06 14:47:20 129765 68401.2845
2019:05:06 14:47:20 217833 68469.5691
2019:05:06 14:47:20 294003 70865.4411
2019:05:06 14:47:20 393524 64156.7633
2019:05:06 14:47:20 475083 70888.7242
2019:05:06 14:47:20 571705 70339.2699
2019:05:06 14:47:20 645421 67591.1196
2019:05:06 14:47:20 724883 76197.0840
2019:05:06 14:47:20 825361 95975.1979
2019:05:06 14:47:20 937376 112006.9027
2019:05:06 14:47:21 37371 96232.4105
2019:05:06 14:47:21 141376 68006.8545
2019:05:06 14:47:21 222535 74947.7446
2019:05:06 14:47:21 297062 67978.7770
2019:05:06 14:47:21 394958 94199.0204
2019:05:06 14:47:21 525366 99999.2415
2019:05:06 14:47:21 607932 82557.6335
2019:05:06 14:47:21 711586 74218.2136
2019:05:06 14:47:21 797375 64013.6264
2019:05:06 14:47:21 897370 92425.8530
2019:05:06 14:47:22 181359 278499.8976
2019:05:06 14:47:22 259179 75778.6110
2019:05:06 14:47:22 361383 72017.6175
2019:05:06 14:47:22 470539 73182.2401
2019:05:06 14:47:22 549596 72514.7091
2019:05:06 14:47:22 649382 72016.1721
2019:05:06 14:47:22 763369 102360.2895
2019:05:06 14:47:22 829338 64304.8473
2019:05:06 14:47:22 949376 100013.4647
2019:05:06 14:47:23 21427 68420.7641
2019:05:06 14:47:23 103411 74208.9264
2019:05:06 14:47:23 211894 78529.5516
2019:05:06 14:47:23 297378 82652.0361
2019:05:06 14:47:23 397377 88439.3081
2019:05:06 14:47:23 713358 308562.6252
2019:05:06 14:47:23 824210 110841.0731
2019:05:06 14:47:23 941380 100016.0240
2019:05:06 14:47:24 16292 67988.4218
2019:05:06 14:47:24 90048 69251.4740
2019:05:06 14:47:24 169074 72113.7561
2019:05:06 14:47:24 260418 75064.4132
2019:05:06 14:47:24 358313 76949.0674
2019:05:06 14:47:24 449380 72013.0950
2019:05:06 14:47:24 522528 66749.5914
2019:05:06 14:47:24 601378 73084.2091
2019:05:06 14:47:24 726090 108171.6642
2019:05:06 14:47:24 865363 135992.1657
2019:05:06 14:47:24 965377 100005.0232
2019:05:06 14:47:25 73377 103150.7142
2019:05:06 14:47:25 154968 70879.6680
2019:05:06 14:47:25 293380 112014.8860
2019:05:06 14:47:25 406844 106108.9598
2019:05:06 14:47:25 537382 100017.7860
2019:05:06 14:47:25 616121 73319.3047
2019:05:06 14:47:25 709377 88019.4232
2019:05:06 14:47:25 825374 109301.3883
2019:05:06 14:47:25 902027 70078.8312
2019:05:06 14:47:26 504 94409.7005
2019:05:06 14:47:26 97791 88434.3944
2019:05:06 14:47:26 209376 88018.6334
2019:05:06 14:47:26 292341 78215.9790
2019:05:06 14:47:26 385376 64011.8942
2019:05:06 14:47:26 481383 64020.7008
2019:05:06 14:47:26 581384 95724.7503
2019:05:06 14:47:26 685375 75884.5657
2019:05:06 14:47:26 761722 71259.0702
2019:05:06 14:47:26 853378 64016.8302
2019:05:06 14:47:26 949378 90598.5869
2019:05:06 14:47:27 49383 69491.0251
2019:05:06 14:47:27 157371 71997.5568
2019:05:06 14:47:27 265371 102245.1445
2019:05:06 14:47:27 386355 106064.7555
2019:05:06 14:47:27 481377 92555.0610
2019:05:06 14:47:27 592004 95466.3567
2019:05:06 14:47:27 717371 100002.2143
2019:05:06 14:47:27 799631 75345.2256
2019:05:06 14:47:27 896696 71332.2982
2019:05:06 14:47:27 981381 80610.4429
2019:05:06 14:47:28 65465 77408.0083
2019:05:06 14:47:28 197355 99984.1578
2019:05:06 14:47:28 271046 73680.3003
2019:05:06 14:47:28 361379 84590.1929
2019:05:06 14:47:28 453356 81545.3678
2019:05:06 14:47:28 525855 69682.4454
2019:05:06 14:47:28 629383 72011.6273
2019:05:06 14:47:28 710177 74148.8487
2019:05:06 14:47:28 813784 76414.7080
2019:05:06 14:47:28 917376 72012.7188
2019:05:06 14:47:29 25373 100583.1100
2019:05:06 14:47:29 111137 79845.2571
2019:05:06 14:47:29 190616 74564.5575
2019:05:06 14:47:29 296666 79299.0662
2019:05:06 14:47:29 393381 72016.5931
2019:05:06 14:47:29 489373 90716.8053
2019:05:06 14:47:29 593377 95188.4575
2019:05:06 14:47:29 733360 103993.3227
2019:05:06 14:47:29 809066 75697.7722
2019:05:06 14:47:29 913378 72015.4531
2019:05:06 14:47:29 997380 77699.2217
2019:05:06 14:47:30 81404 79035.4908
2019:05:06 14:47:30 156405 68388.7824
2019:05:06 14:47:30 264543 79173.7959
2019:05:06 14:47:30 389380 96014.0415
2019:05:06 14:47:30 490602 90120.2187
2019:05:06 14:47:30 593374 95814.9657
2019:05:06 14:47:30 697362 96991.5874
2019:05:06 14:47:30 808460 111088.4696
2019:05:06 14:47:30 883397 72103.7909
2019:05:06 14:47:30 969376 64011.8197
2019:05:06 14:47:31 65384 88618.1556
2019:05:06 14:47:31 148797 76577.1717
2019:05:06 14:47:31 255290 81928.6071
2019:05:06 14:47:31 351139 69776.1402
2019:05:06 14:47:31 509360 135994.4195
2019:05:06 14:47:31 641380 132011.0410
2019:05:06 14:47:31 745387 96484.8883
2019:05:06 14:47:31 837378 85664.2760
2019:05:06 14:47:31 917995 74966.8069
2019:05:06 14:47:32 49363 104000.6056
2019:05:06 14:47:32 152286 102915.4211
2019:05:06 14:47:32 235424 79481.1770
2019:05:06 14:47:32 323922 74970.6961
2019:05:06 14:47:32 413378 72012.2457
2019:05:06 14:47:32 485392 65660.1228
2019:05:06 14:47:32 562261 68886.5148
2019:05:06 14:47:32 656895 92151.5971
2019:05:06 14:47:32 735120 74975.9227
2019:05:06 14:47:32 804382 64348.3847
2019:05:06 14:47:32 883403 71700.3569
2019:05:06 14:47:32 975160 69784.1346
2019:05:06 14:47:33 66058 64685.7806
2019:05:06 14:47:33 136950 64744.8711
2019:05:06 14:47:33 234387 88873.2821
2019:05:06 14:47:33 351151 110186.5247
2019:05:06 14:47:33 448214 94236.0014
2019:05:06 14:47:33 520306 68840.5298
2019:05:06 14:47:33 633395 96022.8071
2019:05:06 14:47:33 711583 70865.8211
2019:05:06 14:47:33 794710 79047.3633
2019:05:06 14:47:33 897386 68012.0513
2019:05:06 14:47:33 985608 81466.5295
2019:05:06 14:47:34 97365 97412.7166
2019:05:06 14:47:34 174862 76212.5775
2019:05:06 14:47:34 266611 73251.5603
2019:05:06 14:47:34 362419 91339.1039
2019:05:06 14:47:34 449390 84927.2199
2019:05:06 14:47:34 548800 91775.7303
2019:05:06 14:47:34 613503 61045.6653
2019:05:06 14:47:34 709368 75995.3000
2019:05:06 14:47:34 805389 96009.1911
2019:05:06 14:47:34 913306 97737.2341
2019:05:06 14:47:34 997397 81223.2867
2019:05:06 14:47:35 85402 77432.5356
2019:05:06 14:47:35 185389 64013.8648
2019:05:06 14:47:35 281391 82120.7352
2019:05:06 14:47:35 413369 116755.7612
2019:05:06 14:47:35 565371 151989.9778
2019:05:06 14:47:35 657397 92012.7332
2019:05:06 14:47:35 765393 99275.4102
2019:05:06 14:47:35 843466 72859.9206
2019:05:06 14:47:35 957382 87678.1419
2019:05:06 14:47:36 26177 63124.4816
2019:05:06 14:47:36 124844 92158.0642
2019:05:06 14:47:36 237390 109255.9136
2019:05:06 14:47:36 325366 81327.8221
2019:05:06 14:47:36 433389 107851.0508
2019:05:06 14:47:36 504140 61849.3222
2019:05:06 14:47:36 579496 68424.5490
2019:05:06 14:47:36 665356 83006.7359
2019:05:06 14:47:36 760131 78770.5332
2019:05:06 14:47:36 849378 72017.7218
2019:05:06 14:47:36 949375 92602.9980
2019:05:06 14:47:37 49753 64383.5180
2019:05:06 14:47:37 158261 73751.4719
2019:05:06 14:47:37 289370 124013.3680
2019:05:06 14:47:37 388830 95443.2599
2019:05:06 14:47:37 462980 71291.0853
2019:05:06 14:47:37 553378 82625.8026
2019:05:06 14:47:37 625998 65939.1508
2019:05:06 14:47:37 733362 103296.3879
2019:05:06 14:47:37 821387 88016.7559
2019:05:06 14:47:37 909373 81876.5163
2019:05:06 14:47:37 985608 68813.1079
2019:05:06 14:47:38 60975 65142.2925
2019:05:06 14:47:38 140001 72080.9884
2019:05:06 14:47:38 212922 70035.3570
2019:05:06 14:47:38 313376 72008.3453
2019:05:06 14:47:38 379230 62693.4208
2019:05:06 14:47:38 452927 69622.7886
2019:05:06 14:47:38 525013 65140.7205
2019:05:06 14:47:38 617376 76012.7530
2019:05:06 14:47:38 689392 68958.0441
2019:05:06 14:47:38 761378 67996.1108
2019:05:06 14:47:38 841225 72903.1712
2019:05:06 14:47:38 917374 73684.6961
2019:05:06 14:47:38 991968 68014.1784
2019:05:06 14:47:39 61378 66552.8663
2019:05:06 14:47:39 133386 66053.3868
2019:05:06 14:47:39 204556 67195.2516
2019:05:06 14:47:39 266389 58570.4707
2019:05:06 14:47:39 329477 49156.1294
2019:05:06 14:47:39 404248 64937.5804
2019:05:06 14:47:39 501883 76519.5191
2019:05:06 14:47:39 567017 62271.0101
2019:05:06 14:47:39 689761 99633.3547
2019:05:06 14:47:39 797360 107590.2171
2019:05:06 14:47:39 882817 85448.4066
2019:05:06 14:47:39 955304 70062.0413
2019:05:06 14:47:40 37374 75116.7312
2019:05:06 14:47:40 98656 55711.9288
2019:05:06 14:47:40 160102 55696.0441
2019:05:06 14:47:40 218134 54374.7023
2019:05:06 14:47:40 325371 76799.9999
2019:05:06 14:47:40 398862 73482.9046
2019:05:06 14:47:40 463188 62268.1379
2019:05:06 14:47:40 524216 58987.3008
2019:05:06 14:47:40 600373 51005.9446
2019:05:06 14:47:40 667153 62674.9955
2019:05:06 14:47:40 732703 57362.8694
2019:05:06 14:47:40 805595 61435.4499
2019:05:06 14:47:40 876064 63516.0916
2019:05:06 14:47:40 953367 73250.3533
2019:05:06 14:47:41 24728 52401.3042
2019:05:06 14:47:41 82886 54482.1247
2019:05:06 14:47:41 141857 50772.9240
2019:05:06 14:47:41 196755 47116.0784
2019:05:06 14:47:41 257377 44010.4716
2019:05:06 14:47:41 316330 38966.6222
2019:05:06 14:47:41 372460 49995.1579
2019:05:06 14:47:41 418342 43024.5772
2019:05:06 14:47:41 462970 40552.8061
2019:05:06 14:47:41 506405 39332.7549
2019:05:06 14:47:41 569873 57356.1415
2019:05:06 14:47:41 625606 49200.1399
2019:05:06 14:47:41 680029 50362.5758
2019:05:06 14:47:41 736156 50379.3210
2019:05:06 14:47:41 804976 52840.4564
2019:05:06 14:47:41 860284 51224.9433
2019:05:06 14:47:41 915564 51211.7110
2019:05:06 14:47:41 967572 49562.6703
2019:05:06 14:47:42 19186 47528.5649
2019:05:06 14:47:42 61793 40574.3346
2019:05:06 14:47:42 114214 46298.9286
2019:05:06 14:47:42 166213 46658.9369
2019:05:06 14:47:42 214143 46699.2073
2019:05:06 14:47:42 264531 45473.2701
2019:05:06 14:47:42 311219 40557.5261
2019:05:06 14:47:42 360773 46271.3316
2019:05:06 14:47:42 404612 37288.1331
2019:05:06 14:47:42 451279 41764.0582
2019:05:06 14:47:42 492691 39356.6824
2019:05:06 14:47:42 525850 29498.7187
2019:05:06 14:47:42 545919 17229.7247
2019:05:06 14:47:42 578678 26644.9489
