
# OSU MPI Allreduce Latency Test v5.6.1
# Size       Avg Latency(us)
65536               79104.98
2019:05:06 14:44:40 865561 56188.3301
2019:05:06 14:44:40 918728 50799.1761
2019:05:06 14:44:40 983848 60637.7125
2019:05:06 14:44:41 37092 48341.2892
2019:05:06 14:44:41 103851 60315.0874
2019:05:06 14:44:41 153020 46310.0821
2019:05:06 14:44:41 215272 57766.2140
2019:05:06 14:44:41 298011 77423.1590
2019:05:06 14:44:41 344280 41786.7638
2019:05:06 14:44:41 399167 50381.5673
2019:05:06 14:44:41 490090 54080.2330
2019:05:06 14:44:41 535131 41781.4851
2019:05:06 14:44:41 600250 49539.3276
2019:05:06 14:44:41 668240 66333.7559
2019:05:06 14:44:41 719037 48304.3827
2019:05:06 14:44:41 775984 54493.0659
2019:05:06 14:44:41 835360 56530.7252
2019:05:06 14:44:41 888205 50791.4498
2019:05:06 14:44:41 956183 65112.3859
2019:05:06 14:44:42 28281 69632.8245
2019:05:06 14:44:42 82660 51519.2598
2019:05:06 14:44:42 143871 59013.0426
2019:05:06 14:44:42 207751 47168.9329
2019:05:06 14:44:42 267086 56809.9245
2019:05:06 14:44:42 331794 51597.6585
2019:05:06 14:44:42 399367 61827.2536
2019:05:06 14:44:42 496831 94942.5176
2019:05:06 14:44:42 550910 48704.5348
2019:05:06 14:44:42 609099 40970.6086
2019:05:06 14:44:42 664398 47417.8903
2019:05:06 14:44:42 736957 66042.4829
2019:05:06 14:44:42 784411 42223.7292
2019:05:06 14:44:42 857859 41847.4078
2019:05:06 14:44:42 908085 47544.6098
2019:05:06 14:44:42 961322 46224.7878
2019:05:06 14:44:43 30561 67571.2936
2019:05:06 14:44:43 96116 63307.0096
2019:05:06 14:44:43 144104 45502.9681
2019:05:06 14:44:43 197282 50419.2896
2019:05:06 14:44:43 265225 63067.9168
2019:05:06 14:44:43 321378 52458.3161
2019:05:06 14:44:43 433374 76006.1853
2019:05:06 14:44:43 529375 64012.3785
2019:05:06 14:44:43 629357 68002.2240
2019:05:06 14:44:43 729367 72006.3783
2019:05:06 14:44:43 799395 70019.1706
2019:05:06 14:44:43 873376 70380.3487
2019:05:06 14:44:43 969378 87327.8007
2019:05:06 14:44:44 85357 100913.2266
2019:05:06 14:44:44 157382 72013.1584
2019:05:06 14:44:44 229380 64713.4148
2019:05:06 14:44:44 333379 98675.5118
2019:05:06 14:44:44 447278 77914.9197
2019:05:06 14:44:44 549374 99638.3168
2019:05:06 14:44:44 645361 89142.1400
2019:05:06 14:44:44 760232 114862.4346
2019:05:06 14:44:44 857380 60009.7328
2019:05:06 14:44:44 933360 69527.8123
2019:05:06 14:44:45 5380 72011.7874
2019:05:06 14:44:45 75596 64327.7876
2019:05:06 14:44:45 177374 72005.9276
2019:05:06 14:44:45 305353 89699.1529
2019:05:06 14:44:45 417356 111991.1484
2019:05:06 14:44:45 489387 72018.4408
2019:05:06 14:44:45 560524 64319.3051
2019:05:06 14:44:45 649360 80080.7700
2019:05:06 14:44:45 713386 64018.4991
2019:05:06 14:44:45 841915 93772.4337
2019:05:06 14:44:45 940638 75285.0249
2019:05:06 14:44:46 53360 95998.2798
2019:05:06 14:44:46 157378 104009.5240
2019:05:06 14:44:46 229376 66359.1549
2019:05:06 14:44:46 297376 59803.5604
2019:05:06 14:44:46 372328 64702.0116
2019:05:06 14:44:46 437375 62183.4062
2019:05:06 14:44:46 501372 56554.0418
2019:05:06 14:44:46 597375 80876.5553
2019:05:06 14:44:46 677065 75385.9989
2019:05:06 14:44:46 733378 54280.6089
2019:05:06 14:44:46 816310 72896.1788
2019:05:06 14:44:46 876100 57338.3607
2019:05:06 14:44:46 937376 59217.8479
2019:05:06 14:44:47 44056 100769.4453
2019:05:06 14:44:47 113377 66074.9227
2019:05:06 14:44:47 205374 64008.5340
2019:05:06 14:44:47 313370 72009.4666
2019:05:06 14:44:47 392175 70429.6790
2019:05:06 14:44:47 466305 71673.3411
2019:05:06 14:44:47 522840 51208.2428
2019:05:06 14:44:47 585384 58018.5726
2019:05:06 14:44:47 641239 50387.6098
2019:05:06 14:44:47 713385 60677.8003
2019:05:06 14:44:47 779575 62144.9985
2019:05:06 14:44:47 851453 67268.2412
2019:05:06 14:44:47 899293 44229.1610
2019:05:06 14:44:47 953788 47948.3493
2019:05:06 14:44:48 16522 55771.3807
2019:05:06 14:44:48 76227 56930.7059
2019:05:06 14:44:48 132760 53661.6221
2019:05:06 14:44:48 195852 59394.1398
2019:05:06 14:44:48 247559 48835.7469
2019:05:06 14:44:48 336740 49572.3374
2019:05:06 14:44:48 412086 48302.2258
2019:05:06 14:44:48 504671 87666.8654
2019:05:06 14:44:48 598461 65947.6146
2019:05:06 14:44:48 664818 63077.5578
2019:05:06 14:44:48 721336 52850.3656
2019:05:06 14:44:48 770865 45852.9815
2019:05:06 14:44:48 838114 53710.5985
2019:05:06 14:44:48 900771 54242.9686
2019:05:06 14:44:48 969107 65433.5096
2019:05:06 14:44:49 57354 71984.6189
2019:05:06 14:44:49 127190 69207.2324
2019:05:06 14:44:49 191106 61023.1310
2019:05:06 14:44:49 253378 58189.3362
2019:05:06 14:44:49 325376 69153.7969
2019:05:06 14:44:49 395898 63080.2587
2019:05:06 14:44:49 485375 64005.9263
2019:05:06 14:44:49 547870 55332.1578
2019:05:06 14:44:49 632211 82322.7204
2019:05:06 14:44:49 704308 69644.6858
2019:05:06 14:44:49 769381 61802.1339
2019:05:06 14:44:49 850125 75777.9963
2019:05:06 14:44:49 937357 79994.6673
2019:05:06 14:44:50 33362 93141.4030
2019:05:06 14:44:50 125377 92006.6088
2019:05:06 14:44:50 253360 114435.8627
2019:05:06 14:44:50 337376 84006.1530
2019:05:06 14:44:50 451837 78470.7665
2019:05:06 14:44:50 553389 99096.9539
2019:05:06 14:44:50 679595 70231.9741
2019:05:06 14:44:50 745381 63320.5175
2019:05:06 14:44:50 841361 63998.9078
2019:05:06 14:44:50 905370 64000.0962
2019:05:06 14:44:50 974494 58152.0051
2019:05:06 14:44:51 73371 92729.9932
2019:05:06 14:44:51 177362 96783.9696
2019:05:06 14:44:51 241382 64010.9852
2019:05:06 14:44:51 341380 64010.8064
2019:05:06 14:44:51 405379 59404.3024
2019:05:06 14:44:51 477379 65427.8658
2019:05:06 14:44:51 569374 84960.7028
2019:05:06 14:44:51 697353 95988.0874
2019:05:06 14:44:51 771969 72107.7397
2019:05:06 14:44:51 857360 82531.9216
2019:05:06 14:44:51 932525 75156.4354
2019:05:06 14:44:52 21370 64008.5749
2019:05:06 14:44:52 109360 72827.8086
2019:05:06 14:44:52 205360 95991.6934
2019:05:06 14:44:52 301372 96002.4521
2019:05:06 14:44:52 365376 57711.7540
2019:05:06 14:44:52 432195 59402.9389
2019:05:06 14:44:52 497375 61893.2135
2019:05:06 14:44:52 611208 106936.3393
2019:05:06 14:44:52 681378 67347.6867
2019:05:06 14:44:52 787311 73947.7575
2019:05:06 14:44:52 905361 95999.5314
2019:05:06 14:44:53 13360 107990.8982
2019:05:06 14:44:53 89197 75828.7571
2019:05:06 14:44:53 153375 57646.3491
2019:05:06 14:44:53 223141 62689.8333
2019:05:06 14:44:53 284147 56905.9700
2019:05:06 14:44:53 377358 90757.7612
2019:05:06 14:44:53 517361 139993.5000
2019:05:06 14:44:53 597075 79704.6311
2019:05:06 14:44:53 697376 72009.0903
2019:05:06 14:44:53 805369 72007.5667
2019:05:06 14:44:53 880085 70304.0287
2019:05:06 14:44:53 965354 71992.5836
2019:05:06 14:44:54 41058 75695.1496
2019:05:06 14:44:54 111941 64745.7913
2019:05:06 14:44:54 204923 67560.5200
2019:05:06 14:44:54 270101 63121.3002
2019:05:06 14:44:54 365369 93714.7103
2019:05:06 14:44:54 445867 69289.1553
2019:05:06 14:44:54 507621 45589.4172
2019:05:06 14:44:54 578058 65533.0047
2019:05:06 14:44:54 661621 73302.0231
2019:05:06 14:44:54 734948 72089.3890
2019:05:06 14:44:54 822120 60750.8533
2019:05:06 14:44:54 894296 62261.5330
2019:05:06 14:44:54 962305 57353.0234
2019:05:06 14:44:55 15949 45478.4743
2019:05:06 14:44:55 109380 65597.1542
2019:05:06 14:44:55 181815 65935.9246
2019:05:06 14:44:55 301359 114196.9897
2019:05:06 14:44:55 375150 73782.1609
2019:05:06 14:44:55 445176 65114.4423
2019:05:06 14:44:55 529375 80114.1411
2019:05:06 14:44:55 617383 77982.3847
2019:05:06 14:44:55 757357 107989.4118
2019:05:06 14:44:55 828553 71186.5798
2019:05:06 14:44:55 894914 41548.9413
2019:05:06 14:44:55 969435 56080.2966
2019:05:06 14:44:56 38663 66762.2462
2019:05:06 14:44:56 153744 80373.8087
2019:05:06 14:44:56 252919 71549.4603
2019:05:06 14:44:56 346338 72967.2313
2019:05:06 14:44:56 443394 74030.3844
2019:05:06 14:44:56 545370 96240.0325
2019:05:06 14:44:56 620332 67587.6327
2019:05:06 14:44:56 674383 51194.2357
2019:05:06 14:44:56 746065 61441.1160
2019:05:06 14:44:56 808054 55821.0723
2019:05:06 14:44:56 865378 50511.7103
2019:05:06 14:44:56 946759 76192.9452
2019:05:06 14:44:57 17382 64479.5634
2019:05:06 14:44:57 109379 81103.3845
2019:05:06 14:44:57 209379 64015.4555
2019:05:06 14:44:57 317444 65098.8594
2019:05:06 14:44:57 405901 68533.5435
2019:05:06 14:44:57 505382 72011.1653
2019:05:06 14:44:57 577382 67456.4205
2019:05:06 14:44:57 653285 70032.2911
2019:05:06 14:44:57 745379 87572.7981
2019:05:06 14:44:57 817381 64554.3300
2019:05:06 14:44:57 921375 67996.3008
2019:05:06 14:44:58 29371 101646.8108
2019:05:06 14:44:58 108771 74959.5463
2019:05:06 14:44:58 187819 74547.8086
2019:05:06 14:44:58 297374 80018.8109
2019:05:06 14:44:58 380309 77816.0393
2019:05:06 14:44:58 455697 59798.7883
2019:05:06 14:44:58 516676 58548.9497
2019:05:06 14:44:58 588021 68822.5701
2019:05:06 14:44:58 695714 102403.2906
2019:05:06 14:44:58 803860 105691.5745
2019:05:06 14:44:58 873381 65867.5507
2019:05:06 14:44:58 950490 71680.1919
2019:05:06 14:44:59 20533 63518.7812
2019:05:06 14:44:59 133391 80021.7092
2019:05:06 14:44:59 211782 72057.3850
2019:05:06 14:44:59 277370 63135.0093
2019:05:06 14:44:59 385362 102300.9382
2019:05:06 14:44:59 493361 107990.8051
2019:05:06 14:44:59 575512 82143.1465
2019:05:06 14:44:59 697383 72000.9357
2019:05:06 14:44:59 800360 74996.2255
2019:05:06 14:44:59 897379 68015.7058
2019:05:06 14:44:59 989373 88246.4163
2019:05:06 14:45:00 61384 63599.6908
2019:05:06 14:45:00 181359 112694.1815
2019:05:06 14:45:00 296363 114995.6957
2019:05:06 14:45:00 384028 85570.6297
2019:05:06 14:45:00 462660 75754.2774
2019:05:06 14:45:00 561385 72013.5644
2019:05:06 14:45:00 669361 102248.1881
2019:05:06 14:45:00 777371 108001.5376
2019:05:06 14:45:00 877376 72010.6401
2019:05:06 14:45:00 986919 73554.6499
2019:05:06 14:45:01 85639 64273.3686
2019:05:06 14:45:01 168118 74698.6195
2019:05:06 14:45:01 227365 54831.5905
2019:05:06 14:45:01 295343 60218.0101
2019:05:06 14:45:01 372342 74136.1640
2019:05:06 14:45:01 428062 52864.9054
2019:05:06 14:45:01 516143 67618.8134
2019:05:06 14:45:01 573061 53273.4469
2019:05:06 14:45:01 615233 37682.6413
2019:05:06 14:45:01 665219 47947.4887
2019:05:06 14:45:01 722557 50364.6843
2019:05:06 14:45:01 792597 52834.2053
2019:05:06 14:45:01 851975 52013.6394
2019:05:06 14:45:01 936355 72105.1022
2019:05:06 14:45:02 2786 63574.8692
2019:05:06 14:45:02 103880 98061.5392
2019:05:06 14:45:02 182506 75786.6316
2019:05:06 14:45:02 253363 53217.4855
2019:05:06 14:45:02 306205 48303.5855
2019:05:06 14:45:02 415539 84326.0698
2019:05:06 14:45:02 480719 62690.1425
2019:05:06 14:45:02 549541 65534.3495
2019:05:06 14:45:02 606472 52607.0707
2019:05:06 14:45:02 668730 56133.5646
2019:05:06 14:45:02 728499 56102.6819
2019:05:06 14:45:02 824363 90915.5756
2019:05:06 14:45:02 899334 72113.5624
2019:05:06 14:45:02 947643 45063.4323
2019:05:06 14:45:03 16030 61440.1959
2019:05:06 14:45:03 107394 80683.8237
2019:05:06 14:45:03 213876 104038.8420
2019:05:06 14:45:03 274530 57400.0925
2019:05:06 14:45:03 341243 58169.8269
2019:05:06 14:45:03 397378 52843.1311
2019:05:06 14:45:03 467000 54467.3614
2019:05:06 14:45:03 544811 61018.4185
2019:05:06 14:45:03 600618 52847.7989
2019:05:06 14:45:03 667343 50755.4933
2019:05:06 14:45:03 717694 45500.9490
2019:05:06 14:45:03 775813 54895.8331
2019:05:06 14:45:03 832369 54106.3659
2019:05:06 14:45:03 911403 70858.5493
2019:05:06 14:45:03 997818 83560.3848
2019:05:06 14:45:04 73177 72090.8046
2019:05:06 14:45:04 130983 54931.2234
2019:05:06 14:45:04 203037 68830.7621
2019:05:06 14:45:04 307063 66766.2844
2019:05:06 14:45:04 368099 49168.0093
2019:05:06 14:45:04 431990 47479.5923
2019:05:06 14:45:04 489315 53998.5225
2019:05:06 14:45:04 541763 49976.0769
2019:05:06 14:45:04 607687 58149.2260
2019:05:06 14:45:04 684385 74647.0019
2019:05:06 14:45:04 745301 58121.6700
2019:05:06 14:45:04 802686 54089.0396
2019:05:06 14:45:04 855900 49550.9803
2019:05:06 14:45:04 905060 40966.8274
2019:05:06 14:45:04 964040 52034.6202
2019:05:06 14:45:05 21678 50679.7470
2019:05:06 14:45:05 91816 66745.7059
2019:05:06 14:45:05 177016 82746.2450
2019:05:06 14:45:05 235530 54831.4825
2019:05:06 14:45:05 294564 54903.2912
2019:05:06 14:45:05 375671 76607.4285
2019:05:06 14:45:05 460851 82335.4535
2019:05:06 14:45:05 536225 72103.7388
2019:05:06 14:45:05 595615 56477.4089
2019:05:06 14:45:05 657746 48022.3447
2019:05:06 14:45:05 760653 94191.4469
2019:05:06 14:45:05 849559 85616.8233
2019:05:06 14:45:05 905671 56102.9799
2019:05:06 14:45:06 20058 74130.0620
2019:05:06 14:45:06 90797 61437.8378
2019:05:06 14:45:06 159624 63079.6514
2019:05:06 14:45:06 252175 90094.7303
2019:05:06 14:45:06 311606 56155.3165
2019:05:06 14:45:06 397362 63997.7977
2019:05:06 14:45:06 461382 64010.6872
2019:05:06 14:45:06 528300 61495.0731
2019:05:06 14:45:06 604438 72920.6093
2019:05:06 14:45:06 663847 56051.9695
2019:05:06 14:45:06 726517 58972.2022
2019:05:06 14:45:06 832608 73764.3093
2019:05:06 14:45:06 880066 45047.7935
2019:05:06 14:45:07 36549 136801.3993
2019:05:06 14:45:07 144243 104434.6131
2019:05:06 14:45:07 205729 59000.6746
2019:05:06 14:45:07 266753 57774.2644
2019:05:06 14:45:07 348625 77000.5770
2019:05:06 14:45:07 406865 55372.1562
2019:05:06 14:45:07 479347 54901.5850
2019:05:06 14:45:07 559974 77734.8727
2019:05:06 14:45:07 677943 72562.9106
2019:05:06 14:45:07 765179 56091.5023
2019:05:06 14:45:07 875376 82004.6999
2019:05:06 14:45:07 977359 101974.8822
2019:05:06 14:45:08 73359 95992.0958
2019:05:06 14:45:08 146102 72735.8684
2019:05:06 14:45:08 207112 55303.6258
2019:05:06 14:45:08 267744 56952.8230
2019:05:06 14:45:08 340250 69661.2746
2019:05:06 14:45:08 449363 105851.7843
2019:05:06 14:45:08 505380 55397.8793
2019:05:06 14:45:08 563863 52828.0102
2019:05:06 14:45:08 626942 58173.3808
2019:05:06 14:45:08 737949 76580.8485
2019:05:06 14:45:08 821358 63997.1569
2019:05:06 14:45:08 925169 103802.9380
2019:05:06 14:45:09 1330 76150.7377
2019:05:06 14:45:09 97362 67991.2418
2019:05:06 14:45:09 205377 108005.7248
2019:05:06 14:45:09 286371 76200.2356
2019:05:06 14:45:09 368685 78215.3346
2019:05:06 14:45:09 465377 72009.6976
2019:05:06 14:45:09 529377 57452.0007
2019:05:06 14:45:09 627476 82656.8566
2019:05:06 14:45:09 686168 58683.3209
2019:05:06 14:45:09 747581 58978.1441
2019:05:06 14:45:09 819272 58578.4316
2019:05:06 14:45:09 901377 80078.0915
2019:05:06 14:45:10 5376 72010.4910
2019:05:06 14:45:10 81319 69934.7332
2019:05:06 14:45:10 160451 71294.8702
2019:05:06 14:45:10 241377 64013.8797
2019:05:06 14:45:10 341377 84680.2108
2019:05:06 14:45:10 423008 74933.8195
2019:05:06 14:45:10 521380 72007.2463
2019:05:06 14:45:10 617374 89496.0947
2019:05:06 14:45:10 699471 58997.9365
2019:05:06 14:45:10 772783 66778.6002
2019:05:06 14:45:10 899765 110412.0612
2019:05:06 14:45:10 989359 87157.5810
2019:05:06 14:45:11 85376 96008.0624
2019:05:06 14:45:11 173373 64002.0296
2019:05:06 14:45:11 284765 75394.9285
2019:05:06 14:45:11 372004 50624.2737
2019:05:06 14:45:11 456776 67414.8984
2019:05:06 14:45:11 516972 53657.9117
2019:05:06 14:45:11 616510 96257.2880
2019:05:06 14:45:11 701719 82341.8945
2019:05:06 14:45:11 769379 62358.4092
2019:05:06 14:45:11 861374 84728.1851
2019:05:06 14:45:11 945378 78194.9908
2019:05:06 14:45:12 21372 67353.8856
2019:05:06 14:45:12 109379 56014.3702
2019:05:06 14:45:12 169380 54407.2948
2019:05:06 14:45:12 244011 69646.7049
2019:05:06 14:45:12 297377 50537.4968
2019:05:06 14:45:12 407431 78075.7107
2019:05:06 14:45:12 489377 64021.3490
2019:05:06 14:45:12 553375 57498.0155
2019:05:06 14:45:12 617380 57189.3416
2019:05:06 14:45:12 693320 64315.1104
2019:05:06 14:45:12 777376 64011.6781
2019:05:06 14:45:12 905359 96004.3855
2019:05:06 14:45:13 15233 109865.5909
2019:05:06 14:45:13 101381 68020.6679
2019:05:06 14:45:13 209384 100774.7911
2019:05:06 14:45:13 278600 62263.3733
2019:05:06 14:45:13 345779 59305.5151
2019:05:06 14:45:13 445362 94275.0573
2019:05:06 14:45:13 517379 72008.1627
2019:05:06 14:45:13 589381 64630.5084
2019:05:06 14:45:13 670175 70427.4885
2019:05:06 14:45:13 736934 62688.1458
2019:05:06 14:45:13 825359 81445.6791
2019:05:06 14:45:13 898338 72967.7081
2019:05:06 14:45:14 1386 76025.2550
2019:05:06 14:45:14 68693 64700.6035
2019:05:06 14:45:14 135856 66766.2583
2019:05:06 14:45:14 201378 63040.1820
2019:05:06 14:45:14 289374 64011.3056
2019:05:06 14:45:14 392686 96264.6082
2019:05:06 14:45:14 472108 76180.8306
2019:05:06 14:45:14 536035 58676.3546
2019:05:06 14:45:14 613374 61373.2897
2019:05:06 14:45:14 709376 87733.2278
2019:05:06 14:45:14 783827 69233.9279
2019:05:06 14:45:14 861356 55992.7709
2019:05:06 14:45:14 973377 111341.8750
2019:05:06 14:45:15 42684 62667.2655
2019:05:06 14:45:15 142620 65255.8059
2019:05:06 14:45:15 237379 64017.6050
2019:05:06 14:45:15 308906 63487.2392
2019:05:06 14:45:15 372396 56530.7103
2019:05:06 14:45:15 440376 59384.0554
2019:05:06 14:45:15 493380 50131.1719
2019:05:06 14:45:15 558764 59416.9199
2019:05:06 14:45:15 653384 85215.5127
2019:05:06 14:45:15 727507 68024.5757
2019:05:06 14:45:15 817376 84568.3739
2019:05:06 14:45:15 925355 92583.6451
2019:05:06 14:45:16 17378 92014.9535
2019:05:06 14:45:16 117377 93349.3115
2019:05:06 14:45:16 252991 99633.6155
2019:05:06 14:45:16 319729 63069.9806
2019:05:06 14:45:16 441379 88008.7130
2019:05:06 14:45:16 541381 68017.3598
2019:05:06 14:45:16 637359 85795.0710
2019:05:06 14:45:16 714591 77223.6176
2019:05:06 14:45:16 809383 64018.5326
2019:05:06 14:45:16 925559 80196.4402
2019:05:06 14:45:17 13577 68213.8167
2019:05:06 14:45:17 109372 84732.8231
2019:05:06 14:45:17 208132 83143.7781
2019:05:06 14:45:17 308463 75101.0887
2019:05:06 14:45:17 383431 70047.8181
2019:05:06 14:45:17 484996 71632.9701
2019:05:06 14:45:17 556665 68386.2865
2019:05:06 14:45:17 636958 63603.6023
2019:05:06 14:45:17 716042 76634.2543
2019:05:06 14:45:17 813372 72008.6657
2019:05:06 14:45:17 929359 71998.6595
2019:05:06 14:45:17 997378 68010.4420
2019:05:06 14:45:18 73370 70631.8207
2019:05:06 14:45:18 145376 66436.9799
2019:05:06 14:45:18 217379 65116.0032
2019:05:06 14:45:18 319870 66506.4640
2019:05:06 14:45:18 391045 62659.5095
2019:05:06 14:45:18 477362 82697.1270
2019:05:06 14:45:18 561381 84008.4553
2019:05:06 14:45:18 670785 102392.1445
2019:05:06 14:45:18 761373 88143.6653
2019:05:06 14:45:18 876380 79014.6291
2019:05:06 14:45:18 945379 66539.6489
2019:05:06 14:45:19 85386 104019.2135
2019:05:06 14:45:19 193359 99469.3339
2019:05:06 14:45:19 337359 143992.1409
2019:05:06 14:45:19 485362 147994.0899
2019:05:06 14:45:19 565320 79949.8335
2019:05:06 14:45:19 679578 78201.9459
2019:05:06 14:45:19 784419 75050.6036
2019:05:06 14:45:19 845378 58070.6112
2019:05:06 14:45:19 941360 90142.4065
2019:05:06 14:45:20 49360 107990.7343
2019:05:06 14:45:20 121381 72012.7560
2019:05:06 14:45:20 229376 72014.2461
2019:05:06 14:45:20 345383 80021.3479
2019:05:06 14:45:20 425023 43661.1958
2019:05:06 14:45:20 533378 80009.5983
2019:05:06 14:45:20 641360 100833.0062
2019:05:06 14:45:20 725249 83879.8136
2019:05:06 14:45:20 869371 116014.4508
2019:05:06 14:45:20 943594 68043.3251
2019:05:06 14:45:21 65371 113646.7159
2019:05:06 14:45:21 172507 98315.9430
2019:05:06 14:45:21 251541 75755.3391
2019:05:06 14:45:21 337360 83757.1435
2019:05:06 14:45:21 409372 72002.2023
2019:05:06 14:45:21 505359 88347.3679
2019:05:06 14:45:21 575128 69761.1682
2019:05:06 14:45:21 697359 95995.2809
2019:05:06 14:45:21 793361 95992.8073
2019:05:06 14:45:21 889376 96008.2635
2019:05:06 14:45:21 985375 81324.0968
2019:05:06 14:45:22 59656 59791.4942
2019:05:06 14:45:22 121943 60220.2006
2019:05:06 14:45:22 225373 72009.5299
2019:05:06 14:45:22 301326 70449.9073
2019:05:06 14:45:22 357376 53172.6182
2019:05:06 14:45:22 453377 80373.7193
2019:05:06 14:45:22 529477 68203.5349
2019:05:06 14:45:22 636384 75015.1239
2019:05:06 14:45:22 709705 68906.6797
2019:05:06 14:45:22 768726 52892.0703
2019:05:06 14:45:22 833376 52822.8283
2019:05:06 14:45:22 897378 57860.8215
2019:05:06 14:45:22 997374 68018.4662
2019:05:06 14:45:23 101363 93893.6211
2019:05:06 14:45:23 197354 95982.5329
2019:05:06 14:45:23 273378 73838.0663
2019:05:06 14:45:23 345391 65156.5716
2019:05:06 14:45:23 488308 106951.7992
2019:05:06 14:45:23 580871 90126.8832
2019:05:06 14:45:23 657049 47677.2971
2019:05:06 14:45:23 733381 60021.8922
2019:05:06 14:45:23 841373 72011.9849
2019:05:06 14:45:23 913463 65547.8872
2019:05:06 14:45:23 980218 61051.9201
2019:05:06 14:45:24 57379 72025.4853
2019:05:06 14:45:24 143205 79045.0685
2019:05:06 14:45:24 261376 116119.5748
2019:05:06 14:45:24 340239 74978.7875
2019:05:06 14:45:24 412330 66974.4238
2019:05:06 14:45:24 496285 80712.9219
2019:05:06 14:45:24 593381 72017.1295
2019:05:06 14:45:24 662582 61439.3987
2019:05:06 14:45:24 741208 65499.8906
2019:05:06 14:45:24 803471 46096.0753
2019:05:06 14:45:24 893360 71995.7799
2019:05:06 14:45:24 975933 82565.0133
2019:05:06 14:45:25 73377 72013.3632
2019:05:06 14:45:25 169362 84499.4038
2019:05:06 14:45:25 277368 107997.8235
2019:05:06 14:45:25 404724 127342.5706
2019:05:06 14:45:25 512056 82694.7801
2019:05:06 14:45:25 649359 108004.2534
2019:05:06 14:45:25 752048 102681.3798
2019:05:06 14:45:25 841938 87416.9990
2019:05:06 14:45:25 912336 62774.6023
2019:05:06 14:45:25 997913 82422.4986
2019:05:06 14:45:26 68696 67074.2728
2019:05:06 14:45:26 140437 68873.8152
2019:05:06 14:45:26 201908 58158.3269
2019:05:06 14:45:26 255870 48744.7865
2019:05:06 14:45:26 355886 72450.3025
2019:05:06 14:45:26 425122 66719.2750
2019:05:06 14:45:26 500407 70531.7780
2019:05:06 14:45:26 565512 62111.7428
2019:05:06 14:45:26 620398 51939.6514
2019:05:06 14:45:26 717065 93810.8042
2019:05:06 14:45:26 808411 84387.4924
2019:05:06 14:45:26 885103 73832.3629
2019:05:06 14:45:26 948499 60657.5906
2019:05:06 14:45:27 4597 53269.2820
2019:05:06 14:45:27 63979 56432.3924
2019:05:06 14:45:27 168523 85301.7084
2019:05:06 14:45:27 239817 68475.7046
2019:05:06 14:45:27 310134 67985.8588
2019:05:06 14:45:27 364710 49989.5103
2019:05:06 14:45:27 428097 53506.5345
2019:05:06 14:45:27 484327 48788.2122
2019:05:06 14:45:27 535074 43826.4646
2019:05:06 14:45:27 597259 55180.3522
2019:05:06 14:45:27 651822 51628.1351
2019:05:06 14:45:27 743925 89342.7730
2019:05:06 14:45:27 805756 59421.3866
2019:05:06 14:45:27 875408 54860.3162
2019:05:06 14:45:27 941779 61850.8160
2019:05:06 14:45:28 16733 70000.2909
2019:05:06 14:45:28 72783 50782.9040
2019:05:06 14:45:28 135845 59728.8050
2019:05:06 14:45:28 206403 68507.2131
2019:05:06 14:45:28 269013 51963.2958
2019:05:06 14:45:28 384068 71278.4529
2019:05:06 14:45:28 447148 59831.9434
2019:05:06 14:45:28 540127 85203.5694
2019:05:06 14:45:28 648663 96163.3399
2019:05:06 14:45:28 734245 81908.9748
2019:05:06 14:45:28 851823 84795.1397
2019:05:06 14:45:28 923496 68831.9132
2019:05:06 14:45:28 984903 58949.7834
2019:05:06 14:45:29 29149 37681.1549
2019:05:06 14:45:29 99590 54459.3669
2019:05:06 14:45:29 143031 37715.2786
2019:05:06 14:45:29 204061 52795.6858
2019:05:06 14:45:29 260974 51206.4770
2019:05:06 14:45:29 317200 52913.4795
2019:05:06 14:45:29 374023 49173.7723
2019:05:06 14:45:29 428570 47585.1707
2019:05:06 14:45:29 528820 64270.0195
2019:05:06 14:45:29 596836 65140.3107
2019:05:06 14:45:29 659085 58980.9716
2019:05:06 14:45:29 712757 50805.9710
2019:05:06 14:45:29 779920 51919.2368
2019:05:06 14:45:29 872094 71705.5723
2019:05:06 14:45:29 929836 54889.4145
2019:05:06 14:45:29 996594 44633.5562
2019:05:06 14:45:30 51894 50797.0266
2019:05:06 14:45:30 98571 44629.5775
2019:05:06 14:45:30 148151 45085.5121
2019:05:06 14:45:30 205059 53662.5125
2019:05:06 14:45:30 259957 50793.8266
2019:05:06 14:45:30 341029 60201.6672
2019:05:06 14:45:30 398643 54192.5654
2019:05:06 14:45:30 495858 90020.0121
2019:05:06 14:45:30 591487 93149.9898
2019:05:06 14:45:30 675698 72918.3443
2019:05:06 14:45:30 761492 84562.7785
2019:05:06 14:45:30 851412 65950.9189
2019:05:06 14:45:30 933316 79044.3309
2019:05:06 14:45:30 996416 57280.1828
2019:05:06 14:45:31 108246 88379.9233
2019:05:06 14:45:31 162790 51296.2900
2019:05:06 14:45:31 228807 57119.4291
2019:05:06 14:45:31 314227 82335.2970
2019:05:06 14:45:31 371977 53204.4657
2019:05:06 14:45:31 457843 73866.1736
2019:05:06 14:45:31 517990 57039.8197
2019:05:06 14:45:31 601863 81117.1122
2019:05:06 14:45:31 691446 66625.1704
2019:05:06 14:45:31 742660 48750.5123
2019:05:06 14:45:31 798763 52371.4162
2019:05:06 14:45:31 864341 61019.0593
2019:05:06 14:45:31 922066 54816.7154
2019:05:06 14:45:31 986428 53644.5230
2019:05:06 14:45:32 47375 57746.3843
2019:05:06 14:45:32 113379 56464.7578
2019:05:06 14:45:32 189377 69105.5395
2019:05:06 14:45:32 295990 74625.8982
2019:05:06 14:45:32 453360 107982.1549
2019:05:06 14:45:32 532341 78972.1012
2019:05:06 14:45:32 597864 62677.0668
2019:05:06 14:45:32 657379 55905.6364
2019:05:06 14:45:32 736714 68406.0715
2019:05:06 14:45:32 829377 76015.0626
2019:05:06 14:45:32 903007 66744.1078
2019:05:06 14:45:32 973378 63415.5981
2019:05:06 14:45:33 49641 69637.3619
2019:05:06 14:45:33 108622 39260.9909
2019:05:06 14:45:33 197376 61280.6641
2019:05:06 14:45:33 274499 69206.0813
2019:05:06 14:45:33 397377 72004.1469
2019:05:06 14:45:33 476015 74551.9586
2019:05:06 14:45:33 571851 74487.0342
2019:05:06 14:45:33 640673 66370.8784
2019:05:06 14:45:33 753360 95991.8872
2019:05:06 14:45:33 818844 65474.9982
2019:05:06 14:45:33 909370 77401.6418
2019:05:06 14:45:33 973370 61239.2873
2019:05:06 14:45:34 37381 49395.3638
2019:05:06 14:45:34 109378 62408.7341
2019:05:06 14:45:34 217372 98301.8018
2019:05:06 14:45:34 292742 64308.1255
2019:05:06 14:45:34 355800 46446.1818
2019:05:06 14:45:34 440181 66819.2767
2019:05:06 14:45:34 508565 63070.9790
2019:05:06 14:45:34 605376 72007.7232
2019:05:06 14:45:34 708043 66675.7412
2019:05:06 14:45:34 807727 63226.2379
2019:05:06 14:45:34 905377 96177.8834
2019:05:06 14:45:34 986548 76183.1924
2019:05:06 14:45:35 105380 96012.0410
2019:05:06 14:45:35 202410 65049.0113
2019:05:06 14:45:35 340007 92116.4341
2019:05:06 14:45:35 404725 61445.4411
2019:05:06 14:45:35 489377 64013.2688
2019:05:06 14:45:35 585376 64016.3273
2019:05:06 14:45:35 681359 84133.7293
2019:05:06 14:45:35 788542 107175.4396
2019:05:06 14:45:35 871274 61907.9657
2019:05:06 14:45:35 951942 76592.8999
2019:05:06 14:45:36 49377 72011.4149
2019:05:06 14:45:36 157976 72604.6190
2019:05:06 14:45:36 246838 55288.3819
2019:05:06 14:45:36 304465 53253.1962
2019:05:06 14:45:36 409373 71998.2944
2019:05:06 14:45:36 473379 55735.3385
2019:05:06 14:45:36 540106 62267.3072
2019:05:06 14:45:36 625378 77457.2976
2019:05:06 14:45:36 737376 80011.6546
2019:05:06 14:45:36 805525 62688.5965
2019:05:06 14:45:36 866523 56490.7305
2019:05:06 14:45:36 961360 81304.8929
2019:05:06 14:45:37 49380 88012.5016
2019:05:06 14:45:37 121380 64781.4572
2019:05:06 14:45:37 204892 72948.0609
2019:05:06 14:45:37 289382 80849.2005
2019:05:06 14:45:37 381360 80655.3476
2019:05:06 14:45:37 485361 103992.2349
2019:05:06 14:45:37 557375 72005.8866
2019:05:06 14:45:37 697373 104006.1601
2019:05:06 14:45:37 793374 64020.4363
2019:05:06 14:45:37 881361 55996.2429
2019:05:06 14:45:37 989361 107992.0828
2019:05:06 14:45:38 70300 80928.4672
2019:05:06 14:45:38 174334 65134.3539
2019:05:06 14:45:38 261373 64009.3349
2019:05:06 14:45:38 325377 59711.8512
2019:05:06 14:45:38 425408 94210.9711
2019:05:06 14:45:38 529377 72013.7730
2019:05:06 14:45:38 608898 73728.7961
2019:05:06 14:45:38 721362 95997.1957
2019:05:06 14:45:38 857364 135993.8011
2019:05:06 14:45:38 967724 110350.8621
2019:05:06 14:45:39 53377 81568.4721
2019:05:06 14:45:39 127874 64722.0351
2019:05:06 14:45:39 213377 64022.0679
2019:05:06 14:45:39 321356 101329.8668
2019:05:06 14:45:39 433380 112014.2378
2019:05:06 14:45:39 529359 88584.9260
2019:05:06 14:45:39 605422 76054.8934
2019:05:06 14:45:39 729364 120665.5242
2019:05:06 14:45:39 837378 108003.8995
2019:05:06 14:45:39 946224 68856.8689
2019:05:06 14:45:40 11741 60616.9663
2019:05:06 14:45:40 137362 99987.6298
2019:05:06 14:45:40 209380 72009.2766
2019:05:06 14:45:40 281376 67300.2042
2019:05:06 14:45:40 385378 64012.0506
2019:05:06 14:45:40 455724 61860.3937
2019:05:06 14:45:40 517375 57554.7926
2019:05:06 14:45:40 589379 64028.1923
2019:05:06 14:45:40 700661 75296.7633
2019:05:06 14:45:40 773375 64939.8305
2019:05:06 14:45:40 917361 107993.9082
2019:05:06 14:45:41 17376 100007.3664
2019:05:06 14:45:41 91404 67592.2558
2019:05:06 14:45:41 181375 64009.4206
2019:05:06 14:45:41 249376 60471.8663
2019:05:06 14:45:41 321377 64884.1150
2019:05:06 14:45:41 412127 83972.9309
2019:05:06 14:45:41 506738 70026.7516
2019:05:06 14:45:41 581376 71777.7461
2019:05:06 14:45:41 717374 121308.7402
2019:05:06 14:45:41 788959 64734.8277
2019:05:06 14:45:41 861431 49564.0710
2019:05:06 14:45:41 940880 69220.2859
2019:05:06 14:45:42 29359 85195.9921
2019:05:06 14:45:42 117377 88008.0536
2019:05:06 14:45:42 213678 60315.3370
2019:05:06 14:45:42 291110 72534.9821
2019:05:06 14:45:42 377095 67734.9903
2019:05:06 14:45:42 441823 62264.9118
2019:05:06 14:45:42 573363 124007.7242
2019:05:06 14:45:42 640881 67509.4724
2019:05:06 14:45:42 701380 56838.4081
2019:05:06 14:45:42 797375 84807.3475
2019:05:06 14:45:42 865324 56940.2315
2019:05:06 14:45:42 976320 82951.8102
2019:05:06 14:45:43 77382 76017.2606
2019:05:06 14:45:43 149377 66978.1305
2019:05:06 14:45:43 217161 62663.6744
2019:05:06 14:45:43 277377 54906.9382
2019:05:06 14:45:43 346612 58159.4929
2019:05:06 14:45:43 449381 72012.4952
2019:05:06 14:45:43 565363 109541.0697
2019:05:06 14:45:43 630872 65499.0412
2019:05:06 14:45:43 729160 67794.9153
2019:05:06 14:45:43 833385 76021.0045
2019:05:06 14:45:43 905376 65593.5667
2019:05:06 14:45:43 991301 79046.5884
2019:05:06 14:45:44 81377 72020.1395
2019:05:06 14:45:44 165377 64014.3566
2019:05:06 14:45:44 234575 58938.9354
2019:05:06 14:45:44 333389 72021.3279
2019:05:06 14:45:44 413396 69036.2826
2019:05:06 14:45:44 512274 71252.8341
2019:05:06 14:45:44 593382 67427.0838
2019:05:06 14:45:44 660953 64317.1705
2019:05:06 14:45:44 729385 61054.1552
2019:05:06 14:45:44 801376 61357.9005
2019:05:06 14:45:44 909371 96857.9836
2019:05:06 14:45:44 980862 64343.0352
2019:05:06 14:45:45 65373 80860.0597
2019:05:06 14:45:45 151239 74559.0255
2019:05:06 14:45:45 256033 78674.2568
2019:05:06 14:45:45 328993 69658.0634
2019:05:06 14:45:45 397380 63500.5645
2019:05:06 14:45:45 485360 71995.9810
2019:05:06 14:45:45 553439 68071.1567
2019:05:06 14:45:45 657379 72004.6684
2019:05:06 14:45:45 743076 77838.3501
2019:05:06 14:45:45 881365 133779.7754
2019:05:06 14:45:46 5381 124004.3975
2019:05:06 14:45:46 77379 64394.1388
2019:05:06 14:45:46 169372 86746.8268
2019:05:06 14:45:46 277359 97256.1873
2019:05:06 14:45:46 385379 108009.6662
2019:05:06 14:45:46 517360 108000.4387
2019:05:06 14:45:46 629377 112007.1486
2019:05:06 14:45:46 693379 56573.9609
2019:05:06 14:45:46 766232 58566.5703
2019:05:06 14:45:46 869373 72006.6130
2019:05:06 14:45:46 977376 65303.6945
2019:05:06 14:45:47 61378 77219.9593
2019:05:06 14:45:47 136124 68839.5649
2019:05:06 14:45:47 241381 72016.3919
2019:05:06 14:45:47 311406 63882.8576
2019:05:06 14:45:47 377377 60219.3363
2019:05:06 14:45:47 449378 64675.7819
2019:05:06 14:45:47 537385 83451.3307
2019:05:06 14:45:47 615725 67976.2475
2019:05:06 14:45:47 705371 72006.0095
2019:05:06 14:45:47 773379 61815.5040
2019:05:06 14:45:47 881361 96908.9195
2019:05:06 14:45:47 949371 68000.6668
2019:05:06 14:45:48 99840 122486.4572
2019:05:06 14:45:48 169894 67191.6828
2019:05:06 14:45:48 214143 41386.7570
2019:05:06 14:45:48 277376 57934.6605
2019:05:06 14:45:48 421364 130224.5967
2019:05:06 14:45:48 533380 112006.4668
2019:05:06 14:45:48 606906 65533.3959
2019:05:06 14:45:48 685359 75582.3627
2019:05:06 14:45:48 749382 64015.5934
2019:05:06 14:45:48 837371 80146.8752
2019:05:06 14:45:48 937359 91261.2081
2019:05:06 14:45:49 17379 80009.6802
2019:05:06 14:45:49 81386 59560.5858
2019:05:06 14:45:49 145380 49027.8155
2019:05:06 14:45:49 222918 72488.9189
2019:05:06 14:45:49 271260 45452.9338
2019:05:06 14:45:49 365374 80606.3004
2019:05:06 14:45:49 465375 68019.8111
2019:05:06 14:45:49 562451 58146.6146
2019:05:06 14:45:49 659947 70580.0503
2019:05:06 14:45:49 717376 54567.3408
2019:05:06 14:45:49 793043 66765.1445
2019:05:06 14:45:49 849586 53645.9461
2019:05:06 14:45:49 923348 66842.0568
2019:05:06 14:45:49 997364 71157.0494
2019:05:06 14:45:50 81366 83994.3066
2019:05:06 14:45:50 145376 63999.7423
2019:05:06 14:45:50 241391 64025.8826
2019:05:06 14:45:50 305366 60521.7218
2019:05:06 14:45:50 382314 76938.7409
2019:05:06 14:45:50 439004 37640.4524
2019:05:06 14:45:50 541381 76014.1574
2019:05:06 14:45:50 651156 102401.1560
2019:05:06 14:45:50 741354 86936.5260
2019:05:06 14:45:50 805376 62472.2652
2019:05:06 14:45:50 883802 71241.1739
2019:05:06 14:45:50 944407 57349.0411
2019:05:06 14:45:51 13220 43856.8443
2019:05:06 14:45:51 87790 59799.4179
2019:05:06 14:45:51 185246 71883.4549
2019:05:06 14:45:51 255319 45952.6666
2019:05:06 14:45:51 317955 44589.0725
2019:05:06 14:45:51 376925 55697.7764
2019:05:06 14:45:51 471164 69797.8325
2019:05:06 14:45:51 537354 48158.5786
2019:05:06 14:45:51 601372 61820.2575
2019:05:06 14:45:51 669371 64302.1315
2019:05:06 14:45:51 748822 70451.9153
2019:05:06 14:45:51 833379 61592.0760
2019:05:06 14:45:51 958151 104788.1208
2019:05:06 14:45:52 22020 61396.2226
2019:05:06 14:45:52 90086 64792.1339
2019:05:06 14:45:52 146154 50824.5565
2019:05:06 14:45:52 212485 55703.7182
2019:05:06 14:45:52 337375 96011.1171
2019:05:06 14:45:52 409378 61728.2018
2019:05:06 14:45:52 473378 56925.6358
2019:05:06 14:45:52 537376 57864.6995
2019:05:06 14:45:52 633362 88692.2553
2019:05:06 14:45:52 708111 74740.5477
2019:05:06 14:45:52 781845 68405.9970
2019:05:06 14:45:52 911288 93915.6488
2019:05:06 14:45:52 978865 55281.8924
2019:05:06 14:45:53 64477 80749.5229
2019:05:06 14:45:53 125070 57342.2350
2019:05:06 14:45:53 191021 61855.6589
2019:05:06 14:45:53 250033 50004.6052
2019:05:06 14:45:53 297922 43417.5245
2019:05:06 14:45:53 371250 67186.8175
2019:05:06 14:45:53 427358 52034.6351
2019:05:06 14:45:53 491771 51711.0676
2019:05:06 14:45:53 547370 49983.5312
2019:05:06 14:45:53 616584 56518.4131
2019:05:06 14:45:53 697678 77835.6418
2019:05:06 14:45:53 761986 44619.3069
2019:05:06 14:45:53 861361 71997.6127
2019:05:06 14:45:53 933377 72007.4959
2019:05:06 14:45:54 41372 99584.5385
2019:05:06 14:45:54 109378 60692.5264
2019:05:06 14:45:54 185375 71863.6215
2019:05:06 14:45:54 261271 70036.5379
2019:05:06 14:45:54 329380 63581.2581
2019:05:06 14:45:54 401392 66397.4211
2019:05:06 14:45:54 477133 68836.2718
2019:05:06 14:45:54 593384 96013.1660
2019:05:06 14:45:54 693378 88481.2884
2019:05:06 14:45:54 769150 69626.8119
2019:05:06 14:45:54 833455 44090.2300
2019:05:06 14:45:54 941373 88005.4422
2019:05:06 14:45:55 5381 55616.6992
2019:05:06 14:45:55 97378 85339.7846
2019:05:06 14:45:55 205378 99559.0910
2019:05:06 14:45:55 338454 101075.0644
2019:05:06 14:45:55 429375 87236.6913
2019:05:06 14:45:55 505378 71469.0909
2019:05:06 14:45:55 613381 72015.2669
2019:05:06 14:45:55 709120 87609.3023
2019:05:06 14:45:55 775082 62668.3161
2019:05:06 14:45:55 909378 104013.2418
2019:05:06 14:45:55 995427 58067.7912
2019:05:06 14:45:56 97366 67999.6870
2019:05:06 14:45:56 209374 111998.2228
2019:05:06 14:45:56 309380 84978.8040
2019:05:06 14:45:56 375949 54889.2990
2019:05:06 14:45:56 437402 52425.4739
2019:05:06 14:45:56 545397 72026.9158
2019:05:06 14:45:56 657395 75804.0361
2019:05:06 14:45:56 753389 89093.4952
2019:05:06 14:45:56 860868 99107.7088
2019:05:06 14:45:56 933406 69652.6505
2019:05:06 14:45:57 4237 60587.7265
2019:05:06 14:45:57 64872 56945.3537
2019:05:06 14:45:57 137366 61827.3504
2019:05:06 14:45:57 213391 71515.4633
2019:05:06 14:45:57 309368 88864.4122
2019:05:06 14:45:57 421368 111987.2816
2019:05:06 14:45:57 529394 108013.0935
2019:05:06 14:45:57 666970 128247.3393
2019:05:06 14:45:57 760719 92557.5867
2019:05:06 14:45:57 833392 69381.2445
2019:05:06 14:45:57 917405 77221.2818
2019:05:06 14:45:58 35612 94224.6690
2019:05:06 14:45:58 108131 70072.4386
2019:05:06 14:45:58 179828 68837.3260
2019:05:06 14:45:58 245398 62328.5249
2019:05:06 14:45:58 341366 87454.2482
2019:05:06 14:45:58 406331 64952.4182
2019:05:06 14:45:58 469390 59415.2883
2019:05:06 14:45:58 561376 84644.1053
2019:05:06 14:45:58 629972 68583.6598
2019:05:06 14:45:58 717388 64015.1538
2019:05:06 14:45:58 809368 87297.2012
2019:05:06 14:45:58 893385 84004.8715
2019:05:06 14:45:58 968232 67592.3936
2019:05:06 14:45:59 33391 62709.7040
2019:05:06 14:45:59 145398 104267.9884
2019:05:06 14:45:59 234066 81111.8223
2019:05:06 14:45:59 413370 143988.0282
2019:05:06 14:45:59 513372 99988.3413
2019:05:06 14:45:59 613360 99974.1703
2019:05:06 14:45:59 727593 111810.3936
2019:05:06 14:45:59 825389 71999.7548
2019:05:06 14:45:59 897406 61535.1647
2019:05:06 14:45:59 980372 74565.1163
2019:05:06 14:46:00 61397 78150.2463
2019:05:06 14:46:00 123706 56111.2240
2019:05:06 14:46:00 229395 72019.5509
2019:05:06 14:46:00 353377 113724.7868
2019:05:06 14:46:00 431299 77909.3206
2019:05:06 14:46:00 501069 66901.7322
2019:05:06 14:46:00 569376 60245.8790
2019:05:06 14:46:00 637376 61490.2079
2019:05:06 14:46:00 747905 78543.2942
2019:05:06 14:46:00 821377 56013.3792
2019:05:06 14:46:00 892902 63490.0592
2019:05:06 14:46:00 981359 83132.7550
2019:05:06 14:46:01 49377 68008.8997
2019:05:06 14:46:01 145362 84936.9653
2019:05:06 14:46:01 209924 64552.5120
2019:05:06 14:46:01 305359 86829.9939
2019:05:06 14:46:01 401378 96007.8984
2019:05:06 14:46:01 497856 64495.2506
2019:05:06 14:46:01 581385 77357.7206
2019:05:06 14:46:01 693367 103343.6656
2019:05:06 14:46:01 768213 71293.5068
2019:05:06 14:46:01 847639 71417.5738
2019:05:06 14:46:01 932439 82356.2108
2019:05:06 14:46:02 17383 79624.7683
2019:05:06 14:46:02 97383 71984.5928
2019:05:06 14:46:02 205372 72007.2649
2019:05:06 14:46:02 284665 72883.4048
2019:05:06 14:46:02 373374 83398.6066
2019:05:06 14:46:02 469374 81088.7180
2019:05:06 14:46:02 561378 85409.2874
2019:05:06 14:46:02 640995 74514.3853
2019:05:06 14:46:02 719229 72911.4637
2019:05:06 14:46:02 809751 68391.1778
2019:05:06 14:46:02 910522 73167.7078
2019:05:06 14:46:03 26843 110606.2569
2019:05:06 14:46:03 89804 60944.3299
2019:05:06 14:46:03 209378 88759.3590
2019:05:06 14:46:03 283237 69247.4358
2019:05:06 14:46:03 393370 104823.6974
2019:05:06 14:46:03 495374 70019.3197
2019:05:06 14:46:03 569524 68414.5018
2019:05:06 14:46:03 685375 111360.2035
2019:05:06 14:46:03 782503 65141.2569
2019:05:06 14:46:03 883395 78039.7207
2019:05:06 14:46:03 958627 69633.7298
2019:05:06 14:46:04 65377 84003.3218
2019:05:06 14:46:04 193384 96016.1090
2019:05:06 14:46:04 300221 73310.8148
2019:05:06 14:46:04 381370 77073.1568
2019:05:06 14:46:04 493371 104014.4600
2019:05:06 14:46:04 593381 76024.4764
2019:05:06 14:46:04 692186 91329.9061
2019:05:06 14:46:04 781375 86338.7845
2019:05:06 14:46:04 855197 67583.7435
2019:05:06 14:46:04 937376 76049.9500
2019:05:06 14:46:05 6777 63509.3376
2019:05:06 14:46:05 91964 79495.4672
2019:05:06 14:46:05 191057 77701.9821
2019:05:06 14:46:05 305362 95998.5480
2019:05:06 14:46:05 411809 106437.9178
2019:05:06 14:46:05 517380 102689.2774
2019:05:06 14:46:05 603503 70147.4510
2019:05:06 14:46:05 685372 77366.6948
2019:05:06 14:46:05 793380 100945.3945
2019:05:06 14:46:05 937370 108004.7935
2019:05:06 14:46:06 64385 120822.5973
2019:05:06 14:46:06 142182 68826.5860
2019:05:06 14:46:06 245384 72027.1394
2019:05:06 14:46:06 341361 88578.9432
2019:05:06 14:46:06 437359 95990.9931
2019:05:06 14:46:06 512040 74672.2929
2019:05:06 14:46:06 613374 92017.2296
2019:05:06 14:46:06 710725 70480.1269
2019:05:06 14:46:06 837375 120969.9698
2019:05:06 14:46:06 943755 98715.7896
2019:05:06 14:46:07 18707 67191.2730
2019:05:06 14:46:07 129378 82828.6186
2019:05:06 14:46:07 205378 70779.3720
2019:05:06 14:46:07 283717 72929.2668
2019:05:06 14:46:07 377381 64018.9499
2019:05:06 14:46:07 449376 64921.0438
2019:05:06 14:46:07 514286 60193.4120
2019:05:06 14:46:07 613382 68014.7521
2019:05:06 14:46:07 690435 71688.0187
2019:05:06 14:46:07 777234 67879.8743
2019:05:06 14:46:07 869368 85982.5015
2019:05:06 14:46:07 959910 84758.8070
2019:05:06 14:46:08 38151 74571.3860
2019:05:06 14:46:08 139726 70361.9644
2019:05:06 14:46:08 257376 114176.2063
2019:05:06 14:46:08 363364 74002.0908
2019:05:06 14:46:08 449376 83156.4851
2019:05:06 14:46:08 523089 66780.2803
2019:05:06 14:46:08 613381 68013.0832
2019:05:06 14:46:08 722561 102397.6319
2019:05:06 14:46:08 811040 69669.2839
2019:05:06 14:46:08 873881 60400.2997
2019:05:06 14:46:08 949484 70073.8728
2019:05:06 14:46:09 8450 39086.4834
2019:05:06 14:46:09 77266 62667.5077
2019:05:06 14:46:09 157374 73564.6375
2019:05:06 14:46:09 257373 64005.6767
2019:05:06 14:46:09 353378 88133.4990
2019:05:06 14:46:09 425377 66320.9073
2019:05:06 14:46:09 541379 109829.3141
2019:05:06 14:46:09 629375 80682.1138
2019:05:06 14:46:09 743235 77880.4868
2019:05:06 14:46:09 837375 89229.5502
2019:05:06 14:46:09 949376 76014.2095
2019:05:06 14:46:10 57374 99934.0266
2019:05:06 14:46:10 155719 70879.4892
2019:05:06 14:46:10 231893 69661.0883
2019:05:06 14:46:10 310097 73317.4421
2019:05:06 14:46:10 397378 79924.9634
2019:05:06 14:46:10 505374 72007.1532
2019:05:06 14:46:10 603833 89676.3653
2019:05:06 14:46:10 741373 96007.2130
2019:05:06 14:46:10 856944 111361.1348
2019:05:06 14:46:10 938463 78660.3242
2019:05:06 14:46:11 26123 68764.5972
2019:05:06 14:46:11 96558 65541.1072
2019:05:06 14:46:11 193378 72012.5809
2019:05:06 14:46:11 301385 72012.4803
2019:05:06 14:46:11 393373 85066.8252
2019:05:06 14:46:11 489359 85188.7837
2019:05:06 14:46:11 593378 104010.6416
2019:05:06 14:46:11 701383 72022.7733
2019:05:06 14:46:11 782671 74527.1705
2019:05:06 14:46:11 865375 64009.6776
2019:05:06 14:46:11 941155 67981.4816
2019:05:06 14:46:12 19801 66442.2549
2019:05:06 14:46:12 121377 76011.7136
2019:05:06 14:46:12 257359 99994.1081
2019:05:06 14:46:12 332302 74934.7992
2019:05:06 14:46:12 426110 70042.5692
2019:05:06 14:46:12 499008 41644.4354
2019:05:06 14:46:12 605377 76010.0782
2019:05:06 14:46:12 680457 66356.9197
2019:05:06 14:46:12 769379 80708.8614
2019:05:06 14:46:12 868439 67063.2273
2019:05:06 14:46:12 962654 69300.1784
2019:05:06 14:46:13 36415 70474.6656
2019:05:06 14:46:13 185363 104022.3986
2019:05:06 14:46:13 264522 79150.0583
2019:05:06 14:46:13 368151 100366.2795
2019:05:06 14:46:13 456198 62832.5008
2019:05:06 14:46:13 557373 95838.2264
2019:05:06 14:46:13 665377 101047.3110
2019:05:06 14:46:13 773389 72019.0443
2019:05:06 14:46:13 865376 84785.5210
2019:05:06 14:46:13 962863 61500.7915
2019:05:06 14:46:14 55836 66462.2895
2019:05:06 14:46:14 130793 70048.0491
2019:05:06 14:46:14 233374 96031.6584
2019:05:06 14:46:14 337375 72013.6464
2019:05:06 14:46:14 421209 76597.6869
2019:05:06 14:46:14 533382 72009.2654
2019:05:06 14:46:14 649376 80009.9224
2019:05:06 14:46:14 728771 70862.0660
2019:05:06 14:46:14 829380 65399.4642
2019:05:06 14:46:14 937378 72012.1339
2019:05:06 14:46:15 20423 75774.8559
2019:05:06 14:46:15 145362 103987.5261
2019:05:06 14:46:15 222347 76976.9326
2019:05:06 14:46:15 309372 64003.5644
2019:05:06 14:46:15 384133 67160.9640
2019:05:06 14:46:15 513378 124751.8398
2019:05:06 14:46:15 629362 110890.5040
2019:05:06 14:46:15 706487 77116.1206
2019:05:06 14:46:15 779379 64721.8116
2019:05:06 14:46:15 881375 97492.5794
2019:05:06 14:46:15 993360 80451.0601
2019:05:06 14:46:16 56255 62885.9997
2019:05:06 14:46:16 126304 66763.4979
2019:05:06 14:46:16 263481 118117.8205
2019:05:06 14:46:16 334780 71289.2190
2019:05:06 14:46:16 461370 96006.2593
2019:05:06 14:46:16 560441 91340.7058
2019:05:06 14:46:16 648145 84419.4852
2019:05:06 14:46:16 725129 73761.4445
2019:05:06 14:46:16 849374 97628.7834
2019:05:06 14:46:16 969372 84001.7311
2019:05:06 14:46:17 42969 65959.9677
2019:05:06 14:46:17 133376 56006.6551
2019:05:06 14:46:17 225375 56008.6668
2019:05:06 14:46:17 313384 82019.9586
2019:05:06 14:46:17 402581 83976.1756
2019:05:06 14:46:17 477557 68407.3679
2019:05:06 14:46:17 555365 59403.1513
2019:05:06 14:46:17 641381 69239.3444
2019:05:06 14:46:17 781358 107995.4803
2019:05:06 14:46:17 853377 72010.1222
2019:05:06 14:46:17 955916 95839.7202
2019:05:06 14:46:18 23912 63049.9683
2019:05:06 14:46:18 124688 95329.8807
2019:05:06 14:46:18 241373 113421.6785
2019:05:06 14:46:18 337386 85274.5175
2019:05:06 14:46:18 441377 96746.8508
2019:05:06 14:46:18 513373 61433.9523
2019:05:06 14:46:18 605375 61259.4374
2019:05:06 14:46:18 717377 72011.4596
2019:05:06 14:46:18 815268 92577.3308
2019:05:06 14:46:18 890605 58952.2719
2019:05:06 14:46:18 965375 71914.5276
2019:05:06 14:46:19 41384 68462.8934
2019:05:06 14:46:19 121376 76351.8214
2019:05:06 14:46:19 253369 85877.5154
2019:05:06 14:46:19 349354 87658.6288
2019:05:06 14:46:19 448463 99078.9905
2019:05:06 14:46:19 553362 85229.8029
2019:05:06 14:46:19 629372 76000.2285
2019:05:06 14:46:19 729866 64504.0981
2019:05:06 14:46:19 826101 64733.7325
2019:05:06 14:46:19 905384 75608.8123
2019:05:06 14:46:20 16550 105275.1467
2019:05:06 14:46:20 121376 101965.9601
2019:05:06 14:46:20 229359 101402.7782
2019:05:06 14:46:20 338917 109548.4383
2019:05:06 14:46:20 436004 70640.0983
2019:05:06 14:46:20 526911 83978.0457
2019:05:06 14:46:20 617014 81072.5801
2019:05:06 14:46:20 741375 85021.1009
2019:05:06 14:46:20 813611 67970.0188
2019:05:06 14:46:20 957374 137205.3735
2019:05:06 14:46:21 65367 104706.7083
2019:05:06 14:46:21 137378 72001.5615
2019:05:06 14:46:21 249360 103572.7635
2019:05:06 14:46:21 357360 107991.4495
2019:05:06 14:46:21 465379 108010.8546
2019:05:06 14:46:21 561378 87893.5643
2019:05:06 14:46:21 632422 63087.4932
2019:05:06 14:46:21 725375 86006.0304
2019:05:06 14:46:21 821376 91903.3401
2019:05:06 14:46:21 909380 77898.9978
2019:05:06 14:46:21 998173 82311.7755
2019:05:06 14:46:22 81396 79941.7086
2019:05:06 14:46:22 185376 72012.2792
2019:05:06 14:46:22 293381 72014.2499
2019:05:06 14:46:22 417359 117739.8711
2019:05:06 14:46:22 497051 79683.3150
2019:05:06 14:46:22 605388 84023.3155
2019:05:06 14:46:22 685858 75789.2095
2019:05:06 14:46:22 781371 68005.4277
2019:05:06 14:46:22 856657 67598.8644
2019:05:06 14:46:22 950869 73514.5062
2019:05:06 14:46:23 33382 64020.1867
2019:05:06 14:46:23 129378 87993.9795
2019:05:06 14:46:23 201531 66773.7201
2019:05:06 14:46:23 289373 64011.2236
2019:05:06 14:46:23 367821 74554.4843
2019:05:06 14:46:23 481369 96009.1017
2019:05:06 14:46:23 560718 72081.2753
2019:05:06 14:46:23 681361 103995.8186
2019:05:06 14:46:23 789379 108008.4741
2019:05:06 14:46:23 885354 87888.8369
2019:05:06 14:46:23 964169 77436.6371
2019:05:06 14:46:24 73377 80945.6818
2019:05:06 14:46:24 159953 66588.9606
2019:05:06 14:46:24 245371 72011.6086
2019:05:06 14:46:24 349373 96032.4518
2019:05:06 14:46:24 447896 83153.2627
2019:05:06 14:46:24 780857 329299.4052
2019:05:06 14:46:24 856673 72540.2534
2019:05:06 14:46:24 925889 66357.6424
2019:05:06 14:46:25 53379 96010.2081
2019:05:06 14:46:25 120044 60208.6894
2019:05:06 14:46:25 201360 63998.4794
2019:05:06 14:46:25 297372 96002.2286
2019:05:06 14:46:25 371532 68021.4204
2019:05:06 14:46:25 461378 68014.4653
2019:05:06 14:46:25 548056 54691.8884
2019:05:06 14:46:25 645360 80523.4909
2019:05:06 14:46:25 722925 77556.0215
2019:05:06 14:46:25 845374 96007.6004
2019:05:06 14:46:25 969363 118638.5639
2019:05:06 14:46:26 68231 98859.9956
2019:05:06 14:46:26 205361 134255.1112
2019:05:06 14:46:26 345355 139986.4182
2019:05:06 14:46:26 452016 105299.7746
2019:05:06 14:46:26 545377 90108.7187
2019:05:06 14:46:26 656374 74982.1998
2019:05:06 14:46:26 729381 70952.3037
2019:05:06 14:46:26 861578 100214.5968
2019:05:06 14:46:26 962355 66762.8422
2019:05:06 14:46:27 33378 65744.5788
2019:05:06 14:46:27 96286 59384.3162
2019:05:06 14:46:27 184227 85043.9183
2019:05:06 14:46:27 267922 66559.0279
2019:05:06 14:46:27 361376 90983.9831
2019:05:06 14:46:27 460418 83941.9290
2019:05:06 14:46:27 536597 73323.8347
2019:05:06 14:46:27 645377 92022.9703
2019:05:06 14:46:27 750375 96648.8160
2019:05:06 14:46:27 843502 70044.8602
2019:05:06 14:46:27 930614 79022.8508
2019:05:06 14:46:28 45354 105668.9918
2019:05:06 14:46:28 155101 109382.9088
2019:05:06 14:46:28 253374 72008.1590
2019:05:06 14:46:28 361380 96915.7852
2019:05:06 14:46:28 497373 125608.9844
2019:05:06 14:46:28 597402 100015.5844
2019:05:06 14:46:28 697388 92568.3528
2019:05:06 14:46:28 775623 74131.3174
2019:05:06 14:46:28 874331 76948.6465
2019:05:06 14:46:28 968529 75159.9669
2019:05:06 14:46:29 61400 72016.7495
2019:05:06 14:46:29 169391 72014.3318
2019:05:06 14:46:29 248808 73871.0761
2019:05:06 14:46:29 329397 64026.2254
2019:05:06 14:46:29 433392 89617.1331
2019:05:06 14:46:29 541369 103452.4739
2019:05:06 14:46:29 657466 116084.3372
2019:05:06 14:46:29 745386 83823.3009
2019:05:06 14:46:29 857825 72449.5910
2019:05:06 14:46:29 927483 65169.3866
2019:05:06 14:46:30 19224 74995.6667
2019:05:06 14:46:30 123658 82285.3707
2019:05:06 14:46:30 215800 74397.8880
2019:05:06 14:46:30 321369 102244.2356
2019:05:06 14:46:30 413394 92011.9956
2019:05:06 14:46:30 509390 88388.9869
2019:05:06 14:46:30 585390 72237.2234
2019:05:06 14:46:30 666757 75773.1460
2019:05:06 14:46:30 756438 67067.2283
2019:05:06 14:46:30 849395 89682.1991
2019:05:06 14:46:30 917419 61872.5121
2019:05:06 14:46:31 17400 96303.0308
2019:05:06 14:46:31 109396 85448.5333
2019:05:06 14:46:31 249368 131656.3487
2019:05:06 14:46:31 360621 111239.2060
2019:05:06 14:46:31 445391 72020.8623
2019:05:06 14:46:31 553396 99413.0373
2019:05:06 14:46:31 653388 88409.0848
2019:05:06 14:46:31 745390 84946.9155
2019:05:06 14:46:31 841382 85104.7151
2019:05:06 14:46:31 937390 84460.9477
2019:05:06 14:46:32 43419 74046.8688
2019:05:06 14:46:32 122252 65325.8376
2019:05:06 14:46:32 221389 72012.1711
2019:05:06 14:46:32 333394 76014.7646
2019:05:06 14:46:32 452544 79553.2763
2019:05:06 14:46:32 549377 72006.9855
2019:05:06 14:46:32 657378 72014.3281
2019:05:06 14:46:32 763830 70464.0113
2019:05:06 14:46:32 861377 95096.9085
2019:05:06 14:46:32 957388 89539.5577
2019:05:06 14:46:33 77371 104016.8181
2019:05:06 14:46:33 157376 72846.9491
2019:05:06 14:46:33 256536 67168.4369
2019:05:06 14:46:33 325378 65958.3472
2019:05:06 14:46:33 401970 70063.5053
2019:05:06 14:46:33 501362 84001.2282
2019:05:06 14:46:33 587901 86531.0915
2019:05:06 14:46:33 677380 72025.2655
2019:05:06 14:46:33 733376 51667.0085
2019:05:06 14:46:33 802523 54057.9036
2019:05:06 14:46:33 885370 59998.0727
2019:05:06 14:46:33 983553 66190.4737
2019:05:06 14:46:34 73382 76026.8271
2019:05:06 14:46:34 143730 61046.2725
2019:05:06 14:46:34 216236 67994.8516
2019:05:06 14:46:34 269461 49959.8794
2019:05:06 14:46:34 335012 60644.4329
2019:05:06 14:46:34 473381 108005.4790
2019:05:06 14:46:34 581173 96671.8383
2019:05:06 14:46:34 673363 84804.5461
2019:05:06 14:46:34 769369 95996.9722
2019:05:06 14:46:34 876097 91765.4932
2019:05:06 14:46:34 973384 72015.4308
2019:05:06 14:46:35 43634 60208.0747
2019:05:06 14:46:35 110809 60627.8405
2019:05:06 14:46:35 237360 96004.1396
2019:05:06 14:46:35 345368 107998.5201
2019:05:06 14:46:35 488840 107476.6256
2019:05:06 14:46:35 569372 64011.3652
2019:05:06 14:46:35 673380 72022.5051
2019:05:06 14:46:35 745382 64851.7571
2019:05:06 14:46:35 857374 76010.4768
2019:05:06 14:46:35 955775 66410.6570
2019:05:06 14:46:36 29379 69113.7575
2019:05:06 14:46:36 125331 63960.5895
2019:05:06 14:46:36 191287 62681.4812
2019:05:06 14:46:36 261375 61895.5791
2019:05:06 14:46:36 356324 63859.2094
2019:05:06 14:46:36 430460 68390.7904
2019:05:06 14:46:36 569354 103989.7799
2019:05:06 14:46:36 647961 76188.9108
2019:05:06 14:46:36 718012 68020.9957
2019:05:06 14:46:36 856465 95865.3130
2019:05:06 14:46:36 917053 57685.1368
2019:05:06 14:46:36 974804 53242.9777
2019:05:06 14:46:37 45376 64438.9652
2019:05:06 14:46:37 111207 61869.6250
2019:05:06 14:46:37 175556 59040.7327
2019:05:06 14:46:37 237375 59421.5766
2019:05:06 14:46:37 305754 60637.4182
2019:05:06 14:46:37 369375 60760.6471
2019:05:06 14:46:37 433552 54491.0580
2019:05:06 14:46:37 501377 60882.0058
2019:05:06 14:46:37 611305 73943.5926
2019:05:06 14:46:37 717383 103228.0177
2019:05:06 14:46:37 809126 89277.9082
2019:05:06 14:46:37 876319 63921.3137
2019:05:06 14:46:37 981371 99759.1913
2019:05:06 14:46:38 49153 52851.8297
2019:05:06 14:46:38 109771 52832.7227
2019:05:06 14:46:38 189360 73863.4467
2019:05:06 14:46:38 263001 73632.0540
2019:05:06 14:46:38 333383 66304.2851
2019:05:06 14:46:38 409386 69537.1889
2019:05:06 14:46:38 505376 64009.1300
2019:05:06 14:46:38 584917 74136.9389
2019:05:06 14:46:38 650039 61446.9945
2019:05:06 14:46:38 745360 89596.7372
2019:05:06 14:46:38 857374 112005.5355
2019:05:06 14:46:38 985360 95996.9126
2019:05:06 14:46:39 89355 103986.9711
2019:05:06 14:46:39 163644 73277.1195
2019:05:06 14:46:39 221376 54442.7186
2019:05:06 14:46:39 299646 54482.8847
2019:05:06 14:46:39 388533 73307.8904
2019:05:06 14:46:39 501554 110166.8328
2019:05:06 14:46:39 597359 89258.1232
2019:05:06 14:46:39 669489 72120.9832
2019:05:06 14:46:39 747477 75534.4741
2019:05:06 14:46:39 841374 93889.1508
2019:05:06 14:46:39 945378 89107.0738
2019:05:06 14:46:40 33379 61194.4050
2019:05:06 14:46:40 169361 95996.5400
2019:05:06 14:46:40 273359 103988.7927
2019:05:06 14:46:40 357385 84016.5652
2019:05:06 14:46:40 472703 79337.5261
2019:05:06 14:46:40 539474 63108.1201
2019:05:06 14:46:40 598055 55748.0864
2019:05:06 14:46:40 661368 55974.8299
2019:05:06 14:46:40 733377 65720.4241
2019:05:06 14:46:40 841361 100386.8431
2019:05:06 14:46:40 949359 107989.6055
2019:05:06 14:46:41 45362 95994.4762
2019:05:06 14:46:41 116568 71196.6567
2019:05:06 14:46:41 245359 125933.6732
2019:05:06 14:46:41 298825 53457.5582
2019:05:06 14:46:41 365376 58369.3087
2019:05:06 14:46:41 453359 82453.9550
2019:05:06 14:46:41 549377 96011.4487
2019:05:06 14:46:41 620755 60611.8739
2019:05:06 14:46:41 681365 57345.7442
2019:05:06 14:46:41 741373 55914.8937
2019:05:06 14:46:41 829383 77542.5620
2019:05:06 14:46:41 901382 67242.7788
2019:05:06 14:46:41 988146 81099.9759
2019:05:06 14:46:42 76213 84807.5002
2019:05:06 14:46:42 141387 62315.6689
2019:05:06 14:46:42 245358 95039.0249
2019:05:06 14:46:42 317372 72004.5008
2019:05:06 14:46:42 396095 42730.2048
2019:05:06 14:46:42 489376 64013.2874
2019:05:06 14:46:42 591858 70504.1811
2019:05:06 14:46:42 653381 59469.4167
2019:05:06 14:46:42 757375 92202.7864
2019:05:06 14:46:42 855622 66259.6114
2019:05:06 14:46:42 927762 68447.9773
2019:05:06 14:46:42 996948 66337.3098
2019:05:06 14:46:43 56343 55720.5826
2019:05:06 14:46:43 125378 66184.2600
2019:05:06 14:46:43 224692 67319.6539
2019:05:06 14:46:43 317363 88191.5428
2019:05:06 14:46:43 381373 64001.5341
2019:05:06 14:46:43 480286 66924.2032
2019:05:06 14:46:43 551533 67610.8859
2019:05:06 14:46:43 614169 59504.2966
2019:05:06 14:46:43 664963 48329.7892
2019:05:06 14:46:43 733375 63910.5961
2019:05:06 14:46:43 793376 55966.5188
2019:05:06 14:46:43 901376 101663.0419
2019:05:06 14:46:43 995924 89280.6314
2019:05:06 14:46:44 68430 69245.3794
2019:05:06 14:46:44 141371 69672.5845
2019:05:06 14:46:44 221372 64008.0087
2019:05:06 14:46:44 313372 65957.8219
2019:05:06 14:46:44 429381 97886.8604
2019:05:06 14:46:44 501380 65164.4357
2019:05:06 14:46:44 601362 93061.3019
2019:05:06 14:46:44 697126 95754.7463
2019:05:06 14:46:44 817378 116973.5864
2019:05:06 14:46:44 937380 72006.3597
2019:05:06 14:46:45 12120 68016.1826
2019:05:06 14:46:45 74171 56321.7178
2019:05:06 14:46:45 144408 56529.7417
2019:05:06 14:46:45 245378 98129.2762
2019:05:06 14:46:45 317378 63633.8964
2019:05:06 14:46:45 399739 71033.7795
2019:05:06 14:46:45 517376 114544.8275
2019:05:06 14:46:45 609375 60013.1340
2019:05:06 14:46:45 673369 57481.2330
2019:05:06 14:46:45 737367 56790.6499
2019:05:06 14:46:45 801372 56489.8960
2019:05:06 14:46:45 865379 56989.9790
2019:05:06 14:46:45 945375 69010.0305
2019:05:06 14:46:46 13494 49057.0962
2019:05:06 14:46:46 109367 88003.4380
2019:05:06 14:46:46 217359 107984.0846
2019:05:06 14:46:46 289376 72007.3953
2019:05:06 14:46:46 353360 58376.7705
2019:05:06 14:46:46 417382 64012.2853
2019:05:06 14:46:46 488743 63496.1948
2019:05:06 14:46:46 577359 85363.8537
2019:05:06 14:46:46 689360 111992.8770
2019:05:06 14:46:46 815999 126630.4776
2019:05:06 14:46:46 888482 69638.8930
2019:05:06 14:46:46 958945 67605.2608
2019:05:06 14:46:47 33089 71301.4603
2019:05:06 14:46:47 125377 63998.9190
2019:05:06 14:46:47 241378 86254.7606
2019:05:06 14:46:47 380392 124529.1755
2019:05:06 14:46:47 497379 113317.2624
2019:05:06 14:46:47 618366 84999.3862
2019:05:06 14:46:47 701911 64550.6978
2019:05:06 14:46:47 797383 80726.9514
2019:05:06 14:46:47 905386 72019.1449
2019:05:06 14:46:48 4176 91746.5873
2019:05:06 14:46:48 88616 67251.7456
2019:05:06 14:46:48 153283 61009.6455
2019:05:06 14:46:48 253383 72028.1638
2019:05:06 14:46:48 361381 72011.8210
2019:05:06 14:46:48 477385 107396.2599
2019:05:06 14:46:48 550604 67569.1627
2019:05:06 14:46:48 669369 87996.5425
2019:05:06 14:46:48 813355 135766.1933
2019:05:06 14:46:48 902449 89084.3384
2019:05:06 14:46:49 1376 72008.4086
2019:05:06 14:46:49 109390 96767.8465
2019:05:06 14:46:49 188378 71684.1966
2019:05:06 14:46:49 250636 55826.0679
2019:05:06 14:46:49 341144 64720.8914
2019:05:06 14:46:49 423463 75765.8668
2019:05:06 14:46:49 517372 64010.6127
2019:05:06 14:46:49 618007 68643.6556
2019:05:06 14:46:49 677376 55275.2800
2019:05:06 14:46:49 773373 80810.6884
2019:05:06 14:46:49 869375 92868.4548
2019:05:06 14:46:49 977376 76009.6498
2019:05:06 14:46:50 66922 74952.1144
2019:05:06 14:46:50 148012 62643.8707
2019:05:06 14:46:50 235265 80694.8282
2019:05:06 14:46:50 304084 66783.1190
2019:05:06 14:46:50 401372 71988.0760
2019:05:06 14:46:50 473651 65135.6354
2019:05:06 14:46:50 565376 81481.1960
2019:05:06 14:46:50 639511 68393.8302
2019:05:06 14:46:50 739866 71275.3423
2019:05:06 14:46:50 837377 72016.3248
2019:05:06 14:46:50 946702 73336.9514
2019:05:06 14:46:51 32316 66949.9524
2019:05:06 14:46:51 125377 81180.0174
2019:05:06 14:46:51 201376 67906.2456
2019:05:06 14:46:51 279495 73532.5515
2019:05:06 14:46:51 361769 75483.3668
2019:05:06 14:46:51 461616 68846.8888
2019:05:06 14:46:51 530424 65956.5181
2019:05:06 14:46:51 605818 61910.0407
2019:05:06 14:46:51 679182 62366.0572
2019:05:06 14:46:51 742989 58170.3931
2019:05:06 14:46:51 814333 66837.0537
2019:05:06 14:46:51 892231 71433.7975
2019:05:06 14:46:51 967925 72579.8197
2019:05:06 14:46:52 36667 63844.9639
2019:05:06 14:46:52 118628 77468.5591
2019:05:06 14:46:52 180018 58191.4522
2019:05:06 14:46:52 263166 71215.3614
2019:05:06 14:46:52 335652 66368.3116
2019:05:06 14:46:52 415102 73733.7507
2019:05:06 14:46:52 488435 70068.2290
2019:05:06 14:46:52 589364 84959.8125
2019:05:06 14:46:52 704659 115284.8899
2019:05:06 14:46:52 773380 65457.7725
2019:05:06 14:46:52 849384 71806.0695
2019:05:06 14:46:52 957377 72011.3255
2019:05:06 14:46:53 61360 97390.0035
2019:05:06 14:46:53 137220 75851.5373
2019:05:06 14:46:53 246585 77220.4585
2019:05:06 14:46:53 345374 96339.8032
2019:05:06 14:46:53 449376 96325.4273
2019:05:06 14:46:53 558661 73288.2097
2019:05:06 14:46:53 632389 69622.5651
2019:05:06 14:46:53 701655 65974.7981
2019:05:06 14:46:53 821360 93546.0180
2019:05:06 14:46:53 925372 104002.4199
2019:05:06 14:46:54 33382 108002.6701
2019:05:06 14:46:54 165381 96016.8205
2019:05:06 14:46:54 273377 101558.4804
2019:05:06 14:46:54 384010 74645.5155
2019:05:06 14:46:54 509376 92011.0531
2019:05:06 14:46:54 605376 91956.8762
2019:05:06 14:46:54 687509 70846.7886
2019:05:06 14:46:54 789379 72008.3378
2019:05:06 14:46:54 871827 77407.4383
2019:05:06 14:46:54 953753 64390.2570
2019:05:06 14:46:55 53371 95538.9850
2019:05:06 14:46:55 157376 95894.0648
2019:05:06 14:46:55 265381 72015.5612
2019:05:06 14:46:55 373359 99316.4405
2019:05:06 14:46:55 437380 64012.6243
2019:05:06 14:46:55 507499 65101.0387
2019:05:06 14:46:55 593378 79727.8918
2019:05:06 14:46:55 665380 64084.0046
2019:05:06 14:46:55 748405 77083.7590
2019:05:06 14:46:55 837381 64016.7259
2019:05:06 14:46:55 927396 74989.2779
2019:05:06 14:46:56 29383 72019.2455
2019:05:06 14:46:56 119452 86433.2505
2019:05:06 14:46:56 183771 59404.2316
2019:05:06 14:46:56 280422 71050.9904
2019:05:06 14:46:56 373374 68010.4494
2019:05:06 14:46:56 446711 66762.2760
2019:05:06 14:46:56 522917 72100.5313
2019:05:06 14:46:56 625381 64017.9627
2019:05:06 14:46:56 721964 64600.0430
2019:05:06 14:46:56 857362 128867.5070
2019:05:06 14:46:56 935758 78386.0609
2019:05:06 14:46:56 994743 52024.9940
2019:05:06 14:46:57 99189 72085.2725
2019:05:06 14:46:57 177386 60014.6949
2019:05:06 14:46:57 286353 72990.7490
2019:05:06 14:46:57 393378 64009.6664
2019:05:06 14:46:57 508337 72493.3222
2019:05:06 14:46:57 597380 84517.6093
2019:05:06 14:46:57 705378 72013.8513
2019:05:06 14:46:57 833361 91995.1089
2019:05:06 14:46:57 929393 96023.0269
2019:05:06 14:46:58 37386 101830.6836
2019:05:06 14:46:58 114949 72910.6329
2019:05:06 14:46:58 219821 74466.4334
2019:05:06 14:46:58 317381 72017.2673
2019:05:06 14:46:58 461355 107993.1073
2019:05:06 14:46:58 564275 102910.2691
2019:05:06 14:46:58 685363 117818.2736
2019:05:06 14:46:58 762115 76741.6283
2019:05:06 14:46:58 875585 82221.3180
2019:05:06 14:46:58 961379 60015.1978
2019:05:06 14:46:59 26396 60736.4997
2019:05:06 14:46:59 129378 68011.4590
2019:05:06 14:46:59 224147 62776.9381
2019:05:06 14:46:59 309371 82380.1272
2019:05:06 14:46:59 385525 70464.0001
2019:05:06 14:46:59 489379 84025.0999
2019:05:06 14:46:59 560832 64338.4121
2019:05:06 14:46:59 668558 79194.8885
2019:05:06 14:46:59 781362 87880.8089
2019:05:06 14:46:59 869381 88010.2776
2019:05:06 14:46:59 965375 87960.0942
2019:05:06 14:47:00 69379 68009.9465
2019:05:06 14:47:00 165382 88086.1096
2019:05:06 14:47:00 249724 77413.1753
2019:05:06 14:47:00 337376 84375.4150
2019:05:06 14:47:00 435312 90579.5209
2019:05:06 14:47:00 511060 72915.0735
2019:05:06 14:47:00 593401 64024.5713
2019:05:06 14:47:00 665393 62143.0129
2019:05:06 14:47:00 748203 72072.4463
2019:05:06 14:47:00 845392 72010.2489
2019:05:06 14:47:00 941401 85433.0584
2019:05:06 14:47:01 41458 89688.9865
2019:05:06 14:47:01 117685 71726.2328
2019:05:06 14:47:01 217397 72018.8282
2019:05:06 14:47:01 325400 98360.5273
2019:05:06 14:47:01 413388 80693.2561
2019:05:06 14:47:01 491325 71757.2235
2019:05:06 14:47:01 563712 68817.2691
2019:05:06 14:47:01 641391 75206.6821
2019:05:06 14:47:01 708289 61420.0942
2019:05:06 14:47:01 796357 85178.8595
2019:05:06 14:47:01 865394 63516.6131
2019:05:06 14:47:01 931144 56064.4679
2019:05:06 14:47:02 33378 72002.7499
2019:05:06 14:47:02 150254 76441.7648
2019:05:06 14:47:02 248570 93821.2797
2019:05:06 14:47:02 321061 68842.3328
2019:05:06 14:47:02 397398 69783.3747
2019:05:06 14:47:02 478752 77024.1767
2019:05:06 14:47:02 573393 68016.7079
2019:05:06 14:47:02 657397 73774.5017
2019:05:06 14:47:02 729399 66723.4100
2019:05:06 14:47:02 825368 84900.4053
2019:05:06 14:47:02 929369 103988.0849
2019:05:06 14:47:03 29392 100010.8905
2019:05:06 14:47:03 133402 97626.2018
2019:05:06 14:47:03 245398 104379.9818
2019:05:06 14:47:03 356483 100720.7930
2019:05:06 14:47:03 469368 109610.7475
2019:05:06 14:47:03 544082 74700.2326
2019:05:06 14:47:03 664537 116348.9185
2019:05:06 14:47:03 745390 64017.0313
2019:05:06 14:47:03 841390 81460.3791
2019:05:06 14:47:03 935387 79595.2789
2019:05:06 14:47:04 37393 100931.6556
2019:05:06 14:47:04 129391 81116.4193
2019:05:06 14:47:04 203926 68017.1624
2019:05:06 14:47:04 268692 61466.9845
2019:05:06 14:47:04 365399 76024.2194
2019:05:06 14:47:04 443969 72115.1903
2019:05:06 14:47:04 514383 67582.3651
2019:05:06 14:47:04 588533 68430.5429
2019:05:06 14:47:04 673375 80762.1777
2019:05:06 14:47:04 781472 72952.6691
2019:05:06 14:47:04 885378 72007.5294
2019:05:06 14:47:05 25379 104014.6016
2019:05:06 14:47:05 95991 64706.6422
2019:05:06 14:47:05 181386 64020.6113
2019:05:06 14:47:05 281372 93242.0529
2019:05:06 14:47:05 417371 95999.0956
2019:05:06 14:47:05 513377 88504.1170
2019:05:06 14:47:05 609370 89469.6228
2019:05:06 14:47:05 710755 93338.2101
2019:05:06 14:47:05 775496 62691.6513
2019:05:06 14:47:05 849198 67999.1245
2019:05:06 14:47:05 929375 64012.1587
2019:05:06 14:47:06 12253 67965.7944
2019:05:06 14:47:06 100690 67328.9187
2019:05:06 14:47:06 173378 60022.3355
2019:05:06 14:47:06 276805 94607.8561
2019:05:06 14:47:06 365375 64012.9298
2019:05:06 14:47:06 471769 74404.3924
2019:05:06 14:47:06 556968 63602.2314
2019:05:06 14:47:06 657382 72011.6533
2019:05:06 14:47:06 765370 101493.2059
2019:05:06 14:47:06 849381 76975.9007
2019:05:06 14:47:06 924930 69358.3526
2019:05:06 14:47:07 5561 64814.1690
2019:05:06 14:47:07 87807 74969.6493
2019:05:06 14:47:07 166059 74992.7200
2019:05:06 14:47:07 256981 77025.2608
2019:05:06 14:47:07 327072 66835.3587
2019:05:06 14:47:07 410610 77406.8609
2019:05:06 14:47:07 502282 81780.2511
2019:05:06 14:47:07 584283 79014.0666
2019:05:06 14:47:07 652216 63084.9972
2019:05:06 14:47:07 731246 70423.4242
2019:05:06 14:47:07 811125 74497.0962
2019:05:06 14:47:07 898769 70019.3681
2019:05:06 14:47:07 979987 74680.2911
2019:05:06 14:47:08 57809 61957.1693
2019:05:06 14:47:08 138493 69647.7108
2019:05:06 14:47:08 220764 75772.1886
2019:05:06 14:47:08 313269 76972.4362
2019:05:06 14:47:08 405848 73735.1365
2019:05:06 14:47:08 476687 67174.3341
2019:05:06 14:47:08 550485 71246.7991
2019:05:06 14:47:08 616768 60958.0204
2019:05:06 14:47:08 689719 67198.1350
2019:05:06 14:47:08 762154 65110.3444
2019:05:06 14:47:08 865378 72013.1546
2019:05:06 14:47:08 969374 97013.7231
2019:05:06 14:47:09 93366 115737.1886
2019:05:06 14:47:09 173376 80000.2813
2019:05:06 14:47:09 269370 85276.8645
2019:05:06 14:47:09 337677 57762.6117
2019:05:06 14:47:09 437376 72011.7278
2019:05:06 14:47:09 509382 61515.0742
2019:05:06 14:47:09 637378 79996.9472
2019:05:06 14:47:09 715748 72920.6577
2019:05:06 14:47:09 805368 72006.6205
2019:05:06 14:47:09 916822 75456.7012
2019:05:06 14:47:10 5381 84875.9748
2019:05:06 14:47:10 109376 98748.7361
2019:05:06 14:47:10 217873 97062.5989
2019:05:06 14:47:10 293650 66765.2823
2019:05:06 14:47:10 385378 64013.6264
2019:05:06 14:47:10 473375 81424.8100
2019:05:06 14:47:10 548009 67998.2528
2019:05:06 14:47:10 637378 84472.9729
2019:05:06 14:47:10 713382 65449.1633
2019:05:06 14:47:10 796623 75364.4705
2019:05:06 14:47:10 896576 75210.6495
2019:05:06 14:47:10 993380 72018.2098
2019:05:06 14:47:11 85378 64016.0330
2019:05:06 14:47:11 193377 101038.3926
2019:05:06 14:47:11 296338 94656.4041
2019:05:06 14:47:11 391757 92170.4844
2019:05:06 14:47:11 481374 86779.3113
2019:05:06 14:47:11 546553 58536.9878
2019:05:06 14:47:11 632565 74113.8458
2019:05:06 14:47:11 695282 59443.3025
2019:05:06 14:47:11 777160 73711.7752
2019:05:06 14:47:11 861372 80947.4029
2019:05:06 14:47:11 944671 72885.0104
2019:05:06 14:47:12 15990 63945.0848
2019:05:06 14:47:12 117374 89124.1543
2019:05:06 14:47:12 213361 88868.1710
2019:05:06 14:47:12 300594 87224.6847
2019:05:06 14:47:12 381313 77449.8470
2019:05:06 14:47:12 469377 81547.4018
2019:05:06 14:47:12 565596 68233.4900
2019:05:06 14:47:12 658160 64798.3029
2019:05:06 14:47:12 758498 69133.7883
2019:05:06 14:47:12 881360 95995.0909
2019:05:06 14:47:12 991972 110603.6976
2019:05:06 14:47:13 76334 66969.8268
2019:05:06 14:47:13 170545 90516.4629
2019:05:06 14:47:13 253376 79975.1841
2019:05:06 14:47:13 330340 66404.9946
2019:05:06 14:47:13 424092 62725.2162
2019:05:06 14:47:13 513362 81070.1251
2019:05:06 14:47:13 609379 96008.4796
2019:05:06 14:47:13 716945 67575.6447
2019:05:06 14:47:13 797896 66420.5253
2019:05:06 14:47:13 864376 61155.5092
2019:05:06 14:47:13 945054 72488.9971
2019:05:06 14:47:14 57370 96740.6109
2019:05:06 14:47:14 133376 69935.2361
2019:05:06 14:47:14 210540 70087.5558
2019:05:06 14:47:14 301378 83953.6078
2019:05:06 14:47:14 400522 91754.0677
2019:05:06 14:47:14 505372 99120.6579
2019:05:06 14:47:14 586499 75392.1531
2019:05:06 14:47:14 669638 64274.5569
2019:05:06 14:47:14 747446 73278.4122
2019:05:06 14:47:14 853370 88016.7522
2019:05:06 14:47:14 957372 96479.7586
2019:05:06 14:47:15 51542 88260.7549
2019:05:06 14:47:15 141376 83016.7271
2019:05:06 14:47:15 237372 89346.1667
2019:05:06 14:47:15 329375 85069.3919
2019:05:06 14:47:15 425375 85193.1944
2019:05:06 14:47:15 525372 88601.9319
2019:05:06 14:47:15 621370 87515.1791
2019:05:06 14:47:15 713374 85335.7166
2019:05:06 14:47:15 809371 85063.3234
2019:05:06 14:47:15 909374 95795.3446
2019:05:06 14:47:16 29365 111739.7398
2019:05:06 14:47:16 157375 128001.8426
2019:05:06 14:47:16 228897 60587.9538
2019:05:06 14:47:16 331297 77944.0627
2019:05:06 14:47:16 420182 70828.8550
2019:05:06 14:47:16 492863 70224.7061
2019:05:06 14:47:16 625375 116008.0060
2019:05:06 14:47:16 729371 92958.7670
2019:05:06 14:47:16 835480 102394.8081
2019:05:06 14:47:16 924365 86425.6248
2019:05:06 14:47:17 17370 87270.8932
2019:05:06 14:47:17 99268 77431.5111
2019:05:06 14:47:17 211899 78533.0571
2019:05:06 14:47:17 320847 79477.8802
2019:05:06 14:47:17 417384 72020.1656
2019:05:06 14:47:17 513385 85234.2770
2019:05:06 14:47:17 621373 96556.7529
2019:05:06 14:47:17 702175 73298.6853
2019:05:06 14:47:17 800052 74689.2653
2019:05:06 14:47:17 889380 68017.2890
2019:05:06 14:47:17 972633 76338.8276
2019:05:06 14:47:18 73374 76007.2395
2019:05:06 14:47:18 185477 76107.3194
2019:05:06 14:47:18 269375 64011.0001
2019:05:06 14:47:18 373359 96961.8820
2019:05:06 14:47:18 456201 82833.0778
2019:05:06 14:47:18 568442 87081.6112
2019:05:06 14:47:18 681378 96013.2256
2019:05:06 14:47:18 745380 57758.3238
2019:05:06 14:47:18 845380 85263.3715
2019:05:06 14:47:18 957378 103414.5243
2019:05:06 14:47:19 72606 108114.8274
2019:05:06 14:47:19 158236 68871.0138
2019:05:06 14:47:19 249370 80892.7752
2019:05:06 14:47:19 326572 70061.6539
2019:05:06 14:47:19 409378 64016.1037
2019:05:06 14:47:19 505379 84587.7044
2019:05:06 14:47:19 605378 88354.5540
2019:05:06 14:47:19 684947 72894.5285
2019:05:06 14:47:19 789375 76005.5818
2019:05:06 14:47:19 885373 81630.9117
2019:05:06 14:47:19 977372 77794.8610
2019:05:06 14:47:20 85387 101453.9711
2019:05:06 14:47:20 193374 100825.7009
2019:05:06 14:47:20 281377 83601.8994
2019:05:06 14:47:20 359123 72498.0906
2019:05:06 14:47:20 453375 85231.8108
2019:05:06 14:47:20 561636 101353.4740
2019:05:06 14:47:20 657383 95739.0480
2019:05:06 14:47:20 764593 95412.7088
2019:05:06 14:47:20 829748 60220.2304
2019:05:06 14:47:20 923521 85614.7632
2019:05:06 14:47:21 85362 127998.8475
2019:05:06 14:47:21 184449 99076.5430
2019:05:06 14:47:21 321362 133250.6426
2019:05:06 14:47:21 400329 78957.7626
2019:05:06 14:47:21 513374 100012.4663
2019:05:06 14:47:21 587464 66371.3440
2019:05:06 14:47:21 685381 88101.3162
2019:05:06 14:47:21 765212 71673.6875
2019:05:06 14:47:21 855345 73991.6675
2019:05:06 14:47:21 957386 72020.3519
2019:05:06 14:47:22 72018 108548.7753
2019:05:06 14:47:22 148194 73335.3905
2019:05:06 14:47:22 233794 68429.6526
2019:05:06 14:47:22 337388 95802.5381
2019:05:06 14:47:22 445378 102227.9896
2019:05:06 14:47:22 537377 80350.5033
2019:05:06 14:47:22 665371 112937.9384
2019:05:06 14:47:22 761375 84817.3983
2019:05:06 14:47:22 833383 66730.2832
2019:05:06 14:47:22 911243 72504.6583
2019:05:06 14:47:23 5373 81802.2601
2019:05:06 14:47:23 101379 81509.0165
2019:05:06 14:47:23 201376 85735.6302
2019:05:06 14:47:23 283564 71677.2862
2019:05:06 14:47:23 425361 107996.0950
2019:05:06 14:47:23 529372 104003.1053
2019:05:06 14:47:23 617375 80696.7095
2019:05:06 14:47:23 701380 75401.3732
2019:05:06 14:47:23 809386 72018.6606
2019:05:06 14:47:23 893381 77796.4853
2019:05:06 14:47:24 9374 92010.3751
2019:05:06 14:47:24 93381 80371.3389
2019:05:06 14:47:24 157374 57112.2803
2019:05:06 14:47:24 253381 82235.2655
2019:05:06 14:47:24 361377 72010.5618
2019:05:06 14:47:24 469372 103697.2068
2019:05:06 14:47:24 572504 67139.6554
2019:05:06 14:47:24 652767 72453.3722
2019:05:06 14:47:24 737971 68609.3979
2019:05:06 14:47:24 829373 81965.8116
2019:05:06 14:47:24 906728 68810.1426
2019:05:06 14:47:25 9359 83996.0389
2019:05:06 14:47:25 97385 88017.9331
2019:05:06 14:47:25 192208 89281.9986
2019:05:06 14:47:25 281387 86325.1053
2019:05:06 14:47:25 364221 75749.9374
2019:05:06 14:47:25 462934 73574.0364
2019:05:06 14:47:25 553375 85133.2732
2019:05:06 14:47:25 644403 83150.0962
2019:05:06 14:47:25 725378 64017.6386
2019:05:06 14:47:25 813375 82517.5755
2019:05:06 14:47:25 892596 69641.4374
2019:05:06 14:47:26 3400 82034.8114
2019:05:06 14:47:26 93381 83659.1013
2019:05:06 14:47:26 185376 71996.9384
2019:05:06 14:47:26 293371 100963.8496
2019:05:06 14:47:26 373391 76138.2841
2019:05:06 14:47:26 454961 74568.5883
2019:05:06 14:47:26 593362 111999.6756
2019:05:06 14:47:26 673377 80005.0981
2019:05:06 14:47:26 781379 103616.2451
2019:05:06 14:47:26 889375 101864.4907
2019:05:06 14:47:26 977374 79661.6599
2019:05:06 14:47:27 73376 80242.5779
2019:05:06 14:47:27 169381 72009.2282
2019:05:06 14:47:27 269378 64004.1009
2019:05:06 14:47:27 369376 89085.2176
2019:05:06 14:47:27 449858 73730.0254
2019:05:06 14:47:27 544452 75090.1699
2019:05:06 14:47:27 639903 90134.5685
2019:05:06 14:47:27 736553 79187.0020
2019:05:06 14:47:27 837377 97561.8660
2019:05:06 14:47:27 931941 88086.1804
2019:05:06 14:47:28 12612 77422.0154
2019:05:06 14:47:28 90430 74144.4230
2019:05:06 14:47:28 174445 75425.1443
2019:05:06 14:47:28 269377 92122.2083
2019:05:06 14:47:28 385377 112690.5121
2019:05:06 14:47:28 504522 112644.5606
2019:05:06 14:47:28 599560 70194.7995
2019:05:06 14:47:28 674930 72506.4725
2019:05:06 14:47:28 765376 87565.8132
2019:05:06 14:47:28 843694 70454.8955
2019:05:06 14:47:28 941375 72009.7423
2019:05:06 14:47:29 65375 72005.7636
2019:05:06 14:47:29 157375 84758.3786
2019:05:06 14:47:29 235231 70039.8013
2019:05:06 14:47:29 333377 72012.0259
2019:05:06 14:47:29 437381 98127.8457
2019:05:06 14:47:29 557369 96016.9695
2019:05:06 14:47:29 648094 75762.1489
2019:05:06 14:47:29 747622 78266.1811
2019:05:06 14:47:29 853376 72012.4952
2019:05:06 14:47:29 929075 68832.6359
2019:05:06 14:47:30 13376 68013.4147
2019:05:06 14:47:30 112149 85595.1607
2019:05:06 14:47:30 209380 72011.1281
2019:05:06 14:47:30 324303 78949.4663
2019:05:06 14:47:30 411133 69777.2540
2019:05:06 14:47:30 501371 88195.9014
2019:05:06 14:47:30 611416 103594.0535
2019:05:06 14:47:30 719977 86614.1953
2019:05:06 14:47:30 809376 72205.8043
2019:05:06 14:47:30 901375 86761.9030
2019:05:06 14:47:30 984157 76184.1312
2019:05:06 14:47:31 67716 70356.6782
2019:05:06 14:47:31 181378 84009.3084
2019:05:06 14:47:31 313377 123184.5468
2019:05:06 14:47:31 421375 96872.2999
2019:05:06 14:47:31 499015 71695.4954
2019:05:06 14:47:31 586646 69291.1819
2019:05:06 14:47:31 665379 71371.4175
2019:05:06 14:47:31 753376 81142.6938
2019:05:06 14:47:31 861373 101482.1976
2019:05:06 14:47:31 961379 72019.2716
2019:05:06 14:47:32 61381 75068.0827
2019:05:06 14:47:32 163766 93823.6639
2019:05:06 14:47:32 277361 95998.2947
2019:05:06 14:47:32 345615 68244.8037
2019:05:06 14:47:32 489383 108027.5774
2019:05:06 14:47:32 579069 78993.5291
2019:05:06 14:47:32 685391 88029.8391
2019:05:06 14:47:32 789387 99708.0877
2019:05:06 14:47:32 897369 97100.7980
2019:05:06 14:47:32 975165 77784.1955
2019:05:06 14:47:33 65249 74084.5613
2019:05:06 14:47:33 137365 65164.9348
2019:05:06 14:47:33 225388 85215.6691
2019:05:06 14:47:33 306497 73736.7161
2019:05:06 14:47:33 399110 69740.7983
2019:05:06 14:47:33 485410 83911.2215
2019:05:06 14:47:33 613369 116832.2898
2019:05:06 14:47:33 709359 95976.1627
2019:05:06 14:47:33 817387 108013.8199
2019:05:06 14:47:33 913390 86752.2210
2019:05:06 14:47:33 988490 68415.5114
2019:05:06 14:47:34 67543 66167.6750
2019:05:06 14:47:34 140861 67974.3513
2019:05:06 14:47:34 229388 82933.5675
2019:05:06 14:47:34 297395 57835.9962
2019:05:06 14:47:34 405391 72013.9854
2019:05:06 14:47:34 503756 91315.5451
2019:05:06 14:47:34 599198 92198.9009
2019:05:06 14:47:34 677402 74161.0304
2019:05:06 14:47:34 758918 79877.0301
2019:05:06 14:47:34 841359 63991.2486
2019:05:06 14:47:34 913760 70844.6093
2019:05:06 14:47:35 7977 87291.1140
2019:05:06 14:47:35 80445 69236.3158
2019:05:06 14:47:35 169390 72011.5937
2019:05:06 14:47:35 242640 66778.5704
2019:05:06 14:47:35 312684 63920.4122
2019:05:06 14:47:35 393389 64011.7750
2019:05:06 14:47:35 498606 72899.7253
2019:05:06 14:47:35 593394 72009.3399
2019:05:06 14:47:35 725391 104061.3949
2019:05:06 14:47:35 801297 72510.4474
2019:05:06 14:47:35 897391 76019.2685
