
# OSU MPI Allreduce Latency Test v5.6.1
# Size       Avg Latency(us)
65536               82469.53
2019:05:06 14:44:40 245395 70050.2954
2019:05:06 14:44:40 349367 101151.2205
2019:05:06 14:44:40 423524 74147.1015
2019:05:06 14:44:40 529377 97630.8733
2019:05:06 14:44:40 608252 73737.5207
2019:05:06 14:44:40 698773 65405.2086
2019:05:06 14:44:40 805376 100892.9238
2019:05:06 14:44:40 913364 97050.9984
2019:05:06 14:44:41 1377 88003.2480
2019:05:06 14:44:41 133363 100007.0907
2019:05:06 14:44:41 196768 63395.5412
2019:05:06 14:44:41 268284 56844.1898
2019:05:06 14:44:41 338638 65324.3884
2019:05:06 14:44:41 412682 69957.9492
2019:05:06 14:44:41 490111 70892.6246
2019:05:06 14:44:41 584278 90925.1831
2019:05:06 14:44:41 646170 59426.5983
2019:05:06 14:44:41 747310 92124.6521
2019:05:06 14:44:41 868136 90782.3555
2019:05:06 14:44:41 951690 66327.3111
2019:05:06 14:44:42 45385 89597.8622
2019:05:06 14:44:42 116770 68025.4847
2019:05:06 14:44:42 217387 84020.9313
2019:05:06 14:44:42 328499 75133.4094
2019:05:06 14:44:42 399761 68412.8702
2019:05:06 14:44:42 472283 66720.4745
2019:05:06 14:44:42 546802 68376.8019
2019:05:06 14:44:42 641380 76018.1360
2019:05:06 14:44:42 717192 67180.3318
2019:05:06 14:44:42 831879 86518.9172
2019:05:06 14:44:42 917382 83460.4539
2019:05:06 14:44:42 992427 65116.3794
2019:05:06 14:44:43 71487 71273.9713
2019:05:06 14:44:43 175968 78596.4653
2019:05:06 14:44:43 269378 77053.1408
2019:05:06 14:44:43 417377 141489.4238
2019:05:06 14:44:43 513376 82237.4634
2019:05:06 14:44:43 609371 82008.3618
2019:05:06 14:44:43 705359 91534.0222
2019:05:06 14:44:43 823396 118029.3299
2019:05:06 14:44:43 889429 58576.5466
2019:05:06 14:44:43 958259 61864.6257
2019:05:06 14:44:44 49380 82534.7416
2019:05:06 14:44:44 152370 97075.1643
2019:05:06 14:44:44 220778 65942.9915
2019:05:06 14:44:44 300657 74959.4942
2019:05:06 14:44:44 373971 44605.9071
2019:05:06 14:44:44 457376 64021.4086
2019:05:06 14:44:44 530847 70062.5256
2019:05:06 14:44:44 633369 98039.1875
2019:05:06 14:44:44 698762 54474.3128
2019:05:06 14:44:44 786419 70048.1199
2019:05:06 14:44:44 879401 86863.0819
2019:05:06 14:44:44 981378 72013.1099
2019:05:06 14:44:45 113655 96285.6337
2019:05:06 14:44:45 195193 78264.4041
2019:05:06 14:44:45 262357 65145.8688
2019:05:06 14:44:45 329383 62091.1233
2019:05:06 14:44:45 429355 90016.7003
2019:05:06 14:44:45 569362 103994.7383
2019:05:06 14:44:45 675204 105834.1824
2019:05:06 14:44:45 769028 71663.6181
2019:05:06 14:44:45 845387 69821.4285
2019:05:06 14:44:45 924659 74146.8519
2019:05:06 14:44:46 12326 70964.5860
2019:05:06 14:44:46 133372 96018.2026
2019:05:06 14:44:46 242074 72711.3523
2019:05:06 14:44:46 317387 69574.8888
2019:05:06 14:44:46 453359 127726.9758
2019:05:06 14:44:46 530840 77472.9811
2019:05:06 14:44:46 685359 135998.0628
2019:05:06 14:44:46 760192 74823.9011
2019:05:06 14:44:46 865360 101079.4640
2019:05:06 14:44:46 937146 70052.3853
2019:05:06 14:44:47 17352 78563.8951
2019:05:06 14:44:47 97309 78266.7808
2019:05:06 14:44:47 189371 84719.9000
2019:05:06 14:44:47 270546 76173.8308
2019:05:06 14:44:47 346731 70446.6514
2019:05:06 14:44:47 452396 79029.3403
2019:05:06 14:44:47 547819 92165.8240
2019:05:06 14:44:47 701355 117450.1181
2019:05:06 14:44:47 817373 80011.0810
2019:05:06 14:44:47 896850 72514.2770
2019:05:06 14:44:47 993370 88359.0057
2019:05:06 14:44:48 97365 96114.1251
2019:05:06 14:44:48 205368 107995.3872
2019:05:06 14:44:48 337387 96021.5144
2019:05:06 14:44:48 434194 64833.3915
2019:05:06 14:44:48 504647 64296.3089
2019:05:06 14:44:48 566909 59406.1948
2019:05:06 14:44:48 673372 98689.5859
2019:05:06 14:44:48 753381 72622.3551
2019:05:06 14:44:48 849389 64025.9646
2019:05:06 14:44:48 952714 96636.9137
2019:05:06 14:44:49 47749 92173.6509
2019:05:06 14:44:49 132926 82728.3114
2019:05:06 14:44:49 224284 88898.8823
2019:05:06 14:44:49 325375 98192.7849
2019:05:06 14:44:49 421371 64009.8713
2019:05:06 14:44:49 545377 112018.0450
2019:05:06 14:44:49 660466 97029.5109
2019:05:06 14:44:49 749370 86031.6530
2019:05:06 14:44:49 819814 63891.2246
2019:05:06 14:44:49 916877 63522.2793
2019:05:06 14:44:49 993378 69532.2454
2019:05:06 14:44:50 79501 72081.1412
2019:05:06 14:44:50 176146 78778.2222
2019:05:06 14:44:50 306838 109472.4014
2019:05:06 14:44:50 421374 96009.7872
2019:05:06 14:44:50 505378 76021.7272
2019:05:06 14:44:50 601378 64015.8653
2019:05:06 14:44:50 697371 64010.0576
2019:05:06 14:44:50 793370 64008.3365
2019:05:06 14:44:50 889375 89777.6559
2019:05:06 14:44:50 985377 64008.9847
2019:05:06 14:44:51 113380 96014.4103
2019:05:06 14:44:51 241355 95234.2860
2019:05:06 14:44:51 349354 107991.3825
2019:05:06 14:44:51 447976 98612.2712
2019:05:06 14:44:51 518008 67179.7022
2019:05:06 14:44:51 605264 67901.5964
2019:05:06 14:44:51 677762 66787.4143
2019:05:06 14:44:51 781369 72005.0223
2019:05:06 14:44:51 867792 77825.9560
2019:05:06 14:44:51 951828 62468.1599
2019:05:06 14:44:52 41370 86351.8491
2019:05:06 14:44:52 113141 64726.4197
2019:05:06 14:44:52 177839 57744.4732
2019:05:06 14:44:52 253622 69627.5607
2019:05:06 14:44:52 329812 71267.4446
2019:05:06 14:44:52 431537 95162.0974
2019:05:06 14:44:52 513719 75364.1985
2019:05:06 14:44:52 590166 62686.5439
2019:05:06 14:44:52 671496 71714.8297
2019:05:06 14:44:52 780324 84841.7282
2019:05:06 14:44:52 913361 107985.0979
2019:05:06 14:44:53 17371 104002.1516
2019:05:06 14:44:53 121375 72010.2005
2019:05:06 14:44:53 199780 74126.1058
2019:05:06 14:44:53 284149 79846.8366
2019:05:06 14:44:53 363623 72114.7247
2019:05:06 14:44:53 477381 96027.2513
2019:05:06 14:44:53 557392 76250.4861
2019:05:06 14:44:53 665073 87711.4497
2019:05:06 14:44:53 752693 71338.8622
2019:05:06 14:44:53 853359 98185.8186
2019:05:06 14:44:53 931705 78339.4761
2019:05:06 14:44:54 11564 62203.4669
2019:05:06 14:44:54 97369 77619.1838
2019:05:06 14:44:54 174201 70074.4092
2019:05:06 14:44:54 280303 72937.8089
2019:05:06 14:44:54 398251 96886.7652
2019:05:06 14:44:54 505980 70041.4851
2019:05:06 14:44:54 605377 72012.2084
2019:05:06 14:44:54 725450 88081.0693
2019:05:06 14:44:54 829373 103458.5461
2019:05:06 14:44:54 937381 103695.8210
2019:05:06 14:44:55 305380 356205.3628
2019:05:06 14:44:55 433359 91995.2244
2019:05:06 14:44:55 553383 119987.1041
2019:05:06 14:44:55 713363 123996.6564
2019:05:06 14:44:55 849373 136000.9015
2019:05:06 14:44:55 969370 88005.4533
2019:05:06 14:44:56 85782 80416.9066
2019:05:06 14:44:56 165655 73716.4840
2019:05:06 14:44:56 265378 72022.4492
2019:05:06 14:44:56 361371 90806.6072
2019:05:06 14:44:56 505379 112016.1414
2019:05:06 14:44:56 645381 104014.4525
2019:05:06 14:44:56 737377 87160.2222
2019:05:06 14:44:56 814199 73055.3605
2019:05:06 14:44:56 909370 89999.5305
2019:05:06 14:44:56 989384 73752.1052
2019:05:06 14:44:57 100787 91423.7276
2019:05:06 14:44:57 188831 84377.1398
2019:05:06 14:44:57 318254 108891.8261
2019:05:06 14:44:57 402623 81908.4421
2019:05:06 14:44:57 517363 105717.7447
2019:05:06 14:44:57 616041 98667.9941
2019:05:06 14:44:57 701375 82494.1210
2019:05:06 14:44:57 777412 72117.0157
2019:05:06 14:44:57 862601 67552.5777
2019:05:06 14:44:57 945374 61989.9035
2019:05:06 14:44:58 45378 92012.3793
2019:05:06 14:44:58 168565 71196.7275
2019:05:06 14:44:58 275503 82139.4511
2019:05:06 14:44:58 393384 110127.5645
2019:05:06 14:44:58 465385 68267.0251
2019:05:06 14:44:58 537385 66562.5669
2019:05:06 14:44:58 609381 66820.6029
2019:05:06 14:44:58 692883 75869.8843
2019:05:06 14:44:58 795661 78299.1797
2019:05:06 14:44:58 897378 72008.8407
2019:05:06 14:44:58 993372 88763.0507
2019:05:06 14:44:59 114321 84967.4754
2019:05:06 14:44:59 253364 107994.9364
2019:05:06 14:44:59 333859 80485.4929
2019:05:06 14:44:59 433380 72009.0233
2019:05:06 14:44:59 505379 68316.4485
2019:05:06 14:44:59 625388 84026.1579
2019:05:06 14:44:59 703465 74311.0552
2019:05:06 14:44:59 801382 93309.7564
2019:05:06 14:44:59 896625 88460.5497
2019:05:06 14:44:59 974059 74982.6357
2019:05:06 14:45:00 64578 71574.7550
2019:05:06 14:45:00 142495 70525.8809
2019:05:06 14:45:00 266559 106939.2636
2019:05:06 14:45:00 356275 89708.6896
2019:05:06 14:45:00 453375 91032.9893
2019:05:06 14:45:00 549378 89987.8740
2019:05:06 14:45:00 657375 101341.8026
2019:05:06 14:45:00 729714 65514.5161
2019:05:06 14:45:00 806310 68410.5232
2019:05:06 14:45:00 883717 73725.8457
2019:05:06 14:45:00 961375 60008.0453
2019:05:06 14:45:01 97361 116007.5925
2019:05:06 14:45:01 176573 79203.3970
2019:05:06 14:45:01 260166 66813.7446
2019:05:06 14:45:01 353371 85849.9259
2019:05:06 14:45:01 445377 84088.1579
2019:05:06 14:45:01 557368 100011.5834
2019:05:06 14:45:01 696349 132305.2198
2019:05:06 14:45:01 781371 81372.3467
2019:05:06 14:45:01 863844 72081.5435
2019:05:06 14:45:01 961378 68011.3994
2019:05:06 14:45:02 38548 69846.1756
2019:05:06 14:45:02 138261 80906.7823
2019:05:06 14:45:02 225374 72020.9070
2019:05:06 14:45:02 333370 100075.9751
2019:05:06 14:45:02 411886 68010.8108
2019:05:06 14:45:02 494657 76214.6823
2019:05:06 14:45:02 588581 76288.9944
2019:05:06 14:45:02 684311 77020.4775
2019:05:06 14:45:02 756040 65139.7854
2019:05:06 14:45:02 839194 75443.1598
2019:05:06 14:45:02 928825 80680.6386
2019:05:06 14:45:03 16986 73708.3815
2019:05:06 14:45:03 86922 66350.5942
2019:05:06 14:45:03 156982 62612.2989
2019:05:06 14:45:03 261379 98282.0466
2019:05:06 14:45:03 397376 92986.8333
2019:05:06 14:45:03 493380 64017.0611
2019:05:06 14:45:03 585370 86424.2762
2019:05:06 14:45:03 689374 97044.9299
2019:05:06 14:45:03 770904 77423.0845
2019:05:06 14:45:03 869377 72016.0306
2019:05:06 14:45:03 955633 70267.9269
2019:05:06 14:45:04 49371 90014.5248
2019:05:06 14:45:04 193363 136986.1551
2019:05:06 14:45:04 268570 75199.7754
2019:05:06 14:45:04 368890 92964.5076
2019:05:06 14:45:04 493360 121629.0258
2019:05:06 14:45:04 601371 108003.2662
2019:05:06 14:45:04 733362 126903.2992
2019:05:06 14:45:04 829380 96008.0810
2019:05:06 14:45:04 929373 88219.0801
2019:05:06 14:45:05 13194 77012.3675
2019:05:06 14:45:05 101379 64013.9095
2019:05:06 14:45:05 197376 87531.2649
2019:05:06 14:45:05 293375 90161.9717
2019:05:06 14:45:05 377384 79950.0272
2019:05:06 14:45:05 481388 72021.5254
2019:05:06 14:45:05 585373 97083.7995
2019:05:06 14:45:05 681376 89059.2597
2019:05:06 14:45:05 777376 90848.3043
2019:05:06 14:45:05 853390 71846.8577
2019:05:06 14:45:05 965358 107222.3708
2019:05:06 14:45:06 81380 116011.2694
2019:05:06 14:45:06 181382 93019.4408
2019:05:06 14:45:06 325361 139125.5297
2019:05:06 14:45:06 401287 75917.8251
2019:05:06 14:45:06 497364 89542.7875
2019:05:06 14:45:06 575767 75800.8584
2019:05:06 14:45:06 681379 72013.6203
2019:05:06 14:45:06 761385 72982.8887
2019:05:06 14:45:06 869378 100317.2062
2019:05:06 14:45:06 989378 110127.3149
2019:05:06 14:45:07 71772 72068.6764
2019:05:06 14:45:07 169371 72004.6274
2019:05:06 14:45:07 273378 60011.9680
2019:05:06 14:45:07 354005 74196.2828
2019:05:06 14:45:07 457385 76030.6865
2019:05:06 14:45:07 587059 93704.3317
2019:05:06 14:45:07 667394 77101.3573
2019:05:06 14:45:07 759869 76110.5008
2019:05:06 14:45:07 834440 68849.6828
2019:05:06 14:45:07 934822 82791.4327
2019:05:06 14:45:08 23933 68986.5276
2019:05:06 14:45:08 103109 72512.7645
2019:05:06 14:45:08 180546 61910.9534
2019:05:06 14:45:08 268149 69210.4101
2019:05:06 14:45:08 334085 50361.0596
2019:05:06 14:45:08 408637 70053.6184
2019:05:06 14:45:08 503663 76196.8493
2019:05:06 14:45:08 584341 74948.3891
2019:05:06 14:45:08 669958 73665.5369
2019:05:06 14:45:08 746140 65960.6680
2019:05:06 14:45:08 835834 81104.3233
2019:05:06 14:45:08 923895 75773.8836
2019:05:06 14:45:09 5415 78670.0211
2019:05:06 14:45:09 89383 77444.0132
2019:05:06 14:45:09 185374 86574.5619
2019:05:06 14:45:09 281373 85493.5981
2019:05:06 14:45:09 383039 90526.7261
2019:05:06 14:45:09 468374 79619.1990
2019:05:06 14:45:09 569950 85468.7057
2019:05:06 14:45:09 661383 81395.8012
2019:05:06 14:45:09 757378 64010.1619
2019:05:06 14:45:09 909365 115997.5082
2019:05:06 14:45:10 12592 103218.2686
2019:05:06 14:45:10 85917 69666.5235
2019:05:06 14:45:10 173374 64010.5978
2019:05:06 14:45:10 248517 67990.9810
2019:05:06 14:45:10 340250 70881.4934
2019:05:06 14:45:10 429376 81307.7316
2019:05:06 14:45:10 525389 80679.1484
2019:05:06 14:45:10 633378 72011.5155
2019:05:06 14:45:10 710522 69639.0010
2019:05:06 14:45:10 793655 40285.3005
2019:05:06 14:45:10 889375 84657.6579
2019:05:06 14:45:11 9373 109624.9856
2019:05:06 14:45:11 126247 106479.5777
2019:05:06 14:45:11 221383 91457.0317
2019:05:06 14:45:11 308920 72898.8647
2019:05:06 14:45:11 387149 74963.7932
2019:05:06 14:45:11 480940 67585.0064
2019:05:06 14:45:11 572287 85617.9483
2019:05:06 14:45:11 655883 80753.2705
2019:05:06 14:45:11 753377 80014.5045
2019:05:06 14:45:11 849372 91969.0654
2019:05:06 14:45:11 993363 138489.8908
2019:05:06 14:45:12 75656 82284.0557
2019:05:06 14:45:12 158815 70796.2848
2019:05:06 14:45:12 234981 73745.4966
2019:05:06 14:45:12 316079 62714.7555
2019:05:06 14:45:12 409371 81375.2748
2019:05:06 14:45:12 505376 80745.8349
2019:05:06 14:45:12 581934 62422.4022
2019:05:06 14:45:12 669377 68015.5009
2019:05:06 14:45:12 765372 88440.1090
2019:05:06 14:45:12 861370 87383.5161
2019:05:06 14:45:12 936615 67609.0904
2019:05:06 14:45:13 21378 72023.2800
2019:05:06 14:45:13 125378 68016.0746
2019:05:06 14:45:13 204055 71679.1078
2019:05:06 14:45:13 317372 71999.4605
2019:05:06 14:45:13 399032 74960.5522
2019:05:06 14:45:13 493372 72006.7322
2019:05:06 14:45:13 601360 99542.7817
2019:05:06 14:45:13 717362 115993.3396
2019:05:06 14:45:13 828281 110910.4045
2019:05:06 14:45:13 903213 70858.0166
2019:05:06 14:45:14 13374 104423.4820
2019:05:06 14:45:14 109386 89439.4629
2019:05:06 14:45:14 193384 77996.9655
2019:05:06 14:45:14 288648 88884.7075
2019:05:06 14:45:14 367679 71669.3737
2019:05:06 14:45:14 457961 66475.0300
2019:05:06 14:45:14 559047 83493.1061
2019:05:06 14:45:14 646968 74687.5219
2019:05:06 14:45:14 733376 80688.3946
2019:05:06 14:45:14 816613 77455.8783
2019:05:06 14:45:14 904249 79109.7209
2019:05:06 14:45:14 998035 72678.1189
2019:05:06 14:45:15 82406 65043.0359
2019:05:06 14:45:15 161381 72840.5081
2019:05:06 14:45:15 245081 77897.1836
2019:05:06 14:45:15 329990 73846.0347
2019:05:06 14:45:15 405380 71058.7539
2019:05:06 14:45:15 485375 75320.5977
2019:05:06 14:45:15 572255 70898.7452
2019:05:06 14:45:15 677371 98569.4490
2019:05:06 14:45:15 752068 67185.0704
2019:05:06 14:45:15 849374 64007.4909
2019:05:06 14:45:15 937380 60016.7587
2019:05:06 14:45:16 13393 69229.4985
2019:05:06 14:45:16 109386 68019.8856
2019:05:06 14:45:16 188682 72070.8854
2019:05:06 14:45:16 277379 64011.7191
2019:05:06 14:45:16 385694 76339.1294
2019:05:06 14:45:16 452039 61442.8669
2019:05:06 14:45:16 545378 72015.6990
2019:05:06 14:45:16 633378 81809.8336
2019:05:06 14:45:16 745323 72121.1471
2019:05:06 14:45:16 837360 86330.7863
2019:05:06 14:45:16 915272 77904.2058
2019:05:06 14:45:17 5386 72022.8627
2019:05:06 14:45:17 83212 70867.1771
2019:05:06 14:45:17 163510 73750.8051
2019:05:06 14:45:17 261369 64003.4303
2019:05:06 14:45:17 357368 85755.2923
2019:05:06 14:45:17 442819 74524.7081
2019:05:06 14:45:17 545372 98457.5227
2019:05:06 14:45:17 645379 64011.2199
2019:05:06 14:45:17 741376 85556.9988
2019:05:06 14:45:17 833359 80413.2521
2019:05:06 14:45:17 973361 139993.7384
2019:05:06 14:45:18 51908 78538.4625
2019:05:06 14:45:18 141379 85799.4631
2019:05:06 14:45:18 207964 59403.4009
2019:05:06 14:45:18 305492 85234.0274
2019:05:06 14:45:18 397347 71427.5017
2019:05:06 14:45:18 477419 65440.6399
2019:05:06 14:45:18 569200 75698.1373
2019:05:06 14:45:18 661374 80694.5078
2019:05:06 14:45:18 757368 81666.2423
2019:05:06 14:45:18 891573 119204.9868
2019:05:06 14:45:18 981358 86930.4314
2019:05:06 14:45:19 77377 96010.8303
2019:05:06 14:45:19 173371 89316.1893
2019:05:06 14:45:19 269368 89065.7455
2019:05:06 14:45:19 365368 87587.5875
2019:05:06 14:45:19 467837 95037.0245
2019:05:06 14:45:19 553378 83089.4485
2019:05:06 14:45:19 662379 97089.6147
2019:05:06 14:45:19 744301 78254.1558
2019:05:06 14:45:19 837377 72016.3397
2019:05:06 14:45:19 925331 51964.3612
2019:05:06 14:45:20 21373 76005.0863
2019:05:06 14:45:20 101034 73708.0984
2019:05:06 14:45:20 193375 64010.4897
2019:05:06 14:45:20 301382 101217.2885
2019:05:06 14:45:20 367298 59003.9529
2019:05:06 14:45:20 453383 64020.6337
2019:05:06 14:45:20 549141 88078.8118
2019:05:06 14:45:20 625381 72172.2730
2019:05:06 14:45:20 745379 72008.1255
2019:05:06 14:45:20 821897 69623.6379
2019:05:06 14:45:20 909370 81929.3670
2019:05:06 14:45:21 5374 85578.4081
2019:05:06 14:45:21 113377 103480.1565
2019:05:06 14:45:21 209383 84810.3426
2019:05:06 14:45:21 361360 115995.0085
2019:05:06 14:45:21 437523 76154.4667
2019:05:06 14:45:21 498547 57363.1637
2019:05:06 14:45:21 604206 72492.4020
2019:05:06 14:45:21 693381 85904.8814
2019:05:06 14:45:21 776231 75747.4080
2019:05:06 14:45:21 869378 64006.3807
2019:05:06 14:45:21 955647 79482.9540
2019:05:06 14:45:22 37378 64015.8206
2019:05:06 14:45:22 111298 67205.2614
2019:05:06 14:45:22 205482 85182.9052
2019:05:06 14:45:22 313370 100112.5798
2019:05:06 14:45:22 409375 84283.3593
2019:05:06 14:45:22 517177 97474.1243
2019:05:06 14:45:22 613379 92929.8811
2019:05:06 14:45:22 692892 72568.0329
2019:05:06 14:45:22 797371 76009.1394
2019:05:06 14:45:22 869376 65064.7953
2019:05:06 14:45:22 938645 62638.0742
2019:05:06 14:45:23 2128 54058.9802
2019:05:06 14:45:23 93367 86325.9844
2019:05:06 14:45:23 189371 95995.2511
2019:05:06 14:45:23 261819 64325.8654
2019:05:06 14:45:23 349371 64008.3365
2019:05:06 14:45:23 447353 90130.8879
2019:05:06 14:45:23 523530 70868.5182
2019:05:06 14:45:23 607069 65706.1487
2019:05:06 14:45:23 692272 72883.6432
2019:05:06 14:45:23 789376 84762.8713
2019:05:06 14:45:23 870038 70031.6578
2019:05:06 14:45:23 963014 83120.0033
2019:05:06 14:45:24 55570 70200.9201
2019:05:06 14:45:24 145379 68015.2960
2019:05:06 14:45:24 285372 112007.8675
2019:05:06 14:45:24 389360 97479.2130
2019:05:06 14:45:24 472545 83177.2797
2019:05:06 14:45:24 573373 76008.3385
2019:05:06 14:45:24 677381 68005.4761
2019:05:06 14:45:24 985370 296922.1659
2019:05:06 14:45:25 85377 93102.3546
2019:05:06 14:45:25 193384 72029.4379
2019:05:06 14:45:25 281379 80622.6544
2019:05:06 14:45:25 377371 87726.1721
2019:05:06 14:45:25 456338 71676.4033
2019:05:06 14:45:25 565386 88022.6754
2019:05:06 14:45:25 665228 88066.8424
2019:05:06 14:45:25 751242 79438.2691
2019:05:06 14:45:25 845370 89632.5968
2019:05:06 14:45:25 949383 72016.8948
2019:05:06 14:45:26 57370 97622.7149
2019:05:06 14:45:26 167397 78026.8423
2019:05:06 14:45:26 281361 95996.7002
2019:05:06 14:45:26 389374 108004.7078
2019:05:06 14:45:26 476624 81914.2088
2019:05:06 14:45:26 567138 73782.8463
2019:05:06 14:45:26 656023 84389.1986
2019:05:06 14:45:26 738350 64983.1854
2019:05:06 14:45:26 834217 81534.9594
2019:05:06 14:45:26 977372 116008.7101
2019:05:06 14:45:27 68487 76180.5922
2019:05:06 14:45:27 157382 84418.2149
2019:05:06 14:45:27 229384 65490.7562
2019:05:06 14:45:27 337379 99756.5538
2019:05:06 14:45:27 438336 76960.2284
2019:05:06 14:45:27 577362 111992.4560
2019:05:06 14:45:27 673379 96007.4142
2019:05:06 14:45:27 749209 61020.6202
2019:05:06 14:45:27 838081 68718.3663
2019:05:06 14:45:27 915082 70882.6520
2019:05:06 14:45:28 45367 96013.2852
2019:05:06 14:45:28 120680 71679.6517
2019:05:06 14:45:28 176832 53683.4709
2019:05:06 14:45:28 277380 72016.4776
2019:05:06 14:45:28 385376 97145.8852
2019:05:06 14:45:28 464349 70479.5271
2019:05:06 14:45:28 561797 68434.0149
2019:05:06 14:45:28 665850 76484.8515
2019:05:06 14:45:28 785362 99999.4949
2019:05:06 14:45:28 857384 72012.4580
2019:05:06 14:45:28 933288 68000.6668
2019:05:06 14:45:29 33369 94761.7143
2019:05:06 14:45:29 125375 80260.2321
2019:05:06 14:45:29 217382 76411.8731
2019:05:06 14:45:29 361372 108016.5915
2019:05:06 14:45:29 490357 100990.6009
2019:05:06 14:45:29 605360 92003.1443
2019:05:06 14:45:29 720529 115161.8026
2019:05:06 14:45:29 821373 97992.3792
2019:05:06 14:45:29 953371 88000.0815
2019:05:06 14:45:30 99404 138455.3984
2019:05:06 14:45:30 196476 95440.1530
2019:05:06 14:45:30 267742 68010.0806
2019:05:06 14:45:30 363194 91377.0385
2019:05:06 14:45:30 461353 95334.1462
2019:05:06 14:45:30 537980 76617.9934
2019:05:06 14:45:30 641374 72012.5847
2019:05:06 14:45:30 741372 89031.4020
2019:05:06 14:45:30 837378 64012.3226
2019:05:06 14:45:30 941378 72012.7821
2019:05:06 14:45:31 13381 61608.4561
2019:05:06 14:45:31 121374 97114.1942
2019:05:06 14:45:31 213370 84679.7675
2019:05:06 14:45:31 279823 59823.2262
2019:05:06 14:45:31 385372 96950.4528
2019:05:06 14:45:31 493373 98488.0254
2019:05:06 14:45:31 593361 88664.1555
2019:05:06 14:45:31 666455 73085.9488
2019:05:06 14:45:31 729969 57385.8768
2019:05:06 14:45:31 818410 65043.9188
2019:05:06 14:45:31 917370 93193.5087
2019:05:06 14:45:32 13387 89315.1835
2019:05:06 14:45:32 101373 83904.1434
2019:05:06 14:45:32 172068 63280.4520
2019:05:06 14:45:32 257378 77167.4067
2019:05:06 14:45:32 347189 74941.8177
2019:05:06 14:45:32 446744 73377.7173
2019:05:06 14:45:32 536040 62675.9417
2019:05:06 14:45:32 633076 73706.5822
2019:05:06 14:45:32 721372 84192.7975
2019:05:06 14:45:32 797382 70486.8138
2019:05:06 14:45:32 886223 74120.7190
2019:05:06 14:45:32 959537 64729.9960
2019:05:06 14:45:33 69709 92345.4165
2019:05:06 14:45:33 172930 75561.5234
2019:05:06 14:45:33 267546 66180.2851
2019:05:06 14:45:33 364192 83961.9897
2019:05:06 14:45:33 451852 74948.6461
2019:05:06 14:45:33 581359 99997.4199
2019:05:06 14:45:33 677382 96014.0377
2019:05:06 14:45:33 747143 58564.5810
2019:05:06 14:45:33 845379 72011.9588
2019:05:06 14:45:33 981373 99997.8073
2019:05:06 14:45:34 49373 63848.4880
2019:05:06 14:45:34 119077 61860.9563
2019:05:06 14:45:34 205367 83454.9405
2019:05:06 14:45:34 301370 95994.3905
2019:05:06 14:45:34 373387 61392.7506
2019:05:06 14:45:34 490967 77602.3306
2019:05:06 14:45:34 582701 73346.7340
2019:05:06 14:45:34 685370 100209.3703
2019:05:06 14:45:34 768655 72915.2933
2019:05:06 14:45:34 892351 98988.1754
2019:05:06 14:45:34 964433 70455.3239
2019:05:06 14:45:35 57377 88828.7649
2019:05:06 14:45:35 145378 72019.7596
2019:05:06 14:45:35 221660 69603.5139
2019:05:06 14:45:35 301124 75786.3708
2019:05:06 14:45:35 385377 64014.3119
2019:05:06 14:45:35 487888 95034.7334
2019:05:06 14:45:35 581375 90647.2355
2019:05:06 14:45:35 661952 77006.6381
2019:05:06 14:45:35 761377 72006.1697
2019:05:06 14:45:35 834398 65144.7363
2019:05:06 14:45:35 933108 92578.3142
2019:05:06 14:45:36 13369 77809.2630
2019:05:06 14:45:36 121373 72004.0947
2019:05:06 14:45:36 205889 79868.2384
2019:05:06 14:45:36 296805 76305.7470
2019:05:06 14:45:36 370128 69241.3673
2019:05:06 14:45:36 469376 72009.5374
2019:05:06 14:45:36 579849 74481.9306
2019:05:06 14:45:36 654384 72099.4733
2019:05:06 14:45:36 737373 64008.4036
2019:05:06 14:45:36 849372 101168.1594
2019:05:06 14:45:36 951726 66361.8706
2019:05:06 14:45:37 66038 88673.3867
2019:05:06 14:45:37 174559 102413.9822
2019:05:06 14:45:37 278597 77228.9112
2019:05:06 14:45:37 385490 76123.6884
2019:05:06 14:45:37 477378 64008.1652
2019:05:06 14:45:37 553415 71680.4005
2019:05:06 14:45:37 625085 65126.2105
2019:05:06 14:45:37 703716 72079.8373
2019:05:06 14:45:37 813381 84017.6158
2019:05:06 14:45:37 889267 70027.0571
2019:05:06 14:45:37 973231 73703.5535
2019:05:06 14:45:38 57379 72015.3823
2019:05:06 14:45:38 165372 80004.5766
2019:05:06 14:45:38 242762 72529.1967
2019:05:06 14:45:38 385360 111977.5698
2019:05:06 14:45:38 523740 138371.4490
2019:05:06 14:45:38 618740 91773.5212
2019:05:06 14:45:38 694977 71945.6375
2019:05:06 14:45:38 782999 69635.5961
2019:05:06 14:45:38 881376 95511.8537
2019:05:06 14:45:38 989372 72004.7541
2019:05:06 14:45:39 77370 80166.7608
2019:05:06 14:45:39 184007 95846.8765
2019:05:06 14:45:39 309362 122114.5056
2019:05:06 14:45:39 417374 108003.2550
2019:05:06 14:45:39 500173 76984.6737
2019:05:06 14:45:39 581389 64018.8530
2019:05:06 14:45:39 681388 88667.3816
2019:05:06 14:45:39 790160 72794.0015
2019:05:06 14:45:39 861386 65080.2068
2019:05:06 14:45:39 973363 105343.3828
2019:05:06 14:45:40 49383 76009.3108
2019:05:06 14:45:40 120697 64319.6143
2019:05:06 14:45:40 213379 64005.1179
2019:05:06 14:45:40 309371 92415.3067
2019:05:06 14:45:40 416398 101170.1822
2019:05:06 14:45:40 505685 87645.7803
2019:05:06 14:45:40 577386 68812.5640
2019:05:06 14:45:40 653381 72749.3204
2019:05:06 14:45:40 743264 85622.4746
2019:05:06 14:45:40 817388 71276.6573
2019:05:06 14:45:40 935744 98379.0345
2019:05:06 14:45:41 38985 101180.0058
2019:05:06 14:45:41 129099 87266.8400
2019:05:06 14:45:41 213052 67698.2701
2019:05:06 14:45:41 344966 103610.9440
2019:05:06 14:45:41 449363 97826.9167
2019:05:06 14:45:41 537488 88116.1876
2019:05:06 14:45:41 636158 78791.8717
2019:05:06 14:45:41 732834 79471.5136
2019:05:06 14:45:41 817374 72019.4764
2019:05:06 14:45:41 899948 77426.7055
2019:05:06 14:45:41 979805 71656.9535
2019:05:06 14:45:42 61385 75429.1043
2019:05:06 14:45:42 169376 72002.4183
2019:05:06 14:45:42 261375 84979.4447
2019:05:06 14:45:42 373351 104635.6149
2019:05:06 14:45:42 453691 68332.3853
2019:05:06 14:45:42 549369 71252.0704
2019:05:06 14:45:42 653369 96068.6654
2019:05:06 14:45:42 745378 80338.5414
2019:05:06 14:45:42 848531 67164.4546
2019:05:06 14:45:42 947650 70283.0032
2019:05:06 14:45:43 22602 69636.1773
2019:05:06 14:45:43 97151 70054.9930
2019:05:06 14:45:43 229360 104007.0280
2019:05:06 14:45:43 327355 97988.3485
2019:05:06 14:45:43 393307 56937.8920
2019:05:06 14:45:43 497379 84017.1613
2019:05:06 14:45:43 623500 118141.9790
2019:05:06 14:45:43 698834 72889.1455
2019:05:06 14:45:43 793380 89604.2734
2019:05:06 14:45:43 888891 87623.2125
2019:05:06 14:45:43 963420 70852.2461
2019:05:06 14:45:44 46586 79467.1476
2019:05:06 14:45:44 130138 74127.1116
2019:05:06 14:45:44 223949 66583.8756
2019:05:06 14:45:44 305384 77374.6669
2019:05:06 14:45:44 401377 72009.9062
2019:05:06 14:45:44 505374 68006.5565
2019:05:06 14:45:44 593380 76021.9470
2019:05:06 14:45:44 697374 68011.3807
2019:05:06 14:45:44 771570 67202.1657
2019:05:06 14:45:44 857374 78875.4150
2019:05:06 14:45:44 945213 72505.3065
2019:05:06 14:45:45 33378 84083.4603
2019:05:06 14:45:45 106998 65961.9868
2019:05:06 14:45:45 193370 64005.0210
2019:05:06 14:45:45 304814 63444.7113
2019:05:06 14:45:45 417378 80009.7883
2019:05:06 14:45:45 505377 81367.1201
2019:05:06 14:45:45 601374 64008.8283
2019:05:06 14:45:45 682874 72082.3929
2019:05:06 14:45:45 781379 72011.7390
2019:05:06 14:45:45 873376 86882.4124
2019:05:06 14:45:45 965360 85492.4135
2019:05:06 14:45:46 77372 112004.5893
2019:05:06 14:45:46 169370 88813.1745
2019:05:06 14:45:46 247263 69631.2524
2019:05:06 14:45:46 325555 61447.9296
2019:05:06 14:45:46 432001 74637.3683
2019:05:06 14:45:46 517378 82520.2577
2019:05:06 14:45:46 613359 85091.5536
2019:05:06 14:45:46 709359 95990.9558
2019:05:06 14:45:46 805368 96000.9135
2019:05:06 14:45:46 876841 60596.3916
2019:05:06 14:45:46 965373 64010.4748
2019:05:06 14:45:47 40670 71281.7833
2019:05:06 14:45:47 127942 66580.1540
2019:05:06 14:45:47 203270 71677.6066
2019:05:06 14:45:47 273378 65603.9827
2019:05:06 14:45:47 350724 72063.6509
2019:05:06 14:45:47 441375 85753.4707
2019:05:06 14:45:47 533368 88859.8561
2019:05:06 14:45:47 609990 73327.3886
2019:05:06 14:45:47 713372 84006.8534
2019:05:06 14:45:47 853362 131563.2388
2019:05:06 14:45:47 945373 92002.6414
2019:05:06 14:45:48 9382 54541.2824
2019:05:06 14:45:48 129361 112653.2741
2019:05:06 14:45:48 225370 96000.6639
2019:05:06 14:45:48 325933 61015.9338
2019:05:06 14:45:48 453355 117961.7345
2019:05:06 14:45:48 541380 88014.2450
2019:05:06 14:45:48 617382 70645.2131
2019:05:06 14:45:48 713389 84354.5869
2019:05:06 14:45:48 805373 60011.0553
2019:05:06 14:45:48 889373 78914.2326
2019:05:06 14:45:48 959163 64732.3504
2019:05:06 14:45:49 47225 74146.3862
2019:05:06 14:45:49 137398 69276.0423
2019:05:06 14:45:49 245384 102341.5327
2019:05:06 14:45:49 324085 71678.8545
2019:05:06 14:45:49 457362 130396.5077
2019:05:06 14:45:49 553373 96001.7443
2019:05:06 14:45:49 681360 92678.9418
2019:05:06 14:45:49 759061 77693.3581
2019:05:06 14:45:49 857376 68012.7703
2019:05:06 14:45:49 969371 104215.9535
2019:05:06 14:45:50 73377 72020.0315
2019:05:06 14:45:50 184651 75282.2608
2019:05:06 14:45:50 281381 64015.6455
2019:05:06 14:45:50 355858 60592.8861
2019:05:06 14:45:50 424256 63074.8160
2019:05:06 14:45:50 498824 66773.0533
2019:05:06 14:45:50 563131 58996.3272
2019:05:06 14:45:50 642175 71689.9633
2019:05:06 14:45:50 718756 69641.5715
2019:05:06 14:45:50 793706 68833.3139
2019:05:06 14:45:50 885009 76164.1227
2019:05:06 14:45:50 970627 81928.4357
2019:05:06 14:45:51 51316 70444.5951
2019:05:06 14:45:51 138149 77415.9953
2019:05:06 14:45:51 205332 63909.6089
2019:05:06 14:45:51 278638 68802.6473
2019:05:06 14:45:51 350807 68027.4926
2019:05:06 14:45:51 417075 58998.5549
2019:05:06 14:45:51 495317 71226.8278
2019:05:06 14:45:51 565755 65129.8948
2019:05:06 14:45:51 637431 66762.2425
2019:05:06 14:45:51 712355 67563.9883
2019:05:06 14:45:51 795529 72073.9104
2019:05:06 14:45:51 875810 75780.1346
2019:05:06 14:45:51 943800 64320.0390
2019:05:06 14:45:52 49899 97491.1079
2019:05:06 14:45:52 130271 75895.5963
2019:05:06 14:45:52 219864 67570.1536
2019:05:06 14:45:52 311594 71058.7204
2019:05:06 14:45:52 384120 70049.7590
2019:05:06 14:45:52 462739 75385.0602
2019:05:06 14:45:52 518435 52016.6494
2019:05:06 14:45:52 629481 106109.3658
2019:05:06 14:45:52 718362 86032.6923
2019:05:06 14:45:52 819121 78222.9789
2019:05:06 14:45:52 911302 82747.9698
2019:05:06 14:45:53 2221 78631.6954
2019:05:06 14:45:53 76380 66371.9140
2019:05:06 14:45:53 201369 96012.0708
2019:05:06 14:45:53 297382 96003.6516
2019:05:06 14:45:53 393393 83571.2217
2019:05:06 14:45:53 509362 95996.0930
2019:05:06 14:45:53 612476 103104.0438
2019:05:06 14:45:53 683768 69233.4846
2019:05:06 14:45:53 765379 64010.6387
2019:05:06 14:45:53 881375 81901.6583
2019:05:06 14:45:53 996262 76587.2933
2019:05:06 14:45:54 88428 89308.9287
2019:05:06 14:45:54 157661 65962.1134
2019:05:06 14:45:54 231371 66770.1811
2019:05:06 14:45:54 307566 69651.5851
2019:05:06 14:45:54 391115 74958.1680
2019:05:06 14:45:54 477126 77010.6986
2019:05:06 14:45:54 572552 80672.0927
2019:05:06 14:45:54 652844 72506.1856
2019:05:06 14:45:54 743391 70081.5506
2019:05:06 14:45:54 825266 74563.0190
2019:05:06 14:45:54 913743 73320.3217
2019:05:06 14:45:54 989518 61038.3078
2019:05:06 14:45:55 101329 89290.5593
2019:05:06 14:45:55 200447 75785.7114
2019:05:06 14:45:55 286054 57779.1445
2019:05:06 14:45:55 367160 77024.7094
2019:05:06 14:45:55 428577 56116.2792
2019:05:06 14:45:55 500687 67604.2996
2019:05:06 14:45:55 581354 76993.7932
2019:05:06 14:45:55 655893 71259.2714
2019:05:06 14:45:55 759936 79478.6662
2019:05:06 14:45:55 830786 64733.5537
2019:05:06 14:45:55 903706 63894.8008
2019:05:06 14:45:55 980690 69646.1760
2019:05:06 14:45:56 66708 74550.9341
2019:05:06 14:45:56 144939 70868.0935
2019:05:06 14:45:56 215439 63965.7862
2019:05:06 14:45:56 290332 68006.3330
2019:05:06 14:45:56 391117 82755.1335
2019:05:06 14:45:56 468956 70465.1959
2019:05:06 14:45:56 549700 60703.6091
2019:05:06 14:45:56 625409 73352.3928
2019:05:06 14:45:56 698718 64720.9920
2019:05:06 14:45:56 787172 70827.7449
2019:05:06 14:45:56 872375 72529.0217
2019:05:06 14:45:56 965807 86499.7320
2019:05:06 14:45:57 42355 68832.3379
2019:05:06 14:45:57 135726 71672.7227
2019:05:06 14:45:57 225017 77419.0500
2019:05:06 14:45:57 304869 72463.8626
2019:05:06 14:45:57 385156 77827.3679
2019:05:06 14:45:57 476102 63483.0184
2019:05:06 14:45:57 555112 73298.2345
2019:05:06 14:45:57 633888 65654.8068
2019:05:06 14:45:57 720184 84259.2493
2019:05:06 14:45:57 799244 76189.5999
2019:05:06 14:45:57 906221 94257.7422
2019:05:06 14:45:57 988146 72551.9434
2019:05:06 14:45:58 79029 87919.9840
2019:05:06 14:45:58 145811 64739.5812
2019:05:06 14:45:58 208498 56153.5656
2019:05:06 14:45:58 269917 55707.5739
2019:05:06 14:45:58 336276 49151.8974
2019:05:06 14:45:58 409200 66362.8131
2019:05:06 14:45:58 476334 63066.5906
2019:05:06 14:45:58 803999 316156.8716
2019:05:06 14:45:58 889432 73556.0022
2019:05:06 14:45:58 991211 79874.4299
2019:05:06 14:45:59 74748 79061.5566
2019:05:06 14:45:59 160349 83154.2313
2019:05:06 14:45:59 251703 85229.2217
2019:05:06 14:45:59 333190 77427.6443
2019:05:06 14:45:59 406539 68844.1731
2019:05:06 14:45:59 486402 62272.3065
2019:05:06 14:45:59 574857 75400.1029
2019:05:06 14:45:59 667827 72090.9983
2019:05:06 14:45:59 744401 70437.2525
2019:05:06 14:45:59 819001 70524.4318
2019:05:06 14:45:59 894377 68420.9652
2019:05:06 14:45:59 962787 59414.2042
2019:05:06 14:46:00 54945 84401.8273
2019:05:06 14:46:00 129484 70066.5526
2019:05:06 14:46:00 226145 73332.6711
2019:05:06 14:46:00 305430 74000.5486
2019:05:06 14:46:00 388044 71406.5321
2019:05:06 14:46:00 485820 95425.0023
2019:05:06 14:46:00 588177 83530.5117
2019:05:06 14:46:00 667239 72488.8779
2019:05:06 14:46:00 754482 78129.6380
2019:05:06 14:46:00 836401 77016.2381
2019:05:06 14:46:00 915455 71280.6918
2019:05:06 14:46:01 13852 91860.9165
2019:05:06 14:46:01 132546 111421.0822
2019:05:06 14:46:01 230045 93846.9581
2019:05:06 14:46:01 325059 72116.4905
2019:05:06 14:46:01 411048 70859.2981
2019:05:06 14:46:01 484357 69240.0672
2019:05:06 14:46:01 576101 84801.7037
2019:05:06 14:46:01 658040 72945.0136
2019:05:06 14:46:01 741580 74037.8872
2019:05:06 14:46:01 821974 73035.4898
2019:05:06 14:46:01 896415 68760.6856
2019:05:06 14:46:01 981181 79753.8906
2019:05:06 14:46:02 63096 70864.7296
2019:05:06 14:46:02 159019 85686.1621
2019:05:06 14:46:02 238910 76633.6806
2019:05:06 14:46:02 365371 119917.9813
2019:05:06 14:46:02 467739 92133.4475
2019:05:06 14:46:02 542700 72511.1030
2019:05:06 14:46:02 634058 87654.9780
2019:05:06 14:46:02 757373 118840.1394
2019:05:06 14:46:02 832697 70860.3337
2019:05:06 14:46:02 917380 64022.7310
2019:05:06 14:46:03 45363 120091.0546
2019:05:06 14:46:03 141373 96001.5357
2019:05:06 14:46:03 245147 71781.4416
2019:05:06 14:46:03 338126 74545.3350
2019:05:06 14:46:03 409800 65137.4497
2019:05:06 14:46:03 494977 65608.3450
2019:05:06 14:46:03 577381 64016.2677
2019:05:06 14:46:03 675212 69852.4192
2019:05:06 14:46:03 797421 96055.1314
2019:05:06 14:46:03 868523 71093.0414
2019:05:06 14:46:03 964365 92583.5520
2019:05:06 14:46:04 35646 68820.8789
2019:05:06 14:46:04 145378 106478.1100
2019:05:06 14:46:04 257360 79998.1356
2019:05:06 14:46:04 330530 73162.4328
2019:05:06 14:46:04 406564 70712.8420
2019:05:06 14:46:04 517380 80011.5131
2019:05:06 14:46:04 631975 103609.4315
2019:05:06 14:46:04 752385 117130.1343
2019:05:06 14:46:04 869561 80194.5962
2019:05:06 14:46:04 961375 64006.4962
2019:05:06 14:46:05 30938 62303.6809
2019:05:06 14:46:05 117374 64010.8250
2019:05:06 14:46:05 213857 64485.2109
2019:05:06 14:46:05 317376 72009.6081
2019:05:06 14:46:05 449374 72012.5027
2019:05:06 14:46:05 541374 86137.8573
2019:05:06 14:46:05 619059 66344.1196
2019:05:06 14:46:05 696523 75410.3437
2019:05:06 14:46:05 785866 72512.5186
2019:05:06 14:46:05 854247 65140.6422
2019:05:06 14:46:05 920600 60612.9207
2019:05:06 14:46:06 17380 72010.4761
2019:05:06 14:46:06 95939 70043.1578
2019:05:06 14:46:06 181498 62235.6124
2019:05:06 14:46:06 275340 67860.0147
2019:05:06 14:46:06 353382 64978.9795
2019:05:06 14:46:06 428498 68006.1802
2019:05:06 14:46:06 501002 70058.1707
2019:05:06 14:46:06 585374 64011.2609
2019:05:06 14:46:06 687745 70378.4749
2019:05:06 14:46:06 825363 107993.9082
2019:05:06 14:46:06 890493 65121.4682
2019:05:06 14:46:06 968722 71680.5458
2019:05:06 14:46:07 45728 60365.8371
2019:05:06 14:46:07 141379 72008.3788
2019:05:06 14:46:07 247645 66278.3496
2019:05:06 14:46:07 322202 70047.2966
2019:05:06 14:46:07 413379 72015.8108
2019:05:06 14:46:07 486063 69264.9409
2019:05:06 14:46:07 600295 78926.4031
2019:05:06 14:46:07 689360 86590.2789
2019:05:06 14:46:07 762907 73539.1118
2019:05:06 14:46:07 877373 89470.9527
2019:05:06 14:46:07 962777 74932.7429
2019:05:06 14:46:08 58215 76852.8879
2019:05:06 14:46:08 165373 88009.1488
2019:05:06 14:46:08 293372 84841.6723
2019:05:06 14:46:08 373374 73896.6763
2019:05:06 14:46:08 451020 69644.6337
2019:05:06 14:46:08 533586 73891.5801
2019:05:06 14:46:08 609929 71274.5860
2019:05:06 14:46:08 694714 70047.3599
2019:05:06 14:46:08 773742 69587.2381
2019:05:06 14:46:08 869368 68005.6959
2019:05:06 14:46:08 965370 90452.9318
2019:05:06 14:46:09 39976 63857.4436
2019:05:06 14:46:09 107975 65547.1236
2019:05:06 14:46:09 197364 82030.1138
2019:05:06 14:46:09 286960 81572.1266
2019:05:06 14:46:09 381369 89506.3989
2019:05:06 14:46:09 473373 81155.6168
2019:05:06 14:46:09 546660 65938.5249
2019:05:06 14:46:09 641370 87340.5524
2019:05:06 14:46:09 737370 89151.6842
2019:05:06 14:46:09 810122 67314.6062
2019:05:06 14:46:09 895186 73927.4099
2019:05:06 14:46:09 989382 72488.4830
2019:05:06 14:46:10 70910 76185.4798
2019:05:06 14:46:10 165375 85872.4415
2019:05:06 14:46:10 261370 87225.3589
2019:05:06 14:46:10 362121 68765.8750
2019:05:06 14:46:10 453372 83889.1305
2019:05:06 14:46:10 581376 96013.6056
2019:05:06 14:46:10 654614 67149.0282
2019:05:06 14:46:10 741371 81031.9223
2019:05:06 14:46:10 837374 91421.7420
2019:05:06 14:46:10 945361 102741.9046
2019:05:06 14:46:11 49360 103991.0093
2019:05:06 14:46:11 149371 100001.0334
2019:05:06 14:46:11 241370 77205.7883
2019:05:06 14:46:11 321377 75312.8380
2019:05:06 14:46:11 421373 92172.2800
2019:05:06 14:46:11 517672 96290.9795
2019:05:06 14:46:11 613381 80574.4193
2019:05:06 14:46:11 715894 94629.9024
2019:05:06 14:46:11 821379 76011.5869
2019:05:06 14:46:11 886275 59793.4574
2019:05:06 14:46:11 965335 75370.4756
2019:05:06 14:46:12 64860 83503.2836
2019:05:06 14:46:12 157375 72014.4585
2019:05:06 14:46:12 269382 73024.7647
2019:05:06 14:46:12 372064 96271.2802
2019:05:06 14:46:12 462480 73123.0304
2019:05:06 14:46:12 569871 84268.2160
2019:05:06 14:46:12 652356 70499.7443
2019:05:06 14:46:12 749766 72184.7080
2019:05:06 14:46:12 829371 72748.5418
2019:05:06 14:46:12 925802 70307.6832
2019:05:06 14:46:13 51133 90526.4579
2019:05:06 14:46:13 191445 106071.4349
2019:05:06 14:46:13 305377 111872.5874
2019:05:06 14:46:13 413380 72013.9407
2019:05:06 14:46:13 521379 72013.6873
2019:05:06 14:46:13 629374 101871.3415
2019:05:06 14:46:13 729374 88855.2964
2019:05:06 14:46:13 829733 68375.9935
2019:05:06 14:46:13 921379 86328.4282
2019:05:06 14:46:13 998497 70454.5565
2019:05:06 14:46:14 97382 68015.0278
2019:05:06 14:46:14 205375 72018.6867
2019:05:06 14:46:14 323289 81917.0065
2019:05:06 14:46:14 425370 99219.7804
2019:05:06 14:46:14 529363 67998.7445
2019:05:06 14:46:14 625378 96004.8847
2019:05:06 14:46:14 702983 71295.2949
2019:05:06 14:46:14 789379 68016.2683
2019:05:06 14:46:14 867646 67986.9205
2019:05:06 14:46:14 961373 64006.1833
2019:05:06 14:46:15 53375 84158.5733
2019:05:06 14:46:15 149375 64011.3503
2019:05:06 14:46:15 245381 80790.8699
2019:05:06 14:46:15 353360 97817.0708
2019:05:06 14:46:15 485355 131987.3407
2019:05:06 14:46:15 617371 129634.5778
2019:05:06 14:46:15 689380 64781.1368
2019:05:06 14:46:15 774144 76668.0390
2019:05:06 14:46:15 843718 64661.0223
2019:05:06 14:46:15 925649 70480.7192
2019:05:06 14:46:16 9586 77629.6221
2019:05:06 14:46:16 96463 84798.8911
2019:05:06 14:46:16 178346 78670.4831
2019:05:06 14:46:16 343802 133939.7319
2019:05:06 14:46:16 433378 86301.3454
2019:05:06 14:46:16 551029 109771.5311
2019:05:06 14:46:16 661379 76010.3166
2019:05:06 14:46:16 758692 65328.8588
2019:05:06 14:46:16 876245 114677.3212
2019:05:06 14:46:16 973378 93875.6168
2019:05:06 14:46:17 73371 93481.3172
2019:05:06 14:46:17 187558 106499.7539
2019:05:06 14:46:17 262541 72951.8794
2019:05:06 14:46:17 363675 74319.6085
2019:05:06 14:46:17 464436 75069.8335
2019:05:06 14:46:17 559854 83099.8830
2019:05:06 14:46:17 631957 67591.4064
2019:05:06 14:46:17 717378 80922.4397
2019:05:06 14:46:17 823640 96006.4866
2019:05:06 14:46:18 5372 178871.9632
2019:05:06 14:46:18 87424 74544.0125
2019:05:06 14:46:18 160718 68396.8253
2019:05:06 14:46:18 285361 95999.6767
2019:05:06 14:46:18 377002 91626.8080
2019:05:06 14:46:18 465374 60006.3354
2019:05:06 14:46:18 533465 61443.2022
2019:05:06 14:46:18 625373 64012.6094
2019:05:06 14:46:18 701817 68818.9827
2019:05:06 14:46:18 762016 40648.1624
2019:05:06 14:46:18 849374 80835.1301
2019:05:06 14:46:18 957376 101178.3108
2019:05:06 14:46:19 61383 68016.5626
2019:05:06 14:46:19 133376 61701.6815
2019:05:06 14:46:19 203535 65549.5413
2019:05:06 14:46:19 273593 67213.9116
2019:05:06 14:46:19 364086 67984.9572
2019:05:06 14:46:19 440712 71294.0358
2019:05:06 14:46:19 516055 46682.3615
2019:05:06 14:46:19 609379 68024.3634
2019:05:06 14:46:19 687654 63887.3391
2019:05:06 14:46:19 775723 67975.9495
2019:05:06 14:46:19 869370 89157.3355
2019:05:06 14:46:19 981369 104076.2849
2019:05:06 14:46:20 109363 113272.1938
2019:05:06 14:46:20 205365 95995.0648
2019:05:06 14:46:20 281379 76004.6430
2019:05:06 14:46:20 389377 97149.4094
2019:05:06 14:46:20 513378 96009.0458
2019:05:06 14:46:20 588771 69648.3776
2019:05:06 14:46:20 678397 69034.2449
2019:05:06 14:46:20 789470 80106.9550
2019:05:06 14:46:20 965375 112001.1136
2019:05:06 14:46:21 109381 108016.1519
2019:05:06 14:46:21 205371 81691.3657
2019:05:06 14:46:21 307624 87643.0720
2019:05:06 14:46:21 384208 73737.3866
2019:05:06 14:46:21 474294 60930.9003
2019:05:06 14:46:21 569385 64019.7732
2019:05:06 14:46:21 637356 60633.5253
2019:05:06 14:46:21 741385 72022.8665
2019:05:06 14:46:21 849374 101049.5871
2019:05:06 14:46:21 947802 66301.4688
2019:05:06 14:46:22 36027 72165.6308
2019:05:06 14:46:22 137372 95364.3620
2019:05:06 14:46:22 248011 68796.7278
2019:05:06 14:46:22 361386 80014.0463
2019:05:06 14:46:22 445019 72510.4138
2019:05:06 14:46:22 545384 76016.7651
2019:05:06 14:46:22 618273 65540.5894
2019:05:06 14:46:22 689378 67017.8123
2019:05:06 14:46:22 799304 73939.2564
2019:05:06 14:46:22 871014 67622.4418
2019:05:06 14:46:22 955378 77359.9669
2019:05:06 14:46:23 43885 71606.0549
2019:05:06 14:46:23 116411 69613.7063
2019:05:06 14:46:23 182681 62263.0157
2019:05:06 14:46:23 264195 77830.5419
2019:05:06 14:46:23 331789 60642.6410
2019:05:06 14:46:23 419114 62355.0527
2019:05:06 14:46:23 512401 71652.5689
2019:05:06 14:46:23 585325 67203.5143
2019:05:06 14:46:23 686466 77785.5925
2019:05:06 14:46:23 747523 55286.2845
2019:05:06 14:46:23 837220 81528.1160
2019:05:06 14:46:23 921663 82401.7003
2019:05:06 14:46:23 985878 61362.5720
2019:05:06 14:46:24 63698 63085.4219
2019:05:06 14:46:24 135482 67295.1676
2019:05:06 14:46:24 201364 65873.9470
2019:05:06 14:46:24 268130 55351.6597
2019:05:06 14:46:24 329139 55710.8708
2019:05:06 14:46:24 413422 61901.5098
2019:05:06 14:46:24 520995 97520.3961
2019:05:06 14:46:24 597382 73746.4167
2019:05:06 14:46:24 659226 56942.2506
2019:05:06 14:46:24 747684 85195.6047
2019:05:06 14:46:24 825216 75084.0977
2019:05:06 14:46:25 149935 281376.1234
2019:05:06 14:46:25 218341 63091.5053
2019:05:06 14:46:25 299447 72062.6488
2019:05:06 14:46:25 375199 73323.6186
2019:05:06 14:46:25 456718 74971.4971
2019:05:06 14:46:25 522663 61852.5110
2019:05:06 14:46:25 620976 68406.4850
2019:05:06 14:46:25 714338 70845.7045
2019:05:06 14:46:25 804061 82771.2715
2019:05:06 14:46:25 880219 72509.8439
2019:05:06 14:46:25 963817 74983.2243
2019:05:06 14:46:26 38325 70063.8853
2019:05:06 14:46:26 117954 73915.0010
2019:05:06 14:46:26 226334 86838.9830
2019:05:06 14:46:26 295540 64727.9359
2019:05:06 14:46:26 357803 53266.9425
2019:05:06 14:46:26 440537 73713.8242
2019:05:06 14:46:26 513469 67621.7303
2019:05:06 14:46:26 590872 66373.3296
2019:05:06 14:46:26 658026 60214.1693
2019:05:06 14:46:26 723973 63104.7077
2019:05:06 14:46:26 801379 70059.5081
2019:05:06 14:46:26 883295 75785.2271
2019:05:06 14:46:26 973419 65150.8309
2019:05:06 14:46:27 45117 67218.2925
2019:05:06 14:46:27 98850 47611.2962
2019:05:06 14:46:27 184222 70377.8863
2019:05:06 14:46:27 264648 73736.4739
2019:05:06 14:46:27 358650 78432.8692
2019:05:06 14:46:27 438139 75215.4291
2019:05:06 14:46:27 518986 71266.0961
2019:05:06 14:46:27 605966 73040.8728
2019:05:06 14:46:27 710413 75111.2103
2019:05:06 14:46:27 797130 77537.0635
2019:05:06 14:46:27 882140 72566.4906
2019:05:06 14:46:27 959327 70059.8657
2019:05:06 14:46:28 48219 81852.7192
2019:05:06 14:46:28 136675 85973.7881
2019:05:06 14:46:28 202626 58539.5060
2019:05:06 14:46:28 290277 69981.7128
2019:05:06 14:46:28 372563 76988.9690
2019:05:06 14:46:28 464331 78757.4947
2019:05:06 14:46:28 581388 88803.5633
2019:05:06 14:46:28 677390 89348.4950
2019:05:06 14:46:28 758211 72703.6037
2019:05:06 14:46:28 827680 62069.4868
2019:05:06 14:46:28 903214 68073.8091
2019:05:06 14:46:28 991069 78040.0112
2019:05:06 14:46:29 97394 88541.4146
2019:05:06 14:46:29 217396 88025.7823
2019:05:06 14:46:29 340865 115923.8070
2019:05:06 14:46:29 461383 104019.2097
2019:05:06 14:46:29 569396 80015.9462
2019:05:06 14:46:29 681395 76015.0850
2019:05:06 14:46:29 759930 68858.7911
2019:05:06 14:46:29 893868 68483.5091
2019:05:06 14:46:29 972075 72896.7004
2019:05:06 14:46:30 57734 56355.6999
2019:05:06 14:46:30 160919 73340.3787
2019:05:06 14:46:30 281388 115562.0776
2019:05:06 14:46:30 417368 104008.5591
2019:05:06 14:46:30 513384 96003.9347
2019:05:06 14:46:30 627471 108162.2913
2019:05:06 14:46:30 709391 64014.1331
2019:05:06 14:46:30 844120 102756.4295
2019:05:06 14:46:30 924413 77037.1072
2019:05:06 14:46:31 12851 72878.4986
2019:05:06 14:46:31 97403 81285.4432
2019:05:06 14:46:31 205401 76032.3368
2019:05:06 14:46:31 304490 63118.4205
2019:05:06 14:46:31 397389 85924.8489
2019:05:06 14:46:31 529386 96026.0294
2019:05:06 14:46:31 609652 71731.9250
2019:05:06 14:46:31 737388 96026.8900
2019:05:06 14:46:31 815239 70857.6106
2019:05:06 14:46:31 901383 81644.6282
2019:05:06 14:46:31 980326 73327.4482
2019:05:06 14:46:32 63051 77419.4449
2019:05:06 14:46:32 153966 72410.5500
2019:05:06 14:46:32 272355 98998.1517
2019:05:06 14:46:32 343659 68844.5233
2019:05:06 14:46:32 461383 96023.1163
2019:05:06 14:46:32 597380 104023.0207
2019:05:06 14:46:32 685388 80897.7559
2019:05:06 14:46:32 789377 97240.3325
2019:05:06 14:46:32 877382 81600.2674
2019:05:06 14:46:32 991150 106058.9962
2019:05:06 14:46:33 68125 74923.6085
2019:05:06 14:46:33 159528 84849.7525
2019:05:06 14:46:33 261379 77845.6479
2019:05:06 14:46:33 369378 100107.4426
2019:05:06 14:46:33 461382 64020.1159
2019:05:06 14:46:33 575686 102861.6317
2019:05:06 14:46:33 678180 85903.7600
2019:05:06 14:46:33 771481 83612.2669
2019:05:06 14:46:33 857620 62140.7516
2019:05:06 14:46:33 956762 90317.6889
2019:05:06 14:46:34 49984 85251.1190
2019:05:06 14:46:34 145379 85115.1980
2019:05:06 14:46:34 264584 83227.8468
2019:05:06 14:46:34 389360 99996.6413
2019:05:06 14:46:34 466916 77545.9595
2019:05:06 14:46:34 585370 100013.6472
2019:05:06 14:46:34 693374 101959.9587
2019:05:06 14:46:34 801382 72022.3375
2019:05:06 14:46:34 949361 138391.9977
2019:05:06 14:46:35 29386 80017.1159
2019:05:06 14:46:35 145377 80013.2081
2019:05:06 14:46:35 261382 80019.2989
2019:05:06 14:46:35 338534 68815.0376
2019:05:06 14:46:35 461379 92016.6634
2019:05:06 14:46:35 569372 100597.1991
2019:05:06 14:46:35 673378 93194.7976
2019:05:06 14:46:35 776794 71430.6310
2019:05:06 14:46:35 861198 81558.8608
2019:05:06 14:46:35 957378 90096.6525
2019:05:06 14:46:36 35236 72908.9715
2019:05:06 14:46:36 165361 99997.1591
2019:05:06 14:46:36 244103 78733.5075
2019:05:06 14:46:36 341377 80014.1469
2019:05:06 14:46:36 424743 77800.9072
2019:05:06 14:46:36 507882 72885.0737
2019:05:06 14:46:36 573016 62690.4964
2019:05:06 14:46:36 647550 68408.4781
2019:05:06 14:46:36 737663 64290.5757
2019:05:06 14:46:36 801375 60036.6741
2019:05:06 14:46:36 865374 60538.7427
2019:05:06 14:46:36 965370 64001.8471
2019:05:06 14:46:37 77375 100931.6221
2019:05:06 14:46:37 185381 72016.7346
2019:05:06 14:46:37 281369 87442.6030
2019:05:06 14:46:37 360689 71321.1372
2019:05:06 14:46:37 445376 68020.9100
2019:05:06 14:46:37 524066 67984.4283
2019:05:06 14:46:37 633376 92022.2774
2019:05:06 14:46:37 744846 75484.1790
2019:05:06 14:46:37 833372 85341.3045
2019:05:06 14:46:37 929371 87862.1638
2019:05:06 14:46:38 9377 73700.9868
2019:05:06 14:46:38 124900 103988.4724
2019:05:06 14:46:38 223692 66333.8117
2019:05:06 14:46:38 319928 88080.1156
2019:05:06 14:46:38 405354 83363.0823
2019:05:06 14:46:38 513377 105786.8712
2019:05:06 14:46:38 617392 94274.5320
2019:05:06 14:46:38 706161 85612.6584
2019:05:06 14:46:38 781131 64700.4917
2019:05:06 14:46:38 873378 72023.6376
2019:05:06 14:46:38 985505 76135.4528
2019:05:06 14:46:39 109379 85389.4353
2019:05:06 14:46:39 191448 75310.1781
2019:05:06 14:46:39 270154 60791.2727
2019:05:06 14:46:39 373372 75996.8124
2019:05:06 14:46:39 438507 58171.2462
2019:05:06 14:46:39 541372 100419.5437
2019:05:06 14:46:39 673361 127971.4070
2019:05:06 14:46:39 761381 88011.9465
2019:05:06 14:46:39 864065 91762.4384
2019:05:06 14:46:39 973362 106043.3686
2019:05:06 14:46:40 47961 74591.0779
2019:05:06 14:46:40 157374 72010.3681
2019:05:06 14:46:40 297378 104013.9832
2019:05:06 14:46:40 405380 72010.3569
2019:05:06 14:46:40 521378 80015.2607
2019:05:06 14:46:40 629382 72021.5663
2019:05:06 14:46:40 757377 92020.6755
2019:05:06 14:46:40 829375 67125.3465
2019:05:06 14:46:40 925368 87725.6878
2019:05:06 14:46:41 3930 72472.9784
2019:05:06 14:46:41 116989 83624.7578
2019:05:06 14:46:41 217380 72015.0210
2019:05:06 14:46:41 292260 67559.4211
2019:05:06 14:46:41 393371 84708.2995
2019:05:06 14:46:41 495418 66063.9144
2019:05:06 14:46:41 600280 74926.2646
2019:05:06 14:46:41 717373 113404.8179
2019:05:06 14:46:41 886602 136404.9911
2019:05:06 14:46:41 981180 92135.9621
2019:05:06 14:46:42 61388 72026.2937
2019:05:06 14:46:42 193358 95990.3449
2019:05:06 14:46:42 293270 99903.6059
2019:05:06 14:46:42 353376 57233.4193
2019:05:06 14:46:42 427212 70039.3282
2019:05:06 14:46:42 532081 74714.0013
2019:05:06 14:46:42 608666 71276.0128
2019:05:06 14:46:42 688625 73410.2875
2019:05:06 14:46:42 781373 68005.8822
2019:05:06 14:46:42 877375 81107.8064
2019:05:06 14:46:42 969371 87930.1876
2019:05:06 14:46:43 65374 64012.3263
2019:05:06 14:46:43 150130 76193.7425
2019:05:06 14:46:43 240255 83580.9335
2019:05:06 14:46:43 311521 68804.0666
2019:05:06 14:46:43 412684 79318.9704
2019:05:06 14:46:43 493375 64012.3561
2019:05:06 14:46:43 573939 75682.0999
2019:05:06 14:46:43 657378 75553.9499
2019:05:06 14:46:43 759183 69820.1545
2019:05:06 14:46:43 853366 89236.4420
2019:05:06 14:46:43 949371 91906.0037
2019:05:06 14:46:44 49377 95222.1118
2019:05:06 14:46:44 149093 63729.7034
2019:05:06 14:46:44 233371 80185.1451
2019:05:06 14:46:44 329376 60009.9042
2019:05:06 14:46:44 417376 73717.3595
2019:05:06 14:46:44 525378 72015.5537
2019:05:06 14:46:44 631502 99020.2948
2019:05:06 14:46:44 745359 113849.5915
2019:05:06 14:46:44 829384 84016.2635
2019:05:06 14:46:44 925383 88994.8048
2019:05:06 14:46:45 10064 75786.2218
2019:05:06 14:46:45 109606 68249.2331
2019:05:06 14:46:45 185392 61459.1427
2019:05:06 14:46:45 293372 96562.8214
2019:05:06 14:46:45 397111 75748.1493
2019:05:06 14:46:45 509378 96010.9234
2019:05:06 14:46:45 616301 74939.7464
2019:05:06 14:46:45 733371 96007.7196
2019:05:06 14:46:45 830510 88492.5686
2019:05:06 14:46:45 925525 82308.5755
2019:05:06 14:46:46 9370 78526.3814
2019:05:06 14:46:46 107383 82746.8932
2019:05:06 14:46:46 178285 67637.2573
2019:05:06 14:46:46 265381 80116.6445
2019:05:06 14:46:46 329386 56103.8293
2019:05:06 14:46:46 441374 72007.8424
2019:05:06 14:46:46 549360 98309.3046
2019:05:06 14:46:46 659921 110553.5924
2019:05:06 14:46:46 721376 58141.5780
2019:05:06 14:46:46 821376 88936.2469
2019:05:06 14:46:46 929379 72016.6080
2019:05:06 14:46:47 28563 63193.9173
2019:05:06 14:46:47 157358 99995.7025
2019:05:06 14:46:47 237866 80497.7491
2019:05:06 14:46:47 353378 112235.3040
2019:05:06 14:46:47 459046 69685.3437
2019:05:06 14:46:47 557377 72015.8629
2019:05:06 14:46:47 659316 69957.4016
2019:05:06 14:46:47 753935 68579.9010
2019:05:06 14:46:47 857375 96477.8140
2019:05:06 14:46:47 941383 73184.7361
2019:05:06 14:46:48 37378 88889.0401
2019:05:06 14:46:48 157380 88018.0635
2019:05:06 14:46:48 265361 100587.1333
2019:05:06 14:46:48 373361 107991.3341
2019:05:06 14:46:48 465382 92012.3979
2019:05:06 14:46:48 529376 56967.3479
2019:05:06 14:46:48 653007 91652.3598
2019:05:06 14:46:48 753360 97073.0148
2019:05:06 14:46:48 864744 111375.6634
2019:05:06 14:46:48 949142 81528.7307
2019:05:06 14:46:49 19174 58158.5020
2019:05:06 14:46:49 81379 58102.8983
2019:05:06 14:46:49 176071 86704.5969
2019:05:06 14:46:49 321360 142421.3201
2019:05:06 14:46:49 437368 116000.3059
2019:05:06 14:46:49 501374 59488.0022
2019:05:06 14:46:49 568031 52778.5383
2019:05:06 14:46:49 661360 89211.8365
2019:05:06 14:46:49 757376 96007.2726
2019:05:06 14:46:49 853374 64012.4381
2019:05:06 14:46:49 931743 71269.8475
2019:05:06 14:46:50 25368 76012.9392
2019:05:06 14:46:50 103792 72517.7638
2019:05:06 14:46:50 197367 72004.8286
2019:05:06 14:46:50 273373 69255.5644
2019:05:06 14:46:50 341381 59847.6529
2019:05:06 14:46:50 413382 63029.3377
2019:05:06 14:46:50 485380 67458.9872
2019:05:06 14:46:50 551039 58577.2879
2019:05:06 14:46:50 627621 69206.3235
2019:05:06 14:46:50 705373 60006.6483
2019:05:06 14:46:50 819729 103609.5582
2019:05:06 14:46:50 885385 62382.8657
2019:05:06 14:46:50 981375 87099.3100
2019:05:06 14:46:51 77354 88467.1062
2019:05:06 14:46:51 141377 61163.5335
2019:05:06 14:46:51 245444 68078.7489
2019:05:06 14:46:51 337874 67939.6689
2019:05:06 14:46:51 413366 61146.2519
2019:05:06 14:46:51 485376 61458.4424
2019:05:06 14:46:51 573378 64014.5689
2019:05:06 14:46:51 665367 64003.2142
2019:05:06 14:46:51 729375 58480.3671
2019:05:06 14:46:51 793375 57351.9543
2019:05:06 14:46:51 857377 50110.5078
2019:05:06 14:46:51 964561 75205.3857
2019:05:06 14:46:52 35821 67179.5569
2019:05:06 14:46:52 125375 84642.3283
2019:05:06 14:46:52 182048 52448.4068
2019:05:06 14:46:52 281375 68011.9507
2019:05:06 14:46:52 381359 96110.8282
2019:05:06 14:46:52 481360 99993.0054
2019:05:06 14:46:52 549027 65962.0911
2019:05:06 14:46:52 641373 85374.5230
2019:05:06 14:46:52 715724 42360.9801
2019:05:06 14:46:52 776339 38965.8995
2019:05:06 14:46:52 865367 86168.5537
2019:05:06 14:46:52 934881 69507.2375
2019:05:06 14:46:52 995912 54895.8890
2019:05:06 14:46:53 68394 67581.1060
2019:05:06 14:46:53 157358 86103.3127
2019:05:06 14:46:53 260112 102747.3658
2019:05:06 14:46:53 329379 65851.9305
2019:05:06 14:46:53 403022 69205.7572
2019:05:06 14:46:53 473376 65847.4155
2019:05:06 14:46:53 573360 88821.9588
2019:05:06 14:46:53 644291 70922.1438
2019:05:06 14:46:53 701622 54879.1140
2019:05:06 14:46:53 808101 72083.4695
2019:05:06 14:46:53 901370 68000.8717
2019:05:06 14:46:53 992412 55054.8546
2019:05:06 14:46:54 59176 45813.2736
2019:05:06 14:46:54 153379 80024.1716
2019:05:06 14:46:54 232423 73296.6065
2019:05:06 14:46:54 309361 60001.0827
2019:05:06 14:46:54 405359 95989.8494
2019:05:06 14:46:54 501361 95993.8727
2019:05:06 14:46:54 577378 76009.2810
2019:05:06 14:46:54 645363 62724.2476
2019:05:06 14:46:54 765376 96019.9684
2019:05:06 14:46:54 877376 72005.9574
2019:05:06 14:46:54 953324 70020.4037
2019:05:06 14:46:55 11528 54916.8773
2019:05:06 14:46:55 121353 106992.5129
2019:05:06 14:46:55 200730 77421.6093
2019:05:06 14:46:55 307654 78300.4910
2019:05:06 14:46:55 409377 72010.5991
2019:05:06 14:46:55 537361 117917.0534
2019:05:06 14:46:55 629378 92008.7881
2019:05:06 14:46:55 737374 101680.2639
2019:05:06 14:46:55 824142 80283.8132
2019:05:06 14:46:55 941360 114360.7795
2019:05:06 14:46:55 997379 56011.6321
2019:05:06 14:46:56 61402 52541.6099
2019:05:06 14:46:56 165360 99557.9548
2019:05:06 14:46:56 238656 73288.0905
2019:05:06 14:46:56 317386 71792.6212
2019:05:06 14:46:56 425383 72019.5249
2019:05:06 14:46:56 537369 102546.9303
2019:05:06 14:46:56 609392 66431.4516
2019:05:06 14:46:56 678549 64314.4101
2019:05:06 14:46:56 773388 57557.8250
2019:05:06 14:46:56 873363 92839.9414
2019:05:06 14:46:56 988167 114796.2436
2019:05:06 14:46:57 93454 102421.1757
2019:05:06 14:46:57 157369 61469.5698
2019:05:06 14:46:57 262190 72836.0377
2019:05:06 14:46:57 353372 88289.6632
2019:05:06 14:46:57 467379 78005.1574
2019:05:06 14:46:57 577158 105672.8736
2019:05:06 14:46:57 629378 48934.6310
2019:05:06 14:46:57 725376 64006.3956
2019:05:06 14:46:57 833354 103015.8475
2019:05:06 14:46:57 913845 80482.6170
2019:05:06 14:46:57 996562 67206.7739
2019:05:06 14:46:58 109372 84016.1368
2019:05:06 14:46:58 181378 71998.1380
2019:05:06 14:46:58 245377 57115.6815
2019:05:06 14:46:58 377362 126390.4870
2019:05:06 14:46:58 521374 144003.2087
2019:05:06 14:46:58 604841 74156.4631
2019:05:06 14:46:58 693360 63996.3895
2019:05:06 14:46:58 758020 64652.3237
2019:05:06 14:46:58 857354 94013.0763
2019:05:06 14:46:58 965361 107998.2594
2019:05:06 14:46:59 37386 72015.9486
2019:05:06 14:46:59 93378 52314.8924
2019:05:06 14:46:59 161882 60197.7445
2019:05:06 14:46:59 222496 54581.2249
2019:05:06 14:46:59 292519 65117.8248
2019:05:06 14:46:59 357375 61986.9269
2019:05:06 14:46:59 469361 75988.7882
2019:05:06 14:46:59 572289 102919.7834
2019:05:06 14:46:59 637376 63468.1471
2019:05:06 14:46:59 745378 72014.5516
2019:05:06 14:46:59 847937 66561.3115
2019:05:06 14:46:59 981361 100663.6098
2019:05:06 14:47:00 77373 96003.7261
2019:05:06 14:47:00 253358 116000.2872
2019:05:06 14:47:00 353355 99987.0710
2019:05:06 14:47:00 423376 67155.4059
2019:05:06 14:47:00 485390 59544.9544
2019:05:06 14:47:00 595828 103213.9994
2019:05:06 14:47:00 693368 95099.8887
2019:05:06 14:47:00 789390 96010.1858
2019:05:06 14:47:00 853391 59341.7622
2019:05:06 14:47:00 917392 59829.6784
2019:05:06 14:47:01 61361 107996.5718
2019:05:06 14:47:01 125392 61401.4044
2019:05:06 14:47:01 221392 87353.5387
2019:05:06 14:47:01 305706 76613.1915
2019:05:06 14:47:01 413383 103628.8999
2019:05:06 14:47:01 540768 83394.1475
2019:05:06 14:47:01 643996 78622.3412
2019:05:06 14:47:01 714055 69252.8747
2019:05:06 14:47:01 813986 72603.6057
2019:05:06 14:47:01 885387 65678.8461
2019:05:06 14:47:01 949370 55113.0623
2019:05:06 14:47:02 21370 71988.7875
2019:05:06 14:47:02 92101 70715.8707
2019:05:06 14:47:02 187120 65745.2866
2019:05:06 14:47:02 293397 72016.6638
2019:05:06 14:47:02 403820 74440.1477
2019:05:06 14:47:02 498439 77066.2762
2019:05:06 14:47:02 587688 70327.0547
2019:05:06 14:47:02 693369 102427.9818
2019:05:06 14:47:02 789378 95996.7151
2019:05:06 14:47:02 853391 63790.9882
2019:05:06 14:47:02 920311 60676.5822
2019:05:06 14:47:02 984602 60660.0121
2019:05:06 14:47:03 45396 55863.3730
2019:05:06 14:47:03 121392 69251.7385
2019:05:06 14:47:03 205401 80761.7754
2019:05:06 14:47:03 285391 74361.4212
2019:05:06 14:47:03 364286 70844.6093
2019:05:06 14:47:03 434787 67670.8072
2019:05:06 14:47:03 525366 71993.0343
2019:05:06 14:47:03 600198 74821.2300
2019:05:06 14:47:03 671052 66775.0165
2019:05:06 14:47:03 773369 67994.8106
2019:05:06 14:47:03 851836 78454.5615
2019:05:06 14:47:03 934446 65072.4061
2019:05:06 14:47:04 21383 82454.3834
2019:05:06 14:47:04 85393 57199.7613
2019:05:06 14:47:04 157396 65696.3512
2019:05:06 14:47:04 227264 65085.6756
2019:05:06 14:47:04 369363 136335.6523
2019:05:06 14:47:04 459924 90546.3398
2019:05:06 14:47:04 527089 60626.7042
2019:05:06 14:47:04 595873 61835.1027
2019:05:06 14:47:04 660187 61448.4698
2019:05:06 14:47:04 713374 50329.9125
2019:05:06 14:47:04 790846 45482.1289
2019:05:06 14:47:04 873367 64007.0848
2019:05:06 14:47:04 945682 58146.1638
2019:05:06 14:47:05 33374 64009.2678
2019:05:06 14:47:05 101311 61047.8148
2019:05:06 14:47:05 189368 82333.5089
2019:05:06 14:47:05 253375 57454.3141
2019:05:06 14:47:05 349375 64014.4311
2019:05:06 14:47:05 437371 79230.6624
2019:05:06 14:47:05 520304 71650.7249
2019:05:06 14:47:05 601382 64028.0321
2019:05:06 14:47:05 697667 90530.1645
2019:05:06 14:47:05 807865 78499.9356
2019:05:06 14:47:05 919687 109386.9545
2019:05:06 14:47:06 13386 68018.7158
2019:05:06 14:47:06 133373 112975.7054
2019:05:06 14:47:06 237360 100634.3886
2019:05:06 14:47:06 353800 116429.7611
2019:05:06 14:47:06 415657 59399.0311
2019:05:06 14:47:06 501376 64022.0158
2019:05:06 14:47:06 585383 77154.1968
2019:05:06 14:47:06 657380 68851.7988
2019:05:06 14:47:06 729380 65484.9224
2019:05:06 14:47:06 814995 45627.8920
2019:05:06 14:47:06 898162 57765.7111
2019:05:06 14:47:06 957375 53487.6250
2019:05:06 14:47:07 65375 72008.4198
2019:05:06 14:47:07 157377 84764.4433
2019:05:06 14:47:07 259809 66442.1469
2019:05:06 14:47:07 319213 56110.4119
2019:05:06 14:47:07 372848 49153.7489
2019:05:06 14:47:07 465349 87177.1723
2019:05:06 14:47:07 565360 99993.5493
2019:05:06 14:47:07 637030 71662.0684
2019:05:06 14:47:07 755817 102454.8970
2019:05:06 14:47:07 828722 70436.2392
2019:05:06 14:47:07 896308 64731.6687
2019:05:06 14:47:07 977374 64009.9570
2019:05:06 14:47:08 45373 61007.4364
2019:05:06 14:47:08 129386 73721.3381
2019:05:06 14:47:08 209627 75559.3106
2019:05:06 14:47:08 309368 72003.3199
2019:05:06 14:47:08 388601 73709.8679
2019:05:06 14:47:08 487779 78425.4931
2019:05:06 14:47:08 565367 60000.9896
2019:05:06 14:47:08 638066 61048.7908
2019:05:06 14:47:08 709377 65998.6287
2019:05:06 14:47:08 813389 64016.3496
2019:05:06 14:47:08 892029 73333.4683
2019:05:06 14:47:08 974361 65007.9511
2019:05:06 14:47:09 73361 84684.6364
2019:05:06 14:47:09 145359 71989.2345
2019:05:06 14:47:09 213376 68009.2685
2019:05:06 14:47:09 309379 84787.5625
2019:05:06 14:47:09 413381 97450.2750
2019:05:06 14:47:09 505377 81260.8302
2019:05:06 14:47:09 577379 67649.4353
2019:05:06 14:47:09 656746 68794.0605
2019:05:06 14:47:09 748074 66711.1762
2019:05:06 14:47:09 809375 56769.2220
2019:05:06 14:47:09 949354 129163.0529
2019:05:06 14:47:10 12259 60219.4257
2019:05:06 14:47:10 108505 75139.2730
2019:05:06 14:47:10 189358 63997.4773
2019:05:06 14:47:10 289371 100005.3883
2019:05:06 14:47:10 397359 71993.2131
2019:05:06 14:47:10 505378 108011.7412
2019:05:06 14:47:10 601372 89827.5748
2019:05:06 14:47:10 701374 64016.9606
2019:05:06 14:47:10 805377 97615.9088
2019:05:06 14:47:10 942032 100668.1919
2019:05:06 14:47:11 9377 61217.7216
2019:05:06 14:47:11 83735 67574.6910
2019:05:06 14:47:11 177376 68004.7385
2019:05:06 14:47:11 273380 85220.1805
2019:05:06 14:47:11 346277 62634.2371
2019:05:06 14:47:11 445377 76009.1580
2019:05:06 14:47:11 541369 64009.5398
2019:05:06 14:47:11 641362 93587.9275
2019:05:06 14:47:11 705370 64000.2675
2019:05:06 14:47:11 779210 67594.5692
2019:05:06 14:47:11 869373 80343.1161
2019:05:06 14:47:11 991784 82419.4252
2019:05:06 14:47:12 125362 115993.1831
2019:05:06 14:47:12 233375 108003.4971
2019:05:06 14:47:12 305380 66616.3340
2019:05:06 14:47:12 377381 61187.2338
2019:05:06 14:47:12 481376 68009.7044
2019:05:06 14:47:12 580748 95845.8371
2019:05:06 14:47:12 657369 73322.2663
2019:05:06 14:47:12 765373 100646.1382
2019:05:06 14:47:12 840015 63884.8878
2019:05:06 14:47:12 909376 61565.3209
2019:05:06 14:47:13 53373 108018.4095
2019:05:06 14:47:13 149374 88608.0824
2019:05:06 14:47:13 274990 89622.3821
2019:05:06 14:47:13 353380 76336.9389
2019:05:06 14:47:13 423263 62649.6673
2019:05:06 14:47:13 505361 64000.2266
2019:05:06 14:47:13 577675 72305.5974
2019:05:06 14:47:13 653378 69541.7933
2019:05:06 14:47:13 735793 76620.2547
2019:05:06 14:47:13 825375 64002.3015
2019:05:06 14:47:13 900025 69231.4580
2019:05:06 14:47:13 959400 56534.0929
2019:05:06 14:47:14 45377 80649.7037
2019:05:06 14:47:14 145379 88903.1217
2019:05:06 14:47:14 219902 69631.1817
2019:05:06 14:47:14 325370 97278.2262
2019:05:06 14:47:14 430026 68661.2613
2019:05:06 14:47:14 493379 56409.8656
2019:05:06 14:47:14 557374 60188.7628
2019:05:06 14:47:14 656108 91754.6600
2019:05:06 14:47:14 753378 72022.8739
2019:05:06 14:47:14 821376 61248.3285
2019:05:06 14:47:14 887111 58139.2013
2019:05:06 14:47:14 951840 60645.6064
2019:05:06 14:47:15 15314 52014.0119
2019:05:06 14:47:15 105373 63996.8142
2019:05:06 14:47:15 186927 49556.2218
2019:05:06 14:47:15 263091 70850.4468
2019:05:06 14:47:15 331924 65131.0384
2019:05:06 14:47:15 413827 64461.8981
2019:05:06 14:47:15 505359 83760.2988
2019:05:06 14:47:15 603495 98128.7919
2019:05:06 14:47:15 684557 61796.8515
2019:05:06 14:47:15 773357 68001.2628
2019:05:06 14:47:15 873390 100024.2345
2019:05:06 14:47:15 953381 64844.4369
2019:05:06 14:47:16 37357 73039.4833
2019:05:06 14:47:16 109376 70131.2162
2019:05:06 14:47:16 210058 89243.5536
2019:05:06 14:47:16 271510 58603.1154
2019:05:06 14:47:16 372253 95850.1548
2019:05:06 14:47:16 491863 102500.1258
2019:05:06 14:47:16 556985 63094.6979
2019:05:06 14:47:16 637376 75479.6863
2019:05:06 14:47:16 713840 69191.8023
2019:05:06 14:47:16 804778 71422.8489
2019:05:06 14:47:16 876442 67185.3237
2019:05:06 14:47:16 981369 88007.5619
2019:05:06 14:47:17 81365 85315.9726
2019:05:06 14:47:17 158648 77273.9388
2019:05:06 14:47:17 257380 72010.5097
2019:05:06 14:47:17 338055 69622.5055
2019:05:06 14:47:17 433378 69526.6761
2019:05:06 14:47:17 536688 71324.1734
2019:05:06 14:47:17 661372 120162.6360
2019:05:06 14:47:17 739860 71663.9832
2019:05:06 14:47:17 829369 80936.9199
2019:05:06 14:47:17 904097 67995.6339
2019:05:06 14:47:18 17375 93205.2396
2019:05:06 14:47:18 112968 57586.4315
2019:05:06 14:47:18 182601 61242.9753
2019:05:06 14:47:18 277374 64008.8990
2019:05:06 14:47:18 385371 72938.4162
2019:05:06 14:47:18 493375 72009.9919
2019:05:06 14:47:18 584399 75368.5273
2019:05:06 14:47:18 637243 49993.4517
2019:05:06 14:47:18 709376 57899.3969
2019:05:06 14:47:18 817383 76027.5088
2019:05:06 14:47:18 925376 72010.5208
2019:05:06 14:47:19 49377 88011.8161
2019:05:06 14:47:19 165378 81728.8086
2019:05:06 14:47:19 309361 107982.7473
2019:05:06 14:47:19 388430 79061.2586
2019:05:06 14:47:19 497378 84011.3014
2019:05:06 14:47:19 600182 96236.7542
2019:05:06 14:47:19 692723 83366.2525
2019:05:06 14:47:19 816050 120471.0603
2019:05:06 14:47:19 920458 79086.8923
2019:05:06 14:47:19 984752 61009.5710
2019:05:06 14:47:20 81382 80019.1499
2019:05:06 14:47:20 158835 70409.3724
2019:05:06 14:47:20 226006 60204.4798
2019:05:06 14:47:20 317370 72016.1013
2019:05:06 14:47:20 461377 108002.1933
2019:05:06 14:47:20 543045 74157.3237
2019:05:06 14:47:20 669361 103998.2401
2019:05:06 14:47:20 777355 107985.3773
2019:05:06 14:47:20 849376 70839.5205
2019:05:06 14:47:20 924343 68811.5433
2019:05:06 14:47:21 33378 88009.0185
2019:05:06 14:47:21 124227 62864.5681
2019:05:06 14:47:21 215549 66180.6948
2019:05:06 14:47:21 292136 73721.1853
2019:05:06 14:47:21 401359 106345.3667
2019:05:06 14:47:21 480141 78772.7423
2019:05:06 14:47:21 573377 64009.4690
2019:05:06 14:47:21 659970 79860.8400
2019:05:06 14:47:21 749360 84077.4924
2019:05:06 14:47:21 825385 76017.3462
2019:05:06 14:47:21 927830 70467.8521
2019:05:06 14:47:22 24481 93805.9576
2019:05:06 14:47:22 75695 50799.1947
2019:05:06 14:47:22 149379 52011.4936
2019:05:06 14:47:22 245374 64006.3062
2019:05:06 14:47:22 317347 66332.4893
2019:05:06 14:47:22 379605 56924.4660
2019:05:06 14:47:22 437376 54092.6903
2019:05:06 14:47:22 517213 47852.1995
2019:05:06 14:47:22 574565 41201.0774
2019:05:06 14:47:22 643375 46013.8023
2019:05:06 14:47:22 753355 105884.9655
2019:05:06 14:47:22 861361 107996.7916
2019:05:06 14:47:22 957373 96003.2232
2019:05:06 14:47:23 21422 59407.1969
2019:05:06 14:47:23 93521 60612.1980
2019:05:06 14:47:23 173367 76186.3142
2019:05:06 14:47:23 272104 89320.4138
2019:05:06 14:47:23 341704 66767.1710
2019:05:06 14:47:23 429374 64012.3934
2019:05:06 14:47:23 505374 68211.1531
2019:05:06 14:47:23 606141 95678.4785
2019:05:06 14:47:23 691511 85361.0970
2019:05:06 14:47:23 773383 64016.1224
2019:05:06 14:47:23 912680 124112.3416
2019:05:06 14:47:24 21370 105425.4994
2019:05:06 14:47:24 157364 128797.8813
2019:05:06 14:47:24 280897 123525.4034
2019:05:06 14:47:24 385373 101207.3047
2019:05:06 14:47:24 457377 65103.5272
2019:05:06 14:47:24 554914 61545.1746
2019:05:06 14:47:24 627096 58973.0963
2019:05:06 14:47:24 698676 65522.2945
2019:05:06 14:47:24 763390 60636.2820
2019:05:06 14:47:24 821181 52064.7466
2019:05:06 14:47:24 899801 71688.6632
2019:05:06 14:47:24 980537 77496.6292
2019:05:06 14:47:25 60397 77097.3414
2019:05:06 14:47:25 119395 56212.9058
2019:05:06 14:47:25 174592 49552.6642
2019:05:06 14:47:25 235624 54423.9022
2019:05:06 14:47:25 296271 55728.2306
2019:05:06 14:47:25 356889 47939.8333
2019:05:06 14:47:25 432719 60703.1025
2019:05:06 14:47:25 527657 91761.5443
2019:05:06 14:47:25 581335 50407.9908
2019:05:06 14:47:25 672641 71685.0348
2019:05:06 14:47:25 734075 58173.9880
2019:05:06 14:47:25 837292 60622.4053
2019:05:06 14:47:25 910622 70060.0073
2019:05:06 14:47:25 973311 52871.6221
2019:05:06 14:47:26 62187 77846.4563
2019:05:06 14:47:26 122368 57246.7521
2019:05:06 14:47:26 214519 53623.3485
2019:05:06 14:47:26 279380 59101.8535
2019:05:06 14:47:26 370988 74937.7906
2019:05:06 14:47:26 423414 50390.4298
2019:05:06 14:47:26 486748 55961.5903
2019:05:06 14:47:26 577358 83083.9016
2019:05:06 14:47:26 673359 95191.6836
2019:05:06 14:47:26 745374 72005.1005
2019:05:06 14:47:26 820703 70049.0586
2019:05:06 14:47:26 921376 72009.8987
2019:05:06 14:47:27 29372 97646.6760
2019:05:06 14:47:27 145364 79997.9642
2019:05:06 14:47:27 219667 74295.6027
2019:05:06 14:47:27 292590 47222.1226
2019:05:06 14:47:27 389381 72011.6943
2019:05:06 14:47:27 501360 100656.3641
2019:05:06 14:47:27 573375 72006.6763
2019:05:06 14:47:27 653376 74123.9339
2019:05:06 14:47:27 731221 72778.5975
2019:05:06 14:47:27 833377 72013.6091
2019:05:06 14:47:27 905384 64401.0566
2019:05:06 14:47:27 982302 68904.0683
2019:05:06 14:47:28 42099 55296.7787
2019:05:06 14:47:28 105995 57759.6352
2019:05:06 14:47:28 180531 47162.5514
2019:05:06 14:47:28 284593 79221.7143
2019:05:06 14:47:28 393359 79994.0862
2019:05:06 14:47:28 477499 84131.4346
2019:05:06 14:47:28 553268 72935.1901
2019:05:06 14:47:28 633358 77212.3076
2019:05:06 14:47:28 701383 68015.5531
2019:05:06 14:47:28 773377 66913.8171
2019:05:06 14:47:28 833376 54803.5167
2019:05:06 14:47:28 909212 70427.0005
2019:05:06 14:47:28 965728 53667.3144
2019:05:06 14:47:29 31295 59406.1948
2019:05:06 14:47:29 98446 64321.3429
2019:05:06 14:47:29 185378 69316.1264
2019:05:06 14:47:29 249370 60824.0813
2019:05:06 14:47:29 345371 64008.5526
2019:05:06 14:47:29 417378 66227.2163
2019:05:06 14:47:29 513372 89731.2127
2019:05:06 14:47:29 589968 70898.4248
2019:05:06 14:47:29 681377 72014.3989
2019:05:06 14:47:29 749683 57327.8740
2019:05:06 14:47:29 873372 96009.6382
2019:05:06 14:47:29 949965 69238.7931
2019:05:06 14:47:30 73377 96005.0263
2019:05:06 14:47:30 156395 68384.0103
2019:05:06 14:47:30 249766 64397.5697
2019:05:06 14:47:30 316551 61033.2265
2019:05:06 14:47:30 377378 57984.2478
2019:05:06 14:47:30 473373 62234.9828
2019:05:06 14:47:30 569359 84900.2227
2019:05:06 14:47:30 663456 94087.8354
2019:05:06 14:47:30 737993 70869.6768
2019:05:06 14:47:30 893363 125071.2387
2019:05:06 14:47:30 968159 74788.0861
2019:05:06 14:47:31 50898 79863.5706
2019:05:06 14:47:31 121361 64004.7044
2019:05:06 14:47:31 199997 78627.4187
2019:05:06 14:47:31 317383 100019.1458
2019:05:06 14:47:31 425374 72013.1136
2019:05:06 14:47:31 533363 99909.0560
2019:05:06 14:47:31 615311 81937.2125
2019:05:06 14:47:31 741375 92473.7565
2019:05:06 14:47:31 841378 94184.0149
2019:05:06 14:47:31 937359 91049.5035
2019:05:06 14:47:32 44588 107219.6513
2019:05:06 14:47:32 153361 104312.2783
2019:05:06 14:47:32 235022 81652.8983
2019:05:06 14:47:32 329371 64004.9465
2019:05:06 14:47:32 401377 66011.9802
2019:05:06 14:47:32 473382 67181.1551
2019:05:06 14:47:32 541395 52031.4798
2019:05:06 14:47:32 624560 51198.5533
2019:05:06 14:47:32 697388 65045.4089
2019:05:06 14:47:32 789384 85773.1476
2019:05:06 14:47:32 871522 73731.8173
2019:05:06 14:47:32 956343 66966.7982
2019:05:06 14:47:33 23879 62270.3433
2019:05:06 14:47:33 123411 74037.0564
2019:05:06 14:47:33 221383 95512.3864
2019:05:06 14:47:33 329371 96987.7765
2019:05:06 14:47:33 457361 127977.7251
2019:05:06 14:47:33 585364 127722.3602
2019:05:06 14:47:33 692720 107341.3268
2019:05:06 14:47:33 798439 81058.8859
2019:05:06 14:47:33 881367 76829.7277
2019:05:06 14:47:34 13362 131982.4494
2019:05:06 14:47:34 87603 70845.5592
2019:05:06 14:47:34 177361 81570.3571
2019:05:06 14:47:34 241403 63697.9342
2019:05:06 14:47:34 305394 57640.7053
2019:05:06 14:47:34 369402 59802.1299
2019:05:06 14:47:34 465367 85303.8579
2019:05:06 14:47:34 561369 95989.2049
2019:05:06 14:47:34 657386 96003.4840
2019:05:06 14:47:34 727780 55698.5699
2019:05:06 14:47:34 813380 77841.8332
2019:05:06 14:47:34 921371 100630.3541
2019:05:06 14:47:35 9395 88012.1030
2019:05:06 14:47:35 141389 125680.0890
2019:05:06 14:47:35 301362 137738.2539
2019:05:06 14:47:35 380245 78868.7505
2019:05:06 14:47:35 438841 52067.6412
2019:05:06 14:47:35 503535 56510.4224
2019:05:06 14:47:35 577391 65673.9548
2019:05:06 14:47:35 680062 66687.1816
2019:05:06 14:47:35 777400 72021.3577
2019:05:06 14:47:35 855825 72966.3484
2019:05:06 14:47:35 925005 63930.4742
2019:05:06 14:47:36 25390 68011.6527
2019:05:06 14:47:36 91686 60635.5779
2019:05:06 14:47:36 181359 63988.3764
2019:05:06 14:47:36 285364 101912.3793
2019:05:06 14:47:36 357400 72021.2348
2019:05:06 14:47:36 428747 59766.1957
2019:05:06 14:47:36 481006 49797.9186
2019:05:06 14:47:36 569377 73426.5856
2019:05:06 14:47:36 637370 60354.7394
2019:05:06 14:47:36 711794 65970.4357
2019:05:06 14:47:36 785375 70322.3646
2019:05:06 14:47:36 861384 64810.2351
2019:05:06 14:47:36 925378 56705.7468
2019:05:06 14:47:37 17375 83160.8251
2019:05:06 14:47:37 129363 92002.0156
2019:05:06 14:47:37 229374 100002.5868
2019:05:06 14:47:37 326164 73295.4592
2019:05:06 14:47:37 631708 298993.0548
2019:05:06 14:47:37 715688 66320.1958
2019:05:06 14:47:37 809361 88337.8349
2019:05:06 14:47:37 899585 90215.6532
2019:05:06 14:47:37 997378 95345.2475
2019:05:06 14:47:38 101376 98158.8960
2019:05:06 14:47:38 207991 74630.5957
2019:05:06 14:47:38 279678 67158.7512
2019:05:06 14:47:38 353373 56004.1033
2019:05:06 14:47:38 461375 72006.7099
2019:05:06 14:47:38 527062 59814.0508
2019:05:06 14:47:38 589375 57002.5817
2019:05:06 14:47:38 648332 54481.8714
2019:05:06 14:47:38 737372 67704.8825
2019:05:06 14:47:38 809371 66088.6765
2019:05:06 14:47:38 909382 64011.4322
2019:05:06 14:47:39 5361 91238.1038
2019:05:06 14:47:39 77568 72198.5176
2019:05:06 14:47:39 165360 86152.0804
2019:05:06 14:47:39 273360 107991.5203
2019:05:06 14:47:39 345379 72011.0089
2019:05:06 14:47:39 449380 68016.3689
2019:05:06 14:47:39 514998 55298.9244
2019:05:06 14:47:39 585376 56010.6635
2019:05:06 14:47:39 661245 57360.0382
2019:05:06 14:47:39 736176 52404.1913
2019:05:06 14:47:39 775119 36027.5246
2019:05:06 14:47:39 825161 45161.5080
2019:05:06 14:47:39 874212 45055.6763
2019:05:06 14:47:39 923351 46704.9778
2019:05:06 14:47:39 974156 48710.6778
2019:05:06 14:47:40 32308 54388.9664
2019:05:06 14:47:40 156002 112639.5874
2019:05:06 14:47:40 227708 69245.9792
2019:05:06 14:47:40 285869 55743.0871
2019:05:06 14:47:40 324763 36430.3701
2019:05:06 14:47:40 372679 46285.9832
2019:05:06 14:47:40 412427 37308.6706
2019:05:06 14:47:40 465241 46291.8691
2019:05:06 14:47:40 512760 44664.2004
2019:05:06 14:47:40 562348 44114.8058
2019:05:06 14:47:40 599623 35264.6261
2019:05:06 14:47:40 653252 47514.6398
2019:05:06 14:47:40 704042 47082.8526
2019:05:06 14:47:40 747027 37182.6515
2019:05:06 14:47:40 792913 39301.9840
2019:05:06 14:47:40 843708 43850.8056
2019:05:06 14:47:40 887959 39354.8347
2019:05:06 14:47:40 948145 47924.2280
2019:05:06 14:47:40 999333 49159.7839
2019:05:06 14:47:41 55104 54548.4871
2019:05:06 14:47:41 115266 57335.1681
2019:05:06 14:47:41 163176 46206.8804
2019:05:06 14:47:41 211895 47104.9473
2019:05:06 14:47:41 258992 44637.7546
2019:05:06 14:47:41 311433 51204.8155
2019:05:06 14:47:41 375441 61949.8268
2019:05:06 14:47:41 422881 46654.0121
2019:05:06 14:47:41 475675 50756.6519
2019:05:06 14:47:41 537936 55604.8639
2019:05:06 14:47:41 585057 37306.9793
2019:05:06 14:47:41 633890 38183.2495
2019:05:06 14:47:41 682561 38443.7591
2019:05:06 14:47:41 725644 36513.7793
2019:05:06 14:47:41 766086 37619.3188
2019:05:06 14:47:41 817259 44210.4489
2019:05:06 14:47:41 859860 38383.8974
2019:05:06 14:47:41 900831 37268.6051
2019:05:06 14:47:41 952159 37709.6273
2019:05:06 14:47:41 991804 33544.9539
