
# OSU MPI Allreduce Latency Test v5.6.1
# Size       Avg Latency(us)
65536               82918.25
2019:05:06 14:44:40 890452 86413.4654
2019:05:06 14:44:40 987522 87630.9797
2019:05:06 14:44:41 50586 60222.3352
2019:05:06 14:44:41 115713 60590.6211
2019:05:06 14:44:41 223472 74102.5694
2019:05:06 14:44:41 329379 101035.5875
2019:05:06 14:44:41 452394 79013.0310
2019:05:06 14:44:41 551534 74169.7736
2019:05:06 14:44:41 641375 64009.9756
2019:05:06 14:44:41 737380 82196.6343
2019:05:06 14:44:41 833359 80743.7003
2019:05:06 14:44:41 921390 88021.7329
2019:05:06 14:44:42 21377 93858.3873
2019:05:06 14:44:42 97091 67992.5494
2019:05:06 14:44:42 229354 117102.9061
2019:05:06 14:44:42 337370 108006.5891
2019:05:06 14:44:42 413379 72145.0374
2019:05:06 14:44:42 513363 92295.4939
2019:05:06 14:44:42 617375 104004.0813
2019:05:06 14:44:42 692626 64717.4269
2019:05:06 14:44:42 777374 64009.2306
2019:05:06 14:44:42 851946 69689.7544
2019:05:06 14:44:42 945380 89766.5583
2019:05:06 14:44:43 49378 68015.4935
2019:05:06 14:44:43 125378 65335.6016
2019:05:06 14:44:43 196427 65435.7597
2019:05:06 14:44:43 281360 77133.0073
2019:05:06 14:44:43 360271 78903.7235
2019:05:06 14:44:43 461359 71993.0679
2019:05:06 14:44:43 533379 72010.8896
2019:05:06 14:44:43 611737 72097.0519
2019:05:06 14:44:43 713372 72004.0277
2019:05:06 14:44:43 790307 70436.0753
2019:05:06 14:44:43 901363 97524.5573
2019:05:06 14:44:43 979976 77823.2552
2019:05:06 14:44:44 73371 90554.4236
2019:05:06 14:44:44 169383 90719.9793
2019:05:06 14:44:44 239212 65129.6750
2019:05:06 14:44:44 345377 85269.3692
2019:05:06 14:44:44 421372 72767.6712
2019:05:06 14:44:44 557357 103997.5286
2019:05:06 14:44:44 635289 77922.0089
2019:05:06 14:44:44 701383 60983.9037
2019:05:06 14:44:44 785378 79246.5508
2019:05:06 14:44:44 893369 72003.1783
2019:05:06 14:44:45 17385 71991.3170
2019:05:06 14:44:45 365362 337293.3306
2019:05:06 14:44:45 441384 76012.4810
2019:05:06 14:44:45 509754 61853.5839
2019:05:06 14:44:45 605373 84580.3916
2019:05:06 14:44:45 701374 88444.1957
2019:05:06 14:44:45 775571 68798.4899
2019:05:06 14:44:45 901372 100010.5701
2019:05:06 14:44:45 997374 80495.3314
2019:05:06 14:44:46 89377 84862.6308
2019:05:06 14:44:46 183505 58142.0511
2019:05:06 14:44:46 293371 106590.3455
2019:05:06 14:44:46 396114 96269.8162
2019:05:06 14:44:46 473376 73624.5178
2019:05:06 14:44:46 605361 99997.1591
2019:05:06 14:44:46 720061 114691.5443
2019:05:06 14:44:46 795009 72088.4576
2019:05:06 14:44:46 893378 72012.0296
2019:05:06 14:44:46 955174 55702.0679
2019:05:06 14:44:47 19877 62674.6006
2019:05:06 14:44:47 121047 75692.7356
2019:05:06 14:44:47 233360 105347.7861
2019:05:06 14:44:47 315600 82229.0853
2019:05:06 14:44:47 401376 78821.1972
2019:05:06 14:44:47 489368 81622.1125
2019:05:06 14:44:47 601378 80023.8401
2019:05:06 14:44:47 689381 80904.3050
2019:05:06 14:44:47 789356 93655.4261
2019:05:06 14:44:47 864074 65947.1527
2019:05:06 14:44:47 956202 66836.2081
2019:05:06 14:44:48 65500 106436.4314
2019:05:06 14:44:48 148427 81607.6398
2019:05:06 14:44:48 233374 68009.2350
2019:05:06 14:44:48 300685 60628.3695
2019:05:06 14:44:48 372400 63541.9562
2019:05:06 14:44:48 460805 71441.7920
2019:05:06 14:44:48 557071 92140.8273
2019:05:06 14:44:48 626701 67571.4985
2019:05:06 14:44:48 712711 67350.1864
2019:05:06 14:44:48 785213 65545.3950
2019:05:06 14:44:48 888765 83403.2707
2019:05:06 14:44:48 973373 81688.1359
2019:05:06 14:44:49 50223 70885.5242
2019:05:06 14:44:49 164885 79510.6404
2019:05:06 14:44:49 265377 72011.5677
2019:05:06 14:44:49 373385 72021.1454
2019:05:06 14:44:49 481379 72014.8273
2019:05:06 14:44:49 556447 67592.7661
2019:05:06 14:44:49 661378 102071.8515
2019:05:06 14:44:49 749376 80700.2001
2019:05:06 14:44:49 823932 69262.1395
2019:05:06 14:44:49 913373 68009.1418
2019:05:06 14:44:50 26253 101996.6900
2019:05:06 14:44:50 121720 92631.3847
2019:05:06 14:44:50 207291 65936.6846
2019:05:06 14:44:50 304372 93426.4064
2019:05:06 14:44:50 397373 90522.1812
2019:05:06 14:44:50 469380 63820.0641
2019:05:06 14:44:50 546892 70496.4027
2019:05:06 14:44:50 669378 83999.6375
2019:05:06 14:44:50 761378 87510.0084
2019:05:06 14:44:50 837699 71683.0306
2019:05:06 14:44:50 898742 57778.1908
2019:05:06 14:44:50 989368 84517.6503
2019:05:06 14:44:51 102738 49360.7037
2019:05:06 14:44:51 409376 80573.1751
2019:05:06 14:44:51 492226 75386.9154
2019:05:06 14:44:51 585382 85380.6473
2019:05:06 14:44:51 660142 68413.5668
2019:05:06 14:44:51 745374 64011.9761
2019:05:06 14:44:51 841374 80476.7795
2019:05:06 14:44:51 941372 85045.8518
2019:05:06 14:44:52 16879 67999.6200
2019:05:06 14:44:52 93376 72403.0808
2019:05:06 14:44:52 163500 56490.5927
2019:05:06 14:44:52 263452 97898.8409
2019:05:06 14:44:52 349378 83479.9446
2019:05:06 14:44:52 421128 64701.2964
2019:05:06 14:44:52 521375 72010.8487
2019:05:06 14:44:52 593383 67816.6077
2019:05:06 14:44:52 708250 78881.2563
2019:05:06 14:44:52 793372 81860.1921
2019:05:06 14:44:52 861882 65160.1478
2019:05:06 14:44:52 929382 60543.7532
2019:05:06 14:44:53 10531 72507.5826
2019:05:06 14:44:53 109379 72014.0822
2019:05:06 14:44:53 178483 63099.3918
2019:05:06 14:44:53 273511 72157.6847
2019:05:06 14:44:53 361376 80519.9556
2019:05:06 14:44:53 438576 70858.5791
2019:05:06 14:44:53 583950 114595.0668
2019:05:06 14:44:53 685375 98542.0048
2019:05:06 14:44:53 757378 65299.9692
2019:05:06 14:44:53 865372 72007.3096
2019:05:06 14:44:53 977980 72616.6591
2019:05:06 14:44:54 52943 67608.5204
2019:05:06 14:44:54 153390 64025.8566
2019:05:06 14:44:54 257890 85725.3559
2019:05:06 14:44:54 363468 95470.9984
2019:05:06 14:44:54 493378 104868.2407
2019:05:06 14:44:54 618272 88896.3789
2019:05:06 14:44:54 713376 95096.4242
2019:05:06 14:44:54 785380 66008.3257
2019:05:06 14:44:54 913382 97720.2319
2019:05:06 14:44:55 2835 57465.8103
2019:05:06 14:44:55 97371 87175.1010
2019:05:06 14:44:55 169944 69208.9573
2019:05:06 14:44:55 276026 96242.8637
2019:05:06 14:44:55 377370 98494.3025
2019:05:06 14:44:55 485384 76017.5698
2019:05:06 14:44:55 584447 90893.3990
2019:05:06 14:44:55 665361 77654.1941
2019:05:06 14:44:55 750746 85376.3483
2019:05:06 14:44:55 837377 82971.0886
2019:05:06 14:44:55 953362 109255.3623
2019:05:06 14:44:56 55484 102114.1708
2019:05:06 14:44:56 157380 72008.4906
2019:05:06 14:44:56 231589 69239.4972
2019:05:06 14:44:56 321380 82441.8366
2019:05:06 14:44:56 417372 84969.2002
2019:05:06 14:44:56 521376 93132.2761
2019:05:06 14:44:56 629382 72019.7149
2019:05:06 14:44:56 753360 95996.7263
2019:05:06 14:44:56 849381 96012.0633
2019:05:06 14:44:56 927534 73339.9764
2019:05:06 14:44:57 29378 72004.5008
2019:05:06 14:44:57 104454 69634.9069
2019:05:06 14:44:57 193376 60012.2176
2019:05:06 14:44:57 292851 91736.3800
2019:05:06 14:44:57 394444 96669.5659
2019:05:06 14:44:57 529364 108002.0294
2019:05:06 14:44:57 633363 103989.5974
2019:05:06 14:44:57 729383 96010.8675
2019:05:06 14:44:57 865362 129757.6502
2019:05:06 14:44:57 945376 80003.9358
2019:05:06 14:44:58 57375 105905.0336
2019:05:06 14:44:58 131726 68432.7744
2019:05:06 14:44:58 227960 93801.9156
2019:05:06 14:44:58 321377 89755.1700
2019:05:06 14:44:58 388922 60200.5981
2019:05:06 14:44:58 467578 71690.7233
2019:05:06 14:44:58 564257 94642.6056
2019:05:06 14:44:58 649376 81870.0418
2019:05:06 14:44:58 728505 68010.8480
2019:05:06 14:44:58 821376 84704.1197
2019:05:06 14:44:58 923888 96246.0600
2019:05:06 14:44:59 5356 76590.0947
2019:05:06 14:44:59 139473 130814.8578
2019:05:06 14:44:59 212208 72725.1321
2019:05:06 14:44:59 282070 64552.5977
2019:05:06 14:44:59 355985 68017.0916
2019:05:06 14:44:59 441362 79661.6748
2019:05:06 14:44:59 525381 84011.2120
2019:05:06 14:44:59 621455 89369.1182
2019:05:06 14:44:59 705377 79894.7848
2019:05:06 14:44:59 809382 93372.0246
2019:05:06 14:44:59 905378 72017.8299
2019:05:06 14:45:00 16636 77253.5652
2019:05:06 14:45:00 77376 57847.0007
2019:05:06 14:45:00 185377 72021.6222
2019:05:06 14:45:00 265260 73341.9098
2019:05:06 14:45:00 353375 64012.8292
2019:05:06 14:45:00 434816 74952.7477
2019:05:06 14:45:00 513471 64108.3606
2019:05:06 14:45:00 581839 60195.9750
2019:05:06 14:45:00 669376 77668.3986
2019:05:06 14:45:00 771915 96682.3883
2019:05:06 14:45:00 865374 90609.8299
2019:05:06 14:45:00 945378 73541.7865
2019:05:06 14:45:01 37377 85668.1019
2019:05:06 14:45:01 129374 86740.5869
2019:05:06 14:45:01 221369 83701.3200
2019:05:06 14:45:01 329361 100371.9456
2019:05:06 14:45:01 411253 81883.3597
2019:05:06 14:45:01 505374 68008.8662
2019:05:06 14:45:01 610328 94189.6811
2019:05:06 14:45:01 733378 96023.9395
2019:05:06 14:45:01 813456 72870.4967
2019:05:06 14:45:01 911358 69994.3639
2019:05:06 14:45:02 5381 78123.9606
2019:05:06 14:45:02 113360 93858.0744
2019:05:06 14:45:02 185382 72013.8513
2019:05:06 14:45:02 273370 79788.5805
2019:05:06 14:45:02 345531 61031.6321
2019:05:06 14:45:02 419642 63891.4257
2019:05:06 14:45:02 509380 76007.9101
2019:05:06 14:45:02 605381 80826.1372
2019:05:06 14:45:02 721375 101378.2732
2019:05:06 14:45:02 835841 108142.8677
2019:05:06 14:45:02 910786 72508.3239
2019:05:06 14:45:02 981232 66377.8447
2019:05:06 14:45:03 81365 76001.0742
2019:05:06 14:45:03 159793 78419.8381
2019:05:06 14:45:03 273360 95997.7061
2019:05:06 14:45:03 369377 96006.7846
2019:05:06 14:45:03 450209 75785.0185
2019:05:06 14:45:03 528017 67164.8532
2019:05:06 14:45:03 609111 71748.9757
2019:05:06 14:45:03 684068 68804.1635
2019:05:06 14:45:03 765372 64006.6825
2019:05:06 14:45:03 861373 89239.3067
2019:05:06 14:45:03 937624 70021.8119
2019:05:06 14:45:04 37371 91975.8193
2019:05:06 14:45:04 113375 69267.7759
2019:05:06 14:45:04 209379 64010.4935
2019:05:06 14:45:04 281679 68397.6747
2019:05:06 14:45:04 369377 64011.8681
2019:05:06 14:45:04 449194 73733.4453
2019:05:06 14:45:04 557375 72010.0738
2019:05:06 14:45:04 635957 71270.7192
2019:05:06 14:45:04 717379 64015.2507
2019:05:06 14:45:04 808801 75744.9865
2019:05:06 14:45:04 897376 68016.0671
2019:05:06 14:45:04 973379 69571.6254
2019:05:06 14:45:05 113377 108023.5951
2019:05:06 14:45:05 221372 100067.2616
2019:05:06 14:45:05 329377 72014.8124
2019:05:06 14:45:05 429378 64015.1240
2019:05:06 14:45:05 513390 75474.0424
2019:05:06 14:45:05 609956 85214.8570
2019:05:06 14:45:05 713376 72010.8822
2019:05:06 14:45:05 790980 70451.8855
2019:05:06 14:45:05 885374 89498.3150
2019:05:06 14:45:05 964229 72919.7972
2019:05:06 14:45:06 69371 88008.0909
2019:05:06 14:45:06 148558 76986.9536
2019:05:06 14:45:06 253373 72001.0214
2019:05:06 14:45:06 349372 91470.4502
2019:05:06 14:45:06 427914 74555.5274
2019:05:06 14:45:06 545361 97401.3545
2019:05:06 14:45:06 649372 104001.7679
2019:05:06 14:45:06 749383 64016.6365
2019:05:06 14:45:06 823542 72071.3809
2019:05:06 14:45:06 921380 72012.9013
2019:05:06 14:45:06 997226 70465.9782
2019:05:06 14:45:07 109382 72009.9472
2019:05:06 14:45:07 217361 99717.2259
2019:05:06 14:45:07 293762 76392.6208
2019:05:06 14:45:07 383452 70097.6215
2019:05:06 14:45:07 469377 77754.0915
2019:05:06 14:45:07 578826 99486.1610
2019:05:06 14:45:07 681360 100100.3906
2019:05:06 14:45:07 777380 96012.2347
2019:05:06 14:45:07 852007 60579.7879
2019:05:06 14:45:07 938832 65471.5784
2019:05:06 14:45:08 29377 84396.1611
2019:05:06 14:45:08 109385 74693.2514
2019:05:06 14:45:08 209374 64004.3840
2019:05:06 14:45:08 305625 80881.5956
2019:05:06 14:45:08 405931 100295.7821
2019:05:06 14:45:08 501382 84984.7943
2019:05:06 14:45:08 609380 97118.7837
2019:05:06 14:45:08 681975 65275.5462
2019:05:06 14:45:08 777741 65189.9055
2019:05:06 14:45:08 853858 70053.0298
2019:05:06 14:45:08 945378 71645.9192
2019:05:06 14:45:09 26700 74969.0980
2019:05:06 14:45:09 100005 67175.1723
2019:05:06 14:45:09 173894 70562.8432
2019:05:06 14:45:09 256474 74972.5290
2019:05:06 14:45:09 342070 72121.7245
2019:05:06 14:45:09 425625 72889.4062
2019:05:06 14:45:09 495665 57753.8162
2019:05:06 14:45:09 581894 71799.4533
2019:05:06 14:45:09 661376 68633.4595
2019:05:06 14:45:09 729562 63099.8909
2019:05:06 14:45:09 853360 95995.2548
2019:05:06 14:45:09 929059 75689.1370
2019:05:06 14:45:10 17923 68560.5146
2019:05:06 14:45:10 129374 84014.2854
2019:05:06 14:45:10 204289 68424.6831
2019:05:06 14:45:10 275954 64274.2515
2019:05:06 14:45:10 369368 85648.8571
2019:05:06 14:45:10 465369 90301.2902
2019:05:06 14:45:10 547104 74114.0023
2019:05:06 14:45:10 649375 72012.1674
2019:05:06 14:45:10 768682 79312.2873
2019:05:06 14:45:10 866981 81619.3298
2019:05:06 14:45:10 961381 85363.7159
2019:05:06 14:45:11 33380 60729.0044
2019:05:06 14:45:11 116422 72893.7723
2019:05:06 14:45:11 201377 64013.9319
2019:05:06 14:45:11 268773 56091.7817
2019:05:06 14:45:11 370365 72996.6313
2019:05:06 14:45:11 469376 72012.2121
2019:05:06 14:45:11 562924 86889.9077
2019:05:06 14:45:11 635353 63069.9545
2019:05:06 14:45:11 712782 71710.8399
2019:05:06 14:45:11 792654 62897.0899
2019:05:06 14:45:11 885373 84523.0408
2019:05:06 14:45:11 993376 97114.2612
2019:05:06 14:45:12 75658 75790.1780
2019:05:06 14:45:12 165375 64011.3875
2019:05:06 14:45:12 261386 89473.5418
2019:05:06 14:45:12 377382 73170.5837
2019:05:06 14:45:12 509362 107994.5341
2019:05:06 14:45:12 613360 103988.6586
2019:05:06 14:45:12 695820 82451.4665
2019:05:06 14:45:12 793378 72006.8291
2019:05:06 14:45:12 870651 73310.7999
2019:05:06 14:45:12 949286 76178.5768
2019:05:06 14:45:13 21807 57364.2254
2019:05:06 14:45:13 102911 66369.3845
2019:05:06 14:45:13 197376 86719.9637
2019:05:06 14:45:13 273697 69225.4566
2019:05:06 14:45:13 357377 64014.2485
2019:05:06 14:45:13 465376 72005.4135
2019:05:06 14:45:13 557363 89122.7052
2019:05:06 14:45:13 631662 74291.0542
2019:05:06 14:45:13 724218 70850.9386
2019:05:06 14:45:13 815986 66623.3487
2019:05:06 14:45:13 885232 65996.2744
2019:05:06 14:45:13 974897 69534.1937
2019:05:06 14:45:14 103911 102546.1890
2019:05:06 14:45:14 202622 96269.4734
2019:05:06 14:45:14 308714 75347.2224
2019:05:06 14:45:14 425024 91659.5124
2019:05:06 14:45:14 543394 94033.0029
2019:05:06 14:45:14 653377 72005.5960
2019:05:06 14:45:14 729757 70467.3119
2019:05:06 14:45:14 845378 83658.5462
2019:05:06 14:45:14 925546 73183.8793
2019:05:06 14:45:15 25386 72021.8308
2019:05:06 14:45:15 122409 61041.0161
2019:05:06 14:45:15 211756 74738.4131
2019:05:06 14:45:15 341370 108003.7691
2019:05:06 14:45:15 448157 95015.9207
2019:05:06 14:45:15 541374 89953.4896
2019:05:06 14:45:15 637383 88880.9040
2019:05:06 14:45:15 712055 71000.1253
2019:05:06 14:45:15 772689 58088.5783
2019:05:06 14:45:15 851589 75760.9494
2019:05:06 14:45:15 928208 73754.6273
2019:05:06 14:45:16 5189 74142.8062
2019:05:06 14:45:16 102264 78231.5284
2019:05:06 14:45:16 201420 81531.6662
2019:05:06 14:45:16 261585 56538.4515
2019:05:06 14:45:16 347208 70446.0405
2019:05:06 14:45:16 421749 71705.9672
2019:05:06 14:45:16 481534 53667.9626
2019:05:06 14:45:16 541750 49156.2076
2019:05:06 14:45:16 613417 65121.0360
2019:05:06 14:45:16 692477 71682.3004
2019:05:06 14:45:16 773582 65122.2244
2019:05:06 14:45:16 851816 72474.4685
2019:05:06 14:45:16 945376 90306.0287
2019:05:06 14:45:17 35682 86414.9891
2019:05:06 14:45:17 113519 72094.2765
2019:05:06 14:45:17 213053 79692.3414
2019:05:06 14:45:17 296190 66825.8406
2019:05:06 14:45:17 373199 72508.4767
2019:05:06 14:45:17 469378 77346.6863
2019:05:06 14:45:17 547673 70316.0837
2019:05:06 14:45:17 633374 64012.1102
2019:05:06 14:45:17 702116 65146.0364
2019:05:06 14:45:17 805380 96715.1746
2019:05:06 14:45:17 882340 71699.6416
2019:05:06 14:45:17 989372 76006.4200
2019:05:06 14:45:18 85374 82186.3487
2019:05:06 14:45:18 181373 81520.0396
2019:05:06 14:45:18 270206 75324.1293
2019:05:06 14:45:18 345182 71277.0112
2019:05:06 14:45:18 434871 69517.4448
2019:05:06 14:45:18 494272 51221.4378
2019:05:06 14:45:18 584764 76661.4601
2019:05:06 14:45:18 677379 68005.1930
2019:05:06 14:45:18 781785 72432.6633
2019:05:06 14:45:18 901381 96026.9719
2019:05:06 14:45:19 9091 92545.4460
2019:05:06 14:45:19 109376 92484.5934
2019:05:06 14:45:19 187672 72493.4712
2019:05:06 14:45:19 292125 78764.7069
2019:05:06 14:45:19 373376 64017.2437
2019:05:06 14:45:19 473379 90746.1420
2019:05:06 14:45:19 581379 72014.6298
2019:05:06 14:45:19 660328 72864.9497
2019:05:06 14:45:19 741374 64008.8171
2019:05:06 14:45:19 835218 78596.1673
2019:05:06 14:45:19 929378 72018.8692
2019:05:06 14:45:20 6858 72517.1715
2019:05:06 14:45:20 101374 60010.5189
2019:05:06 14:45:20 197375 81165.8576
2019:05:06 14:45:20 289462 77407.7065
2019:05:06 14:45:20 357379 65081.4250
2019:05:06 14:45:20 429382 66199.6938
2019:05:06 14:45:20 508177 69645.7364
2019:05:06 14:45:20 589378 64020.8423
2019:05:06 14:45:20 657701 61475.8357
2019:05:06 14:45:20 765360 97460.6797
2019:05:06 14:45:20 839945 74575.9606
2019:05:06 14:45:20 925374 78073.7512
2019:05:06 14:45:21 21377 64017.0872
2019:05:06 14:45:21 96754 66866.1781
2019:05:06 14:45:21 193378 72009.5932
2019:05:06 14:45:21 277380 77027.1719
2019:05:06 14:45:21 441360 128005.3779
2019:05:06 14:45:21 522751 81382.5577
2019:05:06 14:45:21 617388 68021.6290
2019:05:06 14:45:21 700862 71503.5498
2019:05:06 14:45:21 803269 73901.5713
2019:05:06 14:45:21 889373 83255.9690
2019:05:06 14:45:21 965382 69561.9583
2019:05:06 14:45:22 59627 86270.1274
2019:05:06 14:45:22 145385 83711.8700
2019:05:06 14:45:22 229268 73339.9019
2019:05:06 14:45:22 317371 82401.8791
2019:05:06 14:45:22 429378 104290.9399
2019:05:06 14:45:22 547477 90109.6128
2019:05:06 14:45:22 624936 74578.8440
2019:05:06 14:45:22 719933 83544.1574
2019:05:06 14:45:22 817376 85155.9751
2019:05:06 14:45:22 899329 65972.0600
2019:05:06 14:45:23 49382 100014.9623
2019:05:06 14:45:23 145381 90407.5280
2019:05:06 14:45:23 253370 101753.3503
2019:05:06 14:45:23 331825 72036.0465
2019:05:06 14:45:23 425369 89852.4411
2019:05:06 14:45:23 509377 84001.3810
2019:05:06 14:45:23 607078 61710.8271
2019:05:06 14:45:23 705372 68005.7928
2019:05:06 14:45:23 799580 66215.9584
2019:05:06 14:45:23 889698 64962.4579
2019:05:06 14:45:24 1378 76004.2444
2019:05:06 14:45:24 78920 72919.4805
2019:05:06 14:45:24 181376 72009.3437
2019:05:06 14:45:24 276748 79301.8714
2019:05:06 14:45:24 373375 80020.9604
2019:05:06 14:45:24 481380 80016.1809
2019:05:06 14:45:24 557310 70460.1966
2019:05:06 14:45:24 652349 88914.5508
2019:05:06 14:45:24 741375 85771.0987
2019:05:06 14:45:24 814941 67590.6837
2019:05:06 14:45:24 905376 64012.3002
2019:05:06 14:45:24 999233 82729.2539
2019:05:06 14:45:25 107379 104872.8712
2019:05:06 14:45:25 167204 57791.6801
2019:05:06 14:45:25 262608 69240.3577
2019:05:06 14:45:25 355187 65821.0292
2019:05:06 14:45:25 456909 71545.4035
2019:05:06 14:45:25 540294 66919.2336
2019:05:06 14:45:25 613622 71287.9039
2019:05:06 14:45:25 701372 81207.2232
2019:05:06 14:45:25 780322 71273.8484
2019:05:06 14:45:25 864286 66925.0004
2019:05:06 14:45:25 957487 60111.8393
2019:05:06 14:45:26 49014 90954.7247
2019:05:06 14:45:26 134629 69274.8837
2019:05:06 14:45:26 225377 82973.2120
2019:05:06 14:45:26 306234 70014.0707
2019:05:06 14:45:26 379143 65943.5540
2019:05:06 14:45:26 493370 84004.1153
2019:05:06 14:45:26 605372 104977.3693
2019:05:06 14:45:26 709378 68011.0976
2019:05:06 14:45:26 787089 71646.6345
2019:05:06 14:45:26 884576 67209.7392
2019:05:06 14:45:26 993361 87999.1427
2019:05:06 14:45:27 93377 100007.5489
2019:05:06 14:45:27 189374 68016.9575
2019:05:06 14:45:27 259359 65151.4418
2019:05:06 14:45:27 349377 81852.1865
2019:05:06 14:45:27 489362 135420.0467
2019:05:06 14:45:27 577386 88012.9524
2019:05:06 14:45:27 721364 108001.5413
2019:05:06 14:45:27 825376 104001.2576
2019:05:06 14:45:27 905237 72500.3704
2019:05:06 14:45:28 45359 107993.1818
2019:05:06 14:45:28 121533 76164.2605
2019:05:06 14:45:28 203414 78639.5371
2019:05:06 14:45:28 302541 73176.5106
2019:05:06 14:45:28 409374 96599.2846
2019:05:06 14:45:28 488492 71679.4804
2019:05:06 14:45:28 581378 60013.8940
2019:05:06 14:45:28 689373 103414.2748
2019:05:06 14:45:28 764149 66777.9073
2019:05:06 14:45:28 841545 72488.6321
2019:05:06 14:45:28 911986 68387.4190
2019:05:06 14:45:28 983678 69641.1431
2019:05:06 14:45:29 73375 72012.2457
2019:05:06 14:45:29 146692 66759.2362
2019:05:06 14:45:29 248279 70925.4518
2019:05:06 14:45:29 337378 84984.4627
2019:05:06 14:45:29 417385 72869.7963
2019:05:06 14:45:29 526778 73415.6109
2019:05:06 14:45:29 611561 75351.7523
2019:05:06 14:45:29 725384 96016.8764
2019:05:06 14:45:29 821377 88973.3769
2019:05:06 14:45:29 897054 68816.8518
2019:05:06 14:45:30 13375 71997.7319
2019:05:06 14:45:30 114138 95421.8023
2019:05:06 14:45:30 205387 88361.4458
2019:05:06 14:45:30 297383 87399.8515
2019:05:06 14:45:30 641365 335119.4225
2019:05:06 14:45:30 749387 108011.3798
2019:05:06 14:45:30 845372 91477.5766
2019:05:06 14:45:30 950524 97061.7346
2019:05:06 14:45:31 77381 100014.6680
2019:05:06 14:45:31 173376 89308.9212
2019:05:06 14:45:31 255266 73712.4123
2019:05:06 14:45:31 377377 96014.6300
2019:05:06 14:45:31 473376 89949.8463
2019:05:06 14:45:31 569373 92563.6217
2019:05:06 14:45:31 691451 82080.3903
2019:05:06 14:45:31 794253 76886.5496
2019:05:06 14:45:31 890079 64707.5847
2019:05:06 14:45:31 981381 81457.0561
2019:05:06 14:45:32 115775 119201.5857
2019:05:06 14:45:32 191543 73328.0405
2019:05:06 14:45:32 273380 64013.0714
2019:05:06 14:45:32 385372 100833.5240
2019:05:06 14:45:32 489372 63999.9621
2019:05:06 14:45:32 569377 69808.9711
2019:05:06 14:45:32 651117 76190.8740
2019:05:06 14:45:32 737135 67780.6772
2019:05:06 14:45:32 825375 73501.0207
2019:05:06 14:45:32 913374 80827.4709
2019:05:06 14:45:32 989032 68816.4309
2019:05:06 14:45:33 79541 66178.5640
2019:05:06 14:45:33 156134 72103.5339
2019:05:06 14:45:33 250754 73389.1651
2019:05:06 14:45:33 353374 97312.2865
2019:05:06 14:45:33 469375 105161.2198
2019:05:06 14:45:33 577379 72015.5053
2019:05:06 14:45:33 689379 107282.5864
2019:05:06 14:45:33 761389 61329.3201
2019:05:06 14:45:33 872520 72119.2434
2019:05:06 14:45:33 969372 91560.6469
2019:05:06 14:45:34 85378 80009.6579
2019:05:06 14:45:34 153377 60529.4034
2019:05:06 14:45:34 252563 90096.5855
2019:05:06 14:45:34 349378 72007.7045
2019:05:06 14:45:34 455768 99171.4373
2019:05:06 14:45:34 564262 105253.4319
2019:05:06 14:45:34 637378 69408.5248
2019:05:06 14:45:34 710084 66356.9160
2019:05:06 14:45:34 817365 100311.0260
2019:05:06 14:45:34 925360 107986.2081
2019:05:06 14:45:35 45370 120001.9270
2019:05:06 14:45:35 157355 104050.8747
2019:05:06 14:45:35 230250 72885.1706
2019:05:06 14:45:35 337373 99348.6084
2019:05:06 14:45:35 445373 72004.8696
2019:05:06 14:45:35 557379 104327.4105
2019:05:06 14:45:35 667297 73931.6307
2019:05:06 14:45:35 737378 66842.2543
2019:05:06 14:45:35 833376 91971.0249
2019:05:06 14:45:35 911394 72107.5535
2019:05:06 14:45:35 985382 68254.5938
2019:05:06 14:45:36 81382 90537.5965
2019:05:06 14:45:36 157377 69857.4632
2019:05:06 14:45:36 273737 80368.9323
2019:05:06 14:45:36 375450 74088.0221
2019:05:06 14:45:36 461383 64021.1105
2019:05:06 14:45:36 557376 90989.2060
2019:05:06 14:45:36 631458 67185.3609
2019:05:06 14:45:36 720319 62956.4188
2019:05:06 14:45:36 801379 77790.6999
2019:05:06 14:45:36 873917 68395.2533
2019:05:06 14:45:37 21375 112009.8084
2019:05:06 14:45:37 117369 82466.0584
2019:05:06 14:45:37 229378 73249.4071
2019:05:06 14:45:37 308496 73737.6288
2019:05:06 14:45:37 409377 72013.9481
2019:05:06 14:45:37 505376 85456.3527
2019:05:06 14:45:37 601374 85207.7268
2019:05:06 14:45:37 737379 102055.8178
2019:05:06 14:45:37 809831 67620.4078
2019:05:06 14:45:37 915078 69709.0365
2019:05:06 14:45:38 9381 85283.2496
2019:05:06 14:45:38 140366 120845.4110
2019:05:06 14:45:38 214479 70471.6817
2019:05:06 14:45:38 313375 72012.6368
2019:05:06 14:45:38 413375 93649.4917
2019:05:06 14:45:38 509378 81491.8689
2019:05:06 14:45:38 613380 89635.5100
2019:05:06 14:45:38 721356 100945.7186
2019:05:06 14:45:38 809390 88024.2288
2019:05:06 14:45:38 917376 72000.2353
2019:05:06 14:45:39 1375 78710.8913
2019:05:06 14:45:39 145361 108001.2321
2019:05:06 14:45:39 261378 116007.8682
2019:05:06 14:45:39 369379 72015.2333
2019:05:06 14:45:39 461376 85298.1880
2019:05:06 14:45:39 569379 97440.1087
2019:05:06 14:45:39 669381 94665.3150
2019:05:06 14:45:39 748788 72097.2531
2019:05:06 14:45:39 849377 96920.7697
2019:05:06 14:45:39 929384 75334.5750
2019:05:06 14:45:40 42449 102368.3622
2019:05:06 14:45:40 149364 104050.4947
2019:05:06 14:45:40 221378 72005.2905
2019:05:06 14:45:40 300900 73290.4896
2019:05:06 14:45:40 409378 76009.8211
2019:05:06 14:45:40 541360 122468.0208
2019:05:06 14:45:40 617548 76178.7370
2019:05:06 14:45:40 721372 98937.8020
2019:05:06 14:45:40 853359 96004.1657
2019:05:06 14:45:40 928000 74632.4845
2019:05:06 14:45:41 9376 78115.9140
2019:05:06 14:45:41 109377 89644.2570
2019:05:06 14:45:41 221370 105382.9901
2019:05:06 14:45:41 322436 86425.7254
2019:05:06 14:45:41 425372 100085.4112
2019:05:06 14:45:41 533374 103648.1634
2019:05:06 14:45:41 633375 86053.1554
2019:05:06 14:45:41 765369 121386.4088
2019:05:06 14:45:41 871662 94985.3100
2019:05:06 14:45:41 961370 87236.1474
2019:05:06 14:45:42 57375 88610.8540
2019:05:06 14:45:42 165361 101173.0470
2019:05:06 14:45:42 261379 96009.9809
2019:05:06 14:45:42 389360 95994.5880
2019:05:06 14:45:42 489383 100014.7685
2019:05:06 14:45:42 570850 75362.4961
2019:05:06 14:45:42 661761 64384.2183
2019:05:06 14:45:42 749376 82703.9666
2019:05:06 14:45:42 823560 71290.5228
2019:05:06 14:45:42 953361 105242.8447
2019:05:06 14:45:43 36127 82757.4208
2019:05:06 14:45:43 133377 72015.6431
2019:05:06 14:45:43 208162 69644.6709
2019:05:06 14:45:43 301127 71764.5027
2019:05:06 14:45:43 401371 92064.1981
2019:05:06 14:45:43 509377 102562.2673
2019:05:06 14:45:43 588671 72080.9996
2019:05:06 14:45:43 677371 85441.9023
2019:05:06 14:45:43 785376 102098.1446
2019:05:06 14:45:43 929360 107993.2563
2019:05:06 14:45:44 5373 76005.2055
2019:05:06 14:45:44 85376 76078.4224
2019:05:06 14:45:44 181381 88121.8016
2019:05:06 14:45:44 285373 99548.0381
2019:05:06 14:45:44 393371 72006.1064
2019:05:06 14:45:44 490057 85476.8567
2019:05:06 14:45:44 577390 80665.6331
2019:05:06 14:45:44 669376 88693.8274
2019:05:06 14:45:44 813366 108002.9346
2019:05:06 14:45:44 921369 107995.1711
2019:05:06 14:45:45 49355 119303.3606
2019:05:06 14:45:45 189393 138921.2310
2019:05:06 14:45:45 297373 101500.8837
2019:05:06 14:45:45 389376 86204.0073
2019:05:06 14:45:45 470687 75370.9301
2019:05:06 14:45:45 564078 90911.1723
2019:05:06 14:45:45 673898 76532.2372
2019:05:06 14:45:45 769377 87577.5740
2019:05:06 14:45:45 865374 89552.0821
2019:05:06 14:45:45 957378 78332.3906
2019:05:06 14:45:46 65361 103133.6486
2019:05:06 14:45:46 181378 116008.3190
2019:05:06 14:45:46 288634 72071.2170
2019:05:06 14:45:46 372992 81083.2083
2019:05:06 14:45:46 439385 64322.2108
2019:05:06 14:45:46 545378 76012.7530
2019:05:06 14:45:46 677376 96020.2776
2019:05:06 14:45:46 750247 66367.6113
2019:05:06 14:45:46 845369 89377.6119
2019:05:06 14:45:46 917381 65942.3843
2019:05:06 14:45:47 25355 101401.9325
2019:05:06 14:45:47 94317 68950.8468
2019:05:06 14:45:47 181380 83895.5492
2019:05:06 14:45:47 277380 64014.0735
2019:05:06 14:45:47 389375 72007.2277
2019:05:06 14:45:47 493270 67908.1790
2019:05:06 14:45:47 581375 81571.6162
2019:05:06 14:45:47 687815 74452.0575
2019:05:06 14:45:47 777376 68013.5749
2019:05:06 14:45:47 891788 67584.2129
2019:05:06 14:45:47 985578 64211.2382
2019:05:06 14:45:48 85387 97367.0445
2019:05:06 14:45:48 229388 108033.5937
2019:05:06 14:45:48 333376 64004.4436
2019:05:06 14:45:48 420556 81118.7550
2019:05:06 14:45:48 509384 87178.4873
2019:05:06 14:45:48 637379 96016.5933
2019:05:06 14:45:48 733386 80586.3701
2019:05:06 14:45:48 809379 72195.6044
2019:05:06 14:45:48 953364 133462.4663
2019:05:06 14:45:49 52562 99188.4284
2019:05:06 14:45:49 126680 71278.8105
2019:05:06 14:45:49 221359 90587.8618
2019:05:06 14:45:49 293381 72014.2387
2019:05:06 14:45:49 405375 105864.6142
2019:05:06 14:45:49 533361 95996.0185
2019:05:06 14:45:49 611612 78242.8719
2019:05:06 14:45:49 709375 72011.2026
2019:05:06 14:45:49 791028 71265.3361
2019:05:06 14:45:49 877375 81844.6316
2019:05:06 14:45:49 973375 85651.8969
2019:05:06 14:45:50 81375 97842.3432
2019:05:06 14:45:50 164970 80262.2512
2019:05:06 14:45:50 249374 81133.7791
2019:05:06 14:45:50 391882 134757.1947
2019:05:06 14:45:50 485377 76010.2645
2019:05:06 14:45:50 557382 63521.4932
2019:05:06 14:45:50 626174 62655.1174
2019:05:06 14:45:50 717372 84639.2624
2019:05:06 14:45:50 813376 64007.2487
2019:05:06 14:45:50 892397 72496.4328
2019:05:06 14:45:50 993374 72011.7874
2019:05:06 14:45:51 85378 84851.0861
2019:05:06 14:45:51 194273 94615.8320
2019:05:06 14:45:51 285379 88678.3935
2019:05:06 14:45:51 393371 102874.0443
2019:05:06 14:45:51 501380 72013.7656
2019:05:06 14:45:51 593380 86610.1161
2019:05:06 14:45:51 698053 72687.6073
2019:05:06 14:45:51 768906 66315.6435
2019:05:06 14:45:51 873372 97507.3949
2019:05:06 14:45:51 945382 66280.7822
2019:05:06 14:45:52 39656 66291.9357
2019:05:06 14:45:52 144499 75128.9390
2019:05:06 14:45:52 245371 98016.2062
2019:05:06 14:45:52 349605 68237.9790
2019:05:06 14:45:52 421374 66770.9857
2019:05:06 14:45:52 524161 94610.5011
2019:05:06 14:45:52 613679 87059.9411
2019:05:06 14:45:52 689387 69751.5905
2019:05:06 14:45:52 801087 75719.3938
2019:05:06 14:45:52 925381 104015.6074
2019:05:06 14:45:53 33376 72011.4671
2019:05:06 14:45:53 141378 80022.8938
2019:05:06 14:45:53 241374 94982.6501
2019:05:06 14:45:53 348289 74922.3121
2019:05:06 14:45:53 445384 72017.6958
2019:05:06 14:45:53 544495 92940.1293
2019:05:06 14:45:53 645375 97595.1515
2019:05:06 14:45:53 730485 53118.2103
2019:05:06 14:45:53 819335 69972.5561
2019:05:06 14:45:53 903709 67975.6477
2019:05:06 14:45:53 993401 69238.3721
2019:05:06 14:45:54 97388 72018.6234
2019:05:06 14:45:54 173207 68011.6005
2019:05:06 14:45:54 257378 64011.5514
2019:05:06 14:45:54 353371 86357.1167
2019:05:06 14:45:54 449384 84880.4787
2019:05:06 14:45:54 563954 102829.1173
2019:05:06 14:45:54 661002 79617.9660
2019:05:06 14:45:54 761382 84021.6018
2019:05:06 14:45:54 845339 76199.1143
2019:05:06 14:45:54 945374 76009.5268
2019:05:06 14:45:55 49607 72233.1181
2019:05:06 14:45:55 143111 87387.6065
2019:05:06 14:45:55 228721 67359.3991
2019:05:06 14:45:55 304061 70033.7254
2019:05:06 14:45:55 418774 81420.0751
2019:05:06 14:45:55 565356 144564.8186
2019:05:06 14:45:55 661354 95986.3067
2019:05:06 14:45:55 757378 94111.5990
2019:05:06 14:45:55 833251 70047.1699
2019:05:06 14:45:55 921376 84877.2600
2019:05:06 14:45:56 476 71399.9383
2019:05:06 14:45:56 88010 78649.0366
2019:05:06 14:45:56 177376 64014.8818
2019:05:06 14:45:56 265382 77439.3566
2019:05:06 14:45:56 348491 76977.5957
2019:05:06 14:45:56 449395 76019.3653
2019:05:06 14:45:56 557394 72023.1943
2019:05:06 14:45:56 638919 73341.6788
2019:05:06 14:45:56 730657 69285.8547
2019:05:06 14:45:56 804366 68822.3355
2019:05:06 14:45:56 900606 75234.0145
2019:05:06 14:45:56 994444 77069.3868
2019:05:06 14:45:57 84528 72083.0709
2019:05:06 14:45:57 185749 76379.1613
2019:05:06 14:45:57 265580 74152.3430
2019:05:06 14:45:57 337674 65160.0100
2019:05:06 14:45:57 433390 64017.8621
2019:05:06 14:45:57 507624 70421.9192
2019:05:06 14:45:57 594468 81102.1477
2019:05:06 14:45:57 705367 87991.6511
2019:05:06 14:45:57 783271 77892.3146
2019:05:06 14:45:57 909385 100012.7457
2019:05:06 14:45:57 997745 72559.3902
2019:05:06 14:45:58 307580 301862.7018
2019:05:06 14:45:58 421395 96017.0776
2019:05:06 14:45:58 516118 80296.0098
2019:05:06 14:45:58 579548 58187.4847
2019:05:06 14:45:58 669388 80808.5650
2019:05:06 14:45:58 785385 100167.9078
2019:05:06 14:45:58 890033 68655.0252
2019:05:06 14:45:58 973392 64017.1170
2019:05:06 14:45:59 49399 68038.2140
2019:05:06 14:45:59 158323 72942.2905
2019:05:06 14:45:59 253393 88973.8612
2019:05:06 14:45:59 349393 89508.6154
2019:05:06 14:45:59 423295 68401.6570
2019:05:06 14:45:59 544532 99156.1636
2019:05:06 14:45:59 645385 72012.0333
2019:05:06 14:45:59 723137 73371.4476
2019:05:06 14:45:59 805393 64018.9759
2019:05:06 14:45:59 873486 61835.1400
2019:05:06 14:45:59 957391 64033.0724
2019:05:06 14:46:00 40994 63608.7097
2019:05:06 14:46:00 146251 84869.8542
2019:05:06 14:46:00 236760 71385.7338
2019:05:06 14:46:00 329389 87315.8537
2019:05:06 14:46:00 398551 63876.8114
2019:05:06 14:46:00 472691 71650.5237
2019:05:06 14:46:00 557377 68014.1561
2019:05:06 14:46:00 651675 83142.8356
2019:05:06 14:46:00 735256 80302.9090
2019:05:06 14:46:00 816720 76591.5662
2019:05:06 14:46:00 921361 97685.5867
2019:05:06 14:46:01 17376 96006.2705
2019:05:06 14:46:01 113373 89400.2169
2019:05:06 14:46:01 209378 89975.4018
2019:05:06 14:46:01 321328 79972.8185
2019:05:06 14:46:01 406944 69589.6372
2019:05:06 14:46:01 549379 108012.2143
2019:05:06 14:46:01 696918 115535.3598
2019:05:06 14:46:01 787039 73677.6479
2019:05:06 14:46:01 873378 64016.7221
2019:05:06 14:46:01 959045 79034.6302
2019:05:06 14:46:02 61372 72007.0824
2019:05:06 14:46:02 145378 80674.3950
2019:05:06 14:46:02 223648 72109.6434
2019:05:06 14:46:02 333376 92012.9865
2019:05:06 14:46:02 441992 72637.4947
2019:05:06 14:46:02 520177 72470.2366
2019:05:06 14:46:02 649196 103832.5801
2019:05:06 14:46:02 769375 96009.3886
2019:05:06 14:46:02 876920 75555.1159
2019:05:06 14:46:02 953378 56014.3776
2019:05:06 14:46:03 21095 60633.7339
2019:05:06 14:46:03 83641 57652.4995
2019:05:06 14:46:03 173522 84023.2000
2019:05:06 14:46:03 277374 96964.0352
2019:05:06 14:46:03 372530 67165.8255
2019:05:06 14:46:03 445867 69259.2449
2019:05:06 14:46:03 561360 95997.5794
2019:05:06 14:46:03 641627 80258.7047
2019:05:06 14:46:03 733362 68412.3375
2019:05:06 14:46:03 853376 93391.2359
2019:05:06 14:46:03 977360 109221.5143
2019:05:06 14:46:04 81367 103998.9069
2019:05:06 14:46:04 177353 95977.2505
2019:05:06 14:46:04 265379 86824.0707
2019:05:06 14:46:04 337377 66654.0936
2019:05:06 14:46:04 411643 68396.9967
2019:05:06 14:46:04 492723 72925.1243
2019:05:06 14:46:04 579557 73439.9594
2019:05:06 14:46:04 669376 80805.1489
2019:05:06 14:46:04 746267 70073.8057
2019:05:06 14:46:04 829376 64012.9074
2019:05:06 14:46:04 953376 92011.8280
2019:05:06 14:46:05 21916 62267.0650
2019:05:06 14:46:05 106689 77332.8207
2019:05:06 14:46:05 173860 62267.3258
2019:05:06 14:46:05 257375 64014.7030
2019:05:06 14:46:05 385376 96020.6650
2019:05:06 14:46:05 462640 72134.1111
2019:05:06 14:46:05 537376 56014.3739
2019:05:06 14:46:05 615784 67564.4018
2019:05:06 14:46:05 703905 85658.6881
2019:05:06 14:46:05 780546 74200.9878
2019:05:06 14:46:05 873369 68003.8780
2019:05:06 14:46:05 951386 74199.3189
2019:05:06 14:46:06 21376 63091.2706
2019:05:06 14:46:06 125356 88000.4466
2019:05:06 14:46:06 233372 108005.6205
2019:05:06 14:46:06 325362 87738.9237
2019:05:06 14:46:06 421373 96002.1280
2019:05:06 14:46:06 518182 83115.3728
2019:05:06 14:46:06 606245 73718.4919
2019:05:06 14:46:06 682843 69658.7749
2019:05:06 14:46:06 785387 72019.8043
2019:05:06 14:46:06 900313 74957.7172
2019:05:06 14:46:06 989381 64014.9266
2019:05:06 14:46:07 99376 74018.2959
2019:05:06 14:46:07 198509 90526.5734
2019:05:06 14:46:07 274275 72508.3090
2019:05:06 14:46:07 381377 76012.7492
2019:05:06 14:46:07 515657 98290.5738
2019:05:06 14:46:07 597383 78989.5579
2019:05:06 14:46:07 705566 76203.1004
2019:05:06 14:46:07 792408 67046.4635
2019:05:06 14:46:07 882501 66749.4945
2019:05:06 14:46:07 978343 64979.8661
2019:05:06 14:46:08 65374 64015.7834
2019:05:06 14:46:08 144228 72510.5032
2019:05:06 14:46:08 228607 67245.2189
2019:05:06 14:46:08 353366 117361.7691
2019:05:06 14:46:08 450588 97213.5514
2019:05:06 14:46:08 530881 65963.7935
2019:05:06 14:46:08 629590 69230.3255
2019:05:06 14:46:08 724599 87644.6217
2019:05:06 14:46:08 813375 85912.9243
2019:05:06 14:46:08 909375 86055.0925
2019:05:06 14:46:08 984698 70046.0635
2019:05:06 14:46:09 85059 79693.4143
2019:05:06 14:46:09 168594 67230.8393
2019:05:06 14:46:09 305374 108006.1980
2019:05:06 14:46:09 413376 84022.3990
2019:05:06 14:46:09 517162 67800.6522
2019:05:06 14:46:09 637377 96012.6854
2019:05:06 14:46:09 733374 89664.4704
2019:05:06 14:46:09 837380 99877.9535
2019:05:06 14:46:09 937369 94211.9621
2019:05:06 14:46:10 41826 64457.8896
2019:05:06 14:46:10 133379 73942.5793
2019:05:06 14:46:10 209387 70919.6851
2019:05:06 14:46:10 317374 72012.6033
2019:05:06 14:46:10 421372 97760.1558
2019:05:06 14:46:10 499816 73787.4694
2019:05:06 14:46:10 573531 70457.3318
2019:05:06 14:46:10 650120 68750.4709
2019:05:06 14:46:10 759469 99912.2523
2019:05:06 14:46:10 864328 74951.8238
2019:05:06 14:46:10 973383 106204.9419
2019:05:06 14:46:11 97376 88019.7361
2019:05:06 14:46:11 189371 85021.9652
2019:05:06 14:46:11 289075 67711.9829
2019:05:06 14:46:11 385376 85243.2735
2019:05:06 14:46:11 460711 66827.6846
2019:05:06 14:46:11 573376 80012.3401
2019:05:06 14:46:11 655688 73320.8656
2019:05:06 14:46:11 722049 59401.0502
2019:05:06 14:46:11 869366 107992.7050
2019:05:06 14:46:11 955918 86544.3386
2019:05:06 14:46:12 64856 75481.4930
2019:05:06 14:46:12 153373 82370.6873
2019:05:06 14:46:12 257367 96268.9817
2019:05:06 14:46:12 335182 77806.1152
2019:05:06 14:46:12 425285 59919.0891
2019:05:06 14:46:12 492455 60624.8006
2019:05:06 14:46:12 577383 82065.9138
2019:05:06 14:46:12 673377 64018.0036
2019:05:06 14:46:12 807864 98509.8183
2019:05:06 14:46:12 891395 79472.5232
2019:05:06 14:46:12 977375 80660.3320
2019:05:06 14:46:13 81383 95784.2842
2019:05:06 14:46:13 217361 99981.9711
2019:05:06 14:46:13 327597 110227.2794
2019:05:06 14:46:13 469377 124005.5561
2019:05:06 14:46:13 583993 78637.2609
2019:05:06 14:46:13 674509 73137.4025
2019:05:06 14:46:13 745791 68427.7453
2019:05:06 14:46:13 869374 104020.5285
2019:05:06 14:46:13 973380 68015.9368
2019:05:06 14:46:14 77369 96893.0945
2019:05:06 14:46:14 154547 72509.3968
2019:05:06 14:46:14 261379 100693.5649
2019:05:06 14:46:14 357373 85274.5138
2019:05:06 14:46:14 449374 81429.0978
2019:05:06 14:46:14 557375 72009.7534
2019:05:06 14:46:14 629281 66784.0242
2019:05:06 14:46:14 705460 71289.7740
2019:05:06 14:46:14 788192 71695.9760
2019:05:06 14:46:14 874198 68832.7402
2019:05:06 14:46:14 982322 72956.9159
2019:05:06 14:46:15 71218 83985.6938
2019:05:06 14:46:15 157379 80863.1107
2019:05:06 14:46:15 268207 96230.0226
2019:05:06 14:46:15 373376 100656.7180
2019:05:06 14:46:15 477377 64015.6232
2019:05:06 14:46:15 561371 76873.9060
2019:05:06 14:46:15 637375 73033.6048
2019:05:06 14:46:15 709376 61074.8604
2019:05:06 14:46:15 780623 64314.0636
2019:05:06 14:46:15 856793 72083.8606
2019:05:06 14:46:15 933354 74511.9192
2019:05:06 14:46:15 993393 57963.7997
2019:05:06 14:46:16 73371 73636.6510
2019:05:06 14:46:16 152913 69609.4185
2019:05:06 14:46:16 237376 64010.9740
2019:05:06 14:46:16 317869 65815.1954
2019:05:06 14:46:16 417384 72019.9272
2019:05:06 14:46:16 501374 77325.8172
2019:05:06 14:46:16 612463 96221.4805
2019:05:06 14:46:16 685793 70060.9311
2019:05:06 14:46:16 757487 66369.1871
2019:05:06 14:46:16 845373 80556.9626
2019:05:06 14:46:16 917594 68779.9305
2019:05:06 14:46:17 21698 64331.7476
2019:05:06 14:46:17 99084 67567.3522
2019:05:06 14:46:17 177733 72499.4242
2019:05:06 14:46:17 249823 68409.7186
2019:05:06 14:46:17 337377 72016.2056
2019:05:06 14:46:17 417389 72981.1974
2019:05:06 14:46:17 525374 101880.3976
2019:05:06 14:46:17 625846 68476.1256
2019:05:06 14:46:17 721380 72016.2839
2019:05:06 14:46:17 797823 69227.8929
2019:05:06 14:46:17 872355 69197.7963
2019:05:06 14:46:17 961379 68671.3941
2019:05:06 14:46:18 34157 64718.0378
2019:05:06 14:46:18 111165 69217.1715
2019:05:06 14:46:18 198409 69047.4063
2019:05:06 14:46:18 289380 86480.8336
2019:05:06 14:46:18 365517 69236.7740
2019:05:06 14:46:18 453374 68012.4387
2019:05:06 14:46:18 758319 297341.6075
2019:05:06 14:46:18 853387 93422.7295
2019:05:06 14:46:18 949375 60004.9123
2019:05:06 14:46:19 37380 73809.7541
2019:05:06 14:46:19 107692 67192.1894
2019:05:06 14:46:19 169382 59250.8800
2019:05:06 14:46:19 244086 64720.1836
2019:05:06 14:46:19 317377 65109.8080
2019:05:06 14:46:19 389378 65388.5715
2019:05:06 14:46:19 501372 104919.1467
2019:05:06 14:46:19 586898 70846.1329
2019:05:06 14:46:19 653383 64421.0763
2019:05:06 14:46:19 725757 66332.7128
2019:05:06 14:46:19 825368 93037.6053
2019:05:06 14:46:19 917379 88830.4487
2019:05:06 14:46:19 994841 70047.1513
2019:05:06 14:46:20 93381 72011.6273
2019:05:06 14:46:20 158321 61095.8524
2019:05:06 14:46:20 253378 85699.3310
2019:05:06 14:46:20 353377 93113.4894
2019:05:06 14:46:20 453371 64001.2808
2019:05:06 14:46:20 541378 77929.9736
2019:05:06 14:46:20 644056 95848.4150
2019:05:06 14:46:20 733374 86452.6667
2019:05:06 14:46:20 802981 63070.2786
2019:05:06 14:46:20 893375 80972.1276
2019:05:06 14:46:20 989373 80299.0943
2019:05:06 14:46:21 89393 85313.8752
2019:05:06 14:46:21 197362 97032.7631
2019:05:06 14:46:21 270755 73385.6298
2019:05:06 14:46:21 365377 86846.2399
2019:05:06 14:46:21 442782 69621.7865
2019:05:06 14:46:21 537382 72020.3519
2019:05:06 14:46:21 637374 92015.2180
2019:05:06 14:46:21 733378 85400.0002
2019:05:06 14:46:21 829378 81047.6206
2019:05:06 14:46:21 933375 89191.1499
2019:05:06 14:46:22 7176 66758.6140
2019:05:06 14:46:22 101377 88053.0290
2019:05:06 14:46:22 172658 64733.6654
2019:05:06 14:46:22 264795 67434.0650
2019:05:06 14:46:22 373363 103247.5568
2019:05:06 14:46:22 481361 107989.4006
2019:05:06 14:46:22 557378 76007.7164
2019:05:06 14:46:22 662095 72728.9952
2019:05:06 14:46:22 749377 64014.2672
2019:05:06 14:46:22 857360 101477.9285
2019:05:06 14:46:22 937347 79979.2446
2019:05:06 14:46:23 41382 96679.4938
2019:05:06 14:46:23 149361 105135.6830
2019:05:06 14:46:23 253123 103754.0920
2019:05:06 14:46:23 341376 85402.7569
2019:05:06 14:46:23 417363 72070.1814
2019:05:06 14:46:23 505020 67653.7268
2019:05:06 14:46:23 593377 80581.4154
2019:05:06 14:46:23 685386 76729.2939
2019:05:06 14:46:23 781376 90803.4407
2019:05:06 14:46:23 853991 67180.3169
2019:05:06 14:46:23 958011 64641.4831
2019:05:06 14:46:24 49384 56005.2395
2019:05:06 14:46:24 123887 68160.3588
2019:05:06 14:46:24 193375 64165.0669
2019:05:06 14:46:24 265379 67754.2463
2019:05:06 14:46:24 344671 72938.0548
2019:05:06 14:46:24 449381 76012.8722
2019:05:06 14:46:24 533053 72055.7384
2019:05:06 14:46:24 617377 60010.0942
2019:05:06 14:46:24 713362 84835.4585
2019:05:06 14:46:24 791925 78554.3136
2019:05:06 14:46:24 893376 72005.7599
2019:05:06 14:46:24 960730 60632.9292
2019:05:06 14:46:25 61376 93278.8253
2019:05:06 14:46:25 133552 61429.5639
2019:05:06 14:46:25 241372 97568.7541
2019:05:06 14:46:25 313384 67611.7912
2019:05:06 14:46:25 389146 68020.8206
2019:05:06 14:46:25 469825 68462.8934
2019:05:06 14:46:25 544796 65151.9187
2019:05:06 14:46:25 625376 64014.2597
2019:05:06 14:46:25 697146 67177.5937
2019:05:06 14:46:25 801379 98094.6012
2019:05:06 14:46:25 911496 74132.9901
2019:05:06 14:46:26 20703 85216.8091
2019:05:06 14:46:26 145375 100002.3521
2019:05:06 14:46:26 247644 95451.9771
2019:05:06 14:46:26 329529 79472.0091
2019:05:06 14:46:26 421376 77514.8682
2019:05:06 14:46:26 513377 85956.1898
2019:05:06 14:46:26 587979 67165.4418
2019:05:06 14:46:26 673378 64012.3449
2019:05:06 14:46:26 750612 70838.4551
2019:05:06 14:46:26 825126 70443.6004
2019:05:06 14:46:26 925370 96549.4812
2019:05:06 14:46:27 207723 275298.1149
2019:05:06 14:46:27 285551 64183.5332
2019:05:06 14:46:27 381378 88903.0918
2019:05:06 14:46:27 484584 75225.3719
2019:05:06 14:46:27 564863 55500.0678
2019:05:06 14:46:27 650876 80291.1222
2019:05:06 14:46:27 742213 72851.5461
2019:05:06 14:46:27 829381 82681.2200
2019:05:06 14:46:27 904032 67588.0648
2019:05:06 14:46:27 985378 78083.7648
2019:05:06 14:46:28 96523 102404.4864
2019:05:06 14:46:28 173376 73981.3820
2019:05:06 14:46:28 287914 72190.3667
2019:05:06 14:46:28 369083 74442.6697
2019:05:06 14:46:28 464781 79902.8017
2019:05:06 14:46:28 576526 96599.0052
2019:05:06 14:46:28 672052 93340.2404
2019:05:06 14:46:28 765387 90535.1862
2019:05:06 14:46:28 873386 103915.5349
2019:05:06 14:46:28 981390 72021.9277
2019:05:06 14:46:29 58666 73343.9550
2019:05:06 14:46:29 142232 64857.0657
2019:05:06 14:46:29 249397 99816.9929
2019:05:06 14:46:29 357361 96757.0692
2019:05:06 14:46:29 457389 100011.8256
2019:05:06 14:46:29 577390 115698.8256
2019:05:06 14:46:29 691075 108158.2494
2019:05:06 14:46:29 762785 69271.8774
2019:05:06 14:46:29 845387 75655.1102
2019:05:06 14:46:29 957369 97480.3455
2019:05:06 14:46:30 97371 139989.0855
2019:05:06 14:46:30 167912 70527.7026
2019:05:06 14:46:30 255565 66192.0458
2019:05:06 14:46:30 357351 89106.1649
2019:05:06 14:46:30 436168 78795.3734
2019:05:06 14:46:30 504152 65539.7624
2019:05:06 14:46:30 579614 71370.6650
2019:05:06 14:46:30 652057 65923.8845
2019:05:06 14:46:30 735611 76625.3993
2019:05:06 14:46:30 829395 72021.9165
2019:05:06 14:46:30 937389 72013.2813
2019:05:06 14:46:31 14912 71680.7172
2019:05:06 14:46:31 101390 82407.3330
2019:05:06 14:46:31 197387 89095.2945
2019:05:06 14:46:31 275815 71233.0304
2019:05:06 14:46:31 385388 84011.7745
2019:05:06 14:46:31 496161 99522.1362
2019:05:06 14:46:31 594500 91379.6574
2019:05:06 14:46:31 679394 82343.9583
2019:05:06 14:46:31 762002 76162.5841
2019:05:06 14:46:31 850087 69096.0176
2019:05:06 14:46:31 931602 74465.5170
2019:05:06 14:46:32 7772 72950.6649
2019:05:06 14:46:32 87684 66821.9775
2019:05:06 14:46:32 167490 71270.2796
2019:05:06 14:46:32 249411 79072.9672
2019:05:06 14:46:32 324770 64298.6782
2019:05:06 14:46:32 403055 70909.8093
2019:05:06 14:46:32 485741 79472.8696
2019:05:06 14:46:32 574596 74533.6600
2019:05:06 14:46:32 673752 96281.8153
2019:05:06 14:46:32 751151 74993.7296
2019:05:06 14:46:32 863349 99526.9343
2019:05:06 14:46:32 942837 77858.1426
2019:05:06 14:46:33 37478 68103.2650
2019:05:06 14:46:33 131218 78164.8904
2019:05:06 14:46:33 219287 69929.5253
2019:05:06 14:46:33 321382 72013.5346
2019:05:06 14:46:33 409371 83200.0375
2019:05:06 14:46:33 481453 65587.1555
2019:05:06 14:46:33 546546 58169.6443
2019:05:06 14:46:33 645375 76007.0980
2019:05:06 14:46:33 721433 69224.2458
2019:05:06 14:46:33 806620 65258.0857
2019:05:06 14:46:33 901376 81617.5863
2019:05:06 14:46:34 5374 84012.8325
2019:05:06 14:46:34 97380 77803.7347
2019:05:06 14:46:34 169380 67846.2200
2019:05:06 14:46:34 297361 120442.6773
2019:05:06 14:46:34 405443 108072.7465
2019:05:06 14:46:34 481597 68417.3405
2019:05:06 14:46:34 593376 80009.6840
2019:05:06 14:46:34 689375 80348.1676
2019:05:06 14:46:34 785370 84999.6991
2019:05:06 14:46:34 865015 72479.1884
2019:05:06 14:46:34 942463 61099.6969
2019:05:06 14:46:35 15628 65842.5093
2019:05:06 14:46:35 129378 85328.2772
2019:05:06 14:46:35 207055 67169.5881
2019:05:06 14:46:35 289373 64007.6473
2019:05:06 14:46:35 385372 64007.4573
2019:05:06 14:46:35 497467 80106.0684
2019:05:06 14:46:35 592465 63097.3615
2019:05:06 14:46:35 729361 111990.5226
2019:05:06 14:46:35 885373 156002.6668
2019:05:06 14:46:35 985377 94736.3563
2019:05:06 14:46:36 85382 80020.7816
2019:05:06 14:46:36 193376 72014.7528
2019:05:06 14:46:36 295312 63078.3960
2019:05:06 14:46:36 388300 83156.2839
2019:05:06 14:46:36 503387 112226.4713
2019:05:06 14:46:36 629380 100026.2387
2019:05:06 14:46:36 712013 77580.7761
2019:05:06 14:46:36 819192 81826.9104
2019:05:06 14:46:36 925383 80014.1282
2019:05:06 14:46:37 44859 83485.2122
2019:05:06 14:46:37 145378 72008.6321
2019:05:06 14:46:37 253375 99165.2682
2019:05:06 14:46:37 337378 72997.4471
2019:05:06 14:46:37 421251 77831.3428
2019:05:06 14:46:37 717360 285868.0040
2019:05:06 14:46:37 793980 76611.5226
2019:05:06 14:46:37 877377 64014.0697
2019:05:06 14:46:37 997364 83996.8175
2019:05:06 14:46:38 81377 84004.8902
2019:05:06 14:46:38 165870 64507.2088
2019:05:06 14:46:38 244147 70102.1850
2019:05:06 14:46:38 325380 64011.4285
2019:05:06 14:46:38 433384 76018.5570
2019:05:06 14:46:38 520627 80668.2259
2019:05:06 14:46:38 620149 78788.0123
2019:05:06 14:46:38 709375 86767.9417
2019:05:06 14:46:38 811823 70468.7200
2019:05:06 14:46:38 901376 64012.6020
2019:05:06 14:46:39 29363 95998.0488
2019:05:06 14:46:39 105378 76006.8409
2019:05:06 14:46:39 188260 76219.8344
2019:05:06 14:46:39 285379 72010.6214
2019:05:06 14:46:39 356605 64717.0097
2019:05:06 14:46:39 423331 60217.4513
2019:05:06 14:46:39 549378 104024.5518
2019:05:06 14:46:39 645381 84025.0291
2019:05:06 14:46:39 728501 76217.9606
2019:05:06 14:46:39 828412 79042.5502
2019:05:06 14:46:39 917324 71962.3864
2019:05:06 14:46:39 999633 74275.3372
2019:05:06 14:46:40 84419 67044.3438
2019:05:06 14:46:40 183116 69754.9582
2019:05:06 14:46:40 305361 112809.9747
2019:05:06 14:46:40 385091 79719.7707
2019:05:06 14:46:40 529377 128016.1366
2019:05:06 14:46:40 633372 93520.1757
2019:05:06 14:46:40 709845 69628.2685
2019:05:06 14:46:40 797369 81390.4591
2019:05:06 14:46:40 868764 65556.2282
2019:05:06 14:46:40 957370 84102.3847
2019:05:06 14:46:41 38750 75800.5418
2019:05:06 14:46:41 151376 74011.0800
2019:05:06 14:46:41 237382 83560.5562
2019:05:06 14:46:41 341377 72014.9539
2019:05:06 14:46:41 453380 76018.8662
2019:05:06 14:46:41 551131 65765.7161
2019:05:06 14:46:41 645373 87669.0336
2019:05:06 14:46:41 723551 74130.3153
2019:05:06 14:46:41 796928 67643.3742
2019:05:06 14:46:41 877154 64710.2036
2019:05:06 14:46:41 953385 68456.2102
2019:05:06 14:46:42 32788 71662.7464
2019:05:06 14:46:42 115525 66160.0418
2019:05:06 14:46:42 205238 67875.9553
2019:05:06 14:46:42 297375 64011.8346
2019:05:06 14:46:42 361377 58265.8909
2019:05:06 14:46:42 457373 80531.7126
2019:05:06 14:46:42 522674 58587.7933
2019:05:06 14:46:42 621378 68018.4364
2019:05:06 14:46:42 749377 96022.6767
2019:05:06 14:46:42 853375 72010.8189
2019:05:06 14:46:42 963770 74401.0471
2019:05:06 14:46:43 37909 70054.8626
2019:05:06 14:46:43 124756 69985.2481
2019:05:06 14:46:43 224694 72935.2348
2019:05:06 14:46:43 336900 83535.6154
2019:05:06 14:46:43 437379 76007.0831
2019:05:06 14:46:43 516700 71678.6422
2019:05:06 14:46:43 595761 62400.7583
2019:05:06 14:46:43 694456 70447.1245
2019:05:06 14:46:43 793374 72007.3506
2019:05:06 14:46:43 909373 105545.9827
2019:05:06 14:46:44 13102 87936.3976
2019:05:06 14:46:44 94223 77840.2090
2019:05:06 14:46:44 170420 70064.3063
2019:05:06 14:46:44 269374 72005.7413
2019:05:06 14:46:44 393375 88012.9151
2019:05:06 14:46:44 501378 72009.2654
2019:05:06 14:46:44 605376 80022.0370
2019:05:06 14:46:44 701360 90246.5135
2019:05:06 14:46:44 797375 96006.6281
2019:05:06 14:46:44 901911 68540.5172
2019:05:06 14:46:44 978515 72904.0205
2019:05:06 14:46:45 89099 83735.3282
2019:05:06 14:46:45 173374 64013.5221
2019:05:06 14:46:45 259074 81515.8263
2019:05:06 14:46:45 335249 70837.6355
2019:05:06 14:46:45 425792 60426.6189
2019:05:06 14:46:45 500326 70458.3898
2019:05:06 14:46:45 611769 82400.9180
2019:05:06 14:46:45 697387 83150.1037
2019:05:06 14:46:45 808389 75020.7640
2019:05:06 14:46:45 917353 104471.2290
2019:05:06 14:46:45 993379 73608.4655
2019:05:06 14:46:46 111062 81698.5071
2019:05:06 14:46:46 215977 78616.4813
2019:05:06 14:46:46 307702 74345.5216
2019:05:06 14:46:46 405375 72003.9532
2019:05:06 14:46:46 476433 67582.6930
2019:05:06 14:46:46 551844 69673.7543
2019:05:06 14:46:46 678762 101395.3574
2019:05:06 14:46:46 769379 88149.7338
2019:05:06 14:46:46 861372 80998.2084
2019:05:06 14:46:46 947057 70869.2297
2019:05:06 14:46:47 21955 70816.4498
2019:05:06 14:46:47 95785 67644.9165
2019:05:06 14:46:47 152650 50338.9463
2019:05:06 14:46:47 230501 66772.8521
2019:05:06 14:46:47 293567 57340.3761
2019:05:06 14:46:47 401374 80012.9622
2019:05:06 14:46:47 485377 75917.7320
2019:05:06 14:46:47 584771 63399.4676
2019:05:06 14:46:47 706435 109067.2091
2019:05:06 14:46:47 801372 84710.2106
2019:05:06 14:46:47 880494 68810.6529
2019:05:06 14:46:47 981374 88001.9441
2019:05:06 14:46:48 52139 66818.9563
2019:05:06 14:46:48 137375 79523.2989
2019:05:06 14:46:48 229372 81362.1879
2019:05:06 14:46:48 337381 72017.0103
2019:05:06 14:46:48 436750 90930.1043
2019:05:06 14:46:48 505375 65362.6621
2019:05:06 14:46:48 577369 64837.4408
2019:05:06 14:46:48 643999 59761.6248
2019:05:06 14:46:48 706274 56956.3732
2019:05:06 14:46:48 797373 73906.5036
2019:05:06 14:46:48 893379 87207.0491
2019:05:06 14:46:48 984802 82353.1672
2019:05:06 14:46:49 83530 70164.9711
2019:05:06 14:46:49 206785 97424.8126
2019:05:06 14:46:49 277380 68549.0295
2019:05:06 14:46:49 349377 63959.6432
2019:05:06 14:46:49 432909 74989.8031
2019:05:06 14:46:49 513374 60006.9650
2019:05:06 14:46:49 633366 81300.0463
2019:05:06 14:46:49 741379 108004.3800
2019:05:06 14:46:49 860487 79116.5680
2019:05:06 14:46:49 950565 66324.9008
2019:05:06 14:46:50 30473 71281.5337
2019:05:06 14:46:50 128350 92155.7434
2019:05:06 14:46:50 206181 73327.5525
2019:05:06 14:46:50 301369 68009.3318
2019:05:06 14:46:50 380252 74126.4969
2019:05:06 14:46:50 465358 82258.0680
2019:05:06 14:46:50 561360 95993.2990
2019:05:06 14:46:50 644412 83044.1825
2019:05:06 14:46:50 757375 96004.4898
2019:05:06 14:46:50 857410 68048.1419
2019:05:06 14:46:50 985375 100008.4989
2019:05:06 14:46:51 81438 88864.2222
2019:05:06 14:46:51 160092 71671.0985
2019:05:06 14:46:51 250238 72873.1751
2019:05:06 14:46:51 349380 76018.8736
2019:05:06 14:46:51 457374 72008.0473
2019:05:06 14:46:51 563161 65794.9001
2019:05:06 14:46:51 653281 71912.6500
2019:05:06 14:46:51 724933 67996.8670
2019:05:06 14:46:51 821376 72003.0516
2019:05:06 14:46:51 928516 96680.8759
2019:05:06 14:46:52 25354 93577.9028
2019:05:06 14:46:52 113378 87394.1779
2019:05:06 14:46:52 213370 94008.7140
2019:05:06 14:46:52 321375 72009.1835
2019:05:06 14:46:52 397380 69527.2088
2019:05:06 14:46:52 472432 67971.1513
2019:05:06 14:46:52 557377 64022.1126
2019:05:06 14:46:52 641191 75796.6787
2019:05:06 14:46:52 737377 72013.0913
2019:05:06 14:46:52 809378 67456.4391
2019:05:06 14:46:52 882461 68838.6858
2019:05:06 14:46:52 985373 72011.7576
2019:05:06 14:46:53 81383 88338.8221
2019:05:06 14:46:53 193362 100790.6422
2019:05:06 14:46:53 309355 115984.9390
2019:05:06 14:46:53 404704 93414.5302
2019:05:06 14:46:53 471444 63097.6371
2019:05:06 14:46:53 570170 76806.9886
2019:05:06 14:46:53 673373 101174.0491
2019:05:06 14:46:53 747102 65969.6385
2019:05:06 14:46:53 845375 72010.0515
2019:05:06 14:46:53 980172 98817.0542
2019:05:06 14:46:54 77377 92343.7066
2019:05:06 14:46:54 229378 108010.2883
2019:05:06 14:46:54 321378 83211.6529
2019:05:06 14:46:54 391772 63911.3486
2019:05:06 14:46:54 481370 86733.7547
2019:05:06 14:46:54 573379 81661.0493
2019:05:06 14:46:54 661374 83244.0928
2019:05:06 14:46:54 770228 93774.5906
2019:05:06 14:46:54 863648 90547.5244
2019:05:06 14:46:54 953382 68011.5446
2019:05:06 14:46:55 32395 71039.3749
2019:05:06 14:46:55 129368 80006.1524
2019:05:06 14:46:55 221376 80864.8244
2019:05:06 14:46:55 293294 65524.5446
2019:05:06 14:46:55 405360 108392.4659
2019:05:06 14:46:55 478826 73457.7440
2019:05:06 14:46:55 565373 80816.4552
2019:05:06 14:46:55 653376 82794.5322
2019:05:06 14:46:55 749990 64632.1550
2019:05:06 14:46:55 852822 71466.8371
2019:05:06 14:46:55 969376 92014.6815
2019:05:06 14:46:56 44537 70058.1782
2019:05:06 14:46:56 146113 98336.2347
2019:05:06 14:46:56 283719 110353.5742
2019:05:06 14:46:56 385374 98414.2348
2019:05:06 14:46:56 465140 73294.9376
2019:05:06 14:46:56 565374 96562.3371
2019:05:06 14:46:56 655205 83973.8362
2019:05:06 14:46:56 730992 70489.7642
2019:05:06 14:46:57 97360 335993.4390
2019:05:06 14:46:57 189380 92007.9052
2019:05:06 14:46:57 266290 72505.8652
2019:05:06 14:46:57 365383 68020.4704
2019:05:06 14:46:57 441391 70266.8279
2019:05:06 14:46:57 519850 70898.5366
2019:05:06 14:46:57 621361 98281.3425
2019:05:06 14:46:57 695531 74162.1368
2019:05:06 14:46:57 806930 77558.6665
2019:05:06 14:46:57 913375 104406.5915
2019:05:06 14:46:58 274301 316931.4489
2019:05:06 14:46:58 370962 77595.7927
2019:05:06 14:46:58 493359 103993.6580
2019:05:06 14:46:58 576975 83607.9083
2019:05:06 14:46:58 682241 80876.5367
2019:05:06 14:46:58 797380 96018.6124
2019:05:06 14:46:58 874741 71272.7606
2019:05:06 14:46:58 983482 90119.0042
2019:05:06 14:46:59 85383 101893.1270
2019:05:06 14:46:59 221361 130347.8442
2019:05:06 14:46:59 293772 72402.7939
2019:05:06 14:46:59 413361 92556.6293
2019:05:06 14:46:59 517417 104048.0398
2019:05:06 14:46:59 599726 54882.5413
2019:05:06 14:46:59 721374 101146.9476
2019:05:06 14:46:59 797375 69843.2922
2019:05:06 14:46:59 907752 95462.2254
2019:05:06 14:47:00 13380 88024.0686
2019:05:06 14:47:00 112511 63481.7183
2019:05:06 14:47:00 201377 64013.0825
2019:05:06 14:47:00 297373 88618.1258
2019:05:06 14:47:00 361380 58010.9283
2019:05:06 14:47:00 437404 65625.3099
2019:05:06 14:47:00 533395 89516.5764
2019:05:06 14:47:00 649520 80148.4510
2019:05:06 14:47:00 717073 50828.8816
2019:05:06 14:47:00 797400 59504.5425
2019:05:06 14:47:00 893390 88257.0371
2019:05:06 14:47:01 1409 72031.6619
2019:05:06 14:47:01 101675 64298.6670
2019:05:06 14:47:01 175875 71752.6041
2019:05:06 14:47:01 277402 72021.0001
2019:05:06 14:47:01 353612 70125.5724
2019:05:06 14:47:01 491325 130750.9020
2019:05:06 14:47:01 577358 82467.8764
2019:05:06 14:47:01 669394 89294.4187
2019:05:06 14:47:01 769393 68023.3315
2019:05:06 14:47:01 877393 100705.3070
2019:05:06 14:47:01 963940 78700.4307
2019:05:06 14:47:02 69368 84986.0385
2019:05:06 14:47:02 197360 127979.5095
2019:05:06 14:47:02 391554 194177.9703
2019:05:06 14:47:02 481387 87393.6191
2019:05:06 14:47:02 556563 71664.8996
2019:05:06 14:47:02 681390 96007.2540
2019:05:06 14:47:02 799487 106932.0627
2019:05:06 14:47:02 893655 76282.3336
2019:05:06 14:47:02 985436 72064.1054
2019:05:06 14:47:03 85394 93031.3729
2019:05:06 14:47:03 161554 69672.1412
2019:05:06 14:47:03 257399 88098.1945
2019:05:06 14:47:03 353390 88241.2232
2019:05:06 14:47:03 466666 81290.8560
2019:05:06 14:47:03 532192 63484.7991
2019:05:06 14:47:03 604713 70424.6610
2019:05:06 14:47:03 729369 91990.9328
2019:05:06 14:47:03 804586 75200.6620
2019:05:06 14:47:03 929369 121913.2766
2019:05:06 14:47:04 241363 311980.0575
2019:05:06 14:47:04 341560 100181.4194
2019:05:06 14:47:04 451303 73921.7028
2019:05:06 14:47:04 557388 102818.5114
2019:05:06 14:47:04 635610 71659.7810
2019:05:06 14:47:04 723681 66326.8194
2019:05:06 14:47:04 796175 64723.1080
2019:05:06 14:47:04 899808 70868.9503
2019:05:06 14:47:04 972312 66796.5263
2019:05:06 14:47:05 116462 140901.7220
2019:05:06 14:47:05 200420 67056.2983
2019:05:06 14:47:05 305371 94272.5837
2019:05:06 14:47:05 401377 80547.9586
2019:05:06 14:47:05 474859 70463.8995
2019:05:06 14:47:05 561371 81182.8859
2019:05:06 14:47:05 637462 68812.5268
2019:05:06 14:47:05 727981 70620.1382
2019:05:06 14:47:05 785373 54941.4717
2019:05:06 14:47:05 913375 112506.0171
2019:05:06 14:47:05 987255 69655.3513
2019:05:06 14:47:06 101377 77295.1841
2019:05:06 14:47:06 166236 62031.5857
2019:05:06 14:47:06 253378 82224.0822
2019:05:06 14:47:06 360350 68335.3730
2019:05:06 14:47:06 445361 82116.1568
2019:05:06 14:47:06 573388 128017.0642
2019:05:06 14:47:06 753372 144002.7431
2019:05:06 14:47:06 830561 70017.0100
2019:05:06 14:47:06 953360 115417.7859
2019:05:06 14:47:07 48861 95491.7409
2019:05:06 14:47:07 169355 117213.0033
2019:05:06 14:47:07 265372 95271.9189
2019:05:06 14:47:07 361377 85574.4109
2019:05:06 14:47:07 457378 81238.1096
2019:05:06 14:47:07 528490 65538.9130
2019:05:06 14:47:07 625376 89921.6346
2019:05:06 14:47:07 697378 64971.3501
2019:05:06 14:47:07 805390 97083.0992
2019:05:06 14:47:07 889375 80715.6190
2019:05:06 14:47:07 997378 97769.3386
2019:05:06 14:47:08 85383 77252.1012
2019:05:06 14:47:08 185370 88383.8199
2019:05:06 14:47:08 313361 112722.5310
2019:05:06 14:47:08 393946 80576.1404
2019:05:06 14:47:08 498385 77020.1720
2019:05:06 14:47:08 565385 64956.2962
2019:05:06 14:47:08 641326 70042.9305
2019:05:06 14:47:08 723243 65881.6621
2019:05:06 14:47:08 826502 73140.1630
2019:05:06 14:47:08 908423 71660.1573
2019:05:06 14:47:08 993379 64014.5503
2019:05:06 14:47:09 98465 69649.5287
2019:05:06 14:47:09 219275 101910.8519
2019:05:06 14:47:09 321375 72010.1669
2019:05:06 14:47:09 388022 61016.3473
2019:05:06 14:47:09 481376 72003.2267
2019:05:06 14:47:09 573374 86616.2255
2019:05:06 14:47:09 661382 82019.2210
2019:05:06 14:47:09 808300 110938.2249
2019:05:06 14:47:09 865641 54901.5105
2019:05:06 14:47:09 973388 100805.9829
2019:05:06 14:47:10 49136 68411.8867
2019:05:06 14:47:10 153374 76010.6780
2019:05:06 14:47:10 253376 95715.6457
2019:05:06 14:47:10 335458 71707.4983
2019:05:06 14:47:10 433376 72007.9131
2019:05:06 14:47:10 508278 68412.1661
2019:05:06 14:47:10 597379 83793.5507
2019:05:06 14:47:10 685373 84140.9713
2019:05:06 14:47:10 791702 70334.2259
2019:05:06 14:47:10 864212 69619.8419
2019:05:06 14:47:10 925260 39897.4158
2019:05:06 14:47:10 990342 53641.7216
2019:05:06 14:47:11 62838 66337.6004
2019:05:06 14:47:11 153374 72004.6163
2019:05:06 14:47:11 233227 74553.9032
2019:05:06 14:47:11 345379 84719.3636
2019:05:06 14:47:11 424914 69200.4114
2019:05:06 14:47:11 517381 76026.3763
2019:05:06 14:47:11 665359 112003.3339
2019:05:06 14:47:11 744800 79432.5694
2019:05:06 14:47:11 825379 64017.6870
2019:05:06 14:47:11 931583 98326.3254
2019:05:06 14:47:12 2012 61832.4690
2019:05:06 14:47:12 69512 60943.8270
2019:05:06 14:47:12 141679 50247.8331
2019:05:06 14:47:12 244075 98713.1074
2019:05:06 14:47:12 381357 134013.8949
2019:05:06 14:47:12 481359 99991.2396
2019:05:06 14:47:12 553737 72370.4025
2019:05:06 14:47:12 669380 92011.3027
2019:05:06 14:47:12 777354 102004.7702
2019:05:06 14:47:12 857211 79848.0362
2019:05:06 14:47:12 917823 57332.9814
2019:05:06 14:47:12 993405 71076.0206
2019:05:06 14:47:13 101373 93825.0795
2019:05:06 14:47:13 179146 65782.0031
2019:05:06 14:47:13 257382 64018.2234
2019:05:06 14:47:13 341378 78675.9257
2019:05:06 14:47:13 449372 71999.9783
2019:05:06 14:47:13 531816 78655.1312
2019:05:06 14:47:13 653376 119951.9299
2019:05:06 14:47:13 749378 88948.9651
2019:05:06 14:47:13 849353 93524.0909
2019:05:06 14:47:13 951395 100943.8783
2019:05:06 14:47:14 34366 77012.8779
2019:05:06 14:47:14 125375 84868.5354
2019:05:06 14:47:14 229375 95451.0979
2019:05:06 14:47:14 337379 72018.9810
2019:05:06 14:47:14 493356 149365.8237
2019:05:06 14:47:14 594636 101270.6570
2019:05:06 14:47:14 672904 70470.9962
2019:05:06 14:47:14 777375 72009.8242
2019:05:06 14:47:14 893360 111523.3302
2019:05:06 14:47:14 993381 100012.8873
2019:05:06 14:47:15 128749 99387.9773
2019:05:06 14:47:15 213378 68015.6946
2019:05:06 14:47:15 313370 92870.3435
2019:05:06 14:47:15 409353 88512.5585
2019:05:06 14:47:15 498620 86855.9182
2019:05:06 14:47:15 591991 70629.0565
2019:05:06 14:47:15 665376 70517.7635
2019:05:06 14:47:15 749379 79978.4176
2019:05:06 14:47:15 853354 97127.1135
2019:05:06 14:47:15 943416 87251.8681
2019:05:06 14:47:16 21664 69641.6274
2019:05:06 14:47:16 106032 72669.5955
2019:05:06 14:47:16 190397 73713.5410
2019:05:06 14:47:16 290749 73734.2909
2019:05:06 14:47:16 373380 64020.3953
2019:05:06 14:47:16 469374 92628.3002
2019:05:06 14:47:16 565376 84798.9134
2019:05:06 14:47:16 653369 80411.1585
2019:05:06 14:47:16 733080 72877.4928
2019:05:06 14:47:16 813372 64008.7016
2019:05:06 14:47:16 886289 67594.9641
2019:05:06 14:47:16 956317 65554.5108
2019:05:06 14:47:17 29379 61785.1950
2019:05:06 14:47:17 93532 57765.0256
2019:05:06 14:47:17 177908 76547.6376
2019:05:06 14:47:17 293416 84054.8463
2019:05:06 14:47:17 417376 104013.6069
2019:05:06 14:47:17 515396 66031.9105
2019:05:06 14:47:17 605373 83013.5830
2019:05:06 14:47:17 685378 68012.3940
2019:05:06 14:47:17 761377 70273.7235
2019:05:06 14:47:17 837744 69656.2976
2019:05:06 14:47:17 945381 100690.4915
2019:05:06 14:47:18 77373 97096.6741
2019:05:06 14:47:18 201362 112957.0641
2019:05:06 14:47:18 283769 82398.3476
2019:05:06 14:47:18 423031 113664.4147
2019:05:06 14:47:18 525373 98663.5499
2019:05:06 14:47:18 621375 64011.7303
2019:05:06 14:47:18 692955 63893.7987
2019:05:06 14:47:18 789374 72008.6433
2019:05:06 14:47:18 866600 70435.7848
2019:05:06 14:47:18 997360 99995.2815
2019:05:06 14:47:19 66551 69182.8728
2019:05:06 14:47:19 197361 122679.7290
2019:05:06 14:47:19 280282 82913.5478
2019:05:06 14:47:19 371616 66252.3918
2019:05:06 14:47:19 437581 58190.6997
2019:05:06 14:47:19 525373 83701.7484
2019:05:06 14:47:19 600579 67993.9874
2019:05:06 14:47:19 699281 75335.7708
2019:05:06 14:47:19 769375 66403.3853
2019:05:06 14:47:19 852877 72083.2944
2019:05:06 14:47:19 973370 96004.6053
2019:05:06 14:47:20 51950 70459.3398
2019:05:06 14:47:20 157379 76355.5877
2019:05:06 14:47:20 272709 108954.8431
2019:05:06 14:47:20 380825 72073.9104
2019:05:06 14:47:20 465377 64016.1149
2019:05:06 14:47:20 564739 67377.7685
2019:05:06 14:47:20 644606 72903.5661
2019:05:06 14:47:20 745374 97914.1034
2019:05:06 14:47:20 817377 65050.7435
2019:05:06 14:47:20 896491 75375.3744
2019:05:06 14:47:20 985378 72014.4212
2019:05:06 14:47:21 95955 104452.9006
2019:05:06 14:47:21 197540 98316.3640
2019:05:06 14:47:21 271668 70457.4846
2019:05:06 14:47:21 377375 97516.7826
2019:05:06 14:47:21 461312 75786.4565
2019:05:06 14:47:21 568194 78827.5003
2019:05:06 14:47:21 677365 107107.9411
2019:05:06 14:47:21 757441 72488.3750
2019:05:06 14:47:21 868029 82666.9596
2019:05:06 14:47:21 979871 86501.3897
2019:05:06 14:47:22 77380 72017.2413
2019:05:06 14:47:22 181383 96683.9157
2019:05:06 14:47:22 361379 144023.0347
2019:05:06 14:47:22 489375 84796.5367
2019:05:06 14:47:22 593376 88434.7521
2019:05:06 14:47:22 674913 76594.0137
2019:05:06 14:47:22 761368 64006.6415
2019:05:06 14:47:22 861374 94716.8022
2019:05:06 14:47:22 961359 94736.4978
2019:05:06 14:47:23 57372 96004.6649
2019:05:06 14:47:23 173372 84776.3568
2019:05:06 14:47:23 293377 110589.8023
2019:05:06 14:47:23 417360 112928.3868
2019:05:06 14:47:23 517379 100009.9257
2019:05:06 14:47:23 582955 60201.4586
2019:05:06 14:47:23 681377 92282.3846
2019:05:06 14:47:23 788578 71215.6892
2019:05:06 14:47:23 883586 91338.4855
2019:05:06 14:47:23 969383 81277.3444
2019:05:06 14:47:24 71603 91294.3780
2019:05:06 14:47:24 154332 79860.8586
2019:05:06 14:47:24 261374 88020.3657
2019:05:06 14:47:24 360325 66964.6263
2019:05:06 14:47:24 453373 90150.5500
2019:05:06 14:47:24 561858 76501.4403
2019:05:06 14:47:24 677372 96008.0437
2019:05:06 14:47:24 785074 103609.4800
2019:05:06 14:47:24 884219 62850.9186
2019:05:06 14:47:24 993368 102602.2919
2019:05:06 14:47:25 81379 88004.0899
2019:05:06 14:47:25 221384 112020.5000
2019:05:06 14:47:25 317378 90353.6566
2019:05:06 14:47:25 429374 76009.1431
2019:05:06 14:47:25 553379 88025.0596
2019:05:06 14:47:25 661372 97245.4138
2019:05:06 14:47:25 781378 84010.8767
2019:05:06 14:47:25 861857 75359.2551
2019:05:06 14:47:25 977359 99996.3768
2019:05:06 14:47:26 73381 96013.2107
2019:05:06 14:47:26 188733 108157.5342
2019:05:06 14:47:26 281378 72017.3009
2019:05:06 14:47:26 375101 86457.3680
2019:05:06 14:47:26 469382 90202.5625
2019:05:06 14:47:26 541384 68843.3163
2019:05:06 14:47:26 649361 83996.7169
2019:05:06 14:47:26 723651 74281.3312
2019:05:06 14:47:26 826843 69477.8040
2019:05:06 14:47:26 919022 73659.4014
2019:05:06 14:47:27 41361 99996.2613
2019:05:06 14:47:27 135690 94320.3717
2019:05:06 14:47:27 245362 106361.4562
2019:05:06 14:47:27 309777 64405.3556
2019:05:06 14:47:27 388825 74552.9868
2019:05:06 14:47:27 474007 68643.7413
2019:05:06 14:47:27 615321 101952.3181
2019:05:06 14:47:27 683727 62675.8114
2019:05:06 14:47:27 776281 86025.7931
2019:05:06 14:47:27 869370 88781.0513
2019:05:06 14:47:27 942560 66734.8839
2019:05:06 14:47:28 57382 110693.3169
2019:05:06 14:47:28 167837 101982.0049
2019:05:06 14:47:28 261236 90550.5866
2019:05:06 14:47:28 385362 122104.4846
2019:05:06 14:47:28 466411 81040.4532
2019:05:06 14:47:28 541384 72107.9819
2019:05:06 14:47:28 621377 73828.2390
2019:05:06 14:47:28 696229 66870.3131
2019:05:06 14:47:28 817362 91998.1040
2019:05:06 14:47:28 913380 96007.2540
2019:05:06 14:47:29 9380 84584.6981
2019:05:06 14:47:29 101379 80751.4414
2019:05:06 14:47:29 229370 96007.9879
2019:05:06 14:47:29 326589 65227.1546
2019:05:06 14:47:29 406447 73057.8974
2019:05:06 14:47:29 489375 64010.8250
2019:05:06 14:47:29 585353 87158.5868
2019:05:06 14:47:29 654450 66986.9930
2019:05:06 14:47:29 745368 85799.4407
2019:05:06 14:47:29 841370 87615.7694
2019:05:06 14:47:29 918755 70797.1342
2019:05:06 14:47:29 985378 61171.3342
2019:05:06 14:47:30 72044 81945.2144
2019:05:06 14:47:30 149382 64010.4003
2019:05:06 14:47:30 213371 57805.4786
2019:05:06 14:47:30 341361 96001.2414
2019:05:06 14:47:30 414031 72661.5228
2019:05:06 14:47:30 501373 64012.0842
2019:05:06 14:47:30 580319 72517.5180
2019:05:06 14:47:30 673380 76017.9423
2019:05:06 14:47:30 752744 73342.1594
2019:05:06 14:47:30 881373 100003.8497
2019:05:06 14:47:30 989371 101470.9026
2019:05:06 14:47:31 73379 72423.9759
2019:05:06 14:47:31 169374 84008.8651
2019:05:06 14:47:31 265376 92427.1345
2019:05:06 14:47:31 345420 76605.5323
2019:05:06 14:47:31 449375 96579.0562
2019:05:06 14:47:31 549375 95806.8222
2019:05:06 14:47:31 649366 99979.9743
2019:05:06 14:47:31 757372 107996.5904
2019:05:06 14:47:31 865376 76012.5406
2019:05:06 14:47:31 956505 86027.4397
2019:05:06 14:47:32 44581 68616.5467
2019:05:06 14:47:32 114209 67174.9227
2019:05:06 14:47:32 200618 72389.2003
2019:05:06 14:47:32 266985 63080.5232
2019:05:06 14:47:32 403481 99248.8749
2019:05:06 14:47:32 478027 68919.6810
2019:05:06 14:47:32 540605 59592.9921
2019:05:06 14:47:32 630354 57810.7536
2019:05:06 14:47:32 741393 96920.2071
2019:05:06 14:47:32 881370 104000.1586
2019:05:06 14:47:32 989386 108000.7106
2019:05:06 14:47:33 105393 80010.5892
2019:05:06 14:47:33 301366 156005.0771
2019:05:06 14:47:33 409396 108020.1305
2019:05:06 14:47:33 521394 72014.8236
2019:05:06 14:47:33 625391 95276.1844
2019:05:06 14:47:33 724678 84348.2725
2019:05:06 14:47:33 817369 89003.0041
2019:05:06 14:47:33 953368 135986.2015
2019:05:06 14:47:34 89389 136007.7187
2019:05:06 14:47:34 164912 71706.5781
2019:05:06 14:47:34 288742 103370.3201
2019:05:06 14:47:34 385389 72013.9928
2019:05:06 14:47:34 493387 96914.1461
2019:05:06 14:47:34 593392 64021.3080
2019:05:06 14:47:34 673321 73336.1915
2019:05:06 14:47:34 797391 101129.6920
2019:05:06 14:47:34 905390 72019.8937
2019:05:06 14:47:34 987075 74496.1239
2019:05:06 14:47:35 77397 68020.2991
2019:05:06 14:47:35 144324 63482.2063
2019:05:06 14:47:35 244656 75279.4519
2019:05:06 14:47:35 335630 88511.9289
2019:05:06 14:47:35 406754 67885.6149
2019:05:06 14:47:35 503332 74278.8725
2019:05:06 14:47:35 588491 79945.4860
2019:05:06 14:47:35 646167 55307.8391
2019:05:06 14:47:35 728049 59809.6102
2019:05:06 14:47:35 798852 65932.4639
2019:05:06 14:47:35 888718 63585.2218
2019:05:06 14:47:35 975813 80644.8869
2019:05:06 14:47:36 51621 74060.4438
2019:05:06 14:47:36 116841 58579.1469
2019:05:06 14:47:36 171212 50291.8102
2019:05:06 14:47:36 244223 68564.2771
2019:05:06 14:47:36 305542 59003.7182
2019:05:06 14:47:36 384980 68418.8828
2019:05:06 14:47:36 466237 66928.8523
2019:05:06 14:47:36 540394 57394.7541
2019:05:06 14:47:36 599273 45587.3497
2019:05:06 14:47:36 666331 58177.2178
2019:05:06 14:47:36 728195 52026.3053
2019:05:06 14:47:36 808057 71273.9415
2019:05:06 14:47:36 885504 74176.7213
2019:05:06 14:47:36 976402 60534.9354
2019:05:06 14:47:37 49756 70025.5930
2019:05:06 14:47:37 127548 70871.2712
2019:05:06 14:47:37 197381 63707.0425
2019:05:06 14:47:37 305374 72010.6550
2019:05:06 14:47:37 420773 84768.2618
2019:05:06 14:47:37 478950 55306.6172
2019:05:06 14:47:37 551457 65558.5714
2019:05:06 14:47:37 661362 107066.4600
2019:05:06 14:47:37 757353 95982.3355
2019:05:06 14:47:37 821378 62296.3794
2019:05:06 14:47:37 892210 64698.3907
2019:05:06 14:47:37 962663 66770.2891
2019:05:06 14:47:38 31057 45695.5768
2019:05:06 14:47:38 129363 76001.5547
2019:05:06 14:47:38 225375 96003.1636
2019:05:06 14:47:38 293601 61032.9807
2019:05:06 14:47:38 353863 56994.2743
2019:05:06 14:47:38 449360 81638.3623
2019:05:06 14:47:38 548391 99022.4779
2019:05:06 14:47:38 618426 63516.8068
2019:05:06 14:47:38 686836 54517.3362
2019:05:06 14:47:38 738823 41723.2998
2019:05:06 14:47:38 801538 49176.1081
2019:05:06 14:47:38 884653 72817.0164
2019:05:06 14:47:38 956049 68498.4960
2019:05:06 14:47:39 9584 51043.3577
2019:05:06 14:47:39 125885 84524.1807
2019:05:06 14:47:39 221742 91742.7950
2019:05:06 14:47:39 313476 88867.7575
2019:05:06 14:47:39 411770 96626.5574
2019:05:06 14:47:39 474502 60669.6457
2019:05:06 14:47:39 553365 58430.3401
2019:05:06 14:47:39 633359 79057.7568
2019:05:06 14:47:39 706258 56886.7102
2019:05:06 14:47:39 773375 65464.8952
2019:05:06 14:47:39 834887 58171.1940
2019:05:06 14:47:39 915145 75355.3919
2019:05:06 14:47:40 2815 56992.9294
2019:05:06 14:47:40 89836 75966.5892
2019:05:06 14:47:40 173369 77595.8858
2019:05:06 14:47:40 256370 50719.4959
2019:05:06 14:47:40 341358 82971.6958
2019:05:06 14:47:40 405375 64007.3679
2019:05:06 14:47:40 469376 58621.2091
2019:05:06 14:47:40 533374 59955.8093
2019:05:06 14:47:40 589381 51234.9717
2019:05:06 14:47:40 649370 51845.6399
2019:05:06 14:47:40 709378 52015.3418
2019:05:06 14:47:40 773372 58722.6264
2019:05:06 14:47:40 830984 49972.9216
2019:05:06 14:47:40 884229 46704.8325
2019:05:06 14:47:40 935827 48736.3189
2019:05:06 14:47:40 981377 43088.1009
2019:05:06 14:47:41 58713 70007.3875
2019:05:06 14:47:41 113376 51897.2836
2019:05:06 14:47:41 165379 46037.7149
2019:05:06 14:47:41 212327 40574.3159
2019:05:06 14:47:41 266361 36996.2640
2019:05:06 14:47:41 325368 54502.3084
2019:05:06 14:47:41 389371 57484.0307
2019:05:06 14:47:41 449368 53169.0307
2019:05:06 14:47:41 498179 41868.8767
2019:05:06 14:47:41 537115 34837.2161
2019:05:06 14:47:41 582979 44624.8390
2019:05:06 14:47:41 628840 43832.1419
2019:05:06 14:47:41 670645 40160.0078
2019:05:06 14:47:41 711995 36056.8762
2019:05:06 14:47:41 752950 33575.4193
2019:05:06 14:47:41 797182 38911.3687
2019:05:06 14:47:41 837324 34818.1091
2019:05:06 14:47:41 878692 34811.1801
2019:05:06 14:47:41 922119 37274.1073
2019:05:06 14:47:41 975370 45484.6397
2019:05:06 14:47:42 21648 42968.1055
2019:05:06 14:47:42 59715 36842.0742
2019:05:06 14:47:42 96581 32350.0670
2019:05:06 14:47:42 133032 31521.0186
2019:05:06 14:47:42 165804 28267.3799
2019:05:06 14:47:42 201873 31980.7529
2019:05:06 14:47:42 239538 32366.7563
2019:05:06 14:47:42 276804 35208.8585
2019:05:06 14:47:42 312871 33190.6155
2019:05:06 14:47:42 351361 33990.6514
2019:05:06 14:47:42 390263 34423.1315
2019:05:06 14:47:42 423427 29079.3031
2019:05:06 14:47:42 453339 27865.1156
2019:05:06 14:47:42 488150 30308.1535
2019:05:06 14:47:42 509848 19245.9486
2019:05:06 14:47:42 531975 20079.8251
2019:05:06 14:47:42 553300 18475.4059
2019:05:06 14:47:42 577851 19674.6849
2019:05:06 14:47:42 596289 17992.7498
2019:05:06 14:47:42 611430 14348.3393
2019:05:06 14:47:42 625357 13919.0927
2019:05:06 14:47:42 644603 18443.0927
2019:05:06 14:47:42 660228 15219.3606
2019:05:06 14:47:42 679343 17211.0423
2019:05:06 14:47:42 694098 13944.1639
2019:05:06 14:47:42 708021 13520.1737
2019:05:06 14:47:42 724806 14326.6730
2019:05:06 14:47:42 739147 11885.1997
2019:05:06 14:47:42 754710 12696.1097
2019:05:06 14:47:42 770281 13122.2568
2019:05:06 14:47:42 787897 14761.7944
2019:05:06 14:47:42 805905 17614.0592
2019:05:06 14:47:42 819015 11474.3784
2019:05:06 14:47:42 837435 15559.5876
2019:05:06 14:47:42 854243 12708.3063
2019:05:06 14:47:42 869387 13919.2119
2019:05:06 14:47:42 884546 10240.8044
2019:05:06 14:47:42 900932 12296.2035
2019:05:06 14:47:42 918529 11872.3996
2019:05:06 14:47:42 940240 21291.9042
2019:05:06 14:47:42 955808 12284.5098
2019:05:06 14:47:42 977529 18849.9391
2019:05:06 14:47:42 988841 10091.5842
2019:05:06 14:47:42 998687 9827.4015
2019:05:06 14:47:43 12197 12288.7827
2019:05:06 14:47:43 23530 10932.4381
2019:05:06 14:47:43 37055 12300.1002
2019:05:06 14:47:43 45236 7081.4490
2019:05:06 14:47:43 62100 14346.2233
2019:05:06 14:47:43 73565 9837.8472
2019:05:06 14:47:43 87483 12287.9297
2019:05:06 14:47:43 99671 11785.0229
2019:05:06 14:47:43 113941 14264.3750
2019:05:06 14:47:43 125920 11170.2643
2019:05:06 14:47:43 137390 10249.2645
2019:05:06 14:47:43 151378 12401.6590
2019:05:06 14:47:43 163619 9440.6866
2019:05:06 14:47:43 179199 14370.2403
2019:05:06 14:47:43 190289 8885.1191
2019:05:06 14:47:43 199837 9424.8950
2019:05:06 14:47:43 215401 11877.4213
2019:05:06 14:47:43 224684 9276.2336
2019:05:06 14:47:43 239989 14245.0221
2019:05:06 14:47:43 249609 8209.9885
2019:05:06 14:47:43 260237 10239.0386
2019:05:06 14:47:43 276194 13080.7757
2019:05:06 14:47:43 284802 8194.5881
