
# OSU MPI Allreduce Latency Test v5.6.1
# Size       Avg Latency(us)
1024                 1711.90
2019:05:06 14:42:23 43812 731.5688
2019:05:06 14:42:23 44627 413.0453
2019:05:06 14:42:23 45045 263.7431
2019:05:06 14:42:23 45875 417.9515
2019:05:06 14:42:23 46684 409.1486
2019:05:06 14:42:23 47102 407.8262
2019:05:06 14:42:23 47914 418.4134
2019:05:06 14:42:23 48720 405.5686
2019:05:06 14:42:23 61188 12454.5768
2019:05:06 14:42:23 61850 392.0346
2019:05:06 14:42:23 62664 416.0441
2019:05:06 14:42:23 63472 796.9104
2019:05:06 14:42:23 64291 806.7153
2019:05:06 14:42:23 65154 456.0463
2019:05:06 14:42:23 65940 427.1641
2019:05:06 14:42:23 66754 418.1080
2019:05:06 14:42:23 67560 404.8720
2019:05:06 14:42:23 68383 813.0893
2019:05:06 14:42:23 69217 822.0673
2019:05:06 14:42:23 69621 394.5269
2019:05:06 14:42:23 70447 419.2926
2019:05:06 14:42:23 71260 406.7682
2019:05:06 14:42:23 71672 266.6526
2019:05:06 14:42:23 72495 423.2340
2019:05:06 14:42:23 73302 407.8820
2019:05:06 14:42:23 74120 806.2907
2019:05:06 14:42:23 74933 789.8286
2019:05:06 14:42:23 75363 418.4507
2019:05:06 14:42:23 76172 416.1224
2019:05:06 14:42:23 76981 402.5139
2019:05:06 14:42:23 85597 408.8655
2019:05:06 14:42:23 86424 430.7069
2019:05:06 14:42:23 87241 426.5681
2019:05:06 14:42:23 88051 411.9389
2019:05:06 14:42:23 88886 426.5867
2019:05:06 14:42:23 89693 413.1123
2019:05:06 14:42:23 90525 430.0848
2019:05:06 14:42:23 91331 421.7662
2019:05:06 14:42:23 92133 408.0571
2019:05:06 14:42:23 92961 817.8204
2019:05:06 14:42:23 93387 413.4700
2019:05:06 14:42:23 94187 391.0251
2019:05:06 14:42:23 95023 423.9678
2019:05:06 14:42:23 95833 413.9021
2019:05:06 14:42:23 96250 266.5594
2019:05:06 14:42:23 97074 419.3746
2019:05:06 14:42:23 97891 423.5059
2019:05:06 14:42:23 98713 673.4505
2019:05:06 14:42:23 99522 417.6199
2019:05:06 14:42:23 100325 407.0848
2019:05:06 14:42:23 108960 8621.5585
2019:05:06 14:42:23 109760 792.4251
2019:05:06 14:42:23 110572 800.4718
2019:05:06 14:42:23 111388 803.1800
2019:05:06 14:42:23 111815 413.2502
2019:05:06 14:42:23 112613 407.4611
2019:05:06 14:42:23 113463 839.5314
2019:05:06 14:42:23 113876 400.6103
2019:05:06 14:42:23 114670 407.2115
2019:05:06 14:42:23 115485 803.4222
2019:05:06 14:42:23 115917 415.3624
2019:05:06 14:42:23 116724 414.2076
2019:05:06 14:42:23 117544 417.3331
2019:05:06 14:42:23 118348 409.2269
2019:05:06 14:42:23 118767 408.4818
2019:05:06 14:42:23 119589 419.6167
2019:05:06 14:42:23 120398 412.6094
2019:05:06 14:42:23 121217 662.1368
2019:05:06 14:42:23 122035 801.8389
2019:05:06 14:42:23 122469 421.6693
2019:05:06 14:42:23 123282 424.4670
2019:05:06 14:42:23 124091 405.1439
2019:05:06 14:42:23 124651 541.7243
2019:05:06 14:42:23 136958 12047.5441
2019:05:06 14:42:23 137633 434.0932
2019:05:06 14:42:23 138435 410.6909
2019:05:06 14:42:23 139237 405.8629
2019:05:06 14:42:23 140073 824.5893
2019:05:06 14:42:23 140879 792.5704
2019:05:06 14:42:23 141301 409.8117
2019:05:06 14:42:23 142122 415.6828
2019:05:06 14:42:23 142953 418.9722
2019:05:06 14:42:23 143763 425.1972
2019:05:06 14:42:23 144575 421.0733
2019:05:06 14:42:23 145404 426.6798
2019:05:06 14:42:23 146626 824.0156
2019:05:06 14:42:23 147431 405.0024
2019:05:06 14:42:23 148267 826.0012
2019:05:06 14:42:23 149076 795.8151
2019:05:06 14:42:23 161384 415.3699
2019:05:06 14:42:23 162185 415.6642
2019:05:06 14:42:23 163005 417.8621
2019:05:06 14:42:23 163825 420.1382
2019:05:06 14:42:23 164641 417.6125
2019:05:06 14:42:23 165463 420.8907
2019:05:06 14:42:23 166268 656.6308
2019:05:06 14:42:23 167087 807.9447
2019:05:06 14:42:23 167904 806.1044
2019:05:06 14:42:23 168725 810.6977
2019:05:06 14:42:23 169153 417.1878
2019:05:06 14:42:23 169955 403.1844
2019:05:06 14:42:23 170774 802.5691
2019:05:06 14:42:23 171208 416.9531
2019:05:06 14:42:23 172007 408.2136
2019:05:06 14:42:23 172836 416.1000
2019:05:06 14:42:23 185526 414.0325
2019:05:06 14:42:23 186339 402.3761
2019:05:06 14:42:23 187160 809.9303
2019:05:06 14:42:23 187591 415.5040
2019:05:06 14:42:23 188390 406.4217
2019:05:06 14:42:23 189216 814.5496
2019:05:06 14:42:23 193367 4140.7570
2019:05:06 14:42:23 194296 561.1032
2019:05:06 14:42:23 195359 1052.5733
2019:05:06 14:42:23 196169 798.1770
2019:05:06 14:42:23 196585 403.7321
2019:05:06 14:42:23 208896 12302.5142
2019:05:06 14:42:23 209698 412.4530
2019:05:06 14:42:23 210519 414.8893
2019:05:06 14:42:23 211331 416.8153
2019:05:06 14:42:23 212150 413.8015
2019:05:06 14:42:23 212960 409.0816
2019:05:06 14:42:23 213788 816.0770
2019:05:06 14:42:23 214209 406.8688
2019:05:06 14:42:23 215024 413.9431
2019:05:06 14:42:23 215846 418.1005
2019:05:06 14:42:23 216655 412.9224
2019:05:06 14:42:23 217076 410.0800
2019:05:06 14:42:23 234265 909.0267
2019:05:06 14:42:23 235083 806.0746
2019:05:06 14:42:23 235502 408.5638
2019:05:06 14:42:23 236328 418.0893
2019:05:06 14:42:23 237142 416.5471
2019:05:06 14:42:23 237556 270.2288
2019:05:06 14:42:23 238388 424.8396
2019:05:06 14:42:23 239187 418.3874
2019:05:06 14:42:23 240007 661.3098
2019:05:06 14:42:23 241223 815.0563
2019:05:06 14:42:23 242050 807.1512
2019:05:06 14:42:23 242878 808.6301
2019:05:06 14:42:23 243685 398.9339
2019:05:06 14:42:23 244521 808.7531
2019:05:06 14:42:23 265364 20828.7351
2019:05:06 14:42:23 265956 584.1143
2019:05:06 14:42:23 266615 643.6631
2019:05:06 14:42:23 267043 416.8637
2019:05:06 14:42:23 267853 413.8984
2019:05:06 14:42:23 268663 659.0039
2019:05:06 14:42:23 281358 12682.2777
2019:05:06 14:42:23 282183 798.8177
2019:05:06 14:42:23 282613 269.2528
2019:05:06 14:42:23 283444 427.2349
2019:05:06 14:42:23 284259 431.0533
2019:05:06 14:42:23 285082 689.8157
2019:05:06 14:42:23 289963 606.9131
2019:05:06 14:42:23 290781 806.0746
2019:05:06 14:42:23 291601 807.9857
2019:05:06 14:42:23 292037 421.2819
2019:05:06 14:42:23 292828 403.2552
2019:05:06 14:42:23 305550 12710.6421
2019:05:06 14:42:23 306360 783.0635
2019:05:06 14:42:23 306782 408.0720
2019:05:06 14:42:23 307578 658.6090
2019:05:06 14:42:23 308398 806.5738
2019:05:06 14:42:23 309216 807.2034
2019:05:06 14:42:23 310036 805.8548
2019:05:06 14:42:23 310462 411.9016
2019:05:06 14:42:23 311262 406.5186
2019:05:06 14:42:23 312083 808.7456
2019:05:06 14:42:23 312507 411.0113
2019:05:06 14:42:23 313312 409.8229
2019:05:06 14:42:23 314132 807.3151
2019:05:06 14:42:23 314552 409.4057
2019:05:06 14:42:23 315359 407.1519
2019:05:06 14:42:23 316180 810.4034
2019:05:06 14:42:23 316600 408.9884
2019:05:06 14:42:23 341356 24357.6989
2019:05:06 14:42:23 377355 35990.2456
2019:05:06 14:42:23 378042 678.8075
2019:05:06 14:42:23 378842 788.9867
2019:05:06 14:42:23 379663 809.2448
2019:05:06 14:42:23 380092 417.9962
2019:05:06 14:42:23 380889 408.1950
2019:05:06 14:42:23 381711 811.9829
2019:05:06 14:42:23 382138 415.3773
2019:05:06 14:42:23 382941 405.6208
2019:05:06 14:42:23 383761 808.4588
2019:05:06 14:42:23 384184 407.1146
2019:05:06 14:42:23 384989 409.2418
2019:05:06 14:42:23 385815 815.6449
2019:05:06 14:42:23 386637 810.7238
2019:05:06 14:42:23 387454 805.3482
2019:05:06 14:42:23 388271 803.9102
2019:05:06 14:42:23 388704 422.0046
2019:05:06 14:42:23 425156 7799.7744
2019:05:06 14:42:23 426354 800.0508
2019:05:06 14:42:23 427172 800.0098
2019:05:06 14:42:23 427604 419.0095
2019:05:06 14:42:23 428411 417.8099
2019:05:06 14:42:23 429224 410.7505
2019:05:06 14:42:23 430045 808.1906
2019:05:06 14:42:23 430874 417.6944
2019:05:06 14:42:23 431698 425.2158
2019:05:06 14:42:23 432521 430.8969
2019:05:06 14:42:23 449355 16444.9438
2019:05:06 14:42:23 450125 761.5797
2019:05:06 14:42:23 450937 664.8041
2019:05:06 14:42:23 451754 413.7494
2019:05:06 14:42:23 452565 404.9577
2019:05:06 14:42:23 453389 813.4246
2019:05:06 14:42:23 454204 804.7521
2019:05:06 14:42:23 454624 409.3274
2019:05:06 14:42:23 455445 419.2702
2019:05:06 14:42:23 456262 417.5454
2019:05:06 14:42:23 457070 656.8134
2019:05:06 14:42:23 457499 414.3752
2019:05:06 14:42:23 458310 408.3142
2019:05:06 14:42:23 458731 408.6569
2019:05:06 14:42:23 459560 428.0731
2019:05:06 14:42:23 460355 409.8415
2019:05:06 14:42:23 473355 12988.2470
2019:05:06 14:42:23 473881 417.3219
2019:05:06 14:42:23 474697 411.3577
2019:05:06 14:42:23 475110 267.9229
2019:05:06 14:42:23 475926 414.6509
2019:05:06 14:42:23 476735 409.4839
2019:05:06 14:42:23 477552 806.9202
2019:05:06 14:42:23 478377 807.4455
2019:05:06 14:42:23 478802 414.6397
2019:05:06 14:42:23 479610 660.4306
2019:05:06 14:42:23 480429 417.8956
2019:05:06 14:42:23 481240 413.1682
2019:05:06 14:42:23 482060 809.6509
2019:05:06 14:42:23 482898 826.1055
2019:05:06 14:42:23 483707 798.0242
2019:05:06 14:42:23 484518 794.7944
2019:05:06 14:42:23 509355 24827.2754
2019:05:06 14:42:23 545354 35992.3951
2019:05:06 14:42:23 545957 594.2844
2019:05:06 14:42:23 546377 400.4166
2019:05:06 14:42:23 547180 657.1822
2019:05:06 14:42:23 547998 805.6909
2019:05:06 14:42:23 548814 803.2694
2019:05:06 14:42:23 549637 812.0053
2019:05:06 14:42:23 550062 412.8963
2019:05:06 14:42:23 550869 409.2492
2019:05:06 14:42:23 551693 815.2761
2019:05:06 14:42:23 552508 805.9777
2019:05:06 14:42:23 553328 809.3826
2019:05:06 14:42:23 554147 808.3358
2019:05:06 14:42:23 554716 553.0939
2019:05:06 14:42:23 555395 430.4536
2019:05:06 14:42:23 556201 416.4092
2019:05:06 14:42:23 557008 403.1956
2019:05:06 14:42:23 573812 458.7919
2019:05:06 14:42:23 575035 814.9594
2019:05:06 14:42:23 575855 808.8462
2019:05:06 14:42:23 576670 802.3866
2019:05:06 14:42:23 577492 409.0630
2019:05:06 14:42:23 578312 802.2413
2019:05:06 14:42:23 579132 807.9484
2019:05:06 14:42:23 579947 795.2005
2019:05:06 14:42:23 580766 805.2476
2019:05:06 14:42:23 605362 24581.9874
2019:05:06 14:42:23 617656 427.1753
2019:05:06 14:42:23 618458 415.6977
2019:05:06 14:42:23 619278 417.5678
2019:05:06 14:42:23 620497 812.5007
2019:05:06 14:42:23 621313 805.1284
2019:05:06 14:42:23 657365 36039.6542
2019:05:06 14:42:23 665964 795.9157
2019:05:06 14:42:23 666784 796.7539
2019:05:06 14:42:23 667212 417.2996
2019:05:06 14:42:23 668025 424.3664
2019:05:06 14:42:23 668837 408.8841
2019:05:06 14:42:23 669258 405.4792
2019:05:06 14:42:23 693818 458.8850
2019:05:06 14:42:23 694231 402.1488
2019:05:06 14:42:23 695458 820.4393
2019:05:06 14:42:23 696280 413.3433
2019:05:06 14:42:23 697507 820.4579
2019:05:06 14:42:23 698315 397.4475
2019:05:06 14:42:23 699153 826.7947
2019:05:06 14:42:23 700363 808.1906
2019:05:06 14:42:23 733354 32980.5724
2019:05:06 14:42:23 737239 3878.0309
2019:05:06 14:42:23 738063 407.5766
2019:05:06 14:42:23 738885 420.0935
2019:05:06 14:42:23 739292 393.7744
2019:05:06 14:42:23 740123 415.6977
2019:05:06 14:42:23 740939 424.3776
2019:05:06 14:42:23 741748 423.2600
2019:05:06 14:42:23 742567 416.2751
2019:05:06 14:42:23 743369 405.0881
2019:05:06 14:42:23 744203 819.2621
2019:05:06 14:42:23 745015 801.0454
2019:05:06 14:42:23 745443 414.8334
2019:05:06 14:42:23 746268 417.5529
2019:05:06 14:42:23 747074 415.0271
2019:05:06 14:42:23 747903 681.3444
2019:05:06 14:42:23 748718 429.0156
2019:05:06 14:42:23 765362 16250.3049
2019:05:06 14:42:23 765908 403.3260
2019:05:06 14:42:23 766731 421.7811
2019:05:06 14:42:23 767550 425.1935
2019:05:06 14:42:23 767956 396.8254
2019:05:06 14:42:23 768787 413.4960
2019:05:06 14:42:23 769596 401.3516
2019:05:06 14:42:23 770004 394.5753
2019:05:06 14:42:23 770827 421.2484
2019:05:06 14:42:23 771638 416.4949
2019:05:06 14:42:23 772051 404.0562
2019:05:06 14:42:23 772874 420.6896
2019:05:06 14:42:23 793774 418.5848
2019:05:06 14:42:23 794574 401.1504
2019:05:06 14:42:23 795397 416.1894
2019:05:06 14:42:23 796210 407.2897
2019:05:06 14:42:23 796636 413.0937
2019:05:06 14:42:23 829368 32339.5096
2019:05:06 14:42:23 833494 389.8665
2019:05:06 14:42:23 834320 814.2404
2019:05:06 14:42:23 835133 801.8874
2019:05:06 14:42:23 835945 801.3360
2019:05:06 14:42:23 836762 799.6000
2019:05:06 14:42:23 837191 410.0166
2019:05:06 14:42:23 838003 418.0372
2019:05:06 14:42:23 838810 408.6681
2019:05:06 14:42:23 839240 413.8574
2019:05:06 14:42:23 840050 418.3240
2019:05:06 14:42:23 840859 406.0008
2019:05:06 14:42:23 841283 413.6786
2019:05:06 14:42:23 897354 27998.2910
2019:05:06 14:42:23 905176 7812.6937
2019:05:06 14:42:23 905996 408.3514
2019:05:06 14:42:23 906794 405.6841
2019:05:06 14:42:23 907215 398.9451
2019:05:06 14:42:23 908041 425.8789
2019:05:06 14:42:23 908848 413.4029
2019:05:06 14:42:23 909268 405.1737
2019:05:06 14:42:23 933825 470.0311
2019:05:06 14:42:23 934644 796.0498
2019:05:06 14:42:23 935471 806.4844
2019:05:06 14:42:23 935893 406.2876
2019:05:06 14:42:23 937102 804.5286
2019:05:06 14:42:23 937920 799.0971
2019:05:06 14:42:23 938740 807.8925
2019:05:06 14:42:23 939175 413.6898
2019:05:06 14:42:23 940382 804.9309
2019:05:06 14:42:23 977356 36961.4847
2019:05:06 14:42:23 978092 727.3704
2019:05:06 14:42:23 978893 407.8709
2019:05:06 14:42:23 979723 417.3443
2019:05:06 14:42:23 980531 416.5024
2019:05:06 14:42:23 981367 683.5349
2019:05:06 14:42:23 982181 425.6703
2019:05:06 14:42:23 982979 390.4589
2019:05:06 14:42:23 983817 417.6609
2019:05:06 14:42:23 984626 413.7903
2019:05:06 14:42:23 985450 663.1985
2019:05:06 14:42:23 986267 420.4772
2019:05:06 14:42:23 987070 404.2126
2019:05:06 14:42:23 987905 824.4701
2019:05:06 14:42:23 988332 413.0043
2019:05:06 14:42:24 13361 24643.2126
2019:05:06 14:42:24 49355 35985.5816
2019:05:06 14:42:24 50174 809.7850
2019:05:06 14:42:24 50982 662.3343
2019:05:06 14:42:24 51800 420.0004
2019:05:06 14:42:24 52602 401.2026
2019:05:06 14:42:24 53423 810.2879
2019:05:06 14:42:24 54246 800.1365
2019:05:06 14:42:24 55066 806.9985
2019:05:06 14:42:24 55880 802.3828
2019:05:06 14:42:24 56699 409.4243
2019:05:06 14:42:24 57539 826.1427
2019:05:06 14:42:24 58348 795.8226
2019:05:06 14:42:24 58765 405.4196
2019:05:06 14:42:24 59592 421.6954
2019:05:06 14:42:24 60398 414.4274
2019:05:06 14:42:24 85358 24560.0753
2019:05:06 14:42:24 97265 11897.4596
2019:05:06 14:42:24 121824 467.4047
2019:05:06 14:42:24 122245 409.5137
2019:05:06 14:42:24 123068 419.2293
2019:05:06 14:42:24 123880 416.5657
2019:05:06 14:42:24 124702 663.7014
2019:05:06 14:42:24 125520 811.0069
2019:05:06 14:42:24 126327 404.7230
2019:05:06 14:42:24 127147 809.9712
2019:05:06 14:42:24 127967 808.5817
2019:05:06 14:42:24 128385 407.3232
2019:05:06 14:42:24 129211 421.9301
2019:05:06 14:42:24 130032 416.7669
2019:05:06 14:42:24 130834 657.3349
2019:05:06 14:42:24 131656 803.4147
2019:05:06 14:42:24 132074 408.5898
2019:05:06 14:42:24 132884 658.1955
2019:05:06 14:42:24 157364 24458.8219
2019:05:06 14:42:24 177365 8274.9650
2019:05:06 14:42:24 178365 413.2353
2019:05:06 14:42:24 179179 417.7801
2019:05:06 14:42:24 179993 415.9436
2019:05:06 14:42:24 180808 411.1305
2019:05:06 14:42:24 213364 32544.4601
2019:05:06 14:42:24 217683 419.3932
2019:05:06 14:42:24 218500 414.0623
2019:05:06 14:42:24 219323 816.5799
2019:05:06 14:42:24 220149 819.5005
2019:05:06 14:42:24 220943 786.8335
2019:05:06 14:42:24 221763 803.9325
2019:05:06 14:42:24 222191 410.3370
2019:05:06 14:42:24 222994 660.1326
2019:05:06 14:42:24 223817 803.1018
2019:05:06 14:42:24 224242 412.5424
2019:05:06 14:42:24 225058 418.2160
2019:05:06 14:42:24 249642 288.5759
2019:05:06 14:42:24 250455 414.1890
2019:05:06 14:42:24 251260 405.1067
2019:05:06 14:42:24 252092 818.6176
2019:05:06 14:42:24 285354 33250.8907
2019:05:06 14:42:24 289365 4001.9192
2019:05:06 14:42:24 290161 393.5844
2019:05:06 14:42:24 290995 419.8626
2019:05:06 14:42:24 291815 416.2975
2019:05:06 14:42:24 292619 788.0181
2019:05:06 14:42:24 293440 792.8349
2019:05:06 14:42:24 293879 415.1165
2019:05:06 14:42:24 294686 425.9385
2019:05:06 14:42:24 295498 395.7227
2019:05:06 14:42:24 296316 408.6979
2019:05:06 14:42:24 297146 426.8177
2019:05:06 14:42:24 321854 499.0958
2019:05:06 14:42:24 322666 799.3691
2019:05:06 14:42:24 323094 416.3347
2019:05:06 14:42:24 323899 641.4466
2019:05:06 14:42:24 324725 423.7853
2019:05:06 14:42:24 357367 32250.1175
2019:05:06 14:42:24 358087 199.2062
2019:05:06 14:42:24 358728 415.1352
2019:05:06 14:42:24 359538 415.0495
2019:05:06 14:42:24 360344 400.5618
2019:05:06 14:42:24 385355 24601.3328
2019:05:06 14:42:24 389426 4062.7383
2019:05:06 14:42:24 390252 800.6692
2019:05:06 14:42:24 390848 581.1155
2019:05:06 14:42:24 391494 635.0949
2019:05:06 14:42:24 392301 419.0654
2019:05:06 14:42:24 392909 203.0656
2019:05:06 14:42:24 393544 431.9400
2019:05:06 14:42:24 394352 421.3639
2019:05:06 14:42:24 394944 187.9446
2019:05:06 14:42:24 395585 630.0323
2019:05:06 14:42:24 396794 816.2968
2019:05:06 14:42:24 410169 13363.1751
2019:05:06 14:42:24 411177 999.6854
2019:05:06 14:42:24 411991 807.4492
2019:05:06 14:42:24 413223 789.4449
2019:05:06 14:42:24 414070 348.8213
2019:05:06 14:42:24 415336 808.7680
2019:05:06 14:42:24 416613 952.5456
2019:05:06 14:42:24 421372 4751.6897
2019:05:06 14:42:24 433673 412.0693
2019:05:06 14:42:24 434488 645.6673
2019:05:06 14:42:24 435305 808.0304
2019:05:06 14:42:24 436528 813.6220
2019:05:06 14:42:24 437351 808.8052
2019:05:06 14:42:24 438162 799.1008
2019:05:06 14:42:24 438998 823.0582
2019:05:06 14:42:24 439813 809.0399
2019:05:06 14:42:24 440641 814.1510
2019:05:06 14:42:24 441452 802.7293
2019:05:06 14:42:24 442278 811.8339
2019:05:06 14:42:24 443108 821.8139
2019:05:06 14:42:24 443929 419.9259
2019:05:06 14:42:24 444738 427.1641
2019:05:06 14:42:24 457491 12356.1546
2019:05:06 14:42:24 458355 406.9135
2019:05:06 14:42:24 459172 415.9026
2019:05:06 14:42:24 459993 469.8485
2019:05:06 14:42:24 461204 810.3624
2019:05:06 14:42:24 462038 817.9396
2019:05:06 14:42:24 462840 787.1501
2019:05:06 14:42:24 463626 770.4869
2019:05:06 14:42:24 464484 405.6767
2019:05:06 14:42:24 465317 429.2242
2019:05:06 14:42:24 466131 804.8005
2019:05:06 14:42:24 466934 794.9844
2019:05:06 14:42:24 467722 381.8087
2019:05:06 14:42:24 468573 403.4005
2019:05:06 14:42:24 481272 12291.4910
2019:05:06 14:42:24 482057 767.5402
2019:05:06 14:42:24 482944 438.5673
2019:05:06 14:42:24 483755 407.3046
2019:05:06 14:42:24 484966 852.5960
2019:05:06 14:42:24 485793 795.5246
2019:05:06 14:42:24 487006 852.0223
2019:05:06 14:42:24 487834 806.8867
2019:05:06 14:42:24 488651 450.4174
2019:05:06 14:42:24 489475 421.3117
2019:05:06 14:42:24 490251 374.0080
2019:05:06 14:42:24 490725 443.8981
2019:05:06 14:42:24 491932 811.0441
2019:05:06 14:42:24 492749 803.4110
2019:05:06 14:42:24 505453 12685.8987
2019:05:06 14:42:24 506274 412.1251
2019:05:06 14:42:24 507093 467.4457
2019:05:06 14:42:24 508300 810.4034
2019:05:06 14:42:24 509140 823.4791
2019:05:06 14:42:24 509951 803.2098
2019:05:06 14:42:24 510724 757.7315
2019:05:06 14:42:24 511201 458.8850
2019:05:06 14:42:24 512404 805.9181
2019:05:06 14:42:24 513223 803.8543
2019:05:06 14:42:24 514051 811.9270
2019:05:06 14:42:24 514822 758.2046
2019:05:06 14:42:24 515686 820.5436
2019:05:06 14:42:24 516507 804.8415
2019:05:06 14:42:24 529161 12295.5590
2019:05:06 14:42:24 529635 447.0758
2019:05:06 14:42:24 530438 427.6447
2019:05:06 14:42:24 531203 363.7001
2019:05:06 14:42:24 532059 410.1247
2019:05:06 14:42:24 532904 438.6529
2019:05:06 14:42:24 533707 794.5485
2019:05:06 14:42:24 534518 796.0796
2019:05:06 14:42:24 535303 770.1591
2019:05:06 14:42:24 536161 406.3509
2019:05:06 14:42:24 536982 416.9494
2019:05:06 14:42:24 537815 453.6249
2019:05:06 14:42:24 538612 404.3877
2019:05:06 14:42:24 539394 375.8222
2019:05:06 14:42:24 539862 453.7441
2019:05:06 14:42:24 540676 419.3336
2019:05:06 14:42:24 553743 380.7098
2019:05:06 14:42:24 554620 433.2103
2019:05:06 14:42:24 555774 759.0055
2019:05:06 14:42:24 556654 425.2233
2019:05:06 14:42:24 557821 760.8831
2019:05:06 14:42:24 558296 452.9208
2019:05:06 14:42:24 559122 417.2027
2019:05:06 14:42:24 559897 376.6157
2019:05:06 14:42:24 560756 426.6836
2019:05:06 14:42:24 561917 769.7083
2019:05:06 14:42:24 562382 444.6618
2019:05:06 14:42:24 563200 418.6071
2019:05:06 14:42:24 563970 368.3791
2019:05:06 14:42:24 564825 409.5919
2019:05:06 14:42:24 577546 421.7587
2019:05:06 14:42:24 578342 393.5322
2019:05:06 14:42:24 579180 418.3576
2019:05:06 14:42:24 579992 415.7051
2019:05:06 14:42:24 581205 843.4393
2019:05:06 14:42:24 582041 811.9158
2019:05:06 14:42:24 582866 807.4008
2019:05:06 14:42:24 583695 430.3828
2019:05:06 14:42:24 584465 384.2674
2019:05:06 14:42:24 585340 430.9453
2019:05:06 14:42:24 586148 428.5052
2019:05:06 14:42:24 587369 841.3717
2019:05:06 14:42:24 588181 787.7201
2019:05:06 14:42:24 589003 456.6871
2019:05:06 14:42:24 601696 420.4325
2019:05:06 14:42:24 602511 412.8814
2019:05:06 14:42:24 603340 464.3835
2019:05:06 14:42:24 604156 807.6653
2019:05:06 14:42:24 604962 386.5957
2019:05:06 14:42:24 605798 422.3995
2019:05:06 14:42:24 606618 419.8104
2019:05:06 14:42:24 607436 449.0279
2019:05:06 14:42:24 608648 789.8621
2019:05:06 14:42:24 609477 804.6925
2019:05:06 14:42:24 610292 797.7225
2019:05:06 14:42:24 611076 771.2133
2019:05:06 14:42:24 611541 435.5647
2019:05:06 14:42:24 612359 418.8456
2019:05:06 14:42:24 625987 13232.0635
2019:05:06 14:42:24 626707 711.8583
2019:05:06 14:42:24 627937 776.2387
2019:05:06 14:42:24 628749 804.8788
2019:05:06 14:42:24 629985 753.9764
2019:05:06 14:42:24 630784 792.0265
2019:05:06 14:42:24 632049 777.3601
2019:05:06 14:42:24 632852 795.3495
2019:05:06 14:42:24 634126 798.0652
2019:05:06 14:42:24 634896 762.1311
2019:05:06 14:42:24 636220 823.3078
2019:05:06 14:42:24 636985 757.6868
2019:05:06 14:42:24 649990 677.9470
2019:05:06 14:42:24 650881 853.7099
2019:05:06 14:42:24 652127 1239.2662
2019:05:06 14:42:24 652933 798.4824
2019:05:06 14:42:24 654217 811.5247
2019:05:06 14:42:24 655362 821.1918
2019:05:06 14:42:24 656597 825.1742
2019:05:06 14:42:24 661125 4520.4833
2019:05:06 14:42:24 662779 673.4766
2019:05:06 14:42:24 663557 770.4794
2019:05:06 14:42:24 664887 826.6307
2019:05:06 14:42:24 665683 462.5320
2019:05:06 14:42:24 666829 795.7071
2019:05:06 14:42:24 668074 802.7963
2019:05:06 14:42:24 669352 813.8530
2019:05:06 14:42:24 670144 784.0805
2019:05:06 14:42:24 671408 465.1248
2019:05:06 14:42:24 672524 762.1497
2019:05:06 14:42:24 685297 12285.0798
2019:05:06 14:42:24 686156 851.8659
2019:05:06 14:42:24 687311 334.4938
2019:05:06 14:42:24 688540 789.2363
2019:05:06 14:42:24 689380 355.4150
2019:05:06 14:42:24 690587 786.0363
2019:05:06 14:42:24 691841 776.4809
2019:05:06 14:42:24 692632 782.7468
2019:05:06 14:42:24 693491 370.7446
2019:05:06 14:42:24 695079 1155.0076
2019:05:06 14:42:24 696010 491.3285
2019:05:06 14:42:24 709142 12351.2857
2019:05:06 14:42:24 710268 348.6313
2019:05:06 14:42:24 711456 782.5829
2019:05:06 14:42:24 712392 510.1413
2019:05:06 14:42:24 713482 767.2422
2019:05:06 14:42:24 714774 816.6842
2019:05:06 14:42:24 715565 783.9687
2019:05:06 14:42:24 716802 801.3621
2019:05:06 14:42:24 718068 781.2157
2019:05:06 14:42:24 718868 310.3688
2019:05:06 14:42:24 720171 825.7702
2019:05:06 14:42:24 733245 12747.2058
2019:05:06 14:42:24 734054 801.3956
2019:05:06 14:42:24 735680 785.0006
2019:05:06 14:42:24 736973 926.6734
2019:05:06 14:42:24 741372 4391.1450
2019:05:06 14:42:24 742587 790.3725
2019:05:06 14:42:24 743401 798.7544
2019:05:06 14:42:24 744192 771.4927
2019:05:06 14:42:24 745038 823.2333
2019:05:06 14:42:24 773355 28295.9789
2019:05:06 14:42:24 781064 7697.8989
2019:05:06 14:42:24 781920 399.7423
2019:05:06 14:42:24 782735 416.8227
2019:05:06 14:42:24 783552 447.4707
2019:05:06 14:42:24 784373 411.2683
2019:05:06 14:42:24 785148 761.9262
2019:05:06 14:42:24 786011 408.7165
2019:05:06 14:42:24 786822 413.2837
2019:05:06 14:42:24 787633 452.3322
2019:05:06 14:42:24 788466 816.0770
2019:05:06 14:42:24 788883 408.9326
2019:05:06 14:42:24 805357 16109.1760
2019:05:06 14:42:24 806085 717.5319
2019:05:06 14:42:24 806905 804.4764
2019:05:06 14:42:24 807676 755.6677
2019:05:06 14:42:24 808536 422.4107
2019:05:06 14:42:24 809351 416.4986
2019:05:06 14:42:24 809734 367.8277
2019:05:06 14:42:24 810586 421.9823
2019:05:06 14:42:24 811398 413.6115
2019:05:06 14:42:24 812222 809.9116
2019:05:06 14:42:24 813032 801.9768
2019:05:06 14:42:24 813463 404.1530
2019:05:06 14:42:24 814286 475.6190
2019:05:06 14:42:24 815096 425.7783
2019:05:06 14:42:24 815875 382.0769
2019:05:06 14:42:24 816730 414.7068
2019:05:06 14:42:24 838026 671.4761
2019:05:06 14:42:24 838836 787.8281
2019:05:06 14:42:24 839670 821.0801
2019:05:06 14:42:24 840443 759.3185
2019:05:06 14:42:24 853192 12730.5426
2019:05:06 14:42:24 865422 12213.8597
2019:05:06 14:42:24 877965 924.3004
2019:05:06 14:42:24 879005 496.4359
2019:05:06 14:42:24 879990 977.0058
2019:05:06 14:42:24 881030 562.6120
2019:05:06 14:42:24 881940 491.6452
2019:05:06 14:42:24 883407 977.1436
2019:05:06 14:42:24 883910 468.2280
2019:05:06 14:42:24 885373 982.6273
2019:05:06 14:42:24 885957 473.6595
2019:05:06 14:42:24 886856 499.5614
2019:05:06 14:42:24 888310 975.6237
2019:05:06 14:42:24 888820 426.0801
2019:05:06 14:42:24 902088 666.1080
2019:05:06 14:42:24 903136 1040.0191
2019:05:06 14:42:24 904088 935.1633
2019:05:06 14:42:24 905184 605.1809
2019:05:06 14:42:24 906056 498.8089
2019:05:06 14:42:24 907521 1457.4677
2019:05:06 14:42:24 908031 502.3405
2019:05:06 14:42:24 908991 492.8522
2019:05:06 14:42:24 910189 494.3050
2019:05:06 14:42:24 911659 979.6470
2019:05:06 14:42:24 912159 409.6478
2019:05:06 14:42:24 924887 12250.6805
2019:05:06 14:42:24 941356 16002.2117
2019:05:06 14:42:24 949460 8095.4693
2019:05:06 14:42:24 950261 418.8940
2019:05:06 14:42:24 951029 372.0671
2019:05:06 14:42:24 951893 412.4641
2019:05:06 14:42:24 952707 413.4253
2019:05:06 14:42:24 953532 466.7193
2019:05:06 14:42:24 954342 801.3658
2019:05:06 14:42:24 955115 758.4691
2019:05:06 14:42:24 955587 459.1011
2019:05:06 14:42:24 956407 417.8397
2019:05:06 14:42:24 957177 376.7721
2019:05:06 14:42:24 973994 636.3429
2019:05:06 14:42:24 974837 408.8730
2019:05:06 14:42:24 975603 368.8186
2019:05:06 14:42:24 976474 425.3089
2019:05:06 14:42:24 977289 416.9121
2019:05:06 14:42:24 978110 465.6129
2019:05:06 14:42:24 978927 424.6049
2019:05:06 14:42:24 979715 384.0588
2019:05:06 14:42:24 980956 808.2129
2019:05:06 14:42:24 981740 768.4492
2019:05:06 14:42:24 982605 418.7599
2019:05:06 14:42:24 983428 419.7210
2019:05:06 14:42:24 984244 458.9818
2019:05:06 14:42:25 5362 21100.5174
2019:05:06 14:42:25 5958 587.6422
2019:05:06 14:42:25 6771 437.1852
2019:05:06 14:42:25 7609 412.8255
2019:05:06 14:42:25 8399 398.5018
2019:05:06 14:42:25 21113 12293.1860
2019:05:06 14:42:25 37368 16236.7970
2019:05:06 14:42:25 45712 483.2782
2019:05:06 14:42:25 46507 419.8253
2019:05:06 14:42:25 47715 807.2667
2019:05:06 14:42:25 48536 805.1135
2019:05:06 14:42:25 49313 761.3413
2019:05:06 14:42:25 49783 454.8430
2019:05:06 14:42:25 50600 417.9105
2019:05:06 14:42:25 51365 370.4429
2019:05:06 14:42:25 51837 458.3411
2019:05:06 14:42:25 52651 416.9829
2019:05:06 14:42:25 69369 16323.2125
2019:05:06 14:42:25 70245 758.6144
2019:05:06 14:42:25 71065 804.6255
2019:05:06 14:42:25 71841 759.1918
2019:05:06 14:42:25 72310 452.0230
2019:05:06 14:42:25 73129 423.0104
2019:05:06 14:42:25 73907 381.3468
2019:05:06 14:42:25 74754 409.2641
2019:05:06 14:42:25 75574 413.8686
2019:05:06 14:42:25 76388 452.0826
2019:05:06 14:42:25 77208 806.3391
2019:05:06 14:42:25 77985 761.6021
2019:05:06 14:42:25 78451 449.5829
2019:05:06 14:42:25 79280 423.2526
2019:05:06 14:42:25 80049 367.0380
2019:05:06 14:42:25 80898 414.3268
2019:05:06 14:42:25 117355 11996.0345
2019:05:06 14:42:25 133369 15996.0762
2019:05:06 14:42:25 141973 490.6841
2019:05:06 14:42:25 142765 421.5725
2019:05:06 14:42:25 143543 377.3421
2019:05:06 14:42:25 144403 407.5021
2019:05:06 14:42:25 145209 408.4930
2019:05:06 14:42:25 146026 454.6717
2019:05:06 14:42:25 146842 800.9598
2019:05:06 14:42:25 147613 756.9492
2019:05:06 14:42:25 148082 453.0363
2019:05:06 14:42:25 148905 427.0822
2019:05:06 14:42:25 165369 16066.1340
2019:05:06 14:42:25 166089 373.1139
2019:05:06 14:42:25 166923 421.0100
2019:05:06 14:42:25 167738 418.1527
2019:05:06 14:42:25 168552 455.0815
2019:05:06 14:42:25 169369 803.2508
2019:05:06 14:42:25 170145 759.2626
2019:05:06 14:42:25 170619 456.3145
2019:05:06 14:42:25 171435 416.6476
2019:05:06 14:42:25 172214 378.2399
2019:05:06 14:42:25 173072 426.2365
2019:05:06 14:42:25 173880 412.6094
2019:05:06 14:42:25 174698 445.9508
2019:05:06 14:42:25 175535 423.9529
2019:05:06 14:42:25 176294 365.4212
2019:05:06 14:42:25 197362 20622.4546
2019:05:06 14:42:25 198444 1074.3625
2019:05:06 14:42:25 199269 808.4252
2019:05:06 14:42:25 200082 796.8508
2019:05:06 14:42:25 200858 758.8491
2019:05:06 14:42:25 213179 12303.9968
2019:05:06 14:42:25 236974 7617.9467
2019:05:06 14:42:25 237763 392.6754
2019:05:06 14:42:25 238589 416.5918
2019:05:06 14:42:25 239413 415.4295
2019:05:06 14:42:25 240228 454.8319
2019:05:06 14:42:25 241045 801.4329
2019:05:06 14:42:25 241478 415.9175
2019:05:06 14:42:25 242683 852.6742
2019:05:06 14:42:25 243503 804.1374
2019:05:06 14:42:25 244320 800.8480
2019:05:06 14:42:25 245166 829.2235
2019:05:06 14:42:25 245931 757.2733
2019:05:06 14:42:25 246784 415.2246
2019:05:06 14:42:25 247601 409.7521
2019:05:06 14:42:25 248430 469.2227
2019:05:06 14:42:25 269366 20540.3790
2019:05:06 14:42:25 270510 752.0020
2019:05:06 14:42:25 271359 418.0707
2019:05:06 14:42:25 272190 424.2770
2019:05:06 14:42:25 284881 12332.8194
2019:05:06 14:42:25 285706 421.7848
2019:05:06 14:42:25 286529 421.7923
2019:05:06 14:42:25 287342 457.6631
2019:05:06 14:42:25 288554 811.2006
2019:05:06 14:42:25 289372 454.2284
2019:05:06 14:42:25 290202 813.8232
2019:05:06 14:42:25 290967 749.8786
2019:05:06 14:42:25 291438 455.8749
2019:05:06 14:42:25 292254 421.8407
2019:05:06 14:42:25 293467 805.2550
2019:05:06 14:42:25 294318 836.6778
2019:05:06 14:42:25 295093 766.4450
2019:05:06 14:42:25 295941 421.5166
2019:05:06 14:42:25 296758 416.0479
2019:05:06 14:42:25 309887 482.9429
2019:05:06 14:42:25 310687 423.8598
2019:05:06 14:42:25 311467 374.4438
2019:05:06 14:42:25 312316 839.0993
2019:05:06 14:42:25 312751 428.2296
2019:05:06 14:42:25 313521 383.3100
2019:05:06 14:42:25 314366 415.8802
2019:05:06 14:42:25 315191 425.4654
2019:05:06 14:42:25 316005 805.8846
2019:05:06 14:42:25 316814 800.1477
2019:05:06 14:42:25 317248 419.4640
2019:05:06 14:42:25 318064 462.0515
2019:05:06 14:42:25 318878 423.1930
2019:05:06 14:42:25 319653 370.3423
2019:05:06 14:42:25 320501 401.7018
2019:05:06 14:42:25 333205 12687.0498
2019:05:06 14:42:25 333978 756.5692
2019:05:06 14:42:25 334852 421.3788
2019:05:06 14:42:25 335681 431.2322
2019:05:06 14:42:25 336888 844.0614
2019:05:06 14:42:25 337713 794.9769
2019:05:06 14:42:25 338535 804.1263
2019:05:06 14:42:25 339353 801.7570
2019:05:06 14:42:25 340130 379.1861
2019:05:06 14:42:25 340999 425.8677
2019:05:06 14:42:25 341825 426.7804
2019:05:06 14:42:25 342639 460.3826
2019:05:06 14:42:25 343855 809.7999
2019:05:06 14:42:25 344674 795.1409
2019:05:06 14:42:25 357397 12703.3368
2019:05:06 14:42:25 358196 407.4723
2019:05:06 14:42:25 359017 463.1318
2019:05:06 14:42:25 359835 420.5927
2019:05:06 14:42:25 360621 381.9689
2019:05:06 14:42:25 361467 415.6753
2019:05:06 14:42:25 362285 417.8919
2019:05:06 14:42:25 363099 802.9677
2019:05:06 14:42:25 363915 803.6271
2019:05:06 14:42:25 364699 770.7626
2019:05:06 14:42:25 365171 459.2054
2019:05:06 14:42:25 365982 417.0015
2019:05:06 14:42:25 366755 370.8825
2019:05:06 14:42:25 367611 401.4112
2019:05:06 14:42:25 368437 421.6470
2019:05:06 14:42:25 381091 12285.9851
2019:05:06 14:42:25 381945 413.6488
2019:05:06 14:42:25 382778 420.2574
2019:05:06 14:42:25 383591 801.9879
2019:05:06 14:42:25 384399 798.4936
2019:05:06 14:42:25 385173 759.7394
2019:05:06 14:42:25 385647 450.2982
2019:05:06 14:42:25 386462 426.3148
2019:05:06 14:42:25 387260 387.2961
2019:05:06 14:42:25 388099 421.4048
2019:05:06 14:42:25 388914 418.0744
2019:05:06 14:42:25 389734 462.2452
2019:05:06 14:42:25 390538 789.2326
2019:05:06 14:42:25 391326 773.3107
2019:05:06 14:42:25 391786 443.1233
2019:05:06 14:42:25 392603 423.1483
2019:05:06 14:42:25 404906 11899.1472
2019:05:06 14:42:25 406109 809.9303
2019:05:06 14:42:25 406931 805.5344
2019:05:06 14:42:25 407375 421.9860
2019:05:06 14:42:25 408581 851.0649
2019:05:06 14:42:25 409413 434.2347
2019:05:06 14:42:25 410219 461.0568
2019:05:06 14:42:25 411055 820.7522
2019:05:06 14:42:25 411820 378.3889
2019:05:06 14:42:25 412682 424.9848
2019:05:06 14:42:25 413500 416.3682
2019:05:06 14:42:25 414325 466.3356
2019:05:06 14:42:25 415530 798.7954
2019:05:06 14:42:25 416353 801.4888
2019:05:06 14:42:25 416784 415.2805
2019:05:06 14:42:25 429898 437.7328
2019:05:06 14:42:25 430699 457.1788
2019:05:06 14:42:25 431509 389.3115
2019:05:06 14:42:25 432277 753.8088
2019:05:06 14:42:25 432755 458.2256
2019:05:06 14:42:25 433578 421.4719
2019:05:06 14:42:25 434329 367.0789
2019:05:06 14:42:25 434808 464.9982
2019:05:06 14:42:25 436009 803.0534
2019:05:06 14:42:25 436836 807.6839
2019:05:06 14:42:25 437269 418.4060
2019:05:06 14:42:25 438088 419.3373
2019:05:06 14:42:25 438886 451.5871
2019:05:06 14:42:25 439705 408.2769
2019:05:06 14:42:25 440484 368.4200
2019:05:06 14:42:25 440953 455.8936
2019:05:06 14:42:25 454080 610.8582
2019:05:06 14:42:25 454954 866.7707
2019:05:06 14:42:25 455741 441.4096
2019:05:06 14:42:25 456994 873.5880
2019:05:06 14:42:25 457770 438.0457
2019:05:06 14:42:25 459023 784.9447
2019:05:06 14:42:25 459797 410.1954
2019:05:06 14:42:25 461080 766.0463
2019:05:06 14:42:25 461857 410.8809
2019:05:06 14:42:25 463142 798.5793
2019:05:06 14:42:25 463940 470.8879
2019:05:06 14:42:25 476981 12673.9368
2019:05:06 14:42:25 478010 583.6636
2019:05:06 14:42:25 479120 822.6521
2019:05:06 14:42:25 480386 956.8930
2019:05:06 14:42:25 481191 795.5953
2019:05:06 14:42:25 482032 531.5281
2019:05:06 14:42:25 483134 806.6446
2019:05:06 14:42:25 483972 361.5879
2019:05:06 14:42:25 485194 799.2834
2019:05:06 14:42:25 486465 790.0521
2019:05:06 14:42:25 487239 765.9458
2019:05:06 14:42:25 488520 799.0450
2019:05:06 14:42:25 502093 13565.3540
2019:05:06 14:42:25 502798 697.1546
2019:05:06 14:42:25 503976 764.2023
2019:05:06 14:42:25 504844 372.5849
2019:05:06 14:42:25 506047 791.6689
2019:05:06 14:42:25 506899 329.3119
2019:05:06 14:42:25 508150 799.7602
2019:05:06 14:42:25 508963 436.1607
2019:05:06 14:42:25 510240 796.2622
2019:05:06 14:42:25 511032 443.5219
2019:05:06 14:42:25 512291 876.3336
2019:05:06 14:42:25 526014 13390.0382
2019:05:06 14:42:25 526982 959.9887
2019:05:06 14:42:25 527776 786.5354
2019:05:06 14:42:25 529005 783.6409
2019:05:06 14:42:25 530333 798.5160
2019:05:06 14:42:25 531147 530.8203
2019:05:06 14:42:25 532287 820.7150
2019:05:06 14:42:25 533227 522.5055
2019:05:06 14:42:25 534336 806.9128
2019:05:06 14:42:25 535175 374.5183
2019:05:06 14:42:25 536377 787.3103
2019:05:06 14:42:25 549182 12314.3718
2019:05:06 14:42:25 550036 845.7266
2019:05:06 14:42:25 551183 799.6745
2019:05:06 14:42:25 552490 940.9301
2019:05:06 14:42:25 553703 1204.7701
2019:05:06 14:42:25 554498 787.2395
2019:05:06 14:42:25 555639 812.9999
2019:05:06 14:42:25 556525 879.3287
2019:05:06 14:42:25 557811 935.7035
2019:05:06 14:42:25 558913 813.4544
2019:05:06 14:42:25 559846 469.2189
2019:05:06 14:42:25 560952 802.9975
2019:05:06 14:42:25 573636 278.6592
2019:05:06 14:42:25 574860 799.9428
2019:05:06 14:42:25 575627 749.0180
2019:05:06 14:42:25 576106 464.6629
2019:05:06 14:42:25 576923 418.1899
2019:05:06 14:42:25 577693 371.2140
2019:05:06 14:42:25 578564 423.3122
2019:05:06 14:42:25 579374 403.8587
2019:05:06 14:42:25 580204 474.6318
2019:05:06 14:42:25 581422 815.2425
2019:05:06 14:42:25 582236 798.7693
2019:05:06 14:42:25 583052 801.3323
2019:05:06 14:42:25 583829 363.7932
2019:05:06 14:42:25 584696 415.7126
2019:05:06 14:42:25 597407 12306.6455
2019:05:06 14:42:25 598178 369.5935
2019:05:06 14:42:25 599042 419.1585
2019:05:06 14:42:25 600205 766.0054
2019:05:06 14:42:25 600677 456.7020
2019:05:06 14:42:25 601504 420.9355
2019:05:06 14:42:25 602269 371.3183
2019:05:06 14:42:25 602736 448.6665
2019:05:06 14:42:25 603544 415.1985
2019:05:06 14:42:25 604323 382.1477
2019:05:06 14:42:25 605191 424.1168
2019:05:06 14:42:25 605993 401.5788
2019:05:06 14:42:25 606804 793.1031
2019:05:06 14:42:25 608032 1214.4186
2019:05:06 14:42:25 608851 803.2918
2019:05:06 14:42:25 621587 12722.6040
2019:05:06 14:42:25 622385 424.0014
2019:05:06 14:42:25 623202 468.5298
2019:05:06 14:42:25 624415 808.8835
2019:05:06 14:42:25 625234 795.5059
2019:05:06 14:42:25 626060 808.7642
2019:05:06 14:42:25 626489 407.2301
2019:05:06 14:42:25 627291 457.8047
2019:05:06 14:42:25 628107 799.1269
2019:05:06 14:42:25 628881 366.3152
2019:05:06 14:42:25 629751 414.9526
2019:05:06 14:42:25 630587 424.2174
2019:05:06 14:42:25 631402 468.0753
2019:05:06 14:42:25 632226 419.0803
2019:05:06 14:42:25 644924 12307.7706
2019:05:06 14:42:25 645720 453.0065
2019:05:06 14:42:25 646553 817.5410
2019:05:06 14:42:25 647328 759.8475
2019:05:06 14:42:25 647802 465.1435
2019:05:06 14:42:25 648608 419.7657
2019:05:06 14:42:25 649371 366.2966
2019:05:06 14:42:25 650234 404.6112
2019:05:06 14:42:25 651049 415.4257
2019:05:06 14:42:25 651861 797.2606
2019:05:06 14:42:25 652685 811.8339
2019:05:06 14:42:25 653458 365.4063
2019:05:06 14:42:25 654331 421.4235
2019:05:06 14:42:25 655496 763.9825
2019:05:06 14:42:25 655973 465.2664
2019:05:06 14:42:25 656799 416.2937
2019:05:06 14:42:25 669519 443.6374
2019:05:06 14:42:25 670309 459.8573
2019:05:06 14:42:25 671129 415.2916
2019:05:06 14:42:25 671940 393.6291
2019:05:06 14:42:25 672771 417.6311
2019:05:06 14:42:25 673583 422.3809
2019:05:06 14:42:25 674384 448.8528
2019:05:06 14:42:25 675230 831.6748
2019:05:06 14:42:25 675974 735.7039
2019:05:06 14:42:25 676452 462.2564
2019:05:06 14:42:25 677267 415.3475
2019:05:06 14:42:25 678047 367.6638
2019:05:06 14:42:25 678903 418.7189
2019:05:06 14:42:25 679726 421.9934
2019:05:06 14:42:25 680527 455.4503
2019:05:06 14:42:25 693236 12695.2827
2019:05:06 14:42:25 694050 794.4144
2019:05:06 14:42:25 694434 366.2668
2019:05:06 14:42:25 695289 413.1310
2019:05:06 14:42:25 696104 410.7170
2019:05:06 14:42:25 696927 469.6064
2019:05:06 14:42:25 698147 822.7937
2019:05:06 14:42:25 698959 795.1185
2019:05:06 14:42:25 699778 801.7570
2019:05:06 14:42:25 700555 760.9688
2019:05:06 14:42:25 701036 467.4643
2019:05:06 14:42:25 716994 3630.9585
2019:05:06 14:42:25 718314 345.1966
2019:05:06 14:42:25 719472 820.3052
2019:05:06 14:42:25 720293 813.2495
2019:05:06 14:42:25 721534 825.8000
2019:05:06 14:42:25 722327 785.6824
2019:05:06 14:42:25 723562 821.9704
2019:05:06 14:42:25 724484 914.7860
2019:05:06 14:42:25 725636 844.7468
2019:05:06 14:42:25 726551 907.2274
2019:05:06 14:42:25 727671 816.7885
2019:05:06 14:42:25 728662 983.3612
2019:05:06 14:42:25 741983 13039.0339
2019:05:06 14:42:25 742845 854.1606
2019:05:06 14:42:25 744573 795.1334
2019:05:06 14:42:25 745666 1084.9908
2019:05:06 14:42:25 746509 835.4820
2019:05:06 14:42:25 747707 797.1413
2019:05:06 14:42:25 748671 510.9645
2019:05:06 14:42:25 749767 801.2727
2019:05:06 14:42:25 750616 326.0486
2019:05:06 14:42:25 751869 788.7520
2019:05:06 14:42:25 752649 412.7212
2019:05:06 14:42:25 765948 12770.4553
2019:05:06 14:42:25 766992 700.0677
2019:05:06 14:42:25 767914 915.4193
2019:05:06 14:42:25 769044 833.8280
2019:05:06 14:42:25 769979 928.1971
2019:05:06 14:42:25 771586 920.1057
2019:05:06 14:42:25 772404 810.1910
2019:05:06 14:42:25 773571 386.3201
2019:05:06 14:42:25 774749 774.0781
2019:05:06 14:42:25 775596 336.0696
2019:05:06 14:42:25 776839 783.9873
2019:05:06 14:42:25 790155 13308.6480
2019:05:06 14:42:25 790771 607.9711
2019:05:06 14:42:25 792006 876.1846
2019:05:06 14:42:25 793287 931.9894
2019:05:06 14:42:25 794064 769.4848
2019:05:06 14:42:25 795337 920.6794
2019:05:06 14:42:25 796108 761.8964
2019:05:06 14:42:25 797383 918.9956
2019:05:06 14:42:25 798156 763.6435
2019:05:06 14:42:25 799341 826.1539
2019:05:06 14:42:25 800224 777.5985
2019:05:06 14:42:25 812981 12425.1470
2019:05:06 14:42:25 813940 642.8584
2019:05:06 14:42:25 814906 651.9370
2019:05:06 14:42:25 816164 791.1101
2019:05:06 14:42:25 817439 1268.3347
2019:05:06 14:42:25 818694 1246.4710
2019:05:06 14:42:25 819462 760.2796
2019:05:06 14:42:25 820234 425.1711
2019:05:06 14:42:25 821516 782.9964
2019:05:06 14:42:25 822276 416.2230
2019:05:06 14:42:25 823542 779.2488
2019:05:06 14:42:25 824306 404.7006
2019:05:06 14:42:25 837013 12223.2512
2019:05:06 14:42:25 838217 1186.7993
2019:05:06 14:42:25 839036 801.8017
2019:05:06 14:42:25 839806 752.3820
2019:05:06 14:42:25 840285 465.5980
2019:05:06 14:42:25 841103 414.3156
2019:05:06 14:42:25 841876 372.4620
2019:05:06 14:42:25 842752 418.4917
2019:05:06 14:42:25 843569 425.7783
2019:05:06 14:42:25 844386 466.4436
2019:05:06 14:42:25 845209 434.9276
2019:05:06 14:42:25 845975 369.8766
2019:05:06 14:42:25 846835 418.7748
2019:05:06 14:42:25 847656 807.8925
2019:05:06 14:42:25 848479 478.1410
2019:05:06 14:42:25 861579 12703.5752
2019:05:06 14:42:25 862341 741.4632
2019:05:06 14:42:25 862810 460.0734
2019:05:06 14:42:25 864027 417.4523
2019:05:06 14:42:25 864851 463.5863
2019:05:06 14:42:25 865660 799.0636
2019:05:06 14:42:25 866429 753.4586
2019:05:06 14:42:25 866909 462.8524
2019:05:06 14:42:25 867725 426.0316
2019:05:06 14:42:25 868496 373.1064
2019:05:06 14:42:25 869359 421.1999
2019:05:06 14:42:25 870172 414.1331
2019:05:06 14:42:25 870993 804.9868
2019:05:06 14:42:25 871817 810.6716
2019:05:06 14:42:25 872587 754.7960
2019:05:06 14:42:25 884900 11857.8263
2019:05:06 14:42:25 885745 406.3435
2019:05:06 14:42:25 886564 417.6386
2019:05:06 14:42:25 887391 474.3487
2019:05:06 14:42:25 888595 797.5735
2019:05:06 14:42:25 889415 805.1172
2019:05:06 14:42:25 890233 803.4259
2019:05:06 14:42:25 891003 752.8737
2019:05:06 14:42:25 891479 459.8089
2019:05:06 14:42:25 892299 423.8375
2019:05:06 14:42:25 893069 375.1181
2019:05:06 14:42:25 893928 416.1522
2019:05:06 14:42:25 894748 414.2858
2019:05:06 14:42:25 895561 458.2852
2019:05:06 14:42:25 896381 805.5307
2019:05:06 14:42:25 909104 12706.7938
2019:05:06 14:42:25 909925 481.3150
2019:05:06 14:42:25 910730 422.8503
2019:05:06 14:42:25 911503 372.3875
2019:05:06 14:42:25 912761 805.7207
2019:05:06 14:42:25 913541 753.1121
2019:05:06 14:42:25 914413 415.3252
2019:05:06 14:42:25 915222 414.1144
2019:05:06 14:42:25 916044 804.8005
2019:05:06 14:42:25 916873 815.3804
2019:05:06 14:42:25 917640 754.6432
2019:05:06 14:42:25 918110 432.6776
2019:05:06 14:42:25 919324 813.7561
2019:05:06 14:42:25 920134 796.4857
2019:05:06 14:42:25 920956 806.9836
2019:05:06 14:42:25 933658 803.8357
2019:05:06 14:42:25 934468 792.8982
2019:05:06 14:42:25 935301 816.5278
2019:05:06 14:42:25 936074 756.9492
2019:05:06 14:42:25 936538 457.0000
2019:05:06 14:42:25 937365 420.9094
2019:05:06 14:42:25 938127 369.2023
2019:05:06 14:42:25 938998 424.4745
2019:05:06 14:42:25 939811 406.3137
2019:05:06 14:42:25 940633 452.3732
2019:05:06 14:42:25 941447 406.0417
2019:05:06 14:42:25 942224 361.2339
2019:05:06 14:42:25 943100 434.2385
2019:05:06 14:42:25 943911 424.0647
2019:05:06 14:42:25 944731 464.3202
2019:05:06 14:42:25 965377 8367.5161
2019:05:06 14:42:25 966449 801.9097
2019:05:06 14:42:25 967374 510.4318
2019:05:06 14:42:25 968498 819.7017
2019:05:06 14:42:25 982011 13041.3100
2019:05:06 14:42:25 982830 811.0777
2019:05:06 14:42:25 983650 349.3428
2019:05:06 14:42:25 984873 801.1162
2019:05:06 14:42:25 985710 362.4000
2019:05:06 14:42:25 986910 802.8410
2019:05:06 14:42:25 987743 377.1707
2019:05:06 14:42:25 988966 826.5302
2019:05:06 14:42:25 989986 582.5870
2019:05:06 14:42:25 991026 803.9065
2019:05:06 14:42:25 991845 348.0501
2019:05:06 14:42:26 1466 9194.5902
2019:05:06 14:42:26 2548 789.7653
2019:05:06 14:42:26 3691 776.3021
2019:05:06 14:42:26 4602 477.6493
2019:05:06 14:42:26 9486 4515.4206
2019:05:06 14:42:26 10698 787.9399
2019:05:06 14:42:26 11513 807.5535
2019:05:06 14:42:26 12758 787.1836
2019:05:06 14:42:26 17322 4557.1737
2019:05:06 14:42:26 18895 728.8083
2019:05:06 14:42:26 20132 1229.6438
2019:05:06 14:42:26 20965 825.2934
2019:05:06 14:42:26 30814 679.3253
2019:05:06 14:42:26 31579 757.5713
2019:05:06 14:42:26 32892 803.2434
2019:05:06 14:42:26 33686 786.4311
2019:05:06 14:42:26 34843 801.4552
2019:05:06 14:42:26 35775 924.2631
2019:05:06 14:42:26 36907 820.7336
2019:05:06 14:42:26 37714 800.5202
2019:05:06 14:42:26 38949 813.2160
2019:05:06 14:42:26 39858 901.4383
2019:05:06 14:42:26 40996 821.8773
2019:05:06 14:42:26 53894 603.2176
2019:05:06 14:42:26 54920 654.7794
2019:05:06 14:42:26 55732 309.2550
2019:05:06 14:42:26 56984 785.0379
2019:05:06 14:42:26 57772 293.5939
2019:05:06 14:42:26 59014 772.6438
2019:05:06 14:42:26 59816 308.2529
2019:05:06 14:42:26 61038 768.6168
2019:05:06 14:42:26 61879 297.4123
2019:05:06 14:42:26 63156 799.2983
2019:05:06 14:42:26 63929 409.1822
2019:05:06 14:42:26 77045 12608.5915
2019:05:06 14:42:26 78775 731.6358
2019:05:06 14:42:26 79573 789.8808
2019:05:06 14:42:26 80716 815.1233
2019:05:06 14:42:26 81944 812.7689
2019:05:06 14:42:26 83199 788.7073
2019:05:06 14:42:26 83999 792.7120
2019:05:06 14:42:26 84812 805.8287
2019:05:06 14:42:26 86061 817.7832
2019:05:06 14:42:26 86872 804.3237
2019:05:06 14:42:26 88090 820.5511
2019:05:06 14:42:26 89044 946.8645
2019:05:06 14:42:26 102261 943.8172
2019:05:06 14:42:26 102902 632.6512
2019:05:06 14:42:26 104013 759.0093
2019:05:06 14:42:26 104956 474.2630
2019:05:06 14:42:26 106053 748.4257
2019:05:06 14:42:26 107013 487.1450
2019:05:06 14:42:26 108113 762.1311
2019:05:06 14:42:26 109086 519.0484
2019:05:06 14:42:26 110172 766.4002
2019:05:06 14:42:26 111136 503.3650
2019:05:06 14:42:26 112203 765.9271
2019:05:06 14:42:26 126027 13360.5674
2019:05:06 14:42:26 126713 677.0454
2019:05:06 14:42:26 127822 830.2629
2019:05:06 14:42:26 129046 797.3872
2019:05:06 14:42:26 130275 1221.9697
2019:05:06 14:42:26 131085 802.0364
2019:05:06 14:42:26 131983 891.5588
2019:05:06 14:42:26 133247 938.4863
2019:05:06 14:42:26 133982 726.6402
2019:05:06 14:42:26 135298 814.1994
2019:05:06 14:42:26 136094 789.2698
2019:05:06 14:42:26 149362 12930.5497
2019:05:06 14:42:26 150319 948.2838
2019:05:06 14:42:26 151091 754.4979
2019:05:06 14:42:26 151575 434.4434
2019:05:06 14:42:26 152388 418.6220
2019:05:06 14:42:26 153152 366.5350
2019:05:06 14:42:26 153620 453.8335
2019:05:06 14:42:26 154428 408.6345
2019:05:06 14:42:26 155198 370.9458
2019:05:06 14:42:26 156068 419.4342
2019:05:06 14:42:26 156883 414.0548
2019:05:06 14:42:26 157704 466.2164
2019:05:06 14:42:26 158517 798.7581
2019:05:06 14:42:26 159293 759.8922
2019:05:06 14:42:26 159765 459.6747
2019:05:06 14:42:26 160968 804.4466
2019:05:06 14:42:26 173292 12304.2539
2019:05:06 14:42:26 174095 468.8203
2019:05:06 14:42:26 174921 417.5454
2019:05:06 14:42:26 175680 367.3024
2019:05:06 14:42:26 176538 411.4546
2019:05:06 14:42:26 177376 433.4264
2019:05:06 14:42:26 178580 863.8315
2019:05:06 14:42:26 179400 797.9535
2019:05:06 14:42:26 179781 368.7777
2019:05:06 14:42:26 180639 417.9366
2019:05:06 14:42:26 181463 409.7447
2019:05:06 14:42:26 182262 783.1007
2019:05:06 14:42:26 183089 813.0521
2019:05:06 14:42:26 183860 748.2171
2019:05:06 14:42:26 184340 466.1903
2019:05:06 14:42:26 197427 12698.0841
2019:05:06 14:42:26 198191 746.0900
2019:05:06 14:42:26 198666 460.4422
2019:05:06 14:42:26 199480 420.1159
2019:05:06 14:42:26 200244 363.6442
2019:05:06 14:42:26 201112 417.4113
2019:05:06 14:42:26 201930 409.1151
2019:05:06 14:42:26 202315 371.8175
2019:05:06 14:42:26 203166 416.4763
2019:05:06 14:42:26 203990 420.0749
2019:05:06 14:42:26 204788 457.5290
2019:05:06 14:42:26 205611 803.0795
2019:05:06 14:42:26 206040 413.4588
2019:05:06 14:42:26 206844 461.5188
2019:05:06 14:42:26 207664 805.3891
2019:05:06 14:42:26 208095 416.2081
2019:05:06 14:42:26 221205 12764.2080
2019:05:06 14:42:26 222013 404.2648
2019:05:06 14:42:26 222780 374.5630
2019:05:06 14:42:26 223634 410.5903
2019:05:06 14:42:26 224452 408.6047
2019:05:06 14:42:26 225272 462.2489
2019:05:06 14:42:26 226087 802.2748
2019:05:06 14:42:26 226516 407.9156
2019:05:06 14:42:26 227319 461.7795
2019:05:06 14:42:26 228135 802.1928
2019:05:06 14:42:26 228564 414.9564
2019:05:06 14:42:26 229372 463.2957
2019:05:06 14:42:26 230184 797.0557
2019:05:06 14:42:26 230611 408.3961
2019:05:06 14:42:26 231422 457.6296
2019:05:06 14:42:26 232243 415.7871
2019:05:06 14:42:26 245298 12652.4791
2019:05:06 14:42:26 245780 468.3323
2019:05:06 14:42:26 246590 418.4917
2019:05:06 14:42:26 247349 359.5240
2019:05:06 14:42:26 248206 842.7575
2019:05:06 14:42:26 249029 796.1057
2019:05:06 14:42:26 249406 362.4670
2019:05:06 14:42:26 250276 420.7641
2019:05:06 14:42:26 251087 418.9871
2019:05:06 14:42:26 251898 457.1564
2019:05:06 14:42:26 252718 804.7521
2019:05:06 14:42:26 253500 375.5130
2019:05:06 14:42:26 254351 412.5088
2019:05:06 14:42:26 255183 425.3238
2019:05:06 14:42:26 255992 796.4224
2019:05:06 14:42:26 256806 796.6459
2019:05:06 14:42:26 269142 12318.3951
2019:05:06 14:42:26 269889 351.6115
2019:05:06 14:42:26 270756 421.8929
2019:05:06 14:42:26 271561 403.2254
2019:05:06 14:42:26 271967 389.5499
2019:05:06 14:42:26 272793 411.0634
2019:05:06 14:42:26 273611 407.8187
2019:05:06 14:42:26 273984 355.9515
2019:05:06 14:42:26 274842 409.6068
2019:05:06 14:42:26 275669 428.3786
2019:05:06 14:42:26 276473 791.0393
2019:05:06 14:42:26 277295 807.8851
2019:05:06 14:42:26 278077 768.9893
2019:05:06 14:42:26 278547 457.7823
2019:05:06 14:42:26 279747 804.1002
2019:05:06 14:42:26 280563 800.5314
2019:05:06 14:42:26 292888 12307.7519
2019:05:06 14:42:26 293704 425.5511
2019:05:06 14:42:26 294461 372.8420
2019:05:06 14:42:26 295313 412.9969
2019:05:06 14:42:26 296136 417.4672
2019:05:06 14:42:26 296947 458.1884
2019:05:06 14:42:26 297774 811.5917
2019:05:06 14:42:26 298552 367.0566
2019:05:06 14:42:26 299425 423.3308
2019:05:06 14:42:26 300242 412.3375
2019:05:06 14:42:26 301062 803.8320
2019:05:06 14:42:26 301872 777.5351
2019:05:06 14:42:26 302658 371.4412
2019:05:06 14:42:26 303528 429.0305
2019:05:06 14:42:26 304693 771.3847
2019:05:06 14:42:26 317432 12719.1059
2019:05:06 14:42:26 318252 802.2562
2019:05:06 14:42:26 319025 760.0263
2019:05:06 14:42:26 319506 442.2925
2019:05:06 14:42:26 320319 418.0111
2019:05:06 14:42:26 321524 804.3312
2019:05:06 14:42:26 322346 805.6350
2019:05:06 14:42:26 323113 750.9924
2019:05:06 14:42:26 323598 435.0506
2019:05:06 14:42:26 324800 804.0890
2019:05:06 14:42:26 325620 800.0284
2019:05:06 14:42:26 326457 820.2940
2019:05:06 14:42:26 327224 758.0221
2019:05:06 14:42:26 328093 422.4256
2019:05:06 14:42:26 328918 426.8922
2019:05:06 14:42:26 345374 4180.2078
2019:05:06 14:42:26 346604 476.8893
2019:05:06 14:42:26 347708 753.3468
2019:05:06 14:42:26 348657 477.7052
2019:05:06 14:42:26 349762 764.3513
2019:05:06 14:42:26 351052 816.1068
2019:05:06 14:42:26 351843 784.5052
2019:05:06 14:42:26 352799 502.7838
2019:05:06 14:42:26 366230 1223.3704
2019:05:06 14:42:26 367426 820.4728
2019:05:06 14:42:26 368662 813.1005
2019:05:06 14:42:26 369479 810.3065
2019:05:06 14:42:26 370700 788.5173
2019:05:06 14:42:26 371996 801.1237
2019:05:06 14:42:26 372782 778.6006
2019:05:06 14:42:26 374068 789.2214
2019:05:06 14:42:26 375234 836.4059
2019:05:06 14:42:26 376517 1275.8784
2019:05:06 14:42:26 389158 12633.3982
2019:05:06 14:42:26 390062 896.3682
2019:05:06 14:42:26 391283 881.1131
2019:05:06 14:42:26 392045 753.7976
2019:05:06 14:42:26 393322 917.2000
2019:05:06 14:42:26 394098 766.1320
2019:05:06 14:42:26 395278 818.4835
2019:05:06 14:42:26 396168 783.8346
2019:05:06 14:42:26 397317 805.9666
2019:05:06 14:42:26 398567 815.4698
2019:05:06 14:42:26 399485 910.7292
2019:05:06 14:42:26 400610 822.3057
2019:05:06 14:42:26 413971 12911.2229
2019:05:06 14:42:26 414949 649.9141
2019:05:06 14:42:26 415770 449.8102
2019:05:06 14:42:26 417004 780.8879
2019:05:06 14:42:26 418269 795.4612
2019:05:06 14:42:26 419039 762.5408
2019:05:06 14:42:26 420332 911.3923
2019:05:06 14:42:26 421127 788.0814
2019:05:06 14:42:26 422404 923.4846
2019:05:06 14:42:26 423195 783.3838
2019:05:06 14:42:26 424469 959.9328
2019:05:06 14:42:26 437934 13456.7879
2019:05:06 14:42:26 438827 885.6654
2019:05:06 14:42:26 440446 841.3009
2019:05:06 14:42:26 441583 1129.6198
2019:05:06 14:42:26 442376 684.2837
2019:05:06 14:42:26 443261 777.4867
2019:05:06 14:42:26 444427 825.9192
2019:05:06 14:42:26 445309 773.4708
2019:05:06 14:42:26 446473 817.6640
2019:05:06 14:42:26 447350 771.6529
2019:05:06 14:42:26 448617 918.1760
2019:05:06 14:42:26 461243 12618.2027
2019:05:06 14:42:26 462188 937.3538
2019:05:06 14:42:26 463359 800.8070
2019:05:06 14:42:26 464161 794.5932
2019:05:06 14:42:26 469355 4418.1645
2019:05:06 14:42:26 469824 459.8238
2019:05:06 14:42:26 470585 373.9260
2019:05:06 14:42:26 471451 424.2249
2019:05:06 14:42:26 472269 427.0151
2019:05:06 14:42:26 484950 12333.7805
2019:05:06 14:42:26 509125 7768.4633
2019:05:06 14:42:26 509929 446.2637
2019:05:06 14:42:26 510757 815.1196
2019:05:06 14:42:26 511528 369.7500
2019:05:06 14:42:26 512397 414.5242
2019:05:06 14:42:26 513569 765.7707
2019:05:06 14:42:26 514044 458.6764
2019:05:06 14:42:26 514863 424.8507
2019:05:06 14:42:26 516079 815.0637
2019:05:06 14:42:26 516900 807.0916
2019:05:06 14:42:26 533370 16065.5640
2019:05:06 14:42:26 534523 799.0450
2019:05:06 14:42:26 535340 423.0104
2019:05:06 14:42:26 536115 372.5924
2019:05:06 14:42:26 536972 415.0309
2019:05:06 14:42:26 537804 427.4808
2019:05:06 14:42:26 538615 803.6233
2019:05:06 14:42:26 539437 424.2435
2019:05:06 14:42:26 540204 367.1795
2019:05:06 14:42:26 541067 419.4640
2019:05:06 14:42:26 541877 409.5286
2019:05:06 14:42:26 542698 805.1805
2019:05:06 14:42:26 543516 802.0625
2019:05:06 14:42:26 544285 752.6837
2019:05:06 14:42:26 544760 458.4566
2019:05:06 14:42:26 565365 20207.6882
2019:05:06 14:42:26 566076 400.6848
2019:05:06 14:42:26 566833 369.6680
2019:05:06 14:42:26 567698 419.8700
2019:05:06 14:42:26 568512 413.8276
2019:05:06 14:42:26 581187 12308.7987
2019:05:06 14:42:26 600907 3542.0954
2019:05:06 14:42:26 601704 789.7839
2019:05:06 14:42:26 602977 784.6355
2019:05:06 14:42:26 604267 798.1844
2019:05:06 14:42:26 609150 4875.5668
2019:05:06 14:42:26 609928 769.8499
2019:05:06 14:42:26 610714 409.8974
2019:05:06 14:42:26 611973 785.4253
2019:05:06 14:42:26 612762 412.5461
2019:05:06 14:42:26 614012 779.3717
2019:05:06 14:42:26 614835 305.2615
2019:05:06 14:42:26 616462 1157.0230
2019:05:06 14:42:26 629171 12701.9212
2019:05:06 14:42:26 629994 814.9073
2019:05:06 14:42:26 630832 474.4604
2019:05:06 14:42:26 632099 895.9211
2019:05:06 14:42:26 633255 849.6754
2019:05:06 14:42:26 634077 814.4155
2019:05:06 14:42:26 635289 408.2508
2019:05:06 14:42:26 636540 783.2535
2019:05:06 14:42:26 637336 308.2566
2019:05:06 14:42:26 638599 781.7224
2019:05:06 14:42:26 639384 410.5493
2019:05:06 14:42:26 640635 783.6632
2019:05:06 14:42:26 652946 11803.6233
2019:05:06 14:42:26 654705 1377.0722
2019:05:06 14:42:26 655815 1101.9781
2019:05:06 14:42:26 657060 1237.5265
2019:05:06 14:42:26 657856 422.9993
2019:05:06 14:42:26 659127 771.9621
2019:05:06 14:42:26 659937 477.5375
2019:05:06 14:42:26 661190 891.3688
2019:05:06 14:42:26 662324 792.2016
2019:05:06 14:42:26 663550 801.5335
2019:05:06 14:42:26 664373 815.7715
2019:05:06 14:42:26 678174 13395.0263
2019:05:06 14:42:26 678800 618.8191
2019:05:06 14:42:26 679938 808.7568
2019:05:06 14:42:26 680874 929.2364
2019:05:06 14:42:26 681986 817.3250
2019:05:06 14:42:26 682821 362.7390
2019:05:06 14:42:26 684047 792.3171
2019:05:06 14:42:26 685331 1277.1040
2019:05:06 14:42:26 686108 769.1458
2019:05:06 14:42:26 687390 782.7505
2019:05:06 14:42:26 688557 847.2577
2019:05:06 14:42:26 701265 12700.6657
2019:05:06 14:42:26 702586 668.5443
2019:05:06 14:42:26 703692 818.2302
2019:05:06 14:42:26 704518 379.0371
2019:05:06 14:42:26 705737 322.4835
2019:05:06 14:42:26 706567 369.0645
2019:05:06 14:42:26 707788 813.2607
2019:05:06 14:42:26 708610 357.4491
2019:05:06 14:42:26 709840 811.5135
2019:05:06 14:42:26 710678 354.4763
2019:05:06 14:42:26 711907 305.9953
2019:05:06 14:42:26 713167 798.5085
2019:05:06 14:42:26 726018 918.4293
2019:05:06 14:42:26 727509 897.1170
2019:05:06 14:42:26 728628 1112.1184
2019:05:06 14:42:26 729574 910.8260
2019:05:06 14:42:26 730659 750.7391
2019:05:06 14:42:26 731576 452.0305
2019:05:06 14:42:26 732819 879.4479
2019:05:06 14:42:26 733583 408.9922
2019:05:06 14:42:26 734837 768.9446
2019:05:06 14:42:26 735627 406.2019
2019:05:06 14:42:26 736888 792.8126
2019:05:06 14:42:26 750045 915.4417
2019:05:06 14:42:26 751205 797.5772
2019:05:06 14:42:26 752053 337.8466
2019:05:06 14:42:26 753327 810.7163
2019:05:06 14:42:26 754481 810.9249
2019:05:06 14:42:26 755723 813.3054
2019:05:06 14:42:26 756539 809.4944
2019:05:06 14:42:26 757771 775.4490
2019:05:06 14:42:26 758577 352.1219
2019:05:06 14:42:26 759797 810.6530
2019:05:06 14:42:26 760610 805.5381
2019:05:06 14:42:26 774231 13175.4875
2019:05:06 14:42:26 775411 835.7652
2019:05:06 14:42:26 776205 452.1981
2019:05:06 14:42:26 777479 796.6496
2019:05:06 14:42:26 778767 962.1792
2019:05:06 14:42:26 779858 1083.8993
2019:05:06 14:42:26 781114 1248.9222
2019:05:06 14:42:26 781932 337.0978
2019:05:06 14:42:26 783556 1114.2381
2019:05:06 14:42:26 784841 797.5511
2019:05:06 14:42:26 805374 20525.0680
2019:05:06 14:42:26 806591 486.3665
2019:05:06 14:42:26 808164 1242.5371
2019:05:06 14:42:26 821281 12761.4848
2019:05:06 14:42:26 822063 774.0706
2019:05:06 14:42:26 823279 657.9272
2019:05:06 14:42:26 824158 871.4236
2019:05:06 14:42:26 825440 933.4870
2019:05:06 14:42:26 826201 753.9317
2019:05:06 14:42:26 827478 917.7029
2019:05:06 14:42:26 828250 765.2380
2019:05:06 14:42:26 829559 945.1136
2019:05:06 14:42:26 830328 762.0379
2019:05:06 14:42:26 831589 928.2865
2019:05:06 14:42:26 832366 767.4433
2019:05:06 14:42:26 845017 12309.2085
2019:05:06 14:42:26 846701 613.5963
2019:05:06 14:42:26 847868 1159.6046
2019:05:06 14:42:26 848762 787.4593
2019:05:06 14:42:26 850002 892.7323
2019:05:06 14:42:26 851158 824.3956
2019:05:06 14:42:26 852069 904.3328
2019:05:06 14:42:26 853180 804.6515
2019:05:06 14:42:26 854016 380.3745
2019:05:06 14:42:26 857301 2885.6583
2019:05:06 14:42:26 858126 816.8668
2019:05:06 14:42:26 859321 818.8300
2019:05:06 14:42:26 860247 525.4671
2019:05:06 14:42:26 861481 931.4828
2019:05:06 14:42:26 862313 530.0790
2019:05:06 14:42:26 863427 819.9774
2019:05:06 14:42:26 864254 381.9764
2019:05:06 14:42:26 865496 842.1279
2019:05:06 14:42:26 866308 359.4905
2019:05:06 14:42:26 867543 810.8467
2019:05:06 14:42:26 868798 789.2288
2019:05:06 14:42:26 894017 25211.5615
2019:05:06 14:42:26 895485 788.5844
2019:05:06 14:42:26 896274 781.4243
2019:05:06 14:42:26 897530 953.5290
2019:05:06 14:42:26 898300 762.5706
2019:05:06 14:42:26 899079 482.5704
2019:05:06 14:42:26 900340 770.8669
2019:05:06 14:42:26 901115 467.9486
2019:05:06 14:42:26 902367 765.4019
2019:05:06 14:42:26 903177 482.3618
2019:05:06 14:42:26 904401 771.4815
2019:05:06 14:42:26 921365 16617.4993
2019:05:06 14:42:26 922379 1007.7953
2019:05:06 14:42:26 923153 759.7767
2019:05:06 14:42:26 923626 455.9606
2019:05:06 14:42:26 924836 799.5702
2019:05:06 14:42:26 925656 806.4248
2019:05:06 14:42:26 926482 811.3421
2019:05:06 14:42:26 927274 385.4074
2019:05:06 14:42:26 928129 412.1028
2019:05:06 14:42:26 928957 425.7411
2019:05:06 14:42:26 964982 11624.4480
2019:05:06 14:42:26 965831 834.6923
2019:05:06 14:42:26 966635 462.0478
2019:05:06 14:42:26 967844 817.6640
2019:05:06 14:42:26 968665 807.9372
2019:05:06 14:42:26 985356 16675.3419
2019:05:06 14:42:26 989565 4197.2920
2019:05:06 14:42:26 990369 773.2250
2019:05:06 14:42:26 991187 803.3700
2019:05:06 14:42:26 992007 806.2311
2019:05:06 14:42:26 992780 756.3978
2019:05:06 14:42:26 993258 461.2021
2019:05:06 14:42:26 994073 422.8652
2019:05:06 14:42:26 994854 381.2350
2019:05:06 14:42:26 995694 824.6601
2019:05:06 14:42:26 996530 807.5796
2019:05:06 14:42:26 997342 796.6571
2019:05:06 14:42:26 998170 419.5422
2019:05:06 14:42:26 998956 386.3424
2019:05:06 14:42:26 999801 421.8407
2019:05:06 14:42:27 626 419.5347
2019:05:06 14:42:27 17374 16394.9095
2019:05:06 14:42:27 18225 413.4253
2019:05:06 14:42:27 19051 420.9839
2019:05:06 14:42:27 19867 462.3719
2019:05:06 14:42:27 20678 797.2978
2019:05:06 14:42:27 21111 416.3235
2019:05:06 14:42:27 21932 479.5752
2019:05:06 14:42:27 23149 815.6821
2019:05:06 14:42:27 23961 796.6273
2019:05:06 14:42:27 24792 817.9098
2019:05:06 14:42:27 49368 23811.9736
2019:05:06 14:42:27 61669 434.7190
2019:05:06 14:42:27 62475 407.4462
2019:05:06 14:42:27 63691 809.6062
2019:05:06 14:42:27 64458 750.6572
2019:05:06 14:42:27 64936 464.3314
2019:05:06 14:42:27 73372 8034.6018
2019:05:06 14:42:27 85824 425.0333
2019:05:06 14:42:27 86636 413.9058
2019:05:06 14:42:27 87454 462.9940
2019:05:06 14:42:27 88281 428.8852
2019:05:06 14:42:27 89044 363.1599
2019:05:06 14:42:27 105378 16319.0402
2019:05:06 14:42:27 109554 375.2410
2019:05:06 14:42:27 110400 426.2365
2019:05:06 14:42:27 111210 414.6956
2019:05:06 14:42:27 112023 457.2049
2019:05:06 14:42:27 112844 808.0862
2019:05:06 14:42:27 113268 408.7687
2019:05:06 14:42:27 114083 471.1300
2019:05:06 14:42:27 115299 813.5401
2019:05:06 14:42:27 116117 804.3051
2019:05:06 14:42:27 116942 810.1277
2019:05:06 14:42:27 117715 759.5904
2019:05:06 14:42:27 118178 448.8863
2019:05:06 14:42:27 119014 435.8776
2019:05:06 14:42:27 119762 365.2014
2019:05:06 14:42:27 120626 423.1595
2019:05:06 14:42:27 132935 11904.8841
2019:05:06 14:42:27 133745 426.2030
2019:05:06 14:42:27 134575 471.1822
2019:05:06 14:42:27 135384 800.7400
2019:05:06 14:42:27 136140 740.3903
2019:05:06 14:42:27 136623 468.7533
2019:05:06 14:42:27 137828 807.5833
2019:05:06 14:42:27 138641 798.5085
2019:05:06 14:42:27 139470 813.2942
2019:05:06 14:42:27 140231 744.3540
2019:05:06 14:42:27 140705 424.4000
2019:05:06 14:42:27 141529 424.3031
2019:05:06 14:42:27 142290 370.4540
2019:05:06 14:42:27 143172 431.1241
2019:05:06 14:42:27 143975 408.5451
2019:05:06 14:42:27 144781 790.0484
2019:05:06 14:42:27 157488 12692.4478
2019:05:06 14:42:27 158311 779.0923
2019:05:06 14:42:27 159126 799.7453
2019:05:06 14:42:27 159965 821.5271
2019:05:06 14:42:27 161162 798.1621
2019:05:06 14:42:27 161989 811.9307
2019:05:06 14:42:27 162413 408.9214
2019:05:06 14:42:27 163227 472.5903
2019:05:06 14:42:27 164442 816.1329
2019:05:06 14:42:27 165262 804.8266
2019:05:06 14:42:27 166081 801.6191
2019:05:06 14:42:27 166871 772.6401
2019:05:06 14:42:27 167719 829.3428
2019:05:06 14:42:27 168557 812.0015
2019:05:06 14:42:27 181654 13083.1860
2019:05:06 14:42:27 182470 781.5510
2019:05:06 14:42:27 183234 747.1479
2019:05:06 14:42:27 183709 458.6205
2019:05:06 14:42:27 184930 419.7210
2019:05:06 14:42:27 185755 470.3552
2019:05:06 14:42:27 186567 795.9455
2019:05:06 14:42:27 187331 748.0979
2019:05:06 14:42:27 187808 459.8759
2019:05:06 14:42:27 188627 419.7583
2019:05:06 14:42:27 189386 365.1716
2019:05:06 14:42:27 189860 431.3774
2019:05:06 14:42:27 190676 420.2574
2019:05:06 14:42:27 191449 380.6762
2019:05:06 14:42:27 192303 420.3208
2019:05:06 14:42:27 205006 12299.2210
2019:05:06 14:42:27 205774 738.3749
2019:05:06 14:42:27 206248 459.4997
2019:05:06 14:42:27 207465 818.3233
2019:05:06 14:42:27 208278 795.7704
2019:05:06 14:42:27 209106 814.1324
2019:05:06 14:42:27 209868 748.2320
2019:05:06 14:42:27 210339 453.9564
2019:05:06 14:42:27 211160 418.8865
2019:05:06 14:42:27 211937 379.4394
2019:05:06 14:42:27 212795 413.6674
2019:05:06 14:42:27 213607 414.1517
2019:05:06 14:42:27 214429 466.3020
2019:05:06 14:42:27 215250 426.6836
2019:05:06 14:42:27 216024 382.6022
2019:05:06 14:42:27 216884 422.1760
2019:05:06 14:42:27 229593 428.2668
2019:05:06 14:42:27 230358 378.3442
2019:05:06 14:42:27 231227 419.6987
2019:05:06 14:42:27 232039 417.6237
2019:05:06 14:42:27 232856 470.3812
2019:05:06 14:42:27 233690 423.2004
2019:05:06 14:42:27 234443 366.6840
2019:05:06 14:42:27 234913 453.6249
2019:05:06 14:42:27 236119 797.3202
2019:05:06 14:42:27 236937 801.8352
2019:05:06 14:42:27 253368 16414.5343
2019:05:06 14:42:27 254551 790.3688
2019:05:06 14:42:27 255369 803.6904
2019:05:06 14:42:27 255799 416.3459
2019:05:06 14:42:27 256621 423.7220
2019:05:06 14:42:27 257430 457.7674
2019:05:06 14:42:27 258258 811.7221
2019:05:06 14:42:27 259024 750.1356
2019:05:06 14:42:27 259897 427.6335
2019:05:06 14:42:27 260723 431.6196
2019:05:06 14:42:27 261544 458.5385
2019:05:06 14:42:27 262746 781.7447
2019:05:06 14:42:27 263560 797.2904
2019:05:06 14:42:27 264394 816.2707
2019:05:06 14:42:27 285361 20566.9701
2019:05:06 14:42:27 286114 743.8138
2019:05:06 14:42:27 286930 413.7345
2019:05:06 14:42:27 287686 357.9967
2019:05:06 14:42:27 288163 435.4827
2019:05:06 14:42:27 300872 12306.5710
2019:05:06 14:42:27 301677 406.3845
2019:05:06 14:42:27 302493 477.3363
2019:05:06 14:42:27 303700 811.3347
2019:05:06 14:42:27 304518 800.3190
2019:05:06 14:42:27 305358 824.6303
2019:05:06 14:42:27 306586 1213.6847
2019:05:06 14:42:27 307402 809.6024
2019:05:06 14:42:27 308181 371.3369
2019:05:06 14:42:27 309047 421.4607
2019:05:06 14:42:27 309862 425.9907
2019:05:06 14:42:27 310681 465.6874
2019:05:06 14:42:27 311497 801.5297
2019:05:06 14:42:27 312278 377.7929
2019:05:06 14:42:27 325024 12292.8508
2019:05:06 14:42:27 325839 417.5119
2019:05:06 14:42:27 326608 372.2422
2019:05:06 14:42:27 327475 425.2680
2019:05:06 14:42:27 328292 422.6454
2019:05:06 14:42:27 329132 482.6970
2019:05:06 14:42:27 329944 423.1259
2019:05:06 14:42:27 330706 374.7344
2019:05:06 14:42:27 331577 421.2297
2019:05:06 14:42:27 332393 423.9976
2019:05:06 14:42:27 333206 472.1656
2019:05:06 14:42:27 334038 423.8263
2019:05:06 14:42:27 334835 394.8808
2019:05:06 14:42:27 335671 422.9285
2019:05:06 14:42:27 336501 436.4699
2019:05:06 14:42:27 349124 12280.1960
2019:05:06 14:42:27 350012 434.8531
2019:05:06 14:42:27 350828 424.5192
2019:05:06 14:42:27 351641 470.3254
2019:05:06 14:42:27 352449 793.6284
2019:05:06 14:42:27 353215 748.3102
2019:05:06 14:42:27 353696 459.6524
2019:05:06 14:42:27 354516 427.4733
2019:05:06 14:42:27 355301 383.6192
2019:05:06 14:42:27 356151 426.4377
2019:05:06 14:42:27 356965 419.3969
2019:05:06 14:42:27 357789 469.4536
2019:05:06 14:42:27 358618 427.1083
2019:05:06 14:42:27 359377 366.1625
2019:05:06 14:42:27 360241 421.4272
2019:05:06 14:42:27 381362 20713.3293
2019:05:06 14:42:27 382339 968.5680
2019:05:06 14:42:27 383173 816.5464
2019:05:06 14:42:27 383585 392.0794
2019:05:06 14:42:27 384409 467.5090
2019:05:06 14:42:27 413357 28542.9657
2019:05:06 14:42:27 421272 7905.9713
2019:05:06 14:42:27 422094 411.4211
2019:05:06 14:42:27 422868 380.4602
2019:05:06 14:42:27 423732 429.3919
2019:05:06 14:42:27 424545 411.6520
2019:05:06 14:42:27 425359 461.6380
2019:05:06 14:42:27 426173 796.3926
2019:05:06 14:42:27 426950 369.4594
2019:05:06 14:42:27 427823 425.2158
2019:05:06 14:42:27 428987 757.3329
2019:05:06 14:42:27 445371 16368.0129
2019:05:06 14:42:27 446245 408.7426
2019:05:06 14:42:27 447060 411.1268
2019:05:06 14:42:27 447875 459.6934
2019:05:06 14:42:27 448701 813.3501
2019:05:06 14:42:27 449484 362.1615
2019:05:06 14:42:27 450338 414.8409
2019:05:06 14:42:27 451164 420.4288
2019:05:06 14:42:27 451985 476.1107
2019:05:06 14:42:27 452801 808.2539
2019:05:06 14:42:27 453619 808.8760
2019:05:06 14:42:27 454438 812.6758
2019:05:06 14:42:27 455251 804.6627
2019:05:06 14:42:27 456065 798.9183
2019:05:06 14:42:27 456883 802.5989
2019:05:06 14:42:27 477370 20471.5878
2019:05:06 14:42:27 478179 395.7413
2019:05:06 14:42:27 479009 414.5205
2019:05:06 14:42:27 479829 418.8307
2019:05:06 14:42:27 480652 459.9094
2019:05:06 14:42:27 492948 12287.0430
2019:05:06 14:42:27 517911 554.2263
2019:05:06 14:42:27 518731 803.9400
2019:05:06 14:42:27 519562 815.5480
2019:05:06 14:42:27 520378 806.2012
2019:05:06 14:42:27 520795 409.4355
2019:05:06 14:42:27 521619 471.5919
2019:05:06 14:42:27 522436 426.6463
2019:05:06 14:42:27 523198 365.4249
2019:05:06 14:42:27 524058 410.3296
2019:05:06 14:42:27 524890 426.8102
2019:05:06 14:42:27 525705 807.0245
2019:05:06 14:42:27 526522 808.4215
2019:05:06 14:42:27 526948 411.6185
2019:05:06 14:42:27 527763 471.5472
2019:05:06 14:42:27 528970 810.1389
2019:05:06 14:42:27 553372 24384.1894
2019:05:06 14:42:27 589370 24326.1270
2019:05:06 14:42:27 590023 376.7498
2019:05:06 14:42:27 590785 369.9511
2019:05:06 14:42:27 591639 409.8192
2019:05:06 14:42:27 592469 424.4894
2019:05:06 14:42:27 593277 799.8273
2019:05:06 14:42:27 594094 801.1498
2019:05:06 14:42:27 594865 756.6996
2019:05:06 14:42:27 595342 460.3565
2019:05:06 14:42:27 596160 419.6428
2019:05:06 14:42:27 596927 367.7569
2019:05:06 14:42:27 597790 410.7058
2019:05:06 14:42:27 598613 424.0461
2019:05:06 14:42:27 599425 799.8012
2019:05:06 14:42:27 600237 795.6028
2019:05:06 14:42:27 600667 415.8579
2019:05:06 14:42:27 621377 20355.3364
2019:05:06 14:42:27 622075 507.8875
2019:05:06 14:42:27 623207 837.2813
2019:05:06 14:42:27 624136 519.3576
2019:05:06 14:42:27 637290 12861.8889
2019:05:06 14:42:27 638531 1233.1903
2019:05:06 14:42:27 639615 546.7646
2019:05:06 14:42:27 641143 1039.6168
2019:05:06 14:42:27 642177 1026.1983
2019:05:06 14:42:27 643260 1074.4296
2019:05:06 14:42:27 644769 1020.0106
2019:05:06 14:42:27 646011 1235.0082
2019:05:06 14:42:27 646562 542.9871
2019:05:06 14:42:27 648073 1031.4994
2019:05:06 14:42:27 648616 457.0670
2019:05:06 14:42:27 657524 8379.8990
2019:05:06 14:42:27 659039 978.5146
2019:05:06 14:42:27 660739 1078.3449
2019:05:06 14:42:27 674311 13563.3685
2019:05:06 14:42:27 674887 568.7997
2019:05:06 14:42:27 676043 675.8198
2019:05:06 14:42:27 677432 973.6605
2019:05:06 14:42:27 678095 655.1519
2019:05:06 14:42:27 679480 975.4337
2019:05:06 14:42:27 680124 635.7022
2019:05:06 14:42:27 681379 830.3858
2019:05:06 14:42:27 682179 792.0861
2019:05:06 14:42:27 683562 977.0803
2019:05:06 14:42:27 684219 649.8247
2019:05:06 14:42:27 697041 12403.4360
2019:05:06 14:42:27 698627 587.1579
2019:05:06 14:42:27 699797 802.0625
2019:05:06 14:42:27 701044 818.8114
2019:05:06 14:42:27 701862 810.8318
2019:05:06 14:42:27 703101 808.8425
2019:05:06 14:42:27 704372 800.2631
2019:05:06 14:42:27 705510 782.0129
2019:05:06 14:42:27 706448 485.3122
2019:05:06 14:42:27 707559 791.7881
2019:05:06 14:42:27 708491 514.3136
2019:05:06 14:42:27 722108 13295.4232
2019:05:06 14:42:27 723241 802.5467
2019:05:06 14:42:27 724489 921.4282
2019:05:06 14:42:27 725615 819.1951
2019:05:06 14:42:27 726440 368.9192
2019:05:06 14:42:27 727645 781.2344
2019:05:06 14:42:27 728933 799.6261
2019:05:06 14:42:27 730203 1262.5493
2019:05:06 14:42:27 731020 807.4455
2019:05:06 14:42:27 732130 769.2613
2019:05:06 14:42:27 744865 12284.3049
2019:05:06 14:42:27 749368 4086.3119
2019:05:06 14:42:27 750522 761.7585
2019:05:06 14:42:27 750982 445.9657
2019:05:06 14:42:27 751806 419.7061
2019:05:06 14:42:27 752582 375.1926
2019:05:06 14:42:27 753436 414.3082
2019:05:06 14:42:27 754260 421.7252
2019:05:06 14:42:27 755079 803.6196
2019:05:06 14:42:27 755901 423.5655
2019:05:06 14:42:27 756668 371.0389
2019:05:06 14:42:27 793166 11807.2405
2019:05:06 14:42:27 793982 796.5788
2019:05:06 14:42:27 794804 419.7806
2019:05:06 14:42:27 795581 378.9403
2019:05:06 14:42:27 796433 413.1086
2019:05:06 14:42:27 797262 423.2638
2019:05:06 14:42:27 817325 7970.6311
2019:05:06 14:42:27 818095 367.7495
2019:05:06 14:42:27 818966 418.5773
2019:05:06 14:42:27 819775 402.6219
2019:05:06 14:42:27 820600 465.5384
2019:05:06 14:42:27 821425 807.3710
2019:05:06 14:42:27 822188 365.4957
2019:05:06 14:42:27 823056 415.7126
2019:05:06 14:42:27 823867 410.1396
2019:05:06 14:42:27 824259 366.3264
2019:05:06 14:42:27 825125 428.9784
2019:05:06 14:42:27 841888 532.9996
2019:05:06 14:42:27 842663 748.7498
2019:05:06 14:42:27 843136 457.2943
2019:05:06 14:42:27 843955 418.5587
2019:05:06 14:42:27 844723 366.7064
2019:05:06 14:42:27 845198 458.3523
2019:05:06 14:42:27 846397 808.0825
2019:05:06 14:42:27 847222 805.4487
2019:05:06 14:42:27 848043 805.6723
2019:05:06 14:42:27 848806 751.0707
2019:05:06 14:42:27 849284 463.2287
2019:05:06 14:42:27 850098 419.8030
2019:05:06 14:42:27 850875 370.0294
2019:05:06 14:42:27 851722 413.6153
2019:05:06 14:42:27 852542 413.4774
2019:05:06 14:42:27 885354 32789.1745
2019:05:06 14:42:27 889427 4064.4333
2019:05:06 14:42:27 890236 461.3213
2019:05:06 14:42:27 891448 807.3151
2019:05:06 14:42:27 892281 817.1536
2019:05:06 14:42:27 893095 803.9922
2019:05:06 14:42:27 893867 362.1466
2019:05:06 14:42:27 894739 421.4868
2019:05:06 14:42:27 895557 414.8595
2019:05:06 14:42:27 896368 800.6133
2019:05:06 14:42:27 897186 798.8885
2019:05:06 14:42:27 921363 24154.3949
2019:05:06 14:42:27 922189 428.0433
