
# OSU MPI Allreduce Latency Test v5.6.1
# Size       Avg Latency(us)
1024                 2048.73
2019:05:06 14:42:23 391544 654.2206
2019:05:06 14:42:23 392359 802.9900
2019:05:06 14:42:23 392791 416.0069
2019:05:06 14:42:23 393596 645.1085
2019:05:06 14:42:23 394412 804.5100
2019:05:06 14:42:23 395229 405.6022
2019:05:06 14:42:23 396052 807.1624
2019:05:06 14:42:23 396486 420.4847
2019:05:06 14:42:23 397282 403.5681
2019:05:06 14:42:23 414068 712.8641
2019:05:06 14:42:23 414886 787.9883
2019:05:06 14:42:23 415328 420.1755
2019:05:06 14:42:23 416131 417.8546
2019:05:06 14:42:23 416965 428.2407
2019:05:06 14:42:23 417761 391.9750
2019:05:06 14:42:23 418575 410.3929
2019:05:06 14:42:23 419396 413.1533
2019:05:06 14:42:23 419822 265.3897
2019:05:06 14:42:23 420642 417.2586
2019:05:06 14:42:23 421456 418.6518
2019:05:06 14:42:23 422269 650.5474
2019:05:06 14:42:23 423100 427.2945
2019:05:06 14:42:23 423894 407.3605
2019:05:06 14:42:23 424714 808.5631
2019:05:06 14:42:23 445360 20631.9578
2019:05:06 14:42:23 446175 806.5701
2019:05:06 14:42:23 446858 430.8410
2019:05:06 14:42:23 448066 819.0759
2019:05:06 14:42:23 448885 805.7170
2019:05:06 14:42:23 477354 28456.6693
2019:05:06 14:42:23 485351 7989.2129
2019:05:06 14:42:23 486164 789.7280
2019:05:06 14:42:23 486584 408.9177
2019:05:06 14:42:23 487790 802.0848
2019:05:06 14:42:23 488613 812.0835
2019:05:06 14:42:23 489043 416.9084
2019:05:06 14:42:23 489855 424.1839
2019:05:06 14:42:23 490676 423.3792
2019:05:06 14:42:23 491489 415.1128
2019:05:06 14:42:23 492706 800.2296
2019:05:06 14:42:23 509353 16627.4868
2019:05:06 14:42:23 510325 964.3100
2019:05:06 14:42:23 511140 804.9197
2019:05:06 14:42:23 511705 550.4899
2019:05:06 14:42:23 512375 658.7394
2019:05:06 14:42:23 513194 415.9510
2019:05:06 14:42:23 514002 403.7246
2019:05:06 14:42:23 514822 805.2699
2019:05:06 14:42:23 515245 412.6690
2019:05:06 14:42:23 516049 407.8038
2019:05:06 14:42:23 516870 810.5561
2019:05:06 14:42:23 517298 417.6050
2019:05:06 14:42:23 518100 408.4893
2019:05:06 14:42:23 518918 806.5142
2019:05:06 14:42:23 519737 806.0783
2019:05:06 14:42:23 520158 409.8862
2019:05:06 14:42:23 541360 20798.5230
2019:05:06 14:42:23 542283 915.3746
2019:05:06 14:42:23 543096 801.2913
2019:05:06 14:42:23 543910 801.1572
2019:05:06 14:42:23 544722 402.1227
2019:05:06 14:42:23 573353 28211.4334
2019:05:06 14:42:23 581216 7855.1769
2019:05:06 14:42:23 582005 666.8344
2019:05:06 14:42:23 582817 805.0762
2019:05:06 14:42:23 583631 808.2576
2019:05:06 14:42:23 584460 819.4409
2019:05:06 14:42:23 585277 811.1410
2019:05:06 14:42:23 585691 261.3738
2019:05:06 14:42:23 586511 418.1564
2019:05:06 14:42:23 587332 423.1855
2019:05:06 14:42:23 588146 665.9888
2019:05:06 14:42:23 588956 804.6366
2019:05:06 14:42:23 605366 16400.4453
2019:05:06 14:42:23 606578 814.5608
2019:05:06 14:42:23 607391 799.5367
2019:05:06 14:42:23 607961 556.8340
2019:05:06 14:42:23 608634 660.1922
2019:05:06 14:42:23 609452 806.4769
2019:05:06 14:42:23 610273 809.2783
2019:05:06 14:42:23 611081 801.6340
2019:05:06 14:42:23 611907 814.3596
2019:05:06 14:42:23 612713 794.5932
2019:05:06 14:42:23 613534 807.8776
2019:05:06 14:42:23 613963 417.7615
2019:05:06 14:42:23 614775 421.0994
2019:05:06 14:42:23 615596 423.4649
2019:05:06 14:42:23 616397 404.6150
2019:05:06 14:42:23 637358 20949.1551
2019:05:06 14:42:23 638133 767.7600
2019:05:06 14:42:23 638933 793.9786
2019:05:06 14:42:23 639766 420.6225
2019:05:06 14:42:23 640579 419.0058
2019:05:06 14:42:23 652875 12143.8913
2019:05:06 14:42:23 653273 260.5878
2019:05:06 14:42:23 677037 7681.2953
2019:05:06 14:42:23 678260 1207.1170
2019:05:06 14:42:23 679073 806.8196
2019:05:06 14:42:23 679633 547.1297
2019:05:06 14:42:23 680310 667.0170
2019:05:06 14:42:23 681532 825.8298
2019:05:06 14:42:23 682341 793.1478
2019:05:06 14:42:23 683169 809.4124
2019:05:06 14:42:23 683978 794.6528
2019:05:06 14:42:23 684799 807.8180
2019:05:06 14:42:23 685225 410.7542
2019:05:06 14:42:23 702012 659.1305
2019:05:06 14:42:23 702820 790.1452
2019:05:06 14:42:23 703639 806.2050
2019:05:06 14:42:23 704063 409.0406
2019:05:06 14:42:23 704480 271.5886
2019:05:06 14:42:23 713480 8596.3793
2019:05:06 14:42:23 714291 793.2670
2019:05:06 14:42:23 714712 402.1823
2019:05:06 14:42:23 715928 815.7343
2019:05:06 14:42:23 716745 800.6580
2019:05:06 14:42:23 733354 16596.5743
2019:05:06 14:42:23 737241 3877.8633
2019:05:06 14:42:23 738067 404.7193
2019:05:06 14:42:23 738889 419.9110
2019:05:06 14:42:23 739711 683.3673
2019:05:06 14:42:23 740527 430.4945
2019:05:06 14:42:23 741328 407.9267
2019:05:06 14:42:23 742155 815.3655
2019:05:06 14:42:23 742574 406.7160
2019:05:06 14:42:23 743377 406.3733
2019:05:06 14:42:23 744193 410.6872
2019:05:06 14:42:23 745022 422.7497
2019:05:06 14:42:23 745862 690.9482
2019:05:06 14:42:23 746655 781.6777
2019:05:06 14:42:23 747084 417.8695
2019:05:06 14:42:23 747899 428.2854
2019:05:06 14:42:23 748705 404.3877
2019:05:06 14:42:23 765362 16253.3745
2019:05:06 14:42:23 765911 400.3718
2019:05:06 14:42:23 766734 419.1101
2019:05:06 14:42:23 767556 418.7524
2019:05:06 14:42:23 768365 657.7596
2019:05:06 14:42:23 769190 813.3166
2019:05:06 14:42:23 769605 397.2724
2019:05:06 14:42:23 770010 261.6569
2019:05:06 14:42:23 770830 418.3911
2019:05:06 14:42:23 771643 410.4301
2019:05:06 14:42:23 772058 259.9284
2019:05:06 14:42:23 772877 418.0409
2019:05:06 14:42:23 808917 11562.2543
2019:05:06 14:42:23 833365 24044.1822
2019:05:06 14:42:23 834316 402.1302
2019:05:06 14:42:23 835140 424.5080
2019:05:06 14:42:23 835941 657.8676
2019:05:06 14:42:23 836758 799.4026
2019:05:06 14:42:23 837187 409.2902
2019:05:06 14:42:23 837996 415.0607
2019:05:06 14:42:23 838806 409.7633
2019:05:06 14:42:23 839236 412.3077
2019:05:06 14:42:23 840044 416.6327
2019:05:06 14:42:23 840855 406.2243
2019:05:06 14:42:23 841278 411.9575
2019:05:06 14:42:23 842493 819.2211
2019:05:06 14:42:23 843312 806.6595
2019:05:06 14:42:23 843731 400.2377
2019:05:06 14:42:23 844553 416.0553
2019:05:06 14:42:23 861362 16411.8521
2019:05:06 14:42:23 862176 807.0916
2019:05:06 14:42:23 863003 820.7373
2019:05:06 14:42:23 863957 565.4953
2019:05:06 14:42:23 865020 1040.7008
2019:05:06 14:42:23 865842 809.6844
2019:05:06 14:42:23 866664 662.8111
2019:05:06 14:42:23 867486 804.0294
2019:05:06 14:42:23 867905 406.0902
2019:05:06 14:42:23 868720 421.7215
2019:05:06 14:42:23 889363 20240.6794
2019:05:06 14:42:23 890410 772.2937
2019:05:06 14:42:23 891228 791.8514
2019:05:06 14:42:23 892054 815.7715
2019:05:06 14:42:23 892482 412.0506
2019:05:06 14:42:23 905157 12284.0963
2019:05:06 14:42:23 921361 16187.6716
2019:05:06 14:42:23 929758 815.5070
2019:05:06 14:42:23 930553 782.5978
2019:05:06 14:42:23 930987 421.4197
2019:05:06 14:42:23 931791 410.5978
2019:05:06 14:42:23 932612 422.0977
2019:05:06 14:42:23 933436 422.7459
2019:05:06 14:42:23 934245 417.4374
2019:05:06 14:42:23 935068 419.6987
2019:05:06 14:42:23 935887 420.0339
2019:05:06 14:42:23 936711 425.8938
2019:05:06 14:42:23 953355 16248.8967
2019:05:06 14:42:23 953914 551.8012
2019:05:06 14:42:23 954724 416.0665
2019:05:06 14:42:23 955550 422.5187
2019:05:06 14:42:23 956362 800.8517
2019:05:06 14:42:23 957184 812.0425
2019:05:06 14:42:23 957601 403.2105
2019:05:06 14:42:23 958402 404.5181
2019:05:06 14:42:23 959219 807.3188
2019:05:06 14:42:23 959640 410.2290
2019:05:06 14:42:23 960451 406.4478
2019:05:06 14:42:23 961266 804.8676
2019:05:06 14:42:23 961701 418.0931
2019:05:06 14:42:23 962498 403.5868
2019:05:06 14:42:23 963315 805.5270
2019:05:06 14:42:23 964134 805.3295
2019:05:06 14:42:23 964960 815.4511
2019:05:06 14:42:23 989365 24394.5345
2019:05:06 14:42:24 25364 24343.3714
2019:05:06 14:42:24 25992 369.8692
2019:05:06 14:42:24 26821 423.2824
2019:05:06 14:42:24 27622 408.2508
2019:05:06 14:42:24 28046 413.2874
2019:05:06 14:42:24 28865 409.9309
2019:05:06 14:42:24 29682 415.4295
2019:05:06 14:42:24 30486 660.2854
2019:05:06 14:42:24 31305 806.8159
2019:05:06 14:42:24 31733 417.3964
2019:05:06 14:42:24 32537 660.4828
2019:05:06 14:42:24 32965 413.2837
2019:05:06 14:42:24 33794 431.4296
2019:05:06 14:42:24 34597 422.2617
2019:05:06 14:42:24 35420 421.8891
2019:05:06 14:42:24 36223 403.1658
2019:05:06 14:42:24 37055 816.4383
2019:05:06 14:42:24 73102 11745.7025
2019:05:06 14:42:24 97670 309.8808
2019:05:06 14:42:24 98509 422.3734
2019:05:06 14:42:24 99314 402.0073
2019:05:06 14:42:24 100142 684.0862
2019:05:06 14:42:24 101355 812.0164
2019:05:06 14:42:24 102176 803.8618
2019:05:06 14:42:24 103408 1219.6973
2019:05:06 14:42:24 104228 808.7568
2019:05:06 14:42:24 105049 809.0027
2019:05:06 14:42:24 105635 183.6419
2019:05:06 14:42:24 106684 422.6007
2019:05:06 14:42:24 107507 422.6863
2019:05:06 14:42:24 108325 674.1509
2019:05:06 14:42:24 133355 24634.5811
2019:05:06 14:42:24 169355 35990.8119
2019:05:06 14:42:24 170182 819.2658
2019:05:06 14:42:24 170993 411.5924
2019:05:06 14:42:24 171806 656.6569
2019:05:06 14:42:24 173021 816.7364
2019:05:06 14:42:24 173844 811.9717
2019:05:06 14:42:24 174658 796.4969
2019:05:06 14:42:24 175477 804.9831
2019:05:06 14:42:24 176296 808.9542
2019:05:06 14:42:24 176723 414.3156
2019:05:06 14:42:24 177530 406.4403
2019:05:06 14:42:24 178359 816.3154
2019:05:06 14:42:24 179164 794.7311
2019:05:06 14:42:24 179591 409.0592
2019:05:06 14:42:24 180406 420.0637
2019:05:06 14:42:24 201363 20559.8995
2019:05:06 14:42:24 202526 1155.0300
2019:05:06 14:42:24 203343 791.9706
2019:05:06 14:42:24 203909 556.2529
2019:05:06 14:42:24 204583 423.3457
2019:05:06 14:42:24 216881 11888.0980
2019:05:06 14:42:24 233365 16097.2960
2019:05:06 14:42:24 241466 425.3015
2019:05:06 14:42:24 242249 397.6040
2019:05:06 14:42:24 242672 409.6255
2019:05:06 14:42:24 243490 424.8954
2019:05:06 14:42:24 244292 409.2455
2019:05:06 14:42:24 244857 549.5660
2019:05:06 14:42:24 245534 420.7790
2019:05:06 14:42:24 246348 415.4295
2019:05:06 14:42:24 247155 409.4467
2019:05:06 14:42:24 247974 804.4317
2019:05:06 14:42:24 248793 803.2136
2019:05:06 14:42:24 249213 404.5479
2019:05:06 14:42:24 266004 647.5225
2019:05:06 14:42:24 266823 793.4794
2019:05:06 14:42:24 267245 412.4716
2019:05:06 14:42:24 268058 424.5453
2019:05:06 14:42:24 268864 409.5696
2019:05:06 14:42:24 269686 402.0892
2019:05:06 14:42:24 270527 421.3527
2019:05:06 14:42:24 271337 419.6502
2019:05:06 14:42:24 272160 427.4920
2019:05:06 14:42:24 273372 819.0498
2019:05:06 14:42:24 274196 813.7748
2019:05:06 14:42:24 275008 800.9188
2019:05:06 14:42:24 275581 551.5777
2019:05:06 14:42:24 276251 421.5762
2019:05:06 14:42:24 297361 20707.4583
2019:05:06 14:42:24 298103 733.9194
2019:05:06 14:42:24 298784 666.5289
2019:05:06 14:42:24 299590 409.4802
2019:05:06 14:42:24 300408 408.3700
2019:05:06 14:42:24 313017 12593.8430
2019:05:06 14:42:24 329363 16116.9320
2019:05:06 14:42:24 337815 398.8445
2019:05:06 14:42:24 338648 420.7939
2019:05:06 14:42:24 339464 416.2081
2019:05:06 14:42:24 339873 398.6843
2019:05:06 14:42:24 340699 415.6791
2019:05:06 14:42:24 353358 12263.0671
2019:05:06 14:42:24 373364 19995.9353
2019:05:06 14:42:24 413354 28407.4098
2019:05:06 14:42:24 414033 668.8721
2019:05:06 14:42:24 415229 818.8449
2019:05:06 14:42:24 415649 401.2138
2019:05:06 14:42:24 416489 828.6200
2019:05:06 14:42:24 417304 436.9169
2019:05:06 14:42:24 418125 639.1704
2019:05:06 14:42:24 419325 819.2882
2019:05:06 14:42:24 420140 805.4487
2019:05:06 14:42:24 420959 807.7063
2019:05:06 14:42:24 445364 24393.1301
2019:05:06 14:42:24 457942 804.9645
2019:05:06 14:42:24 458751 794.7125
2019:05:06 14:42:24 459178 416.7370
2019:05:06 14:42:24 459981 451.5722
2019:05:06 14:42:24 460802 424.8843
2019:05:06 14:42:24 477354 16157.4110
2019:05:06 14:42:24 481286 3924.9696
2019:05:06 14:42:24 482499 814.4416
2019:05:06 14:42:24 483342 822.3392
2019:05:06 14:42:24 484102 749.6402
2019:05:06 14:42:24 484960 829.0336
2019:05:06 14:42:24 485788 794.8950
2019:05:06 14:42:24 486621 472.2252
2019:05:06 14:42:24 487445 423.9306
2019:05:06 14:42:24 488248 412.7473
2019:05:06 14:42:24 489090 436.9766
2019:05:06 14:42:24 489896 416.2155
2019:05:06 14:42:24 490706 453.1294
2019:05:06 14:42:24 491531 430.9565
2019:05:06 14:42:24 492322 395.6258
2019:05:06 14:42:24 509357 16614.0348
2019:05:06 14:42:24 509958 592.5298
2019:05:06 14:42:24 510730 376.8839
2019:05:06 14:42:24 511591 419.5496
2019:05:06 14:42:24 512410 421.1850
2019:05:06 14:42:24 513235 465.6650
2019:05:06 14:42:24 514061 426.0652
2019:05:06 14:42:24 514851 401.8024
2019:05:06 14:42:24 515693 432.3386
2019:05:06 14:42:24 516501 403.4787
2019:05:06 14:42:24 541354 24486.2288
2019:05:06 14:42:24 553386 12021.8545
2019:05:06 14:42:24 554587 850.7706
2019:05:06 14:42:24 555410 798.1881
2019:05:06 14:42:24 556237 812.3703
2019:05:06 14:42:24 557066 432.5472
2019:05:06 14:42:24 577124 3769.2934
2019:05:06 14:42:24 577942 805.0054
2019:05:06 14:42:24 578747 792.4139
2019:05:06 14:42:24 579566 803.3030
2019:05:06 14:42:24 580001 410.0911
2019:05:06 14:42:24 580821 466.4660
2019:05:06 14:42:24 582031 812.6870
2019:05:06 14:42:24 582849 794.5374
2019:05:06 14:42:24 583687 427.5888
2019:05:06 14:42:24 584458 371.1879
2019:05:06 14:42:24 585335 434.4620
2019:05:06 14:42:24 586137 400.0999
2019:05:06 14:42:24 586942 452.5818
2019:05:06 14:42:24 587775 419.5459
2019:05:06 14:42:24 588557 381.3691
2019:05:06 14:42:24 605366 16368.7803
2019:05:06 14:42:24 606205 421.3564
2019:05:06 14:42:24 606978 370.1560
2019:05:06 14:42:24 607439 450.8682
2019:05:06 14:42:24 608262 421.9897
2019:05:06 14:42:24 609056 403.8215
2019:05:06 14:42:24 609880 812.3331
2019:05:06 14:42:24 610308 415.7424
2019:05:06 14:42:24 611070 367.8240
2019:05:06 14:42:24 611926 413.6339
2019:05:06 14:42:24 612742 410.5419
2019:05:06 14:42:24 637355 24598.3675
2019:05:06 14:42:24 649228 11865.5823
2019:05:06 14:42:24 650019 401.7912
2019:05:06 14:42:24 650858 427.5478
2019:05:06 14:42:24 651667 409.5845
2019:05:06 14:42:24 652475 451.2481
2019:05:06 14:42:24 653309 823.8517
2019:05:06 14:42:24 669363 16041.9829
2019:05:06 14:42:24 673786 784.5908
2019:05:06 14:42:24 674553 756.0849
2019:05:06 14:42:24 675018 452.3546
2019:05:06 14:42:24 675836 413.1347
2019:05:06 14:42:24 676609 376.9584
2019:05:06 14:42:24 677458 414.7999
2019:05:06 14:42:24 678276 412.6132
2019:05:06 14:42:24 679092 450.9874
2019:05:06 14:42:24 679912 806.9389
2019:05:06 14:42:24 680337 414.1219
2019:05:06 14:42:24 681158 467.2259
2019:05:06 14:42:24 681979 421.7960
2019:05:06 14:42:24 682769 379.2793
2019:05:06 14:42:24 683630 415.4295
2019:05:06 14:42:24 684791 769.4773
2019:05:06 14:42:24 701363 16555.5179
2019:05:06 14:42:24 702442 798.1062
2019:05:06 14:42:24 702862 411.0932
2019:05:06 14:42:24 703675 457.6631
2019:05:06 14:42:24 704498 418.7375
2019:05:06 14:42:24 709385 4485.9610
2019:05:06 14:42:24 710250 847.0975
2019:05:06 14:42:24 711060 803.8580
2019:05:06 14:42:24 711866 795.8040
2019:05:06 14:42:24 712679 804.3349
2019:05:06 14:42:24 713117 426.5495
2019:05:06 14:42:24 713922 461.5374
2019:05:06 14:42:24 714741 419.7769
2019:05:06 14:42:24 715507 369.7351
2019:05:06 14:42:24 715969 448.5212
2019:05:06 14:42:24 716795 426.3036
2019:05:06 14:42:24 733364 16168.2218
2019:05:06 14:42:24 734409 465.4005
2019:05:06 14:42:24 735244 422.9397
2019:05:06 14:42:24 736023 384.9939
2019:05:06 14:42:24 736877 424.9215
2019:05:06 14:42:24 738048 778.3212
2019:05:06 14:42:24 738903 820.9087
2019:05:06 14:42:24 739725 806.0187
2019:05:06 14:42:24 740557 819.6719
2019:05:06 14:42:24 741765 820.5697
2019:05:06 14:42:24 742591 805.2066
2019:05:06 14:42:24 743403 801.4478
2019:05:06 14:42:24 744219 797.0966
2019:05:06 14:42:24 745054 420.2947
2019:05:06 14:42:24 761834 470.2620
2019:05:06 14:42:24 762623 376.2692
2019:05:06 14:42:24 763489 421.7140
2019:05:06 14:42:24 764308 427.2498
2019:05:06 14:42:24 765131 470.7389
2019:05:06 14:42:24 765939 795.7220
2019:05:06 14:42:24 766706 371.0054
2019:05:06 14:42:24 767581 421.0025
2019:05:06 14:42:24 768388 406.0827
2019:05:06 14:42:24 781049 12285.7094
2019:05:06 14:42:24 781529 466.0264
2019:05:06 14:42:24 782324 414.5838
2019:05:06 14:42:24 783091 368.1630
2019:05:06 14:42:24 783554 425.1003
2019:05:06 14:42:24 784376 426.3185
2019:05:06 14:42:24 785150 377.1968
2019:05:06 14:42:24 785997 413.3433
2019:05:06 14:42:24 786813 409.8117
2019:05:06 14:42:24 787193 368.2747
2019:05:06 14:42:24 788052 416.6216
2019:05:06 14:42:24 788861 410.1358
2019:05:06 14:42:24 789253 368.2189
2019:05:06 14:42:24 813804 449.3706
2019:05:06 14:42:24 814682 403.8513
2019:05:06 14:42:24 815494 416.0702
2019:05:06 14:42:24 816309 453.9117
2019:05:06 14:42:24 849354 33032.7041
2019:05:06 14:42:24 853205 3842.7562
2019:05:06 14:42:24 854395 813.4395
2019:05:06 14:42:24 855213 805.5530
2019:05:06 14:42:24 856032 807.8329
2019:05:06 14:42:24 856461 408.5302
2019:05:06 14:42:24 857272 451.9038
2019:05:06 14:42:24 858098 421.5650
2019:05:06 14:42:24 858861 371.1581
2019:05:06 14:42:24 859330 459.4587
2019:05:06 14:42:24 860538 802.0923
2019:05:06 14:42:24 885353 24796.2736
2019:05:06 14:42:24 885956 593.7144
2019:05:06 14:42:24 886769 424.5862
2019:05:06 14:42:24 887531 368.8559
2019:05:06 14:42:24 887994 418.0148
2019:05:06 14:42:24 888826 419.7322
2019:05:06 14:42:24 924882 3526.9447
2019:05:06 14:42:24 937355 12100.5103
2019:05:06 14:42:24 973363 36000.5349
2019:05:06 14:42:24 974421 833.8615
2019:05:06 14:42:24 975236 421.0696
2019:05:06 14:42:24 976042 451.0358
2019:05:06 14:42:24 976862 804.2715
2019:05:06 14:42:24 977290 412.3934
2019:05:06 14:42:24 978099 447.3068
2019:05:06 14:42:24 978918 805.9926
2019:05:06 14:42:24 979703 378.5789
2019:05:06 14:42:24 980566 423.8151
2019:05:06 14:42:24 981382 413.4886
2019:05:06 14:42:24 982196 802.7293
2019:05:06 14:42:24 983017 420.5443
2019:05:06 14:42:24 983808 387.6276
2019:05:06 14:42:24 984645 411.0225
2019:05:06 14:42:25 13366 28314.9257
2019:05:06 14:42:25 14506 759.4638
2019:05:06 14:42:25 15364 823.2966
2019:05:06 14:42:25 16187 804.7968
2019:05:06 14:42:25 17015 455.7110
2019:05:06 14:42:25 17827 794.5821
2019:05:06 14:42:25 18611 377.0180
2019:05:06 14:42:25 19473 415.9994
2019:05:06 14:42:25 20285 408.3402
2019:05:06 14:42:25 20678 377.4650
2019:05:06 14:42:25 37889 520.7881
2019:05:06 14:42:25 38705 802.7330
2019:05:06 14:42:25 39094 377.2564
2019:05:06 14:42:25 39938 410.1731
2019:05:06 14:42:25 40761 417.4039
2019:05:06 14:42:25 41578 806.6669
2019:05:06 14:42:25 42400 809.3491
2019:05:06 14:42:25 42828 410.9368
2019:05:06 14:42:25 43642 451.5722
2019:05:06 14:42:25 44850 809.0809
2019:05:06 14:42:25 69365 24499.9342
2019:05:06 14:42:25 81732 413.4960
2019:05:06 14:42:25 82548 464.6964
2019:05:06 14:42:25 83359 795.8934
2019:05:06 14:42:25 84144 376.2953
2019:05:06 14:42:25 85017 426.9332
2019:05:06 14:42:25 105075 3720.6151
2019:05:06 14:42:25 105900 418.5028
2019:05:06 14:42:25 106672 362.4149
2019:05:06 14:42:25 107529 419.7024
2019:05:06 14:42:25 108350 416.8376
2019:05:06 14:42:25 109170 462.0701
2019:05:06 14:42:25 109982 801.7533
2019:05:06 14:42:25 110757 762.3062
2019:05:06 14:42:25 111222 453.8372
2019:05:06 14:42:25 112048 428.8778
2019:05:06 14:42:25 112824 388.6670
2019:05:06 14:42:25 113688 433.7020
2019:05:06 14:42:25 114483 405.5500
2019:05:06 14:42:25 115309 456.7280
2019:05:06 14:42:25 116128 808.7046
2019:05:06 14:42:25 116903 759.7767
2019:05:06 14:42:25 133362 16442.2207
2019:05:06 14:42:25 134163 395.1602
2019:05:06 14:42:25 134966 406.5558
2019:05:06 14:42:25 135781 801.8911
2019:05:06 14:42:25 136600 805.0464
2019:05:06 14:42:25 137372 751.6555
2019:05:06 14:42:25 137847 448.7671
2019:05:06 14:42:25 139054 809.0325
2019:05:06 14:42:25 139872 805.9517
2019:05:06 14:42:25 140700 812.2697
2019:05:06 14:42:25 165361 24649.8063
2019:05:06 14:42:25 177575 12203.8350
2019:05:06 14:42:25 178335 739.7681
2019:05:06 14:42:25 178807 460.6694
2019:05:06 14:42:25 179626 417.5529
2019:05:06 14:42:25 180395 366.4643
2019:05:06 14:42:25 180855 433.1768
2019:05:06 14:42:25 197365 16112.3015
2019:05:06 14:42:25 201730 414.9117
2019:05:06 14:42:25 202547 414.4311
2019:05:06 14:42:25 203366 456.2624
2019:05:06 14:42:25 204185 804.2902
2019:05:06 14:42:25 204960 764.4258
2019:05:06 14:42:25 205429 438.2096
2019:05:06 14:42:25 206642 801.0343
2019:05:06 14:42:25 207465 796.1579
2019:05:06 14:42:25 208287 418.5848
2019:05:06 14:42:25 209096 407.6324
2019:05:06 14:42:25 209937 430.9453
2019:05:06 14:42:25 210752 428.5537
2019:05:06 14:42:25 211566 460.5278
2019:05:06 14:42:25 212387 415.0309
2019:05:06 14:42:25 229371 16583.5731
2019:05:06 14:42:25 230400 418.3874
2019:05:06 14:42:25 231214 406.0008
2019:05:06 14:42:25 231600 373.3300
2019:05:06 14:42:25 232454 415.2916
2019:05:06 14:42:25 233279 424.6980
2019:05:06 14:42:25 234090 458.8738
2019:05:06 14:42:25 234915 426.2663
2019:05:06 14:42:25 235686 372.3949
2019:05:06 14:42:25 236541 417.0835
2019:05:06 14:42:25 265355 28411.2506
2019:05:06 14:42:25 273020 7656.0788
2019:05:06 14:42:25 274214 801.7719
2019:05:06 14:42:25 275034 807.4529
2019:05:06 14:42:25 275852 805.8399
2019:05:06 14:42:25 276275 411.8383
2019:05:06 14:42:25 277081 452.1981
2019:05:06 14:42:25 301363 24268.3068
2019:05:06 14:42:25 302483 798.5011
2019:05:06 14:42:25 302902 409.6925
2019:05:06 14:42:25 303711 451.8703
2019:05:06 14:42:25 304530 809.6620
2019:05:06 14:42:25 305308 375.2522
2019:05:06 14:42:25 306171 415.1501
2019:05:06 14:42:25 306994 415.1538
2019:05:06 14:42:25 307807 455.8899
2019:05:06 14:42:25 308626 809.1889
2019:05:06 14:42:25 337354 28718.2331
2019:05:06 14:42:25 345494 8131.4705
2019:05:06 14:42:25 346270 739.8948
2019:05:06 14:42:25 346728 447.3887
2019:05:06 14:42:25 347548 409.7186
2019:05:06 14:42:25 348313 367.0380
2019:05:06 14:42:25 348776 453.2263
2019:05:06 14:42:25 373364 24180.5315
2019:05:06 14:42:25 374167 405.9523
2019:05:06 14:42:25 374937 371.8175
2019:05:06 14:42:25 375799 417.6050
2019:05:06 14:42:25 376619 413.4327
2019:05:06 14:42:25 377433 453.6659
2019:05:06 14:42:25 378251 806.4769
2019:05:06 14:42:25 379032 770.7141
2019:05:06 14:42:25 379494 451.2407
2019:05:06 14:42:25 380311 415.0979
2019:05:06 14:42:25 413364 32649.5878
2019:05:06 14:42:25 417604 407.0960
2019:05:06 14:42:25 418416 464.4394
2019:05:06 14:42:25 419622 814.4565
2019:05:06 14:42:25 420438 801.9656
2019:05:06 14:42:25 421269 815.4139
2019:05:06 14:42:25 421692 412.5424
2019:05:06 14:42:25 422500 465.5123
2019:05:06 14:42:25 423316 800.2147
2019:05:06 14:42:25 423737 409.7037
2019:05:06 14:42:25 424544 458.8775
2019:05:06 14:42:25 449354 24798.5981
2019:05:06 14:42:25 449952 589.9146
2019:05:06 14:42:25 450365 402.7672
2019:05:06 14:42:25 451183 474.4567
2019:05:06 14:42:25 451999 426.6724
2019:05:06 14:42:25 452768 374.5146
2019:05:06 14:42:25 465524 471.4690
2019:05:06 14:42:25 466315 778.3063
2019:05:06 14:42:25 466745 413.2949
2019:05:06 14:42:25 467547 456.7169
2019:05:06 14:42:25 468366 806.9463
2019:05:06 14:42:25 469134 756.5282
2019:05:06 14:42:25 485364 16218.5133
2019:05:06 14:42:25 489641 385.7315
2019:05:06 14:42:25 490890 813.6183
2019:05:06 14:42:25 491659 755.6565
2019:05:06 14:42:25 492129 458.7919
2019:05:06 14:42:25 492957 426.4973
2019:05:06 14:42:25 493709 358.0563
2019:05:06 14:42:25 494177 457.2161
2019:05:06 14:42:25 495000 420.8274
2019:05:06 14:42:25 495773 374.1160
2019:05:06 14:42:25 496634 419.0803
2019:05:06 14:42:25 497449 412.3040
2019:05:06 14:42:25 497821 360.4293
2019:05:06 14:42:25 498681 412.2034
2019:05:06 14:42:25 499495 409.9719
2019:05:06 14:42:25 499899 388.3839
2019:05:06 14:42:25 500733 418.7338
2019:05:06 14:42:25 517922 567.4250
2019:05:06 14:42:25 518738 800.5947
2019:05:06 14:42:25 519560 810.9063
2019:05:06 14:42:25 520330 758.3573
2019:05:06 14:42:25 520799 458.9558
2019:05:06 14:42:25 521626 417.6535
2019:05:06 14:42:25 522397 369.4370
2019:05:06 14:42:25 523257 417.1245
2019:05:06 14:42:25 524069 410.3892
2019:05:06 14:42:25 524441 360.7497
2019:05:06 14:42:25 549362 24477.1615
2019:05:06 14:42:25 561334 11962.1977
2019:05:06 14:42:25 562169 416.3422
2019:05:06 14:42:25 562996 417.5231
2019:05:06 14:42:25 563804 463.0424
2019:05:06 14:42:25 564625 807.1326
2019:05:06 14:42:25 581354 16322.2402
2019:05:06 14:42:25 585535 4171.4273
2019:05:06 14:42:25 586336 468.0976
2019:05:06 14:42:25 587154 418.1266
2019:05:06 14:42:25 587915 363.7932
2019:05:06 14:42:25 588393 465.9630
2019:05:06 14:42:25 589226 442.9296
2019:05:06 14:42:25 589971 359.6134
2019:05:06 14:42:25 590432 449.9666
2019:05:06 14:42:25 591263 416.6961
2019:05:06 14:42:25 592026 371.6499
2019:05:06 14:42:25 592888 419.2442
2019:05:06 14:42:25 593719 431.2806
2019:05:06 14:42:25 594526 468.3770
2019:05:06 14:42:25 595338 800.8145
2019:05:06 14:42:25 595758 409.7298
2019:05:06 14:42:25 596565 458.2368
2019:05:06 14:42:25 613364 16787.9984
2019:05:06 14:42:25 614178 805.3668
2019:05:06 14:42:25 614550 356.7077
2019:05:06 14:42:25 615412 413.7382
2019:05:06 14:42:25 616226 409.8974
2019:05:06 14:42:25 616632 396.0207
2019:05:06 14:42:25 617462 417.8174
2019:05:06 14:42:25 618279 411.2646
2019:05:06 14:42:25 618677 382.0695
2019:05:06 14:42:25 619524 429.0827
2019:05:06 14:42:25 620333 422.1015
2019:05:06 14:42:25 645355 24670.1352
2019:05:06 14:42:25 657564 12201.2682
2019:05:06 14:42:25 658409 832.1032
2019:05:06 14:42:25 659228 803.6643
2019:05:06 14:42:25 659608 369.1092
2019:05:06 14:42:25 660469 418.6034
2019:05:06 14:42:25 661279 405.9002
2019:05:06 14:42:25 677372 16081.8659
2019:05:06 14:42:25 681772 410.3594
2019:05:06 14:42:25 682582 459.2873
2019:05:06 14:42:25 683402 802.7777
2019:05:06 14:42:25 683828 411.9873
2019:05:06 14:42:25 684632 454.5711
2019:05:06 14:42:25 685457 421.9934
2019:05:06 14:42:25 686225 369.9176
2019:05:06 14:42:25 686687 450.9352
2019:05:06 14:42:25 687500 417.6758
2019:05:06 14:42:25 688258 359.7923
2019:05:06 14:42:25 688735 462.5469
2019:05:06 14:42:25 713363 24232.9799
2019:05:06 14:42:25 714529 789.6535
2019:05:06 14:42:25 715344 800.2780
2019:05:06 14:42:25 716171 815.4139
2019:05:06 14:42:25 716934 751.5401
2019:05:06 14:42:25 749363 32413.6317
2019:05:06 14:42:25 753456 387.8400
2019:05:06 14:42:25 754670 856.5187
2019:05:06 14:42:25 755487 796.2696
2019:05:06 14:42:25 756305 458.5423
2019:05:06 14:42:25 757127 415.8653
2019:05:06 14:42:25 757899 361.8188
2019:05:06 14:42:25 758766 416.5918
2019:05:06 14:42:25 759585 415.5040
2019:05:06 14:42:25 760397 455.7557
2019:05:06 14:42:25 761217 810.5189
2019:05:06 14:42:25 785363 24136.9344
2019:05:06 14:42:25 786217 426.1956
2019:05:06 14:42:25 787437 849.2991
2019:05:06 14:42:25 788614 1150.5559
2019:05:06 14:42:25 821355 32723.7807
2019:05:06 14:42:25 825477 4114.1286
2019:05:06 14:42:25 825970 447.2136
2019:05:06 14:42:25 826776 414.5280
2019:05:06 14:42:25 827536 361.7778
2019:05:06 14:42:25 828404 424.5751
2019:05:06 14:42:25 829230 427.8161
2019:05:06 14:42:25 830037 455.4987
2019:05:06 14:42:25 830854 418.6034
2019:05:06 14:42:25 831611 359.7550
2019:05:06 14:42:25 832082 459.8312
2019:05:06 14:42:25 832901 417.7764
2019:05:06 14:42:25 857352 24052.1692
2019:05:06 14:42:25 857910 548.9215
2019:05:06 14:42:25 858717 457.6966
2019:05:06 14:42:25 859924 799.0189
2019:05:06 14:42:25 860747 807.2853
2019:05:06 14:42:25 917364 56602.0906
2019:05:06 14:42:25 921744 369.8952
2019:05:06 14:42:25 922605 415.7573
2019:05:06 14:42:25 923426 418.2458
2019:05:06 14:42:25 924251 470.4520
2019:05:06 14:42:25 925072 421.3676
2019:05:06 14:42:25 925863 393.5434
2019:05:06 14:42:25 926703 420.3469
2019:05:06 14:42:25 927867 768.5646
2019:05:06 14:42:25 928341 463.9551
2019:05:06 14:42:25 929165 418.5811
2019:05:06 14:42:25 945126 3771.6143
2019:05:06 14:42:25 945937 401.2398
2019:05:06 14:42:25 946761 465.3446
2019:05:06 14:42:25 947577 805.6127
2019:05:06 14:42:25 948347 759.7543
2019:05:06 14:42:25 948824 465.0131
2019:05:06 14:42:25 949642 421.1068
2019:05:06 14:42:25 950415 377.2415
2019:05:06 14:42:25 951270 422.1760
2019:05:06 14:42:25 952083 413.6376
2019:05:06 14:42:25 952468 369.2172
2019:05:06 14:42:25 953308 407.4983
2019:05:06 14:42:25 977364 24043.9139
2019:05:06 14:42:25 978303 806.8904
2019:05:06 14:42:25 979070 756.2190
2019:05:06 14:42:25 979546 462.6103
2019:05:06 14:42:25 980362 417.1245
2019:05:06 14:42:26 13356 32598.6147
2019:05:06 14:42:26 17237 3871.8134
2019:05:06 14:42:26 18031 382.6767
2019:05:06 14:42:26 18862 414.2858
2019:05:06 14:42:26 19684 424.7762
2019:05:06 14:42:26 20495 467.5984
2019:05:06 14:42:26 21312 416.3757
2019:05:06 14:42:26 22080 362.0796
2019:05:06 14:42:26 22943 848.1108
2019:05:06 14:42:26 23764 802.9714
2019:05:06 14:42:26 24574 795.2452
2019:05:06 14:42:26 49354 24767.3392
2019:05:06 14:42:26 49991 629.3245
2019:05:06 14:42:26 50739 736.5122
2019:05:06 14:42:26 51223 458.9111
2019:05:06 14:42:26 52032 420.4586
2019:05:06 14:42:26 52810 369.2210
2019:05:06 14:42:26 88927 3566.4849
2019:05:06 14:42:26 89676 379.5885
2019:05:06 14:42:26 90540 431.6531
2019:05:06 14:42:26 91697 766.6759
2019:05:06 14:42:26 92566 816.5166
2019:05:06 14:42:26 93407 821.9369
2019:05:06 14:42:26 94215 796.4224
2019:05:06 14:42:26 95437 819.1131
2019:05:06 14:42:26 96274 812.9701
2019:05:06 14:42:26 121354 25068.1192
2019:05:06 14:42:26 122085 722.0730
2019:05:06 14:42:26 122902 483.2856
2019:05:06 14:42:26 123719 411.0970
2019:05:06 14:42:26 124487 373.1325
2019:05:06 14:42:26 137252 12330.3197
2019:05:06 14:42:26 161332 7977.7241
2019:05:06 14:42:26 161817 469.0960
2019:05:06 14:42:26 162632 421.6842
2019:05:06 14:42:26 163383 361.9082
2019:05:06 14:42:26 163848 454.2470
2019:05:06 14:42:26 164679 417.4113
2019:05:06 14:42:26 165441 365.5776
2019:05:06 14:42:26 166305 419.9483
2019:05:06 14:42:26 167133 427.4175
2019:05:06 14:42:26 167939 468.5037
2019:05:06 14:42:26 168774 430.1742
2019:05:06 14:42:26 185355 16188.8301
2019:05:06 14:42:26 185950 586.4501
2019:05:06 14:42:26 186779 417.0053
2019:05:06 14:42:26 187596 418.4544
2019:05:06 14:42:26 187972 357.1510
2019:05:06 14:42:26 188831 414.9526
2019:05:06 14:42:26 189653 419.9892
2019:05:06 14:42:26 190474 462.1632
2019:05:06 14:42:26 191294 424.5862
2019:05:06 14:42:26 192056 373.6690
2019:05:06 14:42:26 192914 413.4327
2019:05:06 14:42:26 193736 414.7179
2019:05:06 14:42:26 194562 798.1025
2019:05:06 14:42:26 195400 828.5232
2019:05:06 14:42:26 196166 383.5298
2019:05:06 14:42:26 197023 426.9704
2019:05:06 14:42:26 217896 541.6758
2019:05:06 14:42:26 218666 744.4508
2019:05:06 14:42:26 219544 412.9075
2019:05:06 14:42:26 220364 416.9419
2019:05:06 14:42:26 233020 12295.6783
2019:05:06 14:42:26 257227 7872.7342
2019:05:06 14:42:26 258054 814.6390
2019:05:06 14:42:26 258860 794.0456
2019:05:06 14:42:26 259636 364.2775
2019:05:06 14:42:26 260504 415.0271
2019:05:06 14:42:26 261317 406.9023
2019:05:06 14:42:26 262136 808.7642
2019:05:06 14:42:26 262956 810.9026
2019:05:06 14:42:26 263722 750.1207
2019:05:06 14:42:26 264200 462.7220
2019:05:06 14:42:26 265016 414.8334
2019:05:06 14:42:26 281807 450.9017
2019:05:06 14:42:26 282630 471.0071
2019:05:06 14:42:26 283844 819.1168
2019:05:06 14:42:26 284663 804.4764
2019:05:06 14:42:26 285500 819.6011
2019:05:06 14:42:26 286272 757.4111
2019:05:06 14:42:26 287125 418.4321
2019:05:06 14:42:26 287946 420.4921
2019:05:06 14:42:26 288769 467.1440
2019:05:06 14:42:26 289614 449.2924
2019:05:06 14:42:26 290360 372.8792
2019:05:06 14:42:26 291224 419.1473
2019:05:06 14:42:26 292035 409.5174
2019:05:06 14:42:26 292403 354.0926
2019:05:06 14:42:26 309358 16506.0759
2019:05:06 14:42:26 317444 8079.1526
2019:05:06 14:42:26 318260 421.5240
2019:05:06 14:42:26 319019 361.1110
2019:05:06 14:42:26 319489 460.0883
2019:05:06 14:42:26 320315 420.8162
2019:05:06 14:42:26 321080 373.0431
2019:05:06 14:42:26 321942 412.2667
2019:05:06 14:42:26 322770 423.1893
2019:05:06 14:42:26 323573 790.9797
2019:05:06 14:42:26 324393 807.4120
2019:05:06 14:42:26 324823 414.5950
2019:05:06 14:42:26 341353 16175.8475
2019:05:06 14:42:26 342011 648.9642
2019:05:06 14:42:26 342829 805.0799
2019:05:06 14:42:26 343257 417.1655
2019:05:06 14:42:26 344060 451.6356
2019:05:06 14:42:26 344896 824.5483
2019:05:06 14:42:26 345659 756.0365
2019:05:06 14:42:26 346510 825.8224
2019:05:06 14:42:26 347326 800.2073
2019:05:06 14:42:26 348153 805.5419
2019:05:06 14:42:26 348971 807.5833
2019:05:06 14:42:26 349405 420.1978
2019:05:06 14:42:26 350613 418.1117
2019:05:06 14:42:26 351426 407.1519
2019:05:06 14:42:26 351836 394.5120
2019:05:06 14:42:26 352662 419.2181
2019:05:06 14:42:26 377365 24301.6742
2019:05:06 14:42:26 413368 24242.5799
2019:05:06 14:42:26 414116 412.3934
2019:05:06 14:42:26 414922 417.8807
2019:05:06 14:42:26 415741 467.8108
2019:05:06 14:42:26 416565 426.9034
2019:05:06 14:42:26 417340 385.8805
2019:05:06 14:42:26 418183 833.1798
2019:05:06 14:42:26 419003 799.5851
2019:05:06 14:42:26 419828 801.4590
2019:05:06 14:42:26 420645 807.7845
2019:05:06 14:42:26 421422 368.8335
2019:05:06 14:42:26 422285 415.9510
2019:05:06 14:42:26 423109 420.0861
2019:05:06 14:42:26 423916 458.2219
2019:05:06 14:42:26 424736 805.1023
2019:05:06 14:42:26 449363 24615.9360
2019:05:06 14:42:26 485354 24151.2321
2019:05:06 14:42:26 486173 808.2129
2019:05:06 14:42:26 486602 418.2570
2019:05:06 14:42:26 487407 454.9138
2019:05:06 14:42:26 488229 417.8360
2019:05:06 14:42:26 489023 383.1722
2019:05:06 14:42:26 489863 832.9600
2019:05:06 14:42:26 490678 799.5628
2019:05:06 14:42:26 491087 396.2927
2019:05:06 14:42:26 491928 423.1855
2019:05:06 14:42:26 492737 403.8699
2019:05:06 14:42:26 493549 457.5625
2019:05:06 14:42:26 494375 808.5407
2019:05:06 14:42:26 495135 748.5896
2019:05:06 14:42:26 495607 460.8035
2019:05:06 14:42:26 496822 802.4685
2019:05:06 14:42:26 521362 24528.7232
2019:05:06 14:42:26 533306 394.7169
2019:05:06 14:42:26 557851 495.3705
2019:05:06 14:42:26 558634 759.9816
2019:05:06 14:42:26 559100 450.2982
2019:05:06 14:42:26 559918 426.4675
2019:05:06 14:42:26 560675 363.3872
2019:05:06 14:42:26 561153 466.5256
2019:05:06 14:42:26 562355 800.2482
2019:05:06 14:42:26 563176 797.3351
2019:05:06 14:42:26 563994 802.1593
2019:05:06 14:42:26 564420 414.2225
2019:05:06 14:42:26 565221 457.4470
2019:05:06 14:42:26 566049 817.3138
2019:05:06 14:42:26 566470 408.7389
2019:05:06 14:42:26 567273 454.1613
2019:05:06 14:42:26 568093 808.3545
2019:05:06 14:42:26 568859 754.6768
2019:05:06 14:42:26 585364 16492.4935
2019:05:06 14:42:26 586529 787.2134
2019:05:06 14:42:26 587297 751.0483
2019:05:06 14:42:26 587775 457.1006
2019:05:06 14:42:26 588577 406.6825
2019:05:06 14:42:26 589354 759.5755
2019:05:06 14:42:26 590211 844.9852
2019:05:06 14:42:26 591026 801.6601
2019:05:06 14:42:26 591844 454.9474
2019:05:06 14:42:26 592665 808.2390
2019:05:06 14:42:26 617355 24678.2191
2019:05:06 14:42:26 629151 11786.8111
2019:05:06 14:42:26 630297 744.4955
2019:05:06 14:42:26 630771 454.6754
2019:05:06 14:42:26 631597 428.9001
2019:05:06 14:42:26 632358 369.8207
2019:05:06 14:42:26 632824 451.8256
2019:05:06 14:42:26 649364 16137.3578
2019:05:06 14:42:26 653712 425.8119
2019:05:06 14:42:26 654541 434.4434
2019:05:06 14:42:26 655348 472.0725
2019:05:06 14:42:26 656171 420.4921
2019:05:06 14:42:26 656937 369.4370
2019:05:06 14:42:26 657798 414.5317
2019:05:06 14:42:26 658613 415.2767
2019:05:06 14:42:26 659426 792.7641
2019:05:06 14:42:26 660246 802.0140
2019:05:06 14:42:26 661028 761.3041
2019:05:06 14:42:26 661502 463.0648
2019:05:06 14:42:26 662307 419.4006
2019:05:06 14:42:26 663063 359.8854
2019:05:06 14:42:26 663532 454.4035
2019:05:06 14:42:26 664358 423.1483
2019:05:06 14:42:26 681358 16608.3351
2019:05:06 14:42:26 681969 603.4747
2019:05:06 14:42:26 682792 418.3948
2019:05:06 14:42:26 683543 740.1742
2019:05:06 14:42:26 684026 462.9195
2019:05:06 14:42:26 685241 819.0013
2019:05:06 14:42:26 686056 804.3647
2019:05:06 14:42:26 686883 805.1880
2019:05:06 14:42:26 687647 364.3259
2019:05:06 14:42:26 688521 421.6693
2019:05:06 14:42:26 713355 24430.9977
2019:05:06 14:42:26 725402 12040.1233
2019:05:06 14:42:26 726229 446.1668
2019:05:06 14:42:26 727021 460.5427
2019:05:06 14:42:26 727834 802.8448
2019:05:06 14:42:26 728257 411.8159
2019:05:06 14:42:26 729063 455.8563
2019:05:06 14:42:26 745362 16289.3906
2019:05:06 14:42:26 749949 843.0146
2019:05:06 14:42:26 750768 792.2240
2019:05:06 14:42:26 751184 393.0852
2019:05:06 14:42:26 752020 419.9035
2019:05:06 14:42:26 752822 404.2797
2019:05:06 14:42:26 753653 470.5489
2019:05:06 14:42:26 754468 805.0092
2019:05:06 14:42:26 755229 365.7155
2019:05:06 14:42:26 756105 420.4586
2019:05:06 14:42:26 756931 425.6926
2019:05:06 14:42:26 757746 475.0825
2019:05:06 14:42:26 758561 413.0676
2019:05:06 14:42:26 759326 368.7255
2019:05:06 14:42:26 760186 409.3386
2019:05:06 14:42:26 777359 16767.5912
2019:05:06 14:42:26 777779 411.8271
2019:05:06 14:42:26 778625 421.0584
2019:05:06 14:42:26 779441 409.8788
2019:05:06 14:42:26 779826 373.3076
2019:05:06 14:42:26 780684 423.4985
2019:05:06 14:42:26 781503 407.2785
2019:05:06 14:42:26 782323 469.9454
2019:05:06 14:42:26 783143 421.7289
2019:05:06 14:42:26 783912 375.2261
2019:05:06 14:42:26 784764 415.9994
2019:05:06 14:42:26 797888 511.8996
2019:05:06 14:42:26 798695 800.5127
2019:05:06 14:42:26 799515 806.9724
2019:05:06 14:42:26 800281 754.4346
2019:05:06 14:42:26 800759 463.8992
2019:05:06 14:42:26 801572 404.1828
2019:05:06 14:42:26 802338 364.3520
2019:05:06 14:42:26 802807 457.4880
2019:05:06 14:42:26 803621 416.2863
2019:05:06 14:42:26 804387 370.0927
2019:05:06 14:42:26 804857 454.6754
2019:05:06 14:42:26 806065 804.4541
2019:05:06 14:42:26 806887 805.4487
2019:05:06 14:42:26 807716 802.8112
2019:05:06 14:42:26 808477 748.6083
2019:05:06 14:42:26 833355 24859.3502
2019:05:06 14:42:26 837157 3792.6473
2019:05:06 14:42:26 838020 418.6444
2019:05:06 14:42:26 838830 410.0464
2019:05:06 14:42:26 839210 369.1278
2019:05:06 14:42:26 840059 410.6015
2019:05:06 14:42:26 840478 407.6287
2019:05:06 14:42:26 841237 363.6479
2019:05:06 14:42:26 841714 459.8238
2019:05:06 14:42:26 842513 406.0529
2019:05:06 14:42:26 843280 756.0253
2019:05:06 14:42:26 843753 462.1893
2019:05:06 14:42:26 844568 418.2719
2019:05:06 14:42:26 869355 24388.9987
2019:05:06 14:42:26 905355 35992.4436
2019:05:06 14:42:26 906024 660.5946
2019:05:06 14:42:26 907226 805.7021
2019:05:06 14:42:26 908047 810.7051
2019:05:06 14:42:26 908467 409.3051
2019:05:06 14:42:26 909269 457.5513
2019:05:06 14:42:26 910090 809.0883
2019:05:06 14:42:26 910861 759.0987
2019:05:06 14:42:26 911737 419.3932
2019:05:06 14:42:26 912556 415.7573
2019:05:06 14:42:26 913370 460.2335
2019:05:06 14:42:26 914189 807.0171
2019:05:06 14:42:26 914613 415.1575
2019:05:06 14:42:26 915424 462.6587
2019:05:06 14:42:26 916236 801.8911
2019:05:06 14:42:26 941354 25107.1565
2019:05:06 14:42:26 977365 36002.9563
2019:05:06 14:42:26 978457 363.9795
2019:05:06 14:42:26 979320 415.2395
2019:05:06 14:42:26 980147 409.2008
2019:05:06 14:42:26 980959 802.5579
2019:05:06 14:42:26 981790 814.9184
2019:05:06 14:42:26 982563 382.1068
2019:05:06 14:42:26 983429 422.6081
2019:05:06 14:42:26 984251 426.0466
2019:05:06 14:42:26 985064 461.7013
2019:05:06 14:42:26 985891 417.9738
2019:05:06 14:42:26 986661 371.4971
2019:05:06 14:42:26 987527 422.8354
2019:05:06 14:42:26 988350 427.8123
2019:05:06 14:42:27 5364 16668.3160
2019:05:06 14:42:27 6342 969.8272
2019:05:06 14:42:27 7129 775.9258
2019:05:06 14:42:27 7994 854.4065
2019:05:06 14:42:27 8804 796.1988
2019:05:06 14:42:27 13362 4198.5661
2019:05:06 14:42:27 25556 12186.5720
2019:05:06 14:42:27 26411 807.4418
2019:05:06 14:42:27 27231 801.8017
2019:05:06 14:42:27 27610 364.4377
2019:05:06 14:42:27 28474 422.6491
2019:05:06 14:42:27 29294 410.6164
2019:05:06 14:42:27 33365 4061.0097
2019:05:06 14:42:27 34209 465.5905
2019:05:06 14:42:27 35423 809.9601
2019:05:06 14:42:27 36243 808.3768
2019:05:06 14:42:27 61354 25099.7245
2019:05:06 14:42:27 73518 12154.8474
2019:05:06 14:42:27 74334 791.8440
2019:05:06 14:42:27 75150 804.7670
2019:05:06 14:42:27 75974 802.2413
2019:05:06 14:42:27 76408 415.8244
2019:05:06 14:42:27 77214 460.0137
2019:05:06 14:42:27 85368 8143.2238
2019:05:06 14:42:27 97279 377.2713
2019:05:06 14:42:27 98101 405.1737
2019:05:06 14:42:27 98919 401.1728
2019:05:06 14:42:27 99318 389.0954
2019:05:06 14:42:27 100151 417.8323
2019:05:06 14:42:27 100963 408.2955
2019:05:06 14:42:27 117370 16397.0552
2019:05:06 14:42:27 121819 377.9083
2019:05:06 14:42:27 122668 415.7014
2019:05:06 14:42:27 123482 409.2902
2019:05:06 14:42:27 124305 808.1086
2019:05:06 14:42:27 125121 803.2359
2019:05:06 14:42:27 125550 415.7871
2019:05:06 14:42:27 126352 454.2805
2019:05:06 14:42:27 127168 804.8527
2019:05:06 14:42:27 127963 778.9060
2019:05:06 14:42:27 128420 450.2796
2019:05:06 14:42:27 129233 423.0179
2019:05:06 14:42:27 129991 355.5790
2019:05:06 14:42:27 130467 430.6622
2019:05:06 14:42:27 131678 813.0185
2019:05:06 14:42:27 132492 794.7162
2019:05:06 14:42:27 149359 16851.9840
2019:05:06 14:42:27 150476 1109.6783
2019:05:06 14:42:27 150953 463.5155
2019:05:06 14:42:27 151775 420.3506
2019:05:06 14:42:27 152538 373.7547
2019:05:06 14:42:27 153408 424.6794
2019:05:06 14:42:27 154224 414.3417
2019:05:06 14:42:27 155050 477.6493
2019:05:06 14:42:27 156257 809.7291
2019:05:06 14:42:27 181360 25084.1752
2019:05:06 14:42:27 193519 12152.8134
2019:05:06 14:42:27 194343 413.7680
2019:05:06 14:42:27 195162 412.5349
2019:05:06 14:42:27 195532 358.8833
2019:05:06 14:42:27 196397 413.6898
2019:05:06 14:42:27 197219 422.3734
2019:05:06 14:42:27 217288 3933.5862
2019:05:06 14:42:27 218049 732.5038
2019:05:06 14:42:27 218919 818.5655
2019:05:06 14:42:27 219735 795.2377
2019:05:06 14:42:27 220121 363.0780
2019:05:06 14:42:27 220979 419.6055
2019:05:06 14:42:27 221802 425.1488
2019:05:06 14:42:27 222618 472.8548
2019:05:06 14:42:27 223443 422.4107
2019:05:06 14:42:27 224209 372.1900
2019:05:06 14:42:27 225072 420.5927
2019:05:06 14:42:27 225883 406.4068
2019:05:06 14:42:27 226254 355.8286
2019:05:06 14:42:27 227109 409.3945
2019:05:06 14:42:27 227925 408.6234
2019:05:06 14:42:27 228306 366.4903
2019:05:06 14:42:27 245368 16621.5748
2019:05:06 14:42:27 246372 996.3475
2019:05:06 14:42:27 247186 807.7845
2019:05:06 14:42:27 248010 813.3948
2019:05:06 14:42:27 248776 756.4574
2019:05:06 14:42:27 249249 458.5646
2019:05:06 14:42:27 250461 807.1363
2019:05:06 14:42:27 251275 792.2873
2019:05:06 14:42:27 252107 418.8828
2019:05:06 14:42:27 252887 382.2260
2019:05:06 14:42:27 288973 7617.4513
2019:05:06 14:42:27 289769 385.3627
2019:05:06 14:42:27 290601 404.6075
2019:05:06 14:42:27 291418 414.7105
2019:05:06 14:42:27 292231 458.4156
2019:05:06 14:42:27 293051 810.3885
2019:05:06 14:42:27 317364 24302.0430
2019:05:06 14:42:27 318043 401.8433
2019:05:06 14:42:27 318857 464.7076
2019:05:06 14:42:27 319674 807.4231
2019:05:06 14:42:27 320448 763.2114
2019:05:06 14:42:27 320916 458.2629
2019:05:06 14:42:27 321742 424.1168
2019:05:06 14:42:27 322492 359.2037
2019:05:06 14:42:27 322965 461.7460
2019:05:06 14:42:27 323782 415.1352
2019:05:06 14:42:27 324541 360.9844
2019:05:06 14:42:27 353354 28802.4433
2019:05:06 14:42:27 361424 8062.3925
2019:05:06 14:42:27 362273 415.7908
2019:05:06 14:42:27 363087 409.5361
2019:05:06 14:42:27 363458 357.3559
2019:05:06 14:42:27 364318 413.1831
2019:05:06 14:42:27 365137 412.8926
2019:05:06 14:42:27 389363 24209.7862
2019:05:06 14:42:27 390090 349.8048
2019:05:06 14:42:27 390955 418.0484
2019:05:06 14:42:27 391764 409.8341
2019:05:06 14:42:27 392135 360.0866
2019:05:06 14:42:27 393002 418.7040
2019:05:06 14:42:27 393813 409.8043
2019:05:06 14:42:27 394184 360.0568
2019:05:06 14:42:27 395057 428.8554
2019:05:06 14:42:27 395861 410.4748
2019:05:06 14:42:27 396232 360.1387
2019:05:06 14:42:27 425354 28677.1543
2019:05:06 14:42:27 433549 8188.1732
2019:05:06 14:42:27 434357 781.6963
2019:05:06 14:42:27 434779 411.0597
2019:05:06 14:42:27 435585 458.1511
2019:05:06 14:42:27 436405 810.2357
2019:05:06 14:42:27 436825 409.8341
2019:05:06 14:42:27 477354 40176.8386
2019:05:06 14:42:27 481479 4115.0674
2019:05:06 14:42:27 482249 378.4522
2019:05:06 14:42:27 483116 416.3459
2019:05:06 14:42:27 484273 766.6685
2019:05:06 14:42:27 484756 468.8352
2019:05:06 14:42:27 485969 817.5224
2019:05:06 14:42:27 486783 800.9188
2019:05:06 14:42:27 487611 815.2463
2019:05:06 14:42:27 488371 748.2693
2019:05:06 14:42:27 488855 469.8634
2019:05:06 14:42:27 513364 24123.0875
2019:05:06 14:42:27 514225 412.3934
2019:05:06 14:42:27 515003 367.2652
2019:05:06 14:42:27 515475 461.7535
2019:05:06 14:42:27 516282 416.1559
2019:05:06 14:42:27 549353 32669.7156
2019:05:06 14:42:27 553166 3804.5421
2019:05:06 14:42:27 553928 354.6774
2019:05:06 14:42:27 554799 428.1402
2019:05:06 14:42:27 555611 427.0263
2019:05:06 14:42:27 556430 465.9183
2019:05:06 14:42:27 557266 420.8758
2019:05:06 14:42:27 558021 361.3345
2019:05:06 14:42:27 558876 407.9603
2019:05:06 14:42:27 559698 419.2591
2019:05:06 14:42:27 560511 461.2878
2019:05:06 14:42:27 561331 809.4311
2019:05:06 14:42:27 585364 24024.7548
2019:05:06 14:42:27 586313 795.0366
2019:05:06 14:42:27 587136 810.3363
2019:05:06 14:42:27 587958 809.2709
2019:05:06 14:42:27 588721 750.7354
2019:05:06 14:42:27 621354 32615.5610
2019:05:06 14:42:27 625249 3885.4405
2019:05:06 14:42:27 626460 856.6417
2019:05:06 14:42:27 627290 817.8651
2019:05:06 14:42:27 628093 465.1397
2019:05:06 14:42:27 628941 425.3797
2019:05:06 14:42:27 630138 807.6988
2019:05:06 14:42:27 630965 813.6481
2019:05:06 14:42:27 631395 419.8737
2019:05:06 14:42:27 632191 456.7392
2019:05:06 14:42:27 633012 419.7210
2019:05:06 14:42:27 658005 650.0892
2019:05:06 14:42:27 658833 478.0665
2019:05:06 14:42:27 660035 795.4873
2019:05:06 14:42:27 660856 802.5579
2019:05:06 14:42:27 709363 48494.1117
2019:05:06 14:42:27 710416 410.9517
2019:05:06 14:42:27 711231 408.8394
2019:05:06 14:42:27 711606 363.0072
2019:05:06 14:42:27 712476 423.1222
2019:05:06 14:42:27 713290 413.6488
2019:05:06 14:42:27 714101 456.2549
2019:05:06 14:42:27 714928 814.7322
2019:05:06 14:42:27 715352 412.5684
2019:05:06 14:42:27 716160 458.5870
2019:05:06 14:42:27 717379 820.5436
2019:05:06 14:42:27 718198 807.1996
2019:05:06 14:42:27 719021 806.9240
2019:05:06 14:42:27 719784 751.5810
2019:05:06 14:42:27 720260 465.0652
2019:05:06 14:42:27 745355 24700.7310
2019:05:06 14:42:27 769354 23990.0947
2019:05:06 14:42:27 781281 11918.9471
2019:05:06 14:42:27 805801 444.6432
2019:05:06 14:42:27 806273 461.0009
2019:05:06 14:42:27 807096 429.3546
2019:05:06 14:42:27 807842 360.1648
2019:05:06 14:42:27 808317 424.3404
2019:05:06 14:42:27 809132 418.0372
2019:05:06 14:42:27 809891 359.5054
2019:05:06 14:42:27 810370 468.2802
2019:05:06 14:42:27 811182 413.6153
2019:05:06 14:42:27 811949 368.3381
2019:05:06 14:42:27 812809 413.1421
2019:05:06 14:42:27 813633 414.1442
2019:05:06 14:42:27 814446 459.7418
2019:05:06 14:42:27 815264 806.8681
2019:05:06 14:42:27 816034 759.4563
2019:05:06 14:42:27 816504 459.0154
2019:05:06 14:42:27 841364 24458.0358
2019:05:06 14:42:27 877941 584.8780
2019:05:06 14:42:27 878762 810.4779
2019:05:06 14:42:27 879532 368.9192
2019:05:06 14:42:27 880397 416.3645
2019:05:06 14:42:27 881211 409.6702
2019:05:06 14:42:27 881619 398.0026
2019:05:06 14:42:27 882446 409.6888
2019:05:06 14:42:27 883267 415.9398
2019:05:06 14:42:27 884073 796.6273
2019:05:06 14:42:27 884894 805.1656
2019:05:06 14:42:27 885680 770.3751
2019:05:06 14:42:27 886148 454.2917
2019:05:06 14:42:27 886958 417.6721
2019:05:06 14:42:27 887715 360.7720
2019:05:06 14:42:27 888186 454.5301
2019:05:06 14:42:27 913354 24765.4878
2019:05:06 14:42:27 925454 12090.2807
2019:05:06 14:42:27 926273 790.0670
2019:05:06 14:42:27 927083 801.5335
2019:05:06 14:42:27 927912 818.9157
2019:05:06 14:42:27 928672 360.5448
2019:05:06 14:42:27 945354 16229.5699
2019:05:06 14:42:27 949176 3812.9203
2019:05:06 14:42:27 950029 419.7359
2019:05:06 14:42:27 950838 409.6292
2019:05:06 14:42:27 951211 362.4670
2019:05:06 14:42:27 952076 416.4688
2019:05:06 14:42:27 952889 409.0257
2019:05:06 14:42:27 953263 364.5979
2019:05:06 14:42:27 954114 405.7363
2019:05:06 14:42:27 954948 427.5255
2019:05:06 14:42:27 955756 800.3265
2019:05:06 14:42:27 956573 808.2986
2019:05:06 14:42:27 956990 405.7698
2019:05:06 14:42:27 957824 477.8206
2019:05:06 14:42:27 958619 408.9512
2019:05:06 14:42:27 959397 767.5253
2019:05:06 14:42:27 959859 450.5813
2019:05:06 14:42:27 960678 416.8376
2019:05:06 14:42:27 977360 16284.0486
2019:05:06 14:42:27 977840 472.3854
2019:05:06 14:42:27 978704 423.2042
2019:05:06 14:42:27 979518 413.6041
2019:05:06 14:42:27 979879 351.7903
2019:05:06 14:42:27 980739 414.6621
2019:05:06 14:42:27 981567 422.0977
2019:05:06 14:42:27 982382 804.1300
2019:05:06 14:42:27 983213 820.7597
2019:05:06 14:42:27 983624 399.5076
2019:05:06 14:42:27 984431 458.9036
2019:05:06 14:42:28 9355 24913.5792
2019:05:06 14:42:28 21319 11956.2671
2019:05:06 14:42:28 22120 416.2081
2019:05:06 14:42:28 22883 366.0619
2019:05:06 14:42:28 23760 425.3983
2019:05:06 14:42:28 24570 409.4802
2019:05:06 14:42:28 41370 16440.2910
2019:05:06 14:42:28 42587 787.3178
2019:05:06 14:42:28 43353 749.6998
2019:05:06 14:42:28 43830 464.7523
2019:05:06 14:42:28 44650 425.2978
2019:05:06 14:42:28 45447 396.9595
2019:05:06 14:42:28 46277 408.8730
2019:05:06 14:42:28 47097 415.0271
2019:05:06 14:42:28 47909 458.9595
2019:05:06 14:42:28 48729 807.9596
2019:05:06 14:42:28 52843 4103.8655
2019:05:06 14:42:28 53596 361.9082
2019:05:06 14:42:28 54462 408.9363
2019:05:06 14:42:28 55284 414.9899
2019:05:06 14:42:28 55652 357.2777
2019:05:06 14:42:28 56510 412.9224
2019:05:06 14:42:28 73360 16443.5320
2019:05:06 14:42:28 77016 3648.7654
2019:05:06 14:42:28 77825 411.1305
2019:05:06 14:42:28 78636 463.5639
2019:05:06 14:42:28 79458 420.5406
2019:05:06 14:42:28 80226 369.3141
2019:05:06 14:42:28 101354 20682.3945
2019:05:06 14:42:28 101982 619.4934
2019:05:06 14:42:28 102412 417.1394
2019:05:06 14:42:28 103227 467.2594
2019:05:06 14:42:28 104041 423.5134
2019:05:06 14:42:28 104805 369.0869
2019:05:06 14:42:28 113457 8611.1873
2019:05:06 14:42:28 114669 814.4677
2019:05:06 14:42:28 115488 804.8899
2019:05:06 14:42:28 116308 805.7728
2019:05:06 14:42:28 116742 413.9468
2019:05:06 14:42:28 133918 562.7461
2019:05:06 14:42:28 134744 814.4267
2019:05:06 14:42:28 135521 769.3321
2019:05:06 14:42:28 135981 454.0011
2019:05:06 14:42:28 136801 423.4016
2019:05:06 14:42:28 141684 386.0407
2019:05:06 14:42:28 142526 414.7179
2019:05:06 14:42:28 143357 425.3238
2019:05:06 14:42:28 143726 359.9711
2019:05:06 14:42:28 144581 422.2728
2019:05:06 14:42:28 169364 24382.7440
2019:05:06 14:42:28 177767 426.6351
2019:05:06 14:42:28 178527 370.0033
2019:05:06 14:42:28 179387 413.7456
2019:05:06 14:42:28 180202 409.2120
2019:05:06 14:42:28 181020 795.5208
2019:05:06 14:42:28 205368 24334.1029
2019:05:06 14:42:28 206430 416.2937
2019:05:06 14:42:28 207202 368.9006
2019:05:06 14:42:28 208075 427.5888
2019:05:06 14:42:28 208893 424.8582
2019:05:06 14:42:28 209697 447.7389
2019:05:06 14:42:28 210511 801.3695
2019:05:06 14:42:28 211284 756.7406
2019:05:06 14:42:28 212153 414.4721
2019:05:06 14:42:28 212983 423.7927
2019:05:06 14:42:28 213797 458.1064
2019:05:06 14:42:28 214607 800.5202
2019:05:06 14:42:28 215375 753.2127
2019:05:06 14:42:28 215845 458.3895
2019:05:06 14:42:28 216665 418.2681
2019:05:06 14:42:28 241365 24299.2640
2019:05:06 14:42:28 242055 387.7804
2019:05:06 14:42:28 242888 420.0935
2019:05:06 14:42:28 243706 420.6933
2019:05:06 14:42:28 244514 467.7251
2019:05:06 14:42:28 245332 806.7749
2019:05:06 14:42:28 245760 413.9729
2019:05:06 14:42:28 246560 453.8894
2019:05:06 14:42:28 247379 810.0532
2019:05:06 14:42:28 247806 417.8025
2019:05:06 14:42:28 248613 461.6939
2019:05:06 14:42:28 249847 827.6924
2019:05:06 14:42:28 250670 474.2146
2019:05:06 14:42:28 251493 417.6609
2019:05:06 14:42:28 252254 359.9152
2019:05:06 14:42:28 253131 429.7756
2019:05:06 14:42:28 277716 360.0270
2019:05:06 14:42:28 278522 414.9154
2019:05:06 14:42:28 279336 463.9626
2019:05:06 14:42:28 280550 814.2963
2019:05:06 14:42:28 281368 807.8851
2019:05:06 14:42:28 282189 804.3498
2019:05:06 14:42:28 282618 415.7461
2019:05:06 14:42:28 283420 461.3400
2019:05:06 14:42:28 284236 804.6106
2019:05:06 14:42:28 284669 417.3741
2019:05:06 14:42:28 285517 505.2835
2019:05:06 14:42:28 286288 760.1231
2019:05:06 14:42:28 286717 417.5715
2019:05:06 14:42:28 287523 462.0776
2019:05:06 14:42:28 288343 418.8903
2019:05:06 14:42:28 289116 373.4082
2019:05:06 14:42:28 313730 375.4944
2019:05:06 14:42:28 314563 421.8295
2019:05:06 14:42:28 315380 418.7338
2019:05:06 14:42:28 316190 453.3194
2019:05:06 14:42:28 317020 820.1934
2019:05:06 14:42:28 317782 751.1564
2019:05:06 14:42:28 318245 426.3557
2019:05:06 14:42:28 319068 417.8248
2019:05:06 14:42:28 319825 361.2563
2019:05:06 14:42:28 320292 456.7578
2019:05:06 14:42:28 321553 855.6508
2019:05:06 14:42:28 322357 473.4695
2019:05:06 14:42:28 323560 819.2286
2019:05:06 14:42:28 324377 805.3035
2019:05:06 14:42:28 325194 801.5521
2019:05:06 14:42:28 349364 24155.1101
2019:05:06 14:42:28 350202 423.6586
2019:05:06 14:42:28 351005 461.8801
2019:05:06 14:42:28 351825 810.3512
2019:05:06 14:42:28 352592 754.5799
2019:05:06 14:42:28 353067 462.7146
2019:05:06 14:42:28 353886 414.1815
2019:05:06 14:42:28 354646 365.4808
2019:05:06 14:42:28 355114 458.1772
2019:05:06 14:42:28 355936 418.7301
2019:05:06 14:42:28 356695 369.4743
2019:05:06 14:42:28 357178 468.5111
2019:05:06 14:42:28 357980 423.1520
2019:05:06 14:42:28 358731 361.3904
2019:05:06 14:42:28 359199 457.6519
2019:05:06 14:42:28 360022 421.1776
2019:05:06 14:42:28 360794 368.9341
2019:05:06 14:42:28 393193 11837.3446
2019:05:06 14:42:28 394005 799.6559
2019:05:06 14:42:28 394839 822.8309
2019:05:06 14:42:28 395257 405.1663
2019:05:06 14:42:28 396060 463.5751
2019:05:06 14:42:28 396875 804.6329
2019:05:06 14:42:28 397317 424.2994
2019:05:06 14:42:28 416961 3608.0182
2019:05:06 14:42:28 417764 406.2839
2019:05:06 14:42:28 418579 458.4193
2019:05:06 14:42:28 419398 804.2268
2019:05:06 14:42:28 420180 763.4088
2019:05:06 14:42:28 420647 427.2722
2019:05:06 14:42:28 421465 418.2868
2019:05:06 14:42:28 422241 373.7099
2019:05:06 14:42:28 423091 415.4555
2019:05:06 14:42:28 423903 408.9475
2019:05:06 14:42:28 424722 454.1613
2019:05:06 14:42:28 425542 809.0958
2019:05:06 14:42:28 426319 756.7592
2019:05:06 14:42:28 426788 452.7792
2019:05:06 14:42:28 427999 808.0602
2019:05:06 14:42:28 428817 799.6000
2019:05:06 14:42:28 445363 16531.6164
2019:05:06 14:42:28 446433 412.0283
2019:05:06 14:42:28 447271 472.6388
2019:05:06 14:42:28 448081 802.8299
2019:05:06 14:42:28 448850 752.9110
2019:05:06 14:42:28 449712 415.2507
2019:05:06 14:42:28 450527 410.4823
2019:05:06 14:42:28 450910 366.3823
2019:05:06 14:42:28 451764 419.4677
2019:05:06 14:42:28 452573 405.8257
2019:05:06 14:42:28 477356 24762.2915
2019:05:06 14:42:28 489456 12090.3775
2019:05:06 14:42:28 490256 781.2753
2019:05:06 14:42:28 491075 807.7696
2019:05:06 14:42:28 491506 411.7936
2019:05:06 14:42:28 492306 460.8221
2019:05:06 14:42:28 493123 805.8511
2019:05:06 14:42:28 509364 16226.9212
2019:05:06 14:42:28 510276 735.2754
2019:05:06 14:42:28 510754 461.0717
2019:05:06 14:42:28 511576 424.6235
2019:05:06 14:42:28 512343 379.6443
2019:05:06 14:42:28 513241 458.8217
2019:05:06 14:42:28 514038 423.3122
2019:05:06 14:42:28 514840 796.3479
2019:05:06 14:42:28 515654 802.7330
2019:05:06 14:42:28 516077 411.8755
2019:05:06 14:42:28 516888 458.6391
2019:05:06 14:42:28 517716 424.0461
2019:05:06 14:42:28 518476 363.9348
2019:05:06 14:42:28 518951 426.5085
2019:05:06 14:42:28 519771 420.1718
2019:05:06 14:42:28 520529 365.6708
2019:05:06 14:42:28 521388 409.4802
2019:05:06 14:42:28 522208 404.7975
2019:05:06 14:42:28 522584 363.1786
2019:05:06 14:42:28 523437 414.6695
2019:05:06 14:42:28 524251 409.1077
2019:05:06 14:42:28 525075 805.7505
2019:05:06 14:42:28 541365 16278.7475
2019:05:06 14:42:28 542281 408.8096
2019:05:06 14:42:28 543067 373.6094
2019:05:06 14:42:28 543929 419.5757
2019:05:06 14:42:28 544750 422.8987
2019:05:06 14:42:28 545557 457.1825
2019:05:06 14:42:28 546368 798.8214
2019:05:06 14:42:28 546798 417.8062
2019:05:06 14:42:28 547602 458.7062
2019:05:06 14:42:28 548416 805.2625
2019:05:06 14:42:28 548845 419.4900
2019:05:06 14:42:28 549667 453.1369
2019:05:06 14:42:28 550485 421.0584
2019:05:06 14:42:28 551252 359.1664
2019:05:06 14:42:28 551713 451.4232
2019:05:06 14:42:28 552526 413.2539
2019:05:06 14:42:28 573358 20426.2845
2019:05:06 14:42:28 585302 11934.7647
2019:05:06 14:42:28 586065 371.8324
2019:05:06 14:42:28 586930 418.6891
2019:05:06 14:42:28 587739 404.6075
2019:05:06 14:42:28 588117 367.6042
2019:05:06 14:42:28 588975 416.7259
2019:05:06 14:42:28 613157 3799.8669
2019:05:06 14:42:28 613962 797.5325
2019:05:06 14:42:28 614390 416.3198
2019:05:06 14:42:28 615181 458.0952
2019:05:06 14:42:28 615997 799.8012
2019:05:06 14:42:28 616430 413.3210
2019:05:06 14:42:28 641355 24586.6813
2019:05:06 14:42:28 641830 464.2718
2019:05:06 14:42:28 643029 800.7139
2019:05:06 14:42:28 643851 795.3122
2019:05:06 14:42:28 644668 806.7004
2019:05:06 14:42:28 673354 28667.9678
2019:05:06 14:42:28 681147 7781.3677
2019:05:06 14:42:28 681961 418.1601
2019:05:06 14:42:28 682765 454.1725
2019:05:06 14:42:28 683578 798.5085
2019:05:06 14:42:28 684002 409.2045
2019:05:06 14:42:28 684820 460.1069
2019:05:06 14:42:28 685630 800.7772
2019:05:06 14:42:28 686400 758.9236
2019:05:06 14:42:28 686877 467.1179
2019:05:06 14:42:28 687689 420.9578
2019:05:06 14:42:28 688451 363.5362
2019:05:06 14:42:28 688918 423.4836
2019:05:06 14:42:28 705364 16034.3908
2019:05:06 14:42:28 706515 796.7576
2019:05:06 14:42:28 707332 798.6724
2019:05:06 14:42:28 708154 807.8851
2019:05:06 14:42:28 708584 419.1585
2019:05:06 14:42:28 709401 475.3508
2019:05:06 14:42:28 710210 797.6592
2019:05:06 14:42:28 710644 423.5469
2019:05:06 14:42:28 711443 452.3024
2019:05:06 14:42:28 712261 807.8851
2019:05:06 14:42:28 713037 765.2752
2019:05:06 14:42:28 713893 845.3801
2019:05:06 14:42:28 714712 794.9509
2019:05:06 14:42:28 715114 381.9577
2019:05:06 14:42:28 715964 425.2195
2019:05:06 14:42:28 716779 429.4924
2019:05:06 14:42:28 738057 702.8878
2019:05:06 14:42:28 738876 800.9635
2019:05:06 14:42:28 739301 410.6984
2019:05:06 14:42:28 740105 458.1064
2019:05:06 14:42:28 740924 808.2651
2019:05:06 14:42:28 769354 16143.4114
2019:05:06 14:42:28 777388 8025.9554
2019:05:06 14:42:28 778212 426.6016
2019:05:06 14:42:28 779021 463.6012
2019:05:06 14:42:28 779841 418.2570
2019:05:06 14:42:28 780617 373.5162
2019:05:06 14:42:28 781482 424.8843
2019:05:06 14:42:28 782304 419.6316
2019:05:06 14:42:28 783522 852.6072
2019:05:06 14:42:28 784339 810.6753
2019:05:06 14:42:28 785156 459.5146
2019:05:06 14:42:28 785977 808.5184
2019:05:06 14:42:28 786743 751.0334
2019:05:06 14:42:28 787218 462.0068
2019:05:06 14:42:28 788035 423.3383
2019:05:06 14:42:28 788803 369.9288
2019:05:06 14:42:28 801552 456.4449
2019:05:06 14:42:28 802361 792.4065
2019:05:06 14:42:28 803137 768.7919
2019:05:06 14:42:28 803995 411.6297
2019:05:06 14:42:28 804826 420.5406
2019:05:06 14:42:28 805650 472.1247
2019:05:06 14:42:28 806470 425.6703
2019:05:06 14:42:28 807226 363.8119
2019:05:06 14:42:28 807694 457.8680
2019:05:06 14:42:28 808515 422.3511
2019:05:06 14:42:28 809296 385.3776
2019:05:06 14:42:28 810162 839.5724
2019:05:06 14:42:28 810968 796.4373
2019:05:06 14:42:28 811789 465.1360
2019:05:06 14:42:28 812614 814.7843
2019:05:06 14:42:28 817143 4135.1430
2019:05:06 14:42:28 817929 778.5894
2019:05:06 14:42:28 818756 424.4670
2019:05:06 14:42:28 819535 380.1994
2019:05:06 14:42:28 820393 425.5101
2019:05:06 14:42:28 821229 440.7950
2019:05:06 14:42:28 822028 467.9449
2019:05:06 14:42:28 822865 432.3609
2019:05:06 14:42:28 823636 389.2221
2019:05:06 14:42:28 824484 412.5834
2019:05:06 14:42:28 837177 12287.1026
2019:05:06 14:42:28 837944 753.0153
2019:05:06 14:42:28 838419 458.6130
2019:05:06 14:42:28 839241 426.0689
2019:05:06 14:42:28 840000 370.2305
2019:05:06 14:42:28 840471 458.8775
2019:05:06 14:42:28 841292 422.6230
2019:05:06 14:42:28 842051 368.5690
2019:05:06 14:42:28 842517 451.3189
2019:05:06 14:42:28 843344 416.5471
2019:05:06 14:42:28 844104 370.4429
2019:05:06 14:42:28 844567 450.0039
2019:05:06 14:42:28 845778 804.7521
2019:05:06 14:42:28 846597 807.5535
2019:05:06 14:42:28 847423 812.8919
2019:05:06 14:42:28 848184 365.0039
2019:05:06 14:42:28 849052 414.3938
2019:05:06 14:42:28 873630 411.0858
2019:05:06 14:42:28 874464 425.7299
2019:05:06 14:42:28 875272 800.5835
2019:05:06 14:42:28 876084 799.4398
2019:05:06 14:42:28 876850 754.1105
2019:05:06 14:42:28 877325 463.0201
2019:05:06 14:42:28 878146 417.2288
2019:05:06 14:42:28 878918 368.1593
2019:05:06 14:42:28 879780 421.6917
2019:05:06 14:42:28 880589 409.7708
2019:05:06 14:42:28 881405 804.4951
2019:05:06 14:42:28 882228 811.0479
2019:05:06 14:42:28 882655 414.8334
2019:05:06 14:42:28 883464 465.7954
2019:05:06 14:42:28 884279 803.7239
2019:05:06 14:42:28 885042 748.1948
2019:05:06 14:42:28 907586 364.1360
2019:05:06 14:42:28 908451 417.7727
2019:05:06 14:42:28 909275 421.9413
2019:05:06 14:42:28 910098 813.2458
2019:05:06 14:42:28 910899 791.2219
2019:05:06 14:42:28 911324 411.9277
2019:05:06 14:42:28 912128 460.3900
2019:05:06 14:42:28 912947 806.3503
2019:05:06 14:42:28 913378 417.0761
2019:05:06 14:42:28 914188 468.7645
2019:05:06 14:42:28 915006 419.6540
2019:05:06 14:42:28 915766 358.4176
2019:05:06 14:42:28 916243 454.0458
2019:05:06 14:42:28 933020 16379.0397
2019:05:06 14:42:28 933850 811.7072
2019:05:06 14:42:28 934223 361.6437
2019:05:06 14:42:28 935075 416.2192
2019:05:06 14:42:28 935901 422.7944
2019:05:06 14:42:28 936717 472.9480
2019:05:06 14:42:28 937929 816.0248
2019:05:06 14:42:28 938749 795.2303
2019:05:06 14:42:28 939577 812.6497
2019:05:06 14:42:28 940341 751.7338
2019:05:06 14:42:28 940818 461.2021
2019:05:06 14:42:28 957612 431.4333
2019:05:06 14:42:28 958418 401.4559
2019:05:06 14:42:28 958795 367.4440
2019:05:06 14:42:28 959653 416.3161
2019:05:06 14:42:28 960469 413.8947
2019:05:06 14:42:28 960875 392.5860
2019:05:06 14:42:28 961711 424.6905
2019:05:06 14:42:28 962525 423.1669
2019:05:06 14:42:28 963327 464.2196
2019:05:06 14:42:28 964142 804.0555
2019:05:06 14:42:28 964920 364.8959
2019:05:06 14:42:28 965785 403.5793
2019:05:06 14:42:28 966624 428.1290
2019:05:06 14:42:28 967441 462.4277
2019:05:06 14:42:28 968260 419.5422
2019:05:06 14:42:28 981320 12667.9726
2019:05:06 14:42:28 981783 454.6419
2019:05:06 14:42:28 982611 408.6941
2019:05:06 14:42:28 983392 381.4511
2019:05:06 14:42:28 984246 428.6207
2019:05:06 14:42:28 985054 415.7647
2019:05:06 14:42:28 985867 470.3701
2019:05:06 14:42:28 986683 414.2001
2019:05:06 14:42:28 987473 774.7710
2019:05:06 14:42:28 988317 818.2377
2019:05:06 14:42:29 5110 16773.0674
2019:05:06 14:42:29 5877 760.6782
2019:05:06 14:42:29 6348 455.9718
2019:05:06 14:42:29 7164 413.9431
2019:05:06 14:42:29 7930 363.4095
2019:05:06 14:42:29 8793 412.4641
2019:05:06 14:42:29 9614 413.3880
2019:05:06 14:42:29 10440 813.1191
2019:05:06 14:42:29 11246 794.8726
2019:05:06 14:42:29 12029 764.0943
2019:05:06 14:42:29 12490 452.7718
2019:05:06 14:42:29 13313 426.3744
2019:05:06 14:42:29 14087 379.6630
2019:05:06 14:42:29 14937 412.1512
2019:05:06 14:42:29 15773 426.7022
2019:05:06 14:42:29 16578 458.7397
2019:05:06 14:42:29 28899 12306.3698
2019:05:06 14:42:29 29690 782.9554
2019:05:06 14:42:29 30475 371.9069
2019:05:06 14:42:29 31323 417.6274
2019:05:06 14:42:29 32142 406.6229
2019:05:06 14:42:29 32953 799.1791
2019:05:06 14:42:29 33774 809.6546
2019:05:06 14:42:29 34552 751.3873
2019:05:06 14:42:29 35021 450.3764
2019:05:06 14:42:29 36235 815.3059
2019:05:06 14:42:29 37057 801.2578
2019:05:06 14:42:29 37874 800.1141
2019:05:06 14:42:29 38648 363.0482
2019:05:06 14:42:29 39526 425.7709
2019:05:06 14:42:29 40333 404.2797
2019:05:06 14:42:29 53010 12321.2263
2019:05:06 14:42:29 53868 848.8260
2019:05:06 14:42:29 54674 416.5918
2019:05:06 14:42:29 55479 458.3746
2019:05:06 14:42:29 56299 808.3843
2019:05:06 14:42:29 57066 747.8930
2019:05:06 14:42:29 57569 486.5639
2019:05:06 14:42:29 58366 423.0253
2019:05:06 14:42:29 59134 369.9213
2019:05:06 14:42:29 59989 411.6967
2019:05:06 14:42:29 60823 428.3451
2019:05:06 14:42:29 61636 460.4086
2019:05:06 14:42:29 62472 823.1811
2019:05:06 14:42:29 63247 761.2444
2019:05:06 14:42:29 63703 442.0057
2019:05:06 14:42:29 64524 416.9978
2019:05:06 14:42:29 65292 379.8604
2019:05:06 14:42:29 66140 414.6472
2019:05:06 14:42:29 66972 427.1828
2019:05:06 14:42:29 67789 476.8185
2019:05:06 14:42:29 68604 419.0393
2019:05:06 14:42:29 69404 401.9365
2019:05:06 14:42:29 70228 413.1161
2019:05:06 14:42:29 71058 423.2265
2019:05:06 14:42:29 71870 460.4906
2019:05:06 14:42:29 72693 807.1736
2019:05:06 14:42:29 73120 413.2912
2019:05:06 14:42:29 73917 459.0824
2019:05:06 14:42:29 74736 803.7202
2019:05:06 14:42:29 75164 414.9452
2019:05:06 14:42:29 75974 462.7444
2019:05:06 14:42:29 76795 419.2255
2019:05:06 14:42:29 77571 375.6732
2019:05:06 14:42:29 78451 409.6963
2019:05:06 14:42:29 79255 416.2267
2019:05:06 14:42:29 79627 364.1583
2019:05:06 14:42:29 80473 414.4646
2019:05:06 14:42:29 81301 427.2275
2019:05:06 14:42:29 81667 358.0898
2019:05:06 14:42:29 82517 409.2790
2019:05:06 14:42:29 83343 418.5289
2019:05:06 14:42:29 84187 826.9735
2019:05:06 14:42:29 84982 789.6461
2019:05:06 14:42:29 85742 752.1585
2019:05:06 14:42:29 86217 457.0968
2019:05:06 14:42:29 87446 827.9756
2019:05:06 14:42:29 88249 792.5294
2019:05:06 14:42:29 89085 821.6053
2019:05:06 14:42:29 89512 410.5568
2019:05:06 14:42:29 90318 471.5621
2019:05:06 14:42:29 91157 441.1712
2019:05:06 14:42:29 91905 372.0783
2019:05:06 14:42:29 92769 423.3718
2019:05:06 14:42:29 93594 421.2707
2019:05:06 14:42:29 94411 456.9665
2019:05:06 14:42:29 95618 807.8143
2019:05:06 14:42:29 96436 794.4442
2019:05:06 14:42:29 97276 828.8696
2019:05:06 14:42:29 98044 761.7362
2019:05:06 14:42:29 98911 427.5031
2019:05:06 14:42:29 99729 413.5370
2019:05:06 14:42:29 100546 465.1025
2019:05:06 14:42:29 101378 432.1411
2019:05:06 14:42:29 102166 391.7404
2019:05:06 14:42:29 103016 433.7914
2019:05:06 14:42:29 104173 766.2624
2019:05:06 14:42:29 104655 463.7241
2019:05:06 14:42:29 105863 806.5365
2019:05:06 14:42:29 106680 794.3064
2019:05:06 14:42:29 107526 832.9824
2019:05:06 14:42:29 108274 734.1430
2019:05:06 14:42:29 108760 471.7633
2019:05:06 14:42:29 109955 800.8704
2019:05:06 14:42:29 110778 800.7102
2019:05:06 14:42:29 111606 814.0206
2019:05:06 14:42:29 112020 404.7640
2019:05:06 14:42:29 112835 460.2522
2019:05:06 14:42:29 113663 818.4239
2019:05:06 14:42:29 114411 734.7688
2019:05:06 14:42:29 115280 847.9133
2019:05:06 14:42:29 116104 803.3738
2019:05:06 14:42:29 116483 369.2657
2019:05:06 14:42:29 117364 435.5088
2019:05:06 14:42:29 118187 421.2447
2019:05:06 14:42:29 118997 474.5200
2019:05:06 14:42:29 120204 816.3340
2019:05:06 14:42:29 121027 801.2652
2019:05:06 14:42:29 121849 809.1964
2019:05:06 14:42:29 122265 402.8417
2019:05:06 14:42:29 123072 470.3291
2019:05:06 14:42:29 123900 421.5501
2019:05:06 14:42:29 124668 369.5711
2019:05:06 14:42:29 125520 840.6080
2019:05:06 14:42:29 126344 800.8331
2019:05:06 14:42:29 126729 371.8100
2019:05:06 14:42:29 127609 431.1353
2019:05:06 14:42:29 128408 427.2349
2019:05:06 14:42:29 129213 449.8810
2019:05:06 14:42:29 130045 822.5441
2019:05:06 14:42:29 130802 744.8271
2019:05:06 14:42:29 131274 421.5874
2019:05:06 14:42:29 132483 802.7256
2019:05:06 14:42:29 133299 797.2270
2019:05:06 14:42:29 134128 818.1781
2019:05:06 14:42:29 134552 409.5286
2019:05:06 14:42:29 135347 453.3865
2019:05:06 14:42:29 136167 802.7889
2019:05:06 14:42:29 136594 416.5247
2019:05:06 14:42:29 137414 459.7008
2019:05:06 14:42:29 138244 816.3936
2019:05:06 14:42:29 138987 723.5408
2019:05:06 14:42:29 139465 467.8257
2019:05:06 14:42:29 140280 416.3384
2019:05:06 14:42:29 141037 352.1666
2019:05:06 14:42:29 141526 438.5673
2019:05:06 14:42:29 142723 803.5079
2019:05:06 14:42:29 143543 802.8597
2019:05:06 14:42:29 144377 822.0710
2019:05:06 14:42:29 145143 751.9014
2019:05:06 14:42:29 145609 454.8989
2019:05:06 14:42:29 146438 420.8945
2019:05:06 14:42:29 147207 376.0681
2019:05:06 14:42:29 148080 421.9078
2019:05:06 14:42:29 148896 435.8366
2019:05:06 14:42:29 149696 463.1765
2019:05:06 14:42:29 150529 818.8002
2019:05:06 14:42:29 151277 736.7060
2019:05:06 14:42:29 152156 859.8156
2019:05:06 14:42:29 152979 802.5244
2019:05:06 14:42:29 153797 474.8590
2019:05:06 14:42:29 154628 424.8656
2019:05:06 14:42:29 155394 371.2401
2019:05:06 14:42:29 156252 424.7241
2019:05:06 14:42:29 157072 415.2842
2019:05:06 14:42:29 157881 793.6656
2019:05:06 14:42:29 158718 815.2202
2019:05:06 14:42:29 159478 749.5061
2019:05:06 14:42:29 159941 431.5116
2019:05:06 14:42:29 161156 795.7332
2019:05:06 14:42:29 161985 811.8190
2019:05:06 14:42:29 162817 822.6447
2019:05:06 14:42:29 163582 750.8136
2019:05:06 14:42:29 164442 418.5028
2019:05:06 14:42:29 165262 414.6136
2019:05:06 14:42:29 166067 789.9813
2019:05:06 14:42:29 166888 809.1107
2019:05:06 14:42:29 167659 748.2469
2019:05:06 14:42:29 168139 468.3770
2019:05:06 14:42:29 168970 418.5736
2019:05:06 14:42:29 169763 392.6083
2019:05:06 14:42:29 170597 423.3383
2019:05:06 14:42:29 171757 769.6636
2019:05:06 14:42:29 172239 461.9472
2019:05:06 14:42:29 173051 424.6309
2019:05:06 14:42:29 173833 375.6247
2019:05:06 14:42:29 174704 430.1593
2019:05:06 14:42:29 175514 420.8535
2019:05:06 14:42:29 176323 464.0445
2019:05:06 14:42:29 177149 816.5240
2019:05:06 14:42:29 177924 365.5702
2019:05:06 14:42:29 178802 434.2534
2019:05:06 14:42:29 179949 770.5577
2019:05:06 14:42:29 180427 461.0717
2019:05:06 14:42:29 181637 810.0681
2019:05:06 14:42:29 182449 791.9893
2019:05:06 14:42:29 183284 824.9730
2019:05:06 14:42:29 184054 759.0130
2019:05:06 14:42:29 184907 839.5240
2019:05:06 14:42:29 185737 810.9398
2019:05:06 14:42:29 186108 357.7247
2019:05:06 14:42:29 186972 419.9557
2019:05:06 14:42:29 187795 424.9215
2019:05:06 14:42:29 188607 467.1328
2019:05:06 14:42:29 189430 419.7136
2019:05:06 14:42:29 190204 371.1544
2019:05:06 14:42:29 191060 417.5417
2019:05:06 14:42:29 191873 409.3312
2019:05:06 14:42:29 192693 459.7418
2019:05:06 14:42:29 193529 823.0358
2019:05:06 14:42:29 194295 753.2090
2019:05:06 14:42:29 195154 849.9809
2019:05:06 14:42:29 195983 809.0287
2019:05:06 14:42:29 196356 364.5495
2019:05:06 14:42:29 197232 430.4387
2019:05:06 14:42:29 198380 766.1507
2019:05:06 14:42:29 198854 454.3327
2019:05:06 14:42:29 199682 423.4985
2019:05:06 14:42:29 200433 364.5383
2019:05:06 14:42:29 201318 424.1541
2019:05:06 14:42:29 202129 421.5501
2019:05:06 14:42:29 202949 469.9416
2019:05:06 14:42:29 203777 416.4800
2019:05:06 14:42:29 204536 360.0828
2019:05:06 14:42:29 205407 426.6165
2019:05:06 14:42:29 206235 427.8719
2019:05:06 14:42:29 207444 862.8480
2019:05:06 14:42:29 208266 798.9481
2019:05:06 14:42:29 209091 474.8553
2019:05:06 14:42:29 209919 429.6228
2019:05:06 14:42:29 210688 380.4862
2019:05:06 14:42:29 211542 412.0432
2019:05:06 14:42:29 212365 424.3292
2019:05:06 14:42:29 213171 464.6406
2019:05:06 14:42:29 213992 407.8560
2019:05:06 14:42:29 214782 381.7677
2019:05:06 14:42:29 215632 416.6327
2019:05:06 14:42:29 216446 409.2716
2019:05:06 14:42:29 217269 452.5520
2019:05:06 14:42:29 218098 418.4693
2019:05:06 14:42:29 218869 363.4803
2019:05:06 14:42:29 219743 422.8801
2019:05:06 14:42:29 220571 427.3281
2019:05:06 14:42:29 221772 860.9518
2019:05:06 14:42:29 222597 805.0837
2019:05:06 14:42:29 222982 372.8718
2019:05:06 14:42:29 223844 425.2084
2019:05:06 14:42:29 224656 420.7306
2019:05:06 14:42:29 225481 475.1906
2019:05:06 14:42:29 226694 817.1201
2019:05:06 14:42:29 227513 809.6136
2019:05:06 14:42:29 228346 813.7785
2019:05:06 14:42:29 229096 737.9539
2019:05:06 14:42:29 229581 433.0687
2019:05:06 14:42:29 230396 419.3820
2019:05:06 14:42:29 231173 370.4317
2019:05:06 14:42:29 232029 430.1779
2019:05:06 14:42:29 232838 410.5829
2019:05:06 14:42:29 233665 469.7591
2019:05:06 14:42:29 234508 433.6387
2019:05:06 14:42:29 235695 796.1281
2019:05:06 14:42:29 236521 809.1070
2019:05:06 14:42:29 237286 751.9126
2019:05:06 14:42:29 238157 850.2193
2019:05:06 14:42:29 238975 801.5968
2019:05:06 14:42:29 239806 470.5712
2019:05:06 14:42:29 240614 409.1747
2019:05:06 14:42:29 241434 400.9195
2019:05:06 14:42:29 242269 822.5851
2019:05:06 14:42:29 242688 408.5414
2019:05:06 14:42:29 243453 374.7009
2019:05:06 14:42:29 244317 421.9860
2019:05:06 14:42:29 245475 761.6505
2019:05:06 14:42:29 245954 459.2501
