
# OSU MPI Allreduce Latency Test v5.6.1
# Size       Avg Latency(us)
256                  6204.64
2019:05:06 15:01:24 913336 460.3155
2019:05:06 15:01:24 917841 382.8257
2019:05:06 15:01:24 918749 458.0170
2019:05:06 15:01:24 919689 476.6323
2019:05:06 15:01:24 920709 569.5224
2019:05:06 15:01:24 941550 20480.9681
2019:05:06 15:01:24 942143 580.3257
2019:05:06 15:01:24 943369 622.0192
2019:05:06 15:01:24 944049 673.3537
2019:05:06 15:01:24 945215 611.0072
2019:05:06 15:01:24 962796 17514.1804
2019:05:06 15:01:24 963407 496.4955
2019:05:06 15:01:24 964634 622.0527
2019:05:06 15:01:24 965820 1177.4823
2019:05:06 15:01:25 57359 39994.7315
2019:05:06 15:01:25 97368 39999.3211
2019:05:06 15:01:25 141588 4220.8321
2019:05:06 15:01:25 142378 777.6991
2019:05:06 15:01:25 143205 815.4213
2019:05:06 15:01:25 144036 822.1678
2019:05:06 15:01:25 144440 397.4847
2019:05:06 15:01:25 145258 420.8386
2019:05:06 15:01:25 217360 48005.5101
2019:05:06 15:01:25 218144 775.7023
2019:05:06 15:01:25 218965 810.7945
2019:05:06 15:01:25 219784 808.9617
2019:05:06 15:01:25 220200 405.8294
2019:05:06 15:01:25 221020 418.6556
2019:05:06 15:01:25 221851 429.5036
2019:05:06 15:01:25 222664 419.8588
2019:05:06 15:01:25 223477 412.9149
2019:05:06 15:01:25 223906 415.7536
2019:05:06 15:01:25 224712 420.5853
2019:05:06 15:01:25 281355 56242.0003
2019:05:06 15:01:25 285744 4382.5246
2019:05:06 15:01:25 286558 802.2934
2019:05:06 15:01:25 287369 804.5733
2019:05:06 15:01:25 288187 809.0883
2019:05:06 15:01:25 288607 410.7803
2019:05:06 15:01:25 313364 24355.2476
2019:05:06 15:01:25 317709 403.4564
2019:05:06 15:01:25 318510 418.7487
2019:05:06 15:01:25 319326 417.3517
2019:05:06 15:01:25 320148 421.3713
2019:05:06 15:01:25 320966 420.1867
2019:05:06 15:01:25 369354 23999.6053
2019:05:06 15:01:25 369881 519.4359
2019:05:06 15:01:25 370701 807.8814
2019:05:06 15:01:25 371937 827.1039
2019:05:06 15:01:25 372748 805.8064
2019:05:06 15:01:25 373974 816.6991
2019:05:06 15:01:25 374798 806.3801
2019:05:06 15:01:25 375618 811.6923
2019:05:06 15:01:25 376037 408.8432
2019:05:06 15:01:25 376857 415.4257
2019:05:06 15:01:25 409366 32105.8333
2019:05:06 15:01:25 413788 382.6581
2019:05:06 15:01:25 414188 231.9813
2019:05:06 15:01:25 415013 427.4547
2019:05:06 15:01:25 415814 411.6371
2019:05:06 15:01:25 416013 180.7958
2019:05:06 15:01:25 416650 422.2766
2019:05:06 15:01:25 441354 24309.8699
2019:05:06 15:01:25 481363 40001.5824
2019:05:06 15:01:25 481774 230.2155
2019:05:06 15:01:25 482580 410.6015
2019:05:06 15:01:25 483007 408.7649
2019:05:06 15:01:25 483586 184.9495
2019:05:06 15:01:25 483817 220.4627
2019:05:06 15:01:25 484629 412.6020
2019:05:06 15:01:25 485055 404.5852
2019:05:06 15:01:25 485632 169.7354
2019:05:06 15:01:25 486259 611.4170
2019:05:06 15:01:25 487079 802.3195
2019:05:06 15:01:25 487517 422.4107
2019:05:06 15:01:25 487897 224.1135
2019:05:06 15:01:25 488326 416.5918
2019:05:06 15:01:25 489141 417.8472
2019:05:06 15:01:25 521621 260.7256
2019:05:06 15:01:25 522426 415.2954
2019:05:06 15:01:25 523250 419.9408
2019:05:06 15:01:25 524066 419.3373
2019:05:06 15:01:25 524878 417.1133
2019:05:06 15:01:25 569354 44465.0277
2019:05:06 15:01:25 617363 47999.5906
2019:05:06 15:01:25 621802 376.1128
2019:05:06 15:01:25 622614 419.2479
2019:05:06 15:01:25 623433 413.6488
2019:05:06 15:01:25 624245 413.7680
2019:05:06 15:01:25 625070 419.1995
2019:05:06 15:01:25 657829 474.9820
2019:05:06 15:01:25 658647 798.3409
2019:05:06 15:01:25 659465 806.6483
2019:05:06 15:01:25 659887 410.5121
2019:05:06 15:01:25 660694 409.0443
2019:05:06 15:01:25 661549 843.7335
2019:05:06 15:01:25 662335 772.6550
2019:05:06 15:01:25 663154 412.7622
2019:05:06 15:01:25 664382 818.9380
2019:05:06 15:01:25 665202 412.6728
2019:05:06 15:01:25 737354 39998.7511
2019:05:06 15:01:25 777366 40004.2869
2019:05:06 15:01:25 778065 391.2263
2019:05:06 15:01:25 778869 409.9235
2019:05:06 15:01:25 779685 409.9756
2019:05:06 15:01:25 780108 407.8783
2019:05:06 15:01:25 780917 414.4236
2019:05:06 15:01:25 781735 412.1549
2019:05:06 15:01:25 782158 406.5335
2019:05:06 15:01:25 782965 414.3715
2019:05:06 15:01:25 783780 409.4839
2019:05:06 15:01:25 784206 414.5466
2019:05:06 15:01:25 785013 416.9159
2019:05:06 15:01:25 857355 39998.8517
2019:05:06 15:01:25 857950 586.4613
2019:05:06 15:01:25 858370 405.5016
2019:05:06 15:01:25 859189 416.8376
2019:05:06 15:01:25 859997 409.2380
2019:05:06 15:01:25 860418 406.9135
2019:05:06 15:01:25 861238 417.7354
2019:05:06 15:01:25 937355 40001.6084
2019:05:06 15:01:25 977363 39999.7681
2019:05:06 15:01:25 981859 386.9683
2019:05:06 15:01:25 982676 414.3380
2019:05:06 15:01:25 983493 412.9857
2019:05:06 15:01:25 984308 408.9698
2019:05:06 15:01:25 985128 808.7493
2019:05:06 15:01:26 17364 32225.3518
2019:05:06 15:01:26 21672 395.0000
2019:05:06 15:01:26 22892 818.4537
2019:05:06 15:01:26 23711 664.6700
2019:05:06 15:01:26 24945 824.1609
2019:05:06 15:01:26 57355 32261.1816
2019:05:06 15:01:26 97363 40000.8000
2019:05:06 15:01:26 117902 540.1932
2019:05:06 15:01:26 118719 801.6899
2019:05:06 15:01:26 119140 409.5621
2019:05:06 15:01:26 119959 414.8856
2019:05:06 15:01:26 120768 410.0055
2019:05:06 15:01:26 121187 408.8953
2019:05:06 15:01:26 197354 39999.4440
2019:05:06 15:01:26 197865 498.2091
2019:05:06 15:01:26 198619 748.1948
2019:05:06 15:01:26 199493 413.3098
2019:05:06 15:01:26 200674 771.6790
2019:05:06 15:01:26 201138 457.6854
2019:05:06 15:01:26 201959 416.5396
2019:05:06 15:01:26 203179 817.1424
2019:05:06 15:01:26 203998 809.5466
2019:05:06 15:01:26 205235 827.8638
2019:05:06 15:01:26 237362 32120.3023
2019:05:06 15:01:26 237998 453.6435
2019:05:06 15:01:26 239223 819.7092
2019:05:06 15:01:26 240048 471.4578
2019:05:06 15:01:26 241270 818.5655
2019:05:06 15:01:26 242090 465.1994
2019:05:06 15:01:26 242906 805.3593
2019:05:06 15:01:26 243328 410.5270
2019:05:06 15:01:26 244134 463.7241
2019:05:06 15:01:26 244953 804.2492
2019:05:06 15:01:26 277365 32397.9594
2019:05:06 15:01:26 278011 379.7337
2019:05:06 15:01:26 278829 415.4034
2019:05:06 15:01:26 280051 819.0311
2019:05:06 15:01:26 280877 416.1112
2019:05:06 15:01:26 317364 36084.7898
2019:05:06 15:01:26 397363 40008.9249
2019:05:06 15:01:26 397582 211.4736
2019:05:06 15:01:26 398218 408.0459
2019:05:06 15:01:26 399027 410.8027
2019:05:06 15:01:26 399447 410.8734
2019:05:06 15:01:26 399846 224.9777
2019:05:06 15:01:26 400664 808.5780
2019:05:06 15:01:26 401091 416.3608
2019:05:06 15:01:26 437365 35871.2338
2019:05:06 15:01:26 521354 43999.4521
2019:05:06 15:01:26 521791 429.4589
2019:05:06 15:01:26 522612 810.9659
2019:05:06 15:01:26 523431 412.3673
2019:05:06 15:01:26 523838 207.7520
2019:05:06 15:01:26 524656 809.0362
2019:05:06 15:01:26 525478 812.2623
2019:05:06 15:01:26 525688 199.7054
2019:05:06 15:01:26 526707 819.2174
2019:05:06 15:01:26 527729 612.7469
2019:05:06 15:01:26 528755 819.3068
2019:05:06 15:01:26 565635 36470.4244
2019:05:06 15:01:26 566639 611.6666
2019:05:06 15:01:26 567666 818.6139
2019:05:06 15:01:26 568687 611.3984
2019:05:06 15:01:26 601355 32460.6374
2019:05:06 15:01:26 641362 39996.7246
2019:05:06 15:01:26 685311 3954.9544
2019:05:06 15:01:26 686098 776.7454
2019:05:06 15:01:26 686917 806.7526
2019:05:06 15:01:26 687344 410.8250
2019:05:06 15:01:26 688153 407.3940
2019:05:06 15:01:26 688970 802.4313
2019:05:06 15:01:26 721364 32381.0726
2019:05:06 15:01:26 801355 39999.8873
2019:05:06 15:01:26 802010 647.0717
2019:05:06 15:01:26 802824 802.6399
2019:05:06 15:01:26 803643 808.6488
2019:05:06 15:01:26 804064 410.9554
2019:05:06 15:01:26 804885 417.3964
2019:05:06 15:01:26 837380 32093.9794
2019:05:06 15:01:26 877622 268.4332
2019:05:06 15:01:26 878411 408.4744
2019:05:06 15:01:26 878834 410.9442
2019:05:06 15:01:26 879652 418.2346
2019:05:06 15:01:26 880471 418.7115
2019:05:06 15:01:26 881278 409.6255
2019:05:06 15:01:26 917362 36072.2318
2019:05:06 15:01:26 957354 32083.4927
2019:05:06 15:01:26 997364 39998.0098
2019:05:06 15:01:27 37777 409.4355
2019:05:06 15:01:27 38579 409.2157
2019:05:06 15:01:27 39396 805.4227
2019:05:06 15:01:27 39819 411.6632
2019:05:06 15:01:27 40624 407.5915
2019:05:06 15:01:27 41447 812.1058
2019:05:06 15:01:27 41865 398.8929
2019:05:06 15:01:27 42676 411.9575
2019:05:06 15:01:27 43493 805.4897
2019:05:06 15:01:27 43916 414.1182
2019:05:06 15:01:27 44720 408.7090
2019:05:06 15:01:27 81361 36630.0195
2019:05:06 15:01:27 85683 4314.3369
2019:05:06 15:01:27 86429 416.7333
2019:05:06 15:01:27 87241 416.9270
2019:05:06 15:01:27 88054 800.2110
2019:05:06 15:01:27 88870 806.0522
2019:05:06 15:01:27 89299 415.8393
2019:05:06 15:01:27 161354 40000.5616
2019:05:06 15:01:27 165610 4248.3248
2019:05:06 15:01:27 166384 596.3445
2019:05:06 15:01:27 167203 806.4434
2019:05:06 15:01:27 167830 615.3695
2019:05:06 15:01:27 168432 591.0210
2019:05:06 15:01:27 168856 411.8606
2019:05:06 15:01:27 189369 20107.8318
2019:05:06 15:01:27 229294 7936.0083
2019:05:06 15:01:27 261362 32056.9649
2019:05:06 15:01:27 262038 219.3265
2019:05:06 15:01:27 262639 412.5163
2019:05:06 15:01:27 263463 416.7110
2019:05:06 15:01:27 264085 219.5090
2019:05:06 15:01:27 264687 413.5333
2019:05:06 15:01:27 301354 36260.3404
2019:05:06 15:01:27 341363 39996.9220
2019:05:06 15:01:27 421361 40006.6897
2019:05:06 15:01:27 421826 456.8994
2019:05:06 15:01:27 422638 411.6967
2019:05:06 15:01:27 423043 283.9640
2019:05:06 15:01:27 423864 412.6132
2019:05:06 15:01:27 424676 415.1836
2019:05:06 15:01:27 425090 281.8964
2019:05:06 15:01:27 425909 410.2364
2019:05:06 15:01:27 426726 417.6833
2019:05:06 15:01:27 427134 283.3977
2019:05:06 15:01:27 427951 409.7410
2019:05:06 15:01:27 428371 409.1747
2019:05:06 15:01:27 429176 405.8816
2019:05:06 15:01:27 461365 32179.8362
2019:05:06 15:01:27 501641 285.9682
2019:05:06 15:01:27 502415 412.1587
2019:05:06 15:01:27 503234 412.7920
2019:05:06 15:01:27 504054 413.0974
2019:05:06 15:01:27 504873 413.1459
2019:05:06 15:01:27 541354 36074.1690
2019:05:06 15:01:27 581364 40001.1986
2019:05:06 15:01:27 661354 39999.8203
2019:05:06 15:01:27 662048 681.3630
2019:05:06 15:01:27 662467 410.2513
2019:05:06 15:01:27 663687 818.1259
2019:05:06 15:01:27 664515 416.9345
2019:05:06 15:01:27 665746 829.4620
2019:05:06 15:01:27 666562 809.3938
2019:05:06 15:01:27 667374 806.0969
2019:05:06 15:01:27 668610 826.4519
2019:05:06 15:01:27 701362 32746.7769
2019:05:06 15:01:27 741373 40003.0389
2019:05:06 15:01:27 741939 346.5414
2019:05:06 15:01:27 742751 424.5341
2019:05:06 15:01:27 743557 409.7410
2019:05:06 15:01:27 743978 409.7894
2019:05:06 15:01:27 744796 421.5613
2019:05:06 15:01:27 781355 36158.5878
2019:05:06 15:01:27 821362 39994.8210
2019:05:06 15:01:27 865496 4140.8874
2019:05:06 15:01:27 866258 741.6643
2019:05:06 15:01:27 867083 412.8031
2019:05:06 15:01:27 867901 415.1762
2019:05:06 15:01:27 869123 818.4314
2019:05:06 15:01:27 901787 433.3369
2019:05:06 15:01:27 902604 805.7132
2019:05:06 15:01:27 903423 807.1065
2019:05:06 15:01:27 903845 411.2385
2019:05:06 15:01:27 904663 417.0649
2019:05:06 15:01:27 905486 421.2074
2019:05:06 15:01:27 906293 412.9447
2019:05:06 15:01:27 907112 412.9112
2019:05:06 15:01:27 907928 409.3200
2019:05:06 15:01:27 908747 809.0548
2019:05:06 15:01:27 941358 32599.5795
2019:05:06 15:01:27 949337 7972.8551
2019:05:06 15:01:27 981692 338.2638
2019:05:06 15:01:27 982477 408.2993
2019:05:06 15:01:27 982899 411.4397
2019:05:06 15:01:27 983705 409.6404
2019:05:06 15:01:27 984524 808.2874
2019:05:06 15:01:27 984944 409.1635
2019:05:06 15:01:28 21353 36005.6870
2019:05:06 15:01:28 57366 36005.3703
2019:05:06 15:01:28 97554 198.7703
2019:05:06 15:01:28 98339 418.3277
2019:05:06 15:01:28 99160 419.9371
2019:05:06 15:01:28 99972 405.8406
2019:05:06 15:01:28 100791 809.3677
2019:05:06 15:01:28 101217 416.0963
2019:05:06 15:01:28 141546 4188.9213
2019:05:06 15:01:28 142316 754.3415
2019:05:06 15:01:28 143134 808.8425
2019:05:06 15:01:28 143953 806.8830
2019:05:06 15:01:28 144773 808.9393
2019:05:06 15:01:28 177353 32569.3674
2019:05:06 15:01:28 205363 27999.0137
2019:05:06 15:01:28 285354 39999.2429
2019:05:06 15:01:28 286010 648.5246
2019:05:06 15:01:28 286823 801.2578
2019:05:06 15:01:28 287640 806.3987
2019:05:06 15:01:28 288460 808.9915
2019:05:06 15:01:28 289280 808.7866
2019:05:06 15:01:28 289710 418.9238
2019:05:06 15:01:28 290524 415.5934
2019:05:06 15:01:28 291342 415.3587
2019:05:06 15:01:28 292156 414.8632
2019:05:06 15:01:28 292978 418.7450
2019:05:06 15:01:28 365354 39998.7139
2019:05:06 15:01:28 365919 555.7053
2019:05:06 15:01:28 366749 819.7352
2019:05:06 15:01:28 367970 820.7187
2019:05:06 15:01:28 368788 809.1517
2019:05:06 15:01:28 405364 36166.5636
2019:05:06 15:01:28 485354 39994.7576
2019:05:06 15:01:28 533365 48002.1462
2019:05:06 15:01:28 573610 251.2299
2019:05:06 15:01:28 574365 411.9240
2019:05:06 15:01:28 575184 807.1661
2019:05:06 15:01:28 575605 409.9682
2019:05:06 15:01:28 576412 408.4818
2019:05:06 15:01:28 577232 806.1342
2019:05:06 15:01:28 577660 414.5019
2019:05:06 15:01:28 578456 408.1540
2019:05:06 15:01:28 579276 807.8367
2019:05:06 15:01:28 579707 419.6800
2019:05:06 15:01:28 580504 407.5542
2019:05:06 15:01:28 581327 807.1139
2019:05:06 15:01:28 613364 32024.0334
2019:05:06 15:01:28 653766 411.3279
2019:05:06 15:01:28 654580 412.2481
2019:05:06 15:01:28 655400 412.9484
2019:05:06 15:01:28 656215 409.1002
2019:05:06 15:01:28 657034 809.2299
2019:05:06 15:01:28 693353 36308.0874
2019:05:06 15:01:28 733363 39999.8426
2019:05:06 15:01:28 737505 168.0627
2019:05:06 15:01:28 738124 410.1172
2019:05:06 15:01:28 738548 407.6213
2019:05:06 15:01:28 739353 409.2753
2019:05:06 15:01:28 739768 399.5858
2019:05:06 15:01:28 740585 805.4860
2019:05:06 15:01:28 741007 410.5568
2019:05:06 15:01:28 813354 40000.7181
2019:05:06 15:01:28 853362 40000.3754
2019:05:06 15:01:28 854061 402.5698
2019:05:06 15:01:28 854864 582.1660
2019:05:06 15:01:28 855687 810.1128
2019:05:06 15:01:28 856326 239.5511
2019:05:06 15:01:28 856919 423.0440
2019:05:06 15:01:28 893363 36034.8299
2019:05:06 15:01:28 897561 4189.1076
2019:05:06 15:01:28 898334 418.2272
2019:05:06 15:01:28 899150 414.6732
2019:05:06 15:01:28 899967 414.3491
2019:05:06 15:01:28 900787 415.2954
2019:05:06 15:01:28 933364 32172.3111
2019:05:06 15:01:28 977532 4178.4495
2019:05:06 15:01:28 978313 767.8494
2019:05:06 15:01:28 979132 806.0038
2019:05:06 15:01:28 979948 805.8101
2019:05:06 15:01:28 980770 813.1042
2019:05:06 15:01:29 13353 32572.9474
2019:05:06 15:01:29 49371 36005.9626
2019:05:06 15:01:29 89693 338.4873
2019:05:06 15:01:29 90485 407.4499
2019:05:06 15:01:29 91304 809.8483
2019:05:06 15:01:29 91732 417.1617
2019:05:06 15:01:29 92532 407.9640
2019:05:06 15:01:29 93356 813.3277
2019:05:06 15:01:29 94173 805.5940
2019:05:06 15:01:29 94588 403.9630
2019:05:06 15:01:29 95407 416.9419
2019:05:06 15:01:29 96227 413.5445
2019:05:06 15:01:29 97037 413.5966
2019:05:06 15:01:29 169354 39999.8501
2019:05:06 15:01:29 169954 591.4383
2019:05:06 15:01:29 170372 408.6047
2019:05:06 15:01:29 171188 412.3412
2019:05:06 15:01:29 172009 417.0761
2019:05:06 15:01:29 172823 418.5028
2019:05:06 15:01:29 209353 36128.5172
2019:05:06 15:01:29 249362 40000.0699
2019:05:06 15:01:29 281528 173.3340
2019:05:06 15:01:29 282275 410.7542
2019:05:06 15:01:29 283095 413.2055
2019:05:06 15:01:29 283915 415.4108
2019:05:06 15:01:29 284733 414.8446
2019:05:06 15:01:29 285578 446.9529
2019:05:06 15:01:29 286358 403.7321
2019:05:06 15:01:29 286784 414.8409
2019:05:06 15:01:29 287590 414.1256
2019:05:06 15:01:29 288406 410.0353
2019:05:06 15:01:29 288830 407.4499
2019:05:06 15:01:29 341355 52130.3043
2019:05:06 15:01:29 381363 40000.3418
2019:05:06 15:01:29 382239 411.3838
2019:05:06 15:01:29 383058 413.0155
2019:05:06 15:01:29 384286 819.0162
2019:05:06 15:01:29 385105 413.0006
2019:05:06 15:01:29 409688 24170.2385
2019:05:06 15:01:29 410502 790.4805
2019:05:06 15:01:29 410930 414.4311
2019:05:06 15:01:29 411730 409.6404
2019:05:06 15:01:29 412154 408.4632
2019:05:06 15:01:29 412960 410.7170
2019:05:06 15:01:29 441355 28363.8164
2019:05:06 15:01:29 473364 32001.5699
2019:05:06 15:01:29 473928 332.5902
2019:05:06 15:01:29 474742 417.0798
2019:05:06 15:01:29 475556 417.1021
2019:05:06 15:01:29 476367 413.5184
2019:05:06 15:01:29 477189 416.0367
2019:05:06 15:01:29 478006 409.1077
2019:05:06 15:01:29 478824 808.4141
2019:05:06 15:01:29 480053 819.5080
2019:05:06 15:01:29 480880 817.3548
2019:05:06 15:01:29 513361 32474.7302
2019:05:06 15:01:29 553367 39998.5798
2019:05:06 15:01:29 553770 158.4254
2019:05:06 15:01:29 554770 820.5213
2019:05:06 15:01:29 555587 808.5147
2019:05:06 15:01:29 556406 597.9203
2019:05:06 15:01:29 585354 28537.7577
2019:05:06 15:01:29 617361 31998.8020
2019:05:06 15:01:29 617923 358.2872
2019:05:06 15:01:29 618735 413.7084
2019:05:06 15:01:29 619956 819.3664
2019:05:06 15:01:29 620774 809.1554
2019:05:06 15:01:29 621606 422.2654
2019:05:06 15:01:29 622413 412.5163
2019:05:06 15:01:29 623233 413.1272
2019:05:06 15:01:29 624049 409.4392
2019:05:06 15:01:29 624868 808.3843
2019:05:06 15:01:29 657363 32485.4441
2019:05:06 15:01:29 697361 39989.4454
2019:05:06 15:01:29 697974 371.9591
2019:05:06 15:01:29 698780 417.0723
2019:05:06 15:01:29 699596 412.9112
2019:05:06 15:01:29 700015 406.6788
2019:05:06 15:01:29 700828 416.3459
2019:05:06 15:01:29 737354 36123.0932
2019:05:06 15:01:29 777366 40003.4375
2019:05:06 15:01:29 857353 39998.6096
2019:05:06 15:01:29 897361 40000.1518
2019:05:06 15:01:29 898059 413.6004
2019:05:06 15:01:29 898873 416.3310
2019:05:06 15:01:29 900094 818.8039
2019:05:06 15:01:29 900920 416.2304
2019:05:06 15:01:29 937361 36037.3110
2019:05:06 15:01:29 941674 358.3767
2019:05:06 15:01:29 942517 416.3235
2019:05:06 15:01:29 943328 408.9996
2019:05:06 15:01:29 943716 372.3837
2019:05:06 15:01:29 944560 413.5668
2019:05:06 15:01:29 977355 32388.5866
2019:05:06 15:01:30 17363 39997.7528
2019:05:06 15:01:30 22007 405.2073
2019:05:06 15:01:30 22824 413.0751
2019:05:06 15:01:30 23643 808.7717
2019:05:06 15:01:30 24463 808.1049
2019:05:06 15:01:30 25282 809.4013
2019:05:06 15:01:30 57373 32081.1011
2019:05:06 15:01:30 61741 378.0648
2019:05:06 15:01:30 62551 404.8645
2019:05:06 15:01:30 63381 820.0668
2019:05:06 15:01:30 64191 804.7186
2019:05:06 15:01:30 65011 413.1682
2019:05:06 15:01:30 137355 39994.2473
2019:05:06 15:01:30 141643 4279.2298
2019:05:06 15:01:30 142397 416.5620
2019:05:06 15:01:30 143618 818.9045
2019:05:06 15:01:30 144437 412.9894
2019:05:06 15:01:30 177355 32508.5036
2019:05:06 15:01:30 217362 39997.7304
2019:05:06 15:01:30 257506 151.7497
2019:05:06 15:01:30 258721 814.7173
2019:05:06 15:01:30 259540 412.9298
2019:05:06 15:01:30 260768 818.9753
2019:05:06 15:01:30 297360 36185.3130
2019:05:06 15:01:30 301626 4258.3123
2019:05:06 15:01:30 302586 603.8696
2019:05:06 15:01:30 302810 209.8083
2019:05:06 15:01:30 303628 416.5359
2019:05:06 15:01:30 304449 414.0846
2019:05:06 15:01:30 304855 220.2876
2019:05:06 15:01:30 337364 32101.5343
2019:05:06 15:01:30 381468 4113.6853
2019:05:06 15:01:30 382240 758.9795
2019:05:06 15:01:30 383469 819.6533
2019:05:06 15:01:30 384288 809.4460
2019:05:06 15:01:30 417353 32656.0363
2019:05:06 15:01:30 457365 40004.1305
2019:05:06 15:01:30 493501 4132.9525
2019:05:06 15:01:30 494294 780.1987
2019:05:06 15:01:30 495102 801.8352
2019:05:06 15:01:30 545354 32000.5529
2019:05:06 15:01:30 549786 4423.1974
2019:05:06 15:01:30 550584 784.0544
2019:05:06 15:01:30 551402 807.4120
2019:05:06 15:01:30 552154 740.0811
2019:05:06 15:01:30 552647 481.1138
2019:05:06 15:01:30 577363 24317.4881
2019:05:06 15:01:30 613305 3945.7679
2019:05:06 15:01:30 614070 469.6697
2019:05:06 15:01:30 614889 808.1645
2019:05:06 15:01:30 615316 415.4518
2019:05:06 15:01:30 616123 481.3671
2019:05:06 15:01:30 616940 806.5924
2019:05:06 15:01:30 641364 24409.5325
2019:05:06 15:01:30 646021 407.0103
2019:05:06 15:01:30 646847 491.2019
2019:05:06 15:01:30 647654 801.5707
2019:05:06 15:01:30 648413 747.3454
2019:05:06 15:01:30 649295 408.9624
2019:05:06 15:01:30 705360 31996.6003
2019:05:06 15:01:30 709555 4187.3865
2019:05:06 15:01:30 710327 481.5534
2019:05:06 15:01:30 711551 818.3606
2019:05:06 15:01:30 712377 486.3590
2019:05:06 15:01:30 745354 32574.5903
2019:05:06 15:01:30 785363 39998.4606
2019:05:06 15:01:30 790074 405.8145
2019:05:06 15:01:30 790894 415.0271
2019:05:06 15:01:30 791711 412.9522
2019:05:06 15:01:30 792537 416.9792
2019:05:06 15:01:30 825363 32423.8427
2019:05:06 15:01:30 857570 216.7895
2019:05:06 15:01:30 858360 407.7218
2019:05:06 15:01:30 859180 809.6695
2019:05:06 15:01:30 859602 412.9671
2019:05:06 15:01:30 860408 408.8283
2019:05:06 15:01:30 861228 810.7759
2019:05:06 15:01:30 889373 28130.7809
2019:05:06 15:01:30 953354 31999.7370
2019:05:06 15:01:30 954003 641.6664
2019:05:06 15:01:30 954822 808.4141
2019:05:06 15:01:30 955446 610.0647
2019:05:06 15:01:30 956050 591.4122
2019:05:06 15:01:30 956870 805.9405
2019:05:06 15:01:30 985359 28476.4320
2019:05:06 15:01:31 17364 31997.5503
2019:05:06 15:01:31 49617 255.9237
2019:05:06 15:01:31 50416 433.3220
2019:05:06 15:01:31 51235 808.5780
2019:05:06 15:01:31 52031 784.8293
2019:05:06 15:01:31 52477 434.7675
2019:05:06 15:01:31 53296 412.1065
2019:05:06 15:01:31 121354 39994.6347
2019:05:06 15:01:31 125658 4295.9005
2019:05:06 15:01:31 126467 417.1059
2019:05:06 15:01:31 127286 417.9068
2019:05:06 15:01:31 128104 417.2213
2019:05:06 15:01:31 128916 413.7605
2019:05:06 15:01:31 161354 32031.0779
2019:05:06 15:01:31 201363 39998.8368
2019:05:06 15:01:31 241856 501.0515
2019:05:06 15:01:31 242276 403.8066
2019:05:06 15:01:31 243095 418.7040
2019:05:06 15:01:31 243914 417.6088
2019:05:06 15:01:31 244725 412.7696
2019:05:06 15:01:31 281359 36228.1390
2019:05:06 15:01:31 285325 3959.7191
2019:05:06 15:01:31 286102 405.2073
2019:05:06 15:01:31 287321 818.5916
2019:05:06 15:01:31 288140 809.3901
2019:05:06 15:01:31 288967 415.2767
2019:05:06 15:01:31 313363 24298.9585
2019:05:06 15:01:31 317658 384.7778
2019:05:06 15:01:31 318055 313.5093
2019:05:06 15:01:31 318873 414.5652
2019:05:06 15:01:31 319683 412.5275
2019:05:06 15:01:31 320096 402.0035
2019:05:06 15:01:31 320916 417.4747
2019:05:06 15:01:31 345361 24046.8979
2019:05:06 15:01:31 377370 32000.4560
2019:05:06 15:01:31 381580 310.2496
2019:05:06 15:01:31 382473 836.7114
2019:05:06 15:01:31 383281 408.8841
2019:05:06 15:01:31 383630 337.5188
2019:05:06 15:01:31 384519 419.4938
2019:05:06 15:01:31 385330 410.2327
2019:05:06 15:01:31 413467 28125.6996
2019:05:06 15:01:31 414194 716.4888
2019:05:06 15:01:31 415014 807.1736
2019:05:06 15:01:31 415832 808.1719
2019:05:06 15:01:31 416652 810.1761
2019:05:06 15:01:31 441353 24691.1161
2019:05:06 15:01:31 473362 32002.1436
2019:05:06 15:01:31 477838 367.5446
2019:05:06 15:01:31 478661 413.7196
2019:05:06 15:01:31 479468 513.0209
2019:05:06 15:01:31 480288 810.0793
2019:05:06 15:01:31 481000 703.3050
2019:05:06 15:01:31 505363 24353.0162
2019:05:06 15:01:31 509775 332.7392
2019:05:06 15:01:31 510603 416.0516
2019:05:06 15:01:31 511422 415.7051
2019:05:06 15:01:31 511825 110.4809
2019:05:06 15:01:31 512650 415.1426
2019:05:06 15:01:31 537353 24298.2879
2019:05:06 15:01:31 577365 40004.5738
2019:05:06 15:01:31 578206 413.7941
2019:05:06 15:01:31 578614 219.9821
2019:05:06 15:01:31 579433 417.8174
2019:05:06 15:01:31 580252 417.4896
2019:05:06 15:01:31 580661 219.7213
2019:05:06 15:01:31 617353 36287.4009
2019:05:06 15:01:31 621469 4106.6296
2019:05:06 15:01:31 622612 806.1416
2019:05:06 15:01:31 623031 408.6867
2019:05:06 15:01:31 623849 409.4392
2019:05:06 15:01:31 624669 411.2907
2019:05:06 15:01:31 657354 32285.3848
2019:05:06 15:01:31 697362 40000.8783
2019:05:06 15:01:31 701864 377.2564
2019:05:06 15:01:31 702674 410.3594
2019:05:06 15:01:31 703497 812.2735
2019:05:06 15:01:31 703916 408.2285
2019:05:06 15:01:31 704723 408.7649
2019:05:06 15:01:31 737353 32619.4912
2019:05:06 15:01:31 769364 32003.3655
2019:05:06 15:01:31 770014 415.4630
2019:05:06 15:01:31 770823 675.8571
2019:05:06 15:01:31 772052 819.4894
2019:05:06 15:01:31 772872 676.5239
2019:05:06 15:01:31 801368 28086.4201
2019:05:06 15:01:31 873354 39999.0641
2019:05:06 15:01:31 913365 40002.8415
2019:05:06 15:01:31 913867 375.0250
2019:05:06 15:01:31 914677 413.0118
2019:05:06 15:01:31 915905 819.1057
2019:05:06 15:01:31 916725 413.5258
2019:05:06 15:01:31 961364 44229.1945
2019:05:06 15:01:31 962210 538.3417
2019:05:06 15:01:31 963029 808.4700
2019:05:06 15:01:31 963713 673.2047
2019:05:06 15:01:31 964257 533.5510
2019:05:06 15:01:31 965077 808.2688
2019:05:06 15:01:32 9354 44267.3005
2019:05:06 15:01:32 9801 437.9749
2019:05:06 15:01:32 10605 624.8616
2019:05:06 15:01:32 11833 817.8093
2019:05:06 15:01:32 12653 624.8094
2019:05:06 15:01:32 57354 44292.4649
2019:05:06 15:01:32 57876 513.7920
2019:05:06 15:01:32 58692 425.7672
2019:05:06 15:01:32 59085 131.9870
2019:05:06 15:01:32 59918 417.5678
2019:05:06 15:01:32 60728 410.2699
2019:05:06 15:01:32 61016 276.5171
2019:05:06 15:01:32 105355 44216.3721
2019:05:06 15:01:32 106065 701.1890
2019:05:06 15:01:32 106884 807.9372
2019:05:06 15:01:32 107306 411.0038
2019:05:06 15:01:32 108113 409.0630
2019:05:06 15:01:32 108932 807.9298
2019:05:06 15:01:32 125371 16428.8729
2019:05:06 15:01:32 201353 35997.8266
2019:05:06 15:01:32 201909 546.7422
2019:05:06 15:01:32 202327 404.9316
2019:05:06 15:01:32 203147 412.1549
2019:05:06 15:01:32 203952 410.2960
2019:05:06 15:01:32 204373 411.1454
2019:05:06 15:01:32 205191 413.4029
2019:05:06 15:01:32 245361 4006.5832
2019:05:06 15:01:32 246138 410.9815
2019:05:06 15:01:32 247370 823.3115
2019:05:06 15:01:32 248184 808.1906
2019:05:06 15:01:32 281354 32759.9086
2019:05:06 15:01:32 329362 48000.3171
2019:05:06 15:01:32 425354 48000.5033
2019:05:06 15:01:32 465362 39997.1679
2019:05:06 15:01:32 469778 379.6555
2019:05:06 15:01:32 470582 412.5126
2019:05:06 15:01:32 471401 412.4604
2019:05:06 15:01:32 472216 408.4408
2019:05:06 15:01:32 473037 810.0569
2019:05:06 15:01:32 505362 32314.8705
2019:05:06 15:01:32 537597 242.1774
2019:05:06 15:01:32 538396 415.1985
2019:05:06 15:01:32 539216 416.0814
2019:05:06 15:01:32 540028 409.4169
2019:05:06 15:01:32 540848 809.5391
2019:05:06 15:01:32 569359 28499.9497
2019:05:06 15:01:32 601363 31995.0208
2019:05:06 15:01:32 689354 47999.1920
2019:05:06 15:01:32 737363 47999.0505
2019:05:06 15:01:32 833354 47999.3299
2019:05:06 15:01:32 873364 40002.0741
2019:05:06 15:01:32 874386 796.4298
2019:05:06 15:01:32 875208 811.1075
2019:05:06 15:01:32 876027 809.8818
2019:05:06 15:01:32 876450 413.4402
2019:05:06 15:01:32 877267 415.2879
2019:05:06 15:01:32 917802 446.4984
2019:05:06 15:01:32 918623 810.8690
2019:05:06 15:01:32 919450 417.3107
2019:05:06 15:01:32 920671 818.7369
2019:05:06 15:01:32 921501 418.5624
2019:05:06 15:01:32 922718 818.2488
2019:05:06 15:01:32 923545 416.8786
2019:05:06 15:01:32 924766 819.0908
2019:05:06 15:01:32 965364 40185.4739
2019:05:06 15:01:32 966143 415.4779
2019:05:06 15:01:32 966953 412.8665
2019:05:06 15:01:32 968182 819.7017
2019:05:06 15:01:32 969001 413.4104
2019:05:06 15:01:32 969842 429.7346
2019:05:06 15:01:32 970646 415.9920
2019:05:06 15:01:32 971868 819.2770
2019:05:06 15:01:32 972694 414.9005
2019:05:06 15:01:33 9366 36269.0166
2019:05:06 15:01:33 97356 47995.7238
2019:05:06 15:01:33 145360 47994.1703
2019:05:06 15:01:33 233353 39997.8682
2019:05:06 15:01:33 237551 4191.2831
2019:05:06 15:01:33 238300 415.9175
2019:05:06 15:01:33 239538 831.0825
2019:05:06 15:01:33 240340 399.7795
2019:05:06 15:01:33 241164 418.8865
2019:05:06 15:01:33 321353 47991.9314
2019:05:06 15:01:33 369363 48000.7306
2019:05:06 15:01:33 457354 48000.8684
2019:05:06 15:01:33 505365 48001.2819
2019:05:06 15:01:33 601363 48007.1828
2019:05:06 15:01:33 641366 39995.7523
2019:05:06 15:01:33 642115 391.9713
2019:05:06 15:01:33 642933 413.2316
2019:05:06 15:01:33 643748 417.1841
2019:05:06 15:01:33 644568 417.2884
2019:05:06 15:01:33 689355 44379.1822
2019:05:06 15:01:33 689877 511.8363
2019:05:06 15:01:33 690691 803.1726
2019:05:06 15:01:33 691113 410.4152
2019:05:06 15:01:33 691931 497.9484
2019:05:06 15:01:33 692752 417.1915
2019:05:06 15:01:33 737367 44213.5110
2019:05:06 15:01:33 737937 407.8634
2019:05:06 15:01:33 738747 412.6765
2019:05:06 15:01:33 739380 619.2699
2019:05:06 15:01:33 739969 578.4966
2019:05:06 15:01:33 740788 808.1198
2019:05:06 15:01:33 741214 411.9240
2019:05:06 15:01:33 809356 39994.6719
2019:05:06 15:01:33 813459 4096.0200
2019:05:06 15:01:33 814215 412.2518
2019:05:06 15:01:33 815032 415.7051
2019:05:06 15:01:33 815444 291.8653
2019:05:06 15:01:33 816264 416.3012
2019:05:06 15:01:33 817083 420.0898
2019:05:06 15:01:33 857367 40167.7079
2019:05:06 15:01:33 861728 381.2276
2019:05:06 15:01:33 862533 403.6985
2019:05:06 15:01:33 863352 807.7994
2019:05:06 15:01:33 863773 410.2029
2019:05:06 15:01:33 864581 406.2802
2019:05:06 15:01:33 905355 40763.8699
2019:05:06 15:01:33 953364 47999.5199
2019:05:06 15:01:34 33354 39999.4180
2019:05:06 15:01:34 33940 578.0868
2019:05:06 15:01:34 34763 812.5901
2019:05:06 15:01:34 37366 2590.9245
2019:05:06 15:01:34 38043 668.9653
2019:05:06 15:01:34 38858 803.5004
2019:05:06 15:01:34 39283 414.3268
2019:05:06 15:01:34 40090 408.5600
2019:05:06 15:01:34 40906 804.5249
2019:05:06 15:01:34 41331 415.5040
2019:05:06 15:01:34 105355 31995.1512
2019:05:06 15:01:34 137364 32000.0872
2019:05:06 15:01:34 177598 239.2605
2019:05:06 15:01:34 178380 411.6818
2019:05:06 15:01:34 178981 194.4117
2019:05:06 15:01:34 179615 416.9568
2019:05:06 15:01:34 180435 417.4411
2019:05:06 15:01:34 181246 402.5996
2019:05:06 15:01:34 182076 819.4558
2019:05:06 15:01:34 182886 803.5935
2019:05:06 15:01:34 183296 399.5150
2019:05:06 15:01:34 184119 418.1154
2019:05:06 15:01:34 184933 409.4094
2019:05:06 15:01:34 221368 36256.8833
2019:05:06 15:01:34 225903 376.0569
2019:05:06 15:01:34 226299 228.7030
2019:05:06 15:01:34 226723 413.7941
2019:05:06 15:01:34 227530 412.4343
2019:05:06 15:01:34 227951 413.6525
2019:05:06 15:01:34 228346 227.8276
2019:05:06 15:01:34 228768 410.0315
2019:05:06 15:01:34 269358 40193.8222
2019:05:06 15:01:34 273694 4326.7794
2019:05:06 15:01:34 274490 418.5401
2019:05:06 15:01:34 275299 408.7202
2019:05:06 15:01:34 275722 410.7580
2019:05:06 15:01:34 276531 409.6441
2019:05:06 15:01:34 309354 32416.0755
2019:05:06 15:01:34 357364 47999.3224
2019:05:06 15:01:34 401671 4307.2626
2019:05:06 15:01:34 402482 792.1495
2019:05:06 15:01:34 403300 808.7084
2019:05:06 15:01:34 404529 819.2882
2019:05:06 15:01:34 437359 32819.8113
2019:05:06 15:01:34 469369 32002.0318
2019:05:06 15:01:34 470014 414.7813
2019:05:06 15:01:34 470422 212.6694
2019:05:06 15:01:34 471643 818.7182
2019:05:06 15:01:34 472462 408.9549
2019:05:06 15:01:34 497484 24611.7488
2019:05:06 15:01:34 498263 762.0715
2019:05:06 15:01:34 498877 602.6588
2019:05:06 15:01:34 509353 10464.8769
2019:05:06 15:01:34 513704 4339.0580
2019:05:06 15:01:34 514509 794.1201
2019:05:06 15:01:34 514930 410.5270
2019:05:06 15:01:34 515736 409.1673
2019:05:06 15:01:34 516555 808.3247
2019:05:06 15:01:34 516975 409.8006
2019:05:06 15:01:34 549649 294.8307
2019:05:06 15:01:34 550031 125.2443
2019:05:06 15:01:34 550842 408.8581
2019:05:06 15:01:34 551262 409.3535
2019:05:06 15:01:34 551955 295.3745
2019:05:06 15:01:34 552483 516.5860
2019:05:06 15:01:34 553302 809.5950
2019:05:06 15:01:34 553729 416.9941
2019:05:06 15:01:34 554530 533.7745
2019:05:06 15:01:34 555759 819.5490
2019:05:06 15:01:34 556586 541.2251
2019:05:06 15:01:34 589363 32770.6859
2019:05:06 15:01:34 593503 4131.9951
2019:05:06 15:01:34 594267 414.9750
2019:05:06 15:01:34 594950 283.8857
2019:05:06 15:01:34 595485 523.9137
2019:05:06 15:01:34 596305 809.3193
2019:05:06 15:01:34 596725 409.3312
2019:05:06 15:01:34 597126 127.1665
2019:05:06 15:01:34 669354 39999.4180
2019:05:06 15:01:34 709371 40008.8057
2019:05:06 15:01:34 789355 39999.5185
2019:05:06 15:01:34 829364 40000.9118
2019:05:06 15:01:34 909357 40002.9495
2019:05:06 15:01:34 949368 40002.3684
2019:05:06 15:01:34 950094 395.3800
2019:05:06 15:01:34 950905 414.6621
2019:05:06 15:01:34 951716 412.1363
2019:05:06 15:01:34 952132 407.3381
2019:05:06 15:01:34 952954 415.3661
2019:05:06 15:01:34 989363 36004.4762
2019:05:06 15:01:34 993775 371.4524
2019:05:06 15:01:34 994590 416.4986
2019:05:06 15:01:34 995402 409.4876
2019:05:06 15:01:34 995843 427.1045
2019:05:06 15:01:34 996637 413.6451
2019:05:06 15:01:35 29353 32313.4623
2019:05:06 15:01:35 73362 43994.4044
2019:05:06 15:01:35 113758 396.2927
2019:05:06 15:01:35 114563 798.4377
2019:05:06 15:01:35 115374 805.5605
2019:05:06 15:01:35 116610 826.1390
2019:05:06 15:01:35 117432 816.5166
2019:05:06 15:01:35 118243 804.3759
2019:05:06 15:01:35 119061 415.4071
2019:05:06 15:01:35 120288 818.7778
2019:05:06 15:01:35 121108 412.5349
2019:05:06 15:01:35 161295 7940.9778
2019:05:06 15:01:35 193362 32052.7069
2019:05:06 15:01:35 194135 396.3001
2019:05:06 15:01:35 195355 818.9119
2019:05:06 15:01:35 196174 413.1533
2019:05:06 15:01:35 197001 415.3550
2019:05:06 15:01:35 233363 35958.4354
2019:05:06 15:01:35 313354 40000.1742
2019:05:06 15:01:35 317491 4128.9628
2019:05:06 15:01:35 318280 420.7455
2019:05:06 15:01:35 319094 417.1915
2019:05:06 15:01:35 319913 417.1804
2019:05:06 15:01:35 320724 413.1719
2019:05:06 15:01:35 353354 32222.8521
2019:05:06 15:01:35 353840 479.2660
2019:05:06 15:01:35 354661 809.9675
2019:05:06 15:01:35 355478 412.9037
2019:05:06 15:01:35 356712 823.9746
2019:05:06 15:01:35 357536 422.3436
2019:05:06 15:01:35 358345 411.0783
2019:05:06 15:01:35 359172 415.5077
2019:05:06 15:01:35 360394 819.6235
2019:05:06 15:01:35 361220 416.9382
2019:05:06 15:01:35 393631 277.0312
2019:05:06 15:01:35 394397 410.4115
2019:05:06 15:01:35 395216 412.2630
2019:05:06 15:01:35 396028 405.4159
2019:05:06 15:01:35 396845 805.7058
2019:05:06 15:01:35 397273 414.2560
2019:05:06 15:01:35 398077 385.0237
2019:05:06 15:01:35 398896 806.9798
2019:05:06 15:01:35 399715 809.6397
2019:05:06 15:01:35 400136 410.8325
2019:05:06 15:01:35 400955 414.6509
2019:05:06 15:01:35 433528 173.9003
2019:05:06 15:01:35 434273 417.9068
2019:05:06 15:01:35 435086 510.2456
2019:05:06 15:01:35 435905 809.0511
2019:05:06 15:01:35 436621 704.2363
2019:05:06 15:01:35 437137 505.7417
2019:05:06 15:01:35 473369 36220.9715
2019:05:06 15:01:35 513751 396.5385
2019:05:06 15:01:35 514559 415.1128
2019:05:06 15:01:35 515379 419.1473
2019:05:06 15:01:35 516198 415.8765
2019:05:06 15:01:35 517011 409.4057
2019:05:06 15:01:35 517845 823.7697
2019:05:06 15:01:35 518261 405.5798
2019:05:06 15:01:35 519066 403.7619
2019:05:06 15:01:35 519881 804.8862
2019:05:06 15:01:35 520306 404.3840
2019:05:06 15:01:35 521110 403.5793
2019:05:06 15:01:35 553369 32247.3831
2019:05:06 15:01:35 633353 39999.2652
2019:05:06 15:01:35 637513 4152.3315
2019:05:06 15:01:35 638288 417.0053
2019:05:06 15:01:35 638953 270.7839
2019:05:06 15:01:35 639502 532.9177
2019:05:06 15:01:35 640319 802.7926
2019:05:06 15:01:35 640743 410.0427
2019:05:06 15:01:35 673354 32352.4401
2019:05:06 15:01:35 713363 40000.9751
2019:05:06 15:01:35 793354 39997.8608
2019:05:06 15:01:35 833369 40006.8052
2019:05:06 15:01:35 913354 39992.8764
2019:05:06 15:01:35 953365 40002.8303
2019:05:06 15:01:35 997470 4109.0511
2019:05:06 15:01:35 998259 777.5426
2019:05:06 15:01:35 999081 808.5296
2019:05:06 15:01:35 999506 411.7154
2019:05:06 15:01:36 306 506.5724
2019:05:06 15:01:36 1129 808.5296
2019:05:06 15:01:36 33364 32221.7122
2019:05:06 15:01:36 49732 371.2066
2019:05:06 15:01:36 50534 409.0220
2019:05:06 15:01:36 50959 408.0795
2019:05:06 15:01:36 51765 406.4441
2019:05:06 15:01:36 52184 408.4744
2019:05:06 15:01:36 53001 416.0516
2019:05:06 15:01:36 53814 801.7793
2019:05:06 15:01:36 54628 803.0050
2019:05:06 15:01:36 55447 808.6860
2019:05:06 15:01:36 55870 411.1975
2019:05:06 15:01:36 56688 418.6593
2019:05:06 15:01:36 89364 32268.3603
2019:05:06 15:01:36 90156 475.5408
2019:05:06 15:01:36 90975 414.8893
2019:05:06 15:01:36 91723 343.1700
2019:05:06 15:01:36 92608 416.0963
2019:05:06 15:01:36 93442 430.6324
2019:05:06 15:01:36 94236 479.8621
2019:05:06 15:01:36 95056 809.1331
2019:05:06 15:01:36 95478 409.8453
2019:05:06 15:01:36 96288 482.2016
2019:05:06 15:01:36 97113 815.4660
2019:05:06 15:01:36 129370 32244.6749
2019:05:06 15:01:36 129898 370.7781
2019:05:06 15:01:36 130623 334.5385
2019:05:06 15:01:36 131124 484.0121
2019:05:06 15:01:36 131934 420.7119
2019:05:06 15:01:36 132669 340.1153
2019:05:06 15:01:36 133160 479.9999
2019:05:06 15:01:36 205358 36002.9191
2019:05:06 15:01:36 245364 39995.3723
2019:05:06 15:01:36 325362 40007.1815
2019:05:06 15:01:36 365366 39996.7581
2019:05:06 15:01:36 405767 411.4434
2019:05:06 15:01:36 406580 412.1289
2019:05:06 15:01:36 407399 412.9633
2019:05:06 15:01:36 408215 409.6590
2019:05:06 15:01:36 409034 807.4641
2019:05:06 15:01:36 445354 36307.5659
2019:05:06 15:01:36 485363 40000.8857
2019:05:06 15:01:36 573354 39998.5798
2019:05:06 15:01:36 613367 40000.3754
2019:05:06 15:01:36 614196 402.1004
2019:05:06 15:01:36 615014 808.0974
2019:05:06 15:01:36 615438 413.7941
2019:05:06 15:01:36 616241 409.1114
2019:05:06 15:01:36 617061 809.4460
2019:05:06 15:01:36 617494 422.5709
2019:05:06 15:01:36 618293 404.3914
2019:05:06 15:01:36 619109 804.3386
2019:05:06 15:01:36 619536 417.1059
2019:05:06 15:01:36 620341 408.6457
2019:05:06 15:01:36 621160 809.7216
2019:05:06 15:01:36 653367 32196.5888
2019:05:06 15:01:36 693812 458.5721
2019:05:06 15:01:36 694630 804.6031
2019:05:06 15:01:36 695449 808.0229
2019:05:06 15:01:36 695869 409.2865
2019:05:06 15:01:36 696690 418.4507
2019:05:06 15:01:36 733355 36264.7064
2019:05:06 15:01:36 769368 36004.7147
2019:05:06 15:01:36 809748 393.6738
2019:05:06 15:01:36 810555 414.8930
2019:05:06 15:01:36 811361 800.2557
2019:05:06 15:01:36 812189 816.2893
2019:05:06 15:01:36 813002 410.1694
2019:05:06 15:01:36 837599 24189.2152
2019:05:06 15:01:36 838393 778.8427
2019:05:06 15:01:36 839215 810.9473
2019:05:06 15:01:36 840031 805.2662
2019:05:06 15:01:36 840854 811.8972
2019:05:06 15:01:36 841274 411.7675
2019:05:06 15:01:36 885755 400.4873
2019:05:06 15:01:36 886529 417.5566
2019:05:06 15:01:36 886946 406.0641
2019:05:06 15:01:36 887745 408.6308
2019:05:06 15:01:36 888172 417.0313
2019:05:06 15:01:36 888991 423.3271
2019:05:06 15:01:36 925354 35956.8298
2019:05:06 15:01:36 933342 7978.2531
2019:05:06 15:01:37 5363 40002.4541
2019:05:06 15:01:37 73361 28005.1641
2019:05:06 15:01:37 113369 40000.3381
2019:05:06 15:01:37 113908 346.0906
2019:05:06 15:01:37 114710 412.0506
2019:05:06 15:01:37 115528 417.3107
2019:05:06 15:01:37 116340 413.2427
2019:05:06 15:01:37 117159 412.6132
2019:05:06 15:01:37 193355 40000.0885
2019:05:06 15:01:37 233361 39996.3893
2019:05:06 15:01:37 273759 389.6318
2019:05:06 15:01:37 274340 186.8047
2019:05:06 15:01:37 274980 417.6609
2019:05:06 15:01:37 275797 415.6753
2019:05:06 15:01:37 276388 187.7770
2019:05:06 15:01:37 277036 426.4377
2019:05:06 15:01:37 277835 401.6422
2019:05:06 15:01:37 278653 807.3002
2019:05:06 15:01:37 279476 812.7615
2019:05:06 15:01:37 280476 590.8832
2019:05:06 15:01:37 281114 628.6614
2019:05:06 15:01:37 305733 378.9440
2019:05:06 15:01:37 306517 406.5856
2019:05:06 15:01:37 307099 179.7266
2019:05:06 15:01:37 307344 234.1680
2019:05:06 15:01:37 308159 412.3598
2019:05:06 15:01:37 308971 409.2231
2019:05:06 15:01:37 337357 28371.8072
2019:05:06 15:01:37 369370 32003.9503
2019:05:06 15:01:37 370249 417.4411
2019:05:06 15:01:37 371055 473.0895
2019:05:06 15:01:37 371877 812.1207
2019:05:06 15:01:37 372631 741.1093
2019:05:06 15:01:37 373113 471.6665
2019:05:06 15:01:37 373939 417.4337
2019:05:06 15:01:37 374687 349.6818
2019:05:06 15:01:37 375562 816.1627
2019:05:06 15:01:37 376382 807.4678
2019:05:06 15:01:37 377200 806.2795
2019:05:06 15:01:37 401794 24582.9225
2019:05:06 15:01:37 402606 416.6923
2019:05:06 15:01:37 403347 342.1009
2019:05:06 15:01:37 403834 474.5722
2019:05:06 15:01:37 404654 417.2586
2019:05:06 15:01:37 405396 343.3712
2019:05:06 15:01:37 405888 444.9598
2019:05:06 15:01:37 406716 418.4283
2019:05:06 15:01:37 407481 347.8713
2019:05:06 15:01:37 407963 476.3342
2019:05:06 15:01:37 409172 807.6839
2019:05:06 15:01:37 434006 645.6450
2019:05:06 15:01:37 435209 1196.6825
2019:05:06 15:01:37 436031 810.8355
2019:05:06 15:01:37 436866 824.3583
2019:05:06 15:01:37 437724 852.0819
2019:05:06 15:01:37 438904 1173.7868
2019:05:06 15:01:37 439733 818.0737
2019:05:06 15:01:37 440555 401.5714
2019:05:06 15:01:37 465355 24380.5796
2019:05:06 15:01:37 497362 31998.0718
2019:05:06 15:01:37 501675 4302.9301
2019:05:06 15:01:37 502454 416.0218
2019:05:06 15:01:37 503669 813.9014
2019:05:06 15:01:37 504492 814.4304
2019:05:06 15:01:37 581354 39992.1574
2019:05:06 15:01:37 621364 40001.1279
2019:05:06 15:01:37 625831 387.8996
2019:05:06 15:01:37 626653 405.3190
2019:05:06 15:01:37 627460 406.8986
2019:05:06 15:01:37 627880 397.6151
2019:05:06 15:01:37 628702 412.5796
2019:05:06 15:01:37 661355 32256.4952
2019:05:06 15:01:37 661869 503.5251
2019:05:06 15:01:37 662682 415.4406
2019:05:06 15:01:37 663503 417.7801
2019:05:06 15:01:37 664323 417.4896
2019:05:06 15:01:37 665134 413.2017
2019:05:06 15:01:37 701665 301.9758
2019:05:06 15:01:37 702407 410.0874
2019:05:06 15:01:37 703223 409.0667
2019:05:06 15:01:37 703644 409.9756
2019:05:06 15:01:37 704464 418.5438
2019:05:06 15:01:37 705271 410.5642
2019:05:06 15:01:37 741362 36079.2130
2019:05:06 15:01:37 773639 275.1574
2019:05:06 15:01:37 774395 404.6820
2019:05:06 15:01:37 774823 415.5524
2019:05:06 15:01:37 775211 135.5223
2019:05:06 15:01:37 776044 419.9222
2019:05:06 15:01:37 776857 412.9186
2019:05:06 15:01:37 777144 275.8503
2019:05:06 15:01:37 817575 202.1194
2019:05:06 15:01:37 818080 118.1103
2019:05:06 15:01:37 818785 415.8840
2019:05:06 15:01:37 819602 412.9671
2019:05:06 15:01:37 820124 116.6128
2019:05:06 15:01:37 820827 692.2334
2019:05:06 15:01:37 821247 409.6627
2019:05:06 15:01:37 822057 402.7374
2019:05:06 15:01:37 822466 397.8871
2019:05:06 15:01:37 823285 808.6897
2019:05:06 15:01:37 824105 809.7067
2019:05:06 15:01:37 824514 399.5262
2019:05:06 15:01:37 825332 807.5535
2019:05:06 15:01:37 849882 531.9007
2019:05:06 15:01:37 850702 809.5615
2019:05:06 15:01:37 851121 408.6047
2019:05:06 15:01:37 851929 407.8858
2019:05:06 15:01:37 852748 808.0713
2019:05:06 15:01:37 853168 409.4131
2019:05:06 15:01:37 853990 417.3368
2019:05:06 15:01:37 855208 819.1802
2019:05:06 15:01:37 856034 417.3107
2019:05:06 15:01:37 857256 818.7033
2019:05:06 15:01:37 889722 367.8910
2019:05:06 15:01:37 890525 419.5422
2019:05:06 15:01:37 891335 409.2082
2019:05:06 15:01:37 891767 422.4554
2019:05:06 15:01:37 892573 419.6763
2019:05:06 15:01:37 893404 431.4221
2019:05:06 15:01:37 893808 387.6165
2019:05:06 15:01:37 894606 412.9112
2019:05:06 15:01:37 895834 818.8225
2019:05:06 15:01:37 896654 415.1165
2019:05:06 15:01:37 929365 32302.3275
2019:05:06 15:01:37 929854 372.0112
2019:05:06 15:01:37 930661 416.6290
2019:05:06 15:01:37 931468 411.7563
2019:05:06 15:01:37 932287 411.9873
2019:05:06 15:01:37 933104 409.0406
2019:05:06 15:01:37 969372 36254.8791
2019:05:06 15:01:38 5532 4175.4246
2019:05:06 15:01:38 6324 780.6644
2019:05:06 15:01:38 6485 149.0414
2019:05:06 15:01:38 7160 414.8856
2019:05:06 15:01:38 7962 409.9309
2019:05:06 15:01:38 8383 408.8394
2019:05:06 15:01:38 8791 274.8035
2019:05:06 15:01:38 33362 24171.6355
2019:05:06 15:01:38 37872 421.6768
2019:05:06 15:01:38 38680 410.2625
2019:05:06 15:01:38 39105 414.1591
2019:05:06 15:01:38 39509 275.0754
2019:05:06 15:01:38 40333 426.0726
2019:05:06 15:01:38 41143 412.8367
2019:05:06 15:01:38 65376 24222.2771
2019:05:06 15:01:38 97803 427.3467
2019:05:06 15:01:38 98614 798.9444
2019:05:06 15:01:38 99036 409.8900
2019:05:06 15:01:38 99845 412.3449
2019:05:06 15:01:38 100661 804.5770
2019:05:06 15:01:38 101082 409.3163
2019:05:06 15:01:38 129766 401.5826
2019:05:06 15:01:38 130560 408.3216
2019:05:06 15:01:38 131380 809.6173
2019:05:06 15:01:38 132199 808.9133
2019:05:06 15:01:38 132619 408.5451
2019:05:06 15:01:38 133473 446.5096
2019:05:06 15:01:38 134252 411.8793
2019:05:06 15:01:38 134677 399.4331
2019:05:06 15:01:38 135501 421.1403
2019:05:06 15:01:38 136308 409.9570
2019:05:06 15:01:38 136725 396.3336
2019:05:06 15:01:38 161703 24575.6321
2019:05:06 15:01:38 162523 796.4112
2019:05:06 15:01:38 163323 793.8631
2019:05:06 15:01:38 164148 814.0206
2019:05:06 15:01:38 164971 811.9456
2019:05:06 15:01:38 165798 422.0605
2019:05:06 15:01:38 166613 417.3145
2019:05:06 15:01:38 167422 799.2499
2019:05:06 15:01:38 168239 805.7989
2019:05:06 15:01:38 168664 409.2157
2019:05:06 15:01:38 193364 24296.3806
2019:05:06 15:01:38 197765 385.8544
2019:05:06 15:01:38 198553 415.4146
2019:05:06 15:01:38 199370 411.9873
2019:05:06 15:01:38 200185 408.8022
2019:05:06 15:01:38 201005 809.1889
2019:05:06 15:01:38 233364 32348.7855
2019:05:06 15:01:38 234173 743.9591
2019:05:06 15:01:38 234999 815.5219
2019:05:06 15:01:38 235810 800.8145
2019:05:06 15:01:38 236231 411.3838
2019:05:06 15:01:38 237050 414.7813
2019:05:06 15:01:38 237871 414.3491
2019:05:06 15:01:38 238676 413.4700
2019:05:06 15:01:38 239905 819.6793
2019:05:06 15:01:38 240724 412.9671
2019:05:06 15:01:38 273365 32231.7146
2019:05:06 15:01:38 273924 398.6768
2019:05:06 15:01:38 274739 412.9484
2019:05:06 15:01:38 275554 419.4193
2019:05:06 15:01:38 276372 418.5140
2019:05:06 15:01:38 277182 408.8543
2019:05:06 15:01:38 277999 805.1358
2019:05:06 15:01:38 278816 806.1528
2019:05:06 15:01:38 279237 411.0709
2019:05:06 15:01:38 280057 416.1149
2019:05:06 15:01:38 280876 415.4369
2019:05:06 15:01:38 313358 32084.9828
2019:05:06 15:01:38 314045 678.0103
2019:05:06 15:01:38 314474 417.2586
2019:05:06 15:01:38 315271 405.9523
2019:05:06 15:01:38 315713 425.2680
2019:05:06 15:01:38 316499 414.4423
2019:05:06 15:01:38 317315 410.6909
2019:05:06 15:01:38 353366 36040.3769
2019:05:06 15:01:38 393633 274.2112
2019:05:06 15:01:38 394454 418.1527
2019:05:06 15:01:38 395268 413.1459
2019:05:06 15:01:38 395678 253.5582
2019:05:06 15:01:38 396497 412.7435
2019:05:06 15:01:38 397316 407.5281
2019:05:06 15:01:38 397740 264.5589
2019:05:06 15:01:38 398555 418.3538
2019:05:06 15:01:38 399361 409.5249
2019:05:06 15:01:38 399533 159.6846
2019:05:06 15:01:38 400190 415.5040
2019:05:06 15:01:38 401004 409.6925
2019:05:06 15:01:38 433363 32346.9155
2019:05:06 15:01:38 497356 32000.6907
2019:05:06 15:01:38 497961 597.4472
2019:05:06 15:01:38 498685 710.4538
2019:05:06 15:01:38 499191 497.1884
2019:05:06 15:01:38 500011 418.3128
2019:05:06 15:01:38 500736 322.9529
2019:05:06 15:01:38 501239 421.4309
2019:05:06 15:01:38 502060 417.3070
2019:05:06 15:01:38 502779 321.8502
2019:05:06 15:01:38 503289 500.0718
2019:05:06 15:01:38 504112 415.7759
2019:05:06 15:01:38 504827 317.5139
2019:05:06 15:01:38 505337 497.2145
2019:05:06 15:01:38 529691 331.7632
2019:05:06 15:01:38 530493 415.8281
2019:05:06 15:01:38 531312 415.6977
2019:05:06 15:01:38 532125 409.1077
2019:05:06 15:01:38 532940 803.7500
2019:05:06 15:01:38 561354 28402.3099
2019:05:06 15:01:38 593367 32004.2148
2019:05:06 15:01:38 625654 293.8658
2019:05:06 15:01:38 626445 413.6823
2019:05:06 15:01:38 627260 413.8313
2019:05:06 15:01:38 628081 418.3762
2019:05:06 15:01:38 628889 797.2158
2019:05:06 15:01:38 657354 28454.5608
2019:05:06 15:01:38 697364 40001.4855
2019:05:06 15:01:38 777354 39999.2019
2019:05:06 15:01:38 777961 599.4476
2019:05:06 15:01:38 778382 401.9625
2019:05:06 15:01:38 779199 412.1624
2019:05:06 15:01:38 780007 409.8937
2019:05:06 15:01:38 780428 403.8773
2019:05:06 15:01:38 781248 412.1736
2019:05:06 15:01:38 821441 4086.5541
2019:05:06 15:01:38 822197 743.6723
2019:05:06 15:01:38 822629 421.1403
2019:05:06 15:01:38 823424 406.3733
2019:05:06 15:01:38 823845 407.2934
2019:05:06 15:01:38 824657 417.4858
2019:05:06 15:01:38 857354 32686.1888
2019:05:06 15:01:38 897361 39998.0657
2019:05:06 15:01:38 961364 32002.8514
2019:05:06 15:01:38 962120 748.8914
2019:05:06 15:01:38 962933 800.6282
2019:05:06 15:01:38 963754 810.6828
2019:05:06 15:01:38 964573 808.1868
2019:05:06 15:01:38 964993 409.7447
2019:05:06 15:01:38 993368 27969.4609
2019:05:06 15:01:38 993824 192.4746
2019:05:06 15:01:38 994417 414.1219
2019:05:06 15:01:38 994842 413.5333
2019:05:06 15:01:38 995647 410.4264
2019:05:06 15:01:38 995869 212.0808
2019:05:06 15:01:38 996465 409.7410
2019:05:06 15:01:38 996886 410.5680
2019:05:06 15:01:38 997695 409.1412
2019:05:06 15:01:38 997914 209.5439
2019:05:06 15:01:38 998520 418.0893
2019:05:06 15:01:38 999340 417.5268
2019:05:06 15:01:38 999956 217.7432
2019:05:06 15:01:39 560 413.1868
2019:05:06 15:01:39 25356 24386.7859
2019:05:06 15:01:39 25956 393.2044
2019:05:06 15:01:39 26574 210.5683
2019:05:06 15:01:39 26786 199.3142
2019:05:06 15:01:39 27598 410.2588
2019:05:06 15:01:39 28416 808.7605
2019:05:06 15:01:39 28826 399.4443
2019:05:06 15:01:39 29641 806.0709
2019:05:06 15:01:39 30058 405.9933
2019:05:06 15:01:39 30867 408.3589
2019:05:06 15:01:39 32097 819.4596
2019:05:06 15:01:39 32916 408.6047
2019:05:06 15:01:39 57361 24035.4165
2019:05:06 15:01:39 62086 407.2748
2019:05:06 15:01:39 62897 805.2140
2019:05:06 15:01:39 64131 826.8058
2019:05:06 15:01:39 64943 805.9256
2019:05:06 15:01:39 93495 4141.0699
2019:05:06 15:01:39 93896 390.0044
2019:05:06 15:01:39 94714 413.4588
2019:05:06 15:01:39 95527 413.0229
2019:05:06 15:01:39 95941 405.3265
2019:05:06 15:01:39 96762 412.8702
2019:05:06 15:01:39 129354 32193.1243
2019:05:06 15:01:39 169364 40000.8857
2019:05:06 15:01:39 169867 340.1078
2019:05:06 15:01:39 170680 416.4614
2019:05:06 15:01:39 171494 412.4083
2019:05:06 15:01:39 172320 415.7424
2019:05:06 15:01:39 173579 852.9536
2019:05:06 15:01:39 174368 417.3592
2019:05:06 15:01:39 175180 806.3056
2019:05:06 15:01:39 176405 815.5145
2019:05:06 15:01:39 177228 813.8344
2019:05:06 15:01:39 217329 7968.0383
2019:05:06 15:01:39 253384 4030.6039
2019:05:06 15:01:39 254028 630.5091
2019:05:06 15:01:39 254449 408.5973
2019:05:06 15:01:39 255255 409.6292
2019:05:06 15:01:39 255663 396.9930
2019:05:06 15:01:39 256485 809.2523
2019:05:06 15:01:39 256900 397.9802
2019:05:06 15:01:39 289361 32063.2383
2019:05:06 15:01:39 289995 624.6045
2019:05:06 15:01:39 290392 385.9103
2019:05:06 15:01:39 291212 808.5519
2019:05:06 15:01:39 292030 807.3375
2019:05:06 15:01:39 292440 398.3788
2019:05:06 15:01:39 292862 411.2907
2019:05:06 15:01:39 293702 436.0825
2019:05:06 15:01:39 294333 253.3048
2019:05:06 15:01:39 294903 558.0857
2019:05:06 15:01:39 295724 805.8995
2019:05:06 15:01:39 296390 654.3472
2019:05:06 15:01:39 296953 553.9805
2019:05:06 15:01:39 325392 28429.0463
2019:05:06 15:01:39 326039 364.7953
2019:05:06 15:01:39 326861 419.7136
2019:05:06 15:01:39 327665 567.6337
2019:05:06 15:01:39 328483 804.6329
2019:05:06 15:01:39 329143 651.5048
2019:05:06 15:01:39 329722 568.0211
2019:05:06 15:01:39 330540 812.3666
2019:05:06 15:01:39 331198 652.4809
2019:05:06 15:01:39 331760 555.7537
2019:05:06 15:01:39 332580 811.5657
2019:05:06 15:01:39 332999 409.2753
2019:05:06 15:01:39 357364 24121.1876
2019:05:06 15:01:39 362004 376.3922
2019:05:06 15:01:39 362822 806.7116
2019:05:06 15:01:39 363643 809.6434
2019:05:06 15:01:39 364062 408.3775
2019:05:06 15:01:39 364883 420.1680
2019:05:06 15:01:39 389354 24071.9281
2019:05:06 15:01:39 389871 504.0616
2019:05:06 15:01:39 390685 418.5066
2019:05:06 15:01:39 391503 415.6940
2019:05:06 15:01:39 392323 420.2276
2019:05:06 15:01:39 392733 339.3292
2019:05:06 15:01:39 393586 449.0800
2019:05:06 15:01:39 394368 408.4036
2019:05:06 15:01:39 394797 418.3017
2019:05:06 15:01:39 395607 414.4982
2019:05:06 15:01:39 396433 417.5976
2019:05:06 15:01:39 397243 421.9487
2019:05:06 15:01:39 421761 149.2277
2019:05:06 15:01:39 422398 417.2251
2019:05:06 15:01:39 423211 408.7053
2019:05:06 15:01:39 423638 412.8329
2019:05:06 15:01:39 424038 235.3564
2019:05:06 15:01:39 424857 807.7621
2019:05:06 15:01:39 425679 811.4539
2019:05:06 15:01:39 426091 398.8482
2019:05:06 15:01:39 426906 805.8399
2019:05:06 15:01:39 427327 409.6292
2019:05:06 15:01:39 427917 191.0031
2019:05:06 15:01:39 428556 419.3671
2019:05:06 15:01:39 453364 24408.6534
2019:05:06 15:01:39 453832 350.1810
2019:05:06 15:01:39 455043 818.4128
2019:05:06 15:01:39 455870 415.1240
2019:05:06 15:01:39 457091 818.9380
2019:05:06 15:01:39 485362 27859.0433
2019:05:06 15:01:39 486183 416.9904
2019:05:06 15:01:39 486992 413.2986
2019:05:06 15:01:39 487808 410.5754
2019:05:06 15:01:39 488227 409.5137
2019:05:06 15:01:39 489040 413.8574
2019:05:06 15:01:39 517357 27909.6924
2019:05:06 15:01:39 549362 31998.3326
2019:05:06 15:01:39 581525 170.4507
2019:05:06 15:01:39 582329 409.5584
2019:05:06 15:01:39 582744 276.7555
2019:05:06 15:01:39 583558 412.6504
2019:05:06 15:01:39 584376 410.4227
2019:05:06 15:01:39 584787 401.4112
2019:05:06 15:01:39 613357 28559.2377
2019:05:06 15:01:39 645363 31996.2204
2019:05:06 15:01:39 681744 382.4458
2019:05:06 15:01:39 682360 235.6507
2019:05:06 15:01:39 682937 566.4714
2019:05:06 15:01:39 683758 807.7361
2019:05:06 15:01:39 684180 409.3833
2019:05:06 15:01:39 684577 172.4139
2019:05:06 15:01:39 685399 809.4162
2019:05:06 15:01:39 717368 31954.9032
2019:05:06 15:01:39 718393 748.3289
2019:05:06 15:01:39 719207 804.1710
2019:05:06 15:01:39 720027 808.6674
2019:05:06 15:01:39 720845 806.0038
2019:05:06 15:01:39 757368 36511.7788
2019:05:06 15:01:39 797368 39989.5571
2019:05:06 15:01:39 829849 488.8177
2019:05:06 15:01:39 830668 803.8171
2019:05:06 15:01:39 831483 803.8729
2019:05:06 15:01:39 831903 408.6941
2019:05:06 15:01:39 832722 416.1969
2019:05:06 15:01:39 833545 422.6640
2019:05:06 15:01:39 833952 394.3294
2019:05:06 15:01:39 834771 417.2027
2019:05:06 15:01:39 835590 417.8435
2019:05:06 15:01:39 836401 413.4215
2019:05:06 15:01:39 837221 413.3061
2019:05:06 15:01:39 885750 395.7376
2019:05:06 15:01:39 886562 414.7738
2019:05:06 15:01:39 886965 144.5338
2019:05:06 15:01:39 887791 416.9568
2019:05:06 15:01:39 888604 410.4562
2019:05:06 15:01:39 888879 264.0598
2019:05:06 15:01:39 889435 422.1164
2019:05:06 15:01:39 917685 331.2752
2019:05:06 15:01:39 918490 416.0665
2019:05:06 15:01:39 919316 422.6677
2019:05:06 15:01:39 920122 799.6932
2019:05:06 15:01:39 920941 810.0942
2019:05:06 15:01:39 949360 28408.6503
2019:05:06 15:01:39 981361 31993.7393
2019:05:06 15:01:40 81355 51999.6099
2019:05:06 15:01:40 81984 621.4976
2019:05:06 15:01:40 82803 806.8532
2019:05:06 15:01:40 83533 719.3498
2019:05:06 15:01:40 84042 498.1719
2019:05:06 15:01:40 84862 414.9750
2019:05:06 15:01:40 85598 332.1320
2019:05:06 15:01:40 86101 432.0554
2019:05:06 15:01:40 86921 412.9522
2019:05:06 15:01:40 87635 319.4511
2019:05:06 15:01:40 88148 500.8504
2019:05:06 15:01:40 88971 414.0958
2019:05:06 15:01:40 121752 396.4528
2019:05:06 15:01:40 122458 326.5068
2019:05:06 15:01:40 122967 497.8105
2019:05:06 15:01:40 123792 419.8477
2019:05:06 15:01:40 124496 317.2085
2019:05:06 15:01:40 125012 502.4709
2019:05:06 15:01:40 125847 426.2328
2019:05:06 15:01:40 126539 319.9577
2019:05:06 15:01:40 127049 498.9952
2019:05:06 15:01:40 127874 420.6710
2019:05:06 15:01:40 128586 318.9109
2019:05:06 15:01:40 129096 498.6115
2019:05:06 15:01:40 161773 418.5922
2019:05:06 15:01:40 162590 416.1671
2019:05:06 15:01:40 163402 409.4467
2019:05:06 15:01:40 163827 414.5019
2019:05:06 15:01:40 164637 415.7349
2019:05:06 15:01:40 165454 412.8329
2019:05:06 15:01:40 193694 335.4885
2019:05:06 15:01:40 194498 419.1138
2019:05:06 15:01:40 195308 410.2401
2019:05:06 15:01:40 195730 410.8362
2019:05:06 15:01:40 196546 418.7562
2019:05:06 15:01:40 197361 414.4609
2019:05:06 15:01:40 225626 28255.0044
2019:05:06 15:01:40 226442 418.1340
2019:05:06 15:01:40 227251 412.9596
2019:05:06 15:01:40 228067 409.6068
2019:05:06 15:01:40 228488 408.6494
2019:05:06 15:01:40 229299 413.1123
2019:05:06 15:01:40 230115 407.5877
2019:05:06 15:01:40 230536 409.1337
2019:05:06 15:01:40 231347 412.9894
2019:05:06 15:01:40 232163 409.6702
2019:05:06 15:01:40 232584 409.5882
2019:05:06 15:01:40 257353 24372.0151
2019:05:06 15:01:40 258073 709.8764
2019:05:06 15:01:40 258892 806.0411
2019:05:06 15:01:40 259712 806.3652
2019:05:06 15:01:40 260134 408.0907
2019:05:06 15:01:40 260953 420.3878
2019:05:06 15:01:40 289362 28005.7453
2019:05:06 15:01:40 321622 268.6605
2019:05:06 15:01:40 321997 242.6691
2019:05:06 15:01:40 322811 411.7005
2019:05:06 15:01:40 323630 809.3528
2019:05:06 15:01:40 324038 398.2559
2019:05:06 15:01:40 324859 810.0793
2019:05:06 15:01:40 325681 812.4262
2019:05:06 15:01:40 325867 175.4351
2019:05:06 15:01:40 326509 415.5114
2019:05:06 15:01:40 327329 417.3107
2019:05:06 15:01:40 328131 400.7518
2019:05:06 15:01:40 328950 806.7340
2019:05:06 15:01:40 361362 32399.1291
2019:05:06 15:01:40 401363 32034.2742
2019:05:06 15:01:40 405693 396.6354
2019:05:06 15:01:40 406092 279.9667
2019:05:06 15:01:40 406908 412.1177
2019:05:06 15:01:40 407728 418.4358
2019:05:06 15:01:40 408140 281.8108
2019:05:06 15:01:40 408956 410.2588
2019:05:06 15:01:40 441721 365.4473
2019:05:06 15:01:40 442530 412.7957
2019:05:06 15:01:40 443347 680.0778
2019:05:06 15:01:40 444576 819.3590
2019:05:06 15:01:40 445398 683.4492
2019:05:06 15:01:40 446215 805.7319
2019:05:06 15:01:40 447034 410.5158
2019:05:06 15:01:40 448262 818.8970
2019:05:06 15:01:40 449078 406.8241
2019:05:06 15:01:40 481363 32273.9929
2019:05:06 15:01:40 481897 388.0672
2019:05:06 15:01:40 482718 415.9734
2019:05:06 15:01:40 483536 412.9894
2019:05:06 15:01:40 483946 311.5572
2019:05:06 15:01:40 484765 414.9489
2019:05:06 15:01:40 485624 452.2949
2019:05:06 15:01:40 486398 415.3252
2019:05:06 15:01:40 487212 410.5531
2019:05:06 15:01:40 487632 409.6813
2019:05:06 15:01:40 488445 418.5848
2019:05:06 15:01:40 489259 405.7623
2019:05:06 15:01:40 521367 32096.2742
2019:05:06 15:01:40 585363 32009.3073
2019:05:06 15:01:40 611387 26016.9618
2019:05:06 15:01:40 611993 410.0017
2019:05:06 15:01:40 612815 416.5433
2019:05:06 15:01:40 613633 427.7639
2019:05:06 15:01:40 614430 401.9737
2019:05:06 15:01:40 615255 416.1224
2019:05:06 15:01:40 616477 818.6363
2019:05:06 15:01:40 617303 415.7759
2019:05:06 15:01:40 701355 32000.4746
2019:05:06 15:01:40 733366 31999.6998
2019:05:06 15:01:40 797360 32000.2958
2019:05:06 15:01:40 797919 551.8906
2019:05:06 15:01:40 798735 416.5135
2019:05:06 15:01:40 799544 409.9645
2019:05:06 15:01:40 799967 412.2071
2019:05:06 15:01:40 800783 417.2064
2019:05:06 15:01:40 837354 36171.5332
2019:05:06 15:01:40 881288 43926.7382
2019:05:06 15:01:40 882085 405.0769
2019:05:06 15:01:40 882898 618.6068
2019:05:06 15:01:40 883715 412.6243
2019:05:06 15:01:40 884534 409.7000
2019:05:06 15:01:40 917363 32420.1658
2019:05:06 15:01:40 957765 410.9778
2019:05:06 15:01:40 958578 407.1668
2019:05:06 15:01:40 959400 813.3426
2019:05:06 15:01:40 960630 820.8901
2019:05:06 15:01:40 961456 815.8423
2019:05:06 15:01:40 962267 412.2965
2019:05:06 15:01:40 962688 340.0035
2019:05:06 15:01:40 963507 414.5205
2019:05:06 15:01:40 964326 414.7664
2019:05:06 15:01:40 965140 416.2043
2019:05:06 15:01:40 997813 454.8170
2019:05:06 15:01:40 998631 805.8101
2019:05:06 15:01:40 999451 808.9989
2019:05:06 15:01:40 999871 409.6702
2019:05:06 15:01:41 690 416.9308
2019:05:06 15:01:41 29355 28262.3023
2019:05:06 15:01:41 61363 31998.9361
2019:05:06 15:01:41 65815 369.0757
2019:05:06 15:01:41 66631 413.2614
2019:05:06 15:01:41 67057 416.1000
2019:05:06 15:01:41 67867 418.1303
2019:05:06 15:01:41 68677 409.6702
2019:05:06 15:01:41 69098 410.3035
2019:05:06 15:01:41 105359 12004.6288
2019:05:06 15:01:41 106102 736.5532
2019:05:06 15:01:41 106921 806.7824
2019:05:06 15:01:41 107740 808.5072
2019:05:06 15:01:41 108560 810.3028
2019:05:06 15:01:41 109379 809.0623
2019:05:06 15:01:41 109796 405.0881
2019:05:06 15:01:41 111016 819.2062
2019:05:06 15:01:41 111842 417.0015
2019:05:06 15:01:41 113064 818.2712
2019:05:06 15:01:41 137678 324.5249
2019:05:06 15:01:41 138470 418.9275
2019:05:06 15:01:41 139287 417.6721
2019:05:06 15:01:41 140105 417.2102
2019:05:06 15:01:41 140917 413.2688
2019:05:06 15:01:41 141736 413.7382
2019:05:06 15:01:41 142157 396.4044
2019:05:06 15:01:41 142966 414.3342
2019:05:06 15:01:41 143781 408.0608
2019:05:06 15:01:41 144202 409.9794
2019:05:06 15:01:41 145014 414.4832
2019:05:06 15:01:41 173529 4175.0781
2019:05:06 15:01:41 174292 750.9552
2019:05:06 15:01:41 175110 807.7659
2019:05:06 15:01:41 175928 806.1863
2019:05:06 15:01:41 176748 809.1964
2019:05:06 15:01:41 201353 24595.5326
2019:05:06 15:01:41 241362 40000.4946
2019:05:06 15:01:41 285408 4053.6970
2019:05:06 15:01:41 286174 758.7932
2019:05:06 15:01:41 286993 808.1645
2019:05:06 15:01:41 287811 807.8329
2019:05:06 15:01:41 288631 809.1554
2019:05:06 15:01:41 321354 32712.4931
2019:05:06 15:01:41 321913 551.3690
2019:05:06 15:01:41 322735 809.3044
2019:05:06 15:01:41 323158 412.6988
2019:05:06 15:01:41 323967 412.4977
2019:05:06 15:01:41 324787 418.9946
2019:05:06 15:01:41 353358 28173.3163
2019:05:06 15:01:41 361312 7946.4018
2019:05:06 15:01:41 433355 44002.3243
2019:05:06 15:01:41 434180 814.3373
2019:05:06 15:01:41 434987 800.4829
2019:05:06 15:01:41 435808 811.1745
2019:05:06 15:01:41 436227 408.1428
2019:05:06 15:01:41 437035 408.9586
2019:05:06 15:01:41 473363 36318.2984
2019:05:06 15:01:41 505366 31996.0974
2019:05:06 15:01:41 506136 402.5660
2019:05:06 15:01:41 506940 413.2502
2019:05:06 15:01:41 507760 808.6823
2019:05:06 15:01:41 508181 409.5770
2019:05:06 15:01:41 508988 409.1226
2019:05:06 15:01:41 537360 28361.7526
2019:05:06 15:01:41 538072 704.2065
2019:05:06 15:01:41 538883 799.0412
2019:05:06 15:01:41 539702 805.7319
2019:05:06 15:01:41 540522 807.1736
2019:05:06 15:01:41 540947 413.3247
2019:05:06 15:01:41 577355 36013.6181
2019:05:06 15:01:41 617366 40003.2029
2019:05:06 15:01:41 681354 31990.8075
2019:05:06 15:01:41 697451 16087.3160
2019:05:06 15:01:41 698640 809.9638
2019:05:06 15:01:41 699059 406.7644
2019:05:06 15:01:41 699874 413.4290
2019:05:06 15:01:41 700692 414.5876
2019:05:06 15:01:41 729362 28264.9100
2019:05:06 15:01:41 793361 32005.7720
2019:05:06 15:01:41 794074 705.6594
2019:05:06 15:01:41 794889 802.2711
2019:05:06 15:01:41 795313 410.3780
2019:05:06 15:01:41 796118 409.0406
2019:05:06 15:01:41 796937 803.3700
2019:05:06 15:01:41 797370 419.2144
2019:05:06 15:01:41 825639 280.6596
2019:05:06 15:01:41 826425 407.3642
2019:05:06 15:01:41 827244 413.5519
2019:05:06 15:01:41 828472 819.0759
2019:05:06 15:01:41 829292 415.4071
2019:05:06 15:01:41 830114 413.0937
2019:05:06 15:01:41 830534 402.2680
2019:05:06 15:01:41 831341 413.9282
2019:05:06 15:01:41 832161 413.3582
2019:05:06 15:01:41 832598 417.0537
2019:05:06 15:01:41 857356 24380.6690
2019:05:06 15:01:41 857961 390.9431
2019:05:06 15:01:41 858779 408.2508
2019:05:06 15:01:41 859201 410.6984
2019:05:06 15:01:41 860012 414.7477
2019:05:06 15:01:41 860827 408.3999
2019:05:06 15:01:41 861250 413.1235
2019:05:06 15:01:41 862060 412.8888
2019:05:06 15:01:41 863288 819.6756
2019:05:06 15:01:41 864107 413.7717
2019:05:06 15:01:41 865336 819.8805
2019:05:06 15:01:41 893607 4249.8335
2019:05:06 15:01:41 894416 789.5008
2019:05:06 15:01:41 895232 807.1214
2019:05:06 15:01:41 896457 815.1531
2019:05:06 15:01:41 897281 813.2458
2019:05:06 15:01:41 953365 32003.2984
2019:05:06 15:01:41 989371 35993.2706
2019:05:06 15:01:42 21611 250.9058
2019:05:06 15:01:42 22417 413.1757
2019:05:06 15:01:42 22841 407.7926
2019:05:06 15:01:42 23650 401.9104
2019:05:06 15:01:42 24469 808.6860
2019:05:06 15:01:42 24890 410.4860
2019:05:06 15:01:42 49482 24193.9165
2019:05:06 15:01:42 50265 764.4072
2019:05:06 15:01:42 51086 809.6695
2019:05:06 15:01:42 52311 815.3580
2019:05:06 15:01:42 53134 812.5566
2019:05:06 15:01:42 53963 404.1605
2019:05:06 15:01:42 54774 413.6786
2019:05:06 15:01:42 55592 412.4157
2019:05:06 15:01:42 56408 409.2790
2019:05:06 15:01:42 57227 810.3475
2019:05:06 15:01:42 77362 20124.9421
2019:05:06 15:01:42 78547 809.7664
2019:05:06 15:01:42 79365 809.0809
2019:05:06 15:01:42 80593 818.2265
2019:05:06 15:01:42 81418 815.5853
2019:05:06 15:01:42 81856 426.8885
2019:05:06 15:01:42 82645 481.8663
2019:05:06 15:01:42 83467 811.1745
2019:05:06 15:01:42 83888 409.3647
2019:05:06 15:01:42 84693 480.0074
2019:05:06 15:01:42 113362 28657.1160
2019:05:06 15:01:42 114183 815.0786
2019:05:06 15:01:42 114609 407.3977
2019:05:06 15:01:42 115408 481.3522
2019:05:06 15:01:42 116230 803.1130
2019:05:06 15:01:42 116661 408.4930
2019:05:06 15:01:42 117457 483.9636
2019:05:06 15:01:42 118273 795.9083
2019:05:06 15:01:42 118698 413.8984
2019:05:06 15:01:42 119503 486.3963
2019:05:06 15:01:42 120321 807.0059
2019:05:06 15:01:42 121064 731.9078
2019:05:06 15:01:42 145609 24533.1191
2019:05:06 15:01:42 146218 579.6514
2019:05:06 15:01:42 146799 563.8860
2019:05:06 15:01:42 147616 806.2236
2019:05:06 15:01:42 148040 403.7581
2019:05:06 15:01:42 148439 168.2304
2019:05:06 15:01:42 148864 412.7100
2019:05:06 15:01:42 149674 411.7675
2019:05:06 15:01:42 150088 403.6278
2019:05:06 15:01:42 150486 167.2506
2019:05:06 15:01:42 150911 414.0399
2019:05:06 15:01:42 151719 413.1049
2019:05:06 15:01:42 152139 408.6010
2019:05:06 15:01:42 152534 166.9265
2019:05:06 15:01:42 152959 414.3491
2019:05:06 15:01:42 185358 7997.9971
2019:05:06 15:01:42 186126 759.8586
2019:05:06 15:01:42 186542 405.3973
2019:05:06 15:01:42 187190 245.3923
2019:05:06 15:01:42 187761 410.3892
2019:05:06 15:01:42 188577 805.7356
2019:05:06 15:01:42 188999 407.2823
2019:05:06 15:01:42 201357 12129.1429
2019:05:06 15:01:42 225367 24001.1327
2019:05:06 15:01:42 226195 406.0678
2019:05:06 15:01:42 227021 814.5608
2019:05:06 15:01:42 227460 424.8396
2019:05:06 15:01:42 228009 170.6406
2019:05:06 15:01:42 228264 237.4388
2019:05:06 15:01:42 229069 406.3174
2019:05:06 15:01:42 257360 28280.0011
2019:05:06 15:01:42 258170 803.2210
2019:05:06 15:01:42 258990 808.1384
2019:05:06 15:01:42 259415 413.8015
2019:05:06 15:01:42 260217 407.4387
2019:05:06 15:01:42 261037 808.6003
2019:05:06 15:01:42 261461 413.4923
2019:05:06 15:01:42 262266 406.5856
2019:05:06 15:01:42 263085 808.3060
2019:05:06 15:01:42 263513 417.1506
2019:05:06 15:01:42 264314 408.5898
2019:05:06 15:01:42 265133 808.6637
2019:05:06 15:01:42 289733 24588.9723
2019:05:06 15:01:42 290529 780.3440
2019:05:06 15:01:42 290948 405.2632
2019:05:06 15:01:42 291767 417.3033
2019:05:06 15:01:42 292987 812.2139
2019:05:06 15:01:42 293810 811.9643
2019:05:06 15:01:42 294225 405.4122
2019:05:06 15:01:42 295031 409.2380
2019:05:06 15:01:42 295851 810.1463
2019:05:06 15:01:42 296670 809.4124
2019:05:06 15:01:42 297090 410.9479
2019:05:06 15:01:42 325408 4053.3617
2019:05:06 15:01:42 326162 740.5207
2019:05:06 15:01:42 326982 810.2804
2019:05:06 15:01:42 327808 416.1485
2019:05:06 15:01:42 328630 419.4975
2019:05:06 15:01:42 353371 24337.9585
2019:05:06 15:01:42 417353 31998.5859
2019:05:06 15:01:42 445369 28008.0028
2019:05:06 15:01:42 477655 295.2330
2019:05:06 15:01:42 478432 510.5175
2019:05:06 15:01:42 479252 807.9261
2019:05:06 15:01:42 479677 412.5871
2019:05:06 15:01:42 480075 111.1515
2019:05:06 15:01:42 480902 413.8350
2019:05:06 15:01:42 509360 28055.7908
2019:05:06 15:01:42 509972 603.9850
2019:05:06 15:01:42 510392 409.4467
2019:05:06 15:01:42 511199 515.6808
2019:05:06 15:01:42 512018 805.4227
2019:05:06 15:01:42 512443 413.3433
2019:05:06 15:01:42 513247 515.3231
2019:05:06 15:01:42 514068 810.0048
2019:05:06 15:01:42 514489 407.7889
2019:05:06 15:01:42 514886 106.4055
2019:05:06 15:01:42 515716 414.6621
2019:05:06 15:01:42 516529 409.4578
2019:05:06 15:01:42 516936 395.7152
2019:05:06 15:01:42 549363 12002.8853
2019:05:06 15:01:42 550109 738.9523
2019:05:06 15:01:42 550930 809.1033
2019:05:06 15:01:42 551644 702.9995
2019:05:06 15:01:42 552173 519.1788
2019:05:06 15:01:42 552987 419.3522
2019:05:06 15:01:42 577575 4212.3348
2019:05:06 15:01:42 578264 666.1452
2019:05:06 15:01:42 578770 492.9006
2019:05:06 15:01:42 579593 424.7762
2019:05:06 15:01:42 580316 330.5115
2019:05:06 15:01:42 580817 489.6224
2019:05:06 15:01:42 605364 24144.2695
2019:05:06 15:01:42 653368 16011.4542
2019:05:06 15:01:42 673377 20000.9421
2019:05:06 15:01:42 705746 385.6570
2019:05:06 15:01:42 706557 418.3948
2019:05:06 15:01:42 707293 335.4177
2019:05:06 15:01:42 707785 421.0323
2019:05:06 15:01:42 708603 417.2958
2019:05:06 15:01:42 737360 28355.1663
2019:05:06 15:01:42 738010 642.0985
2019:05:06 15:01:42 738508 487.2307
2019:05:06 15:01:42 739325 416.7892
2019:05:06 15:01:42 740060 332.9888
2019:05:06 15:01:42 740556 419.7732
2019:05:06 15:01:42 741370 416.8563
2019:05:06 15:01:42 741788 405.0694
2019:05:06 15:01:42 742588 493.3029
2019:05:06 15:01:42 743408 808.4029
2019:05:06 15:01:42 743830 410.6201
2019:05:06 15:01:42 744636 486.2025
2019:05:06 15:01:42 769360 24714.0788
2019:05:06 15:01:42 770046 674.8475
2019:05:06 15:01:42 770467 407.5244
2019:05:06 15:01:42 771259 486.7837
2019:05:06 15:01:42 772080 808.3843
2019:05:06 15:01:42 772513 421.5091
2019:05:06 15:01:42 773307 492.3604
2019:05:06 15:01:42 774127 804.6776
2019:05:06 15:01:42 774547 401.6981
2019:05:06 15:01:42 775364 499.3454
2019:05:06 15:01:42 776185 415.9547
2019:05:06 15:01:42 776921 333.3315
2019:05:06 15:01:42 801366 24370.0929
2019:05:06 15:01:42 805610 305.4589
2019:05:06 15:01:42 806484 812.5082
2019:05:06 15:01:42 806904 405.0843
2019:05:06 15:01:42 807639 333.8531
2019:05:06 15:01:42 808132 419.4044
2019:05:06 15:01:42 808951 417.4411
2019:05:06 15:01:42 869356 35991.2254
2019:05:06 15:01:42 893363 23999.0093
2019:05:06 15:01:42 894145 487.9497
2019:05:06 15:01:42 894966 413.5408
2019:05:06 15:01:42 895700 334.5050
2019:05:06 15:01:42 896601 417.7168
2019:05:06 15:01:42 925356 28352.0035
2019:05:06 15:01:42 926094 729.2889
2019:05:06 15:01:42 926899 484.2468
2019:05:06 15:01:42 927719 806.9538
2019:05:06 15:01:42 928463 732.7050
2019:05:06 15:01:42 929370 825.3902
2019:05:06 15:01:42 962133 409.5174
2019:05:06 15:01:42 962945 407.1146
2019:05:06 15:01:42 963283 327.0358
2019:05:06 15:01:42 964181 822.8905
2019:05:06 15:01:42 989354 24763.4985
2019:05:06 15:01:43 17371 28009.3625
2019:05:06 15:01:43 17851 388.8868
2019:05:06 15:01:43 18572 326.5068
2019:05:06 15:01:43 19072 489.6633
2019:05:06 15:01:43 19893 411.1901
2019:05:06 15:01:43 20612 325.2998
2019:05:06 15:01:43 21114 491.4999
2019:05:06 15:01:43 41377 19855.6408
2019:05:06 15:01:43 42007 376.6157
2019:05:06 15:01:43 42819 410.4972
2019:05:06 15:01:43 43639 501.8115
2019:05:06 15:01:43 44454 804.3088
2019:05:06 15:01:43 45187 722.0916
2019:05:06 15:01:43 77369 32169.5916
2019:05:06 15:01:43 109738 376.7610
2019:05:06 15:01:43 110556 416.6700
2019:05:06 15:01:43 110966 229.2469
2019:05:06 15:01:43 111785 416.0479
2019:05:06 15:01:43 112604 415.9287
2019:05:06 15:01:43 113014 228.6136
2019:05:06 15:01:43 113840 420.3133
2019:05:06 15:01:43 114643 407.8001
2019:05:06 15:01:43 115040 385.5973
2019:05:06 15:01:43 115859 800.7474
2019:05:06 15:01:43 116286 411.7005
2019:05:06 15:01:43 116871 185.2550
2019:05:06 15:01:43 141306 24423.4055
2019:05:06 15:01:43 165365 24049.8073
2019:05:06 15:01:43 225353 27997.1138
2019:05:06 15:01:43 257380 32017.8196
2019:05:06 15:01:43 262279 331.5993
2019:05:06 15:01:43 262937 348.4227
2019:05:06 15:01:43 264164 791.5162
2019:05:06 15:01:43 264989 582.1586
2019:05:06 15:01:43 266275 773.1616
2019:05:06 15:01:43 267048 662.7552
2019:05:06 15:01:43 268318 784.1885
2019:05:06 15:01:43 269092 663.0272
2019:05:06 15:01:43 298055 28403.2971
2019:05:06 15:01:43 298969 803.7016
2019:05:06 15:01:43 299870 724.2225
2019:05:06 15:01:43 301016 821.8959
2019:05:06 15:01:43 301837 646.9153
2019:05:06 15:01:43 303052 818.4090
2019:05:06 15:01:43 303972 735.7374
2019:05:06 15:01:43 305100 818.3680
2019:05:06 15:01:43 334138 28839.4205
2019:05:06 15:01:43 335045 824.9097
2019:05:06 15:01:43 336001 548.7800
2019:05:06 15:01:43 337171 899.5645
2019:05:06 15:01:43 338051 504.3708
2019:05:06 15:01:43 339196 874.6497
2019:05:06 15:01:43 340202 653.9300
2019:05:06 15:01:43 341242 770.6285
2019:05:06 15:01:43 342244 528.6261
2019:05:06 15:01:43 343293 769.4699
2019:05:06 15:01:43 344299 641.7632
2019:05:06 15:01:43 345839 1261.9384
2019:05:06 15:01:43 370296 325.9741
2019:05:06 15:01:43 371126 292.6290
2019:05:06 15:01:43 372402 782.2700
2019:05:06 15:01:43 373222 467.8927
2019:05:06 15:01:43 374488 918.4964
2019:05:06 15:01:43 375305 504.6315
2019:05:06 15:01:43 376433 820.9981
2019:05:06 15:01:43 377248 381.4660
2019:05:06 15:01:43 378485 818.5506
2019:05:06 15:01:43 379323 379.8567
2019:05:06 15:01:43 380530 788.9122
2019:05:06 15:01:43 382236 1221.1837
2019:05:06 15:01:43 406380 314.5374
2019:05:06 15:01:43 407677 939.1569
2019:05:06 15:01:43 408428 742.5174
2019:05:06 15:01:43 409756 978.3842
2019:05:06 15:01:43 410416 651.3372
2019:05:06 15:01:43 411651 826.9027
2019:05:06 15:01:43 412469 636.2684
2019:05:06 15:01:43 413716 828.0948
2019:05:06 15:01:43 414514 594.6122
