
# OSU MPI Allreduce Latency Test v5.6.1
# Size       Avg Latency(us)
256                  2871.42
2019:05:06 15:01:25 788036 823.6989
2019:05:06 15:01:25 788837 484.1946
2019:05:06 15:01:25 833630 44477.2132
2019:05:06 15:01:25 834666 767.5327
2019:05:06 15:01:25 835922 891.1863
2019:05:06 15:01:25 836683 753.6300
2019:05:06 15:01:25 849996 12820.7318
2019:05:06 15:01:25 850607 602.6551
2019:05:06 15:01:25 851878 785.9804
2019:05:06 15:01:25 852655 408.3589
2019:05:06 15:01:25 853956 807.9223
2019:05:06 15:01:25 854733 441.4618
2019:05:06 15:01:25 856015 902.2765
2019:05:06 15:01:25 856798 458.1884
2019:05:06 15:01:25 893472 36296.7290
2019:05:06 15:01:25 894127 375.8520
2019:05:06 15:01:25 895358 817.4218
2019:05:06 15:01:25 896173 563.2453
2019:05:06 15:01:25 898086 1499.2356
2019:05:06 15:01:25 906020 266.4365
2019:05:06 15:01:25 906803 775.6017
2019:05:06 15:01:25 907863 592.5745
2019:05:06 15:01:25 908852 819.4335
2019:05:06 15:01:25 921624 12324.1246
2019:05:06 15:01:25 922781 815.8796
2019:05:06 15:01:25 923594 805.5046
2019:05:06 15:01:25 924830 827.3460
2019:05:06 15:01:25 925653 815.1196
2019:05:06 15:01:25 926292 632.0253
2019:05:06 15:01:25 927279 820.5734
2019:05:06 15:01:25 928340 651.0951
2019:05:06 15:01:25 929333 826.2917
2019:05:06 15:01:25 954017 415.4779
2019:05:06 15:01:25 954833 416.6365
2019:05:06 15:01:25 955650 414.6509
2019:05:06 15:01:25 956476 405.7214
2019:05:06 15:01:25 957292 414.4944
2019:05:06 15:01:25 969996 360.8391
2019:05:06 15:01:25 970801 797.8231
2019:05:06 15:01:25 971634 414.8297
2019:05:06 15:01:25 972444 417.1729
2019:05:06 15:01:25 973679 828.3034
2019:05:06 15:01:25 974503 814.1026
2019:05:06 15:01:25 975306 794.8168
2019:05:06 15:01:25 976125 806.1118
2019:05:06 15:01:25 976954 817.0307
2019:05:06 15:01:25 977765 803.2583
2019:05:06 15:01:25 978186 383.0045
2019:05:06 15:01:25 979396 815.7827
2019:05:06 15:01:25 980213 804.1151
2019:05:06 15:01:25 981037 810.7051
2019:05:06 15:01:26 5716 24265.6767
2019:05:06 15:01:26 6529 425.5287
2019:05:06 15:01:26 6947 278.0296
2019:05:06 15:01:26 7755 424.0461
2019:05:06 15:01:26 8564 417.1133
2019:05:06 15:01:26 8978 397.0452
2019:05:06 15:01:26 9408 415.6344
2019:05:06 15:01:26 10203 407.0438
2019:05:06 15:01:26 11012 801.7756
2019:05:06 15:01:26 11835 809.6695
2019:05:06 15:01:26 13060 815.8647
2019:05:06 15:01:26 13882 808.7642
2019:05:06 15:01:26 14700 801.5260
2019:05:06 15:01:26 15117 401.2585
2019:05:06 15:01:26 15943 812.8993
2019:05:06 15:01:26 16767 406.9619
2019:05:06 15:01:26 17182 269.3608
2019:05:06 15:01:26 42007 387.4302
2019:05:06 15:01:26 43236 819.4782
2019:05:06 15:01:26 44053 412.1400
2019:05:06 15:01:26 45279 815.6374
2019:05:06 15:01:26 53382 8092.2619
2019:05:06 15:01:26 77773 387.2141
2019:05:06 15:01:26 78581 411.8793
2019:05:06 15:01:26 79406 419.3857
2019:05:06 15:01:26 80232 422.7534
2019:05:06 15:01:26 81365 735.8380
2019:05:06 15:01:26 81882 382.7773
2019:05:06 15:01:26 83089 818.8672
2019:05:06 15:01:26 83913 403.8438
2019:05:06 15:01:26 84731 415.7014
2019:05:06 15:01:26 85585 448.6330
2019:05:06 15:01:26 86361 409.5845
2019:05:06 15:01:26 87179 804.8452
2019:05:06 15:01:26 88003 808.9989
2019:05:06 15:01:26 88426 407.2189
2019:05:06 15:01:26 121617 32789.4203
2019:05:06 15:01:26 122404 770.7588
2019:05:06 15:01:26 123223 802.0140
2019:05:06 15:01:26 124042 801.9730
2019:05:06 15:01:26 124861 802.1332
2019:05:06 15:01:26 125288 411.0709
2019:05:06 15:01:26 137994 392.9026
2019:05:06 15:01:26 138790 787.2656
2019:05:06 15:01:26 139605 409.8490
2019:05:06 15:01:26 140424 803.2918
2019:05:06 15:01:26 141244 803.5228
2019:05:06 15:01:26 141674 414.2076
2019:05:06 15:01:26 142489 421.7401
2019:05:06 15:01:26 143703 812.6050
2019:05:06 15:01:26 144528 811.8004
2019:05:06 15:01:26 145352 421.2521
2019:05:06 15:01:26 173721 399.1798
2019:05:06 15:01:26 174525 478.1634
2019:05:06 15:01:26 175739 817.6751
2019:05:06 15:01:26 176572 478.8786
2019:05:06 15:01:26 177801 832.5018
2019:05:06 15:01:26 178602 792.4922
2019:05:06 15:01:26 179425 809.3081
2019:05:06 15:01:26 180664 830.2331
2019:05:06 15:01:26 209367 28695.6988
2019:05:06 15:01:26 210151 767.9462
2019:05:06 15:01:26 210909 357.0989
2019:05:06 15:01:26 211786 418.7524
2019:05:06 15:01:26 212602 413.3359
2019:05:06 15:01:26 213433 480.5811
2019:05:06 15:01:26 214237 795.8971
2019:05:06 15:01:26 214667 414.9079
2019:05:06 15:01:26 215474 461.2058
2019:05:06 15:01:26 216293 804.0965
2019:05:06 15:01:26 217059 751.1564
2019:05:06 15:01:26 245428 28353.1956
2019:05:06 15:01:26 246190 643.1639
2019:05:06 15:01:26 247093 891.0261
2019:05:06 15:01:26 247846 429.2130
2019:05:06 15:01:26 249064 739.4180
2019:05:06 15:01:26 250299 742.3796
2019:05:06 15:01:26 251107 800.2967
2019:05:06 15:01:26 252325 806.2609
2019:05:06 15:01:26 253242 904.4148
2019:05:06 15:01:26 281724 392.7350
2019:05:06 15:01:26 282975 769.0340
2019:05:06 15:01:26 283746 763.0438
2019:05:06 15:01:26 284966 773.9030
2019:05:06 15:01:26 285799 819.5527
2019:05:06 15:01:26 287014 809.4981
2019:05:06 15:01:26 287871 843.3387
2019:05:06 15:01:26 289104 851.6982
2019:05:06 15:01:26 289886 774.6257
2019:05:06 15:01:26 291121 798.4824
2019:05:06 15:01:26 291931 802.5877
2019:05:06 15:01:26 293265 924.8853
2019:05:06 15:01:26 317760 24487.2980
2019:05:06 15:01:26 318567 798.2440
2019:05:06 15:01:26 319344 768.9968
2019:05:06 15:01:26 320557 772.3235
2019:05:06 15:01:26 321390 819.0721
2019:05:06 15:01:26 322236 435.3710
2019:05:06 15:01:26 323039 425.4058
2019:05:06 15:01:26 323956 484.8577
2019:05:06 15:01:26 324707 453.5802
2019:05:06 15:01:26 325933 748.1016
2019:05:06 15:01:26 326705 764.1651
2019:05:06 15:01:26 327523 367.4291
2019:05:06 15:01:26 328376 439.6811
2019:05:06 15:01:26 353369 24618.6778
2019:05:06 15:01:26 354158 458.7732
2019:05:06 15:01:26 354934 416.5992
2019:05:06 15:01:26 355758 373.4976
2019:05:06 15:01:26 356625 467.5724
2019:05:06 15:01:26 357433 449.8325
2019:05:06 15:01:26 358218 373.2219
2019:05:06 15:01:26 359069 455.7185
2019:05:06 15:01:26 359846 769.6413
2019:05:06 15:01:26 360665 805.4823
2019:05:06 15:01:26 361529 461.5635
2019:05:06 15:01:26 362307 770.2485
2019:05:06 15:01:26 363119 803.8878
2019:05:06 15:01:26 363990 459.4326
2019:05:06 15:01:26 365198 848.1890
2019:05:06 15:01:26 389630 239.8007
2019:05:06 15:01:26 390463 373.5907
2019:05:06 15:01:26 391346 494.7931
2019:05:06 15:01:26 392084 729.9446
2019:05:06 15:01:26 392898 806.0038
2019:05:06 15:01:26 393555 251.4608
2019:05:06 15:01:26 394136 572.4914
2019:05:06 15:01:26 395038 506.5426
2019:05:06 15:01:26 395773 407.0215
2019:05:06 15:01:26 396587 806.1938
2019:05:06 15:01:26 397449 459.6114
2019:05:06 15:01:26 397818 241.5664
2019:05:06 15:01:26 398689 473.0821
2019:05:06 15:01:26 399454 415.8430
2019:05:06 15:01:26 400257 595.1561
2019:05:06 15:01:26 401121 450.3988
2019:05:06 15:01:26 425737 24245.4708
2019:05:06 15:01:26 426968 741.9214
2019:05:06 15:01:26 427766 790.6035
2019:05:06 15:01:26 428685 904.9997
2019:05:06 15:01:26 429445 451.0134
2019:05:06 15:01:26 430662 740.3754
2019:05:06 15:01:26 431470 800.8368
2019:05:06 15:01:26 432377 489.0300
2019:05:06 15:01:26 433609 916.5816
2019:05:06 15:01:26 434357 438.5523
2019:05:06 15:01:26 435576 740.9304
2019:05:06 15:01:26 436380 796.3926
2019:05:06 15:01:26 437288 487.0668
2019:05:06 15:01:26 462094 314.2916
2019:05:06 15:01:26 462552 259.1498
2019:05:06 15:01:26 463768 857.8636
2019:05:06 15:01:26 464535 759.2440
2019:05:06 15:01:26 465449 900.8758
2019:05:06 15:01:26 466203 427.7416
2019:05:06 15:01:26 467014 330.9436
2019:05:06 15:01:26 467904 490.6803
2019:05:06 15:01:26 468642 408.6234
2019:05:06 15:01:26 469479 822.6559
2019:05:06 15:01:26 470364 483.6917
2019:05:06 15:01:26 471102 706.8999
2019:05:06 15:01:26 472322 765.2752
2019:05:06 15:01:26 473141 602.5694
2019:05:06 15:01:26 517699 338.5693
2019:05:06 15:01:26 518592 879.7571
2019:05:06 15:01:26 519337 737.3579
2019:05:06 15:01:26 520160 585.8950
2019:05:06 15:01:26 521033 864.8708
2019:05:06 15:01:26 533798 12405.6526
2019:05:06 15:01:26 534540 656.6308
2019:05:06 15:01:26 535762 854.8163
2019:05:06 15:01:26 536546 536.4493
2019:05:06 15:01:26 557479 20492.3339
2019:05:06 15:01:26 558251 755.7347
2019:05:06 15:01:26 558659 209.6035
2019:05:06 15:01:26 559485 328.6935
2019:05:06 15:01:26 560393 505.9913
2019:05:06 15:01:26 560718 220.5968
2019:05:06 15:01:26 561935 817.6304
2019:05:06 15:01:26 562593 236.2281
2019:05:06 15:01:26 563589 749.3496
2019:05:06 15:01:26 564395 798.2589
2019:05:06 15:01:26 565305 700.1385
2019:05:06 15:01:26 593741 28428.1857
2019:05:06 15:01:26 594971 859.1302
2019:05:06 15:01:26 596193 851.1096
2019:05:06 15:01:26 597428 865.4259
2019:05:06 15:01:26 598208 771.9137
2019:05:06 15:01:26 599021 799.2052
2019:05:06 15:01:26 599876 452.9133
2019:05:06 15:01:26 600665 781.1747
2019:05:06 15:01:26 629727 28624.7693
2019:05:06 15:01:26 630485 748.3996
2019:05:06 15:01:26 631241 747.9265
2019:05:06 15:01:26 632061 352.7962
2019:05:06 15:01:26 632925 460.5055
2019:05:06 15:01:26 633709 423.6735
2019:05:06 15:01:26 634921 766.9367
2019:05:06 15:01:26 635754 819.8470
2019:05:06 15:01:26 636602 839.9710
2019:05:06 15:01:26 637404 436.7493
2019:05:06 15:01:26 673918 329.6696
2019:05:06 15:01:26 675147 815.4139
2019:05:06 15:01:26 675976 410.0800
2019:05:06 15:01:26 677222 849.9548
2019:05:06 15:01:26 682017 397.8163
2019:05:06 15:01:26 682829 804.8266
2019:05:06 15:01:26 684065 825.7776
2019:05:06 15:01:26 684877 805.7840
2019:05:06 15:01:26 686127 784.7473
2019:05:06 15:01:26 686949 815.4362
2019:05:06 15:01:26 688173 817.0493
2019:05:06 15:01:26 688995 814.9967
2019:05:06 15:01:26 713814 24214.3236
2019:05:06 15:01:26 714555 733.1483
2019:05:06 15:01:26 715782 822.3504
2019:05:06 15:01:26 716596 805.6276
2019:05:06 15:01:26 717830 821.1657
2019:05:06 15:01:26 718644 807.3971
2019:05:06 15:01:26 719877 822.4621
2019:05:06 15:01:26 720692 807.1326
2019:05:06 15:01:26 749711 28609.1939
2019:05:06 15:01:26 750289 567.5480
2019:05:06 15:01:26 751402 784.2109
2019:05:06 15:01:26 752638 826.7090
2019:05:06 15:01:26 753462 817.1313
2019:05:06 15:01:26 754689 821.9071
2019:05:06 15:01:26 755506 809.7440
2019:05:06 15:01:26 756737 820.9385
2019:05:06 15:01:26 757618 873.6365
2019:05:06 15:01:26 758790 821.7730
2019:05:06 15:01:26 759620 822.5478
2019:05:06 15:01:26 760837 818.1520
2019:05:06 15:01:26 779687 18842.2091
2019:05:06 15:01:26 780508 813.5624
2019:05:06 15:01:26 781407 488.3111
2019:05:06 15:01:26 786057 382.6953
2019:05:06 15:01:26 787284 824.0901
2019:05:06 15:01:26 788502 819.6048
2019:05:06 15:01:26 793485 4575.2339
2019:05:06 15:01:26 794228 735.7486
2019:05:06 15:01:26 795456 819.9923
2019:05:06 15:01:26 796277 405.5873
2019:05:06 15:01:26 805370 8686.4978
2019:05:06 15:01:26 806106 350.0395
2019:05:06 15:01:26 807334 820.1376
2019:05:06 15:01:26 808167 422.5448
2019:05:06 15:01:26 809605 1043.4911
2019:05:06 15:01:26 833743 252.9435
2019:05:06 15:01:26 834959 790.9834
2019:05:06 15:01:26 835786 410.6387
2019:05:06 15:01:26 837002 814.5683
2019:05:06 15:01:26 837812 390.9543
2019:05:06 15:01:26 839027 805.3072
2019:05:06 15:01:26 839854 399.5001
2019:05:06 15:01:26 841074 816.7550
2019:05:06 15:01:26 841913 392.0123
2019:05:06 15:01:26 843122 823.5574
2019:05:06 15:01:26 843944 404.5218
2019:05:06 15:01:26 845164 807.6616
2019:05:06 15:01:26 881753 288.9000
2019:05:06 15:01:26 882947 815.0116
2019:05:06 15:01:26 883775 414.3268
2019:05:06 15:01:26 885001 826.7872
2019:05:06 15:01:26 885815 382.6432
2019:05:06 15:01:26 887031 821.6165
2019:05:06 15:01:26 887861 421.6880
2019:05:06 15:01:26 889077 818.5171
2019:05:06 15:01:26 905828 16278.3638
2019:05:06 15:01:26 906419 514.8277
2019:05:06 15:01:26 907647 819.4149
2019:05:06 15:01:26 908466 519.3315
2019:05:06 15:01:26 909725 849.6828
2019:05:06 15:01:26 910522 517.1932
2019:05:06 15:01:26 911753 819.2472
2019:05:06 15:01:26 912569 516.6717
2019:05:06 15:01:26 937615 24637.8332
2019:05:06 15:01:26 938376 753.0563
2019:05:06 15:01:26 939195 521.3246
2019:05:06 15:01:26 940421 819.4223
2019:05:06 15:01:26 941290 568.7959
2019:05:06 15:01:26 961748 422.2579
2019:05:06 15:01:26 962950 817.1126
2019:05:06 15:01:26 963768 519.0410
2019:05:06 15:01:26 964995 816.7475
2019:05:06 15:01:26 973659 8053.9919
2019:05:06 15:01:26 974838 818.5916
2019:05:06 15:01:26 975668 410.1135
2019:05:06 15:01:26 976886 817.9210
2019:05:06 15:01:26 997701 20137.8241
2019:05:06 15:01:26 998861 816.4756
2019:05:06 15:01:26 999695 419.0579
2019:05:06 15:01:27 907 814.9259
2019:05:06 15:01:27 13782 12194.7490
2019:05:06 15:01:27 14856 812.1990
2019:05:06 15:01:27 16075 820.1972
2019:05:06 15:01:27 16898 814.8290
2019:05:06 15:01:27 18125 811.1186
2019:05:06 15:01:27 18945 813.5214
2019:05:06 15:01:27 20173 817.0381
2019:05:06 15:01:27 20991 811.1373
2019:05:06 15:01:27 57542 36083.3444
2019:05:06 15:01:27 58685 823.1960
2019:05:06 15:01:27 59498 415.3326
2019:05:06 15:01:27 60726 822.5664
2019:05:06 15:01:27 69699 8568.1826
2019:05:06 15:01:27 70452 744.7787
2019:05:06 15:01:27 71689 829.0336
2019:05:06 15:01:27 72503 806.8606
2019:05:06 15:01:27 85781 12873.2510
2019:05:06 15:01:27 86468 678.8187
2019:05:06 15:01:27 87676 820.4393
2019:05:06 15:01:27 88485 412.3524
2019:05:06 15:01:27 89738 840.9098
2019:05:06 15:01:27 90532 411.4397
2019:05:06 15:01:27 91771 822.7155
2019:05:06 15:01:27 92581 411.8010
2019:05:06 15:01:27 121261 28277.2593
2019:05:06 15:01:27 122088 321.9731
2019:05:06 15:01:27 122912 395.1676
2019:05:06 15:01:27 124204 882.0556
2019:05:06 15:01:27 124967 409.5957
2019:05:06 15:01:27 126160 773.7800
2019:05:06 15:01:27 126988 423.9902
2019:05:06 15:01:27 128202 817.1313
2019:05:06 15:01:27 129033 423.9157
2019:05:06 15:01:27 130271 802.2450
2019:05:06 15:01:27 131097 405.3637
2019:05:06 15:01:27 132321 805.8101
2019:05:06 15:01:27 133144 405.3041
2019:05:06 15:01:27 158231 570.0588
2019:05:06 15:01:27 161376 3138.1361
2019:05:06 15:01:27 161907 403.2813
2019:05:06 15:01:27 163131 828.7504
2019:05:06 15:01:27 163940 403.2031
2019:05:06 15:01:27 165171 807.2704
2019:05:06 15:01:27 201703 32338.2020
2019:05:06 15:01:27 202445 734.0610
2019:05:06 15:01:27 203250 561.5838
2019:05:06 15:01:27 204168 901.1999
2019:05:06 15:01:27 204713 537.2614
2019:05:06 15:01:27 217627 12725.1633
2019:05:06 15:01:27 218419 776.1568
2019:05:06 15:01:27 219333 488.2403
2019:05:06 15:01:27 220071 729.9185
2019:05:06 15:01:27 220879 799.6820
2019:05:06 15:01:27 221310 218.7975
2019:05:06 15:01:27 222527 743.0576
2019:05:06 15:01:27 223142 606.7641
2019:05:06 15:01:27 223752 420.3171
2019:05:06 15:01:27 224985 741.7947
2019:05:06 15:01:27 249617 24624.4185
2019:05:06 15:01:27 249951 326.1454
2019:05:06 15:01:27 251180 818.9976
2019:05:06 15:01:27 252063 472.6872
2019:05:06 15:01:27 253283 874.0611
2019:05:06 15:01:27 266015 459.7567
2019:05:06 15:01:27 266845 820.6889
2019:05:06 15:01:27 267575 721.7191
2019:05:06 15:01:27 268382 314.1165
2019:05:06 15:01:27 269296 903.3084
2019:05:06 15:01:27 270047 431.9847
2019:05:06 15:01:27 280993 373.1884
2019:05:06 15:01:27 281851 451.5722
2019:05:06 15:01:27 283066 845.2535
2019:05:06 15:01:27 283857 783.3540
2019:05:06 15:01:27 285093 808.3656
2019:05:06 15:01:27 286009 907.9240
2019:05:06 15:01:27 286738 721.8421
2019:05:06 15:01:27 287551 315.5246
2019:05:06 15:01:27 288473 507.7012
2019:05:06 15:01:27 289208 427.0226
2019:05:06 15:01:27 321893 282.3025
2019:05:06 15:01:27 323109 768.8664
2019:05:06 15:01:27 323933 809.8744
2019:05:06 15:01:27 324792 846.2183
2019:05:06 15:01:27 337495 12334.9354
2019:05:06 15:01:27 338282 387.0539
2019:05:06 15:01:27 339495 787.2768
2019:05:06 15:01:27 340430 496.9649
2019:05:06 15:01:27 341658 933.1591
2019:05:06 15:01:27 342409 453.9527
2019:05:06 15:01:27 343627 741.9065
2019:05:06 15:01:27 344415 780.5042
2019:05:06 15:01:27 345337 906.5829
2019:05:06 15:01:27 369807 299.6437
2019:05:06 15:01:27 370621 377.6737
2019:05:06 15:01:27 371467 443.8348
2019:05:06 15:01:27 372259 417.5380
2019:05:06 15:01:27 373077 378.5193
2019:05:06 15:01:27 385770 312.5295
2019:05:06 15:01:27 386583 295.0467
2019:05:06 15:01:27 387809 767.6966
2019:05:06 15:01:27 388630 358.5629
2019:05:06 15:01:27 389945 907.3615
2019:05:06 15:01:27 390694 740.5914
2019:05:06 15:01:27 391502 799.6559
2019:05:06 15:01:27 392412 502.6981
2019:05:06 15:01:27 393632 905.9161
2019:05:06 15:01:27 417725 386.2344
2019:05:06 15:01:27 418535 404.2052
2019:05:06 15:01:27 418956 284.0310
2019:05:06 15:01:27 420178 823.3935
2019:05:06 15:01:27 420986 800.0843
2019:05:06 15:01:27 433326 12326.8291
2019:05:06 15:01:27 434094 759.4191
2019:05:06 15:01:27 435332 829.6221
2019:05:06 15:01:27 436140 801.3174
2019:05:06 15:01:27 437371 821.5420
2019:05:06 15:01:27 438191 807.0841
2019:05:06 15:01:27 439018 810.2246
2019:05:06 15:01:27 439431 405.8965
2019:05:06 15:01:27 440249 417.8844
2019:05:06 15:01:27 441071 420.2686
2019:05:06 15:01:27 465471 24277.6386
2019:05:06 15:01:27 466222 449.0800
2019:05:06 15:01:27 467442 818.3606
2019:05:06 15:01:27 468275 459.9728
2019:05:06 15:01:27 481700 13027.5637
2019:05:06 15:01:27 482514 797.7597
2019:05:06 15:01:27 482938 408.5451
2019:05:06 15:01:27 483740 410.2625
2019:05:06 15:01:27 484170 415.5412
2019:05:06 15:01:27 484981 418.7971
2019:05:06 15:01:27 485814 436.9840
2019:05:06 15:01:27 486630 414.0660
2019:05:06 15:01:27 487434 409.3274
2019:05:06 15:01:27 487858 401.7614
2019:05:06 15:01:27 488678 410.8325
2019:05:06 15:01:27 513528 24456.1657
2019:05:06 15:01:27 514300 755.2207
2019:05:06 15:01:27 515117 415.1836
2019:05:06 15:01:27 515946 420.9913
2019:05:06 15:01:27 516757 803.9065
2019:05:06 15:01:27 529612 12453.5859
2019:05:06 15:01:27 530431 798.3297
2019:05:06 15:01:27 531240 794.1462
2019:05:06 15:01:27 531671 410.2029
2019:05:06 15:01:27 532485 412.5796
2019:05:06 15:01:27 533295 411.9985
2019:05:06 15:01:27 533722 399.3362
2019:05:06 15:01:27 534512 411.8793
2019:05:06 15:01:27 535750 827.6068
2019:05:06 15:01:27 536559 801.2243
2019:05:06 15:01:27 561434 24465.2666
2019:05:06 15:01:27 562197 752.4043
2019:05:06 15:01:27 563015 803.6792
2019:05:06 15:01:27 563834 805.1731
2019:05:06 15:01:27 564654 805.7505
2019:05:06 15:01:27 565476 808.2949
2019:05:06 15:01:27 577787 377.1819
2019:05:06 15:01:27 578597 415.2767
2019:05:06 15:01:27 579412 414.3231
2019:05:06 15:01:27 580234 398.5167
2019:05:06 15:01:27 581067 423.2712
2019:05:06 15:01:27 581875 412.6653
2019:05:06 15:01:27 582679 413.1608
2019:05:06 15:01:27 583499 414.2933
2019:05:06 15:01:27 584313 408.7090
2019:05:06 15:01:27 585134 806.9277
2019:05:06 15:01:27 609724 24575.8556
2019:05:06 15:01:27 610538 795.3383
2019:05:06 15:01:27 611376 819.6793
2019:05:06 15:01:27 612174 790.5588
2019:05:06 15:01:27 612988 797.4692
2019:05:06 15:01:27 625625 12621.8237
2019:05:06 15:01:27 626035 394.2922
2019:05:06 15:01:27 626841 416.4986
2019:05:06 15:01:27 627658 416.7929
2019:05:06 15:01:27 628872 808.7307
2019:05:06 15:01:27 629694 809.1256
2019:05:06 15:01:27 630511 801.1758
2019:05:06 15:01:27 631329 803.5786
2019:05:06 15:01:27 631756 408.8916
2019:05:06 15:01:27 632573 418.2905
2019:05:06 15:01:27 657579 24600.5878
2019:05:06 15:01:27 658365 772.9940
2019:05:06 15:01:27 659190 811.5992
2019:05:06 15:01:27 660011 420.3022
2019:05:06 15:01:27 660830 417.7541
2019:05:06 15:01:27 677385 16148.4890
2019:05:06 15:01:27 678469 804.2194
2019:05:06 15:01:27 679381 503.6108
2019:05:06 15:01:27 680518 829.2347
2019:05:06 15:01:27 681519 602.0106
2019:05:06 15:01:27 705932 268.9883
2019:05:06 15:01:27 707195 894.0138
2019:05:06 15:01:27 707960 418.8865
2019:05:06 15:01:27 709260 812.5976
2019:05:06 15:01:27 722294 361.0812
2019:05:06 15:01:27 723546 788.1634
2019:05:06 15:01:27 724333 413.2055
2019:05:06 15:01:27 725629 816.8556
2019:05:06 15:01:27 726417 420.6859
2019:05:06 15:01:27 727700 796.8582
2019:05:06 15:01:27 728486 458.7397
2019:05:06 15:01:27 753543 24681.2627
2019:05:06 15:01:27 754310 759.1881
2019:05:06 15:01:27 755075 442.8625
2019:05:06 15:01:27 756340 890.6946
2019:05:06 15:01:27 757116 432.7074
2019:05:06 15:01:27 769930 712.6108
2019:05:06 15:01:27 770850 821.0503
2019:05:06 15:01:27 771680 375.9302
2019:05:06 15:01:27 772902 822.3243
2019:05:06 15:01:27 773768 385.9438
2019:05:06 15:01:27 774951 791.5907
2019:05:06 15:01:27 775775 336.2559
2019:05:06 15:01:27 776996 782.4451
2019:05:06 15:01:27 793880 16318.9732
2019:05:06 15:01:27 795006 802.6771
2019:05:06 15:01:27 796249 786.8484
2019:05:06 15:01:27 797058 796.7427
2019:05:06 15:01:27 817588 20067.1591
2019:05:06 15:01:27 818757 827.7856
2019:05:06 15:01:27 819574 809.7440
2019:05:06 15:01:27 820400 423.9455
2019:05:06 15:01:27 821205 413.6562
2019:05:06 15:01:27 822036 421.9115
2019:05:06 15:01:27 822855 811.4800
2019:05:06 15:01:27 823666 803.7910
2019:05:06 15:01:27 824481 412.9522
2019:05:06 15:01:27 825301 416.2416
2019:05:06 15:01:27 849897 397.3171
2019:05:06 15:01:27 850704 410.3556
2019:05:06 15:01:27 851128 407.9081
2019:05:06 15:01:27 851943 420.9392
2019:05:06 15:01:27 852753 409.8266
2019:05:06 15:01:27 853178 409.1598
2019:05:06 15:01:27 861765 391.5653
2019:05:06 15:01:27 862577 793.3080
2019:05:06 15:01:27 863392 413.2800
2019:05:06 15:01:27 864211 415.7126
2019:05:06 15:01:27 865030 412.8180
2019:05:06 15:01:27 877388 11950.0831
2019:05:06 15:01:27 878135 405.7363
2019:05:06 15:01:27 878963 815.4809
2019:05:06 15:01:27 880186 814.1138
2019:05:06 15:01:27 881017 816.3340
2019:05:06 15:01:27 881845 820.4803
2019:05:06 15:01:27 882248 395.8270
2019:05:06 15:01:27 883066 423.9678
2019:05:06 15:01:27 884294 825.5318
2019:05:06 15:01:27 885113 810.1203
2019:05:06 15:01:27 909637 24516.6160
2019:05:06 15:01:27 910402 418.2830
2019:05:06 15:01:27 911226 406.3211
2019:05:06 15:01:27 912041 410.9032
2019:05:06 15:01:27 912865 405.7176
2019:05:06 15:01:27 925578 12307.8749
2019:05:06 15:01:27 926384 421.9227
2019:05:06 15:01:27 927593 812.1952
2019:05:06 15:01:27 928409 798.2180
2019:05:06 15:01:27 929241 815.8870
2019:05:06 15:01:27 930064 816.1440
2019:05:06 15:01:27 930879 805.4152
2019:05:06 15:01:27 931696 413.2800
2019:05:06 15:01:27 932510 409.3349
2019:05:06 15:01:27 933332 810.9063
2019:05:06 15:01:27 958330 611.0407
2019:05:06 15:01:27 959245 908.4865
2019:05:06 15:01:27 960020 765.5248
2019:05:06 15:01:27 961281 911.1539
2019:05:06 15:01:27 973957 12669.0567
2019:05:06 15:01:27 975115 807.2592
2019:05:06 15:01:27 976021 491.4626
2019:05:06 15:01:27 977163 818.1669
2019:05:06 15:01:27 978058 463.8545
2019:05:06 15:01:27 979322 926.7814
2019:05:06 15:01:27 980087 461.1053
2019:05:06 15:01:27 981404 961.4453
2019:05:06 15:01:28 6239 563.2862
2019:05:06 15:01:28 7020 773.0424
2019:05:06 15:01:28 7853 360.4889
2019:05:06 15:01:28 9067 818.1818
2019:05:06 15:01:28 22054 12202.6168
2019:05:06 15:01:28 22995 820.2232
2019:05:06 15:01:28 24231 827.6664
2019:05:06 15:01:28 25103 865.2657
2019:05:06 15:01:28 26354 761.1960
2019:05:06 15:01:28 27101 739.7346
2019:05:06 15:01:28 28371 763.8521
2019:05:06 15:01:28 29138 760.1641
2019:05:06 15:01:28 53759 359.7774
2019:05:06 15:01:28 54933 771.3102
2019:05:06 15:01:28 56174 765.7483
2019:05:06 15:01:28 56993 811.0516
2019:05:06 15:01:28 69721 364.7730
2019:05:06 15:01:28 70920 816.2037
2019:05:06 15:01:28 71752 421.8444
2019:05:06 15:01:28 72968 817.8763
2019:05:06 15:01:28 73808 428.8144
2019:05:06 15:01:28 74622 415.0122
2019:05:06 15:01:28 75833 809.6248
2019:05:06 15:01:28 76659 813.0111
2019:05:06 15:01:28 77480 419.3112
2019:05:06 15:01:28 102018 376.0755
2019:05:06 15:01:28 103246 819.5229
2019:05:06 15:01:28 104079 424.2212
2019:05:06 15:01:28 105294 817.9657
2019:05:06 15:01:28 117996 377.7556
2019:05:06 15:01:28 118811 412.4343
2019:05:06 15:01:28 119633 416.5880
2019:05:06 15:01:28 120450 413.6525
2019:05:06 15:01:28 121272 809.8260
2019:05:06 15:01:28 122102 425.4766
2019:05:06 15:01:28 122912 801.0529
2019:05:06 15:01:28 124153 832.7290
2019:05:06 15:01:28 124961 801.0715
2019:05:06 15:01:28 149318 23940.9283
2019:05:06 15:01:28 150105 772.8040
2019:05:06 15:01:28 150923 801.2019
2019:05:06 15:01:28 151351 415.2060
2019:05:06 15:01:28 152162 411.8457
2019:05:06 15:01:28 152978 801.9395
2019:05:06 15:01:28 163627 10636.0279
2019:05:06 15:01:28 164443 806.2571
2019:05:06 15:01:28 165255 798.4936
2019:05:06 15:01:28 177602 12329.4741
2019:05:06 15:01:28 178380 424.7054
2019:05:06 15:01:28 179190 409.7745
2019:05:06 15:01:28 180418 818.9604
2019:05:06 15:01:28 181238 402.1041
2019:05:06 15:01:28 182071 421.9897
2019:05:06 15:01:28 182890 423.5953
2019:05:06 15:01:28 183707 421.1478
2019:05:06 15:01:28 184521 414.3082
2019:05:06 15:01:28 185333 411.8010
2019:05:06 15:01:28 229677 320.1663
2019:05:06 15:01:28 230499 396.8515
2019:05:06 15:01:28 231644 735.4841
2019:05:06 15:01:28 232557 832.2485
2019:05:06 15:01:28 233376 812.0760
2019:05:06 15:01:28 270929 9567.8642
2019:05:06 15:01:28 271751 813.6518
2019:05:06 15:01:28 272560 802.0625
2019:05:06 15:01:28 293356 20386.2116
2019:05:06 15:01:28 293807 434.5924
2019:05:06 15:01:28 294623 423.5432
2019:05:06 15:01:28 295440 421.3005
2019:05:06 15:01:28 296255 415.5524
2019:05:06 15:01:28 297068 409.6292
2019:05:06 15:01:28 313735 16651.6118
2019:05:06 15:01:28 329888 16144.7562
2019:05:06 15:01:28 331344 983.8752
2019:05:06 15:01:28 332354 522.8706
2019:05:06 15:01:28 333316 954.0692
2019:05:06 15:01:28 346421 540.6253
2019:05:06 15:01:28 347497 583.6822
2019:05:06 15:01:28 348390 485.6326
2019:05:06 15:01:28 349372 974.9010
2019:05:06 15:01:28 350371 512.2274
2019:05:06 15:01:28 351185 796.9402
2019:05:06 15:01:28 352065 473.9352
2019:05:06 15:01:28 353051 487.3462
2019:05:06 15:01:28 377582 24042.2413
2019:05:06 15:01:28 378449 493.3439
2019:05:06 15:01:28 379925 985.0375
2019:05:06 15:01:28 380433 494.7893
2019:05:06 15:01:28 393782 12870.6917
2019:05:06 15:01:28 394333 541.9888
2019:05:06 15:01:28 395818 984.3446
2019:05:06 15:01:28 396810 498.1570
2019:05:06 15:01:28 397790 972.1853
2019:05:06 15:01:28 398822 544.5257
2019:05:06 15:01:28 399751 913.3480
2019:05:06 15:01:28 400738 496.6110
2019:05:06 15:01:28 401285 539.4183
2019:05:06 15:01:28 425709 380.9296
2019:05:06 15:01:28 426516 791.9669
2019:05:06 15:01:28 427339 399.6156
2019:05:06 15:01:28 427757 305.6861
2019:05:06 15:01:28 428980 822.0151
2019:05:06 15:01:28 449364 20368.9858
2019:05:06 15:01:28 481374 32001.7487
2019:05:06 15:01:28 490039 397.0228
2019:05:06 15:01:28 490845 411.4136
2019:05:06 15:01:28 491267 336.0249
2019:05:06 15:01:28 492085 415.6716
2019:05:06 15:01:28 492890 410.1545
2019:05:06 15:01:28 493309 403.5756
2019:05:06 15:01:28 494133 422.0121
2019:05:06 15:01:28 494932 412.6281
2019:05:06 15:01:28 495362 339.8284
2019:05:06 15:01:28 496182 417.3405
2019:05:06 15:01:28 497000 421.7103
2019:05:06 15:01:28 521588 8229.9747
2019:05:06 15:01:28 521978 373.1921
2019:05:06 15:01:28 523192 818.1892
2019:05:06 15:01:28 524011 407.2264
2019:05:06 15:01:28 525241 819.8768
2019:05:06 15:01:28 549449 4090.7860
2019:05:06 15:01:28 550207 743.0762
2019:05:06 15:01:28 551024 415.9436
2019:05:06 15:01:28 551840 413.5370
2019:05:06 15:01:28 552662 809.6918
2019:05:06 15:01:28 553498 434.3204
2019:05:06 15:01:28 554296 394.8659
2019:05:06 15:01:28 555524 817.2318
2019:05:06 15:01:28 556346 415.8691
2019:05:06 15:01:28 589364 32611.0087
2019:05:06 15:01:28 597580 8207.1275
2019:05:06 15:01:28 598732 819.1615
2019:05:06 15:01:28 599966 822.2982
2019:05:06 15:01:28 600779 805.3258
2019:05:06 15:01:28 601620 431.0831
2019:05:06 15:01:28 602824 810.3251
2019:05:06 15:01:28 603644 804.6143
2019:05:06 15:01:28 604069 410.8138
2019:05:06 15:01:28 604890 422.8428
2019:05:06 15:01:28 629625 24339.3257
2019:05:06 15:01:28 630846 830.3374
2019:05:06 15:01:28 631649 794.2170
2019:05:06 15:01:28 632469 806.6781
2019:05:06 15:01:28 633287 415.6567
2019:05:06 15:01:28 677365 23998.1823
2019:05:06 15:01:28 678009 635.1210
2019:05:06 15:01:28 678829 805.4227
2019:05:06 15:01:28 679655 408.0795
2019:05:06 15:01:28 680470 806.9463
2019:05:06 15:01:28 681289 414.1033
2019:05:06 15:01:28 693734 374.9318
2019:05:06 15:01:28 694527 419.7024
2019:05:06 15:01:28 695340 411.7079
2019:05:06 15:01:28 696155 411.3577
2019:05:06 15:01:28 696977 807.2965
2019:05:06 15:01:28 697789 795.9343
2019:05:06 15:01:28 698217 413.5631
2019:05:06 15:01:28 699428 812.2474
2019:05:06 15:01:28 700247 413.1757
2019:05:06 15:01:28 701067 805.8511
2019:05:06 15:01:28 725604 24523.6307
2019:05:06 15:01:28 726426 806.1714
2019:05:06 15:01:28 727243 808.3805
2019:05:06 15:01:28 728065 802.2822
2019:05:06 15:01:28 728890 816.9971
2019:05:06 15:01:28 741480 12582.3990
2019:05:06 15:01:28 741833 337.5821
2019:05:06 15:01:28 743043 817.6789
2019:05:06 15:01:28 743862 407.9230
2019:05:06 15:01:28 745091 818.5469
2019:05:06 15:01:28 745701 199.6420
2019:05:06 15:01:28 746730 812.8136
2019:05:06 15:01:28 747549 413.2576
2019:05:06 15:01:28 747961 225.6446
2019:05:06 15:01:28 748785 407.6585
2019:05:06 15:01:28 777722 28530.4151
2019:05:06 15:01:28 778826 807.3673
2019:05:06 15:01:28 779656 365.9353
2019:05:06 15:01:28 780874 818.4090
2019:05:06 15:01:28 785793 4509.0802
2019:05:06 15:01:28 786655 741.8208
2019:05:06 15:01:28 787432 768.7211
2019:05:06 15:01:28 788254 373.4753
2019:05:06 15:01:28 789478 817.5112
2019:05:06 15:01:28 802024 399.2356
2019:05:06 15:01:28 802831 798.5607
2019:05:06 15:01:28 803716 482.3729
2019:05:06 15:01:28 804470 745.6578
2019:05:06 15:01:28 817519 12582.1158
2019:05:06 15:01:28 818250 721.9724
2019:05:06 15:01:28 819475 864.7591
2019:05:06 15:01:28 820246 413.2017
2019:05:06 15:01:28 821073 364.0652
2019:05:06 15:01:28 821953 471.6218
2019:05:06 15:01:28 823163 862.7400
2019:05:06 15:01:28 823938 416.2602
2019:05:06 15:01:28 825167 777.5612
2019:05:06 15:01:28 849959 382.1664
2019:05:06 15:01:28 850772 586.1521
2019:05:06 15:01:28 851582 800.4941
2019:05:06 15:01:28 852010 412.2704
2019:05:06 15:01:28 852820 591.5575
2019:05:06 15:01:28 853637 808.9356
2019:05:06 15:01:28 854058 406.2839
2019:05:06 15:01:28 854856 582.2703
2019:05:06 15:01:28 855678 806.3056
2019:05:06 15:01:28 856321 625.3347
2019:05:06 15:01:28 856914 571.6905
2019:05:06 15:01:28 885631 28701.5848
2019:05:06 15:01:28 886455 806.6185
2019:05:06 15:01:28 887263 798.1770
2019:05:06 15:01:28 888092 810.3400
2019:05:06 15:01:28 888912 812.2772
2019:05:06 15:01:28 889722 801.3695
2019:05:06 15:01:28 890542 794.8764
2019:05:06 15:01:28 891357 807.0655
2019:05:06 15:01:28 892181 418.6742
2019:05:06 15:01:28 893008 422.5783
2019:05:06 15:01:28 917622 24212.3194
2019:05:06 15:01:28 918402 419.1920
2019:05:06 15:01:28 919625 819.3813
2019:05:06 15:01:28 920452 420.7827
2019:05:06 15:01:28 933361 12506.9506
2019:05:06 15:01:28 933715 230.1969
2019:05:06 15:01:28 934929 817.3883
2019:05:06 15:01:28 935746 409.1151
2019:05:06 15:01:28 936976 819.2025
2019:05:06 15:01:28 937795 408.3663
2019:05:06 15:01:28 939034 829.5029
2019:05:06 15:01:28 939615 573.9741
2019:05:06 15:01:28 940661 818.7890
2019:05:06 15:01:28 965623 24552.2819
2019:05:06 15:01:28 966441 801.3509
2019:05:06 15:01:28 966871 418.2868
2019:05:06 15:01:28 967685 419.4044
2019:05:06 15:01:28 968506 421.0472
2019:05:06 15:01:28 969317 419.3746
2019:05:06 15:01:28 982017 370.9234
2019:05:06 15:01:28 982825 799.2983
2019:05:06 15:01:28 983646 806.6110
2019:05:06 15:01:28 984467 419.2963
2019:05:06 15:01:28 985286 411.8681
2019:05:06 15:01:28 986101 413.1757
2019:05:06 15:01:28 986922 808.3656
2019:05:06 15:01:28 987743 418.4768
2019:05:06 15:01:28 988557 413.3433
2019:05:06 15:01:28 989382 417.8807
2019:05:06 15:01:29 13985 381.6299
2019:05:06 15:01:29 14800 409.2529
2019:05:06 15:01:29 16029 819.1429
2019:05:06 15:01:29 16848 409.8788
2019:05:06 15:01:29 29702 12444.5818
2019:05:06 15:01:29 30516 796.4186
2019:05:06 15:01:29 31401 483.8891
2019:05:06 15:01:29 32155 418.9722
2019:05:06 15:01:29 33378 751.0707
2019:05:06 15:01:29 33875 479.7056
2019:05:06 15:01:29 35088 884.5031
2019:05:06 15:01:29 35846 421.1925
2019:05:06 15:01:29 37069 754.9077
2019:05:06 15:01:29 61473 23931.0563
2019:05:06 15:01:29 62241 412.5796
2019:05:06 15:01:29 63453 774.7225
2019:05:06 15:01:29 64280 365.7676
2019:05:06 15:01:29 77432 12746.5799
2019:05:06 15:01:29 78196 748.2693
2019:05:06 15:01:29 79022 811.0851
2019:05:06 15:01:29 79844 420.1084
2019:05:06 15:01:29 80662 416.5992
2019:05:06 15:01:29 81887 815.8721
2019:05:06 15:01:29 82309 406.3882
2019:05:06 15:01:29 83523 811.3161
2019:05:06 15:01:29 84351 420.9578
2019:05:06 15:01:29 85165 801.9097
2019:05:06 15:01:29 109762 390.3024
2019:05:06 15:01:29 110568 421.2931
2019:05:06 15:01:29 111375 408.7426
2019:05:06 15:01:29 112200 419.0318
2019:05:06 15:01:29 113025 421.6917
2019:05:06 15:01:29 137368 23944.3555
2019:05:06 15:01:29 173649 8283.3841
2019:05:06 15:01:29 174461 796.3292
2019:05:06 15:01:29 175273 803.1316
2019:05:06 15:01:29 176089 806.9910
2019:05:06 15:01:29 176906 412.0283
2019:05:06 15:01:29 181377 4060.6596
2019:05:06 15:01:29 209649 284.9214
2019:05:06 15:01:29 210856 828.6685
2019:05:06 15:01:29 211664 800.7549
2019:05:06 15:01:29 212902 829.3688
2019:05:06 15:01:29 213722 814.7545
2019:05:06 15:01:29 214532 802.6175
2019:05:06 15:01:29 215358 418.4805
2019:05:06 15:01:29 216594 828.1842
2019:05:06 15:01:29 233356 16754.3814
2019:05:06 15:01:29 293366 28007.1087
2019:05:06 15:01:29 309375 16000.2224
2019:05:06 15:01:29 310140 402.2568
2019:05:06 15:01:29 310959 425.3909
2019:05:06 15:01:29 311777 419.2777
2019:05:06 15:01:29 312596 417.5119
2019:05:06 15:01:29 329366 16374.3831
2019:05:06 15:01:29 397366 28009.0868
2019:05:06 15:01:29 414365 16991.1943
2019:05:06 15:01:29 449948 581.7264
2019:05:06 15:01:29 450348 392.0794
2019:05:06 15:01:29 451167 805.6089
2019:05:06 15:01:29 451985 804.1449
2019:05:06 15:01:29 452395 395.6668
2019:05:06 15:01:29 453214 805.9181
2019:05:06 15:01:29 453643 414.3603
2019:05:06 15:01:29 454445 409.2157
2019:05:06 15:01:29 455674 818.0290
2019:05:06 15:01:29 456305 221.9528
2019:05:06 15:01:29 457312 818.6921
2019:05:06 15:01:29 497299 11006.1988
2019:05:06 15:01:29 541357 25918.7557
2019:05:06 15:01:29 545420 4052.3931
2019:05:06 15:01:29 565358 19762.4229
2019:05:06 15:01:29 582405 17035.3800
2019:05:06 15:01:29 633365 27152.5010
2019:05:06 15:01:29 649377 16003.3219
2019:05:06 15:01:29 702204 20837.1989
2019:05:06 15:01:29 721383 19171.3497
2019:05:06 15:01:29 722136 398.7551
2019:05:06 15:01:29 722946 413.0229
2019:05:06 15:01:29 724162 810.1836
2019:05:06 15:01:29 724978 802.3418
2019:05:06 15:01:29 750056 25064.9825
2019:05:06 15:01:29 773942 23876.9911
2019:05:06 15:01:29 783125 402.2829
2019:05:06 15:01:29 783940 412.5610
2019:05:06 15:01:29 784759 412.9484
2019:05:06 15:01:29 798157 12995.5113
2019:05:06 15:01:29 821877 23712.1060
2019:05:06 15:01:29 833986 374.1384
2019:05:06 15:01:29 871500 25376.5732
2019:05:06 15:01:29 882074 10566.3575
2019:05:06 15:01:29 883099 486.9327
2019:05:06 15:01:29 884133 516.8132
2019:05:06 15:01:29 885117 486.4745
2019:05:06 15:01:29 886194 541.5455
2019:05:06 15:01:29 887162 486.7315
2019:05:06 15:01:29 888239 543.9930
2019:05:06 15:01:29 889203 486.9252
2019:05:06 15:01:29 913874 24043.2136
2019:05:06 15:01:29 915118 765.6775
2019:05:06 15:01:29 916070 505.4027
2019:05:06 15:01:29 917090 515.4163
2019:05:06 15:01:29 930182 11933.2932
2019:05:06 15:01:29 931215 484.2654
2019:05:06 15:01:29 932270 539.4965
2019:05:06 15:01:29 933219 942.2787
2019:05:06 15:01:29 934236 530.9135
2019:05:06 15:01:29 935246 925.5707
2019:05:06 15:01:29 936269 533.2567
2019:05:06 15:01:29 937290 926.1295
2019:05:06 15:01:29 962007 507.0604
2019:05:06 15:01:29 963032 524.3085
2019:05:06 15:01:29 964012 973.6270
2019:05:06 15:01:29 965057 518.9069
2019:05:06 15:01:29 978124 13059.8396
2019:05:06 15:01:29 978550 417.4002
2019:05:06 15:01:29 979390 420.6337
2019:05:06 15:01:29 980205 413.4811
2019:05:06 15:01:29 981020 446.9194
2019:05:06 15:01:29 981845 810.6232
2019:05:06 15:01:29 982621 762.5595
2019:05:06 15:01:29 983081 447.7873
2019:05:06 15:01:29 983904 417.4337
2019:05:06 15:01:29 984685 384.5282
2019:05:06 15:01:30 11324 26208.5572
2019:05:06 15:01:30 11692 360.3287
2019:05:06 15:01:30 12889 817.1611
2019:05:06 15:01:30 26070 12771.2339
2019:05:06 15:01:30 26933 422.1797
2019:05:06 15:01:30 27751 388.1902
2019:05:06 15:01:30 28575 406.6341
2019:05:06 15:01:30 29415 442.5496
2019:05:06 15:01:30 30206 405.6655
2019:05:06 15:01:30 31436 801.5893
2019:05:06 15:01:30 31852 407.4834
2019:05:06 15:01:30 33072 818.7965
2019:05:06 15:01:30 62031 28951.4363
2019:05:06 15:01:30 85958 23918.2152
2019:05:06 15:01:30 121326 10973.6249
2019:05:06 15:01:30 133868 12526.7096
2019:05:06 15:01:30 169480 11367.2689
2019:05:06 15:01:30 170243 746.8835
2019:05:06 15:01:30 174006 641.4019
2019:05:06 15:01:30 174833 810.7834
2019:05:06 15:01:30 177373 2525.1769
2019:05:06 15:01:30 201885 281.1998
2019:05:06 15:01:30 203022 818.9790
2019:05:06 15:01:30 203898 465.7395
2019:05:06 15:01:30 205972 1721.2257
2019:05:06 15:01:30 218019 12038.4097
2019:05:06 15:01:30 219133 505.0451
2019:05:06 15:01:30 220247 621.9000
2019:05:06 15:01:30 221211 485.9045
2019:05:06 15:01:30 222334 546.9881
2019:05:06 15:01:30 223311 969.9762
2019:05:06 15:01:30 224401 547.1967
2019:05:06 15:01:30 225448 1040.0936
2019:05:06 15:01:30 250015 540.5247
2019:05:06 15:01:30 251031 899.3186
2019:05:06 15:01:30 252046 1007.9257
2019:05:06 15:01:30 253064 884.8831
2019:05:06 15:01:30 265928 12856.8262
2019:05:06 15:01:30 266585 649.6161
2019:05:06 15:01:30 268094 1030.9592
2019:05:06 15:01:30 269134 953.4471
2019:05:06 15:01:30 270222 534.9927
2019:05:06 15:01:30 271194 965.0737
2019:05:06 15:01:30 272262 535.5887
2019:05:06 15:01:30 273235 965.8113
2019:05:06 15:01:30 286336 533.5100
2019:05:06 15:01:30 286882 536.8814
2019:05:06 15:01:30 288385 1021.9254
2019:05:06 15:01:30 288929 536.0283
2019:05:06 15:01:30 302150 12141.4959
2019:05:06 15:01:30 302805 397.2091
2019:05:06 15:01:30 303625 808.4886
2019:05:06 15:01:30 304445 416.6551
2019:05:06 15:01:30 304849 216.7039
2019:05:06 15:01:30 317425 12168.2324
2019:05:06 15:01:30 318218 784.1401
2019:05:06 15:01:30 319429 818.4314
2019:05:06 15:01:30 320256 421.8593
2019:05:06 15:01:30 321080 422.9583
2019:05:06 15:01:30 321899 390.5110
2019:05:06 15:01:30 322721 424.5527
2019:05:06 15:01:30 323935 413.6041
2019:05:06 15:01:30 324765 816.7997
2019:05:06 15:01:30 349523 24749.5845
2019:05:06 15:01:30 350304 411.2832
2019:05:06 15:01:30 351121 414.4199
2019:05:06 15:01:30 351945 417.2027
2019:05:06 15:01:30 352749 519.6072
2019:05:06 15:01:30 353607 843.3647
2019:05:06 15:01:30 354275 659.9762
2019:05:06 15:01:30 354807 421.0211
2019:05:06 15:01:30 355624 417.5864
2019:05:06 15:01:30 356326 300.5564
2019:05:06 15:01:30 356855 420.8088
2019:05:06 15:01:30 385556 28284.3895
2019:05:06 15:01:30 386340 767.1155
2019:05:06 15:01:30 387577 829.2831
2019:05:06 15:01:30 388385 800.6282
2019:05:06 15:01:30 389614 818.4314
2019:05:06 15:01:30 390439 812.2437
2019:05:06 15:01:30 391144 303.5367
2019:05:06 15:01:30 391677 422.7124
2019:05:06 15:01:30 392497 420.5443
2019:05:06 15:01:30 417700 24801.4741
2019:05:06 15:01:30 418125 393.8898
2019:05:06 15:01:30 418944 416.8525
2019:05:06 15:01:30 419758 417.1543
2019:05:06 15:01:30 420574 419.1808
2019:05:06 15:01:30 421397 422.2654
2019:05:06 15:01:30 434064 755.3622
2019:05:06 15:01:30 434927 443.1084
2019:05:06 15:01:30 436160 850.7930
2019:05:06 15:01:30 436955 786.4386
2019:05:06 15:01:30 438184 799.2014
2019:05:06 15:01:30 438625 434.1416
2019:05:06 15:01:30 439836 844.6574
2019:05:06 15:01:30 440642 422.7646
2019:05:06 15:01:30 465615 24554.2787
2019:05:06 15:01:30 466433 801.7793
2019:05:06 15:01:30 467306 463.2659
2019:05:06 15:01:30 468513 849.6158
2019:05:06 15:01:30 469310 419.1622
2019:05:06 15:01:30 482013 350.4828
2019:05:06 15:01:30 482825 316.6869
2019:05:06 15:01:30 483743 506.0546
2019:05:06 15:01:30 484955 902.4665
2019:05:06 15:01:30 485707 433.5418
2019:05:06 15:01:30 486920 734.6235
2019:05:06 15:01:30 487745 330.4817
2019:05:06 15:01:30 488959 808.5407
2019:05:06 15:01:30 513674 24282.7497
2019:05:06 15:01:30 514460 420.1792
2019:05:06 15:01:30 515671 814.9892
2019:05:06 15:01:30 516494 809.6136
2019:05:06 15:01:30 517313 417.5417
2019:05:06 15:01:30 530021 395.9760
2019:05:06 15:01:30 530830 800.8294
2019:05:06 15:01:30 531650 418.7524
2019:05:06 15:01:30 532463 413.5184
2019:05:06 15:01:30 533282 412.9671
2019:05:06 15:01:30 534099 408.6234
2019:05:06 15:01:30 534918 803.7686
2019:05:06 15:01:30 535737 801.8091
2019:05:06 15:01:30 536162 407.2003
2019:05:06 15:01:30 536982 424.2137
2019:05:06 15:01:30 561668 24284.4783
2019:05:06 15:01:30 562886 830.2331
2019:05:06 15:01:30 563695 800.8629
2019:05:06 15:01:30 564451 350.1214
2019:05:06 15:01:30 565334 413.4215
2019:05:06 15:01:30 577650 408.7053
2019:05:06 15:01:30 578464 421.2856
2019:05:06 15:01:30 579267 478.0106
2019:05:06 15:01:30 580087 806.5775
2019:05:06 15:01:30 580514 410.5195
2019:05:06 15:01:30 581319 482.5629
2019:05:06 15:01:30 582140 804.3908
2019:05:06 15:01:30 582880 345.9193
2019:05:06 15:01:30 583764 820.1860
2019:05:06 15:01:30 584590 418.9871
2019:05:06 15:01:30 585416 486.7315
2019:05:06 15:01:30 609983 461.1239
2019:05:06 15:01:30 610795 802.7069
2019:05:06 15:01:30 611553 743.8846
2019:05:06 15:01:30 612044 482.1159
2019:05:06 15:01:30 612858 422.8801
2019:05:06 15:01:30 625589 12333.6464
2019:05:06 15:01:30 626375 492.5579
2019:05:06 15:01:30 627589 817.4181
2019:05:06 15:01:30 628421 490.9337
2019:05:06 15:01:30 629646 827.4503
2019:05:06 15:01:30 630460 804.6553
2019:05:06 15:01:30 631280 806.4657
2019:05:06 15:01:30 632030 347.3386
2019:05:06 15:01:30 632520 428.4158
2019:05:06 15:01:30 657522 24599.9843
2019:05:06 15:01:30 658322 783.0821
2019:05:06 15:01:30 659129 791.3858
2019:05:06 15:01:30 659956 814.0951
2019:05:06 15:01:30 660382 412.6094
2019:05:06 15:01:30 661180 474.7733
2019:05:06 15:01:30 673561 12367.6248
2019:05:06 15:01:30 674290 395.2235
2019:05:06 15:01:30 675509 809.8558
2019:05:06 15:01:30 676335 812.5715
2019:05:06 15:01:30 677082 345.2487
2019:05:06 15:01:30 677969 396.3411
2019:05:06 15:01:30 678788 413.5184
2019:05:06 15:01:30 679624 491.0082
2019:05:06 15:01:30 680429 796.1504
2019:05:06 15:01:30 681182 339.8620
2019:05:06 15:01:30 725366 15987.8582
2019:05:06 15:01:30 725904 528.8981
2019:05:06 15:01:30 726720 485.3904
2019:05:06 15:01:30 727947 822.1194
2019:05:06 15:01:30 728766 811.7706
2019:05:06 15:01:30 757368 28594.8180
2019:05:06 15:01:30 769659 12282.3901
2019:05:06 15:01:30 770417 402.5437
2019:05:06 15:01:30 771643 818.5953
2019:05:06 15:01:30 772462 411.3615
2019:05:06 15:01:30 773690 818.8896
2019:05:06 15:01:30 774114 409.0294
2019:05:06 15:01:30 774935 423.5134
2019:05:06 15:01:30 775749 419.7173
2019:05:06 15:01:30 776566 416.3198
2019:05:06 15:01:30 797466 20493.5931
2019:05:06 15:01:30 798267 793.2372
2019:05:06 15:01:30 799088 406.4478
2019:05:06 15:01:30 799906 404.8757
2019:05:06 15:01:30 800729 409.0555
2019:05:06 15:01:30 837356 36619.2311
2019:05:06 15:01:30 837882 517.2417
2019:05:06 15:01:30 838702 805.6574
2019:05:06 15:01:30 839937 826.1651
2019:05:06 15:01:30 840749 804.3721
2019:05:06 15:01:30 849778 8619.4351
2019:05:06 15:01:30 850184 391.0698
2019:05:06 15:01:30 851398 817.6453
2019:05:06 15:01:30 852231 422.9061
2019:05:06 15:01:30 869362 16733.4899
2019:05:06 15:01:30 869864 493.2210
2019:05:06 15:01:30 870671 417.5268
2019:05:06 15:01:30 871495 423.3532
2019:05:06 15:01:30 872299 412.3300
2019:05:06 15:01:30 873126 424.6533
2019:05:06 15:01:30 913541 12178.0969
2019:05:06 15:01:30 914295 736.1509
2019:05:06 15:01:30 915115 802.7740
2019:05:06 15:01:30 915937 808.5966
2019:05:06 15:01:30 916757 806.1789
2019:05:06 15:01:30 933357 16197.6069
2019:05:06 15:01:30 945624 12258.7346
2019:05:06 15:01:30 946431 423.5059
2019:05:06 15:01:30 947244 416.8749
2019:05:06 15:01:30 947667 406.2206
2019:05:06 15:01:30 948486 417.4300
2019:05:06 15:01:30 949309 426.8102
2019:05:06 15:01:30 965693 330.4556
2019:05:06 15:01:30 966300 593.0662
2019:05:06 15:01:30 967119 416.7408
2019:05:06 15:01:30 967744 222.6904
2019:05:06 15:01:30 968348 416.9084
2019:05:06 15:01:30 969167 417.5454
2019:05:06 15:01:31 9637 12272.8571
2019:05:06 15:01:31 10399 745.5796
2019:05:06 15:01:31 11008 209.0447
2019:05:06 15:01:31 11628 415.7871
2019:05:06 15:01:31 12860 826.6568
2019:05:06 15:01:31 13262 395.8903
2019:05:06 15:01:31 41503 24128.4594
2019:05:06 15:01:31 42264 752.9408
2019:05:06 15:01:31 43412 815.1270
2019:05:06 15:01:31 44302 469.6175
2019:05:06 15:01:31 45923 1279.0859
2019:05:06 15:01:31 58325 340.5437
2019:05:06 15:01:31 59083 458.3746
2019:05:06 15:01:31 60334 897.6161
2019:05:06 15:01:31 61099 428.5611
2019:05:06 15:01:31 62390 758.9906
2019:05:06 15:01:31 63158 426.8736
2019:05:06 15:01:31 64420 775.2627
2019:05:06 15:01:31 65183 409.4392
2019:05:06 15:01:31 90106 409.4131
2019:05:06 15:01:31 91368 923.4808
2019:05:06 15:01:31 92155 481.7210
2019:05:06 15:01:31 93903 1413.5577
2019:05:06 15:01:31 106482 675.4920
2019:05:06 15:01:31 107244 754.8966
2019:05:06 15:01:31 108053 309.2326
2019:05:06 15:01:31 109269 757.4856
2019:05:06 15:01:31 110108 358.3916
2019:05:06 15:01:31 111330 804.3274
2019:05:06 15:01:31 112161 351.1459
2019:05:06 15:01:31 113458 868.4509
2019:05:06 15:01:31 138001 271.2570
2019:05:06 15:01:31 138773 422.0121
2019:05:06 15:01:31 140017 761.7772
2019:05:06 15:01:31 140822 425.6107
2019:05:06 15:01:31 154339 336.7141
2019:05:06 15:01:31 155179 436.9393
2019:05:06 15:01:31 156422 768.3672
2019:05:06 15:01:31 157209 428.6207
2019:05:06 15:01:31 158463 762.3658
2019:05:06 15:01:31 159251 406.9097
2019:05:06 15:01:31 160481 760.5627
2019:05:06 15:01:31 185581 24593.0888
2019:05:06 15:01:31 186355 766.0612
2019:05:06 15:01:31 187632 940.4235
2019:05:06 15:01:31 188409 486.7502
2019:05:06 15:01:31 201705 12959.5585
2019:05:06 15:01:31 202101 373.8813
2019:05:06 15:01:31 202920 803.5488
2019:05:06 15:01:31 203739 805.0092
2019:05:06 15:01:31 204155 401.8731
2019:05:06 15:01:31 204971 413.2651
2019:05:06 15:01:31 205799 406.6415
2019:05:06 15:01:31 206208 242.2705
2019:05:06 15:01:31 207445 829.3912
2019:05:06 15:01:31 208007 555.0273
2019:05:06 15:01:31 208664 420.1233
2019:05:06 15:01:31 233317 24247.8400
2019:05:06 15:01:31 234078 397.2203
2019:05:06 15:01:31 235306 820.0034
2019:05:06 15:01:31 236136 420.3469
2019:05:06 15:01:31 237357 822.8086
2019:05:06 15:01:31 249675 378.9738
2019:05:06 15:01:31 250478 420.4176
2019:05:06 15:01:31 251692 815.1419
2019:05:06 15:01:31 252522 815.1755
2019:05:06 15:01:31 253333 803.1242
2019:05:06 15:01:31 254151 414.9079
2019:05:06 15:01:31 254966 413.3582
2019:05:06 15:01:31 256194 818.9455
2019:05:06 15:01:31 257014 413.3582
2019:05:06 15:01:31 281648 24224.7470
2019:05:06 15:01:31 282420 420.1792
2019:05:06 15:01:31 283229 410.6611
2019:05:06 15:01:31 284043 801.0715
2019:05:06 15:01:31 293498 9441.0181
2019:05:06 15:01:31 294284 768.9521
2019:05:06 15:01:31 294710 409.1300
2019:05:06 15:01:31 295511 401.2398
2019:05:06 15:01:31 296331 803.1130
2019:05:06 15:01:31 297151 802.8336
2019:05:06 15:01:31 317649 20482.3539
2019:05:06 15:01:31 318069 331.8153
2019:05:06 15:01:31 318883 417.2511
2019:05:06 15:01:31 319699 419.4863
2019:05:06 15:01:31 320513 421.9823
2019:05:06 15:01:31 321327 413.7531
2019:05:06 15:01:31 345533 4170.6227
2019:05:06 15:01:31 346307 757.8880
2019:05:06 15:01:31 346728 316.5565
2019:05:06 15:01:31 347549 427.7155
2019:05:06 15:01:31 348369 422.0568
2019:05:06 15:01:31 349189 730.0936
2019:05:06 15:01:31 350010 811.9196
2019:05:06 15:01:31 350818 800.5686
2019:05:06 15:01:31 351648 821.9890
2019:05:06 15:01:31 352548 503.8418
2019:05:06 15:01:31 353273 407.3605
2019:05:06 15:01:31 377962 452.0975
2019:05:06 15:01:31 378773 802.8448
2019:05:06 15:01:31 379520 341.6277
2019:05:06 15:01:31 380020 433.7616
2019:05:06 15:01:31 380835 422.4107
2019:05:06 15:01:31 413370 32139.9607
2019:05:06 15:01:31 485358 35996.8878
2019:05:06 15:01:31 489735 4366.9455
2019:05:06 15:01:31 490558 421.3564
2019:05:06 15:01:31 491250 297.1590
2019:05:06 15:01:31 491778 511.8176
2019:05:06 15:01:31 492599 417.6237
2019:05:06 15:01:31 493314 318.2478
2019:05:06 15:01:31 493833 502.0387
2019:05:06 15:01:31 494644 416.3831
2019:05:06 15:01:31 495348 302.0354
2019:05:06 15:01:31 496274 419.3150
2019:05:06 15:01:31 497091 417.8546
2019:05:06 15:01:31 533369 36260.9550
2019:05:06 15:01:31 538104 407.6548
2019:05:06 15:01:31 538928 418.7562
2019:05:06 15:01:31 540161 815.1345
2019:05:06 15:01:31 540990 821.6575
2019:05:06 15:01:31 542209 808.5519
2019:05:06 15:01:31 543039 821.7320
2019:05:06 15:01:31 543853 419.5049
2019:05:06 15:01:31 544668 422.4516
2019:05:06 15:01:31 569635 24569.9137
2019:05:06 15:01:31 570208 555.7761
2019:05:06 15:01:31 570827 414.7962
2019:05:06 15:01:31 571645 804.1374
2019:05:06 15:01:31 572262 602.5769
2019:05:06 15:01:31 572887 413.7419
2019:05:06 15:01:31 605368 32083.2022
2019:05:06 15:01:31 669365 28002.4558
2019:05:06 15:01:31 689375 20000.2454
2019:05:06 15:01:31 713755 391.4982
2019:05:06 15:01:31 714974 828.5157
2019:05:06 15:01:31 715784 801.1870
2019:05:06 15:01:31 717020 827.0107
2019:05:06 15:01:31 737367 20339.7311
2019:05:06 15:01:31 769374 31995.3598
2019:05:06 15:01:31 805579 4218.3995
2019:05:06 15:01:31 806389 798.6054
2019:05:06 15:01:31 807618 818.9753
2019:05:06 15:01:31 808437 413.3396
2019:05:06 15:01:31 833365 24515.5953
2019:05:06 15:01:31 845534 12158.9079
2019:05:06 15:01:31 846303 395.6854
2019:05:06 15:01:31 847131 556.3386
2019:05:06 15:01:31 847938 800.3414
2019:05:06 15:01:31 848752 408.2732
2019:05:06 15:01:31 865362 16186.2299
2019:05:06 15:01:31 873385 8013.7588
2019:05:06 15:01:31 874161 423.9194
2019:05:06 15:01:31 875237 681.4450
2019:05:06 15:01:31 876192 820.4132
2019:05:06 15:01:31 877293 691.7939
2019:05:06 15:01:31 877850 428.0843
2019:05:06 15:01:31 878663 420.8162
2019:05:06 15:01:31 879355 292.2341
2019:05:06 15:01:31 880291 815.2500
2019:05:06 15:01:31 881115 407.9044
2019:05:06 15:01:31 905711 401.0312
2019:05:06 15:01:31 906489 400.2228
2019:05:06 15:01:31 907716 820.2158
2019:05:06 15:01:31 908535 413.6786
2019:05:06 15:01:31 929363 20419.4486
2019:05:06 15:01:31 961378 32004.6581
2019:05:06 15:01:32 17357 32001.2905
2019:05:06 15:01:32 17987 621.6168
2019:05:06 15:01:32 18390 395.6370
2019:05:06 15:01:32 19618 819.7688
2019:05:06 15:01:32 20436 409.4727
2019:05:06 15:01:32 21665 819.7613
2019:05:06 15:01:32 22275 594.8171
2019:05:06 15:01:32 22901 612.7283
2019:05:06 15:01:32 23721 407.2040
2019:05:06 15:01:32 24530 402.2568
2019:05:06 15:01:32 25375 830.0878
2019:05:06 15:01:32 49699 24315.5546
2019:05:06 15:01:32 50777 605.1436
2019:05:06 15:01:32 51404 619.7020
2019:05:06 15:01:32 52630 910.0065
2019:05:06 15:01:32 53375 502.0052
2019:05:06 15:01:32 65842 12458.1270
2019:05:06 15:01:32 66956 818.2637
2019:05:06 15:01:32 67282 318.8513
2019:05:06 15:01:32 68172 477.3736
2019:05:06 15:01:32 68937 421.3117
2019:05:06 15:01:32 69743 543.2703
2019:05:06 15:01:32 70630 872.2320
2019:05:06 15:01:32 71376 404.4734
2019:05:06 15:01:32 72201 336.4757
2019:05:06 15:01:32 73097 489.2722
2019:05:06 15:01:32 97554 24224.0466
2019:05:06 15:01:32 98303 401.7577
2019:05:06 15:01:32 99116 420.5853
2019:05:06 15:01:32 100325 801.6266
2019:05:06 15:01:32 101144 805.1693
2019:05:06 15:01:32 113479 12322.1092
2019:05:06 15:01:32 114271 420.2873
2019:05:06 15:01:32 115482 817.4963
2019:05:06 15:01:32 116312 420.2276
2019:05:06 15:01:32 117555 843.9720
2019:05:06 15:01:32 118350 786.9117
2019:05:06 15:01:32 119173 809.5764
2019:05:06 15:01:32 119993 417.1282
2019:05:06 15:01:32 120814 419.6316
2019:05:06 15:01:32 145794 24572.6332
2019:05:06 15:01:32 146622 803.5079
2019:05:06 15:01:32 147040 409.4057
2019:05:06 15:01:32 148255 817.8130
2019:05:06 15:01:32 149069 408.7836
2019:05:06 15:01:32 161514 12430.8132
2019:05:06 15:01:32 162183 652.3505
2019:05:06 15:01:32 163011 299.5208
2019:05:06 15:01:32 163929 489.9539
2019:05:06 15:01:32 165042 739.6713
2019:05:06 15:01:32 165909 458.2517
2019:05:06 15:01:32 166691 420.8907
2019:05:06 15:01:32 185682 18547.1103
2019:05:06 15:01:32 186760 806.1640
2019:05:06 15:01:32 187575 806.6669
2019:05:06 15:01:32 188438 466.1679
2019:05:06 15:01:32 189222 424.1392
2019:05:06 15:01:32 190039 365.8943
2019:05:06 15:01:32 190914 477.3103
2019:05:06 15:01:32 192129 866.4206
2019:05:06 15:01:32 192898 760.2945
2019:05:06 15:01:32 217525 24161.6443
2019:05:06 15:01:32 218296 749.4427
2019:05:06 15:01:32 219107 413.0714
2019:05:06 15:01:32 219933 419.4193
2019:05:06 15:01:32 220746 409.1747
2019:05:06 15:01:32 233487 12723.8333
2019:05:06 15:01:32 234277 775.3223
2019:05:06 15:01:32 235082 796.5788
2019:05:06 15:01:32 235901 804.3088
2019:05:06 15:01:32 236720 805.5232
2019:05:06 15:01:32 237147 415.5152
2019:05:06 15:01:32 237966 418.4656
2019:05:06 15:01:32 238781 423.5581
2019:05:06 15:01:32 239586 414.0809
2019:05:06 15:01:32 240406 414.5950
2019:05:06 15:01:32 241220 408.8506
2019:05:06 15:01:32 265565 24330.8991
2019:05:06 15:01:32 266728 816.9450
2019:05:06 15:01:32 267966 828.5120
2019:05:06 15:01:32 268776 801.8352
2019:05:06 15:01:32 281519 12333.3782
2019:05:06 15:01:32 282303 417.5045
2019:05:06 15:01:32 283125 421.8519
2019:05:06 15:01:32 283944 422.5187
2019:05:06 15:01:32 284757 415.6493
2019:05:06 15:01:32 285584 424.5192
2019:05:06 15:01:32 293697 368.8112
2019:05:06 15:01:32 294521 419.8700
2019:05:06 15:01:32 295738 810.7908
2019:05:06 15:01:32 296558 803.7761
2019:05:06 15:01:32 297388 815.1978
2019:05:06 15:01:32 309287 11880.3233
2019:05:06 15:01:32 310088 417.4374
2019:05:06 15:01:32 311305 818.7257
2019:05:06 15:01:32 312138 424.3106
2019:05:06 15:01:32 313382 844.6611
2019:05:06 15:01:32 330013 406.8129
2019:05:06 15:01:32 330835 410.3072
2019:05:06 15:01:32 331656 413.9133
2019:05:06 15:01:32 332482 418.8940
2019:05:06 15:01:32 333695 811.9531
2019:05:06 15:01:32 334512 799.0859
2019:05:06 15:01:32 334945 417.8248
2019:05:06 15:01:32 335759 416.7259
2019:05:06 15:01:32 336583 417.2921
2019:05:06 15:01:32 337413 433.5381
2019:05:06 15:01:32 362065 383.9433
2019:05:06 15:01:32 363320 890.6312
2019:05:06 15:01:32 364083 418.1936
2019:05:06 15:01:32 365635 1054.9165
2019:05:06 15:01:32 378514 656.9587
2019:05:06 15:01:32 379288 766.1022
2019:05:06 15:01:32 380068 418.8046
2019:05:06 15:01:32 381355 791.4416
2019:05:06 15:01:32 382122 408.9512
2019:05:06 15:01:32 383359 760.0002
2019:05:06 15:01:32 384147 421.7923
2019:05:06 15:01:32 385420 458.2964
2019:05:06 15:01:32 409920 260.4648
2019:05:06 15:01:32 411159 861.2685
2019:05:06 15:01:32 411949 421.8929
2019:05:06 15:01:32 413203 798.7618
2019:05:06 15:01:32 426732 591.9561
2019:05:06 15:01:32 427991 1251.1462
2019:05:06 15:01:32 428748 749.8227
2019:05:06 15:01:32 430000 748.8094
2019:05:06 15:01:32 430806 333.3353
2019:05:06 15:01:32 432049 795.5693
2019:05:06 15:01:32 432854 332.5976
2019:05:06 15:01:32 457563 24232.0746
2019:05:06 15:01:32 458744 768.9670
2019:05:06 15:01:32 460014 773.3703
2019:05:06 15:01:32 460783 762.2093
2019:05:06 15:01:32 473627 12336.4963
2019:05:06 15:01:32 474304 401.3330
2019:05:06 15:01:32 475519 812.6535
2019:05:06 15:01:32 476345 403.8475
2019:05:06 15:01:32 477576 826.9474
2019:05:06 15:01:32 478380 419.8961
2019:05:06 15:01:32 479597 819.4819
2019:05:06 15:01:32 480428 422.2803
2019:05:06 15:01:32 505537 24711.8697
2019:05:06 15:01:32 506027 482.3394
2019:05:06 15:01:32 507245 816.3266
2019:05:06 15:01:32 508064 529.7959
2019:05:06 15:01:32 509501 1028.1540
2019:05:06 15:01:32 522028 388.2535
2019:05:06 15:01:32 523254 825.2412
2019:05:06 15:01:32 524068 403.6650
2019:05:06 15:01:32 525315 835.4001
2019:05:06 15:01:32 526115 382.1813
2019:05:06 15:01:32 527350 825.7143
2019:05:06 15:01:32 528164 403.0615
2019:05:06 15:01:32 529481 909.2353
2019:05:06 15:01:32 554015 379.1675
2019:05:06 15:01:32 555229 829.4918
2019:05:06 15:01:32 556451 812.7131
2019:05:06 15:01:32 557309 850.0032
2019:05:06 15:01:32 570533 584.6694
2019:05:06 15:01:32 571291 750.8323
2019:05:06 15:01:32 572079 535.1752
2019:05:06 15:01:32 573308 760.4398
2019:05:06 15:01:32 574142 552.1066
2019:05:06 15:01:32 575368 766.1842
2019:05:06 15:01:32 576183 563.3757
2019:05:06 15:01:32 577495 853.7993
2019:05:06 15:01:32 602044 265.3562
2019:05:06 15:01:32 603311 771.7535
2019:05:06 15:01:32 604083 392.3401
2019:05:06 15:01:32 605812 1253.1318
2019:05:06 15:01:32 618164 363.4952
2019:05:06 15:01:32 619327 800.5351
2019:05:06 15:01:32 620603 926.6920
2019:05:06 15:01:32 621754 839.4346
2019:05:06 15:01:32 622527 766.4487
2019:05:06 15:01:32 623759 802.4946
2019:05:06 15:01:32 624573 806.9314
2019:05:06 15:01:32 649327 24337.4184
2019:05:06 15:01:32 650109 774.3649
2019:05:06 15:01:32 650921 804.8490
2019:05:06 15:01:32 652149 775.7172
2019:05:06 15:01:32 652972 815.9056
2019:05:06 15:01:32 665991 12068.8602
2019:05:06 15:01:32 666573 497.1959
2019:05:06 15:01:32 667702 818.0030
2019:05:06 15:01:32 668588 465.6948
2019:05:06 15:01:32 669866 934.6344
2019:05:06 15:01:32 670647 460.2671
2019:05:06 15:01:32 671900 911.6977
2019:05:06 15:01:32 672683 458.2554
2019:05:06 15:01:32 701666 28629.4259
2019:05:06 15:01:32 702302 573.5904
2019:05:06 15:01:32 703354 781.8788
2019:05:06 15:01:32 704175 341.3633
2019:05:06 15:01:32 705419 818.2488
2019:05:06 15:01:32 706240 361.3085
2019:05:06 15:01:32 707457 800.0545
2019:05:06 15:01:32 708278 341.3297
2019:05:06 15:01:32 733337 24622.4254
2019:05:06 15:01:32 734137 356.9014
2019:05:06 15:01:32 735378 803.8953
2019:05:06 15:01:32 736185 319.6485
2019:05:06 15:01:32 737943 1289.5949
2019:05:06 15:01:32 745994 308.4391
2019:05:06 15:01:32 747219 773.8546
2019:05:06 15:01:32 748053 341.3334
2019:05:06 15:01:32 749320 840.9768
2019:05:06 15:01:32 762130 317.3091
2019:05:06 15:01:32 763246 824.1758
2019:05:06 15:01:32 764127 473.6185
2019:05:06 15:01:32 765386 918.1090
2019:05:06 15:01:32 766141 424.5602
2019:05:06 15:01:32 767389 873.7072
2019:05:06 15:01:32 768154 404.4101
2019:05:06 15:01:32 769465 836.1340
2019:05:06 15:01:32 789945 261.1615
2019:05:06 15:01:32 790832 819.3217
2019:05:06 15:01:32 791983 741.0906
2019:05:06 15:01:32 792880 815.3357
2019:05:06 15:01:32 805674 12303.2145
2019:05:06 15:01:32 806810 817.6826
2019:05:06 15:01:32 807626 808.0155
2019:05:06 15:01:32 808861 826.0719
2019:05:06 15:01:32 821609 12740.3475
2019:05:06 15:01:32 822244 627.3501
2019:05:06 15:01:32 823068 403.1733
2019:05:06 15:01:32 824291 821.2477
2019:05:06 15:01:32 825114 406.5000
2019:05:06 15:01:32 842048 351.1943
2019:05:06 15:01:32 843290 834.3682
2019:05:06 15:01:32 844092 403.7581
2019:05:06 15:01:32 845548 1046.8140
2019:05:06 15:01:32 858021 316.7205
2019:05:06 15:01:32 859238 812.5976
2019:05:06 15:01:32 860071 422.1536
2019:05:06 15:01:32 861286 817.9210
2019:05:06 15:01:32 862127 391.9341
2019:05:06 15:01:32 863344 403.9556
2019:05:06 15:01:32 864172 407.4275
2019:05:06 15:01:32 865452 878.2744
2019:05:06 15:01:32 889985 261.0870
2019:05:06 15:01:32 890789 422.9620
2019:05:06 15:01:32 892005 762.8500
2019:05:06 15:01:32 892837 344.9880
2019:05:06 15:01:32 906111 12814.9725
2019:05:06 15:01:32 907181 723.5408
2019:05:06 15:01:32 908083 895.6417
2019:05:06 15:01:32 909243 829.9425
2019:05:06 15:01:32 910066 816.5538
2019:05:06 15:01:32 911284 813.5214
2019:05:06 15:01:32 912110 818.9902
2019:05:06 15:01:32 913405 867.2886
2019:05:06 15:01:32 937576 24164.2483
2019:05:06 15:01:32 938697 818.4351
2019:05:06 15:01:32 939934 827.1337
2019:05:06 15:01:32 940816 874.0872
2019:05:06 15:01:32 953931 12777.5744
2019:05:06 15:01:32 955092 818.2637
2019:05:06 15:01:32 956321 777.4420
2019:05:06 15:01:32 957137 808.4252
2019:05:06 15:01:32 958377 782.8623
2019:05:06 15:01:32 959200 815.9615
2019:05:06 15:01:32 960426 788.6961
2019:05:06 15:01:32 961404 971.1944
2019:05:06 15:01:32 985868 280.2648
2019:05:06 15:01:32 987134 902.2318
2019:05:06 15:01:32 987860 718.7091
2019:05:06 15:01:32 989108 765.4950
2019:05:06 15:01:33 1954 12839.6340
2019:05:06 15:01:33 3052 777.4420
2019:05:06 15:01:33 3831 406.9395
2019:05:06 15:01:33 5059 756.1184
2019:05:06 15:01:33 6316 600.6286
2019:05:06 15:01:33 7138 815.1159
2019:05:06 15:01:33 7947 375.4534
2019:05:06 15:01:33 9186 829.0187
2019:05:06 15:01:33 33799 342.1828
2019:05:06 15:01:33 34950 825.5132
2019:05:06 15:01:33 36173 821.9630
2019:05:06 15:01:33 36996 816.4644
2019:05:06 15:01:33 53371 15628.9674
2019:05:06 15:01:33 54117 382.8332
2019:05:06 15:01:33 55332 817.5112
2019:05:06 15:01:33 56152 412.6951
2019:05:06 15:01:33 57391 828.7765
2019:05:06 15:01:33 81971 380.2069
2019:05:06 15:01:33 82790 419.4118
2019:05:06 15:01:33 83603 413.0490
2019:05:06 15:01:33 84417 412.1475
2019:05:06 15:01:33 85240 807.2928
2019:05:06 15:01:33 97560 12305.5317
2019:05:06 15:01:33 98759 829.0559
2019:05:06 15:01:33 99567 800.4457
2019:05:06 15:01:33 100806 829.8978
2019:05:06 15:01:33 101615 801.8017
2019:05:06 15:01:33 102448 817.8875
2019:05:06 15:01:33 102865 409.8751
2019:05:06 15:01:33 104072 811.4055
2019:05:06 15:01:33 104888 409.5770
2019:05:06 15:01:33 129498 24595.0185
2019:05:06 15:01:33 130288 774.7374
2019:05:06 15:01:33 131109 807.6802
2019:05:06 15:01:33 131924 415.2097
2019:05:06 15:01:33 132748 418.2644
2019:05:06 15:01:33 145493 12343.5371
2019:05:06 15:01:33 146264 755.0679
2019:05:06 15:01:33 147091 421.4719
2019:05:06 15:01:33 147912 417.0015
2019:05:06 15:01:33 149126 812.4486
2019:05:06 15:01:33 149948 404.8906
2019:05:06 15:01:33 150781 818.2861
2019:05:06 15:01:33 151590 800.6841
2019:05:06 15:01:33 152014 409.6143
2019:05:06 15:01:33 152834 415.1799
2019:05:06 15:01:33 177623 24389.0025
2019:05:06 15:01:33 178825 818.6996
2019:05:06 15:01:33 179657 423.1744
2019:05:06 15:01:33 180872 817.8577
2019:05:06 15:01:33 193388 12105.4947
2019:05:06 15:01:33 194153 419.5683
2019:05:06 15:01:33 194967 417.4970
2019:05:06 15:01:33 195782 417.6684
2019:05:06 15:01:33 196601 417.1729
2019:05:06 15:01:33 197433 425.5399
2019:05:06 15:01:33 198231 405.9747
2019:05:06 15:01:33 199449 811.9605
2019:05:06 15:01:33 199871 406.1684
2019:05:06 15:01:33 200692 420.9839
2019:05:06 15:01:33 225607 24512.0376
2019:05:06 15:01:33 226419 796.0089
2019:05:06 15:01:33 227238 416.7110
2019:05:06 15:01:33 228059 419.1734
2019:05:06 15:01:33 228883 416.9941
2019:05:06 15:01:33 241659 12372.8141
2019:05:06 15:01:33 242402 406.3845
2019:05:06 15:01:33 243226 419.8849
2019:05:06 15:01:33 244042 419.4379
2019:05:06 15:01:33 244867 423.8412
2019:05:06 15:01:33 261371 16104.5678
2019:05:06 15:01:33 273941 368.0587
2019:05:06 15:01:33 274750 412.7771
2019:05:06 15:01:33 275567 802.0960
2019:05:06 15:01:33 276411 830.8217
2019:05:06 15:01:33 289381 12960.4861
2019:05:06 15:01:33 297700 8311.6479
2019:05:06 15:01:33 298501 786.2076
2019:05:06 15:01:33 299334 424.0200
2019:05:06 15:01:33 300548 817.5746
2019:05:06 15:01:33 321367 20409.0625
2019:05:06 15:01:33 321708 331.6477
2019:05:06 15:01:33 322522 418.7971
2019:05:06 15:01:33 323523 594.3030
2019:05:06 15:01:33 324151 413.7680
2019:05:06 15:01:33 324977 419.8290
2019:05:06 15:01:33 333624 8226.3462
2019:05:06 15:01:33 334396 625.1372
2019:05:06 15:01:33 335226 421.4309
2019:05:06 15:01:33 336027 400.5842
2019:05:06 15:01:33 336852 812.1207
2019:05:06 15:01:33 353362 16105.8977
2019:05:06 15:01:33 354114 744.5253
2019:05:06 15:01:33 354923 800.8592
2019:05:06 15:01:33 355752 815.0451
2019:05:06 15:01:33 356563 804.1374
2019:05:06 15:01:33 357399 432.4429
2019:05:06 15:01:33 413357 19993.6330
2019:05:06 15:01:33 433417 20052.0530
2019:05:06 15:01:33 445996 358.9168
2019:05:06 15:01:33 447224 825.0326
2019:05:06 15:01:33 448034 801.8725
2019:05:06 15:01:33 448864 421.8668
2019:05:06 15:01:33 449692 433.4338
2019:05:06 15:01:33 450496 418.4246
2019:05:06 15:01:33 451318 419.6800
2019:05:06 15:01:33 452131 391.1555
2019:05:06 15:01:33 452959 414.0772
2019:05:06 15:01:33 477613 24245.8917
2019:05:06 15:01:33 478360 738.5202
2019:05:06 15:01:33 479171 329.9043
2019:05:06 15:01:33 480396 817.0493
2019:05:06 15:01:33 481291 481.5608
2019:05:06 15:01:33 494514 681.0054
2019:05:06 15:01:33 495137 614.8480
2019:05:06 15:01:33 496073 487.2493
2019:05:06 15:01:33 497175 609.7592
2019:05:06 15:01:33 498045 854.0414
2019:05:06 15:01:33 499023 970.1028
2019:05:06 15:01:33 500056 538.1666
2019:05:06 15:01:33 500985 921.6703
2019:05:06 15:01:33 525637 24176.8919
2019:05:06 15:01:33 526380 734.8433
2019:05:06 15:01:33 527848 739.2019
2019:05:06 15:01:33 528599 700.4179
2019:05:06 15:01:33 542126 12801.4162
2019:05:06 15:01:33 542964 830.1623
2019:05:06 15:01:33 543718 661.9617
2019:05:06 15:01:33 545180 739.3993
2019:05:06 15:01:33 545939 749.5843
2019:05:06 15:01:33 547412 747.3268
2019:05:06 15:01:33 548159 739.0976
2019:05:06 15:01:33 549637 746.8686
2019:05:06 15:01:33 573791 380.1398
2019:05:06 15:01:33 575257 989.4595
2019:05:06 15:01:33 575827 562.3102
2019:05:06 15:01:33 576726 479.4933
2019:05:06 15:01:33 589394 12175.6606
2019:05:06 15:01:33 590162 756.7741
2019:05:06 15:01:33 590973 802.7889
2019:05:06 15:01:33 591793 411.6260
2019:05:06 15:01:33 593020 818.5916
2019:05:06 15:01:33 621335 11977.4155
2019:05:06 15:01:33 622099 391.5653
2019:05:06 15:01:33 622921 809.6062
2019:05:06 15:01:33 624151 821.6612
2019:05:06 15:01:33 624968 803.3589
2019:05:06 15:01:33 641717 360.9061
2019:05:06 15:01:33 642514 413.5258
2019:05:06 15:01:33 643345 424.6011
2019:05:06 15:01:33 644159 415.4854
2019:05:06 15:01:33 645376 810.8467
2019:05:06 15:01:33 673375 27978.0850
2019:05:06 15:01:33 689891 518.6163
2019:05:06 15:01:33 690699 800.1179
2019:05:06 15:01:33 691441 324.9496
2019:05:06 15:01:33 692341 416.0516
2019:05:06 15:01:33 693160 414.8036
2019:05:06 15:01:33 717751 381.8199
2019:05:06 15:01:33 718561 501.7556
2019:05:06 15:01:33 719373 804.4168
2019:05:06 15:01:33 720593 813.5438
2019:05:06 15:01:33 721414 804.4057
2019:05:06 15:01:33 737376 15945.5203
2019:05:06 15:01:33 737948 411.8457
2019:05:06 15:01:33 738760 418.2309
2019:05:06 15:01:33 739408 242.6021
2019:05:06 15:01:33 739997 425.1450
2019:05:06 15:01:33 740814 416.8339
2019:05:06 15:01:33 759339 18128.1865
2019:05:06 15:01:33 760142 408.2248
2019:05:06 15:01:33 765359 4807.5952
2019:05:06 15:01:33 765890 521.4848
2019:05:06 15:01:33 766299 400.7369
2019:05:06 15:01:33 767520 818.6400
2019:05:06 15:01:33 768056 521.6375
2019:05:06 15:01:33 768745 413.9729
2019:05:06 15:01:33 817364 48214.2568
2019:05:06 15:01:33 821325 3950.3239
2019:05:06 15:01:33 822006 415.4705
2019:05:06 15:01:33 822817 403.3223
2019:05:06 15:01:33 823625 392.8058
2019:05:06 15:01:33 824461 819.7278
2019:05:06 15:01:33 825280 811.0106
2019:05:06 15:01:33 841669 16383.0258
2019:05:06 15:01:33 842468 692.5762
2019:05:06 15:01:33 843696 818.5655
2019:05:06 15:01:33 844516 692.9748
2019:05:06 15:01:33 845743 817.8912
2019:05:06 15:01:33 846155 393.3944
2019:05:06 15:01:33 847383 819.2286
2019:05:06 15:01:33 848202 409.3423
2019:05:06 15:01:33 873598 24986.7253
2019:05:06 15:01:33 874412 794.0270
2019:05:06 15:01:33 874823 395.6705
2019:05:06 15:01:33 875651 813.2495
2019:05:06 15:01:33 876469 810.1314
2019:05:06 15:01:33 876874 288.8404
2019:05:06 15:01:33 889329 12440.7858
2019:05:06 15:01:33 890099 745.0990
2019:05:06 15:01:33 890921 807.8851
2019:05:06 15:01:33 891753 424.0498
2019:05:06 15:01:33 892980 829.8159
2019:05:06 15:01:33 893802 813.0111
2019:05:06 15:01:33 894610 800.1477
2019:05:06 15:01:33 895443 420.7976
2019:05:06 15:01:33 896246 413.6749
2019:05:06 15:01:33 897064 412.9820
2019:05:06 15:01:33 921432 23960.1545
2019:05:06 15:01:33 922215 756.7331
2019:05:06 15:01:33 923028 804.7521
2019:05:06 15:01:33 923853 417.9254
2019:05:06 15:01:33 924672 421.6470
2019:05:06 15:01:33 937340 12267.1388
2019:05:06 15:01:33 938103 398.1777
2019:05:06 15:01:33 938936 423.9194
2019:05:06 15:01:33 939755 424.3180
2019:05:06 15:01:33 940968 815.1121
2019:05:06 15:01:33 941802 422.5336
2019:05:06 15:01:33 943016 818.1855
2019:05:06 15:01:33 943848 422.4442
2019:05:06 15:01:33 945064 818.0216
2019:05:06 15:01:33 969658 24180.5576
2019:05:06 15:01:33 970473 422.5411
2019:05:06 15:01:33 971291 417.9142
2019:05:06 15:01:33 972115 417.2511
2019:05:06 15:01:33 972930 418.8381
2019:05:06 15:01:33 985637 12304.7270
2019:05:06 15:01:33 986434 779.0849
2019:05:06 15:01:33 987253 404.9540
2019:05:06 15:01:33 988480 818.5767
2019:05:06 15:01:33 989299 413.8127
2019:05:06 15:01:33 990130 419.3038
2019:05:06 15:01:33 990953 417.9515
2019:05:06 15:01:33 992178 824.3509
2019:05:06 15:01:33 992982 796.4335
2019:05:06 15:01:34 17603 24607.1592
2019:05:06 15:01:34 18379 760.4659
2019:05:06 15:01:34 19618 829.3353
2019:05:06 15:01:34 20430 803.4110
2019:05:06 15:01:34 33570 12732.8783
2019:05:06 15:01:34 34356 778.2988
2019:05:06 15:01:34 35180 417.9329
2019:05:06 15:01:34 36005 416.8041
2019:05:06 15:01:34 37220 818.0588
2019:05:06 15:01:34 38062 423.0589
2019:05:06 15:01:34 38863 794.3399
2019:05:06 15:01:34 39679 801.2317
2019:05:06 15:01:34 40104 407.2599
2019:05:06 15:01:34 40927 416.0367
2019:05:06 15:01:34 65530 24205.9007
2019:05:06 15:01:34 66719 827.1672
2019:05:06 15:01:34 67529 802.1593
2019:05:06 15:01:34 68768 829.5998
2019:05:06 15:01:34 82072 13296.7420
2019:05:06 15:01:34 82556 478.9121
2019:05:06 15:01:34 82968 243.6973
2019:05:06 15:01:34 83789 422.1499
2019:05:06 15:01:34 84602 414.0697
2019:05:06 15:01:34 85019 238.3478
2019:05:06 15:01:34 85836 420.5555
2019:05:06 15:01:34 86656 417.4337
2019:05:06 15:01:34 87472 646.5577
2019:05:06 15:01:34 88283 413.1794
2019:05:06 15:01:34 88875 190.7237
2019:05:06 15:01:34 113285 24191.9905
2019:05:06 15:01:34 113687 240.3632
2019:05:06 15:01:34 114490 412.7957
2019:05:06 15:01:34 115311 418.3985
2019:05:06 15:01:34 115728 239.8305
2019:05:06 15:01:34 116535 799.6112
2019:05:06 15:01:34 117357 806.4061
2019:05:06 15:01:34 129664 12292.9178
2019:05:06 15:01:34 130462 640.1166
2019:05:06 15:01:34 131688 818.8896
2019:05:06 15:01:34 132507 636.8198
2019:05:06 15:01:34 133737 820.6256
2019:05:06 15:01:34 134148 393.2044
2019:05:06 15:01:34 134961 800.7735
2019:05:06 15:01:34 135781 804.9905
2019:05:06 15:01:34 136190 395.0782
2019:05:06 15:01:34 137015 810.4965
2019:05:06 15:01:34 161617 24588.2459
2019:05:06 15:01:34 162404 769.5556
2019:05:06 15:01:34 162814 393.9383
2019:05:06 15:01:34 163633 802.0326
2019:05:06 15:01:34 164456 810.0644
2019:05:06 15:01:34 164861 388.5776
2019:05:06 15:01:34 177582 12704.4432
2019:05:06 15:01:34 178388 788.7334
2019:05:06 15:01:34 179214 417.3666
2019:05:06 15:01:34 180025 802.8038
2019:05:06 15:01:34 181017 584.2112
2019:05:06 15:01:34 181674 640.8580
2019:05:06 15:01:34 182477 794.7125
2019:05:06 15:01:34 183292 409.0145
2019:05:06 15:01:34 184115 807.6467
2019:05:06 15:01:34 184940 419.0616
2019:05:06 15:01:34 209584 24464.0969
2019:05:06 15:01:34 210328 636.4770
2019:05:06 15:01:34 211556 819.6719
2019:05:06 15:01:34 212375 637.6281
2019:05:06 15:01:34 225519 12733.5936
2019:05:06 15:01:34 226075 541.4188
2019:05:06 15:01:34 226717 628.2628
2019:05:06 15:01:34 227527 797.4319
2019:05:06 15:01:34 228132 587.0685
2019:05:06 15:01:34 228760 620.7153
2019:05:06 15:01:34 229193 421.4644
2019:05:06 15:01:34 230002 406.7533
2019:05:06 15:01:34 230813 643.0224
2019:05:06 15:01:34 231627 412.6243
2019:05:06 15:01:34 232219 176.9811
2019:05:06 15:01:34 232856 406.4217
2019:05:06 15:01:34 257695 24434.4920
2019:05:06 15:01:34 258510 800.0024
2019:05:06 15:01:34 259750 830.4343
2019:05:06 15:01:34 260558 800.9151
2019:05:06 15:01:34 273674 12706.3878
2019:05:06 15:01:34 274484 786.5354
2019:05:06 15:01:34 274909 411.1081
2019:05:06 15:01:34 275734 425.6368
2019:05:06 15:01:34 276539 419.8663
2019:05:06 15:01:34 277360 416.9792
2019:05:06 15:01:34 278182 411.9910
2019:05:06 15:01:34 289267 11077.0315
2019:05:06 15:01:34 290472 815.2276
2019:05:06 15:01:34 291288 807.6616
2019:05:06 15:01:34 292110 809.8036
2019:05:06 15:01:34 292923 412.0059
2019:05:06 15:01:34 301535 8207.4553
2019:05:06 15:01:34 302336 792.5034
2019:05:06 15:01:34 303157 416.5545
2019:05:06 15:01:34 303979 417.7652
2019:05:06 15:01:34 304805 418.8903
2019:05:06 15:01:34 317545 12340.5829
2019:05:06 15:01:34 318333 422.5746
2019:05:06 15:01:34 319139 410.0017
2019:05:06 15:01:34 319955 799.8608
2019:05:06 15:01:34 320389 415.9100
2019:05:06 15:01:34 321199 416.7445
2019:05:06 15:01:34 333711 335.3208
2019:05:06 15:01:34 334528 421.0286
2019:05:06 15:01:34 335758 828.5828
2019:05:06 15:01:34 336575 807.7063
2019:05:06 15:01:34 337390 807.5051
2019:05:06 15:01:34 338214 399.0792
