
# OSU MPI Allreduce Latency Test v5.6.1
# Size       Avg Latency(us)
256                  4807.50
2019:05:06 15:01:23 987510 335.3506
2019:05:06 15:01:23 988357 414.4795
2019:05:06 15:01:23 989177 415.4593
2019:05:06 15:01:24 3102 1603.7188
2019:05:06 15:01:24 3873 756.2563
2019:05:06 15:01:24 4341 448.7820
2019:05:06 15:01:24 5156 417.9180
2019:05:06 15:01:24 8454 2892.7177
2019:05:06 15:01:24 9254 792.6039
2019:05:06 15:01:24 9682 416.1447
2019:05:06 15:01:24 10885 402.8901
2019:05:06 15:01:24 11702 411.2199
2019:05:06 15:01:24 12089 359.9338
2019:05:06 15:01:24 12946 421.1403
2019:05:06 15:01:24 14601 1260.4743
2019:05:06 15:01:24 15423 804.7745
2019:05:06 15:01:24 16201 768.2927
2019:05:06 15:01:24 17034 825.6361
2019:05:06 15:01:24 17868 429.1981
2019:05:06 15:01:24 18710 834.8972
2019:05:06 15:01:24 19513 790.1937
2019:05:06 15:01:24 20274 753.0674
2019:05:06 15:01:24 21137 419.9930
2019:05:06 15:01:24 35550 9498.3093
2019:05:06 15:01:24 37555 1990.6871
2019:05:06 15:01:24 38348 416.3459
2019:05:06 15:01:24 39156 460.6135
2019:05:06 15:01:24 39983 810.1612
2019:05:06 15:01:24 40758 761.3786
2019:05:06 15:01:24 41242 465.1807
2019:05:06 15:01:24 52715 7387.1501
2019:05:06 15:01:24 53914 382.8034
2019:05:06 15:01:24 54718 416.0255
2019:05:06 15:01:24 55526 451.4456
2019:05:06 15:01:24 56346 807.4157
2019:05:06 15:01:24 56768 409.1933
2019:05:06 15:01:24 61282 4158.9476
2019:05:06 15:01:24 65341 3667.0119
2019:05:06 15:01:24 66198 836.6704
2019:05:06 15:01:24 66998 787.3550
2019:05:06 15:01:24 73381 6358.2435
2019:05:06 15:01:24 83606 10213.6098
2019:05:06 15:01:24 90344 596.0539
2019:05:06 15:01:24 91166 798.2217
2019:05:06 15:01:24 91596 408.0981
2019:05:06 15:01:24 92395 455.4912
2019:05:06 15:01:24 93213 798.3670
2019:05:06 15:01:24 93661 431.2061
2019:05:06 15:01:24 94441 450.8756
2019:05:06 15:01:24 95260 808.9878
2019:05:06 15:01:24 95686 413.4402
2019:05:06 15:01:24 96491 453.6249
2019:05:06 15:01:24 97309 801.8352
2019:05:06 15:01:24 97730 396.1548
2019:05:06 15:01:24 98547 461.3623
2019:05:06 15:01:24 99376 430.1667
2019:05:06 15:01:24 100583 812.5193
2019:05:06 15:01:24 101407 811.2825
2019:05:06 15:01:24 119857 18437.0279
2019:05:06 15:01:24 121063 797.7448
2019:05:06 15:01:24 121880 799.7714
2019:05:06 15:01:24 122304 409.9384
2019:05:06 15:01:24 136211 1221.6792
2019:05:06 15:01:24 137066 844.0353
2019:05:06 15:01:24 139534 2090.4429
2019:05:06 15:01:24 159068 19526.6679
2019:05:06 15:01:24 198033 401.3628
2019:05:06 15:01:24 198860 434.0671
2019:05:06 15:01:24 199686 414.3603
2019:05:06 15:01:24 200483 398.2969
2019:05:06 15:01:24 201323 416.2230
2019:05:06 15:01:24 218351 989.8543
2019:05:06 15:01:24 220142 1779.0422
2019:05:06 15:01:24 220809 407.3381
2019:05:06 15:01:24 221209 251.1144
2019:05:06 15:01:24 225716 400.1744
2019:05:06 15:01:24 230622 475.4998
2019:05:06 15:01:24 231199 566.1622
2019:05:06 15:01:24 231862 653.3526
2019:05:06 15:01:24 232676 804.5733
2019:05:06 15:01:24 237370 4682.6452
2019:05:06 15:01:24 238145 766.1805
2019:05:06 15:01:24 238565 406.4403
2019:05:06 15:01:24 239129 161.9905
2019:05:06 15:01:24 239793 420.0041
2019:05:06 15:01:24 240609 414.8260
2019:05:06 15:01:24 241025 402.5921
2019:05:06 15:01:24 261091 19915.1561
2019:05:06 15:01:24 261653 551.0673
2019:05:06 15:01:24 262313 646.2745
2019:05:06 15:01:24 262729 405.7959
2019:05:06 15:01:24 263558 433.1134
2019:05:06 15:01:24 264353 650.5586
2019:05:06 15:01:24 265173 806.1603
2019:05:06 15:01:24 289376 24193.0671
2019:05:06 15:01:24 321878 516.3737
2019:05:06 15:01:24 322336 437.5279
2019:05:06 15:01:24 323160 423.2563
2019:05:06 15:01:24 323925 372.3949
2019:05:06 15:01:24 324383 448.4653
2019:05:06 15:01:24 325207 420.2425
2019:05:06 15:01:24 355531 408.0050
2019:05:06 15:01:24 356335 410.0762
2019:05:06 15:01:24 356742 388.6670
2019:05:06 15:01:24 357567 417.1915
2019:05:06 15:01:24 358385 414.2299
2019:05:06 15:01:24 359190 445.7943
2019:05:06 15:01:24 360013 810.6567
2019:05:06 15:01:24 360440 416.7184
2019:05:06 15:01:24 361242 443.7566
2019:05:06 15:01:24 385368 24114.4262
2019:05:06 15:01:24 417730 359.9711
2019:05:06 15:01:24 418501 397.3618
2019:05:06 15:01:24 419314 803.1689
2019:05:06 15:01:24 419743 416.6700
2019:05:06 15:01:24 420555 401.9178
2019:05:06 15:01:24 421373 807.0059
2019:05:06 15:01:24 449649 28264.0532
2019:05:06 15:01:24 450452 410.6425
2019:05:06 15:01:24 451261 411.2870
2019:05:06 15:01:24 452083 810.7610
2019:05:06 15:01:24 452509 415.0383
2019:05:06 15:01:24 453314 408.9698
2019:05:06 15:01:24 473395 20068.3735
2019:05:06 15:01:24 473891 342.1754
2019:05:06 15:01:24 475111 828.8249
2019:05:06 15:01:24 475524 403.7358
2019:05:06 15:01:24 476332 415.3289
2019:05:06 15:01:24 477159 421.6470
2019:05:06 15:01:24 490236 13060.1935
2019:05:06 15:01:24 491075 401.4112
2019:05:06 15:01:24 492294 808.4774
2019:05:06 15:01:24 493145 837.5384
2019:05:06 15:01:24 533388 40236.5252
2019:05:06 15:01:24 542289 535.4062
2019:05:06 15:01:24 542984 379.7859
2019:05:06 15:01:24 544200 511.8884
2019:05:06 15:01:24 544623 411.9426
2019:05:06 15:01:24 546138 1064.5390
2019:05:06 15:01:24 546667 425.1488
2019:05:06 15:01:24 547544 478.1261
2019:05:06 15:01:24 548927 933.1144
2019:05:06 15:01:24 549821 886.4775
2019:05:06 15:01:24 550357 417.2735
2019:05:06 15:01:24 551214 456.3443
2019:05:06 15:01:24 552607 928.5063
2019:05:06 15:01:24 569674 16597.7627
2019:05:06 15:01:24 570594 911.4929
2019:05:06 15:01:24 571632 574.1119
2019:05:06 15:01:24 572463 800.7884
2019:05:06 15:01:24 573365 887.2300
2019:05:06 15:01:24 574289 917.8184
2019:05:06 15:01:24 575321 569.5634
2019:05:06 15:01:24 576146 803.5675
2019:05:06 15:01:24 577074 914.5066
2019:05:06 15:01:24 589975 12457.3894
2019:05:06 15:01:24 590498 515.1108
2019:05:06 15:01:24 591366 856.5150
2019:05:06 15:01:24 592289 915.6875
2019:05:06 15:01:24 593668 915.4677
2019:05:06 15:01:24 594165 413.5184
2019:05:06 15:01:24 595057 458.0952
2019:05:06 15:01:24 595996 476.8223
2019:05:06 15:01:24 597047 598.9932
2019:05:06 15:01:24 597856 412.6765
2019:05:06 15:01:24 598749 879.8018
2019:05:06 15:01:24 600146 933.9154
2019:05:06 15:01:24 600721 567.5815
2019:05:06 15:01:24 613520 12397.1477
2019:05:06 15:01:24 614246 717.8523
2019:05:06 15:01:24 615155 893.7344
2019:05:06 15:01:24 616551 932.9431
2019:05:06 15:01:24 617107 547.9716
2019:05:06 15:01:24 617945 381.9726
2019:05:06 15:01:24 618416 465.0429
2019:05:06 15:01:24 619793 926.5393
2019:05:06 15:01:24 620794 538.6807
2019:05:06 15:01:24 650092 29291.1492
2019:05:06 15:01:24 650715 611.5548
2019:05:06 15:01:24 651193 462.4426
2019:05:06 15:01:24 652569 926.4499
2019:05:06 15:01:24 664306 11274.1254
2019:05:06 15:01:24 665235 917.4980
2019:05:06 15:01:24 669843 4169.7286
2019:05:06 15:01:24 670382 417.2660
2019:05:06 15:01:24 671250 477.7052
2019:05:06 15:01:24 672640 934.9212
2019:05:06 15:01:24 681523 8415.5872
2019:05:06 15:01:24 682448 914.2794
2019:05:06 15:01:24 683454 538.7925
2019:05:06 15:01:24 683885 414.4982
2019:05:06 15:01:24 685250 930.7452
2019:05:06 15:01:24 701537 15869.1108
2019:05:06 15:01:24 702434 478.9531
2019:05:06 15:01:24 703821 936.1580
2019:05:06 15:01:24 704356 424.1802
2019:05:06 15:01:24 705240 483.3788
2019:05:06 15:01:24 706613 941.9620
2019:05:06 15:01:24 707214 593.0290
2019:05:06 15:01:24 708044 420.3469
2019:05:06 15:01:24 708945 459.6263
2019:05:06 15:01:24 717540 8128.0023
2019:05:06 15:01:24 734024 16033.4855
2019:05:06 15:01:24 734677 412.0022
2019:05:06 15:01:24 735473 413.9170
2019:05:06 15:01:24 736288 411.1566
2019:05:06 15:01:24 736717 415.3550
2019:05:06 15:01:24 754834 17727.6097
2019:05:06 15:01:24 757603 2756.2194
2019:05:06 15:01:24 777367 7426.8021
2019:05:06 15:01:24 853376 75999.3196
2019:05:06 15:01:24 917367 32006.1967
2019:05:06 15:01:24 921543 4166.9272
2019:05:06 15:01:24 922344 416.0218
2019:05:06 15:01:24 923115 370.1746
2019:05:06 15:01:24 923573 438.7870
2019:05:06 15:01:24 924411 440.8695
2019:05:06 15:01:24 925164 376.9398
2019:05:06 15:01:24 945377 20188.0522
2019:05:06 15:01:24 961685 312.3023
2019:05:06 15:01:24 962485 422.0568
2019:05:06 15:01:24 962897 402.9833
2019:05:06 15:01:24 963709 420.8460
2019:05:06 15:01:24 964084 364.6165
2019:05:06 15:01:24 964929 413.5072
2019:05:06 15:01:24 985683 20347.4127
2019:05:06 15:01:24 986414 715.5240
2019:05:06 15:01:24 986831 407.2785
2019:05:06 15:01:24 987658 405.6469
2019:05:06 15:01:24 988471 418.0707
2019:05:06 15:01:24 989285 413.3135
2019:05:06 15:01:25 22016 384.8262
2019:05:06 15:01:25 22836 415.1054
2019:05:06 15:01:25 23657 406.2206
2019:05:06 15:01:25 24472 416.6514
2019:05:06 15:01:25 25291 415.1873
2019:05:06 15:01:25 65677 399.9844
2019:05:06 15:01:25 66278 204.7047
2019:05:06 15:01:25 66902 421.2186
2019:05:06 15:01:25 67722 417.9962
2019:05:06 15:01:25 68319 197.9955
2019:05:06 15:01:25 68545 216.9199
2019:05:06 15:01:25 101357 32418.2808
2019:05:06 15:01:25 141365 39998.0545
2019:05:06 15:01:25 142370 760.7788
2019:05:06 15:01:25 143188 806.4993
2019:05:06 15:01:25 143615 414.6956
2019:05:06 15:01:25 144419 411.9724
2019:05:06 15:01:25 145236 807.7621
2019:05:06 15:01:25 145659 406.9060
2019:05:06 15:01:25 146464 408.6830
2019:05:06 15:01:25 147283 809.9824
2019:05:06 15:01:25 147703 411.2124
2019:05:06 15:01:25 148512 409.5361
2019:05:06 15:01:25 149331 808.5333
2019:05:06 15:01:25 181365 32024.6704
2019:05:06 15:01:25 182113 404.8124
2019:05:06 15:01:25 182921 412.2332
2019:05:06 15:01:25 183341 340.7970
2019:05:06 15:01:25 184160 421.0137
2019:05:06 15:01:25 184979 419.8179
2019:05:06 15:01:25 185405 353.4481
2019:05:06 15:01:25 186202 407.4983
2019:05:06 15:01:25 187018 802.6510
2019:05:06 15:01:25 187445 413.9766
2019:05:06 15:01:25 188255 419.1324
2019:05:06 15:01:25 189074 419.7322
2019:05:06 15:01:25 213656 24509.4374
2019:05:06 15:01:25 214458 735.9497
2019:05:06 15:01:25 214886 416.7147
2019:05:06 15:01:25 215684 408.9996
2019:05:06 15:01:25 216104 409.7112
2019:05:06 15:01:25 216923 416.1820
2019:05:06 15:01:25 217736 413.4551
2019:05:06 15:01:25 218150 387.6351
2019:05:06 15:01:25 218972 417.3890
2019:05:06 15:01:25 219791 417.9068
2019:05:06 15:01:25 220615 748.5002
2019:05:06 15:01:25 245355 24733.3087
2019:05:06 15:01:25 249703 4339.4081
2019:05:06 15:01:25 250506 790.0931
2019:05:06 15:01:25 251324 807.3449
2019:05:06 15:01:25 251744 410.4413
2019:05:06 15:01:25 252564 417.0872
2019:05:06 15:01:25 277363 24397.3173
2019:05:06 15:01:25 317300 7944.9676
2019:05:06 15:01:25 341363 24050.4518
2019:05:06 15:01:25 377671 400.1819
2019:05:06 15:01:25 378484 411.9985
2019:05:06 15:01:25 379307 417.0090
2019:05:06 15:01:25 379723 406.4627
2019:05:06 15:01:25 380531 412.7100
2019:05:06 15:01:25 401355 20418.0703
2019:05:06 15:01:25 433370 32004.5203
2019:05:06 15:01:25 434246 411.0374
2019:05:06 15:01:25 434653 225.5589
2019:05:06 15:01:25 435086 419.3150
2019:05:06 15:01:25 435897 409.4243
2019:05:06 15:01:25 436481 182.8596
2019:05:06 15:01:25 437121 627.9908
2019:05:06 15:01:25 473370 36235.4070
2019:05:06 15:01:25 473982 414.6621
2019:05:06 15:01:25 475202 818.3867
2019:05:06 15:01:25 476022 635.4600
2019:05:06 15:01:25 477250 819.5303
2019:05:06 15:01:25 553353 39999.4664
2019:05:06 15:01:25 593362 40000.5244
2019:05:06 15:01:25 693358 47996.3385
2019:05:06 15:01:25 733353 39986.5285
2019:05:06 15:01:25 765366 32004.6283
2019:05:06 15:01:25 766167 406.6899
2019:05:06 15:01:25 766989 812.2697
2019:05:06 15:01:25 768219 819.6495
2019:05:06 15:01:25 769037 809.3305
2019:05:06 15:01:25 769866 416.2379
2019:05:06 15:01:25 770676 413.2874
2019:05:06 15:01:25 771904 819.0721
2019:05:06 15:01:25 772724 414.0511
2019:05:06 15:01:25 797369 24235.9079
2019:05:06 15:01:25 798136 411.3019
2019:05:06 15:01:25 798942 408.6047
2019:05:06 15:01:25 799761 808.5705
2019:05:06 15:01:25 800580 809.2113
2019:05:06 15:01:25 801000 410.0092
2019:05:06 15:01:25 825373 23969.1623
2019:05:06 15:01:25 861639 4281.4389
2019:05:06 15:01:25 862465 811.5247
2019:05:06 15:01:25 863276 804.2753
2019:05:06 15:01:25 864511 825.8298
2019:05:06 15:01:25 865324 806.4210
2019:05:06 15:01:25 893316 3953.3004
2019:05:06 15:01:25 893696 169.5156
2019:05:06 15:01:25 894509 409.7521
2019:05:06 15:01:25 894932 407.7554
2019:05:06 15:01:25 895574 245.9995
2019:05:06 15:01:25 896147 556.9980
2019:05:06 15:01:25 896966 809.0883
2019:05:06 15:01:25 929362 32382.1343
2019:05:06 15:01:26 17361 48007.1455
2019:05:06 15:01:26 65365 47995.0458
2019:05:06 15:01:26 141360 32003.0861
2019:05:06 15:01:26 173368 32000.9552
2019:05:06 15:01:26 237358 32004.2446
2019:05:06 15:01:26 269369 32004.1515
2019:05:06 15:01:26 357359 48000.4102
2019:05:06 15:01:26 405369 47998.8940
2019:05:06 15:01:26 493360 40001.8245
2019:05:06 15:01:26 525367 32000.1058
2019:05:06 15:01:26 557367 24064.2242
2019:05:06 15:01:26 621360 32001.0930
2019:05:06 15:01:26 629638 8271.9065
2019:05:06 15:01:26 630422 415.9622
2019:05:06 15:01:26 631239 414.5280
2019:05:06 15:01:26 632052 415.2134
2019:05:06 15:01:26 632870 413.0974
2019:05:06 15:01:26 633693 416.9680
2019:05:06 15:01:26 634514 810.2693
2019:05:06 15:01:26 635328 413.4886
2019:05:06 15:01:26 636148 414.2523
2019:05:06 15:01:26 636972 419.8253
2019:05:06 15:01:26 661624 269.0628
2019:05:06 15:01:26 662425 412.6951
2019:05:06 15:01:26 663232 408.6085
2019:05:06 15:01:26 664059 419.5832
2019:05:06 15:01:26 664869 407.6660
2019:05:06 15:01:26 701355 36475.1406
2019:05:06 15:01:26 749364 47999.6018
2019:05:06 15:01:26 845354 47999.7024
2019:05:06 15:01:26 885362 39994.6272
2019:05:06 15:01:26 889883 368.8894
2019:05:06 15:01:26 890698 409.7894
2019:05:06 15:01:26 891118 409.0518
2019:05:06 15:01:26 891927 408.6792
2019:05:06 15:01:26 892348 410.7766
2019:05:06 15:01:26 893156 409.4578
2019:05:06 15:01:26 917366 24199.0164
2019:05:06 15:01:26 917893 330.8952
2019:05:06 15:01:26 918702 517.6514
2019:05:06 15:01:26 919928 818.6512
2019:05:06 15:01:26 920747 517.8861
2019:05:06 15:01:26 921976 819.5750
2019:05:06 15:01:26 922792 805.2550
2019:05:06 15:01:26 923615 812.4709
2019:05:06 15:01:26 924851 826.6121
2019:05:06 15:01:26 949466 24609.2305
2019:05:06 15:01:26 950237 756.2228
2019:05:06 15:01:26 951474 827.0219
2019:05:06 15:01:26 952285 805.1582
2019:05:06 15:01:26 953516 822.0263
2019:05:06 15:01:27 13354 31999.8153
2019:05:06 15:01:27 14006 643.8904
2019:05:06 15:01:27 14433 417.0537
2019:05:06 15:01:27 15239 415.2246
2019:05:06 15:01:27 16050 799.7938
2019:05:06 15:01:27 16871 809.2523
2019:05:06 15:01:27 17294 408.7836
2019:05:06 15:01:27 18103 403.3856
2019:05:06 15:01:27 18918 803.4408
2019:05:06 15:01:27 19344 411.7489
2019:05:06 15:01:27 20151 406.0082
2019:05:06 15:01:27 20966 804.0555
2019:05:06 15:01:27 45564 24584.9155
2019:05:06 15:01:27 46355 739.4403
2019:05:06 15:01:27 46775 408.5824
2019:05:06 15:01:27 47595 417.8658
2019:05:06 15:01:27 48414 418.3017
2019:05:06 15:01:27 49226 413.8462
2019:05:06 15:01:27 125361 39999.8836
2019:05:06 15:01:27 129453 4083.9501
2019:05:06 15:01:27 130256 408.4334
2019:05:06 15:01:27 131060 404.9465
2019:05:06 15:01:27 131878 804.0369
2019:05:06 15:01:27 132306 414.7403
2019:05:06 15:01:27 133107 412.1885
2019:05:06 15:01:27 173362 40243.5958
2019:05:06 15:01:27 177859 377.6252
2019:05:06 15:01:27 178265 194.8401
2019:05:06 15:01:27 179085 412.6206
2019:05:06 15:01:27 179901 410.5568
2019:05:06 15:01:27 180311 398.5465
2019:05:06 15:01:27 181129 808.2204
2019:05:06 15:01:27 221365 40223.3936
2019:05:06 15:01:27 309354 47999.9371
2019:05:06 15:01:27 357361 47995.6120
2019:05:06 15:01:27 461353 55999.4392
2019:05:06 15:01:27 501367 40004.9575
2019:05:06 15:01:27 597356 48001.6470
2019:05:06 15:01:27 637365 39998.3190
2019:05:06 15:01:27 677638 277.8880
2019:05:06 15:01:27 678438 416.2900
2019:05:06 15:01:27 678856 407.1593
2019:05:06 15:01:27 679676 422.2579
2019:05:06 15:01:27 680488 412.5126
2019:05:06 15:01:27 681301 410.5382
2019:05:06 15:01:27 725944 576.0491
2019:05:06 15:01:27 726762 787.3066
2019:05:06 15:01:27 727192 411.2870
2019:05:06 15:01:27 727990 409.0779
2019:05:06 15:01:27 728810 803.6792
2019:05:06 15:01:27 729268 438.1090
2019:05:06 15:01:27 773729 375.1442
2019:05:06 15:01:27 774508 408.3104
2019:05:06 15:01:27 774930 410.5195
2019:05:06 15:01:27 775740 412.1996
2019:05:06 15:01:27 776556 805.4897
2019:05:06 15:01:27 776978 411.3577
2019:05:06 15:01:27 827373 49991.9131
2019:05:06 15:01:27 849512 22129.3904
2019:05:06 15:01:27 850301 424.0833
2019:05:06 15:01:27 851101 409.6553
2019:05:06 15:01:27 851528 412.3636
2019:05:06 15:01:27 852349 425.8826
2019:05:06 15:01:27 853148 409.5733
2019:05:06 15:01:27 889364 36200.3557
2019:05:06 15:01:27 985356 47995.5748
2019:05:06 15:01:28 25362 39997.6149
2019:05:06 15:01:28 109358 48003.6959
2019:05:06 15:01:28 109824 459.7120
2019:05:06 15:01:28 110624 415.0458
2019:05:06 15:01:28 111437 409.7931
2019:05:06 15:01:28 112256 807.6578
2019:05:06 15:01:28 113075 808.6339
2019:05:06 15:01:28 157363 44276.8447
2019:05:06 15:01:28 157904 387.9145
2019:05:06 15:01:28 158712 418.4209
2019:05:06 15:01:28 159524 411.6446
2019:05:06 15:01:28 159944 409.4951
2019:05:06 15:01:28 160757 416.1224
2019:05:06 15:01:28 205354 44193.3759
2019:05:06 15:01:28 205923 562.1426
2019:05:06 15:01:28 206339 403.8438
2019:05:06 15:01:28 207068 328.4812
2019:05:06 15:01:28 207575 495.6312
2019:05:06 15:01:28 208390 412.5983
2019:05:06 15:01:28 209116 324.5920
2019:05:06 15:01:28 245368 36243.4052
2019:05:06 15:01:28 249756 372.1938
2019:05:06 15:01:28 250564 489.3616
2019:05:06 15:01:28 251383 807.9596
2019:05:06 15:01:28 251807 412.2294
2019:05:06 15:01:28 252623 495.8063
2019:05:06 15:01:28 293362 40330.6931
2019:05:06 15:01:28 297883 354.8004
2019:05:06 15:01:28 298704 413.0527
2019:05:06 15:01:28 299522 412.7063
2019:05:06 15:01:28 300342 415.9510
2019:05:06 15:01:28 301161 412.8292
2019:05:06 15:01:28 345490 4135.0909
2019:05:06 15:01:28 346266 763.9602
2019:05:06 15:01:28 347084 806.6222
2019:05:06 15:01:28 347907 810.9882
2019:05:06 15:01:28 348323 403.5905
2019:05:06 15:01:28 349144 417.4262
2019:05:06 15:01:28 377557 4203.5095
2019:05:06 15:01:28 377935 358.8386
2019:05:06 15:01:28 378755 810.2022
2019:05:06 15:01:28 379179 410.4115
2019:05:06 15:01:28 379809 234.1345
2019:05:06 15:01:28 380402 581.7637
2019:05:06 15:01:28 380813 402.3612
2019:05:06 15:01:28 413355 32141.7674
2019:05:06 15:01:28 461361 47999.3746
2019:05:06 15:01:28 553353 47998.4730
2019:05:06 15:01:28 593364 40001.7649
2019:05:06 15:01:28 633726 370.0890
2019:05:06 15:01:28 634523 409.0890
2019:05:06 15:01:28 635339 413.2800
2019:05:06 15:01:28 636156 415.0942
2019:05:06 15:01:28 636970 410.7915
2019:05:06 15:01:28 637408 426.4601
2019:05:06 15:01:28 638204 414.1890
2019:05:06 15:01:28 639018 409.7112
2019:05:06 15:01:28 639440 410.3929
2019:05:06 15:01:28 640256 421.8780
2019:05:06 15:01:28 641066 410.1880
2019:05:06 15:01:28 673368 32291.6694
2019:05:06 15:01:28 713647 292.9345
2019:05:06 15:01:28 714462 403.0280
2019:05:06 15:01:28 715267 409.3051
2019:05:06 15:01:28 715690 404.1493
2019:05:06 15:01:28 716500 404.6597
2019:05:06 15:01:28 717311 409.6441
2019:05:06 15:01:28 753363 36028.3256
2019:05:06 15:01:28 833354 40000.1556
2019:05:06 15:01:28 873363 40001.5078
2019:05:06 15:01:28 874125 409.4131
2019:05:06 15:01:28 874931 413.8909
2019:05:06 15:01:28 875748 416.5061
2019:05:06 15:01:28 876565 417.0947
2019:05:06 15:01:28 877390 426.4563
2019:05:06 15:01:28 877804 402.7523
2019:05:06 15:01:28 878624 415.6306
2019:05:06 15:01:28 879426 409.8937
2019:05:06 15:01:28 879853 414.6434
2019:05:06 15:01:28 880664 413.1086
2019:05:06 15:01:28 913359 32293.7742
2019:05:06 15:01:28 953365 39998.1141
2019:05:06 15:01:28 953956 186.8121
2019:05:06 15:01:28 954598 417.0723
2019:05:06 15:01:28 955409 413.1645
2019:05:06 15:01:28 956000 578.6493
2019:05:06 15:01:28 956634 412.7920
2019:05:06 15:01:28 957454 413.2316
2019:05:06 15:01:28 993363 35895.5525
2019:05:06 15:01:28 998008 398.4645
2019:05:06 15:01:28 998824 727.1953
2019:05:06 15:01:29 54 819.6533
2019:05:06 15:01:29 872 726.0516
2019:05:06 15:01:29 33363 32081.5742
2019:05:06 15:01:29 34195 408.4036
2019:05:06 15:01:29 35019 417.6982
2019:05:06 15:01:29 35844 413.6972
2019:05:06 15:01:29 36660 417.2698
2019:05:06 15:01:29 65542 28479.8071
2019:05:06 15:01:29 66317 763.9229
2019:05:06 15:01:29 67134 807.1288
2019:05:06 15:01:29 67950 805.3333
2019:05:06 15:01:29 68773 811.8711
2019:05:06 15:01:29 101353 32569.6170
2019:05:06 15:01:29 141362 40001.0608
2019:05:06 15:01:29 145798 378.3442
2019:05:06 15:01:29 146603 407.0438
2019:05:06 15:01:29 147030 410.7207
2019:05:06 15:01:29 147839 402.9423
2019:05:06 15:01:29 148657 808.2278
2019:05:06 15:01:29 149084 413.9841
2019:05:06 15:01:29 221353 39998.7064
2019:05:06 15:01:29 261369 40006.9617
2019:05:06 15:01:29 262205 408.5973
2019:05:06 15:01:29 263021 416.5731
2019:05:06 15:01:29 263834 409.8937
2019:05:06 15:01:29 264261 417.0015
2019:05:06 15:01:29 265069 414.7924
2019:05:06 15:01:29 301369 35894.6286
2019:05:06 15:01:29 306028 404.1083
2019:05:06 15:01:29 306847 414.8744
2019:05:06 15:01:29 307658 408.8879
2019:05:06 15:01:29 308478 808.7046
2019:05:06 15:01:29 309298 809.3044
2019:05:06 15:01:29 341362 32052.9267
2019:05:06 15:01:29 342114 374.4736
2019:05:06 15:01:29 342926 410.4786
2019:05:06 15:01:29 343750 405.3600
2019:05:06 15:01:29 344567 418.3128
2019:05:06 15:01:29 345788 814.3261
2019:05:06 15:01:29 346602 802.6361
2019:05:06 15:01:29 347440 825.5392
2019:05:06 15:01:29 348248 412.8404
2019:05:06 15:01:29 349063 412.3971
2019:05:06 15:01:29 385543 4188.4743
2019:05:06 15:01:29 386335 779.9678
2019:05:06 15:01:29 386756 409.9645
2019:05:06 15:01:29 387579 417.9850
2019:05:06 15:01:29 388394 414.6546
2019:05:06 15:01:29 389209 416.2863
2019:05:06 15:01:29 457354 40000.0550
2019:05:06 15:01:29 497363 39997.2908
2019:05:06 15:01:29 498086 393.1895
2019:05:06 15:01:29 498896 413.4364
2019:05:06 15:01:29 499714 413.3843
2019:05:06 15:01:29 500533 413.3657
2019:05:06 15:01:29 501352 809.5652
2019:05:06 15:01:29 501775 412.0879
2019:05:06 15:01:29 502577 408.6904
2019:05:06 15:01:29 503396 808.5556
2019:05:06 15:01:29 504215 808.4141
2019:05:06 15:01:29 504635 409.0890
2019:05:06 15:01:29 537366 32328.4864
2019:05:06 15:01:29 577740 378.4746
2019:05:06 15:01:29 578345 219.6431
2019:05:06 15:01:29 578938 582.2852
2019:05:06 15:01:29 579758 798.4713
2019:05:06 15:01:29 580183 414.1591
2019:05:06 15:01:29 580981 591.5724
2019:05:06 15:01:29 617354 36362.4319
2019:05:06 15:01:29 657365 40001.5637
2019:05:06 15:01:29 701282 3927.2718
2019:05:06 15:01:29 702049 396.2964
2019:05:06 15:01:29 702871 414.2001
2019:05:06 15:01:29 703688 413.3843
2019:05:06 15:01:29 704504 805.0464
2019:05:06 15:01:29 705326 811.3831
2019:05:06 15:01:29 737362 32024.0334
2019:05:06 15:01:29 738105 394.7504
2019:05:06 15:01:29 738916 414.2858
2019:05:06 15:01:29 739326 294.0223
2019:05:06 15:01:29 740146 418.6071
2019:05:06 15:01:29 740965 417.9776
2019:05:06 15:01:29 741794 714.5479
2019:05:06 15:01:29 742202 396.8365
2019:05:06 15:01:29 743020 417.1170
2019:05:06 15:01:29 743425 297.2931
2019:05:06 15:01:29 744234 413.2316
2019:05:06 15:01:29 744651 407.3270
2019:05:06 15:01:29 777360 32309.8078
2019:05:06 15:01:29 817366 39996.7767
2019:05:06 15:01:29 818022 393.9345
2019:05:06 15:01:29 818827 410.6909
2019:05:06 15:01:29 819252 414.5913
2019:05:06 15:01:29 820062 417.4337
2019:05:06 15:01:29 820874 410.1917
2019:05:06 15:01:29 821294 409.4653
2019:05:06 15:01:29 865313 7959.5894
2019:05:06 15:01:29 937354 40000.3232
2019:05:06 15:01:29 977372 40011.1638
2019:05:06 15:01:29 978162 421.1068
2019:05:06 15:01:29 978974 442.6613
2019:05:06 15:01:29 979793 416.0106
2019:05:06 15:01:29 980567 374.8164
2019:05:06 15:01:29 981022 440.3852
2019:05:06 15:01:29 981849 423.7704
2019:05:06 15:01:29 982623 375.1703
2019:05:06 15:01:29 983076 441.0781
2019:05:06 15:01:29 983892 412.9373
2019:05:06 15:01:29 984670 377.9605
2019:05:06 15:01:29 985121 441.8641
2019:05:06 15:01:30 61353 43994.7136
2019:05:06 15:01:30 101362 39999.4031
2019:05:06 15:01:30 105770 341.9481
2019:05:06 15:01:30 106585 416.0851
2019:05:06 15:01:30 107404 416.5806
2019:05:06 15:01:30 108224 408.7612
2019:05:06 15:01:30 109045 418.6705
2019:05:06 15:01:30 181354 40000.5765
2019:05:06 15:01:30 217367 36004.5247
2019:05:06 15:01:30 218184 418.2756
2019:05:06 15:01:30 219001 417.1096
2019:05:06 15:01:30 219809 410.4823
2019:05:06 15:01:30 220228 403.4005
2019:05:06 15:01:30 221049 413.6339
2019:05:06 15:01:30 221857 408.2024
2019:05:06 15:01:30 222278 406.3435
2019:05:06 15:01:30 223097 417.5119
2019:05:06 15:01:30 223905 409.7223
2019:05:06 15:01:30 224329 408.5377
2019:05:06 15:01:30 225149 422.5560
2019:05:06 15:01:30 297356 39995.5362
2019:05:06 15:01:30 297891 526.8380
2019:05:06 15:01:30 298489 585.9919
2019:05:06 15:01:30 299111 610.5080
2019:05:06 15:01:30 299533 411.8793
2019:05:06 15:01:30 300352 418.3054
2019:05:06 15:01:30 300761 220.9954
2019:05:06 15:01:30 329367 28204.9552
2019:05:06 15:01:30 365860 505.4250
2019:05:06 15:01:30 366558 687.7407
2019:05:06 15:01:30 367083 514.4514
2019:05:06 15:01:30 367502 409.9905
2019:05:06 15:01:30 368315 412.6281
2019:05:06 15:01:30 368726 120.2188
2019:05:06 15:01:30 405358 36228.1203
2019:05:06 15:01:30 409570 4204.5899
2019:05:06 15:01:30 410330 419.3522
2019:05:06 15:01:30 411147 413.2167
2019:05:06 15:01:30 411963 414.3640
2019:05:06 15:01:30 412791 424.4074
2019:05:06 15:01:30 445361 32171.7262
2019:05:06 15:01:30 489441 4076.0562
2019:05:06 15:01:30 490184 723.0751
2019:05:06 15:01:30 491004 807.5498
2019:05:06 15:01:30 491424 410.2923
2019:05:06 15:01:30 492235 413.0453
2019:05:06 15:01:30 493051 409.7968
2019:05:06 15:01:30 525362 32301.3104
2019:05:06 15:01:30 605354 40001.2434
2019:05:06 15:01:30 605887 522.1628
2019:05:06 15:01:30 607115 826.0719
2019:05:06 15:01:30 607932 811.5321
2019:05:06 15:01:30 608746 807.7733
2019:05:06 15:01:30 645362 36206.1150
2019:05:06 15:01:30 649722 379.6332
2019:05:06 15:01:30 650464 349.0373
2019:05:06 15:01:30 651340 816.9152
2019:05:06 15:01:30 652159 809.1927
2019:05:06 15:01:30 652980 811.0292
2019:05:06 15:01:30 685363 32371.9233
2019:05:06 15:01:30 729595 4233.8297
2019:05:06 15:01:30 730320 706.6950
2019:05:06 15:01:30 730811 480.4879
2019:05:06 15:01:30 731630 416.5433
2019:05:06 15:01:30 732378 346.7724
2019:05:06 15:01:30 733259 818.7182
2019:05:06 15:01:30 765365 32096.6989
2019:05:06 15:01:30 845353 39999.1199
2019:05:06 15:01:30 846070 705.8382
2019:05:06 15:01:30 846892 812.0723
2019:05:06 15:01:30 847718 816.7960
2019:05:06 15:01:30 848129 404.7900
2019:05:06 15:01:30 849354 824.5371
2019:05:06 15:01:30 925359 40005.3188
2019:05:06 15:01:30 965365 39998.9150
2019:05:06 15:01:30 965706 200.6851
2019:05:06 15:01:30 966303 418.7971
2019:05:06 15:01:30 967122 413.4364
2019:05:06 15:01:30 967746 219.2222
2019:05:06 15:01:30 968351 414.3082
2019:05:06 15:01:30 969170 414.0772
2019:05:06 15:01:31 9631 4271.8910
2019:05:06 15:01:31 10390 739.7607
2019:05:06 15:01:31 10813 411.5440
2019:05:06 15:01:31 11218 217.4042
2019:05:06 15:01:31 12036 416.5210
2019:05:06 15:01:31 12855 410.4637
2019:05:06 15:01:31 13265 216.6852
2019:05:06 15:01:31 85354 39999.7197
2019:05:06 15:01:31 89654 4288.9640
2019:05:06 15:01:31 90429 421.3527
2019:05:06 15:01:31 91239 416.7557
2019:05:06 15:01:31 91655 399.5337
2019:05:06 15:01:31 92464 413.1868
2019:05:06 15:01:31 92896 420.1122
2019:05:06 15:01:31 125361 32075.3530
2019:05:06 15:01:31 205354 39999.0454
2019:05:06 15:01:31 205803 436.0639
2019:05:06 15:01:31 206206 253.0552
2019:05:06 15:01:31 207028 420.3878
2019:05:06 15:01:31 207837 413.7568
2019:05:06 15:01:31 208247 248.6147
2019:05:06 15:01:31 209062 802.9193
2019:05:06 15:01:31 245360 36287.8628
2019:05:06 15:01:31 249657 4290.8713
2019:05:06 15:01:31 250469 418.4879
2019:05:06 15:01:31 251287 417.8360
2019:05:06 15:01:31 252099 412.7249
2019:05:06 15:01:31 252918 414.2299
2019:05:06 15:01:31 285354 32030.6234
2019:05:06 15:01:31 325361 39999.4478
2019:05:06 15:01:31 329926 394.6535
2019:05:06 15:01:31 330352 329.1555
2019:05:06 15:01:31 331172 421.4831
2019:05:06 15:01:31 331980 409.0965
2019:05:06 15:01:31 332390 399.5746
2019:05:06 15:01:31 333217 419.0244
2019:05:06 15:01:31 405353 39998.1476
2019:05:06 15:01:31 445362 39998.9784
2019:05:06 15:01:31 445900 404.6112
2019:05:06 15:01:31 446708 519.8233
2019:05:06 15:01:31 447530 418.1303
2019:05:06 15:01:31 448761 823.9597
2019:05:06 15:01:31 485354 36586.9254
2019:05:06 15:01:31 489727 4365.2020
2019:05:06 15:01:31 490547 427.7751
2019:05:06 15:01:31 491235 294.5289
2019:05:06 15:01:31 491763 503.7710
2019:05:06 15:01:31 492578 799.3691
2019:05:06 15:01:31 493014 418.9201
2019:05:06 15:01:31 525354 32067.2728
2019:05:06 15:01:31 565365 40000.2822
2019:05:06 15:01:31 570006 377.8785
2019:05:06 15:01:31 570415 215.4894
2019:05:06 15:01:31 571230 799.6596
2019:05:06 15:01:31 571657 408.5973
2019:05:06 15:01:31 572265 211.1942
2019:05:06 15:01:31 572876 417.6237
2019:05:06 15:01:31 605354 32076.4519
2019:05:06 15:01:31 645363 39998.7660
2019:05:06 15:01:31 685895 540.3906
2019:05:06 15:01:31 686305 389.5313
2019:05:06 15:01:31 687123 421.3974
2019:05:06 15:01:31 687944 421.7401
2019:05:06 15:01:31 688750 412.9708
2019:05:06 15:01:31 725354 36193.8998
2019:05:06 15:01:31 729717 4354.5254
2019:05:06 15:01:31 730527 798.1993
2019:05:06 15:01:31 731351 414.7887
2019:05:06 15:01:31 732172 413.8686
2019:05:06 15:01:31 765354 32778.9038
2019:05:06 15:01:31 805361 39995.9385
2019:05:06 15:01:31 810072 406.4627
2019:05:06 15:01:31 810890 808.2651
2019:05:06 15:01:31 811710 807.8404
2019:05:06 15:01:31 812130 409.3088
2019:05:06 15:01:31 812950 417.1319
2019:05:06 15:01:31 885353 39997.6596
2019:05:06 15:01:31 925367 40006.6003
2019:05:06 15:01:31 926159 401.3628
2019:05:06 15:01:31 926972 418.9909
2019:05:06 15:01:31 927785 409.6143
2019:05:06 15:01:31 928210 416.2043
2019:05:06 15:01:31 929023 417.5417
2019:05:06 15:01:31 965360 35934.3700
2019:05:06 15:01:31 969612 4243.7464
2019:05:06 15:01:31 970404 546.0456
2019:05:06 15:01:31 971633 819.2919
2019:05:06 15:01:31 972449 540.9308
2019:05:06 15:01:31 973271 812.6236
2019:05:06 15:01:32 45353 39998.7549
2019:05:06 15:01:32 49689 4329.2865
2019:05:06 15:01:32 50493 417.8807
2019:05:06 15:01:32 50901 139.0576
2019:05:06 15:01:32 51722 418.4879
2019:05:06 15:01:32 52814 685.9228
2019:05:06 15:01:32 85364 32415.9563
2019:05:06 15:01:32 165353 39999.6638
2019:05:06 15:01:32 165864 500.3624
2019:05:06 15:01:32 166679 805.4301
2019:05:06 15:01:32 167494 802.4946
2019:05:06 15:01:32 168316 811.2043
2019:05:06 15:01:32 205361 36635.5330
2019:05:06 15:01:32 209336 3966.2719
2019:05:06 15:01:32 210105 411.5440
2019:05:06 15:01:32 210913 412.4641
2019:05:06 15:01:32 211733 413.3582
2019:05:06 15:01:32 212548 409.3200
2019:05:06 15:01:32 245354 32794.9077
2019:05:06 15:01:32 285361 39995.4095
2019:05:06 15:01:32 290007 385.0423
2019:05:06 15:01:32 290822 409.6180
2019:05:06 15:01:32 291243 410.1396
2019:05:06 15:01:32 292060 415.2805
2019:05:06 15:01:32 292873 409.7000
2019:05:06 15:01:32 293294 411.3987
2019:05:06 15:01:32 365354 39999.3286
2019:05:06 15:01:32 405367 40001.2769
2019:05:06 15:01:32 406198 408.6904
2019:05:06 15:01:32 407014 409.2418
2019:05:06 15:01:32 407449 421.9338
2019:05:06 15:01:32 408253 416.5471
2019:05:06 15:01:32 409072 416.0255
2019:05:06 15:01:32 445359 35880.2527
2019:05:06 15:01:32 449365 3998.7192
2019:05:06 15:01:32 450116 414.0325
2019:05:06 15:01:32 450919 409.5510
2019:05:06 15:01:32 451340 409.3684
2019:05:06 15:01:32 452151 413.3806
2019:05:06 15:01:32 452967 409.1561
2019:05:06 15:01:32 485362 32384.2876
2019:05:06 15:01:32 529443 4089.6647
2019:05:06 15:01:32 530194 740.5020
2019:05:06 15:01:32 531014 809.8893
2019:05:06 15:01:32 531833 808.7046
2019:05:06 15:01:32 532652 809.5168
2019:05:06 15:01:32 565354 32692.9763
2019:05:06 15:01:32 605362 40000.4722
2019:05:06 15:01:32 645598 244.2114
2019:05:06 15:01:32 646395 415.1165
2019:05:06 15:01:32 647215 416.2043
2019:05:06 15:01:32 648027 409.4988
2019:05:06 15:01:32 648846 808.8462
2019:05:06 15:01:32 685361 36503.3709
2019:05:06 15:01:32 725361 39992.8540
2019:05:06 15:01:32 805354 40000.6697
2019:05:06 15:01:32 809293 3927.4357
2019:05:06 15:01:32 810091 406.5782
2019:05:06 15:01:32 810485 106.7556
2019:05:06 15:01:32 811306 412.1289
2019:05:06 15:01:32 812130 417.9180
2019:05:06 15:01:32 812941 516.5972
2019:05:06 15:01:32 845368 32418.0424
2019:05:06 15:01:32 925354 40000.2971
2019:05:06 15:01:32 926001 638.7420
2019:05:06 15:01:32 926812 797.4096
2019:05:06 15:01:32 927241 417.1580
2019:05:06 15:01:32 928051 417.5119
2019:05:06 15:01:32 928868 414.2784
2019:05:06 15:01:32 929292 411.1379
2019:05:06 15:01:33 5354 40000.3046
2019:05:06 15:01:33 5869 508.0476
2019:05:06 15:01:33 6293 414.1405
2019:05:06 15:01:33 7094 408.8394
2019:05:06 15:01:33 7523 402.7560
2019:05:06 15:01:33 8342 421.4831
2019:05:06 15:01:33 9150 409.7670
2019:05:06 15:01:33 45366 36204.2673
2019:05:06 15:01:33 50008 405.4941
2019:05:06 15:01:33 50825 409.1188
2019:05:06 15:01:33 51255 418.4246
2019:05:06 15:01:33 52056 412.6169
2019:05:06 15:01:33 52871 408.7947
2019:05:06 15:01:33 53306 422.3734
2019:05:06 15:01:33 125353 39998.0471
2019:05:06 15:01:33 129505 4143.8192
2019:05:06 15:01:33 130294 418.2123
2019:05:06 15:01:33 131112 417.2325
2019:05:06 15:01:33 131930 418.6481
2019:05:06 15:01:33 132754 417.6125
2019:05:06 15:01:33 165354 32201.9868
2019:05:06 15:01:33 205362 39995.2829
2019:05:06 15:01:33 245705 351.0192
2019:05:06 15:01:33 246486 411.8346
2019:05:06 15:01:33 246907 411.2460
2019:05:06 15:01:33 247712 409.7521
2019:05:06 15:01:33 248131 408.5600
2019:05:06 15:01:33 248951 414.4572
2019:05:06 15:01:33 285359 36003.2022
2019:05:06 15:01:33 289536 4169.4716
2019:05:06 15:01:33 290318 418.8456
2019:05:06 15:01:33 291135 415.8244
2019:05:06 15:01:33 291959 422.0828
2019:05:06 15:01:33 292771 417.3666
2019:05:06 15:01:33 293187 406.1796
2019:05:06 15:01:33 365353 39998.0322
2019:05:06 15:01:33 369690 4328.7203
2019:05:06 15:01:33 370483 412.7510
2019:05:06 15:01:33 371721 828.6126
2019:05:06 15:01:33 372127 400.8003
2019:05:06 15:01:33 401356 28824.3890
2019:05:06 15:01:33 441363 40000.6808
2019:05:06 15:01:33 481669 310.9239
2019:05:06 15:01:33 482433 412.1512
2019:05:06 15:01:33 482857 413.1943
2019:05:06 15:01:33 483674 410.4786
2019:05:06 15:01:33 484484 409.4616
2019:05:06 15:01:33 484903 402.2978
2019:05:06 15:01:33 485732 419.8663
2019:05:06 15:01:33 486541 417.1319
2019:05:06 15:01:33 486955 397.9765
2019:05:06 15:01:33 487779 410.3743
2019:05:06 15:01:33 488587 407.7852
2019:05:06 15:01:33 489003 390.6451
2019:05:06 15:01:33 561354 39997.8496
2019:05:06 15:01:33 601367 40005.0543
2019:05:06 15:01:33 681357 40002.3237
2019:05:06 15:01:33 729373 48005.0258
2019:05:06 15:01:33 825355 47998.8344
2019:05:06 15:01:33 873365 48001.9785
2019:05:06 15:01:33 969360 47997.8882
2019:05:06 15:01:34 17370 48002.7497
2019:05:06 15:01:34 61808 445.8129
2019:05:06 15:01:34 62609 786.0214
2019:05:06 15:01:34 63429 810.4853
2019:05:06 15:01:34 63854 409.2790
2019:05:06 15:01:34 64663 407.6101
2019:05:06 15:01:34 65479 806.2460
2019:05:06 15:01:34 105277 3915.4701
2019:05:06 15:01:34 105883 406.7831
2019:05:06 15:01:34 107112 819.2658
2019:05:06 15:01:34 107528 235.2707
2019:05:06 15:01:34 108749 818.7555
2019:05:06 15:01:34 141362 32202.8175
2019:05:06 15:01:34 185377 4022.9298
2019:05:06 15:01:34 186162 772.8860
2019:05:06 15:01:34 186980 806.7600
2019:05:06 15:01:34 187389 398.2596
2019:05:06 15:01:34 188209 808.9207
2019:05:06 15:01:34 189028 808.6152
2019:05:06 15:01:34 221355 32315.4815
2019:05:06 15:01:34 269362 48000.3655
2019:05:06 15:01:34 357355 40000.4052
2019:05:06 15:01:34 389390 32027.5910
2019:05:06 15:01:34 394047 549.4133
2019:05:06 15:01:34 394710 361.1632
2019:05:06 15:01:34 395930 812.7466
2019:05:06 15:01:34 396798 455.1597
2019:05:06 15:01:34 398031 867.2513
2019:05:06 15:01:34 398811 772.3533
2019:05:06 15:01:34 399636 381.1121
2019:05:06 15:01:34 400491 455.5583
2019:05:06 15:01:34 401277 417.5715
2019:05:06 15:01:34 441654 11489.2572
2019:05:06 15:01:34 442335 672.3627
2019:05:06 15:01:34 443147 794.2393
2019:05:06 15:01:34 443961 796.9514
2019:05:06 15:01:34 444780 802.8373
2019:05:06 15:01:34 445607 810.5598
2019:05:06 15:01:34 446032 399.5076
2019:05:06 15:01:34 446847 418.1489
2019:05:06 15:01:34 447659 407.8113
2019:05:06 15:01:34 448477 415.4295
2019:05:06 15:01:34 473304 24421.4758
2019:05:06 15:01:34 474101 781.6553
2019:05:06 15:01:34 474509 392.5897
2019:05:06 15:01:34 475329 806.6446
2019:05:06 15:01:34 476148 802.7591
2019:05:06 15:01:34 476557 391.9303
2019:05:06 15:01:34 477403 829.7972
2019:05:06 15:01:34 489679 12268.6997
2019:05:06 15:01:34 490484 787.7052
2019:05:06 15:01:34 490892 392.2619
2019:05:06 15:01:34 491712 804.3349
2019:05:06 15:01:34 492530 801.4068
2019:05:06 15:01:34 492940 393.3981
2019:05:06 15:01:34 493762 805.9740
2019:05:06 15:01:34 494187 407.8075
2019:05:06 15:01:34 494799 217.0876
2019:05:06 15:01:34 495415 423.0626
2019:05:06 15:01:34 496232 421.7811
2019:05:06 15:01:34 496847 216.0370
2019:05:06 15:01:34 521214 24174.1501
2019:05:06 15:01:34 522015 398.4757
2019:05:06 15:01:34 523233 812.4448
2019:05:06 15:01:34 523659 406.3919
2019:05:06 15:01:34 524478 422.5336
2019:05:06 15:01:34 525301 426.1583
2019:05:06 15:01:34 537989 376.6492
2019:05:06 15:01:34 538808 413.7196
2019:05:06 15:01:34 539625 801.3695
2019:05:06 15:01:34 540049 407.0401
2019:05:06 15:01:34 540870 417.9142
2019:05:06 15:01:34 541690 424.2435
2019:05:06 15:01:34 542500 420.7492
2019:05:06 15:01:34 543314 412.9931
2019:05:06 15:01:34 544129 412.8478
2019:05:06 15:01:34 544949 806.4434
2019:05:06 15:01:34 569307 24342.2352
2019:05:06 15:01:34 570094 770.1702
2019:05:06 15:01:34 570503 391.3380
2019:05:06 15:01:34 571332 415.4742
2019:05:06 15:01:34 572154 417.8509
2019:05:06 15:01:34 572968 524.3570
2019:05:06 15:01:34 585309 12325.2720
2019:05:06 15:01:34 586088 328.1944
2019:05:06 15:01:34 586774 287.2460
2019:05:06 15:01:34 587314 381.6895
2019:05:06 15:01:34 588176 453.4312
2019:05:06 15:01:34 588914 374.2613
2019:05:06 15:01:34 589884 484.9285
2019:05:06 15:01:34 590637 465.8662
2019:05:06 15:01:34 591401 522.9935
2019:05:06 15:01:34 592218 804.4019
2019:05:06 15:01:34 592922 301.8230
2019:05:06 15:01:34 617702 24772.6217
2019:05:06 15:01:34 618435 723.2763
2019:05:06 15:01:34 619671 745.9559
2019:05:06 15:01:34 620467 788.4167
2019:05:06 15:01:34 621389 488.2812
2019:05:06 15:01:34 633992 330.1464
2019:05:06 15:01:34 634810 289.6152
2019:05:06 15:01:34 635628 370.9532
2019:05:06 15:01:34 636476 446.6102
2019:05:06 15:01:34 637279 428.3078
2019:05:06 15:01:34 638194 496.3018
2019:05:06 15:01:34 639305 810.6455
2019:05:06 15:01:34 640160 447.6309
2019:05:06 15:01:34 640948 780.6271
2019:05:06 15:01:34 665306 23911.2638
2019:05:06 15:01:34 666010 688.9030
2019:05:06 15:01:34 666824 796.8098
2019:05:06 15:01:34 667644 801.8799
2019:05:06 15:01:34 668463 801.7346
2019:05:06 15:01:34 669288 809.2001
2019:05:06 15:01:34 681652 12349.6689
2019:05:06 15:01:34 682394 401.5602
2019:05:06 15:01:34 683619 818.1669
2019:05:06 15:01:34 684439 705.8792
2019:05:06 15:01:34 685680 829.2869
2019:05:06 15:01:34 686091 403.5644
2019:05:06 15:01:34 687305 817.6751
2019:05:06 15:01:34 688125 409.8676
2019:05:06 15:01:34 689358 821.5941
2019:05:06 15:01:34 714009 408.0683
2019:05:06 15:01:34 714837 420.6225
2019:05:06 15:01:34 715661 422.6714
2019:05:06 15:01:34 716480 422.6305
2019:05:06 15:01:34 717302 425.7485
2019:05:06 15:01:34 729992 407.1854
2019:05:06 15:01:34 730799 797.9646
2019:05:06 15:01:34 731617 806.8457
2019:05:06 15:01:34 732043 413.9543
2019:05:06 15:01:34 732863 422.3436
2019:05:06 15:01:34 733686 426.3930
2019:05:06 15:01:34 734490 414.6434
2019:05:06 15:01:34 735716 819.3515
2019:05:06 15:01:34 736536 413.6488
2019:05:06 15:01:34 765379 28433.6358
2019:05:06 15:01:34 766179 784.2295
2019:05:06 15:01:34 767001 808.6152
2019:05:06 15:01:34 767816 798.4638
2019:05:06 15:01:34 768244 414.8483
2019:05:06 15:01:34 769064 416.6588
2019:05:06 15:01:34 769880 418.7040
2019:05:06 15:01:34 770695 418.9536
2019:05:06 15:01:34 771509 412.4306
2019:05:06 15:01:34 772324 412.2443
2019:05:06 15:01:34 773144 805.3184
2019:05:06 15:01:34 789553 16393.2964
2019:05:06 15:01:34 790355 421.7252
2019:05:06 15:01:34 791167 415.8281
2019:05:06 15:01:34 792385 811.4129
2019:05:06 15:01:34 792808 407.2562
2019:05:06 15:01:34 793635 427.0300
2019:05:06 15:01:34 794450 423.1781
2019:05:06 15:01:34 795256 413.4737
2019:05:06 15:01:34 796085 422.4256
2019:05:06 15:01:34 796907 815.1568
2019:05:06 15:01:34 825550 28636.3214
2019:05:06 15:01:34 826325 760.4137
2019:05:06 15:01:34 827152 421.9376
2019:05:06 15:01:34 827973 417.4486
2019:05:06 15:01:34 829187 811.8786
2019:05:06 15:01:34 830003 405.9635
2019:05:06 15:01:34 830823 804.8490
2019:05:06 15:01:34 831641 803.2620
2019:05:06 15:01:34 832068 411.5589
2019:05:06 15:01:34 832887 422.6901
2019:05:06 15:01:34 857476 24192.3630
2019:05:06 15:01:34 858674 809.3975
2019:05:06 15:01:34 859504 815.7119
2019:05:06 15:01:34 860322 419.5273
2019:05:06 15:01:34 861141 415.6120
2019:05:06 15:01:34 873852 386.2977
2019:05:06 15:01:34 874659 414.3342
2019:05:06 15:01:34 885342 10281.7938
2019:05:06 15:01:34 886119 759.5718
2019:05:06 15:01:34 886935 798.4415
2019:05:06 15:01:34 887362 410.7729
2019:05:06 15:01:34 888178 416.9233
2019:05:06 15:01:34 889393 808.8537
2019:05:06 15:01:34 890212 804.2976
2019:05:06 15:01:34 891044 817.6155
2019:05:06 15:01:34 891458 406.0790
2019:05:06 15:01:34 892672 811.7855
2019:05:06 15:01:34 909501 16423.1323
2019:05:06 15:01:34 910282 766.2028
2019:05:06 15:01:34 911101 802.2413
2019:05:06 15:01:34 911923 808.1011
2019:05:06 15:01:34 912747 809.4050
2019:05:06 15:01:34 913588 435.5609
2019:05:06 15:01:34 914386 410.0800
2019:05:06 15:01:34 915213 423.3792
2019:05:06 15:01:34 916032 418.8232
2019:05:06 15:01:34 916849 420.0339
2019:05:06 15:01:34 945624 28376.4303
2019:05:06 15:01:34 946402 420.4884
2019:05:06 15:01:34 947222 422.9248
2019:05:06 15:01:34 948040 421.1962
2019:05:06 15:01:34 948858 415.0085
2019:05:06 15:01:34 949683 429.3136
2019:05:06 15:01:34 950091 399.6938
2019:05:06 15:01:34 950916 415.6269
2019:05:06 15:01:34 951735 421.8146
2019:05:06 15:01:34 952546 418.3613
2019:05:06 15:01:34 953366 419.5124
2019:05:06 15:01:34 977802 376.8094
2019:05:06 15:01:34 978617 410.8436
2019:05:06 15:01:34 979443 425.1972
2019:05:06 15:01:34 980254 415.3997
2019:05:06 15:01:34 981078 421.8183
2019:05:06 15:01:34 993425 11946.0933
2019:05:06 15:01:34 994198 408.6681
2019:05:06 15:01:34 995014 417.0202
2019:05:06 15:01:34 995834 424.5490
2019:05:06 15:01:34 996644 421.9636
2019:05:06 15:01:34 997459 413.9282
2019:05:06 15:01:34 998277 803.4408
2019:05:06 15:01:34 999091 806.1044
2019:05:06 15:01:34 999912 417.4374
2019:05:06 15:01:35 733 419.9408
2019:05:06 15:01:35 25675 24534.6986
2019:05:06 15:01:35 26090 398.8184
2019:05:06 15:01:35 27306 817.7757
2019:05:06 15:01:35 28135 415.2395
2019:05:06 15:01:35 28944 801.5409
2019:05:06 15:01:35 41653 12294.4750
2019:05:06 15:01:35 42465 794.5709
2019:05:06 15:01:35 43284 805.6238
2019:05:06 15:01:35 44104 417.6199
2019:05:06 15:01:35 44523 405.0657
2019:05:06 15:01:35 45741 816.0807
2019:05:06 15:01:35 46553 407.9938
2019:05:06 15:01:35 47377 809.7775
2019:05:06 15:01:35 48199 808.4662
2019:05:06 15:01:35 48623 408.8506
2019:05:06 15:01:35 73621 24595.0297
2019:05:06 15:01:35 74418 781.9161
2019:05:06 15:01:35 75657 830.1809
2019:05:06 15:01:35 76466 800.6506
2019:05:06 15:01:35 89634 12759.1044
2019:05:06 15:01:35 90017 366.4531
2019:05:06 15:01:35 90817 416.0330
2019:05:06 15:01:35 91627 413.3694
2019:05:06 15:01:35 92448 420.2127
2019:05:06 15:01:35 93268 407.5356
2019:05:06 15:01:35 94080 409.0816
2019:05:06 15:01:35 94895 797.7262
2019:05:06 15:01:35 95320 408.7202
2019:05:06 15:01:35 96130 411.9501
2019:05:06 15:01:35 96950 804.6627
2019:05:06 15:01:35 121548 24583.0268
2019:05:06 15:01:35 122345 783.6856
2019:05:06 15:01:35 123159 401.9290
2019:05:06 15:01:35 123982 417.1468
2019:05:06 15:01:35 124798 413.6600
2019:05:06 15:01:35 137529 12718.5360
2019:05:06 15:01:35 138313 767.1267
2019:05:06 15:01:35 138745 417.3182
2019:05:06 15:01:35 139556 419.5049
2019:05:06 15:01:35 140369 413.7196
2019:05:06 15:01:35 141183 411.3279
2019:05:06 15:01:35 142004 805.8548
2019:05:06 15:01:35 142815 794.3362
2019:05:06 15:01:35 143244 407.8150
2019:05:06 15:01:35 144061 416.6253
2019:05:06 15:01:35 144877 418.0856
2019:05:06 15:01:35 169224 23934.2451
2019:05:06 15:01:35 170008 405.6767
2019:05:06 15:01:35 171236 820.9832
2019:05:06 15:01:35 172055 413.7717
2019:05:06 15:01:35 173283 819.1839
2019:05:06 15:01:35 185732 360.8689
2019:05:06 15:01:35 189627 262.2418
2019:05:06 15:01:35 190443 412.4641
2019:05:06 15:01:35 191276 424.5453
2019:05:06 15:01:35 192493 821.8288
2019:05:06 15:01:35 217504 24605.0134
2019:05:06 15:01:35 217968 448.4430
2019:05:06 15:01:35 219185 811.6551
2019:05:06 15:01:35 220001 483.3341
2019:05:06 15:01:35 220820 804.1859
2019:05:06 15:01:35 233623 12787.0291
2019:05:06 15:01:35 234348 716.3472
2019:05:06 15:01:35 235165 803.0906
2019:05:06 15:01:35 235906 724.9638
2019:05:06 15:01:35 236406 486.6943
2019:05:06 15:01:35 237229 417.8174
2019:05:06 15:01:35 237954 328.6712
2019:05:06 15:01:35 238451 480.8344
2019:05:06 15:01:35 239273 421.8146
2019:05:06 15:01:35 240008 342.1381
2019:05:06 15:01:35 240504 483.1627
2019:05:06 15:01:35 241325 417.8435
2019:05:06 15:01:35 281550 11498.0116
2019:05:06 15:01:35 281929 363.2754
2019:05:06 15:01:35 318010 23914.1881
2019:05:06 15:01:35 329738 11719.8937
2019:05:06 15:01:35 336308 6555.1735
2019:05:06 15:01:35 337060 417.9478
2019:05:06 15:01:35 361646 24185.5755
2019:05:06 15:01:35 362449 785.8686
2019:05:06 15:01:35 363348 496.5439
2019:05:06 15:01:35 364087 731.2857
2019:05:06 15:01:35 364924 346.2620
2019:05:06 15:01:35 377755 12438.8412
2019:05:06 15:01:35 378429 665.7802
2019:05:06 15:01:35 379341 488.3930
2019:05:06 15:01:35 380080 427.6633
2019:05:06 15:01:35 381317 746.6823
2019:05:06 15:01:35 382118 793.0622
2019:05:06 15:01:35 383036 490.2408
2019:05:06 15:01:35 383785 444.7848
2019:05:06 15:01:35 385005 740.7814
2019:05:06 15:01:35 409317 24303.8498
2019:05:06 15:01:35 410009 676.1774
2019:05:06 15:01:35 410526 509.0944
2019:05:06 15:01:35 411741 818.5282
2019:05:06 15:01:35 412563 516.7089
2019:05:06 15:01:35 425298 12328.2596
2019:05:06 15:01:35 426085 406.8688
2019:05:06 15:01:35 426897 512.3876
2019:05:06 15:01:35 427717 806.3205
2019:05:06 15:01:35 428143 412.6765
2019:05:06 15:01:35 428945 510.2493
2019:05:06 15:01:35 429768 810.1501
2019:05:06 15:01:35 430187 403.1323
2019:05:06 15:01:35 431001 522.5316
2019:05:06 15:01:35 431816 807.6206
2019:05:06 15:01:35 432530 706.3784
2019:05:06 15:01:35 433052 513.5275
2019:05:06 15:01:35 457638 24187.9448
2019:05:06 15:01:35 458464 424.3925
2019:05:06 15:01:35 459266 408.9624
2019:05:06 15:01:35 459694 408.8618
2019:05:06 15:01:35 460513 412.8478
2019:05:06 15:01:35 461318 409.1263
2019:05:06 15:01:35 473658 12319.6617
2019:05:06 15:01:35 474417 396.5981
2019:05:06 15:01:35 475644 818.3867
2019:05:06 15:01:35 476463 413.5855
2019:05:06 15:01:35 477695 822.5739
2019:05:06 15:01:35 478519 420.3282
2019:05:06 15:01:35 479737 811.4465
2019:05:06 15:01:35 480163 407.9789
2019:05:06 15:01:35 481404 836.5028
2019:05:06 15:01:35 505954 390.7010
2019:05:06 15:01:35 506768 408.4222
2019:05:06 15:01:35 507588 804.2231
2019:05:06 15:01:35 508408 802.8671
2019:05:06 15:01:35 508833 408.2173
2019:05:06 15:01:35 521572 12342.6020
2019:05:06 15:01:35 522746 810.9808
2019:05:06 15:01:35 523572 422.6305
2019:05:06 15:01:35 524398 418.4544
2019:05:06 15:01:35 525214 419.3112
2019:05:06 15:01:35 526036 419.3634
2019:05:06 15:01:35 526855 422.2542
2019:05:06 15:01:35 527661 413.6711
2019:05:06 15:01:35 528488 420.1718
2019:05:06 15:01:35 529313 418.4432
2019:05:06 15:01:35 554008 409.7782
2019:05:06 15:01:35 554827 413.5445
2019:05:06 15:01:35 555643 410.2997
2019:05:06 15:01:35 556461 803.6494
2019:05:06 15:01:35 557281 802.6138
2019:05:06 15:01:35 569704 12407.7722
2019:05:06 15:01:35 570512 792.5555
2019:05:06 15:01:35 570937 408.0497
2019:05:06 15:01:35 571754 420.7119
2019:05:06 15:01:35 572573 421.4086
2019:05:06 15:01:35 573399 427.7676
2019:05:06 15:01:35 574200 397.6040
2019:05:06 15:01:35 575427 818.7257
2019:05:06 15:01:35 576252 413.5482
2019:05:06 15:01:35 601446 24788.2083
2019:05:06 15:01:35 602088 625.6290
2019:05:06 15:01:35 603044 819.7874
2019:05:06 15:01:35 604135 681.6760
2019:05:06 15:01:35 605091 819.4000
2019:05:06 15:01:35 617435 11929.9740
2019:05:06 15:01:35 618470 649.8136
2019:05:06 15:01:35 619023 535.8644
2019:05:06 15:01:35 619843 803.8953
2019:05:06 15:01:35 620520 661.4663
2019:05:06 15:01:35 621064 527.4937
2019:05:06 15:01:35 621884 804.2715
2019:05:06 15:01:35 622564 664.1112
2019:05:06 15:01:35 623113 531.6436
2019:05:06 15:01:35 623930 800.7064
2019:05:06 15:01:35 624362 413.9729
2019:05:06 15:01:35 625160 539.7424
2019:05:06 15:01:35 649350 24172.8052
2019:05:06 15:01:35 650162 423.0291
2019:05:06 15:01:35 651237 680.6776
2019:05:06 15:01:35 652193 819.4782
2019:05:06 15:01:35 665357 12753.6096
2019:05:06 15:01:35 666128 752.4528
2019:05:06 15:01:35 666951 809.7179
2019:05:06 15:01:35 667768 413.6637
2019:05:06 15:01:35 668599 819.5192
2019:05:06 15:01:35 669478 483.0956
2019:05:06 15:01:35 685837 415.2879
2019:05:06 15:01:35 686615 419.6838
2019:05:06 15:01:35 687434 363.3946
2019:05:06 15:01:35 688306 470.0236
2019:05:06 15:01:35 689527 864.6622
2019:05:06 15:01:35 697783 493.5153
2019:05:06 15:01:35 698530 454.7983
2019:05:06 15:01:35 699741 839.5426
2019:05:06 15:01:35 700542 418.4730
2019:05:06 15:01:35 713644 12677.6882
2019:05:06 15:01:35 714466 802.0625
2019:05:06 15:01:35 715278 413.0676
2019:05:06 15:01:35 716102 418.0744
2019:05:06 15:01:35 716917 412.9708
2019:05:06 15:01:35 717740 808.8686
2019:05:06 15:01:35 718554 799.9316
2019:05:06 15:01:35 719377 408.2322
2019:05:06 15:01:35 720601 819.0945
2019:05:06 15:01:35 745241 24223.8715
2019:05:06 15:01:35 746003 406.9619
2019:05:06 15:01:35 746827 418.4619
2019:05:06 15:01:35 747639 408.3738
2019:05:06 15:01:35 748459 806.1193
2019:05:06 15:01:35 749274 800.5649
2019:05:06 15:01:35 761617 12327.0489
2019:05:06 15:01:35 762789 817.1685
2019:05:06 15:01:35 764020 821.0354
2019:05:06 15:01:35 764837 803.4930
2019:05:06 15:01:35 766071 825.0996
2019:05:06 15:01:35 766885 805.9032
2019:05:06 15:01:35 768121 826.6866
2019:05:06 15:01:35 768933 803.1167
2019:05:06 15:01:35 793662 24319.3991
2019:05:06 15:01:35 794461 419.3075
2019:05:06 15:01:35 795284 419.4006
2019:05:06 15:01:35 796096 418.2756
2019:05:06 15:01:35 796907 410.7878
2019:05:06 15:01:35 809600 12678.4407
2019:05:06 15:01:35 810029 414.0213
2019:05:06 15:01:35 810848 420.9653
2019:05:06 15:01:35 811667 422.4069
2019:05:06 15:01:35 812472 414.3566
2019:05:06 15:01:35 813289 412.2257
2019:05:06 15:01:35 814109 412.7957
2019:05:06 15:01:35 814922 805.4897
2019:05:06 15:01:35 816159 826.9027
2019:05:06 15:01:35 816970 804.0965
2019:05:06 15:01:35 841409 24026.3529
2019:05:06 15:01:35 842150 412.3561
2019:05:06 15:01:35 842958 413.4253
2019:05:06 15:01:35 843383 410.1209
2019:05:06 15:01:35 844198 428.4978
2019:05:06 15:01:35 845006 410.4637
2019:05:06 15:01:35 857327 12305.8856
2019:05:06 15:01:35 858100 753.1531
2019:05:06 15:01:35 858923 805.0576
2019:05:06 15:01:35 859349 412.3859
2019:05:06 15:01:35 860163 418.3017
2019:05:06 15:01:35 860976 804.6031
2019:05:06 15:01:35 861429 436.5444
2019:05:06 15:01:35 862206 393.5024
2019:05:06 15:01:35 863023 802.3456
2019:05:06 15:01:35 863448 409.8266
2019:05:06 15:01:35 864247 408.4744
2019:05:06 15:01:35 865068 805.6723
2019:05:06 15:01:35 889208 24127.9081
2019:05:06 15:01:35 890008 409.4206
2019:05:06 15:01:35 890833 418.6146
2019:05:06 15:01:35 891651 412.8329
2019:05:06 15:01:35 892467 802.2822
2019:05:06 15:01:35 893281 798.9593
2019:05:06 15:01:35 905603 12304.4103
2019:05:06 15:01:35 906127 507.9843
2019:05:06 15:01:35 906943 422.7720
2019:05:06 15:01:35 907657 318.5757
2019:05:06 15:01:35 908568 413.8947
2019:05:06 15:01:35 909407 433.4450
2019:05:06 15:01:35 910207 484.4107
2019:05:06 15:01:35 911028 808.9654
2019:05:06 15:01:35 911748 316.9253
2019:05:06 15:01:35 912265 424.4819
2019:05:06 15:01:35 913481 815.0078
2019:05:06 15:01:35 937654 385.6346
2019:05:06 15:01:35 938372 316.6497
2019:05:06 15:01:35 938891 427.1828
2019:05:06 15:01:35 939710 422.5150
2019:05:06 15:01:35 940426 320.2222
2019:05:06 15:01:35 941331 809.8334
2019:05:06 15:01:35 953649 12291.8598
2019:05:06 15:01:35 954748 703.9122
2019:05:06 15:01:35 955270 504.1100
2019:05:06 15:01:35 956488 812.5193
2019:05:06 15:01:35 957304 509.8917
2019:05:06 15:01:35 958124 804.3200
2019:05:06 15:01:35 958843 701.8782
2019:05:06 15:01:35 959363 504.0579
2019:05:06 15:01:35 960180 417.8844
2019:05:06 15:01:35 960900 318.5309
2019:05:06 15:01:35 961420 429.6079
2019:05:06 15:01:35 985980 487.4021
2019:05:06 15:01:35 986799 805.5866
2019:05:06 15:01:35 987517 702.4296
2019:05:06 15:01:35 988036 502.8434
2019:05:06 15:01:35 988860 412.1400
2019:05:06 15:01:36 1985 12728.1584
2019:05:06 15:01:36 2532 537.9282
2019:05:06 15:01:36 3784 870.2800
2019:05:06 15:01:36 4551 650.3910
2019:05:06 15:01:36 5912 881.1653
2019:05:06 15:01:36 6689 713.4378
2019:05:06 15:01:36 7842 818.6102
2019:05:06 15:01:36 8736 717.6958
2019:05:06 15:01:36 33772 24701.6698
2019:05:06 15:01:36 34547 767.4582
2019:05:06 15:01:36 35670 819.9550
2019:05:06 15:01:36 36594 916.7716
2019:05:06 15:01:36 49618 12719.3965
2019:05:06 15:01:36 50230 603.2549
2019:05:06 15:01:36 51388 820.3760
2019:05:06 15:01:36 52281 485.2749
2019:05:06 15:01:36 53577 963.8593
2019:05:06 15:01:36 54237 376.7498
2019:05:06 15:01:36 55478 833.5710
2019:05:06 15:01:36 56371 491.6787
2019:05:06 15:01:36 81549 24854.8351
2019:05:06 15:01:36 82377 819.8433
2019:05:06 15:01:36 83609 787.6679
2019:05:06 15:01:36 84425 807.7882
2019:05:06 15:01:36 98029 13145.3872
2019:05:06 15:01:36 98846 808.6339
2019:05:06 15:01:36 99931 749.8637
2019:05:06 15:01:36 100890 908.2295
2019:05:06 15:01:36 101962 711.4597
2019:05:06 15:01:36 102846 821.0726
2019:05:06 15:01:36 104002 747.5652
2019:05:06 15:01:36 104964 892.5088
2019:05:06 15:01:36 129500 24033.9115
2019:05:06 15:01:36 130304 421.6135
2019:05:06 15:01:36 131105 476.7701
2019:05:06 15:01:36 131926 804.0927
2019:05:06 15:01:36 132348 406.0976
2019:05:06 15:01:36 133154 476.1703
2019:05:06 15:01:36 145529 12358.4867
2019:05:06 15:01:36 146669 801.2988
2019:05:06 15:01:36 147497 491.9022
2019:05:06 15:01:36 148715 818.6698
2019:05:06 15:01:36 149550 497.1623
2019:05:06 15:01:36 150763 817.7869
2019:05:06 15:01:36 151592 491.5707
2019:05:06 15:01:36 152811 818.3159
2019:05:06 15:01:36 177365 24216.9835
2019:05:06 15:01:36 178144 415.1538
2019:05:06 15:01:36 178963 422.6603
2019:05:06 15:01:36 179782 423.1259
2019:05:06 15:01:36 180595 411.8420
2019:05:06 15:01:36 193343 12343.4514
2019:05:06 15:01:36 194114 745.7659
2019:05:06 15:01:36 194927 795.7891
2019:05:06 15:01:36 195744 800.1439
2019:05:06 15:01:36 196566 808.4513
2019:05:06 15:01:36 197402 822.1306
2019:05:06 15:01:36 197809 390.3024
2019:05:06 15:01:36 198624 418.1266
2019:05:06 15:01:36 199445 419.5832
2019:05:06 15:01:36 200267 426.3297
2019:05:06 15:01:36 201078 409.1039
2019:05:06 15:01:36 225451 23972.1052
2019:05:06 15:01:36 226224 757.6570
2019:05:06 15:01:36 227051 419.2106
2019:05:06 15:01:36 227878 422.5224
2019:05:06 15:01:36 229110 830.5721
2019:05:06 15:01:36 241792 12674.3205
2019:05:06 15:01:36 242214 384.1072
2019:05:06 15:01:36 243033 422.3436
2019:05:06 15:01:36 243849 420.8274
2019:05:06 15:01:36 244664 416.8041
2019:05:06 15:01:36 245493 426.4303
2019:05:06 15:01:36 246302 409.3684
2019:05:06 15:01:36 247111 803.1987
2019:05:06 15:01:36 247929 805.9666
2019:05:06 15:01:36 248354 411.8532
2019:05:06 15:01:36 249175 422.4330
2019:05:06 15:01:36 274008 381.5591
2019:05:06 15:01:36 274825 409.1300
2019:05:06 15:01:36 276054 818.9864
2019:05:06 15:01:36 276873 407.1817
2019:05:06 15:01:36 289628 12345.3401
2019:05:06 15:01:36 290814 823.5388
2019:05:06 15:01:36 291211 390.6898
2019:05:06 15:01:36 292037 811.1782
2019:05:06 15:01:36 292853 804.5174
2019:05:06 15:01:36 293253 387.0502
2019:05:06 15:01:36 294073 800.7362
2019:05:06 15:01:36 294892 803.4781
2019:05:06 15:01:36 295301 393.3311
2019:05:06 15:01:36 296121 803.9810
2019:05:06 15:01:36 296940 804.3870
2019:05:06 15:01:36 321548 24592.2804
2019:05:06 15:01:36 321934 370.2752
2019:05:06 15:01:36 322759 816.8705
2019:05:06 15:01:36 323584 426.9816
2019:05:06 15:01:36 323987 246.4987
2019:05:06 15:01:36 324804 418.8344
2019:05:06 15:01:36 337379 12173.8203
2019:05:06 15:01:36 338141 410.5754
2019:05:06 15:01:36 339355 807.4008
2019:05:06 15:01:36 339782 411.0821
2019:05:06 15:01:36 340993 809.1033
2019:05:06 15:01:36 341827 821.2589
2019:05:06 15:01:36 342639 804.7819
2019:05:06 15:01:36 343458 417.3294
2019:05:06 15:01:36 344279 419.5943
2019:05:06 15:01:36 345099 415.1799
2019:05:06 15:01:36 369320 23815.3264
2019:05:06 15:01:36 370092 411.0225
2019:05:06 15:01:36 371307 818.3569
2019:05:06 15:01:36 372135 420.0526
2019:05:06 15:01:36 373358 822.4659
2019:05:06 15:01:36 385728 358.9466
2019:05:06 15:01:36 386940 827.1001
2019:05:06 15:01:36 387745 797.8603
2019:05:06 15:01:36 388565 417.6572
2019:05:06 15:01:36 389385 418.8828
2019:05:06 15:01:36 390206 409.7857
2019:05:06 15:01:36 391025 414.8334
2019:05:06 15:01:36 391849 417.6162
2019:05:06 15:01:36 392669 422.6901
2019:05:06 15:01:36 417260 24194.3710
2019:05:06 15:01:36 418056 404.8944
2019:05:06 15:01:36 418870 413.9505
2019:05:06 15:01:36 419689 413.7158
2019:05:06 15:01:36 420504 409.1710
2019:05:06 15:01:36 421324 807.8478
2019:05:06 15:01:36 433632 12296.3265
2019:05:06 15:01:36 434452 419.1585
2019:05:06 15:01:36 435260 415.3587
2019:05:06 15:01:36 436074 409.6292
2019:05:06 15:01:36 436888 799.6969
2019:05:06 15:01:36 437714 810.4034
2019:05:06 15:01:36 438134 402.2345
2019:05:06 15:01:36 438951 419.7694
2019:05:06 15:01:36 439771 421.6395
2019:05:06 15:01:36 440993 824.8910
2019:05:06 15:01:36 465203 24202.4511
2019:05:06 15:01:36 466007 408.5004
2019:05:06 15:01:36 466830 417.3890
2019:05:06 15:01:36 467655 420.9839
2019:05:06 15:01:36 468474 419.1585
2019:05:06 15:01:36 469293 419.4714
2019:05:06 15:01:36 482399 295.9669
2019:05:06 15:01:36 483618 818.4314
2019:05:06 15:01:36 484438 413.5519
2019:05:06 15:01:36 485673 826.4109
2019:05:06 15:01:36 486486 801.1162
2019:05:06 15:01:36 487713 819.5452
2019:05:06 15:01:36 488533 413.1608
2019:05:06 15:01:36 513236 24294.2497
2019:05:06 15:01:36 514030 401.5826
2019:05:06 15:01:36 514848 479.9739
2019:05:06 15:01:36 515672 810.9845
2019:05:06 15:01:36 516426 352.9787
2019:05:06 15:01:36 517312 421.2782
2019:05:06 15:01:36 530416 492.1071
2019:05:06 15:01:36 531231 798.5681
2019:05:06 15:01:36 532056 811.6104
2019:05:06 15:01:36 532810 351.2911
2019:05:06 15:01:36 533705 428.0880
2019:05:06 15:01:36 534849 742.8788
2019:05:06 15:01:36 535737 820.3611
2019:05:06 15:01:36 536900 751.0483
2019:05:06 15:01:36 561499 24533.7598
2019:05:06 15:01:36 561967 454.2284
2019:05:06 15:01:36 562785 414.7440
2019:05:06 15:01:36 563995 807.1028
2019:05:06 15:01:36 564815 803.1577
2019:05:06 15:01:36 585439 20607.8850
2019:05:06 15:01:36 609697 24250.3434
2019:05:06 15:01:36 610118 387.7282
2019:05:06 15:01:36 610937 413.3135
2019:05:06 15:01:36 612147 808.9058
2019:05:06 15:01:36 612966 804.0071
2019:05:06 15:01:36 626250 13268.0349
2019:05:06 15:01:36 626905 647.2655
2019:05:06 15:01:36 628122 811.5917
2019:05:06 15:01:36 628544 405.1141
2019:05:06 15:01:36 629378 424.0833
2019:05:06 15:01:36 630187 413.0192
2019:05:06 15:01:36 630993 414.6174
2019:05:06 15:01:36 631812 414.0846
2019:05:06 15:01:36 632631 412.4977
2019:05:06 15:01:36 633452 807.3747
2019:05:06 15:01:36 657719 398.0882
2019:05:06 15:01:36 658520 419.9967
2019:05:06 15:01:36 659346 418.8083
2019:05:06 15:01:36 660162 418.9983
2019:05:06 15:01:36 660980 418.5587
2019:05:06 15:01:36 673695 12293.6070
2019:05:06 15:01:36 674289 210.7359
2019:05:06 15:01:36 677786 421.2596
2019:05:06 15:01:36 678381 209.6705
2019:05:06 15:01:36 679008 415.0011
2019:05:06 15:01:36 679825 809.4907
2019:05:06 15:01:36 680434 211.4512
2019:05:06 15:01:36 681053 422.1946
2019:05:06 15:01:36 705734 20370.0475
2019:05:06 15:01:36 706689 947.3749
2019:05:06 15:01:36 707762 553.8985
2019:05:06 15:01:36 708708 485.5767
2019:05:06 15:01:36 721989 11951.1485
2019:05:06 15:01:36 722601 604.2309
2019:05:06 15:01:36 723606 996.1687
2019:05:06 15:01:36 724622 898.1712
2019:05:06 15:01:36 725653 1023.8886
2019:05:06 15:01:36 726670 885.9783
2019:05:06 15:01:36 727676 999.6444
2019:05:06 15:01:36 728689 524.1483
2019:05:06 15:01:36 753451 24754.8819
2019:05:06 15:01:36 754551 503.9833
2019:05:06 15:01:36 755579 536.8255
2019:05:06 15:01:36 756567 893.3954
2019:05:06 15:01:36 770033 12973.7593
2019:05:06 15:01:36 771099 1057.6099
2019:05:06 15:01:36 772144 534.4041
2019:05:06 15:01:36 773759 1123.5960
2019:05:06 15:01:36 774771 1002.6023
2019:05:06 15:01:36 775802 526.2755
2019:05:06 15:01:36 776780 970.5983
2019:05:06 15:01:36 801612 24311.7996
2019:05:06 15:01:36 802559 938.5981
2019:05:06 15:01:36 803199 632.5394
2019:05:06 15:01:36 804626 1006.4729
2019:05:06 15:01:36 805274 640.9548
2019:05:06 15:01:36 818706 581.9872
2019:05:06 15:01:36 819729 969.7713
2019:05:06 15:01:36 820795 535.5291
2019:05:06 15:01:36 821626 315.8599
2019:05:06 15:01:36 822847 773.4112
2019:05:06 15:01:36 823665 810.6418
2019:05:06 15:01:36 824899 803.1614
2019:05:06 15:01:36 849561 24654.7163
2019:05:06 15:01:36 850320 751.2830
2019:05:06 15:01:36 851582 796.1243
2019:05:06 15:01:36 852377 787.7499
2019:05:06 15:01:36 865807 12927.1895
2019:05:06 15:01:36 866458 643.7078
2019:05:06 15:01:36 867679 775.1621
2019:05:06 15:01:36 868495 808.0117
2019:05:06 15:01:36 869756 852.8121
2019:05:06 15:01:36 870554 790.5215
2019:05:06 15:01:36 871782 819.4894
2019:05:06 15:01:36 872600 810.7647
2019:05:06 15:01:36 897783 24776.8834
2019:05:06 15:01:36 898399 607.2074
2019:05:06 15:01:36 899297 891.6855
2019:05:06 15:01:36 900507 885.1066
2019:05:06 15:01:36 901320 805.5307
2019:05:06 15:01:36 913876 591.9822
2019:05:06 15:01:36 914853 673.9646
2019:05:06 15:01:36 915757 487.9311
2019:05:06 15:01:36 916902 818.7406
2019:05:06 15:01:36 917828 502.9365
2019:05:06 15:01:36 918942 825.5355
2019:05:06 15:01:36 920163 809.4087
2019:05:06 15:01:36 921475 871.8856
2019:05:06 15:01:36 945714 476.7291
2019:05:06 15:01:36 946485 467.1365
2019:05:06 15:01:36 947724 762.8761
2019:05:06 15:01:36 948506 442.7992
2019:05:06 15:01:36 961665 12673.3631
2019:05:06 15:01:36 962375 701.4535
2019:05:06 15:01:36 963224 398.8855
2019:05:06 15:01:36 964419 785.4253
2019:05:06 15:01:36 965270 403.4936
2019:05:06 15:01:36 966466 773.0871
2019:05:06 15:01:36 967320 405.6953
2019:05:06 15:01:36 968514 786.5466
2019:05:06 15:01:36 969430 468.8390
2019:05:06 15:01:36 993752 381.9987
2019:05:06 15:01:36 994937 818.0402
2019:05:06 15:01:36 995766 410.6872
2019:05:06 15:01:36 996986 820.1897
2019:05:06 15:01:37 9749 12165.6731
2019:05:06 15:01:37 10935 725.6530
2019:05:06 15:01:37 12158 819.4186
2019:05:06 15:01:37 12985 819.6533
2019:05:06 15:01:37 14198 789.6274
2019:05:06 15:01:37 15021 815.3617
2019:05:06 15:01:37 16243 816.5389
2019:05:06 15:01:37 17067 817.0679
2019:05:06 15:01:37 41662 24082.0311
2019:05:06 15:01:37 42471 801.5707
2019:05:06 15:01:37 43278 411.3950
2019:05:06 15:01:37 44519 826.1949
2019:05:06 15:01:37 45532 617.8766
2019:05:06 15:01:37 58535 575.6654
2019:05:06 15:01:37 59311 768.0133
2019:05:06 15:01:37 60087 768.7397
2019:05:06 15:01:37 61383 801.2690
2019:05:06 15:01:37 62155 764.6680
2019:05:06 15:01:37 63415 899.7023
2019:05:06 15:01:37 64173 750.8472
2019:05:06 15:01:37 65552 851.5939
2019:05:06 15:01:37 89315 23754.8389
2019:05:06 15:01:37 90553 763.8335
2019:05:06 15:01:37 91819 912.8153
2019:05:06 15:01:37 92586 444.2185
2019:05:06 15:01:37 105797 12838.7623
2019:05:06 15:01:37 106594 788.4130
2019:05:06 15:01:37 107852 927.0795
2019:05:06 15:01:37 108613 751.7040
2019:05:06 15:01:37 109872 899.9109
2019:05:06 15:01:37 110633 754.1589
2019:05:06 15:01:37 111900 769.1458
2019:05:06 15:01:37 112667 759.9480
2019:05:06 15:01:37 137590 24441.2459
2019:05:06 15:01:37 138123 524.6289
2019:05:06 15:01:37 139123 895.6827
2019:05:06 15:01:37 140143 685.7999
2019:05:06 15:01:37 141097 752.6614
2019:05:06 15:01:37 153989 12004.1780
2019:05:06 15:01:37 154622 328.5855
2019:05:06 15:01:37 155904 788.9047
2019:05:06 15:01:37 156687 415.5263
2019:05:06 15:01:37 157971 781.9943
2019:05:06 15:01:37 159232 926.8075
2019:05:06 15:01:37 159990 750.5901
2019:05:06 15:01:37 160766 409.5696
2019:05:06 15:01:37 185558 24302.6502
2019:05:06 15:01:37 186648 820.3276
2019:05:06 15:01:37 187881 805.5530
2019:05:06 15:01:37 188695 807.1698
2019:05:06 15:01:37 202269 13149.5446
2019:05:06 15:01:37 203089 812.6944
2019:05:06 15:01:37 204370 918.5150
2019:05:06 15:01:37 205155 776.2611
2019:05:06 15:01:37 233380 24115.9499
2019:05:06 15:01:37 234013 616.1109
2019:05:06 15:01:37 234831 800.8033
2019:05:06 15:01:37 235420 572.3722
2019:05:06 15:01:37 236060 623.7887
2019:05:06 15:01:37 236491 413.0565
2019:05:06 15:01:37 237308 422.7981
2019:05:06 15:01:37 249760 129.9828
2019:05:06 15:01:37 250396 622.5444
2019:05:06 15:01:37 251214 800.8517
2019:05:06 15:01:37 251803 573.0279
2019:05:06 15:01:37 252442 623.4311
2019:05:06 15:01:37 253263 806.1491
2019:05:06 15:01:37 253851 573.2477
2019:05:06 15:01:37 254491 623.6881
2019:05:06 15:01:37 255309 804.9160
2019:05:06 15:01:37 255898 575.7958
2019:05:06 15:01:37 256547 635.7394
2019:05:06 15:01:37 257359 804.8974
2019:05:06 15:01:37 281568 24196.5614
2019:05:06 15:01:37 282358 421.3899
2019:05:06 15:01:37 282770 237.9455
2019:05:06 15:01:37 283595 419.3410
2019:05:06 15:01:37 284411 417.6199
2019:05:06 15:01:37 284824 238.3627
2019:05:06 15:01:37 297544 12324.1059
2019:05:06 15:01:37 298731 819.5229
2019:05:06 15:01:37 299548 639.3604
2019:05:06 15:01:37 300776 819.5080
2019:05:06 15:01:37 301613 657.5324
2019:05:06 15:01:37 302414 793.8780
2019:05:06 15:01:37 303234 409.9309
2019:05:06 15:01:37 304462 819.2845
2019:05:06 15:01:37 329331 24458.8591
2019:05:06 15:01:37 330102 453.9192
2019:05:06 15:01:37 330921 804.1970
2019:05:06 15:01:37 331673 734.9290
2019:05:06 15:01:37 332170 482.1382
2019:05:06 15:01:37 332986 422.5373
2019:05:06 15:01:37 345685 12008.4696
2019:05:06 15:01:37 346494 802.2897
2019:05:06 15:01:37 347311 801.6676
2019:05:06 15:01:37 348062 735.8789
2019:05:06 15:01:37 348558 479.7727
2019:05:06 15:01:37 349377 419.7843
2019:05:06 15:01:37 350118 333.7301
2019:05:06 15:01:37 350608 474.7808
2019:05:06 15:01:37 351427 415.0383
2019:05:06 15:01:37 352163 341.3074
2019:05:06 15:01:37 352651 473.0932
2019:05:06 15:01:37 377630 24569.7647
2019:05:06 15:01:37 378439 793.0398
2019:05:06 15:01:37 379254 480.2793
2019:05:06 15:01:37 380077 809.4832
2019:05:06 15:01:37 380829 349.8457
2019:05:06 15:01:37 393624 12326.5944
2019:05:06 15:01:37 394409 768.4901
2019:05:06 15:01:37 395158 733.1893
2019:05:06 15:01:37 395650 475.7680
2019:05:06 15:01:37 396469 422.0493
2019:05:06 15:01:37 397219 346.9884
2019:05:06 15:01:37 398103 404.8273
2019:05:06 15:01:37 398927 422.6342
2019:05:06 15:01:37 399746 489.2051
2019:05:06 15:01:37 400566 423.4314
2019:05:06 15:01:37 401315 352.3827
2019:05:06 15:01:37 425797 358.7306
2019:05:06 15:01:37 426622 421.9078
2019:05:06 15:01:37 427446 416.2714
2019:05:06 15:01:37 428258 418.1862
2019:05:06 15:01:37 429074 415.3773
2019:05:06 15:01:37 441423 11938.8290
2019:05:06 15:01:37 442194 413.9431
2019:05:06 15:01:37 443007 413.2465
2019:05:06 15:01:37 444222 811.1894
2019:05:06 15:01:37 445038 799.9726
2019:05:06 15:01:37 445864 808.2911
2019:05:06 15:01:37 446290 411.4658
2019:05:06 15:01:37 447109 415.5673
2019:05:06 15:01:37 447920 410.7729
2019:05:06 15:01:37 448741 422.1871
2019:05:06 15:01:37 473388 24245.7837
2019:05:06 15:01:37 474164 406.0119
2019:05:06 15:01:37 475444 903.7219
2019:05:06 15:01:37 476220 455.2864
2019:05:06 15:01:37 477918 1328.9042
2019:05:06 15:01:37 489985 651.6799
2019:05:06 15:01:37 490911 822.0896
2019:05:06 15:01:37 492141 823.3674
2019:05:06 15:01:37 493100 951.3497
2019:05:06 15:01:37 494186 796.2920
2019:05:06 15:01:37 494996 802.5095
2019:05:06 15:01:37 496230 823.7138
2019:05:06 15:01:37 497117 880.0514
2019:05:06 15:01:37 521420 23803.4353
2019:05:06 15:01:37 522171 446.4909
2019:05:06 15:01:37 523404 887.0028
2019:05:06 15:01:37 524167 422.2728
2019:05:06 15:01:37 525700 1070.9725
2019:05:06 15:01:37 537977 660.1065
2019:05:06 15:01:37 538535 435.4045
2019:05:06 15:01:37 539778 766.4673
2019:05:06 15:01:37 540558 421.8407
2019:05:06 15:01:37 541829 795.3495
2019:05:06 15:01:37 542616 406.9023
2019:05:06 15:01:37 543871 771.8243
2019:05:06 15:01:37 544664 411.9352
2019:05:06 15:01:37 569250 24108.2348
2019:05:06 15:01:37 570030 262.5324
2019:05:06 15:01:37 571280 761.5387
2019:05:06 15:01:37 572075 787.7536
2019:05:06 15:01:37 573876 1353.0254
2019:05:06 15:01:37 585940 12052.8415
2019:05:06 15:01:37 586829 811.1820
2019:05:06 15:01:37 587738 500.1947
2019:05:06 15:01:37 588975 914.7711
2019:05:06 15:01:37 589755 439.4092
2019:05:06 15:01:37 590948 820.4617
2019:05:06 15:01:37 591769 403.6091
2019:05:06 15:01:37 592997 823.7176
2019:05:06 15:01:37 617677 24200.0893
2019:05:06 15:01:37 618879 406.3360
2019:05:06 15:01:37 619702 414.2374
2019:05:06 15:01:37 620926 822.9464
2019:05:06 15:01:37 633674 12211.7996
2019:05:06 15:01:37 634857 823.6431
2019:05:06 15:01:37 636078 805.2550
2019:05:06 15:01:37 636912 826.6382
2019:05:06 15:01:37 638145 832.0659
2019:05:06 15:01:37 638960 807.4045
2019:05:06 15:01:37 640182 814.0765
2019:05:06 15:01:37 641003 812.8844
2019:05:06 15:01:37 665718 24238.1059
2019:05:06 15:01:37 666795 816.5129
2019:05:06 15:01:37 667607 804.4206
2019:05:06 15:01:37 668837 815.9205
2019:05:06 15:01:37 681967 13122.6964
2019:05:06 15:01:37 683257 778.5782
2019:05:06 15:01:37 684035 770.3416
2019:05:06 15:01:37 685314 902.4590
2019:05:06 15:01:37 686100 778.4963
2019:05:06 15:01:37 687377 919.0552
2019:05:06 15:01:37 688161 775.5868
2019:05:06 15:01:37 689479 971.9618
2019:05:06 15:01:37 713607 24120.3345
2019:05:06 15:01:37 714722 820.5697
2019:05:06 15:01:37 715954 801.1945
2019:05:06 15:01:37 716765 804.5174
2019:05:06 15:01:37 730024 12801.2449
2019:05:06 15:01:37 731082 784.9745
2019:05:06 15:01:37 732315 770.2000
2019:05:06 15:01:37 733130 806.9798
2019:05:06 15:01:37 734143 539.6269
2019:05:06 15:01:37 735201 823.9076
2019:05:06 15:01:37 736184 532.3850
2019:05:06 15:01:37 737271 841.4946
2019:05:06 15:01:37 761763 375.0250
2019:05:06 15:01:37 762956 780.5079
2019:05:06 15:01:37 763790 825.9639
2019:05:06 15:01:37 764892 609.5879
2019:05:06 15:01:37 777342 12284.1485
2019:05:06 15:01:37 778528 542.9648
2019:05:06 15:01:37 779792 891.8494
2019:05:06 15:01:37 780539 739.9172
2019:05:06 15:01:37 781365 331.4503
2019:05:06 15:01:37 782597 752.3894
2019:05:06 15:01:37 783877 779.1445
2019:05:06 15:01:37 784634 750.3778
2019:05:06 15:01:37 809574 24456.7730
2019:05:06 15:01:37 810198 615.9395
2019:05:06 15:01:37 811125 919.6736
2019:05:06 15:01:37 811943 518.0724
2019:05:06 15:01:37 813162 917.9786
2019:05:06 15:01:37 825946 11956.3788
2019:05:06 15:01:37 826583 334.7173
2019:05:06 15:01:37 827821 763.9900
2019:05:06 15:01:37 828625 283.7554
2019:05:06 15:01:37 829894 780.3738
2019:05:06 15:01:37 830682 419.1883
2019:05:06 15:01:37 831956 767.6333
2019:05:06 15:01:37 832751 439.4017
2019:05:06 15:01:37 857312 24178.5869
2019:05:06 15:01:37 858103 336.3341
2019:05:06 15:01:37 859320 786.8931
2019:05:06 15:01:37 860149 336.8668
2019:05:06 15:01:37 862030 1451.8239
2019:05:06 15:01:37 874156 324.3275
2019:05:06 15:01:37 875429 784.7324
2019:05:06 15:01:37 876207 415.8318
2019:05:06 15:01:37 877516 804.6776
2019:05:06 15:01:37 878294 436.1570
2019:05:06 15:01:37 879577 914.3613
2019:05:06 15:01:37 880355 468.2019
2019:05:06 15:01:37 905477 24770.3306
2019:05:06 15:01:37 906091 605.8477
2019:05:06 15:01:37 906909 372.7674
2019:05:06 15:01:37 908135 818.5320
2019:05:06 15:01:37 909059 496.5588
2019:05:06 15:01:37 933867 23742.1282
2019:05:06 15:01:37 953999 407.9379
2019:05:06 15:01:37 954819 414.5131
2019:05:06 15:01:37 955633 800.1402
2019:05:06 15:01:37 956452 803.0161
2019:05:06 15:01:37 957272 803.3514
2019:05:06 15:01:37 970088 12803.1932
2019:05:06 15:01:37 970819 405.9114
