
# OSU MPI Allreduce Latency Test v5.6.1
# Size       Avg Latency(us)
1024                 6899.19
2019:05:06 15:02:14 938343 406.6825
2019:05:06 15:02:14 939148 408.6047
2019:05:06 15:02:14 939979 424.7800
2019:05:06 15:02:14 940404 416.5508
2019:05:06 15:02:14 941202 419.1659
2019:05:06 15:02:14 942045 434.1528
2019:05:06 15:02:14 942831 405.8480
2019:05:06 15:02:14 943662 418.9201
2019:05:06 15:02:14 944485 415.8206
2019:05:06 15:02:14 945312 430.1742
2019:05:06 15:02:14 949398 3697.0116
2019:05:06 15:02:14 950218 812.1952
2019:05:06 15:02:14 951026 404.7193
2019:05:06 15:02:14 951841 802.6920
2019:05:06 15:02:14 952268 409.2716
2019:05:06 15:02:14 953071 401.5006
2019:05:06 15:02:14 955132 1647.4426
2019:05:06 15:02:14 959241 4100.6170
2019:05:06 15:02:14 960034 409.9384
2019:05:06 15:02:14 960860 421.9860
2019:05:06 15:02:14 962505 1232.5384
2019:05:06 15:02:14 963304 792.2240
2019:05:06 15:02:14 964126 807.0357
2019:05:06 15:02:14 964952 814.4192
2019:05:06 15:02:14 965774 807.2965
2019:05:06 15:02:14 995867 30086.5173
2019:05:06 15:02:14 996500 418.0595
2019:05:06 15:02:14 997316 418.7524
2019:05:06 15:02:14 998130 391.1145
2019:05:06 15:02:14 998957 815.5294
2019:05:06 15:02:15 2013 3045.8495
2019:05:06 15:02:15 2647 416.2379
2019:05:06 15:02:15 3454 403.0615
2019:05:06 15:02:15 4046 559.6466
2019:05:06 15:02:15 4699 638.5408
2019:05:06 15:02:15 5520 426.6165
2019:05:06 15:02:15 6318 411.9277
2019:05:06 15:02:15 7969 1638.3380
2019:05:06 15:02:15 12910 4905.7230
2019:05:06 15:02:15 14105 807.6318
2019:05:06 15:02:15 14915 803.7239
2019:05:06 15:02:15 15740 814.6055
2019:05:06 15:02:15 16557 806.5030
2019:05:06 15:02:15 17402 832.4236
2019:05:06 15:02:15 18197 782.6276
2019:05:06 15:02:15 19050 841.0513
2019:05:06 15:02:15 19834 769.3730
2019:05:06 15:02:15 20650 802.4797
2019:05:06 15:02:15 21477 815.3245
2019:05:06 15:02:15 21909 391.5578
2019:05:06 15:02:15 22710 411.1789
2019:05:06 15:02:15 23531 414.6025
2019:05:06 15:02:15 24357 425.5921
2019:05:06 15:02:15 31309 539.0793
2019:05:06 15:02:15 32141 818.8821
2019:05:06 15:02:15 32946 797.3500
2019:05:06 15:02:15 48512 15553.2397
2019:05:06 15:02:15 49328 806.4620
2019:05:06 15:02:15 55790 6447.7175
2019:05:06 15:02:15 56698 807.5498
2019:05:06 15:02:15 57514 802.7181
2019:05:06 15:02:15 58358 824.9097
2019:05:06 15:02:15 59170 420.2500
2019:05:06 15:02:15 59982 417.4560
2019:05:06 15:02:15 60807 422.0940
2019:05:06 15:02:15 63300 2101.0302
2019:05:06 15:02:15 64077 398.8445
2019:05:06 15:02:15 64906 428.5686
2019:05:06 15:02:15 65707 792.8088
2019:05:06 15:02:15 66521 797.8342
2019:05:06 15:02:15 66962 420.2276
2019:05:06 15:02:15 67766 420.2724
2019:05:06 15:02:15 68579 414.8744
2019:05:06 15:02:15 69409 424.8284
2019:05:06 15:02:15 81701 394.0724
2019:05:06 15:02:15 82539 681.1246
2019:05:06 15:02:15 83351 437.9079
2019:05:06 15:02:15 84553 804.0890
2019:05:06 15:02:15 85405 838.5889
2019:05:06 15:02:15 86186 395.9276
2019:05:06 15:02:15 87022 815.6486
2019:05:06 15:02:15 87437 402.2047
2019:05:06 15:02:15 88233 400.6363
2019:05:06 15:02:15 89073 423.0104
2019:05:06 15:02:15 89877 402.9386
2019:05:06 15:02:15 90690 641.5285
2019:05:06 15:02:15 91514 809.7626
2019:05:06 15:02:15 92090 563.9270
2019:05:06 15:02:15 92748 643.7041
2019:05:06 15:02:15 93574 815.0712
2019:05:06 15:02:15 94147 556.2082
2019:05:06 15:02:15 94803 426.1099
2019:05:06 15:02:15 95621 427.2908
2019:05:06 15:02:15 96419 403.0056
2019:05:06 15:02:15 97240 803.9735
2019:05:06 15:02:15 98074 807.1586
2019:05:06 15:02:15 98899 664.1075
2019:05:06 15:02:15 99707 402.6964
2019:05:06 15:02:15 100291 574.7303
2019:05:06 15:02:15 117324 17019.9089
2019:05:06 15:02:15 122263 4930.3509
2019:05:06 15:02:15 124782 671.3457
2019:05:06 15:02:15 125371 567.6709
2019:05:06 15:02:15 126598 929.0911
2019:05:06 15:02:15 127245 635.8922
2019:05:06 15:02:15 128169 901.4904
2019:05:06 15:02:15 128903 725.7760
2019:05:06 15:02:15 129732 371.1209
2019:05:06 15:02:15 130631 520.9297
2019:05:06 15:02:15 131362 404.0040
2019:05:06 15:02:15 132577 710.5246
2019:05:06 15:02:15 153485 20376.2613
2019:05:06 15:02:15 153877 380.1137
2019:05:06 15:02:15 155110 824.7867
2019:05:06 15:02:15 155916 798.4526
2019:05:06 15:02:15 156752 821.1583
2019:05:06 15:02:15 157593 833.1500
2019:05:06 15:02:15 158377 411.8234
2019:05:06 15:02:15 159609 820.2307
2019:05:06 15:02:15 160421 747.6397
2019:05:06 15:02:15 161251 425.4095
2019:05:06 15:02:15 162077 417.8323
2019:05:06 15:02:15 162892 420.8945
2019:05:06 15:02:15 193398 30101.0981
2019:05:06 15:02:15 194125 712.0706
2019:05:06 15:02:15 194953 421.9189
2019:05:06 15:02:15 195782 431.4072
2019:05:06 15:02:15 196582 419.6092
2019:05:06 15:02:15 201371 4390.8954
2019:05:06 15:02:15 201911 525.8955
2019:05:06 15:02:15 202729 424.5229
2019:05:06 15:02:15 203535 417.6609
2019:05:06 15:02:15 204358 425.0221
2019:05:06 15:02:15 205170 413.2688
2019:05:06 15:02:15 221386 16201.2465
2019:05:06 15:02:15 222378 801.9209
2019:05:06 15:02:15 222800 411.3130
2019:05:06 15:02:15 223594 401.3069
2019:05:06 15:02:15 224420 813.5065
2019:05:06 15:02:15 225240 807.0655
2019:05:06 15:02:15 225661 409.4057
2019:05:06 15:02:15 226476 412.0320
2019:05:06 15:02:15 257382 19976.1875
2019:05:06 15:02:15 258006 614.6245
2019:05:06 15:02:15 258828 421.1180
2019:05:06 15:02:15 259639 412.3040
2019:05:06 15:02:15 260456 410.4525
2019:05:06 15:02:15 261365 896.0627
2019:05:06 15:02:15 277693 16320.2323
2019:05:06 15:02:15 278615 537.4737
2019:05:06 15:02:15 279860 945.0167
2019:05:06 15:02:15 281104 1234.2930
2019:05:06 15:02:15 281769 657.6777
2019:05:06 15:02:15 282659 486.5639
2019:05:06 15:02:15 283414 422.8689
2019:05:06 15:02:15 284639 732.4405
2019:05:06 15:02:15 285469 816.7848
2019:05:06 15:02:15 286416 931.2108
2019:05:06 15:02:15 287660 943.2696
2019:05:06 15:02:15 288343 675.3318
2019:05:06 15:02:15 309370 20646.0170
2019:05:06 15:02:15 310048 665.6982
2019:05:06 15:02:15 311256 666.0707
2019:05:06 15:02:15 312142 487.5436
2019:05:06 15:02:15 312897 416.8563
2019:05:06 15:02:15 326019 12661.6396
2019:05:06 15:02:15 326930 882.2978
2019:05:06 15:02:15 327631 692.8444
2019:05:06 15:02:15 328189 538.8223
2019:05:06 15:02:15 329437 948.1795
2019:05:06 15:02:15 330093 646.5949
2019:05:06 15:02:15 331007 895.9509
2019:05:06 15:02:15 331731 715.5389
2019:05:06 15:02:15 332565 312.8946
2019:05:06 15:02:15 333505 540.4092
2019:05:06 15:02:15 334728 545.1888
2019:05:06 15:02:15 335975 936.2511
2019:05:06 15:02:15 336672 689.1787
2019:05:06 15:02:15 357534 20327.0055
2019:05:06 15:02:15 358441 893.0303
2019:05:06 15:02:15 359189 421.2223
2019:05:06 15:02:15 360411 731.4123
2019:05:06 15:02:15 361238 319.2313
2019:05:06 15:02:15 374329 503.3463
2019:05:06 15:02:15 375229 872.3624
2019:05:06 15:02:15 376636 940.0360
2019:05:06 15:02:15 377598 953.5514
2019:05:06 15:02:15 378457 825.4685
2019:05:06 15:02:15 386158 7693.1007
2019:05:06 15:02:15 445251 59080.8503
2019:05:06 15:02:15 458442 924.7698
2019:05:06 15:02:15 459369 461.5970
2019:05:06 15:02:15 460759 927.1540
2019:05:06 15:02:15 461276 484.7161
2019:05:06 15:02:15 462143 466.3095
2019:05:06 15:02:15 463529 932.8462
2019:05:06 15:02:15 464453 917.0286
2019:05:06 15:02:15 482155 483.0472
2019:05:06 15:02:15 483069 900.6076
2019:05:06 15:02:15 484011 476.5391
2019:05:06 15:02:15 485027 560.5780
2019:05:06 15:02:15 485859 493.3849
2019:05:06 15:02:15 487225 931.2965
2019:05:06 15:02:15 488298 605.9632
2019:05:06 15:02:15 489116 488.8959
2019:05:06 15:02:15 490137 1003.3436
2019:05:06 15:02:15 491165 560.4625
2019:05:06 15:02:15 492026 488.5681
2019:05:06 15:02:15 492937 894.6918
2019:05:06 15:02:15 505837 12477.4799
2019:05:06 15:02:15 506752 431.5414
2019:05:06 15:02:15 507667 459.8945
2019:05:06 15:02:15 508599 470.6271
2019:05:06 15:02:15 509621 566.7061
2019:05:06 15:02:15 510439 463.2510
2019:05:06 15:02:15 511829 927.0422
2019:05:06 15:02:15 512870 578.1502
2019:05:06 15:02:15 513698 811.0330
2019:05:06 15:02:15 514151 431.3849
2019:05:06 15:02:15 515537 931.5275
2019:05:06 15:02:15 516555 554.9900
2019:05:06 15:02:15 517387 818.0961
2019:05:06 15:02:15 529831 12429.3752
2019:05:06 15:02:15 531221 936.0462
2019:05:06 15:02:15 531732 502.9738
2019:05:06 15:02:15 532617 475.3955
2019:05:06 15:02:15 533974 903.1408
2019:05:06 15:02:15 534990 553.0640
2019:05:06 15:02:15 535837 831.3991
2019:05:06 15:02:15 536762 919.4799
2019:05:06 15:02:15 538131 904.1466
2019:05:06 15:02:15 539086 490.2296
2019:05:06 15:02:15 539990 876.0169
2019:05:06 15:02:15 541365 911.7648
2019:05:06 15:02:15 553463 12087.8257
2019:05:06 15:02:15 554298 451.5238
2019:05:06 15:02:15 555686 934.4369
2019:05:06 15:02:15 556605 911.9473
2019:05:06 15:02:15 557515 820.1525
2019:05:06 15:02:15 558440 908.9261
2019:05:06 15:02:15 559838 935.5024
2019:05:06 15:02:15 560407 561.5316
2019:05:06 15:02:15 561235 436.7456
2019:05:06 15:02:15 562593 924.4271
2019:05:06 15:02:15 563660 605.2256
2019:05:06 15:02:15 564502 513.9150
2019:05:06 15:02:15 617365 52458.0814
2019:05:06 15:02:15 649374 31999.3310
2019:05:06 15:02:15 713373 32014.7984
2019:05:06 15:02:15 717840 4458.8707
2019:05:06 15:02:15 718648 799.8608
2019:05:06 15:02:15 719041 379.6667
2019:05:06 15:02:15 719880 420.9578
2019:05:06 15:02:15 720693 414.3603
2019:05:06 15:02:15 745361 24656.8844
2019:05:06 15:02:15 777379 32005.3175
2019:05:06 15:02:15 841355 31991.1428
2019:05:06 15:02:15 873372 32007.1429
2019:05:06 15:02:15 874370 771.7013
2019:05:06 15:02:15 875188 803.2843
2019:05:06 15:02:15 875608 410.2737
2019:05:06 15:02:15 876417 414.2895
2019:05:06 15:02:15 877233 410.8213
2019:05:06 15:02:15 905373 28128.6873
2019:05:06 15:02:15 906336 784.1364
2019:05:06 15:02:15 907141 414.4758
2019:05:06 15:02:15 907950 407.2152
2019:05:06 15:02:15 908374 412.4492
2019:05:06 15:02:15 909196 427.1641
2019:05:06 15:02:15 910003 407.3866
2019:05:06 15:02:15 910821 807.4231
2019:05:06 15:02:15 911640 809.8073
2019:05:06 15:02:15 912461 811.2080
2019:05:06 15:02:15 912883 410.0427
2019:05:06 15:02:15 937371 24092.8754
2019:05:06 15:02:16 1374 32006.9939
2019:05:06 15:02:16 2041 657.0071
2019:05:06 15:02:16 2859 803.0050
2019:05:06 15:02:16 3309 436.7530
2019:05:06 15:02:16 4092 412.0879
2019:05:06 15:02:16 4924 424.9588
2019:05:06 15:02:16 33596 28276.3876
2019:05:06 15:02:16 34406 795.7332
2019:05:06 15:02:16 35215 794.4740
2019:05:06 15:02:16 35641 414.1964
2019:05:06 15:02:16 36454 415.4444
2019:05:06 15:02:16 37277 418.9387
2019:05:06 15:02:16 81519 16128.8232
2019:05:06 15:02:16 82752 1225.4268
2019:05:06 15:02:16 83385 626.5640
2019:05:06 15:02:16 84605 625.0292
2019:05:06 15:02:16 114134 29516.0264
2019:05:06 15:02:16 115360 1219.0603
2019:05:06 15:02:16 116592 1224.3129
2019:05:06 15:02:16 121976 5376.7450
2019:05:06 15:02:16 123209 1225.2554
2019:05:06 15:02:16 123966 750.0350
2019:05:06 15:02:16 125186 739.3472
2019:05:06 15:02:16 127417 616.0028
2019:05:06 15:02:16 128652 616.1556
2019:05:06 15:02:16 149365 20095.6799
2019:05:06 15:02:16 178018 28645.5192
2019:05:06 15:02:16 178832 800.3823
2019:05:06 15:02:16 179273 424.7501
2019:05:06 15:02:16 180084 430.2971
2019:05:06 15:02:16 180902 432.6589
2019:05:06 15:02:16 225368 44075.9473
2019:05:06 15:02:16 249829 393.2789
2019:05:06 15:02:16 250641 418.2681
2019:05:06 15:02:16 251461 416.5024
2019:05:06 15:02:16 252277 794.1760
2019:05:06 15:02:16 253091 809.1703
2019:05:06 15:02:16 285364 32262.3812
2019:05:06 15:02:16 286139 415.0830
2019:05:06 15:02:16 286952 425.8044
2019:05:06 15:02:16 287757 412.2853
2019:05:06 15:02:16 288586 816.5017
2019:05:06 15:02:16 289423 827.2380
2019:05:06 15:02:16 290228 798.4117
2019:05:06 15:02:16 291049 425.6330
2019:05:06 15:02:16 291634 196.2967
2019:05:06 15:02:16 292285 639.3082
2019:05:06 15:02:16 293103 426.1397
2019:05:06 15:02:16 337583 4227.4706
2019:05:06 15:02:16 337996 400.1223
2019:05:06 15:02:16 338813 418.8493
2019:05:06 15:02:16 339632 418.3799
2019:05:06 15:02:16 340442 413.1496
2019:05:06 15:02:16 421355 39999.1721
2019:05:06 15:02:16 461365 40001.8767
2019:05:06 15:02:16 541354 39999.8873
2019:05:06 15:02:16 581366 40002.2864
2019:05:06 15:02:16 661354 39999.7309
2019:05:06 15:02:16 701363 39995.8901
2019:05:06 15:02:16 706149 667.5087
2019:05:06 15:02:16 706940 779.0066
2019:05:06 15:02:16 707540 193.6071
2019:05:06 15:02:16 708186 424.2621
2019:05:06 15:02:16 708998 414.5168
2019:05:06 15:02:16 741781 425.3574
2019:05:06 15:02:16 742342 179.6186
2019:05:06 15:02:16 742989 419.1846
2019:05:06 15:02:16 743805 417.7317
2019:05:06 15:02:16 744609 406.5409
2019:05:06 15:02:16 745440 816.0807
2019:05:06 15:02:16 745864 401.3628
2019:05:06 15:02:16 746672 402.1786
2019:05:06 15:02:16 747504 417.4113
2019:05:06 15:02:16 748321 424.3590
2019:05:06 15:02:16 749131 646.8110
2019:05:06 15:02:16 781793 439.3160
2019:05:06 15:02:16 782627 823.3897
2019:05:06 15:02:16 783434 800.6021
2019:05:06 15:02:16 783852 408.0012
2019:05:06 15:02:16 784667 417.3927
2019:05:06 15:02:16 821360 36286.8644
2019:05:06 15:02:16 861363 39995.8529
2019:05:06 15:02:16 909283 7929.1351
2019:05:06 15:02:16 945585 4229.6126
2019:05:06 15:02:16 946011 397.7269
2019:05:06 15:02:16 946817 414.0027
2019:05:06 15:02:16 947638 425.4542
2019:05:06 15:02:16 948448 416.3049
2019:05:06 15:02:16 949270 418.0446
2019:05:06 15:02:16 982028 673.7970
2019:05:06 15:02:16 982853 798.5011
2019:05:06 15:02:16 983676 806.2311
2019:05:06 15:02:16 984099 411.0448
2019:05:06 15:02:16 984917 413.5929
2019:05:06 15:02:16 985739 418.0111
2019:05:06 15:02:16 986544 414.1182
2019:05:06 15:02:16 987363 423.0663
2019:05:06 15:02:16 988192 428.8219
2019:05:06 15:02:16 988992 406.9805
2019:05:06 15:02:17 21362 32356.7241
2019:05:06 15:02:17 22017 414.6099
2019:05:06 15:02:17 23238 817.9136
2019:05:06 15:02:17 24070 422.2132
2019:05:06 15:02:17 25286 819.2323
2019:05:06 15:02:17 26523 707.2128
2019:05:06 15:02:17 27346 810.8318
2019:05:06 15:02:17 27762 406.2429
2019:05:06 15:02:17 28578 424.1951
2019:05:06 15:02:17 61361 32384.8203
2019:05:06 15:02:17 62071 702.5972
2019:05:06 15:02:17 63278 812.6460
2019:05:06 15:02:17 64117 827.4689
2019:05:06 15:02:17 64930 806.3130
2019:05:06 15:02:17 101355 36028.8434
2019:05:06 15:02:17 141366 40003.4897
2019:05:06 15:02:17 181704 348.0427
2019:05:06 15:02:17 182510 413.0714
2019:05:06 15:02:17 183337 420.0861
2019:05:06 15:02:17 184146 409.2976
2019:05:06 15:02:17 184965 807.9559
2019:05:06 15:02:17 221354 36377.5156
2019:05:06 15:02:17 225529 4167.2029
2019:05:06 15:02:17 226352 421.1478
2019:05:06 15:02:17 227564 416.9680
2019:05:06 15:02:17 228379 409.5845
2019:05:06 15:02:17 228806 415.9920
2019:05:06 15:02:17 261355 32156.9555
2019:05:06 15:02:17 262088 722.8069
2019:05:06 15:02:17 262903 802.2264
2019:05:06 15:02:17 263325 410.7244
2019:05:06 15:02:17 264131 405.9486
2019:05:06 15:02:17 264950 806.9091
2019:05:06 15:02:17 301361 36399.5545
2019:05:06 15:02:17 302109 741.0944
2019:05:06 15:02:17 302916 424.8880
2019:05:06 15:02:17 303724 413.3321
2019:05:06 15:02:17 304535 796.7800
2019:05:06 15:02:17 305361 807.0730
2019:05:06 15:02:17 341364 35985.1271
2019:05:06 15:02:17 425354 43997.5858
2019:05:06 15:02:17 465369 40003.6424
2019:05:06 15:02:17 469895 416.1596
2019:05:06 15:02:17 470689 415.8355
2019:05:06 15:02:17 471502 409.0182
2019:05:06 15:02:17 471928 414.7552
2019:05:06 15:02:17 472742 419.9371
2019:05:06 15:02:17 505354 32209.1617
2019:05:06 15:02:17 545364 39998.5462
2019:05:06 15:02:17 545984 381.4250
2019:05:06 15:02:17 546803 411.6483
2019:05:06 15:02:17 547619 416.2900
2019:05:06 15:02:17 548437 417.9366
2019:05:06 15:02:17 549258 415.9994
2019:05:06 15:02:17 550070 407.3866
2019:05:06 15:02:17 550888 804.8825
2019:05:06 15:02:17 552115 817.7161
2019:05:06 15:02:17 552936 413.1012
2019:05:06 15:02:17 585715 360.1238
2019:05:06 15:02:17 586527 409.6851
2019:05:06 15:02:17 586945 305.1423
2019:05:06 15:02:17 587766 418.9909
2019:05:06 15:02:17 588574 411.6744
2019:05:06 15:02:17 588994 411.3242
2019:05:06 15:02:17 589825 422.3920
2019:05:06 15:02:17 591035 815.4809
2019:05:06 15:02:17 591847 806.1491
2019:05:06 15:02:17 593075 820.2866
2019:05:06 15:02:17 625470 32385.0773
2019:05:06 15:02:17 626260 404.6001
2019:05:06 15:02:17 627084 416.5359
2019:05:06 15:02:17 627905 307.4519
2019:05:06 15:02:17 629123 417.6237
2019:05:06 15:02:17 705354 40000.0960
2019:05:06 15:02:17 745365 40001.7202
2019:05:06 15:02:17 785642 289.3172
2019:05:06 15:02:17 786438 411.7936
2019:05:06 15:02:17 786862 411.7675
2019:05:06 15:02:17 787665 411.6334
2019:05:06 15:02:17 788482 805.8511
2019:05:06 15:02:17 788903 408.4706
2019:05:06 15:02:17 789715 413.6302
2019:05:06 15:02:17 790548 821.2887
2019:05:06 15:02:17 791353 409.5845
2019:05:06 15:02:17 792169 801.0827
2019:05:06 15:02:17 792991 810.2246
2019:05:06 15:02:17 825369 32366.6893
2019:05:06 15:02:17 869259 3904.6891
2019:05:06 15:02:17 870065 415.6195
2019:05:06 15:02:17 870875 403.4899
2019:05:06 15:02:17 871690 408.9698
2019:05:06 15:02:17 872120 418.6742
2019:05:06 15:02:17 872929 416.4875
2019:05:06 15:02:17 905362 32028.6974
2019:05:06 15:02:17 985355 40001.0459
2019:05:06 15:02:18 25362 39997.2796
2019:05:06 15:02:18 26120 382.1775
2019:05:06 15:02:18 27351 828.1209
2019:05:06 15:02:18 28166 419.0840
2019:05:06 15:02:18 28983 419.5310
2019:05:06 15:02:18 29809 406.1647
2019:05:06 15:02:18 30622 405.0098
2019:05:06 15:02:18 31447 424.6868
2019:05:06 15:02:18 32247 788.8675
2019:05:06 15:02:18 32674 415.2916
2019:05:06 15:02:18 69367 36293.8233
2019:05:06 15:02:18 74035 426.1024
2019:05:06 15:02:18 74853 430.1220
2019:05:06 15:02:18 75674 428.1849
2019:05:06 15:02:18 76496 431.9996
2019:05:06 15:02:18 77309 429.9283
2019:05:06 15:02:18 109670 315.1298
2019:05:06 15:02:18 110461 408.7053
2019:05:06 15:02:18 111279 802.2822
2019:05:06 15:02:18 112107 812.5231
2019:05:06 15:02:18 112523 406.3770
2019:05:06 15:02:18 149355 36427.6841
2019:05:06 15:02:18 189363 39996.7879
2019:05:06 15:02:18 229565 210.4752
2019:05:06 15:02:18 230324 406.2839
2019:05:06 15:02:18 231142 413.1608
2019:05:06 15:02:18 231957 408.6755
2019:05:06 15:02:18 232785 813.2868
2019:05:06 15:02:18 269354 36557.4025
2019:05:06 15:02:18 309363 40001.8319
2019:05:06 15:02:18 349785 430.2971
2019:05:06 15:02:18 350603 641.7297
2019:05:06 15:02:18 351417 802.3269
2019:05:06 15:02:18 351845 416.1447
2019:05:06 15:02:18 352653 642.5902
2019:05:06 15:02:18 389354 36691.4421
2019:05:06 15:02:18 429364 40002.0517
2019:05:06 15:02:18 509354 39998.1625
2019:05:06 15:02:18 513808 4446.8790
2019:05:06 15:02:18 514436 609.8449
2019:05:06 15:02:18 515260 412.8218
2019:05:06 15:02:18 516081 411.6781
2019:05:06 15:02:18 516899 417.8956
2019:05:06 15:02:18 549363 32063.1340
2019:05:06 15:02:18 554168 405.8741
2019:05:06 15:02:18 554757 186.2161
2019:05:06 15:02:18 555416 419.1659
2019:05:06 15:02:18 556229 421.1217
2019:05:06 15:02:18 557028 409.3796
2019:05:06 15:02:18 589362 32320.0636
2019:05:06 15:02:18 669355 39999.8166
2019:05:06 15:02:18 709365 40002.4280
2019:05:06 15:02:18 789355 40000.7516
2019:05:06 15:02:18 793570 4205.8490
2019:05:06 15:02:18 794364 409.7186
2019:05:06 15:02:18 795181 414.4385
2019:05:06 15:02:18 795995 413.9282
2019:05:06 15:02:18 796814 416.2975
2019:05:06 15:02:18 829355 32137.3343
2019:05:06 15:02:18 869372 40006.3694
2019:05:06 15:02:18 909805 448.6181
2019:05:06 15:02:18 910600 646.6471
2019:05:06 15:02:18 911419 418.5848
2019:05:06 15:02:18 912231 410.9181
2019:05:06 15:02:18 913061 819.3143
2019:05:06 15:02:18 949356 36288.0789
2019:05:06 15:02:18 989365 40000.3009
2019:05:06 15:02:19 69354 39998.4270
2019:05:06 15:02:19 70202 839.8741
2019:05:06 15:02:19 71020 794.2133
2019:05:06 15:02:19 71462 426.6389
2019:05:06 15:02:19 72265 422.2021
2019:05:06 15:02:19 73090 428.5537
2019:05:06 15:02:19 73896 416.2863
2019:05:06 15:02:19 74714 807.0208
2019:05:06 15:02:19 75525 800.0247
2019:05:06 15:02:19 75954 416.7557
2019:05:06 15:02:19 76773 424.3180
2019:05:06 15:02:19 109354 32187.1527
2019:05:06 15:02:19 109943 578.3997
2019:05:06 15:02:19 110758 415.7908
2019:05:06 15:02:19 111579 418.1713
2019:05:06 15:02:19 112398 417.8770
2019:05:06 15:02:19 113209 413.3619
2019:05:06 15:02:19 114044 388.9017
2019:05:06 15:02:19 114856 413.7903
2019:05:06 15:02:19 115680 422.6230
2019:05:06 15:02:19 116483 410.0949
2019:05:06 15:02:19 116908 414.4944
2019:05:06 15:02:19 149365 32059.4721
2019:05:06 15:02:19 150121 408.7426
2019:05:06 15:02:19 150929 412.2034
2019:05:06 15:02:19 151914 579.3497
2019:05:06 15:02:19 152561 636.5888
2019:05:06 15:02:19 152974 404.0897
2019:05:06 15:02:19 189360 35987.8615
2019:05:06 15:02:19 269364 79996.3363
2019:05:06 15:02:19 270516 391.7515
2019:05:06 15:02:19 270935 244.0065
2019:05:06 15:02:19 271751 413.2502
2019:05:06 15:02:19 272570 413.1347
2019:05:06 15:02:19 273386 637.7734
2019:05:06 15:02:19 309363 35964.9211
2019:05:06 15:02:19 353667 4312.6419
2019:05:06 15:02:19 354479 797.8156
2019:05:06 15:02:19 355293 803.1465
2019:05:06 15:02:19 356128 823.7846
2019:05:06 15:02:19 356952 817.6900
2019:05:06 15:02:19 393493 4137.7954
2019:05:06 15:02:19 393913 407.1668
2019:05:06 15:02:19 394725 404.2499
2019:05:06 15:02:19 395144 406.2392
2019:05:06 15:02:19 395947 403.8587
2019:05:06 15:02:19 396768 811.3943
2019:05:06 15:02:19 397191 412.3524
2019:05:06 15:02:19 429799 445.1685
2019:05:06 15:02:19 430611 804.3721
2019:05:06 15:02:19 431432 811.3310
2019:05:06 15:02:19 431854 409.8229
2019:05:06 15:02:19 432678 422.5597
2019:05:06 15:02:19 433495 418.9163
2019:05:06 15:02:19 434310 409.5435
2019:05:06 15:02:19 435129 420.8088
2019:05:06 15:02:19 435936 410.5121
2019:05:06 15:02:19 436754 807.3300
2019:05:06 15:02:19 469353 32590.1993
2019:05:06 15:02:19 509363 40002.2939
2019:05:06 15:02:19 513999 429.9805
2019:05:06 15:02:19 514778 408.2434
2019:05:06 15:02:19 515594 410.1954
2019:05:06 15:02:19 516021 412.7324
2019:05:06 15:02:19 516835 416.3384
2019:05:06 15:02:19 549353 32117.6089
2019:05:06 15:02:19 550121 756.6400
2019:05:06 15:02:19 550937 421.0137
2019:05:06 15:02:19 551753 417.6013
2019:05:06 15:02:19 552574 419.6167
2019:05:06 15:02:19 589361 36387.9167
2019:05:06 15:02:19 629362 39993.6847
2019:05:06 15:02:19 709354 40000.3381
2019:05:06 15:02:19 710162 800.2855
2019:05:06 15:02:19 710576 404.4808
2019:05:06 15:02:19 711390 418.6817
2019:05:06 15:02:19 712621 824.9097
2019:05:06 15:02:19 749358 36723.5690
2019:05:06 15:02:19 753587 4221.5139
2019:05:06 15:02:19 754793 815.5778
2019:05:06 15:02:19 755615 810.9324
2019:05:06 15:02:19 756431 806.0373
2019:05:06 15:02:19 757260 816.9822
2019:05:06 15:02:19 821360 32006.0551
2019:05:06 15:02:19 853362 31993.9889
2019:05:06 15:02:19 897591 4234.7796
2019:05:06 15:02:19 897999 401.3702
2019:05:06 15:02:19 898815 419.0691
2019:05:06 15:02:19 899624 412.8069
2019:05:06 15:02:19 900444 416.0739
2019:05:06 15:02:19 901259 410.0837
2019:05:06 15:02:19 965358 24003.0140
2019:05:06 15:02:20 1617 36252.5210
2019:05:06 15:02:20 2421 417.2698
2019:05:06 15:02:20 3236 414.1666
2019:05:06 15:02:20 4047 799.0897
2019:05:06 15:02:20 4474 415.3214
2019:05:06 15:02:20 5291 421.3452
2019:05:06 15:02:20 77209 7854.1078
2019:05:06 15:02:20 133360 32005.3101
2019:05:06 15:02:20 165362 31993.3556
2019:05:06 15:02:20 205219 7863.1192
2019:05:06 15:02:20 229796 440.7503
2019:05:06 15:02:20 230592 405.1588
2019:05:06 15:02:20 231828 826.4370
2019:05:06 15:02:20 232639 805.7132
2019:05:06 15:02:20 261361 28312.5564
2019:05:06 15:02:20 262136 766.6796
2019:05:06 15:02:20 262949 413.0974
2019:05:06 15:02:20 263768 412.0097
2019:05:06 15:02:20 264584 409.0704
2019:05:06 15:02:20 265406 807.4716
2019:05:06 15:02:20 266244 824.0268
2019:05:06 15:02:20 267045 413.2167
2019:05:06 15:02:20 267861 409.9533
2019:05:06 15:02:20 268286 411.8383
2019:05:06 15:02:20 269100 416.2267
2019:05:06 15:02:20 349358 32003.9652
2019:05:06 15:02:20 381366 32002.3000
2019:05:06 15:02:20 382214 422.1126
2019:05:06 15:02:20 383031 418.3911
2019:05:06 15:02:20 383850 418.0819
2019:05:06 15:02:20 384668 417.3294
2019:05:06 15:02:20 413360 28290.5325
2019:05:06 15:02:20 445363 31994.8569
2019:05:06 15:02:20 449806 424.2361
2019:05:06 15:02:20 450588 410.2066
2019:05:06 15:02:20 451407 413.3396
2019:05:06 15:02:20 452222 409.3684
2019:05:06 15:02:20 453041 808.6860
2019:05:06 15:02:20 477367 24314.7388
2019:05:06 15:02:20 549355 40000.4126
2019:05:06 15:02:20 597364 47998.0968
2019:05:06 15:02:20 693354 47999.8998
2019:05:06 15:02:20 733364 39998.6282
2019:05:06 15:02:20 805356 31999.4316
2019:05:06 15:02:20 806045 678.8634
2019:05:06 15:02:20 806867 421.4719
2019:05:06 15:02:20 807672 410.1507
2019:05:06 15:02:20 808093 406.0902
2019:05:06 15:02:20 808915 421.0062
2019:05:06 15:02:20 837360 28049.9309
2019:05:06 15:02:20 837996 627.7300
2019:05:06 15:02:20 838811 414.2001
2019:05:06 15:02:20 839630 416.7184
2019:05:06 15:02:20 840454 415.7461
2019:05:06 15:02:20 841257 672.8284
2019:05:06 15:02:20 869366 28098.5422
2019:05:06 15:02:20 937355 36000.2927
2019:05:06 15:02:20 985364 47999.3932
2019:05:06 15:02:20 990212 411.7303
2019:05:06 15:02:20 991030 415.5152
2019:05:06 15:02:20 991842 408.7724
2019:05:06 15:02:20 992666 812.6348
2019:05:06 15:02:21 33355 40678.2031
2019:05:06 15:02:21 61365 28001.8821
2019:05:06 15:02:21 109313 7959.1274
2019:05:06 15:02:21 141712 356.9461
2019:05:06 15:02:21 142461 403.6427
2019:05:06 15:02:21 143281 417.5492
2019:05:06 15:02:21 144092 411.9836
2019:05:06 15:02:21 144908 804.0480
2019:05:06 15:02:21 185354 40434.6250
2019:05:06 15:02:21 190021 4656.3484
2019:05:06 15:02:21 190841 775.3558
2019:05:06 15:02:21 191657 405.2520
2019:05:06 15:02:21 192494 425.7895
2019:05:06 15:02:21 193305 414.1293
2019:05:06 15:02:21 273355 31998.9622
2019:05:06 15:02:21 321364 48000.8870
2019:05:06 15:02:21 401355 40000.2897
2019:05:06 15:02:21 402305 940.6433
2019:05:06 15:02:21 403119 802.3269
2019:05:06 15:02:21 403953 825.9267
2019:05:06 15:02:21 404754 791.3411
2019:05:06 15:02:21 405181 415.0234
2019:05:06 15:02:21 445441 4085.1943
2019:05:06 15:02:21 446237 405.1104
2019:05:06 15:02:21 447051 802.2897
2019:05:06 15:02:21 447476 414.9601
2019:05:06 15:02:21 448280 409.6553
2019:05:06 15:02:21 449100 811.5582
2019:05:06 15:02:21 481365 32255.6607
2019:05:06 15:02:21 577354 47999.2814
2019:05:06 15:02:21 625364 48002.0009
2019:05:06 15:02:21 669492 4136.4282
2019:05:06 15:02:21 670318 403.3335
2019:05:06 15:02:21 671131 420.4586
2019:05:06 15:02:21 671942 465.2664
2019:05:06 15:02:21 672759 805.4152
2019:05:06 15:02:21 673184 412.1996
2019:05:06 15:02:21 737353 31998.0308
2019:05:06 15:02:21 738209 848.7329
2019:05:06 15:02:21 739035 816.4793
2019:05:06 15:02:21 739456 410.6835
2019:05:06 15:02:21 740259 403.2776
2019:05:06 15:02:21 741084 418.3464
2019:05:06 15:02:21 809354 40000.4312
2019:05:06 15:02:21 813639 4278.1197
2019:05:06 15:02:21 814463 415.6120
2019:05:06 15:02:21 815297 438.3661
2019:05:06 15:02:21 816094 427.5367
2019:05:06 15:02:21 816919 426.2514
2019:05:06 15:02:21 849366 32050.0247
2019:05:06 15:02:21 925358 35994.7011
2019:05:06 15:02:21 926109 741.8543
2019:05:06 15:02:21 926916 795.6773
2019:05:06 15:02:21 927339 411.4211
2019:05:06 15:02:21 928158 421.6433
2019:05:06 15:02:21 928963 410.1135
2019:05:06 15:02:21 957363 28384.9947
2019:05:06 15:02:21 958468 408.9773
2019:05:06 15:02:21 959287 421.8780
2019:05:06 15:02:21 960104 419.2032
2019:05:06 15:02:21 960924 420.1978
2019:05:06 15:02:21 997362 36039.2556
2019:05:06 15:02:22 77354 40000.0811
2019:05:06 15:02:22 117371 40005.7584
2019:05:06 15:02:22 118207 410.9517
2019:05:06 15:02:22 119004 402.4543
2019:05:06 15:02:22 119814 794.5597
2019:05:06 15:02:22 120238 403.9109
2019:05:06 15:02:22 121063 421.2931
2019:05:06 15:02:22 121867 408.6122
2019:05:06 15:02:22 122697 421.1962
2019:05:06 15:02:22 123530 429.3956
2019:05:06 15:02:22 124330 788.3348
2019:05:06 15:02:22 125158 425.6256
2019:05:06 15:02:22 165291 7935.8593
2019:05:06 15:02:22 198044 689.2681
2019:05:06 15:02:22 198862 798.5272
2019:05:06 15:02:22 199291 412.5051
2019:05:06 15:02:22 200103 409.1933
2019:05:06 15:02:22 200914 413.3470
2019:05:06 15:02:22 229359 28429.0165
2019:05:06 15:02:22 245594 16225.5690
2019:05:06 15:02:22 246401 417.9701
2019:05:06 15:02:22 247201 412.3449
2019:05:06 15:02:22 248018 805.8622
2019:05:06 15:02:22 248832 803.7463
2019:05:06 15:02:22 273357 24509.0239
2019:05:06 15:02:22 313366 40002.7074
2019:05:06 15:02:22 313976 404.5106
2019:05:06 15:02:22 314791 417.0761
2019:05:06 15:02:22 315606 419.2926
2019:05:06 15:02:22 316829 817.7720
2019:05:06 15:02:22 353360 36521.2820
2019:05:06 15:02:22 357580 4212.6738
2019:05:06 15:02:22 358446 407.8969
2019:05:06 15:02:22 359614 769.4848
2019:05:06 15:02:22 360078 452.1944
2019:05:06 15:02:22 360897 415.3289
2019:05:06 15:02:22 393364 32069.3962
2019:05:06 15:02:22 437424 4068.9297
2019:05:06 15:02:22 438206 767.5029
2019:05:06 15:02:22 439019 801.3137
2019:05:06 15:02:22 439836 806.3428
2019:05:06 15:02:22 440656 809.3938
2019:05:06 15:02:22 441084 412.3151
2019:05:06 15:02:22 513354 39997.7863
2019:05:06 15:02:22 553363 40000.5504
2019:05:06 15:02:22 554132 402.2010
2019:05:06 15:02:22 554949 409.7447
2019:05:06 15:02:22 555773 415.5636
2019:05:06 15:02:22 556591 414.9228
2019:05:06 15:02:22 593360 36371.1119
2019:05:06 15:02:22 597577 4209.6339
2019:05:06 15:02:22 598430 408.8208
2019:05:06 15:02:22 599245 409.6180
2019:05:06 15:02:22 600068 807.0171
2019:05:06 15:02:22 600887 808.1347
2019:05:06 15:02:22 601312 414.7440
2019:05:06 15:02:22 673353 39998.7176
2019:05:06 15:02:22 677815 4452.7054
2019:05:06 15:02:22 678634 423.3681
2019:05:06 15:02:22 679440 416.9419
2019:05:06 15:02:22 679858 397.2687
2019:05:06 15:02:22 680675 416.4167
2019:05:06 15:02:22 713355 32275.6059
2019:05:06 15:02:22 745367 32003.9988
2019:05:06 15:02:22 746209 415.5152
2019:05:06 15:02:22 747039 422.2915
2019:05:06 15:02:22 747840 412.5908
2019:05:06 15:02:22 748258 406.9917
2019:05:06 15:02:22 749074 412.0693
2019:05:06 15:02:22 801365 52280.3105
2019:05:06 15:02:22 841645 290.5242
2019:05:06 15:02:22 842452 411.9016
2019:05:06 15:02:22 843680 819.1876
2019:05:06 15:02:22 844499 412.7137
2019:05:06 15:02:22 881360 36451.0119
2019:05:06 15:02:22 885613 4245.5792
2019:05:06 15:02:22 886439 410.8399
2019:05:06 15:02:22 887248 412.7547
2019:05:06 15:02:22 888059 412.9522
2019:05:06 15:02:22 888875 409.9160
2019:05:06 15:02:22 889297 410.3892
2019:05:06 15:02:22 961354 39999.3621
2019:05:06 15:02:22 965885 4523.8845
2019:05:06 15:02:22 966697 756.7368
2019:05:06 15:02:22 967523 811.0143
2019:05:06 15:02:22 968352 418.8530
2019:05:06 15:02:22 969166 417.8211
2019:05:06 15:02:23 41355 39991.5650
2019:05:06 15:02:23 81364 40001.6718
2019:05:06 15:02:23 81972 411.0485
2019:05:06 15:02:23 82771 544.6933
2019:05:06 15:02:23 83606 820.1599
2019:05:06 15:02:23 84414 802.0401
2019:05:06 15:02:23 85236 811.8935
2019:05:06 15:02:23 117363 32116.7931
2019:05:06 15:02:23 157249 9873.8894
2019:05:06 15:02:23 206136 780.3291
2019:05:06 15:02:23 206936 776.2834
2019:05:06 15:02:23 207360 407.4574
2019:05:06 15:02:23 208187 423.5804
2019:05:06 15:02:23 208994 415.7573
2019:05:06 15:02:23 233359 23960.0092
2019:05:06 15:02:23 257367 24000.1269
2019:05:06 15:02:23 301651 4296.2544
2019:05:06 15:02:23 302458 784.1364
2019:05:06 15:02:23 303278 805.2178
2019:05:06 15:02:23 303704 415.2954
2019:05:06 15:02:23 304506 409.3647
2019:05:06 15:02:23 305325 808.1645
2019:05:06 15:02:23 337363 32026.5032
2019:05:06 15:02:23 417354 40000.0401
2019:05:06 15:02:23 417984 619.6313
2019:05:06 15:02:23 419211 826.2098
2019:05:06 15:02:23 420023 805.7840
2019:05:06 15:02:23 421258 826.2172
2019:05:06 15:02:23 457363 36098.4057
2019:05:06 15:02:23 461732 305.0193
2019:05:06 15:02:23 462221 414.2635
2019:05:06 15:02:23 463037 415.6940
2019:05:06 15:02:23 463776 337.0233
2019:05:06 15:02:23 464675 419.5385
2019:05:06 15:02:23 497353 32275.0472
2019:05:06 15:02:23 537364 40002.5062
2019:05:06 15:02:23 541689 408.8916
2019:05:06 15:02:23 542910 804.8862
2019:05:06 15:02:23 543636 714.3579
2019:05:06 15:02:23 544141 490.9746
2019:05:06 15:02:23 544958 420.2873
2019:05:06 15:02:23 617354 39998.8405
2019:05:06 15:02:23 657363 40000.9081
2019:05:06 15:02:23 658258 783.9352
2019:05:06 15:02:23 659077 802.9044
2019:05:06 15:02:23 659896 808.0117
2019:05:06 15:02:23 660325 417.6311
2019:05:06 15:02:23 661124 404.5665
2019:05:06 15:02:23 697364 36229.2230
2019:05:06 15:02:23 761359 24001.5537
2019:05:06 15:02:23 801367 40002.0741
2019:05:06 15:02:23 805836 432.5435
2019:05:06 15:02:23 806623 417.3480
2019:05:06 15:02:23 807434 412.3561
2019:05:06 15:02:23 807854 409.9384
2019:05:06 15:02:23 808659 409.4280
2019:05:06 15:02:23 809089 418.1974
2019:05:06 15:02:23 881354 39998.4121
2019:05:06 15:02:23 921366 40003.3332
2019:05:06 15:02:23 922397 399.3697
2019:05:06 15:02:23 923213 409.2865
2019:05:06 15:02:23 924031 806.5365
2019:05:06 15:02:23 924862 820.7634
2019:05:06 15:02:23 961356 36483.1500
2019:05:06 15:02:23 965830 4466.1351
2019:05:06 15:02:23 966629 778.7682
2019:05:06 15:02:23 967050 410.4897
2019:05:06 15:02:23 967869 417.6572
2019:05:06 15:02:23 968679 412.0246
2019:05:06 15:02:23 969099 315.8376
2019:05:06 15:02:24 41354 39999.9283
2019:05:06 15:02:24 46094 4728.4029
2019:05:06 15:02:24 46907 780.1242
2019:05:06 15:02:24 47725 808.7866
2019:05:06 15:02:24 48148 411.6483
2019:05:06 15:02:24 48953 409.1971
2019:05:06 15:02:24 81365 32402.8917
2019:05:06 15:02:24 109985 629.8423
2019:05:06 15:02:24 110404 396.9483
2019:05:06 15:02:24 111221 416.9531
2019:05:06 15:02:24 112041 417.8695
2019:05:06 15:02:24 112450 310.9202
2019:05:06 15:02:24 113269 421.2148
2019:05:06 15:02:24 114097 821.5532
2019:05:06 15:02:24 114502 398.8445
2019:05:06 15:02:24 115322 416.9904
2019:05:06 15:02:24 116144 417.5827
2019:05:06 15:02:24 116956 707.4438
2019:05:06 15:02:24 189355 39999.4999
2019:05:06 15:02:24 189922 559.9894
2019:05:06 15:02:24 190730 417.0313
2019:05:06 15:02:24 191542 413.6115
2019:05:06 15:02:24 192371 817.6863
2019:05:06 15:02:24 193177 799.8012
2019:05:06 15:02:24 229371 36181.9491
2019:05:06 15:02:24 309354 40000.9342
2019:05:06 15:02:24 349362 39999.9991
2019:05:06 15:02:24 350331 420.5778
2019:05:06 15:02:24 351145 415.0048
2019:05:06 15:02:24 351966 421.4309
2019:05:06 15:02:24 352790 420.5480
2019:05:06 15:02:24 353619 432.3833
2019:05:06 15:02:24 354416 398.9860
2019:05:06 15:02:24 355226 798.3632
2019:05:06 15:02:24 356046 808.7680
2019:05:06 15:02:24 356471 415.1687
2019:05:06 15:02:24 357274 408.9475
2019:05:06 15:02:24 389363 32077.5472
2019:05:06 15:02:24 429937 581.9760
2019:05:06 15:02:24 430527 562.4443
2019:05:06 15:02:24 431178 420.7082
2019:05:06 15:02:24 431999 422.6565
2019:05:06 15:02:24 432581 185.8175
2019:05:06 15:02:24 433231 421.1664
2019:05:06 15:02:24 509353 39999.0194
2019:05:06 15:02:24 549362 40000.4238
2019:05:06 15:02:24 589754 400.4166
2019:05:06 15:02:24 590551 413.8760
2019:05:06 15:02:24 591366 805.7989
2019:05:06 15:02:24 592184 413.3508
2019:05:06 15:02:24 593424 830.5088
2019:05:06 15:02:24 594231 410.5046
2019:05:06 15:02:24 595056 418.2383
2019:05:06 15:02:24 595880 415.1948
2019:05:06 15:02:24 596698 419.3224
2019:05:06 15:02:24 629367 32263.4429
2019:05:06 15:02:24 669365 32103.4752
2019:05:06 15:02:24 670427 406.1721
2019:05:06 15:02:24 671236 409.9868
2019:05:06 15:02:24 671659 407.3940
2019:05:06 15:02:24 672479 418.7301
2019:05:06 15:02:24 709354 36474.9730
2019:05:06 15:02:24 749364 40002.5286
2019:05:06 15:02:24 829354 39999.1274
2019:05:06 15:02:24 830080 718.7612
2019:05:06 15:02:24 830872 415.0532
2019:05:06 15:02:24 831692 422.9173
2019:05:06 15:02:24 832515 816.5017
2019:05:06 15:02:24 833327 806.3689
2019:05:06 15:02:24 834137 800.4718
2019:05:06 15:02:24 834955 801.7756
2019:05:06 15:02:24 835778 811.6476
2019:05:06 15:02:24 836593 803.7426
2019:05:06 15:02:24 869370 32766.0367
2019:05:06 15:02:24 909370 39992.5858
2019:05:06 15:02:24 910279 379.1302
2019:05:06 15:02:24 911078 402.2121
2019:05:06 15:02:24 911897 807.8627
2019:05:06 15:02:24 912717 801.7346
2019:05:06 15:02:24 913140 413.2278
2019:05:06 15:02:24 949363 35821.2367
2019:05:06 15:02:25 29355 39999.4999
2019:05:06 15:02:25 69363 39996.8177
2019:05:06 15:02:25 70034 402.6666
2019:05:06 15:02:25 70842 412.6318
2019:05:06 15:02:25 71660 413.9207
2019:05:06 15:02:25 72479 417.4933
2019:05:06 15:02:25 73298 417.2400
2019:05:06 15:02:25 74114 415.9473
2019:05:06 15:02:25 74928 413.1496
2019:05:06 15:02:25 75757 420.2127
2019:05:06 15:02:25 76575 418.0856
2019:05:06 15:02:25 109366 32384.3546
2019:05:06 15:02:25 149962 596.6015
2019:05:06 15:02:25 150784 414.6546
2019:05:06 15:02:25 151600 413.8201
2019:05:06 15:02:25 152424 812.4001
2019:05:06 15:02:25 153242 807.8143
2019:05:06 15:02:25 189363 36111.1239
2019:05:06 15:02:25 237238 7883.9846
2019:05:06 15:02:25 269646 291.2357
2019:05:06 15:02:25 270454 417.2064
2019:05:06 15:02:25 271666 810.5338
2019:05:06 15:02:25 272482 804.9011
2019:05:06 15:02:25 273300 806.9612
2019:05:06 15:02:25 309362 36050.8077
2019:05:06 15:02:25 365668 311.6205
2019:05:06 15:02:25 366298 420.5294
2019:05:06 15:02:25 367114 410.3556
2019:05:06 15:02:25 367918 400.3420
2019:05:06 15:02:25 368750 819.2174
2019:05:06 15:02:25 409353 40594.8609
2019:05:06 15:02:25 413891 4525.2256
2019:05:06 15:02:25 414703 784.7324
2019:05:06 15:02:25 415523 808.9282
2019:05:06 15:02:25 415944 409.5472
2019:05:06 15:02:25 417161 815.5629
2019:05:06 15:02:25 457362 40189.1209
2019:05:06 15:02:25 462241 814.9296
2019:05:06 15:02:25 463046 791.9744
2019:05:06 15:02:25 463484 423.5096
2019:05:06 15:02:25 464281 414.7738
2019:05:06 15:02:25 465100 419.2777
2019:05:06 15:02:25 509600 4244.8714
2019:05:06 15:02:25 510341 715.0061
2019:05:06 15:02:25 510832 479.0537
2019:05:06 15:02:25 511652 418.0968
2019:05:06 15:02:25 512405 348.4115
2019:05:06 15:02:25 513291 422.1722
2019:05:06 15:02:25 585360 40004.6706
2019:05:06 15:02:25 625363 39995.3462
2019:05:06 15:02:25 626083 419.6092
2019:05:06 15:02:25 626886 406.4031
2019:05:06 15:02:25 627703 414.5950
2019:05:06 15:02:25 628526 420.1718
2019:05:06 15:02:25 628936 256.4751
2019:05:06 15:02:25 665363 36012.8954
2019:05:06 15:02:25 670015 406.2913
2019:05:06 15:02:25 670828 405.3935
2019:05:06 15:02:25 671248 409.7745
2019:05:06 15:02:25 672060 409.8192
2019:05:06 15:02:25 672898 433.6275
2019:05:06 15:02:25 705353 32448.1912
2019:05:06 15:02:25 745365 40001.4520
2019:05:06 15:02:25 750290 410.2327
2019:05:06 15:02:25 751116 420.6076
2019:05:06 15:02:25 751531 404.4436
2019:05:06 15:02:25 752346 418.1080
2019:05:06 15:02:25 785355 32602.2655
2019:05:06 15:02:25 833367 48002.8950
2019:05:06 15:02:25 834255 344.4403
2019:05:06 15:02:25 835489 827.3199
2019:05:06 15:02:25 836300 805.3705
2019:05:06 15:02:25 837131 418.9387
2019:05:06 15:02:25 913354 31997.4162
2019:05:06 15:02:25 914455 1093.6856
2019:05:06 15:02:25 914876 411.0001
2019:05:06 15:02:25 915698 816.0062
2019:05:06 15:02:25 916514 809.7030
2019:05:06 15:02:25 917324 413.0341
2019:05:06 15:02:25 977355 31999.7035
2019:05:06 15:02:26 9363 31997.5801
2019:05:06 15:02:26 10114 412.4306
2019:05:06 15:02:26 10909 404.3654
2019:05:06 15:02:26 11742 418.4954
2019:05:06 15:02:26 12562 418.3650
2019:05:06 15:02:26 13369 562.7722
2019:05:06 15:02:26 41362 27976.9152
2019:05:06 15:02:26 125354 51990.0098
2019:05:06 15:02:26 173362 47999.8067
2019:05:06 15:02:26 253357 40003.0091
2019:05:06 15:02:26 285364 31999.0143
2019:05:06 15:02:26 349354 32001.1266
2019:05:06 15:02:26 381363 31996.5482
2019:05:06 15:02:26 421363 32047.9497
2019:05:06 15:02:26 422219 393.8600
2019:05:06 15:02:26 423031 418.4246
2019:05:06 15:02:26 423851 418.5401
2019:05:06 15:02:26 424670 419.0579
2019:05:06 15:02:26 461354 36285.9666
2019:05:06 15:02:26 501362 40001.0757
2019:05:06 15:02:26 597355 47999.1622
2019:05:06 15:02:26 637367 40001.6457
2019:05:06 15:02:26 677315 7960.7815
2019:05:06 15:02:26 709296 7940.6388
2019:05:06 15:02:26 733363 24054.5012
2019:05:06 15:02:26 773219 7863.3763
2019:05:06 15:02:26 837356 39999.8091
2019:05:06 15:02:26 841806 4441.5370
2019:05:06 15:02:26 842618 774.0855
2019:05:06 15:02:26 843434 803.7165
2019:05:06 15:02:26 843852 406.8874
2019:05:06 15:02:26 844674 411.3354
2019:05:06 15:02:26 877370 32296.4713
2019:05:06 15:02:26 973356 47999.9222
2019:05:06 15:02:27 13366 40000.4685
2019:05:06 15:02:27 14518 777.3004
2019:05:06 15:02:27 15747 819.8656
2019:05:06 15:02:27 16572 815.0935
2019:05:06 15:02:27 17387 808.6711
2019:05:06 15:02:27 18204 409.0890
2019:05:06 15:02:27 19022 412.9931
2019:05:06 15:02:27 19843 413.1980
2019:05:06 15:02:27 20657 805.6983
2019:05:06 15:02:27 21080 413.0080
2019:05:06 15:02:27 61233 7879.0523
2019:05:06 15:02:27 93222 7862.2103
2019:05:06 15:02:27 149359 32003.4437
2019:05:06 15:02:27 157887 8521.0986
2019:05:06 15:02:27 159106 825.0363
2019:05:06 15:02:27 159918 805.2066
2019:05:06 15:02:27 161147 818.8672
2019:05:06 15:02:27 201366 40208.9730
2019:05:06 15:02:27 289356 48000.0861
2019:05:06 15:02:27 337365 48001.5762
2019:05:06 15:02:27 338036 381.7566
2019:05:06 15:02:27 338842 413.0565
2019:05:06 15:02:27 339659 735.9944
2019:05:06 15:02:27 340476 808.8797
2019:05:06 15:02:27 341298 416.6998
2019:05:06 15:02:27 342114 805.5903
2019:05:06 15:02:27 342533 407.7032
2019:05:06 15:02:27 343347 412.3077
2019:05:06 15:02:27 344169 415.2395
2019:05:06 15:02:27 344988 414.8036
2019:05:06 15:02:27 417356 39999.6564
2019:05:06 15:02:27 417923 556.8862
2019:05:06 15:02:27 419118 826.3923
2019:05:06 15:02:27 419928 804.3647
2019:05:06 15:02:27 421158 820.3611
2019:05:06 15:02:27 449367 28198.7377
2019:05:06 15:02:27 513355 31999.1745
2019:05:06 15:02:27 545365 32002.0020
2019:05:06 15:02:27 546171 418.2048
2019:05:06 15:02:27 546985 421.5129
2019:05:06 15:02:27 547796 413.8984
2019:05:06 15:02:27 548607 408.5824
2019:05:06 15:02:27 585360 36741.2977
2019:05:06 15:02:27 589520 4151.7764
2019:05:06 15:02:27 590313 423.5059
2019:05:06 15:02:27 591526 816.8221
2019:05:06 15:02:27 592346 413.6972
2019:05:06 15:02:27 625354 32599.6056
2019:05:06 15:02:27 673366 48003.5581
2019:05:06 15:02:27 761354 39999.5781
2019:05:06 15:02:27 765899 4534.1924
2019:05:06 15:02:27 766290 351.2613
2019:05:06 15:02:27 767103 417.0761
2019:05:06 15:02:27 767911 414.3752
2019:05:06 15:02:27 768331 409.0406
2019:05:06 15:02:27 769152 416.6663
2019:05:06 15:02:27 833354 31997.5503
2019:05:06 15:02:27 865370 32005.9396
2019:05:06 15:02:27 901336 3978.1071
2019:05:06 15:02:27 902129 410.1768
2019:05:06 15:02:27 902953 588.4655
2019:05:06 15:02:27 903767 409.8453
2019:05:06 15:02:27 904580 410.4115
2019:05:06 15:02:27 929365 24380.8664
2019:05:06 15:02:27 934063 408.2359
2019:05:06 15:02:27 935287 815.7827
2019:05:06 15:02:27 936109 810.8020
2019:05:06 15:02:27 937335 815.6821
2019:05:06 15:02:28 9355 39999.2280
2019:05:06 15:02:28 49366 40002.8639
2019:05:06 15:02:28 49981 397.3730
2019:05:06 15:02:28 50792 805.6946
2019:05:06 15:02:28 52017 816.3787
2019:05:06 15:02:28 52840 812.0053
2019:05:06 15:02:28 85369 32119.3375
2019:05:06 15:02:28 141329 7971.7785
2019:05:06 15:02:28 205354 39999.8799
2019:05:06 15:02:28 253362 47996.0591
2019:05:06 15:02:28 333354 39999.3286
2019:05:06 15:02:28 333935 570.7927
2019:05:06 15:02:28 334718 408.2993
2019:05:06 15:02:28 335532 412.7994
2019:05:06 15:02:28 336345 803.0012
2019:05:06 15:02:28 337164 807.3337
2019:05:06 15:02:28 337589 410.2811
2019:05:06 15:02:28 338395 413.2576
2019:05:06 15:02:28 339214 412.7473
2019:05:06 15:02:28 340047 427.1232
2019:05:06 15:02:28 340858 801.5148
2019:05:06 15:02:28 373360 32102.1043
2019:05:06 15:02:28 413366 39998.6506
2019:05:06 15:02:28 414417 774.0557
2019:05:06 15:02:28 415236 797.9795
2019:05:06 15:02:28 415656 408.4893
2019:05:06 15:02:28 416480 422.4218
2019:05:06 15:02:28 417284 409.2604
2019:05:06 15:02:28 453368 36073.5282
2019:05:06 15:02:28 533355 40001.2806
2019:05:06 15:02:28 573366 40000.9006
2019:05:06 15:02:28 574117 347.2269
2019:05:06 15:02:28 574969 409.0108
2019:05:06 15:02:28 575787 413.4811
2019:05:06 15:02:28 576607 455.7669
2019:05:06 15:02:28 577436 819.3552
2019:05:06 15:02:28 578198 755.2616
2019:05:06 15:02:28 578662 453.6510
2019:05:06 15:02:28 579484 420.4959
2019:05:06 15:02:28 580250 369.9735
2019:05:06 15:02:28 581112 413.9580
2019:05:06 15:02:28 621224 7869.9067
2019:05:06 15:02:28 701355 40000.9081
2019:05:06 15:02:28 702182 818.2786
2019:05:06 15:02:28 702606 411.2981
2019:05:06 15:02:28 703423 423.6512
2019:05:06 15:02:28 704219 408.0161
2019:05:06 15:02:28 705039 799.7863
2019:05:06 15:02:28 741354 36303.7698
2019:05:06 15:02:28 781363 40000.9677
2019:05:06 15:02:28 861355 39998.8070
2019:05:06 15:02:28 861936 569.7198
2019:05:06 15:02:28 863126 813.2793
2019:05:06 15:02:28 863941 803.9325
2019:05:06 15:02:28 864374 417.9068
2019:05:06 15:02:28 865193 426.7357
2019:05:06 15:02:28 866007 414.2672
2019:05:06 15:02:28 866807 408.5265
2019:05:06 15:02:28 867626 808.1198
2019:05:06 15:02:28 868048 410.8585
2019:05:06 15:02:28 868854 408.6867
2019:05:06 15:02:28 901359 32491.7845
2019:05:06 15:02:28 937375 36009.5911
2019:05:06 15:02:28 941967 405.4643
2019:05:06 15:02:28 942768 438.4108
2019:05:06 15:02:28 943587 418.1899
2019:05:06 15:02:28 944386 397.7530
2019:05:06 15:02:28 945221 414.1070
2019:05:06 15:02:29 17354 39998.2184
2019:05:06 15:02:29 61364 44002.2089
2019:05:06 15:02:29 101862 506.9859
2019:05:06 15:02:29 102661 786.1592
2019:05:06 15:02:29 103071 398.0473
2019:05:06 15:02:29 103873 571.3627
2019:05:06 15:02:29 104693 801.0007
2019:05:06 15:02:29 105118 409.6664
2019:05:06 15:02:29 105531 181.6750
2019:05:06 15:02:29 106761 824.8203
2019:05:06 15:02:29 107558 790.3837
2019:05:06 15:02:29 108378 808.3470
2019:05:06 15:02:29 108800 411.8830
2019:05:06 15:02:29 141360 32159.0565
2019:05:06 15:02:29 181363 39996.2999
2019:05:06 15:02:29 182096 378.4448
2019:05:06 15:02:29 182912 449.6314
2019:05:06 15:02:29 184131 819.0945
2019:05:06 15:02:29 184960 456.7131
2019:05:06 15:02:29 221367 35999.8532
2019:05:06 15:02:29 301354 39999.6489
2019:05:06 15:02:29 341363 39998.3376
2019:05:06 15:02:29 342174 375.4944
2019:05:06 15:02:29 342970 412.3487
2019:05:06 15:02:29 343800 424.1802
2019:05:06 15:02:29 344622 416.8935
2019:05:06 15:02:29 345440 421.7140
2019:05:06 15:02:29 346246 408.4185
2019:05:06 15:02:29 347065 413.1310
2019:05:06 15:02:29 348293 819.0088
2019:05:06 15:02:29 349113 413.6227
2019:05:06 15:02:29 425355 43999.8247
2019:05:06 15:02:29 465371 40008.3996
2019:05:06 15:02:29 470188 823.0954
2019:05:06 15:02:29 470973 417.0239
2019:05:06 15:02:29 471789 414.2895
2019:05:06 15:02:29 472216 417.1096
2019:05:06 15:02:29 473024 416.8563
2019:05:06 15:02:29 545354 39998.6394
2019:05:06 15:02:29 585365 40000.4312
2019:05:06 15:02:29 585837 395.4545
2019:05:06 15:02:29 586650 410.1321
2019:05:06 15:02:29 587070 409.3125
2019:05:06 15:02:29 587884 416.2975
2019:05:06 15:02:29 588701 421.6358
2019:05:06 15:02:29 625362 36260.1094
2019:05:06 15:02:29 629674 4304.1259
2019:05:06 15:02:29 630482 422.8689
2019:05:06 15:02:29 631285 404.6559
2019:05:06 15:02:29 632111 419.9073
2019:05:06 15:02:29 632937 417.4374
2019:05:06 15:02:29 665362 32029.2860
2019:05:06 15:02:29 705844 488.3707
2019:05:06 15:02:29 706643 779.5617
2019:05:06 15:02:29 707463 809.0399
2019:05:06 15:02:29 707884 409.2008
2019:05:06 15:02:29 708691 409.1077
2019:05:06 15:02:29 745356 36653.5410
2019:05:06 15:02:29 745976 608.8875
2019:05:06 15:02:29 746784 415.3661
2019:05:06 15:02:29 747604 414.2188
2019:05:06 15:02:29 748416 407.9565
2019:05:06 15:02:29 749244 817.2467
2019:05:06 15:02:29 785365 36111.6603
2019:05:06 15:02:29 825798 444.0770
2019:05:06 15:02:29 826618 406.0715
2019:05:06 15:02:29 827442 419.8961
2019:05:06 15:02:29 828261 419.3075
2019:05:06 15:02:29 829074 412.0506
2019:05:06 15:02:29 865363 35882.1750
2019:05:06 15:02:29 870058 547.5432
2019:05:06 15:02:29 870699 628.9668
2019:05:06 15:02:29 871520 415.4779
2019:05:06 15:02:29 872335 408.9773
2019:05:06 15:02:29 873154 417.4896
2019:05:06 15:02:29 937354 31999.1745
2019:05:06 15:02:29 977364 40001.7835
2019:05:06 15:02:30 17875 521.1867
2019:05:06 15:02:30 18704 817.4367
2019:05:06 15:02:30 19522 812.0090
2019:05:06 15:02:30 20334 806.6744
2019:05:06 15:02:30 57356 36611.7023
2019:05:06 15:02:30 61712 4348.8406
2019:05:06 15:02:30 62519 791.3336
2019:05:06 15:02:30 63338 806.6334
2019:05:06 15:02:30 64156 806.4657
2019:05:06 15:02:30 64578 410.0427
2019:05:06 15:02:30 93363 28383.9740
2019:05:06 15:02:30 98170 415.8989
2019:05:06 15:02:30 98984 417.7839
2019:05:06 15:02:30 99802 422.3213
2019:05:06 15:02:30 100615 414.9228
2019:05:06 15:02:30 133355 32335.4676
2019:05:06 15:02:30 134212 847.3098
2019:05:06 15:02:30 135030 421.0621
2019:05:06 15:02:30 135847 418.8307
2019:05:06 15:02:30 136656 413.3582
2019:05:06 15:02:30 137485 423.0253
2019:05:06 15:02:30 138299 412.3598
2019:05:06 15:02:30 139111 798.5868
2019:05:06 15:02:30 139539 415.7163
2019:05:06 15:02:30 140354 415.1352
2019:05:06 15:02:30 141179 416.3571
2019:05:06 15:02:30 221355 39990.7380
2019:05:06 15:02:30 261365 39999.4738
2019:05:06 15:02:30 341355 39999.8203
2019:05:06 15:02:30 373368 32002.7955
2019:05:06 15:02:30 374096 378.8061
2019:05:06 15:02:30 374915 421.6582
2019:05:06 15:02:30 425369 36013.3983
2019:05:06 15:02:30 429553 4174.3927
2019:05:06 15:02:30 430259 329.9937
2019:05:06 15:02:30 430770 425.6889
2019:05:06 15:02:30 431589 423.7182
2019:05:06 15:02:30 432297 311.7695
2019:05:06 15:02:30 432814 424.4819
2019:05:06 15:02:30 465368 32155.3014
2019:05:06 15:02:30 466150 394.4188
2019:05:06 15:02:30 466949 408.6010
2019:05:06 15:02:30 467386 419.3671
2019:05:06 15:02:30 468185 414.7738
2019:05:06 15:02:30 469005 410.1805
2019:05:06 15:02:30 505367 36349.6169
2019:05:06 15:02:30 525936 403.7842
2019:05:06 15:02:30 526755 415.6195
2019:05:06 15:02:30 527172 404.2722
2019:05:06 15:02:30 527992 422.2356
2019:05:06 15:02:30 528808 414.7068
2019:05:06 15:02:30 561355 32538.1383
2019:05:06 15:02:30 585748 24385.4821
2019:05:06 15:02:30 586557 417.2064
2019:05:06 15:02:30 587777 818.8151
2019:05:06 15:02:30 588607 421.1105
2019:05:06 15:02:30 617353 28347.0787
2019:05:06 15:02:30 649364 32001.1191
2019:05:06 15:02:30 685455 4091.0505
2019:05:06 15:02:30 686274 410.3780
2019:05:06 15:02:30 687100 810.0644
2019:05:06 15:02:30 687912 801.1796
2019:05:06 15:02:30 688335 406.5447
2019:05:06 15:02:30 689155 423.9827
2019:05:06 15:02:30 729704 349.7452
2019:05:06 15:02:30 730506 412.0283
2019:05:06 15:02:30 731336 420.9615
2019:05:06 15:02:30 732554 819.7241
2019:05:06 15:02:30 777354 44391.1143
2019:05:06 15:02:30 817363 39999.2540
2019:05:06 15:02:30 849766 410.8734
2019:05:06 15:02:30 850609 415.3363
2019:05:06 15:02:30 851427 415.8579
2019:05:06 15:02:30 852240 456.6200
2019:05:06 15:02:30 853064 812.9776
2019:05:06 15:02:30 881353 28279.2822
2019:05:06 15:02:30 913371 32006.4314
2019:05:06 15:02:30 977354 31998.9026
2019:05:06 15:02:30 981557 4192.9819
2019:05:06 15:02:30 982364 415.0346
2019:05:06 15:02:30 983174 652.0823
2019:05:06 15:02:30 983993 808.7493
2019:05:06 15:02:30 984812 807.2406
2019:05:06 15:02:31 9353 24531.2415
2019:05:06 15:02:31 13906 4541.9708
2019:05:06 15:02:31 15118 805.7281
2019:05:06 15:02:31 15949 421.4868
2019:05:06 15:02:31 17171 822.5627
2019:05:06 15:02:31 49642 286.8585
2019:05:06 15:02:31 50374 345.3381
2019:05:06 15:02:31 51260 414.0176
2019:05:06 15:02:31 52078 412.3114
2019:05:06 15:02:31 52895 472.9889
2019:05:06 15:02:31 85366 32460.9503
2019:05:06 15:02:31 125363 39988.0782
2019:05:06 15:02:31 126155 318.9147
2019:05:06 15:02:31 127075 413.6637
2019:05:06 15:02:31 127889 414.0064
2019:05:06 15:02:31 128290 391.3864
2019:05:06 15:02:31 129130 422.6491
2019:05:06 15:02:31 161895 537.0043
2019:05:06 15:02:31 162713 797.5362
2019:05:06 15:02:31 163540 809.0809
2019:05:06 15:02:31 163963 396.2666
2019:05:06 15:02:31 164791 414.3976
2019:05:06 15:02:31 201363 36177.3670
2019:05:06 15:02:31 233368 31993.6574
2019:05:06 15:02:31 238083 406.8837
2019:05:06 15:02:31 238904 416.9121
2019:05:06 15:02:31 239318 403.5942
2019:05:06 15:02:31 240127 414.1964
2019:05:06 15:02:31 240945 411.6446
2019:05:06 15:02:31 265942 585.5486
2019:05:06 15:02:31 266353 385.9475
2019:05:06 15:02:31 267180 423.3122
2019:05:06 15:02:31 267988 418.7487
2019:05:06 15:02:31 268802 416.6327
2019:05:06 15:02:31 269646 439.7407
2019:05:06 15:02:31 270043 383.1014
2019:05:06 15:02:31 270852 411.6707
2019:05:06 15:02:31 271665 410.4525
2019:05:06 15:02:31 272487 416.2826
2019:05:06 15:02:31 273299 802.8187
2019:05:06 15:02:31 297367 24056.6172
2019:05:06 15:02:31 333528 4174.2027
2019:05:06 15:02:31 334355 813.8940
2019:05:06 15:02:31 335169 805.6425
2019:05:06 15:02:31 335972 796.5304
2019:05:06 15:02:31 336787 804.2082
2019:05:06 15:02:31 361354 24554.7295
2019:05:06 15:02:31 393367 32002.3932
2019:05:06 15:02:31 398222 798.0205
2019:05:06 15:02:31 399056 816.3899
2019:05:06 15:02:31 399471 408.7389
2019:05:06 15:02:31 400283 412.5834
2019:05:06 15:02:31 401093 409.3163
2019:05:06 15:02:31 433366 32263.5733
2019:05:06 15:02:31 433884 403.7954
2019:05:06 15:02:31 434679 400.2340
2019:05:06 15:02:31 435503 418.5811
2019:05:06 15:02:31 436328 815.8758
2019:05:06 15:02:31 437132 797.9833
2019:05:06 15:02:31 473364 36214.7279
2019:05:06 15:02:31 553353 39997.3616
2019:05:06 15:02:31 585365 32003.8944
2019:05:06 15:02:31 617780 425.6666
2019:05:06 15:02:31 618580 409.7074
2019:05:06 15:02:31 619408 816.7252
2019:05:06 15:02:31 620222 417.1133
2019:05:06 15:02:31 621037 416.6961
2019:05:06 15:02:31 649364 27918.3462
2019:05:06 15:02:31 650536 799.8087
2019:05:06 15:02:31 651754 815.0004
2019:05:06 15:02:31 652578 804.0369
2019:05:06 15:02:31 653006 413.2874
2019:05:06 15:02:31 654215 802.6101
2019:05:06 15:02:31 655034 794.2878
2019:05:06 15:02:31 655464 414.1927
2019:05:06 15:02:31 656279 419.7583
2019:05:06 15:02:31 657083 408.7836
2019:05:06 15:02:31 681666 24568.4944
2019:05:06 15:02:31 682084 361.2265
2019:05:06 15:02:31 682900 410.7654
2019:05:06 15:02:31 683710 410.0762
2019:05:06 15:02:31 684540 425.5250
2019:05:06 15:02:31 685371 438.4071
2019:05:06 15:02:31 686173 417.5194
2019:05:06 15:02:31 686996 417.5194
2019:05:06 15:02:31 687804 412.3226
2019:05:06 15:02:31 688222 400.7667
2019:05:06 15:02:31 689049 411.8606
2019:05:06 15:02:31 717324 3968.9727
2019:05:06 15:02:31 718124 406.8352
2019:05:06 15:02:31 718941 420.9168
2019:05:06 15:02:31 719766 424.7800
2019:05:06 15:02:31 720562 409.6143
2019:05:06 15:02:31 720987 410.3072
2019:05:06 15:02:31 777354 31998.9808
2019:05:06 15:02:31 778129 762.3471
2019:05:06 15:02:31 778954 427.2051
2019:05:06 15:02:31 779527 184.6068
2019:05:06 15:02:31 780605 838.0935
2019:05:06 15:02:31 781424 812.5752
2019:05:06 15:02:31 782225 660.0842
2019:05:06 15:02:31 783048 425.2344
2019:05:06 15:02:31 783848 409.6963
2019:05:06 15:02:31 784667 800.9039
2019:05:06 15:02:31 817354 32666.1728
2019:05:06 15:02:31 857364 39998.7698
2019:05:06 15:02:31 905207 7851.7385
2019:05:06 15:02:31 937362 32127.9950
2019:05:06 15:02:32 17353 39997.4883
2019:05:06 15:02:32 49366 32002.4602
2019:05:06 15:02:32 49972 402.8305
2019:05:06 15:02:32 50783 419.7843
2019:05:06 15:02:32 52011 818.7741
2019:05:06 15:02:32 52825 409.9570
2019:05:06 15:02:32 81360 28129.2684
2019:05:06 15:02:32 81918 549.3835
2019:05:06 15:02:32 82734 418.3687
2019:05:06 15:02:32 83551 417.4858
2019:05:06 15:02:32 84370 416.8712
2019:05:06 15:02:32 85182 408.9586
2019:05:06 15:02:32 109366 24173.8483
2019:05:06 15:02:32 113927 406.5521
2019:05:06 15:02:32 114723 423.2153
2019:05:06 15:02:32 115533 414.3938
2019:05:06 15:02:32 116347 796.0573
2019:05:06 15:02:32 117166 803.8916
2019:05:06 15:02:32 141363 24185.9853
2019:05:06 15:02:32 205354 31999.7817
2019:05:06 15:02:32 237363 32000.5380
2019:05:06 15:02:32 317354 39998.6953
2019:05:06 15:02:32 357365 40002.4578
2019:05:06 15:02:32 361650 235.6097
2019:05:06 15:02:32 362469 417.2921
2019:05:06 15:02:32 363288 419.4155
2019:05:06 15:02:32 364101 643.4359
2019:05:06 15:02:32 364912 794.9397
2019:05:06 15:02:32 397355 32426.3126
2019:05:06 15:02:32 437364 39999.5558
2019:05:06 15:02:32 477809 453.7553
2019:05:06 15:02:32 478642 416.0814
2019:05:06 15:02:32 479454 406.2355
2019:05:06 15:02:32 480276 416.0963
2019:05:06 15:02:32 481097 417.5603
2019:05:06 15:02:32 509365 27857.6761
2019:05:06 15:02:32 573355 31999.2118
2019:05:06 15:02:32 605367 32003.2127
2019:05:06 15:02:32 637731 375.4087
2019:05:06 15:02:32 638515 405.7474
2019:05:06 15:02:32 639195 277.5863
2019:05:06 15:02:32 640152 416.8637
2019:05:06 15:02:32 640976 420.3506
2019:05:06 15:02:32 669360 28372.0046
2019:05:06 15:02:32 701364 31997.2858
2019:05:06 15:02:32 708348 392.7946
2019:05:06 15:02:32 709173 420.0339
2019:05:06 15:02:32 733364 24184.9683
2019:05:06 15:02:32 737877 413.4513
2019:05:06 15:02:32 738666 417.5417
2019:05:06 15:02:32 739486 420.5443
2019:05:06 15:02:32 740295 412.8814
2019:05:06 15:02:32 741113 415.0830
2019:05:06 15:02:32 797357 32000.2548
2019:05:06 15:02:32 829375 32010.0822
2019:05:06 15:02:32 833699 406.7644
2019:05:06 15:02:32 834511 420.1010
2019:05:06 15:02:32 835317 413.5408
2019:05:06 15:02:32 836136 413.2576
2019:05:06 15:02:32 836952 409.9421
2019:05:06 15:02:32 861364 24398.9266
2019:05:06 15:02:32 865647 418.8493
2019:05:06 15:02:32 866461 421.4644
2019:05:06 15:02:32 867274 418.9610
2019:05:06 15:02:32 867690 404.3877
2019:05:06 15:02:32 868508 419.1883
2019:05:06 15:02:32 869322 410.2886
2019:05:06 15:02:32 925355 32000.2548
2019:05:06 15:02:32 926039 674.2962
2019:05:06 15:02:32 926854 417.5566
2019:05:06 15:02:32 927505 252.0904
2019:05:06 15:02:32 928088 421.4123
2019:05:06 15:02:32 928902 417.5454
2019:05:06 15:02:32 957359 28058.1303
2019:05:06 15:02:32 957997 632.2972
2019:05:06 15:02:32 958801 574.5143
2019:05:06 15:02:32 959622 418.8307
2019:05:06 15:02:32 960427 404.8310
2019:05:06 15:02:32 961258 819.9327
2019:05:06 15:02:32 962072 807.7584
2019:05:06 15:02:32 962883 800.5016
2019:05:06 15:02:32 963705 810.5449
2019:05:06 15:02:32 964366 650.2345
2019:05:06 15:02:32 964946 418.2607
2019:05:06 15:02:32 989581 228.3715
2019:05:06 15:02:32 990342 410.1731
2019:05:06 15:02:32 991560 818.6772
2019:05:06 15:02:32 992378 808.5445
2019:05:06 15:02:32 993621 833.5039
2019:05:06 15:02:32 994424 791.7918
2019:05:06 15:02:32 994849 413.8798
2019:05:06 15:02:32 995665 570.3494
2019:05:06 15:02:32 996488 414.4385
2019:05:06 15:02:32 997290 398.9264
2019:05:06 15:02:33 25567 4212.2640
2019:05:06 15:02:33 26390 795.2303
2019:05:06 15:02:33 27208 811.7110
2019:05:06 15:02:33 28009 793.9786
2019:05:06 15:02:33 28829 807.0134
2019:05:06 15:02:33 53353 24513.3713
2019:05:06 15:02:33 85369 32005.3361
2019:05:06 15:02:33 149354 31999.1820
2019:05:06 15:02:33 175708 26345.7596
2019:05:06 15:02:33 176248 403.7507
2019:05:06 15:02:33 177068 422.8689
2019:05:06 15:02:33 177883 396.1101
2019:05:06 15:02:33 178683 662.9489
2019:05:06 15:02:33 179505 802.9416
2019:05:06 15:02:33 179924 406.5372
2019:05:06 15:02:33 180343 275.3772
2019:05:06 15:02:33 181160 412.5312
2019:05:06 15:02:33 215963 612.3632
2019:05:06 15:02:33 216776 799.4026
2019:05:06 15:02:33 217196 409.0369
2019:05:06 15:02:33 289355 35980.0011
2019:05:06 15:02:33 321366 32000.1915
2019:05:06 15:02:33 322073 420.7417
2019:05:06 15:02:33 322876 416.1559
2019:05:06 15:02:33 323699 413.5966
2019:05:06 15:02:33 324525 413.2763
2019:05:06 15:02:33 353362 28446.5402
2019:05:06 15:02:33 354007 636.8943
2019:05:06 15:02:33 354421 283.3642
2019:05:06 15:02:33 355622 801.9544
2019:05:06 15:02:33 356441 806.8532
2019:05:06 15:02:33 357260 808.4998
2019:05:06 15:02:33 357708 431.6531
2019:05:06 15:02:33 358507 407.5356
2019:05:06 15:02:33 359721 408.8394
2019:05:06 15:02:33 360542 415.4742
2019:05:06 15:02:33 385355 24801.0904
2019:05:06 15:02:33 385943 578.9660
2019:05:06 15:02:33 386728 412.5275
2019:05:06 15:02:33 387535 415.6902
2019:05:06 15:02:33 388354 415.9100
2019:05:06 15:02:33 389173 415.6306
2019:05:06 15:02:33 389988 381.6672
2019:05:06 15:02:33 390409 410.1768
2019:05:06 15:02:33 391215 413.7494
2019:05:06 15:02:33 392033 807.8218
2019:05:06 15:02:33 392463 413.3172
2019:05:06 15:02:33 393263 409.6702
2019:05:06 15:02:33 417363 24089.6493
2019:05:06 15:02:33 418256 407.9193
2019:05:06 15:02:33 419076 418.5811
2019:05:06 15:02:33 419893 413.2688
2019:05:06 15:02:33 420727 427.3243
2019:05:06 15:02:33 449368 28247.7476
2019:05:06 15:02:33 450203 412.4977
2019:05:06 15:02:33 451013 412.9969
2019:05:06 15:02:33 451834 417.3256
2019:05:06 15:02:33 452651 412.7659
2019:05:06 15:02:33 453480 422.6901
2019:05:06 15:02:33 454299 800.2706
2019:05:06 15:02:33 454714 404.0413
2019:05:06 15:02:33 455528 415.3438
2019:05:06 15:02:33 455955 417.1468
2019:05:06 15:02:33 456751 409.0071
2019:05:06 15:02:33 457173 410.6909
2019:05:06 15:02:33 481768 412.8888
2019:05:06 15:02:33 482560 413.1608
2019:05:06 15:02:33 483367 798.3297
2019:05:06 15:02:33 484189 811.4651
2019:05:06 15:02:33 485006 804.1002
2019:05:06 15:02:33 485438 420.6188
2019:05:06 15:02:33 486250 413.2763
2019:05:06 15:02:33 487076 421.4644
2019:05:06 15:02:33 487891 408.2695
2019:05:06 15:02:33 488703 789.0090
2019:05:06 15:02:33 513355 24624.5340
2019:05:06 15:02:33 517787 4422.2251
2019:05:06 15:02:33 518599 785.9766
2019:05:06 15:02:33 519018 407.0438
2019:05:06 15:02:33 519838 417.0947
2019:05:06 15:02:33 520655 417.8323
2019:05:06 15:02:33 545354 24689.3503
2019:05:06 15:02:33 577367 32003.8348
2019:05:06 15:02:33 641354 31988.3786
2019:05:06 15:02:33 673366 32001.8083
2019:05:06 15:02:33 705894 539.3475
2019:05:06 15:02:33 706705 797.0296
2019:05:06 15:02:33 707521 804.6553
2019:05:06 15:02:33 708343 810.3177
2019:05:06 15:02:33 709160 805.2513
2019:05:06 15:02:33 737364 28191.8123
2019:05:06 15:02:33 738239 773.5565
2019:05:06 15:02:33 739058 795.3830
2019:05:06 15:02:33 739811 739.0976
2019:05:06 15:02:33 740310 435.4417
2019:05:06 15:02:33 741120 416.2788
2019:05:06 15:02:33 741870 346.1912
2019:05:06 15:02:33 742743 412.8329
2019:05:06 15:02:33 743561 410.7729
2019:05:06 15:02:33 743912 340.5474
2019:05:06 15:02:33 744402 427.3877
2019:05:06 15:02:33 745212 413.8052
2019:05:06 15:02:33 789361 20006.7237
2019:05:06 15:02:33 790146 779.0960
2019:05:06 15:02:33 790960 417.2586
2019:05:06 15:02:33 791768 408.9251
2019:05:06 15:02:33 792588 809.2485
2019:05:06 15:02:33 793008 409.4951
2019:05:06 15:02:33 821354 27946.0102
2019:05:06 15:02:33 853362 31997.0138
2019:05:06 15:02:33 885366 24069.8345
2019:05:06 15:02:33 917365 24119.3287
2019:05:06 15:02:33 981354 31996.4737
2019:05:06 15:02:33 985808 4443.6790
2019:05:06 15:02:33 986630 431.5376
2019:05:06 15:02:33 987443 426.4303
2019:05:06 15:02:33 988263 427.5143
2019:05:06 15:02:33 989060 408.9028
2019:05:06 15:02:34 17353 3999.7548
2019:05:06 15:02:34 18161 800.8815
2019:05:06 15:02:34 18969 803.1353
2019:05:06 15:02:34 19793 420.2425
2019:05:06 15:02:34 20611 419.4193
2019:05:06 15:02:34 45365 24351.3472
2019:05:06 15:02:34 78122 766.7430
2019:05:06 15:02:34 78939 790.7562
2019:05:06 15:02:34 79363 406.9433
2019:05:06 15:02:34 80174 414.9973
2019:05:06 15:02:34 80986 409.2678
2019:05:06 15:02:34 109359 28357.0401
2019:05:06 15:02:34 109935 569.4032
2019:05:06 15:02:34 110739 589.3297
2019:05:06 15:02:34 111566 422.2356
2019:05:06 15:02:34 112190 232.3985
2019:05:06 15:02:34 112792 417.1319
2019:05:06 15:02:34 113627 437.3156
2019:05:06 15:02:34 114236 230.1820
2019:05:06 15:02:34 114832 582.7956
2019:05:06 15:02:34 115663 420.6896
2019:05:06 15:02:34 116473 409.1002
2019:05:06 15:02:34 117293 417.9180
2019:05:06 15:02:34 141898 414.9824
2019:05:06 15:02:34 142691 418.5550
2019:05:06 15:02:34 143097 190.8354
2019:05:06 15:02:34 143926 422.0791
2019:05:06 15:02:34 144726 407.7479
2019:05:06 15:02:34 145562 819.3962
2019:05:06 15:02:34 146384 808.6227
2019:05:06 15:02:34 147202 806.1342
2019:05:06 15:02:34 148017 808.1011
2019:05:06 15:02:34 148827 799.5293
2019:05:06 15:02:34 149246 407.1966
2019:05:06 15:02:34 177646 4290.9123
2019:05:06 15:02:34 178070 410.9554
2019:05:06 15:02:34 178886 423.2116
2019:05:06 15:02:34 179706 421.2335
2019:05:06 15:02:34 180511 406.4143
2019:05:06 15:02:34 181334 416.7147
2019:05:06 15:02:34 213291 7936.1238
2019:05:06 15:02:34 269354 31990.0922
2019:05:06 15:02:34 301366 32001.5699
2019:05:06 15:02:34 333719 363.8975
2019:05:06 15:02:34 334536 422.8204
2019:05:06 15:02:34 335347 417.6907
2019:05:06 15:02:34 336155 417.7690
2019:05:06 15:02:34 336969 411.5514
2019:05:06 15:02:34 337786 408.3067
2019:05:06 15:02:34 338623 826.4035
2019:05:06 15:02:34 339432 798.8289
2019:05:06 15:02:34 339853 406.7235
2019:05:06 15:02:34 340666 415.1128
2019:05:06 15:02:34 365354 24289.7272
2019:05:06 15:02:34 390113 24749.9794
2019:05:06 15:02:34 390639 403.7656
2019:05:06 15:02:34 391451 417.1282
2019:05:06 15:02:34 392264 410.0874
2019:05:06 15:02:34 392686 410.4748
2019:05:06 15:02:34 425365 32283.2689
2019:05:06 15:02:34 445377 20001.0538
2019:05:06 15:02:34 457368 8159.6896
2019:05:06 15:02:34 470085 716.5670
2019:05:06 15:02:34 470901 793.7402
2019:05:06 15:02:34 471734 822.6633
2019:05:06 15:02:34 472538 793.3453
2019:05:06 15:02:34 472959 410.1470
2019:05:06 15:02:34 501370 16012.8921
2019:05:06 15:02:34 533993 630.3638
2019:05:06 15:02:34 534397 392.8840
2019:05:06 15:02:34 535217 418.6891
2019:05:06 15:02:34 536035 418.4134
2019:05:06 15:02:34 536444 339.6571
2019:05:06 15:02:34 537265 419.5459
2019:05:06 15:02:34 597498 12132.6335
2019:05:06 15:02:34 598281 767.9798
2019:05:06 15:02:34 599103 811.1224
2019:05:06 15:02:34 599591 475.1012
2019:05:06 15:02:34 600342 419.3820
2019:05:06 15:02:34 601155 406.6341
2019:05:06 15:02:34 645364 32007.4782
2019:05:06 15:02:34 677366 31992.4578
2019:05:06 15:02:34 678168 420.9690
2019:05:06 15:02:34 678985 419.1175
2019:05:06 15:02:34 679786 405.3116
2019:05:06 15:02:34 680606 808.2166
2019:05:06 15:02:34 681034 410.3631
2019:05:06 15:02:34 681851 411.0150
2019:05:06 15:02:34 682662 796.3255
2019:05:06 15:02:34 683079 406.0306
2019:05:06 15:02:34 683882 404.9949
2019:05:06 15:02:34 684709 812.3666
2019:05:06 15:02:34 709354 24634.3315
2019:05:06 15:02:34 737364 28001.7033
2019:05:06 15:02:34 774004 648.6028
2019:05:06 15:02:34 774827 413.2241
2019:05:06 15:02:34 775645 418.3501
2019:05:06 15:02:34 776475 759.9369
2019:05:06 15:02:34 777284 421.8370
2019:05:06 15:02:34 810035 679.3067
2019:05:06 15:02:34 810852 794.9807
2019:05:06 15:02:34 811673 808.5631
2019:05:06 15:02:34 812107 422.8204
2019:05:06 15:02:34 812900 407.9863
2019:05:06 15:02:34 845361 32449.6180
2019:05:06 15:02:34 846517 1148.0786
2019:05:06 15:02:34 847322 799.2238
2019:05:06 15:02:34 847741 346.6681
2019:05:06 15:02:34 848556 424.6868
2019:05:06 15:02:34 881361 32410.7483
2019:05:06 15:02:34 885476 4106.6781
2019:05:06 15:02:34 886431 202.4136
2019:05:06 15:02:34 887069 433.7579
2019:05:06 15:02:34 888277 810.8094
2019:05:06 15:02:34 888696 409.5063
2019:05:06 15:02:34 917377 28268.5123
2019:05:06 15:02:34 921879 633.1354
2019:05:06 15:02:34 922674 783.6968
2019:05:06 15:02:34 923489 409.0406
2019:05:06 15:02:34 924309 410.9181
2019:05:06 15:02:34 925134 414.9154
2019:05:06 15:02:34 934142 625.4576
2019:05:06 15:02:34 934959 803.5526
2019:05:06 15:02:34 935783 812.0053
2019:05:06 15:02:34 936599 809.7403
2019:05:06 15:02:34 965361 28355.6432
2019:05:06 15:02:34 969793 4421.4837
2019:05:06 15:02:34 970589 403.6501
2019:05:06 15:02:34 971415 814.9967
2019:05:06 15:02:34 972227 801.1088
2019:05:06 15:02:34 973045 805.6127
2019:05:06 15:02:34 997363 24306.1110
2019:05:06 15:02:34 998439 792.7157
2019:05:06 15:02:34 999048 596.8846
2019:05:06 15:02:35 80 813.5810
2019:05:06 15:02:35 908 419.8886
2019:05:06 15:02:35 29360 28445.8585
2019:05:06 15:02:35 61363 31995.3412
2019:05:06 15:02:35 66037 415.0793
2019:05:06 15:02:35 66842 401.0610
2019:05:06 15:02:35 67660 804.8154
2019:05:06 15:02:35 68083 408.7426
2019:05:06 15:02:35 68907 415.6120
2019:05:06 15:02:35 81616 12314.5506
2019:05:06 15:02:35 82824 737.6745
2019:05:06 15:02:35 83650 809.6918
2019:05:06 15:02:35 84547 881.8209
2019:05:06 15:02:35 85287 418.0484
2019:05:06 15:02:35 125685 12497.6784
2019:05:06 15:02:35 126290 596.0204
2019:05:06 15:02:35 127822 978.2389
2019:05:06 15:02:35 128329 451.8852
2019:05:06 15:02:35 133702 4891.2540
2019:05:06 15:02:35 134688 977.2703
2019:05:06 15:02:35 135262 565.9051
2019:05:06 15:02:35 136156 478.8488
2019:05:06 15:02:35 137147 884.6857
2019:05:06 15:02:35 145869 8714.7541
2019:05:06 15:02:35 150633 306.3641
2019:05:06 15:02:35 151672 560.8462
2019:05:06 15:02:35 152687 1007.8847
2019:05:06 15:02:35 157454 4759.1031
2019:05:06 15:02:35 158465 1003.2691
2019:05:06 15:02:35 159507 545.5874
2019:05:06 15:02:35 160530 1014.4822
2019:05:06 15:02:35 161058 399.8354
2019:05:06 15:02:35 166031 3776.5875
2019:05:06 15:02:35 167111 575.3525
2019:05:06 15:02:35 168140 905.9608
2019:05:06 15:02:35 169243 610.7576
2019:05:06 15:02:35 174995 590.4511
2019:05:06 15:02:35 176569 1566.2573
2019:05:06 15:02:35 177070 492.3716
2019:05:06 15:02:35 182269 952.1358
2019:05:06 15:02:35 183323 1046.9630
2019:05:06 15:02:35 184445 1114.2530
2019:05:06 15:02:35 189473 3314.2157
2019:05:06 15:02:35 190519 1038.4247
2019:05:06 15:02:35 191592 531.9118
2019:05:06 15:02:35 192669 557.9181
2019:05:06 15:02:35 198201 5525.0712
2019:05:06 15:02:35 198841 631.7832
2019:05:06 15:02:35 200426 554.4126
2019:05:06 15:02:35 202057 1623.9099
2019:05:06 15:02:35 206021 689.6071
2019:05:06 15:02:35 207039 912.3906
2019:05:06 15:02:35 208081 543.8179
2019:05:06 15:02:35 209100 926.5989
2019:05:06 15:02:35 213529 2353.5416
2019:05:06 15:02:35 214998 1006.6964
2019:05:06 15:02:35 216061 1054.9799
2019:05:06 15:02:35 217109 1040.2128
2019:05:06 15:02:35 222137 4914.7755
2019:05:06 15:02:35 223356 660.2518
2019:05:06 15:02:35 224329 965.7703
2019:05:06 15:02:35 229757 4169.8366
2019:05:06 15:02:35 230314 549.6517
2019:05:06 15:02:35 231277 489.1455
2019:05:06 15:02:35 232342 527.1658
2019:05:06 15:02:35 233333 489.2051
2019:05:06 15:02:35 238087 654.4553
2019:05:06 15:02:35 239176 633.4521
2019:05:06 15:02:35 239738 437.1181
2019:05:06 15:02:35 241199 1002.3043
2019:05:06 15:02:35 246045 4261.8215
2019:05:06 15:02:35 247516 819.4149
2019:05:06 15:02:35 248782 535.4844
2019:05:06 15:02:35 258090 9174.0526
2019:05:06 15:02:35 258698 599.4737
2019:05:06 15:02:35 259810 548.9886
2019:05:06 15:02:35 260815 996.8057
2019:05:06 15:02:35 262526 1091.6814
2019:05:06 15:02:35 263095 559.8813
2019:05:06 15:02:35 264053 497.8254
2019:05:06 15:02:35 265126 542.3911
2019:05:06 15:02:35 266221 567.5890
2019:05:06 15:02:35 267236 541.3480
2019:05:06 15:02:35 268805 1082.2192
2019:05:06 15:02:35 308462 39647.1620
2019:05:06 15:02:35 309037 563.3682
2019:05:06 15:02:35 310252 902.0232
2019:05:06 15:02:35 311068 808.5445
2019:05:06 15:02:35 312592 993.8218
2019:05:06 15:02:35 313463 864.1183
2019:05:06 15:02:35 314426 531.9752
2019:05:06 15:02:35 321232 346.1093
2019:05:06 15:02:35 322453 707.1123
2019:05:06 15:02:35 323264 750.1692
2019:05:06 15:02:35 324066 787.4109
2019:05:06 15:02:35 324881 404.5293
2019:05:06 15:02:35 325717 816.9860
2019:05:06 15:02:35 326520 789.7057
2019:05:06 15:02:35 327357 816.6060
2019:05:06 15:02:35 328176 803.2359
2019:05:06 15:02:35 328981 402.2084
2019:05:06 15:02:35 330217 816.6209
2019:05:06 15:02:35 331025 791.4826
2019:05:06 15:02:35 331860 420.6337
2019:05:06 15:02:35 332682 419.5981
2019:05:06 15:02:35 333491 633.1764
2019:05:06 15:02:35 334325 790.9499
2019:05:06 15:02:35 334754 414.1219
2019:05:06 15:02:35 335944 810.4593
2019:05:06 15:02:35 336792 832.4049
2019:05:06 15:02:35 337190 382.2297
2019:05:06 15:02:35 338019 413.8425
2019:05:06 15:02:35 338824 414.3715
2019:05:06 15:02:35 339645 639.6659
2019:05:06 15:02:35 340460 422.6305
2019:05:06 15:02:35 341065 206.1240
2019:05:06 15:02:35 341711 432.1784
2019:05:06 15:02:35 342531 421.4682
2019:05:06 15:02:35 343326 399.6417
2019:05:06 15:02:35 344153 424.8321
2019:05:06 15:02:35 344974 427.6857
2019:05:06 15:02:35 345816 663.8505
2019:05:06 15:02:35 346619 432.1784
2019:05:06 15:02:35 347413 399.3846
2019:05:06 15:02:35 348253 418.2607
2019:05:06 15:02:35 349062 416.1075
2019:05:06 15:02:35 349865 620.1006
2019:05:06 15:02:35 350685 797.7262
2019:05:06 15:02:35 351112 410.8325
2019:05:06 15:02:35 351936 632.0775
2019:05:06 15:02:35 352746 797.3202
2019:05:06 15:02:35 353561 412.0655
2019:05:06 15:02:35 354390 427.0189
2019:05:06 15:02:35 355209 415.3773
2019:05:06 15:02:35 356015 622.2092
2019:05:06 15:02:35 356835 805.5940
2019:05:06 15:02:35 357437 586.7444
2019:05:06 15:02:35 358078 427.9166
2019:05:06 15:02:35 365985 7513.6945
2019:05:06 15:02:35 368315 308.2007
2019:05:06 15:02:35 369135 425.1190
2019:05:06 15:02:35 369936 405.6841
2019:05:06 15:02:35 380190 9828.1614
2019:05:06 15:02:35 382234 371.9404
2019:05:06 15:02:35 383059 418.3501
2019:05:06 15:02:35 383891 430.5765
