
# OSU MPI Allreduce Latency Test v5.6.1
# Size       Avg Latency(us)
1024                 6802.21
2019:05:06 15:02:15 263382 807.0543
2019:05:06 15:02:15 264328 583.1346
2019:05:06 15:02:15 265393 762.9581
2019:05:06 15:02:15 277843 12430.9920
2019:05:06 15:02:15 278891 753.7156
2019:05:06 15:02:15 279717 644.3448
2019:05:06 15:02:15 280632 510.9422
2019:05:06 15:02:15 281365 415.6120
2019:05:06 15:02:15 282574 695.6980
2019:05:06 15:02:15 283141 551.7751
2019:05:06 15:02:15 284384 943.3441
2019:05:06 15:02:15 285038 646.3379
2019:05:06 15:02:15 285937 494.7372
2019:05:06 15:02:15 286699 420.9653
2019:05:06 15:02:15 287533 347.2678
2019:05:06 15:02:15 288437 522.8966
2019:05:06 15:02:15 321898 33134.8218
2019:05:06 15:02:15 322739 826.7388
2019:05:06 15:02:15 323669 545.9897
2019:05:06 15:02:15 324385 416.4688
2019:05:06 15:02:15 326144 1252.8263
2019:05:06 15:02:15 326826 673.7113
2019:05:06 15:02:15 327708 313.6732
2019:05:06 15:02:15 328458 410.3296
2019:05:06 15:02:15 329285 328.5967
2019:05:06 15:02:15 330227 542.5736
2019:05:06 15:02:15 331473 946.5553
2019:05:06 15:02:15 332140 659.1193
2019:05:06 15:02:15 333030 871.5764
2019:05:06 15:02:15 334271 900.9987
2019:05:06 15:02:15 335011 732.8875
2019:05:06 15:02:15 335823 798.4936
2019:05:06 15:02:15 336743 495.2289
2019:05:06 15:02:15 341677 4616.9236
2019:05:06 15:02:15 342382 696.8305
2019:05:06 15:02:15 343213 818.7369
2019:05:06 15:02:15 344148 541.5343
2019:05:06 15:02:15 345365 917.3676
2019:05:06 15:02:15 346069 696.7783
2019:05:06 15:02:15 346604 520.0915
2019:05:06 15:02:15 347835 931.5200
2019:05:06 15:02:15 348525 683.0879
2019:05:06 15:02:15 353433 4894.2976
2019:05:06 15:02:15 354286 838.5293
2019:05:06 15:02:15 355215 554.7218
2019:05:06 15:02:15 356458 934.9324
2019:05:06 15:02:15 357136 670.6975
2019:05:06 15:02:15 358360 691.1606
2019:05:06 15:02:15 359579 672.2249
2019:05:06 15:02:15 360453 841.2823
2019:05:06 15:02:15 361513 691.8833
2019:05:06 15:02:15 362144 493.2769
2019:05:06 15:02:15 362878 403.7283
2019:05:06 15:02:15 364162 883.6910
2019:05:06 15:02:15 365098 927.8320
2019:05:06 15:02:15 366540 556.1188
2019:05:06 15:02:15 366969 410.2401
2019:05:06 15:02:15 367857 475.6898
2019:05:06 15:02:15 369255 941.1164
2019:05:06 15:02:15 369998 734.3180
2019:05:06 15:02:15 371468 1018.0101
2019:05:06 15:02:15 372320 844.2290
2019:05:06 15:02:15 373244 914.7488
2019:05:06 15:02:15 386462 514.6004
2019:05:06 15:02:15 387427 494.5956
2019:05:06 15:02:15 419667 32221.7308
2019:05:06 15:02:15 420218 383.5447
2019:05:06 15:02:15 421423 799.7938
2019:05:06 15:02:15 469877 48433.4342
2019:05:06 15:02:15 470750 463.9365
2019:05:06 15:02:15 471687 474.8479
2019:05:06 15:02:15 473063 923.5367
2019:05:06 15:02:15 481361 8278.3736
2019:05:06 15:02:15 482293 465.8215
2019:05:06 15:02:15 483334 574.9725
2019:05:06 15:02:15 484221 418.1601
2019:05:06 15:02:15 485097 472.0651
2019:05:06 15:02:15 485991 475.7829
2019:05:06 15:02:15 487380 931.9372
2019:05:06 15:02:15 487913 477.2469
2019:05:06 15:02:15 488790 471.3275
2019:05:06 15:02:15 489992 477.7908
2019:05:06 15:02:15 491383 934.0011
2019:05:06 15:02:15 492392 542.3091
2019:05:06 15:02:15 493248 815.2351
2019:05:06 15:02:15 509681 16116.7160
2019:05:06 15:02:15 511061 930.8495
2019:05:06 15:02:15 511659 592.1572
2019:05:06 15:02:15 512483 482.2128
2019:05:06 15:02:15 513366 877.0898
2019:05:06 15:02:15 514766 934.8653
2019:05:06 15:02:15 515738 964.8055
2019:05:06 15:02:15 516621 868.6669
2019:05:06 15:02:15 521908 4821.0472
2019:05:06 15:02:15 529690 7774.6473
2019:05:06 15:02:15 535687 5557.6488
2019:05:06 15:02:15 536614 392.2023
2019:05:06 15:02:15 537977 904.7985
2019:05:06 15:02:15 539370 929.4488
2019:05:06 15:02:15 539919 419.1063
2019:05:06 15:02:15 540772 436.1272
2019:05:06 15:02:15 546823 5596.8650
2019:05:06 15:02:15 547701 419.6018
2019:05:06 15:02:15 548623 466.6075
2019:05:06 15:02:15 565268 16178.5893
2019:05:06 15:02:15 566134 420.2724
2019:05:06 15:02:15 567064 464.1749
2019:05:06 15:02:15 568464 933.7179
2019:05:06 15:02:15 569020 548.4559
2019:05:06 15:02:15 569838 479.3517
2019:05:06 15:02:15 571222 931.7510
2019:05:06 15:02:15 572263 574.8607
2019:05:06 15:02:15 573090 474.1624
2019:05:06 15:02:15 579538 6432.6786
2019:05:06 15:02:15 580056 425.9385
2019:05:06 15:02:15 580920 466.7714
2019:05:06 15:02:15 582285 925.9284
2019:05:06 15:02:15 583317 567.1456
2019:05:06 15:02:15 584141 795.6289
2019:05:06 15:02:15 585067 910.7813
2019:05:06 15:02:15 609528 24017.6655
2019:05:06 15:02:15 610347 392.9883
2019:05:06 15:02:15 611151 409.9607
2019:05:06 15:02:15 611568 401.5937
2019:05:06 15:02:15 612390 416.7408
2019:05:06 15:02:15 613199 410.1582
2019:05:06 15:02:15 617334 4124.3695
2019:05:06 15:02:15 649278 7911.9802
2019:05:06 15:02:15 677275 3918.4131
2019:05:06 15:02:15 678091 805.2699
2019:05:06 15:02:15 678912 803.3887
2019:05:06 15:02:15 679979 1055.4492
2019:05:06 15:02:15 680554 564.2697
2019:05:06 15:02:15 705378 24416.1822
2019:05:06 15:02:15 706349 787.8393
2019:05:06 15:02:15 707175 813.4916
2019:05:06 15:02:15 707985 803.2210
2019:05:06 15:02:15 708800 402.9199
2019:05:06 15:02:15 737365 28553.2065
2019:05:06 15:02:15 769401 32024.2941
2019:05:06 15:02:15 774022 413.3992
2019:05:06 15:02:15 774840 412.3971
2019:05:06 15:02:15 775669 421.2037
2019:05:06 15:02:15 776888 820.3536
2019:05:06 15:02:15 801364 24465.4939
2019:05:06 15:02:15 805982 4604.2949
2019:05:06 15:02:15 806788 409.5323
2019:05:06 15:02:15 807604 409.9831
2019:05:06 15:02:15 808034 414.0660
2019:05:06 15:02:15 808838 413.1533
2019:05:06 15:02:15 833356 24114.7764
2019:05:06 15:02:15 833829 462.8077
2019:05:06 15:02:15 834649 414.9526
2019:05:06 15:02:15 835465 418.5364
2019:05:06 15:02:15 836284 416.3794
2019:05:06 15:02:15 837097 409.4169
2019:05:06 15:02:15 865366 28257.1092
2019:05:06 15:02:15 897375 32000.9328
2019:05:06 15:02:15 901839 392.4109
2019:05:06 15:02:15 902651 426.9816
2019:05:06 15:02:15 903462 418.8120
2019:05:06 15:02:15 904287 417.1021
2019:05:06 15:02:15 905103 423.6251
2019:05:06 15:02:15 953368 32007.4074
2019:05:06 15:02:15 985407 32025.9072
2019:05:06 15:02:16 18017 405.6580
2019:05:06 15:02:16 18834 806.6632
2019:05:06 15:02:16 19653 807.2741
2019:05:06 15:02:16 20073 408.8730
2019:05:06 15:02:16 20892 417.1282
2019:05:06 15:02:16 57417 36125.0415
2019:05:06 15:02:16 58394 966.2807
2019:05:06 15:02:16 59220 814.5571
2019:05:06 15:02:16 60029 799.6894
2019:05:06 15:02:16 60849 808.0751
2019:05:06 15:02:16 61683 821.3967
2019:05:06 15:02:16 62101 406.5260
2019:05:06 15:02:16 62918 418.8679
2019:05:06 15:02:16 63734 419.3038
2019:05:06 15:02:16 64546 413.0267
2019:05:06 15:02:16 85438 20488.3963
2019:05:06 15:02:16 86589 1137.0778
2019:05:06 15:02:16 87216 563.4204
2019:05:06 15:02:16 88445 621.7994
2019:05:06 15:02:16 89119 667.1399
2019:05:06 15:02:16 90444 621.2704
2019:05:06 15:02:16 91167 716.1833
2019:05:06 15:02:16 92293 617.9288
2019:05:06 15:02:16 92919 521.5593
2019:05:06 15:02:16 109986 16472.3210
2019:05:06 15:02:16 111228 635.8661
2019:05:06 15:02:16 112445 1203.3880
2019:05:06 15:02:16 113071 611.8491
2019:05:06 15:02:16 125595 11774.9833
2019:05:06 15:02:16 127120 991.9330
2019:05:06 15:02:16 127735 509.6942
2019:05:06 15:02:16 128966 622.4029
2019:05:06 15:02:16 153375 24402.8978
2019:05:06 15:02:16 185368 31984.3292
2019:05:06 15:02:16 186203 387.3520
2019:05:06 15:02:16 187430 819.5341
2019:05:06 15:02:16 188250 412.7547
2019:05:06 15:02:16 209363 20704.5227
2019:05:06 15:02:16 210366 994.5258
2019:05:06 15:02:16 211186 810.7647
2019:05:06 15:02:16 212422 826.1427
2019:05:06 15:02:16 213234 805.6834
2019:05:06 15:02:16 301354 43994.9222
2019:05:06 15:02:16 341364 39999.6117
2019:05:06 15:02:16 389354 23998.4468
2019:05:06 15:02:16 429366 40002.6031
2019:05:06 15:02:16 509355 39999.1386
2019:05:06 15:02:16 549366 40000.0513
2019:05:06 15:02:16 629356 39999.5074
2019:05:06 15:02:16 669363 39999.5334
2019:05:06 15:02:16 749356 40000.2562
2019:05:06 15:02:16 789362 39994.9998
2019:05:06 15:02:16 790004 351.4215
2019:05:06 15:02:16 790812 416.8488
2019:05:06 15:02:16 791621 413.1049
2019:05:06 15:02:16 792043 412.6355
2019:05:06 15:02:16 792867 418.8642
2019:05:06 15:02:16 793675 406.7570
2019:05:06 15:02:16 794485 797.0408
2019:05:06 15:02:16 795304 801.8352
2019:05:06 15:02:16 795725 407.0252
2019:05:06 15:02:16 796535 412.8180
2019:05:06 15:02:16 829358 32416.0606
2019:05:06 15:02:16 829996 630.7177
2019:05:06 15:02:16 831212 818.5841
2019:05:06 15:02:16 832043 420.5182
2019:05:06 15:02:16 833260 819.0945
2019:05:06 15:02:16 834090 388.4956
2019:05:06 15:02:16 834906 809.9675
2019:05:06 15:02:16 836132 815.8349
2019:05:06 15:02:16 836945 803.2732
2019:05:06 15:02:16 869364 32405.8868
2019:05:06 15:02:16 949354 39999.7607
2019:05:06 15:02:16 950101 734.8172
2019:05:06 15:02:16 950910 421.2260
2019:05:06 15:02:16 952124 816.4234
2019:05:06 15:02:16 952944 806.7302
2019:05:06 15:02:16 989360 36402.9929
2019:05:06 15:02:16 994014 4646.3273
2019:05:06 15:02:16 994835 783.4546
2019:05:06 15:02:16 995661 421.3750
2019:05:06 15:02:16 996878 819.7017
2019:05:06 15:02:17 29366 32078.7877
2019:05:06 15:02:17 73543 4188.0943
2019:05:06 15:02:17 74364 803.3141
2019:05:06 15:02:17 75180 804.4057
2019:05:06 15:02:17 75605 413.7047
2019:05:06 15:02:17 76416 590.7081
2019:05:06 15:02:17 77241 423.3755
2019:05:06 15:02:17 113595 4239.6635
2019:05:06 15:02:17 114400 784.2332
2019:05:06 15:02:17 115211 795.3122
2019:05:06 15:02:17 116031 805.5232
2019:05:06 15:02:17 116850 805.4413
2019:05:06 15:02:17 149357 32490.5515
2019:05:06 15:02:17 189368 40004.1603
2019:05:06 15:02:17 233324 3967.1846
2019:05:06 15:02:17 234130 411.3764
2019:05:06 15:02:17 235346 818.7406
2019:05:06 15:02:17 236163 807.7398
2019:05:06 15:02:17 269354 32780.7106
2019:05:06 15:02:17 270048 685.1517
2019:05:06 15:02:17 270706 644.7956
2019:05:06 15:02:17 271522 423.4612
2019:05:06 15:02:17 272327 411.0411
2019:05:06 15:02:17 273144 805.7281
2019:05:06 15:02:17 273584 417.6311
2019:05:06 15:02:17 274371 407.2338
2019:05:06 15:02:17 275190 807.6765
2019:05:06 15:02:17 276009 805.2737
2019:05:06 15:02:17 276828 804.2976
2019:05:06 15:02:17 309354 32513.8532
2019:05:06 15:02:17 310142 776.8162
2019:05:06 15:02:17 310972 427.1232
2019:05:06 15:02:17 311784 416.9568
2019:05:06 15:02:17 312596 416.1522
2019:05:06 15:02:17 313849 844.5419
2019:05:06 15:02:17 314638 782.0055
2019:05:06 15:02:17 315062 409.6515
2019:05:06 15:02:17 315877 410.6574
2019:05:06 15:02:17 316686 798.9369
2019:05:06 15:02:17 317116 414.1405
2019:05:06 15:02:17 350002 646.1740
2019:05:06 15:02:17 350806 787.3923
2019:05:06 15:02:17 351634 423.2302
2019:05:06 15:02:17 352353 318.0616
2019:05:06 15:02:17 352867 503.4618
2019:05:06 15:02:17 389365 36096.2301
2019:05:06 15:02:17 389927 387.3147
2019:05:06 15:02:17 390745 407.9267
2019:05:06 15:02:17 391563 417.6684
2019:05:06 15:02:17 392373 657.9235
2019:05:06 15:02:17 392801 417.4560
2019:05:06 15:02:17 393619 421.4086
2019:05:06 15:02:17 394417 656.6420
2019:05:06 15:02:17 395237 801.8576
2019:05:06 15:02:17 395664 409.6068
2019:05:06 15:02:17 396076 268.6307
2019:05:06 15:02:17 396894 412.1326
2019:05:06 15:02:17 433360 36069.0169
2019:05:06 15:02:17 473364 39995.6442
2019:05:06 15:02:17 474375 389.7734
2019:05:06 15:02:17 475194 418.9648
2019:05:06 15:02:17 476011 808.0341
2019:05:06 15:02:17 476432 410.6425
2019:05:06 15:02:17 477249 416.3608
2019:05:06 15:02:17 478069 416.5918
2019:05:06 15:02:17 478874 413.0974
2019:05:06 15:02:17 479693 412.7808
2019:05:06 15:02:17 480509 409.8453
2019:05:06 15:02:17 481328 808.3694
2019:05:06 15:02:17 513361 32020.6881
2019:05:06 15:02:17 514037 408.0497
2019:05:06 15:02:17 514852 418.0670
2019:05:06 15:02:17 515268 295.2032
2019:05:06 15:02:17 516482 808.7195
2019:05:06 15:02:17 517299 806.9500
2019:05:06 15:02:17 553366 36056.4329
2019:05:06 15:02:17 554176 411.5440
2019:05:06 15:02:17 555004 421.0398
2019:05:06 15:02:17 555809 412.4232
2019:05:06 15:02:17 556232 408.6345
2019:05:06 15:02:17 557044 411.6707
2019:05:06 15:02:17 593365 35918.6046
2019:05:06 15:02:17 673354 39999.0492
2019:05:06 15:02:17 713362 39998.5351
2019:05:06 15:02:17 713973 363.4617
2019:05:06 15:02:17 714777 412.1661
2019:05:06 15:02:17 715593 409.9272
2019:05:06 15:02:17 716409 805.4674
2019:05:06 15:02:17 717231 810.8281
2019:05:06 15:02:17 717667 425.4282
2019:05:06 15:02:17 718462 408.3961
2019:05:06 15:02:17 719280 799.9539
2019:05:06 15:02:17 719709 413.7456
2019:05:06 15:02:17 720526 417.3256
2019:05:06 15:02:17 753362 32436.8104
2019:05:06 15:02:17 793363 39992.9434
2019:05:06 15:02:17 794219 761.0731
2019:05:06 15:02:17 795050 820.2009
2019:05:06 15:02:17 795866 810.0607
2019:05:06 15:02:17 796685 813.7599
2019:05:06 15:02:17 833354 36263.6037
2019:05:06 15:02:17 873365 40000.5318
2019:05:06 15:02:17 953356 40001.7053
2019:05:06 15:02:17 954191 824.9022
2019:05:06 15:02:17 954977 413.4327
2019:05:06 15:02:17 955797 408.1167
2019:05:06 15:02:17 956614 800.3339
2019:05:06 15:02:17 957444 818.7369
2019:05:06 15:02:17 958254 791.0356
2019:05:06 15:02:17 958673 400.1670
2019:05:06 15:02:17 959490 417.2698
2019:05:06 15:02:17 960312 414.5987
2019:05:06 15:02:17 961121 411.0113
2019:05:06 15:02:18 33355 40001.3402
2019:05:06 15:02:18 34308 945.1061
2019:05:06 15:02:18 35126 419.4044
2019:05:06 15:02:18 35944 417.6758
2019:05:06 15:02:18 36764 418.2495
2019:05:06 15:02:18 53359 16197.8193
2019:05:06 15:02:18 53990 624.4145
2019:05:06 15:02:18 54788 420.6039
2019:05:06 15:02:18 55596 409.0369
2019:05:06 15:02:18 56017 411.1677
2019:05:06 15:02:18 56830 414.3193
2019:05:06 15:02:18 93356 36121.0294
2019:05:06 15:02:18 97777 4413.3440
2019:05:06 15:02:18 98592 800.6804
2019:05:06 15:02:18 99402 790.3576
2019:05:06 15:02:18 100228 412.9633
2019:05:06 15:02:18 101050 811.2043
2019:05:06 15:02:18 133362 32301.8543
2019:05:06 15:02:18 177776 4421.9047
2019:05:06 15:02:18 178190 389.2481
2019:05:06 15:02:18 179006 415.9175
2019:05:06 15:02:18 179815 411.1864
2019:05:06 15:02:18 180234 408.8953
2019:05:06 15:02:18 181053 414.5242
2019:05:06 15:02:18 253353 39997.0412
2019:05:06 15:02:18 293361 39999.1348
2019:05:06 15:02:18 294011 401.6384
2019:05:06 15:02:18 294839 416.3124
2019:05:06 15:02:18 295657 414.0437
2019:05:06 15:02:18 296475 437.8259
2019:05:06 15:02:18 297297 421.0472
2019:05:06 15:02:18 333363 36057.2338
2019:05:06 15:02:18 337910 380.4900
2019:05:06 15:02:18 338734 807.3859
2019:05:06 15:02:18 339540 796.5676
2019:05:06 15:02:18 339968 412.7771
2019:05:06 15:02:18 340784 404.3728
2019:05:06 15:02:18 373363 32567.2328
2019:05:06 15:02:18 417562 4207.0597
2019:05:06 15:02:18 418213 632.3569
2019:05:06 15:02:18 419008 416.3012
2019:05:06 15:02:18 419823 416.0479
2019:05:06 15:02:18 420645 811.2900
2019:05:06 15:02:18 453355 32699.6669
2019:05:06 15:02:18 493361 39996.1956
2019:05:06 15:02:18 533702 348.4711
2019:05:06 15:02:18 534502 403.9742
2019:05:06 15:02:18 535344 830.3486
2019:05:06 15:02:18 536146 795.6773
2019:05:06 15:02:18 536562 406.5819
2019:05:06 15:02:18 573358 36387.1790
2019:05:06 15:02:18 577636 4271.7494
2019:05:06 15:02:18 578436 405.5984
2019:05:06 15:02:18 579256 418.8828
2019:05:06 15:02:18 580065 416.0143
2019:05:06 15:02:18 580884 415.9026
2019:05:06 15:02:18 613354 32066.2744
2019:05:06 15:02:18 653366 40000.8373
2019:05:06 15:02:18 657973 403.1323
2019:05:06 15:02:18 658779 412.6355
2019:05:06 15:02:18 659603 417.5119
2019:05:06 15:02:18 660028 413.8313
2019:05:06 15:02:18 660842 418.6332
2019:05:06 15:02:18 693354 32120.3731
2019:05:06 15:02:18 733363 40000.8261
2019:05:06 15:02:18 773869 509.3403
2019:05:06 15:02:18 774697 802.9602
2019:05:06 15:02:18 775510 410.6760
2019:05:06 15:02:18 776345 427.7565
2019:05:06 15:02:18 777152 801.3211
2019:05:06 15:02:18 813364 36200.1881
2019:05:06 15:02:18 815664 402.2308
2019:05:06 15:02:18 816468 413.5445
2019:05:06 15:02:18 817284 410.0725
2019:05:06 15:02:18 853363 36065.4965
2019:05:06 15:02:18 927373 34013.6215
2019:05:06 15:02:18 927967 585.7013
2019:05:06 15:02:18 928797 420.9839
2019:05:06 15:02:18 930039 843.4132
2019:05:06 15:02:18 930844 797.2382
2019:05:06 15:02:18 931673 423.6512
2019:05:06 15:02:18 932487 418.0595
2019:05:06 15:02:18 933296 417.3890
2019:05:06 15:02:18 957902 430.7702
2019:05:06 15:02:18 958697 417.9887
2019:05:06 15:02:18 959519 415.4220
2019:05:06 15:02:18 960731 812.2325
2019:05:06 15:02:18 997355 36611.7805
2019:05:06 15:02:19 37372 40008.2357
2019:05:06 15:02:19 81280 3923.6583
2019:05:06 15:02:19 82080 793.5241
2019:05:06 15:02:19 82906 813.8865
2019:05:06 15:02:19 83724 807.5684
2019:05:06 15:02:19 84145 395.7003
2019:05:06 15:02:19 84972 414.7142
2019:05:06 15:02:19 157354 39998.6207
2019:05:06 15:02:19 161613 4248.7048
2019:05:06 15:02:19 162398 396.1846
2019:05:06 15:02:19 163215 418.9909
2019:05:06 15:02:19 164024 412.5908
2019:05:06 15:02:19 164844 643.2086
2019:05:06 15:02:19 197355 32501.3176
2019:05:06 15:02:19 237370 40006.9505
2019:05:06 15:02:19 277885 530.6490
2019:05:06 15:02:19 278703 805.8548
2019:05:06 15:02:19 279522 807.0730
2019:05:06 15:02:19 280342 808.5333
2019:05:06 15:02:19 281162 809.0138
2019:05:06 15:02:19 317365 36192.5550
2019:05:06 15:02:19 321735 395.8531
2019:05:06 15:02:19 322551 643.9947
2019:05:06 15:02:19 323364 421.1850
2019:05:06 15:02:19 323937 179.5217
2019:05:06 15:02:19 324587 421.5091
2019:05:06 15:02:19 357363 32372.6833
2019:05:06 15:02:19 401692 4336.9904
2019:05:06 15:02:19 402501 796.3553
2019:05:06 15:02:19 403322 811.1447
2019:05:06 15:02:19 404151 417.0090
2019:05:06 15:02:19 404961 803.8543
2019:05:06 15:02:19 477354 39998.5835
2019:05:06 15:02:19 517362 40001.2136
2019:05:06 15:02:19 597355 40000.3940
2019:05:06 15:02:19 598057 693.5932
2019:05:06 15:02:19 598873 436.1458
2019:05:06 15:02:19 599683 420.3916
2019:05:06 15:02:19 600486 409.7484
2019:05:06 15:02:19 600907 403.7805
2019:05:06 15:02:19 601733 421.0435
2019:05:06 15:02:19 602544 402.6368
2019:05:06 15:02:19 602963 407.8373
2019:05:06 15:02:19 603790 416.2304
2019:05:06 15:02:19 604594 414.0772
2019:05:06 15:02:19 637364 32377.6640
2019:05:06 15:02:19 677828 472.6350
2019:05:06 15:02:19 678622 409.1561
2019:05:06 15:02:19 679434 409.8117
2019:05:06 15:02:19 679855 408.9475
2019:05:06 15:02:19 680680 420.4065
2019:05:06 15:02:19 717355 36282.3494
2019:05:06 15:02:19 757364 39997.5218
2019:05:06 15:02:19 829360 31999.9680
2019:05:06 15:02:19 861363 31995.7621
2019:05:06 15:02:19 889799 444.3005
2019:05:06 15:02:19 890618 806.6297
2019:05:06 15:02:19 891429 796.2100
2019:05:06 15:02:19 891851 409.2455
2019:05:06 15:02:19 892670 417.6274
2019:05:06 15:02:19 925360 32292.0047
2019:05:06 15:02:19 957367 32000.6572
2019:05:06 15:02:20 21360 32004.6097
2019:05:06 15:02:20 53363 31996.9878
2019:05:06 15:02:20 117362 32006.7443
2019:05:06 15:02:20 149364 31993.7989
2019:05:06 15:02:20 181366 24055.1457
2019:05:06 15:02:20 245356 31999.3421
2019:05:06 15:02:20 277363 32000.7578
2019:05:06 15:02:20 341354 31996.9580
2019:05:06 15:02:20 373363 32001.0111
2019:05:06 15:02:20 437353 32000.2250
2019:05:06 15:02:20 469363 31998.0830
2019:05:06 15:02:20 541357 40002.7782
2019:05:06 15:02:20 541969 604.8642
2019:05:06 15:02:20 542758 416.9941
2019:05:06 15:02:20 543582 415.2060
2019:05:06 15:02:20 544385 405.1179
2019:05:06 15:02:20 544818 412.8478
2019:05:06 15:02:20 589369 44154.3348
2019:05:06 15:02:20 590262 388.0225
2019:05:06 15:02:20 591077 409.0071
2019:05:06 15:02:20 591538 450.3541
2019:05:06 15:02:20 592310 410.4674
2019:05:06 15:02:20 593134 419.6651
2019:05:06 15:02:20 637363 44219.6168
2019:05:06 15:02:20 638314 424.1467
2019:05:06 15:02:20 639134 424.8545
2019:05:06 15:02:20 639934 409.4914
2019:05:06 15:02:20 640754 809.5130
2019:05:06 15:02:20 641178 414.4125
2019:05:06 15:02:20 685743 387.5755
2019:05:06 15:02:20 686549 408.9847
2019:05:06 15:02:20 686975 411.5552
2019:05:06 15:02:20 687780 415.7722
2019:05:06 15:02:20 688207 415.0048
2019:05:06 15:02:20 689017 419.7173
2019:05:06 15:02:20 725362 36332.5030
2019:05:06 15:02:20 797355 32000.2474
2019:05:06 15:02:20 797874 510.8416
2019:05:06 15:02:20 799071 808.0862
2019:05:06 15:02:20 799889 801.5074
2019:05:06 15:02:20 800710 808.4066
2019:05:06 15:02:20 801530 805.4748
2019:05:06 15:02:20 801952 409.6851
2019:05:06 15:02:20 802769 418.7115
2019:05:06 15:02:20 804000 823.5946
2019:05:06 15:02:20 804822 816.4681
2019:05:06 15:02:20 829420 24591.2708
2019:05:06 15:02:20 830231 788.6775
2019:05:06 15:02:20 831022 679.7723
2019:05:06 15:02:20 831836 803.3104
2019:05:06 15:02:20 832263 415.4928
2019:05:06 15:02:20 833073 685.3007
2019:05:06 15:02:20 861355 28270.7103
2019:05:06 15:02:20 893363 31995.5237
2019:05:06 15:02:20 894141 400.6773
2019:05:06 15:02:20 894954 415.0644
2019:05:06 15:02:20 895766 415.2246
2019:05:06 15:02:20 896604 831.7381
2019:05:06 15:02:20 897419 809.2485
2019:05:06 15:02:20 898241 815.1084
2019:05:06 15:02:20 899041 794.4480
2019:05:06 15:02:20 899471 414.6509
2019:05:06 15:02:20 900274 418.1303
2019:05:06 15:02:20 901095 415.8914
2019:05:06 15:02:20 977354 47989.2008
2019:05:06 15:02:21 25363 47997.5902
2019:05:06 15:02:21 117355 40000.9379
2019:05:06 15:02:21 117935 572.3648
2019:05:06 15:02:21 118715 418.7487
2019:05:06 15:02:21 119530 415.3997
2019:05:06 15:02:21 120743 809.2485
2019:05:06 15:02:21 157355 36597.4270
2019:05:06 15:02:21 189364 32000.8472
2019:05:06 15:02:21 253356 32000.0574
2019:05:06 15:02:21 285364 32000.4039
2019:05:06 15:02:21 385354 51993.9624
2019:05:06 15:02:21 413364 27997.4788
2019:05:06 15:02:21 481354 39998.5723
2019:05:06 15:02:21 521363 40001.3626
2019:05:06 15:02:21 521969 416.0777
2019:05:06 15:02:21 522778 415.2656
2019:05:06 15:02:21 523593 410.0427
2019:05:06 15:02:21 524014 410.9740
2019:05:06 15:02:21 524821 414.4311
2019:05:06 15:02:21 553359 28132.3008
2019:05:06 15:02:21 585364 31996.8946
2019:05:06 15:02:21 617879 523.8466
2019:05:06 15:02:21 618695 804.1747
2019:05:06 15:02:21 619517 811.3496
2019:05:06 15:02:21 620273 745.5163
2019:05:06 15:02:21 620749 464.5474
2019:05:06 15:02:21 649362 28212.1226
2019:05:06 15:02:21 693256 3901.2954
2019:05:06 15:02:21 694007 350.7361
2019:05:06 15:02:21 694882 418.9610
2019:05:06 15:02:21 695695 409.6404
2019:05:06 15:02:21 696110 406.0119
2019:05:06 15:02:21 696937 416.5545
2019:05:06 15:02:21 729366 32029.6176
2019:05:06 15:02:21 817354 40000.3232
2019:05:06 15:02:21 857362 39995.4505
2019:05:06 15:02:21 858132 402.8827
2019:05:06 15:02:21 858935 410.1880
2019:05:06 15:02:21 859754 417.8956
2019:05:06 15:02:21 860573 418.3985
2019:05:06 15:02:21 861402 428.0321
2019:05:06 15:02:21 901535 4174.6534
2019:05:06 15:02:21 902346 796.7353
2019:05:06 15:02:21 902767 408.0310
2019:05:06 15:02:21 903586 417.8323
2019:05:06 15:02:21 904401 416.3720
2019:05:06 15:02:21 905209 412.9671
2019:05:06 15:02:21 977354 39999.0976
2019:05:06 15:02:21 981815 4448.8050
2019:05:06 15:02:21 982617 772.2490
2019:05:06 15:02:21 983437 806.6706
2019:05:06 15:02:21 983859 408.3179
2019:05:06 15:02:21 984665 408.7575
2019:05:06 15:02:22 17355 32676.3578
2019:05:06 15:02:22 61362 43999.9960
2019:05:06 15:02:22 141354 39999.7793
2019:05:06 15:02:22 141943 576.9096
2019:05:06 15:02:22 142762 416.9904
2019:05:06 15:02:22 143581 418.5960
2019:05:06 15:02:22 144399 418.2570
2019:05:06 15:02:22 145210 414.1517
2019:05:06 15:02:22 146026 407.2562
2019:05:06 15:02:22 146842 804.9496
2019:05:06 15:02:22 147664 811.0479
2019:05:06 15:02:22 148483 807.8963
2019:05:06 15:02:22 148904 410.3146
2019:05:06 15:02:22 181363 32057.3151
2019:05:06 15:02:22 221836 480.0558
2019:05:06 15:02:22 222621 394.4896
2019:05:06 15:02:22 223440 413.4774
2019:05:06 15:02:22 224259 412.3673
2019:05:06 15:02:22 225080 415.1836
2019:05:06 15:02:22 261355 35866.6293
2019:05:06 15:02:22 301367 40001.9549
2019:05:06 15:02:22 381354 39998.0247
2019:05:06 15:02:22 382142 778.3137
2019:05:06 15:02:22 382617 460.7551
2019:05:06 15:02:22 383430 423.5618
2019:05:06 15:02:22 384187 365.9017
2019:05:06 15:02:22 384656 455.3609
2019:05:06 15:02:22 385500 440.5677
2019:05:06 15:02:22 386243 365.9166
2019:05:06 15:02:22 387107 418.3426
2019:05:06 15:02:22 387926 414.0586
2019:05:06 15:02:22 388740 453.9788
2019:05:06 15:02:22 421360 32608.8555
2019:05:06 15:02:22 461364 39996.7805
2019:05:06 15:02:22 461990 379.4432
2019:05:06 15:02:22 462777 413.2427
2019:05:06 15:02:22 463594 410.4897
2019:05:06 15:02:22 464034 427.1306
2019:05:06 15:02:22 464826 413.7680
2019:05:06 15:02:22 501355 36123.5961
2019:05:06 15:02:22 541363 39999.6787
2019:05:06 15:02:22 621354 39997.5292
2019:05:06 15:02:22 622142 775.1249
2019:05:06 15:02:22 622609 455.6514
2019:05:06 15:02:22 623422 417.8956
2019:05:06 15:02:22 624195 372.8308
2019:05:06 15:02:22 625051 413.7754
2019:05:06 15:02:22 625871 413.4774
2019:05:06 15:02:22 626689 805.8175
2019:05:06 15:02:22 627510 809.4423
2019:05:06 15:02:22 628282 761.3264
2019:05:06 15:02:22 628749 454.3699
2019:05:06 15:02:22 661363 32208.2676
2019:05:06 15:02:22 701957 602.0591
2019:05:06 15:02:22 702380 403.6017
2019:05:06 15:02:22 703594 815.3692
2019:05:06 15:02:22 704411 807.5945
2019:05:06 15:02:22 705232 809.5205
2019:05:06 15:02:22 741367 36125.7531
2019:05:06 15:02:22 821354 39999.6527
2019:05:06 15:02:22 861363 40001.3216
2019:05:06 15:02:22 901602 246.8005
2019:05:06 15:02:22 902402 415.9883
2019:05:06 15:02:22 903221 415.5338
2019:05:06 15:02:22 904037 412.6206
2019:05:06 15:02:22 904868 428.6692
2019:05:06 15:02:22 937366 32491.6691
2019:05:06 15:02:22 977367 39992.6454
2019:05:06 15:02:22 978186 396.2032
2019:05:06 15:02:22 978997 419.2814
2019:05:06 15:02:22 979802 408.8618
2019:05:06 15:02:22 980622 807.6169
2019:05:06 15:02:22 981044 409.5584
2019:05:06 15:02:23 17362 35919.0404
2019:05:06 15:02:23 61746 389.3711
2019:05:06 15:02:23 62306 420.1829
2019:05:06 15:02:23 63524 818.2637
2019:05:06 15:02:23 64354 559.8553
2019:05:06 15:02:23 101355 36601.8154
2019:05:06 15:02:23 141366 40000.8857
2019:05:06 15:02:23 142101 385.1615
2019:05:06 15:02:23 142926 427.4920
2019:05:06 15:02:23 143721 408.8469
2019:05:06 15:02:23 144144 410.2960
2019:05:06 15:02:23 144963 416.6067
2019:05:06 15:02:23 181361 35998.4487
2019:05:06 15:02:23 185683 4313.5434
2019:05:06 15:02:23 186468 397.2203
2019:05:06 15:02:23 187286 410.7282
2019:05:06 15:02:23 188099 409.4765
2019:05:06 15:02:23 188925 813.9834
2019:05:06 15:02:23 221355 32030.7650
2019:05:06 15:02:23 261367 40000.4946
2019:05:06 15:02:23 266055 443.0823
2019:05:06 15:02:23 266840 420.4884
2019:05:06 15:02:23 267644 408.9810
2019:05:06 15:02:23 268464 808.0862
2019:05:06 15:02:23 268888 412.6281
2019:05:06 15:02:23 293360 24077.1361
2019:05:06 15:02:23 325364 31995.9782
2019:05:06 15:02:23 329925 401.9812
2019:05:06 15:02:23 330724 408.3738
2019:05:06 15:02:23 331543 416.3869
2019:05:06 15:02:23 332359 410.0688
2019:05:06 15:02:23 333174 805.7989
2019:05:06 15:02:23 357363 24179.4102
2019:05:06 15:02:23 362021 406.4851
2019:05:06 15:02:23 362853 427.6969
2019:05:06 15:02:23 363654 794.5187
2019:05:06 15:02:23 364473 808.6637
2019:05:06 15:02:23 364896 408.3067
2019:05:06 15:02:23 389365 24068.5083
2019:05:06 15:02:23 425376 4020.6648
2019:05:06 15:02:23 426171 779.6548
2019:05:06 15:02:23 426926 345.9230
2019:05:06 15:02:23 427819 421.5240
2019:05:06 15:02:23 428633 411.5440
2019:05:06 15:02:23 453354 24396.9224
2019:05:06 15:02:23 457638 4275.2475
2019:05:06 15:02:23 458525 408.8841
2019:05:06 15:02:23 459345 413.3992
2019:05:06 15:02:23 460167 497.0469
2019:05:06 15:02:23 460988 811.0330
2019:05:06 15:02:23 517355 32000.6944
2019:05:06 15:02:23 557364 39998.1886
2019:05:06 15:02:23 597646 291.3699
2019:05:06 15:02:23 598871 811.1559
2019:05:06 15:02:23 599702 421.5874
2019:05:06 15:02:23 600918 818.4835
2019:05:06 15:02:23 637363 36033.9731
2019:05:06 15:02:23 641879 385.3180
2019:05:06 15:02:23 642693 404.5069
2019:05:06 15:02:23 643513 807.5796
2019:05:06 15:02:23 643935 412.3524
2019:05:06 15:02:23 644741 408.7240
2019:05:06 15:02:23 677354 32602.1016
2019:05:06 15:02:23 717364 40001.0720
2019:05:06 15:02:23 722204 777.7065
2019:05:06 15:02:23 723029 815.3990
2019:05:06 15:02:23 723443 408.8469
2019:05:06 15:02:23 724251 413.1868
2019:05:06 15:02:23 725067 410.6164
2019:05:06 15:02:23 757365 32288.0149
2019:05:06 15:02:23 837357 39999.7830
2019:05:06 15:02:23 838152 785.6376
2019:05:06 15:02:23 838571 408.4520
2019:05:06 15:02:23 839789 818.4947
2019:05:06 15:02:23 840619 421.0062
2019:05:06 15:02:23 877361 36342.5240
2019:05:06 15:02:23 881517 4147.9543
2019:05:06 15:02:23 882310 416.3198
2019:05:06 15:02:23 883118 407.6287
2019:05:06 15:02:23 883933 409.9347
2019:05:06 15:02:23 884763 819.5899
2019:05:06 15:02:23 917354 32585.0397
2019:05:06 15:02:23 957363 40000.7330
2019:05:06 15:02:23 961751 412.8329
2019:05:06 15:02:23 962545 418.0074
2019:05:06 15:02:23 962958 318.4117
2019:05:06 15:02:23 963774 419.7620
2019:05:06 15:02:23 964584 409.7894
2019:05:06 15:02:23 965001 407.0699
2019:05:06 15:02:24 37361 40005.1661
2019:05:06 15:02:24 77367 39996.4750
2019:05:06 15:02:24 78447 787.2991
2019:05:06 15:02:24 79265 808.0825
2019:05:06 15:02:24 80084 711.6348
2019:05:06 15:02:24 81313 818.9529
2019:05:06 15:02:24 121467 4109.7403
2019:05:06 15:02:24 122292 808.3545
2019:05:06 15:02:24 122701 403.0243
2019:05:06 15:02:24 123516 413.6637
2019:05:06 15:02:24 124322 410.6984
2019:05:06 15:02:24 124740 406.9842
2019:05:06 15:02:24 157362 32214.0791
2019:05:06 15:02:24 201376 4020.3594
2019:05:06 15:02:24 201967 184.9346
2019:05:06 15:02:24 203005 808.5817
2019:05:06 15:02:24 203824 808.0415
2019:05:06 15:02:24 204656 820.9497
2019:05:06 15:02:24 237355 32692.4548
2019:05:06 15:02:24 277365 40002.1859
2019:05:06 15:02:24 317963 608.7571
2019:05:06 15:02:24 318380 405.7586
2019:05:06 15:02:24 319198 415.6269
2019:05:06 15:02:24 320018 416.1336
2019:05:06 15:02:24 320831 415.9808
2019:05:06 15:02:24 357356 36121.6143
2019:05:06 15:02:24 361629 4264.5708
2019:05:06 15:02:24 362452 422.6938
2019:05:06 15:02:24 363262 416.4167
2019:05:06 15:02:24 364075 647.0978
2019:05:06 15:02:24 364897 811.2155
2019:05:06 15:02:24 397353 32445.4568
2019:05:06 15:02:24 437362 39996.8512
2019:05:06 15:02:24 441853 428.2035
2019:05:06 15:02:24 442647 410.1656
2019:05:06 15:02:24 443461 640.1315
2019:05:06 15:02:24 444281 417.8733
2019:05:06 15:02:24 444872 190.6306
2019:05:06 15:02:24 477364 32266.7882
2019:05:06 15:02:24 557353 39999.9283
2019:05:06 15:02:24 558139 774.0483
2019:05:06 15:02:24 558952 797.1562
2019:05:06 15:02:24 559545 580.7988
2019:05:06 15:02:24 560197 421.0770
2019:05:06 15:02:24 561016 416.3310
2019:05:06 15:02:24 597364 35944.5736
2019:05:06 15:02:24 602018 407.5132
2019:05:06 15:02:24 602839 808.4476
2019:05:06 15:02:24 603666 816.7177
2019:05:06 15:02:24 604075 403.1584
2019:05:06 15:02:24 604895 416.5135
2019:05:06 15:02:24 637363 32065.4921
2019:05:06 15:02:24 681490 4135.3106
2019:05:06 15:02:24 681922 415.1799
2019:05:06 15:02:24 683112 818.5990
2019:05:06 15:02:24 683941 420.4661
2019:05:06 15:02:24 685159 819.1392
2019:05:06 15:02:24 757354 39998.2594
2019:05:06 15:02:24 797364 39999.3882
2019:05:06 15:02:24 797972 407.5281
2019:05:06 15:02:24 798784 416.3757
2019:05:06 15:02:24 799599 414.3827
2019:05:06 15:02:24 800007 325.8586
2019:05:06 15:02:24 800826 418.7748
2019:05:06 15:02:24 837364 36134.1611
2019:05:06 15:02:24 877902 547.3085
2019:05:06 15:02:24 878729 566.2888
2019:05:06 15:02:24 879545 798.3074
2019:05:06 15:02:24 880358 400.1819
2019:05:06 15:02:24 881180 800.1290
2019:05:06 15:02:24 881623 427.0300
2019:05:06 15:02:24 882251 249.9148
2019:05:06 15:02:24 882835 418.8567
2019:05:06 15:02:24 883650 418.2383
2019:05:06 15:02:24 884299 252.1574
2019:05:06 15:02:24 884883 422.3622
2019:05:06 15:02:24 917374 32095.0784
2019:05:06 15:02:24 957925 568.0881
2019:05:06 15:02:24 958725 422.1424
2019:05:06 15:02:24 959538 416.5545
2019:05:06 15:02:24 960358 418.7487
2019:05:06 15:02:24 961176 419.8737
2019:05:06 15:02:25 1211 3855.6308
2019:05:06 15:02:25 1634 398.2782
2019:05:06 15:02:25 2453 420.3767
2019:05:06 15:02:25 3671 819.5117
2019:05:06 15:02:25 4489 808.3321
2019:05:06 15:02:25 37360 32460.4772
2019:05:06 15:02:25 77371 40002.5398
2019:05:06 15:02:25 81894 390.6749
2019:05:06 15:02:25 82708 409.2529
2019:05:06 15:02:25 83132 412.9522
2019:05:06 15:02:25 83947 417.8211
2019:05:06 15:02:25 84767 417.8323
2019:05:06 15:02:25 117366 32198.3919
2019:05:06 15:02:25 161452 4096.7911
2019:05:06 15:02:25 162254 788.2342
2019:05:06 15:02:25 162671 407.7144
2019:05:06 15:02:25 163491 419.4379
2019:05:06 15:02:25 164307 415.9920
2019:05:06 15:02:25 165119 415.8095
2019:05:06 15:02:25 237354 39998.5127
2019:05:06 15:02:25 277362 40000.6734
2019:05:06 15:02:25 278222 643.6631
2019:05:06 15:02:25 279040 808.3954
2019:05:06 15:02:25 279465 412.4232
2019:05:06 15:02:25 280276 651.6129
2019:05:06 15:02:25 281092 805.4525
2019:05:06 15:02:25 317366 36264.1923
2019:05:06 15:02:25 321669 417.6870
2019:05:06 15:02:25 322473 418.9648
2019:05:06 15:02:25 323281 644.9893
2019:05:06 15:02:25 324101 418.7189
2019:05:06 15:02:25 324911 410.5009
2019:05:06 15:02:25 357354 32432.1575
2019:05:06 15:02:25 397364 40001.4818
2019:05:06 15:02:25 449355 40001.7053
2019:05:06 15:02:25 449945 579.6738
2019:05:06 15:02:25 450750 794.7609
2019:05:06 15:02:25 451565 804.9756
2019:05:06 15:02:25 452384 807.5312
2019:05:06 15:02:25 452806 410.2513
2019:05:06 15:02:25 489367 36160.1561
2019:05:06 15:02:25 493632 416.8041
2019:05:06 15:02:25 494448 484.9434
2019:05:06 15:02:25 495271 422.4144
2019:05:06 15:02:25 496017 348.4823
2019:05:06 15:02:25 496898 822.5478
2019:05:06 15:02:25 537354 40443.8265
2019:05:06 15:02:25 585365 48003.5469
2019:05:06 15:02:25 633364 40041.9794
2019:05:06 15:02:25 689275 7919.6505
2019:05:06 15:02:25 729365 40078.4388
2019:05:06 15:02:25 813354 39997.9651
2019:05:06 15:02:25 853365 40002.4690
2019:05:06 15:02:25 853931 391.9937
2019:05:06 15:02:25 854742 406.9731
2019:05:06 15:02:25 855557 410.1656
2019:05:06 15:02:25 856370 412.3896
2019:05:06 15:02:25 857190 413.9543
2019:05:06 15:02:25 897276 3919.8361
2019:05:06 15:02:25 898095 418.5475
2019:05:06 15:02:25 898901 419.7098
2019:05:06 15:02:25 899712 412.6057
2019:05:06 15:02:25 900140 416.3384
2019:05:06 15:02:25 900952 424.8023
2019:05:06 15:02:25 973354 39998.9858
2019:05:06 15:02:25 977806 4440.1065
2019:05:06 15:02:25 978618 791.3783
2019:05:06 15:02:25 979443 422.8875
2019:05:06 15:02:25 980252 411.8420
2019:05:06 15:02:25 981068 409.2678
2019:05:06 15:02:26 13364 32278.5079
2019:05:06 15:02:26 93353 39998.5090
2019:05:06 15:02:26 94004 642.6871
2019:05:06 15:02:26 94814 415.5114
2019:05:06 15:02:26 95620 409.8378
2019:05:06 15:02:26 96045 413.3917
2019:05:06 15:02:26 96864 415.6195
2019:05:06 15:02:26 125360 28097.4433
2019:05:06 15:02:26 157362 31994.2087
2019:05:06 15:02:26 189731 377.7035
2019:05:06 15:02:26 190534 409.2939
2019:05:06 15:02:26 191352 415.4071
2019:05:06 15:02:26 192176 417.5939
2019:05:06 15:02:26 192996 418.6332
2019:05:06 15:02:26 229366 35968.3745
2019:05:06 15:02:26 245370 15996.0948
2019:05:06 15:02:26 325355 56000.5158
2019:05:06 15:02:26 329515 4147.9431
2019:05:06 15:02:26 330316 422.7646
2019:05:06 15:02:26 331115 407.1221
2019:05:06 15:02:26 331537 399.8391
2019:05:06 15:02:26 332348 416.3645
2019:05:06 15:02:26 333164 410.6164
2019:05:06 15:02:26 365362 32187.3203
2019:05:06 15:02:26 453359 80017.7231
2019:05:06 15:02:26 457814 4448.4437
2019:05:06 15:02:26 458613 405.0843
2019:05:06 15:02:26 459429 409.7596
2019:05:06 15:02:26 459851 395.9164
2019:05:06 15:02:26 460669 417.8323
2019:05:06 15:02:26 485354 24286.9072
2019:05:06 15:02:26 517364 31998.6939
2019:05:06 15:02:26 522015 406.7943
2019:05:06 15:02:26 522845 411.0560
2019:05:06 15:02:26 523660 802.4909
2019:05:06 15:02:26 524478 803.9922
2019:05:06 15:02:26 524906 417.4709
2019:05:06 15:02:26 549355 24058.4873
2019:05:06 15:02:26 553621 4258.2341
2019:05:06 15:02:26 554436 418.1080
2019:05:06 15:02:26 555648 814.4528
2019:05:06 15:02:26 556467 808.7531
2019:05:06 15:02:26 557292 813.5661
2019:05:06 15:02:26 581367 24066.1018
2019:05:06 15:02:26 621622 266.7345
2019:05:06 15:02:26 622435 421.3303
2019:05:06 15:02:26 623241 411.9538
2019:05:06 15:02:26 624069 426.6687
2019:05:06 15:02:26 624876 413.7345
2019:05:06 15:02:26 669353 44465.8324
2019:05:06 15:02:26 717366 48004.4931
2019:05:06 15:02:26 717905 405.7139
2019:05:06 15:02:26 718742 437.2746
2019:05:06 15:02:26 719928 819.4298
2019:05:06 15:02:26 720744 794.4852
2019:05:06 15:02:26 761361 40599.1040
2019:05:06 15:02:26 762532 1161.7206
2019:05:06 15:02:26 763114 555.8394
2019:05:06 15:02:26 764159 804.7707
2019:05:06 15:02:26 764992 803.0981
2019:05:06 15:02:26 785364 20361.9041
2019:05:06 15:02:26 861362 40005.3002
2019:05:06 15:02:26 893366 31991.1689
2019:05:06 15:02:26 894237 395.3166
2019:05:06 15:02:26 895040 405.6767
2019:05:06 15:02:26 895859 808.3396
2019:05:06 15:02:26 896677 807.5424
2019:05:06 15:02:26 897103 415.9845
2019:05:06 15:02:26 897932 429.8985
2019:05:06 15:02:26 898740 412.6206
2019:05:06 15:02:26 899561 419.7285
2019:05:06 15:02:26 900384 422.3473
2019:05:06 15:02:26 901194 420.3431
2019:05:06 15:02:26 925367 24163.1232
2019:05:06 15:02:26 965511 4154.6673
2019:05:06 15:02:26 966298 769.4401
2019:05:06 15:02:26 966724 414.0511
2019:05:06 15:02:26 967533 409.1933
2019:05:06 15:02:26 968347 412.8702
2019:05:06 15:02:26 969166 412.9112
2019:05:06 15:02:27 37362 36006.0558
2019:05:06 15:02:27 39520 2149.5298
2019:05:06 15:02:27 40337 421.0956
2019:05:06 15:02:27 41155 413.4029
2019:05:06 15:02:27 41971 414.7589
2019:05:06 15:02:27 42799 413.0565
2019:05:06 15:02:27 43617 426.6538
2019:05:06 15:02:27 44431 422.6565
2019:05:06 15:02:27 45253 419.3708
2019:05:06 15:02:27 86199 842.5564
2019:05:06 15:02:27 87017 787.2656
2019:05:06 15:02:27 87438 410.5158
2019:05:06 15:02:27 88260 418.2383
2019:05:06 15:02:27 89070 416.6216
2019:05:06 15:02:27 89882 800.0806
2019:05:06 15:02:27 90697 801.1460
2019:05:06 15:02:27 91118 409.3349
2019:05:06 15:02:27 91937 417.2735
2019:05:06 15:02:27 92749 410.7356
2019:05:06 15:02:27 133359 40598.3031
2019:05:06 15:02:27 134122 757.1355
2019:05:06 15:02:27 134937 800.8033
2019:05:06 15:02:27 135751 802.7852
2019:05:06 15:02:27 136177 414.4758
2019:05:06 15:02:27 136983 413.4551
2019:05:06 15:02:27 137799 409.6627
2019:05:06 15:02:27 138221 410.0688
2019:05:06 15:02:27 139031 414.3193
2019:05:06 15:02:27 139850 413.2651
2019:05:06 15:02:27 140676 420.3580
2019:05:06 15:02:27 181354 40672.3097
2019:05:06 15:02:27 182022 657.1412
2019:05:06 15:02:27 182842 415.6344
2019:05:06 15:02:27 183647 409.5174
2019:05:06 15:02:27 184466 808.0229
2019:05:06 15:02:27 184892 414.8036
2019:05:06 15:02:27 185697 410.7095
2019:05:06 15:02:27 186527 817.2318
2019:05:06 15:02:27 187349 811.4241
2019:05:06 15:02:27 187771 416.5322
2019:05:06 15:02:27 188971 801.6229
2019:05:06 15:02:27 221369 32386.6792
2019:05:06 15:02:27 285355 31999.6029
2019:05:06 15:02:27 286456 1094.2556
2019:05:06 15:02:27 287272 805.3742
2019:05:06 15:02:27 287695 411.1528
2019:05:06 15:02:27 288503 413.2427
2019:05:06 15:02:27 289322 412.6653
2019:05:06 15:02:27 317748 392.8356
2019:05:06 15:02:27 318450 299.6437
2019:05:06 15:02:27 318977 418.3464
2019:05:06 15:02:27 319791 417.1357
2019:05:06 15:02:27 320498 312.5444
2019:05:06 15:02:27 321023 426.8512
2019:05:06 15:02:27 322246 819.7017
2019:05:06 15:02:27 323065 524.8338
2019:05:06 15:02:27 324283 816.2595
2019:05:06 15:02:27 325114 524.3011
2019:05:06 15:02:27 349889 534.6686
2019:05:06 15:02:27 350707 806.4173
2019:05:06 15:02:27 351130 413.0341
2019:05:06 15:02:27 351537 326.4286
2019:05:06 15:02:27 352357 418.6630
2019:05:06 15:02:27 353176 418.2793
2019:05:06 15:02:27 353591 324.8826
2019:05:06 15:02:27 354405 412.8218
2019:05:06 15:02:27 355222 416.6216
2019:05:06 15:02:27 356041 417.3405
2019:05:06 15:02:27 356855 410.2439
2019:05:06 15:02:27 389354 32486.7554
2019:05:06 15:02:27 390027 663.4258
2019:05:06 15:02:27 390447 408.5936
2019:05:06 15:02:27 391272 419.1324
2019:05:06 15:02:27 392078 410.0055
2019:05:06 15:02:27 392500 407.5170
2019:05:06 15:02:27 393315 417.8546
2019:05:06 15:02:27 477359 48003.1706
2019:05:06 15:02:27 481894 4526.4028
2019:05:06 15:02:27 482707 776.8497
2019:05:06 15:02:27 483126 408.9773
2019:05:06 15:02:27 483946 418.5103
2019:05:06 15:02:27 484767 420.3431
2019:05:06 15:02:27 525363 40197.8418
2019:05:06 15:02:27 526491 388.1343
2019:05:06 15:02:27 527309 413.1049
2019:05:06 15:02:27 528125 409.1859
2019:05:06 15:02:27 528944 809.4497
2019:05:06 15:02:27 573354 44400.1332
2019:05:06 15:02:27 577616 4250.7201
2019:05:06 15:02:27 578432 420.1606
2019:05:06 15:02:27 579240 409.2008
2019:05:06 15:02:27 580061 416.0069
2019:05:06 15:02:27 580883 417.8770
2019:05:06 15:02:27 613354 32070.6517
2019:05:06 15:02:27 614080 714.9577
2019:05:06 15:02:27 614886 414.0511
2019:05:06 15:02:27 615698 410.3258
2019:05:06 15:02:27 616511 407.8969
2019:05:06 15:02:27 617331 808.6860
2019:05:06 15:02:27 617757 415.3177
2019:05:06 15:02:27 618555 408.6271
2019:05:06 15:02:27 619380 814.0020
2019:05:06 15:02:27 620203 419.3224
2019:05:06 15:02:27 621017 414.1331
2019:05:06 15:02:27 649704 4348.2967
2019:05:06 15:02:27 650515 416.0963
2019:05:06 15:02:27 651327 411.4844
2019:05:06 15:02:27 652144 808.2427
2019:05:06 15:02:27 652572 416.1522
2019:05:06 15:02:27 677362 24390.0083
2019:05:06 15:02:27 682013 407.6585
2019:05:06 15:02:27 682832 409.4467
2019:05:06 15:02:27 683264 419.5161
2019:05:06 15:02:27 684067 420.4698
2019:05:06 15:02:27 684879 413.7419
2019:05:06 15:02:27 709360 24464.9835
2019:05:06 15:02:27 741364 31997.0325
2019:05:06 15:02:27 742519 392.8356
2019:05:06 15:02:27 743334 412.5200
2019:05:06 15:02:27 744154 412.6653
2019:05:06 15:02:27 744972 408.7985
2019:05:06 15:02:27 781360 35980.0011
2019:05:06 15:02:27 821363 39995.1153
2019:05:06 15:02:27 909360 40003.5940
2019:05:06 15:02:27 909936 567.2574
2019:05:06 15:02:27 910717 402.7970
2019:05:06 15:02:27 911543 814.5347
2019:05:06 15:02:27 912366 812.9515
2019:05:06 15:02:27 913178 802.9342
2019:05:06 15:02:27 949636 36447.8715
2019:05:06 15:02:27 950449 409.1449
2019:05:06 15:02:27 951267 407.3642
2019:05:06 15:02:27 952081 582.9036
2019:05:06 15:02:27 952901 808.4774
2019:05:06 15:02:27 953327 412.5610
2019:05:06 15:02:27 954134 587.7279
2019:05:06 15:02:27 954953 806.9761
2019:05:06 15:02:27 955378 412.7994
2019:05:06 15:02:27 956188 414.0884
2019:05:06 15:02:27 957006 413.5109
2019:05:06 15:02:27 981625 270.5455
2019:05:06 15:02:27 982396 406.6825
2019:05:06 15:02:27 983214 806.1379
2019:05:06 15:02:27 983638 412.7994
2019:05:06 15:02:27 984443 410.2364
2019:05:06 15:02:27 985265 811.0739
2019:05:06 15:02:28 45355 31999.0069
2019:05:06 15:02:28 77363 32000.8956
2019:05:06 15:02:28 81952 413.6749
2019:05:06 15:02:28 82752 416.2081
2019:05:06 15:02:28 83577 423.4612
2019:05:06 15:02:28 84377 408.8134
2019:05:06 15:02:28 84789 396.0244
2019:05:06 15:02:28 109354 24553.3548
2019:05:06 15:02:28 149367 40005.5796
2019:05:06 15:02:28 154027 412.5014
2019:05:06 15:02:28 154834 589.8774
2019:05:06 15:02:28 155657 804.9719
2019:05:06 15:02:28 156079 410.6387
2019:05:06 15:02:28 156886 596.2141
2019:05:06 15:02:28 189354 32454.7961
2019:05:06 15:02:28 190028 662.5578
2019:05:06 15:02:28 190845 805.1991
2019:05:06 15:02:28 191651 796.1020
2019:05:06 15:02:28 192076 413.7866
2019:05:06 15:02:28 192884 409.5621
2019:05:06 15:02:28 193315 419.1436
2019:05:06 15:02:28 194116 411.2124
2019:05:06 15:02:28 194933 413.0192
2019:05:06 15:02:28 195362 419.4193
2019:05:06 15:02:28 196170 419.4379
2019:05:06 15:02:28 196980 409.6180
2019:05:06 15:02:28 229365 32373.7077
2019:05:06 15:02:28 230174 412.6877
2019:05:06 15:02:28 230974 413.2837
2019:05:06 15:02:28 231790 411.8457
2019:05:06 15:02:28 232620 424.4223
2019:05:06 15:02:28 233440 813.5736
2019:05:06 15:02:28 233873 421.1068
2019:05:06 15:02:28 234669 413.0341
2019:05:06 15:02:28 235490 416.7110
2019:05:06 15:02:28 236303 413.0378
2019:05:06 15:02:28 236718 394.0836
2019:05:06 15:02:28 269364 32242.4993
2019:05:06 15:02:28 270305 398.1777
2019:05:06 15:02:28 271119 414.6621
2019:05:06 15:02:28 271531 382.4793
2019:05:06 15:02:28 272362 420.1457
2019:05:06 15:02:28 273171 421.8258
2019:05:06 15:02:28 313320 3964.6104
2019:05:06 15:02:28 314126 799.9502
2019:05:06 15:02:28 314940 414.2635
2019:05:06 15:02:28 315759 415.1799
2019:05:06 15:02:28 316573 410.1023
2019:05:06 15:02:28 349354 32770.0153
2019:05:06 15:02:28 389364 40000.2301
2019:05:06 15:02:28 453353 31998.9696
2019:05:06 15:02:28 485362 32001.0148
2019:05:06 15:02:28 549354 32000.3368
2019:05:06 15:02:28 581367 32002.6726
2019:05:06 15:02:28 581946 369.8431
2019:05:06 15:02:28 582754 456.4449
2019:05:06 15:02:28 583573 809.0064
2019:05:06 15:02:28 584342 758.7746
2019:05:06 15:02:28 584805 452.1199
2019:05:06 15:02:28 613367 28159.9909
2019:05:06 15:02:28 613916 428.8629
2019:05:06 15:02:28 614726 412.1140
2019:05:06 15:02:28 615931 860.7507
2019:05:06 15:02:28 616759 802.8336
2019:05:06 15:02:28 645361 28246.7529
2019:05:06 15:02:28 685362 39993.2154
2019:05:06 15:02:28 765354 39998.4792
2019:05:06 15:02:28 805365 39999.6378
2019:05:06 15:02:28 806212 427.3131
2019:05:06 15:02:28 807030 422.1648
2019:05:06 15:02:28 807440 404.9093
2019:05:06 15:02:28 808249 417.1133
2019:05:06 15:02:28 808669 414.8819
2019:05:06 15:02:28 809501 435.9856
2019:05:06 15:02:28 810289 397.4847
2019:05:06 15:02:28 811111 416.0702
2019:05:06 15:02:28 811927 413.2874
2019:05:06 15:02:28 812752 419.1622
2019:05:06 15:02:28 845362 32198.6303
2019:05:06 15:02:28 845992 623.2150
2019:05:06 15:02:28 846763 419.2255
2019:05:06 15:02:28 847574 410.1470
2019:05:06 15:02:28 848375 408.2769
2019:05:06 15:02:28 849196 809.3789
2019:05:06 15:02:28 885366 36158.3382
2019:05:06 15:02:28 889763 402.0371
2019:05:06 15:02:28 890571 409.0965
2019:05:06 15:02:28 890992 409.6888
2019:05:06 15:02:28 891809 419.6651
2019:05:06 15:02:28 892618 409.5696
2019:05:06 15:02:28 893040 409.9533
2019:05:06 15:02:28 969355 44000.9721
2019:05:06 15:02:28 970219 852.2086
2019:05:06 15:02:28 971001 770.4422
2019:05:06 15:02:28 971461 447.8432
2019:05:06 15:02:28 972277 412.9484
2019:05:06 15:02:28 973056 378.2623
2019:05:06 15:02:28 973520 444.9710
2019:05:06 15:02:28 974718 808.6078
2019:05:06 15:02:28 975537 806.9314
2019:05:06 15:02:28 976357 808.5370
2019:05:06 15:02:28 976779 411.3652
2019:05:06 15:02:29 9355 32213.3116
2019:05:06 15:02:29 45362 36000.5535
2019:05:06 15:02:29 51875 409.7261
2019:05:06 15:02:29 52694 584.3192
2019:05:06 15:02:29 85362 32263.5435
2019:05:06 15:02:29 85886 517.2677
2019:05:06 15:02:29 86694 415.8169
2019:05:06 15:02:29 87491 571.7278
2019:05:06 15:02:29 88328 823.7548
2019:05:06 15:02:29 88737 403.3372
2019:05:06 15:02:29 89553 572.9534
2019:05:06 15:02:29 165354 39998.6878
2019:05:06 15:02:29 169426 4064.8617
2019:05:06 15:02:29 170627 815.3394
2019:05:06 15:02:29 171441 805.1246
2019:05:06 15:02:29 172223 770.2187
2019:05:06 15:02:29 172683 450.1194
2019:05:06 15:02:29 205354 32279.6144
2019:05:06 15:02:29 245367 40000.8671
2019:05:06 15:02:29 246482 792.4698
2019:05:06 15:02:29 247295 797.9907
2019:05:06 15:02:29 247722 404.5777
2019:05:06 15:02:29 248537 402.6257
2019:05:06 15:02:29 249372 422.2766
2019:05:06 15:02:29 250173 400.4017
2019:05:06 15:02:29 250985 633.5303
2019:05:06 15:02:29 251800 795.7928
2019:05:06 15:02:29 252231 409.0667
2019:05:06 15:02:29 253040 648.1074
2019:05:06 15:02:29 285365 32312.6055
2019:05:06 15:02:29 286118 401.9663
2019:05:06 15:02:29 286928 413.0602
2019:05:06 15:02:29 287752 806.4061
2019:05:06 15:02:29 288170 407.6809
2019:05:06 15:02:29 288987 411.2795
2019:05:06 15:02:29 290223 816.6097
2019:05:06 15:02:29 291032 415.4667
2019:05:06 15:02:29 291839 409.4541
2019:05:06 15:02:29 292260 410.0539
2019:05:06 15:02:29 293067 409.2082
2019:05:06 15:02:29 325363 32284.6025
2019:05:06 15:02:29 326594 789.9515
2019:05:06 15:02:29 327414 806.1305
2019:05:06 15:02:29 328237 419.4342
2019:05:06 15:02:29 329064 425.1786
2019:05:06 15:02:29 365363 35900.7455
2019:05:06 15:02:29 441354 39994.7092
2019:05:06 15:02:29 481367 40002.4280
2019:05:06 15:02:29 485756 413.1421
2019:05:06 15:02:29 486548 422.8577
2019:05:06 15:02:29 487360 417.6795
2019:05:06 15:02:29 488177 415.4444
2019:05:06 15:02:29 488986 409.6031
2019:05:06 15:02:29 521365 32365.5419
2019:05:06 15:02:29 521905 377.3123
2019:05:06 15:02:29 522720 412.6206
2019:05:06 15:02:29 523944 826.8058
2019:05:06 15:02:29 524756 805.0501
2019:05:06 15:02:29 525587 419.7881
2019:05:06 15:02:29 526395 413.5892
2019:05:06 15:02:29 527214 413.4364
2019:05:06 15:02:29 528029 408.9884
2019:05:06 15:02:29 528848 808.5258
2019:05:06 15:02:29 529271 412.6914
2019:05:06 15:02:29 565751 428.8964
2019:05:06 15:02:29 566543 417.9217
2019:05:06 15:02:29 567360 407.8858
2019:05:06 15:02:29 568187 422.9210
2019:05:06 15:02:29 569007 425.4468
2019:05:06 15:02:29 641355 40000.0028
2019:05:06 15:02:29 641946 583.1011
2019:05:06 15:02:29 642753 402.6331
2019:05:06 15:02:29 643574 415.5859
2019:05:06 15:02:29 644400 421.6135
2019:05:06 15:02:29 645217 811.1559
2019:05:06 15:02:29 681365 36142.1742
2019:05:06 15:02:29 761361 39998.6692
2019:05:06 15:02:29 801367 39998.6617
2019:05:06 15:02:29 842030 675.3840
2019:05:06 15:02:29 842836 787.5748
2019:05:06 15:02:29 843264 417.5082
2019:05:06 15:02:29 844081 643.2235
2019:05:06 15:02:29 845295 818.7890
2019:05:06 15:02:29 845723 417.8733
2019:05:06 15:02:29 846941 816.6060
2019:05:06 15:02:29 847758 811.7184
2019:05:06 15:02:29 848570 805.8064
2019:05:06 15:02:29 881363 32383.1700
2019:05:06 15:02:29 882297 417.9627
2019:05:06 15:02:29 883106 413.0788
2019:05:06 15:02:29 883923 410.5084
2019:05:06 15:02:29 884354 412.3114
2019:05:06 15:02:29 885161 418.1229
2019:05:06 15:02:29 886000 427.1790
2019:05:06 15:02:29 886798 411.8308
2019:05:06 15:02:29 887620 810.7349
2019:05:06 15:02:29 888439 807.9782
2019:05:06 15:02:29 888856 406.3249
2019:05:06 15:02:29 921362 32098.1778
2019:05:06 15:02:29 922033 399.3437
2019:05:06 15:02:29 922846 417.5566
2019:05:06 15:02:29 923659 415.1911
2019:05:06 15:02:29 924481 418.5438
2019:05:06 15:02:29 925292 412.8180
2019:05:06 15:02:29 925722 364.6836
2019:05:06 15:02:29 926532 420.6635
2019:05:06 15:02:29 927349 418.8344
2019:05:06 15:02:29 928158 413.0788
2019:05:06 15:02:29 928975 409.9421
2019:05:06 15:02:29 953585 24600.2972
2019:05:06 15:02:29 954001 383.0194
2019:05:06 15:02:29 954816 404.1269
2019:05:06 15:02:29 955623 410.7468
2019:05:06 15:02:29 956045 411.6967
2019:05:06 15:02:29 956859 418.4246
2019:05:06 15:02:29 957668 411.4956
2019:05:06 15:02:29 958086 406.0604
2019:05:06 15:02:29 958906 413.6041
2019:05:06 15:02:29 959718 413.4402
2019:05:06 15:02:29 960139 411.6483
2019:05:06 15:02:29 960959 415.7871
2019:05:06 15:02:29 989251 3895.8006
2019:05:06 15:02:29 990047 417.3294
2019:05:06 15:02:29 990855 416.2863
2019:05:06 15:02:29 991673 418.3054
2019:05:06 15:02:29 992493 418.9014
2019:05:06 15:02:29 993303 413.3172
2019:05:06 15:02:30 53354 36000.1549
2019:05:06 15:02:30 53930 566.4900
2019:05:06 15:02:30 54737 794.8540
2019:05:06 15:02:30 55557 799.7453
2019:05:06 15:02:30 56019 444.8779
2019:05:06 15:02:30 56795 415.8951
2019:05:06 15:02:30 85362 28163.9695
2019:05:06 15:02:30 117366 31994.7749
2019:05:06 15:02:30 117840 380.7843
2019:05:06 15:02:30 118649 403.9630
2019:05:06 15:02:30 119458 411.8271
2019:05:06 15:02:30 119876 405.7735
2019:05:06 15:02:30 120699 417.6646
2019:05:06 15:02:30 149360 28260.7414
2019:05:06 15:02:30 150170 803.6271
2019:05:06 15:02:30 150595 402.5511
2019:05:06 15:02:30 151409 416.3273
2019:05:06 15:02:30 152220 411.5850
2019:05:06 15:02:30 152645 413.5333
2019:05:06 15:02:30 189413 36372.2444
2019:05:06 15:02:30 190210 782.5121
2019:05:06 15:02:30 191020 804.1337
2019:05:06 15:02:30 191851 421.4942
2019:05:06 15:02:30 193068 818.9939
2019:05:06 15:02:30 229365 35884.1605
2019:05:06 15:02:30 309355 39998.3674
2019:05:06 15:02:30 313900 4533.6410
2019:05:06 15:02:30 314717 786.2747
2019:05:06 15:02:30 315532 804.7596
2019:05:06 15:02:30 316762 819.5229
2019:05:06 15:02:30 349355 32584.0898
2019:05:06 15:02:30 349877 509.3887
2019:05:06 15:02:30 350687 413.3135
2019:05:06 15:02:30 351928 831.4326
2019:05:06 15:02:30 352734 413.6749
2019:05:06 15:02:30 353581 440.8732
2019:05:06 15:02:30 354372 410.7021
2019:05:06 15:02:30 355191 809.9638
2019:05:06 15:02:30 356420 820.0482
2019:05:06 15:02:30 357247 817.4814
2019:05:06 15:02:30 381366 24112.3140
2019:05:06 15:02:30 386015 433.9814
2019:05:06 15:02:30 386794 421.5799
2019:05:06 15:02:30 387598 409.5659
2019:05:06 15:02:30 388444 832.8110
2019:05:06 15:02:30 389236 786.1629
2019:05:06 15:02:30 417367 28119.8621
2019:05:06 15:02:30 421784 434.0224
2019:05:06 15:02:30 422575 520.1101
2019:05:06 15:02:30 423791 825.3679
2019:05:06 15:02:30 457361 33270.5751
2019:05:06 15:02:30 497365 39994.0126
2019:05:06 15:02:30 561362 32005.9061
2019:05:06 15:02:30 597367 35997.0666
2019:05:06 15:02:30 598432 790.7338
2019:05:06 15:02:30 598854 410.2625
2019:05:06 15:02:30 599675 421.2447
2019:05:06 15:02:30 600484 417.3443
2019:05:06 15:02:30 601292 796.7986
2019:05:06 15:02:30 633367 32062.3927
2019:05:06 15:02:30 634475 802.2226
2019:05:06 15:02:30 634896 410.1023
2019:05:06 15:02:30 635701 406.6043
2019:05:06 15:02:30 636522 811.4167
2019:05:06 15:02:30 636943 410.9219
2019:05:06 15:02:30 674011 422.4852
2019:05:06 15:02:30 674821 405.8853
2019:05:06 15:02:30 675632 415.1538
2019:05:06 15:02:30 676443 799.8534
2019:05:06 15:02:30 677266 801.6080
2019:05:06 15:02:30 678078 400.9604
2019:05:06 15:02:30 678896 807.0879
2019:05:06 15:02:30 679317 408.4110
2019:05:06 15:02:30 680125 409.0741
2019:05:06 15:02:30 680944 808.5445
2019:05:06 15:02:30 705364 24408.9924
2019:05:06 15:02:30 741974 616.6697
2019:05:06 15:02:30 742794 793.7886
2019:05:06 15:02:30 743223 417.2847
2019:05:06 15:02:30 744038 417.0239
2019:05:06 15:02:30 744845 410.9219
2019:05:06 15:02:30 773360 28499.8938
2019:05:06 15:02:30 805363 31994.9239
2019:05:06 15:02:30 885355 40000.4536
2019:05:06 15:02:30 925375 40008.5859
2019:05:06 15:02:30 925977 400.2936
2019:05:06 15:02:30 927193 816.2558
2019:05:06 15:02:30 928026 470.4520
2019:05:06 15:02:30 929241 817.1946
2019:05:06 15:02:31 1362 40006.9840
2019:05:06 15:02:31 2013 642.5790
2019:05:06 15:02:31 2435 411.3838
2019:05:06 15:02:31 3253 415.3214
2019:05:06 15:02:31 4069 417.8137
2019:05:06 15:02:31 4886 415.9324
2019:05:06 15:02:31 45361 40071.2006
2019:05:06 15:02:31 77369 31999.9419
2019:05:06 15:02:31 78747 815.2388
2019:05:06 15:02:31 79995 1241.2407
2019:05:06 15:02:31 81105 1103.9972
2019:05:06 15:02:31 82023 910.7776
2019:05:06 15:02:31 82851 424.5788
2019:05:06 15:02:31 84074 427.4547
2019:05:06 15:02:31 85291 395.6482
2019:05:06 15:02:31 109771 416.0106
2019:05:06 15:02:31 111139 853.9930
2019:05:06 15:02:31 112325 1180.1198
2019:05:06 15:02:31 113143 810.7349
2019:05:06 15:02:31 149242 7886.0074
2019:05:06 15:02:31 177483 4127.1970
2019:05:06 15:02:31 178296 798.9630
2019:05:06 15:02:31 179132 823.5946
2019:05:06 15:02:31 179926 787.7387
2019:05:06 15:02:31 180749 420.0079
2019:05:06 15:02:31 205360 24210.5760
2019:05:06 15:02:31 245366 39994.9774
2019:05:06 15:02:31 325354 39996.9332
2019:05:06 15:02:31 329829 4466.2543
2019:05:06 15:02:31 330641 800.3078
2019:05:06 15:02:31 331061 409.0965
2019:05:06 15:02:31 331872 409.0890
2019:05:06 15:02:31 332696 812.1915
2019:05:06 15:02:31 365360 32654.0917
2019:05:06 15:02:31 405363 39995.2456
2019:05:06 15:02:31 469354 31998.2953
2019:05:06 15:02:31 470325 961.7098
2019:05:06 15:02:31 471130 793.3863
2019:05:06 15:02:31 471956 816.2931
2019:05:06 15:02:31 472777 806.3242
2019:05:06 15:02:31 473198 409.6702
2019:05:06 15:02:31 474018 409.7857
2019:05:06 15:02:31 474821 409.2790
2019:05:06 15:02:31 475637 415.6008
2019:05:06 15:02:31 476452 409.9905
2019:05:06 15:02:31 476881 417.7466
2019:05:06 15:02:31 501358 24083.4765
2019:05:06 15:02:31 501901 537.2912
2019:05:06 15:02:31 502682 413.5706
2019:05:06 15:02:31 503488 408.6494
2019:05:06 15:02:31 503921 417.9217
2019:05:06 15:02:31 504731 416.6104
2019:05:06 15:02:31 505547 417.6274
2019:05:06 15:02:31 505965 401.5155
2019:05:06 15:02:31 506777 413.2092
2019:05:06 15:02:31 507585 409.0555
2019:05:06 15:02:31 508003 405.5277
2019:05:06 15:02:31 508831 422.4107
2019:05:06 15:02:31 533355 24126.2577
2019:05:06 15:02:31 537517 4154.4773
2019:05:06 15:02:31 538321 419.5310
2019:05:06 15:02:31 539131 417.5603
2019:05:06 15:02:31 539941 409.6627
2019:05:06 15:02:31 540755 795.4426
2019:05:06 15:02:31 565353 24584.9714
2019:05:06 15:02:31 605365 40002.6292
2019:05:06 15:02:31 685356 40000.3754
2019:05:06 15:02:31 689853 4485.7152
2019:05:06 15:02:31 690273 369.1092
2019:05:06 15:02:31 691092 417.4411
2019:05:06 15:02:31 691907 412.4120
2019:05:06 15:02:31 692715 411.1677
2019:05:06 15:02:31 725355 32234.2813
2019:05:06 15:02:31 765363 40001.0757
2019:05:06 15:02:31 849354 39998.1625
2019:05:06 15:02:31 889365 39999.5781
2019:05:06 15:02:31 933383 4025.9100
2019:05:06 15:02:31 934178 398.8408
2019:05:06 15:02:31 934994 401.9141
2019:05:06 15:02:31 935813 807.1698
2019:05:06 15:02:31 936233 410.1992
2019:05:06 15:02:31 937057 421.5874
2019:05:06 15:02:32 9354 40000.0513
2019:05:06 15:02:32 53363 44000.1562
2019:05:06 15:02:32 133356 39999.2056
2019:05:06 15:02:32 137658 4291.5866
2019:05:06 15:02:32 138885 822.9576
2019:05:06 15:02:32 139701 809.1703
2019:05:06 15:02:32 140919 811.2490
2019:05:06 15:02:32 173354 32419.6257
2019:05:06 15:02:32 213363 40001.1279
2019:05:06 15:02:32 285354 39999.2429
2019:05:06 15:02:32 285876 515.1667
2019:05:06 15:02:32 286701 417.8621
2019:05:06 15:02:32 287507 409.7261
2019:05:06 15:02:32 287933 406.7533
2019:05:06 15:02:32 288749 423.0365
2019:05:06 15:02:32 289734 582.3746
2019:05:06 15:02:32 290383 638.9059
2019:05:06 15:02:32 291201 418.8083
2019:05:06 15:02:32 292009 404.3989
2019:05:06 15:02:32 292826 806.9053
2019:05:06 15:02:32 293254 414.3640
2019:05:06 15:02:32 325631 276.7369
2019:05:06 15:02:32 326434 419.2665
2019:05:06 15:02:32 327234 639.7851
2019:05:06 15:02:32 328050 800.7959
2019:05:06 15:02:32 328474 408.3328
2019:05:06 15:02:32 329284 637.6654
2019:05:06 15:02:32 365362 36068.2681
2019:05:06 15:02:32 445354 40000.2450
2019:05:06 15:02:32 501365 56001.1975
2019:05:06 15:02:32 501985 411.3354
2019:05:06 15:02:32 502807 413.9841
2019:05:06 15:02:32 503625 413.0267
2019:05:06 15:02:32 504441 415.9473
2019:05:06 15:02:32 505263 419.5124
2019:05:06 15:02:32 506083 381.5070
2019:05:06 15:02:32 506890 408.6308
2019:05:06 15:02:32 507710 413.2800
2019:05:06 15:02:32 508529 415.8951
2019:05:06 15:02:32 541355 32420.0355
2019:05:06 15:02:32 581366 40000.7889
2019:05:06 15:02:32 582270 392.4780
2019:05:06 15:02:32 583077 408.2806
2019:05:06 15:02:32 583498 409.8043
2019:05:06 15:02:32 584315 422.0828
2019:05:06 15:02:32 585126 410.2699
2019:05:06 15:02:32 585575 438.3512
2019:05:06 15:02:32 586364 417.9552
2019:05:06 15:02:32 587181 416.7072
2019:05:06 15:02:32 587989 795.6028
2019:05:06 15:02:32 588808 804.6851
2019:05:06 15:02:32 589243 419.1063
2019:05:06 15:02:32 661356 40000.0066
2019:05:06 15:02:32 665842 4477.8027
2019:05:06 15:02:32 666786 836.9274
2019:05:06 15:02:32 667591 793.8631
2019:05:06 15:02:32 668003 399.7050
2019:05:06 15:02:32 668824 414.9079
2019:05:06 15:02:32 701356 32130.6288
2019:05:06 15:02:32 737365 36001.2166
2019:05:06 15:02:32 805363 32005.4218
2019:05:06 15:02:32 837366 31991.3030
2019:05:06 15:02:32 841881 383.1275
2019:05:06 15:02:32 843106 827.0107
2019:05:06 15:02:32 843918 805.9964
2019:05:06 15:02:32 845154 826.2135
2019:05:06 15:02:32 869367 24207.5287
2019:05:06 15:02:32 901703 348.0911
2019:05:06 15:02:32 902499 408.1428
2019:05:06 15:02:32 902917 402.5660
2019:05:06 15:02:32 903728 417.6013
2019:05:06 15:02:32 904150 410.8101
2019:05:06 15:02:32 904965 421.4123
2019:05:06 15:02:32 933360 27998.5406
2019:05:06 15:02:32 937526 4158.0386
2019:05:06 15:02:32 938331 574.6521
2019:05:06 15:02:32 939146 420.1643
2019:05:06 15:02:32 939803 262.7112
2019:05:06 15:02:32 940774 410.7989
2019:05:06 15:02:32 965354 24174.7610
2019:05:06 15:02:32 997364 32002.8663
2019:05:06 15:02:33 61365 32008.9012
2019:05:06 15:02:33 93363 31990.6287
2019:05:06 15:02:33 125852 498.4066
2019:05:06 15:02:33 126666 796.0536
2019:05:06 15:02:33 127087 406.9731
2019:05:06 15:02:33 127913 419.8514
2019:05:06 15:02:33 128726 418.1266
2019:05:06 15:02:33 129142 403.9966
2019:05:06 15:02:33 189358 32002.6800
2019:05:06 15:02:33 221371 32001.2048
2019:05:06 15:02:33 222130 405.9970
2019:05:06 15:02:33 222931 417.8174
2019:05:06 15:02:33 223350 408.2620
2019:05:06 15:02:33 224165 410.6760
2019:05:06 15:02:33 224974 411.4546
2019:05:06 15:02:33 253360 28371.9078
2019:05:06 15:02:33 257750 4380.6173
2019:05:06 15:02:33 258563 417.2288
2019:05:06 15:02:33 259390 420.7529
2019:05:06 15:02:33 260193 405.6692
2019:05:06 15:02:33 261009 801.8687
2019:05:06 15:02:33 285363 24337.0943
2019:05:06 15:02:33 325342 7986.6946
2019:05:06 15:02:33 349909 547.0738
2019:05:06 15:02:33 350729 686.9249
2019:05:06 15:02:33 351530 790.4805
2019:05:06 15:02:33 352346 802.4909
2019:05:06 15:02:33 353168 810.4332
2019:05:06 15:02:33 381425 28244.9760
2019:05:06 15:02:33 382219 408.9847
2019:05:06 15:02:33 383019 409.4616
2019:05:06 15:02:33 383463 418.4768
2019:05:06 15:02:33 384251 404.3654
2019:05:06 15:02:33 385081 424.2063
2019:05:06 15:02:33 409652 24563.7931
2019:05:06 15:02:33 410468 786.2747
2019:05:06 15:02:33 411282 801.1758
2019:05:06 15:02:33 412101 788.5136
2019:05:06 15:02:33 412923 806.4471
2019:05:06 15:02:33 413741 794.9732
2019:05:06 15:02:33 414173 418.2346
2019:05:06 15:02:33 414970 412.9671
2019:05:06 15:02:33 415794 417.8211
2019:05:06 15:02:33 416209 405.2781
2019:05:06 15:02:33 417018 409.9905
2019:05:06 15:02:33 445292 3934.9981
2019:05:06 15:02:33 446107 405.4196
2019:05:06 15:02:33 446918 408.2769
2019:05:06 15:02:33 447341 400.9269
2019:05:06 15:02:33 448160 411.3577
2019:05:06 15:02:33 448978 415.2954
2019:05:06 15:02:33 505355 31999.9307
2019:05:06 15:02:33 506311 946.0449
2019:05:06 15:02:33 506727 406.3137
2019:05:06 15:02:33 507947 818.6586
2019:05:06 15:02:33 508779 423.7257
2019:05:06 15:02:33 510008 832.0138
2019:05:06 15:02:33 510814 404.4212
2019:05:06 15:02:33 511241 415.8244
2019:05:06 15:02:33 512044 409.8825
2019:05:06 15:02:33 512468 412.9075
2019:05:06 15:02:33 513272 414.6658
2019:05:06 15:02:33 532529 445.9694
2019:05:06 15:02:33 533339 410.8958
2019:05:06 15:02:33 533777 423.3904
2019:05:06 15:02:33 534567 411.3801
2019:05:06 15:02:33 535386 412.5163
2019:05:06 15:02:33 536202 804.1039
2019:05:06 15:02:33 536626 413.8201
2019:05:06 15:02:33 581365 44335.8161
2019:05:06 15:02:33 613364 31986.1174
2019:05:06 15:02:33 617717 388.8421
2019:05:06 15:02:33 618532 412.1661
2019:05:06 15:02:33 619361 420.6784
2019:05:06 15:02:33 620578 819.0088
2019:05:06 15:02:33 645363 24374.4589
2019:05:06 15:02:33 709354 31999.4539
2019:05:06 15:02:33 710391 1029.8714
2019:05:06 15:02:33 711133 731.5613
2019:05:06 15:02:33 711629 481.2218
2019:05:06 15:02:33 712448 423.2675
2019:05:06 15:02:33 713257 408.8581
2019:05:06 15:02:33 714074 806.6408
2019:05:06 15:02:33 714503 416.1410
2019:05:06 15:02:33 715300 398.6098
2019:05:06 15:02:33 716117 805.3295
2019:05:06 15:02:33 716541 408.8655
2019:05:06 15:02:33 741355 24411.4548
2019:05:06 15:02:33 745631 4266.9326
2019:05:06 15:02:33 746439 486.1914
2019:05:06 15:02:33 747258 411.8495
2019:05:06 15:02:33 748005 347.1300
2019:05:06 15:02:33 748493 428.3078
2019:05:06 15:02:33 773355 24062.3131
2019:05:06 15:02:33 773911 548.8321
2019:05:06 15:02:33 774640 352.1591
2019:05:06 15:02:33 775511 414.6956
2019:05:06 15:02:33 776334 414.1927
2019:05:06 15:02:33 777149 804.3237
2019:05:06 15:02:33 777968 806.5775
2019:05:06 15:02:33 778714 733.8822
2019:05:06 15:02:33 779207 478.0255
2019:05:06 15:02:33 780023 417.3443
2019:05:06 15:02:33 780762 339.8173
2019:05:06 15:02:33 781256 482.4214
2019:05:06 15:02:33 837355 32002.2888
2019:05:06 15:02:33 842031 4665.8367
2019:05:06 15:02:33 842841 775.9035
2019:05:06 15:02:33 843272 418.5811
2019:05:06 15:02:33 844090 423.4239
2019:05:06 15:02:33 844901 414.8930
2019:05:06 15:02:33 869353 24437.6995
2019:05:06 15:02:33 869889 524.3532
2019:05:06 15:02:33 870694 413.3359
2019:05:06 15:02:33 871923 818.9455
2019:05:06 15:02:33 872742 413.2204
2019:05:06 15:02:33 873970 818.5655
2019:05:06 15:02:33 874388 406.0343
2019:05:06 15:02:33 875208 418.1042
2019:05:06 15:02:33 876017 410.6164
2019:05:06 15:02:33 876437 408.9251
2019:05:06 15:02:33 877256 418.4991
2019:05:06 15:02:33 933364 32008.9199
2019:05:06 15:02:33 933799 428.1886
2019:05:06 15:02:33 934612 414.0921
2019:05:06 15:02:33 935462 456.8510
2019:05:06 15:02:33 936231 749.5321
2019:05:06 15:02:33 937048 804.4317
2019:05:06 15:02:33 965360 28292.0189
2019:05:06 15:02:33 997363 31996.6152
2019:05:06 15:02:34 61361 32005.0158
2019:05:06 15:02:34 65451 4080.4483
2019:05:06 15:02:34 66251 402.0408
2019:05:06 15:02:34 67061 410.1768
2019:05:06 15:02:34 67877 744.7116
2019:05:06 15:02:34 68696 804.4094
2019:05:06 15:02:34 69117 409.9607
2019:05:06 15:02:34 93365 24183.4782
2019:05:06 15:02:34 125887 531.1705
2019:05:06 15:02:34 126531 232.9163
2019:05:06 15:02:34 127137 421.4980
2019:05:06 15:02:34 127954 430.8932
2019:05:06 15:02:34 128583 240.0428
2019:05:06 15:02:34 129612 845.5701
2019:05:06 15:02:34 130008 382.4048
2019:05:06 15:02:34 130803 403.6836
2019:05:06 15:02:34 131649 836.8120
2019:05:06 15:02:34 132683 1027.3121
2019:05:06 15:02:34 157354 24661.0232
2019:05:06 15:02:34 158247 886.3881
2019:05:06 15:02:34 159293 635.9220
2019:05:06 15:02:34 160330 854.5332
2019:05:06 15:02:34 161341 1003.8018
2019:05:06 15:02:34 161953 413.3135
2019:05:06 15:02:34 162764 413.7307
2019:05:06 15:02:34 163586 416.1559
2019:05:06 15:02:34 164816 823.1588
2019:05:06 15:02:34 189356 24533.3426
2019:05:06 15:02:34 221371 32005.1797
2019:05:06 15:02:34 225988 361.2861
2019:05:06 15:02:34 226804 418.7189
2019:05:06 15:02:34 227218 346.2732
2019:05:06 15:02:34 228440 820.2754
2019:05:06 15:02:34 229264 420.2910
2019:05:06 15:02:34 253368 24097.4613
2019:05:06 15:02:34 257926 394.9217
2019:05:06 15:02:34 258737 795.9716
2019:05:06 15:02:34 259166 412.5647
2019:05:06 15:02:34 259969 399.0941
2019:05:06 15:02:34 260794 415.0346
2019:05:06 15:02:34 285354 24159.4985
2019:05:06 15:02:34 317363 31998.6381
2019:05:06 15:02:34 318150 410.1880
2019:05:06 15:02:34 318968 422.0605
2019:05:06 15:02:34 319768 410.6760
2019:05:06 15:02:34 320586 412.5312
2019:05:06 15:02:34 349355 28751.2355
2019:05:06 15:02:34 350079 712.6033
2019:05:06 15:02:34 350894 798.9667
2019:05:06 15:02:34 351326 416.7557
2019:05:06 15:02:34 352149 430.2226
2019:05:06 15:02:34 352958 801.1609
2019:05:06 15:02:34 381354 28383.2252
2019:05:06 15:02:34 382453 1090.2844
2019:05:06 15:02:34 383263 801.0790
2019:05:06 15:02:34 384086 808.3768
2019:05:06 15:02:34 384884 785.4626
2019:05:06 15:02:34 413355 28455.5890
2019:05:06 15:02:34 418069 4700.3403
2019:05:06 15:02:34 418890 771.1500
2019:05:06 15:02:34 419312 410.7282
2019:05:06 15:02:34 420124 419.1361
2019:05:06 15:02:34 420938 412.6392
2019:05:06 15:02:34 445375 24421.6844
2019:05:06 15:02:34 489356 15995.9532
2019:05:06 15:02:34 490173 810.3959
2019:05:06 15:02:34 490983 409.1114
2019:05:06 15:02:34 491396 342.2722
2019:05:06 15:02:34 492217 416.1149
2019:05:06 15:02:34 493026 413.6786
2019:05:06 15:02:34 505367 12330.5321
2019:05:06 15:02:34 537358 15991.6095
2019:05:06 15:02:34 561374 24008.2182
2019:05:06 15:02:34 562651 784.3114
2019:05:06 15:02:34 563070 405.9151
2019:05:06 15:02:34 563888 419.8998
2019:05:06 15:02:34 565103 814.7657
2019:05:06 15:02:34 565924 809.2821
2019:05:06 15:02:34 566350 409.4727
2019:05:06 15:02:34 567151 403.8922
2019:05:06 15:02:34 567971 807.4418
2019:05:06 15:02:34 568393 409.7186
2019:05:06 15:02:34 569196 406.0157
2019:05:06 15:02:34 589370 20160.7868
2019:05:06 15:02:34 590498 784.3077
2019:05:06 15:02:34 591318 808.7233
2019:05:06 15:02:34 591743 413.2502
2019:05:06 15:02:34 592559 415.6753
2019:05:06 15:02:34 601361 8405.5997
2019:05:06 15:02:34 633366 31996.8089
2019:05:06 15:02:34 653366 16149.5134
2019:05:06 15:02:34 717356 31998.9771
2019:05:06 15:02:34 749366 32000.7540
2019:05:06 15:02:34 753964 436.5630
2019:05:06 15:02:34 754760 416.2900
2019:05:06 15:02:34 755568 409.0816
2019:05:06 15:02:34 756390 808.8127
2019:05:06 15:02:34 756811 409.2008
2019:05:06 15:02:34 781354 24144.6532
2019:05:06 15:02:34 782182 819.0647
2019:05:06 15:02:34 783002 807.7770
2019:05:06 15:02:34 783433 418.7077
2019:05:06 15:02:34 784230 408.8841
2019:05:06 15:02:34 785050 804.5807
2019:05:06 15:02:34 785897 833.7870
2019:05:06 15:02:34 786293 349.0373
2019:05:06 15:02:34 787115 413.3545
2019:05:06 15:02:34 787944 429.4924
2019:05:06 15:02:34 788347 397.0005
2019:05:06 15:02:34 789165 420.4735
2019:05:06 15:02:34 845355 31999.5694
2019:05:06 15:02:34 849794 4426.7923
2019:05:06 15:02:34 850603 373.2108
2019:05:06 15:02:34 851418 416.6476
2019:05:06 15:02:34 852233 746.8462
2019:05:06 15:02:34 853053 813.3873
2019:05:06 15:02:34 877647 292.9643
2019:05:06 15:02:34 878439 399.6529
2019:05:06 15:02:34 879282 830.0021
2019:05:06 15:02:34 880092 803.8208
2019:05:06 15:02:34 880893 614.0359
2019:05:06 15:02:34 881715 812.0798
2019:05:06 15:02:34 882144 412.1214
2019:05:06 15:02:34 882552 225.2534
2019:05:06 15:02:34 883368 422.6677
2019:05:06 15:02:34 884188 418.4470
2019:05:06 15:02:34 885001 622.7195
2019:05:06 15:02:34 909985 631.1275
2019:05:06 15:02:34 910791 799.5255
2019:05:06 15:02:34 911610 803.0683
2019:05:06 15:02:34 912429 809.0958
2019:05:06 15:02:34 912850 407.7740
2019:05:06 15:02:34 913685 649.4001
2019:05:06 15:02:34 914490 420.9056
2019:05:06 15:02:34 915308 411.9240
2019:05:06 15:02:34 916524 814.7098
2019:05:06 15:02:34 925359 8824.1324
2019:05:06 15:02:34 957374 32006.8672
2019:05:06 15:02:35 21353 31996.5817
2019:05:06 15:02:35 53365 32000.1878
2019:05:06 15:02:35 89448 12079.7530
2019:05:06 15:02:35 90633 569.9880
2019:05:06 15:02:35 91612 971.0044
2019:05:06 15:02:35 92653 546.6230
2019:05:06 15:02:35 93580 902.9545
2019:05:06 15:02:35 94694 620.7153
2019:05:06 15:02:35 95554 497.6392
2019:05:06 15:02:35 96532 970.0134
2019:05:06 15:02:35 97401 379.0483
2019:05:06 15:02:35 113555 601.5375
2019:05:06 15:02:35 114569 536.1401
2019:05:06 15:02:35 115583 528.9353
2019:05:06 15:02:35 116048 448.7671
2019:05:06 15:02:35 117509 979.1590
2019:05:06 15:02:35 118047 406.0976
2019:05:06 15:02:35 119483 989.8134
2019:05:06 15:02:35 119977 486.6160
2019:05:06 15:02:35 120524 422.3995
2019:05:06 15:02:35 121936 989.5228
2019:05:06 15:02:35 122961 537.5594
2019:05:06 15:02:35 123902 925.1647
2019:05:06 15:02:35 124896 905.8230
2019:05:06 15:02:35 138083 12698.2220
2019:05:06 15:02:35 138931 628.7396
2019:05:06 15:02:35 139755 808.4141
2019:05:06 15:02:35 140566 793.6582
2019:05:06 15:02:35 141398 815.6374
2019:05:06 15:02:35 141816 400.3271
2019:05:06 15:02:35 142631 420.8758
2019:05:06 15:02:35 143439 799.0561
2019:05:06 15:02:35 144679 830.0133
2019:05:06 15:02:35 145496 809.0064
2019:05:06 15:02:35 146316 417.3964
2019:05:06 15:02:35 147122 626.7503
2019:05:06 15:02:35 147955 798.6240
2019:05:06 15:02:35 148777 806.2460
2019:05:06 15:02:35 161485 12698.4939
2019:05:06 15:02:35 162287 412.6392
2019:05:06 15:02:35 162891 203.2891
2019:05:06 15:02:35 163549 446.7368
2019:05:06 15:02:35 164355 422.1164
2019:05:06 15:02:35 165143 387.6165
2019:05:06 15:02:35 165980 414.2039
2019:05:06 15:02:35 166791 409.0518
2019:05:06 15:02:35 167218 233.9780
2019:05:06 15:02:35 168038 429.0752
2019:05:06 15:02:35 168851 416.3720
2019:05:06 15:02:35 169687 821.8773
2019:05:06 15:02:35 170503 428.1327
2019:05:06 15:02:35 171288 397.2277
2019:05:06 15:02:35 172127 822.9949
2019:05:06 15:02:35 172939 795.9157
2019:05:06 15:02:35 185630 12676.9133
2019:05:06 15:02:35 186469 816.5836
2019:05:06 15:02:35 187270 792.8349
2019:05:06 15:02:35 188080 622.7233
2019:05:06 15:02:35 188907 811.3161
2019:05:06 15:02:35 189718 793.5464
2019:05:06 15:02:35 190553 818.4388
2019:05:06 15:02:35 191382 425.8789
2019:05:06 15:02:35 192194 629.5070
2019:05:06 15:02:35 193019 419.2442
2019:05:06 15:02:35 193818 395.1304
2019:05:06 15:02:35 194637 802.7293
2019:05:06 15:02:35 195063 410.6164
2019:05:06 15:02:35 195870 406.6005
2019:05:06 15:02:35 196688 412.5684
2019:05:06 15:02:35 209416 12325.2273
2019:05:06 15:02:35 210200 766.3295
2019:05:06 15:02:35 215305 4686.0501
2019:05:06 15:02:35 215958 640.4035
2019:05:06 15:02:35 216780 433.9367
2019:05:06 15:02:35 217590 406.0045
2019:05:06 15:02:35 218000 395.5103
2019:05:06 15:02:35 218804 631.8577
2019:05:06 15:02:35 219622 803.4110
2019:05:06 15:02:35 220436 797.9386
2019:05:06 15:02:35 221266 817.2430
2019:05:06 15:02:35 233580 12300.5770
2019:05:06 15:02:35 234388 408.9363
2019:05:06 15:02:35 235199 634.2605
