
# OSU MPI Allreduce Latency Test v5.6.1
# Size       Avg Latency(us)
1024                 6874.75
2019:05:06 15:02:15 415080 939.4996
2019:05:06 15:02:15 416110 578.2098
2019:05:06 15:02:15 417764 1235.6788
2019:05:06 15:02:15 418638 857.4873
2019:05:06 15:02:15 420049 1401.1823
2019:05:06 15:02:15 420636 579.4577
2019:05:06 15:02:15 445808 24787.7091
2019:05:06 15:02:15 446726 908.2109
2019:05:06 15:02:15 447252 420.5182
2019:05:06 15:02:15 448592 915.5050
2019:05:06 15:02:15 449987 926.7032
2019:05:06 15:02:15 450527 532.3552
2019:05:06 15:02:15 451375 442.1622
2019:05:06 15:02:15 453235 1397.4160
2019:05:06 15:02:15 478762 929.7095
2019:05:06 15:02:15 479287 517.0591
2019:05:06 15:02:15 480164 457.6370
2019:05:06 15:02:15 489533 8914.8656
2019:05:06 15:02:15 491080 939.2388
2019:05:06 15:02:15 492024 936.7093
2019:05:06 15:02:15 515056 22580.4001
2019:05:06 15:02:15 529829 14763.7129
2019:05:06 15:02:15 531060 622.7903
2019:05:06 15:02:15 532304 624.2506
2019:05:06 15:02:15 532961 649.7353
2019:05:06 15:02:15 534178 667.2069
2019:05:06 15:02:15 535377 630.2819
2019:05:06 15:02:15 536617 629.3170
2019:05:06 15:02:15 542158 4931.6995
2019:05:06 15:02:15 543245 630.6991
2019:05:06 15:02:15 544483 630.4123
2019:05:06 15:02:15 545833 740.3381
2019:05:06 15:02:15 547067 621.7323
2019:05:06 15:02:15 548312 621.5386
2019:05:06 15:02:15 549515 581.7935
2019:05:06 15:02:15 565991 15855.4800
2019:05:06 15:02:15 567219 619.2774
2019:05:06 15:02:15 567850 543.4528
2019:05:06 15:02:15 569085 627.4953
2019:05:06 15:02:15 593370 24277.2773
2019:05:06 15:02:15 621796 436.7828
2019:05:06 15:02:15 622624 412.3338
2019:05:06 15:02:15 623461 428.4717
2019:05:06 15:02:15 624277 809.6509
2019:05:06 15:02:15 625093 810.1203
2019:05:06 15:02:15 657462 32363.1503
2019:05:06 15:02:15 658042 570.4872
2019:05:06 15:02:15 659255 806.8345
2019:05:06 15:02:15 660087 428.0023
2019:05:06 15:02:15 661319 830.1958
2019:05:06 15:02:15 685384 24059.5378
2019:05:06 15:02:15 753366 32290.8498
2019:05:06 15:02:15 785378 32002.6018
2019:05:06 15:02:15 786326 415.9100
2019:05:06 15:02:15 787152 425.1152
2019:05:06 15:02:15 787968 806.6371
2019:05:06 15:02:15 789200 821.6947
2019:05:06 15:02:15 790401 768.5684
2019:05:06 15:02:15 791242 820.4542
2019:05:06 15:02:15 792054 802.5430
2019:05:06 15:02:15 792464 404.7342
2019:05:06 15:02:15 793288 424.7949
2019:05:06 15:02:15 817893 402.5251
2019:05:06 15:02:15 818691 432.4093
2019:05:06 15:02:15 819511 411.0485
2019:05:06 15:02:15 820312 404.4436
2019:05:06 15:02:15 821143 425.8603
2019:05:06 15:02:15 853539 4179.8130
2019:05:06 15:02:15 854314 421.6433
2019:05:06 15:02:15 855166 442.5086
2019:05:06 15:02:15 855960 414.0139
2019:05:06 15:02:15 856788 417.5231
2019:05:06 15:02:15 881356 24142.7496
2019:05:06 15:02:15 913371 32006.9902
2019:05:06 15:02:15 945553 194.5309
2019:05:06 15:02:15 946364 422.8354
2019:05:06 15:02:15 947570 813.1191
2019:05:06 15:02:15 948403 819.4670
2019:05:06 15:02:15 949220 810.5300
2019:05:06 15:02:15 977376 28148.8895
2019:05:06 15:02:16 21318 7826.5145
2019:05:06 15:02:16 81358 31993.0725
2019:05:06 15:02:16 133372 52002.8286
2019:05:06 15:02:16 213362 40002.3535
2019:05:06 15:02:16 253365 39994.4931
2019:05:06 15:02:16 333355 39991.6582
2019:05:06 15:02:16 333923 557.1544
2019:05:06 15:02:16 334727 419.8886
2019:05:06 15:02:16 373366 32077.9756
2019:05:06 15:02:16 457355 39999.2839
2019:05:06 15:02:16 457936 570.5059
2019:05:06 15:02:16 458364 410.6946
2019:05:06 15:02:16 459155 404.6857
2019:05:06 15:02:16 460000 831.6971
2019:05:06 15:02:16 460823 816.6209
2019:05:06 15:02:16 497355 36525.7971
2019:05:06 15:02:16 501767 4400.7599
2019:05:06 15:02:16 502184 271.1266
2019:05:06 15:02:16 503006 417.4635
2019:05:06 15:02:16 503815 413.5147
2019:05:06 15:02:16 504226 266.4775
2019:05:06 15:02:16 505043 414.8521
2019:05:06 15:02:16 577355 39999.4962
2019:05:06 15:02:16 617364 40001.3551
2019:05:06 15:02:16 622186 409.6664
2019:05:06 15:02:16 623012 424.3143
2019:05:06 15:02:16 623818 792.6561
2019:05:06 15:02:16 624236 403.7358
2019:05:06 15:02:16 657354 32707.1659
2019:05:06 15:02:16 697363 39999.3584
2019:05:06 15:02:16 702024 627.8120
2019:05:06 15:02:16 702837 803.5973
2019:05:06 15:02:16 704063 816.4831
2019:05:06 15:02:16 704888 813.4507
2019:05:06 15:02:16 737365 32070.6740
2019:05:06 15:02:16 817353 39998.4121
2019:05:06 15:02:16 857371 40008.2991
2019:05:06 15:02:16 861945 400.7518
2019:05:06 15:02:16 862754 415.3401
2019:05:06 15:02:16 863568 807.6690
2019:05:06 15:02:16 864803 826.1502
2019:05:06 15:02:16 897353 32544.1360
2019:05:06 15:02:16 937365 40002.4392
2019:05:06 15:02:16 942296 773.7912
2019:05:06 15:02:16 943114 801.8427
2019:05:06 15:02:16 943948 822.9539
2019:05:06 15:02:16 944762 808.5519
2019:05:06 15:02:16 977364 32193.1355
2019:05:06 15:02:17 57353 39998.2557
2019:05:06 15:02:17 57952 589.6352
2019:05:06 15:02:17 58770 807.8702
2019:05:06 15:02:17 60006 826.5115
2019:05:06 15:02:17 60817 804.8825
2019:05:06 15:02:17 101366 40139.0195
2019:05:06 15:02:17 102524 404.0003
2019:05:06 15:02:17 103336 408.7351
2019:05:06 15:02:17 104155 414.1442
2019:05:06 15:02:17 104980 419.6279
2019:05:06 15:02:17 105790 403.9444
2019:05:06 15:02:17 106608 805.3333
2019:05:06 15:02:17 107032 413.5147
2019:05:06 15:02:17 107854 422.1052
2019:05:06 15:02:17 108668 803.9884
2019:05:06 15:02:17 141370 32690.7858
2019:05:06 15:02:17 181365 39986.7557
2019:05:06 15:02:17 182505 797.6666
2019:05:06 15:02:17 183332 814.0765
2019:05:06 15:02:17 184148 414.1964
2019:05:06 15:02:17 184966 808.2353
2019:05:06 15:02:17 221354 36379.2144
2019:05:06 15:02:17 261363 39997.2945
2019:05:06 15:02:17 341356 40000.0103
2019:05:06 15:02:17 341842 478.4688
2019:05:06 15:02:17 342624 514.4887
2019:05:06 15:02:17 343840 817.9620
2019:05:06 15:02:17 344671 515.2971
2019:05:06 15:02:17 345906 836.3836
2019:05:06 15:02:17 346711 798.3670
2019:05:06 15:02:17 347934 1212.0306
2019:05:06 15:02:17 348760 815.1978
2019:05:06 15:02:17 381360 32589.3387
2019:05:06 15:02:17 425362 43994.7620
2019:05:06 15:02:17 469476 4121.7431
2019:05:06 15:02:17 470279 788.2118
2019:05:06 15:02:17 471096 804.1039
2019:05:06 15:02:17 471523 416.5284
2019:05:06 15:02:17 472333 413.5408
2019:05:06 15:02:17 473156 420.5294
2019:05:06 15:02:17 545354 39999.8836
2019:05:06 15:02:17 585363 40001.3812
2019:05:06 15:02:17 586136 414.4721
2019:05:06 15:02:17 586950 413.1943
2019:05:06 15:02:17 587770 417.3666
2019:05:06 15:02:17 588586 416.7967
2019:05:06 15:02:17 625367 36384.1318
2019:05:06 15:02:17 629944 4569.1989
2019:05:06 15:02:17 630760 800.0769
2019:05:06 15:02:17 631181 409.4914
2019:05:06 15:02:17 631992 409.7894
2019:05:06 15:02:17 632816 418.8828
2019:05:06 15:02:17 665353 32140.8734
2019:05:06 15:02:17 705362 39998.0098
2019:05:06 15:02:17 709914 447.3515
2019:05:06 15:02:17 710689 413.0080
2019:05:06 15:02:17 711508 415.9324
2019:05:06 15:02:17 711930 411.0634
2019:05:06 15:02:17 712736 414.3082
2019:05:06 15:02:17 745355 32216.0125
2019:05:06 15:02:17 785361 39998.4457
2019:05:06 15:02:17 825761 406.5484
2019:05:06 15:02:17 826585 413.8462
2019:05:06 15:02:17 827404 418.9573
2019:05:06 15:02:17 828222 417.1953
2019:05:06 15:02:17 829033 657.3536
2019:05:06 15:02:17 865359 36314.8339
2019:05:06 15:02:17 869662 4296.3885
2019:05:06 15:02:17 870488 429.1832
2019:05:06 15:02:17 871298 417.1506
2019:05:06 15:02:17 872117 422.9918
2019:05:06 15:02:17 872934 418.7338
2019:05:06 15:02:17 905378 32041.6950
2019:05:06 15:02:17 949657 4302.5576
2019:05:06 15:02:17 950481 812.2064
2019:05:06 15:02:17 951295 807.5051
2019:05:06 15:02:17 952113 807.3263
2019:05:06 15:02:17 952531 407.6920
2019:05:06 15:02:17 985355 32420.3931
2019:05:06 15:02:18 25365 40002.1113
2019:05:06 15:02:18 65832 477.0122
2019:05:06 15:02:18 66656 811.9382
2019:05:06 15:02:18 67479 810.9473
2019:05:06 15:02:18 68297 805.6089
2019:05:06 15:02:18 68716 408.3402
2019:05:06 15:02:18 101363 32245.6732
2019:05:06 15:02:18 141363 32092.0832
2019:05:06 15:02:18 142025 396.4975
2019:05:06 15:02:18 143240 818.9902
2019:05:06 15:02:18 144059 412.3189
2019:05:06 15:02:18 145286 817.9359
2019:05:06 15:02:18 221354 39999.1795
2019:05:06 15:02:18 261363 39996.6538
2019:05:06 15:02:18 301802 446.9082
2019:05:06 15:02:18 302637 452.6414
2019:05:06 15:02:18 303460 816.9338
2019:05:06 15:02:18 304235 769.1160
2019:05:06 15:02:18 305087 418.8493
2019:05:06 15:02:18 305912 406.3994
2019:05:06 15:02:18 306724 450.7490
2019:05:06 15:02:18 307549 814.7210
2019:05:06 15:02:18 308332 773.5640
2019:05:06 15:02:18 308779 435.5721
2019:05:06 15:02:18 341371 32194.2829
2019:05:06 15:02:18 342014 380.0653
2019:05:06 15:02:18 342835 411.5179
2019:05:06 15:02:18 343644 409.3759
2019:05:06 15:02:18 344458 644.9223
2019:05:06 15:02:18 345278 805.6052
2019:05:06 15:02:18 381363 36071.4681
2019:05:06 15:02:18 385859 399.0047
2019:05:06 15:02:18 387054 814.4602
2019:05:06 15:02:18 387872 808.4103
2019:05:06 15:02:18 389109 827.1076
2019:05:06 15:02:18 421362 32247.3906
2019:05:06 15:02:18 465704 4349.4962
2019:05:06 15:02:18 466526 805.1097
2019:05:06 15:02:18 467337 798.0652
2019:05:06 15:02:18 468165 818.0439
2019:05:06 15:02:18 468582 410.4339
2019:05:06 15:02:18 501354 32379.2808
2019:05:06 15:02:18 541363 40001.3402
2019:05:06 15:02:18 621354 39998.9672
2019:05:06 15:02:18 661361 40000.1444
2019:05:06 15:02:18 662477 423.5171
2019:05:06 15:02:18 663295 419.9110
2019:05:06 15:02:18 664115 421.3937
2019:05:06 15:02:18 664922 409.1337
2019:05:06 15:02:18 665747 418.3650
2019:05:06 15:02:18 666179 421.4831
2019:05:06 15:02:18 666971 413.3098
2019:05:06 15:02:18 667790 410.0762
2019:05:06 15:02:18 668609 808.1123
2019:05:06 15:02:18 701359 32737.4376
2019:05:06 15:02:18 741368 40000.5318
2019:05:06 15:02:18 742340 399.1090
2019:05:06 15:02:18 743157 417.7988
2019:05:06 15:02:18 743573 406.1721
2019:05:06 15:02:18 744384 411.1938
2019:05:06 15:02:18 745200 805.0874
2019:05:06 15:02:18 785364 40152.9782
2019:05:06 15:02:18 789867 404.2834
2019:05:06 15:02:18 790672 408.0907
2019:05:06 15:02:18 791491 417.0798
2019:05:06 15:02:18 792312 418.1005
2019:05:06 15:02:18 793122 409.2008
2019:05:06 15:02:18 865359 40003.0836
2019:05:06 15:02:18 905365 39997.7528
2019:05:06 15:02:18 906095 400.9381
2019:05:06 15:02:18 906914 418.2309
2019:05:06 15:02:18 907725 413.8909
2019:05:06 15:02:18 908143 245.6531
2019:05:06 15:02:18 908962 418.9089
2019:05:06 15:02:18 945364 35984.7471
2019:05:06 15:02:18 949694 387.8176
2019:05:06 15:02:18 950509 414.9340
2019:05:06 15:02:18 951325 418.2197
2019:05:06 15:02:18 952543 818.6102
2019:05:06 15:02:18 985368 32416.5300
2019:05:06 15:02:19 29576 4219.7518
2019:05:06 15:02:19 30374 787.0607
2019:05:06 15:02:19 31194 808.3135
2019:05:06 15:02:19 31617 412.5051
2019:05:06 15:02:19 32430 412.9484
2019:05:06 15:02:19 65355 32519.7056
2019:05:06 15:02:19 101365 36002.6658
2019:05:06 15:02:19 141674 319.2350
2019:05:06 15:02:19 142329 424.7613
2019:05:06 15:02:19 143144 418.0558
2019:05:06 15:02:19 197355 40001.4929
2019:05:06 15:02:19 237369 40006.4625
2019:05:06 15:02:19 238169 402.4059
2019:05:06 15:02:19 239386 816.5948
2019:05:06 15:02:19 240612 816.2633
2019:05:06 15:02:19 241437 814.5869
2019:05:06 15:02:19 242025 183.8244
2019:05:06 15:02:19 242674 423.9418
2019:05:06 15:02:19 243491 418.4172
2019:05:06 15:02:19 244312 419.8626
2019:05:06 15:02:19 245131 812.8025
2019:05:06 15:02:19 277363 32225.7914
2019:05:06 15:02:19 318032 678.2487
2019:05:06 15:02:19 318849 809.9452
2019:05:06 15:02:19 319669 809.8707
2019:05:06 15:02:19 320479 800.6133
2019:05:06 15:02:19 321307 816.5129
2019:05:06 15:02:19 357363 36046.9110
2019:05:06 15:02:19 397767 411.9985
2019:05:06 15:02:19 398426 412.7063
2019:05:06 15:02:19 399638 812.1133
2019:05:06 15:02:19 400461 811.8749
2019:05:06 15:02:19 437361 36889.6686
2019:05:06 15:02:19 441688 4318.9265
2019:05:06 15:02:19 442491 404.3803
2019:05:06 15:02:19 443717 817.0828
2019:05:06 15:02:19 444537 413.3098
2019:05:06 15:02:19 477361 32414.5444
2019:05:06 15:02:19 521384 4029.4491
2019:05:06 15:02:19 522151 387.4004
2019:05:06 15:02:19 522969 414.5727
2019:05:06 15:02:19 523788 413.7307
2019:05:06 15:02:19 524603 408.6047
2019:05:06 15:02:19 557355 32741.7105
2019:05:06 15:02:19 597368 40005.3710
2019:05:06 15:02:19 638167 806.2832
2019:05:06 15:02:19 638987 787.8728
2019:05:06 15:02:19 639439 437.7104
2019:05:06 15:02:19 640231 418.6109
2019:05:06 15:02:19 641053 424.1057
2019:05:06 15:02:19 677364 35922.7583
2019:05:06 15:02:19 681918 387.3408
2019:05:06 15:02:19 682727 427.0487
2019:05:06 15:02:19 683535 415.1538
2019:05:06 15:02:19 683950 404.4361
2019:05:06 15:02:19 684769 412.9149
2019:05:06 15:02:19 717355 32185.1298
2019:05:06 15:02:19 753367 36004.2416
2019:05:06 15:02:19 761788 394.7392
2019:05:06 15:02:19 762587 417.8770
2019:05:06 15:02:19 763398 413.8649
2019:05:06 15:02:19 763823 413.0267
2019:05:06 15:02:19 764642 412.5088
2019:05:06 15:02:19 789354 24312.7458
2019:05:06 15:02:19 829369 40008.0569
2019:05:06 15:02:19 830569 814.0318
2019:05:06 15:02:19 831395 815.2761
2019:05:06 15:02:19 832206 805.1097
2019:05:06 15:02:19 833025 412.1996
2019:05:06 15:02:19 861359 27926.8995
2019:05:06 15:02:19 901366 39999.0045
2019:05:06 15:02:19 905814 438.9361
2019:05:06 15:02:19 906596 418.7711
2019:05:06 15:02:19 907416 419.6651
2019:05:06 15:02:19 908231 415.4444
2019:05:06 15:02:19 909052 417.8435
2019:05:06 15:02:19 965358 32003.5033
2019:05:06 15:02:19 969667 4302.8668
2019:05:06 15:02:19 970478 421.3862
2019:05:06 15:02:19 971285 413.6041
2019:05:06 15:02:19 971707 411.2497
2019:05:06 15:02:19 972514 409.0369
2019:05:06 15:02:19 973337 812.1729
2019:05:06 15:02:20 1603 4236.4895
2019:05:06 15:02:20 2417 799.6857
2019:05:06 15:02:20 3228 409.0853
2019:05:06 15:02:20 4055 816.6805
2019:05:06 15:02:20 4879 421.9562
2019:05:06 15:02:20 29358 24077.9892
2019:05:06 15:02:20 61366 32000.6944
2019:05:06 15:02:20 65855 418.8009
2019:05:06 15:02:20 66666 417.3256
2019:05:06 15:02:20 67484 419.3336
2019:05:06 15:02:20 68709 824.8314
2019:05:06 15:02:20 93354 24639.1259
2019:05:06 15:02:20 98081 4716.1244
2019:05:06 15:02:20 98899 792.1383
2019:05:06 15:02:20 100134 825.6324
2019:05:06 15:02:20 100947 806.4285
2019:05:06 15:02:20 157354 31999.7631
2019:05:06 15:02:20 161819 4453.5100
2019:05:06 15:02:20 162603 412.6392
2019:05:06 15:02:20 163830 819.9178
2019:05:06 15:02:20 164649 413.4700
2019:05:06 15:02:20 189354 24297.1443
2019:05:06 15:02:20 193744 4378.4082
2019:05:06 15:02:20 194568 427.0226
2019:05:06 15:02:20 195380 417.7913
2019:05:06 15:02:20 196190 406.9023
2019:05:06 15:02:20 197003 797.8417
2019:05:06 15:02:20 221362 24348.7135
2019:05:06 15:02:20 257232 3877.8484
2019:05:06 15:02:20 258036 397.8834
2019:05:06 15:02:20 258853 412.0059
2019:05:06 15:02:20 260084 820.8491
2019:05:06 15:02:20 260901 411.2683
2019:05:06 15:02:20 285365 24055.0414
2019:05:06 15:02:20 290000 404.7826
2019:05:06 15:02:20 290800 412.4343
2019:05:06 15:02:20 291619 413.3321
2019:05:06 15:02:20 292848 818.2041
2019:05:06 15:02:20 317359 24104.0327
2019:05:06 15:02:20 349362 31998.5375
2019:05:06 15:02:20 413353 31999.0329
2019:05:06 15:02:20 453369 40008.1575
2019:05:06 15:02:20 454270 408.0385
2019:05:06 15:02:20 455096 815.0004
2019:05:06 15:02:20 455918 812.1841
2019:05:06 15:02:20 456333 405.5165
2019:05:06 15:02:20 457153 416.0032
2019:05:06 15:02:20 501792 438.0457
2019:05:06 15:02:20 502623 422.0232
2019:05:06 15:02:20 503433 408.9251
2019:05:06 15:02:20 504253 809.2932
2019:05:06 15:02:20 505079 814.7098
2019:05:06 15:02:20 541372 36284.0071
2019:05:06 15:02:20 546044 792.9504
2019:05:06 15:02:20 546857 790.6929
2019:05:06 15:02:20 547669 801.4105
2019:05:06 15:02:20 548093 413.0341
2019:05:06 15:02:20 548895 407.0476
2019:05:06 15:02:20 573355 24449.2628
2019:05:06 15:02:20 573892 529.7251
2019:05:06 15:02:20 575105 818.6251
2019:05:06 15:02:20 575925 413.5035
2019:05:06 15:02:20 577154 819.7427
2019:05:06 15:02:20 637356 32000.9589
2019:05:06 15:02:20 669361 31997.9005
2019:05:06 15:02:20 670007 409.8825
2019:05:06 15:02:20 670828 417.0723
2019:05:06 15:02:20 671637 414.0846
2019:05:06 15:02:20 672457 420.3357
2019:05:06 15:02:20 673267 410.2550
2019:05:06 15:02:20 702116 405.7959
2019:05:06 15:02:20 702927 408.6681
2019:05:06 15:02:20 703351 412.6765
2019:05:06 15:02:20 704156 409.9756
2019:05:06 15:02:20 704982 814.8514
2019:05:06 15:02:20 705406 415.4220
2019:05:06 15:02:20 706214 423.2675
2019:05:06 15:02:20 707025 804.8788
2019:05:06 15:02:20 707841 412.7286
2019:05:06 15:02:20 708662 414.8707
2019:05:06 15:02:20 741359 32292.1649
2019:05:06 15:02:20 745552 4183.1098
2019:05:06 15:02:20 746752 802.2860
2019:05:06 15:02:20 747177 393.6365
2019:05:06 15:02:20 748005 421.3601
2019:05:06 15:02:20 748827 427.5627
2019:05:06 15:02:20 789354 40148.3327
2019:05:06 15:02:20 793759 4394.0209
2019:05:06 15:02:20 794567 785.6302
2019:05:06 15:02:20 795796 819.7054
2019:05:06 15:02:20 796622 814.4155
2019:05:06 15:02:20 837361 40728.4945
2019:05:06 15:02:20 841702 4334.7813
2019:05:06 15:02:20 842501 419.7396
2019:05:06 15:02:20 843305 678.2562
2019:05:06 15:02:20 844132 809.0399
2019:05:06 15:02:20 844675 530.3696
2019:05:06 15:02:20 885354 40403.9100
2019:05:06 15:02:20 889632 4267.9608
2019:05:06 15:02:20 890461 422.9248
2019:05:06 15:02:20 891667 806.7489
2019:05:06 15:02:20 892487 810.1948
2019:05:06 15:02:20 892908 410.4786
2019:05:06 15:02:20 925363 32046.1020
2019:05:06 15:02:20 957624 269.0926
2019:05:06 15:02:20 958429 413.0453
2019:05:06 15:02:20 959653 815.7976
2019:05:06 15:02:20 960478 814.5161
2019:05:06 15:02:20 961302 419.2442
2019:05:06 15:02:20 989817 28509.7919
2019:05:06 15:02:20 990626 419.6428
2019:05:06 15:02:20 991445 421.3266
2019:05:06 15:02:20 992252 413.4588
2019:05:06 15:02:20 993071 412.6169
2019:05:06 15:02:21 21366 27885.0570
2019:05:06 15:02:21 25991 391.3082
2019:05:06 15:02:21 26811 805.5307
2019:05:06 15:02:21 27632 809.8073
2019:05:06 15:02:21 28437 795.3532
2019:05:06 15:02:21 29260 803.2508
2019:05:06 15:02:21 53363 24090.8675
2019:05:06 15:02:21 58088 411.0299
2019:05:06 15:02:21 58908 408.4595
2019:05:06 15:02:21 59726 412.8441
2019:05:06 15:02:21 60543 415.3922
2019:05:06 15:02:21 85367 24416.8378
2019:05:06 15:02:21 125364 39988.6705
2019:05:06 15:02:21 126485 792.3208
2019:05:06 15:02:21 126906 410.6425
2019:05:06 15:02:21 127714 409.3759
2019:05:06 15:02:21 128533 808.7419
2019:05:06 15:02:21 128955 412.0357
2019:05:06 15:02:21 169355 39999.8389
2019:05:06 15:02:21 169937 571.9699
2019:05:06 15:02:21 170725 417.9329
2019:05:06 15:02:21 171943 818.4016
2019:05:06 15:02:21 172772 419.5943
2019:05:06 15:02:21 173992 819.9215
2019:05:06 15:02:21 174817 813.5661
2019:05:06 15:02:21 175629 806.2683
2019:05:06 15:02:21 176867 828.8361
2019:05:06 15:02:21 221359 44485.4312
2019:05:06 15:02:21 221985 620.1416
2019:05:06 15:02:21 222792 652.1232
2019:05:06 15:02:21 223605 803.6494
2019:05:06 15:02:21 224191 572.9087
2019:05:06 15:02:21 224833 411.9165
2019:05:06 15:02:21 253365 28123.5948
2019:05:06 15:02:21 297815 458.4156
2019:05:06 15:02:21 298591 633.9215
2019:05:06 15:02:21 299421 820.2083
2019:05:06 15:02:21 300233 805.7617
2019:05:06 15:02:21 301052 810.2022
2019:05:06 15:02:21 353368 51904.4176
2019:05:06 15:02:21 401367 28011.6424
2019:05:06 15:02:21 429364 27989.0820
2019:05:06 15:02:21 457733 377.2415
2019:05:06 15:02:21 458929 802.8746
2019:05:06 15:02:21 459753 808.0192
2019:05:06 15:02:21 460181 417.0910
2019:05:06 15:02:21 460997 426.3297
2019:05:06 15:02:21 461805 415.5487
2019:05:06 15:02:21 462624 419.2144
2019:05:06 15:02:21 463442 812.5380
2019:05:06 15:02:21 464267 421.6284
2019:05:06 15:02:21 465077 415.6940
2019:05:06 15:02:21 545355 48000.8200
2019:05:06 15:02:21 551819 6456.9153
2019:05:06 15:02:21 553029 817.8949
2019:05:06 15:02:21 590024 667.6503
2019:05:06 15:02:21 590843 796.5825
2019:05:06 15:02:21 591269 414.8297
2019:05:06 15:02:21 592077 466.9726
2019:05:06 15:02:21 592897 808.7195
2019:05:06 15:02:21 593673 766.2922
2019:05:06 15:02:21 594525 810.4108
2019:05:06 15:02:21 595349 806.4844
2019:05:06 15:02:21 595724 362.7911
2019:05:06 15:02:21 596583 417.0388
2019:05:06 15:02:21 637356 40369.2052
2019:05:06 15:02:21 638356 992.2683
2019:05:06 15:02:21 639179 813.9908
2019:05:06 15:02:21 639996 807.0506
2019:05:06 15:02:21 640761 752.9333
2019:05:06 15:02:21 641229 458.1735
2019:05:06 15:02:21 642052 419.9781
2019:05:06 15:02:21 642800 354.3086
2019:05:06 15:02:21 643284 466.0562
2019:05:06 15:02:21 644099 420.1010
2019:05:06 15:02:21 644848 353.8281
2019:05:06 15:02:21 645330 420.8125
2019:05:06 15:02:21 685838 481.8961
2019:05:06 15:02:21 686702 836.3463
2019:05:06 15:02:21 687112 399.0009
2019:05:06 15:02:21 687871 359.2558
2019:05:06 15:02:21 688739 417.4709
2019:05:06 15:02:21 689568 426.1807
2019:05:06 15:02:21 690382 475.0602
2019:05:06 15:02:21 691203 422.1164
2019:05:06 15:02:21 691953 349.2646
2019:05:06 15:02:21 692427 461.3400
2019:05:06 15:02:21 693246 417.5380
2019:05:06 15:02:21 733316 7961.1428
2019:05:06 15:02:21 766112 756.0961
2019:05:06 15:02:21 766942 818.7890
2019:05:06 15:02:21 767752 803.6382
2019:05:06 15:02:21 768571 415.5971
2019:05:06 15:02:21 805354 36378.8903
2019:05:06 15:02:21 845366 40003.7132
2019:05:06 15:02:21 925162 39805.1217
2019:05:06 15:02:21 925716 543.1250
2019:05:06 15:02:21 926530 425.6479
2019:05:06 15:02:21 927328 403.6911
2019:05:06 15:02:21 928147 804.8564
2019:05:06 15:02:21 928579 416.6774
2019:05:06 15:02:21 929383 416.6998
2019:05:06 15:02:21 930203 805.6723
2019:05:06 15:02:21 930627 409.7596
2019:05:06 15:02:21 931431 405.1439
2019:05:06 15:02:21 932266 425.9087
2019:05:06 15:02:21 933078 418.4768
2019:05:06 15:02:22 5354 39998.6953
2019:05:06 15:02:22 5946 582.0356
2019:05:06 15:02:22 6752 417.4858
2019:05:06 15:02:22 7527 370.4876
2019:05:06 15:02:22 8388 416.8451
2019:05:06 15:02:22 9208 417.3815
2019:05:06 15:02:22 81323 35968.6017
2019:05:06 15:02:22 121365 40029.5481
2019:05:06 15:02:22 122283 785.5780
2019:05:06 15:02:22 123108 804.8117
2019:05:06 15:02:22 123927 422.6565
2019:05:06 15:02:22 124758 420.5219
2019:05:06 15:02:22 161361 36207.8212
2019:05:06 15:02:22 165704 4335.8169
2019:05:06 15:02:22 166530 429.9097
2019:05:06 15:02:22 167335 410.2550
2019:05:06 15:02:22 168160 421.3080
2019:05:06 15:02:22 168978 421.3117
2019:05:06 15:02:22 241357 40001.5526
2019:05:06 15:02:22 245973 4609.3017
2019:05:06 15:02:22 246784 796.5863
2019:05:06 15:02:22 247209 404.7938
2019:05:06 15:02:22 248029 418.6556
2019:05:06 15:02:22 248836 409.8341
2019:05:06 15:02:22 281354 32501.3362
2019:05:06 15:02:22 321364 40003.1134
2019:05:06 15:02:22 361715 360.8391
2019:05:06 15:02:22 362547 418.0595
2019:05:06 15:02:22 363365 415.6493
2019:05:06 15:02:22 364182 462.0962
2019:05:06 15:02:22 364997 412.4269
2019:05:06 15:02:22 401360 35957.1800
2019:05:06 15:02:22 405560 4193.1421
2019:05:06 15:02:22 406368 418.9014
2019:05:06 15:02:22 407174 455.0219
2019:05:06 15:02:22 408007 821.1657
2019:05:06 15:02:22 408779 759.9965
2019:05:06 15:02:22 409233 447.8060
2019:05:06 15:02:22 481355 40000.9602
2019:05:06 15:02:22 485754 4390.9736
2019:05:06 15:02:22 486544 410.0502
2019:05:06 15:02:22 487353 414.2746
2019:05:06 15:02:22 488178 414.5838
2019:05:06 15:02:22 489004 422.6901
2019:05:06 15:02:22 521361 32351.4007
2019:05:06 15:02:22 561908 553.5148
2019:05:06 15:02:22 562721 800.9188
2019:05:06 15:02:22 563150 419.2367
2019:05:06 15:02:22 563968 416.3273
2019:05:06 15:02:22 565177 808.4327
2019:05:06 15:02:22 566005 817.0493
2019:05:06 15:02:22 566432 415.9398
2019:05:06 15:02:22 567237 413.8164
2019:05:06 15:02:22 568066 427.0039
2019:05:06 15:02:22 568883 420.2686
2019:05:06 15:02:22 605354 36077.4174
2019:05:06 15:02:22 645362 39995.7374
2019:05:06 15:02:22 725354 39999.8315
2019:05:06 15:02:22 765366 40004.1007
2019:05:06 15:02:22 766282 408.8022
2019:05:06 15:02:22 767101 418.1527
2019:05:06 15:02:22 809353 27999.0211
2019:05:06 15:02:22 813806 4443.5672
2019:05:06 15:02:22 814612 417.8025
2019:05:06 15:02:22 815429 418.8977
2019:05:06 15:02:22 816247 416.8376
2019:05:06 15:02:22 817066 417.0872
2019:05:06 15:02:22 889355 40000.4238
2019:05:06 15:02:22 893820 4457.4849
2019:05:06 15:02:22 894625 420.3618
2019:05:06 15:02:22 895442 418.4544
2019:05:06 15:02:22 896253 414.6323
2019:05:06 15:02:22 897080 421.0658
2019:05:06 15:02:22 925170 28083.5479
2019:05:06 15:02:23 5354 39999.0715
2019:05:06 15:02:23 53363 47998.6146
2019:05:06 15:02:23 54116 413.5855
2019:05:06 15:02:23 54937 421.9078
2019:05:06 15:02:23 55754 415.0309
2019:05:06 15:02:23 56567 801.9656
2019:05:06 15:02:23 57403 823.9746
2019:05:06 15:02:23 58216 799.8534
2019:05:06 15:02:23 59035 424.2957
2019:05:06 15:02:23 59706 275.5746
2019:05:06 15:02:23 60665 412.5908
2019:05:06 15:02:23 97367 36298.1632
2019:05:06 15:02:23 102034 4658.4420
2019:05:06 15:02:23 102850 796.5080
2019:05:06 15:02:23 103622 759.3110
2019:05:06 15:02:23 104088 452.7271
2019:05:06 15:02:23 104904 417.4113
2019:05:06 15:02:23 137354 32051.6899
2019:05:06 15:02:23 177367 40002.1374
2019:05:06 15:02:23 181988 407.4983
2019:05:06 15:02:23 182775 408.9251
2019:05:06 15:02:23 183600 419.6875
2019:05:06 15:02:23 184413 409.7819
2019:05:06 15:02:23 185241 422.0568
2019:05:06 15:02:23 253354 39987.8696
2019:05:06 15:02:23 293365 40000.2524
2019:05:06 15:02:23 294284 402.5213
2019:05:06 15:02:23 295099 417.0462
2019:05:06 15:02:23 295910 413.4700
2019:05:06 15:02:23 296329 403.9742
2019:05:06 15:02:23 297150 420.4176
2019:05:06 15:02:23 297967 419.8663
2019:05:06 15:02:23 298385 406.8092
2019:05:06 15:02:23 299200 417.4560
2019:05:06 15:02:23 300024 422.4889
2019:05:06 15:02:23 300830 416.4800
2019:05:06 15:02:23 333360 32126.2665
2019:05:06 15:02:23 373367 39999.0007
2019:05:06 15:02:23 374176 474.1028
2019:05:06 15:02:23 374983 420.4735
2019:05:06 15:02:23 375723 338.0999
2019:05:06 15:02:23 376610 410.2252
2019:05:06 15:02:23 413354 36337.6662
2019:05:06 15:02:23 453366 40001.1539
2019:05:06 15:02:23 533354 39998.6021
2019:05:06 15:02:23 573366 40003.8883
2019:05:06 15:02:23 578131 778.9172
2019:05:06 15:02:23 578943 797.2755
2019:05:06 15:02:23 579776 822.8049
2019:05:06 15:02:23 580514 731.2447
2019:05:06 15:02:23 613366 32844.9085
2019:05:06 15:02:23 693355 39999.8054
2019:05:06 15:02:23 693898 533.4802
2019:05:06 15:02:23 694723 813.1787
2019:05:06 15:02:23 695533 802.9602
2019:05:06 15:02:23 696351 668.4586
2019:05:06 15:02:23 733355 36593.2733
2019:05:06 15:02:23 737780 4412.9565
2019:05:06 15:02:23 738595 401.7204
2019:05:06 15:02:23 739413 416.0330
2019:05:06 15:02:23 740239 423.7890
2019:05:06 15:02:23 741059 813.3948
2019:05:06 15:02:23 777363 36297.1947
2019:05:06 15:02:23 817363 32046.8210
2019:05:06 15:02:23 818488 764.1315
2019:05:06 15:02:23 819311 809.9116
2019:05:06 15:02:23 820142 819.8284
2019:05:06 15:02:23 820965 815.5182
2019:05:06 15:02:23 857354 36382.4368
2019:05:06 15:02:23 897365 40004.0857
2019:05:06 15:02:23 949354 24193.2087
2019:05:06 15:02:23 989363 40000.2599
2019:05:06 15:02:24 30125 769.0676
2019:05:06 15:02:24 30535 314.6976
2019:05:06 15:02:24 31754 818.5580
2019:05:06 15:02:24 32584 421.0919
2019:05:06 15:02:24 69359 36375.7648
2019:05:06 15:02:24 73944 4577.1375
2019:05:06 15:02:24 74775 822.2833
2019:05:06 15:02:24 75584 802.0885
2019:05:06 15:02:24 76399 804.3684
2019:05:06 15:02:24 77223 812.2027
2019:05:06 15:02:24 113366 36133.2446
2019:05:06 15:02:24 153858 501.9270
2019:05:06 15:02:24 154630 759.9406
2019:05:06 15:02:24 155447 805.4562
2019:05:06 15:02:24 156268 809.9601
2019:05:06 15:02:24 157100 821.2477
2019:05:06 15:02:24 193355 36248.6616
2019:05:06 15:02:24 229377 36012.9550
2019:05:06 15:02:24 269764 408.2136
2019:05:06 15:02:24 270585 401.6533
2019:05:06 15:02:24 271814 819.0684
2019:05:06 15:02:24 272632 808.8797
2019:05:06 15:02:24 309364 36322.3292
2019:05:06 15:02:24 313877 4505.9063
2019:05:06 15:02:24 314284 369.8803
2019:05:06 15:02:24 315507 825.3455
2019:05:06 15:02:24 316325 812.6423
2019:05:06 15:02:24 317137 806.0634
2019:05:06 15:02:24 389355 40000.2077
2019:05:06 15:02:24 393515 4147.5706
2019:05:06 15:02:24 394300 632.2041
2019:05:06 15:02:24 395122 812.1617
2019:05:06 15:02:24 395948 414.5503
2019:05:06 15:02:24 396760 805.5717
2019:05:06 15:02:24 429369 32196.6633
2019:05:06 15:02:24 509355 40000.1854
2019:05:06 15:02:24 510223 861.0152
2019:05:06 15:02:24 511030 795.3085
2019:05:06 15:02:24 511853 812.4188
2019:05:06 15:02:24 513078 814.5273
2019:05:06 15:02:24 549354 36266.0810
2019:05:06 15:02:24 552015 2653.3455
2019:05:06 15:02:24 553219 800.9784
2019:05:06 15:02:24 554042 806.0448
2019:05:06 15:02:24 554859 807.2145
2019:05:06 15:02:24 556084 812.1543
2019:05:06 15:02:24 556907 812.0053
2019:05:06 15:02:24 589364 32047.9646
2019:05:06 15:02:24 633577 4220.9066
2019:05:06 15:02:24 634379 401.8359
2019:05:06 15:02:24 635197 417.7056
2019:05:06 15:02:24 636017 414.8670
2019:05:06 15:02:24 636829 408.7985
2019:05:06 15:02:24 669355 32514.6168
2019:05:06 15:02:24 709364 40001.5600
2019:05:06 15:02:24 745932 573.4824
2019:05:06 15:02:24 746753 806.0485
2019:05:06 15:02:24 747572 809.2001
2019:05:06 15:02:24 748801 819.9550
2019:05:06 15:02:24 769364 20553.7081
2019:05:06 15:02:24 813363 43989.4237
2019:05:06 15:02:24 893359 40003.1321
2019:05:06 15:02:24 933365 39997.9316
2019:05:06 15:02:24 973875 518.3816
2019:05:06 15:02:24 974691 411.2013
2019:05:06 15:02:24 975514 422.6826
2019:05:06 15:02:24 976320 413.2353
2019:05:06 15:02:24 977140 809.4423
2019:05:06 15:02:24 977565 415.9585
2019:05:06 15:02:24 978378 413.3880
2019:05:06 15:02:24 979197 413.0602
2019:05:06 15:02:24 980010 409.8602
2019:05:06 15:02:24 980427 394.8845
2019:05:06 15:02:24 981252 413.3284
2019:05:06 15:02:25 57354 43998.5655
2019:05:06 15:02:25 97367 40004.4769
2019:05:06 15:02:25 101992 409.0965
2019:05:06 15:02:25 102781 414.0623
2019:05:06 15:02:25 103596 409.6441
2019:05:06 15:02:25 104022 410.2364
2019:05:06 15:02:25 104832 413.0378
2019:05:06 15:02:25 137354 32119.3039
2019:05:06 15:02:25 177365 40001.2210
2019:05:06 15:02:25 215918 544.5518
2019:05:06 15:02:25 216737 793.9264
2019:05:06 15:02:25 217565 816.0621
2019:05:06 15:02:25 218372 405.6804
2019:05:06 15:02:25 219199 812.7801
2019:05:06 15:02:25 219624 413.5743
2019:05:06 15:02:25 220423 396.5534
2019:05:06 15:02:25 221245 804.5733
2019:05:06 15:02:25 253364 32101.1618
2019:05:06 15:02:25 293805 451.4754
2019:05:06 15:02:25 294633 433.6983
2019:05:06 15:02:25 295442 421.6358
2019:05:06 15:02:25 296258 420.6374
2019:05:06 15:02:25 297075 810.6008
2019:05:06 15:02:25 333366 36277.9498
2019:05:06 15:02:25 409354 35998.5642
2019:05:06 15:02:25 410202 840.8725
2019:05:06 15:02:25 411018 801.0194
2019:05:06 15:02:25 411836 798.2180
2019:05:06 15:02:25 412656 807.2294
2019:05:06 15:02:25 413082 410.6127
2019:05:06 15:02:25 453621 4258.4613
2019:05:06 15:02:25 454449 809.0846
2019:05:06 15:02:25 454861 399.0307
2019:05:06 15:02:25 455681 418.3911
2019:05:06 15:02:25 456495 411.0895
2019:05:06 15:02:25 457303 409.9421
2019:05:06 15:02:25 529355 39999.6489
2019:05:06 15:02:25 569363 39999.0603
2019:05:06 15:02:25 653356 40000.4722
2019:05:06 15:02:25 653955 591.7959
2019:05:06 15:02:25 654737 415.0197
2019:05:06 15:02:25 655953 809.4683
2019:05:06 15:02:25 656776 813.7636
2019:05:06 15:02:25 693354 36565.8738
2019:05:06 15:02:25 733363 39996.3632
2019:05:06 15:02:25 813355 39997.4994
2019:05:06 15:02:25 814197 830.5199
2019:05:06 15:02:25 815018 810.7461
2019:05:06 15:02:25 815847 823.5052
2019:05:06 15:02:25 816655 801.4813
2019:05:06 15:02:25 817469 414.1144
2019:05:06 15:02:25 818290 417.8993
2019:05:06 15:02:25 819099 797.6703
2019:05:06 15:02:25 819924 814.3485
2019:05:06 15:02:25 820343 408.7016
2019:05:06 15:02:25 821163 411.1119
2019:05:06 15:02:25 893354 39997.9278
2019:05:06 15:02:25 893981 617.4222
2019:05:06 15:02:25 894790 631.0567
2019:05:06 15:02:25 895610 807.7770
2019:05:06 15:02:25 896428 806.8010
2019:05:06 15:02:25 897257 816.5650
2019:05:06 15:02:25 973355 40000.1891
2019:05:06 15:02:26 13366 40003.4189
2019:05:06 15:02:26 54071 715.9784
2019:05:06 15:02:26 54489 397.9467
2019:05:06 15:02:26 55707 816.6209
2019:05:06 15:02:26 56932 815.5704
2019:05:06 15:02:26 57757 814.2255
2019:05:06 15:02:26 58584 421.3266
2019:05:06 15:02:26 59406 817.3920
2019:05:06 15:02:26 60222 809.3379
2019:05:06 15:02:26 61029 801.0045
2019:05:06 15:02:26 85795 24753.1459
2019:05:06 15:02:26 86610 791.9036
2019:05:06 15:02:26 87039 417.6423
2019:05:06 15:02:26 87842 408.1316
2019:05:06 15:02:26 88272 414.9340
2019:05:06 15:02:26 89080 413.6376
2019:05:06 15:02:26 161353 39997.4547
2019:05:06 15:02:26 201362 39999.2578
2019:05:06 15:02:26 202017 411.2050
2019:05:06 15:02:26 202832 412.8255
2019:05:06 15:02:26 203641 410.4413
2019:05:06 15:02:26 204465 419.0728
2019:05:06 15:02:26 205284 414.9191
2019:05:06 15:02:26 241365 36071.1254
2019:05:06 15:02:26 245860 404.3952
2019:05:06 15:02:26 246672 414.8632
2019:05:06 15:02:26 247490 414.3715
2019:05:06 15:02:26 248301 795.6773
2019:05:06 15:02:26 249124 791.3969
2019:05:06 15:02:26 281363 32227.3634
2019:05:06 15:02:26 325798 4443.2841
2019:05:06 15:02:26 326618 798.6352
2019:05:06 15:02:26 327429 799.7751
2019:05:06 15:02:26 328249 807.2853
2019:05:06 15:02:26 329072 812.1990
2019:05:06 15:02:26 361365 32282.6058
2019:05:06 15:02:26 441360 40006.9840
2019:05:06 15:02:26 441877 508.8337
2019:05:06 15:02:26 442682 413.5519
2019:05:06 15:02:26 443910 818.5655
2019:05:06 15:02:26 444730 413.4737
2019:05:06 15:02:26 481364 36225.2295
2019:05:06 15:02:26 485663 391.7031
2019:05:06 15:02:26 486482 412.6318
2019:05:06 15:02:26 487295 420.2239
2019:05:06 15:02:26 488104 413.1868
2019:05:06 15:02:26 488532 416.5471
2019:05:06 15:02:26 521367 32438.0696
2019:05:06 15:02:26 561363 39988.4358
2019:05:06 15:02:26 565914 412.3449
2019:05:06 15:02:26 566717 410.5680
2019:05:06 15:02:26 567540 812.7019
2019:05:06 15:02:26 567956 406.0380
2019:05:06 15:02:26 568771 415.2060
2019:05:06 15:02:26 605365 36190.4353
2019:05:06 15:02:26 685355 39998.3153
2019:05:06 15:02:26 725364 39996.8885
2019:05:06 15:02:26 726249 561.9042
2019:05:06 15:02:26 726901 418.9685
2019:05:06 15:02:26 727719 419.0356
2019:05:06 15:02:26 728533 414.7850
2019:05:06 15:02:26 765356 36417.0074
2019:05:06 15:02:26 797365 32000.0947
2019:05:06 15:02:26 841797 4438.9889
2019:05:06 15:02:26 842621 799.9763
2019:05:06 15:02:26 843439 807.7919
2019:05:06 15:02:26 843860 411.1417
2019:05:06 15:02:26 844679 410.7393
2019:05:06 15:02:26 877369 32289.3299
2019:05:06 15:02:26 917986 619.9032
2019:05:06 15:02:26 918816 817.5746
2019:05:06 15:02:26 919625 802.1481
2019:05:06 15:02:26 920443 806.0150
2019:05:06 15:02:26 921266 811.1149
2019:05:06 15:02:26 921694 416.2379
2019:05:06 15:02:26 922497 413.5855
2019:05:06 15:02:26 923309 415.0756
2019:05:06 15:02:26 924130 419.3597
2019:05:06 15:02:26 924947 415.2507
2019:05:06 15:02:26 997355 39998.8666
2019:05:06 15:02:27 1953 4587.4082
2019:05:06 15:02:27 2753 788.8339
2019:05:06 15:02:27 3572 809.0213
2019:05:06 15:02:27 4390 808.2911
2019:05:06 15:02:27 5209 413.4104
2019:05:06 15:02:27 33801 447.5974
2019:05:06 15:02:27 34604 411.6073
2019:05:06 15:02:27 35407 791.8961
2019:05:06 15:02:27 36230 796.6310
2019:05:06 15:02:27 37060 818.8039
2019:05:06 15:02:27 73354 36281.3734
2019:05:06 15:02:27 113367 40001.3253
2019:05:06 15:02:27 193355 39998.8256
2019:05:06 15:02:27 193923 555.8021
2019:05:06 15:02:27 194724 424.3180
2019:05:06 15:02:27 195534 415.8020
2019:05:06 15:02:27 196353 418.2383
2019:05:06 15:02:27 197173 415.7722
2019:05:06 15:02:27 197990 412.7510
2019:05:06 15:02:27 198810 809.4572
2019:05:06 15:02:27 199628 808.1645
2019:05:06 15:02:27 200046 406.8986
2019:05:06 15:02:27 200866 415.9994
2019:05:06 15:02:27 233368 32099.1427
2019:05:06 15:02:27 273795 439.6252
2019:05:06 15:02:27 274592 786.1480
2019:05:06 15:02:27 275403 804.7558
2019:05:06 15:02:27 275819 405.8927
2019:05:06 15:02:27 276639 415.7722
2019:05:06 15:02:27 313363 36321.8822
2019:05:06 15:02:27 393356 39999.8128
2019:05:06 15:02:27 394149 781.2008
2019:05:06 15:02:27 394946 729.7471
2019:05:06 15:02:27 395774 817.9061
2019:05:06 15:02:27 396594 416.4390
2019:05:06 15:02:27 397412 808.0080
2019:05:06 15:02:27 433363 35921.4246
2019:05:06 15:02:27 473363 32099.1278
2019:05:06 15:02:27 553354 39999.0566
2019:05:06 15:02:27 589362 36000.0208
2019:05:06 15:02:27 629643 288.3300
2019:05:06 15:02:27 630437 412.5834
2019:05:06 15:02:27 631257 414.1219
2019:05:06 15:02:27 632484 818.3382
2019:05:06 15:02:27 633304 413.9431
2019:05:06 15:02:27 673466 4111.7221
2019:05:06 15:02:27 674264 398.9823
2019:05:06 15:02:27 675088 418.6146
2019:05:06 15:02:27 675917 420.1382
2019:05:06 15:02:27 676735 810.8355
2019:05:06 15:02:27 709354 32612.4243
2019:05:06 15:02:27 749362 40001.0273
2019:05:06 15:02:27 754012 401.6981
2019:05:06 15:02:27 754815 402.0818
2019:05:06 15:02:27 755628 409.2418
2019:05:06 15:02:27 756046 407.3083
2019:05:06 15:02:27 756866 411.1789
2019:05:06 15:02:27 789353 32089.2334
2019:05:06 15:02:27 829364 40002.5398
2019:05:06 15:02:27 869759 404.5814
2019:05:06 15:02:27 870590 416.8041
2019:05:06 15:02:27 871422 433.9144
2019:05:06 15:02:27 872235 806.3056
2019:05:06 15:02:27 873443 1202.5647
2019:05:06 15:02:27 909369 35906.4601
2019:05:06 15:02:27 914013 392.1017
2019:05:06 15:02:27 914645 226.5759
2019:05:06 15:02:27 915238 416.8153
2019:05:06 15:02:27 916057 419.0467
2019:05:06 15:02:27 916686 237.3941
2019:05:06 15:02:27 917281 419.0691
2019:05:06 15:02:27 989355 39998.3302
2019:05:06 15:02:27 993498 4135.0834
2019:05:06 15:02:27 994304 393.4726
2019:05:06 15:02:27 995108 591.7847
2019:05:06 15:02:27 996324 809.1107
2019:05:06 15:02:27 997147 811.8749
2019:05:06 15:02:28 29364 32208.8450
2019:05:06 15:02:28 113356 44001.4564
2019:05:06 15:02:28 153364 39998.3376
2019:05:06 15:02:28 154428 781.3014
2019:05:06 15:02:28 155252 811.2341
2019:05:06 15:02:28 155672 405.7027
2019:05:06 15:02:28 156472 400.8077
2019:05:06 15:02:28 157315 831.2613
2019:05:06 15:02:28 158127 805.3258
2019:05:06 15:02:28 158934 800.8331
2019:05:06 15:02:28 159757 811.5880
2019:05:06 15:02:28 160389 621.5237
2019:05:06 15:02:28 160989 416.7631
2019:05:06 15:02:28 233361 40004.6669
2019:05:06 15:02:28 234245 875.7040
2019:05:06 15:02:28 234668 407.9752
2019:05:06 15:02:28 235486 419.9333
2019:05:06 15:02:28 236300 413.2688
2019:05:06 15:02:28 236721 408.5824
2019:05:06 15:02:28 273363 36235.4368
2019:05:06 15:02:28 353354 39999.4701
2019:05:06 15:02:28 393362 40000.6771
2019:05:06 15:02:28 394171 388.7825
2019:05:06 15:02:28 394985 424.3031
2019:05:06 15:02:28 395799 411.7787
2019:05:06 15:02:28 396607 404.9651
2019:05:06 15:02:28 397429 811.0180
2019:05:06 15:02:28 397853 393.3460
2019:05:06 15:02:28 398662 407.8336
2019:05:06 15:02:28 399487 415.1948
2019:05:06 15:02:28 400306 416.0553
2019:05:06 15:02:28 401119 416.2379
2019:05:06 15:02:28 473353 39998.4680
2019:05:06 15:02:28 473810 446.5431
2019:05:06 15:02:28 474631 416.4241
2019:05:06 15:02:28 475453 422.5112
2019:05:06 15:02:28 476254 450.9389
2019:05:06 15:02:28 477088 822.3206
2019:05:06 15:02:28 513354 36258.1871
2019:05:06 15:02:28 553361 39999.2950
2019:05:06 15:02:28 629359 40002.9346
2019:05:06 15:02:28 633523 4156.2244
2019:05:06 15:02:28 634368 390.4477
2019:05:06 15:02:28 635187 415.7238
2019:05:06 15:02:28 636013 469.3493
2019:05:06 15:02:28 636833 813.7673
2019:05:06 15:02:28 669354 32514.8478
2019:05:06 15:02:28 709367 40005.0245
2019:05:06 15:02:28 714071 416.7259
2019:05:06 15:02:28 714872 413.1757
2019:05:06 15:02:28 716100 819.1727
2019:05:06 15:02:28 716922 415.9510
2019:05:06 15:02:28 749367 32037.4519
2019:05:06 15:02:28 813577 24222.4559
2019:05:06 15:02:28 814400 806.3354
2019:05:06 15:02:28 815210 803.9400
2019:05:06 15:02:28 816029 418.1936
2019:05:06 15:02:28 816848 414.8223
2019:05:06 15:02:28 841354 24101.8571
2019:05:06 15:02:28 845927 4564.7696
2019:05:06 15:02:28 846349 375.3416
2019:05:06 15:02:28 847171 425.2382
2019:05:06 15:02:28 847971 413.1421
2019:05:06 15:02:28 848395 412.6914
2019:05:06 15:02:28 849215 413.0900
2019:05:06 15:02:28 873780 425.8938
2019:05:06 15:02:28 874594 414.4907
2019:05:06 15:02:28 875413 413.7829
2019:05:06 15:02:28 876640 819.1951
2019:05:06 15:02:28 877461 415.4667
2019:05:06 15:02:28 878296 424.7129
2019:05:06 15:02:28 879107 804.8415
2019:05:06 15:02:28 879925 808.9021
2019:05:06 15:02:28 880750 815.4176
2019:05:06 15:02:28 881159 403.3595
2019:05:06 15:02:28 953354 39999.4366
2019:05:06 15:02:28 954245 879.9918
2019:05:06 15:02:28 955066 808.7978
2019:05:06 15:02:28 955885 809.8669
2019:05:06 15:02:28 956669 772.7593
2019:05:06 15:02:28 957121 441.8157
2019:05:06 15:02:29 25355 31999.7519
2019:05:06 15:02:29 53380 28017.5731
2019:05:06 15:02:29 97773 414.6211
2019:05:06 15:02:29 98552 412.4530
2019:05:06 15:02:29 99787 826.7947
2019:05:06 15:02:29 100599 805.4227
2019:05:06 15:02:29 137354 36343.2728
2019:05:06 15:02:29 177363 39998.6431
2019:05:06 15:02:29 210023 668.7418
2019:05:06 15:02:29 210843 807.3002
2019:05:06 15:02:29 211268 412.8329
2019:05:06 15:02:29 212075 641.9308
2019:05:06 15:02:29 212894 807.5237
2019:05:06 15:02:29 213717 804.1412
2019:05:06 15:02:29 214543 813.1303
2019:05:06 15:02:29 215363 422.0940
2019:05:06 15:02:29 216170 641.3274
2019:05:06 15:02:29 216986 802.0476
2019:05:06 15:02:29 245364 28363.2763
2019:05:06 15:02:29 289444 8090.4774
2019:05:06 15:02:29 290230 770.0250
2019:05:06 15:02:29 291036 413.2763
2019:05:06 15:02:29 291842 408.7090
2019:05:06 15:02:29 292265 411.2311
2019:05:06 15:02:29 293072 409.7335
2019:05:06 15:02:29 317362 24279.5870
2019:05:06 15:02:29 361349 7994.8790
2019:05:06 15:02:29 362168 417.0202
2019:05:06 15:02:29 362977 417.3815
2019:05:06 15:02:29 363400 409.7596
2019:05:06 15:02:29 364216 423.4239
2019:05:06 15:02:29 365023 416.0851
2019:05:06 15:02:29 433353 39995.4207
2019:05:06 15:02:29 473362 40000.4946
2019:05:06 15:02:29 474265 400.8077
2019:05:06 15:02:29 475071 415.1464
2019:05:06 15:02:29 475890 415.9696
2019:05:06 15:02:29 476718 424.3292
2019:05:06 15:02:29 477538 419.2889
2019:05:06 15:02:29 478351 420.7455
2019:05:06 15:02:29 479160 413.7605
2019:05:06 15:02:29 480388 819.2360
2019:05:06 15:02:29 481207 414.0250
2019:05:06 15:02:29 553355 39999.9730
2019:05:06 15:02:29 557952 4588.9020
2019:05:06 15:02:29 558754 776.1233
2019:05:06 15:02:29 559583 818.1594
2019:05:06 15:02:29 559996 403.6762
2019:05:06 15:02:29 560803 409.1188
2019:05:06 15:02:29 597356 36541.6147
2019:05:06 15:02:29 598118 753.3133
2019:05:06 15:02:29 598934 803.7835
2019:05:06 15:02:29 599761 816.5948
2019:05:06 15:02:29 600562 795.0589
2019:05:06 15:02:29 600988 414.2225
2019:05:06 15:02:29 601853 465.7730
2019:05:06 15:02:29 602633 414.5056
2019:05:06 15:02:29 603445 409.3833
2019:05:06 15:02:29 604261 409.7819
2019:05:06 15:02:29 605072 800.1290
2019:05:06 15:02:29 637367 32277.5207
2019:05:06 15:02:29 638262 389.1215
2019:05:06 15:02:29 639078 411.2870
2019:05:06 15:02:29 639887 799.5367
2019:05:06 15:02:29 640314 410.6984
2019:05:06 15:02:29 641130 412.7659
2019:05:06 15:02:29 673905 418.8120
2019:05:06 15:02:29 674712 412.5834
2019:05:06 15:02:29 675530 418.4991
2019:05:06 15:02:29 676346 412.3412
2019:05:06 15:02:29 677175 425.5958
2019:05:06 15:02:29 701362 24177.7040
2019:05:06 15:02:29 702557 789.7578
2019:05:06 15:02:29 703374 805.7766
2019:05:06 15:02:29 704190 412.3487
2019:05:06 15:02:29 705010 414.5168
2019:05:06 15:02:29 705854 437.3640
2019:05:06 15:02:29 706260 394.9739
2019:05:06 15:02:29 707070 419.2144
2019:05:06 15:02:29 707881 409.9384
2019:05:06 15:02:29 708301 409.1412
2019:05:06 15:02:29 709118 419.1361
2019:05:06 15:02:29 734091 408.7538
2019:05:06 15:02:29 734927 412.5126
2019:05:06 15:02:29 735728 412.3449
2019:05:06 15:02:29 736146 394.2139
2019:05:06 15:02:29 736964 413.2949
2019:05:06 15:02:29 765355 27987.5323
2019:05:06 15:02:29 766038 675.5777
2019:05:06 15:02:29 766852 804.2566
2019:05:06 15:02:29 767673 811.0404
2019:05:06 15:02:29 768487 413.6860
2019:05:06 15:02:29 768912 412.0283
2019:05:06 15:02:29 797364 28057.5342
2019:05:06 15:02:29 869354 39999.1833
2019:05:06 15:02:29 909363 40000.2189
2019:05:06 15:02:29 910152 416.6178
2019:05:06 15:02:29 910973 419.6204
2019:05:06 15:02:29 911782 416.7557
2019:05:06 15:02:29 912601 415.6306
2019:05:06 15:02:29 913858 853.8477
2019:05:06 15:02:29 914645 765.3236
2019:05:06 15:02:29 915081 420.2649
2019:05:06 15:02:29 915885 416.0255
2019:05:06 15:02:29 916704 413.7494
2019:05:06 15:02:29 949358 32249.9685
2019:05:06 15:02:29 950302 937.9312
2019:05:06 15:02:29 951118 805.5083
2019:05:06 15:02:29 951944 815.1606
2019:05:06 15:02:29 952760 803.4110
2019:05:06 15:02:29 953186 412.1847
2019:05:06 15:02:30 21359 32004.2968
2019:05:06 15:02:30 21986 619.8958
2019:05:06 15:02:30 22803 419.9110
2019:05:06 15:02:30 23612 412.1773
2019:05:06 15:02:30 24044 423.0663
2019:05:06 15:02:30 53918 563.0367
2019:05:06 15:02:30 54345 407.6399
2019:05:06 15:02:30 55171 418.5885
2019:05:06 15:02:30 55985 414.9899
2019:05:06 15:02:30 56803 422.0493
2019:05:06 15:02:30 58032 830.7211
2019:05:06 15:02:30 58837 413.6749
2019:05:06 15:02:30 59662 419.5236
2019:05:06 15:02:30 60487 415.8355
2019:05:06 15:02:30 61303 418.3203
2019:05:06 15:02:30 85888 409.9458
2019:05:06 15:02:30 86698 419.1324
2019:05:06 15:02:30 87513 419.5422
2019:05:06 15:02:30 88339 410.6499
2019:05:06 15:02:30 89158 416.2826
2019:05:06 15:02:30 137372 24017.4308
2019:05:06 15:02:30 138302 922.2887
2019:05:06 15:02:30 139119 808.6003
2019:05:06 15:02:30 139930 798.3670
2019:05:06 15:02:30 140775 820.1674
2019:05:06 15:02:30 185365 44582.9257
2019:05:06 15:02:30 217375 31995.8888
2019:05:06 15:02:30 218468 411.6371
2019:05:06 15:02:30 219284 803.0534
2019:05:06 15:02:30 219713 416.7780
2019:05:06 15:02:30 220514 411.3540
2019:05:06 15:02:30 221331 803.6941
2019:05:06 15:02:30 221764 397.2426
2019:05:06 15:02:30 222570 423.3979
2019:05:06 15:02:30 223390 421.3229
2019:05:06 15:02:30 224198 414.2225
2019:05:06 15:02:30 224621 412.7361
2019:05:06 15:02:30 249607 24583.9320
2019:05:06 15:02:30 250822 812.5342
2019:05:06 15:02:30 251247 385.3291
2019:05:06 15:02:30 252067 408.5787
2019:05:06 15:02:30 252884 420.4996
2019:05:06 15:02:30 253308 410.6723
2019:05:06 15:02:30 254111 358.5927
2019:05:06 15:02:30 254929 417.0276
2019:05:06 15:02:30 255340 400.8785
2019:05:06 15:02:30 256160 412.2704
2019:05:06 15:02:30 256970 411.8606
2019:05:06 15:02:30 281375 24393.1934
2019:05:06 15:02:30 321635 280.3057
2019:05:06 15:02:30 322427 408.4110
2019:05:06 15:02:30 323249 807.2183
2019:05:06 15:02:30 323672 408.9326
2019:05:06 15:02:30 324879 802.7628
2019:05:06 15:02:30 361354 36459.3193
2019:05:06 15:02:30 401366 40002.4727
2019:05:06 15:02:30 473361 31996.7121
2019:05:06 15:02:30 505368 31998.0197
2019:05:06 15:02:30 537827 471.7335
2019:05:06 15:02:30 538649 802.2711
2019:05:06 15:02:30 539458 799.2685
2019:05:06 15:02:30 540273 805.7468
2019:05:06 15:02:30 541099 816.2297
2019:05:06 15:02:30 569361 28255.5111
2019:05:06 15:02:30 570185 816.9152
2019:05:06 15:02:30 570995 418.6891
2019:05:06 15:02:30 571814 417.3033
2019:05:06 15:02:30 572625 410.8138
2019:05:06 15:02:30 573482 452.1012
2019:05:06 15:02:30 574277 408.2881
2019:05:06 15:02:30 575489 1201.0112
2019:05:06 15:02:30 576303 800.9560
2019:05:06 15:02:30 577126 808.8611
2019:05:06 15:02:30 605366 28221.2161
2019:05:06 15:02:30 606215 413.8574
2019:05:06 15:02:30 607040 421.1664
2019:05:06 15:02:30 607860 813.6854
2019:05:06 15:02:30 608679 812.7764
2019:05:06 15:02:30 609098 413.1161
2019:05:06 15:02:30 609923 426.9779
2019:05:06 15:02:30 610727 414.2150
2019:05:06 15:02:30 611541 416.4539
2019:05:06 15:02:30 612359 415.1687
2019:05:06 15:02:30 613185 422.6081
2019:05:06 15:02:30 669363 56171.9052
2019:05:06 15:02:30 749355 40000.0438
2019:05:06 15:02:30 789362 40000.8410
2019:05:06 15:02:30 790357 371.2513
2019:05:06 15:02:30 791227 423.8226
2019:05:06 15:02:30 792041 412.9373
2019:05:06 15:02:30 792443 388.1343
2019:05:06 15:02:30 793280 422.2803
2019:05:06 15:02:30 857360 40005.9260
2019:05:06 15:02:30 857928 559.6355
2019:05:06 15:02:30 858396 455.3832
2019:05:06 15:02:30 859216 416.2341
2019:05:06 15:02:30 859987 367.9991
2019:05:06 15:02:30 860848 415.1724
2019:05:06 15:02:30 889353 28102.0105
2019:05:06 15:02:30 921388 32025.5496
2019:05:06 15:02:30 938130 393.1336
2019:05:06 15:02:30 939356 816.8370
2019:05:06 15:02:30 939766 400.2750
2019:05:06 15:02:30 940994 819.0684
2019:05:06 15:02:30 965982 626.3815
2019:05:06 15:02:30 966800 651.0764
2019:05:06 15:02:30 997363 30143.3094
2019:05:06 15:02:31 73355 44001.0317
2019:05:06 15:02:31 113375 40009.3161
2019:05:06 15:02:31 154125 766.3593
2019:05:06 15:02:31 155354 1209.9110
2019:05:06 15:02:31 155776 415.9324
2019:05:06 15:02:31 156588 415.4295
2019:05:06 15:02:31 157813 818.9641
2019:05:06 15:02:31 158644 810.4183
2019:05:06 15:02:31 159468 817.8838
2019:05:06 15:02:31 160276 419.0356
2019:05:06 15:02:31 193365 32685.5183
2019:05:06 15:02:31 194252 875.1936
2019:05:06 15:02:31 194677 405.3675
2019:05:06 15:02:31 195502 416.6253
2019:05:06 15:02:31 196322 417.5715
2019:05:06 15:02:31 197126 796.7837
2019:05:06 15:02:31 237371 40232.9639
2019:05:06 15:02:31 238102 404.4510
2019:05:06 15:02:31 238927 415.9324
2019:05:06 15:02:31 239739 425.9273
2019:05:06 15:02:31 240545 799.9055
2019:05:06 15:02:31 241401 437.3118
2019:05:06 15:02:31 242181 404.2052
2019:05:06 15:02:31 243014 424.0572
2019:05:06 15:02:31 243832 417.4225
2019:05:06 15:02:31 244649 416.7706
2019:05:06 15:02:31 277370 32316.7853
2019:05:06 15:02:31 278237 408.7985
2019:05:06 15:02:31 279050 422.8726
2019:05:06 15:02:31 279866 404.7304
2019:05:06 15:02:31 280698 421.8221
2019:05:06 15:02:31 281915 819.9178
2019:05:06 15:02:31 282741 810.5747
2019:05:06 15:02:31 283569 417.5082
2019:05:06 15:02:31 284798 821.7059
2019:05:06 15:02:31 309791 24601.8618
2019:05:06 15:02:31 310592 413.8052
2019:05:06 15:02:31 311401 414.5168
2019:05:06 15:02:31 312213 806.1640
2019:05:06 15:02:31 341354 28732.4674
2019:05:06 15:02:31 373363 31998.9547
2019:05:06 15:02:31 378173 399.2990
2019:05:06 15:02:31 378997 419.3820
2019:05:06 15:02:31 379806 802.3307
2019:05:06 15:02:31 380617 800.7474
2019:05:06 15:02:31 405353 24725.9736
2019:05:06 15:02:31 437366 32001.8716
2019:05:06 15:02:31 473604 4248.1907
2019:05:06 15:02:31 474429 811.8115
2019:05:06 15:02:31 475241 806.3689
2019:05:06 15:02:31 476063 815.0637
2019:05:06 15:02:31 476885 816.3489
2019:05:06 15:02:31 501359 24466.6338
2019:05:06 15:02:31 541366 40001.0012
2019:05:06 15:02:31 542006 401.5602
2019:05:06 15:02:31 542817 403.8028
2019:05:06 15:02:31 543640 417.5417
2019:05:06 15:02:31 544458 416.5545
2019:05:06 15:02:31 545270 416.3347
2019:05:06 15:02:31 621354 39997.1902
2019:05:06 15:02:31 661364 40002.1300
2019:05:06 15:02:31 741363 40007.3342
2019:05:06 15:02:31 773363 31990.0177
2019:05:06 15:02:31 805928 571.8134
2019:05:06 15:02:31 806766 819.6197
2019:05:06 15:02:31 807583 811.1224
2019:05:06 15:02:31 808400 811.2527
2019:05:06 15:02:31 809221 815.4549
2019:05:06 15:02:31 810040 810.8132
2019:05:06 15:02:31 810862 812.0164
2019:05:06 15:02:31 811671 803.0087
2019:05:06 15:02:31 812908 827.1150
2019:05:06 15:02:31 837359 24444.6322
2019:05:06 15:02:31 869363 31996.9803
2019:05:06 15:02:31 933354 31998.7833
2019:05:06 15:02:31 934187 825.1816
2019:05:06 15:02:31 935004 400.7183
2019:05:06 15:02:31 935831 408.5079
2019:05:06 15:02:31 936648 400.5320
2019:05:06 15:02:31 937472 418.9126
2019:05:06 15:02:31 938293 417.4858
2019:05:06 15:02:31 939106 806.1975
2019:05:06 15:02:31 939926 813.7859
2019:05:06 15:02:31 940339 404.4026
2019:05:06 15:02:31 941161 423.4537
2019:05:06 15:02:32 13355 39998.9672
2019:05:06 15:02:32 53363 40000.5579
2019:05:06 15:02:32 129355 31992.6478
2019:05:06 15:02:32 161361 31995.7063
2019:05:06 15:02:32 225360 32006.2116
2019:05:06 15:02:32 226267 899.8811
2019:05:06 15:02:32 226916 641.1970
2019:05:06 15:02:32 228116 803.4259
2019:05:06 15:02:32 228938 806.3428
2019:05:06 15:02:32 229776 818.7816
2019:05:06 15:02:32 230568 382.0397
2019:05:06 15:02:32 231407 823.0358
2019:05:06 15:02:32 232236 425.9050
2019:05:06 15:02:32 233042 421.1925
2019:05:06 15:02:32 257676 320.8928
2019:05:06 15:02:32 258448 415.7797
2019:05:06 15:02:32 259663 809.0734
2019:05:06 15:02:32 260491 427.3281
2019:05:06 15:02:32 261704 804.0965
2019:05:06 15:02:32 262533 801.4776
2019:05:06 15:02:32 263348 808.9207
2019:05:06 15:02:32 264170 816.1366
2019:05:06 15:02:32 264990 813.4618
2019:05:06 15:02:32 289362 24366.1776
2019:05:06 15:02:32 294061 401.7428
2019:05:06 15:02:32 294890 402.8380
2019:05:06 15:02:32 295710 419.7657
2019:05:06 15:02:32 296529 410.3556
2019:05:06 15:02:32 321354 24422.7983
2019:05:06 15:02:32 361364 39999.1274
2019:05:06 15:02:32 441354 39999.3546
2019:05:06 15:02:32 442206 843.2530
2019:05:06 15:02:32 443022 415.6716
2019:05:06 15:02:32 443837 414.1554
2019:05:06 15:02:32 445046 794.3884
2019:05:06 15:02:32 481355 36283.0795
2019:05:06 15:02:32 486034 4670.2288
2019:05:06 15:02:32 486856 431.6308
2019:05:06 15:02:32 488051 806.5216
2019:05:06 15:02:32 488877 804.2492
2019:05:06 15:02:32 513355 24057.9844
2019:05:06 15:02:32 517967 4602.0895
2019:05:06 15:02:32 518789 415.0160
2019:05:06 15:02:32 519607 411.0374
2019:05:06 15:02:32 520820 815.4474
2019:05:06 15:02:32 545354 24522.8931
2019:05:06 15:02:32 545835 471.6665
2019:05:06 15:02:32 546644 423.4873
2019:05:06 15:02:32 547456 413.9692
2019:05:06 15:02:32 548273 419.4528
2019:05:06 15:02:32 549102 419.9035
2019:05:06 15:02:32 550307 811.7110
2019:05:06 15:02:32 551130 791.7918
2019:05:06 15:02:32 551984 843.7708
2019:05:06 15:02:32 553179 812.7689
2019:05:06 15:02:32 597356 20000.1709
2019:05:06 15:02:32 601929 4565.2352
2019:05:06 15:02:32 602746 418.4060
2019:05:06 15:02:32 603565 418.1452
2019:05:06 15:02:32 604377 803.2508
2019:05:06 15:02:32 605197 807.7286
2019:05:06 15:02:32 629366 24157.4980
2019:05:06 15:02:32 673376 4019.6553
2019:05:06 15:02:32 674014 631.2132
2019:05:06 15:02:32 674563 426.4005
2019:05:06 15:02:32 675389 429.0491
2019:05:06 15:02:32 676599 811.3459
2019:05:06 15:02:32 709360 32749.4852
2019:05:06 15:02:32 710021 653.2446
2019:05:06 15:02:32 710815 788.4540
2019:05:06 15:02:32 711639 411.8122
2019:05:06 15:02:32 712453 404.6634
2019:05:06 15:02:32 713272 403.8811
2019:05:06 15:02:32 750151 795.6885
2019:05:06 15:02:32 750958 787.5562
2019:05:06 15:02:32 751782 417.5976
2019:05:06 15:02:32 752606 414.8111
2019:05:06 15:02:32 753416 404.2834
2019:05:06 15:02:32 754228 403.2589
2019:05:06 15:02:32 755058 421.2148
2019:05:06 15:02:32 755868 417.9887
2019:05:06 15:02:32 757101 826.6307
2019:05:06 15:02:32 785366 28258.1486
2019:05:06 15:02:32 869354 39988.8717
2019:05:06 15:02:32 901363 31999.0218
2019:05:06 15:02:32 902124 415.4854
2019:05:06 15:02:32 902920 413.8462
2019:05:06 15:02:32 903749 428.2705
2019:05:06 15:02:32 904947 1191.8321
2019:05:06 15:02:32 933355 28395.6267
2019:05:06 15:02:32 965362 31998.0271
2019:05:06 15:02:32 966429 627.6034
2019:05:06 15:02:32 967415 420.9541
2019:05:06 15:02:32 968468 647.5672
2019:05:06 15:02:32 969447 967.0816
2019:05:06 15:02:32 997742 387.1806
2019:05:06 15:02:32 998535 407.4760
2019:05:06 15:02:32 999352 409.4727
2019:05:06 15:02:33 593 829.1155
2019:05:06 15:02:33 1394 794.6305
2019:05:06 15:02:33 30070 714.4697
2019:05:06 15:02:33 30887 811.2676
2019:05:06 15:02:33 32120 820.5473
2019:05:06 15:02:33 32947 820.6069
2019:05:06 15:02:33 89366 40012.6353
2019:05:06 15:02:33 129951 596.4972
2019:05:06 15:02:33 130787 822.3988
2019:05:06 15:02:33 131597 417.9291
2019:05:06 15:02:33 132421 423.5320
2019:05:06 15:02:33 133226 797.8454
2019:05:06 15:02:33 169367 36128.6849
2019:05:06 15:02:33 230317 12955.3564
2019:05:06 15:02:33 231120 793.6060
2019:05:06 15:02:33 231940 418.8269
2019:05:06 15:02:33 232759 416.2006
2019:05:06 15:02:33 257359 24196.1591
2019:05:06 15:02:33 293363 35995.2413
2019:05:06 15:02:33 365355 35997.9197
2019:05:06 15:02:33 405365 40002.4876
2019:05:06 15:02:33 414155 777.8779
2019:05:06 15:02:33 414580 403.3037
2019:05:06 15:02:33 415406 424.3366
2019:05:06 15:02:33 416217 412.9969
2019:05:06 15:02:33 417031 420.0675
2019:05:06 15:02:33 442005 643.6333
2019:05:06 15:02:33 442830 810.1240
2019:05:06 15:02:33 443647 402.5809
2019:05:06 15:02:33 444469 402.7933
2019:05:06 15:02:33 477355 32479.3383
2019:05:06 15:02:33 481747 4383.5863
2019:05:06 15:02:33 482963 821.4824
2019:05:06 15:02:33 483790 808.9915
2019:05:06 15:02:33 484217 415.6940
2019:05:06 15:02:33 501358 16744.4944
2019:05:06 15:02:33 502228 863.7346
2019:05:06 15:02:33 503078 814.2740
2019:05:06 15:02:33 504675 1203.8462
2019:05:06 15:02:33 533357 28670.8288
2019:05:06 15:02:33 565365 31996.1384
2019:05:06 15:02:33 598085 719.6404
2019:05:06 15:02:33 598884 792.2649
2019:05:06 15:02:33 599711 400.0627
2019:05:06 15:02:33 600530 415.8430
2019:05:06 15:02:33 629355 28756.8867
2019:05:06 15:02:33 630127 765.2491
2019:05:06 15:02:33 630950 814.5981
2019:05:06 15:02:33 631762 806.6110
2019:05:06 15:02:33 632573 804.3945
2019:05:06 15:02:33 661354 28770.1637
2019:05:06 15:02:33 665759 4393.5850
2019:05:06 15:02:33 666599 443.6150
2019:05:06 15:02:33 667801 804.5696
2019:05:06 15:02:33 668637 822.3243
2019:05:06 15:02:33 693363 24337.2694
2019:05:06 15:02:33 698107 400.6810
2019:05:06 15:02:33 698859 336.1963
2019:05:06 15:02:33 699745 413.0378
2019:05:06 15:02:33 700576 425.2046
2019:05:06 15:02:33 725373 24471.2569
2019:05:06 15:02:33 730066 477.5599
2019:05:06 15:02:33 730878 804.7298
2019:05:06 15:02:33 731632 355.7466
2019:05:06 15:02:33 732524 422.9844
2019:05:06 15:02:33 761355 28429.1953
2019:05:06 15:02:33 762000 637.7324
2019:05:06 15:02:33 762813 478.7520
2019:05:06 15:02:33 763641 816.2297
2019:05:06 15:02:33 764408 755.4591
2019:05:06 15:02:33 765285 413.7158
2019:05:06 15:02:33 766110 386.3238
2019:05:06 15:02:33 766929 486.0833
2019:05:06 15:02:33 767754 817.6938
2019:05:06 15:02:33 768490 730.0861
2019:05:06 15:02:33 769387 426.6687
2019:05:06 15:02:33 805725 8369.9226
2019:05:06 15:02:33 806541 808.0490
2019:05:06 15:02:33 807344 795.2973
2019:05:06 15:02:33 808165 810.5040
2019:05:06 15:02:33 833355 24776.8201
2019:05:06 15:02:33 842062 8699.9051
2019:05:06 15:02:33 843268 810.0420
2019:05:06 15:02:33 844084 804.6180
2019:05:06 15:02:33 844897 801.4813
2019:05:06 15:02:33 869354 24446.4837
2019:05:06 15:02:33 905363 36001.2837
2019:05:06 15:02:33 906341 417.3107
2019:05:06 15:02:33 907173 430.1816
2019:05:06 15:02:33 907983 803.3700
2019:05:06 15:02:33 908794 415.8020
2019:05:06 15:02:33 913723 4509.9221
2019:05:06 15:02:33 914545 809.2299
2019:05:06 15:02:33 915343 791.7471
2019:05:06 15:02:33 916167 812.5342
2019:05:06 15:02:33 916994 815.3953
2019:05:06 15:02:33 981355 35994.3062
2019:05:06 15:02:33 989530 8167.2370
2019:05:06 15:02:33 990316 417.0537
2019:05:06 15:02:33 991544 829.7935
2019:05:06 15:02:33 992349 798.4452
2019:05:06 15:02:33 993165 802.2375
2019:05:06 15:02:34 33366 40188.3386
2019:05:06 15:02:34 34146 424.1727
2019:05:06 15:02:34 34960 416.5359
2019:05:06 15:02:34 35768 408.6420
2019:05:06 15:02:34 36589 415.9808
2019:05:06 15:02:34 37430 438.3251
2019:05:06 15:02:34 38227 790.9015
2019:05:06 15:02:34 39046 813.4730
2019:05:06 15:02:34 39858 805.9591
2019:05:06 15:02:34 40281 413.4327
2019:05:06 15:02:34 41099 421.3192
2019:05:06 15:02:34 65869 514.7122
2019:05:06 15:02:34 66664 787.9473
2019:05:06 15:02:34 67488 815.1308
2019:05:06 15:02:34 68313 818.7480
2019:05:06 15:02:34 69112 792.9541
2019:05:06 15:02:34 97370 28245.5310
2019:05:06 15:02:34 161356 32000.8397
2019:05:06 15:02:34 193370 32005.8577
2019:05:06 15:02:34 237866 8500.9076
2019:05:06 15:02:34 238686 807.4231
2019:05:06 15:02:34 239923 828.9516
2019:05:06 15:02:34 240723 793.6060
2019:05:06 15:02:34 259504 18768.6160
2019:05:06 15:02:34 293367 33855.4196
2019:05:06 15:02:34 365361 36004.6141
2019:05:06 15:02:34 366070 701.5504
2019:05:06 15:02:34 366870 414.1293
2019:05:06 15:02:34 367697 405.5835
2019:05:06 15:02:34 368517 413.4923
2019:05:06 15:02:34 390025 21101.1283
2019:05:06 15:02:34 390646 612.6724
2019:05:06 15:02:34 391056 404.0636
2019:05:06 15:02:34 391876 417.9478
2019:05:06 15:02:34 392692 416.5061
2019:05:06 15:02:34 421356 28253.9688
2019:05:06 15:02:34 422168 804.5100
2019:05:06 15:02:34 422991 799.2871
2019:05:06 15:02:34 423798 405.4829
2019:05:06 15:02:34 424647 836.8790
2019:05:06 15:02:34 453363 28709.2999
2019:05:06 15:02:34 485369 31994.6818
2019:05:06 15:02:34 549363 32001.8828
2019:05:06 15:02:34 549954 580.4114
2019:05:06 15:02:34 550376 403.7954
2019:05:06 15:02:34 550792 353.1575
2019:05:06 15:02:34 551607 424.3068
2019:05:06 15:02:34 552418 411.9873
2019:05:06 15:02:34 552836 406.1200
2019:05:06 15:02:34 581376 28146.2073
2019:05:06 15:02:34 582316 412.8255
2019:05:06 15:02:34 583127 410.6648
2019:05:06 15:02:34 583546 407.2599
2019:05:06 15:02:34 584371 422.5224
2019:05:06 15:02:34 585184 414.5913
2019:05:06 15:02:34 613849 491.9469
2019:05:06 15:02:34 614682 418.8642
2019:05:06 15:02:34 615499 416.1820
2019:05:06 15:02:34 616308 408.2099
2019:05:06 15:02:34 617131 415.1165
2019:05:06 15:02:34 657310 11955.2724
2019:05:06 15:02:34 681364 24039.6000
2019:05:06 15:02:34 693743 386.2046
2019:05:06 15:02:34 694549 417.2213
2019:05:06 15:02:34 695372 425.7560
2019:05:06 15:02:34 696178 405.3228
2019:05:06 15:02:34 697001 804.8676
2019:05:06 15:02:34 717501 20485.8445
2019:05:06 15:02:34 718306 792.2687
2019:05:06 15:02:34 718713 399.7162
2019:05:06 15:02:34 719530 417.5678
2019:05:06 15:02:34 720745 808.9803
2019:05:06 15:02:34 744479 23722.3133
2019:05:06 15:02:34 773364 28875.1423
2019:05:06 15:02:34 809364 16090.3260
2019:05:06 15:02:34 849370 24147.5701
2019:05:06 15:02:34 861734 375.5540
2019:05:06 15:02:34 862485 741.1949
2019:05:06 15:02:34 863293 412.4343
2019:05:06 15:02:34 863713 408.2322
2019:05:06 15:02:34 864532 424.6272
2019:05:06 15:02:34 865338 409.2902
2019:05:06 15:02:34 897692 24333.6409
2019:05:06 15:02:34 898511 794.8056
2019:05:06 15:02:34 898926 399.9211
2019:05:06 15:02:34 899744 418.3277
2019:05:06 15:02:34 900563 415.6083
2019:05:06 15:02:34 901384 639.1592
2019:05:06 15:02:34 902599 817.1126
2019:05:06 15:02:34 903419 807.7957
2019:05:06 15:02:34 904236 807.8665
2019:05:06 15:02:34 905060 812.5231
2019:05:06 15:02:34 921883 529.7102
2019:05:06 15:02:34 922677 783.9501
2019:05:06 15:02:34 923277 194.7843
2019:05:06 15:02:34 924311 816.7364
2019:05:06 15:02:34 941359 17036.6988
2019:05:06 15:02:34 941928 558.4434
2019:05:06 15:02:34 942744 805.2438
2019:05:06 15:02:34 943573 816.0807
2019:05:06 15:02:34 944391 811.8637
2019:05:06 15:02:34 945215 818.6810
2019:05:06 15:02:34 945651 423.8747
2019:05:06 15:02:34 946438 423.7257
2019:05:06 15:02:34 947254 419.0244
2019:05:06 15:02:34 948073 411.7712
2019:05:06 15:02:34 948893 419.2516
2019:05:06 15:02:34 973354 24061.5867
2019:05:06 15:02:34 973878 514.2763
2019:05:06 15:02:34 974688 408.2732
2019:05:06 15:02:34 975506 807.5722
2019:05:06 15:02:34 976326 810.1352
2019:05:06 15:02:34 977142 804.2641
2019:05:06 15:02:34 977962 809.8595
2019:05:06 15:02:34 978780 804.6366
2019:05:06 15:02:34 979602 811.6849
2019:05:06 15:02:34 980035 421.4719
2019:05:06 15:02:34 980624 204.6265
2019:05:06 15:02:35 5354 24512.1457
2019:05:06 15:02:35 5840 478.5731
2019:05:06 15:02:35 6656 423.7182
2019:05:06 15:02:35 7455 405.4606
2019:05:06 15:02:35 8277 811.3272
2019:05:06 15:02:35 9119 831.5407
2019:05:06 15:02:35 9927 802.7181
2019:05:06 15:02:35 10740 416.7370
2019:05:06 15:02:35 11555 411.1007
2019:05:06 15:02:35 12375 413.9841
2019:05:06 15:02:35 13188 407.0550
2019:05:06 15:02:35 14010 808.8984
2019:05:06 15:02:35 14827 801.4292
2019:05:06 15:02:35 15645 808.8239
2019:05:06 15:02:35 16476 820.4207
2019:05:06 15:02:35 17282 791.3001
2019:05:06 15:02:35 45362 28066.9741
2019:05:06 15:02:35 54153 415.3103
2019:05:06 15:02:35 54971 631.8800
2019:05:06 15:02:35 55783 803.9623
2019:05:06 15:02:35 56600 798.1136
2019:05:06 15:02:35 77354 20739.3803
2019:05:06 15:02:35 81608 4243.8582
2019:05:06 15:02:35 82426 425.1041
2019:05:06 15:02:35 83007 192.6571
2019:05:06 15:02:35 83655 421.4495
2019:05:06 15:02:35 84864 802.6361
2019:05:06 15:02:35 109358 24480.2088
2019:05:06 15:02:35 109862 493.1577
2019:05:06 15:02:35 110684 813.9126
2019:05:06 15:02:35 111498 416.9531
2019:05:06 15:02:35 112320 635.6686
2019:05:06 15:02:35 113133 804.3498
2019:05:06 15:02:35 147166 5808.8228
2019:05:06 15:02:35 173374 26200.6260
2019:05:06 15:02:35 237371 32005.3920
2019:05:06 15:02:35 245865 8483.6483
2019:05:06 15:02:35 246855 606.1420
2019:05:06 15:02:35 247488 621.3486
2019:05:06 15:02:35 248315 429.1907
2019:05:06 15:02:35 249108 404.4026
2019:05:06 15:02:35 273367 24247.0242
2019:05:06 15:02:35 274510 804.4839
2019:05:06 15:02:35 275329 809.7254
2019:05:06 15:02:35 276143 801.6489
2019:05:06 15:02:35 276970 816.7624
2019:05:06 15:02:35 277778 798.3446
2019:05:06 15:02:35 278598 807.0506
2019:05:06 15:02:35 279022 408.2769
2019:05:06 15:02:35 279837 420.0749
2019:05:06 15:02:35 280651 802.2152
2019:05:06 15:02:35 281076 410.6760
2019:05:06 15:02:35 281685 213.1946
2019:05:06 15:02:35 282715 418.3389
2019:05:06 15:02:35 283539 426.1844
2019:05:06 15:02:35 284339 625.6551
2019:05:06 15:02:35 285156 792.3394
2019:05:06 15:02:35 285609 433.0277
2019:05:06 15:02:35 286402 635.7655
2019:05:06 15:02:35 287222 806.5738
2019:05:06 15:02:35 287637 405.3377
2019:05:06 15:02:35 288446 420.5331
2019:05:06 15:02:35 289259 401.2659
2019:05:06 15:02:35 306057 701.0363
2019:05:06 15:02:35 306869 799.2908
2019:05:06 15:02:35 307687 807.8888
2019:05:06 15:02:35 308108 409.6590
2019:05:06 15:02:35 308916 627.4655
2019:05:06 15:02:35 313474 4537.7277
2019:05:06 15:02:35 329372 15889.1045
2019:05:06 15:02:35 330626 418.3836
2019:05:06 15:02:35 331450 642.1059
2019:05:06 15:02:35 332265 419.3224
2019:05:06 15:02:35 332868 193.0892
2019:05:06 15:02:35 333528 453.2337
2019:05:06 15:02:35 334341 435.7696
2019:05:06 15:02:35 335127 394.6088
2019:05:06 15:02:35 335968 428.1290
2019:05:06 15:02:35 336798 428.5015
2019:05:06 15:02:35 337598 638.5632
2019:05:06 15:02:35 338413 422.0679
2019:05:06 15:02:35 339214 402.1637
2019:05:06 15:02:35 340052 417.2474
2019:05:06 15:02:35 340866 412.5871
2019:05:06 15:02:35 361362 20305.9688
2019:05:06 15:02:35 362161 788.2938
2019:05:06 15:02:35 362986 797.2792
2019:05:06 15:02:35 363585 591.0620
2019:05:06 15:02:35 364227 433.1023
2019:05:06 15:02:35 365039 416.5322
2019:05:06 15:02:35 369554 4115.4251
2019:05:06 15:02:35 370372 633.8060
2019:05:06 15:02:35 371180 422.2915
2019:05:06 15:02:35 371981 408.7090
2019:05:06 15:02:35 372807 810.7834
2019:05:06 15:02:35 373235 411.8346
2019:05:06 15:02:35 374030 380.4862
2019:05:06 15:02:35 374883 841.2153
2019:05:06 15:02:35 375681 783.1678
2019:05:06 15:02:35 376093 399.4703
2019:05:06 15:02:35 376923 423.9827
2019:05:06 15:02:35 393361 16048.2153
2019:05:06 15:02:35 401494 8123.8449
2019:05:06 15:02:35 402493 571.4037
2019:05:06 15:02:35 403150 640.0421
2019:05:06 15:02:35 403948 421.4682
2019:05:06 15:02:35 404754 401.4112
2019:05:06 15:02:35 405618 846.6169
2019:05:06 15:02:35 406595 968.6351
2019:05:06 15:02:35 407224 622.9207
2019:05:06 15:02:35 408044 420.0302
2019:05:06 15:02:35 408846 404.8496
2019:05:06 15:02:35 425365 16509.7713
2019:05:06 15:02:35 426071 695.8358
2019:05:06 15:02:35 426880 418.9350
2019:05:06 15:02:35 427687 630.9487
2019:05:06 15:02:35 428507 806.4024
2019:05:06 15:02:35 428939 419.8626
2019:05:06 15:02:35 429758 645.2911
2019:05:06 15:02:35 430555 790.2160
2019:05:06 15:02:35 430986 415.9547
2019:05:06 15:02:35 431792 625.7370
2019:05:06 15:02:35 432603 799.2238
2019:05:06 15:02:35 433418 405.0583
2019:05:06 15:02:35 434262 824.1422
2019:05:06 15:02:35 435080 429.5893
2019:05:06 15:02:35 435889 628.2181
2019:05:06 15:02:35 436716 801.4776
2019:05:06 15:02:35 457365 20245.0156
2019:05:06 15:02:35 458008 634.5622
2019:05:06 15:02:35 458833 420.3878
2019:05:06 15:02:35 459657 427.2461
2019:05:06 15:02:35 460477 649.5677
2019:05:06 15:02:35 461288 420.2984
2019:05:06 15:02:35 489946 584.2000
2019:05:06 15:02:35 490559 194.7694
2019:05:06 15:02:35 491596 421.0621
2019:05:06 15:02:35 492433 436.0415
2019:05:06 15:02:35 493249 437.3416
2019:05:06 15:02:35 494066 407.4350
2019:05:06 15:02:35 494872 404.8757
2019:05:06 15:02:35 495706 426.2030
2019:05:06 15:02:35 496522 429.6154
2019:05:06 15:02:35 497323 627.6108
2019:05:06 15:02:35 529304 7949.6019
2019:05:06 15:02:35 530111 799.6820
2019:05:06 15:02:35 530915 423.3494
2019:05:06 15:02:35 531516 205.4051
2019:05:06 15:02:35 532554 416.1820
2019:05:06 15:02:35 557366 24411.9614
2019:05:06 15:02:35 558340 369.7909
2019:05:06 15:02:35 559169 415.5003
2019:05:06 15:02:35 559994 420.7380
2019:05:06 15:02:35 560410 235.5836
2019:05:06 15:02:35 561618 794.9658
2019:05:06 15:02:35 562225 595.6069
2019:05:06 15:02:35 562865 425.3276
2019:05:06 15:02:35 563679 419.8663
2019:05:06 15:02:35 564277 199.1838
2019:05:06 15:02:35 564922 429.9246
2019:05:06 15:02:35 565728 422.1983
2019:05:06 15:02:35 566548 411.2870
2019:05:06 15:02:35 567390 835.0126
2019:05:06 15:02:35 568205 441.2308
2019:05:06 15:02:35 593357 24767.2163
2019:05:06 15:02:35 594025 656.9698
2019:05:06 15:02:35 594986 584.1702
2019:05:06 15:02:35 595628 626.3442
2019:05:06 15:02:35 596840 813.9908
2019:05:06 15:02:35 597264 410.5046
2019:05:06 15:02:35 598080 404.7342
2019:05:06 15:02:35 598902 412.9522
2019:05:06 15:02:35 599708 624.6306
2019:05:06 15:02:35 600526 808.0751
2019:05:06 15:02:35 600954 416.1857
2019:05:06 15:02:35 601767 629.5033
2019:05:06 15:02:35 602587 418.8307
2019:05:06 15:02:35 603179 195.8683
2019:05:06 15:02:35 603821 424.5862
2019:05:06 15:02:35 604636 420.5070
2019:05:06 15:02:35 629356 24324.3277
2019:05:06 15:02:35 630052 685.9899
2019:05:06 15:02:35 630878 819.2137
2019:05:06 15:02:35 631848 591.5463
2019:05:06 15:02:35 632499 426.7730
2019:05:06 15:02:35 633311 405.2296
2019:05:06 15:02:35 633907 584.3192
2019:05:06 15:02:35 634544 427.6820
2019:05:06 15:02:35 635759 813.9275
2019:05:06 15:02:35 636183 409.9607
2019:05:06 15:02:35 637009 413.6413
2019:05:06 15:02:35 637824 420.4027
2019:05:06 15:02:35 639031 818.7182
2019:05:06 15:02:35 639865 817.0493
2019:05:06 15:02:35 640682 806.0299
2019:05:06 15:02:35 665356 24641.4207
2019:05:06 15:02:35 666487 1121.9420
2019:05:06 15:02:35 667317 818.0812
2019:05:06 15:02:35 668121 795.6177
2019:05:06 15:02:35 668932 400.4575
2019:05:06 15:02:35 669781 417.2400
2019:05:06 15:02:35 670767 592.2504
2019:05:06 15:02:35 671801 811.8637
2019:05:06 15:02:35 672623 811.3608
2019:05:06 15:02:35 673042 235.4048
2019:05:06 15:02:35 673887 430.2636
2019:05:06 15:02:35 674682 416.1894
2019:05:06 15:02:35 675494 620.0746
2019:05:06 15:02:35 676325 420.0041
2019:05:06 15:02:35 676929 211.1048
2019:05:06 15:02:35 701375 24238.2661
2019:05:06 15:02:35 702545 427.0151
2019:05:06 15:02:35 703366 422.7087
2019:05:06 15:02:35 704179 649.7875
2019:05:06 15:02:35 704996 422.2654
2019:05:06 15:02:35 705804 410.5866
2019:05:06 15:02:35 706627 417.6721
2019:05:06 15:02:35 707442 408.5116
2019:05:06 15:02:35 708260 793.0435
2019:05:06 15:02:35 709079 798.9854
2019:05:06 15:02:35 709681 197.4590
2019:05:06 15:02:35 710723 421.4831
2019:05:06 15:02:35 711557 426.2179
2019:05:06 15:02:35 711957 388.7154
2019:05:06 15:02:35 713174 418.2421
2019:05:06 15:02:35 729966 608.9620
2019:05:06 15:02:35 730804 818.8374
2019:05:06 15:02:35 732006 819.4819
2019:05:06 15:02:35 732821 795.4016
2019:05:06 15:02:35 733652 815.9205
2019:05:06 15:02:35 734257 584.8482
2019:05:06 15:02:35 745368 11085.5810
2019:05:06 15:02:35 746347 782.3966
2019:05:06 15:02:35 747177 812.7131
2019:05:06 15:02:35 747999 809.5279
2019:05:06 15:02:35 748586 574.6521
2019:05:06 15:02:35 749624 1016.6168
2019:05:06 15:02:35 750444 806.6818
2019:05:06 15:02:35 750849 388.5292
2019:05:06 15:02:35 751673 417.1580
2019:05:06 15:02:35 752499 426.3110
2019:05:06 15:02:35 753318 635.7692
2019:05:06 15:02:35 754138 785.6674
2019:05:06 15:02:35 754947 405.2073
2019:05:06 15:02:35 755791 423.6288
2019:05:06 15:02:35 756779 597.5142
2019:05:06 15:02:35 771538 14538.1764
2019:05:06 15:02:35 772181 632.9492
2019:05:06 15:02:35 777368 4387.4308
2019:05:06 15:02:35 778327 949.5690
2019:05:06 15:02:35 779528 734.9066
2019:05:06 15:02:35 780746 734.3590
2019:05:06 15:02:35 781977 1209.9408
2019:05:06 15:02:35 782804 800.1961
2019:05:06 15:02:35 784021 802.1519
2019:05:06 15:02:35 784865 421.4607
2019:05:06 15:02:35 786115 760.6521
2019:05:06 15:02:35 787366 1242.9506
2019:05:06 15:02:35 788133 759.4638
2019:05:06 15:02:35 789080 499.3901
2019:05:06 15:02:35 790170 802.6138
2019:05:06 15:02:35 791033 442.5049
2019:05:06 15:02:35 792265 748.3922
2019:05:06 15:02:35 793483 738.2520
2019:05:06 15:02:35 794685 751.1489
2019:05:06 15:02:35 795717 562.4518
2019:05:06 15:02:35 796720 809.1033
