
# OSU MPI Allreduce Latency Test v5.6.1
# Size       Avg Latency(us)
1024                 6611.66
2019:05:06 15:02:14 980930 814.6614
2019:05:06 15:02:14 983405 2461.5824
2019:05:06 15:02:14 983813 398.1739
2019:05:06 15:02:14 985091 875.8269
2019:05:06 15:02:14 989958 419.0207
2019:05:06 15:02:14 990762 795.4836
2019:05:06 15:02:14 991591 403.7768
2019:05:06 15:02:14 992395 393.2230
2019:05:06 15:02:14 993212 412.0767
2019:05:06 15:02:14 997737 405.5612
2019:05:06 15:02:14 998536 412.0842
2019:05:06 15:02:14 999369 427.6522
2019:05:06 15:02:15 186 808.4252
2019:05:06 15:02:15 992 796.7092
2019:05:06 15:02:15 2685 1261.5025
2019:05:06 15:02:15 3461 764.6643
2019:05:06 15:02:15 4054 561.3826
2019:05:06 15:02:15 4705 633.6942
2019:05:06 15:02:15 6329 1222.9197
2019:05:06 15:02:15 7965 1626.6853
2019:05:06 15:02:15 8775 775.5458
2019:05:06 15:02:15 17401 8615.8700
2019:05:06 15:02:15 18206 784.1215
2019:05:06 15:02:15 19059 835.0350
2019:05:06 15:02:15 19847 769.2426
2019:05:06 15:02:15 21060 801.7272
2019:05:06 15:02:15 25597 4517.9576
2019:05:06 15:02:15 28445 395.8009
2019:05:06 15:02:15 29260 647.6417
2019:05:06 15:02:15 30116 450.8384
2019:05:06 15:02:15 30889 401.6012
2019:05:06 15:02:15 31708 796.8284
2019:05:06 15:02:15 32531 804.4541
2019:05:06 15:02:15 33358 805.8921
2019:05:06 15:02:15 70233 36861.0695
2019:05:06 15:02:15 71050 417.5119
2019:05:06 15:02:15 71862 418.2979
2019:05:06 15:02:15 72685 423.6400
2019:05:06 15:02:15 81307 8229.5723
2019:05:06 15:02:15 82203 520.5423
2019:05:06 15:02:15 82930 416.3012
2019:05:06 15:02:15 84700 1254.6070
2019:05:06 15:02:15 93584 8875.2955
2019:05:06 15:02:15 94394 797.8678
2019:05:06 15:02:15 95205 417.6050
2019:05:06 15:02:15 96025 416.9606
2019:05:06 15:02:15 96445 404.1977
2019:05:06 15:02:15 101387 4532.0019
2019:05:06 15:02:15 102188 792.1457
2019:05:06 15:02:15 102988 657.5584
2019:05:06 15:02:15 104203 814.2404
2019:05:06 15:02:15 105026 810.8318
2019:05:06 15:02:15 105851 813.2607
2019:05:06 15:02:15 106423 559.6168
2019:05:06 15:02:15 107083 648.5246
2019:05:06 15:02:15 107913 424.9960
2019:05:06 15:02:15 108706 407.3530
2019:05:06 15:02:15 129719 20989.9470
2019:05:06 15:02:15 130527 797.3872
2019:05:06 15:02:15 130953 408.2397
2019:05:06 15:02:15 131759 421.1441
2019:05:06 15:02:15 132581 416.2826
2019:05:06 15:02:15 133392 798.1956
2019:05:06 15:02:15 146149 12742.3219
2019:05:06 15:02:15 146929 397.3134
2019:05:06 15:02:15 147735 415.9808
2019:05:06 15:02:15 148550 417.3294
2019:05:06 15:02:15 149372 419.4938
2019:05:06 15:02:15 150188 421.0360
2019:05:06 15:02:15 150995 404.5218
2019:05:06 15:02:15 151817 806.2758
2019:05:06 15:02:15 152651 823.1141
2019:05:06 15:02:15 153070 413.4551
2019:05:06 15:02:15 175199 523.0755
2019:05:06 15:02:15 176185 977.0691
2019:05:06 15:02:15 176823 627.1377
2019:05:06 15:02:15 177751 521.1905
2019:05:06 15:02:15 178488 728.1899
2019:05:06 15:02:15 179296 800.4829
2019:05:06 15:02:15 180170 466.2089
2019:05:06 15:02:15 180938 420.8200
2019:05:06 15:02:15 193723 12389.4066
2019:05:06 15:02:15 194929 804.5025
2019:05:06 15:02:15 195849 900.8609
2019:05:06 15:02:15 196579 721.4919
2019:05:06 15:02:15 197930 842.4558
2019:05:06 15:02:15 198791 853.1623
2019:05:06 15:02:15 199729 615.7532
2019:05:06 15:02:15 200271 425.5660
2019:05:06 15:02:15 201146 481.2218
2019:05:06 15:02:15 202537 936.3219
2019:05:06 15:02:15 203534 532.0013
2019:05:06 15:02:15 204411 867.7766
2019:05:06 15:02:15 205342 922.9183
2019:05:06 15:02:15 238456 33100.6683
2019:05:06 15:02:15 239180 421.4793
2019:05:06 15:02:15 240395 725.4966
2019:05:06 15:02:15 241227 819.8246
2019:05:06 15:02:15 254366 683.5610
2019:05:06 15:02:15 255557 1182.5897
2019:05:06 15:02:15 256816 1246.6572
2019:05:06 15:02:15 258061 1233.1530
2019:05:06 15:02:15 259313 1240.4993
2019:05:06 15:02:15 260055 731.6396
2019:05:06 15:02:15 261186 624.0048
2019:05:06 15:02:15 262531 1250.3453
2019:05:06 15:02:15 263733 691.5927
2019:05:06 15:02:15 264903 1155.7378
2019:05:06 15:02:15 277289 12379.8251
2019:05:06 15:02:15 278292 992.9650
2019:05:06 15:02:15 279515 615.7123
2019:05:06 15:02:15 281365 1232.9966
2019:05:06 15:02:15 282592 1219.1571
2019:05:06 15:02:15 283221 619.3519
2019:05:06 15:02:15 285068 1239.2551
2019:05:06 15:02:15 285878 801.9209
2019:05:06 15:02:15 287086 649.1840
2019:05:06 15:02:15 288319 645.3320
2019:05:06 15:02:15 289511 1163.4976
2019:05:06 15:02:15 333779 415.6381
2019:05:06 15:02:15 334599 413.1310
2019:05:06 15:02:15 335417 410.5419
2019:05:06 15:02:15 336240 806.7712
2019:05:06 15:02:15 337052 801.9917
2019:05:06 15:02:15 339545 2474.4309
2019:05:06 15:02:15 340342 789.7392
2019:05:06 15:02:15 341168 817.0940
2019:05:06 15:02:15 369430 4065.1336
2019:05:06 15:02:15 370246 807.4120
2019:05:06 15:02:15 371046 792.8684
2019:05:06 15:02:15 371874 813.1228
2019:05:06 15:02:15 372682 793.8072
2019:05:06 15:02:15 373107 406.2802
2019:05:06 15:02:15 373936 422.2393
2019:05:06 15:02:15 374732 411.9799
2019:05:06 15:02:15 375168 423.1222
2019:05:06 15:02:15 375978 414.7403
2019:05:06 15:02:15 376799 422.9136
2019:05:06 15:02:15 401365 24164.2371
2019:05:06 15:02:15 405484 4104.6105
2019:05:06 15:02:15 406270 413.4849
2019:05:06 15:02:15 407085 405.8927
2019:05:06 15:02:15 407511 409.3014
2019:05:06 15:02:15 408317 413.8611
2019:05:06 15:02:15 409133 410.1060
2019:05:06 15:02:15 432320 23176.2566
2019:05:06 15:02:15 434144 819.0908
2019:05:06 15:02:15 434940 771.8764
2019:05:06 15:02:15 435366 414.9228
2019:05:06 15:02:15 436185 404.7267
2019:05:06 15:02:15 437042 464.4617
2019:05:06 15:02:15 485369 26130.5869
2019:05:06 15:02:15 521384 36000.1326
2019:05:06 15:02:15 525987 407.2078
2019:05:06 15:02:15 526793 470.9661
2019:05:06 15:02:15 527614 804.8080
2019:05:06 15:02:15 528381 753.0786
2019:05:06 15:02:15 528859 465.9854
2019:05:06 15:02:15 541972 12708.0157
2019:05:06 15:02:15 542723 327.7399
2019:05:06 15:02:15 543597 391.1853
2019:05:06 15:02:15 544438 308.7558
2019:05:06 15:02:15 545365 594.4856
2019:05:06 15:02:15 550300 562.1798
2019:05:06 15:02:15 551538 929.6387
2019:05:06 15:02:15 552208 663.9659
2019:05:06 15:02:15 553421 820.4952
2019:05:06 15:02:15 561675 8238.4981
2019:05:06 15:02:15 562906 860.1546
2019:05:06 15:02:15 563829 915.6354
2019:05:06 15:02:15 564508 367.6303
2019:05:06 15:02:15 577668 12604.9332
2019:05:06 15:02:15 578587 910.7627
2019:05:06 15:02:15 579649 754.6991
2019:05:06 15:02:15 580871 690.3410
2019:05:06 15:02:15 582088 661.1086
2019:05:06 15:02:15 582971 864.6995
2019:05:06 15:02:15 583690 361.5245
2019:05:06 15:02:15 584573 365.7043
2019:05:06 15:02:15 585761 628.0616
2019:05:06 15:02:15 601368 15599.7239
2019:05:06 15:02:15 609948 575.0954
2019:05:06 15:02:15 610747 784.9447
2019:05:06 15:02:15 611560 800.0396
2019:05:06 15:02:15 612402 831.4103
2019:05:06 15:02:15 613202 793.8296
2019:05:06 15:02:15 649373 36159.8283
2019:05:06 15:02:15 681831 20496.0480
2019:05:06 15:02:15 745516 32151.6022
2019:05:06 15:02:15 746504 980.9509
2019:05:06 15:02:15 747328 813.3054
2019:05:06 15:02:15 748137 801.6042
2019:05:06 15:02:15 748956 808.3992
2019:05:06 15:02:15 749767 400.6587
2019:05:06 15:02:15 750605 826.7052
2019:05:06 15:02:15 751405 793.7439
2019:05:06 15:02:15 752225 808.9617
2019:05:06 15:02:15 753040 801.3956
2019:05:06 15:02:15 770942 17890.2559
2019:05:06 15:02:15 830241 28877.2583
2019:05:06 15:02:15 856525 26274.5880
2019:05:06 15:02:15 921360 32001.1638
2019:05:06 15:02:15 953380 32005.5597
2019:05:06 15:02:16 21384 36024.8387
2019:05:06 15:02:16 53378 31985.2419
2019:05:06 15:02:16 54301 762.1609
2019:05:06 15:02:16 55115 801.9730
2019:05:06 15:02:16 55537 409.4951
2019:05:06 15:02:16 56347 412.9261
2019:05:06 15:02:16 57163 409.3684
2019:05:06 15:02:16 93679 36500.6551
2019:05:06 15:02:16 94916 631.4628
2019:05:06 15:02:16 96155 630.1291
2019:05:06 15:02:16 97366 601.3624
2019:05:06 15:02:16 98605 1230.2659
2019:05:06 15:02:16 99838 623.4720
2019:05:06 15:02:16 100585 739.9060
2019:05:06 15:02:16 138138 37066.5640
2019:05:06 15:02:16 138760 613.8757
2019:05:06 15:02:16 139994 625.4949
2019:05:06 15:02:16 140725 723.9766
2019:05:06 15:02:16 145940 4713.3863
2019:05:06 15:02:16 146472 525.0499
2019:05:06 15:02:16 147695 626.3591
2019:05:06 15:02:16 148926 622.0378
2019:05:06 15:02:16 150129 1195.1588
2019:05:06 15:02:16 151363 1220.0810
2019:05:06 15:02:16 152603 1224.3204
2019:05:06 15:02:16 177761 25152.5119
2019:05:06 15:02:16 190162 12393.0313
2019:05:06 15:02:16 213672 420.5890
2019:05:06 15:02:16 257353 31998.1314
2019:05:06 15:02:16 258003 397.3283
2019:05:06 15:02:16 258825 417.2325
2019:05:06 15:02:16 259647 419.1697
2019:05:06 15:02:16 260460 409.5957
2019:05:06 15:02:16 261285 419.3746
2019:05:06 15:02:16 321354 31999.6513
2019:05:06 15:02:16 325711 4346.1286
2019:05:06 15:02:16 326539 429.8091
2019:05:06 15:02:16 327342 409.4467
2019:05:06 15:02:16 328168 420.9653
2019:05:06 15:02:16 329006 429.3993
2019:05:06 15:02:16 353362 24349.1568
2019:05:06 15:02:16 385904 549.1376
2019:05:06 15:02:16 386722 807.1698
2019:05:06 15:02:16 387147 412.9894
2019:05:06 15:02:16 387964 418.1080
2019:05:06 15:02:16 388782 417.9925
2019:05:06 15:02:16 421366 32187.1452
2019:05:06 15:02:16 422040 665.8062
2019:05:06 15:02:16 422712 414.0437
2019:05:06 15:02:16 423526 410.0092
2019:05:06 15:02:16 423946 407.4089
2019:05:06 15:02:16 424760 418.7040
2019:05:06 15:02:16 481356 56192.3794
2019:05:06 15:02:16 482125 761.6989
2019:05:06 15:02:16 482923 418.4395
2019:05:06 15:02:16 483747 422.9769
2019:05:06 15:02:16 484557 799.6559
2019:05:06 15:02:16 485382 813.1079
2019:05:06 15:02:16 529365 43974.9397
2019:05:06 15:02:16 601355 32000.3107
2019:05:06 15:02:16 633379 32012.4365
2019:05:06 15:02:16 697268 7912.6358
2019:05:06 15:02:16 729366 32090.8837
2019:05:06 15:02:16 729906 399.8689
2019:05:06 15:02:16 730717 431.9660
2019:05:06 15:02:16 731519 418.8083
2019:05:06 15:02:16 732324 403.6799
2019:05:06 15:02:16 733152 816.5874
2019:05:06 15:02:16 733583 419.1101
2019:05:06 15:02:16 734384 412.7510
2019:05:06 15:02:16 735198 808.1682
2019:05:06 15:02:16 736009 805.0576
2019:05:06 15:02:16 736430 410.5046
2019:05:06 15:02:16 737245 808.9766
2019:05:06 15:02:16 765375 28122.2649
2019:05:06 15:02:16 861353 47999.9706
2019:05:06 15:02:16 909362 48001.4160
2019:05:06 15:02:16 981354 32000.0499
2019:05:06 15:02:17 13362 32000.0723
2019:05:06 15:02:17 89354 31999.6476
2019:05:06 15:02:17 129364 40002.2753
2019:05:06 15:02:17 130380 799.8981
2019:05:06 15:02:17 131597 819.4037
2019:05:06 15:02:17 132416 803.6457
2019:05:06 15:02:17 133243 810.0644
2019:05:06 15:02:17 134056 802.4797
2019:05:06 15:02:17 134480 411.7414
2019:05:06 15:02:17 135294 421.3229
2019:05:06 15:02:17 136516 822.8682
2019:05:06 15:02:17 137331 806.0001
2019:05:06 15:02:17 169836 387.3929
2019:05:06 15:02:17 170638 401.4187
2019:05:06 15:02:17 171455 803.0050
2019:05:06 15:02:17 171879 387.7506
2019:05:06 15:02:17 172697 415.7163
2019:05:06 15:02:17 209355 36262.9220
2019:05:06 15:02:17 265364 55999.4802
2019:05:06 15:02:17 266193 409.0406
2019:05:06 15:02:17 267013 416.5620
2019:05:06 15:02:17 267831 421.1217
2019:05:06 15:02:17 268642 644.0841
2019:05:06 15:02:17 313354 44691.5515
2019:05:06 15:02:17 353366 40003.1097
2019:05:06 15:02:17 354403 304.5425
2019:05:06 15:02:17 354910 422.0791
2019:05:06 15:02:17 355729 418.5811
2019:05:06 15:02:17 356453 324.8677
2019:05:06 15:02:17 356956 414.5019
2019:05:06 15:02:17 385358 27996.7524
2019:05:06 15:02:17 421391 36025.5875
2019:05:06 15:02:17 422028 407.5430
2019:05:06 15:02:17 423248 820.1562
2019:05:06 15:02:17 424066 643.0931
2019:05:06 15:02:17 425294 818.7629
2019:05:06 15:02:17 449824 425.8268
2019:05:06 15:02:17 450623 412.1214
2019:05:06 15:02:17 451432 412.6243
2019:05:06 15:02:17 452252 416.3310
2019:05:06 15:02:17 453067 409.5435
2019:05:06 15:02:17 485457 31968.4148
2019:05:06 15:02:17 486260 786.2709
2019:05:06 15:02:17 486668 401.2473
2019:05:06 15:02:17 487485 417.8248
2019:05:06 15:02:17 488308 415.5599
2019:05:06 15:02:17 489115 414.7142
2019:05:06 15:02:17 525363 35841.1558
2019:05:06 15:02:17 530005 406.6192
2019:05:06 15:02:17 530819 412.6281
2019:05:06 15:02:17 531649 419.5459
2019:05:06 15:02:17 532866 817.6826
2019:05:06 15:02:17 573364 40087.3870
2019:05:06 15:02:17 577940 388.1827
2019:05:06 15:02:17 578748 402.9609
2019:05:06 15:02:17 579590 832.2671
2019:05:06 15:02:17 580391 793.3006
2019:05:06 15:02:17 581205 700.9655
2019:05:06 15:02:17 621363 40138.6134
2019:05:06 15:02:17 709360 40005.4380
2019:05:06 15:02:17 741362 31995.1847
2019:05:06 15:02:17 781301 7947.5604
2019:05:06 15:02:17 837354 31999.7966
2019:05:06 15:02:17 877361 39996.0056
2019:05:06 15:02:17 878254 390.5743
2019:05:06 15:02:17 879075 418.5326
2019:05:06 15:02:17 879889 410.2215
2019:05:06 15:02:17 880313 414.7179
2019:05:06 15:02:17 881126 419.6689
2019:05:06 15:02:17 918116 753.5443
2019:05:06 15:02:17 918932 803.5898
2019:05:06 15:02:17 919762 420.8945
2019:05:06 15:02:17 920979 818.5171
2019:05:06 15:02:17 965365 43975.1707
2019:05:06 15:02:18 13959 605.2479
2019:05:06 15:02:18 14771 795.0030
2019:05:06 15:02:18 15599 815.9280
2019:05:06 15:02:18 16016 405.7921
2019:05:06 15:02:18 16835 415.3661
2019:05:06 15:02:18 57365 40126.4429
2019:05:06 15:02:18 129354 31992.6143
2019:05:06 15:02:18 133441 4078.7123
2019:05:06 15:02:18 134232 408.0907
2019:05:06 15:02:18 135049 418.1378
2019:05:06 15:02:18 136266 818.9641
2019:05:06 15:02:18 137097 421.2633
2019:05:06 15:02:18 193353 31998.9957
2019:05:06 15:02:18 225363 31998.3363
2019:05:06 15:02:18 305354 39999.7011
2019:05:06 15:02:18 353366 48003.9902
2019:05:06 15:02:18 449354 47999.1585
2019:05:06 15:02:18 489363 39998.3525
2019:05:06 15:02:18 490270 400.9083
2019:05:06 15:02:18 491094 419.3485
2019:05:06 15:02:18 491918 647.5225
2019:05:06 15:02:18 493142 818.9306
2019:05:06 15:02:18 494367 411.3503
2019:05:06 15:02:18 495188 417.2176
2019:05:06 15:02:18 496004 646.5837
2019:05:06 15:02:18 496827 814.3783
2019:05:06 15:02:18 521357 24520.6431
2019:05:06 15:02:18 553369 32002.1361
2019:05:06 15:02:18 585816 424.4037
2019:05:06 15:02:18 586630 425.6330
2019:05:06 15:02:18 587841 810.3065
2019:05:06 15:02:18 588658 806.3279
2019:05:06 15:02:18 589082 413.4327
2019:05:06 15:02:18 617359 27873.2479
2019:05:06 15:02:18 657363 39995.5474
2019:05:06 15:02:18 697732 378.1021
2019:05:06 15:02:18 698513 403.5868
2019:05:06 15:02:18 698948 423.9902
2019:05:06 15:02:18 699748 416.8488
2019:05:06 15:02:18 700558 406.8911
2019:05:06 15:02:18 701392 425.7448
2019:05:06 15:02:18 746016 661.9990
2019:05:06 15:02:18 746439 413.9356
2019:05:06 15:02:18 747657 818.0067
2019:05:06 15:02:18 748487 421.0062
2019:05:06 15:02:18 749708 822.5478
2019:05:06 15:02:18 750525 409.1449
2019:05:06 15:02:18 751348 812.3443
2019:05:06 15:02:18 752159 799.7788
2019:05:06 15:02:18 752581 411.8718
2019:05:06 15:02:18 793362 40379.7887
2019:05:06 15:02:18 873360 40004.3167
2019:05:06 15:02:18 905367 31993.7132
2019:05:06 15:02:18 906086 399.3064
2019:05:06 15:02:18 906911 811.6327
2019:05:06 15:02:18 907720 799.3951
2019:05:06 15:02:18 908134 402.8901
2019:05:06 15:02:18 908953 808.4923
2019:05:06 15:02:18 909809 844.6909
2019:05:06 15:02:18 910592 642.2289
2019:05:06 15:02:18 911418 814.5645
2019:05:06 15:02:18 912235 410.1545
2019:05:06 15:02:18 913050 805.5009
2019:05:06 15:02:18 937424 24364.0728
2019:05:06 15:02:18 938234 429.7532
2019:05:06 15:02:18 939039 413.8574
2019:05:06 15:02:18 939859 416.3831
2019:05:06 15:02:18 940677 415.3848
2019:05:06 15:02:18 941492 417.4858
2019:05:06 15:02:18 942712 814.4453
2019:05:06 15:02:18 943532 413.4215
2019:05:06 15:02:18 944762 820.9497
2019:05:06 15:02:18 945181 409.4429
2019:05:06 15:02:18 973454 4098.8214
2019:05:06 15:02:18 974248 764.9139
2019:05:06 15:02:18 974672 412.5237
2019:05:06 15:02:18 975477 406.2839
2019:05:06 15:02:18 975905 416.9904
2019:05:06 15:02:18 976726 426.4861
2019:05:06 15:02:19 1354 24238.7280
2019:05:06 15:02:19 41362 39996.5830
2019:05:06 15:02:19 42249 381.3617
2019:05:06 15:02:19 43067 416.2416
2019:05:06 15:02:19 105356 48002.3064
2019:05:06 15:02:19 105873 506.7699
2019:05:06 15:02:19 106670 413.3657
2019:05:06 15:02:19 107489 415.2209
2019:05:06 15:02:19 108307 415.2916
2019:05:06 15:02:19 109120 413.2614
2019:05:06 15:02:19 109934 408.7575
2019:05:06 15:02:19 110756 810.6381
2019:05:06 15:02:19 111577 811.8041
2019:05:06 15:02:19 112397 810.5263
2019:05:06 15:02:19 112810 403.6017
2019:05:06 15:02:19 153364 40148.4407
2019:05:06 15:02:19 201755 399.4219
2019:05:06 15:02:19 202528 411.5142
2019:05:06 15:02:19 203347 807.3039
2019:05:06 15:02:19 204167 810.4555
2019:05:06 15:02:19 204979 800.8257
2019:05:06 15:02:19 205402 411.4546
2019:05:06 15:02:19 206232 417.0462
2019:05:06 15:02:19 207043 411.2385
2019:05:06 15:02:19 207857 640.9399
2019:05:06 15:02:19 208280 405.2483
2019:05:06 15:02:19 209085 411.2870
2019:05:06 15:02:19 245364 36098.5696
2019:05:06 15:02:19 246346 399.3958
2019:05:06 15:02:19 247175 814.3187
2019:05:06 15:02:19 247602 414.6956
2019:05:06 15:02:19 248394 403.1397
2019:05:06 15:02:19 249234 828.8957
2019:05:06 15:02:19 285365 36121.3647
2019:05:06 15:02:19 318020 663.8356
2019:05:06 15:02:19 318842 811.2602
2019:05:06 15:02:19 319263 411.5440
2019:05:06 15:02:19 319845 179.0188
2019:05:06 15:02:19 320889 811.8190
2019:05:06 15:02:19 349359 28458.8337
2019:05:06 15:02:19 349989 622.5966
2019:05:06 15:02:19 351208 821.6426
2019:05:06 15:02:19 352030 814.4416
2019:05:06 15:02:19 352626 191.9754
2019:05:06 15:02:19 353699 848.5802
2019:05:06 15:02:19 354483 771.3698
2019:05:06 15:02:19 355297 803.9773
2019:05:06 15:02:19 356118 809.4646
2019:05:06 15:02:19 356936 806.2422
2019:05:06 15:02:19 381385 24438.3588
2019:05:06 15:02:19 382040 395.6929
2019:05:06 15:02:19 382855 416.8674
2019:05:06 15:02:19 383661 400.7630
2019:05:06 15:02:19 384492 420.3878
2019:05:06 15:02:19 385310 412.7361
2019:05:06 15:02:19 469353 47999.4677
2019:05:06 15:02:19 470339 978.0377
2019:05:06 15:02:19 470761 411.3875
2019:05:06 15:02:19 471583 422.9061
2019:05:06 15:02:19 472397 417.5752
2019:05:06 15:02:19 473209 409.7931
2019:05:06 15:02:19 474048 416.3273
2019:05:06 15:02:19 474856 410.9740
2019:05:06 15:02:19 475674 416.9345
2019:05:06 15:02:19 476496 414.6099
2019:05:06 15:02:19 477306 414.9489
2019:05:06 15:02:19 565354 47994.4572
2019:05:06 15:02:19 605371 40004.9277
2019:05:06 15:02:19 677361 32002.1920
2019:05:06 15:02:19 678215 845.4584
2019:05:06 15:02:19 679032 417.8137
2019:05:06 15:02:19 679839 408.9810
2019:05:06 15:02:19 680664 813.7785
2019:05:06 15:02:19 681081 405.0583
2019:05:06 15:02:19 713849 32369.3827
2019:05:06 15:02:19 714653 769.2613
2019:05:06 15:02:19 715482 816.6991
2019:05:06 15:02:19 715910 416.6439
2019:05:06 15:02:19 716712 407.6920
2019:05:06 15:02:19 741355 24232.6856
2019:05:06 15:02:19 773373 32010.4882
2019:05:06 15:02:19 853360 40000.8820
2019:05:06 15:02:19 901370 48003.4053
2019:05:06 15:02:19 953302 3945.8796
2019:05:06 15:02:19 954082 397.4400
2019:05:06 15:02:19 955310 818.6884
2019:05:06 15:02:19 956140 420.2947
2019:05:06 15:02:19 997355 40815.8302
2019:05:06 15:02:20 37354 39990.8945
2019:05:06 15:02:20 41686 4324.0078
2019:05:06 15:02:20 42491 413.0453
2019:05:06 15:02:20 43306 409.7708
2019:05:06 15:02:20 43728 410.9852
2019:05:06 15:02:20 44538 413.7829
2019:05:06 15:02:20 73354 28409.3954
2019:05:06 15:02:20 105365 32002.4192
2019:05:06 15:02:20 105916 294.7487
2019:05:06 15:02:20 106837 415.9957
2019:05:06 15:02:20 107663 422.5522
2019:05:06 15:02:20 108476 514.2875
2019:05:06 15:02:20 109293 799.8943
2019:05:06 15:02:20 109769 462.6885
2019:05:06 15:02:20 110527 530.2392
2019:05:06 15:02:20 111345 418.5960
2019:05:06 15:02:20 112053 307.5600
2019:05:06 15:02:20 112570 420.6412
2019:05:06 15:02:20 137362 24389.0993
2019:05:06 15:02:20 138047 377.9307
2019:05:06 15:02:20 138865 424.8321
2019:05:06 15:02:20 139673 412.4530
2019:05:06 15:02:20 140493 418.2942
2019:05:06 15:02:20 141312 417.6684
2019:05:06 15:02:20 142123 409.1337
2019:05:06 15:02:20 142942 412.6430
2019:05:06 15:02:20 143772 421.2819
2019:05:06 15:02:20 144990 818.8784
2019:05:06 15:02:20 181483 4128.3071
2019:05:06 15:02:20 182284 787.8765
2019:05:06 15:02:20 183097 804.6553
2019:05:06 15:02:20 183906 410.5680
2019:05:06 15:02:20 184716 408.8283
2019:05:06 15:02:20 217355 32628.3947
2019:05:06 15:02:20 257364 39999.1460
2019:05:06 15:02:20 353354 47999.7657
2019:05:06 15:02:20 353982 619.2289
2019:05:06 15:02:20 354799 809.8334
2019:05:06 15:02:20 355605 799.1865
2019:05:06 15:02:20 356027 411.7265
2019:05:06 15:02:20 356846 416.5098
2019:05:06 15:02:20 357668 420.7455
2019:05:06 15:02:20 358080 306.7218
2019:05:06 15:02:20 358887 407.5691
2019:05:06 15:02:20 359308 409.9235
2019:05:06 15:02:20 360114 408.5526
2019:05:06 15:02:20 360934 809.6844
2019:05:06 15:02:20 393365 32415.5279
2019:05:06 15:02:20 394091 403.6427
2019:05:06 15:02:20 394912 420.8013
2019:05:06 15:02:20 395732 421.7401
2019:05:06 15:02:20 396539 408.8916
2019:05:06 15:02:20 397363 418.7897
2019:05:06 15:02:20 398198 423.4053
2019:05:06 15:02:20 399016 428.4531
2019:05:06 15:02:20 399825 417.9627
2019:05:06 15:02:20 400636 412.9484
2019:05:06 15:02:20 433427 32386.0459
2019:05:06 15:02:20 434211 416.3086
2019:05:06 15:02:20 435435 821.2887
2019:05:06 15:02:20 436251 414.9638
2019:05:06 15:02:20 465354 28692.8378
2019:05:06 15:02:20 497367 32003.1457
2019:05:06 15:02:20 498118 409.5137
2019:05:06 15:02:20 499332 817.5597
2019:05:06 15:02:20 500152 413.1719
2019:05:06 15:02:20 501386 825.1704
2019:05:06 15:02:20 502223 427.1232
2019:05:06 15:02:20 503034 417.9291
2019:05:06 15:02:20 503839 409.8080
2019:05:06 15:02:20 504657 807.1885
2019:05:06 15:02:20 529360 24295.9484
2019:05:06 15:02:20 530083 714.9465
2019:05:06 15:02:20 530876 414.8893
2019:05:06 15:02:20 531697 416.9419
2019:05:06 15:02:20 532510 410.6686
2019:05:06 15:02:20 533329 808.4737
2019:05:06 15:02:20 601356 40001.4035
2019:05:06 15:02:20 649366 47999.9743
2019:05:06 15:02:20 654019 414.7738
2019:05:06 15:02:20 654829 409.3759
2019:05:06 15:02:20 655647 807.8404
2019:05:06 15:02:20 656467 809.8930
2019:05:06 15:02:20 656892 413.8313
2019:05:06 15:02:20 697355 40069.0511
2019:05:06 15:02:20 701733 4369.0242
2019:05:06 15:02:20 702527 416.9568
2019:05:06 15:02:20 703333 409.3163
2019:05:06 15:02:20 703754 411.1677
2019:05:06 15:02:20 704565 413.5855
2019:05:06 15:02:20 745356 40384.5124
2019:05:06 15:02:20 785366 39995.0072
2019:05:06 15:02:20 829422 4067.0224
2019:05:06 15:02:20 830235 789.8919
2019:05:06 15:02:20 831025 673.4505
2019:05:06 15:02:20 831840 802.9118
2019:05:06 15:02:20 832267 417.2325
2019:05:06 15:02:20 833080 688.5044
2019:05:06 15:02:20 889359 32004.8109
2019:05:06 15:02:20 890041 674.9295
2019:05:06 15:02:20 890860 421.2745
2019:05:06 15:02:20 891671 413.1533
2019:05:06 15:02:20 892491 806.9649
2019:05:06 15:02:20 893303 798.9407
2019:05:06 15:02:20 921364 28043.5234
2019:05:06 15:02:20 961743 388.7191
2019:05:06 15:02:20 962529 407.4126
2019:05:06 15:02:20 963340 801.3099
2019:05:06 15:02:20 964160 809.6285
2019:05:06 15:02:20 964979 808.0266
2019:05:06 15:02:20 969254 4263.3563
2019:05:06 15:02:21 1366 32105.4012
2019:05:06 15:02:21 65358 19992.7725
2019:05:06 15:02:21 113364 47998.2570
2019:05:06 15:02:21 117925 437.1554
2019:05:06 15:02:21 118711 421.6954
2019:05:06 15:02:21 119526 417.7950
2019:05:06 15:02:21 120346 417.8621
2019:05:06 15:02:21 121171 417.8025
2019:05:06 15:02:21 197355 44000.2345
2019:05:06 15:02:21 223383 26020.0649
2019:05:06 15:02:21 230161 801.8017
2019:05:06 15:02:21 230581 408.7090
2019:05:06 15:02:21 231394 415.3214
2019:05:06 15:02:21 232202 408.3849
2019:05:06 15:02:21 232615 401.2547
2019:05:06 15:02:21 273354 40727.2875
2019:05:06 15:02:21 277492 4130.6093
2019:05:06 15:02:21 278129 399.1947
2019:05:06 15:02:21 279344 816.8034
2019:05:06 15:02:21 280163 635.6575
2019:05:06 15:02:21 280994 419.7136
2019:05:06 15:02:21 309281 3926.2921
2019:05:06 15:02:21 310090 408.0981
2019:05:06 15:02:21 310882 630.0211
2019:05:06 15:02:21 312110 819.1466
2019:05:06 15:02:21 312929 635.8363
2019:05:06 15:02:21 393357 80015.4880
2019:05:06 15:02:21 441362 47997.3257
2019:05:06 15:02:21 529354 39999.8762
2019:05:06 15:02:21 569363 39998.3861
2019:05:06 15:02:21 570247 420.8721
2019:05:06 15:02:21 571052 413.4774
2019:05:06 15:02:21 571871 412.7398
2019:05:06 15:02:21 572704 426.7395
2019:05:06 15:02:21 609355 36643.1884
2019:05:06 15:02:21 613796 4428.6437
2019:05:06 15:02:21 614606 472.6499
2019:05:06 15:02:21 615426 418.7934
2019:05:06 15:02:21 616191 364.6202
2019:05:06 15:02:21 617055 414.1890
2019:05:06 15:02:21 689354 39999.1758
2019:05:06 15:02:21 693660 4293.7957
2019:05:06 15:02:21 694474 472.9368
2019:05:06 15:02:21 695296 420.3580
2019:05:06 15:02:21 696045 353.8504
2019:05:06 15:02:21 696529 420.3692
2019:05:06 15:02:21 737352 40418.6435
2019:05:06 15:02:21 741912 4548.9334
2019:05:06 15:02:21 742708 767.6482
2019:05:06 15:02:21 743532 814.5683
2019:05:06 15:02:21 744358 816.1031
2019:05:06 15:02:21 745169 805.0166
2019:05:06 15:02:21 789487 4132.3639
2019:05:06 15:02:21 789921 397.2612
2019:05:06 15:02:21 790717 419.0952
2019:05:06 15:02:21 791526 413.1123
2019:05:06 15:02:21 792346 416.7967
2019:05:06 15:02:21 793166 413.8350
2019:05:06 15:02:21 865354 39999.9693
2019:05:06 15:02:21 905371 40009.3459
2019:05:06 15:02:21 906042 395.9909
2019:05:06 15:02:21 906844 406.1684
2019:05:06 15:02:21 907670 416.3422
2019:05:06 15:02:21 908486 413.2465
2019:05:06 15:02:21 909306 416.9196
2019:05:06 15:02:21 949451 4094.9807
2019:05:06 15:02:21 949864 399.8727
2019:05:06 15:02:21 950683 418.1862
2019:05:06 15:02:21 951501 418.6183
2019:05:06 15:02:21 952312 406.4701
2019:05:06 15:02:21 953139 421.9711
2019:05:06 15:02:21 985363 32217.0295
2019:05:06 15:02:22 29485 4131.0228
2019:05:06 15:02:22 30299 405.9859
2019:05:06 15:02:22 31117 412.9969
2019:05:06 15:02:22 31932 409.2753
2019:05:06 15:02:22 32751 807.4120
2019:05:06 15:02:22 33173 412.4045
2019:05:06 15:02:22 105354 39999.2540
2019:05:06 15:02:22 145365 40003.3966
2019:05:06 15:02:22 146044 400.8450
2019:05:06 15:02:22 146859 413.2316
2019:05:06 15:02:22 147680 415.9994
2019:05:06 15:02:22 148499 414.8372
2019:05:06 15:02:22 149313 416.0181
2019:05:06 15:02:22 189456 4101.5111
2019:05:06 15:02:22 190277 794.7870
2019:05:06 15:02:22 191091 416.3049
2019:05:06 15:02:22 191903 409.6553
2019:05:06 15:02:22 192726 811.9084
2019:05:06 15:02:22 225354 32617.3976
2019:05:06 15:02:22 265363 39999.0454
2019:05:06 15:02:22 269772 415.4481
2019:05:06 15:02:22 270553 419.6763
2019:05:06 15:02:22 271771 819.7576
2019:05:06 15:02:22 272589 808.7456
2019:05:06 15:02:22 305363 32364.0406
2019:05:06 15:02:22 385356 40000.8224
2019:05:06 15:02:22 385892 529.1030
2019:05:06 15:02:22 386698 460.5055
2019:05:06 15:02:22 387520 418.8158
2019:05:06 15:02:22 388294 374.5183
2019:05:06 15:02:22 389148 412.3598
2019:05:06 15:02:22 429212 3857.6759
2019:05:06 15:02:22 430012 407.9603
2019:05:06 15:02:22 430830 412.5200
2019:05:06 15:02:22 431659 421.2484
2019:05:06 15:02:22 432876 818.5394
2019:05:06 15:02:22 465363 32077.5136
2019:05:06 15:02:22 509506 4152.0745
2019:05:06 15:02:22 510297 403.3744
2019:05:06 15:02:22 511525 818.8896
2019:05:06 15:02:22 512344 413.7382
2019:05:06 15:02:22 545354 32600.1532
2019:05:06 15:02:22 585365 40003.6499
2019:05:06 15:02:22 625868 514.1571
2019:05:06 15:02:22 626685 804.6962
2019:05:06 15:02:22 627506 809.1815
2019:05:06 15:02:22 627928 410.8138
2019:05:06 15:02:22 628745 454.4891
2019:05:06 15:02:22 665365 36216.9482
2019:05:06 15:02:22 670015 407.3046
2019:05:06 15:02:22 670831 412.5722
2019:05:06 15:02:22 671658 421.5576
2019:05:06 15:02:22 672469 803.7165
2019:05:06 15:02:22 673295 815.1717
2019:05:06 15:02:22 705367 32066.5911
2019:05:06 15:02:22 749492 4137.3670
2019:05:06 15:02:22 750299 382.5352
2019:05:06 15:02:22 751117 414.1107
2019:05:06 15:02:22 751944 421.0323
2019:05:06 15:02:22 752755 804.3684
2019:05:06 15:02:22 789354 36588.9966
2019:05:06 15:02:22 829364 39998.5164
2019:05:06 15:02:22 909359 40003.7020
2019:05:06 15:02:22 910199 832.1404
2019:05:06 15:02:22 911007 419.0281
2019:05:06 15:02:22 911823 412.5647
2019:05:06 15:02:22 912641 410.5531
2019:05:06 15:02:22 913470 427.9241
2019:05:06 15:02:22 913897 419.7024
2019:05:06 15:02:22 914684 409.3572
2019:05:06 15:02:22 915507 417.4262
2019:05:06 15:02:22 915936 417.2139
2019:05:06 15:02:22 916732 409.8900
2019:05:06 15:02:22 949360 32221.9916
2019:05:06 15:02:22 989362 39994.3255
2019:05:06 15:02:22 990468 416.6998
2019:05:06 15:02:22 991293 421.9040
2019:05:06 15:02:22 992090 408.6457
2019:05:06 15:02:22 992928 419.4155
2019:05:06 15:02:23 29364 36039.3338
2019:05:06 15:02:23 57787 431.9549
2019:05:06 15:02:23 58624 401.4187
2019:05:06 15:02:23 59446 421.0696
2019:05:06 15:02:23 60260 560.3507
2019:05:06 15:02:23 61086 427.2722
2019:05:06 15:02:23 97364 35882.3203
2019:05:06 15:02:23 102057 461.4666
2019:05:06 15:02:23 102860 413.2167
2019:05:06 15:02:23 103627 373.2592
2019:05:06 15:02:23 104096 451.3152
2019:05:06 15:02:23 104907 414.1405
2019:05:06 15:02:23 137354 32047.4058
2019:05:06 15:02:23 175383 38022.1121
2019:05:06 15:02:23 257354 43998.8188
2019:05:06 15:02:23 297362 40000.0103
2019:05:06 15:02:23 297986 406.4366
2019:05:06 15:02:23 298776 409.8564
2019:05:06 15:02:23 299594 412.6206
2019:05:06 15:02:23 300410 408.7314
2019:05:06 15:02:23 301230 806.5291
2019:05:06 15:02:23 337364 36120.9288
2019:05:06 15:02:23 341817 406.2541
2019:05:06 15:02:23 342613 419.1324
2019:05:06 15:02:23 343438 419.5943
2019:05:06 15:02:23 344249 418.2868
2019:05:06 15:02:23 377354 32697.9011
2019:05:06 15:02:23 417362 39997.6149
2019:05:06 15:02:23 421693 420.4288
2019:05:06 15:02:23 422496 418.2234
2019:05:06 15:02:23 423308 495.5791
2019:05:06 15:02:23 424128 416.8861
2019:05:06 15:02:23 457354 32818.4478
2019:05:06 15:02:23 489361 31999.7929
2019:05:06 15:02:23 490078 394.7057
2019:05:06 15:02:23 490896 493.9772
2019:05:06 15:02:23 491717 425.0668
2019:05:06 15:02:23 492526 402.5176
2019:05:06 15:02:23 529355 36418.0692
2019:05:06 15:02:23 533484 4121.4228
2019:05:06 15:02:23 534319 410.4376
2019:05:06 15:02:23 535132 423.3532
2019:05:06 15:02:23 535943 494.7409
2019:05:06 15:02:23 536765 419.1026
2019:05:06 15:02:23 569353 32191.6342
2019:05:06 15:02:23 609363 40000.5542
2019:05:06 15:02:23 614027 393.9830
2019:05:06 15:02:23 614847 410.7021
2019:05:06 15:02:23 615673 420.0041
2019:05:06 15:02:23 616492 676.2780
2019:05:06 15:02:23 616909 405.4345
2019:05:06 15:02:23 649363 32054.8341
2019:05:06 15:02:23 729358 40003.2476
2019:05:06 15:02:23 729987 619.4226
2019:05:06 15:02:23 730805 807.8553
2019:05:06 15:02:23 731620 803.5637
2019:05:06 15:02:23 732041 410.0055
2019:05:06 15:02:23 732860 418.1825
2019:05:06 15:02:23 769364 36103.2300
2019:05:06 15:02:23 773839 385.1429
2019:05:06 15:02:23 774646 423.7629
2019:05:06 15:02:23 775450 413.4513
2019:05:06 15:02:23 776265 409.7447
2019:05:06 15:02:23 776707 427.7714
2019:05:06 15:02:23 809354 32266.3411
2019:05:06 15:02:23 809900 539.2656
2019:05:06 15:02:23 810720 413.2241
2019:05:06 15:02:23 811529 412.3449
2019:05:06 15:02:23 812348 413.7903
2019:05:06 15:02:23 813167 413.0639
2019:05:06 15:02:23 813992 417.0686
2019:05:06 15:02:23 814806 803.4036
2019:05:06 15:02:23 815631 814.8961
2019:05:06 15:02:23 816444 410.1284
2019:05:06 15:02:23 817269 419.0840
2019:05:06 15:02:23 857333 7978.0929
2019:05:06 15:02:23 890087 732.0717
2019:05:06 15:02:23 890912 812.0574
2019:05:06 15:02:23 891735 810.2059
2019:05:06 15:02:23 892145 385.6570
2019:05:06 15:02:23 893358 811.5023
2019:05:06 15:02:23 929364 35991.4973
2019:05:06 15:02:24 9355 40000.7479
2019:05:06 15:02:24 49368 40003.0352
2019:05:06 15:02:24 50205 406.6266
2019:05:06 15:02:24 51012 415.3065
2019:05:06 15:02:24 51837 421.3974
2019:05:06 15:02:24 52650 412.5051
2019:05:06 15:02:24 53479 426.4563
2019:05:06 15:02:24 54299 420.2984
2019:05:06 15:02:24 55113 415.1203
2019:05:06 15:02:24 55929 418.5736
2019:05:06 15:02:24 57148 812.7242
2019:05:06 15:02:24 89365 32205.1644
2019:05:06 15:02:24 130053 697.0875
2019:05:06 15:02:24 130869 800.7139
2019:05:06 15:02:24 131690 809.0101
2019:05:06 15:02:24 132116 409.8937
2019:05:06 15:02:24 132928 411.5701
2019:05:06 15:02:24 169354 36414.6158
2019:05:06 15:02:24 209365 39996.6054
2019:05:06 15:02:24 289354 39998.9262
2019:05:06 15:02:24 290118 753.6486
2019:05:06 15:02:24 290951 433.2364
2019:05:06 15:02:24 291750 792.5965
2019:05:06 15:02:24 292165 400.4501
2019:05:06 15:02:24 292987 421.8705
2019:05:06 15:02:24 293805 807.3188
2019:05:06 15:02:24 294621 416.8190
2019:05:06 15:02:24 295461 439.1335
2019:05:06 15:02:24 296258 416.9866
2019:05:06 15:02:24 297071 406.8874
2019:05:06 15:02:24 329364 32279.9087
2019:05:06 15:02:24 369364 32140.2028
2019:05:06 15:02:24 369818 210.4640
2019:05:06 15:02:24 370639 416.9382
2019:05:06 15:02:24 371456 417.9291
2019:05:06 15:02:24 372275 645.6673
2019:05:06 15:02:24 409354 36671.9812
2019:05:06 15:02:24 449363 40000.1667
2019:05:06 15:02:24 529354 39998.7064
2019:05:06 15:02:24 529886 524.5693
2019:05:06 15:02:24 530704 416.8376
2019:05:06 15:02:24 531523 640.3923
2019:05:06 15:02:24 532341 417.4113
2019:05:06 15:02:24 533160 411.6707
2019:05:06 15:02:24 533981 416.3012
2019:05:06 15:02:24 534791 409.7112
2019:05:06 15:02:24 535607 632.8523
2019:05:06 15:02:24 536426 803.4222
2019:05:06 15:02:24 536856 416.6104
2019:05:06 15:02:24 569359 32337.8593
2019:05:06 15:02:24 609365 39998.2855
2019:05:06 15:02:24 610207 355.1543
2019:05:06 15:02:24 611443 827.2193
2019:05:06 15:02:24 612255 805.4934
2019:05:06 15:02:24 613073 808.9319
2019:05:06 15:02:24 649366 35880.6364
2019:05:06 15:02:24 729355 39999.7383
2019:05:06 15:02:24 767383 38018.1111
2019:05:06 15:02:24 769722 409.0890
2019:05:06 15:02:24 770920 812.7205
2019:05:06 15:02:24 771336 404.1009
2019:05:06 15:02:24 772156 418.7636
2019:05:06 15:02:24 805354 32790.0909
2019:05:06 15:02:24 845362 39996.3260
2019:05:06 15:02:24 850092 607.2074
2019:05:06 15:02:24 850874 766.1097
2019:05:06 15:02:24 851301 410.1358
2019:05:06 15:02:24 852119 576.1944
2019:05:06 15:02:24 852934 421.8705
2019:05:06 15:02:24 885368 32039.5455
2019:05:06 15:02:24 965354 39996.4675
2019:05:06 15:02:24 966090 728.9574
2019:05:06 15:02:24 966908 416.3273
2019:05:06 15:02:24 967721 407.5393
2019:05:06 15:02:24 968155 423.0142
2019:05:06 15:02:24 969366 813.6258
2019:05:06 15:02:25 9417 4061.7846
2019:05:06 15:02:25 10223 790.2198
2019:05:06 15:02:25 11044 807.8106
2019:05:06 15:02:25 11874 421.8817
2019:05:06 15:02:25 13091 819.1057
2019:05:06 15:02:25 57579 12223.9739
2019:05:06 15:02:25 57993 399.6789
2019:05:06 15:02:25 58807 415.3177
2019:05:06 15:02:25 60031 816.0397
2019:05:06 15:02:25 60843 802.6995
2019:05:06 15:02:25 61675 819.8507
2019:05:06 15:02:25 62486 411.3130
2019:05:06 15:02:25 63302 409.7186
2019:05:06 15:02:25 63729 413.1310
2019:05:06 15:02:25 64540 414.0772
2019:05:06 15:02:25 97360 32416.4331
2019:05:06 15:02:25 137362 39992.8205
2019:05:06 15:02:25 138100 381.9726
2019:05:06 15:02:25 138918 414.3976
2019:05:06 15:02:25 139738 415.0458
2019:05:06 15:02:25 140552 419.1622
2019:05:06 15:02:25 177366 36413.9490
2019:05:06 15:02:25 217365 39991.0882
2019:05:06 15:02:25 305355 39996.1658
2019:05:06 15:02:25 345364 40000.0066
2019:05:06 15:02:25 346225 407.1444
2019:05:06 15:02:25 347034 410.3743
2019:05:06 15:02:25 347449 403.4378
2019:05:06 15:02:25 348278 421.3378
2019:05:06 15:02:25 349088 412.5088
2019:05:06 15:02:25 349904 419.9818
2019:05:06 15:02:25 350715 409.3647
2019:05:06 15:02:25 351940 815.9354
2019:05:06 15:02:25 352761 811.8488
2019:05:06 15:02:25 385363 32191.7646
2019:05:06 15:02:25 425813 458.5721
2019:05:06 15:02:25 426599 411.6297
2019:05:06 15:02:25 427020 410.9778
2019:05:06 15:02:25 427822 413.9133
2019:05:06 15:02:25 428643 419.0281
2019:05:06 15:02:25 465355 36305.4648
2019:05:06 15:02:25 509364 43997.7832
2019:05:06 15:02:25 557274 7919.5611
2019:05:06 15:02:25 589621 266.3322
2019:05:06 15:02:25 590424 659.3317
2019:05:06 15:02:25 591242 808.0490
2019:05:06 15:02:25 592467 816.1180
2019:05:06 15:02:25 593290 812.9664
2019:05:06 15:02:25 633461 4105.4636
2019:05:06 15:02:25 634253 412.9633
2019:05:06 15:02:25 635071 407.6436
2019:05:06 15:02:25 635898 816.7364
2019:05:06 15:02:25 636717 813.0223
2019:05:06 15:02:25 669353 32630.0003
2019:05:06 15:02:25 709362 39998.2370
2019:05:06 15:02:25 713866 409.6292
2019:05:06 15:02:25 715065 815.0078
2019:05:06 15:02:25 715882 805.6127
2019:05:06 15:02:25 716704 410.4786
2019:05:06 15:02:25 749354 32638.5498
2019:05:06 15:02:25 777373 28011.2997
2019:05:06 15:02:25 778154 388.7266
2019:05:06 15:02:25 778975 415.5301
2019:05:06 15:02:25 779791 414.9042
2019:05:06 15:02:25 780605 416.8600
2019:05:06 15:02:25 809355 28347.0191
2019:05:06 15:02:25 810107 745.2816
2019:05:06 15:02:25 810917 419.4863
2019:05:06 15:02:25 811743 426.6165
2019:05:06 15:02:25 812543 410.3817
2019:05:06 15:02:25 812963 408.5414
2019:05:06 15:02:25 849365 35993.8145
2019:05:06 15:02:25 929356 39999.7011
2019:05:06 15:02:25 969365 40002.0331
2019:05:06 15:02:25 970436 415.9808
2019:05:06 15:02:25 971239 409.0667
2019:05:06 15:02:25 971665 414.1256
2019:05:06 15:02:25 972479 417.5156
2019:05:06 15:02:25 973706 819.1951
2019:05:06 15:02:25 974522 804.5025
2019:05:06 15:02:25 975341 806.4508
2019:05:06 15:02:25 976157 413.3023
2019:05:06 15:02:25 976982 419.3522
2019:05:06 15:02:26 49362 40008.0271
2019:05:06 15:02:26 50140 768.5795
2019:05:06 15:02:26 50808 421.3080
2019:05:06 15:02:26 51626 421.0584
2019:05:06 15:02:26 52438 408.0907
2019:05:06 15:02:26 53259 417.7764
2019:05:06 15:02:26 129354 39998.1067
2019:05:06 15:02:26 169361 39996.1881
2019:05:06 15:02:26 209786 431.4594
2019:05:06 15:02:26 210620 427.9576
2019:05:06 15:02:26 211441 814.6837
2019:05:06 15:02:26 212238 790.9015
2019:05:06 15:02:26 213069 818.2600
2019:05:06 15:02:26 213488 409.1188
2019:05:06 15:02:26 214302 415.5338
2019:05:06 15:02:26 215110 410.0837
2019:05:06 15:02:26 215535 408.1577
2019:05:06 15:02:26 216355 419.3150
2019:05:06 15:02:26 217168 413.6786
2019:05:06 15:02:26 289358 40003.2364
2019:05:06 15:02:26 289971 606.6598
2019:05:06 15:02:26 290785 418.6407
2019:05:06 15:02:26 292013 817.2393
2019:05:06 15:02:26 292827 409.5361
2019:05:06 15:02:26 329354 36121.4504
2019:05:06 15:02:26 369366 40004.4061
2019:05:06 15:02:26 449353 39999.6080
2019:05:06 15:02:26 450038 674.6799
2019:05:06 15:02:26 450842 419.9930
2019:05:06 15:02:26 451661 420.1531
2019:05:06 15:02:26 452878 818.5878
2019:05:06 15:02:26 453712 423.9641
2019:05:06 15:02:26 454524 416.5806
2019:05:06 15:02:26 455340 416.9121
2019:05:06 15:02:26 455759 405.7959
2019:05:06 15:02:26 456578 415.2283
2019:05:06 15:02:26 489364 32382.8571
2019:05:06 15:02:26 529796 440.6162
2019:05:06 15:02:26 530627 819.8060
2019:05:06 15:02:26 531439 805.6723
2019:05:06 15:02:26 532258 417.9366
2019:05:06 15:02:26 533077 416.0143
2019:05:06 15:02:26 569355 35870.9320
2019:05:06 15:02:26 609363 39997.7341
2019:05:06 15:02:26 689354 39998.3451
2019:05:06 15:02:26 729365 40001.6271
2019:05:06 15:02:26 769921 555.1241
2019:05:06 15:02:26 770722 784.3748
2019:05:06 15:02:26 771146 413.0304
2019:05:06 15:02:26 771960 419.7620
2019:05:06 15:02:26 772773 413.7680
2019:05:06 15:02:26 809367 36192.3240
2019:05:06 15:02:26 813955 415.2656
2019:05:06 15:02:26 814771 415.5971
2019:05:06 15:02:26 815585 414.2597
2019:05:06 15:02:26 816403 413.6972
2019:05:06 15:02:26 817230 420.9541
2019:05:06 15:02:26 849374 32138.4668
2019:05:06 15:02:26 929354 39998.7847
2019:05:06 15:02:26 929868 503.3538
2019:05:06 15:02:26 930689 420.4698
2019:05:06 15:02:26 931493 409.5957
2019:05:06 15:02:26 931915 406.6639
2019:05:06 15:02:26 932734 415.8206
2019:05:06 15:02:26 933554 421.5986
2019:05:06 15:02:26 934361 794.3101
2019:05:06 15:02:26 935181 798.2291
2019:05:06 15:02:26 936001 800.8368
2019:05:06 15:02:26 936817 805.0352
2019:05:06 15:02:26 969360 32531.1348
2019:05:06 15:02:27 9364 39995.8231
2019:05:06 15:02:27 10032 399.4629
2019:05:06 15:02:27 10841 420.5033
2019:05:06 15:02:27 11669 427.1418
2019:05:06 15:02:27 12496 429.4068
2019:05:06 15:02:27 49361 36475.7441
2019:05:06 15:02:27 57543 8173.5663
2019:05:06 15:02:27 58362 422.9397
2019:05:06 15:02:27 59159 409.7335
2019:05:06 15:02:27 59990 820.6889
2019:05:06 15:02:27 60812 812.2958
2019:05:06 15:02:27 97354 36532.3164
2019:05:06 15:02:27 137365 40000.0513
2019:05:06 15:02:27 217354 39998.1663
2019:05:06 15:02:27 218086 720.3333
2019:05:06 15:02:27 218875 412.6877
2019:05:06 15:02:27 219706 423.7369
2019:05:06 15:02:27 220924 820.1785
2019:05:06 15:02:27 221748 812.2437
2019:05:06 15:02:27 222561 797.0408
2019:05:06 15:02:27 223381 809.2783
2019:05:06 15:02:27 224214 817.0716
2019:05:06 15:02:27 224630 392.2544
2019:05:06 15:02:27 253366 28324.7679
2019:05:06 15:02:27 297529 4173.9643
2019:05:06 15:02:27 298331 788.6514
2019:05:06 15:02:27 299149 806.9128
2019:05:06 15:02:27 299972 803.6047
2019:05:06 15:02:27 300392 402.4990
2019:05:06 15:02:27 301213 412.6243
2019:05:06 15:02:27 373355 39999.6191
2019:05:06 15:02:27 413364 39998.6766
2019:05:06 15:02:27 414210 417.9925
2019:05:06 15:02:27 415024 412.6988
2019:05:06 15:02:27 416250 819.1951
2019:05:06 15:02:27 417072 412.2667
2019:05:06 15:02:27 457222 3867.0227
2019:05:06 15:02:27 458030 404.6820
2019:05:06 15:02:27 458848 404.5255
2019:05:06 15:02:27 459664 413.3433
2019:05:06 15:02:27 460083 409.7447
2019:05:06 15:02:27 460903 411.6818
2019:05:06 15:02:27 493361 32052.4722
2019:05:06 15:02:27 537551 4197.4485
2019:05:06 15:02:27 538364 798.6799
2019:05:06 15:02:27 539184 809.9005
2019:05:06 15:02:27 540003 807.0543
2019:05:06 15:02:27 540427 413.0192
2019:05:06 15:02:27 541245 418.2197
2019:05:06 15:02:27 613354 39999.4105
2019:05:06 15:02:27 653361 39999.4999
2019:05:06 15:02:27 654609 817.4814
2019:05:06 15:02:27 655419 797.8044
2019:05:06 15:02:27 656239 809.1442
2019:05:06 15:02:27 656667 416.6327
2019:05:06 15:02:27 693360 36297.6305
2019:05:06 15:02:27 697605 4237.7338
2019:05:06 15:02:27 698414 403.6762
2019:05:06 15:02:27 699223 416.8823
2019:05:06 15:02:27 699637 403.9407
2019:05:06 15:02:27 700452 414.5280
2019:05:06 15:02:27 701281 423.1445
2019:05:06 15:02:27 773359 40004.2050
2019:05:06 15:02:27 778150 4784.6176
2019:05:06 15:02:27 778568 378.8806
2019:05:06 15:02:27 779388 415.0644
2019:05:06 15:02:27 780205 416.2975
2019:05:06 15:02:27 781024 416.9457
2019:05:06 15:02:27 813809 454.6605
2019:05:06 15:02:27 814602 412.7547
2019:05:06 15:02:27 815432 420.9504
2019:05:06 15:02:27 816649 818.2637
2019:05:06 15:02:27 853353 36295.0005
2019:05:06 15:02:27 893363 40001.7127
2019:05:06 15:02:27 894331 402.9609
2019:05:06 15:02:27 895150 803.7165
2019:05:06 15:02:27 895579 416.4092
2019:05:06 15:02:27 896383 405.0881
2019:05:06 15:02:27 897203 807.4604
2019:05:06 15:02:27 933366 36148.2166
2019:05:06 15:02:27 938185 431.5153
2019:05:06 15:02:27 938988 415.9212
2019:05:06 15:02:27 939398 394.5306
2019:05:06 15:02:27 940227 419.7285
2019:05:06 15:02:27 941038 420.9504
2019:05:06 15:02:27 973364 32104.6002
2019:05:06 15:02:28 17619 4263.1850
2019:05:06 15:02:28 18434 801.4143
2019:05:06 15:02:28 18864 409.1486
2019:05:06 15:02:28 19265 184.7185
2019:05:06 15:02:28 20090 421.3452
2019:05:06 15:02:28 20913 421.3490
2019:05:06 15:02:28 49371 28243.6088
2019:05:06 15:02:28 129355 39998.9039
2019:05:06 15:02:28 130258 893.9542
2019:05:06 15:02:28 131074 804.8937
2019:05:06 15:02:28 131887 404.7081
2019:05:06 15:02:28 132716 412.0767
2019:05:06 15:02:28 133552 431.5153
2019:05:06 15:02:28 133946 377.2825
2019:05:06 15:02:28 134777 409.7596
2019:05:06 15:02:28 135587 410.7431
2019:05:06 15:02:28 136392 585.0680
2019:05:06 15:02:28 137213 809.8148
2019:05:06 15:02:28 169363 32138.6717
2019:05:06 15:02:28 209714 358.7306
2019:05:06 15:02:28 210507 413.7978
2019:05:06 15:02:28 210913 395.3427
2019:05:06 15:02:28 211731 408.8208
2019:05:06 15:02:28 212549 419.7732
2019:05:06 15:02:28 249353 36403.2127
2019:05:06 15:02:28 289364 40002.8676
2019:05:06 15:02:28 369354 40000.0922
2019:05:06 15:02:28 370023 659.9091
2019:05:06 15:02:28 371219 808.3023
2019:05:06 15:02:28 372034 801.1498
2019:05:06 15:02:28 372852 412.5386
2019:05:06 15:02:28 373679 416.4539
2019:05:06 15:02:28 374092 390.4328
2019:05:06 15:02:28 374917 411.1491
2019:05:06 15:02:28 375726 415.7163
2019:05:06 15:02:28 376144 406.8464
2019:05:06 15:02:28 376958 420.2910
2019:05:06 15:02:28 417339 7984.7910
2019:05:06 15:02:28 449681 327.4009
2019:05:06 15:02:28 450464 400.9716
2019:05:06 15:02:28 451281 410.1992
2019:05:06 15:02:28 452111 811.2676
2019:05:06 15:02:28 452527 393.8116
2019:05:06 15:02:28 489354 36432.0502
2019:05:06 15:02:28 529364 39999.7719
2019:05:06 15:02:28 609354 39999.4180
2019:05:06 15:02:28 610211 847.7941
2019:05:06 15:02:28 610977 759.1918
2019:05:06 15:02:28 611434 450.8048
2019:05:06 15:02:28 612252 410.5866
2019:05:06 15:02:28 613020 364.6091
2019:05:06 15:02:28 613484 454.7685
2019:05:06 15:02:28 614325 426.4228
2019:05:06 15:02:28 615090 368.9043
2019:05:06 15:02:28 615960 431.0869
2019:05:06 15:02:28 616767 429.8203
2019:05:06 15:02:28 649364 32240.4169
2019:05:06 15:02:28 689886 531.1817
2019:05:06 15:02:28 690708 798.8475
2019:05:06 15:02:28 691136 410.8995
2019:05:06 15:02:28 691933 405.3935
2019:05:06 15:02:28 692753 796.4335
2019:05:06 15:02:28 721378 28611.7233
2019:05:06 15:02:28 737827 16440.2723
2019:05:06 15:02:28 739285 1000.3559
2019:05:06 15:02:28 740314 522.0622
2019:05:06 15:02:28 741290 968.7170
2019:05:06 15:02:28 754326 12190.4872
2019:05:06 15:02:28 755428 615.7868
2019:05:06 15:02:28 756401 505.5889
2019:05:06 15:02:28 757498 575.4977
2019:05:06 15:02:28 758459 503.1042
2019:05:06 15:02:28 759513 544.4847
2019:05:06 15:02:28 760494 502.6683
2019:05:06 15:02:28 785804 24799.9988
2019:05:06 15:02:28 786841 1028.3515
2019:05:06 15:02:28 787396 435.6243
2019:05:06 15:02:28 788903 1029.8043
2019:05:06 15:02:28 801889 12883.6520
2019:05:06 15:02:28 802577 679.9288
2019:05:06 15:02:28 803567 503.6741
2019:05:06 15:02:28 804623 530.9731
2019:05:06 15:02:28 805669 552.4457
2019:05:06 15:02:28 806704 539.7834
2019:05:06 15:02:28 807869 672.8210
2019:05:06 15:02:28 808784 907.2013
2019:05:06 15:02:28 833270 23993.4921
2019:05:06 15:02:28 834779 1032.8256
2019:05:06 15:02:28 835315 527.7470
2019:05:06 15:02:28 836313 504.4341
2019:05:06 15:02:28 838053 1218.3264
2019:05:06 15:02:28 850211 949.7441
2019:05:06 15:02:28 850850 631.0977
2019:05:06 15:02:28 852078 762.2615
2019:05:06 15:02:28 852901 322.2823
2019:05:06 15:02:28 854157 807.7286
2019:05:06 15:02:28 854982 346.3589
2019:05:06 15:02:28 856221 785.7233
2019:05:06 15:02:28 857016 409.4951
2019:05:06 15:02:28 881803 24260.5396
2019:05:06 15:02:28 882878 469.0699
2019:05:06 15:02:28 883663 446.2786
2019:05:06 15:02:28 884964 922.4117
2019:05:06 15:02:28 898084 12784.4661
2019:05:06 15:02:28 898781 689.4432
2019:05:06 15:02:28 899705 497.5908
2019:05:06 15:02:28 900835 820.1078
2019:05:06 15:02:28 901773 508.8225
2019:05:06 15:02:28 902866 795.8934
2019:05:06 15:02:28 903808 503.4395
2019:05:06 15:02:28 904914 815.7454
2019:05:06 15:02:28 929623 24261.9812
2019:05:06 15:02:28 930719 721.4844
2019:05:06 15:02:28 931947 793.7141
2019:05:06 15:02:28 932770 352.9936
2019:05:06 15:02:28 945844 12663.8971
2019:05:06 15:02:28 947322 809.0101
2019:05:06 15:02:28 948151 821.3706
2019:05:06 15:02:28 949397 794.2468
2019:05:06 15:02:28 950683 903.1519
2019:05:06 15:02:28 951808 812.5901
2019:05:06 15:02:28 953041 796.3218
2019:05:06 15:02:28 977725 24676.4310
2019:05:06 15:02:28 978500 766.9777
2019:05:06 15:02:28 979668 821.9443
2019:05:06 15:02:28 980566 890.1693
2019:05:06 15:02:28 993849 12953.3261
2019:05:06 15:02:28 994479 622.9319
2019:05:06 15:02:28 995589 766.1693
2019:05:06 15:02:28 996491 432.3348
2019:05:06 15:02:29 13835 16964.0630
2019:05:06 15:02:29 14506 663.3475
2019:05:06 15:02:29 15719 795.8561
2019:05:06 15:02:29 16554 362.5415
2019:05:06 15:02:29 25349 8377.3881
2019:05:06 15:02:29 26164 492.7963
2019:05:06 15:02:29 27422 920.6124
2019:05:06 15:02:29 28552 829.0634
2019:05:06 15:02:29 49362 20803.2802
2019:05:06 15:02:29 73760 24387.5422
2019:05:06 15:02:29 74638 585.8094
2019:05:06 15:02:29 75628 567.2649
2019:05:06 15:02:29 76684 592.4776
2019:05:06 15:02:29 90402 13325.1995
2019:05:06 15:02:29 91468 1058.1352
2019:05:06 15:02:29 92499 892.4864
2019:05:06 15:02:29 93507 1001.1382
2019:05:06 15:02:29 94545 532.9289
2019:05:06 15:02:29 95311 757.8097
2019:05:06 15:02:29 96593 778.2355
2019:05:06 15:02:29 121920 24833.4371
2019:05:06 15:02:29 122935 1006.1227
2019:05:06 15:02:29 124004 528.7081
2019:05:06 15:02:29 124987 974.9196
2019:05:06 15:02:29 137914 11815.0264
2019:05:06 15:02:29 139081 640.0459
2019:05:06 15:02:29 140017 523.2096
2019:05:06 15:02:29 141133 634.2605
2019:05:06 15:02:29 142564 1005.8098
2019:05:06 15:02:29 143211 639.3008
2019:05:06 15:02:29 144632 503.3463
2019:05:06 15:02:29 169403 24237.6365
2019:05:06 15:02:29 170171 752.0989
2019:05:06 15:02:29 170639 451.1215
2019:05:06 15:02:29 171451 422.9136
2019:05:06 15:02:29 172241 386.4840
2019:05:06 15:02:29 173084 412.2034
2019:05:06 15:02:29 186271 4907.1200
2019:05:06 15:02:29 187782 1025.3713
2019:05:06 15:02:29 188322 532.2024
2019:05:06 15:02:29 189363 557.2923
2019:05:06 15:02:29 190880 982.2063
2019:05:06 15:02:29 191534 645.8350
2019:05:06 15:02:29 192933 925.5260
2019:05:06 15:02:29 217535 24074.9046
2019:05:06 15:02:29 218572 1028.2584
2019:05:06 15:02:29 219669 1012.9400
2019:05:06 15:02:29 220309 631.5000
2019:05:06 15:02:29 233929 13189.9379
2019:05:06 15:02:29 234656 718.3291
2019:05:06 15:02:29 236131 1032.4605
2019:05:06 15:02:29 236695 555.0198
2019:05:06 15:02:29 238218 1048.5463
2019:05:06 15:02:29 238754 526.4021
2019:05:06 15:02:29 240251 1014.1507
2019:05:06 15:02:29 240787 526.1116
2019:05:06 15:02:29 265951 24675.2910
2019:05:06 15:02:29 266583 623.4199
2019:05:06 15:02:29 267554 510.4952
2019:05:06 15:02:29 268618 536.3971
2019:05:06 15:02:29 282253 13130.9777
2019:05:06 15:02:29 282849 588.5661
2019:05:06 15:02:29 283775 501.7295
2019:05:06 15:02:29 284882 626.0537
2019:05:06 15:02:29 285816 514.8724
2019:05:06 15:02:29 286951 650.6518
2019:05:06 15:02:29 288124 748.1724
2019:05:06 15:02:29 289144 493.6457
2019:05:06 15:02:29 314259 24510.5177
2019:05:06 15:02:29 314799 532.2173
2019:05:06 15:02:29 315958 676.0135
2019:05:06 15:02:29 316866 900.9168
2019:05:06 15:02:29 330411 12544.1588
2019:05:06 15:02:29 331513 617.7537
2019:05:06 15:02:29 332450 501.3235
2019:05:06 15:02:29 333567 634.7038
2019:05:06 15:02:29 334482 488.6873
2019:05:06 15:02:29 335619 653.9188
2019:05:06 15:02:29 336510 491.9507
2019:05:06 15:02:29 362230 25237.5603
2019:05:06 15:02:29 363264 1025.1254
2019:05:06 15:02:29 364813 801.4143
2019:05:06 15:02:29 378535 13713.7063
2019:05:06 15:02:29 379045 501.0553
2019:05:06 15:02:29 380190 661.9841
2019:05:06 15:02:29 381079 482.3096
2019:05:06 15:02:29 382243 680.7335
2019:05:06 15:02:29 383612 951.1001
2019:05:06 15:02:29 384649 1028.7948
2019:05:06 15:02:29 385191 495.5269
2019:05:06 15:02:29 425249 7894.7432
2019:05:06 15:02:29 457876 521.0079
2019:05:06 15:02:29 458288 388.9725
2019:05:06 15:02:29 459108 416.3347
2019:05:06 15:02:29 459910 405.1924
2019:05:06 15:02:29 460337 413.0751
2019:05:06 15:02:29 461155 419.8328
2019:05:06 15:02:29 537354 39999.8799
2019:05:06 15:02:29 577370 40004.7563
2019:05:06 15:02:29 661354 31997.6024
2019:05:06 15:02:29 662015 651.1174
2019:05:06 15:02:29 663231 818.7890
2019:05:06 15:02:29 664051 413.7158
2019:05:06 15:02:29 665279 819.1019
2019:05:06 15:02:29 693954 599.0230
2019:05:06 15:02:29 694376 409.3461
2019:05:06 15:02:29 695191 413.5817
2019:05:06 15:02:29 695999 409.0779
2019:05:06 15:02:29 696420 409.9049
2019:05:06 15:02:29 697240 414.8595
2019:05:06 15:02:29 725894 540.6663
2019:05:06 15:02:29 726722 415.2693
2019:05:06 15:02:29 727534 414.1815
2019:05:06 15:02:29 727955 396.7583
2019:05:06 15:02:29 728778 413.1161
2019:05:06 15:02:29 729589 417.0202
2019:05:06 15:02:29 730007 393.8302
2019:05:06 15:02:29 730831 418.8903
2019:05:06 15:02:29 731641 418.4656
2019:05:06 15:02:29 732454 801.7048
2019:05:06 15:02:29 733285 425.1413
2019:05:06 15:02:29 761943 402.6033
2019:05:06 15:02:29 762765 422.9955
2019:05:06 15:02:29 763573 801.5260
2019:05:06 15:02:29 764387 804.4690
2019:05:06 15:02:29 764808 407.4834
2019:05:06 15:02:29 789365 24155.2964
2019:05:06 15:02:29 793842 413.0676
2019:05:06 15:02:29 794632 418.1601
2019:05:06 15:02:29 795445 414.5652
2019:05:06 15:02:29 796253 413.5817
2019:05:06 15:02:29 797071 412.1400
2019:05:06 15:02:29 853358 32004.0025
2019:05:06 15:02:29 857603 4238.0989
2019:05:06 15:02:29 858404 636.2945
2019:05:06 15:02:29 859227 418.7115
2019:05:06 15:02:29 860051 420.4102
2019:05:06 15:02:29 861276 1218.5387
2019:05:06 15:02:29 933355 40000.6808
2019:05:06 15:02:29 937614 4249.6435
2019:05:06 15:02:29 938429 418.1266
2019:05:06 15:02:29 939253 420.8200
2019:05:06 15:02:29 940063 415.1911
2019:05:06 15:02:29 940883 416.2900
2019:05:06 15:02:29 973353 32067.3883
2019:05:06 15:02:30 13365 40001.0683
2019:05:06 15:02:30 49444 4090.1303
2019:05:06 15:02:30 50247 787.4332
2019:05:06 15:02:30 51063 417.5082
2019:05:06 15:02:30 51882 418.8940
2019:05:06 15:02:30 52692 413.5072
2019:05:06 15:02:30 77355 24256.1400
2019:05:06 15:02:30 78107 740.5095
2019:05:06 15:02:30 78910 394.7504
2019:05:06 15:02:30 79740 815.1643
2019:05:06 15:02:30 80154 403.0354
2019:05:06 15:02:30 97366 16815.2973
2019:05:06 15:02:30 169361 44004.6750
2019:05:06 15:02:30 193369 23998.2083
2019:05:06 15:02:30 257355 31998.8169
2019:05:06 15:02:30 289361 31996.2613
2019:05:06 15:02:30 290157 387.2216
2019:05:06 15:02:30 290972 414.8930
2019:05:06 15:02:30 291790 414.7775
2019:05:06 15:02:30 292604 416.7669
2019:05:06 15:02:30 329354 36346.6367
2019:05:06 15:02:30 369366 40002.2268
2019:05:06 15:02:30 449363 39998.1849
2019:05:06 15:02:30 481363 31991.9884
2019:05:06 15:02:30 517367 4012.1265
2019:05:06 15:02:30 518157 394.7616
2019:05:06 15:02:30 518969 406.0492
2019:05:06 15:02:30 519789 804.9794
2019:05:06 15:02:30 520221 418.2756
2019:05:06 15:02:30 521028 408.6532
2019:05:06 15:02:30 549331 3976.1253
2019:05:06 15:02:30 550110 417.7280
2019:05:06 15:02:30 550918 393.3981
2019:05:06 15:02:30 551348 416.6700
2019:05:06 15:02:30 552156 422.1387
2019:05:06 15:02:30 552966 409.7708
2019:05:06 15:02:30 577366 24388.0562
2019:05:06 15:02:30 589829 475.1906
2019:05:06 15:02:30 590645 407.8597
2019:05:06 15:02:30 591465 809.5428
2019:05:06 15:02:30 591890 414.8483
2019:05:06 15:02:30 592693 405.1700
2019:05:06 15:02:30 621393 28689.0194
2019:05:06 15:02:30 622184 782.4786
2019:05:06 15:02:30 623002 805.7803
2019:05:06 15:02:30 623821 413.8388
2019:05:06 15:02:30 625048 818.8747
2019:05:06 15:02:30 653359 27899.7086
2019:05:06 15:02:30 693367 39999.9432
2019:05:06 15:02:30 773356 40002.9942
2019:05:06 15:02:30 781805 8441.5302
2019:05:06 15:02:30 782610 780.3440
2019:05:06 15:02:30 783435 815.0041
2019:05:06 15:02:30 783858 408.2248
2019:05:06 15:02:30 784667 456.5492
2019:05:06 15:02:30 833355 48676.6957
2019:05:06 15:02:30 833825 455.4540
2019:05:06 15:02:30 834649 422.8987
2019:05:06 15:02:30 835406 363.9385
2019:05:06 15:02:30 835875 456.9590
2019:05:06 15:02:30 836701 422.8391
2019:05:06 15:02:30 837473 382.5426
2019:05:06 15:02:30 838325 421.7774
2019:05:06 15:02:30 839149 423.4202
2019:05:06 15:02:30 839542 387.6910
2019:05:06 15:02:30 840365 415.2469
2019:05:06 15:02:30 841183 413.6935
2019:05:06 15:02:30 865789 410.6909
2019:05:06 15:02:30 866589 469.1407
2019:05:06 15:02:30 867407 419.9594
2019:05:06 15:02:30 868172 370.2939
2019:05:06 15:02:30 868642 456.9180
2019:05:06 15:02:30 869473 431.9847
2019:05:06 15:02:30 870221 367.2838
2019:05:06 15:02:30 871081 411.5291
2019:05:06 15:02:30 871901 413.5817
2019:05:06 15:02:30 872717 458.3858
2019:05:06 15:02:30 897354 24626.1656
2019:05:06 15:02:30 901813 4449.4569
2019:05:06 15:02:30 902618 777.0434
2019:05:06 15:02:30 902999 368.4796
2019:05:06 15:02:30 903855 415.6120
2019:05:06 15:02:30 904673 413.2837
2019:05:06 15:02:30 925170 20137.6192
2019:05:06 15:02:30 957362 32181.1736
2019:05:06 15:02:31 21360 32004.6432
2019:05:06 15:02:31 65368 44001.7320
2019:05:06 15:02:31 145357 39998.8145
2019:05:06 15:02:31 149633 4265.7927
2019:05:06 15:02:31 150446 409.6925
2019:05:06 15:02:31 151248 410.1060
2019:05:06 15:02:31 152066 412.5573
2019:05:06 15:02:31 152886 413.3731
2019:05:06 15:02:31 185360 32067.4330
2019:05:06 15:02:31 221383 36012.0796
2019:05:06 15:02:31 226212 794.5448
2019:05:06 15:02:31 227021 802.4834
2019:05:06 15:02:31 227439 405.5128
2019:05:06 15:02:31 228258 417.7317
2019:05:06 15:02:31 229066 410.6648
2019:05:06 15:02:31 261363 32285.6605
2019:05:06 15:02:31 262252 771.8801
2019:05:06 15:02:31 263061 794.1537
2019:05:06 15:02:31 263489 413.4513
2019:05:06 15:02:31 264289 401.8918
2019:05:06 15:02:31 265109 799.2908
2019:05:06 15:02:31 265543 422.5969
2019:05:06 15:02:31 266348 403.0801
2019:05:06 15:02:31 267169 806.0373
2019:05:06 15:02:31 267981 796.0722
2019:05:06 15:02:31 268409 417.3890
2019:05:06 15:02:31 269224 416.2043
2019:05:06 15:02:31 333358 32002.0989
2019:05:06 15:02:31 365364 31999.3682
2019:05:06 15:02:31 397812 457.7488
2019:05:06 15:02:31 398631 805.2886
2019:05:06 15:02:31 399058 413.1086
2019:05:06 15:02:31 399864 413.6749
2019:05:06 15:02:31 400680 410.8846
2019:05:06 15:02:31 401100 408.6345
2019:05:06 15:02:31 429360 27857.7283
2019:05:06 15:02:31 461366 31999.6178
2019:05:06 15:02:31 525354 31998.6343
2019:05:06 15:02:31 565367 40005.4604
2019:05:06 15:02:31 645355 40000.2263
2019:05:06 15:02:31 649329 3964.9382
2019:05:06 15:02:31 650533 818.0477
2019:05:06 15:02:31 651357 810.5747
2019:05:06 15:02:31 652182 419.9594
2019:05:06 15:02:31 653000 414.3603
2019:05:06 15:02:31 725354 39998.0024
2019:05:06 15:02:31 729607 4241.4628
2019:05:06 15:02:31 730408 419.8216
2019:05:06 15:02:31 731211 404.0524
2019:05:06 15:02:31 732030 804.8490
2019:05:06 15:02:31 732457 415.9249
2019:05:06 15:02:31 733270 417.3256
2019:05:06 15:02:31 797354 31998.7461
2019:05:06 15:02:31 797962 598.8888
2019:05:06 15:02:31 798573 598.8888
2019:05:06 15:02:31 799393 418.5401
2019:05:06 15:02:31 800197 408.9214
2019:05:06 15:02:31 801013 803.0720
2019:05:06 15:02:31 829354 28321.3221
2019:05:06 15:02:31 861363 31999.5731
2019:05:06 15:02:31 862399 760.9613
2019:05:06 15:02:31 863217 805.8287
2019:05:06 15:02:31 864036 804.6068
2019:05:06 15:02:31 864855 806.4210
2019:05:06 15:02:31 893359 28490.3608
2019:05:06 15:02:31 925174 31807.8063
2019:05:06 15:02:31 997361 40006.3097
2019:05:06 15:02:32 37363 39993.3122
2019:05:06 15:02:32 41799 412.4269
2019:05:06 15:02:32 42586 412.7659
2019:05:06 15:02:32 43409 417.8658
2019:05:06 15:02:32 44230 419.9930
2019:05:06 15:02:32 45047 417.8248
2019:05:06 15:02:32 77810 455.1224
2019:05:06 15:02:32 78645 815.4660
2019:05:06 15:02:32 79460 809.1889
2019:05:06 15:02:32 80267 800.1179
2019:05:06 15:02:32 80690 411.3354
2019:05:06 15:02:32 93375 4020.6760
2019:05:06 15:02:32 94189 799.5702
2019:05:06 15:02:32 95011 809.1219
2019:05:06 15:02:32 95830 413.3657
2019:05:06 15:02:32 97059 819.2286
2019:05:06 15:02:32 129872 517.0107
2019:05:06 15:02:32 130687 783.1715
2019:05:06 15:02:32 131502 794.6193
2019:05:06 15:02:32 131942 430.2301
2019:05:06 15:02:32 132748 421.6954
2019:05:06 15:02:32 169608 36460.7573
2019:05:06 15:02:32 170424 810.3661
2019:05:06 15:02:32 171230 798.8587
2019:05:06 15:02:32 172046 806.0932
2019:05:06 15:02:32 172865 807.6094
2019:05:06 15:02:32 173286 409.8117
2019:05:06 15:02:32 210091 736.6426
2019:05:06 15:02:32 210909 805.1507
2019:05:06 15:02:32 211729 804.2082
2019:05:06 15:02:32 212147 406.0306
2019:05:06 15:02:32 212965 413.7903
2019:05:06 15:02:32 213803 432.2603
2019:05:06 15:02:32 214615 425.6144
2019:05:06 15:02:32 215435 426.9928
2019:05:06 15:02:32 216241 408.2136
2019:05:06 15:02:32 217070 413.6227
2019:05:06 15:02:32 249830 475.9207
2019:05:06 15:02:32 250655 812.5156
2019:05:06 15:02:32 251063 396.2629
2019:05:06 15:02:32 251891 417.8248
2019:05:06 15:02:32 252699 416.8786
2019:05:06 15:02:32 253115 244.4014
2019:05:06 15:02:32 253933 413.2800
2019:05:06 15:02:32 254760 415.4257
2019:05:06 15:02:32 255566 422.8540
2019:05:06 15:02:32 256386 417.6013
2019:05:06 15:02:32 256963 179.5366
2019:05:06 15:02:32 289365 32166.0787
2019:05:06 15:02:32 361354 31999.6588
2019:05:06 15:02:32 393362 32000.8211
2019:05:06 15:02:32 425830 476.9452
2019:05:06 15:02:32 426615 774.0669
2019:05:06 15:02:32 427428 802.7442
2019:05:06 15:02:32 428244 805.0092
2019:05:06 15:02:32 429066 810.6381
2019:05:06 15:02:32 429889 812.4262
2019:05:06 15:02:32 430313 393.1187
2019:05:06 15:02:32 431131 415.7759
2019:05:06 15:02:32 431952 418.0856
2019:05:06 15:02:32 432763 416.3086
2019:05:06 15:02:32 457353 24187.0657
2019:05:06 15:02:32 461856 4491.9327
2019:05:06 15:02:32 462673 420.8200
2019:05:06 15:02:32 463474 412.6690
2019:05:06 15:02:32 464293 412.8926
2019:05:06 15:02:32 465117 417.0761
2019:05:06 15:02:32 489365 24238.8956
2019:05:06 15:02:32 533538 4183.0242
2019:05:06 15:02:32 534356 420.1569
2019:05:06 15:02:32 535152 413.2316
2019:05:06 15:02:32 535967 409.3610
2019:05:06 15:02:32 536389 411.2683
2019:05:06 15:02:32 537199 413.4662
2019:05:06 15:02:32 569968 613.4734
2019:05:06 15:02:32 570782 792.0973
2019:05:06 15:02:32 571203 409.3349
2019:05:06 15:02:32 572014 413.7531
2019:05:06 15:02:32 572830 409.4951
2019:05:06 15:02:32 573251 410.0241
2019:05:06 15:02:32 574061 412.0618
2019:05:06 15:02:32 574884 415.1016
2019:05:06 15:02:32 575304 406.9582
2019:05:06 15:02:32 576109 413.9729
2019:05:06 15:02:32 576926 409.9756
2019:05:06 15:02:32 609355 32418.3367
2019:05:06 15:02:32 610122 756.5394
2019:05:06 15:02:32 610925 414.1331
2019:05:06 15:02:32 611741 410.0464
2019:05:06 15:02:32 612166 412.7361
2019:05:06 15:02:32 612979 416.7221
2019:05:06 15:02:32 613829 439.9195
2019:05:06 15:02:32 614215 375.7291
2019:05:06 15:02:32 615021 414.2486
2019:05:06 15:02:32 615846 419.7583
2019:05:06 15:02:32 616672 414.3454
2019:05:06 15:02:32 649424 32355.0254
2019:05:06 15:02:32 649985 532.9140
2019:05:06 15:02:32 650803 418.8530
2019:05:06 15:02:32 651479 276.2116
2019:05:06 15:02:32 652030 417.5343
2019:05:06 15:02:32 652850 418.8530
2019:05:06 15:02:32 681367 28116.8446
2019:05:06 15:02:32 685629 402.8864
2019:05:06 15:02:32 686423 399.6044
2019:05:06 15:02:32 687254 416.4614
2019:05:06 15:02:32 688069 412.2406
2019:05:06 15:02:32 688483 402.0594
2019:05:06 15:02:32 689318 420.9913
2019:05:06 15:02:32 713738 382.2222
2019:05:06 15:02:32 714507 422.1126
2019:05:06 15:02:32 715327 423.0589
2019:05:06 15:02:32 716133 409.9943
2019:05:06 15:02:32 716953 809.3864
2019:05:06 15:02:32 718176 808.5668
2019:05:06 15:02:32 718994 801.1609
2019:05:06 15:02:32 719425 419.1361
2019:05:06 15:02:32 720240 417.5082
2019:05:06 15:02:32 721058 421.7848
2019:05:06 15:02:32 749719 4363.9243
2019:05:06 15:02:32 750534 794.7087
2019:05:06 15:02:32 751354 804.0369
2019:05:06 15:02:32 752178 812.8025
2019:05:06 15:02:32 752602 413.8835
2019:05:06 15:02:32 775374 22381.1679
2019:05:06 15:02:32 781675 6292.9541
2019:05:06 15:02:32 782495 417.3219
2019:05:06 15:02:32 783306 414.8334
2019:05:06 15:02:32 783725 409.5025
2019:05:06 15:02:32 784546 412.6579
2019:05:06 15:02:32 817363 32419.8008
2019:05:06 15:02:32 849364 31992.2902
2019:05:06 15:02:32 921354 39999.2950
2019:05:06 15:02:32 961363 40001.1912
2019:05:06 15:02:33 41353 39999.1907
2019:05:06 15:02:33 73364 32002.8365
2019:05:06 15:02:33 105796 441.7077
2019:05:06 15:02:33 106610 418.9238
2019:05:06 15:02:33 107428 811.7966
2019:05:06 15:02:33 108253 818.4500
2019:05:06 15:02:33 109059 800.1700
2019:05:06 15:02:33 137360 28290.9498
2019:05:06 15:02:33 138138 770.8818
2019:05:06 15:02:33 138953 802.3679
2019:05:06 15:02:33 139374 411.3354
2019:05:06 15:02:33 140194 418.6407
2019:05:06 15:02:33 141013 418.6742
2019:05:06 15:02:33 141836 681.5270
2019:05:06 15:02:33 142643 795.8189
2019:05:06 15:02:33 143064 409.7857
2019:05:06 15:02:33 143878 418.6854
2019:05:06 15:02:33 144688 409.5361
2019:05:06 15:02:33 145112 406.0045
2019:05:06 15:02:33 169717 24469.2750
2019:05:06 15:02:33 170498 651.8513
2019:05:06 15:02:33 171728 820.8081
2019:05:06 15:02:33 172544 667.4528
2019:05:06 15:02:33 173784 830.1362
2019:05:06 15:02:33 174208 411.7526
2019:05:06 15:02:33 175025 421.5091
2019:05:06 15:02:33 175833 400.7630
2019:05:06 15:02:33 176243 395.7860
2019:05:06 15:02:33 177070 419.2665
2019:05:06 15:02:33 205332 3975.4137
2019:05:06 15:02:33 206140 400.6587
2019:05:06 15:02:33 206947 398.1926
2019:05:06 15:02:33 207768 808.8015
2019:05:06 15:02:33 208191 411.7712
2019:05:06 15:02:33 208995 407.6883
2019:05:06 15:02:33 233375 24367.0233
2019:05:06 15:02:33 253788 432.8713
2019:05:06 15:02:33 254872 415.7946
2019:05:06 15:02:33 255693 417.4449
2019:05:06 15:02:33 256115 411.2385
2019:05:06 15:02:33 256932 423.7555
2019:05:06 15:02:33 257758 425.7299
2019:05:06 15:02:33 258552 781.0555
2019:05:06 15:02:33 259379 816.7401
2019:05:06 15:02:33 260197 807.7137
2019:05:06 15:02:33 261013 806.1528
2019:05:06 15:02:33 285596 24565.3205
2019:05:06 15:02:33 286410 778.8390
2019:05:06 15:02:33 286828 406.8129
2019:05:06 15:02:33 287647 413.1906
2019:05:06 15:02:33 288461 415.8728
2019:05:06 15:02:33 288876 270.3741
2019:05:06 15:02:33 317366 28086.9119
2019:05:06 15:02:33 318368 813.2309
2019:05:06 15:02:33 319178 803.5414
2019:05:06 15:02:33 319592 403.0429
2019:05:06 15:02:33 320414 415.2246
2019:05:06 15:02:33 321232 414.0884
2019:05:06 15:02:33 322054 412.4045
2019:05:06 15:02:33 322869 414.3491
2019:05:06 15:02:33 323682 408.1987
2019:05:06 15:02:33 324509 419.8216
2019:05:06 15:02:33 325326 413.4588
2019:05:06 15:02:33 349905 423.4649
2019:05:06 15:02:33 350725 421.9189
2019:05:06 15:02:33 351534 412.7882
2019:05:06 15:02:33 351958 412.7137
2019:05:06 15:02:33 352772 421.4644
2019:05:06 15:02:33 353587 415.4667
2019:05:06 15:02:33 354397 796.3292
2019:05:06 15:02:33 355212 804.5249
2019:05:06 15:02:33 355638 413.3023
2019:05:06 15:02:33 356445 405.8592
2019:05:06 15:02:33 357264 808.8574
2019:05:06 15:02:33 381364 24083.9906
2019:05:06 15:02:33 441360 32005.7720
2019:05:06 15:02:33 473365 31998.1985
2019:05:06 15:02:33 474383 770.9377
2019:05:06 15:02:33 475595 823.5313
2019:05:06 15:02:33 476017 409.6106
2019:05:06 15:02:33 476844 417.3517
2019:05:06 15:02:33 513296 36065.6381
2019:05:06 15:02:33 514093 788.0963
2019:05:06 15:02:33 514536 430.3381
2019:05:06 15:02:33 515336 421.0956
2019:05:06 15:02:33 516141 409.5212
2019:05:06 15:02:33 516573 416.0479
2019:05:06 15:02:33 541364 24401.4934
2019:05:06 15:02:33 542357 373.6801
2019:05:06 15:02:33 543175 414.9340
2019:05:06 15:02:33 543994 419.1995
2019:05:06 15:02:33 544813 415.9510
2019:05:06 15:02:33 545635 418.4172
2019:05:06 15:02:33 546453 806.2534
2019:05:06 15:02:33 547262 797.3798
2019:05:06 15:02:33 547682 409.8751
2019:05:06 15:02:33 548502 417.8360
2019:05:06 15:02:33 549310 409.7298
2019:05:06 15:02:33 549734 413.3917
2019:05:06 15:02:33 550551 418.6481
2019:05:06 15:02:33 551366 415.2060
2019:05:06 15:02:33 552192 423.9678
2019:05:06 15:02:33 553005 415.1650
2019:05:06 15:02:33 577983 624.7796
2019:05:06 15:02:33 578405 402.3202
2019:05:06 15:02:33 579223 403.0950
2019:05:06 15:02:33 580036 404.0264
2019:05:06 15:02:33 580463 415.7126
2019:05:06 15:02:33 581286 426.1509
2019:05:06 15:02:33 582102 419.7881
2019:05:06 15:02:33 582906 416.1522
2019:05:06 15:02:33 583719 399.1537
2019:05:06 15:02:33 584533 408.5526
2019:05:06 15:02:33 585358 813.9685
2019:05:06 15:02:33 586177 798.3148
2019:05:06 15:02:33 586991 804.2082
2019:05:06 15:02:33 587811 807.4865
2019:05:06 15:02:33 588629 804.5845
2019:05:06 15:02:33 613354 24715.6918
2019:05:06 15:02:33 649364 35998.4301
2019:05:06 15:02:33 650190 483.1851
2019:05:06 15:02:33 651021 418.0633
2019:05:06 15:02:33 651769 360.9210
2019:05:06 15:02:33 652646 420.5704
2019:05:06 15:02:33 653487 441.0073
2019:05:06 15:02:33 654276 474.5796
2019:05:06 15:02:33 655094 803.0161
2019:05:06 15:02:33 655520 415.1911
2019:05:06 15:02:33 656321 474.5163
2019:05:06 15:02:33 657142 804.5733
2019:05:06 15:02:33 657903 747.7999
2019:05:06 15:02:33 658381 453.5578
2019:05:06 15:02:33 659199 412.8814
2019:05:06 15:02:33 659945 342.8571
2019:05:06 15:02:33 660434 426.4228
2019:05:06 15:02:33 661250 415.9883
2019:05:06 15:02:33 721361 36006.8977
2019:05:06 15:02:33 737447 16077.2428
2019:05:06 15:02:33 738267 496.0746
2019:05:06 15:02:33 739465 802.4238
2019:05:06 15:02:33 740283 797.3462
2019:05:06 15:02:33 741102 807.7398
2019:05:06 15:02:33 741556 439.1484
2019:05:06 15:02:33 742334 468.0939
2019:05:06 15:02:33 743154 807.6504
2019:05:06 15:02:33 743579 413.4178
2019:05:06 15:02:33 744379 474.3598
2019:05:06 15:02:33 745198 806.6744
2019:05:06 15:02:33 769786 24575.7625
2019:05:06 15:02:33 770533 733.8747
2019:05:06 15:02:33 771025 430.4573
2019:05:06 15:02:33 771839 417.9552
2019:05:06 15:02:33 772584 349.5514
2019:05:06 15:02:33 773476 424.5751
2019:05:06 15:02:33 774292 410.3892
2019:05:06 15:02:33 774686 383.8688
2019:05:06 15:02:33 775517 417.1468
2019:05:06 15:02:33 776338 415.0309
2019:05:06 15:02:33 777156 805.9889
2019:05:06 15:02:33 801364 24195.3395
2019:05:06 15:02:33 802026 390.1348
2019:05:06 15:02:33 802848 429.3732
2019:05:06 15:02:33 803654 800.1663
2019:05:06 15:02:33 804072 407.5952
2019:05:06 15:02:33 804892 411.3503
2019:05:06 15:02:33 833362 28066.7208
2019:05:06 15:02:33 834403 418.7003
2019:05:06 15:02:33 835196 412.4828
2019:05:06 15:02:33 836017 418.2570
2019:05:06 15:02:33 836437 410.4115
2019:05:06 15:02:33 837244 413.8313
2019:05:06 15:02:33 929362 32005.9247
2019:05:06 15:02:33 961365 31992.5100
2019:05:06 15:02:33 997295 3931.9508
2019:05:06 15:02:33 998097 416.3869
2019:05:06 15:02:33 998903 416.4428
2019:05:06 15:02:33 999717 418.0148
2019:05:06 15:02:34 539 420.0824
2019:05:06 15:02:34 1362 424.6719
2019:05:06 15:02:34 2179 804.5472
2019:05:06 15:02:34 2603 409.1561
2019:05:06 15:02:34 3402 403.9593
2019:05:06 15:02:34 4235 421.7997
2019:05:06 15:02:34 5038 408.9437
2019:05:06 15:02:34 30020 665.1394
2019:05:06 15:02:34 30849 405.8108
2019:05:06 15:02:34 31675 422.2281
2019:05:06 15:02:34 32490 419.3746
2019:05:06 15:02:34 33300 406.8203
2019:05:06 15:02:34 73364 40050.9052
2019:05:06 15:02:34 74433 801.6191
2019:05:06 15:02:34 74864 414.2448
2019:05:06 15:02:34 75676 413.4066
2019:05:06 15:02:34 76494 422.2877
2019:05:06 15:02:34 77321 434.5551
2019:05:06 15:02:34 109374 32044.9769
2019:05:06 15:02:34 110320 404.0711
2019:05:06 15:02:34 111151 406.5372
2019:05:06 15:02:34 111962 408.4334
2019:05:06 15:02:34 112384 405.6357
2019:05:06 15:02:34 113210 426.6649
2019:05:06 15:02:34 114020 400.0254
2019:05:06 15:02:34 114823 577.6398
2019:05:06 15:02:34 115647 810.6641
2019:05:06 15:02:34 116283 626.3703
2019:05:06 15:02:34 116883 416.7855
2019:05:06 15:02:34 145354 28068.7362
2019:05:06 15:02:34 177366 32004.0509
2019:05:06 15:02:34 178073 376.9584
2019:05:06 15:02:34 179279 809.5354
2019:05:06 15:02:34 180108 810.8728
2019:05:06 15:02:34 180928 809.9303
2019:05:06 15:02:34 181757 817.1871
2019:05:06 15:02:34 182555 785.7531
2019:05:06 15:02:34 183374 808.1160
2019:05:06 15:02:34 183805 416.7557
2019:05:06 15:02:34 184613 412.1512
2019:05:06 15:02:34 209354 24337.3699
2019:05:06 15:02:34 214108 4743.5239
2019:05:06 15:02:34 214915 770.9675
2019:05:06 15:02:34 215735 807.8068
2019:05:06 15:02:34 216160 412.9410
2019:05:06 15:02:34 216971 414.1368
2019:05:06 15:02:34 273353 31990.4163
2019:05:06 15:02:34 305362 31999.2043
2019:05:06 15:02:34 309962 416.0404
2019:05:06 15:02:34 310762 406.9544
2019:05:06 15:02:34 311174 399.7162
2019:05:06 15:02:34 311999 419.1026
2019:05:06 15:02:34 312805 409.4169
2019:05:06 15:02:34 313221 405.8629
2019:05:06 15:02:34 337790 435.6578
2019:05:06 15:02:34 338610 409.4653
2019:05:06 15:02:34 339436 419.3410
2019:05:06 15:02:34 340272 765.9495
2019:05:06 15:02:34 341071 791.6950
2019:05:06 15:02:34 341512 429.6526
2019:05:06 15:02:34 342303 416.6365
2019:05:06 15:02:34 343124 418.8083
2019:05:06 15:02:34 343942 411.3689
2019:05:06 15:02:34 345168 819.3105
2019:05:06 15:02:34 401357 32003.4027
2019:05:06 15:02:34 405800 4433.4456
2019:05:06 15:02:34 406608 414.1293
2019:05:06 15:02:34 407427 411.0895
2019:05:06 15:02:34 408654 820.7522
2019:05:06 15:02:34 409500 437.8147
2019:05:06 15:02:34 410295 418.8381
2019:05:06 15:02:34 411520 825.2412
2019:05:06 15:02:34 412333 806.8644
2019:05:06 15:02:34 437357 24616.6065
2019:05:06 15:02:34 438137 767.6184
2019:05:06 15:02:34 438970 820.8603
2019:05:06 15:02:34 441425 2444.0251
2019:05:06 15:02:34 442246 808.3172
2019:05:06 15:02:34 443064 812.0723
2019:05:06 15:02:34 443882 414.7626
2019:05:06 15:02:34 444696 746.1905
