
# OSU MPI Allreduce Latency Test v5.6.1
# Size       Avg Latency(us)
1024                 6838.38
2019:05:06 15:02:15 38693 422.6752
2019:05:06 15:02:15 39502 657.6292
2019:05:06 15:02:15 40323 814.6092
2019:05:06 15:02:15 41131 784.7100
2019:05:06 15:02:15 41948 800.7400
2019:05:06 15:02:15 42770 403.6166
2019:05:06 15:02:15 43191 253.7966
2019:05:06 15:02:15 44404 815.7305
2019:05:06 15:02:15 45002 587.6161
2019:05:06 15:02:15 46872 1647.9082
2019:05:06 15:02:15 47679 798.7469
2019:05:06 15:02:15 48507 816.9711
2019:05:06 15:02:15 49335 423.9604
2019:05:06 15:02:15 55078 391.4572
2019:05:06 15:02:15 55871 646.1181
2019:05:06 15:02:15 56695 810.1165
2019:05:06 15:02:15 57126 420.0488
2019:05:06 15:02:15 67370 318.3931
2019:05:06 15:02:15 68188 430.8186
2019:05:06 15:02:15 69000 426.8177
2019:05:06 15:02:15 69830 426.2961
2019:05:06 15:02:15 70647 428.3935
2019:05:06 15:02:15 71451 417.9552
2019:05:06 15:02:15 72279 669.3266
2019:05:06 15:02:15 73087 415.6902
2019:05:06 15:02:15 82096 8610.9601
2019:05:06 15:02:15 82923 803.2806
2019:05:06 15:02:15 83725 785.1012
2019:05:06 15:02:15 84566 663.5264
2019:05:06 15:02:15 85409 824.8501
2019:05:06 15:02:15 86190 386.4244
2019:05:06 15:02:15 87029 825.7367
2019:05:06 15:02:15 87443 400.9418
2019:05:06 15:02:15 88238 401.2249
2019:05:06 15:02:15 89068 421.4644
2019:05:06 15:02:15 90042 576.8277
2019:05:06 15:02:15 90708 423.2228
2019:05:06 15:02:15 91526 427.2424
2019:05:06 15:02:15 92109 189.5688
2019:05:06 15:02:15 92764 432.5435
2019:05:06 15:02:15 93585 426.7879
2019:05:06 15:02:15 94382 413.1943
2019:05:06 15:02:15 95235 839.8704
2019:05:06 15:02:15 96201 957.6455
2019:05:06 15:02:15 96862 654.3174
2019:05:06 15:02:15 107918 10670.3974
2019:05:06 15:02:15 108726 416.3608
2019:05:06 15:02:15 110366 1234.2706
2019:05:06 15:02:15 111195 433.8659
2019:05:06 15:02:15 112009 410.6238
2019:05:06 15:02:15 112824 416.9829
2019:05:06 15:02:15 114466 1248.9706
2019:05:06 15:02:15 127309 12824.3640
2019:05:06 15:02:15 128470 799.6671
2019:05:06 15:02:15 129308 826.3513
2019:05:06 15:02:15 133810 4486.4379
2019:05:06 15:02:15 134633 425.7523
2019:05:06 15:02:15 135448 416.4316
2019:05:06 15:02:15 136276 432.9719
2019:05:06 15:02:15 137094 430.0922
2019:05:06 15:02:15 137894 415.0271
2019:05:06 15:02:15 138717 413.6600
2019:05:06 15:02:15 139530 409.0704
2019:05:06 15:02:15 140355 812.5529
2019:05:06 15:02:15 140780 410.8772
2019:05:06 15:02:15 141591 417.4188
2019:05:06 15:02:15 142411 417.0500
2019:05:06 15:02:15 157562 14749.3221
2019:05:06 15:02:15 157981 406.6005
2019:05:06 15:02:15 159191 814.4677
2019:05:06 15:02:15 160014 810.3661
2019:05:06 15:02:15 160830 798.5607
2019:05:06 15:02:15 161677 431.7723
2019:05:06 15:02:15 162478 420.8907
2019:05:06 15:02:15 163312 425.1488
2019:05:06 15:02:15 164120 410.7989
2019:05:06 15:02:15 164924 792.8200
2019:05:06 15:02:15 165371 429.9097
2019:05:06 15:02:15 166183 424.4968
2019:05:06 15:02:15 166994 427.7192
2019:05:06 15:02:15 192888 417.6386
2019:05:06 15:02:15 193723 434.5961
2019:05:06 15:02:15 194541 430.6361
2019:05:06 15:02:15 195336 413.3619
2019:05:06 15:02:15 196154 410.1545
2019:05:06 15:02:15 196971 805.7505
2019:05:06 15:02:15 198107 1124.0877
2019:05:06 15:02:15 198636 521.0489
2019:05:06 15:02:15 199438 415.8802
2019:05:06 15:02:15 200263 412.7361
2019:05:06 15:02:15 201075 417.6125
2019:05:06 15:02:15 230190 29100.1759
2019:05:06 15:02:15 242106 11906.4301
2019:05:06 15:02:15 243259 789.8100
2019:05:06 15:02:15 244077 791.9818
2019:05:06 15:02:15 254383 10294.5380
2019:05:06 15:02:15 278500 259.1573
2019:05:06 15:02:15 279298 413.2539
2019:05:06 15:02:15 280115 410.1917
2019:05:06 15:02:15 280542 416.9047
2019:05:06 15:02:15 281358 414.4385
2019:05:06 15:02:15 282167 411.8308
2019:05:06 15:02:15 282589 410.9070
2019:05:06 15:02:15 283400 418.4246
2019:05:06 15:02:15 284222 422.3771
2019:05:06 15:02:15 285029 796.1355
2019:05:06 15:02:15 289548 4503.0899
2019:05:06 15:02:15 290359 798.2552
2019:05:06 15:02:15 290784 414.0511
2019:05:06 15:02:15 291587 415.8653
2019:05:06 15:02:15 292402 409.5174
2019:05:06 15:02:15 292827 411.5142
2019:05:06 15:02:15 302147 8926.2500
2019:05:06 15:02:15 318496 16339.1419
2019:05:06 15:02:15 322555 3502.7228
2019:05:06 15:02:15 323537 797.3388
2019:05:06 15:02:15 323969 408.6681
2019:05:06 15:02:15 373261 48893.1499
2019:05:06 15:02:15 373927 657.0294
2019:05:06 15:02:15 374353 413.8686
2019:05:06 15:02:15 375161 425.5287
2019:05:06 15:02:15 375963 789.1543
2019:05:06 15:02:15 376393 420.8833
2019:05:06 15:02:15 377207 411.9463
2019:05:06 15:02:15 378017 797.7486
2019:05:06 15:02:15 378855 826.7015
2019:05:06 15:02:15 379646 775.6837
2019:05:06 15:02:15 380069 410.9964
2019:05:06 15:02:15 380877 413.6898
2019:05:06 15:02:15 381293 405.3675
2019:05:06 15:02:15 395243 9334.2066
2019:05:06 15:02:15 396028 773.8248
2019:05:06 15:02:15 396450 396.2852
2019:05:06 15:02:15 417332 425.4654
2019:05:06 15:02:15 418145 381.6299
2019:05:06 15:02:15 418581 414.4274
2019:05:06 15:02:15 419380 409.4280
2019:05:06 15:02:15 420193 404.0524
2019:05:06 15:02:15 421011 805.8064
2019:05:06 15:02:15 433730 12689.6948
2019:05:06 15:02:15 434564 817.0903
2019:05:06 15:02:15 435762 1189.5336
2019:05:06 15:02:15 436582 809.2932
2019:05:06 15:02:15 453364 16356.7699
2019:05:06 15:02:15 462112 8734.5541
2019:05:06 15:02:15 462858 364.4973
2019:05:06 15:02:15 463723 410.6387
2019:05:06 15:02:15 464553 420.9913
2019:05:06 15:02:15 464912 345.6436
2019:05:06 15:02:15 465778 419.0654
2019:05:06 15:02:15 466587 408.0012
2019:05:06 15:02:15 466952 348.2886
2019:05:06 15:02:15 467825 418.4954
2019:05:06 15:02:15 468638 409.8527
2019:05:06 15:02:15 468997 340.9199
2019:05:06 15:02:15 489491 4068.3746
2019:05:06 15:02:15 490352 848.1778
2019:05:06 15:02:15 491176 796.3516
2019:05:06 15:02:15 491992 797.4058
2019:05:06 15:02:15 492817 789.3555
2019:05:06 15:02:15 494463 1243.7925
2019:05:06 15:02:15 495257 786.0325
2019:05:06 15:02:15 495618 348.0762
2019:05:06 15:02:15 496489 411.4136
2019:05:06 15:02:15 497308 409.2641
2019:05:06 15:02:15 498129 475.7941
2019:05:06 15:02:15 498957 814.8737
2019:05:06 15:02:15 499380 407.9714
2019:05:06 15:02:15 500196 481.0877
2019:05:06 15:02:15 501020 415.7797
2019:05:06 15:02:15 537486 8123.4090
2019:05:06 15:02:15 538307 805.7319
2019:05:06 15:02:15 539117 498.1123
2019:05:06 15:02:15 540319 797.4468
2019:05:06 15:02:15 541145 801.2094
2019:05:06 15:02:15 565728 24570.1559
2019:05:06 15:02:15 566940 815.6858
2019:05:06 15:02:15 567760 806.5812
2019:05:06 15:02:15 568576 804.8750
2019:05:06 15:02:15 569015 420.4325
2019:05:06 15:02:15 569813 465.3037
2019:05:06 15:02:15 570625 797.7076
2019:05:06 15:02:15 571383 730.0675
2019:05:06 15:02:15 572278 425.8193
2019:05:06 15:02:15 573098 412.0879
2019:05:06 15:02:15 581634 2723.6491
2019:05:06 15:02:15 582529 438.7051
2019:05:06 15:02:15 583348 437.2448
2019:05:06 15:02:15 584149 475.5445
2019:05:06 15:02:15 584979 430.2152
2019:05:06 15:02:15 586607 1228.2245
2019:05:06 15:02:15 601720 11975.7429
2019:05:06 15:02:15 606271 4543.5503
2019:05:06 15:02:15 607073 410.2737
2019:05:06 15:02:15 607882 574.4956
2019:05:06 15:02:15 608706 421.9636
2019:05:06 15:02:15 609933 826.2470
2019:05:06 15:02:15 610737 792.9876
2019:05:06 15:02:15 611163 413.8239
2019:05:06 15:02:15 611966 575.6356
2019:05:06 15:02:15 612786 808.1049
2019:05:06 15:02:15 613206 409.4839
2019:05:06 15:02:15 645379 7983.7069
2019:05:06 15:02:15 686305 278.1525
2019:05:06 15:02:15 687115 802.0960
2019:05:06 15:02:15 687937 426.0093
2019:05:06 15:02:15 688754 589.3633
2019:05:06 15:02:15 689600 443.5778
2019:05:06 15:02:15 690391 408.7687
2019:05:06 15:02:15 691608 813.2234
2019:05:06 15:02:15 692425 407.1444
2019:05:06 15:02:15 693254 812.7205
2019:05:06 15:02:15 746894 644.1362
2019:05:06 15:02:15 747558 638.4663
2019:05:06 15:02:15 748141 571.8544
2019:05:06 15:02:15 749359 809.5987
2019:05:06 15:02:15 750177 799.6485
2019:05:06 15:02:15 750989 793.4310
2019:05:06 15:02:15 751412 409.7968
2019:05:06 15:02:15 752217 582.4044
2019:05:06 15:02:15 753036 800.8592
2019:05:06 15:02:15 764741 11693.9098
2019:05:06 15:02:15 769938 372.1416
2019:05:06 15:02:15 770731 389.1066
2019:05:06 15:02:15 781370 10625.6120
2019:05:06 15:02:15 841674 20306.7362
2019:05:06 15:02:15 842603 921.4431
2019:05:06 15:02:15 843646 589.8476
2019:05:06 15:02:15 844466 807.4008
2019:05:06 15:02:15 845362 885.1588
2019:05:06 15:02:15 846283 913.0388
2019:05:06 15:02:15 865673 18919.6132
2019:05:06 15:02:15 866212 530.4441
2019:05:06 15:02:15 867076 479.2586
2019:05:06 15:02:15 867994 469.3829
2019:05:06 15:02:15 869047 599.2875
2019:05:06 15:02:15 869864 413.0267
2019:05:06 15:02:15 870744 867.4674
2019:05:06 15:02:15 871661 911.4556
2019:05:06 15:02:15 873047 924.2520
2019:05:06 15:02:15 889559 16506.5229
2019:05:06 15:02:15 891063 775.1398
2019:05:06 15:02:15 891838 766.7989
2019:05:06 15:02:15 893363 763.8037
2019:05:06 15:02:15 894137 766.6349
2019:05:06 15:02:15 895668 769.2017
2019:05:06 15:02:15 896486 807.6504
2019:05:06 15:02:15 950173 52963.7858
2019:05:06 15:02:15 962068 11880.7964
2019:05:06 15:02:15 986476 696.0705
2019:05:06 15:02:15 987310 821.9592
2019:05:06 15:02:15 988116 799.3504
2019:05:06 15:02:15 989358 830.9260
2019:05:06 15:02:15 990172 806.1938
2019:05:06 15:02:15 990985 806.9016
2019:05:06 15:02:15 991802 415.2618
2019:05:06 15:02:15 993030 818.9343
2019:05:06 15:02:16 34136 16767.3081
2019:05:06 15:02:16 65377 31232.9307
2019:05:06 15:02:16 69868 388.3317
2019:05:06 15:02:16 121233 31874.7647
2019:05:06 15:02:16 121905 664.5136
2019:05:06 15:02:16 122730 427.9129
2019:05:06 15:02:16 123521 395.4023
2019:05:06 15:02:16 124350 807.7212
2019:05:06 15:02:16 125173 812.7280
2019:05:06 15:02:16 161367 36176.9125
2019:05:06 15:02:16 162065 428.7362
2019:05:06 15:02:16 162862 428.1625
2019:05:06 15:02:16 163663 413.4774
2019:05:06 15:02:16 164082 404.9502
2019:05:06 15:02:16 164887 414.1144
2019:05:06 15:02:16 201360 36067.2027
2019:05:06 15:02:16 241363 39994.9737
2019:05:06 15:02:16 245728 394.8808
2019:05:06 15:02:16 246545 421.0249
2019:05:06 15:02:16 247369 419.6651
2019:05:06 15:02:16 248178 414.9973
2019:05:06 15:02:16 248997 415.6083
2019:05:06 15:02:16 321354 39998.4121
2019:05:06 15:02:16 361363 40001.5265
2019:05:06 15:02:16 441355 39998.5649
2019:05:06 15:02:16 481363 39999.2615
2019:05:06 15:02:16 525541 4185.2593
2019:05:06 15:02:16 526344 784.0507
2019:05:06 15:02:16 526758 402.7747
2019:05:06 15:02:16 527575 418.4060
2019:05:06 15:02:16 528394 421.2931
2019:05:06 15:02:16 529219 426.5755
2019:05:06 15:02:16 561977 622.7791
2019:05:06 15:02:16 562780 792.5071
2019:05:06 15:02:16 563204 412.5573
2019:05:06 15:02:16 564011 664.1485
2019:05:06 15:02:16 564826 805.2513
2019:05:06 15:02:16 565250 413.9952
2019:05:06 15:02:16 605425 4068.7770
2019:05:06 15:02:16 606208 771.5486
2019:05:06 15:02:16 607023 412.1400
2019:05:06 15:02:16 607847 417.6535
2019:05:06 15:02:16 608658 801.2354
2019:05:06 15:02:16 645368 36699.3845
2019:05:06 15:02:16 685363 39987.3853
2019:05:06 15:02:16 729481 4125.6696
2019:05:06 15:02:16 730282 787.3252
2019:05:06 15:02:16 731130 837.1100
2019:05:06 15:02:16 731943 806.0373
2019:05:06 15:02:16 732761 660.6579
2019:05:06 15:02:16 765363 32215.4351
2019:05:06 15:02:16 845355 40000.4126
2019:05:06 15:02:16 845968 605.6987
2019:05:06 15:02:16 846776 412.5237
2019:05:06 15:02:16 848005 818.9008
2019:05:06 15:02:16 848824 412.7100
2019:05:06 15:02:16 885365 36132.1941
2019:05:06 15:02:16 925362 32064.4677
2019:05:06 15:02:17 17354 39998.7549
2019:05:06 15:02:17 53374 36011.9417
2019:05:06 15:02:17 97205 3850.1211
2019:05:06 15:02:17 98017 409.3945
2019:05:06 15:02:17 98828 411.0895
2019:05:06 15:02:17 99248 409.6590
2019:05:06 15:02:17 100058 412.5945
2019:05:06 15:02:17 100874 409.2939
2019:05:06 15:02:17 101298 413.9245
2019:05:06 15:02:17 173354 39999.4999
2019:05:06 15:02:17 173943 580.5381
2019:05:06 15:02:17 174745 421.5166
2019:05:06 15:02:17 175950 804.2194
2019:05:06 15:02:17 176781 821.5569
2019:05:06 15:02:17 213360 36567.7029
2019:05:06 15:02:17 253367 39998.3451
2019:05:06 15:02:17 293362 32079.2496
2019:05:06 15:02:17 294308 416.1038
2019:05:06 15:02:17 295124 415.9063
2019:05:06 15:02:17 295943 414.7068
2019:05:06 15:02:17 296761 418.7152
2019:05:06 15:02:17 333354 36192.1489
2019:05:06 15:02:17 333930 565.0260
2019:05:06 15:02:17 334850 424.2696
2019:05:06 15:02:17 335655 410.7058
2019:05:06 15:02:17 336465 499.2522
2019:05:06 15:02:17 337286 807.2741
2019:05:06 15:02:17 389371 52074.3653
2019:05:06 15:02:17 390342 795.2005
2019:05:06 15:02:17 391150 413.8388
2019:05:06 15:02:17 391959 405.2371
2019:05:06 15:02:17 392778 807.8218
2019:05:06 15:02:17 393201 412.4269
2019:05:06 15:02:17 394007 400.9791
2019:05:06 15:02:17 394834 814.6502
2019:05:06 15:02:17 395651 806.0858
2019:05:06 15:02:17 396066 404.9428
2019:05:06 15:02:17 396886 417.7541
2019:05:06 15:02:17 429359 32074.7793
2019:05:06 15:02:17 469364 39997.8533
2019:05:06 15:02:17 470283 401.7055
2019:05:06 15:02:17 471100 417.9180
2019:05:06 15:02:17 471908 408.7612
2019:05:06 15:02:17 472328 404.5516
2019:05:06 15:02:17 473149 419.2889
2019:05:06 15:02:17 517322 7967.6621
2019:05:06 15:02:17 589355 40000.3120
2019:05:06 15:02:17 629363 39997.7751
2019:05:06 15:02:17 630358 404.3095
2019:05:06 15:02:17 631166 409.7857
2019:05:06 15:02:17 631593 416.3682
2019:05:06 15:02:17 632403 419.5794
2019:05:06 15:02:17 633216 409.4765
2019:05:06 15:02:17 633647 416.2341
2019:05:06 15:02:17 634457 709.8690
2019:05:06 15:02:17 635268 804.3498
2019:05:06 15:02:17 636085 808.3843
2019:05:06 15:02:17 636904 808.7792
2019:05:06 15:02:17 669363 32449.3945
2019:05:06 15:02:17 709361 39990.2761
2019:05:06 15:02:17 710282 384.1110
2019:05:06 15:02:17 711099 417.0798
2019:05:06 15:02:17 711907 409.8564
2019:05:06 15:02:17 712329 407.3828
2019:05:06 15:02:17 713151 420.5331
2019:05:06 15:02:17 789353 39997.5888
2019:05:06 15:02:17 790135 770.1367
2019:05:06 15:02:17 790952 415.9696
2019:05:06 15:02:17 791755 405.2296
2019:05:06 15:02:17 792578 810.2246
2019:05:06 15:02:17 793402 807.2592
2019:05:06 15:02:17 829366 35955.3061
2019:05:06 15:02:17 834045 432.2231
2019:05:06 15:02:17 834839 408.1354
2019:05:06 15:02:17 835651 405.6692
2019:05:06 15:02:17 836077 414.8260
2019:05:06 15:02:17 836880 408.4371
2019:05:06 15:02:17 869353 32458.5848
2019:05:06 15:02:17 909367 40005.5908
2019:05:06 15:02:17 914019 410.7282
2019:05:06 15:02:17 914843 418.8046
2019:05:06 15:02:17 915669 415.3736
2019:05:06 15:02:17 916890 819.2621
2019:05:06 15:02:17 949362 32062.7987
2019:05:06 15:02:18 29353 39997.1865
2019:05:06 15:02:18 30211 849.9585
2019:05:06 15:02:18 31018 796.2584
2019:05:06 15:02:18 31451 416.5731
2019:05:06 15:02:18 32254 413.1198
2019:05:06 15:02:18 33066 406.8092
2019:05:06 15:02:18 69360 36283.0833
2019:05:06 15:02:18 74015 4646.9234
2019:05:06 15:02:18 74832 801.0678
2019:05:06 15:02:18 75272 422.5038
2019:05:06 15:02:18 76074 419.5422
2019:05:06 15:02:18 76902 427.3169
2019:05:06 15:02:18 109373 32083.0010
2019:05:06 15:02:18 153609 4254.4156
2019:05:06 15:02:18 154422 800.2073
2019:05:06 15:02:18 155257 821.8326
2019:05:06 15:02:18 156076 812.4299
2019:05:06 15:02:18 156882 799.8012
2019:05:06 15:02:18 189355 32461.3489
2019:05:06 15:02:18 229365 39999.2839
2019:05:06 15:02:18 269792 438.6604
2019:05:06 15:02:18 270610 806.5403
2019:05:06 15:02:18 271427 806.0299
2019:05:06 15:02:18 271854 419.5459
2019:05:06 15:02:18 272668 419.3559
2019:05:06 15:02:18 309370 36293.6072
2019:05:06 15:02:18 313708 394.3406
2019:05:06 15:02:18 314496 403.0205
2019:05:06 15:02:18 315335 423.2302
2019:05:06 15:02:18 316150 411.1528
2019:05:06 15:02:18 316966 442.3484
2019:05:06 15:02:18 389354 39998.7623
2019:05:06 15:02:18 393635 4273.6866
2019:05:06 15:02:18 394437 418.7301
2019:05:06 15:02:18 395652 808.8499
2019:05:06 15:02:18 396490 826.4780
2019:05:06 15:02:18 397302 806.0858
2019:05:06 15:02:18 429367 32056.1379
2019:05:06 15:02:18 509353 39999.4329
2019:05:06 15:02:18 509929 564.2958
2019:05:06 15:02:18 510746 802.5244
2019:05:06 15:02:18 511574 816.4197
2019:05:06 15:02:18 512393 644.2890
2019:05:06 15:02:18 549354 36552.4516
2019:05:06 15:02:18 553764 4398.5508
2019:05:06 15:02:18 554575 785.7904
2019:05:06 15:02:18 554998 246.7595
2019:05:06 15:02:18 555825 431.6457
2019:05:06 15:02:18 556623 409.6255
2019:05:06 15:02:18 557045 246.8973
2019:05:06 15:02:18 621353 31998.6492
2019:05:06 15:02:18 657365 36001.0974
2019:05:06 15:02:18 697692 4325.7549
2019:05:06 15:02:18 698506 800.7437
2019:05:06 15:02:18 698945 428.4047
2019:05:06 15:02:18 699747 423.5506
2019:05:06 15:02:18 700963 815.5629
2019:05:06 15:02:18 717366 16392.1490
2019:05:06 15:02:18 750112 758.7001
2019:05:06 15:02:18 750533 400.1446
2019:05:06 15:02:18 751351 417.0537
2019:05:06 15:02:18 752166 416.0292
2019:05:06 15:02:18 752584 407.3493
2019:05:06 15:02:18 789360 36371.6073
2019:05:06 15:02:18 793566 4198.1228
2019:05:06 15:02:18 794360 412.4157
2019:05:06 15:02:18 795178 417.5641
2019:05:06 15:02:18 795988 413.3508
2019:05:06 15:02:18 796808 413.7456
2019:05:06 15:02:18 829355 32141.4433
2019:05:06 15:02:18 869370 40007.2485
2019:05:06 15:02:18 873841 426.3744
2019:05:06 15:02:18 875037 818.2004
2019:05:06 15:02:18 875857 413.8649
2019:05:06 15:02:18 877085 819.1504
2019:05:06 15:02:18 933355 32000.0499
2019:05:06 15:02:18 937439 4075.6501
2019:05:06 15:02:18 938619 409.8341
2019:05:06 15:02:18 939435 412.8888
2019:05:06 15:02:18 940254 412.6094
2019:05:06 15:02:18 941071 409.4653
2019:05:06 15:02:18 969366 28285.1905
2019:05:06 15:02:18 970561 770.5912
2019:05:06 15:02:18 971380 807.1288
2019:05:06 15:02:18 971804 411.1268
2019:05:06 15:02:18 972620 416.8414
2019:05:06 15:02:18 993361 20341.3591
2019:05:06 15:02:19 25363 31995.8255
2019:05:06 15:02:19 55383 22111.6655
2019:05:06 15:02:19 109376 44056.6912
2019:05:06 15:02:19 114036 408.6494
2019:05:06 15:02:19 114848 413.8947
2019:05:06 15:02:19 115668 808.8127
2019:05:06 15:02:19 116091 406.8278
2019:05:06 15:02:19 116897 409.8117
2019:05:06 15:02:19 145354 28441.5744
2019:05:06 15:02:19 185365 40001.3663
2019:05:06 15:02:19 225875 518.8026
2019:05:06 15:02:19 226689 802.6659
2019:05:06 15:02:19 227510 811.4167
2019:05:06 15:02:19 228325 804.9607
2019:05:06 15:02:19 229145 804.9458
2019:05:06 15:02:19 229581 425.7038
2019:05:06 15:02:19 230380 631.1461
2019:05:06 15:02:19 231200 810.1761
2019:05:06 15:02:19 231627 408.4446
2019:05:06 15:02:19 232434 422.9844
2019:05:06 15:02:19 233247 407.5058
2019:05:06 15:02:19 305354 40000.2040
2019:05:06 15:02:19 306162 800.1886
2019:05:06 15:02:19 306981 416.2230
2019:05:06 15:02:19 307793 410.6797
2019:05:06 15:02:19 308613 416.4353
2019:05:06 15:02:19 345354 36341.5740
2019:05:06 15:02:19 381376 36012.9401
2019:05:06 15:02:19 417670 4314.5604
2019:05:06 15:02:19 418477 783.8905
2019:05:06 15:02:19 419294 805.2289
2019:05:06 15:02:19 420119 813.9573
2019:05:06 15:02:19 420525 237.9045
2019:05:06 15:02:19 445360 24422.0495
2019:05:06 15:02:19 449896 413.9841
2019:05:06 15:02:19 450685 416.2267
2019:05:06 15:02:19 451510 421.7215
2019:05:06 15:02:19 451926 405.2520
2019:05:06 15:02:19 452745 419.2330
2019:05:06 15:02:19 477353 24204.3547
2019:05:06 15:02:19 509366 32001.7375
2019:05:06 15:02:19 513982 423.0738
2019:05:06 15:02:19 514784 411.5328
2019:05:06 15:02:19 515605 417.6497
2019:05:06 15:02:19 516415 798.7805
2019:05:06 15:02:19 517232 802.6958
2019:05:06 15:02:19 541365 24121.9960
2019:05:06 15:02:19 546020 410.7393
2019:05:06 15:02:19 546830 407.0848
2019:05:06 15:02:19 547645 409.1449
2019:05:06 15:02:19 548464 808.9207
2019:05:06 15:02:19 548890 409.7447
2019:05:06 15:02:19 573359 24067.7707
2019:05:06 15:02:19 605366 31998.4853
2019:05:06 15:02:19 609950 428.5015
2019:05:06 15:02:19 610738 422.7124
2019:05:06 15:02:19 611543 412.5349
2019:05:06 15:02:19 612359 409.3461
2019:05:06 15:02:19 612789 415.8318
2019:05:06 15:02:19 645355 32174.6543
2019:05:06 15:02:19 685363 39995.5176
2019:05:06 15:02:19 690107 414.2299
2019:05:06 15:02:19 690920 426.9928
2019:05:06 15:02:19 691744 427.5180
2019:05:06 15:02:19 692151 397.4885
2019:05:06 15:02:19 692955 404.0264
2019:05:06 15:02:19 733362 40390.0892
2019:05:06 15:02:19 738037 424.8247
2019:05:06 15:02:19 738832 415.3512
2019:05:06 15:02:19 739642 410.4897
2019:05:06 15:02:19 740466 417.1729
2019:05:06 15:02:19 740887 410.6872
2019:05:06 15:02:19 773354 32073.1327
2019:05:06 15:02:19 813369 40007.1256
2019:05:06 15:02:19 849429 4073.5118
2019:05:06 15:02:19 850231 411.7973
2019:05:06 15:02:19 851045 405.3637
2019:05:06 15:02:19 851473 416.5508
2019:05:06 15:02:19 852283 416.9270
2019:05:06 15:02:19 853096 410.0315
2019:05:06 15:02:19 877366 24258.7626
2019:05:06 15:02:19 882034 434.6333
2019:05:06 15:02:19 882835 416.4651
2019:05:06 15:02:19 883647 800.9151
2019:05:06 15:02:19 884466 807.9745
2019:05:06 15:02:19 884891 413.2092
2019:05:06 15:02:19 909373 24077.5533
2019:05:06 15:02:19 949984 629.3915
2019:05:06 15:02:19 950802 797.9050
2019:05:06 15:02:19 951622 807.6653
2019:05:06 15:02:19 952047 413.9803
2019:05:06 15:02:19 952865 421.0249
2019:05:06 15:02:19 997355 44095.1884
2019:05:06 15:02:19 997927 561.8520
2019:05:06 15:02:19 998735 417.7243
2019:05:06 15:02:19 999546 410.2886
2019:05:06 15:02:20 375 421.1664
2019:05:06 15:02:20 1193 419.8924
2019:05:06 15:02:20 45779 424.5043
2019:05:06 15:02:20 46586 411.5924
2019:05:06 15:02:20 47412 419.8849
2019:05:06 15:02:20 48238 416.8898
2019:05:06 15:02:20 93356 44721.6332
2019:05:06 15:02:20 94397 1033.0938
2019:05:06 15:02:20 95218 811.1447
2019:05:06 15:02:20 95651 416.4129
2019:05:06 15:02:20 96465 423.7406
2019:05:06 15:02:20 97277 420.3506
2019:05:06 15:02:20 137622 4267.8937
2019:05:06 15:02:20 138434 786.0549
2019:05:06 15:02:20 139253 804.8899
2019:05:06 15:02:20 139678 411.4285
2019:05:06 15:02:20 140497 415.9734
2019:05:06 15:02:20 141316 415.4555
2019:05:06 15:02:20 169580 4220.0647
2019:05:06 15:02:20 170391 793.9078
2019:05:06 15:02:20 171202 805.2215
2019:05:06 15:02:20 172431 819.4149
2019:05:06 15:02:20 173250 808.4700
2019:05:06 15:02:20 229361 32007.7986
2019:05:06 15:02:20 233886 4516.4153
2019:05:06 15:02:20 234702 420.8125
2019:05:06 15:02:20 235520 415.6232
2019:05:06 15:02:20 236332 415.3810
2019:05:06 15:02:20 237153 417.4151
2019:05:06 15:02:20 265421 4067.4619
2019:05:06 15:02:20 266258 430.9304
2019:05:06 15:02:20 267051 415.4816
2019:05:06 15:02:20 267869 414.3640
2019:05:06 15:02:20 268679 409.2678
2019:05:06 15:02:20 293362 24668.5483
2019:05:06 15:02:20 333363 39993.3755
2019:05:06 15:02:20 334311 407.3642
2019:05:06 15:02:20 335140 423.3681
2019:05:06 15:02:20 335547 397.4661
2019:05:06 15:02:20 336367 418.4879
2019:05:06 15:02:20 337186 417.9403
2019:05:06 15:02:20 381796 441.0520
2019:05:06 15:02:20 382619 809.6211
2019:05:06 15:02:20 383438 415.5971
2019:05:06 15:02:20 384258 416.3422
2019:05:06 15:02:20 385076 415.4257
2019:05:06 15:02:20 429364 43881.2003
2019:05:06 15:02:20 430518 411.1603
2019:05:06 15:02:20 431335 410.2178
2019:05:06 15:02:20 431759 413.3135
2019:05:06 15:02:20 432579 421.7252
2019:05:06 15:02:20 433387 414.5578
2019:05:06 15:02:20 477635 280.4399
2019:05:06 15:02:20 478447 413.6525
2019:05:06 15:02:20 479256 412.0246
2019:05:06 15:02:20 480076 412.9149
2019:05:06 15:02:20 480892 409.8713
2019:05:06 15:02:20 517360 36457.2778
2019:05:06 15:02:20 521875 4509.4192
2019:05:06 15:02:20 522283 387.9368
2019:05:06 15:02:20 523100 411.4658
2019:05:06 15:02:20 523910 411.5626
2019:05:06 15:02:20 524325 404.0040
2019:05:06 15:02:20 525148 414.9079
2019:05:06 15:02:20 605356 48000.6412
2019:05:06 15:02:20 653362 47993.7308
2019:05:06 15:02:20 741360 40004.4024
2019:05:06 15:02:20 745550 4182.6256
2019:05:06 15:02:20 746357 418.9983
2019:05:06 15:02:20 747184 423.7592
2019:05:06 15:02:20 748002 424.6458
2019:05:06 15:02:20 748804 412.6653
2019:05:06 15:02:20 781355 32517.7349
2019:05:06 15:02:20 821363 39997.1269
2019:05:06 15:02:20 885360 24005.4764
2019:05:06 15:02:20 917362 31994.9463
2019:05:06 15:02:20 957365 39994.5192
2019:05:06 15:02:21 33358 36003.1500
2019:05:06 15:02:21 38012 4646.9383
2019:05:06 15:02:21 38829 801.7495
2019:05:06 15:02:21 39268 427.5031
2019:05:06 15:02:21 40079 422.2281
2019:05:06 15:02:21 40893 416.3235
2019:05:06 15:02:21 61371 20076.3419
2019:05:06 15:02:21 137354 43996.5799
2019:05:06 15:02:21 137957 591.6916
2019:05:06 15:02:21 138781 810.5077
2019:05:06 15:02:21 139589 795.7928
2019:05:06 15:02:21 140012 409.2343
2019:05:06 15:02:21 140832 424.2212
2019:05:06 15:02:21 169360 28136.4471
2019:05:06 15:02:21 201363 31994.8271
2019:05:06 15:02:21 233849 493.5153
2019:05:06 15:02:21 234663 403.3931
2019:05:06 15:02:21 235491 417.2623
2019:05:06 15:02:21 236306 412.5088
2019:05:06 15:02:21 237122 642.1693
2019:05:06 15:02:21 265363 28223.6077
2019:05:06 15:02:21 329354 31999.4949
2019:05:06 15:02:21 330208 844.2886
2019:05:06 15:02:21 331020 801.0045
2019:05:06 15:02:21 331851 420.7268
2019:05:06 15:02:21 333068 818.5431
2019:05:06 15:02:21 361363 27880.9853
2019:05:06 15:02:21 413359 20004.0266
2019:05:06 15:02:21 445363 31995.3486
2019:05:06 15:02:21 509360 32005.4404
2019:05:06 15:02:21 541363 31994.9016
2019:05:06 15:02:21 605360 32006.0886
2019:05:06 15:02:21 637363 31995.3002
2019:05:06 15:02:21 701360 32005.5857
2019:05:06 15:02:21 737375 36008.1568
2019:05:06 15:02:21 738221 416.6476
2019:05:06 15:02:21 739043 419.4081
2019:05:06 15:02:21 739853 412.0283
2019:05:06 15:02:21 740662 798.9854
2019:05:06 15:02:21 777354 36670.2378
2019:05:06 15:02:21 781708 4347.1865
2019:05:06 15:02:21 782528 420.6821
2019:05:06 15:02:21 783332 409.9682
2019:05:06 15:02:21 783761 417.7168
2019:05:06 15:02:21 784578 418.1676
2019:05:06 15:02:21 817355 32384.7309
2019:05:06 15:02:21 857362 39999.8650
2019:05:06 15:02:21 861814 372.1640
2019:05:06 15:02:21 862624 420.1643
2019:05:06 15:02:21 863430 409.6739
2019:05:06 15:02:21 863852 406.1498
2019:05:06 15:02:21 864671 412.1736
2019:05:06 15:02:21 897358 32282.0693
2019:05:06 15:02:21 937365 39997.8757
2019:05:06 15:02:21 977727 373.2145
2019:05:06 15:02:21 978538 414.4199
2019:05:06 15:02:21 979353 417.7429
2019:05:06 15:02:21 980171 416.7780
2019:05:06 15:02:21 980984 411.0448
2019:05:06 15:02:22 17353 35962.8387
2019:05:06 15:02:22 21712 4347.9092
2019:05:06 15:02:22 22525 413.1198
2019:05:06 15:02:22 23346 414.4982
2019:05:06 15:02:22 24155 409.3200
2019:05:06 15:02:22 24979 418.8269
2019:05:06 15:02:22 77359 20003.7956
2019:05:06 15:02:22 117367 39999.9470
2019:05:06 15:02:22 118199 426.2738
2019:05:06 15:02:22 119007 417.4970
2019:05:06 15:02:22 119817 404.1716
2019:05:06 15:02:22 120245 401.9551
2019:05:06 15:02:22 121066 418.3874
2019:05:06 15:02:22 121874 412.4492
2019:05:06 15:02:22 122703 423.8412
2019:05:06 15:02:22 123535 431.0384
2019:05:06 15:02:22 124349 433.0501
2019:05:06 15:02:22 125169 417.7801
2019:05:06 15:02:22 165294 7938.5526
2019:05:06 15:02:22 197672 318.5235
2019:05:06 15:02:22 198465 417.0090
2019:05:06 15:02:22 198887 412.0246
2019:05:06 15:02:22 199701 415.2730
2019:05:06 15:02:22 200509 414.9824
2019:05:06 15:02:22 201320 409.5845
2019:05:06 15:02:22 237366 36032.5575
2019:05:06 15:02:22 317354 39999.9507
2019:05:06 15:02:22 357364 39997.9688
2019:05:06 15:02:22 358433 401.9216
2019:05:06 15:02:22 359251 414.0176
2019:05:06 15:02:22 360070 452.1161
2019:05:06 15:02:22 360889 805.4823
2019:05:06 15:02:22 361664 764.0161
2019:05:06 15:02:22 362133 452.4142
2019:05:06 15:02:22 362953 425.6926
2019:05:06 15:02:22 363723 368.9453
2019:05:06 15:02:22 364179 445.0604
2019:05:06 15:02:22 364993 415.0532
2019:05:06 15:02:22 437354 39997.8869
2019:05:06 15:02:22 437829 465.6725
2019:05:06 15:02:22 438619 416.1596
2019:05:06 15:02:22 439438 414.7515
2019:05:06 15:02:22 440258 418.0223
2019:05:06 15:02:22 441072 412.7063
2019:05:06 15:02:22 477355 36266.8000
2019:05:06 15:02:22 517361 39997.8310
2019:05:06 15:02:22 557361 39992.0233
2019:05:06 15:02:22 598026 671.7183
2019:05:06 15:02:22 598839 793.5688
2019:05:06 15:02:22 599611 761.3488
2019:05:06 15:02:22 600079 454.2060
2019:05:06 15:02:22 600893 416.0479
2019:05:06 15:02:22 601659 366.2780
2019:05:06 15:02:22 602131 452.9543
2019:05:06 15:02:22 602940 419.4975
2019:05:06 15:02:22 603717 373.8850
2019:05:06 15:02:22 604579 419.5645
2019:05:06 15:02:22 637360 32378.7406
2019:05:06 15:02:22 677363 39995.7001
2019:05:06 15:02:22 678215 392.5189
2019:05:06 15:02:22 679035 422.5522
2019:05:06 15:02:22 679841 412.4753
2019:05:06 15:02:22 680657 801.6638
2019:05:06 15:02:22 681082 411.2050
2019:05:06 15:02:22 757353 39998.7809
2019:05:06 15:02:22 805362 47996.9233
2019:05:06 15:02:22 885354 39993.9045
2019:05:06 15:02:22 886039 677.9097
2019:05:06 15:02:22 886846 423.5953
2019:05:06 15:02:22 887650 409.1449
2019:05:06 15:02:22 888469 806.5104
2019:05:06 15:02:22 888890 410.3892
2019:05:06 15:02:22 889700 410.4972
2019:05:06 15:02:22 890513 792.9020
2019:05:06 15:02:22 891333 807.6020
2019:05:06 15:02:22 891754 409.5212
2019:05:06 15:02:22 892574 418.7152
2019:05:06 15:02:22 925365 32390.5125
2019:05:06 15:02:22 965932 576.9916
2019:05:06 15:02:22 966708 760.6819
2019:05:06 15:02:22 967520 409.2902
2019:05:06 15:02:22 968345 415.5301
2019:05:06 15:02:22 969162 416.8041
2019:05:06 15:02:23 5363 36181.8299
2019:05:06 15:02:23 33872 517.6477
2019:05:06 15:02:23 34697 409.9570
2019:05:06 15:02:23 35521 422.8652
2019:05:06 15:02:23 36325 408.9139
2019:05:06 15:02:23 37143 807.2406
2019:05:06 15:02:23 69362 32207.6827
2019:05:06 15:02:23 153354 39998.1327
2019:05:06 15:02:23 157667 4304.9939
2019:05:06 15:02:23 158478 409.9198
2019:05:06 15:02:23 159293 413.0155
2019:05:06 15:02:23 160100 409.1896
2019:05:06 15:02:23 160521 410.2476
2019:05:06 15:02:23 193353 32429.5983
2019:05:06 15:02:23 233363 39998.3674
2019:05:06 15:02:23 273788 434.4098
2019:05:06 15:02:23 274611 409.8006
2019:05:06 15:02:23 275429 412.6951
2019:05:06 15:02:23 276249 413.5221
2019:05:06 15:02:23 277068 412.7920
2019:05:06 15:02:23 313361 35886.1610
2019:05:06 15:02:23 318026 399.3101
2019:05:06 15:02:23 318846 413.0118
2019:05:06 15:02:23 319664 808.4364
2019:05:06 15:02:23 320893 819.2770
2019:05:06 15:02:23 353354 32451.3987
2019:05:06 15:02:23 393365 40000.5877
2019:05:06 15:02:23 397913 368.1406
2019:05:06 15:02:23 398722 480.4619
2019:05:06 15:02:23 399555 820.6889
2019:05:06 15:02:23 400281 719.1822
2019:05:06 15:02:23 400788 494.6403
2019:05:06 15:02:23 433363 32173.3244
2019:05:06 15:02:23 513354 39998.9784
2019:05:06 15:02:23 513839 474.0320
2019:05:06 15:02:23 514650 416.0702
2019:05:06 15:02:23 515454 488.9034
2019:05:06 15:02:23 516274 807.1773
2019:05:06 15:02:23 516696 410.5829
2019:05:06 15:02:23 553360 36343.9322
2019:05:06 15:02:23 557661 4293.5759
2019:05:06 15:02:23 558475 499.6397
2019:05:06 15:02:23 559295 420.4623
2019:05:06 15:02:23 560033 339.9402
2019:05:06 15:02:23 560925 814.5198
2019:05:06 15:02:23 593354 32417.5544
2019:05:06 15:02:23 633361 39995.7225
2019:05:06 15:02:23 638205 421.5874
2019:05:06 15:02:23 638612 272.1958
2019:05:06 15:02:23 639430 417.6944
2019:05:06 15:02:23 640251 414.1256
2019:05:06 15:02:23 641067 417.3480
2019:05:06 15:02:23 693361 20006.4108
2019:05:06 15:02:23 733363 39995.7299
2019:05:06 15:02:23 734100 368.2077
2019:05:06 15:02:23 734910 415.1314
2019:05:06 15:02:23 735729 413.8574
2019:05:06 15:02:23 736546 416.9606
2019:05:06 15:02:23 769354 32406.3562
2019:05:06 15:02:23 809363 40001.0385
2019:05:06 15:02:23 845540 4185.5276
2019:05:06 15:02:23 846342 778.9321
2019:05:06 15:02:23 846766 411.6036
2019:05:06 15:02:23 847583 420.5070
2019:05:06 15:02:23 848400 418.7487
2019:05:06 15:02:23 849210 413.9915
2019:05:06 15:02:23 877431 4077.0806
2019:05:06 15:02:23 878212 409.6515
2019:05:06 15:02:23 879430 818.9119
2019:05:06 15:02:23 880249 412.3598
2019:05:06 15:02:23 905354 24695.3815
2019:05:06 15:02:23 937364 32001.8008
2019:05:06 15:02:23 942063 402.6890
2019:05:06 15:02:23 942876 407.8820
2019:05:06 15:02:23 943706 424.3813
2019:05:06 15:02:23 944531 819.1764
2019:05:06 15:02:23 963372 18441.8894
2019:05:06 15:02:24 1363 37982.7172
2019:05:06 15:02:24 41992 638.0081
2019:05:06 15:02:24 42810 800.4010
2019:05:06 15:02:24 43629 808.4364
2019:05:06 15:02:24 44449 808.3545
2019:05:06 15:02:24 44869 409.3684
2019:05:06 15:02:24 85364 40092.2596
2019:05:06 15:02:24 86248 431.2769
2019:05:06 15:02:24 87057 416.1596
2019:05:06 15:02:24 87861 406.1051
2019:05:06 15:02:24 88683 806.5477
2019:05:06 15:02:24 89110 415.3363
2019:05:06 15:02:24 89916 411.3205
2019:05:06 15:02:24 90731 805.3742
2019:05:06 15:02:24 91154 412.2108
2019:05:06 15:02:24 91961 410.5642
2019:05:06 15:02:24 92784 813.5214
2019:05:06 15:02:24 125360 32565.0610
2019:05:06 15:02:24 165363 39994.7092
2019:05:06 15:02:24 166107 381.6262
2019:05:06 15:02:24 166928 414.9117
2019:05:06 15:02:24 167744 410.7840
2019:05:06 15:02:24 168568 415.1389
2019:05:06 15:02:24 205355 36379.1026
2019:05:06 15:02:24 245364 40001.6606
2019:05:06 15:02:24 325353 39999.7011
2019:05:06 15:02:24 326162 796.2808
2019:05:06 15:02:24 326577 404.7640
2019:05:06 15:02:24 327792 418.0484
2019:05:06 15:02:24 328602 409.0033
2019:05:06 15:02:24 329424 810.9733
2019:05:06 15:02:24 329845 409.3871
2019:05:06 15:02:24 330660 414.8185
2019:05:06 15:02:24 331483 417.9701
2019:05:06 15:02:24 332302 418.3762
2019:05:06 15:02:24 333112 413.3135
2019:05:06 15:02:24 405354 40001.0496
2019:05:06 15:02:24 406185 823.0172
2019:05:06 15:02:24 406997 799.7639
2019:05:06 15:02:24 407422 413.7494
2019:05:06 15:02:24 408237 407.8634
2019:05:06 15:02:24 409056 416.6849
2019:05:06 15:02:24 445355 35898.7302
2019:05:06 15:02:24 477367 32004.2931
2019:05:06 15:02:24 541354 31999.8637
2019:05:06 15:02:24 573363 31997.2858
2019:05:06 15:02:24 637354 31999.3272
2019:05:06 15:02:24 677364 39996.9704
2019:05:06 15:02:24 757354 39999.9060
2019:05:06 15:02:24 758232 869.5126
2019:05:06 15:02:24 759036 793.1925
2019:05:06 15:02:24 759860 812.2213
2019:05:06 15:02:24 760280 408.6904
2019:05:06 15:02:24 761092 411.1715
2019:05:06 15:02:24 761921 818.2786
2019:05:06 15:02:24 762724 791.2479
2019:05:06 15:02:24 763153 412.6839
2019:05:06 15:02:24 763968 422.1238
2019:05:06 15:02:24 764772 409.4355
2019:05:06 15:02:24 765191 406.8501
2019:05:06 15:02:24 837361 40005.9931
2019:05:06 15:02:24 877363 39994.8247
2019:05:06 15:02:24 878159 622.5258
2019:05:06 15:02:24 878740 567.5182
2019:05:06 15:02:24 879950 815.7901
2019:05:06 15:02:24 880374 408.6159
2019:05:06 15:02:24 881191 411.1566
2019:05:06 15:02:24 881635 432.6962
2019:05:06 15:02:24 882412 407.5803
2019:05:06 15:02:24 883239 416.6737
2019:05:06 15:02:24 884051 408.9028
2019:05:06 15:02:24 884468 406.4888
2019:05:06 15:02:24 885297 418.1452
2019:05:06 15:02:24 909921 457.3390
2019:05:06 15:02:24 910693 418.5550
2019:05:06 15:02:24 911492 563.5619
2019:05:06 15:02:24 912319 810.3997
2019:05:06 15:02:24 913126 796.3032
2019:05:06 15:02:24 941363 28227.1057
2019:05:06 15:02:24 997354 31999.4912
2019:05:06 15:02:25 29371 32007.8656
2019:05:06 15:02:25 93364 32001.0670
2019:05:06 15:02:25 133368 39994.8843
2019:05:06 15:02:25 137711 415.5189
2019:05:06 15:02:25 138498 416.1447
2019:05:06 15:02:25 139316 414.6770
2019:05:06 15:02:25 140130 408.9326
2019:05:06 15:02:25 140948 808.5296
2019:05:06 15:02:25 173365 32406.6207
2019:05:06 15:02:25 213907 552.1849
2019:05:06 15:02:25 214690 766.8734
2019:05:06 15:02:25 215504 803.6010
2019:05:06 15:02:25 215934 414.5093
2019:05:06 15:02:25 216733 642.8622
2019:05:06 15:02:25 217561 815.5443
2019:05:06 15:02:25 217991 419.3448
2019:05:06 15:02:25 218796 416.8265
2019:05:06 15:02:25 219621 426.7767
2019:05:06 15:02:25 220195 180.8442
2019:05:06 15:02:25 220846 419.9594
2019:05:06 15:02:25 253362 32109.4617
2019:05:06 15:02:25 293811 456.2289
2019:05:06 15:02:25 294622 426.6426
2019:05:06 15:02:25 295439 424.7539
2019:05:06 15:02:25 296237 403.5346
2019:05:06 15:02:25 297072 825.5765
2019:05:06 15:02:25 333364 36281.0530
2019:05:06 15:02:25 365365 24044.6627
2019:05:06 15:02:25 405313 7958.9784
2019:05:06 15:02:25 461353 31997.9526
2019:05:06 15:02:25 493362 31999.9903
2019:05:06 15:02:25 565355 40000.7144
2019:05:06 15:02:25 605364 40001.1763
2019:05:06 15:02:25 645739 384.1333
2019:05:06 15:02:25 646547 421.7289
2019:05:06 15:02:25 647355 403.6203
2019:05:06 15:02:25 648183 413.9617
2019:05:06 15:02:25 648994 407.6958
2019:05:06 15:02:25 649425 412.9037
2019:05:06 15:02:25 650235 412.9894
2019:05:06 15:02:25 651046 409.6366
2019:05:06 15:02:25 651865 660.3450
2019:05:06 15:02:25 652682 803.7910
2019:05:06 15:02:25 685359 32265.7861
2019:05:06 15:02:25 725369 40001.2657
2019:05:06 15:02:25 797361 32005.1759
2019:05:06 15:02:25 829361 31991.8394
2019:05:06 15:02:25 901354 39989.8626
2019:05:06 15:02:25 905480 4117.9061
2019:05:06 15:02:25 906669 405.7996
2019:05:06 15:02:25 907487 805.4115
2019:05:06 15:02:25 908314 814.3671
2019:05:06 15:02:25 909125 641.8750
2019:05:06 15:02:25 941368 32229.5018
2019:05:06 15:02:25 981889 534.0315
2019:05:06 15:02:25 982709 806.6967
2019:05:06 15:02:25 983129 408.6681
2019:05:06 15:02:25 983943 413.6227
2019:05:06 15:02:25 984762 807.8143
2019:05:06 15:02:25 985579 805.6909
2019:05:06 15:02:25 985997 405.1439
2019:05:06 15:02:25 986819 418.3613
2019:05:06 15:02:25 987630 413.7047
2019:05:06 15:02:25 988051 411.8457
2019:05:06 15:02:25 988869 412.5722
2019:05:06 15:02:26 21360 32089.8779
2019:05:06 15:02:26 61363 39997.1381
2019:05:06 15:02:26 62274 382.2520
2019:05:06 15:02:26 63083 657.1449
2019:05:06 15:02:26 63906 810.2357
2019:05:06 15:02:26 64730 813.5885
2019:05:06 15:02:26 101364 36628.3543
2019:05:06 15:02:26 181358 40002.7670
2019:05:06 15:02:26 221361 39995.9870
2019:05:06 15:02:26 222094 405.2669
2019:05:06 15:02:26 222898 413.9133
2019:05:06 15:02:26 223717 413.4998
2019:05:06 15:02:26 224536 809.3044
2019:05:06 15:02:26 225348 802.6659
2019:05:06 15:02:26 225775 416.6998
2019:05:06 15:02:26 226591 423.6624
2019:05:06 15:02:26 227397 795.0626
2019:05:06 15:02:26 227818 409.3498
2019:05:06 15:02:26 228645 419.7024
2019:05:06 15:02:26 261368 32321.2110
2019:05:06 15:02:26 301835 481.1697
2019:05:06 15:02:26 302650 800.1737
2019:05:06 15:02:26 303474 811.7259
2019:05:06 15:02:26 304291 805.9368
2019:05:06 15:02:26 304712 410.3743
2019:05:06 15:02:26 341355 36241.4122
2019:05:06 15:02:26 381364 40001.4222
2019:05:06 15:02:26 453359 32003.5182
2019:05:06 15:02:26 485363 31997.1740
2019:05:06 15:02:26 549360 32005.6155
2019:05:06 15:02:26 589355 39987.5417
2019:05:06 15:02:26 590080 712.6890
2019:05:06 15:02:26 590880 790.5848
2019:05:06 15:02:26 591709 802.8261
2019:05:06 15:02:26 592518 412.1736
2019:05:06 15:02:26 593339 414.4087
2019:05:06 15:02:26 661354 38591.6308
2019:05:06 15:02:26 701364 40002.8527
2019:05:06 15:02:26 702324 786.8335
2019:05:06 15:02:26 703133 802.3456
2019:05:06 15:02:26 704357 816.1403
2019:05:06 15:02:26 705179 811.5359
2019:05:06 15:02:26 773355 31998.8765
2019:05:06 15:02:26 805369 32002.1808
2019:05:06 15:02:26 829928 407.9044
2019:05:06 15:02:26 830745 416.4539
2019:05:06 15:02:26 831553 409.3386
2019:05:06 15:02:26 832373 806.4508
2019:05:06 15:02:26 833191 807.1214
2019:05:06 15:02:26 865376 32171.0072
2019:05:06 15:02:26 866377 782.7356
2019:05:06 15:02:26 867189 806.0001
2019:05:06 15:02:26 868425 825.1108
2019:05:06 15:02:26 869237 805.2327
2019:05:06 15:02:26 897911 555.6419
2019:05:06 15:02:26 898733 416.4949
2019:05:06 15:02:26 899555 417.0053
2019:05:06 15:02:26 900376 418.6891
2019:05:06 15:02:26 901185 797.5399
2019:05:06 15:02:26 929363 28165.4149
2019:05:06 15:02:26 974079 724.0847
2019:05:06 15:02:26 974910 811.6663
2019:05:06 15:02:26 975719 802.9565
2019:05:06 15:02:26 976138 408.9847
2019:05:06 15:02:26 976957 417.3107
2019:05:06 15:02:27 13370 36008.5480
2019:05:06 15:02:27 85356 32000.1878
2019:05:06 15:02:27 86226 862.2520
2019:05:06 15:02:27 87025 419.4342
2019:05:06 15:02:27 87835 415.2656
2019:05:06 15:02:27 88649 409.3274
2019:05:06 15:02:27 89078 416.7221
2019:05:06 15:02:27 89891 416.9941
2019:05:06 15:02:27 90701 409.7223
2019:05:06 15:02:27 91515 802.6920
2019:05:06 15:02:27 92335 809.0436
2019:05:06 15:02:27 92758 412.1549
2019:05:06 15:02:27 117365 24204.3249
2019:05:06 15:02:27 118154 412.8627
2019:05:06 15:02:27 118959 410.7095
2019:05:06 15:02:27 119384 415.7834
2019:05:06 15:02:27 120188 410.2513
2019:05:06 15:02:27 121007 807.8367
2019:05:06 15:02:27 145360 24341.3858
2019:05:06 15:02:27 177363 31996.1794
2019:05:06 15:02:27 182017 402.3574
2019:05:06 15:02:27 182833 403.0094
2019:05:06 15:02:27 183254 409.8043
2019:05:06 15:02:27 184067 415.9920
2019:05:06 15:02:27 184880 409.8490
2019:05:06 15:02:27 185303 405.5239
2019:05:06 15:02:27 213563 4208.3785
2019:05:06 15:02:27 214365 791.4230
2019:05:06 15:02:27 215185 804.2902
2019:05:06 15:02:27 215607 410.4786
2019:05:06 15:02:27 216413 408.7798
2019:05:06 15:02:27 217233 809.2970
2019:05:06 15:02:27 241362 24118.4719
2019:05:06 15:02:27 309354 39985.1426
2019:05:06 15:02:27 309965 600.2262
2019:05:06 15:02:27 310776 517.1709
2019:05:06 15:02:27 311600 422.0158
2019:05:06 15:02:27 312298 305.0305
2019:05:06 15:02:27 312829 520.6764
2019:05:06 15:02:27 349364 36137.6107
2019:05:06 15:02:27 433353 39997.3206
2019:05:06 15:02:27 473362 40000.7144
2019:05:06 15:02:27 474513 798.1285
2019:05:06 15:02:27 475333 807.9633
2019:05:06 15:02:27 475757 412.2406
2019:05:06 15:02:27 476576 421.4160
2019:05:06 15:02:27 513361 36387.2349
2019:05:06 15:02:27 517499 4129.6855
2019:05:06 15:02:27 518309 420.3841
2019:05:06 15:02:27 519118 406.9172
2019:05:06 15:02:27 519541 411.9724
2019:05:06 15:02:27 520353 416.3831
2019:05:06 15:02:27 521166 409.1971
2019:05:06 15:02:27 545362 24185.7432
2019:05:06 15:02:27 549898 446.9194
2019:05:06 15:02:27 550664 417.3182
2019:05:06 15:02:27 551486 421.0100
2019:05:06 15:02:27 552294 413.1049
2019:05:06 15:02:27 553113 413.8984
2019:05:06 15:02:27 609360 32005.7012
2019:05:06 15:02:27 613674 4306.3462
2019:05:06 15:02:27 614481 410.4860
2019:05:06 15:02:27 615299 419.1175
2019:05:06 15:02:27 616106 414.6211
2019:05:06 15:02:27 616526 410.4301
2019:05:06 15:02:27 645352 28420.2285
2019:05:06 15:02:27 646007 646.0659
2019:05:06 15:02:27 646421 404.2201
2019:05:06 15:02:27 647227 405.7325
2019:05:06 15:02:27 648046 807.9037
2019:05:06 15:02:27 648468 411.7303
2019:05:06 15:02:27 649274 408.8730
2019:05:06 15:02:27 677366 28081.6033
2019:05:06 15:02:27 709874 519.9797
2019:05:06 15:02:27 710285 378.2101
2019:05:06 15:02:27 711112 418.3799
2019:05:06 15:02:27 711923 414.6323
2019:05:06 15:02:27 712736 416.7184
2019:05:06 15:02:27 713560 420.8386
2019:05:06 15:02:27 714366 411.4136
2019:05:06 15:02:27 715186 810.3251
2019:05:06 15:02:27 716015 420.8535
2019:05:06 15:02:27 716824 413.6004
2019:05:06 15:02:27 741727 24494.5884
2019:05:06 15:02:27 742524 391.6398
2019:05:06 15:02:27 743340 415.2544
2019:05:06 15:02:27 744160 413.9654
2019:05:06 15:02:27 744979 411.7340
2019:05:06 15:02:27 758085 727.3555
2019:05:06 15:02:27 758900 803.3067
2019:05:06 15:02:27 759320 409.5212
2019:05:06 15:02:27 760127 409.0108
2019:05:06 15:02:27 760947 808.9505
2019:05:06 15:02:27 785362 24404.0601
2019:05:06 15:02:27 790038 413.8649
2019:05:06 15:02:27 790846 408.7873
2019:05:06 15:02:27 791665 807.9037
2019:05:06 15:02:27 792099 421.2819
2019:05:06 15:02:27 792894 406.3696
2019:05:06 15:02:27 825354 32447.0811
2019:05:06 15:02:27 865366 40003.5046
2019:05:06 15:02:27 905811 452.1310
2019:05:06 15:02:27 906617 389.7697
2019:05:06 15:02:27 907436 803.3328
2019:05:06 15:02:27 908255 806.7228
2019:05:06 15:02:27 908665 399.3325
2019:05:06 15:02:27 945360 36281.5373
2019:05:06 15:02:27 949638 4269.6744
2019:05:06 15:02:27 950455 403.3521
2019:05:06 15:02:27 951280 416.3049
2019:05:06 15:02:27 952085 579.5211
2019:05:06 15:02:27 952905 808.7158
2019:05:06 15:02:27 953331 412.7882
2019:05:06 15:02:27 981588 4231.9223
2019:05:06 15:02:27 982393 788.7818
2019:05:06 15:02:27 983209 805.8064
2019:05:06 15:02:27 983631 410.5009
2019:05:06 15:02:27 984435 406.8352
2019:05:06 15:02:27 985257 810.3363
2019:05:06 15:02:28 9364 24096.2692
2019:05:06 15:02:28 45477 4120.8751
2019:05:06 15:02:28 46298 569.7161
2019:05:06 15:02:28 47107 798.3521
2019:05:06 15:02:28 47922 802.9118
2019:05:06 15:02:28 48741 808.5109
2019:05:06 15:02:28 73353 24601.3291
2019:05:06 15:02:28 77838 4476.9570
2019:05:06 15:02:28 78465 590.4585
2019:05:06 15:02:28 79069 592.1721
2019:05:06 15:02:28 79886 423.0887
2019:05:06 15:02:28 80698 407.4015
2019:05:06 15:02:28 105365 24259.9323
2019:05:06 15:02:28 126158 780.4222
2019:05:06 15:02:28 126972 794.0643
2019:05:06 15:02:28 127618 635.8363
2019:05:06 15:02:28 128205 577.3231
2019:05:06 15:02:28 129020 805.0129
2019:05:06 15:02:28 157354 28325.2299
2019:05:06 15:02:28 189362 31996.3507
2019:05:06 15:02:28 190038 394.0910
2019:05:06 15:02:28 190841 411.2683
2019:05:06 15:02:28 191647 409.1933
2019:05:06 15:02:28 192467 806.1230
2019:05:06 15:02:28 192888 410.2029
2019:05:06 15:02:28 193697 410.4115
2019:05:06 15:02:28 194515 807.2034
2019:05:06 15:02:28 194939 406.3696
2019:05:06 15:02:28 195747 412.9224
2019:05:06 15:02:28 196566 808.6450
2019:05:06 15:02:28 196987 410.2401
2019:05:06 15:02:28 221972 618.1821
2019:05:06 15:02:28 222384 389.2444
2019:05:06 15:02:28 223200 411.7228
2019:05:06 15:02:28 224021 407.0848
2019:05:06 15:02:28 224828 413.6674
2019:05:06 15:02:28 253354 28121.1026
2019:05:06 15:02:28 293369 40002.8676
2019:05:06 15:02:28 333925 570.4723
2019:05:06 15:02:28 334715 777.5761
2019:05:06 15:02:28 335525 799.1865
2019:05:06 15:02:28 335953 418.7264
2019:05:06 15:02:28 336773 421.0956
2019:05:06 15:02:28 337580 412.6430
2019:05:06 15:02:28 337996 404.6522
2019:05:06 15:02:28 338816 415.4220
2019:05:06 15:02:28 339636 415.3997
2019:05:06 15:02:28 340443 398.8370
2019:05:06 15:02:28 341267 417.8695
2019:05:06 15:02:28 413354 40000.6063
2019:05:06 15:02:28 414011 650.6369
2019:05:06 15:02:28 414856 832.9041
2019:05:06 15:02:28 415652 790.3576
2019:05:06 15:02:28 416477 814.1845
2019:05:06 15:02:28 416893 404.9763
2019:05:06 15:02:28 453353 36062.2890
2019:05:06 15:02:28 493362 40001.8468
2019:05:06 15:02:28 525841 487.4542
2019:05:06 15:02:28 526648 794.2393
2019:05:06 15:02:28 527456 795.6438
2019:05:06 15:02:28 528272 804.1859
2019:05:06 15:02:28 528703 420.5182
2019:05:06 15:02:28 529508 456.8063
2019:05:06 15:02:28 530325 803.4930
2019:05:06 15:02:28 531122 786.5615
2019:05:06 15:02:28 531567 439.3794
2019:05:06 15:02:28 532382 416.5545
2019:05:06 15:02:28 533160 374.8462
2019:05:06 15:02:28 557748 24577.3643
2019:05:06 15:02:28 558588 415.7312
2019:05:06 15:02:28 559402 412.5722
2019:05:06 15:02:28 560218 451.4642
2019:05:06 15:02:28 561038 807.6951
2019:05:06 15:02:28 589353 28301.8760
2019:05:06 15:02:28 621367 32006.0663
2019:05:06 15:02:28 622480 791.6503
2019:05:06 15:02:28 623262 767.4061
2019:05:06 15:02:28 624119 415.2060
2019:05:06 15:02:28 625302 775.7805
2019:05:06 15:02:28 626166 412.3189
2019:05:06 15:02:28 627000 419.7098
2019:05:06 15:02:28 627809 453.2784
2019:05:06 15:02:28 628624 804.0816
2019:05:06 15:02:28 653353 24718.2362
2019:05:06 15:02:28 654026 423.8859
2019:05:06 15:02:28 655236 804.1933
2019:05:06 15:02:28 656055 795.9493
2019:05:06 15:02:28 656875 808.2464
2019:05:06 15:02:28 685353 28065.6517
2019:05:06 15:02:28 725362 40001.1502
2019:05:06 15:02:28 765676 320.1477
2019:05:06 15:02:28 766480 415.3810
2019:05:06 15:02:28 767296 422.3958
2019:05:06 15:02:28 768103 413.6786
2019:05:06 15:02:28 768922 413.5109
2019:05:06 15:02:28 769739 411.7154
2019:05:06 15:02:28 770174 407.7964
2019:05:06 15:02:28 770970 413.0453
2019:05:06 15:02:28 771785 409.4020
2019:05:06 15:02:28 772209 413.7382
2019:05:06 15:02:28 773016 413.2576
2019:05:06 15:02:28 845354 39991.7886
2019:05:06 15:02:28 845989 623.8595
2019:05:06 15:02:28 846754 417.4076
2019:05:06 15:02:28 847565 409.4653
2019:05:06 15:02:28 847986 411.3689
2019:05:06 15:02:28 848796 416.5545
2019:05:06 15:02:28 885355 36155.2313
2019:05:06 15:02:28 925361 39998.3078
2019:05:06 15:02:28 957542 6159.3354
2019:05:06 15:02:28 958339 784.4009
2019:05:06 15:02:28 959157 807.9112
2019:05:06 15:02:28 959976 806.6446
2019:05:06 15:02:28 960760 773.8732
2019:05:06 15:02:28 993355 32153.9491
2019:05:06 15:02:29 25362 31994.7340
2019:05:06 15:02:29 57633 278.9870
2019:05:06 15:02:29 58410 398.4980
2019:05:06 15:02:29 59247 423.1259
2019:05:06 15:02:29 60058 410.9032
2019:05:06 15:02:29 60868 796.8470
2019:05:06 15:02:29 89361 28474.0068
2019:05:06 15:02:29 89987 617.0534
2019:05:06 15:02:29 90785 422.1015
2019:05:06 15:02:29 91192 179.8160
2019:05:06 15:02:29 92012 417.5715
2019:05:06 15:02:29 92828 415.2209
2019:05:06 15:02:29 93239 180.2891
2019:05:06 15:02:29 94062 415.9547
2019:05:06 15:02:29 94867 410.2662
2019:05:06 15:02:29 95687 580.7392
2019:05:06 15:02:29 96501 798.5793
2019:05:06 15:02:29 96928 415.1650
2019:05:06 15:02:29 125369 28204.1579
2019:05:06 15:02:29 189362 32006.8710
2019:05:06 15:02:29 190278 907.1119
2019:05:06 15:02:29 191092 805.3705
2019:05:06 15:02:29 191916 811.6141
2019:05:06 15:02:29 192699 767.7749
2019:05:06 15:02:29 193153 439.0553
2019:05:06 15:02:29 233394 4039.0305
2019:05:06 15:02:29 233964 176.5490
2019:05:06 15:02:29 235012 409.1822
2019:05:06 15:02:29 235837 419.2889
2019:05:06 15:02:29 236246 240.7767
2019:05:06 15:02:29 237075 414.7589
2019:05:06 15:02:29 309354 39999.5223
2019:05:06 15:02:29 313902 4538.5025
2019:05:06 15:02:29 314721 801.5484
2019:05:06 15:02:29 315137 410.4599
2019:05:06 15:02:29 315940 411.0485
2019:05:06 15:02:29 316758 808.0788
2019:05:06 15:02:29 349355 32582.5177
2019:05:06 15:02:29 393366 44001.7842
2019:05:06 15:02:29 453354 40000.7591
2019:05:06 15:02:29 457866 4504.7104
2019:05:06 15:02:29 458285 401.7614
2019:05:06 15:02:29 459104 423.4947
2019:05:06 15:02:29 459906 409.1151
2019:05:06 15:02:29 460333 412.5014
2019:05:06 15:02:29 461151 422.6044
2019:05:06 15:02:29 533354 40000.0177
2019:05:06 15:02:29 573367 40004.0075
2019:05:06 15:02:29 573925 391.5355
2019:05:06 15:02:29 574737 420.7939
2019:05:06 15:02:29 575546 414.1517
2019:05:06 15:02:29 576364 413.1831
2019:05:06 15:02:29 577190 420.0749
2019:05:06 15:02:29 605363 28166.1786
2019:05:06 15:02:29 669355 31999.7817
2019:05:06 15:02:29 669802 437.0622
2019:05:06 15:02:29 670615 415.9622
2019:05:06 15:02:29 671428 416.3869
2019:05:06 15:02:29 671847 407.8895
2019:05:06 15:02:29 672670 426.1695
2019:05:06 15:02:29 701366 28300.4753
2019:05:06 15:02:29 705443 4069.8051
2019:05:06 15:02:29 706252 402.3202
2019:05:06 15:02:29 707064 416.9121
2019:05:06 15:02:29 707877 410.0092
2019:05:06 15:02:29 708298 409.4616
2019:05:06 15:02:29 709111 415.6008
2019:05:06 15:02:29 737391 4026.9494
2019:05:06 15:02:29 738190 419.5645
2019:05:06 15:02:29 739008 416.5396
2019:05:06 15:02:29 740225 818.5022
2019:05:06 15:02:29 741044 809.7664
2019:05:06 15:02:29 777912 557.2625
2019:05:06 15:02:29 778727 798.1472
2019:05:06 15:02:29 779147 409.4243
2019:05:06 15:02:29 779967 416.1522
2019:05:06 15:02:29 780780 415.9920
2019:05:06 15:02:29 817354 36173.7832
2019:05:06 15:02:29 865368 48001.7066
2019:05:06 15:02:29 953354 40000.0140
2019:05:06 15:02:29 985363 31997.0846
2019:05:06 15:02:29 989647 399.0680
2019:05:06 15:02:29 990459 415.4332
2019:05:06 15:02:29 991261 415.3550
2019:05:06 15:02:29 992080 414.9452
2019:05:06 15:02:29 992893 408.9400
2019:05:06 15:02:30 17354 24449.8514
2019:05:06 15:02:30 21579 4213.8249
2019:05:06 15:02:30 22403 419.9855
2019:05:06 15:02:30 23208 413.5519
2019:05:06 15:02:30 24027 418.7189
2019:05:06 15:02:30 24865 429.6936
2019:05:06 15:02:30 49361 24487.4954
2019:05:06 15:02:30 77363 27994.8302
2019:05:06 15:02:30 117814 457.8084
2019:05:06 15:02:30 118633 795.6512
2019:05:06 15:02:30 119057 409.4727
2019:05:06 15:02:30 119860 408.9400
2019:05:06 15:02:30 120680 809.3007
2019:05:06 15:02:30 121103 407.6511
2019:05:06 15:02:30 157368 35858.0463
2019:05:06 15:02:30 237355 39983.3955
2019:05:06 15:02:30 241819 4452.7985
2019:05:06 15:02:30 242629 771.7684
2019:05:06 15:02:30 243447 413.0900
2019:05:06 15:02:30 244676 820.5436
2019:05:06 15:02:30 277358 32276.6751
2019:05:06 15:02:30 317366 39999.5297
2019:05:06 15:02:30 397357 40001.8580
2019:05:06 15:02:30 429376 32010.3019
2019:05:06 15:02:30 429962 399.4778
2019:05:06 15:02:30 430745 501.2229
2019:05:06 15:02:30 431564 807.5908
2019:05:06 15:02:30 431990 409.1784
2019:05:06 15:02:30 432799 506.0770
2019:05:06 15:02:30 433636 826.5078
2019:05:06 15:02:30 434048 398.4086
2019:05:06 15:02:30 434878 524.0701
2019:05:06 15:02:30 435686 423.4277
2019:05:06 15:02:30 436391 317.0148
2019:05:06 15:02:30 437309 417.5492
2019:05:06 15:02:30 493355 32000.6944
2019:05:06 15:02:30 525362 31996.0937
2019:05:06 15:02:30 605354 39997.4249
2019:05:06 15:02:30 605812 450.0374
2019:05:06 15:02:30 606627 418.1787
2019:05:06 15:02:30 607438 414.4758
2019:05:06 15:02:30 608257 413.3955
2019:05:06 15:02:30 609072 409.7000
2019:05:06 15:02:30 609905 815.2239
2019:05:06 15:02:30 610711 794.0196
2019:05:06 15:02:30 611132 409.7112
2019:05:06 15:02:30 611952 418.7152
2019:05:06 15:02:30 612771 417.6311
2019:05:06 15:02:30 645354 32185.3869
2019:05:06 15:02:30 649641 4275.7802
2019:05:06 15:02:30 650446 414.4907
2019:05:06 15:02:30 651274 418.6109
2019:05:06 15:02:30 652092 419.7322
2019:05:06 15:02:30 653310 818.8598
2019:05:06 15:02:30 765355 79999.2345
2019:05:06 15:02:30 773361 7994.4097
2019:05:06 15:02:30 773976 371.3518
2019:05:06 15:02:30 774831 409.7708
2019:05:06 15:02:30 775650 413.9990
2019:05:06 15:02:30 776464 455.6701
2019:05:06 15:02:30 777287 812.0276
2019:05:06 15:02:30 845354 31998.9808
2019:05:06 15:02:30 846101 739.4217
2019:05:06 15:02:30 846529 408.7985
2019:05:06 15:02:30 847335 413.3582
2019:05:06 15:02:30 848150 461.7088
2019:05:06 15:02:30 848972 417.7056
2019:05:06 15:02:30 850189 816.0509
2019:05:06 15:02:30 851008 807.6392
2019:05:06 15:02:30 851780 761.0582
2019:05:06 15:02:30 852248 457.6035
2019:05:06 15:02:30 853067 417.3182
2019:05:06 15:02:30 878074 719.5324
2019:05:06 15:02:30 878860 773.2026
2019:05:06 15:02:30 879679 807.7323
2019:05:06 15:02:30 880462 771.7386
2019:05:06 15:02:30 880922 449.7916
2019:05:06 15:02:30 881751 422.5001
2019:05:06 15:02:30 882516 379.0297
2019:05:06 15:02:30 882974 450.8793
2019:05:06 15:02:30 883791 414.9824
2019:05:06 15:02:30 884559 370.8228
2019:05:06 15:02:30 909358 24354.2008
2019:05:06 15:02:30 913690 4321.5640
2019:05:06 15:02:30 914505 413.6525
2019:05:06 15:02:30 915284 374.1831
2019:05:06 15:02:30 916142 415.4742
2019:05:06 15:02:30 916959 403.0392
2019:05:06 15:02:30 941355 24035.6326
2019:05:06 15:02:30 981365 40000.8895
2019:05:06 15:02:30 986057 798.0727
2019:05:06 15:02:30 986856 787.5785
2019:05:06 15:02:30 987676 807.7398
2019:05:06 15:02:30 988101 410.1470
2019:05:06 15:02:30 988904 401.1653
2019:05:06 15:02:31 19374 30455.3024
2019:05:06 15:02:31 49366 29982.7270
2019:05:06 15:02:31 97486 4128.0463
2019:05:06 15:02:31 97993 499.5354
2019:05:06 15:02:31 98808 417.4300
2019:05:06 15:02:31 99525 318.5160
2019:05:06 15:02:31 100044 507.7310
2019:05:06 15:02:31 100856 417.6013
2019:05:06 15:02:31 120319 19064.1545
2019:05:06 15:02:31 142373 22043.2281
2019:05:06 15:02:31 154130 417.3331
2019:05:06 15:02:31 157371 2843.8717
2019:05:06 15:02:31 157840 461.4219
2019:05:06 15:02:31 158643 423.7406
2019:05:06 15:02:31 159457 423.3904
2019:05:06 15:02:31 160271 418.0260
2019:05:06 15:02:31 161086 414.7477
2019:05:06 15:02:31 177476 10200.1540
2019:05:06 15:02:31 178293 800.4718
2019:05:06 15:02:31 179108 801.4999
2019:05:06 15:02:31 179529 409.2157
2019:05:06 15:02:31 180340 420.9466
2019:05:06 15:02:31 181166 423.6735
2019:05:06 15:02:31 189778 415.9361
2019:05:06 15:02:31 190567 404.7938
2019:05:06 15:02:31 191385 803.3328
2019:05:06 15:02:31 191811 412.9633
2019:05:06 15:02:31 192628 419.2293
2019:05:06 15:02:31 201367 8339.5094
2019:05:06 15:02:31 213921 562.1240
2019:05:06 15:02:31 214732 797.2568
2019:05:06 15:02:31 215158 407.8411
2019:05:06 15:02:31 215973 415.3773
2019:05:06 15:02:31 216782 414.3305
2019:05:06 15:02:31 221367 4179.6714
2019:05:06 15:02:31 222106 404.6932
2019:05:06 15:02:31 222928 414.1144
2019:05:06 15:02:31 223750 420.1010
2019:05:06 15:02:31 224971 818.5580
2019:05:06 15:02:31 237704 345.9454
2019:05:06 15:02:31 241362 3274.7500
2019:05:06 15:02:31 250374 9003.8516
2019:05:06 15:02:31 261366 8114.1479
2019:05:06 15:02:31 297357 19998.6398
2019:05:06 15:02:31 325361 27996.9685
2019:05:06 15:02:31 369564 4210.6733
2019:05:06 15:02:31 370383 807.5051
2019:05:06 15:02:31 370794 405.1998
2019:05:06 15:02:31 371611 418.0670
2019:05:06 15:02:31 372429 417.4709
2019:05:06 15:02:31 373240 414.0362
2019:05:06 15:02:31 417912 557.2215
2019:05:06 15:02:31 418718 420.1159
2019:05:06 15:02:31 419548 426.7842
2019:05:06 15:02:31 420361 424.6980
2019:05:06 15:02:31 421575 819.1057
2019:05:06 15:02:31 421996 405.1030
2019:05:06 15:02:31 422809 419.4714
2019:05:06 15:02:31 423627 418.0856
2019:05:06 15:02:31 424437 413.3210
2019:05:06 15:02:31 425266 422.5634
2019:05:06 15:02:31 481365 24141.2669
2019:05:06 15:02:31 549354 39998.9635
2019:05:06 15:02:31 550179 817.8800
2019:05:06 15:02:31 550597 405.7698
2019:05:06 15:02:31 551408 408.4706
2019:05:06 15:02:31 552241 427.0039
2019:05:06 15:02:31 553046 798.8513
2019:05:06 15:02:31 553864 806.3205
2019:05:06 15:02:31 554707 830.6690
2019:05:06 15:02:31 555513 797.9311
2019:05:06 15:02:31 556340 817.5187
2019:05:06 15:02:31 557150 803.9288
2019:05:06 15:02:31 589365 32205.9058
2019:05:06 15:02:31 605885 522.0249
2019:05:06 15:02:31 606304 407.7666
2019:05:06 15:02:31 607119 418.4358
2019:05:06 15:02:31 607936 415.5673
2019:05:06 15:02:31 608754 415.8802
2019:05:06 15:02:31 625363 16204.0405
2019:05:06 15:02:31 625960 588.4320
2019:05:06 15:02:31 626376 403.4825
2019:05:06 15:02:31 627187 415.7983
2019:05:06 15:02:31 628005 415.3177
2019:05:06 15:02:31 628824 414.6658
2019:05:06 15:02:31 641357 12131.7692
2019:05:06 15:02:31 665682 24318.5684
2019:05:06 15:02:31 666497 795.0887
2019:05:06 15:02:31 666924 411.3168
2019:05:06 15:02:31 667726 408.9735
2019:05:06 15:02:31 668545 809.1889
2019:05:06 15:02:31 668971 414.5317
2019:05:06 15:02:31 709354 39978.7240
2019:05:06 15:02:31 747383 38020.0781
2019:05:06 15:02:31 825354 39999.5558
2019:05:06 15:02:31 857363 31997.5391
2019:05:06 15:02:31 925354 40000.4648
2019:05:06 15:02:31 965364 40000.2301
2019:05:06 15:02:31 966156 417.7429
2019:05:06 15:02:31 966959 419.0542
2019:05:06 15:02:31 967785 430.9379
2019:05:06 15:02:31 968599 424.6570
2019:05:06 15:02:31 989367 20365.7039
2019:05:06 15:02:31 989804 429.9730
2019:05:06 15:02:31 990625 422.3324
2019:05:06 15:02:31 991447 425.7001
2019:05:06 15:02:31 992257 416.5806
2019:05:06 15:02:31 993073 413.4253
2019:05:06 15:02:32 29353 36269.7095
2019:05:06 15:02:32 69364 40002.9160
2019:05:06 15:02:32 70055 416.2528
2019:05:06 15:02:32 70842 409.2492
2019:05:06 15:02:32 71662 803.7798
2019:05:06 15:02:32 72083 408.6047
2019:05:06 15:02:32 72890 408.1167
2019:05:06 15:02:32 73719 817.2318
2019:05:06 15:02:32 74132 399.7236
2019:05:06 15:02:32 74949 417.2884
2019:05:06 15:02:32 75769 418.4693
2019:05:06 15:02:32 76588 418.0036
2019:05:06 15:02:32 113519 36533.3967
2019:05:06 15:02:32 114330 793.2521
2019:05:06 15:02:32 115141 805.4040
2019:05:06 15:02:32 115949 420.0377
2019:05:06 15:02:32 116777 419.8551
2019:05:06 15:02:32 149365 32192.9418
2019:05:06 15:02:32 221355 31999.9754
2019:05:06 15:02:32 221991 628.8886
2019:05:06 15:02:32 222396 244.9080
2019:05:06 15:02:32 223212 415.9287
2019:05:06 15:02:32 224029 419.6092
2019:05:06 15:02:32 224834 635.9890
2019:05:06 15:02:32 225663 818.1594
2019:05:06 15:02:32 226084 410.9144
2019:05:06 15:02:32 226882 626.6274
2019:05:06 15:02:32 227703 807.0916
2019:05:06 15:02:32 228132 417.9589
2019:05:06 15:02:32 228944 645.0713
2019:05:06 15:02:32 257654 4304.7331
2019:05:06 15:02:32 258437 412.7473
2019:05:06 15:02:32 259241 400.7258
2019:05:06 15:02:32 260069 415.3065
2019:05:06 15:02:32 260882 412.5163
2019:05:06 15:02:32 261298 406.0492
2019:05:06 15:02:32 293268 7914.1110
2019:05:06 15:02:32 294054 400.1819
2019:05:06 15:02:32 294884 407.1072
2019:05:06 15:02:32 295700 412.9894
2019:05:06 15:02:32 296122 249.6429
2019:05:06 15:02:32 296935 415.6642
2019:05:06 15:02:32 321362 24027.3476
2019:05:06 15:02:32 322324 790.5439
2019:05:06 15:02:32 323138 803.3775
2019:05:06 15:02:32 323954 802.9193
2019:05:06 15:02:32 324385 419.0207
2019:05:06 15:02:32 325196 642.3332
2019:05:06 15:02:32 326022 410.7319
2019:05:06 15:02:32 326835 406.0790
2019:05:06 15:02:32 327652 410.1470
2019:05:06 15:02:32 328470 416.5620
2019:05:06 15:02:32 329281 799.9651
2019:05:06 15:02:32 357362 28069.4105
2019:05:06 15:02:32 365733 362.0461
2019:05:06 15:02:32 366554 412.9931
2019:05:06 15:02:32 367781 819.2211
2019:05:06 15:02:32 368600 809.5093
2019:05:06 15:02:32 393365 24355.5531
2019:05:06 15:02:32 394001 389.2146
2019:05:06 15:02:32 394811 414.5987
2019:05:06 15:02:32 395627 805.2886
2019:05:06 15:02:32 396044 405.5761
2019:05:06 15:02:32 396863 421.5166
2019:05:06 15:02:32 397710 452.0789
2019:05:06 15:02:32 398487 768.1288
2019:05:06 15:02:32 398917 411.9761
2019:05:06 15:02:32 399720 409.6441
2019:05:06 15:02:32 400143 412.9410
2019:05:06 15:02:32 400959 413.8462
2019:05:06 15:02:32 457355 32000.6162
2019:05:06 15:02:32 461862 4499.5844
2019:05:06 15:02:32 462676 416.8414
2019:05:06 15:02:32 463482 415.5524
2019:05:06 15:02:32 464300 415.6381
2019:05:06 15:02:32 465113 408.7463
2019:05:06 15:02:32 497362 32238.5170
2019:05:06 15:02:32 541309 3953.6133
2019:05:06 15:02:32 542112 792.9988
2019:05:06 15:02:32 542544 414.3678
2019:05:06 15:02:32 543343 409.1412
2019:05:06 15:02:32 544179 429.0529
2019:05:06 15:02:32 545008 822.8309
2019:05:06 15:02:32 577365 32350.5588
2019:05:06 15:02:32 610107 750.5417
2019:05:06 15:02:32 610528 409.7410
2019:05:06 15:02:32 611346 415.3103
2019:05:06 15:02:32 612154 408.8692
2019:05:06 15:02:32 612577 412.9969
2019:05:06 15:02:32 645362 32376.2074
2019:05:06 15:02:32 646290 919.0477
2019:05:06 15:02:32 647107 412.9894
2019:05:06 15:02:32 647936 559.9111
2019:05:06 15:02:32 649153 817.8763
2019:05:06 15:02:32 649989 554.5877
2019:05:06 15:02:32 650807 416.6849
2019:05:06 15:02:32 651484 274.3490
2019:05:06 15:02:32 652035 415.4928
2019:05:06 15:02:32 652855 416.4875
2019:05:06 15:02:32 681364 28106.9912
2019:05:06 15:02:32 681936 385.2695
2019:05:06 15:02:32 682747 557.3817
2019:05:06 15:02:32 683568 417.7131
2019:05:06 15:02:32 684237 271.0000
2019:05:06 15:02:32 684801 426.7842
2019:05:06 15:02:32 685632 427.4622
2019:05:06 15:02:32 686295 267.1145
2019:05:06 15:02:32 686861 554.7702
2019:05:06 15:02:32 687679 419.4751
2019:05:06 15:02:32 688338 271.4433
2019:05:06 15:02:32 688908 422.6193
2019:05:06 15:02:32 717364 28052.8590
2019:05:06 15:02:32 785362 32005.1201
2019:05:06 15:02:32 817371 32000.3778
2019:05:06 15:02:32 818134 389.4344
2019:05:06 15:02:32 818935 410.5717
2019:05:06 15:02:32 819758 416.5918
2019:05:06 15:02:32 820570 409.2976
2019:05:06 15:02:32 857362 36782.6670
2019:05:06 15:02:32 897363 39993.3606
2019:05:06 15:02:32 977353 39998.5760
2019:05:06 15:02:33 9363 32000.4895
2019:05:06 15:02:33 10013 422.6193
2019:05:06 15:02:33 10825 416.4018
2019:05:06 15:02:33 11485 259.4441
2019:05:06 15:02:33 12457 416.9084
2019:05:06 15:02:33 13282 421.8854
2019:05:06 15:02:33 45243 3889.5011
2019:05:06 15:02:33 46036 787.6791
2019:05:06 15:02:33 46445 394.9255
2019:05:06 15:02:33 47271 413.4253
2019:05:06 15:02:33 48083 409.4839
2019:05:06 15:02:33 48899 800.7623
2019:05:06 15:02:33 81354 32441.0982
2019:05:06 15:02:33 125365 44002.3392
2019:05:06 15:02:33 129956 414.6174
2019:05:06 15:02:33 130775 418.2570
2019:05:06 15:02:33 131183 397.3693
2019:05:06 15:02:33 132001 416.3980
2019:05:06 15:02:33 132810 409.8192
2019:05:06 15:02:33 133228 407.6995
2019:05:06 15:02:33 162316 959.7354
2019:05:06 15:02:33 163139 816.2111
2019:05:06 15:02:33 163957 812.0723
2019:05:06 15:02:33 164779 815.6635
2019:05:06 15:02:33 166013 834.0701
2019:05:06 15:02:33 166834 814.2404
2019:05:06 15:02:33 167645 804.6180
2019:05:06 15:02:33 168445 788.3757
2019:05:06 15:02:33 193357 24485.0703
2019:05:06 15:02:33 193866 501.4688
2019:05:06 15:02:33 194685 414.9638
2019:05:06 15:02:33 195496 410.8325
2019:05:06 15:02:33 196303 408.0050
2019:05:06 15:02:33 196721 407.1184
2019:05:06 15:02:33 197558 432.6366
2019:05:06 15:02:33 198348 411.8122
2019:05:06 15:02:33 198766 405.6804
2019:05:06 15:02:33 199586 416.9792
2019:05:06 15:02:33 200405 418.3725
2019:05:06 15:02:33 201224 421.2596
2019:05:06 15:02:33 237283 3918.3907
2019:05:06 15:02:33 238119 448.3275
2019:05:06 15:02:33 238905 417.7168
2019:05:06 15:02:33 239710 408.2769
2019:05:06 15:02:33 240530 807.4418
2019:05:06 15:02:33 273357 32815.5048
2019:05:06 15:02:33 274159 791.9855
2019:05:06 15:02:33 274970 698.7378
2019:05:06 15:02:33 276177 804.6143
2019:05:06 15:02:33 277010 809.8036
2019:05:06 15:02:33 313366 36344.5841
2019:05:06 15:02:33 381365 28008.2338
2019:05:06 15:02:33 413366 31991.7388
2019:05:06 15:02:33 485354 35998.1544
2019:05:06 15:02:33 485875 511.2439
2019:05:06 15:02:33 486675 434.4471
2019:05:06 15:02:33 487495 430.4089
2019:05:06 15:02:33 488297 410.1023
2019:05:06 15:02:33 489114 415.8132
2019:05:06 15:02:33 553367 63847.8100
2019:05:06 15:02:33 585780 417.4002
2019:05:06 15:02:33 586602 409.9347
2019:05:06 15:02:33 587426 416.2416
2019:05:06 15:02:33 588239 422.2691
2019:05:06 15:02:33 589051 415.3140
2019:05:06 15:02:33 665354 39998.2892
2019:05:06 15:02:33 701362 35999.6073
2019:05:06 15:02:33 702212 425.0407
2019:05:06 15:02:33 702950 343.9933
2019:05:06 15:02:33 737364 33947.2294
2019:05:06 15:02:33 773364 35991.9481
2019:05:06 15:02:33 817648 293.4560
2019:05:06 15:02:33 818401 406.4664
2019:05:06 15:02:33 819219 807.0506
2019:05:06 15:02:33 819640 409.4355
2019:05:06 15:02:33 820447 409.3014
2019:05:06 15:02:33 821267 808.3470
2019:05:06 15:02:33 897355 39998.9486
2019:05:06 15:02:33 901836 4472.7698
2019:05:06 15:02:33 902640 775.6166
2019:05:06 15:02:33 903060 408.2359
2019:05:06 15:02:33 903880 418.1303
2019:05:06 15:02:33 904690 409.6515
2019:05:06 15:02:33 937359 32263.4950
2019:05:06 15:02:33 969363 31993.3742
2019:05:06 15:02:33 970231 392.8654
2019:05:06 15:02:33 971057 423.2787
2019:05:06 15:02:33 971879 426.1509
2019:05:06 15:02:33 972700 428.1588
2019:05:06 15:02:34 5366 32658.8191
2019:05:06 15:02:34 9578 4203.1743
2019:05:06 15:02:34 10378 418.4358
2019:05:06 15:02:34 11181 408.4334
2019:05:06 15:02:34 11603 409.6888
2019:05:06 15:02:34 12423 416.0851
2019:05:06 15:02:34 13230 409.0779
2019:05:06 15:02:34 45364 32122.0458
2019:05:06 15:02:34 85564 207.3050
2019:05:06 15:02:34 86317 414.7068
2019:05:06 15:02:34 87137 416.5024
2019:05:06 15:02:34 87945 405.2557
2019:05:06 15:02:34 88765 808.9356
2019:05:06 15:02:34 125361 36584.0755
2019:05:06 15:02:34 157364 31994.9314
2019:05:06 15:02:34 158262 428.5797
2019:05:06 15:02:34 159300 631.6714
2019:05:06 15:02:34 159904 431.8096
2019:05:06 15:02:34 161114 809.7924
2019:05:06 15:02:34 189947 28820.4551
2019:05:06 15:02:34 190753 787.4742
2019:05:06 15:02:34 191581 816.1068
2019:05:06 15:02:34 192388 796.5229
2019:05:06 15:02:34 193209 808.5817
2019:05:06 15:02:34 194037 813.1787
2019:05:06 15:02:34 194444 396.0505
2019:05:06 15:02:34 195264 416.7035
2019:05:06 15:02:34 196074 412.5275
2019:05:06 15:02:34 196496 347.4094
2019:05:06 15:02:34 197312 418.0595
2019:05:06 15:02:34 230070 706.7584
2019:05:06 15:02:34 237362 7268.1978
2019:05:06 15:02:34 277366 39996.1434
2019:05:06 15:02:34 333357 23999.5457
2019:05:06 15:02:34 345366 11996.5449
2019:05:06 15:02:34 393361 28007.3471
2019:05:06 15:02:34 405365 11995.1516
2019:05:06 15:02:34 421765 402.4059
2019:05:06 15:02:34 422573 409.4094
2019:05:06 15:02:34 423401 421.8929
2019:05:06 15:02:34 424230 752.0914
2019:05:06 15:02:34 425042 421.1441
2019:05:06 15:02:34 485356 35990.8678
2019:05:06 15:02:34 517370 32004.7848
2019:05:06 15:02:34 518415 781.8826
2019:05:06 15:02:34 519232 806.0224
2019:05:06 15:02:34 519724 468.7458
2019:05:06 15:02:34 520474 419.5049
2019:05:06 15:02:34 521299 425.0109
2019:05:06 15:02:34 585357 31994.2571
2019:05:06 15:02:34 617366 32000.3182
2019:05:06 15:02:34 617964 390.1757
2019:05:06 15:02:34 618773 419.9035
2019:05:06 15:02:34 619583 406.6005
2019:05:06 15:02:34 620066 468.7421
2019:05:06 15:02:34 620818 740.7740
2019:05:06 15:02:34 653355 32522.3394
2019:05:06 15:02:34 654006 642.5418
2019:05:06 15:02:34 654813 800.5276
2019:05:06 15:02:34 655622 797.5698
2019:05:06 15:02:34 656440 807.3002
2019:05:06 15:02:34 656863 412.5386
2019:05:06 15:02:34 689354 32419.9609
2019:05:06 15:02:34 690026 403.7954
2019:05:06 15:02:34 690845 797.7635
2019:05:06 15:02:34 691664 808.2092
2019:05:06 15:02:34 692085 410.6499
2019:05:06 15:02:34 692906 418.5475
2019:05:06 15:02:34 725362 32050.1886
2019:05:06 15:02:34 726102 409.5845
2019:05:06 15:02:34 726889 401.5900
2019:05:06 15:02:34 727712 409.4578
2019:05:06 15:02:34 728532 413.8015
2019:05:06 15:02:34 728961 411.8346
2019:05:06 15:02:34 761362 32009.4749
2019:05:06 15:02:34 766220 795.5581
2019:05:06 15:02:34 767035 803.8394
2019:05:06 15:02:34 767451 405.3861
2019:05:06 15:02:34 768261 411.2162
2019:05:06 15:02:34 769076 409.3908
2019:05:06 15:02:34 769568 477.6083
2019:05:06 15:02:34 770322 423.0440
2019:05:06 15:02:34 771132 402.6592
2019:05:06 15:02:34 771942 404.8236
2019:05:06 15:02:34 772761 801.3584
2019:05:06 15:02:34 773197 419.5683
2019:05:06 15:02:34 797765 409.9570
2019:05:06 15:02:34 798565 404.6261
2019:05:06 15:02:34 799386 808.6301
2019:05:06 15:02:34 799810 412.0097
2019:05:06 15:02:34 800612 408.8990
2019:05:06 15:02:34 813341 12717.7201
2019:05:06 15:02:34 814156 428.2929
2019:05:06 15:02:34 814953 400.8524
2019:05:06 15:02:34 815776 810.8020
2019:05:06 15:02:34 816197 409.4429
2019:05:06 15:02:34 816996 403.5197
2019:05:06 15:02:34 817817 806.2311
2019:05:06 15:02:34 818247 418.3576
2019:05:06 15:02:34 819059 413.2353
2019:05:06 15:02:34 819878 413.3880
2019:05:06 15:02:34 820691 410.4637
2019:05:06 15:02:34 821111 408.6494
2019:05:06 15:02:34 845699 343.4159
2019:05:06 15:02:34 846514 421.0621
2019:05:06 15:02:34 847391 488.1844
2019:05:06 15:02:34 848137 729.4230
2019:05:06 15:02:34 848947 799.5032
2019:05:06 15:02:34 885355 36396.0303
2019:05:06 15:02:34 889516 4150.6998
2019:05:06 15:02:34 890331 421.2297
2019:05:06 15:02:34 890728 206.9324
2019:05:06 15:02:34 891551 415.7573
2019:05:06 15:02:34 892777 825.8298
2019:05:06 15:02:34 917361 24577.7369
2019:05:06 15:02:34 957377 40008.6083
2019:05:06 15:02:34 958307 410.5456
2019:05:06 15:02:34 959121 791.1436
2019:05:06 15:02:34 959942 407.1482
2019:05:06 15:02:34 960767 634.5026
2019:05:06 15:02:34 961588 808.7493
2019:05:06 15:02:34 962399 401.5937
2019:05:06 15:02:34 963232 414.1033
2019:05:06 15:02:34 964048 421.8668
2019:05:06 15:02:34 964867 622.4588
2019:05:06 15:02:34 989451 24175.8823
2019:05:06 15:02:34 990275 420.3916
2019:05:06 15:02:34 990874 203.4940
2019:05:06 15:02:34 991902 820.0370
2019:05:06 15:02:34 992715 406.9135
2019:05:06 15:02:34 993531 626.2586
2019:05:06 15:02:35 21363 24143.0849
2019:05:06 15:02:35 33677 323.4632
2019:05:06 15:02:35 34483 613.1195
2019:05:06 15:02:35 35313 818.9119
2019:05:06 15:02:35 36532 813.6556
2019:05:06 15:02:35 57361 20818.7252
2019:05:06 15:02:35 57844 472.8511
2019:05:06 15:02:35 58653 402.3574
2019:05:06 15:02:35 59486 418.3277
2019:05:06 15:02:35 60302 403.9891
2019:05:06 15:02:35 61119 634.4132
2019:05:06 15:02:35 101358 32003.7454
2019:05:06 15:02:35 101671 302.9332
2019:05:06 15:02:35 102890 818.8710
2019:05:06 15:02:35 104113 811.9754
2019:05:06 15:02:35 104937 812.2735
2019:05:06 15:02:35 105558 208.1878
2019:05:06 15:02:35 106574 818.4202
2019:05:06 15:02:35 107810 826.7537
2019:05:06 15:02:35 108622 806.0783
2019:05:06 15:02:35 141368 32331.1687
2019:05:06 15:02:35 150002 388.7005
2019:05:06 15:02:35 150810 412.2630
2019:05:06 15:02:35 151637 809.5130
2019:05:06 15:02:35 152055 409.4876
2019:05:06 15:02:35 152653 204.4402
2019:05:06 15:02:35 153283 426.8959
2019:05:06 15:02:35 177852 488.3483
2019:05:06 15:02:35 178662 798.7805
2019:05:06 15:02:35 179086 410.2997
2019:05:06 15:02:35 179893 413.0118
2019:05:06 15:02:35 180710 413.2576
2019:05:06 15:02:35 181138 409.5063
2019:05:06 15:02:35 181953 420.7343
2019:05:06 15:02:35 182762 412.3263
2019:05:06 15:02:35 183190 407.9193
2019:05:06 15:02:35 184004 644.2443
2019:05:06 15:02:35 184815 794.0158
2019:05:06 15:02:35 185408 582.3672
2019:05:06 15:02:35 221670 8307.3229
2019:05:06 15:02:35 222275 582.0990
2019:05:06 15:02:35 222923 434.6557
2019:05:06 15:02:35 223730 421.8034
2019:05:06 15:02:35 224321 195.3654
2019:05:06 15:02:35 224978 434.7637
2019:05:06 15:02:35 256101 6745.0590
2019:05:06 15:02:35 257083 974.0926
2019:05:06 15:02:35 257760 666.9387
