
# OSU MPI Allreduce Latency Test v5.6.1
# Size       Avg Latency(us)
1024                 4484.90
2019:05:06 15:02:17 241620 4261.4564
2019:05:06 15:02:17 242455 812.0798
2019:05:06 15:02:17 243268 807.5461
2019:05:06 15:02:17 244066 788.7371
2019:05:06 15:02:17 244901 819.8619
2019:05:06 15:02:17 277354 32442.5437
2019:05:06 15:02:17 317362 39998.1737
2019:05:06 15:02:17 357783 427.9129
2019:05:06 15:02:17 358598 416.5284
2019:05:06 15:02:17 359419 814.5720
2019:05:06 15:02:17 360242 420.1867
2019:05:06 15:02:17 361063 519.2198
2019:05:06 15:02:17 405355 44285.7035
2019:05:06 15:02:17 409834 4471.1158
2019:05:06 15:02:17 410629 412.3524
2019:05:06 15:02:17 411452 415.7610
2019:05:06 15:02:17 412265 410.2327
2019:05:06 15:02:17 413091 417.0574
2019:05:06 15:02:17 449439 4084.8926
2019:05:06 15:02:17 450230 416.3124
2019:05:06 15:02:17 451036 418.0595
2019:05:06 15:02:17 451859 419.8626
2019:05:06 15:02:17 452684 425.6219
2019:05:06 15:02:17 485364 32289.8664
2019:05:06 15:02:17 565355 40001.6569
2019:05:06 15:02:17 605363 39997.6745
2019:05:06 15:02:17 606210 406.3211
2019:05:06 15:02:17 607019 416.3049
2019:05:06 15:02:17 607833 405.3563
2019:05:06 15:02:17 608657 409.1710
2019:05:06 15:02:17 609871 804.6813
2019:05:06 15:02:17 610697 809.6509
2019:05:06 15:02:17 611523 813.9797
2019:05:06 15:02:17 612348 818.7816
2019:05:06 15:02:17 613170 815.9652
2019:05:06 15:02:17 645366 32188.7247
2019:05:06 15:02:17 686103 748.1910
2019:05:06 15:02:17 686941 818.0439
2019:05:06 15:02:17 687749 801.8650
2019:05:06 15:02:17 688563 807.8367
2019:05:06 15:02:17 725355 36382.8577
2019:05:06 15:02:17 729549 4183.9033
2019:05:06 15:02:17 730373 424.1318
2019:05:06 15:02:17 731182 422.0344
2019:05:06 15:02:17 732002 429.0827
2019:05:06 15:02:17 733227 808.8686
2019:05:06 15:02:17 765712 357.5161
2019:05:06 15:02:17 766528 407.8001
2019:05:06 15:02:17 767763 825.9416
2019:05:06 15:02:17 768576 806.2385
2019:05:06 15:02:17 805360 36374.5987
2019:05:06 15:02:17 845363 39996.2850
2019:05:06 15:02:17 846324 427.5292
2019:05:06 15:02:17 847140 424.1355
2019:05:06 15:02:17 848369 816.0844
2019:05:06 15:02:17 849187 812.6050
2019:05:06 15:02:17 849986 791.7061
2019:05:06 15:02:17 850821 821.2142
2019:05:06 15:02:17 851637 810.1538
2019:05:06 15:02:17 852054 411.0336
2019:05:06 15:02:17 852871 419.6651
2019:05:06 15:02:17 885366 32100.9681
2019:05:06 15:02:17 925898 537.1608
2019:05:06 15:02:17 926718 801.4962
2019:05:06 15:02:17 927138 405.9263
2019:05:06 15:02:17 927967 416.7669
2019:05:06 15:02:17 928782 808.6823
2019:05:06 15:02:17 965354 36565.5981
2019:05:06 15:02:18 5365 40004.0187
2019:05:06 15:02:18 10280 405.0992
2019:05:06 15:02:18 11108 428.6617
2019:05:06 15:02:18 11921 415.8169
2019:05:06 15:02:18 12744 425.5362
2019:05:06 15:02:18 45369 32225.0687
2019:05:06 15:02:18 85924 569.7086
2019:05:06 15:02:18 86726 413.0974
2019:05:06 15:02:18 87545 405.8853
2019:05:06 15:02:18 88359 418.1601
2019:05:06 15:02:18 89185 425.2940
2019:05:06 15:02:18 89985 794.0941
2019:05:06 15:02:18 90815 818.1408
2019:05:06 15:02:18 91631 406.9321
2019:05:06 15:02:18 92447 415.0420
2019:05:06 15:02:18 93267 414.8223
2019:05:06 15:02:18 165353 39997.6932
2019:05:06 15:02:18 165906 540.9867
2019:05:06 15:02:18 166723 415.5226
2019:05:06 15:02:18 167540 413.6488
2019:05:06 15:02:18 168360 397.6636
2019:05:06 15:02:18 169178 401.7241
2019:05:06 15:02:18 245354 40000.1332
2019:05:06 15:02:18 285363 39997.2126
2019:05:06 15:02:18 325625 271.3650
2019:05:06 15:02:18 326442 409.8117
2019:05:06 15:02:18 327266 412.9335
2019:05:06 15:02:18 328081 409.6180
2019:05:06 15:02:18 329310 819.5601
2019:05:06 15:02:18 330131 415.7722
2019:05:06 15:02:18 330954 415.5114
2019:05:06 15:02:18 331770 413.4774
2019:05:06 15:02:18 332995 818.3420
2019:05:06 15:02:18 405355 39999.3993
2019:05:06 15:02:18 406306 942.6475
2019:05:06 15:02:18 407130 814.8588
2019:05:06 15:02:18 407939 799.7788
2019:05:06 15:02:18 408768 817.9806
2019:05:06 15:02:18 445354 36172.0547
2019:05:06 15:02:18 485361 39999.7272
2019:05:06 15:02:18 565360 40004.9090
2019:05:06 15:02:18 566054 685.6099
2019:05:06 15:02:18 567276 816.4570
2019:05:06 15:02:18 568101 816.0248
2019:05:06 15:02:18 568920 813.2830
2019:05:06 15:02:18 569729 803.0795
2019:05:06 15:02:18 570559 817.7720
2019:05:06 15:02:18 571375 810.2283
2019:05:06 15:02:18 572197 816.3229
2019:05:06 15:02:18 573016 813.4656
2019:05:06 15:02:18 597378 24356.0486
2019:05:06 15:02:18 598503 640.6084
2019:05:06 15:02:18 599734 819.7948
2019:05:06 15:02:18 600554 383.4628
2019:05:06 15:02:18 626072 25111.8466
2019:05:06 15:02:18 627008 928.0033
2019:05:06 15:02:18 628089 544.3245
2019:05:06 15:02:18 629062 965.7070
2019:05:06 15:02:18 630137 532.3626
2019:05:06 15:02:18 631379 524.3719
2019:05:06 15:02:18 632364 492.9528
2019:05:06 15:02:18 661292 28411.8168
2019:05:06 15:02:18 662166 866.7186
2019:05:06 15:02:18 663299 614.2743
2019:05:06 15:02:18 664728 1004.1371
2019:05:06 15:02:18 665706 971.2353
2019:05:06 15:02:18 666751 973.2470
2019:05:06 15:02:18 667407 648.6699
2019:05:06 15:02:18 668797 988.2972
2019:05:06 15:02:18 698289 28963.4615
2019:05:06 15:02:18 699855 1036.3236
2019:05:06 15:02:18 700873 1010.7122
2019:05:06 15:02:18 701944 930.1379
2019:05:06 15:02:18 703483 1056.4812
2019:05:06 15:02:18 704461 970.2295
2019:05:06 15:02:18 737364 32367.0246
2019:05:06 15:02:18 741948 4573.6060
2019:05:06 15:02:18 742760 425.3462
2019:05:06 15:02:18 743590 420.0228
2019:05:06 15:02:18 744399 417.3592
2019:05:06 15:02:18 773357 28552.1783
2019:05:06 15:02:18 809369 36000.6839
2019:05:06 15:02:18 853373 8016.3889
2019:05:06 15:02:18 854170 788.2006
2019:05:06 15:02:18 854986 808.4923
2019:05:06 15:02:18 855800 805.4972
2019:05:06 15:02:18 856632 424.8321
2019:05:06 15:02:18 877998 20960.4837
2019:05:06 15:02:18 897370 19362.9563
2019:05:06 15:02:18 933728 7628.2434
2019:05:06 15:02:18 934555 814.7694
2019:05:06 15:02:18 935356 791.4454
2019:05:06 15:02:18 936602 831.6152
2019:05:06 15:02:18 954601 17991.6583
2019:05:06 15:02:18 974326 19716.1995
2019:05:06 15:02:18 975385 1051.8581
2019:05:06 15:02:18 976413 543.6316
2019:05:06 15:02:18 978006 1101.6056
2019:05:06 15:02:18 979527 1037.2326
2019:05:06 15:02:18 980084 465.2739
2019:05:06 15:02:19 5418 24850.0034
2019:05:06 15:02:19 6980 1011.6063
2019:05:06 15:02:19 7535 546.3287
2019:05:06 15:02:19 8685 666.5476
2019:05:06 15:02:19 21912 12818.3812
2019:05:06 15:02:19 23023 587.9886
2019:05:06 15:02:19 24515 1009.8554
2019:05:06 15:02:19 25563 908.8181
2019:05:06 15:02:19 26569 998.0574
2019:05:06 15:02:19 27120 542.6928
2019:05:06 15:02:19 28561 985.9130
2019:05:06 15:02:19 29158 589.8923
2019:05:06 15:02:19 54039 416.5806
2019:05:06 15:02:19 55257 819.6831
2019:05:06 15:02:19 56076 654.1796
2019:05:06 15:02:19 57304 818.7108
2019:05:06 15:02:19 70335 582.8552
2019:05:06 15:02:19 71117 773.7502
2019:05:06 15:02:19 72387 910.0549
2019:05:06 15:02:19 73550 852.3911
2019:05:06 15:02:19 74359 379.3314
2019:05:06 15:02:19 75575 803.2657
2019:05:06 15:02:19 76834 787.1091
2019:05:06 15:02:19 102293 25075.4394
2019:05:06 15:02:19 103407 820.6367
2019:05:06 15:02:19 104623 790.0260
2019:05:06 15:02:19 113746 8617.2409
2019:05:06 15:02:19 114539 785.0416
2019:05:06 15:02:19 115696 828.3891
2019:05:06 15:02:19 116919 815.4325
2019:05:06 15:02:19 137845 19936.2710
2019:05:06 15:02:19 139055 800.5202
2019:05:06 15:02:19 140292 647.9286
2019:05:06 15:02:19 141145 845.7899
2019:05:06 15:02:19 149869 530.6602
2019:05:06 15:02:19 150545 411.0932
2019:05:06 15:02:19 151793 772.7668
2019:05:06 15:02:19 152599 557.1395
2019:05:06 15:02:19 165937 12873.5378
2019:05:06 15:02:19 167035 1090.2882
2019:05:06 15:02:19 167810 767.3651
2019:05:06 15:02:19 168978 827.0927
2019:05:06 15:02:19 173380 4394.6579
2019:05:06 15:02:19 194366 664.3981
2019:05:06 15:02:19 195277 903.8486
2019:05:06 15:02:19 196295 1010.9991
2019:05:06 15:02:19 197332 925.2839
2019:05:06 15:02:19 198369 1029.6777
2019:05:06 15:02:19 199397 933.5876
2019:05:06 15:02:19 200414 1009.9001
2019:05:06 15:02:19 201996 1492.9175
2019:05:06 15:02:19 226462 515.7702
2019:05:06 15:02:19 227550 544.1010
2019:05:06 15:02:19 228537 502.2436
2019:05:06 15:02:19 229634 568.2260
2019:05:06 15:02:19 230617 501.8078
2019:05:06 15:02:19 231691 543.2144
2019:05:06 15:02:19 233223 1040.8126
2019:05:06 15:02:19 262265 28982.3972
2019:05:06 15:02:19 263314 946.2498
2019:05:06 15:02:19 264902 1043.9865
2019:05:06 15:02:19 266533 1125.9504
2019:05:06 15:02:19 267584 1043.6177
2019:05:06 15:02:19 268696 596.3519
2019:05:06 15:02:19 289712 20062.8601
2019:05:06 15:02:19 290243 523.2282
2019:05:06 15:02:19 291746 1021.6422
2019:05:06 15:02:19 292276 521.8834
2019:05:06 15:02:19 293928 1170.6129
2019:05:06 15:02:19 294837 901.7996
2019:05:06 15:02:19 295948 555.8394
2019:05:06 15:02:19 297614 1187.3543
2019:05:06 15:02:19 322594 813.2644
2019:05:06 15:02:19 323380 778.5112
2019:05:06 15:02:19 324603 817.9769
2019:05:06 15:02:19 325439 829.2012
2019:05:06 15:02:19 326643 813.2458
2019:05:06 15:02:19 327459 809.0772
2019:05:06 15:02:19 328690 819.4968
2019:05:06 15:02:19 367506 38808.7183
2019:05:06 15:02:19 393701 26180.1444
2019:05:06 15:02:19 394751 813.7599
2019:05:06 15:02:19 395972 815.7790
2019:05:06 15:02:19 396794 814.8625
2019:05:06 15:02:19 398441 1229.4799
2019:05:06 15:02:19 399258 809.7924
2019:05:06 15:02:19 400488 829.5961
2019:05:06 15:02:19 427504 27009.0550
2019:05:06 15:02:19 428159 646.2820
2019:05:06 15:02:19 440304 11736.2626
2019:05:06 15:02:19 441285 972.3604
2019:05:06 15:02:19 454005 12709.1557
2019:05:06 15:02:19 455494 979.4086
2019:05:06 15:02:19 456480 876.2926
2019:05:06 15:02:19 457451 963.6208
2019:05:06 15:02:19 458480 542.2644
2019:05:06 15:02:19 459414 925.6378
2019:05:06 15:02:19 460528 623.1740
2019:05:06 15:02:19 461382 847.4439
2019:05:06 15:02:19 486168 435.6764
2019:05:06 15:02:19 487627 980.6566
2019:05:06 15:02:19 488607 853.9595
2019:05:06 15:02:19 501657 12559.9355
2019:05:06 15:02:19 502194 503.8194
2019:05:06 15:02:19 503731 1040.1793
2019:05:06 15:02:19 504659 905.3163
2019:05:06 15:02:19 506182 1030.3631
2019:05:06 15:02:19 507127 923.4436
2019:05:06 15:02:19 508637 1016.7025
2019:05:06 15:02:19 545355 36705.3784
2019:05:06 15:02:19 549727 4359.7184
2019:05:06 15:02:19 550537 423.0887
2019:05:06 15:02:19 551763 825.3902
2019:05:06 15:02:19 552575 805.1060
2019:05:06 15:02:19 553805 400.2601
2019:05:06 15:02:19 555030 820.2083
2019:05:06 15:02:19 555860 421.7364
2019:05:06 15:02:19 557076 818.6288
2019:05:06 15:02:19 585766 28280.7350
2019:05:06 15:02:19 586583 426.0615
2019:05:06 15:02:19 587796 819.4000
2019:05:06 15:02:19 588630 421.7401
2019:05:06 15:02:19 609368 20342.6220
2019:05:06 15:02:19 673363 32005.4144
2019:05:06 15:02:19 681911 8539.2445
2019:05:06 15:02:19 683147 828.8994
2019:05:06 15:02:19 683948 793.2186
2019:05:06 15:02:19 684767 804.0667
2019:05:06 15:02:19 686003 1219.9990
2019:05:06 15:02:19 686815 803.7686
2019:05:06 15:02:19 687639 808.7568
2019:05:06 15:02:19 688459 417.3666
2019:05:06 15:02:19 713857 24990.5363
2019:05:06 15:02:19 715079 1206.5805
2019:05:06 15:02:19 715903 816.3489
2019:05:06 15:02:19 717128 802.1891
2019:05:06 15:02:19 737372 20230.6062
2019:05:06 15:02:19 773652 4295.2001
2019:05:06 15:02:19 774467 776.7938
2019:05:06 15:02:19 775276 801.7458
2019:05:06 15:02:19 776105 401.7279
2019:05:06 15:02:19 777335 821.8624
2019:05:06 15:02:19 809708 4351.4259
2019:05:06 15:02:19 810510 787.5040
2019:05:06 15:02:19 811327 403.9705
2019:05:06 15:02:19 812565 826.7090
2019:05:06 15:02:19 841356 28779.5737
2019:05:06 15:02:19 842062 694.4910
2019:05:06 15:02:19 842864 794.9956
2019:05:06 15:02:19 843694 421.4123
2019:05:06 15:02:19 844911 818.1483
2019:05:06 15:02:19 877369 32050.1961
2019:05:06 15:02:19 933357 35998.0315
2019:05:06 15:02:19 934035 665.9068
2019:05:06 15:02:19 935241 817.8726
2019:05:06 15:02:19 936062 413.8760
2019:05:06 15:02:19 937289 819.0349
2019:05:06 15:02:19 938117 419.6316
2019:05:06 15:02:19 939346 819.0125
2019:05:06 15:02:19 940165 416.4949
2019:05:06 15:02:19 940987 419.1138
2019:05:06 15:02:19 969368 27954.7088
2019:05:06 15:02:20 21367 16007.7028
2019:05:06 15:02:20 29942 8566.4243
2019:05:06 15:02:20 31038 520.0841
2019:05:06 15:02:20 32041 502.0499
2019:05:06 15:02:20 33084 533.1188
2019:05:06 15:02:20 34088 502.7875
2019:05:06 15:02:20 35142 534.3445
2019:05:06 15:02:20 36145 503.1824
2019:05:06 15:02:20 37207 542.7003
2019:05:06 15:02:20 62570 616.9416
2019:05:06 15:02:20 63491 913.1692
2019:05:06 15:02:20 64614 632.0663
2019:05:06 15:02:20 77795 13173.8968
2019:05:06 15:02:20 78443 640.1390
2019:05:06 15:02:20 79875 988.3121
2019:05:06 15:02:20 80934 530.5111
2019:05:06 15:02:20 82485 1045.6927
2019:05:06 15:02:20 83515 1022.8157
2019:05:06 15:02:20 84592 1069.4265
2019:05:06 15:02:20 110145 25066.6365
2019:05:06 15:02:20 111122 968.9704
2019:05:06 15:02:20 112177 676.6617
2019:05:06 15:02:20 113171 489.8272
2019:05:06 15:02:20 126508 12294.6240
2019:05:06 15:02:20 127786 770.0510
2019:05:06 15:02:20 129307 1029.3648
2019:05:06 15:02:20 129861 546.4777
2019:05:06 15:02:20 131365 1020.8972
2019:05:06 15:02:20 132377 1005.5080
2019:05:06 15:02:20 133184 799.6187
2019:05:06 15:02:20 158617 767.7302
2019:05:06 15:02:20 159366 741.3700
2019:05:06 15:02:20 160162 422.4665
2019:05:06 15:02:20 173867 13244.4985
2019:05:06 15:02:20 174512 637.6207
2019:05:06 15:02:20 176171 1143.6902
2019:05:06 15:02:20 177087 908.9783
2019:05:06 15:02:20 194629 553.8575
2019:05:06 15:02:20 195651 1014.5791
2019:05:06 15:02:20 196707 545.4980
2019:05:06 15:02:20 205665 8463.6845
2019:05:06 15:02:20 206567 507.9433
2019:05:06 15:02:20 207674 625.9046
2019:05:06 15:02:20 208570 889.7670
2019:05:06 15:02:20 221912 12850.5975
2019:05:06 15:02:20 222480 558.4247
2019:05:06 15:02:20 223771 807.4567
2019:05:06 15:02:20 224870 617.1167
2019:05:06 15:02:20 225826 523.2207
2019:05:06 15:02:20 226918 611.1823
2019:05:06 15:02:20 227860 502.4597
2019:05:06 15:02:20 228970 629.1568
2019:05:06 15:02:20 253993 24541.4712
2019:05:06 15:02:20 255355 982.1355
2019:05:06 15:02:20 256576 993.4902
2019:05:06 15:02:20 258179 1595.9106
2019:05:06 15:02:20 270426 470.7687
2019:05:06 15:02:20 271203 450.6372
2019:05:06 15:02:20 272469 895.2022
2019:05:06 15:02:20 273246 443.9615
2019:05:06 15:02:20 274504 771.3884
2019:05:06 15:02:20 275272 429.7458
2019:05:06 15:02:20 276538 779.3345
2019:05:06 15:02:20 301903 25012.6310
2019:05:06 15:02:20 302796 784.5275
2019:05:06 15:02:20 303580 476.0027
2019:05:06 15:02:20 304825 901.8034
2019:05:06 15:02:20 317769 12620.0318
2019:05:06 15:02:20 318916 833.2171
2019:05:06 15:02:20 320005 812.2474
2019:05:06 15:02:20 321270 784.5648
2019:05:06 15:02:20 322557 796.3739
2019:05:06 15:02:20 323702 1138.0278
2019:05:06 15:02:20 324635 925.7905
2019:05:06 15:02:20 353896 28970.4874
2019:05:06 15:02:20 354439 534.8958
2019:05:06 15:02:20 355683 879.6789
2019:05:06 15:02:20 356445 410.2178
2019:05:06 15:02:20 357720 783.7862
2019:05:06 15:02:20 358512 715.9747
2019:05:06 15:02:20 359760 773.9216
2019:05:06 15:02:20 360549 411.1864
2019:05:06 15:02:20 385625 24595.5810
2019:05:06 15:02:20 386397 460.8370
2019:05:06 15:02:20 387637 924.4159
2019:05:06 15:02:20 388394 447.2621
2019:05:06 15:02:20 393286 4525.6577
2019:05:06 15:02:20 394099 805.1284
2019:05:06 15:02:20 394917 810.9994
2019:05:06 15:02:20 396152 814.1659
2019:05:06 15:02:20 396964 804.9235
2019:05:06 15:02:20 398233 819.7799
2019:05:06 15:02:20 399466 785.6078
2019:05:06 15:02:20 400736 779.1594
2019:05:06 15:02:20 426125 25058.8469
2019:05:06 15:02:20 427295 348.7207
2019:05:06 15:02:20 428502 800.7511
2019:05:06 15:02:20 429772 786.2523
2019:05:06 15:02:20 431037 889.4205
2019:05:06 15:02:20 432181 804.7223
2019:05:06 15:02:20 461705 29110.4354
2019:05:06 15:02:20 462491 362.6868
2019:05:06 15:02:20 463706 818.0775
2019:05:06 15:02:20 464540 424.8060
2019:05:06 15:02:20 465763 829.4024
2019:05:06 15:02:20 466592 422.9993
2019:05:06 15:02:20 467804 821.0316
2019:05:06 15:02:20 468638 424.8619
2019:05:06 15:02:20 493677 24646.0065
2019:05:06 15:02:20 494470 785.5259
2019:05:06 15:02:20 495678 809.7589
2019:05:06 15:02:20 497441 1351.3193
2019:05:06 15:02:20 509775 12326.7025
2019:05:06 15:02:20 510831 389.8628
2019:05:06 15:02:20 512058 816.3527
2019:05:06 15:02:20 512875 809.5689
2019:05:06 15:02:20 514114 830.7360
2019:05:06 15:02:20 514927 806.4806
2019:05:06 15:02:20 516154 819.7203
2019:05:06 15:02:20 516973 812.7503
2019:05:06 15:02:20 542022 24578.9327
2019:05:06 15:02:20 542793 762.8314
2019:05:06 15:02:20 543607 302.8139
2019:05:06 15:02:20 544899 795.5022
2019:05:06 15:02:20 557978 12712.5420
2019:05:06 15:02:20 559155 817.3697
2019:05:06 15:02:20 560044 881.7501
2019:05:06 15:02:20 561312 937.3017
2019:05:06 15:02:20 562088 768.3635
2019:05:06 15:02:20 563270 831.0936
2019:05:06 15:02:20 564172 894.9488
2019:05:06 15:02:20 565302 817.1201
2019:05:06 15:02:20 590286 355.3405
2019:05:06 15:02:20 591510 798.8252
2019:05:06 15:02:20 592772 787.1650
2019:05:06 15:02:20 605847 13068.2923
2019:05:06 15:02:20 606482 627.2160
2019:05:06 15:02:20 607737 891.0783
2019:05:06 15:02:20 608499 753.5480
2019:05:06 15:02:20 609750 752.3187
2019:05:06 15:02:20 611009 887.0251
2019:05:06 15:02:20 611794 433.9740
2019:05:06 15:02:20 613045 766.3630
2019:05:06 15:02:20 637995 24426.4081
2019:05:06 15:02:20 639247 915.1213
2019:05:06 15:02:20 640050 490.0135
2019:05:06 15:02:20 641308 835.1989
2019:05:06 15:02:20 654451 700.2279
2019:05:06 15:02:20 655369 911.3327
2019:05:06 15:02:20 656150 471.2306
2019:05:06 15:02:20 657449 950.9288
2019:05:06 15:02:20 658535 789.8733
2019:05:06 15:02:20 659777 774.8678
2019:05:06 15:02:20 660581 797.0370
2019:05:06 15:02:20 685458 24418.4211
2019:05:06 15:02:20 686584 1117.9559
2019:05:06 15:02:20 687404 813.3799
2019:05:06 15:02:20 688321 492.8969
2019:05:06 15:02:20 701877 13250.4813
2019:05:06 15:02:20 702543 657.7224
2019:05:06 15:02:20 703789 787.8803
2019:05:06 15:02:20 705062 887.9751
2019:05:06 15:02:20 706225 801.4403
2019:05:06 15:02:20 707120 887.5281
2019:05:06 15:02:20 708269 820.6479
2019:05:06 15:02:20 709147 770.8631
2019:05:06 15:02:20 729977 402.0818
2019:05:06 15:02:20 731214 823.2333
2019:05:06 15:02:20 732019 796.2622
2019:05:06 15:02:20 732850 419.5832
2019:05:06 15:02:20 737373 4125.1704
2019:05:06 15:02:20 761960 448.2642
2019:05:06 15:02:20 762750 424.7017
2019:05:06 15:02:20 763565 420.2314
2019:05:06 15:02:20 764785 819.7576
2019:05:06 15:02:20 765606 395.5066
2019:05:06 15:02:20 766821 810.3028
2019:05:06 15:02:20 767653 422.2170
2019:05:06 15:02:20 768869 818.3382
2019:05:06 15:02:20 797863 28583.8284
2019:05:06 15:02:20 799097 820.2493
2019:05:06 15:02:20 800324 815.1121
2019:05:06 15:02:20 801146 427.8161
2019:05:06 15:02:20 817942 391.9713
2019:05:06 15:02:20 818750 423.3979
2019:05:06 15:02:20 819569 413.5482
2019:05:06 15:02:20 820780 804.7260
2019:05:06 15:02:20 829432 8633.4534
2019:05:06 15:02:20 830230 429.9730
2019:05:06 15:02:20 831041 682.1379
2019:05:06 15:02:20 831865 416.6067
2019:05:06 15:02:20 833072 810.6902
2019:05:06 15:02:20 849368 16279.2057
2019:05:06 15:02:20 850291 411.1156
2019:05:06 15:02:20 851108 412.6392
2019:05:06 15:02:20 851937 422.4405
2019:05:06 15:02:20 853160 821.5532
2019:05:06 15:02:20 885369 32201.6403
2019:05:06 15:02:20 894141 417.2586
2019:05:06 15:02:20 894965 418.6891
2019:05:06 15:02:20 896173 803.3104
2019:05:06 15:02:20 897018 829.2794
2019:05:06 15:02:20 929369 32343.8533
2019:05:06 15:02:20 981367 16007.9114
2019:05:06 15:02:20 982115 739.9730
2019:05:06 15:02:20 983263 826.5078
2019:05:06 15:02:20 984486 821.8400
2019:05:06 15:02:21 9769 24866.4953
2019:05:06 15:02:21 10839 528.2946
2019:05:06 15:02:21 11809 962.5107
2019:05:06 15:02:21 12815 998.5417
2019:05:06 15:02:21 21541 8661.3335
2019:05:06 15:02:21 21974 424.6831
2019:05:06 15:02:21 23737 1281.6340
2019:05:06 15:02:21 24348 601.5599
2019:05:06 15:02:21 38488 13729.5090
2019:05:06 15:02:21 40020 1524.1727
2019:05:06 15:02:21 41054 1026.5037
2019:05:06 15:02:21 42167 548.3739
2019:05:06 15:02:21 43147 972.3380
2019:05:06 15:02:21 44195 521.8871
2019:05:06 15:02:21 69786 25099.8065
2019:05:06 15:02:21 70889 1094.0209
2019:05:06 15:02:21 71936 1039.6428
2019:05:06 15:02:21 72965 918.3697
2019:05:06 15:02:21 86021 12009.7250
2019:05:06 15:02:21 87167 627.1563
2019:05:06 15:02:21 88080 906.6574
2019:05:06 15:02:21 89562 1023.2665
2019:05:06 15:02:21 90105 535.0858
2019:05:06 15:02:21 91092 502.9179
2019:05:06 15:02:21 92146 533.4765
2019:05:06 15:02:21 93141 503.2606
2019:05:06 15:02:21 116278 790.7227
2019:05:06 15:02:21 117128 842.1354
2019:05:06 15:02:21 118821 776.1754
2019:05:06 15:02:21 119598 768.0580
2019:05:06 15:02:21 120358 752.8439
2019:05:06 15:02:21 141748 20876.6423
2019:05:06 15:02:21 142894 1137.5174
2019:05:06 15:02:21 143797 794.2282
2019:05:06 15:02:21 144575 461.2319
2019:05:06 15:02:21 158091 13157.9824
2019:05:06 15:02:21 158907 806.7824
2019:05:06 15:02:21 160189 919.2377
2019:05:06 15:02:21 160968 469.4238
2019:05:06 15:02:21 162146 818.3680
2019:05:06 15:02:21 163029 473.1975
2019:05:06 15:02:21 164175 819.4484
2019:05:06 15:02:21 165071 478.8227
2019:05:06 15:02:21 190094 24656.5752
2019:05:06 15:02:21 191354 754.5315
2019:05:06 15:02:21 192629 954.5907
2019:05:06 15:02:21 205935 13003.7777
2019:05:06 15:02:21 206514 571.2025
2019:05:06 15:02:21 207648 819.6533
2019:05:06 15:02:21 208543 723.1943
2019:05:06 15:02:21 209824 948.6042
2019:05:06 15:02:21 210933 829.2831
2019:05:06 15:02:21 211754 814.2889
2019:05:06 15:02:21 212648 479.1021
2019:05:06 15:02:21 237611 24630.0921
2019:05:06 15:02:21 238381 761.7436
2019:05:06 15:02:21 239206 434.8382
2019:05:06 15:02:21 240423 813.4693
2019:05:06 15:02:21 241279 693.9620
2019:05:06 15:02:21 254345 310.9463
2019:05:06 15:02:21 255623 770.2224
2019:05:06 15:02:21 256384 753.1643
2019:05:06 15:02:21 257671 796.5267
2019:05:06 15:02:21 258436 756.9604
2019:05:06 15:02:21 259691 778.6788
2019:05:06 15:02:21 260485 786.2300
2019:05:06 15:02:21 286048 25100.6223
2019:05:06 15:02:21 286817 761.5462
2019:05:06 15:02:21 287959 808.2241
2019:05:06 15:02:21 288861 474.6504
2019:05:06 15:02:21 301943 12717.4295
2019:05:06 15:02:21 302754 553.4068
2019:05:06 15:02:21 304007 888.1129
2019:05:06 15:02:21 304789 669.2745
2019:05:06 15:02:21 306058 792.9690
2019:05:06 15:02:21 306852 676.5611
2019:05:06 15:02:21 308118 893.9914
2019:05:06 15:02:21 308897 445.6863
2019:05:06 15:02:21 334035 24632.7408
2019:05:06 15:02:21 335141 826.1502
2019:05:06 15:02:21 336066 491.6117
2019:05:06 15:02:21 337179 818.1557
2019:05:06 15:02:21 350457 631.7534
2019:05:06 15:02:21 351276 810.3289
2019:05:06 15:02:21 352394 823.9374
2019:05:06 15:02:21 353650 1249.2687
2019:05:06 15:02:21 354947 1259.8559
2019:05:06 15:02:21 355744 790.2980
2019:05:06 15:02:21 356546 487.6032
2019:05:06 15:02:21 381867 24517.1711
2019:05:06 15:02:21 383087 1212.2542
2019:05:06 15:02:21 383920 825.6212
2019:05:06 15:02:21 385168 795.1148
2019:05:06 15:02:21 397946 12770.1238
2019:05:06 15:02:21 399095 836.0259
2019:05:06 15:02:21 399861 758.5771
2019:05:06 15:02:21 401160 800.0880
2019:05:06 15:02:21 401939 770.9824
2019:05:06 15:02:21 403564 819.7837
2019:05:06 15:02:21 404379 807.9708
2019:05:06 15:02:21 430025 25239.5645
2019:05:06 15:02:21 430693 658.4078
2019:05:06 15:02:21 432413 1305.8819
2019:05:06 15:02:21 433201 780.9550
2019:05:06 15:02:21 443826 437.4757
2019:05:06 15:02:21 444597 403.4899
2019:05:06 15:02:21 457455 12384.6494
2019:05:06 15:02:21 458623 1160.5993
2019:05:06 15:02:21 459412 445.8874
2019:05:06 15:02:21 461013 1234.6320
2019:05:06 15:02:21 469670 8649.4200
2019:05:06 15:02:21 470875 819.0833
2019:05:06 15:02:21 472102 820.2940
2019:05:06 15:02:21 472917 808.4439
2019:05:06 15:02:21 473753 423.8896
2019:05:06 15:02:21 474956 809.7030
2019:05:06 15:02:21 476191 825.6026
2019:05:06 15:02:21 477005 806.6818
2019:05:06 15:02:21 505652 28207.5889
2019:05:06 15:02:21 506837 340.4990
2019:05:06 15:02:21 508058 826.8505
2019:05:06 15:02:21 508871 805.8511
2019:05:06 15:02:21 510112 823.7399
2019:05:06 15:02:21 510921 801.7309
2019:05:06 15:02:21 512146 810.8206
2019:05:06 15:02:21 537580 25017.7421
2019:05:06 15:02:21 538772 1184.4672
2019:05:06 15:02:21 539588 808.5333
2019:05:06 15:02:21 540820 825.9900
2019:05:06 15:02:21 553972 13145.3015
2019:05:06 15:02:21 554808 827.4987
2019:05:06 15:02:21 555960 842.9475
2019:05:06 15:02:21 557152 789.2884
2019:05:06 15:02:21 558421 766.4189
2019:05:06 15:02:21 559688 899.8662
2019:05:06 15:02:21 560476 448.0779
2019:05:06 15:02:21 585977 25139.1046
2019:05:06 15:02:21 586766 780.9997
2019:05:06 15:02:21 587999 808.3247
2019:05:06 15:02:21 588821 814.8924
2019:05:06 15:02:21 597820 8564.6063
2019:05:06 15:02:21 599049 809.7924
2019:05:06 15:02:21 600284 783.5701
2019:05:06 15:02:21 601093 801.5484
2019:05:06 15:02:21 622035 19938.3982
2019:05:06 15:02:21 622851 378.0164
2019:05:06 15:02:21 624055 789.5604
2019:05:06 15:02:21 624880 454.1762
2019:05:06 15:02:21 629405 3392.5101
2019:05:06 15:02:21 630688 776.1642
2019:05:06 15:02:21 631822 804.2753
2019:05:06 15:02:21 633058 789.3480
2019:05:06 15:02:21 634320 786.6658
2019:05:06 15:02:21 635102 774.9647
2019:05:06 15:02:21 635925 816.2670
2019:05:06 15:02:21 637150 785.1347
2019:05:06 15:02:21 661895 24738.4831
2019:05:06 15:02:21 663009 780.2323
2019:05:06 15:02:21 663795 483.8966
2019:05:06 15:02:21 665068 784.6840
2019:05:06 15:02:21 665875 489.2945
2019:05:06 15:02:21 667111 897.2734
2019:05:06 15:02:21 667881 498.9505
2019:05:06 15:02:21 669125 867.5531
2019:05:06 15:02:21 698041 28375.6256
2019:05:06 15:02:21 698622 506.1328
2019:05:06 15:02:21 699858 883.2105
2019:05:06 15:02:21 700627 478.3012
2019:05:06 15:02:21 701872 769.2948
2019:05:06 15:02:21 702674 478.4875
2019:05:06 15:02:21 703890 773.3405
2019:05:06 15:02:21 704722 371.5567
2019:05:06 15:02:21 729707 24587.1842
2019:05:06 15:02:21 730461 746.0862
2019:05:06 15:02:21 731247 778.7980
2019:05:06 15:02:21 732481 781.6479
2019:05:06 15:02:21 733321 833.4406
2019:05:06 15:02:21 746025 419.7434
2019:05:06 15:02:21 746826 415.5263
2019:05:06 15:02:21 747650 425.3685
2019:05:06 15:02:21 748878 829.3875
2019:05:06 15:02:21 749713 432.8154
2019:05:06 15:02:21 750512 415.3177
2019:05:06 15:02:21 751734 401.8098
2019:05:06 15:02:21 752951 809.1033
2019:05:06 15:02:21 778115 25152.0574
2019:05:06 15:02:21 778873 749.1410
2019:05:06 15:02:21 780137 777.6916
2019:05:06 15:02:21 781633 1153.2083
2019:05:06 15:02:21 794418 373.7211
2019:05:06 15:02:21 795637 787.6754
2019:05:06 15:02:21 796457 350.8478
2019:05:06 15:02:21 797693 822.7602
2019:05:06 15:02:21 798504 337.0903
2019:05:06 15:02:21 799733 801.0268
2019:05:06 15:02:21 800552 356.8493
2019:05:06 15:02:21 825598 24638.7757
2019:05:06 15:02:21 826368 761.7474
2019:05:06 15:02:21 827639 782.4749
2019:05:06 15:02:21 828413 433.4599
2019:05:06 15:02:21 841840 13041.0083
2019:05:06 15:02:21 842431 583.1681
2019:05:06 15:02:21 843977 1251.9509
2019:05:06 15:02:21 844774 789.8025
2019:05:06 15:02:21 845996 769.5183
2019:05:06 15:02:21 846821 340.3686
2019:05:06 15:02:21 848043 724.6062
2019:05:06 15:02:21 848869 337.0903
2019:05:06 15:02:21 874142 24806.4548
2019:05:06 15:02:21 875315 818.2749
2019:05:06 15:02:21 876152 426.2179
2019:05:06 15:02:21 889287 12737.3077
2019:05:06 15:02:21 890497 1201.8755
2019:05:06 15:02:21 891309 805.2550
2019:05:06 15:02:21 892536 825.6026
2019:05:06 15:02:21 893371 828.3965
2019:05:06 15:02:21 894581 799.9204
2019:05:06 15:02:21 895409 821.3855
2019:05:06 15:02:21 896634 818.1259
2019:05:06 15:02:21 917544 20903.3526
2019:05:06 15:02:21 918465 912.7706
2019:05:06 15:02:21 919591 817.4554
2019:05:06 15:02:21 920813 795.0254
2019:05:06 15:02:21 921664 350.4865
2019:05:06 15:02:21 922879 780.9512
2019:05:06 15:02:21 923664 409.5286
2019:05:06 15:02:21 924924 782.4041
2019:05:06 15:02:21 949983 23979.9395
2019:05:06 15:02:21 950688 697.2030
2019:05:06 15:02:21 951926 828.8622
2019:05:06 15:02:21 952842 909.4439
2019:05:06 15:02:21 953967 823.7176
2019:05:06 15:02:21 954773 798.2142
2019:05:06 15:02:21 956008 825.8969
2019:05:06 15:02:21 956891 871.1033
2019:05:06 15:02:21 985992 28732.2402
2019:05:06 15:02:21 986841 518.6722
2019:05:06 15:02:21 987960 819.0461
2019:05:06 15:02:21 988866 497.5162
2019:05:06 15:02:21 990018 829.6147
2019:05:06 15:02:21 990921 483.1292
2019:05:06 15:02:21 992069 821.9779
2019:05:06 15:02:21 992952 468.4515
2019:05:06 15:02:22 18067 24751.2460
2019:05:06 15:02:22 19314 783.2423
2019:05:06 15:02:22 20565 896.1894
2019:05:06 15:02:22 33902 13001.6953
2019:05:06 15:02:22 34471 560.9691
2019:05:06 15:02:22 35712 904.6309
2019:05:06 15:02:22 36468 426.8549
2019:05:06 15:02:22 37739 784.4493
2019:05:06 15:02:22 38493 395.5662
2019:05:06 15:02:22 39745 761.7474
2019:05:06 15:02:22 40541 305.1460
2019:05:06 15:02:22 65546 24554.5134
2019:05:06 15:02:22 66335 392.2954
2019:05:06 15:02:22 67564 830.3151
2019:05:06 15:02:22 68373 409.1337
2019:05:06 15:02:22 81794 13010.3976
2019:05:06 15:02:22 82448 646.3826
2019:05:06 15:02:22 83662 775.4043
2019:05:06 15:02:22 84473 803.1651
2019:05:06 15:02:22 85735 849.9511
2019:05:06 15:02:22 86533 790.5737
2019:05:06 15:02:22 87764 820.3611
2019:05:06 15:02:22 88580 808.8499
2019:05:06 15:02:22 113857 24844.4043
2019:05:06 15:02:22 114620 755.1536
2019:05:06 15:02:22 115736 819.1653
2019:05:06 15:02:22 116654 489.2126
2019:05:06 15:02:22 130100 13135.3065
2019:05:06 15:02:22 130902 793.6992
2019:05:06 15:02:22 132179 787.1985
2019:05:06 15:02:22 132963 423.1744
2019:05:06 15:02:22 134187 689.3501
2019:05:06 15:02:22 135098 494.7148
2019:05:06 15:02:22 136232 823.4642
2019:05:06 15:02:22 137146 492.6212
2019:05:06 15:02:22 162422 753.6858
2019:05:06 15:02:22 163343 912.9159
2019:05:06 15:02:22 164102 751.4767
2019:05:06 15:02:22 165933 1468.5802
2019:05:06 15:02:22 178128 12187.0972
2019:05:06 15:02:22 179233 827.8899
2019:05:06 15:02:22 180040 379.1004
2019:05:06 15:02:22 181280 830.0282
2019:05:06 15:02:22 182113 382.3303
2019:05:06 15:02:22 183359 845.0374
2019:05:06 15:02:22 184572 788.1597
2019:05:06 15:02:22 213654 28591.3534
2019:05:06 15:02:22 214843 809.2150
2019:05:06 15:02:22 215673 809.7328
2019:05:06 15:02:22 216901 825.7441
2019:05:06 15:02:22 221809 4891.8203
2019:05:06 15:02:22 222629 795.2899
2019:05:06 15:02:22 223862 819.3590
2019:05:06 15:02:22 224694 427.2759
2019:05:06 15:02:22 245986 20898.4725
2019:05:06 15:02:22 246818 822.5366
2019:05:06 15:02:22 247628 798.4154
2019:05:06 15:02:22 248446 422.0568
2019:05:06 15:02:22 257867 9008.1133
2019:05:06 15:02:22 258665 784.0320
2019:05:06 15:02:22 259498 423.1706
2019:05:06 15:02:22 260713 819.0311
2019:05:06 15:02:22 273839 12716.9341
2019:05:06 15:02:22 274646 786.6472
2019:05:06 15:02:22 275885 830.3560
2019:05:06 15:02:22 276697 804.1561
2019:05:06 15:02:22 277934 830.9409
2019:05:06 15:02:22 278735 794.3660
2019:05:06 15:02:22 279972 828.6647
2019:05:06 15:02:22 280782 802.1593
2019:05:06 15:02:22 305790 24596.9296
2019:05:06 15:02:22 307007 802.5579
2019:05:06 15:02:22 308251 838.9913
2019:05:06 15:02:22 309065 803.1093
2019:05:06 15:02:22 322026 385.6197
2019:05:06 15:02:22 323242 817.0567
2019:05:06 15:02:22 324065 416.6849
2019:05:06 15:02:22 325289 819.1615
2019:05:06 15:02:22 326114 416.2341
2019:05:06 15:02:22 326936 399.2990
2019:05:06 15:02:22 327765 422.4144
2019:05:06 15:02:22 328983 818.5096
2019:05:06 15:02:22 353956 24545.0623
2019:05:06 15:02:22 355154 816.6470
2019:05:06 15:02:22 355986 466.7528
2019:05:06 15:02:22 357201 818.3047
2019:05:06 15:02:22 370727 860.1248
2019:05:06 15:02:22 371548 803.3887
2019:05:06 15:02:22 372394 485.4649
2019:05:06 15:02:22 373192 791.0058
2019:05:06 15:02:22 373955 748.1053
2019:05:06 15:02:22 374440 468.6415
2019:05:06 15:02:22 375250 418.2421
2019:05:06 15:02:22 376477 830.3821
2019:05:06 15:02:22 377279 794.5858
2019:05:06 15:02:22 402261 365.3094
2019:05:06 15:02:22 403092 467.7288
2019:05:06 15:02:22 404308 818.7592
2019:05:06 15:02:22 405139 468.7272
2019:05:06 15:02:22 418251 387.7841
2019:05:06 15:02:22 419477 819.9662
2019:05:06 15:02:22 420293 809.0585
2019:05:06 15:02:22 421539 837.1919
2019:05:06 15:02:22 422350 803.5600
2019:05:06 15:02:22 423579 827.2678
2019:05:06 15:02:22 424390 803.2247
2019:05:06 15:02:22 449734 24550.8812
2019:05:06 15:02:22 450538 431.5376
2019:05:06 15:02:22 451749 813.7301
2019:05:06 15:02:22 453539 1383.7069
2019:05:06 15:02:22 466641 646.0771
2019:05:06 15:02:22 467319 375.4273
2019:05:06 15:02:22 468533 797.3239
2019:05:06 15:02:22 469812 796.9551
2019:05:06 15:02:22 470589 413.3917
2019:05:06 15:02:22 471836 767.9760
2019:05:06 15:02:22 472633 304.6915
2019:05:06 15:02:22 497767 24668.6861
2019:05:06 15:02:22 498536 760.5813
2019:05:06 15:02:22 499659 826.6158
2019:05:06 15:02:22 500536 869.1885
2019:05:06 15:02:22 513862 12981.2993
2019:05:06 15:02:22 514431 561.2262
2019:05:06 15:02:22 515676 868.9798
2019:05:06 15:02:22 516445 404.1716
2019:05:06 15:02:22 517713 789.2214
2019:05:06 15:02:22 518493 290.3379
2019:05:06 15:02:22 519722 761.3972
2019:05:06 15:02:22 520540 329.4349
2019:05:06 15:02:22 545668 24701.5208
2019:05:06 15:02:22 546461 785.9282
2019:05:06 15:02:22 547261 490.6207
2019:05:06 15:02:22 548554 517.2156
2019:05:06 15:02:22 561945 13117.0750
2019:05:06 15:02:22 562784 830.8738
2019:05:06 15:02:22 564059 747.2634
2019:05:06 15:02:22 564831 764.8431
2019:05:06 15:02:22 565632 423.6549
2019:05:06 15:02:22 566909 788.3236
2019:05:06 15:02:22 567696 437.0064
2019:05:06 15:02:22 568983 906.7245
2019:05:06 15:02:22 594486 25181.3754
2019:05:06 15:02:22 595238 743.3929
2019:05:06 15:02:22 596013 492.7292
2019:05:06 15:02:22 597255 869.6727
2019:05:06 15:02:22 606700 781.1077
2019:05:06 15:02:22 607478 770.1367
2019:05:06 15:02:22 608291 462.8263
2019:05:06 15:02:22 621984 13239.5364
2019:05:06 15:02:22 622623 631.9061
2019:05:06 15:02:22 623854 765.1597
2019:05:06 15:02:22 624666 465.2850
2019:05:06 15:02:22 625892 782.7990
2019:05:06 15:02:22 626719 347.3535
2019:05:06 15:02:22 627932 784.9261
2019:05:06 15:02:22 628771 345.0289
2019:05:06 15:02:22 654077 24873.3498
2019:05:06 15:02:22 655287 817.0381
2019:05:06 15:02:22 656114 584.7588
2019:05:06 15:02:22 669636 13119.0158
2019:05:06 15:02:22 670434 790.6221
2019:05:06 15:02:22 671658 819.7837
2019:05:06 15:02:22 672886 819.1578
2019:05:06 15:02:22 673716 412.7547
2019:05:06 15:02:22 674537 424.8545
2019:05:06 15:02:22 675761 826.4706
2019:05:06 15:02:22 676587 819.0498
2019:05:06 15:02:22 701608 24622.2541
2019:05:06 15:02:22 702380 760.7602
2019:05:06 15:02:22 703216 827.9569
2019:05:06 15:02:22 704430 823.9262
2019:05:06 15:02:22 705242 805.0762
2019:05:06 15:02:22 717950 421.4719
2019:05:06 15:02:22 718763 404.5442
2019:05:06 15:02:22 719986 817.5075
2019:05:06 15:02:22 720809 404.8124
2019:05:06 15:02:22 722027 810.5338
2019:05:06 15:02:22 722862 819.4074
2019:05:06 15:02:22 723674 804.3759
2019:05:06 15:02:22 724911 828.2848
2019:05:06 15:02:22 749921 25002.6770
2019:05:06 15:02:22 750717 778.4069
2019:05:06 15:02:22 751558 434.3912
2019:05:06 15:02:22 752762 818.1483
2019:05:06 15:02:22 765873 12700.7477
2019:05:06 15:02:22 766422 528.7752
2019:05:06 15:02:22 767158 461.6082
2019:05:06 15:02:22 767935 414.7440
2019:05:06 15:02:22 768744 371.2699
2019:05:06 15:02:22 769601 438.1128
2019:05:06 15:02:22 770833 860.1435
2019:05:06 15:02:22 771612 772.1037
2019:05:06 15:02:22 772844 791.2628
2019:05:06 15:02:22 793421 20569.0190
2019:05:06 15:02:22 794159 728.8940
2019:05:06 15:02:22 794961 794.7423
2019:05:06 15:02:22 795869 798.0019
2019:05:06 15:02:22 797105 926.9826
2019:05:06 15:02:22 813810 16696.4047
2019:05:06 15:02:22 815063 737.0375
2019:05:06 15:02:22 815838 415.5636
2019:05:06 15:02:22 817063 775.1100
2019:05:06 15:02:22 817884 369.2582
2019:05:06 15:02:22 819107 818.6586
2019:05:06 15:02:22 819967 454.2731
2019:05:06 15:02:22 821194 857.8897
2019:05:06 15:02:22 846182 438.9994
2019:05:06 15:02:22 847406 843.6926
2019:05:06 15:02:22 848210 424.9513
2019:05:06 15:02:22 861733 13093.1996
2019:05:06 15:02:22 862543 801.3919
2019:05:06 15:02:22 863354 414.8707
2019:05:06 15:02:22 864597 832.4385
2019:05:06 15:02:22 865423 819.2956
2019:05:06 15:02:22 866223 792.5332
2019:05:06 15:02:22 866638 406.3845
2019:05:06 15:02:22 867855 818.6735
2019:05:06 15:02:22 868684 419.9110
2019:05:06 15:02:22 893796 24712.9351
2019:05:06 15:02:22 894625 801.2280
2019:05:06 15:02:22 895457 423.2489
2019:05:06 15:02:22 896260 394.8323
2019:05:06 15:02:22 897083 398.0882
2019:05:06 15:02:22 909799 12315.7986
2019:05:06 15:02:22 910616 420.5890
2019:05:06 15:02:22 911832 818.4724
2019:05:06 15:02:22 912650 406.8352
2019:05:06 15:02:22 913879 816.6917
2019:05:06 15:02:22 914710 812.0202
2019:05:06 15:02:22 915515 797.1786
2019:05:06 15:02:22 916337 410.4711
2019:05:06 15:02:22 917155 396.9707
2019:05:06 15:02:22 942137 388.1566
2019:05:06 15:02:22 942961 423.3196
2019:05:06 15:02:22 943781 811.4018
2019:05:06 15:02:22 945021 826.3402
2019:05:06 15:02:22 957693 12664.9141
2019:05:06 15:02:22 958536 818.8784
2019:05:06 15:02:22 959352 807.4529
2019:05:06 15:02:22 960161 801.1274
2019:05:06 15:02:22 961402 832.6769
2019:05:06 15:02:22 962210 802.8448
2019:05:06 15:02:22 963039 396.4938
2019:05:06 15:02:22 963856 411.9202
2019:05:06 15:02:22 964685 437.5279
2019:05:06 15:02:22 965925 827.0070
2019:05:06 15:02:22 967116 817.2393
2019:05:06 15:02:22 967949 799.8794
2019:05:06 15:02:22 969161 821.0242
2019:05:06 15:02:23 6044 36851.5365
2019:05:06 15:02:23 6855 401.2510
2019:05:06 15:02:23 7687 425.0072
2019:05:06 15:02:23 8508 421.2260
2019:05:06 15:02:23 9314 418.7897
2019:05:06 15:02:23 10133 395.5960
2019:05:06 15:02:23 10943 411.3279
2019:05:06 15:02:23 12177 825.6324
2019:05:06 15:02:23 12991 412.2816
2019:05:06 15:02:23 33895 20495.4222
2019:05:06 15:02:23 35107 800.9300
2019:05:06 15:02:23 35932 415.2246
2019:05:06 15:02:23 37165 828.5828
2019:05:06 15:02:23 37989 816.4197
2019:05:06 15:02:23 39624 1222.7297
2019:05:06 15:02:23 40440 808.6339
2019:05:06 15:02:23 65615 25160.8454
2019:05:06 15:02:23 66414 790.8419
2019:05:06 15:02:23 67220 797.9460
2019:05:06 15:02:23 68442 813.2756
2019:05:06 15:02:23 69270 815.3245
2019:05:06 15:02:23 70100 405.3451
2019:05:06 15:02:23 70906 798.4713
2019:05:06 15:02:23 72136 821.6016
2019:05:06 15:02:23 72953 808.9282
2019:05:06 15:02:23 105372 32002.5384
2019:05:06 15:02:23 114329 439.6737
2019:05:06 15:02:23 115161 421.6060
2019:05:06 15:02:23 115933 375.2373
2019:05:06 15:02:23 116788 405.5910
2019:05:06 15:02:23 137369 20170.0516
2019:05:06 15:02:23 145804 8427.0351
2019:05:06 15:02:23 146616 407.2450
2019:05:06 15:02:23 147445 432.4205
2019:05:06 15:02:23 148249 411.5961
2019:05:06 15:02:23 149464 813.1228
2019:05:06 15:02:23 169367 19885.4804
2019:05:06 15:02:23 209817 8460.5142
2019:05:06 15:02:23 210644 811.5061
2019:05:06 15:02:23 211458 798.4973
2019:05:06 15:02:23 212271 799.5404
2019:05:06 15:02:23 212700 412.7249
2019:05:06 15:02:23 233368 20266.5888
2019:05:06 15:02:23 242357 787.6642
2019:05:06 15:02:23 243171 428.7586
2019:05:06 15:02:23 243991 422.2430
2019:05:06 15:02:23 245206 816.8519
2019:05:06 15:02:23 297362 32005.2244
2019:05:06 15:02:23 305768 8398.6633
2019:05:06 15:02:23 306580 423.5171
2019:05:06 15:02:23 307813 829.9313
2019:05:06 15:02:23 308614 792.6896
2019:05:06 15:02:23 309446 816.7513
2019:05:06 15:02:23 310260 799.0189
2019:05:06 15:02:23 311070 799.3579
2019:05:06 15:02:23 311896 418.1489
2019:05:06 15:02:23 312724 420.7045
2019:05:06 15:02:23 337744 24623.1556
2019:05:06 15:02:23 338529 414.1666
2019:05:06 15:02:23 339343 416.1410
2019:05:06 15:02:23 340561 818.3718
2019:05:06 15:02:23 341391 422.5783
2019:05:06 15:02:23 393361 32004.4830
2019:05:06 15:02:23 421377 28006.7511
2019:05:06 15:02:23 454022 666.0745
2019:05:06 15:02:23 454840 801.9507
2019:05:06 15:02:23 456079 830.7844
2019:05:06 15:02:23 456888 801.3286
2019:05:06 15:02:23 485369 28069.9022
2019:05:06 15:02:23 497877 405.3749
2019:05:06 15:02:23 499079 806.1230
2019:05:06 15:02:23 499903 808.7270
2019:05:06 15:02:23 500653 341.2589
2019:05:06 15:02:23 521360 20232.2491
2019:05:06 15:02:23 561362 39994.1951
2019:05:06 15:02:23 641353 39997.9092
2019:05:06 15:02:23 681362 39997.4436
2019:05:06 15:02:23 749687 28332.0621
2019:05:06 15:02:23 750476 414.0586
2019:05:06 15:02:23 751700 817.8651
2019:05:06 15:02:23 752524 413.9468
2019:05:06 15:02:23 785355 32423.2355
2019:05:06 15:02:23 825363 39999.7644
2019:05:06 15:02:23 869634 4278.5965
2019:05:06 15:02:23 870437 795.7071
2019:05:06 15:02:23 871263 820.1376
2019:05:06 15:02:23 872465 795.6401
2019:05:06 15:02:23 873317 831.3917
2019:05:06 15:02:23 905363 32037.1240
2019:05:06 15:02:23 906449 416.4092
2019:05:06 15:02:23 907278 434.6445
2019:05:06 15:02:23 908088 420.5927
2019:05:06 15:02:23 908904 416.7594
2019:05:06 15:02:23 945367 36054.5553
2019:05:06 15:02:24 25354 39998.7698
2019:05:06 15:02:24 65365 40002.7521
2019:05:06 15:02:24 101806 443.7417
2019:05:06 15:02:24 102620 402.6033
2019:05:06 15:02:24 103848 819.7352
2019:05:06 15:02:24 104667 412.6690
2019:05:06 15:02:24 133360 28283.6333
2019:05:06 15:02:24 173367 40000.8969
2019:05:06 15:02:24 178036 397.7008
2019:05:06 15:02:24 178858 427.9278
2019:05:06 15:02:24 180065 809.3379
2019:05:06 15:02:24 180894 815.6188
2019:05:06 15:02:24 213363 32057.0096
2019:05:06 15:02:24 293354 39997.5292
2019:05:06 15:02:24 333367 40004.8047
2019:05:06 15:02:24 338040 403.5458
2019:05:06 15:02:24 338862 385.3142
2019:05:06 15:02:24 340088 817.2281
2019:05:06 15:02:24 340920 420.1159
2019:05:06 15:02:24 373353 32425.4557
2019:05:06 15:02:24 413363 39998.2892
2019:05:06 15:02:24 418470 788.3273
2019:05:06 15:02:24 419301 818.1520
2019:05:06 15:02:24 419727 414.2597
2019:05:06 15:02:24 420526 401.3926
2019:05:06 15:02:24 453353 32407.0118
2019:05:06 15:02:24 493362 39995.4356
2019:05:06 15:02:24 533977 623.6918
2019:05:06 15:02:24 535209 1211.3638
2019:05:06 15:02:24 536051 834.9940
2019:05:06 15:02:24 537018 960.9349
2019:05:06 15:02:24 573353 36324.5644
2019:05:06 15:02:24 577817 4456.4642
2019:05:06 15:02:24 578624 414.4758
2019:05:06 15:02:24 579455 423.1781
2019:05:06 15:02:24 580256 407.0923
2019:05:06 15:02:24 581087 818.9790
2019:05:06 15:02:24 613372 32278.2136
2019:05:06 15:02:24 614317 420.3618
2019:05:06 15:02:24 615135 809.1964
2019:05:06 15:02:24 615948 807.3933
2019:05:06 15:02:24 616370 412.9596
2019:05:06 15:02:24 617190 422.9918
2019:05:06 15:02:24 618002 417.4747
2019:05:06 15:02:24 618815 403.0243
2019:05:06 15:02:24 619637 411.1566
2019:05:06 15:02:24 620867 418.6705
2019:05:06 15:02:24 653361 32086.9014
2019:05:06 15:02:24 657763 4395.7606
2019:05:06 15:02:24 658567 425.2046
2019:05:06 15:02:24 659371 414.5801
2019:05:06 15:02:24 660200 419.4751
2019:05:06 15:02:24 661016 414.9862
2019:05:06 15:02:24 733355 40000.2114
2019:05:06 15:02:24 773362 39999.8054
2019:05:06 15:02:24 813363 39569.2363
2019:05:06 15:02:24 818035 393.3199
2019:05:06 15:02:24 818849 410.3184
2019:05:06 15:02:24 819671 408.6867
2019:05:06 15:02:24 820492 406.3323
2019:05:06 15:02:24 821313 814.5124
2019:05:06 15:02:24 853368 32048.4638
2019:05:06 15:02:24 897626 4265.6586
2019:05:06 15:02:24 898408 774.8790
2019:05:06 15:02:24 899209 794.5038
2019:05:06 15:02:24 900038 816.8630
2019:05:06 15:02:24 900862 814.6279
2019:05:06 15:02:24 933356 32487.7724
2019:05:06 15:02:24 973364 39994.8210
2019:05:06 15:02:24 975936 427.5218
2019:05:06 15:02:24 976744 404.3654
2019:05:06 15:02:24 977562 409.6664
2019:05:06 15:02:24 978387 415.9883
2019:05:06 15:02:24 979205 413.5817
2019:05:06 15:02:24 980026 411.6707
2019:05:06 15:02:24 980843 414.5727
2019:05:06 15:02:25 13362 32118.0895
2019:05:06 15:02:25 53645 290.7626
2019:05:06 15:02:25 54306 421.9674
2019:05:06 15:02:25 55129 419.0765
2019:05:06 15:02:25 55945 415.7536
2019:05:06 15:02:25 56759 416.4204
2019:05:06 15:02:25 93363 36196.2914
2019:05:06 15:02:25 173359 40004.1863
2019:05:06 15:02:25 213366 39999.4180
2019:05:06 15:02:25 293354 39993.6289
2019:05:06 15:02:25 294620 1252.4873
2019:05:06 15:02:25 295436 809.5503
2019:05:06 15:02:25 296020 575.4754
2019:05:06 15:02:25 297082 826.4184
2019:05:06 15:02:25 342157 801.4962
2019:05:06 15:02:25 342962 794.9769
2019:05:06 15:02:25 343754 784.9745
2019:05:06 15:02:25 344594 829.0149
2019:05:06 15:02:25 389354 44754.0507
2019:05:06 15:02:25 390049 683.6243
2019:05:06 15:02:25 390868 422.4777
2019:05:06 15:02:25 392081 802.5169
2019:05:06 15:02:25 392919 815.2425
2019:05:06 15:02:25 417359 24430.5581
2019:05:06 15:02:25 465363 47998.1527
2019:05:06 15:02:25 569355 47999.0877
2019:05:06 15:02:25 573637 4271.1124
2019:05:06 15:02:25 574443 800.5612
2019:05:06 15:02:25 575263 418.4470
2019:05:06 15:02:25 576082 643.7786
2019:05:06 15:02:25 577308 818.8188
2019:05:06 15:02:25 665355 47998.3576
2019:05:06 15:02:25 669637 4272.2411
2019:05:06 15:02:25 670440 418.1676
2019:05:06 15:02:25 671262 409.4727
2019:05:06 15:02:25 672073 400.9046
2019:05:06 15:02:25 672895 416.1224
2019:05:06 15:02:25 713363 40052.9988
2019:05:06 15:02:25 793354 31999.1000
2019:05:06 15:02:25 841364 48000.8014
2019:05:06 15:02:25 877653 297.2968
2019:05:06 15:02:25 878433 422.7310
2019:05:06 15:02:25 879241 400.8152
2019:05:06 15:02:25 880065 422.1834
2019:05:06 15:02:25 880888 816.8295
2019:05:06 15:02:25 881713 819.3702
2019:05:06 15:02:25 882502 777.1701
2019:05:06 15:02:25 883324 812.4001
2019:05:06 15:02:25 884549 815.5257
2019:05:06 15:02:25 917362 32803.5876
2019:05:06 15:02:25 957362 39993.1930
2019:05:06 15:02:26 37355 40001.1986
2019:05:06 15:02:26 77366 40003.6015
2019:05:06 15:02:26 78024 389.9671
2019:05:06 15:02:26 79246 816.6991
2019:05:06 15:02:26 80066 409.6031
2019:05:06 15:02:26 80888 413.2651
2019:05:06 15:02:26 81729 435.3896
2019:05:06 15:02:26 82539 421.6768
2019:05:06 15:02:26 83364 430.1555
2019:05:06 15:02:26 84176 426.7357
2019:05:06 15:02:26 84993 417.5380
2019:05:06 15:02:26 157354 39994.6161
2019:05:06 15:02:26 158184 822.8645
2019:05:06 15:02:26 158995 804.2827
2019:05:06 15:02:26 160230 826.9139
2019:05:06 15:02:26 161042 805.6201
2019:05:06 15:02:26 197366 35911.5191
2019:05:06 15:02:26 277354 39999.8613
2019:05:06 15:02:26 281787 4423.1415
2019:05:06 15:02:26 283012 817.8577
2019:05:06 15:02:26 283831 812.5044
2019:05:06 15:02:26 284642 804.3684
2019:05:06 15:02:26 317353 32298.4420
2019:05:06 15:02:26 318019 654.9582
2019:05:06 15:02:26 318843 414.9750
2019:05:06 15:02:26 319661 406.0604
2019:05:06 15:02:26 320481 415.1501
2019:05:06 15:02:26 321301 415.1985
2019:05:06 15:02:26 322125 414.6248
2019:05:06 15:02:26 322939 403.1137
2019:05:06 15:02:26 323758 418.0670
2019:05:06 15:02:26 324584 816.5874
2019:05:06 15:02:26 357359 32768.2979
2019:05:06 15:02:26 397368 39996.8661
2019:05:06 15:02:26 398297 389.2183
2019:05:06 15:02:26 399523 816.3527
2019:05:06 15:02:26 400351 819.2398
2019:05:06 15:02:26 401170 812.5193
2019:05:06 15:02:26 425903 24727.1210
2019:05:06 15:02:26 427186 768.1139
2019:05:06 15:02:26 427962 419.5161
2019:05:06 15:02:26 429213 767.1453
2019:05:06 15:02:26 430508 784.1438
2019:05:06 15:02:26 431283 767.5737
2019:05:06 15:02:26 432558 895.7274
2019:05:06 15:02:26 433369 803.1279
2019:05:06 15:02:26 462436 609.3644
2019:05:06 15:02:26 463201 756.2339
2019:05:06 15:02:26 464482 905.0779
2019:05:06 15:02:26 465634 837.8439
2019:05:06 15:02:26 466836 780.1801
2019:05:06 15:02:26 468489 1152.2323
2019:05:06 15:02:26 493585 25088.5375
2019:05:06 15:02:26 494409 504.7396
2019:05:06 15:02:26 495494 804.3312
2019:05:06 15:02:26 506569 772.9903
2019:05:06 15:02:26 507454 877.1084
2019:05:06 15:02:26 508597 819.5899
2019:05:06 15:02:26 521751 12737.2034
2019:05:06 15:02:26 522594 834.7668
2019:05:06 15:02:26 523700 804.3796
2019:05:06 15:02:26 525338 825.5318
2019:05:06 15:02:26 546044 4732.4114
2019:05:06 15:02:26 554436 790.6705
2019:05:06 15:02:26 555269 825.0102
2019:05:06 15:02:26 556479 817.9620
2019:05:06 15:02:26 570037 13146.5532
2019:05:06 15:02:26 570828 782.8958
2019:05:06 15:02:26 572091 771.3698
2019:05:06 15:02:26 572870 771.5300
2019:05:06 15:02:26 574121 766.2177
2019:05:06 15:02:26 574905 777.0471
2019:05:06 15:02:26 576142 779.2488
2019:05:06 15:02:26 576954 804.2790
2019:05:06 15:02:26 597605 20188.2161
2019:05:06 15:02:26 599213 805.5605
2019:05:06 15:02:26 599991 770.1181
2019:05:06 15:02:26 601154 813.4320
2019:05:06 15:02:26 618069 16804.8516
2019:05:06 15:02:26 618739 347.9831
2019:05:06 15:02:26 619652 494.7446
2019:05:06 15:02:26 620779 819.3925
2019:05:06 15:02:26 621723 529.6245
2019:05:06 15:02:26 623299 1241.4418
2019:05:06 15:02:26 624087 780.7203
2019:05:06 15:02:26 625369 795.6438
2019:05:06 15:02:26 650124 347.5323
2019:05:06 15:02:26 651330 784.2109
2019:05:06 15:02:26 652158 347.9198
2019:05:06 15:02:26 665777 13197.0048
2019:05:06 15:02:26 666565 780.2732
2019:05:06 15:02:26 667329 756.8561
2019:05:06 15:02:26 668596 886.1646
2019:05:06 15:02:26 673368 4764.0689
2019:05:06 15:02:26 698195 24817.9063
2019:05:06 15:02:26 699191 491.8054
2019:05:06 15:02:26 700278 581.0261
2019:05:06 15:02:26 701204 918.7348
2019:05:06 15:02:26 714044 11882.7075
2019:05:06 15:02:26 715101 534.5978
2019:05:06 15:02:26 716673 1078.8813
2019:05:06 15:02:26 717659 978.4549
2019:05:06 15:02:26 718785 575.5015
2019:05:06 15:02:26 720369 1093.1715
2019:05:06 15:02:26 749900 28534.6359
2019:05:06 15:02:26 750969 1059.4390
2019:05:06 15:02:26 751522 444.2483
2019:05:06 15:02:26 752771 530.9582
2019:05:06 15:02:26 754297 1039.5236
2019:05:06 15:02:26 754851 545.5688
2019:05:06 15:02:26 756355 1029.0407
2019:05:06 15:02:26 757391 988.8597
2019:05:06 15:02:26 782365 484.9359
2019:05:06 15:02:26 783437 543.0691
2019:05:06 15:02:26 784421 499.9861
2019:05:06 15:02:26 793745 8806.2957
2019:05:06 15:02:26 794783 1028.5787
2019:05:06 15:02:26 797382 2050.2321
2019:05:06 15:02:26 806183 404.9093
2019:05:06 15:02:26 807001 327.7771
2019:05:06 15:02:26 808219 808.5966
2019:05:06 15:02:26 813601 4957.8808
2019:05:06 15:02:26 814368 759.5345
2019:05:06 15:02:26 815197 378.6199
2019:05:06 15:02:26 816410 818.0253
2019:05:06 15:02:26 817765 935.2006
2019:05:06 15:02:26 818511 460.2857
2019:05:06 15:02:26 819726 454.4333
2019:05:06 15:02:26 820951 845.5366
2019:05:06 15:02:26 857860 36534.4770
2019:05:06 15:02:26 859011 806.9649
2019:05:06 15:02:26 860249 832.1106
2019:05:06 15:02:26 861124 867.4003
2019:05:06 15:02:26 861891 423.3010
2019:05:06 15:02:26 862695 324.5175
2019:05:06 15:02:26 863922 816.3527
2019:05:06 15:02:26 864825 490.8405
2019:05:06 15:02:26 881959 16810.0297
2019:05:06 15:02:26 882771 414.3417
2019:05:06 15:02:26 883993 819.2658
2019:05:06 15:02:26 884821 419.2740
2019:05:06 15:02:26 885652 436.8387
2019:05:06 15:02:26 886873 827.0964
2019:05:06 15:02:26 887677 798.0354
2019:05:06 15:02:26 888922 833.6119
2019:05:06 15:02:26 913898 24968.7694
2019:05:06 15:02:26 914711 796.4261
2019:05:06 15:02:26 915540 420.7380
2019:05:06 15:02:26 916361 427.2535
2019:05:06 15:02:26 917186 422.9695
2019:05:06 15:02:26 929874 400.6773
2019:05:06 15:02:26 930706 423.7741
2019:05:06 15:02:26 931920 814.2218
2019:05:06 15:02:26 932750 418.0111
2019:05:06 15:02:26 933978 819.4521
2019:05:06 15:02:26 934807 408.1987
2019:05:06 15:02:26 936413 1202.6168
2019:05:06 15:02:26 961808 25379.5423
2019:05:06 15:02:26 962629 791.3597
2019:05:06 15:02:26 973688 11051.4164
2019:05:06 15:02:26 974505 797.7374
2019:05:06 15:02:26 975318 804.5696
2019:05:06 15:02:26 976148 417.7988
2019:05:06 15:02:26 977367 820.5026
2019:05:06 15:02:26 990070 390.9618
2019:05:06 15:02:26 990883 403.1248
2019:05:06 15:02:26 992114 818.4984
2019:05:06 15:02:26 992932 398.9972
2019:05:06 15:02:27 9629 16288.5189
2019:05:06 15:02:27 10839 810.0048
2019:05:06 15:02:27 11668 804.9197
2019:05:06 15:02:27 12493 420.0973
2019:05:06 15:02:27 21516 8616.2910
2019:05:06 15:02:27 22310 412.1810
2019:05:06 15:02:27 23539 821.8624
2019:05:06 15:02:27 24356 396.3411
2019:05:06 15:02:27 37507 12741.1895
2019:05:06 15:02:27 38285 763.2971
2019:05:06 15:02:27 39520 828.2736
2019:05:06 15:02:27 40729 781.8826
2019:05:06 15:02:27 41569 822.0933
2019:05:06 15:02:27 42392 428.8033
2019:05:06 15:02:27 43602 814.5198
2019:05:06 15:02:27 44440 815.8721
2019:05:06 15:02:27 69834 414.3678
2019:05:06 15:02:27 71062 825.4610
2019:05:06 15:02:27 71885 815.2723
2019:05:06 15:02:27 72688 795.1707
2019:05:06 15:02:27 73111 399.9583
2019:05:06 15:02:27 86218 397.8908
2019:05:06 15:02:27 87429 786.9229
2019:05:06 15:02:27 88257 810.3661
2019:05:06 15:02:27 89086 813.1824
2019:05:06 15:02:27 89901 418.0111
2019:05:06 15:02:27 91119 809.1256
2019:05:06 15:02:27 91944 400.7481
2019:05:06 15:02:27 93156 792.4400
2019:05:06 15:02:27 117763 24589.6466
2019:05:06 15:02:27 118579 422.2207
2019:05:06 15:02:27 119810 831.1048
2019:05:06 15:02:27 120615 795.9232
2019:05:06 15:02:27 133836 12798.1938
2019:05:06 15:02:27 134555 710.8711
2019:05:06 15:02:27 135808 777.8928
2019:05:06 15:02:27 136604 302.0428
2019:05:06 15:02:27 137856 774.1638
2019:05:06 15:02:27 138646 419.5571
2019:05:06 15:02:27 139889 767.2161
2019:05:06 15:02:27 140697 422.6975
2019:05:06 15:02:27 165733 24571.8472
2019:05:06 15:02:27 167322 801.6527
2019:05:06 15:02:27 168137 807.6467
2019:05:06 15:02:27 181948 13364.2964
2019:05:06 15:02:27 182551 519.8531
2019:05:06 15:02:27 183668 811.5284
2019:05:06 15:02:27 184909 805.5270
2019:05:06 15:02:27 186189 797.3984
2019:05:06 15:02:27 187455 911.6828
2019:05:06 15:02:27 188587 817.4889
2019:05:06 15:02:27 213662 24657.7337
2019:05:06 15:02:27 214433 763.2412
2019:05:06 15:02:27 215687 883.5904
2019:05:06 15:02:27 216471 427.5292
2019:05:06 15:02:27 230193 13242.2559
2019:05:06 15:02:27 230803 602.2826
2019:05:06 15:02:27 232071 893.4028
2019:05:06 15:02:27 232851 445.4851
2019:05:06 15:02:27 234103 876.8588
2019:05:06 15:02:27 234872 430.0587
2019:05:06 15:02:27 236119 754.0286
2019:05:06 15:02:27 236913 423.0477
2019:05:06 15:02:27 261917 24505.9393
2019:05:06 15:02:27 263116 809.7254
2019:05:06 15:02:27 263940 418.7822
2019:05:06 15:02:27 264759 418.2830
2019:05:06 15:02:27 277876 12717.9734
2019:05:06 15:02:27 279106 826.1353
2019:05:06 15:02:27 279912 797.3574
2019:05:06 15:02:27 280727 800.3339
2019:05:06 15:02:27 281160 417.1990
2019:05:06 15:02:27 282384 827.8228
2019:05:06 15:02:27 283187 794.8540
2019:05:06 15:02:27 284008 803.7537
2019:05:06 15:02:27 285249 820.1487
2019:05:06 15:02:27 309595 24338.7856
2019:05:06 15:02:27 310280 317.9349
2019:05:06 15:02:27 311199 421.8258
2019:05:06 15:02:27 312012 414.8558
2019:05:06 15:02:27 312845 528.8459
2019:05:06 15:02:27 325946 12705.8774
2019:05:06 15:02:27 327167 818.3718
2019:05:06 15:02:27 328390 827.8266
2019:05:06 15:02:27 329235 831.7977
2019:05:06 15:02:27 330053 809.4162
2019:05:06 15:02:27 330742 681.2103
2019:05:06 15:02:27 331672 409.9794
2019:05:06 15:02:27 332488 413.9729
2019:05:06 15:02:27 333315 515.1778
2019:05:06 15:02:27 358089 386.8118
2019:05:06 15:02:27 358914 407.4313
2019:05:06 15:02:27 359739 420.7119
2019:05:06 15:02:27 360969 830.4380
2019:05:06 15:02:27 373658 12681.5923
2019:05:06 15:02:27 374498 823.9076
2019:05:06 15:02:27 375312 806.0746
2019:05:06 15:02:27 376122 801.8799
2019:05:06 15:02:27 376945 815.0637
2019:05:06 15:02:27 377775 821.5085
2019:05:06 15:02:27 378585 802.0699
2019:05:06 15:02:27 379389 796.8135
2019:05:06 15:02:27 380213 416.5433
2019:05:06 15:02:27 405206 24587.7914
2019:05:06 15:02:27 406021 410.9628
2019:05:06 15:02:27 406843 420.6859
2019:05:06 15:02:27 408059 816.6283
2019:05:06 15:02:27 408884 417.7988
2019:05:06 15:02:27 422002 12713.4435
2019:05:06 15:02:27 422811 420.9131
2019:05:06 15:02:27 423231 343.5574
2019:05:06 15:02:27 424448 405.2185
2019:05:06 15:02:27 425274 421.6284
2019:05:06 15:02:27 426097 422.2989
2019:05:06 15:02:27 426903 394.7988
2019:05:06 15:02:27 427720 409.9607
2019:05:06 15:02:27 428952 825.0289
2019:05:06 15:02:27 449563 20524.1553
2019:05:06 15:02:27 450344 772.6476
2019:05:06 15:02:27 451489 826.6941
2019:05:06 15:02:27 452372 478.8078
2019:05:06 15:02:27 453699 982.2436
2019:05:06 15:02:27 454339 360.5969
2019:05:06 15:02:27 455569 819.9960
2019:05:06 15:02:27 456386 648.5134
2019:05:06 15:02:27 481971 25174.3756
2019:05:06 15:02:27 482825 845.5664
2019:05:06 15:02:27 483954 821.4302
2019:05:06 15:02:27 484857 896.1223
2019:05:06 15:02:27 486002 822.4249
2019:05:06 15:02:27 486892 883.0093
2019:05:06 15:02:27 488043 825.2226
2019:05:06 15:02:27 488904 752.4937
2019:05:06 15:02:27 517856 28585.2291
2019:05:06 15:02:27 518736 285.0592
2019:05:06 15:02:27 520008 780.0534
2019:05:06 15:02:27 520781 765.3311
2019:05:06 15:02:27 522055 783.7154
2019:05:06 15:02:27 522825 762.7010
2019:05:06 15:02:27 524095 777.4793
2019:05:06 15:02:27 524873 770.1293
2019:05:06 15:02:27 549991 24617.7465
2019:05:06 15:02:27 550757 494.7037
2019:05:06 15:02:27 551900 820.3015
2019:05:06 15:02:27 552801 491.4813
2019:05:06 15:02:27 565867 12739.3007
2019:05:06 15:02:27 567063 817.5373
2019:05:06 15:02:27 567959 888.9958
2019:05:06 15:02:27 569112 809.3752
2019:05:06 15:02:27 569926 806.9165
2019:05:06 15:02:27 571154 823.7660
2019:05:06 15:02:27 571969 806.8569
2019:05:06 15:02:27 573226 849.5711
2019:05:06 15:02:27 593646 20412.2029
2019:05:06 15:02:27 594821 806.7973
2019:05:06 15:02:27 596051 821.4712
2019:05:06 15:02:27 596866 807.6839
2019:05:06 15:02:27 598104 815.5592
2019:05:06 15:02:27 599742 1213.2600
2019:05:06 15:02:27 622263 364.4526
2019:05:06 15:02:27 623083 406.9321
2019:05:06 15:02:27 624308 812.2176
2019:05:06 15:02:27 625135 417.2027
2019:05:06 15:02:27 634175 407.7516
2019:05:06 15:02:27 635391 808.8052
2019:05:06 15:02:27 636201 802.8559
2019:05:06 15:02:27 637602 972.1071
2019:05:06 15:02:27 650630 584.8072
2019:05:06 15:02:27 651402 764.7090
2019:05:06 15:02:27 652165 754.7811
2019:05:06 15:02:27 653459 791.9595
2019:05:06 15:02:27 654220 753.8497
2019:05:06 15:02:27 655520 783.3019
2019:05:06 15:02:27 656295 767.3018
2019:05:06 15:02:27 681688 25008.8237
2019:05:06 15:02:27 682487 791.0021
2019:05:06 15:02:27 684097 1128.3308
2019:05:06 15:02:27 685816 1711.8640
2019:05:06 15:02:27 698207 12383.1704
2019:05:06 15:02:27 699343 799.9875
2019:05:06 15:02:27 700476 805.0874
2019:05:06 15:02:27 701726 820.8603
2019:05:06 15:02:27 702996 771.0680
2019:05:06 15:02:27 703771 766.5232
2019:05:06 15:02:27 704552 403.9295
2019:05:06 15:02:27 725570 20541.0458
2019:05:06 15:02:27 726354 775.7060
2019:05:06 15:02:27 727487 821.3893
2019:05:06 15:02:27 728721 822.8496
2019:05:06 15:02:27 745918 17190.4042
2019:05:06 15:02:27 746729 802.5914
2019:05:06 15:02:27 747862 826.9064
2019:05:06 15:02:27 748794 924.4718
2019:05:06 15:02:27 766018 16937.1888
2019:05:06 15:02:27 766791 765.0182
2019:05:06 15:02:27 767946 827.4578
2019:05:06 15:02:27 768858 510.4207
2019:05:06 15:02:27 778323 9158.5331
2019:05:06 15:02:27 779395 796.5490
2019:05:06 15:02:27 780641 776.7379
2019:05:06 15:02:27 793865 13216.0373
2019:05:06 15:02:27 794573 700.6489
2019:05:06 15:02:27 795378 339.5304
2019:05:06 15:02:27 796628 817.8279
2019:05:06 15:02:27 798365 1290.8168
2019:05:06 15:02:27 799497 1124.3075
2019:05:06 15:02:27 800308 803.5116
2019:05:06 15:02:27 825696 24934.9773
2019:05:06 15:02:27 826500 788.0926
2019:05:06 15:02:27 827327 819.7911
2019:05:06 15:02:27 828127 793.9450
2019:05:06 15:02:27 857357 28822.6269
2019:05:06 15:02:27 861988 4620.6154
2019:05:06 15:02:27 862812 805.5530
2019:05:06 15:02:27 863631 405.6431
2019:05:06 15:02:27 864470 423.5916
2019:05:06 15:02:27 865286 427.8161
2019:05:06 15:02:27 889829 469.8783
2019:05:06 15:02:27 890660 817.3697
2019:05:06 15:02:27 891487 818.5394
2019:05:06 15:02:27 892718 830.7248
2019:05:06 15:02:27 902822 10096.1961
2019:05:06 15:02:27 925372 22540.4687
2019:05:06 15:02:27 941904 517.3944
2019:05:06 15:02:27 942696 783.9538
2019:05:06 15:02:27 945373 2669.3381
2019:05:06 15:02:27 970580 531.1929
2019:05:06 15:02:27 971560 971.8649
2019:05:06 15:02:27 972641 538.3492
2019:05:06 15:02:27 986324 13675.2985
2019:05:06 15:02:27 986937 603.8249
2019:05:06 15:02:27 988443 1049.8986
2019:05:06 15:02:27 988988 447.3180
2019:05:06 15:02:27 990541 1068.4878
2019:05:06 15:02:27 991096 546.2281
2019:05:06 15:02:27 992250 667.7918
2019:05:06 15:02:27 993194 524.0217
2019:05:06 15:02:28 18509 550.6836
2019:05:06 15:02:28 19494 977.6391
2019:05:06 15:02:28 21069 1031.6223
2019:05:06 15:02:28 33506 12429.7813
2019:05:06 15:02:28 55471 21957.5316
2019:05:06 15:02:28 56561 825.8671
2019:05:06 15:02:28 66022 9454.6638
2019:05:06 15:02:28 66800 769.8648
2019:05:06 15:02:28 73365 6557.0623
2019:05:06 15:02:28 83118 9744.4989
2019:05:06 15:02:28 84147 492.1593
2019:05:06 15:02:28 85260 542.5662
2019:05:06 15:02:28 86246 978.4624
2019:05:06 15:02:28 87298 531.2599
2019:05:06 15:02:28 88279 972.8968
2019:05:06 15:02:28 89601 785.7345
2019:05:06 15:02:28 114219 24609.9085
2019:05:06 15:02:28 114772 545.7401
2019:05:06 15:02:28 116306 1051.0050
2019:05:06 15:02:28 117933 1579.1319
2019:05:06 15:02:28 130853 493.8208
2019:05:06 15:02:28 132445 1058.6642
2019:05:06 15:02:28 133967 1513.9319
2019:05:06 15:02:28 150278 574.5925
2019:05:06 15:02:28 151288 493.7835
2019:05:06 15:02:28 152397 609.0589
2019:05:06 15:02:28 153341 937.2570
2019:05:06 15:02:28 162648 531.0029
2019:05:06 15:02:28 163657 1001.7529
2019:05:06 15:02:28 164746 545.9040
2019:05:06 15:02:28 178302 13548.5120
2019:05:06 15:02:28 179462 1152.3888
2019:05:06 15:02:28 180385 514.1944
2019:05:06 15:02:28 181539 624.9659
2019:05:06 15:02:28 182468 922.6725
2019:05:06 15:02:28 183564 540.7594
2019:05:06 15:02:28 184546 974.7595
2019:05:06 15:02:28 213872 28790.7049
2019:05:06 15:02:28 214590 710.6401
2019:05:06 15:02:28 215953 951.3050
2019:05:06 15:02:28 217055 609.5469
2019:05:06 15:02:28 217994 931.8776
2019:05:06 15:02:28 219115 628.5906
2019:05:06 15:02:28 220063 941.5746
2019:05:06 15:02:28 221159 602.6030
2019:05:06 15:02:28 246206 25039.5946
2019:05:06 15:02:28 247692 1004.2898
2019:05:06 15:02:28 248210 510.6963
2019:05:06 15:02:28 249202 502.1766
2019:05:06 15:02:28 254340 634.4728
2019:05:06 15:02:28 255273 925.7756
2019:05:06 15:02:28 256281 1000.1436
2019:05:06 15:02:28 257315 936.9254
2019:05:06 15:02:28 258354 1031.1790
2019:05:06 15:02:28 259406 957.2841
2019:05:06 15:02:28 260426 1013.3833
2019:05:06 15:02:28 285680 24717.7891
2019:05:06 15:02:28 286364 676.5015
2019:05:06 15:02:28 287505 815.4400
2019:05:06 15:02:28 288397 475.5296
2019:05:06 15:02:28 289688 948.7532
2019:05:06 15:02:28 290798 617.6978
2019:05:06 15:02:28 291728 923.4585
2019:05:06 15:02:28 292844 620.8457
2019:05:06 15:02:28 321828 28976.7832
2019:05:06 15:02:28 322473 637.9299
2019:05:06 15:02:28 323993 1022.0632
2019:05:06 15:02:28 325032 936.9999
2019:05:06 15:02:28 341771 16245.8122
2019:05:06 15:02:28 343272 1020.1521
2019:05:06 15:02:28 344323 987.6303
2019:05:06 15:02:28 344975 644.8440
2019:05:06 15:02:28 354175 8072.0372
2019:05:06 15:02:28 355437 504.8588
2019:05:06 15:02:28 356690 990.1822
2019:05:06 15:02:28 370065 12827.0946
2019:05:06 15:02:28 371260 1188.2894
2019:05:06 15:02:28 372740 1472.6631
2019:05:06 15:02:28 373791 1042.7237
2019:05:06 15:02:28 374835 1037.1804
2019:05:06 15:02:28 375859 932.1757
2019:05:06 15:02:28 376977 625.0218
2019:05:06 15:02:28 401363 24378.7542
2019:05:06 15:02:28 402351 979.0771
2019:05:06 15:02:28 402771 402.0818
2019:05:06 15:02:28 403987 817.6193
2019:05:06 15:02:28 404817 422.6305
2019:05:06 15:02:28 433370 28152.9240
2019:05:06 15:02:28 434095 400.8859
2019:05:06 15:02:28 435309 818.5208
2019:05:06 15:02:28 436142 422.9434
2019:05:06 15:02:28 465602 29060.1961
2019:05:06 15:02:28 466444 825.9416
2019:05:06 15:02:28 467255 802.1593
2019:05:06 15:02:28 468081 461.0457
2019:05:06 15:02:28 468900 421.5091
2019:05:06 15:02:28 470138 834.0776
2019:05:06 15:02:28 470941 795.4538
2019:05:06 15:02:28 472182 830.6280
2019:05:06 15:02:28 472987 797.0519
2019:05:06 15:02:28 497996 24584.1667
2019:05:06 15:02:28 498802 783.5887
2019:05:06 15:02:28 499615 805.9442
2019:05:06 15:02:28 500847 826.5190
2019:05:06 15:02:28 533362 32506.9427
2019:05:06 15:02:28 541948 8575.6257
2019:05:06 15:02:28 543039 791.1250
2019:05:06 15:02:28 543869 348.7766
2019:05:06 15:02:28 545087 790.7748
2019:05:06 15:02:28 546391 786.5429
2019:05:06 15:02:28 547168 769.2426
2019:05:06 15:02:28 547966 440.4448
2019:05:06 15:02:28 549232 794.3958
2019:05:06 15:02:28 574588 687.6327
2019:05:06 15:02:28 575394 798.8624
2019:05:06 15:02:28 576627 810.3698
2019:05:06 15:02:28 577455 820.7485
2019:05:06 15:02:28 578673 817.3026
2019:05:06 15:02:28 579596 915.1846
2019:05:06 15:02:28 580723 823.7176
2019:05:06 15:02:28 609947 29217.1761
2019:05:06 15:02:28 610627 672.0535
2019:05:06 15:02:28 611874 785.3098
2019:05:06 15:02:28 612683 801.6750
2019:05:06 15:02:28 613528 367.2652
2019:05:06 15:02:28 615117 777.4830
2019:05:06 15:02:28 616386 832.0548
2019:05:06 15:02:28 617772 897.4560
2019:05:06 15:02:28 642276 494.9160
2019:05:06 15:02:28 643376 818.2339
2019:05:06 15:02:28 644308 512.4174
2019:05:06 15:02:28 657909 13303.4810
2019:05:06 15:02:28 658534 617.7872
2019:05:06 15:02:28 659802 775.0168
2019:05:06 15:02:28 660580 770.0920
2019:05:06 15:02:28 662347 1288.1048
2019:05:06 15:02:28 663116 761.6505
2019:05:06 15:02:28 664377 908.3338
2019:05:06 15:02:28 689545 24862.3714
2019:05:06 15:02:28 690788 1234.7065
2019:05:06 15:02:28 691603 807.3673
2019:05:06 15:02:28 706703 648.8860
2019:05:06 15:02:28 707515 804.2827
2019:05:06 15:02:28 708412 486.3814
2019:05:06 15:02:28 709688 943.1839
2019:05:06 15:02:28 710467 472.8213
2019:05:06 15:02:28 711712 919.9455
2019:05:06 15:02:28 712495 473.9054
2019:05:06 15:02:28 745365 32525.5767
2019:05:06 15:02:28 753811 8437.1045
2019:05:06 15:02:28 754606 426.0764
2019:05:06 15:02:28 755424 415.0271
2019:05:06 15:02:28 756253 423.8933
2019:05:06 15:02:28 757073 430.6026
2019:05:06 15:02:28 801356 39997.0151
2019:05:06 15:02:28 802102 736.4787
2019:05:06 15:02:28 802942 824.1199
2019:05:06 15:02:28 803739 789.2549
2019:05:06 15:02:28 804580 826.8282
2019:05:06 15:02:28 805397 809.5019
2019:05:06 15:02:28 806205 799.6783
2019:05:06 15:02:28 806634 414.3193
2019:05:06 15:02:28 807453 423.9157
2019:05:06 15:02:28 808268 421.1478
2019:05:06 15:02:28 809090 427.0524
2019:05:06 15:02:28 834062 383.6155
2019:05:06 15:02:28 835292 817.9583
2019:05:06 15:02:28 836113 400.3532
2019:05:06 15:02:28 836940 429.2913
2019:05:06 15:02:28 869366 32016.6871
2019:05:06 15:02:28 949362 44001.6538
2019:05:06 15:02:28 950561 1190.2116
2019:05:06 15:02:28 952218 1228.0867
2019:05:06 15:02:28 953020 793.9450
2019:05:06 15:02:28 985369 32334.2830
2019:05:06 15:02:28 994006 8629.7765
2019:05:06 15:02:28 994823 418.9089
2019:05:06 15:02:28 996059 832.6322
2019:05:06 15:02:28 996876 807.8478
2019:05:06 15:02:29 21365 24480.9687
2019:05:06 15:02:29 26073 4690.1219
2019:05:06 15:02:29 27304 822.6037
2019:05:06 15:02:29 28124 422.9583
2019:05:06 15:02:29 29335 806.8867
2019:05:06 15:02:29 57369 28012.7227
2019:05:06 15:02:29 62099 367.0640
2019:05:06 15:02:29 62916 575.1029
2019:05:06 15:02:29 64152 826.6903
2019:05:06 15:02:29 64979 588.1414
2019:05:06 15:02:29 89369 23987.5466
2019:05:06 15:02:29 90372 392.3513
2019:05:06 15:02:29 91185 405.6878
2019:05:06 15:02:29 92012 422.0642
2019:05:06 15:02:29 93063 639.8298
2019:05:06 15:02:29 93657 423.2675
2019:05:06 15:02:29 94480 425.3872
2019:05:06 15:02:29 95714 832.7067
2019:05:06 15:02:29 96520 798.0764
2019:05:06 15:02:29 121746 24820.5736
2019:05:06 15:02:29 122328 563.8599
2019:05:06 15:02:29 123149 424.5676
2019:05:06 15:02:29 124371 812.2362
2019:05:06 15:02:29 125205 430.1928
2019:05:06 15:02:29 181812 28455.0302
2019:05:06 15:02:29 186515 4693.4597
2019:05:06 15:02:29 187048 525.2995
2019:05:06 15:02:29 188559 1026.4702
2019:05:06 15:02:29 189104 472.6164
2019:05:06 15:02:29 190627 1026.6080
2019:05:06 15:02:29 191666 971.5669
2019:05:06 15:02:29 193231 1081.6231
2019:05:06 15:02:29 217845 24606.4477
2019:05:06 15:02:29 219352 1036.6999
2019:05:06 15:02:29 220449 969.8048
2019:05:06 15:02:29 221117 661.0788
2019:05:06 15:02:29 232185 588.9013
2019:05:06 15:02:29 233165 971.6414
2019:05:06 15:02:29 241653 7391.3634
2019:05:06 15:02:29 243091 903.0849
2019:05:06 15:02:29 244129 1030.3855
2019:05:06 15:02:29 245164 1027.9380
2019:05:06 15:02:29 254795 519.7115
2019:05:06 15:02:29 255813 1009.9411
2019:05:06 15:02:29 256838 927.7128
2019:05:06 15:02:29 269800 12954.0116
2019:05:06 15:02:29 270969 1119.2933
2019:05:06 15:02:29 271516 539.3066
2019:05:06 15:02:29 273022 1027.4611
2019:05:06 15:02:29 290002 16972.3257
2019:05:06 15:02:29 290650 640.5227
2019:05:06 15:02:29 292064 996.1538
2019:05:06 15:02:29 293119 530.7049
2019:05:06 15:02:29 301632 4275.7280
2019:05:06 15:02:29 302441 422.9546
2019:05:06 15:02:29 303661 817.9620
2019:05:06 15:02:29 304886 819.2398
2019:05:06 15:02:29 329370 24076.0632
2019:05:06 15:02:29 354443 399.9583
2019:05:06 15:02:29 355259 413.5743
2019:05:06 15:02:29 356486 818.7369
2019:05:06 15:02:29 357306 413.3433
2019:05:06 15:02:29 362157 796.4559
2019:05:06 15:02:29 362994 808.7121
2019:05:06 15:02:29 364200 803.9959
2019:05:06 15:02:29 365048 827.0442
2019:05:06 15:02:29 390211 25153.6816
2019:05:06 15:02:29 391242 818.0439
2019:05:06 15:02:29 392049 797.9460
2019:05:06 15:02:29 393288 829.0894
2019:05:06 15:02:29 401532 8236.7994
2019:05:06 15:02:29 402708 811.7333
2019:05:06 15:02:29 403540 419.6577
2019:05:06 15:02:29 404754 818.2339
2019:05:06 15:02:29 405592 428.0247
2019:05:06 15:02:29 406410 423.4165
2019:05:06 15:02:29 407638 831.9579
2019:05:06 15:02:29 408457 811.7072
2019:05:06 15:02:29 409265 798.9034
2019:05:06 15:02:29 410072 368.8596
2019:05:06 15:02:29 410891 400.1372
2019:05:06 15:02:29 411721 419.5310
2019:05:06 15:02:29 412937 818.0998
2019:05:06 15:02:29 437853 24500.2396
2019:05:06 15:02:29 439035 757.4484
2019:05:06 15:02:29 439859 313.8967
2019:05:06 15:02:29 441072 770.5241
2019:05:06 15:02:29 442372 779.3903
2019:05:06 15:02:29 443132 752.7843
2019:05:06 15:02:29 443964 329.6696
2019:05:06 15:02:29 445181 777.4383
2019:05:06 15:02:29 446475 766.9851
2019:05:06 15:02:29 447745 928.0071
2019:05:06 15:02:29 448511 462.7295
2019:05:06 15:02:29 470324 21458.4656
2019:05:06 15:02:29 470991 658.2774
2019:05:06 15:02:29 472235 830.0133
2019:05:06 15:02:29 473129 499.0920
2019:05:06 15:02:29 486659 832.5353
2019:05:06 15:02:29 487433 765.4652
2019:05:06 15:02:29 488599 820.0258
2019:05:06 15:02:29 489522 507.5820
2019:05:06 15:02:29 490662 347.9160
2019:05:06 15:02:29 491473 382.0360
2019:05:06 15:02:29 492710 828.0687
2019:05:06 15:02:29 493976 835.8471
2019:05:06 15:02:29 494738 754.3452
2019:05:06 15:02:29 495687 510.9720
2019:05:06 15:02:29 496788 820.4207
2019:05:06 15:02:29 529737 32510.8990
2019:05:06 15:02:29 530534 789.0090
2019:05:06 15:02:29 531756 829.8382
2019:05:06 15:02:29 532564 364.0354
2019:05:06 15:02:29 541699 8725.7996
2019:05:06 15:02:29 542489 781.3573
2019:05:06 15:02:29 543620 815.4474
2019:05:06 15:02:29 544554 501.2713
2019:05:06 15:02:29 553984 9132.7727
2019:05:06 15:02:29 554756 764.2545
2019:05:06 15:02:29 555539 775.4415
2019:05:06 15:02:29 556810 898.8045
2019:05:06 15:02:29 570002 13185.1062
2019:05:06 15:02:29 570659 648.6326
2019:05:06 15:02:29 571465 357.0542
2019:05:06 15:02:29 572693 819.1913
2019:05:06 15:02:29 573648 511.3967
2019:05:06 15:02:29 574742 810.0308
2019:05:06 15:02:29 575560 373.8515
2019:05:06 15:02:29 576790 819.3702
2019:05:06 15:02:29 601875 24650.2608
2019:05:06 15:02:29 603103 1219.6898
2019:05:06 15:02:29 603909 798.7767
2019:05:06 15:02:29 605166 802.5020
2019:05:06 15:02:29 629663 11492.5094
2019:05:06 15:02:29 641956 12278.1433
2019:05:06 15:02:29 642762 796.1914
2019:05:06 15:02:29 643581 395.6556
2019:05:06 15:02:29 644403 397.7120
2019:05:06 15:02:29 645233 423.9157
2019:05:06 15:02:29 693368 28008.7739
2019:05:06 15:02:29 693989 612.5420
2019:05:06 15:02:29 695188 807.1288
2019:05:06 15:02:29 696012 808.6860
2019:05:06 15:02:29 696833 418.3538
2019:05:06 15:02:29 709360 12125.6560
2019:05:06 15:02:29 713635 4266.2062
2019:05:06 15:02:29 714434 415.7424
2019:05:06 15:02:29 715654 815.6858
2019:05:06 15:02:29 716483 819.7762
2019:05:06 15:02:29 717296 806.3205
2019:05:06 15:02:29 761367 44063.1174
2019:05:06 15:02:29 793832 476.7440
2019:05:06 15:02:29 794637 793.1143
2019:05:06 15:02:29 795457 814.0504
2019:05:06 15:02:29 795866 399.7982
2019:05:06 15:02:29 796681 417.3592
2019:05:06 15:02:29 841354 44270.0014
2019:05:06 15:02:29 842040 673.8454
2019:05:06 15:02:29 842856 416.7855
2019:05:06 15:02:29 844067 806.9165
2019:05:06 15:02:29 845325 1237.1615
2019:05:06 15:02:29 889366 44033.3188
2019:05:06 15:02:29 973355 43999.7688
2019:05:06 15:02:30 21369 48006.8810
2019:05:06 15:02:30 22399 423.4537
2019:05:06 15:02:30 23217 419.5459
