
# OSU MPI Allreduce Latency Test v5.6.1
# Size       Avg Latency(us)
16384               19532.29
2019:05:06 14:43:45 332245 5311.9287
2019:05:06 14:43:45 339609 6472.3417
2019:05:06 14:43:45 346574 4911.1992
2019:05:06 14:43:45 354420 5789.3135
2019:05:06 14:43:45 363372 6904.7846
2019:05:06 14:43:45 372787 7368.4864
2019:05:06 14:43:45 383120 7446.5722
2019:05:06 14:43:45 409371 24224.8103
2019:05:06 14:43:45 419947 10568.2313
2019:05:06 14:43:45 434269 13967.7897
2019:05:06 14:43:45 443765 7904.8797
2019:05:06 14:43:45 460146 16094.3568
2019:05:06 14:43:45 468706 6221.5216
2019:05:06 14:43:45 497310 28280.3327
2019:05:06 14:43:45 503585 4653.8115
2019:05:06 14:43:45 531716 27338.0280
2019:05:06 14:43:45 540317 6165.0351
2019:05:06 14:43:45 571844 6092.5335
2019:05:06 14:43:45 590316 16005.7545
2019:05:06 14:43:45 596012 4930.3211
2019:05:06 14:43:45 617726 18433.3064
2019:05:06 14:43:45 639424 20485.8668
2019:05:06 14:43:45 674261 33201.1431
2019:05:06 14:43:45 685310 9446.5017
2019:05:06 14:43:45 721789 15586.5923
2019:05:06 14:43:45 728736 6582.8003
2019:05:06 14:43:45 745500 16386.5834
2019:05:06 14:43:45 752479 6568.3313
2019:05:06 14:43:45 770068 17190.7991
2019:05:06 14:43:45 779897 9006.3810
2019:05:06 14:43:45 802072 21759.4840
2019:05:06 14:43:45 865938 46690.3970
2019:05:06 14:43:45 876198 8648.2093
2019:05:06 14:43:45 913871 12299.4669
2019:05:06 14:43:45 931458 16396.5859
2019:05:06 14:43:45 962612 29529.5306
2019:05:06 14:43:45 971170 7343.5083
2019:05:06 14:43:45 990572 19294.7350
2019:05:06 14:43:45 997448 4946.6752
2019:05:06 14:43:46 18793 8671.0900
2019:05:06 14:43:46 41329 22049.8666
2019:05:06 14:43:46 51482 9194.2959
2019:05:06 14:43:46 62220 10729.9089
2019:05:06 14:43:46 77004 13964.4258
2019:05:06 14:43:46 82699 5687.0878
2019:05:06 14:43:46 91310 6427.5116
2019:05:06 14:43:46 97560 4868.8129
2019:05:06 14:43:46 106976 7380.0981
2019:05:06 14:43:46 119167 11702.4258
2019:05:06 14:43:46 128610 7928.9749
2019:05:06 14:43:46 135547 6928.7457
2019:05:06 14:43:46 144132 5138.4270
2019:05:06 14:43:46 166377 18144.4585
2019:05:06 14:43:46 173989 6502.9152
2019:05:06 14:43:46 186806 10221.4515
2019:05:06 14:43:46 192882 5083.9633
2019:05:06 14:43:46 211230 15353.0128
2019:05:06 14:43:46 226054 14731.7834
2019:05:06 14:43:46 236298 9743.4931
2019:05:06 14:43:46 267835 31529.7283
2019:05:06 14:43:46 275605 6951.6376
2019:05:06 14:43:46 293223 7291.2574
2019:05:06 14:43:46 324345 30718.5687
2019:05:06 14:43:46 330085 4886.3068
2019:05:06 14:43:46 358337 27437.0685
2019:05:06 14:43:46 413354 53396.2063
2019:05:06 14:43:46 424994 11630.8518
2019:05:06 14:43:46 455068 5705.1703
2019:05:06 14:43:46 459392 2474.4719
2019:05:06 14:43:46 487668 28269.0749
2019:05:06 14:43:46 521373 33315.4313
2019:05:06 14:43:46 529829 6933.6668
2019:05:06 14:43:46 557363 27506.1354
2019:05:06 14:43:46 593354 34422.0288
2019:05:06 14:43:46 603973 10611.3851
2019:05:06 14:43:46 616343 6204.1730
2019:05:06 14:43:46 647020 29925.4879
2019:05:06 14:43:46 656398 8162.9716
2019:05:06 14:43:46 677347 7007.4908
2019:05:06 14:43:46 703521 23374.1663
2019:05:06 14:43:46 720308 15576.5526
2019:05:06 14:43:46 726439 4445.5789
2019:05:06 14:43:46 745566 16974.7025
2019:05:06 14:43:46 752926 5733.1286
2019:05:06 14:43:46 772153 18346.9467
2019:05:06 14:43:46 795140 21763.4365
2019:05:06 14:43:46 835826 39891.2430
2019:05:06 14:43:46 844828 7680.8259
2019:05:06 14:43:46 868991 22517.8972
2019:05:06 14:43:46 885807 16807.8505
2019:05:06 14:43:46 894804 7794.5665
2019:05:06 14:43:46 917332 22133.8160
2019:05:06 14:43:46 933110 15373.2672
2019:05:06 14:43:46 943794 9271.7595
2019:05:06 14:43:46 963061 18454.4437
2019:05:06 14:43:46 983129 17621.4352
2019:05:06 14:43:46 989693 5349.8223
2019:05:06 14:43:47 5379 14476.9214
2019:05:06 14:43:47 13946 5422.5959
2019:05:06 14:43:47 22951 8997.4292
2019:05:06 14:43:47 34035 8237.6897
2019:05:06 14:43:47 45801 8950.1552
2019:05:06 14:43:47 56037 6787.7546
2019:05:06 14:43:47 62619 6468.0129
2019:05:06 14:43:47 72028 7384.4045
2019:05:06 14:43:47 79406 4852.2986
2019:05:06 14:43:47 87155 5720.0901
2019:05:06 14:43:47 96189 4852.4812
2019:05:06 14:43:47 104783 6744.4183
2019:05:06 14:43:47 110554 3724.3590
2019:05:06 14:43:47 118700 7759.4928
2019:05:06 14:43:47 125717 4548.6316
2019:05:06 14:43:47 142077 14772.7169
2019:05:06 14:43:47 158851 14748.0555
2019:05:06 14:43:47 168270 8194.1374
2019:05:06 14:43:47 180964 11874.4746
2019:05:06 14:43:47 190793 9820.5619
2019:05:06 14:43:47 203904 6122.9728
2019:05:06 14:43:47 237158 31555.0268
2019:05:06 14:43:47 242825 3634.2181
2019:05:06 14:43:47 259229 13956.4984
2019:05:06 14:43:47 265334 4845.1759
2019:05:06 14:43:47 288670 22094.4323
2019:05:06 14:43:47 309985 18740.6465
2019:05:06 14:43:47 317465 5844.6005
2019:05:06 14:43:47 353695 23155.5179
2019:05:06 14:43:47 390291 35386.0818
2019:05:06 14:43:47 408719 17636.5003
2019:05:06 14:43:47 438215 20088.0393
2019:05:06 14:43:47 447613 8601.6208
2019:05:06 14:43:47 477920 29077.0084
2019:05:06 14:43:47 485759 5383.2382
2019:05:06 14:43:47 522164 34819.5322
2019:05:06 14:43:47 540588 6417.2707
2019:05:06 14:43:47 568785 10451.3019
2019:05:06 14:43:47 577992 4614.8039
2019:05:06 14:43:47 599206 18830.4633
2019:05:06 14:43:47 632885 31964.3691
2019:05:06 14:43:47 668607 33348.5678
2019:05:06 14:43:47 698489 8518.0625
2019:05:06 14:43:47 720982 22485.0960
2019:05:06 14:43:47 742296 19276.6488
2019:05:06 14:43:47 754991 9844.5415
2019:05:06 14:43:47 773423 16375.4113
2019:05:06 14:43:47 778742 4525.3113
2019:05:06 14:43:47 809869 29390.6331
2019:05:06 14:43:47 820096 8198.4065
2019:05:06 14:43:47 856134 9822.8678
2019:05:06 14:43:47 882352 25394.6297
2019:05:06 14:43:47 893414 7383.8234
2019:05:06 14:43:47 913884 7752.5936
2019:05:06 14:43:47 931095 15153.1361
2019:05:06 14:43:47 937648 4106.2012
2019:05:06 14:43:47 958955 18841.4529
2019:05:06 14:43:47 962610 2028.1002
2019:05:06 14:43:47 966717 3665.9725
2019:05:06 14:43:47 972062 3240.8088
2019:05:06 14:43:47 976565 3711.5887
2019:05:06 14:43:47 984746 7297.0800
2019:05:06 14:43:47 992921 7364.1352
2019:05:06 14:43:48 305 5749.1623
2019:05:06 14:43:48 7274 6151.9109
2019:05:06 14:43:48 18319 8597.3665
2019:05:06 14:43:48 23648 4904.7135
2019:05:06 14:43:48 32257 6957.5459
2019:05:06 14:43:48 39210 5736.9918
2019:05:06 14:43:48 47799 5321.8864
2019:05:06 14:43:48 55609 7396.7949
2019:05:06 14:43:48 60928 4110.0346
2019:05:06 14:43:48 67477 5741.1827
2019:05:06 14:43:48 89369 19419.5695
2019:05:06 14:43:48 95002 5624.3911
2019:05:06 14:43:48 107709 12327.3954
2019:05:06 14:43:48 116302 7352.6315
2019:05:06 14:43:48 130641 13539.9550
2019:05:06 14:43:48 147057 15606.8504
2019:05:06 14:43:48 155192 6566.0328
2019:05:06 14:43:48 185074 29507.2794
2019:05:06 14:43:48 189190 3285.5310
2019:05:06 14:43:48 191732 2533.9350
2019:05:06 14:43:48 207621 15882.1084
2019:05:06 14:43:48 218249 4333.5184
2019:05:06 14:43:48 250201 7775.0757
2019:05:06 14:43:48 281520 30104.3168
2019:05:06 14:43:48 288234 6704.0436
2019:05:06 14:43:48 307915 18869.7129
2019:05:06 14:43:48 314037 6095.1263
2019:05:06 14:43:48 332469 6524.2909
2019:05:06 14:43:48 343518 9000.6962
2019:05:06 14:43:48 355017 10654.4569
2019:05:06 14:43:48 374120 18302.6791
2019:05:06 14:43:48 412217 36475.9155
2019:05:06 14:43:48 446214 33198.7180
2019:05:06 14:43:48 463814 16803.0001
2019:05:06 14:43:48 484291 18212.5121
2019:05:06 14:43:48 510123 22960.0072
2019:05:06 14:43:48 533587 21026.7045
2019:05:06 14:43:48 582554 9392.5521
2019:05:06 14:43:48 604663 18940.2029
2019:05:06 14:43:48 629539 22837.8214
2019:05:06 14:43:48 651953 20399.3544
2019:05:06 14:43:48 662881 8468.5422
2019:05:06 14:43:48 669016 5145.8515
2019:05:06 14:43:48 680305 6738.3274
2019:05:06 14:43:48 734154 36021.5679
2019:05:06 14:43:48 757924 22146.8508
2019:05:06 14:43:48 778390 19252.5238
2019:05:06 14:43:48 789027 9809.6989
2019:05:06 14:43:48 814075 22993.4789
2019:05:06 14:43:48 824667 6152.1754
2019:05:06 14:43:48 841933 15562.0873
2019:05:06 14:43:48 850209 7022.8986
2019:05:06 14:43:48 868127 15542.6636
2019:05:06 14:43:48 892687 21736.0407
2019:05:06 14:43:48 938132 44577.9711
2019:05:06 14:43:48 970071 30330.3972
2019:05:06 14:43:48 987343 16061.2129
2019:05:06 14:43:48 997579 6150.8305
2019:05:06 14:43:49 34438 15974.5812
2019:05:06 14:43:49 43858 9009.8679
2019:05:06 14:43:49 61065 16352.3927
2019:05:06 14:43:49 67211 4919.5774
2019:05:06 14:43:49 90548 8979.3615
2019:05:06 14:43:49 108167 16808.5955
2019:05:06 14:43:49 115955 6547.1977
2019:05:06 14:43:49 124957 6145.4549
2019:05:06 14:43:49 135192 8600.6559
2019:05:06 14:43:49 144615 7777.1097
2019:05:06 14:43:49 153626 6127.1265
2019:05:06 14:43:49 161822 5340.6768
2019:05:06 14:43:49 172063 9435.6164
2019:05:06 14:43:49 181484 7380.6606
2019:05:06 14:43:49 190903 6564.2893
2019:05:06 14:43:49 201550 8193.0347
2019:05:06 14:43:49 210549 7370.7439
2019:05:06 14:43:49 221111 8617.5799
2019:05:06 14:43:49 242403 19655.6784
2019:05:06 14:43:49 257580 12314.2824
2019:05:06 14:43:49 262476 4498.8245
2019:05:06 14:43:49 270698 6582.9940
2019:05:06 14:43:49 283777 11051.2711
2019:05:06 14:43:49 297867 12751.6948
2019:05:06 14:43:49 334330 35259.8503
2019:05:06 14:43:49 344535 9432.0104
2019:05:06 14:43:49 365861 8567.3407
2019:05:06 14:43:49 395363 27833.5661
2019:05:06 14:43:49 404818 5809.0836
2019:05:06 14:43:49 442017 15262.6894
2019:05:06 14:43:49 451056 7354.3340
2019:05:06 14:43:49 470385 17715.9160
2019:05:06 14:43:49 490360 16351.8824
2019:05:06 14:43:49 503500 9482.3986
2019:05:06 14:43:49 512910 6913.5576
2019:05:06 14:43:49 520773 4223.2051
2019:05:06 14:43:49 530129 7309.2654
2019:05:06 14:43:49 539589 7852.8114
2019:05:06 14:43:49 546884 5269.7994
2019:05:06 14:43:49 558745 9422.6822
2019:05:06 14:43:49 568258 7786.6241
2019:05:06 14:43:49 575978 6002.2548
2019:05:06 14:43:49 582634 5880.8401
2019:05:06 14:43:49 591095 7685.4825
2019:05:06 14:43:49 600932 8146.4685
2019:05:06 14:43:49 608300 6547.2536
2019:05:06 14:43:49 631648 9978.2124
2019:05:06 14:43:49 643524 10252.6657
2019:05:06 14:43:49 651285 5714.5804
2019:05:06 14:43:49 665217 11459.1122
2019:05:06 14:43:49 673483 8257.8957
2019:05:06 14:43:49 689787 8152.7866
2019:05:06 14:43:49 718141 27060.2740
2019:05:06 14:43:49 725892 7360.7974
2019:05:06 14:43:49 741897 15179.0679
2019:05:06 14:43:49 749254 6531.8570
2019:05:06 14:43:49 774550 21176.5245
2019:05:06 14:43:49 792257 15553.3664
2019:05:06 14:43:49 813563 18856.9129
2019:05:06 14:43:49 822698 8166.4547
2019:05:06 14:43:49 844350 18919.5238
2019:05:06 14:43:49 906524 44530.4103
2019:05:06 14:43:49 912675 6121.1102
2019:05:06 14:43:49 920849 6956.1452
2019:05:06 14:43:49 957765 36504.9355
2019:05:06 14:43:49 971226 11868.9314
2019:05:06 14:43:49 988840 7330.1084
2019:05:06 14:43:50 21374 30890.4275
2019:05:06 14:43:50 35950 6533.1571
2019:05:06 14:43:50 57689 4324.3580
2019:05:06 14:43:50 69120 8993.3202
2019:05:06 14:43:50 92077 2712.2088
2019:05:06 14:43:50 99438 4067.2049
2019:05:06 14:43:50 126462 25387.9689
2019:05:06 14:43:50 145370 17680.2576
2019:05:06 14:43:50 153098 5753.3011
2019:05:06 14:43:50 161283 6552.7149
2019:05:06 14:43:50 181768 4401.5683
2019:05:06 14:43:50 212107 29113.5348
2019:05:06 14:43:50 219053 6145.8088
2019:05:06 14:43:50 241373 21078.1060
2019:05:06 14:43:50 254438 11081.3975
2019:05:06 14:43:50 277357 22121.9771
2019:05:06 14:43:50 305588 27825.7690
2019:05:06 14:43:50 313820 7383.2236
2019:05:06 14:43:50 341693 27863.9942
2019:05:06 14:43:50 365507 23803.4092
2019:05:06 14:43:50 390442 12306.7051
2019:05:06 14:43:50 404737 12693.0363
2019:05:06 14:43:50 421931 15962.1239
2019:05:06 14:43:50 450193 28233.8560
2019:05:06 14:43:50 459631 7799.4131
2019:05:06 14:43:50 490357 8206.1961
2019:05:06 14:43:50 521497 27068.2052
2019:05:06 14:43:50 530062 7776.2008
2019:05:06 14:43:50 565710 35218.8163
2019:05:06 14:43:50 588233 20489.6256
2019:05:06 14:43:50 606302 15621.7106
2019:05:06 14:43:50 614089 6579.9393
2019:05:06 14:43:50 636560 7365.3795
2019:05:06 14:43:50 674658 5749.3225
2019:05:06 14:43:50 693509 16818.6724
2019:05:06 14:43:50 700050 3692.5822
2019:05:06 14:43:50 720523 19248.9028
2019:05:06 14:43:50 750030 28268.8402
2019:05:06 14:43:50 759876 8636.3107
2019:05:06 14:43:50 782413 21344.9262
2019:05:06 14:43:50 801217 16378.5815
2019:05:06 14:43:50 822307 18642.5038
2019:05:06 14:43:50 833376 9045.2470
2019:05:06 14:43:50 841977 6162.2225
2019:05:06 14:43:50 847268 4482.4071
2019:05:06 14:43:50 859972 9012.9487
2019:05:06 14:43:50 867746 6955.7242
2019:05:06 14:43:50 884555 16395.4943
2019:05:06 14:43:50 892327 7758.7813
2019:05:06 14:43:50 905380 12225.5608
2019:05:06 14:43:50 914885 6963.1115
2019:05:06 14:43:50 925167 9066.9468
2019:05:06 14:43:50 933314 6946.3886
2019:05:06 14:43:50 944027 9502.4556
2019:05:06 14:43:50 952268 7903.8590
2019:05:06 14:43:50 959920 7642.3287
2019:05:06 14:43:50 978018 17199.9522
2019:05:06 14:43:50 988618 9030.0255
2019:05:06 14:43:51 3344 14717.9104
2019:05:06 14:43:51 13279 8209.6681
2019:05:06 14:43:51 28727 6128.0578
2019:05:06 14:43:51 47285 9515.5798
2019:05:06 14:43:51 80359 31074.7810
2019:05:06 14:43:51 109428 27440.8050
2019:05:06 14:43:51 117231 7399.8608
2019:05:06 14:43:51 146284 28277.8367
2019:05:06 14:43:51 156523 7800.7802
2019:05:06 14:43:51 173707 16369.4844
2019:05:06 14:43:51 180282 6558.3959
2019:05:06 14:43:51 198697 17208.8817
2019:05:06 14:43:51 205666 5333.8408
2019:05:06 14:43:51 213869 3271.3674
2019:05:06 14:43:51 232708 17217.6398
2019:05:06 14:43:51 241695 7367.0484
2019:05:06 14:43:51 281446 6960.8800
2019:05:06 14:43:51 291605 8940.3316
2019:05:06 14:43:51 327767 4942.0632
2019:05:06 14:43:51 335975 4978.5785
2019:05:06 14:43:51 358873 8214.4924
2019:05:06 14:43:51 374429 14639.7315
2019:05:06 14:43:51 398258 21726.3028
2019:05:06 14:43:51 441245 41748.5759
2019:05:06 14:43:51 444936 3682.0844
2019:05:06 14:43:51 454740 9364.7428
2019:05:06 14:43:51 478924 23339.4243
2019:05:06 14:43:51 496955 17416.6970
2019:05:06 14:43:51 504757 5346.6000
2019:05:06 14:43:51 524810 6955.1468
2019:05:06 14:43:51 541659 15214.7412
2019:05:06 14:43:51 550880 6976.0047
2019:05:06 14:43:51 571768 19256.0479
2019:05:06 14:43:51 590227 16831.6141
2019:05:06 14:43:51 602091 10261.3270
2019:05:06 14:43:51 616437 12735.3519
2019:05:06 14:43:51 628296 11060.5024
2019:05:06 14:43:51 633217 3673.7807
2019:05:06 14:43:51 638535 4623.4913
2019:05:06 14:43:51 646772 6532.2928
2019:05:06 14:43:51 656150 7783.5806
2019:05:06 14:43:51 666799 8480.1465
2019:05:06 14:43:51 677862 8046.3141
2019:05:06 14:43:51 687282 7758.6174
2019:05:06 14:43:51 693978 5891.1815
2019:05:06 14:43:51 704488 10502.4390
2019:05:06 14:43:51 712684 5716.9087
2019:05:06 14:43:51 723760 9382.2517
2019:05:06 14:43:51 737248 12248.6651
2019:05:06 14:43:51 751922 6089.4415
2019:05:06 14:43:51 767151 12290.4330
2019:05:06 14:43:51 778646 8497.1115
2019:05:06 14:43:51 790133 10701.0901
2019:05:06 14:43:51 797879 5338.2143
2019:05:06 14:43:51 811895 5763.9852
2019:05:06 14:43:51 843967 29219.1580
2019:05:06 14:43:51 852633 7078.5582
2019:05:06 14:43:51 875464 9437.2630
2019:05:06 14:43:51 902046 7765.3714
2019:05:06 14:43:51 922582 8249.7559
2019:05:06 14:43:51 950017 23763.6156
2019:05:06 14:43:51 973266 22061.9999
2019:05:06 14:43:52 12962 39321.3481
2019:05:06 14:43:52 20368 5355.7232
2019:05:06 14:43:52 52301 31140.9608
2019:05:06 14:43:52 84335 26954.8893
2019:05:06 14:43:52 89926 4775.3863
2019:05:06 14:43:52 119554 28302.0250
2019:05:06 14:43:52 141638 18825.0951
2019:05:06 14:43:52 150588 7786.7582
2019:05:06 14:43:52 174134 22305.5109
2019:05:06 14:43:52 185061 9016.7113
2019:05:06 14:43:52 205611 16936.8908
2019:05:06 14:43:52 274299 64382.6388
2019:05:06 14:43:52 302538 26622.3252
2019:05:06 14:43:52 326302 18848.3559
2019:05:06 14:43:52 346398 16829.3864
2019:05:06 14:43:52 354563 6152.1456
2019:05:06 14:43:52 368881 6116.3008
2019:05:06 14:43:52 388984 19694.6710
2019:05:06 14:43:52 404945 15952.5536
2019:05:06 14:43:52 430748 17200.7345
2019:05:06 14:43:52 436888 5329.9516
2019:05:06 14:43:52 471047 29645.5696
2019:05:06 14:43:52 501747 29511.8541
2019:05:06 14:43:52 510346 7821.1762
2019:05:06 14:43:52 531515 20081.8740
2019:05:06 14:43:52 550070 16157.0907
2019:05:06 14:43:52 559869 8714.4226
2019:05:06 14:43:52 569601 8946.6646
2019:05:06 14:43:52 585996 14355.9128
2019:05:06 14:43:52 592944 5741.1827
2019:05:06 14:43:52 626102 32746.4938
2019:05:06 14:43:52 659696 32781.4557
2019:05:06 14:43:52 666647 5328.2976
2019:05:06 14:43:52 688782 20489.5958
2019:05:06 14:43:52 705586 16393.7323
2019:05:06 14:43:52 713360 5752.2841
2019:05:06 14:43:52 737090 7729.5303
2019:05:06 14:43:52 785430 6544.7763
2019:05:06 14:43:52 810465 23790.7395
2019:05:06 14:43:52 829745 18046.2822
2019:05:06 14:43:52 837500 5741.1157
2019:05:06 14:43:52 873568 15566.0510
2019:05:06 14:43:52 882554 8185.6102
2019:05:06 14:43:52 907541 24147.9725
2019:05:06 14:43:52 928858 21302.0518
2019:05:06 14:43:52 946054 15569.9179
2019:05:06 14:43:52 955091 8211.0614
2019:05:06 14:43:52 963277 7361.6244
2019:05:06 14:43:52 970655 5337.3724
2019:05:06 14:43:52 979667 7393.1217
2019:05:06 14:43:52 988675 7778.6148
2019:05:06 14:43:52 995220 4061.1625
2019:05:06 14:43:53 7922 9021.4014
2019:05:06 14:43:53 14478 5751.9190
2019:05:06 14:43:53 22656 6968.1033
2019:05:06 14:43:53 27584 4116.8407
2019:05:06 14:43:53 34543 5750.1160
2019:05:06 14:43:53 43970 9029.2282
2019:05:06 14:43:53 52550 6961.9641
2019:05:06 14:43:53 61974 9013.1424
2019:05:06 14:43:53 87034 23831.7288
2019:05:06 14:43:53 100181 11467.6394
2019:05:06 14:43:53 109105 5331.0581
2019:05:06 14:43:53 124235 13526.1454
2019:05:06 14:43:53 137790 12665.4990
2019:05:06 14:43:53 145946 6465.8932
2019:05:06 14:43:53 173826 26636.5483
2019:05:06 14:43:53 182436 7403.7239
2019:05:06 14:43:53 203706 20060.7330
2019:05:06 14:43:53 209057 4125.1183
2019:05:06 14:43:53 246005 15619.3189
2019:05:06 14:43:53 254903 8175.5817
2019:05:06 14:43:53 276223 20517.0251
2019:05:06 14:43:53 337355 61116.4793
2019:05:06 14:43:53 376975 39611.5892
2019:05:06 14:43:53 418757 41760.5489
2019:05:06 14:43:53 424923 5755.9870
2019:05:06 14:43:53 465226 15862.6176
2019:05:06 14:43:53 487759 6397.8508
2019:05:06 14:43:53 494730 4922.1851
2019:05:06 14:43:53 518691 5328.3200
2019:05:06 14:43:53 526877 5757.9651
2019:05:06 14:43:53 549808 22277.8097
2019:05:06 14:43:53 556774 6144.4864
2019:05:06 14:43:53 577353 20569.4661
2019:05:06 14:43:53 585850 8488.4763
2019:05:06 14:43:53 609362 21070.7001
2019:05:06 14:43:53 615749 4512.1983
2019:05:06 14:43:53 625181 6171.1036
2019:05:06 14:43:53 648865 7501.4941
2019:05:06 14:43:53 675506 23774.1210
2019:05:06 14:43:53 711123 35610.2958
2019:05:06 14:43:53 720124 8592.3299
2019:05:06 14:43:53 749219 3861.4720
2019:05:06 14:43:53 781367 30104.0262
2019:05:06 14:43:53 853355 35990.0557
2019:05:06 14:43:53 863085 9721.0817
2019:05:06 14:43:53 898316 33599.0489
2019:05:06 14:43:53 922048 22524.5059
2019:05:06 14:43:53 957712 35259.1574
2019:05:06 14:43:54 13359 31997.1517
2019:05:06 14:43:54 45363 31995.9782
2019:05:06 14:43:54 77360 26653.0998
2019:05:06 14:43:54 109378 32010.8421
2019:05:06 14:43:54 153070 7710.3376
2019:05:06 14:43:54 181376 25447.9609
2019:05:06 14:43:54 221726 28642.2744
2019:05:06 14:43:54 253370 30023.4407
2019:05:06 14:43:54 321373 32014.4296
2019:05:06 14:43:54 353372 29253.4530
2019:05:06 14:43:54 385364 23947.6375
2019:05:06 14:43:54 413382 22909.7158
2019:05:06 14:43:54 425278 9415.9730
2019:05:06 14:43:54 447817 19247.4984
2019:05:06 14:43:54 453137 5306.0316
2019:05:06 14:43:54 525361 49971.4836
2019:05:06 14:43:54 561371 36001.4178
2019:05:06 14:43:54 572319 6959.3787
2019:05:06 14:43:54 600997 27859.8294
2019:05:06 14:43:54 641544 8181.2181
2019:05:06 14:43:54 672669 29489.2341
2019:05:06 14:43:54 679638 6567.9140
2019:05:06 14:43:54 708313 27030.3264
2019:05:06 14:43:54 716096 6986.0741
2019:05:06 14:43:54 747690 30383.6949
2019:05:06 14:43:54 753427 5334.3177
2019:05:06 14:43:54 758757 5316.6971
2019:05:06 14:43:54 781281 21306.4179
2019:05:06 14:43:54 788234 5730.2602
2019:05:06 14:43:54 809367 19890.1966
2019:05:06 14:43:54 824700 7324.8297
2019:05:06 14:43:54 846030 4666.6227
2019:05:06 14:43:54 856228 6957.5161
2019:05:06 14:43:54 879992 6626.6134
2019:05:06 14:43:54 886140 4107.8366
2019:05:06 14:43:54 917269 29912.5016
2019:05:06 14:43:54 925063 6170.3846
2019:05:06 14:43:54 981376 32010.8943
2019:05:06 14:43:54 994267 8203.5288
2019:05:06 14:43:55 36448 40547.9297
2019:05:06 14:43:55 105356 67278.8024
2019:05:06 14:43:55 130054 24689.3652
2019:05:06 14:43:55 161164 29916.2492
2019:05:06 14:43:55 193366 31403.3106
2019:05:06 14:43:55 233637 31509.0530
2019:05:06 14:43:55 257369 23308.0946
2019:05:06 14:43:55 268474 8623.8272
2019:05:06 14:43:55 289367 19681.5282
2019:05:06 14:43:55 299993 6548.1998
2019:05:06 14:43:55 325142 21703.5338
2019:05:06 14:43:55 331297 5337.4507
2019:05:06 14:43:55 353355 20426.0908
2019:05:06 14:43:55 360514 7150.6724
2019:05:06 14:43:55 367473 5325.2913
2019:05:06 14:43:55 385372 17495.6322
2019:05:06 14:43:55 392871 6141.8153
2019:05:06 14:43:55 423189 24157.5204
2019:05:06 14:43:55 449359 24966.5603
2019:05:06 14:43:55 485358 35990.7262
2019:05:06 14:43:55 521359 35994.0827
2019:05:06 14:43:55 557358 35991.5607
2019:05:06 14:43:55 593368 35997.7521
2019:05:06 14:43:55 603968 6518.1181
2019:05:06 14:43:55 666619 61440.1400
2019:05:06 14:43:55 675632 7778.2050
2019:05:06 14:43:55 701851 8492.7306
2019:05:06 14:43:55 727662 22545.2073
2019:05:06 14:43:55 766594 38925.7297
2019:05:06 14:43:55 789366 21573.7447
2019:05:06 14:43:55 799317 7764.6226
2019:05:06 14:43:55 821375 21629.0653
2019:05:06 14:43:55 830856 8569.9968
2019:05:06 14:43:55 857368 24850.0519
2019:05:06 14:43:55 893369 32547.4888
2019:05:06 14:43:55 904835 7377.2930
2019:05:06 14:43:55 933076 3718.6779
2019:05:06 14:43:55 941301 5762.0257
2019:05:06 14:43:55 972989 7632.0097
2019:05:06 14:43:56 3930 28905.1384
2019:05:06 14:43:56 37365 33034.7233
2019:05:06 14:43:56 73369 34627.4078
2019:05:06 14:43:56 105354 30157.4469
2019:05:06 14:43:56 141359 35994.0566
2019:05:06 14:43:56 173362 31996.2054
2019:05:06 14:43:56 237359 63990.3992
2019:05:06 14:43:56 269778 32411.1544
2019:05:06 14:43:56 278758 7782.0234
2019:05:06 14:43:56 308682 29914.4350
2019:05:06 14:43:56 315621 6535.4258
2019:05:06 14:43:56 348808 32775.9013
2019:05:06 14:43:56 401370 50512.8689
2019:05:06 14:43:56 415387 14008.8834
2019:05:06 14:43:56 421727 2481.6096
2019:05:06 14:43:56 477378 27779.0576
2019:05:06 14:43:56 521635 44249.0317
2019:05:06 14:43:56 546213 23341.1267
2019:05:06 14:43:56 573357 26336.8748
2019:05:06 14:43:56 641356 67989.1333
2019:05:06 14:43:56 677367 36000.3486
2019:05:06 14:43:56 749355 35989.5639
2019:05:06 14:43:56 759481 10117.6873
2019:05:06 14:43:56 793895 8531.5965
2019:05:06 14:43:56 821367 26668.1984
2019:05:06 14:43:56 905720 40356.9788
2019:05:06 14:43:56 921375 14441.3374
2019:05:06 14:43:56 955680 25389.6974
2019:05:06 14:43:56 961813 6126.3517
2019:05:06 14:43:56 985371 23145.3702
2019:05:06 14:43:57 17371 29748.2610
2019:05:06 14:43:57 97369 36010.9992
2019:05:06 14:43:57 135893 26979.0776
2019:05:06 14:43:57 169360 33070.7654
2019:05:06 14:43:57 209713 40345.0057
2019:05:06 14:43:57 238819 27894.4261
2019:05:06 14:43:57 265375 25353.6999
2019:05:06 14:43:57 329356 31984.4559
2019:05:06 14:43:57 361366 31999.8786
2019:05:06 14:43:57 417519 43132.5920
2019:05:06 14:43:57 441369 23458.0413
2019:05:06 14:43:57 513354 35992.3653
2019:05:06 14:43:57 524409 11046.7076
2019:05:06 14:43:57 587482 38120.0686
2019:05:06 14:43:57 595272 5321.2345
2019:05:06 14:43:57 657380 32021.8839
2019:05:06 14:43:57 669026 7776.0145
2019:05:06 14:43:57 700160 10792.2591
2019:05:06 14:43:57 721891 19284.0397
2019:05:06 14:43:57 769416 45908.7938
2019:05:06 14:43:57 805046 34851.3685
2019:05:06 14:43:57 861365 36002.7030
2019:05:06 14:43:57 904951 7587.5074
2019:05:06 14:43:57 936894 30220.4229
2019:05:06 14:43:57 969354 32443.6612
2019:05:06 14:43:58 41359 71997.1322
2019:05:06 14:43:58 85200 43831.0243
2019:05:06 14:43:58 92562 6549.9321
2019:05:06 14:43:58 122062 12702.3458
2019:05:06 14:43:58 141371 18897.1944
2019:05:06 14:43:58 149522 5753.0515
2019:05:06 14:43:58 177024 26712.1196
2019:05:06 14:43:58 181521 4112.0015
2019:05:06 14:43:58 214309 32392.3118
2019:05:06 14:43:58 237370 22279.3147
2019:05:06 14:43:58 305354 35991.9444
2019:05:06 14:43:58 317119 11754.3563
2019:05:06 14:43:58 348250 6891.5151
2019:05:06 14:43:58 381039 31555.6191
2019:05:06 14:43:58 413379 31958.6843
2019:05:06 14:43:58 465368 36005.1990
2019:05:06 14:43:58 477067 7154.0289
2019:05:06 14:43:58 509417 8053.6976
2019:05:06 14:43:58 534397 22944.5063
2019:05:06 14:43:58 563480 28678.0596
2019:05:06 14:43:58 597917 32393.1351
2019:05:06 14:43:58 605280 6165.1319
2019:05:06 14:43:58 657379 32021.5039
2019:05:06 14:43:58 693313 23708.4515
2019:05:06 14:43:58 702738 8609.3657
2019:05:06 14:43:58 753355 49793.4036
2019:05:06 14:43:58 825361 71994.6362
2019:05:06 14:43:58 836680 11311.6428
2019:05:06 14:43:58 897369 36007.7135
2019:05:06 14:43:58 928424 18414.2664
2019:05:06 14:43:58 957523 28680.7232
2019:05:06 14:43:58 964877 6560.9962
2019:05:06 14:43:58 994377 29494.3005
2019:05:06 14:43:59 3392 7800.9292
2019:05:06 14:43:59 28800 25006.0111
2019:05:06 14:43:59 66080 36444.9993
2019:05:06 14:43:59 95185 27878.7799
2019:05:06 14:43:59 100494 4114.3820
2019:05:06 14:43:59 125370 24868.8906
2019:05:06 14:43:59 133264 4930.3547
2019:05:06 14:43:59 157370 23309.1339
2019:05:06 14:43:59 166431 7383.3689
2019:05:06 14:43:59 193367 25649.6519
2019:05:06 14:43:59 200830 6551.3626
2019:05:06 14:43:59 229365 26497.6881
2019:05:06 14:43:59 301354 31994.4099
2019:05:06 14:43:59 333376 32011.9485
2019:05:06 14:43:59 397443 32080.8850
2019:05:06 14:43:59 412575 13109.0805
2019:05:06 14:43:59 434315 21704.8787
2019:05:06 14:43:59 461370 25821.5331
2019:05:06 14:43:59 496970 22516.3512
2019:05:06 14:43:59 505961 8983.8095
2019:05:06 14:43:59 525368 18999.3270
2019:05:06 14:43:59 536273 9638.3765
2019:05:06 14:43:59 557373 20285.4313
2019:05:06 14:43:59 571674 9749.0512
2019:05:06 14:43:59 593052 20897.4890
2019:05:06 14:43:59 627031 33578.5411
2019:05:06 14:43:59 636046 8197.3374
2019:05:06 14:43:59 669232 15871.9569
2019:05:06 14:43:59 717372 32005.4069
2019:05:06 14:43:59 781372 32010.8607
2019:05:06 14:43:59 813369 29619.4963
2019:05:06 14:43:59 828406 6930.0048
2019:05:06 14:43:59 891726 45682.6687
2019:05:06 14:43:59 904007 6639.2086
2019:05:06 14:43:59 953362 48526.4026
2019:05:06 14:43:59 990257 36886.5393
2019:05:06 14:44:00 19328 27864.9144
2019:05:06 14:44:00 25041 4927.8848
2019:05:06 14:44:00 64362 7004.0450
2019:05:06 14:44:00 72148 5340.9860
2019:05:06 14:44:00 95894 6531.0821
2019:05:06 14:44:00 103495 7194.3365
2019:05:06 14:44:00 113751 9208.2955
2019:05:06 14:44:00 119491 4523.5343
2019:05:06 14:44:00 141363 21478.8765
2019:05:06 14:44:00 151419 8163.9662
2019:05:06 14:44:00 173375 20307.5148
2019:05:06 14:44:00 180502 4511.5463
2019:05:06 14:44:00 213701 32797.1987
2019:05:06 14:44:00 219014 5299.6762
2019:05:06 14:44:00 243162 5805.6973
2019:05:06 14:44:00 269365 24142.7235
2019:05:06 14:44:00 341378 36015.6298
2019:05:06 14:44:00 387890 6527.7591
2019:05:06 14:44:00 396488 6966.3376
2019:05:06 14:44:00 430487 15112.1616
2019:05:06 14:44:00 453838 23339.1635
2019:05:06 14:44:00 461614 6557.4162
2019:05:06 14:44:00 481383 17734.9895
2019:05:06 14:44:00 490718 5735.4197
2019:05:06 14:44:00 496446 5324.0731
2019:05:06 14:44:00 518977 5619.7010
2019:05:06 14:44:00 545368 25159.2994
2019:05:06 14:44:00 553886 6599.4561
2019:05:06 14:44:00 578004 21330.0958
2019:05:06 14:44:00 609354 30130.2411
2019:05:06 14:44:00 645354 35991.1546
2019:05:06 14:44:00 681361 35999.4061
2019:05:06 14:44:00 717359 35991.0354
2019:05:06 14:44:00 725031 7664.4681
2019:05:06 14:44:00 753365 27440.3319
2019:05:06 14:44:00 789354 33543.2589
2019:05:06 14:44:00 799711 10347.0199
2019:05:06 14:44:00 834939 34844.0520
2019:05:06 14:44:00 875055 39322.5402
2019:05:06 14:44:00 905366 29490.1989
2019:05:06 14:44:00 941368 32324.7463
2019:05:06 14:44:00 977369 27574.3455
2019:05:06 14:44:00 984567 6138.6488
2019:05:06 14:44:01 18824 5467.4968
2019:05:06 14:44:01 45359 25702.6739
2019:05:06 14:44:01 109364 63997.5071
2019:05:06 14:44:01 154686 45312.7399
2019:05:06 14:44:01 177632 21723.9372
2019:05:06 14:44:01 185776 6948.6685
2019:05:06 14:44:01 213288 25011.6847
2019:05:06 14:44:01 220623 6561.5028
2019:05:06 14:44:01 269368 32006.0588
2019:05:06 14:44:01 341368 36010.4926
2019:05:06 14:44:01 377365 31396.7392
2019:05:06 14:44:01 409370 29978.8751
2019:05:06 14:44:01 453931 36436.9974
2019:05:06 14:44:01 490022 35680.4840
2019:05:06 14:44:01 515372 24161.3872
2019:05:06 14:44:01 545359 27921.4159
2019:05:06 14:44:01 577364 31995.9112
2019:05:06 14:44:01 583931 6559.4055
2019:05:06 14:44:01 609358 25421.4294
2019:05:06 14:44:01 673359 63993.3534
2019:05:06 14:44:01 684279 10910.8090
2019:05:06 14:44:01 729360 42638.3093
2019:05:06 14:44:01 769048 39679.9594
2019:05:06 14:44:01 777249 6961.5170
2019:05:06 14:44:01 808393 7035.3039
2019:05:06 14:44:01 846079 7772.8033
2019:05:06 14:44:01 909360 36003.4183
2019:05:06 14:44:01 949296 39928.7939
2019:05:06 14:44:01 997222 47112.3829
2019:05:06 14:44:02 17373 17290.0371
2019:05:06 14:44:02 49370 19746.4302
2019:05:06 14:44:02 109373 32010.3727
2019:05:06 14:44:02 141372 29472.8801
2019:05:06 14:44:02 156544 6515.8010
2019:05:06 14:44:02 185655 29100.0903
2019:05:06 14:44:02 221292 34442.2981
2019:05:06 14:44:02 269373 36012.4744
2019:05:06 14:44:02 309069 9681.8693
2019:05:06 14:44:02 332826 7457.2377
2019:05:06 14:44:02 371385 35300.2027
2019:05:06 14:44:02 405360 33967.3609
2019:05:06 14:44:02 481359 75991.1872
2019:05:06 14:44:02 491654 10288.1752
2019:05:06 14:44:02 520323 28650.7942
2019:05:06 14:44:02 556042 34084.9347
2019:05:06 14:44:02 625358 69303.7584
2019:05:06 14:44:02 665381 40014.9450
2019:05:06 14:44:02 689371 23159.5747
2019:05:06 14:44:02 725366 33341.5344
2019:05:06 14:44:02 736959 6138.6004
2019:05:06 14:44:02 797372 36008.2611
2019:05:06 14:44:02 869379 36013.3499
2019:05:06 14:44:02 892108 6745.8376
2019:05:06 14:44:02 921602 28675.7499
2019:05:06 14:44:02 949367 27758.3785
2019:05:06 14:44:02 985354 34279.9611
2019:05:06 14:44:03 21365 36000.7994
2019:05:06 14:44:03 53365 30577.9353
2019:05:06 14:44:03 89938 4577.9012
2019:05:06 14:44:03 153359 60157.7424
2019:05:06 14:44:03 209355 55988.1143
2019:05:06 14:44:03 216048 6686.0691
2019:05:06 14:44:03 273366 31997.2411
2019:05:06 14:44:03 309881 31525.4889
2019:05:06 14:44:03 333373 23087.3749
2019:05:06 14:44:03 409374 40006.5184
2019:05:06 14:44:03 448736 7377.8592
2019:05:06 14:44:03 477426 4068.7025
2019:05:06 14:44:03 508935 28663.2627
2019:05:06 14:44:03 513877 3714.3752
2019:05:06 14:44:03 541365 26259.7948
2019:05:06 14:44:03 549902 5328.5472
2019:05:06 14:44:03 583887 33147.6852
2019:05:06 14:44:03 613366 28241.3214
2019:05:06 14:44:03 645353 29513.0126
2019:05:06 14:44:03 680962 35599.7011
2019:05:06 14:44:03 715365 33183.4741
2019:05:06 14:44:03 749359 33988.2337
2019:05:06 14:44:03 755926 6557.7999
2019:05:06 14:44:03 813360 57428.0508
2019:05:06 14:44:03 848897 35529.8258
2019:05:06 14:44:03 913360 63244.0448
2019:05:06 14:44:03 961356 47988.3738
2019:05:06 14:44:03 970542 9176.8131
2019:05:06 14:44:04 33362 61991.3265
2019:05:06 14:44:04 74199 40821.0941
2019:05:06 14:44:04 80300 5732.4991
2019:05:06 14:44:04 113496 4139.1663
2019:05:06 14:44:04 181358 35998.3705
2019:05:06 14:44:04 226178 44811.6921
2019:05:06 14:44:04 245379 17625.4772
2019:05:06 14:44:04 261378 8021.2392
2019:05:06 14:44:04 272428 7329.1510
2019:05:06 14:44:04 293373 20933.0283
2019:05:06 14:44:04 337355 42289.7190
2019:05:06 14:44:04 369650 32284.6137
2019:05:06 14:44:04 381373 10520.6594
2019:05:06 14:44:04 422476 9113.0100
2019:05:06 14:44:04 445368 22085.3463
2019:05:06 14:44:04 481366 27331.5944
2019:05:06 14:44:04 517364 27701.4524
2019:05:06 14:44:04 562165 35639.8337
2019:05:06 14:44:04 591644 28658.1516
2019:05:06 14:44:04 625358 33707.1046
2019:05:06 14:44:04 681359 55992.9833
2019:05:06 14:44:04 716567 35200.8343
2019:05:06 14:44:04 750137 33180.8850
2019:05:06 14:44:04 780052 29090.0394
2019:05:06 14:44:04 788635 5316.5890
2019:05:06 14:44:04 841360 31997.4832
2019:05:06 14:44:04 855415 14048.0436
2019:05:06 14:44:04 877515 20902.2425
2019:05:06 14:44:04 884481 6154.9209
2019:05:06 14:44:04 909058 22945.7691
2019:05:06 14:44:04 917234 6143.5811
2019:05:06 14:44:04 938130 8769.6575
2019:05:06 14:44:04 965369 26430.7074
2019:05:06 14:44:05 1354 34546.0102
2019:05:06 14:44:05 11456 10094.6054
2019:05:06 14:44:05 41380 29092.2187
2019:05:06 14:44:05 73354 30369.8592
2019:05:06 14:44:05 83946 10582.8308
2019:05:06 14:44:05 141359 31994.9538
2019:05:06 14:44:05 173367 32000.6944
2019:05:06 14:44:05 184744 8210.9347
2019:05:06 14:44:05 237366 32001.8753
2019:05:06 14:44:05 277908 8544.8213
2019:05:06 14:44:05 303289 22514.5184
2019:05:06 14:44:05 345099 11736.3445
2019:05:06 14:44:05 391422 43478.5672
2019:05:06 14:44:05 415140 22544.0301
2019:05:06 14:44:05 443790 26625.3203
2019:05:06 14:44:05 449518 5716.9050
2019:05:06 14:44:05 481473 30724.8719
2019:05:06 14:44:05 513367 31886.7154
2019:05:06 14:44:05 517936 2483.5654
2019:05:06 14:44:05 522841 4088.9420
2019:05:06 14:44:05 553002 28541.0769
2019:05:06 14:44:05 557104 3289.0774
2019:05:06 14:44:05 579198 8606.8809
2019:05:06 14:44:05 593537 12711.2716
2019:05:06 14:44:05 602491 5689.0845
2019:05:06 14:44:05 614010 11505.6373
2019:05:06 14:44:05 618521 3269.8400
2019:05:06 14:44:05 631649 12303.6429
2019:05:06 14:44:05 638614 5758.6581
2019:05:06 14:44:05 668087 28684.4559
2019:05:06 14:44:05 693359 23231.5771
2019:05:06 14:44:05 699614 6248.3102
2019:05:06 14:44:05 725371 24110.5966
2019:05:06 14:44:05 761513 24173.0511
2019:05:06 14:44:05 792595 29909.6592
2019:05:06 14:44:05 861354 68367.2167
2019:05:06 14:44:05 889675 28312.4149
2019:05:06 14:44:05 901147 10920.6289
2019:05:06 14:44:05 961370 40007.6397
2019:05:06 14:44:05 971679 6127.5400
2019:05:06 14:44:06 34065 61567.7685
2019:05:06 14:44:06 49361 15282.9029
2019:05:06 14:44:06 89375 40006.1160
2019:05:06 14:44:06 95902 5732.8641
2019:05:06 14:44:06 157355 61049.7110
2019:05:06 14:44:06 165538 8175.2501
2019:05:06 14:44:06 193354 27809.4448
2019:05:06 14:44:06 203073 9710.0958
2019:05:06 14:44:06 234190 29904.2314
2019:05:06 14:44:06 265356 29535.0030
2019:05:06 14:44:06 274329 8963.4024
2019:05:06 14:44:06 305889 29905.5390
2019:05:06 14:44:06 312837 5748.7190
2019:05:06 14:44:06 341109 27879.8789
2019:05:06 14:44:06 348880 6958.8386
2019:05:06 14:44:06 380831 7472.5710
2019:05:06 14:44:06 401366 18895.0896
2019:05:06 14:44:06 437355 33167.3250
2019:05:06 14:44:06 445129 7764.2053
2019:05:06 14:44:06 479146 34010.8648
2019:05:06 14:44:06 511079 30319.8434
2019:05:06 14:44:06 545355 32655.7346
2019:05:06 14:44:06 597383 52019.7265
2019:05:06 14:44:06 633376 33441.3648
2019:05:06 14:44:06 680635 11271.6071
2019:05:06 14:44:06 741354 36000.6802
2019:05:06 14:44:06 777364 36001.3470
2019:05:06 14:44:06 813372 34439.7984
2019:05:06 14:44:06 889370 36008.7231
2019:05:06 14:44:06 898941 6555.4865
2019:05:06 14:44:06 961355 61600.5212
2019:05:06 14:44:07 33360 71994.8150
2019:05:06 14:44:07 97367 63998.8966
2019:05:06 14:44:07 137577 40203.6533
2019:05:06 14:44:07 169367 31783.0555
2019:05:06 14:44:07 176888 5350.9399
2019:05:06 14:44:07 208409 28667.0178
2019:05:06 14:44:07 217413 8997.3174
2019:05:06 14:44:07 240380 21316.6997
2019:05:06 14:44:07 248141 6154.9246
2019:05:06 14:44:07 272321 21727.2006
2019:05:06 14:44:07 306061 33341.8325
2019:05:06 14:44:07 333368 26653.1296
2019:05:06 14:44:07 365368 29131.4460
2019:05:06 14:44:07 404639 7272.6049
2019:05:06 14:44:07 437359 32321.4158
2019:05:06 14:44:07 478771 41403.7034
2019:05:06 14:44:07 509365 29787.2201
2019:05:06 14:44:07 581375 36015.7155
2019:05:06 14:44:07 617371 34028.9995
2019:05:06 14:44:07 653368 31093.1914
2019:05:06 14:44:07 689375 33543.8363
2019:05:06 14:44:07 703365 9013.2989
2019:05:06 14:44:07 726298 22134.2407
2019:05:06 14:44:07 735305 8199.6247
2019:05:06 14:44:07 757000 20891.1262
2019:05:06 14:44:07 763142 6124.7274
2019:05:06 14:44:07 797367 30129.3321
2019:05:06 14:44:07 806560 6544.5863
2019:05:06 14:44:07 838508 29899.7387
2019:05:06 14:44:07 869367 30044.9617
2019:05:06 14:44:07 905354 31608.9168
2019:05:06 14:44:07 941355 35991.7358
2019:05:06 14:44:07 977371 36006.7897
2019:05:06 14:44:08 9372 28623.8268
2019:05:06 14:44:08 17618 6134.7410
2019:05:06 14:44:08 57022 19581.5861
2019:05:06 14:44:08 77934 17302.9639
2019:05:06 14:44:08 86419 7514.7040
2019:05:06 14:44:08 108991 21682.4375
2019:05:06 14:44:08 116363 6554.8345
2019:05:06 14:44:08 125792 8196.4917
2019:05:06 14:44:08 131117 3702.3947
2019:05:06 14:44:08 138893 6960.2393
2019:05:06 14:44:08 144210 4442.5949
2019:05:06 14:44:08 149134 4512.4106
2019:05:06 14:44:08 157350 5361.7656
2019:05:06 14:44:08 164723 6578.8701
2019:05:06 14:44:08 170020 3685.6011
2019:05:06 14:44:08 175774 5333.1591
2019:05:06 14:44:08 205368 27137.9128
2019:05:06 14:44:08 219186 11083.5731
2019:05:06 14:44:08 245228 7870.7635
2019:05:06 14:44:08 265483 17797.6191
2019:05:06 14:44:08 272021 6530.8660
2019:05:06 14:44:08 304807 7447.9021
2019:05:06 14:44:08 361374 32012.2652
2019:05:06 14:44:08 393374 29174.8084
2019:05:06 14:44:08 432432 7066.0263
2019:05:06 14:44:08 457369 22875.5139
2019:05:06 14:44:08 485358 26682.5221
2019:05:06 14:44:08 495908 10541.2640
2019:05:06 14:44:08 520069 21708.8200
2019:05:06 14:44:08 554876 34799.9893
2019:05:06 14:44:08 587244 5890.3582
2019:05:06 14:44:08 613370 19542.9847
2019:05:06 14:44:08 654095 24967.8008
2019:05:06 14:44:08 679867 24173.9787
2019:05:06 14:44:08 687240 7358.0183
2019:05:06 14:44:08 713333 26085.2091
2019:05:06 14:44:08 749399 34436.2222
2019:05:06 14:44:08 785434 35259.1649
2019:05:06 14:44:08 812852 26629.9509
2019:05:06 14:44:08 827524 13425.3539
2019:05:06 14:44:08 851498 17317.1237
2019:05:06 14:44:08 875492 17516.7210
2019:05:06 14:44:08 899482 22656.8393
2019:05:06 14:44:08 925569 26079.6174
2019:05:06 14:44:08 953354 27582.0531
2019:05:06 14:44:08 985373 32010.6000
2019:05:06 14:44:08 998260 7650.0475
2019:05:06 14:44:09 21708 21707.5795
2019:05:06 14:44:09 49362 26002.1091
2019:05:06 14:44:09 113361 63990.3545
2019:05:06 14:44:09 120129 6759.5467
2019:05:06 14:44:09 185364 36000.4306
2019:05:06 14:44:09 221357 31998.9733
2019:05:06 14:44:09 263064 41698.1317
2019:05:06 14:44:09 273058 9980.5705
2019:05:06 14:44:09 298044 8682.3776
2019:05:06 14:44:09 321364 22498.8386
2019:05:06 14:44:09 335307 10635.9012
2019:05:06 14:44:09 356600 19661.5532
2019:05:06 14:44:09 363585 6556.8984
2019:05:06 14:44:09 388952 23714.9820
2019:05:06 14:44:09 397169 7394.6342
2019:05:06 14:44:09 420507 10631.9897
2019:05:06 14:44:09 436470 14733.2512
2019:05:06 14:44:09 445485 8185.9529
2019:05:06 14:44:09 459816 13521.3993
2019:05:06 14:44:09 481534 20478.3231
2019:05:06 14:44:09 513064 30309.5132
2019:05:06 14:44:09 549372 35493.0870
2019:05:06 14:44:09 590072 6511.8782
2019:05:06 14:44:09 625985 23489.3821
2019:05:06 14:44:09 673302 43909.7956
2019:05:06 14:44:09 683811 9014.0402
2019:05:06 14:44:09 715390 6181.7355
2019:05:06 14:44:09 740763 24163.1791
2019:05:06 14:44:09 769851 27864.1842
2019:05:06 14:44:09 778414 8535.7390
2019:05:06 14:44:09 798081 18021.3489
2019:05:06 14:44:09 804639 5332.8872
2019:05:06 14:44:09 821689 15827.8644
2019:05:06 14:44:09 828825 6159.5961
2019:05:06 14:44:09 864045 21712.9365
2019:05:06 14:44:09 871807 7370.5316
2019:05:06 14:44:09 877141 5322.8624
2019:05:06 14:44:09 897619 4255.7977
2019:05:06 14:44:09 909129 8206.8518
2019:05:06 14:44:09 936568 3208.6931
2019:05:06 14:44:09 976307 34824.0100
2019:05:06 14:44:10 5360 26599.2135
2019:05:06 14:44:10 18116 12748.1632
2019:05:06 14:44:10 33265 14740.8657
2019:05:06 14:44:10 61364 27283.1172
2019:05:06 14:44:10 105388 35608.0830
2019:05:06 14:44:10 129362 22780.3178
2019:05:06 14:44:10 161376 32007.2509
2019:05:06 14:44:10 172115 6111.3723
2019:05:06 14:44:10 176620 4498.1651
2019:05:06 14:44:10 225360 31995.7323
2019:05:06 14:44:10 264285 38916.8747
2019:05:06 14:44:10 269614 4531.4170
2019:05:06 14:44:10 294168 23311.8348
2019:05:06 14:44:10 321374 26789.5162
2019:05:06 14:44:10 358093 24162.4825
2019:05:06 14:44:10 385360 26481.4645
2019:05:06 14:44:10 390604 5234.5879
2019:05:06 14:44:10 417359 26749.1043
2019:05:06 14:44:10 426061 8694.0452
2019:05:06 14:44:10 449366 22488.5046
2019:05:06 14:44:10 457583 6539.7024
2019:05:06 14:44:10 465003 5754.7875
2019:05:06 14:44:10 485894 4529.9046
2019:05:06 14:44:10 493674 6564.6432
2019:05:06 14:44:10 518664 22545.8704
2019:05:06 14:44:10 537377 17891.6454
2019:05:06 14:44:10 548555 7788.8556
2019:05:06 14:44:10 583795 10433.4205
2019:05:06 14:44:10 613678 29085.8746
2019:05:06 14:44:10 681355 66462.6323
2019:05:06 14:44:10 689865 8502.2487
2019:05:06 14:44:10 717364 27103.4352
2019:05:06 14:44:10 769321 15953.2875
2019:05:06 14:44:10 793477 8113.1458
2019:05:06 14:44:10 817362 22660.1139
2019:05:06 14:44:10 825011 5739.2977
2019:05:06 14:44:10 849367 21080.4678
2019:05:06 14:44:10 857395 4940.6104
2019:05:06 14:44:10 881366 21540.7237
2019:05:06 14:44:10 888934 5754.5044
2019:05:06 14:44:10 897107 6547.1008
2019:05:06 14:44:10 918007 4641.9315
2019:05:06 14:44:10 928634 9829.2902
2019:05:06 14:44:10 950748 5390.0927
2019:05:06 14:44:10 977359 24128.2620
2019:05:06 14:44:11 1374 24005.6142
2019:05:06 14:44:11 11643 10259.7661
2019:05:06 14:44:11 44209 6852.1984
2019:05:06 14:44:11 73367 27106.5943
2019:05:06 14:44:11 109360 34425.9404
2019:05:06 14:44:11 145354 35984.7359
2019:05:06 14:44:11 181365 35997.9868
2019:05:06 14:44:11 191924 6967.3210
2019:05:06 14:44:11 196835 4089.7727
2019:05:06 14:44:11 219394 6027.9518
2019:05:06 14:44:11 225926 5330.9500
2019:05:06 14:44:11 249269 21305.8554
2019:05:06 14:44:11 257043 6530.7505
2019:05:06 14:44:11 280806 22119.2017
2019:05:06 14:44:11 287780 6164.3533
2019:05:06 14:44:11 292686 3679.8529
2019:05:06 14:44:11 313494 4134.1111
2019:05:06 14:44:11 341359 26154.6634
2019:05:06 14:44:11 354939 13571.9702
2019:05:06 14:44:11 374628 18471.0473
2019:05:06 14:44:11 405357 30348.3829
2019:05:06 14:44:11 473354 67987.2707
2019:05:06 14:44:11 509363 36000.4753
2019:05:06 14:44:11 552377 7018.9722
2019:05:06 14:44:11 621373 67894.6450
2019:05:06 14:44:11 653368 23104.0977
2019:05:06 14:44:11 702033 35694.5992
2019:05:06 14:44:11 709336 6158.5233
2019:05:06 14:44:11 720384 9834.5280
2019:05:06 14:44:11 738415 15989.0726
2019:05:06 14:44:11 761419 22199.5525
2019:05:06 14:44:11 783495 20892.7281
2019:05:06 14:44:11 795383 11066.0642
2019:05:06 14:44:11 818328 22538.5800
2019:05:06 14:44:11 827736 9392.8203
2019:05:06 14:44:11 847811 6450.8431
2019:05:06 14:44:11 880154 31531.4233
2019:05:06 14:44:11 913331 32735.3738
2019:05:06 14:44:11 941366 28026.0816
2019:05:06 14:44:11 955514 11454.9249
2019:05:06 14:44:11 989564 24172.6823
2019:05:06 14:44:11 998524 8182.1568
2019:05:06 14:44:12 77359 77202.3797
2019:05:06 14:44:12 97374 20007.3794
2019:05:06 14:44:12 133309 23354.0833
2019:05:06 14:44:12 201355 66854.8830
2019:05:06 14:44:12 241821 40456.8091
2019:05:06 14:44:12 276230 33179.5588
2019:05:06 14:44:12 309369 32732.2334
2019:05:06 14:44:12 320877 6529.7782
2019:05:06 14:44:12 369379 32009.4600
2019:05:06 14:44:12 417159 31941.5107
2019:05:06 14:44:12 437606 20438.7493
2019:05:06 14:44:12 470072 32052.4760
2019:05:06 14:44:12 494232 22539.7311
2019:05:06 14:44:12 504866 8617.2707
2019:05:06 14:44:12 525970 4609.6668
2019:05:06 14:44:12 561363 32744.2139
2019:05:06 14:44:12 568765 6514.9702
2019:05:06 14:44:12 633371 36004.1596
2019:05:06 14:44:12 669370 34096.0659
2019:05:06 14:44:12 705365 31811.4795
2019:05:06 14:44:12 777355 31705.3907
2019:05:06 14:44:12 786572 9209.0629
2019:05:06 14:44:12 793135 5291.9909
2019:05:06 14:44:12 841367 23627.9182
2019:05:06 14:44:12 877554 23357.8980
2019:05:06 14:44:12 886938 8617.5725
2019:05:06 14:44:12 911086 23755.3343
2019:05:06 14:44:12 937364 24633.7876
2019:05:06 14:44:12 973376 33608.5819
2019:05:06 14:44:12 981145 6153.0098
2019:05:06 14:44:13 33692 24156.1085
2019:05:06 14:44:13 44310 7786.2516
2019:05:06 14:44:13 65645 6953.9398
2019:05:06 14:44:13 109360 40860.4816
2019:05:06 14:44:13 153717 44350.5123
2019:05:06 14:44:13 190148 35238.4634
2019:05:06 14:44:13 226184 35234.5556
2019:05:06 14:44:13 256896 29890.3920
2019:05:06 14:44:13 289359 31651.0759
2019:05:06 14:44:13 321364 31996.6525
2019:05:06 14:44:13 329402 4932.3663
2019:05:06 14:44:13 353365 22347.4652
2019:05:06 14:44:13 363902 9508.5800
2019:05:06 14:44:13 385367 19439.3396
2019:05:06 14:44:13 409360 22957.1871
2019:05:06 14:44:13 424934 15566.9823
2019:05:06 14:44:13 446225 21282.7958
2019:05:06 14:44:13 473359 25912.4115
2019:05:06 14:44:13 513353 39985.5785
2019:05:06 14:44:13 585355 71993.0120
2019:05:06 14:44:13 626021 40658.1163
2019:05:06 14:44:13 657369 30113.3841
2019:05:06 14:44:13 729372 36013.0034
2019:05:06 14:44:13 768973 7609.5760
2019:05:06 14:44:13 793373 20720.0982
2019:05:06 14:44:13 800088 4499.1001
2019:05:06 14:44:13 841057 15693.1840
2019:05:06 14:44:13 863577 6213.0429
2019:05:06 14:44:13 872576 6133.2695
2019:05:06 14:44:13 893466 4101.4962
2019:05:06 14:44:13 902495 6150.5623
2019:05:06 14:44:13 924605 19648.8500
2019:05:06 14:44:13 929927 4102.3791
2019:05:06 14:44:13 961363 29382.9590
2019:05:06 14:44:13 997363 34157.0154
2019:05:06 14:44:14 33354 32439.4256
2019:05:06 14:44:14 40227 6865.1251
2019:05:06 14:44:14 77189 36797.7843
2019:05:06 14:44:14 125360 47364.8347
2019:05:06 14:44:14 193434 68066.3101
2019:05:06 14:44:14 215507 22064.8721
2019:05:06 14:44:14 239496 17704.3751
2019:05:06 14:44:14 255873 9725.8613
2019:05:06 14:44:14 264416 5338.8365
2019:05:06 14:44:14 273680 7259.7116
2019:05:06 14:44:14 290072 13485.9867
2019:05:06 14:44:14 300243 7771.3691
2019:05:06 14:44:14 308790 6924.1524
2019:05:06 14:44:14 333676 21817.6283
2019:05:06 14:44:14 344725 10259.6693
2019:05:06 14:44:14 366836 5468.6740
2019:05:06 14:44:14 376662 8597.2846
2019:05:06 14:44:14 402087 25407.2063
2019:05:06 14:44:14 425373 22090.6138
2019:05:06 14:44:14 461358 31445.0823
2019:05:06 14:44:14 502822 41454.4381
2019:05:06 14:44:14 533360 30130.5726
2019:05:06 14:44:14 573675 40307.6820
2019:05:06 14:44:14 605637 31148.6460
2019:05:06 14:44:14 665359 57278.0445
2019:05:06 14:44:14 710892 45525.9979
2019:05:06 14:44:14 738345 25823.0790
2019:05:06 14:44:14 761360 21804.4817
2019:05:06 14:44:14 772317 10949.2838
2019:05:06 14:44:14 793369 20640.2354
2019:05:06 14:44:14 825368 30081.4137
2019:05:06 14:44:14 857354 23598.7008
2019:05:06 14:44:14 865709 8346.3974
2019:05:06 14:44:14 891530 25414.9251
2019:05:06 14:44:14 898475 6931.3794
2019:05:06 14:44:14 921354 20421.2330
2019:05:06 14:44:14 929592 8229.6804
2019:05:06 14:44:14 953366 22136.1443
2019:05:06 14:44:14 985380 20107.9398
2019:05:06 14:44:14 993925 4929.7176
2019:05:06 14:44:15 17369 20185.9809
2019:05:06 14:44:15 31607 5732.9051
2019:05:06 14:44:15 81369 32005.8838
2019:05:06 14:44:15 145371 32003.2537
2019:05:06 14:44:15 182011 23872.3345
2019:05:06 14:44:15 209361 25823.0940
2019:05:06 14:44:15 249896 40525.7754
2019:05:06 14:44:15 281372 30261.0733
2019:05:06 14:44:15 317369 30209.5264
2019:05:06 14:44:15 358020 32310.9739
2019:05:06 14:44:15 389363 31334.9999
2019:05:06 14:44:15 417373 28002.1951
2019:05:06 14:44:15 425624 5746.1560
2019:05:06 14:44:15 449371 19736.4800
2019:05:06 14:44:15 459144 6979.9349
2019:05:06 14:44:15 481361 20189.2033
2019:05:06 14:44:15 493131 11761.4754
2019:05:06 14:44:15 516484 20957.6413
2019:05:06 14:44:15 545359 28868.2617
2019:05:06 14:44:15 561064 15696.0636
2019:05:06 14:44:15 583242 5883.8427
2019:05:06 14:44:15 609359 24079.2781
2019:05:06 14:44:15 622138 12770.2951
2019:05:06 14:44:15 652066 29500.3876
2019:05:06 14:44:15 681366 27237.2253
2019:05:06 14:44:15 717364 31292.4907
2019:05:06 14:44:15 753355 34137.8525
2019:05:06 14:44:15 764674 11311.5385
2019:05:06 14:44:15 792938 27823.8691
2019:05:06 14:44:15 825355 31995.9708
2019:05:06 14:44:15 832674 7309.9583
2019:05:06 14:44:15 861354 27033.4408
2019:05:06 14:44:15 865451 4087.2991
2019:05:06 14:44:15 901478 31520.8882
2019:05:06 14:44:15 925354 22654.0416
2019:05:06 14:44:15 964580 39218.0458
2019:05:06 14:44:15 971514 6921.2951
2019:05:06 14:44:16 9362 37429.8766
2019:05:06 14:44:16 58374 49003.6570
2019:05:06 14:44:16 81376 20977.4747
2019:05:06 14:44:16 93221 6131.8688
2019:05:06 14:44:16 130093 16730.9456
2019:05:06 14:44:16 154292 22983.9124
2019:05:06 14:44:16 201779 45901.6748
2019:05:06 14:44:16 235368 32798.5771
2019:05:06 14:44:16 261371 24379.0410
2019:05:06 14:44:16 302921 9558.8081
2019:05:06 14:44:16 308246 4507.7763
2019:05:06 14:44:16 329134 20468.1717
2019:05:06 14:44:16 333230 3681.8348
2019:05:06 14:44:16 397367 40004.8196
2019:05:06 14:44:16 405318 6934.9296
2019:05:06 14:44:16 436446 29893.1971
2019:05:06 14:44:16 443837 6987.1023
2019:05:06 14:44:16 469653 24182.6288
2019:05:06 14:44:16 477431 6579.9803
2019:05:06 14:44:16 500759 21311.6817
2019:05:06 14:44:16 508118 5314.4693
2019:05:06 14:44:16 529379 18776.6738
2019:05:06 14:44:16 538433 7367.0894
2019:05:06 14:44:16 570385 9026.5833
2019:05:06 14:44:16 593364 21755.5277
2019:05:06 14:44:16 597418 3265.0344
2019:05:06 14:44:16 653367 30597.8097
2019:05:06 14:44:16 666011 12636.2965
2019:05:06 14:44:16 685370 19342.5678
2019:05:06 14:44:16 721354 31984.2435
2019:05:06 14:44:16 757367 36003.8988
2019:05:06 14:44:16 767436 8026.1268
2019:05:06 14:44:16 795429 27016.0362
2019:05:06 14:44:16 804434 8594.4384
2019:05:06 14:44:16 831502 26231.3150
2019:05:06 14:44:16 836391 4877.4779
2019:05:06 14:44:16 865363 27743.1495
2019:05:06 14:44:16 872037 5329.5977
2019:05:06 14:44:16 906023 32774.2249
2019:05:06 14:44:16 925370 18939.3125
2019:05:06 14:44:16 932252 5348.9022
2019:05:06 14:44:16 966653 33608.2913
2019:05:06 14:44:16 989370 21901.7491
2019:05:06 14:44:17 2678 7779.7994
2019:05:06 14:44:17 33817 30322.2798
2019:05:06 14:44:17 64928 15558.8798
2019:05:06 14:44:17 87885 6523.3856
2019:05:06 14:44:17 113371 24669.8000
2019:05:06 14:44:17 205355 79344.8649
2019:05:06 14:44:17 242022 36658.8458
2019:05:06 14:44:17 282603 40575.1877
2019:05:06 14:44:17 307352 23580.7970
2019:05:06 14:44:17 333374 24800.0957
2019:05:06 14:44:17 365361 23978.7586
2019:05:06 14:44:17 397354 31985.1749
2019:05:06 14:44:17 435598 38233.6117
2019:05:06 14:44:17 469550 33608.5819
2019:05:06 14:44:17 497360 26999.4028
2019:05:06 14:44:17 529364 31995.2145
2019:05:06 14:44:17 561376 31202.6069
2019:05:06 14:44:17 622777 29413.2568
2019:05:06 14:44:17 668598 15228.4540
2019:05:06 14:44:17 725355 39980.1880
2019:05:06 14:44:17 735366 10002.2778
2019:05:06 14:44:17 764422 27416.4267
2019:05:06 14:44:17 797355 32496.7094
2019:05:06 14:44:17 805037 7672.8016
2019:05:06 14:44:17 837401 29911.8571
2019:05:06 14:44:17 845161 6954.2080
2019:05:06 14:44:17 877943 32771.9115
2019:05:06 14:44:17 907841 29081.0429
2019:05:06 14:44:17 937368 28716.1097
2019:05:06 14:44:17 950946 5306.5121
2019:05:06 14:44:17 973496 21324.1503
2019:05:06 14:44:18 1365 26657.3951
2019:05:06 14:44:18 8770 7397.8044
2019:05:06 14:44:18 33359 23028.7984
2019:05:06 14:44:18 65354 31987.7788
2019:05:06 14:44:18 79158 13794.9772
2019:05:06 14:44:18 129378 32018.6578
2019:05:06 14:44:18 157370 23751.4339
2019:05:06 14:44:18 229367 36009.3601
2019:05:06 14:44:18 271055 5694.2701
2019:05:06 14:44:18 301360 28890.5650
2019:05:06 14:44:18 310171 8802.8535
2019:05:06 14:44:18 340875 29078.9008
2019:05:06 14:44:18 347023 5750.8722
2019:05:06 14:44:18 383611 36573.3504
2019:05:06 14:44:18 390166 6541.8147
2019:05:06 14:44:18 420874 28248.7795
2019:05:06 14:44:18 453367 32464.2621
2019:05:06 14:44:18 463231 8350.0519
2019:05:06 14:44:18 492965 3607.1837
2019:05:06 14:44:18 528600 3237.2512
2019:05:06 14:44:18 565870 4505.4480
2019:05:06 14:44:18 599883 2519.3840
2019:05:06 14:44:18 616696 16011.2530
2019:05:06 14:44:18 624458 5720.7681
2019:05:06 14:44:18 662601 22974.7780
2019:05:06 14:44:18 698128 33936.7054
2019:05:06 14:44:18 708755 8622.8624
2019:05:06 14:44:18 757921 28559.7332
2019:05:06 14:44:18 789360 30247.8857
2019:05:06 14:44:18 799675 10305.6692
2019:05:06 14:44:18 821354 20859.8413
2019:05:06 14:44:18 853360 31997.2113
2019:05:06 14:44:18 862332 8964.8664
2019:05:06 14:44:18 883233 20887.2631
2019:05:06 14:44:18 888552 3698.6172
2019:05:06 14:44:18 922579 8614.7450
2019:05:06 14:44:18 950416 27044.5570
2019:05:06 14:44:18 957373 5746.8563
2019:05:06 14:44:18 989325 31143.2667
2019:05:06 14:44:18 994641 3686.5249
2019:05:06 14:44:19 21364 25921.6540
2019:05:06 14:44:19 66963 5605.0569
2019:05:06 14:44:19 74761 6159.5626
2019:05:06 14:44:19 97292 20480.9532
2019:05:06 14:44:19 105067 6555.3077
2019:05:06 14:44:19 129361 22251.4197
2019:05:06 14:44:19 138237 8867.2750
2019:05:06 14:44:19 143561 5275.9126
2019:05:06 14:44:19 167742 6383.3818
2019:05:06 14:44:19 193359 22349.2049
2019:05:06 14:44:19 225363 31997.5652
2019:05:06 14:44:19 240627 15257.1611
2019:05:06 14:44:19 261137 3774.5871
2019:05:06 14:44:19 294329 4971.0423
2019:05:06 14:44:19 329370 33426.9665
2019:05:06 14:44:19 401368 36009.8705
2019:05:06 14:44:19 437355 31192.4107
2019:05:06 14:44:19 473364 35999.3875
2019:05:06 14:44:19 480937 4513.4500
2019:05:06 14:44:19 509366 25167.0592
2019:05:06 14:44:19 519023 8180.1973
2019:05:06 14:44:19 549013 28361.4732
2019:05:06 14:44:19 554751 5357.1574
2019:05:06 14:44:19 617353 61798.8110
2019:05:06 14:44:19 645366 28004.0316
2019:05:06 14:44:19 701371 20006.7312
2019:05:06 14:44:19 737373 33713.5270
2019:05:06 14:44:19 773365 31182.2109
2019:05:06 14:44:19 809372 34027.9043
2019:05:06 14:44:19 845366 31512.1412
2019:05:06 14:44:19 913364 32001.1005
2019:05:06 14:44:19 918322 4114.1920
2019:05:06 14:44:19 945375 25431.8342
2019:05:06 14:44:19 986312 27421.8470
2019:05:06 14:44:20 9363 21828.7371
2019:05:06 14:44:20 41366 28438.7916
2019:05:06 14:44:20 48167 4526.3544
2019:05:06 14:44:20 81359 31980.7827
2019:05:06 14:44:20 90346 8975.8337
2019:05:06 14:44:20 96883 5719.3674
2019:05:06 14:44:20 126789 13414.0998
2019:05:06 14:44:20 144803 16797.4792
2019:05:06 14:44:20 177354 32141.1341
2019:05:06 14:44:20 188647 11284.8803
2019:05:06 14:44:20 224695 11337.8055
2019:05:06 14:44:20 245364 19051.7567
2019:05:06 14:44:20 277368 19486.0436
2019:05:06 14:44:20 313365 30921.2878
2019:05:06 14:44:20 324626 6518.3789
2019:05:06 14:44:20 347954 6584.4767
2019:05:06 14:44:20 352469 3279.7493
2019:05:06 14:44:20 377214 3850.4936
2019:05:06 14:44:20 420614 7256.6569
2019:05:06 14:44:20 461366 38701.7392
2019:05:06 14:44:20 473085 9871.1513
2019:05:06 14:44:20 495574 20888.4850
2019:05:06 14:44:20 506219 10226.8048
2019:05:06 14:44:20 528335 20885.8922
2019:05:06 14:44:20 546408 17652.4073
2019:05:06 14:44:20 554966 7365.0628
2019:05:06 14:44:20 571768 15975.1996
2019:05:06 14:44:20 580369 6961.7480
2019:05:06 14:44:20 605365 24983.2496
2019:05:06 14:44:20 617016 8488.2975
2019:05:06 14:44:20 649508 8154.8356
2019:05:06 14:44:20 677370 26240.4867
2019:05:06 14:44:20 687174 6129.3058
2019:05:06 14:44:20 749365 60145.3111
2019:05:06 14:44:20 821368 36008.4735
2019:05:06 14:44:20 873949 12590.2630
2019:05:06 14:44:20 906329 31153.8875
2019:05:06 14:44:20 930465 22537.9243
2019:05:06 14:44:20 957359 25261.8454
2019:05:06 14:44:20 965051 7684.7710
2019:05:06 14:44:20 994524 5166.5902
2019:05:06 14:44:21 683 4109.7850
2019:05:06 14:44:21 21372 18653.9888
2019:05:06 14:44:21 28937 6135.0875
2019:05:06 14:44:21 49371 19212.8979
2019:05:06 14:44:21 61700 8993.3909
2019:05:06 14:44:21 84223 21273.8141
2019:05:06 14:44:21 93247 8607.4732
2019:05:06 14:44:21 121361 27289.5880
2019:05:06 14:44:21 157369 36000.8106
2019:05:06 14:44:21 193368 32556.3364
2019:05:06 14:44:21 235386 6026.6182
2019:05:06 14:44:21 265365 28766.8258
2019:05:06 14:44:21 275504 6534.2672
2019:05:06 14:44:21 337367 36001.8648
2019:05:06 14:44:21 345168 6586.0115
2019:05:06 14:44:21 378316 30737.3628
2019:05:06 14:44:21 417359 37827.5104
2019:05:06 14:44:21 426633 9262.9716
2019:05:06 14:44:21 449369 20678.5761
2019:05:06 14:44:21 461860 8176.3454
2019:05:06 14:44:21 494214 29477.2312
2019:05:06 14:44:21 501197 6153.1216
2019:05:06 14:44:21 516339 14341.1681
2019:05:06 14:44:21 524134 7371.3735
2019:05:06 14:44:21 531491 4910.2604
2019:05:06 14:44:21 545850 7771.8012
2019:05:06 14:44:21 561403 7367.7227
2019:05:06 14:44:21 589273 26233.6768
2019:05:06 14:44:21 599488 9016.6889
2019:05:06 14:44:21 620372 20077.8954
2019:05:06 14:44:21 644967 21323.6958
2019:05:06 14:44:21 673354 28376.3669
2019:05:06 14:44:21 733354 59989.6647
2019:05:06 14:44:21 778535 45171.6147
2019:05:06 14:44:21 813758 34390.5464
2019:05:06 14:44:21 841358 27196.2471
2019:05:06 14:44:21 864756 23389.3618
2019:05:06 14:44:21 885032 19341.6364
2019:05:06 14:44:21 902242 16000.8669
2019:05:06 14:44:21 910630 7005.9299
2019:05:06 14:44:21 929405 16839.0460
2019:05:06 14:44:21 937456 4519.6190
2019:05:06 14:44:21 947685 5313.6423
2019:05:06 14:44:21 957941 6573.8522
2019:05:06 14:44:21 962025 3274.2731
2019:05:06 14:44:21 971435 8969.8844
2019:05:06 14:44:21 980059 7808.3538
2019:05:06 14:44:21 986605 5740.1769
2019:05:06 14:44:21 995602 7373.3181
2019:05:06 14:44:22 4204 8182.4139
2019:05:06 14:44:22 11998 5747.1246
2019:05:06 14:44:22 23049 8575.7338
2019:05:06 14:44:22 28370 3681.5070
2019:05:06 14:44:22 34526 6147.4033
2019:05:06 14:44:22 40675 5747.8584
2019:05:06 14:44:22 49266 7382.0278
2019:05:06 14:44:22 57045 5723.6105
2019:05:06 14:44:22 64842 7381.5510
2019:05:06 14:44:22 87364 20081.5871
2019:05:06 14:44:22 100884 11485.8150
2019:05:06 14:44:22 105804 4910.0965
2019:05:06 14:44:22 114736 7720.0644
2019:05:06 14:44:22 137370 21810.6061
2019:05:06 14:44:22 149563 7760.3757
2019:05:06 14:44:22 178650 27856.3723
2019:05:06 14:44:22 201366 21506.4660
2019:05:06 14:44:22 210209 6177.2391
2019:05:06 14:44:22 235824 24000.7676
2019:05:06 14:44:22 265366 28967.5109
2019:05:06 14:44:22 298760 24171.5722
2019:05:06 14:44:22 361359 60145.0950
2019:05:06 14:44:22 394518 33150.8331
2019:05:06 14:44:22 425360 28830.9418
2019:05:06 14:44:22 435061 9693.5071
2019:05:06 14:44:22 459202 21692.6299
2019:05:06 14:44:22 465368 6147.2990
2019:05:06 14:44:22 513365 29982.4700
2019:05:06 14:44:22 546992 33619.4374
2019:05:06 14:44:22 577359 30361.4177
2019:05:06 14:44:22 609369 32002.0244
2019:05:06 14:44:22 619458 7757.6824
2019:05:06 14:44:22 661101 15734.4639
2019:05:06 14:44:22 684916 7553.3725
2019:05:06 14:44:22 741370 54410.7296
2019:05:06 14:44:22 778280 4918.1767
2019:05:06 14:44:22 788527 6559.9643
2019:05:06 14:44:22 837383 28376.9593
2019:05:06 14:44:22 869371 19385.2596
2019:05:06 14:44:22 880673 6943.5127
2019:05:06 14:44:22 914671 31537.1491
2019:05:06 14:44:22 920009 4517.9836
2019:05:06 14:44:22 951956 6599.7913
2019:05:06 14:44:22 981366 27774.9896
2019:05:06 14:44:22 988801 5322.6091
2019:05:06 14:44:22 992078 2868.9057
2019:05:06 14:44:23 53355 61271.4142
2019:05:06 14:44:23 64328 10962.8998
2019:05:06 14:44:23 97939 4580.1550
2019:05:06 14:44:23 129376 30225.7240
2019:05:06 14:44:23 161424 29093.4183
2019:05:06 14:44:23 169625 7803.7418
2019:05:06 14:44:23 200335 30319.5827
2019:05:06 14:44:23 208936 4931.9789
2019:05:06 14:44:23 231870 6515.8568
2019:05:06 14:44:23 257375 24278.8494
2019:05:06 14:44:23 321359 51379.8110
2019:05:06 14:44:23 330169 8801.6018
2019:05:06 14:44:23 401441 35199.0834
2019:05:06 14:44:23 432154 29508.1250
2019:05:06 14:44:23 465361 33190.8911
2019:05:06 14:44:23 501359 35987.7720
2019:05:06 14:44:23 511729 10361.9508
2019:05:06 14:44:23 545316 3951.7917
2019:05:06 14:44:23 578906 5545.8471
2019:05:06 14:44:23 610442 28673.4216
2019:05:06 14:44:23 617407 4924.6550
2019:05:06 14:44:23 641164 3799.9153
2019:05:06 14:44:23 673112 20061.2545
2019:05:06 14:44:23 705366 31881.4740
2019:05:06 14:44:23 761353 31989.4291
2019:05:06 14:44:23 813354 51684.6143
2019:05:06 14:44:23 821822 8459.4600
2019:05:06 14:44:23 857031 7669.6016
2019:05:06 14:44:23 913370 32004.0286
2019:05:06 14:44:23 947123 6091.5425
2019:05:06 14:44:23 961483 8606.6462
2019:05:06 14:44:24 15217 9847.8422
2019:05:06 14:44:24 42238 23354.6942
2019:05:06 14:44:24 61358 18711.5222
2019:05:06 14:44:24 101634 40269.5835
2019:05:06 14:44:24 125366 23333.1248
2019:05:06 14:44:24 169623 35622.6452
2019:05:06 14:44:24 213847 43417.4500
2019:05:06 14:44:24 269361 55488.5454
2019:05:06 14:44:24 303951 34581.8512
2019:05:06 14:44:24 337360 32162.6961
2019:05:06 14:44:24 380266 42898.5246
2019:05:06 14:44:24 409361 28302.7627
2019:05:06 14:44:24 445399 36028.1579
2019:05:06 14:44:24 476525 30730.2177
2019:05:06 14:44:24 497359 19621.9347
2019:05:06 14:44:24 529768 32401.4686
2019:05:06 14:44:24 553362 23193.2439
2019:05:06 14:44:24 622760 69385.8005
2019:05:06 14:44:24 653359 30589.2862
2019:05:06 14:44:24 710767 57400.5693
2019:05:06 14:44:24 721840 9455.8708
2019:05:06 14:44:24 730423 7792.0891
2019:05:06 14:44:24 772196 38488.0863
2019:05:06 14:44:24 779160 6560.3293
2019:05:06 14:44:24 804143 23742.6981
2019:05:06 14:44:24 825369 20410.1950
2019:05:06 14:44:24 835686 7797.6435
2019:05:06 14:44:24 863931 27032.2338
2019:05:06 14:44:24 889366 25021.9852
2019:05:06 14:44:24 898364 4531.0259
2019:05:06 14:44:24 921371 20170.5359
2019:05:06 14:44:24 929880 6965.6521
2019:05:06 14:44:24 997355 65425.0346
2019:05:06 14:44:25 7693 10329.4104
2019:05:06 14:44:25 42933 33194.8958
2019:05:06 14:44:25 81816 37689.9987
2019:05:06 14:44:25 91660 9028.2522
2019:05:06 14:44:25 123609 6156.2695
2019:05:06 14:44:25 134228 9005.3268
2019:05:06 14:44:25 157365 21484.1738
2019:05:06 14:44:25 189367 28910.4097
2019:05:06 14:44:25 249368 59994.6640
2019:05:06 14:44:25 289058 36856.2415
2019:05:06 14:44:25 321370 31089.0786
2019:05:06 14:44:25 413373 56013.2600
2019:05:06 14:44:25 449376 32917.3543
2019:05:06 14:44:25 485366 31212.4118
2019:05:06 14:44:25 521369 34071.0394
2019:05:06 14:44:25 557363 32008.6367
2019:05:06 14:44:25 569150 9410.5899
2019:05:06 14:44:25 600690 7331.4905
2019:05:06 14:44:25 627314 23338.8208
2019:05:06 14:44:25 682220 54491.4789
2019:05:06 14:44:25 713201 29758.0920
2019:05:06 14:44:25 745368 31772.1143
2019:05:06 14:44:25 792656 11293.1468
2019:05:06 14:44:25 822558 5202.7814
2019:05:06 14:44:25 861489 37300.1248
2019:05:06 14:44:25 893411 31122.6770
2019:05:06 14:44:25 909395 15971.8283
2019:05:06 14:44:25 916767 6948.2364
2019:05:06 14:44:25 938063 20067.5167
2019:05:06 14:44:25 949923 9007.1000
2019:05:06 14:44:25 956085 5735.3079
2019:05:06 14:44:25 977795 8183.1105
2019:05:06 14:44:26 9752 29918.5999
2019:05:06 14:44:26 44961 32766.6625
2019:05:06 14:44:26 55210 7786.8327
2019:05:06 14:44:26 90013 33596.7764
2019:05:06 14:44:26 97392 6570.6335
2019:05:06 14:44:26 129353 31565.1037
2019:05:06 14:44:26 143665 14303.5538
2019:05:06 14:44:26 166201 4839.6140
2019:05:06 14:44:26 235414 65131.4370
2019:05:06 14:44:26 269838 32782.4689
2019:05:06 14:44:26 294806 23766.0557
2019:05:06 14:44:26 317366 21341.8603
2019:05:06 14:44:26 326794 6157.8155
2019:05:06 14:44:26 349365 21361.0344
2019:05:06 14:44:26 361600 7358.4430
2019:05:06 14:44:26 391488 28242.3384
2019:05:06 14:44:26 430404 35213.4071
2019:05:06 14:44:26 461955 29915.6569
2019:05:06 14:44:26 475451 12284.9569
2019:05:06 14:44:26 485291 6559.4986
2019:05:06 14:44:26 504141 6148.0664
2019:05:06 14:44:26 534040 27381.3941
2019:05:06 14:44:26 558620 22950.5859
2019:05:06 14:44:26 566386 6557.0846
2019:05:06 14:44:26 590548 24146.8400
2019:05:06 14:44:26 617372 25590.5092
2019:05:06 14:44:26 653358 23453.2617
2019:05:06 14:44:26 663459 10093.9125
2019:05:06 14:44:26 689261 24577.7257
2019:05:06 14:44:26 722019 31939.9722
2019:05:06 14:44:26 761354 38920.1529
2019:05:06 14:44:26 833359 71997.0614
2019:05:06 14:44:26 840839 7470.9058
2019:05:06 14:44:26 867860 6152.0115
2019:05:06 14:44:26 925371 32006.8859
2019:05:06 14:44:26 962905 5542.5540
2019:05:06 14:44:26 989367 24043.2359
2019:05:06 14:44:27 34621 35699.9487
2019:05:06 14:44:27 73984 38528.8633
2019:05:06 14:44:27 97371 22192.5564
2019:05:06 14:44:27 107581 6537.7392
2019:05:06 14:44:27 129298 20471.5356
2019:05:06 14:44:27 133400 3684.2525
2019:05:06 14:44:27 165332 29886.8939
2019:05:06 14:44:27 173119 7349.8078
2019:05:06 14:44:27 195232 5875.9451
2019:05:06 14:44:27 204254 7379.8411
2019:05:06 14:44:27 225578 4220.9141
2019:05:06 14:44:27 237029 8611.1613
2019:05:06 14:44:27 280021 6664.8163
2019:05:06 14:44:27 309366 27701.2177
2019:05:06 14:44:27 341370 19156.4262
2019:05:06 14:44:27 347602 4090.1043
2019:05:06 14:44:27 399634 26271.7493
2019:05:06 14:44:27 406993 5743.6489
2019:05:06 14:44:27 431561 24171.9857
2019:05:06 14:44:27 453374 20571.5485
2019:05:06 14:44:27 488917 33144.9769
2019:05:06 14:44:27 517362 27230.8104
2019:05:06 14:44:27 589367 71996.6330
2019:05:06 14:44:27 630631 41254.0957
2019:05:06 14:44:27 660528 28674.3753
2019:05:06 14:44:27 690444 29084.6378
2019:05:06 14:44:27 717041 25782.5404
2019:05:06 14:44:27 741357 24304.2447
2019:05:06 14:44:27 758836 17212.4319
2019:05:06 14:44:27 767856 7795.5984
2019:05:06 14:44:27 783818 14759.8721
2019:05:06 14:44:27 793228 3859.9409
2019:05:06 14:44:27 816165 9424.1872
2019:05:06 14:44:27 833878 17305.4039
2019:05:06 14:44:27 906681 51587.2501
2019:05:06 14:44:27 938250 31558.4727
2019:05:06 14:44:27 947240 7794.6670
2019:05:06 14:44:27 980831 7342.4950
2019:05:06 14:44:28 11969 29105.9166
2019:05:06 14:44:28 21808 6578.0021
2019:05:06 14:44:28 38564 4399.5082
2019:05:06 14:44:28 46768 4914.8612
2019:05:06 14:44:28 65775 7525.7346
2019:05:06 14:44:28 79545 11883.7617
2019:05:06 14:44:28 86162 4969.5633
2019:05:06 14:44:28 120541 33180.6205
2019:05:06 14:44:28 153686 31164.4040
2019:05:06 14:44:28 205355 50271.4738
2019:05:06 14:44:28 221288 15923.9061
2019:05:06 14:44:28 269360 31997.2411
2019:05:06 14:44:28 285363 15995.5285
2019:05:06 14:44:28 314931 29559.8209
2019:05:06 14:44:28 324760 8557.9939
2019:05:06 14:44:28 373368 32012.2018
2019:05:06 14:44:28 405371 29814.2359
2019:05:06 14:44:28 465370 32007.8135
2019:05:06 14:44:28 510353 31953.8862
2019:05:06 14:44:28 536956 25396.5259
2019:05:06 14:44:28 574623 37237.2754
2019:05:06 14:44:28 601361 25094.3080
2019:05:06 14:44:28 625362 23993.2053
2019:05:06 14:44:28 670905 45534.9758
2019:05:06 14:44:28 721359 48842.3631
2019:05:06 14:44:28 753370 32003.3915
2019:05:06 14:44:28 777797 20050.4921
2019:05:06 14:44:28 788853 10631.1850
2019:05:06 14:44:28 798277 8607.5664
2019:05:06 14:44:28 824481 7123.4517
2019:05:06 14:44:28 849367 22006.2770
2019:05:06 14:44:28 861757 8605.6516
2019:05:06 14:44:28 884270 19649.5019
2019:05:06 14:44:28 890434 5725.2459
2019:05:06 14:44:28 913354 22108.9385
2019:05:06 14:44:28 919519 6155.6473
2019:05:06 14:44:28 945359 25444.6529
2019:05:06 14:44:28 957998 12630.9022
2019:05:06 14:44:28 979297 20060.1220
2019:05:06 14:44:28 987892 8187.2605
2019:05:06 14:44:29 9364 20863.1009
2019:05:06 14:44:29 19041 4915.5466
2019:05:06 14:44:29 65370 24007.5067
2019:05:06 14:44:29 75997 8183.1180
2019:05:06 14:44:29 100965 23750.4356
2019:05:06 14:44:29 109585 7791.5862
2019:05:06 14:44:29 131827 20207.2896
2019:05:06 14:44:29 140712 7388.7110
2019:05:06 14:44:29 164667 21918.1813
2019:05:06 14:44:29 170610 5745.5748
2019:05:06 14:44:29 176748 5321.3425
2019:05:06 14:44:29 185753 8173.7041
2019:05:06 14:44:29 193141 4517.7154
2019:05:06 14:44:29 202976 9030.5060
2019:05:06 14:44:29 214241 10270.9234
2019:05:06 14:44:29 223656 6976.2617
2019:05:06 14:44:29 232665 6153.3153
2019:05:06 14:44:29 242092 8196.7451
2019:05:06 14:44:29 247818 4903.9871
2019:05:06 14:44:29 255185 5743.8500
2019:05:06 14:44:29 262549 6551.3290
2019:05:06 14:44:29 269523 6147.1909
2019:05:06 14:44:29 293276 20883.3367
2019:05:06 14:44:29 315812 6448.5706
2019:05:06 14:44:29 341365 23916.4419
2019:05:06 14:44:29 350608 6040.8153
2019:05:06 14:44:29 380111 28676.6514
2019:05:06 14:44:29 437368 36004.5098
2019:05:06 14:44:29 447515 5353.4843
2019:05:06 14:44:29 479036 30311.6627
2019:05:06 14:44:29 501370 21110.4341
2019:05:06 14:44:29 514675 9830.9964
2019:05:06 14:44:29 541296 7932.8679
2019:05:06 14:44:29 573657 8294.0124
2019:05:06 14:44:29 601095 26213.7912
2019:05:06 14:44:29 610909 8592.1548
2019:05:06 14:44:29 646129 33555.9323
2019:05:06 14:44:29 677355 30403.9009
2019:05:06 14:44:29 686690 9326.2158
2019:05:06 14:44:29 709368 21846.8495
2019:05:06 14:44:29 741353 30484.0729
2019:05:06 14:44:29 779672 38309.7827
2019:05:06 14:44:29 817354 36882.6874
2019:05:06 14:44:29 830872 13509.5343
2019:05:06 14:44:29 852465 19558.2099
2019:05:06 14:44:29 881359 28683.6587
2019:05:06 14:44:29 917989 36622.9713
2019:05:06 14:44:29 924541 5329.1470
2019:05:06 14:44:29 945359 19992.0051
2019:05:06 14:44:29 951594 6227.2623
2019:05:06 14:44:29 977369 24981.9234
2019:05:06 14:44:30 9370 18869.0871
2019:05:06 14:44:30 19587 6970.8712
2019:05:06 14:44:30 41365 19340.2953
2019:05:06 14:44:30 65370 21626.7817
2019:05:06 14:44:30 72827 4936.7771
2019:05:06 14:44:30 97354 22082.3810
2019:05:06 14:44:30 106225 8861.7951
2019:05:06 14:44:30 112761 4510.1717
2019:05:06 14:44:30 136105 6746.6646
2019:05:06 14:44:30 143696 4315.8829
2019:05:06 14:44:30 168460 7096.4098
2019:05:06 14:44:30 204092 31548.6938
2019:05:06 14:44:30 228675 24166.3642
2019:05:06 14:44:30 257374 28674.7105
2019:05:06 14:44:30 289367 23399.8187
2019:05:06 14:44:30 300352 6956.8194
2019:05:06 14:44:30 353377 32012.7197
2019:05:06 14:44:30 367106 6130.9896
2019:05:06 14:44:30 389643 21315.3735
2019:05:06 14:44:30 395794 5336.1021
2019:05:06 14:44:30 426508 9146.8804
2019:05:06 14:44:30 449369 21642.4018
2019:05:06 14:44:30 481362 29482.3386
2019:05:06 14:44:30 543381 49682.4570
2019:05:06 14:44:30 573360 29971.6033
2019:05:06 14:44:30 584201 10829.2103
2019:05:06 14:44:30 613685 27865.1491
2019:05:06 14:44:30 656677 42525.3958
2019:05:06 14:44:30 700854 44163.6629
2019:05:06 14:44:30 721717 20509.9359
2019:05:06 14:44:30 731525 9010.9818
2019:05:06 14:44:30 753263 20509.9247
2019:05:06 14:44:30 781360 28077.5167
2019:05:06 14:44:30 813370 32002.1771
2019:05:06 14:44:30 845369 29867.0717
2019:05:06 14:44:30 877365 23747.3398
2019:05:06 14:44:30 888001 8205.7454
2019:05:06 14:44:30 912984 23744.5496
2019:05:06 14:44:30 949856 36058.7612
2019:05:06 14:44:30 973373 22718.3290
2019:05:06 14:44:30 983427 6131.5410
2019:05:06 14:44:31 9638 4271.3992
2019:05:06 14:44:31 18248 4096.8731
2019:05:06 14:44:31 41175 20072.9631
2019:05:06 14:44:31 72320 30729.6813
2019:05:06 14:44:31 97364 23022.5995
2019:05:06 14:44:31 129368 23060.6832
2019:05:06 14:44:31 139069 5327.9884
2019:05:06 14:44:31 158331 17614.2566
2019:05:06 14:44:31 189370 27763.1432
2019:05:06 14:44:31 227116 25377.1879
2019:05:06 14:44:31 236552 7792.8528
2019:05:06 14:44:31 258668 5308.6728
2019:05:06 14:44:31 285373 23853.0971
2019:05:06 14:44:31 317368 19772.3061
2019:05:06 14:44:31 331973 9794.2278
2019:05:06 14:44:31 357810 25010.8987
2019:05:06 14:44:31 382778 24177.0037
2019:05:06 14:44:31 413359 29734.7642
2019:05:06 14:44:31 454024 40657.2782
2019:05:06 14:44:31 481394 26939.3325
2019:05:06 14:44:31 502388 17236.0763
2019:05:06 14:44:31 510971 7780.0900
2019:05:06 14:44:31 519705 6693.6798
2019:05:06 14:44:31 552338 29494.0285
2019:05:06 14:44:31 561781 8222.7699
2019:05:06 14:44:31 580604 6150.2494
2019:05:06 14:44:31 598621 15975.0581
2019:05:06 14:44:31 608062 8629.0911
2019:05:06 14:44:31 621553 12273.7363
2019:05:06 14:44:31 642449 8210.8304
2019:05:06 14:44:31 659240 15987.7203
2019:05:06 14:44:31 669069 4894.0182
2019:05:06 14:44:31 689948 7784.5976
2019:05:06 14:44:31 710032 18433.4442
2019:05:06 14:44:31 719465 6990.2092
2019:05:06 14:44:31 729299 7812.9284
2019:05:06 14:44:31 750585 8603.3456
2019:05:06 14:44:31 789898 23730.0657
2019:05:06 14:44:31 813262 22541.3926
2019:05:06 14:44:31 838637 24589.8888
2019:05:06 14:44:31 846827 6567.8284
2019:05:06 14:44:31 877125 28263.1628
2019:05:06 14:44:31 898444 19673.1202
2019:05:06 14:44:31 907843 8188.2030
2019:05:06 14:44:31 915622 6961.0141
2019:05:06 14:44:31 926698 7381.0145
2019:05:06 14:44:31 932415 3678.5491
2019:05:06 14:44:31 945118 7780.2613
2019:05:06 14:44:31 952891 4912.0747
2019:05:06 14:44:31 963149 7388.3049
2019:05:06 14:44:31 975027 8174.9111
2019:05:06 14:44:31 984035 6970.7371
2019:05:06 14:44:31 991406 5729.6716
2019:05:06 14:44:32 833 9011.8088
2019:05:06 14:44:32 10660 9008.6535
2019:05:06 14:44:32 18842 4096.4670
2019:05:06 14:44:32 27450 5743.0416
2019:05:06 14:44:32 38921 9428.3447
2019:05:06 14:44:32 47953 6996.2963
2019:05:06 14:44:32 58984 9012.9152
2019:05:06 14:44:32 67192 4922.6210
2019:05:06 14:44:32 76591 6953.5822
2019:05:06 14:44:32 86861 8627.8617
2019:05:06 14:44:32 94205 5333.0027
2019:05:06 14:44:32 100349 4912.0039
2019:05:06 14:44:32 118396 5319.0254
2019:05:06 14:44:32 134810 12315.2323
2019:05:06 14:44:32 144590 8195.2512
2019:05:06 14:44:32 157699 11481.0765
2019:05:06 14:44:32 165896 7792.1674
2019:05:06 14:44:32 182670 13916.6676
2019:05:06 14:44:32 192497 9397.8830
2019:05:06 14:44:32 206039 11482.1568
2019:05:06 14:44:32 215865 9010.8588
2019:05:06 14:44:32 235525 15975.2816
2019:05:06 14:44:32 243714 5730.5209
2019:05:06 14:44:32 254758 7790.7555
2019:05:06 14:44:32 272796 16387.4179
2019:05:06 14:44:32 282608 7369.3953
2019:05:06 14:44:32 291631 6975.9153
2019:05:06 14:44:32 311717 18859.4908
2019:05:06 14:44:32 344476 30304.0519
2019:05:06 14:44:32 353487 6566.7666
2019:05:06 14:44:32 372793 6615.9368
2019:05:06 14:44:32 390352 15575.0997
2019:05:06 14:44:32 399357 4929.4010
2019:05:06 14:44:32 420655 5742.4866
2019:05:06 14:44:32 439895 16801.5957
2019:05:06 14:44:32 465363 21786.8611
2019:05:06 14:44:32 497359 30017.1599
2019:05:06 14:44:32 507059 9691.8941
2019:05:06 14:44:32 529370 20667.7839
2019:05:06 14:44:32 540245 7782.4034
2019:05:06 14:44:32 564404 22512.6594
2019:05:06 14:44:32 573008 7778.5328
2019:05:06 14:44:32 597183 22550.8064
2019:05:06 14:44:32 607008 8590.8882
2019:05:06 14:44:32 625447 16804.0022
2019:05:06 14:44:32 633210 6886.0501
2019:05:06 14:44:32 657803 20481.2251
2019:05:06 14:44:32 685372 25934.5844
2019:05:06 14:44:32 702864 17482.0162
2019:05:06 14:44:32 711846 8405.9015
2019:05:06 14:44:32 724556 8600.5665
2019:05:06 14:44:32 744629 6540.0861
2019:05:06 14:44:32 764288 16386.9932
2019:05:06 14:44:32 774944 8601.6878
2019:05:06 14:44:32 792567 6964.2700
2019:05:06 14:44:32 812617 17214.7453
2019:05:06 14:44:32 845361 31103.3353
2019:05:06 14:44:32 873379 28009.3029
2019:05:06 14:44:32 905362 28022.5873
2019:05:06 14:44:32 937372 32001.1415
2019:05:06 14:44:32 969359 26486.3707
2019:05:06 14:44:33 13334 43967.4221
2019:05:06 14:44:33 37886 24171.7249
2019:05:06 14:44:33 47316 9026.5907
2019:05:06 14:44:33 73118 7764.3916
2019:05:06 14:44:33 98922 22134.2184
2019:05:06 14:44:33 118172 18036.5965
2019:05:06 14:44:33 125943 6949.3130
2019:05:06 14:44:33 157080 27859.7549
2019:05:06 14:44:33 189846 31553.0151
2019:05:06 14:44:33 209496 18430.7732
2019:05:06 14:44:33 219732 7372.4501
