
# OSU MPI Allreduce Latency Test v5.6.1
# Size       Avg Latency(us)
16384               15924.50
2019:05:06 14:43:44 337377 22571.6308
2019:05:06 14:43:44 357407 17201.9079
2019:05:06 14:43:44 385383 23885.8946
2019:05:06 14:43:44 417371 30068.7514
2019:05:06 14:43:44 449362 23944.3891
2019:05:06 14:43:44 460615 11245.8281
2019:05:06 14:43:44 484328 22076.7073
2019:05:06 14:43:44 522043 37705.0675
2019:05:06 14:43:44 545372 22527.5122
2019:05:06 14:43:44 553150 5713.7422
2019:05:06 14:43:44 597368 41363.0456
2019:05:06 14:43:44 633369 32189.6672
2019:05:06 14:43:44 669366 27614.1055
2019:05:06 14:43:44 701359 28460.9534
2019:05:06 14:43:44 741565 40195.0106
2019:05:06 14:43:44 761355 19775.5136
2019:05:06 14:43:44 767778 6141.7148
2019:05:06 14:43:44 793357 23917.8278
2019:05:06 14:43:44 845356 51992.5728
2019:05:06 14:43:44 884927 39561.1338
2019:05:06 14:43:44 891492 6144.6540
2019:05:06 14:43:44 945361 51422.7971
2019:05:06 14:43:44 960699 15329.2790
2019:05:06 14:43:44 984863 7504.9251
2019:05:06 14:43:45 9370 22019.4757
2019:05:06 14:43:45 41370 26168.8344
2019:05:06 14:43:45 77360 33521.1307
2019:05:06 14:43:45 91351 13982.6089
2019:05:06 14:43:45 119369 10010.5591
2019:05:06 14:43:45 142710 22133.1790
2019:05:06 14:43:45 173353 30248.8282
2019:05:06 14:43:45 188307 14944.5385
2019:05:06 14:43:45 211250 5886.8043
2019:05:06 14:43:45 237360 23629.7697
2019:05:06 14:43:45 269357 31990.7777
2019:05:06 14:43:45 301367 32000.2995
2019:05:06 14:43:45 311997 8151.7585
2019:05:06 14:43:45 333373 20134.3521
2019:05:06 14:43:45 376061 10699.4845
2019:05:06 14:43:45 398182 20491.2648
2019:05:06 14:43:45 406409 6598.5136
2019:05:06 14:43:45 429371 21776.7619
2019:05:06 14:43:45 444882 14770.8021
2019:05:06 14:43:45 471886 10525.5693
2019:05:06 14:43:45 475992 3280.7514
2019:05:06 14:43:45 498106 4748.1880
2019:05:06 14:43:45 504276 3721.8183
2019:05:06 14:43:45 541118 36051.6384
2019:05:06 14:43:45 569368 27833.4506
2019:05:06 14:43:45 601367 29529.4337
2019:05:06 14:43:45 621856 20475.3391
2019:05:06 14:43:45 640242 18376.6931
2019:05:06 14:43:45 649642 6513.1858
2019:05:06 14:43:45 667674 5635.0455
2019:05:06 14:43:45 671798 3312.0438
2019:05:06 14:43:45 688159 15144.7803
2019:05:06 14:43:45 695115 4924.6028
2019:05:06 14:43:45 709868 13947.2149
2019:05:06 14:43:45 715197 4917.7781
2019:05:06 14:43:45 734150 17307.4156
2019:05:06 14:43:45 743038 8153.8111
2019:05:06 14:43:45 768510 24245.8992
2019:05:06 14:43:45 789750 8172.3295
2019:05:06 14:43:45 808629 17597.9994
2019:05:06 14:43:45 815119 4495.5015
2019:05:06 14:43:45 832009 15966.9593
2019:05:06 14:43:45 838546 4568.4837
2019:05:06 14:43:45 861825 8129.3136
2019:05:06 14:43:45 879035 15976.8723
2019:05:06 14:43:45 887221 5718.1567
2019:05:06 14:43:45 904106 16433.9021
2019:05:06 14:43:45 911791 4923.6491
2019:05:06 14:43:45 931859 6108.5559
2019:05:06 14:43:45 953992 19257.3071
2019:05:06 14:43:45 974043 17588.6191
2019:05:06 14:43:45 981020 5751.7067
2019:05:06 14:43:45 985956 4047.0585
2019:05:06 14:43:46 4356 6543.9232
2019:05:06 14:43:46 22062 14833.6440
2019:05:06 14:43:46 49554 17617.7174
2019:05:06 14:43:46 56926 6988.8160
2019:05:06 14:43:46 93947 30446.8274
2019:05:06 14:43:46 104587 9849.9805
2019:05:06 14:43:46 126294 8433.8896
2019:05:06 14:43:46 143387 16050.0966
2019:05:06 14:43:46 166638 18774.1145
2019:05:06 14:43:46 174308 6677.7840
2019:05:06 14:43:46 192595 17746.9738
2019:05:06 14:43:46 225364 30256.9233
2019:05:06 14:43:46 264541 39168.8421
2019:05:06 14:43:46 272725 7369.6375
2019:05:06 14:43:46 333367 36002.4087
2019:05:06 14:43:46 343193 6564.9673
2019:05:06 14:43:46 368582 3215.1751
2019:05:06 14:43:46 390150 4788.1268
2019:05:06 14:43:46 421354 30388.2621
2019:05:06 14:43:46 458582 37218.3546
2019:05:06 14:43:46 463074 3693.7036
2019:05:06 14:43:46 481369 17472.8408
2019:05:06 14:43:46 486020 3294.5499
2019:05:06 14:43:46 513355 27321.1487
2019:05:06 14:43:46 557354 43991.0106
2019:05:06 14:43:46 593354 35989.6906
2019:05:06 14:43:46 629364 35999.3875
2019:05:06 14:43:46 665354 35176.8583
2019:05:06 14:43:46 693373 28011.7244
2019:05:06 14:43:46 701465 4096.5788
2019:05:06 14:43:46 725377 21458.9611
2019:05:06 14:43:46 753375 26528.0344
2019:05:06 14:43:46 795928 6569.4638
2019:05:06 14:43:46 825369 27378.0227
2019:05:06 14:43:46 866530 5162.8947
2019:05:06 14:43:46 893370 23981.3067
2019:05:06 14:43:46 925370 28924.9048
2019:05:06 14:43:46 961364 28265.6327
2019:05:06 14:43:47 21355 58279.7974
2019:05:06 14:43:47 56836 35469.8822
2019:05:06 14:43:47 88796 31550.2584
2019:05:06 14:43:47 125699 36887.8320
2019:05:06 14:43:47 135074 7774.4797
2019:05:06 14:43:47 157603 22513.0357
2019:05:06 14:43:47 185371 26533.5441
2019:05:06 14:43:47 221902 24142.6267
2019:05:06 14:43:47 230097 6155.2040
2019:05:06 14:43:47 253844 4485.1005
2019:05:06 14:43:47 293192 37293.4230
2019:05:06 14:43:47 318558 24970.0584
2019:05:06 14:43:47 326366 5353.9611
2019:05:06 14:43:47 353684 25288.3434
2019:05:06 14:43:47 377307 21994.3412
2019:05:06 14:43:47 385340 7629.8714
2019:05:06 14:43:47 412777 3419.4775
2019:05:06 14:43:47 493362 36002.2858
2019:05:06 14:43:47 503728 10357.1042
2019:05:06 14:43:47 522968 18439.7437
2019:05:06 14:43:47 553368 29572.9153
2019:05:06 14:43:47 593370 37232.1047
2019:05:06 14:43:47 602841 6950.4268
2019:05:06 14:43:47 665356 60894.2620
2019:05:06 14:43:47 674278 8914.8693
2019:05:06 14:43:47 713239 37326.5110
2019:05:06 14:43:47 744322 6953.2916
2019:05:06 14:43:47 765376 19006.8744
2019:05:06 14:43:47 772587 4530.0126
2019:05:06 14:43:47 829367 32004.4495
2019:05:06 14:43:47 865540 31522.1809
2019:05:06 14:43:47 893366 27005.0727
2019:05:06 14:43:47 933148 39769.4781
2019:05:06 14:43:47 940089 6923.5712
2019:05:06 14:43:47 977448 37343.6436
2019:05:06 14:43:48 1953 22539.8093
2019:05:06 14:43:48 11349 7777.2215
2019:05:06 14:43:48 33063 3704.7006
2019:05:06 14:43:48 61359 27068.8571
2019:05:06 14:43:48 97863 36495.9016
2019:05:06 14:43:48 108053 8592.1064
2019:05:06 14:43:48 128117 19850.4999
2019:05:06 14:43:48 157358 28818.5664
2019:05:06 14:43:48 189368 32002.1734
2019:05:06 14:43:48 221358 27262.7547
2019:05:06 14:43:48 230514 9149.2683
2019:05:06 14:43:48 285380 32011.6021
2019:05:06 14:43:48 297235 7766.3399
2019:05:06 14:43:48 325376 26907.6377
2019:05:06 14:43:48 349379 14428.0680
2019:05:06 14:43:48 379433 6069.6937
2019:05:06 14:43:48 405374 22266.5071
2019:05:06 14:43:48 437370 28855.0816
2019:05:06 14:43:48 469360 23143.7311
2019:05:06 14:43:48 476505 7137.6264
2019:05:06 14:43:48 501368 21592.8331
2019:05:06 14:43:48 543661 37679.4860
2019:05:06 14:43:48 565369 20477.0714
2019:05:06 14:43:48 575971 8558.0423
2019:05:06 14:43:48 600548 23779.9138
2019:05:06 14:43:48 624488 23534.5066
2019:05:06 14:43:48 669641 45141.3281
2019:05:06 14:43:48 693618 23969.0728
2019:05:06 14:43:48 721032 27406.0778
2019:05:06 14:43:48 765727 44273.2945
2019:05:06 14:43:48 789360 23625.5527
2019:05:06 14:43:48 805810 16442.8130
2019:05:06 14:43:48 812766 6142.5418
2019:05:06 14:43:48 869358 32000.7503
2019:05:06 14:43:48 885275 15909.3589
2019:05:06 14:43:48 907388 6025.5527
2019:05:06 14:43:48 933370 23914.6985
2019:05:06 14:43:48 965368 30945.9493
2019:05:06 14:43:48 981125 6559.9084
2019:05:06 14:43:49 3716 6353.2032
2019:05:06 14:43:49 34427 29079.2324
2019:05:06 14:43:49 61364 26526.9130
2019:05:06 14:43:49 74175 12801.8148
2019:05:06 14:43:49 97113 20510.5022
2019:05:06 14:43:49 102441 3693.2155
2019:05:06 14:43:49 125372 21313.4103
2019:05:06 14:43:49 157362 30361.6524
2019:05:06 14:43:49 189365 31995.2555
2019:05:06 14:43:49 200315 8601.0061
2019:05:06 14:43:49 227856 6494.2688
2019:05:06 14:43:49 266169 12806.8216
2019:05:06 14:43:49 291686 6325.2598
2019:05:06 14:43:49 317359 24037.6405
2019:05:06 14:43:49 349354 31988.0322
2019:05:06 14:43:49 389353 39989.1213
2019:05:06 14:43:49 421354 31990.7144
2019:05:06 14:43:49 460024 38660.8765
2019:05:06 14:43:49 464129 3307.6219
2019:05:06 14:43:49 493371 28831.4894
2019:05:06 14:43:49 525360 22718.5823
2019:05:06 14:43:49 534164 8795.9096
2019:05:06 14:43:49 557372 21590.8289
2019:05:06 14:43:49 589367 29793.3780
2019:05:06 14:43:49 621361 22875.5623
2019:05:06 14:43:49 633274 11904.3179
2019:05:06 14:43:49 652115 6129.6523
2019:05:06 14:43:49 673845 19676.4618
2019:05:06 14:43:49 701359 23844.3390
2019:05:06 14:43:49 733353 31986.9630
2019:05:06 14:43:49 747610 14248.1960
2019:05:06 14:43:49 770130 4772.3502
2019:05:06 14:43:49 775877 3372.2483
2019:05:06 14:43:49 800852 3483.6382
2019:05:06 14:43:49 837479 24335.7904
2019:05:06 14:43:49 861359 22832.5948
2019:05:06 14:43:49 871726 10360.0696
2019:05:06 14:43:49 895472 22129.6549
2019:05:06 14:43:49 925365 29500.0747
2019:05:06 14:43:49 957359 23402.5717
2019:05:06 14:43:49 970005 12630.4291
2019:05:06 14:43:50 5269 15907.2392
2019:05:06 14:43:50 31440 10075.3456
2019:05:06 14:43:50 53369 18656.7716
2019:05:06 14:43:50 61368 5351.6887
2019:05:06 14:43:50 93368 30387.2302
2019:05:06 14:43:50 125370 22649.1019
2019:05:06 14:43:50 134657 4917.9271
2019:05:06 14:43:50 197355 61045.2741
2019:05:06 14:43:50 206358 8995.0226
2019:05:06 14:43:50 269356 60524.0352
2019:05:06 14:43:50 277764 8399.4195
2019:05:06 14:43:50 325354 47189.1761
2019:05:06 14:43:50 335104 9734.7125
2019:05:06 14:43:50 353963 18844.8168
2019:05:06 14:43:50 375660 20484.1979
2019:05:06 14:43:50 383838 7774.1332
2019:05:06 14:43:50 405365 19481.0517
2019:05:06 14:43:50 441354 34467.5109
2019:05:06 14:43:50 457161 15798.3191
2019:05:06 14:43:50 478057 4688.5163
2019:05:06 14:43:50 485445 6574.3364
2019:05:06 14:43:50 529358 23992.7657
2019:05:06 14:43:50 565367 36001.9244
2019:05:06 14:43:50 577165 7346.4513
2019:05:06 14:43:50 637354 35996.1726
2019:05:06 14:43:50 647619 10256.0408
2019:05:06 14:43:50 676274 27417.0041
2019:05:06 14:43:50 714399 38115.4157
2019:05:06 14:43:50 722155 6551.9176
2019:05:06 14:43:50 746320 23326.7322
2019:05:06 14:43:50 773359 26226.5988
2019:05:06 14:43:50 809435 36065.4555
2019:05:06 14:43:50 816957 5929.3993
2019:05:06 14:43:50 849369 31178.2770
2019:05:06 14:43:50 885364 27418.5203
2019:05:06 14:43:50 893559 6135.3818
2019:05:06 14:43:50 957364 36000.9149
2019:05:06 14:43:50 989359 31088.9222
2019:05:06 14:43:51 21368 32000.3405
2019:05:06 14:43:51 31184 4887.1674
2019:05:06 14:43:51 50026 16791.6529
2019:05:06 14:43:51 56166 5320.1988
2019:05:06 14:43:51 61087 4911.3445
2019:05:06 14:43:51 81184 19653.7226
2019:05:06 14:43:51 97566 16375.0052
2019:05:06 14:43:51 104900 6556.5705
2019:05:06 14:43:51 121739 16832.3591
2019:05:06 14:43:51 127029 4489.5597
2019:05:06 14:43:51 131524 4480.7233
2019:05:06 14:43:51 152826 20068.7274
2019:05:06 14:43:51 174948 19258.7860
2019:05:06 14:43:51 182316 6137.5797
2019:05:06 14:43:51 217191 32827.7275
2019:05:06 14:43:51 247426 28658.9153
2019:05:06 14:43:51 253988 5328.1821
2019:05:06 14:43:51 290444 9081.2929
2019:05:06 14:43:51 320353 27022.7753
2019:05:06 14:43:51 357365 35795.4837
2019:05:06 14:43:51 369938 7363.8149
2019:05:06 14:43:51 391632 19273.5381
2019:05:06 14:43:51 421360 28533.9691
2019:05:06 14:43:51 460919 39550.7216
2019:05:06 14:43:51 469102 7372.4575
2019:05:06 14:43:51 529367 36004.4651
2019:05:06 14:43:51 539387 8044.3993
2019:05:06 14:43:51 565198 24575.2446
2019:05:06 14:43:51 602480 37270.2554
2019:05:06 14:43:51 611498 8202.1691
2019:05:06 14:43:51 629514 17602.4921
2019:05:06 14:43:51 634418 2864.2416
2019:05:06 14:43:51 654085 18430.1622
2019:05:06 14:43:51 674573 16906.0566
2019:05:06 14:43:51 682347 6142.2437
2019:05:06 14:43:51 693819 9000.8713
2019:05:06 14:43:51 712248 16791.7646
2019:05:06 14:43:51 719640 6558.9584
2019:05:06 14:43:51 757366 36519.8627
2019:05:06 14:43:51 765075 5317.1441
2019:05:06 14:43:51 789359 23091.9234
2019:05:06 14:43:51 794153 4785.8544
2019:05:06 14:43:51 816703 3341.7046
2019:05:06 14:43:51 856603 7243.7041
2019:05:06 14:43:51 887708 29468.9760
2019:05:06 14:43:51 921372 33654.0379
2019:05:06 14:43:51 934827 8556.2728
2019:05:06 14:43:51 985359 50525.6616
2019:05:06 14:43:52 26079 40713.1910
2019:05:06 14:43:52 32638 6164.6923
2019:05:06 14:43:52 93370 36007.2777
2019:05:06 14:43:52 102277 5769.0255
2019:05:06 14:43:52 125368 21893.8477
2019:05:06 14:43:52 165768 37291.1207
2019:05:06 14:43:52 189370 21995.2464
2019:05:06 14:43:52 196471 5334.0867
2019:05:06 14:43:52 221364 23275.7293
2019:05:06 14:43:52 253372 30267.0561
2019:05:06 14:43:52 285355 23336.6713
2019:05:06 14:43:52 293933 8569.2443
2019:05:06 14:43:52 317371 21803.0848
2019:05:06 14:43:52 349368 30041.4562
2019:05:06 14:43:52 373382 15110.4555
2019:05:06 14:43:52 397380 12013.7259
2019:05:06 14:43:52 438121 31926.3712
2019:05:06 14:43:52 465364 26851.4007
2019:05:06 14:43:52 501636 36263.7378
2019:05:06 14:43:52 509387 6973.4864
2019:05:06 14:43:52 529866 19670.0655
2019:05:06 14:43:52 549951 18056.0015
2019:05:06 14:43:52 559754 9013.5112
2019:05:06 14:43:52 589366 28783.2804
2019:05:06 14:43:52 602358 4478.5663
2019:05:06 14:43:52 625719 21315.1649
2019:05:06 14:43:52 631437 5710.3932
2019:05:06 14:43:52 661367 27879.4616
2019:05:06 14:43:52 701366 31835.5858
2019:05:06 14:43:52 733369 30259.1585
2019:05:06 14:43:52 761366 19748.7473
2019:05:06 14:43:52 797367 30363.2915
2019:05:06 14:43:52 838309 37669.2787
2019:05:06 14:43:52 865357 26223.6185
2019:05:06 14:43:52 873376 8009.6833
2019:05:06 14:43:52 909369 20004.4960
2019:05:06 14:43:52 919415 5320.1504
2019:05:06 14:43:52 945359 25523.4241
2019:05:06 14:43:52 982520 37154.6224
2019:05:06 14:43:52 991947 8206.3749
2019:05:06 14:43:53 12836 20878.1846
2019:05:06 14:43:53 41360 26867.3263
2019:05:06 14:43:53 73366 31998.2469
2019:05:06 14:43:53 87784 10182.2019
2019:05:06 14:43:53 108265 19262.9471
2019:05:06 14:43:53 141364 32263.2305
2019:05:06 14:43:53 156201 6129.9913
2019:05:06 14:43:53 178695 5336.9738
2019:05:06 14:43:53 205380 24220.9248
2019:05:06 14:43:53 237366 30389.1934
2019:05:06 14:43:53 252850 6904.9150
2019:05:06 14:43:53 279928 2570.2417
2019:05:06 14:43:53 313367 32615.8889
2019:05:06 14:43:53 324141 6141.2938
2019:05:06 14:43:53 385355 35997.0070
2019:05:06 14:43:53 437359 51996.0336
2019:05:06 14:43:53 442950 5582.6381
2019:05:06 14:43:53 446624 3264.9599
2019:05:06 14:43:53 461459 14035.0387
2019:05:06 14:43:53 491044 27573.8463
2019:05:06 14:43:53 525353 33495.3591
2019:05:06 14:43:53 566180 40817.0074
2019:05:06 14:43:53 633354 35991.6650
2019:05:06 14:43:53 639871 6508.6670
2019:05:06 14:43:53 656230 15560.1166
2019:05:06 14:43:53 721355 61437.3423
2019:05:06 14:43:53 757367 36002.7738
2019:05:06 14:43:53 793368 33912.6214
2019:05:06 14:43:53 829365 30972.5292
2019:05:06 14:43:53 865372 34198.6455
2019:05:06 14:43:53 876994 6960.6230
2019:05:06 14:43:53 933354 31995.0134
2019:05:06 14:43:53 965370 32007.1504
2019:05:06 14:43:53 974498 6555.3226
2019:05:06 14:43:53 997372 22062.6071
2019:05:06 14:43:54 29364 29859.3268
2019:05:06 14:43:54 44959 6960.9806
2019:05:06 14:43:54 67880 6521.4187
2019:05:06 14:43:54 93372 22219.8702
2019:05:06 14:43:54 121370 24829.2051
2019:05:06 14:43:54 163329 5970.9698
2019:05:06 14:43:54 193364 28013.1623
2019:05:06 14:43:54 236461 7096.8419
2019:05:06 14:43:54 265366 26862.6884
2019:05:06 14:43:54 310206 4837.9153
2019:05:06 14:43:54 337371 24710.4838
2019:05:06 14:43:54 369370 20246.9230
2019:05:06 14:43:54 380238 6133.9475
2019:05:06 14:43:54 429365 29983.4795
2019:05:06 14:43:54 444533 10210.4060
2019:05:06 14:43:54 465006 3645.2040
2019:05:06 14:43:54 489362 23129.1726
2019:05:06 14:43:54 513360 23989.7929
2019:05:06 14:43:54 549353 35985.4922
2019:05:06 14:43:54 557184 7822.8712
2019:05:06 14:43:54 560435 3241.3565
2019:05:06 14:43:54 585370 24923.2426
2019:05:06 14:43:54 621355 34281.4811
2019:05:06 14:43:54 657354 35989.9923
2019:05:06 14:43:54 693364 36000.3822
2019:05:06 14:43:54 704615 6926.6036
2019:05:06 14:43:54 731721 26706.3938
2019:05:06 14:43:54 761365 28835.9635
2019:05:06 14:43:54 777189 7366.7802
2019:05:06 14:43:54 799727 6364.4461
2019:05:06 14:43:54 825361 24005.7483
2019:05:06 14:43:54 857364 31996.1160
2019:05:06 14:43:54 889371 22853.6204
2019:05:06 14:43:54 899235 6952.9824
2019:05:06 14:43:54 933377 32503.4335
2019:05:06 14:43:54 944696 6114.7362
2019:05:06 14:43:54 965359 20652.0148
2019:05:06 14:43:54 970920 5552.8395
2019:05:06 14:43:55 21359 48394.1250
2019:05:06 14:43:55 62257 40890.1758
2019:05:06 14:43:55 93361 30296.6200
2019:05:06 14:43:55 138617 45246.1913
2019:05:06 14:43:55 178378 38946.7888
2019:05:06 14:43:55 209892 30269.4403
2019:05:06 14:43:55 241359 31054.2583
2019:05:06 14:43:55 256580 15213.6870
2019:05:06 14:43:55 276322 19340.4518
2019:05:06 14:43:55 281985 4104.1747
2019:05:06 14:43:55 305369 20861.0557
2019:05:06 14:43:55 337371 28617.4938
2019:05:06 14:43:55 353142 7374.7076
2019:05:06 14:43:55 374033 4669.6439
2019:05:06 14:43:55 401370 22831.2053
2019:05:06 14:43:55 433373 28636.4593
2019:05:06 14:43:55 461358 19168.4328
2019:05:06 14:43:55 497354 35987.0195
2019:05:06 14:43:55 533353 35990.0482
2019:05:06 14:43:55 569367 36003.0532
2019:05:06 14:43:55 605355 34088.7792
2019:05:06 14:43:55 616670 11305.6637
2019:05:06 14:43:55 667862 6504.1780
2019:05:06 14:43:55 697374 27889.7770
2019:05:06 14:43:55 737089 30324.2579
2019:05:06 14:43:55 769360 32264.2662
2019:05:06 14:43:55 805366 35998.2774
2019:05:06 14:43:55 814487 6552.6180
2019:05:06 14:43:55 869353 35988.0663
2019:05:06 14:43:55 879836 10473.4898
2019:05:06 14:43:55 909333 3972.7762
2019:05:06 14:43:55 949645 8282.3746
2019:05:06 14:43:55 981170 29909.6517
2019:05:06 14:43:56 18285 36291.3422
2019:05:06 14:43:56 49365 29464.4199
2019:05:06 14:43:56 89366 37918.0089
2019:05:06 14:43:56 98951 6556.8760
2019:05:06 14:43:56 137064 37699.7776
2019:05:06 14:43:56 166131 4773.5535
2019:05:06 14:43:56 197372 27150.8805
2019:05:06 14:43:56 238634 5274.7168
2019:05:06 14:43:56 282450 40546.3465
2019:05:06 14:43:56 314077 29580.7421
2019:05:06 14:43:56 329591 14793.4742
2019:05:06 14:43:56 351681 21304.7527
2019:05:06 14:43:56 371327 18419.4855
2019:05:06 14:43:56 376264 4123.4493
2019:05:06 14:43:56 400838 3473.5017
2019:05:06 14:43:56 438500 7124.4761
2019:05:06 14:43:56 468392 27448.8330
2019:05:06 14:43:56 501354 31727.0756
2019:05:06 14:43:56 537366 36002.7812
2019:05:06 14:43:56 573359 32879.5053
2019:05:06 14:43:56 617370 44004.3211
2019:05:06 14:43:56 658035 4676.2601
2019:05:06 14:43:56 689371 29290.2626
2019:05:06 14:43:56 731212 5849.4434
2019:05:06 14:43:56 736558 4524.8754
2019:05:06 14:43:56 797369 36011.0328
2019:05:06 14:43:56 833359 31692.4416
2019:05:06 14:43:56 870468 37100.6317
2019:05:06 14:43:56 937353 35989.8545
2019:05:06 14:43:56 973365 36002.7887
2019:05:06 14:43:57 9367 34459.7623
2019:05:06 14:43:57 19569 6122.8089
2019:05:06 14:43:57 85369 36018.4163
2019:05:06 14:43:57 95740 6546.3781
2019:05:06 14:43:57 126870 5507.0147
2019:05:06 14:43:57 157373 28463.4009
2019:05:06 14:43:57 198238 4878.2527
2019:05:06 14:43:57 229360 29478.2333
2019:05:06 14:43:57 251892 22523.7347
2019:05:06 14:43:57 285367 33063.1919
2019:05:06 14:43:57 321369 30248.7873
2019:05:06 14:43:57 357359 33383.3061
2019:05:06 14:43:57 367816 10448.9326
2019:05:06 14:43:57 395256 27044.9184
2019:05:06 14:43:57 414084 18009.9756
2019:05:06 14:43:57 418729 3824.6401
2019:05:06 14:43:57 438409 18037.5092
2019:05:06 14:43:57 453371 13344.6567
2019:05:06 14:43:57 465009 7344.3241
2019:05:06 14:43:57 525353 35995.3828
2019:05:06 14:43:57 534238 8876.9048
2019:05:06 14:43:57 561375 25904.0371
2019:05:06 14:43:57 602530 38791.0344
2019:05:06 14:43:57 609064 4926.6368
2019:05:06 14:43:57 649638 40557.6862
2019:05:06 14:43:57 656590 6152.1977
2019:05:06 14:43:57 684604 3241.8109
2019:05:06 14:43:57 753357 35999.7079
2019:05:06 14:43:57 762825 9458.0911
2019:05:06 14:43:57 792724 28656.5796
2019:05:06 14:43:57 849371 31996.7791
2019:05:06 14:43:57 860350 6553.3854
2019:05:06 14:43:57 888982 3623.6607
2019:05:06 14:43:57 927072 5715.0498
2019:05:06 14:43:57 957355 28657.0154
2019:05:06 14:43:57 993354 35992.2051
2019:05:06 14:43:58 4499 11134.6804
2019:05:06 14:43:58 65361 36002.9191
2019:05:06 14:43:58 78635 13263.8589
2019:05:06 14:43:58 100349 20915.2810
2019:05:06 14:43:58 125371 24622.3100
2019:05:06 14:43:58 157375 27938.7236
2019:05:06 14:43:58 189369 22648.2712
2019:05:06 14:43:58 201189 8620.9588
2019:05:06 14:43:58 224114 2748.8060
2019:05:06 14:43:58 253366 28037.8982
2019:05:06 14:43:58 266715 5308.0097
2019:05:06 14:43:58 293391 25038.0300
2019:05:06 14:43:58 329372 34395.8177
2019:05:06 14:43:58 365364 31035.7325
2019:05:06 14:43:58 401359 34668.1029
2019:05:06 14:43:58 441367 39999.1982
2019:05:06 14:43:58 483617 6258.5212
2019:05:06 14:43:58 513372 27699.5674
2019:05:06 14:43:58 549951 22900.7490
2019:05:06 14:43:58 559814 8219.3390
2019:05:06 14:43:58 583971 22925.3396
2019:05:06 14:43:58 609373 24185.5271
2019:05:06 14:43:58 641371 19276.8872
2019:05:06 14:43:58 656065 9815.9797
2019:05:06 14:43:58 677774 20902.6672
2019:05:06 14:43:58 705372 24346.3032
2019:05:06 14:43:58 746187 4825.0370
2019:05:06 14:43:58 777365 28340.1832
2019:05:06 14:43:58 818264 40885.7651
2019:05:06 14:43:58 823985 4103.7835
2019:05:06 14:43:58 885355 61363.8163
2019:05:06 14:43:58 894014 8650.8691
2019:05:06 14:43:58 913371 18537.9609
2019:05:06 14:43:58 941371 24831.2764
2019:05:06 14:43:58 973371 30611.0531
2019:05:06 14:43:59 5375 23285.3182
2019:05:06 14:43:59 13689 6224.9266
2019:05:06 14:43:59 37369 22090.4462
2019:05:06 14:43:59 69372 28693.9777
2019:05:06 14:43:59 86995 8196.2831
2019:05:06 14:43:59 108256 18813.9826
2019:05:06 14:43:59 141359 33092.1225
2019:05:06 14:43:59 181363 39997.8757
2019:05:06 14:43:59 217370 34573.6258
2019:05:06 14:43:59 229086 7334.0721
2019:05:06 14:43:59 256954 3590.4124
2019:05:06 14:43:59 292992 23757.1336
2019:05:06 14:43:59 299126 5733.0281
2019:05:06 14:43:59 323296 22938.0578
2019:05:06 14:43:59 349354 25620.9448
2019:05:06 14:43:59 360971 11607.0509
2019:05:06 14:43:59 384340 21726.4891
2019:05:06 14:43:59 413362 28618.9318
2019:05:06 14:43:59 449483 36114.9535
2019:05:06 14:43:59 477366 27097.7020
2019:05:06 14:43:59 509356 29192.3769
2019:05:06 14:43:59 546135 36772.8658
2019:05:06 14:43:59 554292 7775.5600
2019:05:06 14:43:59 573371 19064.1955
2019:05:06 14:43:59 605361 29106.4568
2019:05:06 14:43:59 641376 36005.1505
2019:05:06 14:43:59 649175 6590.8991
2019:05:06 14:43:59 672510 20489.5623
2019:05:06 14:43:59 701369 27615.9532
2019:05:06 14:43:59 733367 19483.2869
2019:05:06 14:43:59 746220 7745.0648
2019:05:06 14:43:59 768614 21558.5493
2019:05:06 14:43:59 797358 27925.2157
2019:05:06 14:43:59 829369 32000.5827
2019:05:06 14:43:59 843562 9790.5882
2019:05:06 14:43:59 862234 18274.4637
2019:05:06 14:43:59 893360 28664.7156
2019:05:06 14:43:59 915077 21708.1718
2019:05:06 14:43:59 940468 23754.1795
2019:05:06 14:43:59 969366 28885.0293
2019:05:06 14:44:00 7023 28784.3905
2019:05:06 14:44:00 16028 8590.1879
2019:05:06 14:44:00 52478 11115.8565
2019:05:06 14:44:00 77875 21711.1781
2019:05:06 14:44:00 82803 4523.4598
2019:05:06 14:44:00 105368 22547.8932
2019:05:06 14:44:00 127668 18431.3171
2019:05:06 14:44:00 157360 28867.0957
2019:05:06 14:44:00 189368 31999.5098
2019:05:06 14:44:00 201401 7357.8171
2019:05:06 14:44:00 223943 20499.6467
2019:05:06 14:44:00 257360 33031.7654
2019:05:06 14:44:00 295206 37835.4080
2019:05:06 14:44:00 329355 33760.5365
2019:05:06 14:44:00 339541 10175.9993
2019:05:06 14:44:00 369448 28657.2613
2019:05:06 14:44:00 397360 27089.0817
2019:05:06 14:44:00 408774 11406.7048
2019:05:06 14:44:00 441570 7395.5581
2019:05:06 14:44:00 465370 22190.3212
2019:05:06 14:44:00 497365 28783.0606
2019:05:06 14:44:00 512424 6524.0972
2019:05:06 14:44:00 534150 4790.8947
2019:05:06 14:44:00 561361 23946.0096
2019:05:06 14:44:00 585364 23996.4314
2019:05:06 14:44:00 621353 34762.7290
2019:05:06 14:44:00 631238 9875.6142
2019:05:06 14:44:00 659914 28658.8781
2019:05:06 14:44:00 695948 35224.2626
2019:05:06 14:44:00 704149 8187.5548
2019:05:06 14:44:00 765373 36011.9119
2019:05:06 14:44:00 801364 30771.5721
2019:05:06 14:44:00 829370 24756.9457
2019:05:06 14:44:00 861370 19460.7526
2019:05:06 14:44:00 875087 9023.6031
2019:05:06 14:44:00 898003 4637.4984
2019:05:06 14:44:00 925372 25316.9239
2019:05:06 14:44:00 961365 23481.7676
2019:05:06 14:44:00 973090 7783.3571
2019:05:06 14:44:01 25370 32004.8220
2019:05:06 14:44:01 63477 28648.9688
2019:05:06 14:44:01 97373 31851.5077
2019:05:06 14:44:01 137190 31096.4882
2019:05:06 14:44:01 169358 31753.7412
2019:05:06 14:44:01 205366 36000.1363
2019:05:06 14:44:01 211202 4113.2271
2019:05:06 14:44:01 281367 40007.0176
2019:05:06 14:44:01 313369 30498.1768
2019:05:06 14:44:01 327529 5711.7231
2019:05:06 14:44:01 351265 22510.3498
2019:05:06 14:44:01 356192 4106.0187
2019:05:06 14:44:01 405361 27999.6805
2019:05:06 14:44:01 442469 37099.7787
2019:05:06 14:44:01 452305 8207.7980
2019:05:06 14:44:01 477725 4360.8323
2019:05:06 14:44:01 516611 7253.5425
2019:05:06 14:44:01 548547 27450.1443
2019:05:06 14:44:01 585974 36181.1668
2019:05:06 14:44:01 616693 29490.8322
2019:05:06 14:44:01 637990 19250.0576
2019:05:06 14:44:01 673353 32081.4662
2019:05:06 14:44:01 711726 38364.3247
2019:05:06 14:44:01 741359 29626.3508
2019:05:06 14:44:01 773370 32002.8886
2019:05:06 14:44:01 784202 6114.4046
2019:05:06 14:44:01 805359 20333.3683
2019:05:06 14:44:01 837376 32009.1359
2019:05:06 14:44:01 873153 22133.0225
2019:05:06 14:44:01 884986 10651.7076
2019:05:06 14:44:01 907106 5741.0561
2019:05:06 14:44:01 933376 23817.7776
2019:05:06 14:44:01 965372 20159.8704
2019:05:06 14:44:01 979202 9384.1888
2019:05:06 14:44:02 41373 36014.3892
2019:05:06 14:44:02 52917 8597.5453
2019:05:06 14:44:02 109371 32007.0758
2019:05:06 14:44:02 145354 30964.3261
2019:05:06 14:44:02 181353 35990.9981
2019:05:06 14:44:02 191356 9995.2444
2019:05:06 14:44:02 220851 27849.5662
2019:05:06 14:44:02 257058 35797.6966
2019:05:06 14:44:02 264024 6570.1716
2019:05:06 14:44:02 289398 8039.6570
2019:05:06 14:44:02 313374 22346.7350
2019:05:06 14:44:02 345365 29758.2969
2019:05:06 14:44:02 360254 5700.0481
2019:05:06 14:44:02 381575 4205.4951
2019:05:06 14:44:02 407378 23783.0281
2019:05:06 14:44:02 433359 25973.0183
2019:05:06 14:44:02 469356 35988.2787
2019:05:06 14:44:02 505358 35993.1365
2019:05:06 14:44:02 541353 35986.2112
2019:05:06 14:44:02 577366 36004.4762
2019:05:06 14:44:02 613369 33575.2033
2019:05:06 14:44:02 649366 31043.3581
2019:05:06 14:44:02 689368 35861.6747
2019:05:06 14:44:02 701441 9421.4827
2019:05:06 14:44:02 737009 15640.6201
2019:05:06 14:44:02 755498 17725.3932
2019:05:06 14:44:02 780607 18660.6869
2019:05:06 14:44:02 790430 5383.6517
2019:05:06 14:44:02 797578 4936.1102
2019:05:06 14:44:02 819510 9235.1064
2019:05:06 14:44:02 842160 20712.9605
2019:05:06 14:44:02 860255 14711.6520
2019:05:06 14:44:02 868040 4619.8443
2019:05:06 14:44:02 891825 10322.9545
2019:05:06 14:44:02 911002 18062.2488
2019:05:06 14:44:02 933596 19607.9835
2019:05:06 14:44:02 940538 4563.3018
2019:05:06 14:44:02 962609 8926.7567
2019:05:06 14:44:02 981422 17224.8185
2019:05:06 14:44:02 990427 7384.4828
2019:05:06 14:44:03 10078 7762.5774
2019:05:06 14:44:03 32599 21707.6242
2019:05:06 14:44:03 53504 19893.0092
2019:05:06 14:44:03 62137 6593.6148
2019:05:06 14:44:03 84643 10230.0830
2019:05:06 14:44:03 106805 8640.4271
2019:05:06 14:44:03 128452 19638.0913
2019:05:06 14:44:03 145319 15018.9474
2019:05:06 14:44:03 153983 8328.7582
2019:05:06 14:44:03 173950 16398.9626
2019:05:06 14:44:03 193963 17652.0348
2019:05:06 14:44:03 202605 7852.0477
2019:05:06 14:44:03 221813 16820.6468
2019:05:06 14:44:03 241527 16455.4156
2019:05:06 14:44:03 254184 11884.1380
2019:05:06 14:44:03 261881 7285.2746
2019:05:06 14:44:03 282491 18870.9162
2019:05:06 14:44:03 289464 3534.8572
2019:05:06 14:44:03 307854 5634.7661
2019:05:06 14:44:03 330305 20219.7954
2019:05:06 14:44:03 349229 18780.6301
2019:05:06 14:44:03 356251 5823.3105
2019:05:06 14:44:03 374617 17567.8097
2019:05:06 14:44:03 383273 8203.9014
2019:05:06 14:44:03 407434 9410.5117
2019:05:06 14:44:03 427882 18385.5295
2019:05:06 14:44:03 449159 18774.0177
2019:05:06 14:44:03 456206 3788.3334
2019:05:06 14:44:03 476612 19159.8423
2019:05:06 14:44:03 498419 20053.5282
2019:05:06 14:44:03 505353 4590.6827
2019:05:06 14:44:03 525047 7070.8990
2019:05:06 14:44:03 545030 18460.2290
2019:05:06 14:44:03 553697 4911.2625
2019:05:06 14:44:03 571220 4897.4194
2019:05:06 14:44:03 577398 4541.1773
2019:05:06 14:44:03 595788 5615.5324
2019:05:06 14:44:03 615970 17607.8975
2019:05:06 14:44:03 638802 19261.8072
2019:05:06 14:44:03 649851 9440.6381
2019:05:06 14:44:03 668266 6821.4424
2019:05:06 14:44:03 686821 17728.9136
2019:05:06 14:44:03 698598 10243.4047
2019:05:06 14:44:03 706757 6938.6549
2019:05:06 14:44:03 726566 18978.1450
2019:05:06 14:44:03 735521 6626.8519
2019:05:06 14:44:03 770271 24548.4859
2019:05:06 14:44:03 780119 9030.3645
2019:05:06 14:44:03 801500 20590.5661
2019:05:06 14:44:03 817437 14808.5244
2019:05:06 14:44:03 827618 8621.0258
2019:05:06 14:44:03 845643 17221.9016
2019:05:06 14:44:03 866137 17232.3845
2019:05:06 14:44:03 876350 9019.5090
2019:05:06 14:44:03 897657 21298.4905
2019:05:06 14:44:03 914460 15835.6614
2019:05:06 14:44:03 922626 6969.1986
2019:05:06 14:44:03 941907 17642.1143
2019:05:06 14:44:03 970326 7913.0791
2019:05:06 14:44:03 989457 18029.4625
2019:05:06 14:44:04 9973 19228.7080
2019:05:06 14:44:04 17984 6866.8686
2019:05:06 14:44:04 41896 23308.7465
2019:05:06 14:44:04 63119 19252.0395
2019:05:06 14:44:04 82468 18387.2804
2019:05:06 14:44:04 91392 8145.7496
2019:05:06 14:44:04 107375 13940.3269
2019:05:06 14:44:04 116008 6584.6220
2019:05:06 14:44:04 138889 21272.0372
2019:05:06 14:44:04 158647 18930.9344
2019:05:06 14:44:04 178280 17271.9359
2019:05:06 14:44:04 186547 7484.7825
2019:05:06 14:44:04 207012 19360.0543
2019:05:06 14:44:04 226192 17157.4652
2019:05:06 14:44:04 235182 7811.1663
2019:05:06 14:44:04 261031 10178.1450
2019:05:06 14:44:04 279103 17738.8228
2019:05:06 14:44:04 297911 18364.3401
2019:05:06 14:44:04 322236 22662.1404
2019:05:06 14:44:04 329175 5849.6669
2019:05:06 14:44:04 345608 15725.4897
2019:05:06 14:44:04 353264 6883.1854
2019:05:06 14:44:04 369676 15109.5875
2019:05:06 14:44:04 378716 8149.0092
2019:05:06 14:44:04 396703 16736.0194
2019:05:06 14:44:04 408976 10240.3611
2019:05:06 14:44:04 415118 4510.7678
2019:05:06 14:44:04 449126 6947.4541
2019:05:06 14:44:04 470417 18820.8893
2019:05:06 14:44:04 476572 4113.7412
2019:05:06 14:44:04 496631 6953.4481
2019:05:06 14:44:04 513837 16786.3034
2019:05:06 14:44:04 523254 8209.2769
2019:05:06 14:44:04 544533 20059.4366
2019:05:06 14:44:04 562178 16280.0290
2019:05:06 14:44:04 571156 8164.1227
2019:05:06 14:44:04 590014 18849.0935
2019:05:06 14:44:04 597388 5341.8465
2019:05:06 14:44:04 615387 5729.3586
2019:05:06 14:44:04 638750 19266.3409
2019:05:06 14:44:04 660505 15128.8658
2019:05:06 14:44:04 669449 6056.2268
2019:05:06 14:44:04 691170 8995.6895
2019:05:06 14:44:04 705517 13541.1844
2019:05:06 14:44:04 713683 6960.4740
2019:05:06 14:44:04 732533 17609.3839
2019:05:06 14:44:04 740710 5731.8471
2019:05:06 14:44:04 759570 17223.3731
2019:05:06 14:44:04 777612 17240.0214
2019:05:06 14:44:04 787037 8208.2972
2019:05:06 14:44:04 811624 22887.4087
2019:05:06 14:44:04 832069 6138.1161
2019:05:06 14:44:04 849697 16410.7457
2019:05:06 14:44:04 857870 7377.4569
2019:05:06 14:44:04 880819 22556.0665
2019:05:06 14:44:04 897603 15582.4535
2019:05:06 14:44:04 906193 8197.1772
2019:05:06 14:44:04 927509 20515.8852
2019:05:06 14:44:04 945145 16438.0893
2019:05:06 14:44:04 952065 5741.7415
2019:05:06 14:44:04 969705 15972.1822
2019:05:06 14:44:04 993925 23022.6927
2019:05:06 14:44:05 18446 22569.9618
2019:05:06 14:44:05 24156 4923.5560
2019:05:06 14:44:05 31110 6934.9855
2019:05:06 14:44:05 49540 8161.4628
2019:05:06 14:44:05 70030 20066.0415
2019:05:06 14:44:05 89774 16471.1438
2019:05:06 14:44:05 98284 7772.7847
2019:05:06 14:44:05 115496 17196.6068
2019:05:06 14:44:05 122060 3685.6197
2019:05:06 14:44:05 137697 14435.3993
2019:05:06 14:44:05 144994 5755.9833
2019:05:06 14:44:05 162598 17591.7521
2019:05:06 14:44:05 171208 7399.1530
2019:05:06 14:44:05 192915 6956.9275
2019:05:06 14:44:05 211754 17205.4842
2019:05:06 14:44:05 219523 4909.8618
2019:05:06 14:44:05 241234 7354.0509
2019:05:06 14:44:05 261951 18049.6573
2019:05:06 14:44:05 282827 18024.2211
2019:05:06 14:44:05 293075 8610.4088
2019:05:06 14:44:05 313146 7776.1896
2019:05:06 14:44:05 331994 18431.3580
2019:05:06 14:44:05 340159 5733.4714
2019:05:06 14:44:05 362314 8609.7196
2019:05:06 14:44:05 379899 15574.4143
2019:05:06 14:44:05 405726 23339.0890
2019:05:06 14:44:05 426214 18062.3680
2019:05:06 14:44:05 433966 6555.3039
2019:05:06 14:44:05 449572 14392.5324
2019:05:06 14:44:05 458120 7774.0774
2019:05:06 14:44:05 472912 13969.5331
2019:05:06 14:44:05 482285 8196.2831
2019:05:06 14:44:05 502363 19256.4614
2019:05:06 14:44:05 522054 17630.6181
2019:05:06 14:44:05 528171 5317.7029
2019:05:06 14:44:05 532317 3511.6002
2019:05:06 14:44:05 547661 14743.9130
2019:05:06 14:44:05 555024 6121.8068
2019:05:06 14:44:05 573480 18019.4974
2019:05:06 14:44:05 594785 18445.4359
2019:05:06 14:44:05 601763 5774.2074
2019:05:06 14:44:05 617742 15245.6425
2019:05:06 14:44:05 627537 8655.5444
2019:05:06 14:44:05 646789 18009.8265
2019:05:06 14:44:05 666461 17632.7005
2019:05:06 14:44:05 674237 6560.9924
2019:05:06 14:44:05 696340 7346.9803
2019:05:06 14:44:05 714383 16816.3627
2019:05:06 14:44:05 724203 8201.7109
2019:05:06 14:44:05 745909 8584.9501
2019:05:06 14:44:05 764347 15578.8846
2019:05:06 14:44:05 774161 8183.5985
2019:05:06 14:44:05 791361 6112.1173
2019:05:06 14:44:05 811440 18040.3665
2019:05:06 14:44:05 833963 18435.4968
2019:05:06 14:44:05 841397 6568.8156
2019:05:06 14:44:05 862328 19763.0785
2019:05:06 14:44:05 871646 6890.6359
2019:05:06 14:44:05 889259 7337.9241
2019:05:06 14:44:05 905248 15566.0473
2019:05:06 14:44:05 914656 8605.9235
2019:05:06 14:44:05 936357 19239.5970
2019:05:06 14:44:05 957756 18540.3749
2019:05:06 14:44:05 964704 5311.9548
2019:05:06 14:44:05 985197 7386.9713
2019:05:06 14:44:06 2000 15593.3239
2019:05:06 14:44:06 6489 4106.4918
2019:05:06 14:44:06 25359 17660.5061
2019:05:06 14:44:06 31600 5859.1515
2019:05:06 14:44:06 36100 2868.0600
2019:05:06 14:44:06 52905 15573.0918
2019:05:06 14:44:06 63128 7352.7470
2019:05:06 14:44:06 81595 6972.1825
2019:05:06 14:44:06 99612 16814.7236
2019:05:06 14:44:06 106989 5748.1751
2019:05:06 14:44:06 124993 16804.2667
2019:05:06 14:44:06 136052 9017.9853
2019:05:06 14:44:06 155313 8601.7847
2019:05:06 14:44:06 174136 16378.1121
2019:05:06 14:44:06 181107 5338.0392
2019:05:06 14:44:06 201016 7767.0254
2019:05:06 14:44:06 217002 13923.3768
2019:05:06 14:44:06 224384 6573.0847
2019:05:06 14:44:06 245660 18008.9064
2019:05:06 14:44:06 265340 17217.6473
2019:05:06 14:44:06 273924 7380.1279
2019:05:06 14:44:06 294014 18042.9593
2019:05:06 14:44:06 313694 16428.5451
2019:05:06 14:44:06 324319 9854.1304
2019:05:06 14:44:06 341506 16794.3016
2019:05:06 14:44:06 361591 18851.7608
2019:05:06 14:44:06 368522 6125.7444
2019:05:06 14:44:06 388197 18437.6091
2019:05:06 14:44:06 401373 8004.2034
2019:05:06 14:44:06 425376 14253.3369
2019:05:06 14:44:06 441028 7346.2874
2019:05:06 14:44:06 465377 21077.7447
2019:05:06 14:44:06 497363 29722.4484
2019:05:06 14:44:06 537278 39907.0233
2019:05:06 14:44:06 569357 31671.1254
2019:05:06 14:44:06 608947 39580.0695
2019:05:06 14:44:06 642815 33853.8028
2019:05:06 14:44:06 658025 8169.4312
2019:05:06 14:44:06 684859 24545.2672
2019:05:06 14:44:06 710677 16414.6796
2019:05:06 14:44:06 720461 8292.0156
2019:05:06 14:44:06 744982 11058.0623
2019:05:06 14:44:06 768653 10387.2530
2019:05:06 14:44:06 791630 21504.1116
2019:05:06 14:44:06 825379 33344.0714
2019:05:06 14:44:06 842011 11864.1928
2019:05:06 14:44:06 861674 7347.1442
2019:05:06 14:44:06 882961 20051.1925
2019:05:06 14:44:06 902242 16794.6182
2019:05:06 14:44:06 926410 22966.3067
2019:05:06 14:44:06 936640 8621.5474
2019:05:06 14:44:06 955212 5439.5460
2019:05:06 14:44:06 959557 3272.7085
2019:05:06 14:44:06 982111 21716.0881
2019:05:06 14:44:06 998906 16777.3217
2019:05:06 14:44:07 7892 6961.6772
2019:05:06 14:44:07 30020 7769.4952
2019:05:06 14:44:07 46387 15557.6468
2019:05:06 14:44:07 52542 5720.9693
2019:05:06 14:44:07 69346 15546.9812
2019:05:06 14:44:07 74506 4763.2530
2019:05:06 14:44:07 94545 18021.9561
2019:05:06 14:44:07 103567 7388.7073
2019:05:06 14:44:07 125268 20899.8062
2019:05:06 14:44:07 142485 14358.9266
2019:05:06 14:44:07 146577 1653.7942
2019:05:06 14:44:07 170330 19260.6375
2019:05:06 14:44:07 177689 5327.9512
2019:05:06 14:44:07 196948 6139.4572
2019:05:06 14:44:07 218680 19289.2067
2019:05:06 14:44:07 238324 17631.7059
2019:05:06 14:44:07 246911 7346.0750
2019:05:06 14:44:07 266172 19235.8680
2019:05:06 14:44:07 285839 17228.7859
2019:05:06 14:44:07 296906 9446.9786
2019:05:06 14:44:07 334195 25006.5885
2019:05:06 14:44:07 343208 8202.7428
2019:05:06 14:44:07 360829 16815.6102
2019:05:06 14:44:07 382545 19284.3527
2019:05:06 14:44:07 391929 8581.6681
2019:05:06 14:44:07 416112 6738.0667
2019:05:06 14:44:07 456661 15291.2028
2019:05:06 14:44:07 480412 7047.1093
2019:05:06 14:44:07 505373 21275.1888
2019:05:06 14:44:07 539836 31897.3586
2019:05:06 14:44:07 559001 7670.8160
2019:05:06 14:44:07 578490 18441.6287
2019:05:06 14:44:07 582846 4347.8124
2019:05:06 14:44:07 603427 18011.0298
2019:05:06 14:44:07 633716 28672.2854
2019:05:06 14:44:07 693355 58826.9532
2019:05:06 14:44:07 725365 32001.4805
2019:05:06 14:44:07 761370 33844.1320
2019:05:06 14:44:07 772554 7274.4600
2019:05:06 14:44:07 795154 13680.0036
2019:05:06 14:44:07 802888 6144.0952
2019:05:06 14:44:07 820606 6602.9541
2019:05:06 14:44:07 837312 15394.6020
2019:05:06 14:44:07 846484 8373.4207
2019:05:06 14:44:07 868022 19992.4260
2019:05:06 14:44:07 885236 14241.2744
2019:05:06 14:44:07 893900 7777.0650
2019:05:06 14:44:07 918819 8485.2427
2019:05:06 14:44:07 937774 16506.2658
2019:05:06 14:44:07 957550 18556.0696
2019:05:06 14:44:07 965929 6852.8317
2019:05:06 14:44:07 990635 24605.1960
2019:05:06 14:44:08 9512 17271.3809
2019:05:06 14:44:08 18886 6985.1279
2019:05:06 14:44:08 36077 6856.3931
2019:05:06 14:44:08 53716 16407.4600
2019:05:06 14:44:08 62692 7799.1523
2019:05:06 14:44:08 84398 19667.2380
2019:05:06 14:44:08 105744 20092.4724
2019:05:06 14:44:08 125504 16876.0568
2019:05:06 14:44:08 131173 4901.4278
2019:05:06 14:44:08 150069 18484.4993
2019:05:06 14:44:08 157860 6669.4207
2019:05:06 14:44:08 178237 17626.2483
2019:05:06 14:44:08 197627 18487.4497
2019:05:06 14:44:08 204970 6571.6952
2019:05:06 14:44:08 221097 16117.4387
2019:05:06 14:44:08 228052 6558.3698
2019:05:06 14:44:08 233393 4131.0862
2019:05:06 14:44:08 254255 8181.0467
2019:05:06 14:44:08 277599 21709.7104
2019:05:06 14:44:08 294174 15568.2191
2019:05:06 14:44:08 304386 9013.6044
2019:05:06 14:44:08 320921 15231.4268
2019:05:06 14:44:08 330233 5774.9748
2019:05:06 14:44:08 342919 6955.4895
2019:05:06 14:44:08 361975 8337.7250
2019:05:06 14:44:08 381422 16380.6714
2019:05:06 14:44:08 402733 18439.3078
2019:05:06 14:44:08 410510 6096.7207
2019:05:06 14:44:08 427344 16028.0056
2019:05:06 14:44:08 434521 3696.2703
2019:05:06 14:44:08 458777 8205.3021
2019:05:06 14:44:08 477912 17791.2638
2019:05:06 14:44:08 498410 18022.0455
2019:05:06 14:44:08 507420 7800.0985
2019:05:06 14:44:08 528340 20482.9387
2019:05:06 14:44:08 533747 5060.8851
2019:05:06 14:44:08 553251 7286.2655
2019:05:06 14:44:08 570111 15536.4014
2019:05:06 14:44:08 580813 9448.1781
2019:05:06 14:44:08 601819 7932.8418
2019:05:06 14:44:08 623370 20804.2599
2019:05:06 14:44:08 629199 4093.7550
2019:05:06 14:44:08 650910 9047.5194
2019:05:06 14:44:08 668009 15984.7401
2019:05:06 14:44:08 676212 5678.2439
2019:05:06 14:44:08 717441 27631.8192
2019:05:06 14:44:08 726053 5696.8182
2019:05:06 14:44:08 744460 6848.3129
2019:05:06 14:44:08 748567 3673.4529
2019:05:06 14:44:08 772321 9741.9545
2019:05:06 14:44:08 787116 13166.1445
2019:05:06 14:44:08 795310 4565.8760
2019:05:06 14:44:08 812475 15118.4313
2019:05:06 14:44:08 821075 6963.0481
2019:05:06 14:44:08 842826 8624.4643
2019:05:06 14:44:08 867468 9474.7059
2019:05:06 14:44:08 883919 16100.2427
2019:05:06 14:44:08 889217 4568.3235
2019:05:06 14:44:08 906008 15253.8382
2019:05:06 14:44:08 915034 7491.9499
2019:05:06 14:44:08 935892 18852.4723
2019:05:06 14:44:08 954684 18015.3288
2019:05:06 14:44:08 963290 7409.3752
2019:05:06 14:44:08 983319 18010.2102
2019:05:06 14:44:08 990628 6911.2405
2019:05:06 14:44:09 2074 7373.1244
2019:05:06 14:44:09 25838 11450.3428
2019:05:06 14:44:09 44383 7383.9575
2019:05:06 14:44:09 62403 18011.8158
2019:05:06 14:44:09 73031 9012.9860
2019:05:06 14:44:09 94767 8600.2238
2019:05:06 14:44:09 112756 15561.4950
2019:05:06 14:44:09 120540 6147.2952
2019:05:06 14:44:09 143469 8979.2311
2019:05:06 14:44:09 163549 19241.7279
2019:05:06 14:44:09 168537 4551.1052
2019:05:06 14:44:09 190275 8194.8340
2019:05:06 14:44:09 212798 22198.8447
2019:05:06 14:44:09 230326 17220.5977
2019:05:06 14:44:09 237815 6692.9199
2019:05:06 14:44:09 260194 5637.9884
2019:05:06 14:44:09 281707 18604.8634
2019:05:06 14:44:09 302579 17525.8033
2019:05:06 14:44:09 311584 7729.6682
2019:05:06 14:44:09 334920 9333.0480
2019:05:06 14:44:09 357905 5287.0363
2019:05:06 14:44:09 377539 17645.0796
2019:05:06 14:44:09 385315 5265.5153
2019:05:06 14:44:09 401691 6914.9397
2019:05:06 14:44:09 408635 4924.7295
2019:05:06 14:44:09 427054 18411.0925
2019:05:06 14:44:09 447650 17693.7692
2019:05:06 14:44:09 456252 5446.6315
2019:05:06 14:44:09 478292 7700.5364
2019:05:06 14:44:09 502512 8170.4147
2019:05:06 14:44:09 521800 17291.8700
2019:05:06 14:44:09 529078 4002.5450
2019:05:06 14:44:09 547125 5304.0087
2019:05:06 14:44:09 551577 3202.8221
2019:05:06 14:44:09 569199 15976.5258
2019:05:06 14:44:09 590516 18862.8733
2019:05:06 14:44:09 599087 7790.5133
2019:05:06 14:44:09 616297 15982.2702
2019:05:06 14:44:09 623284 5754.2212
2019:05:06 14:44:09 644917 20853.7206
2019:05:06 14:44:09 663755 15558.4328
2019:05:06 14:44:09 670322 4109.5354
2019:05:06 14:44:09 692835 6948.3332
2019:05:06 14:44:09 715777 6555.0171
2019:05:06 14:44:09 737511 19667.0741
2019:05:06 14:44:09 758486 18546.3950
2019:05:06 14:44:09 767810 8549.8020
2019:05:06 14:44:09 787557 17652.9065
2019:05:06 14:44:09 791985 3669.8543
2019:05:06 14:44:09 811457 18897.9022
2019:05:06 14:44:09 829232 15086.7738
2019:05:06 14:44:09 837840 7967.6136
2019:05:06 14:44:09 854277 14304.6603
2019:05:06 14:44:09 860408 5345.1583
2019:05:06 14:44:09 878049 16862.3887
2019:05:06 14:44:09 886978 6925.0204
2019:05:06 14:44:09 904636 16710.2292
2019:05:06 14:44:09 913260 5751.6061
2019:05:06 14:44:09 932073 6122.2464
2019:05:06 14:44:09 949279 15539.4375
2019:05:06 14:44:09 955051 4501.6408
2019:05:06 14:44:09 959102 3687.8996
2019:05:06 14:44:09 981855 8264.0722
2019:05:06 14:44:10 6008 22331.4427
2019:05:06 14:44:10 25908 19165.8586
2019:05:06 14:44:10 45694 17273.3031
2019:05:06 14:44:10 55080 9098.6155
2019:05:06 14:44:10 73440 16364.7495
2019:05:06 14:44:10 79163 3687.4712
2019:05:06 14:44:10 98423 18048.6143
2019:05:06 14:44:10 104251 2366.1740
2019:05:06 14:44:10 122981 5304.9214
2019:05:06 14:44:10 143149 19354.7271
2019:05:06 14:44:10 150066 5284.0561
2019:05:06 14:44:10 168876 18045.9842
2019:05:06 14:44:10 175071 4985.1947
2019:05:06 14:44:10 189386 14307.5176
2019:05:06 14:44:10 200056 8985.8957
2019:05:06 14:44:10 215535 14221.2100
2019:05:06 14:44:10 220859 4865.8848
2019:05:06 14:44:10 240142 16780.0933
2019:05:06 14:44:10 247917 7391.2442
2019:05:06 14:44:10 266780 18854.9049
2019:05:06 14:44:10 286879 17612.0996
2019:05:06 14:44:10 295432 6970.2044
2019:05:06 14:44:10 318141 21483.3505
2019:05:06 14:44:10 337705 17641.9355
2019:05:06 14:44:10 358140 17603.5948
2019:05:06 14:44:10 367527 8627.1986
2019:05:06 14:44:10 384706 16804.4753
2019:05:06 14:44:10 391756 5305.7708
2019:05:06 14:44:10 408902 16830.2618
2019:05:06 14:44:10 417171 5721.0065
2019:05:06 14:44:10 436309 18783.4874
2019:05:06 14:44:10 458448 18872.7714
2019:05:06 14:44:10 478934 18771.4472
2019:05:06 14:44:10 486018 5847.0629
2019:05:06 14:44:10 501919 15541.1772
2019:05:06 14:44:10 511707 9426.8136
2019:05:06 14:44:10 535029 9374.7862
2019:05:06 14:44:10 555575 19586.7456
2019:05:06 14:44:10 574365 17213.1173
2019:05:06 14:44:10 584191 8205.5964
2019:05:06 14:44:10 601837 16815.4649
2019:05:06 14:44:10 621912 16785.1783
2019:05:06 14:44:10 630993 7895.0599
2019:05:06 14:44:10 651067 18555.4102
2019:05:06 14:44:10 670302 17678.8867
2019:05:06 14:44:10 679276 8624.4978
2019:05:06 14:44:10 702242 22208.1244
2019:05:06 14:44:10 721044 16407.6649
2019:05:06 14:44:10 729281 6980.2031
2019:05:06 14:44:10 747205 5701.4972
2019:05:06 14:44:10 752195 4176.5049
2019:05:06 14:44:10 775078 9397.0150
2019:05:06 14:44:10 793085 16818.9555
2019:05:06 14:44:10 800469 6158.3444
2019:05:06 14:44:10 820942 7767.5544
2019:05:06 14:44:10 837339 16388.4014
2019:05:06 14:44:10 844269 5723.5733
2019:05:06 14:44:10 862723 17612.4163
2019:05:06 14:44:10 872975 9025.9537
2019:05:06 14:44:10 893018 6538.3054
2019:05:06 14:44:10 913089 17208.1068
2019:05:06 14:44:10 921275 6546.0540
2019:05:06 14:44:10 939706 5706.8020
2019:05:06 14:44:10 962662 19684.9518
2019:05:06 14:44:10 981370 14793.4183
2019:05:06 14:44:10 991589 9193.3496
2019:05:06 14:44:11 12864 7772.5947
2019:05:06 14:44:11 32945 16781.3264
2019:05:06 14:44:11 40316 5723.7856
2019:05:06 14:44:11 60628 6962.4111
2019:05:06 14:44:11 84379 22085.9945
2019:05:06 14:44:11 102823 15593.9609
2019:05:06 14:44:11 110591 6165.2660
2019:05:06 14:44:11 132281 6104.6183
2019:05:06 14:44:11 138030 5314.7785
2019:05:06 14:44:11 158304 8587.6435
2019:05:06 14:44:11 175516 14757.8791
2019:05:06 14:44:11 184990 5772.8477
2019:05:06 14:44:11 205462 7754.4674
2019:05:06 14:44:11 221858 15129.5587
2019:05:06 14:44:11 231256 8599.0727
2019:05:06 14:44:11 250125 18453.2516
2019:05:06 14:44:11 270190 18444.7765
2019:05:06 14:44:11 278369 7363.4610
2019:05:06 14:44:11 307443 13889.4804
2019:05:06 14:44:11 326700 8589.0032
2019:05:06 14:44:11 338979 10651.0296
2019:05:06 14:44:11 358634 18854.1822
2019:05:06 14:44:11 378297 17186.8131
2019:05:06 14:44:11 386486 6827.8275
2019:05:06 14:44:11 401257 14756.2437
2019:05:06 14:44:11 407776 5770.8360
2019:05:06 14:44:11 426200 17204.5417
2019:05:06 14:44:11 449584 22155.1545
2019:05:06 14:44:11 455725 4950.5383
2019:05:06 14:44:11 473334 16828.5109
2019:05:06 14:44:11 484781 9436.1119
2019:05:06 14:44:11 506811 8179.9552
2019:05:06 14:44:11 528638 20511.2919
2019:05:06 14:44:11 546241 15961.6247
2019:05:06 14:44:11 554872 7006.4366
2019:05:06 14:44:11 571705 16058.4226
2019:05:06 14:44:11 579488 4093.2223
2019:05:06 14:44:11 596707 16002.0776
2019:05:06 14:44:11 603659 5323.3057
2019:05:06 14:44:11 624947 20067.6173
2019:05:06 14:44:11 641454 15683.1481
2019:05:06 14:44:11 649950 7767.2489
2019:05:06 14:44:11 674523 23324.1506
2019:05:06 14:44:11 693764 17618.9132
2019:05:06 14:44:11 701987 6097.1454
2019:05:06 14:44:11 721629 8161.9173
2019:05:06 14:44:11 738414 15582.1666
2019:05:06 14:44:11 747452 8237.2427
2019:05:06 14:44:11 768768 20907.5846
2019:05:06 14:44:11 789658 19660.4691
2019:05:06 14:44:11 809751 16016.2523
2019:05:06 14:44:11 819549 9010.0169
2019:05:06 14:44:11 837166 17209.7571
2019:05:06 14:44:11 841246 2868.9541
2019:05:06 14:44:11 858060 16799.7181
2019:05:06 14:44:11 865433 6168.5890
2019:05:06 14:44:11 881812 14361.0388
2019:05:06 14:44:11 890417 7803.0601
2019:05:06 14:44:11 912108 19672.4758
2019:05:06 14:44:11 930940 16375.9366
2019:05:06 14:44:11 938730 6948.0985
2019:05:06 14:44:11 954716 14763.1094
2019:05:06 14:44:11 964966 5257.5134
2019:05:06 14:44:11 985421 6542.9658
2019:05:06 14:44:12 1797 15559.4796
2019:05:06 14:44:12 11655 8619.0477
2019:05:06 14:44:12 28430 15964.8284
2019:05:06 14:44:12 37847 7756.3561
2019:05:06 14:44:12 56294 6128.5533
2019:05:06 14:44:12 77198 17649.6878
2019:05:06 14:44:12 83313 4514.3329
2019:05:06 14:44:12 100926 16364.1535
2019:05:06 14:44:12 107139 4974.7229
2019:05:06 14:44:12 125100 17199.2555
2019:05:06 14:44:12 132860 4490.7853
2019:05:06 14:44:12 152124 18783.8189
2019:05:06 14:44:12 157473 3294.9224
2019:05:06 14:44:12 176704 6934.0914
2019:05:06 14:44:12 193942 15197.8210
2019:05:06 14:44:12 203316 8594.5427
2019:05:06 14:44:12 221751 17619.2038
2019:05:06 14:44:12 228302 4908.8933
2019:05:06 14:44:12 247968 18847.9684
2019:05:06 14:44:12 252890 3711.4657
2019:05:06 14:44:12 270922 17213.4005
2019:05:06 14:44:12 276652 3700.8747
2019:05:06 14:44:12 297120 20076.6698
2019:05:06 14:44:12 320872 6532.2034
2019:05:06 14:44:12 335209 13509.1059
2019:05:06 14:44:12 346276 11047.0839
2019:05:06 14:44:12 361852 15557.1997
2019:05:06 14:44:12 370443 7785.8865
2019:05:06 14:44:12 391751 19273.4301
2019:05:06 14:44:12 409765 17611.1124
2019:05:06 14:44:12 417139 6573.5094
2019:05:06 14:44:12 434727 17192.1626
2019:05:06 14:44:12 443772 8212.3578
2019:05:06 14:44:12 465558 20996.6339
2019:05:06 14:44:12 481953 15189.0367
2019:05:06 14:44:12 490949 8204.1360
2019:05:06 14:44:12 509381 16820.1551
2019:05:06 14:44:12 517958 6536.0256
2019:05:06 14:44:12 538864 8173.2124
2019:05:06 14:44:12 557296 16395.0026
2019:05:06 14:44:12 564673 5936.7828
2019:05:06 14:44:12 583095 18024.1242
2019:05:06 14:44:12 603618 17241.8058
2019:05:06 14:44:12 612302 5329.6387
2019:05:06 14:44:12 632803 6960.8875
2019:05:06 14:44:12 649364 14524.8882
2019:05:06 14:44:12 657962 7779.4679
2019:05:06 14:44:12 660829 2850.6294
2019:05:06 14:44:12 679261 18024.7910
2019:05:06 14:44:12 698138 17630.9980
2019:05:06 14:44:12 705092 6170.8353
2019:05:06 14:44:12 722268 15956.4987
2019:05:06 14:44:12 728846 5762.2455
2019:05:06 14:44:12 748515 18058.8439
2019:05:06 14:44:12 770224 17234.2211
2019:05:06 14:44:12 779625 8208.1854
2019:05:06 14:44:12 799269 17605.9157
2019:05:06 14:44:12 804609 4927.1584
2019:05:06 14:44:12 825510 7773.9097
2019:05:06 14:44:12 841068 14325.8385
2019:05:06 14:44:12 846364 5280.7555
2019:05:06 14:44:12 852520 4917.4018
2019:05:06 14:44:12 870147 15991.5835
2019:05:06 14:44:12 876691 4510.5852
2019:05:06 14:44:12 895525 6118.2268
2019:05:06 14:44:12 914360 15837.3751
2019:05:06 14:44:12 924203 8593.2240
2019:05:06 14:44:12 939361 14217.9541
2019:05:06 14:44:12 961917 18454.8274
2019:05:06 14:44:12 967216 4528.3101
2019:05:06 14:44:12 972961 4921.2612
2019:05:06 14:44:12 992415 7180.3890
2019:05:06 14:44:13 18520 8985.6759
2019:05:06 14:44:13 35310 15566.8445
2019:05:06 14:44:13 58698 18885.3592
2019:05:06 14:44:13 66857 6950.2890
2019:05:06 14:44:13 85687 16382.5378
2019:05:06 14:44:13 89785 3275.6254
2019:05:06 14:44:13 104953 14764.6926
2019:05:06 14:44:13 110675 5314.8381
2019:05:06 14:44:13 117228 4896.1751
2019:05:06 14:44:13 136056 6113.0077
2019:05:06 14:44:13 156964 18044.8145
2019:05:06 14:44:13 164727 6133.2248
2019:05:06 14:44:13 187266 9781.6475
2019:05:06 14:44:13 202836 13919.6143
2019:05:06 14:44:13 209789 4495.0284
2019:05:06 14:44:13 233138 22127.9599
2019:05:06 14:44:13 256909 7776.9868
2019:05:06 14:44:13 276551 18806.2340
2019:05:06 14:44:13 284752 5718.6782
2019:05:06 14:44:13 307280 9023.6440
2019:05:06 14:44:13 326529 16385.3690
2019:05:06 14:44:13 333113 5771.0856
2019:05:06 14:44:13 344542 7793.8810
2019:05:06 14:44:13 365117 20157.6129
2019:05:06 14:44:13 383545 17597.2618
2019:05:06 14:44:13 389290 4105.3928
2019:05:06 14:44:13 411006 20489.8231
2019:05:06 14:44:13 430262 17213.4563
2019:05:06 14:44:13 440056 8585.9112
2019:05:06 14:44:13 463002 9795.3826
2019:05:06 14:44:13 482666 19260.0116
2019:05:06 14:44:13 501943 16509.1902
2019:05:06 14:44:13 510111 6976.7907
2019:05:06 14:44:13 530182 18013.9914
2019:05:06 14:44:13 536749 4106.0932
2019:05:06 14:44:13 556795 19243.4862
2019:05:06 14:44:13 573626 15581.3582
2019:05:06 14:44:13 584651 10243.1141
2019:05:06 14:44:13 604721 6521.8434
2019:05:06 14:44:13 627250 21300.8262
2019:05:06 14:44:13 646520 16815.3644
2019:05:06 14:44:13 654720 6979.7896
2019:05:06 14:44:13 676406 6536.7334
2019:05:06 14:44:13 694150 16489.3977
2019:05:06 14:44:13 705896 9435.6723
2019:05:06 14:44:13 725147 7350.3666
2019:05:06 14:44:13 742363 15581.1533
2019:05:06 14:44:13 751338 7778.5738
2019:05:06 14:44:13 774702 21719.7202
2019:05:06 14:44:13 792331 16227.1559
2019:05:06 14:44:13 798047 4915.6062
2019:05:06 14:44:13 821806 22528.3504
2019:05:06 14:44:13 837899 15283.4803
2019:05:06 14:44:13 847206 7804.7477
2019:05:06 14:44:13 864398 15156.9732
2019:05:06 14:44:13 873819 7273.4058
2019:05:06 14:44:13 892664 6936.1031
2019:05:06 14:44:13 914367 19243.5496
2019:05:06 14:44:13 918874 2466.2092
2019:05:06 14:44:13 936485 16385.6857
2019:05:06 14:44:13 945101 5340.7289
2019:05:06 14:44:13 963220 16907.1667
2019:05:06 14:44:13 982085 16014.3264
2019:05:06 14:44:13 990250 7370.2000
2019:05:06 14:44:14 12808 21734.7406
2019:05:06 14:44:14 29623 16798.9992
2019:05:06 14:44:14 38987 8174.6653
2019:05:06 14:44:14 57447 18035.4305
2019:05:06 14:44:14 77187 16898.3042
2019:05:06 14:44:14 86191 8603.4499
2019:05:06 14:44:14 110356 23352.4926
2019:05:06 14:44:14 128418 16828.9766
2019:05:06 14:44:14 134561 4529.3309
2019:05:06 14:44:14 151326 16756.3334
2019:05:06 14:44:14 159920 6532.1811
2019:05:06 14:44:14 179573 5719.5015
2019:05:06 14:44:14 202103 19656.7215
2019:05:06 14:44:14 221797 18468.4098
2019:05:06 14:44:14 233241 9830.2029
2019:05:06 14:44:14 256610 7440.4776
2019:05:06 14:44:14 286111 15548.1137
2019:05:06 14:44:14 301015 13276.7782
2019:05:06 14:44:14 308807 6975.3602
2019:05:06 14:44:14 329316 17650.8985
2019:05:06 14:44:14 346774 17069.1609
2019:05:06 14:44:14 366036 16815.8785
2019:05:06 14:44:14 375511 8276.0863
2019:05:06 14:44:14 392654 15995.4689
2019:05:06 14:44:14 400020 6137.8293
2019:05:06 14:44:14 422556 20896.3342
2019:05:06 14:44:14 441391 16804.2220
2019:05:06 14:44:14 461486 18055.3459
2019:05:06 14:44:14 477442 15184.0262
2019:05:06 14:44:14 487682 7388.3943
2019:05:06 14:44:14 506912 8607.6893
2019:05:06 14:44:14 533978 25839.2841
2019:05:06 14:44:14 541334 6157.9011
2019:05:06 14:44:14 557702 15936.0915
2019:05:06 14:44:14 569580 10658.9198
2019:05:06 14:44:14 591725 20903.6581
2019:05:06 14:44:14 617116 24588.4098
2019:05:06 14:44:14 633478 7369.6375
2019:05:06 14:44:14 654392 18051.7770
2019:05:06 14:44:14 663789 8198.6859
2019:05:06 14:44:14 685919 22121.9212
2019:05:06 14:44:14 704349 17617.0580
2019:05:06 14:44:14 725582 16726.6130
2019:05:06 14:44:14 734639 7785.3873
2019:05:06 14:44:14 752272 15994.4035
2019:05:06 14:44:14 760043 4916.5748
2019:05:06 14:44:14 780917 19657.1238
2019:05:06 14:44:14 793635 11480.1042
2019:05:06 14:44:14 814514 20478.1927
2019:05:06 14:44:14 833775 15990.2461
2019:05:06 14:44:14 843189 7793.4973
2019:05:06 14:44:14 859573 14756.6125
2019:05:06 14:44:14 882122 17642.7662
2019:05:06 14:44:14 893991 9856.3321
2019:05:06 14:44:14 902163 6969.0719
2019:05:06 14:44:14 924283 20891.0108
2019:05:06 14:44:14 945978 20458.8957
2019:05:06 14:44:14 952945 5730.6997
2019:05:06 14:44:14 973838 8565.7611
2019:05:06 14:44:14 992276 15958.4694
2019:05:06 14:44:14 999240 5339.1159
2019:05:06 14:44:15 22584 8565.5861
2019:05:06 14:44:15 40624 16404.9007
2019:05:06 14:44:15 65607 22554.3231
2019:05:06 14:44:15 85720 17275.7544
2019:05:06 14:44:15 94676 7794.3169
2019:05:06 14:44:15 103267 7794.3243
2019:05:06 14:44:15 123332 17996.2441
2019:05:06 14:44:15 131144 6571.3562
2019:05:06 14:44:15 166762 8996.5388
2019:05:06 14:44:15 189282 20899.7875
2019:05:06 14:44:15 211412 20897.8355
2019:05:06 14:44:15 229495 16451.9623
2019:05:06 14:44:15 238915 8675.8360
2019:05:06 14:44:15 256859 17626.2669
2019:05:06 14:44:15 265048 7373.8173
2019:05:06 14:44:15 288400 9782.7055
2019:05:06 14:44:15 310552 8608.5722
2019:05:06 14:44:15 333864 22538.2075
2019:05:06 14:44:15 360901 10963.2239
2019:05:06 14:44:15 378518 17226.6588
2019:05:06 14:44:15 391194 10636.6463
2019:05:06 14:44:15 412092 18026.7245
2019:05:06 14:44:15 434171 18385.4438
2019:05:06 14:44:15 443571 7777.5009
2019:05:06 14:44:15 460360 15981.2346
2019:05:06 14:44:15 468967 7360.5329
2019:05:06 14:44:15 491106 21725.9042
2019:05:06 14:44:15 513210 7414.5161
2019:05:06 14:44:15 529989 15998.6578
2019:05:06 14:44:15 554593 23378.6032
2019:05:06 14:44:15 562754 6548.4866
2019:05:06 14:44:15 581213 16043.9834
2019:05:06 14:44:15 588563 4975.5089
2019:05:06 14:44:15 612736 5242.2956
2019:05:06 14:44:15 649356 23929.6369
2019:05:06 14:44:15 655750 6383.1843
2019:05:06 14:44:15 681364 25189.4817
2019:05:06 14:44:15 693846 12472.7711
2019:05:06 14:44:15 713371 19131.5413
2019:05:06 14:44:15 745440 22906.0762
2019:05:06 14:44:15 785590 12224.8121
2019:05:06 14:44:15 808511 20892.6015
2019:05:06 14:44:15 815918 6588.6937
2019:05:06 14:44:15 842920 5553.9571
2019:05:06 14:44:15 869371 17853.5841
2019:05:06 14:44:15 905374 26814.6247
2019:05:06 14:44:15 911715 3685.2732
2019:05:06 14:44:15 934266 8595.3549
2019:05:06 14:44:15 954731 19257.5157
2019:05:06 14:44:15 974421 17632.9575
2019:05:06 14:44:15 984634 8998.7516
2019:05:06 14:44:16 3457 18814.8469
2019:05:06 14:44:16 9610 4916.7015
2019:05:06 14:44:16 28038 6921.0380
2019:05:06 14:44:16 48524 18841.7360
2019:05:06 14:44:16 69448 17648.1530
2019:05:06 14:44:16 80532 10705.3705
2019:05:06 14:44:16 97736 16389.2396
2019:05:06 14:44:16 116992 17641.7232
2019:05:06 14:44:16 124348 6554.1305
2019:05:06 14:44:16 128867 4112.2027
2019:05:06 14:44:16 145675 16417.2538
2019:05:06 14:44:16 151391 5329.3370
2019:05:06 14:44:16 168591 16402.1105
2019:05:06 14:44:16 176369 5747.0016
2019:05:06 14:44:16 195615 6143.2645
2019:05:06 14:44:16 213267 16415.7972
2019:05:06 14:44:16 218137 4502.1661
2019:05:06 14:44:16 223470 5316.2985
2019:05:06 14:44:16 245986 8149.5196
2019:05:06 14:44:16 266072 19271.4222
2019:05:06 14:44:16 274678 6151.4862
2019:05:06 14:44:16 292276 6124.7051
2019:05:06 14:44:16 309519 16010.6979
2019:05:06 14:44:16 319714 9012.2707
2019:05:06 14:44:16 338972 18418.2860
2019:05:06 14:44:16 358228 16798.5633
2019:05:06 14:44:16 366914 7876.2583
2019:05:06 14:44:16 377106 10183.6063
2019:05:06 14:44:16 396316 17610.0731
2019:05:06 14:44:16 404516 6574.2619
2019:05:06 14:44:16 424166 18441.1407
2019:05:06 14:44:16 442629 15192.1473
2019:05:06 14:44:16 451202 7355.5671
2019:05:06 14:44:16 472096 6931.3683
2019:05:06 14:44:16 493818 19262.0382
2019:05:06 14:44:16 502818 7380.7687
2019:05:06 14:44:16 511817 7384.0767
2019:05:06 14:44:16 534355 8180.9200
2019:05:06 14:44:16 550730 15560.1390
2019:05:06 14:44:16 556884 4519.2465
2019:05:06 14:44:16 574109 15192.0952
2019:05:06 14:44:16 583104 7383.9501
2019:05:06 14:44:16 602730 18411.5544
2019:05:06 14:44:16 609710 6131.5373
2019:05:06 14:44:16 628133 6522.9982
2019:05:06 14:44:16 647584 16379.6917
2019:05:06 14:44:16 659074 7399.4398
2019:05:06 14:44:16 679629 9901.7546
2019:05:06 14:44:16 701652 20484.4661
2019:05:06 14:44:16 722142 17635.5690
2019:05:06 14:44:16 728271 2879.7463
2019:05:06 14:44:16 748335 6530.1098
2019:05:06 14:44:16 768003 17888.7434
2019:05:06 14:44:16 775053 5834.1436
2019:05:06 14:44:16 794063 16373.8504
2019:05:06 14:44:16 813472 17354.9093
2019:05:06 14:44:16 822052 7776.8117
2019:05:06 14:44:16 843760 21692.7826
2019:05:06 14:44:16 861378 16791.3325
2019:05:06 14:44:16 868765 6165.2288
2019:05:06 14:44:16 885990 15996.3071
2019:05:06 14:44:16 894968 7383.1119
2019:05:06 14:44:16 917072 7742.6322
2019:05:06 14:44:16 936344 17212.3425
2019:05:06 14:44:16 942527 4975.3673
2019:05:06 14:44:16 966641 21703.0272
2019:05:06 14:44:16 983937 15657.8608
2019:05:06 14:44:16 990399 4916.4668
2019:05:06 14:44:17 10067 17631.6760
2019:05:06 14:44:17 28953 16441.3229
2019:05:06 14:44:17 38730 8605.4876
2019:05:06 14:44:17 56771 17617.5050
2019:05:06 14:44:17 63728 5738.7240
2019:05:06 14:44:17 81342 15985.9918
2019:05:06 14:44:17 88701 5330.3353
2019:05:06 14:44:17 108611 19896.1645
2019:05:06 14:44:17 126372 15135.8135
2019:05:06 14:44:17 134591 6581.6753
2019:05:06 14:44:17 155040 18414.8289
2019:05:06 14:44:17 173103 18040.7688
2019:05:06 14:44:17 180032 6142.2288
2019:05:06 14:44:17 184543 3696.9930
2019:05:06 14:44:17 202576 18025.0257
2019:05:06 14:44:17 210853 5736.6863
2019:05:06 14:44:17 230888 8530.0468
2019:05:06 14:44:17 248960 16382.5527
2019:05:06 14:44:17 257154 5344.2754
2019:05:06 14:44:17 277251 7377.8965
2019:05:06 14:44:17 294023 15993.9602
2019:05:06 14:44:17 303235 8409.7497
2019:05:06 14:44:17 326191 22531.7739
2019:05:06 14:44:17 344221 16759.1237
2019:05:06 14:44:17 353209 6930.7983
2019:05:06 14:44:17 374540 8224.5022
2019:05:06 14:44:17 394598 18442.2433
2019:05:06 14:44:17 419566 20895.7009
2019:05:06 14:44:17 438400 17599.8099
2019:05:06 14:44:17 447825 8192.4945
2019:05:06 14:44:17 469547 21311.7860
2019:05:06 14:44:17 485955 15595.8645
2019:05:06 14:44:17 494954 7795.7697
2019:05:06 14:44:17 510504 14758.6204
2019:05:06 14:44:17 517469 5335.2490
2019:05:06 14:44:17 538347 19658.8710
2019:05:06 14:44:17 558422 18017.4746
2019:05:06 14:44:17 566618 6963.1897
2019:05:06 14:44:17 584641 16811.6391
2019:05:06 14:44:17 601092 7025.6516
2019:05:06 14:44:17 623132 20480.8190
2019:05:06 14:44:17 641587 17191.7677
2019:05:06 14:44:17 665363 22993.2591
2019:05:06 14:44:17 672682 7309.5858
2019:05:06 14:44:17 697374 23868.5571
2019:05:06 14:44:17 738235 38109.2615
2019:05:06 14:44:17 761374 22312.4400
2019:05:06 14:44:17 771450 9062.6329
2019:05:06 14:44:17 796427 22936.9439
2019:05:06 14:44:17 834517 38080.5060
2019:05:06 14:44:17 843546 7789.2505
2019:05:06 14:44:17 862795 18444.7542
2019:05:06 14:44:17 868105 4485.7189
2019:05:06 14:44:17 886553 18043.3057
2019:05:06 14:44:17 906639 16407.4674
2019:05:06 14:44:17 915628 8140.3032
2019:05:06 14:44:17 933342 17316.6618
2019:05:06 14:44:17 938666 4081.8378
2019:05:06 14:44:17 957503 17597.4257
2019:05:06 14:44:17 965304 4927.2515
2019:05:06 14:44:17 984138 5716.2531
2019:05:06 14:44:18 2143 15958.9835
2019:05:06 14:44:18 8316 5692.1206
2019:05:06 14:44:18 13634 4526.2724
2019:05:06 14:44:18 34503 8561.2759
2019:05:06 14:44:18 53352 17599.5827
2019:05:06 14:44:18 73058 16851.3581
2019:05:06 14:44:18 81607 7374.9162
2019:05:06 14:44:18 100462 18031.1836
2019:05:06 14:44:18 109044 4496.0268
2019:05:06 14:44:18 137313 15144.9181
2019:05:06 14:44:18 151649 5334.6418
2019:05:06 14:44:18 156978 4095.0067
2019:05:06 14:44:18 175411 18021.5538
2019:05:06 14:44:18 193849 16817.2270
2019:05:06 14:44:18 204901 9434.1747
2019:05:06 14:44:18 224965 6542.5001
2019:05:06 14:44:18 241803 16027.7896
2019:05:06 14:44:18 248312 6141.2230
2019:05:06 14:44:18 266345 16787.4396
2019:05:06 14:44:18 276148 8591.2980
2019:05:06 14:44:18 297048 7360.5068
2019:05:06 14:44:18 314267 15994.4519
2019:05:06 14:44:18 335953 20077.1466
2019:05:06 14:44:18 342512 6137.3599
2019:05:06 14:44:18 349885 6959.2446
2019:05:06 14:44:18 370504 7757.7084
2019:05:06 14:44:18 386063 14235.7796
2019:05:06 14:44:18 394248 7766.9024
2019:05:06 14:44:18 416398 21736.2791
2019:05:06 14:44:18 436447 18813.4760
2019:05:06 14:44:18 443398 4494.3988
2019:05:06 14:44:18 467570 9393.5169
2019:05:06 14:44:18 483952 15136.2605
2019:05:06 14:44:18 490954 5116.1312
2019:05:06 14:44:18 508132 15156.1946
2019:05:06 14:44:18 514711 4537.2397
2019:05:06 14:44:18 529851 14370.5793
2019:05:06 14:44:18 538438 7381.3796
2019:05:06 14:44:18 557691 17196.1859
2019:05:06 14:44:18 578556 19637.0184
2019:05:06 14:44:18 587167 7769.1488
2019:05:06 14:44:18 605196 16798.5968
2019:05:06 14:44:18 613004 4946.0419
2019:05:06 14:44:18 631438 6139.0847
2019:05:06 14:44:18 649468 16406.1151
2019:05:06 14:44:18 655606 5738.3999
2019:05:06 14:44:18 661733 5317.3006
2019:05:06 14:44:18 680599 6549.2615
2019:05:06 14:44:18 702202 19981.3098
2019:05:06 14:44:18 721476 16386.6915
2019:05:06 14:44:18 730458 8197.8329
2019:05:06 14:44:18 754223 7780.9542
2019:05:06 14:44:18 774277 17999.0195
2019:05:06 14:44:18 793637 17312.2175
2019:05:06 14:44:18 801303 6553.3407
2019:05:06 14:44:18 818520 15568.4240
2019:05:06 14:44:18 827517 7780.1682
2019:05:06 14:44:18 848830 20084.2246
2019:05:06 14:44:18 868908 20062.6813
2019:05:06 14:44:18 875933 6196.1338
2019:05:06 14:44:18 896028 6224.2858
2019:05:06 14:44:18 900841 3593.9217
2019:05:06 14:44:18 920899 19244.9242
2019:05:06 14:44:18 950423 27838.4872
2019:05:06 14:44:18 957380 6161.3545
2019:05:06 14:44:18 978248 20067.9153
2019:05:06 14:44:18 983175 2893.5596
2019:05:06 14:44:18 999961 16390.9234
2019:05:06 14:44:19 21694 17962.5675
2019:05:06 14:44:19 27393 4913.5387
2019:05:06 14:44:19 45482 17268.5757
2019:05:06 14:44:19 55517 9280.2830
2019:05:06 14:44:19 75586 17618.3842
2019:05:06 14:44:19 94016 17192.7735
2019:05:06 14:44:19 103450 8615.8514
2019:05:06 14:44:19 121892 16816.6421
2019:05:06 14:44:19 128843 5345.9294
2019:05:06 14:44:19 147664 5691.8040
2019:05:06 14:44:19 153405 4926.9795
2019:05:06 14:44:19 174290 7757.0975
2019:05:06 14:44:19 192713 16363.6506
2019:05:06 14:44:19 199689 4521.3699
2019:05:06 14:44:19 221409 6968.6323
2019:05:06 14:44:19 238209 16003.4783
2019:05:06 14:44:19 248428 9009.9350
2019:05:06 14:44:19 268499 6545.3798
2019:05:06 14:44:19 291445 20477.4141
2019:05:06 14:44:19 298391 4887.2791
2019:05:06 14:44:19 318079 7741.5779
2019:05:06 14:44:19 338561 19251.2833
2019:05:06 14:44:19 349191 7781.9377
2019:05:06 14:44:19 354956 4911.2216
2019:05:06 14:44:19 376640 6931.1969
2019:05:06 14:44:19 397944 20070.0164
2019:05:06 14:44:19 405718 5337.2458
2019:05:06 14:44:19 423741 6527.7889
2019:05:06 14:44:19 446130 19263.3420
2019:05:06 14:44:19 465790 17617.7919
2019:05:06 14:44:19 471925 5728.3565
2019:05:06 14:44:19 489549 17211.0498
2019:05:06 14:44:19 497342 6591.9384
2019:05:06 14:44:19 518287 19324.1760
2019:05:06 14:44:19 526397 6145.7306
2019:05:06 14:44:19 548605 10211.3485
2019:05:06 14:44:19 570703 8587.5280
2019:05:06 14:44:19 587515 15572.9800
2019:05:06 14:44:19 593658 4111.7035
2019:05:06 14:44:19 609531 14647.1672
2019:05:06 14:44:19 619047 8191.5967
2019:05:06 14:44:19 637889 17626.5277
2019:05:06 14:44:19 652636 7339.6116
2019:05:06 14:44:19 672287 18026.5941
2019:05:06 14:44:19 677868 3698.7290
2019:05:06 14:44:19 700382 6437.4767
2019:05:06 14:44:19 704898 4504.6769
2019:05:06 14:44:19 721686 5718.3951
2019:05:06 14:44:19 742188 18872.8049
2019:05:06 14:44:19 752820 8607.5664
2019:05:06 14:44:19 774563 8214.0192
2019:05:06 14:44:19 792957 15976.4960
2019:05:06 14:44:19 801147 5326.1258
2019:05:06 14:44:19 821230 19670.0357
2019:05:06 14:44:19 837243 14371.5069
2019:05:06 14:44:19 846246 7811.2632
2019:05:06 14:44:19 864713 16025.5097
2019:05:06 14:44:19 870815 4093.2558
2019:05:06 14:44:19 894981 8918.6169
2019:05:06 14:44:19 911782 13920.8250
2019:05:06 14:44:19 915450 2458.9598
2019:05:06 14:44:19 919949 2844.4417
2019:05:06 14:44:19 939693 18502.3583
2019:05:06 14:44:19 944936 4496.4850
2019:05:06 14:44:19 967472 8588.7797
2019:05:06 14:44:19 990001 8178.8078
2019:05:06 14:44:20 8427 16378.4064
2019:05:06 14:44:20 17437 6156.2806
2019:05:06 14:44:20 36272 6495.8371
2019:05:06 14:44:20 53526 14788.3259
2019:05:06 14:44:20 62094 7385.9319
2019:05:06 14:44:20 81336 17622.7354
2019:05:06 14:44:20 89119 6150.0259
2019:05:06 14:44:20 109186 6928.3247
2019:05:06 14:44:20 128856 17632.8830
2019:05:06 14:44:20 135408 4924.6773
2019:05:06 14:44:20 155044 18811.7065
2019:05:06 14:44:20 173532 16429.9943
2019:05:06 14:44:20 183316 8201.1856
2019:05:06 14:44:20 207480 8992.7875
2019:05:06 14:44:20 227963 6111.9758
2019:05:06 14:44:20 246400 17629.5154
2019:05:06 14:44:20 255414 8203.9945
2019:05:06 14:44:20 270974 14358.0101
2019:05:06 14:44:20 280378 6137.1326
2019:05:06 14:44:20 300449 18830.9401
2019:05:06 14:44:20 318466 16773.6076
2019:05:06 14:44:20 326272 6965.3727
2019:05:06 14:44:20 336508 8198.3209
2019:05:06 14:44:20 351651 10133.2590
2019:05:06 14:44:20 372296 19822.0126
2019:05:06 14:44:20 390732 16377.1771
2019:05:06 14:44:20 402237 9881.8652
2019:05:06 14:44:20 422664 8596.3644
2019:05:06 14:44:20 437000 13091.1879
2019:05:06 14:44:20 445198 6905.5595
2019:05:06 14:44:20 461616 15187.8744
2019:05:06 14:44:20 473051 10642.7111
2019:05:06 14:44:20 494341 8555.0882
2019:05:06 14:44:20 512797 17217.8335
2019:05:06 14:44:20 519734 6131.0157
2019:05:06 14:44:20 543915 9817.5779
2019:05:06 14:44:20 562794 17233.2600
2019:05:06 14:44:20 581633 16839.0907
2019:05:06 14:44:20 592143 9322.1404
2019:05:06 14:44:20 615493 8972.3840
2019:05:06 14:44:20 632714 15708.8749
2019:05:06 14:44:20 639264 4495.4754
2019:05:06 14:44:20 656460 15149.2991
2019:05:06 14:44:20 677369 18440.6564
2019:05:06 14:44:20 685962 7783.1969
2019:05:06 14:44:20 707656 20070.7279
2019:05:06 14:44:20 726128 16025.1595
2019:05:06 14:44:20 733473 6557.6658
2019:05:06 14:44:20 750688 16809.5976
2019:05:06 14:44:20 760496 8611.8504
2019:05:06 14:44:20 783446 9010.0355
2019:05:06 14:44:20 801463 16800.7240
2019:05:06 14:44:20 821549 16430.8585
2019:05:06 14:44:20 829716 6976.8615
2019:05:06 14:44:20 846095 15542.7158
2019:05:06 14:44:20 853062 6555.4790
2019:05:06 14:44:20 869462 15577.3945
2019:05:06 14:44:20 877640 7778.8010
2019:05:06 14:44:20 901790 23747.7645
2019:05:06 14:44:20 918205 15587.1622
2019:05:06 14:44:20 926396 6987.0800
2019:05:06 14:44:20 943580 16380.9545
2019:05:06 14:44:20 959326 10428.7155
2019:05:06 14:44:20 978182 16392.2571
2019:05:06 14:44:20 985129 5745.0049
2019:05:06 14:44:21 3548 17604.3510
2019:05:06 14:44:21 11997 5573.7309
2019:05:06 14:44:21 28946 15973.6983
2019:05:06 14:44:21 37542 6546.1881
2019:05:06 14:44:21 56383 6543.7220
2019:05:06 14:44:21 82204 7797.0251
2019:05:06 14:44:21 101031 15973.9256
2019:05:06 14:44:21 108005 4095.7257
2019:05:06 14:44:21 128881 7323.5184
2019:05:06 14:44:21 148127 16787.6594
2019:05:06 14:44:21 156732 5734.2388
2019:05:06 14:44:21 177618 7347.6359
2019:05:06 14:44:21 197703 18852.4686
2019:05:06 14:44:21 218977 18010.8137
2019:05:06 14:44:21 226775 6555.0543
2019:05:06 14:44:21 249319 21726.1910
2019:05:06 14:44:21 265315 14381.7626
2019:05:06 14:44:21 275093 8581.7911
2019:05:06 14:44:21 298872 8597.9961
2019:05:06 14:44:21 317360 16845.1481
2019:05:06 14:44:21 323830 5266.1076
2019:05:06 14:44:21 336958 13113.5248
2019:05:06 14:44:21 345143 6964.0055
2019:05:06 14:44:21 364004 17234.8022
2019:05:06 14:44:21 371759 6068.4346
2019:05:06 14:44:21 393075 7732.5404
2019:05:06 14:44:21 409485 15583.9399
2019:05:06 14:44:21 416411 6547.7379
2019:05:06 14:44:21 434047 16408.6521
2019:05:06 14:44:21 444283 9043.8202
2019:05:06 14:44:21 467180 22115.7111
2019:05:06 14:44:21 485223 17216.0119
2019:05:06 14:44:21 489741 2892.3489
2019:05:06 14:44:21 507748 15563.6370
2019:05:06 14:44:21 516363 6566.8598
2019:05:06 14:44:21 535593 18823.7987
2019:05:06 14:44:21 554040 16394.6636
2019:05:06 14:44:21 563444 7790.9157
2019:05:06 14:44:21 584736 20474.4264
2019:05:06 14:44:21 604004 15985.8689
2019:05:06 14:44:21 613836 6975.8594
2019:05:06 14:44:21 633886 7756.4344
2019:05:06 14:44:21 650686 15980.5641
2019:05:06 14:44:21 658889 6984.2823
2019:05:06 14:44:21 675271 14341.8275
2019:05:06 14:44:21 696257 16896.5720
2019:05:06 14:44:21 708117 9014.7331
2019:05:06 14:44:21 731467 9027.5817
2019:05:06 14:44:21 749471 16354.0393
2019:05:06 14:44:21 756004 4903.7449
2019:05:06 14:44:21 778959 21729.0968
2019:05:06 14:44:21 799836 19263.6065
2019:05:06 14:44:21 818300 18448.8334
2019:05:06 14:44:21 825639 5331.3114
2019:05:06 14:44:21 841635 15178.2744
2019:05:06 14:44:21 856773 14752.9505
2019:05:06 14:44:21 874791 8588.8132
2019:05:06 14:44:21 895661 19229.6579
2019:05:06 14:44:21 914143 16418.0994
2019:05:06 14:44:21 925979 10238.7443
2019:05:06 14:44:21 944435 16825.1693
2019:05:06 14:44:21 961245 16006.4586
2019:05:06 14:44:21 970622 8592.6726
2019:05:06 14:44:21 993986 21737.7692
2019:05:06 14:44:22 14051 18444.3891
2019:05:06 14:44:22 33738 18885.8509
2019:05:06 14:44:22 41883 7349.4427
2019:05:06 14:44:22 57493 15593.4393
2019:05:06 14:44:22 68925 10232.4411
2019:05:06 14:44:22 92284 9411.8044
2019:05:06 14:44:22 112760 7322.2779
2019:05:06 14:44:22 130345 15604.2241
2019:05:06 14:44:22 139303 7766.5150
2019:05:06 14:44:22 156529 17207.2425
2019:05:06 14:44:22 179040 18824.5960
2019:05:06 14:44:22 186830 6562.6316
2019:05:06 14:44:22 204858 15576.3291
2019:05:06 14:44:22 211807 4903.5661
2019:05:06 14:44:22 231730 17448.9580
2019:05:06 14:44:22 249529 15180.2674
2019:05:06 14:44:22 258988 8274.1715
2019:05:06 14:44:22 277857 18854.9496
2019:05:06 14:44:22 298767 17234.7687
2019:05:06 14:44:22 322434 21208.1484
2019:05:06 14:44:22 331818 7776.6515
2019:05:06 14:44:22 348206 15567.6305
2019:05:06 14:44:22 355163 4093.4235
2019:05:06 14:44:22 378105 7764.2687
2019:05:06 14:44:22 399728 19580.7293
2019:05:06 14:44:22 418288 17243.8845
2019:05:06 14:44:22 425650 6173.1152
2019:05:06 14:44:22 445277 18008.2954
2019:05:06 14:44:22 465792 17658.8409
2019:05:06 14:44:22 473965 7387.3475
2019:05:06 14:44:22 498226 22233.6277
2019:05:06 14:44:22 521179 22118.9037
2019:05:06 14:44:22 541261 18452.4171
2019:05:06 14:44:22 545336 2062.5368
2019:05:06 14:44:22 547795 2444.7218
2019:05:06 14:44:22 563361 15556.8235
2019:05:06 14:44:22 572357 6128.4676
2019:05:06 14:44:22 593256 20486.3101
2019:05:06 14:44:22 610069 15975.5908
2019:05:06 14:44:22 618175 6908.0964
2019:05:06 14:44:22 641594 22129.9902
2019:05:06 14:44:22 657230 14811.1545
2019:05:06 14:44:22 664800 6157.8751
2019:05:06 14:44:22 681644 16835.5554
2019:05:06 14:44:22 690647 7796.1311
2019:05:06 14:44:22 708677 17551.1278
2019:05:06 14:44:22 716449 4936.5051
2019:05:06 14:44:22 737740 7339.3062
2019:05:06 14:44:22 753748 15186.1273
2019:05:06 14:44:22 762713 7358.1822
2019:05:06 14:44:22 777088 13959.5643
2019:05:06 14:44:22 784433 6973.1884
2019:05:06 14:44:22 805317 18842.5928
2019:05:06 14:44:22 813102 5713.6863
2019:05:06 14:44:22 833581 6935.2575
2019:05:06 14:44:22 852835 18848.8774
2019:05:06 14:44:22 861026 6538.7040
2019:05:06 14:44:22 881906 8177.8429
2019:05:06 14:44:22 899511 9003.6355
2019:05:06 14:44:22 914665 13103.5931
2019:05:06 14:44:22 923290 7777.9703
2019:05:06 14:44:22 938023 7361.6505
2019:05:06 14:44:22 951129 12280.5536
2019:05:06 14:44:22 969175 16008.9135
2019:05:06 14:44:22 975762 6149.8284
2019:05:06 14:44:22 994157 16823.7798
2019:05:06 14:44:23 2735 7375.5011
2019:05:06 14:44:23 21169 17201.0846
2019:05:06 14:44:23 33860 7358.3014
2019:05:06 14:44:23 53694 19413.1993
2019:05:06 14:44:23 64769 9854.4881
2019:05:06 14:44:23 84029 5740.8325
2019:05:06 14:44:23 97129 6956.9051
2019:05:06 14:44:23 106125 8987.6726
2019:05:06 14:44:23 113934 6998.7550
2019:05:06 14:44:23 124154 9434.7522
2019:05:06 14:44:23 135199 5319.2377
2019:05:06 14:44:23 155678 5244.0912
2019:05:06 14:44:23 176582 17605.5133
2019:05:06 14:44:23 186404 8191.6004
2019:05:06 14:44:23 199938 11910.1554
2019:05:06 14:44:23 209342 6142.2624
2019:05:06 14:44:23 231057 8176.2187
2019:05:06 14:44:23 248258 16383.7187
2019:05:06 14:44:23 253978 4489.1015
2019:05:06 14:44:23 273649 19247.2152
2019:05:06 14:44:23 294139 17208.0323
2019:05:06 14:44:23 303542 8524.8053
2019:05:06 14:44:23 328533 24578.4447
2019:05:06 14:44:23 350240 20898.1410
2019:05:06 14:44:23 374407 20492.7251
2019:05:06 14:44:23 398974 21689.1728
