
# OSU MPI Allreduce Latency Test v5.6.1
# Size       Avg Latency(us)
256                   466.72
2019:05:06 14:31:29 753831 389.1848
2019:05:06 14:31:29 754653 438.4629
2019:05:06 14:31:29 755439 411.9836
2019:05:06 14:31:29 755874 402.7858
2019:05:06 14:31:29 756700 437.3007
2019:05:06 14:31:29 757486 412.7510
2019:05:06 14:31:29 757927 402.8454
2019:05:06 14:31:29 758751 440.1393
2019:05:06 14:31:29 759540 417.1729
2019:05:06 14:31:29 759971 412.9298
2019:05:06 14:31:29 760800 437.6546
2019:05:06 14:31:29 761582 412.0469
2019:05:06 14:31:29 762017 408.0087
2019:05:06 14:31:29 762849 442.7023
2019:05:06 14:31:29 763628 410.6723
2019:05:06 14:31:29 764060 399.5821
2019:05:06 14:31:29 764891 437.8334
2019:05:06 14:31:29 765677 412.5759
2019:05:06 14:31:29 766111 400.8077
2019:05:06 14:31:29 766938 436.0229
2019:05:06 14:31:29 767723 410.9070
2019:05:06 14:31:29 768160 408.0795
2019:05:06 14:31:29 768992 443.3319
2019:05:06 14:31:29 769773 407.3530
2019:05:06 14:31:29 770204 392.3737
2019:05:06 14:31:29 771037 439.3533
2019:05:06 14:31:29 771830 408.4297
2019:05:06 14:31:29 772256 410.7021
2019:05:06 14:31:29 773091 439.1521
2019:05:06 14:31:29 773871 409.8639
2019:05:06 14:31:29 774302 397.3395
2019:05:06 14:31:29 775131 432.4950
2019:05:06 14:31:29 775931 421.0100
2019:05:06 14:31:29 776354 405.1737
2019:05:06 14:31:29 777181 433.6834
2019:05:06 14:31:29 777976 418.4023
2019:05:06 14:31:29 778403 409.4951
2019:05:06 14:31:29 779232 442.8551
2019:05:06 14:31:29 780011 411.0225
2019:05:06 14:31:29 780447 401.9402
2019:05:06 14:31:29 781273 435.9968
2019:05:06 14:31:29 782067 415.9771
2019:05:06 14:31:29 782495 411.2460
2019:05:06 14:31:29 783327 441.9908
2019:05:06 14:31:29 784107 410.0725
2019:05:06 14:31:29 784542 401.4857
2019:05:06 14:31:29 785386 451.7436
2019:05:06 14:31:29 786159 413.9431
2019:05:06 14:31:29 786588 406.9023
2019:05:06 14:31:29 787416 435.8813
2019:05:06 14:31:29 788208 417.9478
2019:05:06 14:31:29 788639 410.1507
2019:05:06 14:31:29 789466 437.9712
2019:05:06 14:31:29 790253 408.8730
2019:05:06 14:31:29 790680 397.6487
2019:05:06 14:31:29 791500 431.1725
2019:05:06 14:31:29 792293 409.4467
2019:05:06 14:31:29 792718 397.8945
2019:05:06 14:31:29 793549 439.1558
2019:05:06 14:31:29 794338 409.6888
2019:05:06 14:31:29 794765 395.4247
2019:05:06 14:31:29 795594 436.5146
2019:05:06 14:31:29 796385 410.0055
2019:05:06 14:31:29 796814 404.3207
2019:05:06 14:31:29 797644 438.4890
2019:05:06 14:31:29 798434 409.2343
2019:05:06 14:31:29 798861 400.4128
2019:05:06 14:31:29 799674 790.0633
2019:05:06 14:31:29 800118 404.1679
2019:05:06 14:31:29 800903 402.1451
2019:05:06 14:31:29 801732 812.6311
2019:05:06 14:31:29 802166 410.9405
2019:05:06 14:31:29 802948 398.1590
2019:05:06 14:31:29 803766 796.9514
2019:05:06 14:31:29 804202 408.9698
2019:05:06 14:31:29 804987 400.6959
2019:05:06 14:31:29 805805 794.3846
2019:05:06 14:31:29 806253 410.8548
2019:05:06 14:31:29 807030 400.9306
2019:05:06 14:31:29 807852 801.5782
2019:05:06 14:31:29 808289 407.6287
2019:05:06 14:31:29 809077 405.9672
2019:05:06 14:31:29 809902 797.8529
2019:05:06 14:31:29 810337 404.7118
2019:05:06 14:31:29 811131 408.4073
2019:05:06 14:31:29 811948 797.7337
2019:05:06 14:31:29 812392 413.6115
2019:05:06 14:31:29 812886 118.6877
2019:05:06 14:31:29 813609 421.6582
2019:05:06 14:31:29 814417 409.8900
2019:05:06 14:31:29 814857 414.2635
2019:05:06 14:31:29 815645 415.9100
2019:05:06 14:31:29 816457 408.4334
2019:05:06 14:31:29 816900 409.5063
2019:05:06 14:31:29 817682 690.8998
2019:05:06 14:31:29 818503 782.3221
2019:05:06 14:31:29 818948 423.6437
2019:05:06 14:31:29 819369 337.8466
2019:05:06 14:31:29 820192 432.6962
2019:05:06 14:31:29 820980 410.5531
2019:05:06 14:31:29 821400 403.1919
2019:05:06 14:31:29 822232 425.4989
2019:05:06 14:31:29 823027 406.9284
2019:05:06 14:31:29 823447 397.9206
2019:05:06 14:31:29 824278 429.8612
2019:05:06 14:31:29 825073 415.6195
2019:05:06 14:31:29 825503 405.8182
2019:05:06 14:31:29 826325 429.1497
2019:05:06 14:31:29 827114 409.6366
2019:05:06 14:31:29 827543 399.6789
2019:05:06 14:31:29 828371 427.2424
2019:05:06 14:31:29 829170 415.9436
2019:05:06 14:31:29 829596 406.8352
2019:05:06 14:31:29 830416 424.9215
2019:05:06 14:31:29 831223 409.4765
2019:05:06 14:31:29 831644 405.1849
2019:05:06 14:31:29 832470 424.3068
2019:05:06 14:31:29 833269 417.0276
2019:05:06 14:31:29 833687 397.6598
2019:05:06 14:31:29 834513 426.5346
2019:05:06 14:31:29 835311 414.8185
2019:05:06 14:31:29 835736 409.6702
2019:05:06 14:31:29 836565 430.4647
2019:05:06 14:31:29 837358 414.2225
2019:05:06 14:31:29 837782 391.0512
2019:05:06 14:31:29 838609 427.6745
2019:05:06 14:31:29 839413 418.7860
2019:05:06 14:31:29 839833 403.3335
2019:05:06 14:31:29 840662 437.1889
2019:05:06 14:31:29 841455 412.4306
2019:05:06 14:31:29 841874 396.7099
2019:05:06 14:31:29 842706 432.2119
2019:05:06 14:31:29 843493 407.3270
2019:05:06 14:31:29 843921 401.6869
2019:05:06 14:31:29 844756 435.3635
2019:05:06 14:31:29 845552 419.3820
2019:05:06 14:31:29 845981 401.9812
2019:05:06 14:31:29 846801 428.3786
2019:05:06 14:31:29 847589 409.5659
2019:05:06 14:31:29 848020 408.5712
2019:05:06 14:31:29 848850 434.0634
2019:05:06 14:31:29 849640 411.2124
2019:05:06 14:31:29 850069 395.3613
2019:05:06 14:31:29 850899 433.0277
2019:05:06 14:31:29 851692 415.4742
2019:05:06 14:31:29 852118 408.3551
2019:05:06 14:31:29 852948 435.2592
2019:05:06 14:31:29 853734 410.5940
2019:05:06 14:31:29 854161 394.7280
2019:05:06 14:31:29 854992 430.9826
2019:05:06 14:31:29 855787 415.9957
2019:05:06 14:31:29 856209 403.7507
2019:05:06 14:31:29 857041 433.8026
2019:05:06 14:31:29 857829 409.1598
2019:05:06 14:31:29 858258 394.6051
2019:05:06 14:31:29 859087 430.6249
2019:05:06 14:31:29 859877 407.8262
2019:05:06 14:31:29 860306 406.6452
2019:05:06 14:31:29 861132 426.4228
2019:05:06 14:31:29 861940 415.5301
2019:05:06 14:31:29 862352 395.8307
2019:05:06 14:31:29 863180 424.3255
2019:05:06 14:31:29 863979 414.4087
2019:05:06 14:31:29 864397 398.2559
2019:05:06 14:31:29 865225 425.0482
2019:05:06 14:31:29 866020 408.2359
2019:05:06 14:31:29 866454 404.2648
2019:05:06 14:31:29 867282 433.5046
2019:05:06 14:31:29 868072 408.4818
2019:05:06 14:31:29 868499 396.1995
2019:05:06 14:31:29 869328 432.7483
2019:05:06 14:31:29 870123 414.2709
2019:05:06 14:31:29 870543 402.7188
2019:05:06 14:31:29 871374 428.0433
2019:05:06 14:31:29 872173 417.3294
2019:05:06 14:31:29 872595 404.7491
2019:05:06 14:31:29 873425 434.3428
2019:05:06 14:31:29 874220 416.6737
2019:05:06 14:31:29 874647 403.7358
2019:05:06 14:31:29 875471 430.6212
2019:05:06 14:31:29 876267 415.1240
2019:05:06 14:31:29 876691 406.7384
2019:05:06 14:31:29 877518 432.0629
2019:05:06 14:31:29 878308 409.9421
2019:05:06 14:31:29 878740 400.6624
2019:05:06 14:31:29 879565 430.4014
2019:05:06 14:31:29 880367 419.0281
2019:05:06 14:31:29 880784 399.8093
2019:05:06 14:31:29 881610 431.4184
2019:05:06 14:31:29 882400 407.8969
2019:05:06 14:31:29 882831 400.6289
2019:05:06 14:31:29 883657 438.6082
2019:05:06 14:31:29 884446 410.3817
2019:05:06 14:31:29 884870 399.2654
2019:05:06 14:31:29 885691 800.4569
2019:05:06 14:31:29 886122 402.6666
2019:05:06 14:31:29 886914 401.5528
2019:05:06 14:31:29 887731 797.2941
2019:05:06 14:31:29 888174 411.1938
2019:05:06 14:31:29 888958 400.0962
2019:05:06 14:31:29 889781 798.2515
2019:05:06 14:31:29 890213 408.5526
2019:05:06 14:31:29 891001 401.6161
2019:05:06 14:31:29 891823 804.0033
2019:05:06 14:31:29 892257 413.5482
2019:05:06 14:31:29 893053 410.9330
2019:05:06 14:31:29 893877 805.8287
2019:05:06 14:31:29 894302 399.5225
2019:05:06 14:31:29 895094 403.6725
2019:05:06 14:31:29 895915 796.2622
2019:05:06 14:31:29 896350 409.9384
2019:05:06 14:31:29 897138 403.1360
2019:05:06 14:31:29 897959 797.3276
2019:05:06 14:31:29 898402 414.8260
2019:05:06 14:31:29 898901 115.7112
2019:05:06 14:31:29 899625 422.8391
2019:05:06 14:31:29 900435 414.3044
2019:05:06 14:31:29 900864 407.3754
2019:05:06 14:31:29 901657 414.0437
2019:05:06 14:31:29 902469 409.9049
2019:05:06 14:31:29 902905 407.2562
2019:05:06 14:31:29 903325 322.0774
2019:05:06 14:31:29 904146 419.2963
2019:05:06 14:31:29 904944 407.7852
2019:05:06 14:31:29 905375 409.4653
2019:05:06 14:31:29 906191 426.5457
2019:05:06 14:31:29 906982 409.9831
2019:05:06 14:31:29 907409 399.4480
2019:05:06 14:31:29 908236 430.9565
2019:05:06 14:31:29 909032 412.9894
2019:05:06 14:31:29 913371 4313.6142
2019:05:06 14:31:29 913973 402.4059
2019:05:06 14:31:29 914781 423.7033
2019:05:06 14:31:29 915208 405.1104
2019:05:06 14:31:29 916003 421.2484
2019:05:06 14:31:29 916811 409.2604
2019:05:06 14:31:29 917252 409.4094
2019:05:06 14:31:29 918045 416.2267
2019:05:06 14:31:29 918856 409.6627
2019:05:06 14:31:29 919294 411.5663
2019:05:06 14:31:29 920079 409.5100
2019:05:06 14:31:29 920896 409.8080
2019:05:06 14:31:29 921331 409.0331
2019:05:06 14:31:29 921745 317.3426
2019:05:06 14:31:29 922562 426.2067
2019:05:06 14:31:29 923358 407.3381
2019:05:06 14:31:29 923788 403.4415
2019:05:06 14:31:29 924612 437.3603
2019:05:06 14:31:29 925409 416.6551
2019:05:06 14:31:29 925835 400.2154
2019:05:06 14:31:29 926664 439.7519
2019:05:06 14:31:29 927450 409.3274
2019:05:06 14:31:29 927879 398.8296
2019:05:06 14:31:29 928690 789.4747
2019:05:06 14:31:29 929139 416.2751
2019:05:06 14:31:29 929938 425.9124
2019:05:06 14:31:29 930748 798.4526
2019:05:06 14:31:29 931638 484.7273
2019:05:06 14:31:29 932012 366.7697
2019:05:06 14:31:29 933598 1192.1190
2019:05:06 14:31:29 934450 732.6677
2019:05:06 14:31:29 935320 479.8174
2019:05:06 14:31:29 936070 742.8601
2019:05:06 14:31:29 936893 796.8768
2019:05:06 14:31:29 937703 410.8176
2019:05:06 14:31:29 938186 463.9775
2019:05:06 14:31:29 938972 421.2372
2019:05:06 14:31:29 939867 469.8262
2019:05:06 14:31:29 940593 433.5195
2019:05:06 14:31:29 941430 345.0625
2019:05:06 14:31:29 942653 238.0498
2019:05:06 14:31:29 943450 406.3398
2019:05:06 14:31:29 943913 438.3698
2019:05:06 14:31:29 944700 418.2085
2019:05:06 14:31:29 945594 485.4985
2019:05:06 14:31:29 946325 715.4159
2019:05:06 14:31:29 947134 794.5374
2019:05:06 14:31:29 948023 489.6559
2019:05:06 14:31:29 948399 368.7181
2019:05:06 14:31:29 949240 455.3907
2019:05:06 14:31:29 950421 731.4533
2019:05:06 14:31:29 951229 801.2727
2019:05:06 14:31:29 952114 485.9418
2019:05:06 14:31:29 953192 1070.6224
2019:05:06 14:31:29 953757 442.6837
2019:05:06 14:31:29 954958 833.7758
2019:05:06 14:31:29 955743 776.8720
2019:05:06 14:31:29 956547 375.8185
2019:05:06 14:31:29 957381 723.2837
2019:05:06 14:31:29 957879 473.4658
2019:05:06 14:31:29 958625 405.1402
2019:05:06 14:31:29 959813 737.6410
2019:05:06 14:31:29 960301 465.2627
2019:05:06 14:31:29 961077 412.9931
2019:05:06 14:31:29 962472 965.0812
2019:05:06 14:31:29 963129 649.6683
2019:05:06 14:31:29 963975 732.9322
2019:05:06 14:31:29 964736 753.0935
2019:05:06 14:31:29 969361 4582.8894
2019:05:06 14:31:29 970073 705.7860
2019:05:06 14:31:29 970502 412.3375
2019:05:06 14:31:29 971298 422.6975
2019:05:06 14:31:29 972106 409.0182
2019:05:06 14:31:29 972546 418.5140
2019:05:06 14:31:29 973348 426.7469
2019:05:06 14:31:29 974151 409.6776
2019:05:06 14:31:29 974588 409.4094
2019:05:06 14:31:29 975003 325.4078
2019:05:06 14:31:29 975824 424.3068
2019:05:06 14:31:29 976621 409.9421
2019:05:06 14:31:29 977036 397.8871
2019:05:06 14:31:29 977866 429.7793
2019:05:06 14:31:29 978654 408.3104
2019:05:06 14:31:29 979083 403.5756
2019:05:06 14:31:29 979908 432.1411
2019:05:06 14:31:29 980701 410.1992
2019:05:06 14:31:29 981134 406.7682
2019:05:06 14:31:29 981955 433.7020
2019:05:06 14:31:29 982745 409.2790
2019:05:06 14:31:29 983175 393.3795
2019:05:06 14:31:29 983984 783.4323
2019:05:06 14:31:29 984428 407.5058
2019:05:06 14:31:29 985203 395.7152
2019:05:06 14:31:29 986021 797.6256
2019:05:06 14:31:29 986463 409.3945
2019:05:06 14:31:29 986962 117.6633
2019:05:06 14:31:29 987684 416.6141
2019:05:06 14:31:29 988497 410.1433
2019:05:06 14:31:29 988938 410.2886
2019:05:06 14:31:29 989723 421.7513
2019:05:06 14:31:29 990534 412.9335
2019:05:06 14:31:29 990977 406.0790
2019:05:06 14:31:29 991393 331.8675
2019:05:06 14:31:29 992225 437.2001
2019:05:06 14:31:29 993006 405.8778
2019:05:06 14:31:29 993430 397.3208
2019:05:06 14:31:29 994264 434.7153
2019:05:06 14:31:29 995050 405.4643
2019:05:06 14:31:29 995474 407.7926
2019:05:06 14:31:29 996302 435.4827
2019:05:06 14:31:29 997090 412.8739
2019:05:06 14:31:29 997526 408.6457
2019:05:06 14:31:29 998349 434.2422
2019:05:06 14:31:29 999143 408.1577
2019:05:06 14:31:29 999567 407.2785
2019:05:06 14:31:30 402 439.9754
2019:05:06 14:31:30 1186 409.1598
2019:05:06 14:31:30 1627 412.9596
2019:05:06 14:31:30 2444 426.1322
2019:05:06 14:31:30 3243 416.6253
2019:05:06 14:31:30 3662 395.0186
2019:05:06 14:31:30 4491 433.2587
2019:05:06 14:31:30 5291 420.2239
2019:05:06 14:31:30 5712 400.7258
2019:05:06 14:31:30 6546 433.4785
2019:05:06 14:31:30 7342 413.3023
2019:05:06 14:31:30 7758 397.7269
2019:05:06 14:31:30 8591 424.2659
2019:05:06 14:31:30 9393 413.4327
2019:05:06 14:31:30 9823 405.4643
2019:05:06 14:31:30 10645 436.2650
2019:05:06 14:31:30 11434 409.8937
2019:05:06 14:31:30 11862 407.6734
2019:05:06 14:31:30 12688 431.2024
2019:05:06 14:31:30 13483 417.5752
2019:05:06 14:31:30 13913 401.9178
2019:05:06 14:31:30 14737 432.6664
2019:05:06 14:31:30 15532 410.8325
2019:05:06 14:31:30 15960 405.1030
2019:05:06 14:31:30 16784 431.5227
2019:05:06 14:31:30 17582 419.8849
2019:05:06 14:31:30 18005 401.8806
2019:05:06 14:31:30 18834 423.9306
2019:05:06 14:31:30 19628 407.3493
2019:05:06 14:31:30 20056 411.7191
2019:05:06 14:31:30 20884 436.0341
2019:05:06 14:31:30 21675 418.4134
2019:05:06 14:31:30 22098 393.0144
2019:05:06 14:31:30 22925 435.8888
2019:05:06 14:31:30 23717 415.0085
2019:05:06 14:31:30 24141 402.9423
2019:05:06 14:31:30 24970 440.4373
2019:05:06 14:31:30 25756 407.1407
2019:05:06 14:31:30 26183 394.8323
2019:05:06 14:31:30 27008 436.7195
2019:05:06 14:31:30 27806 416.6141
2019:05:06 14:31:30 28228 401.6533
2019:05:06 14:31:30 29064 445.2541
2019:05:06 14:31:30 29850 413.1161
2019:05:06 14:31:30 30267 385.1168
2019:05:06 14:31:30 31083 788.4614
2019:05:06 14:31:30 31529 412.7733
2019:05:06 14:31:30 32306 396.6317
2019:05:06 14:31:30 33126 791.7993
2019:05:06 14:31:30 33573 424.3739
2019:05:06 14:31:30 34066 118.5276
2019:05:06 14:31:30 34790 415.3475
2019:05:06 14:31:30 35599 413.3135
2019:05:06 14:31:30 36039 408.9847
2019:05:06 14:31:30 36824 415.6530
2019:05:06 14:31:30 37638 411.9575
2019:05:06 14:31:30 38077 412.0395
2019:05:06 14:31:30 38873 417.8844
2019:05:06 14:31:30 39686 410.8325
2019:05:06 14:31:30 40122 403.1062
2019:05:06 14:31:30 40920 420.3916
2019:05:06 14:31:30 41735 412.2443
2019:05:06 14:31:30 42174 403.7060
2019:05:06 14:31:30 42966 418.4246
2019:05:06 14:31:30 43784 405.6245
2019:05:06 14:31:30 44222 408.9735
2019:05:06 14:31:30 45011 412.9373
2019:05:06 14:31:30 45825 408.6420
2019:05:06 14:31:30 46269 407.6324
2019:05:06 14:31:30 46682 329.9452
2019:05:06 14:31:30 47510 432.6478
2019:05:06 14:31:30 48302 408.7090
2019:05:06 14:31:30 48715 388.6595
2019:05:06 14:31:30 49548 442.3894
2019:05:06 14:31:30 50341 420.0898
2019:05:06 14:31:30 50757 401.0759
2019:05:06 14:31:30 51596 442.1175
2019:05:06 14:31:30 52380 410.8623
2019:05:06 14:31:30 52804 393.9345
2019:05:06 14:31:30 53636 441.2718
2019:05:06 14:31:30 54425 405.2445
2019:05:06 14:31:30 54852 402.2345
2019:05:06 14:31:30 55684 440.9291
2019:05:06 14:31:30 56478 416.6365
2019:05:06 14:31:30 56896 402.7821
2019:05:06 14:31:30 57716 797.4654
2019:05:06 14:31:30 58161 423.2563
2019:05:06 14:31:30 58931 391.5764
2019:05:06 14:31:30 59754 798.9593
2019:05:06 14:31:30 60191 414.1182
2019:05:06 14:31:30 60977 406.1610
2019:05:06 14:31:30 61802 805.0278
2019:05:06 14:31:30 62244 412.8851
2019:05:06 14:31:30 63029 405.6580
2019:05:06 14:31:30 63846 802.2264
2019:05:06 14:31:30 64281 418.5103
2019:05:06 14:31:30 64781 118.7772
2019:05:06 14:31:30 65502 418.5885
2019:05:06 14:31:30 66316 414.8521
2019:05:06 14:31:30 66742 409.9272
2019:05:06 14:31:30 67544 420.5145
2019:05:06 14:31:30 68360 410.5866
2019:05:06 14:31:30 68792 413.1421
2019:05:06 14:31:30 69598 425.2382
2019:05:06 14:31:30 70415 416.3012
2019:05:06 14:31:30 70841 409.7149
2019:05:06 14:31:30 71644 422.4479
2019:05:06 14:31:30 72458 415.1538
2019:05:06 14:31:30 72888 404.9651
2019:05:06 14:31:30 73685 417.2511
2019:05:06 14:31:30 74499 412.0283
2019:05:06 14:31:30 74938 414.0288
2019:05:06 14:31:30 75730 421.7997
2019:05:06 14:31:30 76539 407.6920
2019:05:06 14:31:30 76970 402.2121
2019:05:06 14:31:30 77408 333.8903
2019:05:06 14:31:30 78225 435.3300
2019:05:06 14:31:30 79016 415.4891
2019:05:06 14:31:30 79439 399.6007
2019:05:06 14:31:30 80263 426.6016
2019:05:06 14:31:30 81066 419.3746
2019:05:06 14:31:30 81499 410.4599
2019:05:06 14:31:30 82318 423.0775
2019:05:06 14:31:30 83116 411.7265
2019:05:06 14:31:30 83545 402.6778
2019:05:06 14:31:30 84367 428.8927
2019:05:06 14:31:30 85162 414.7738
2019:05:06 14:31:30 85584 402.8641
2019:05:06 14:31:30 86411 425.3574
2019:05:06 14:31:30 87209 409.1114
2019:05:06 14:31:30 87632 404.5889
2019:05:06 14:31:30 88460 424.3329
2019:05:06 14:31:30 89258 415.3065
2019:05:06 14:31:30 89680 397.3618
2019:05:06 14:31:30 90507 424.1616
2019:05:06 14:31:30 91303 405.7176
2019:05:06 14:31:30 91725 402.5064
2019:05:06 14:31:30 92559 429.8538
2019:05:06 14:31:30 93357 416.3086
2019:05:06 14:31:30 93762 386.1897
2019:05:06 14:31:30 94595 434.7637
2019:05:06 14:31:30 95388 413.2316
2019:05:06 14:31:30 95809 402.7896
2019:05:06 14:31:30 96643 436.6674
2019:05:06 14:31:30 97432 409.7261
2019:05:06 14:31:30 97861 399.2766
2019:05:06 14:31:30 98688 438.6418
2019:05:06 14:31:30 99495 424.0610
2019:05:06 14:31:30 99902 393.3646
2019:05:06 14:31:30 100734 430.6883
2019:05:06 14:31:30 101529 410.1172
2019:05:06 14:31:30 101954 395.2123
2019:05:06 14:31:30 102772 426.1285
2019:05:06 14:31:30 103573 409.8080
2019:05:06 14:31:30 104002 404.5889
2019:05:06 14:31:30 104835 442.0616
2019:05:06 14:31:30 105621 409.4429
2019:05:06 14:31:30 106045 393.3348
2019:05:06 14:31:30 106862 789.2698
2019:05:06 14:31:30 107300 406.8278
2019:05:06 14:31:30 108084 395.5998
2019:05:06 14:31:30 108911 804.1337
2019:05:06 14:31:30 109354 417.2958
2019:05:06 14:31:30 110130 395.0521
2019:05:06 14:31:30 110951 804.9905
2019:05:06 14:31:30 111395 422.7385
2019:05:06 14:31:30 112175 399.2505
2019:05:06 14:31:30 112992 791.6540
2019:05:06 14:31:30 113438 422.5150
2019:05:06 14:31:30 114217 403.3670
2019:05:06 14:31:30 115039 799.5255
2019:05:06 14:31:30 115484 413.9543
2019:05:06 14:31:30 116265 405.4718
2019:05:06 14:31:30 117088 805.3519
2019:05:06 14:31:30 117533 415.5114
2019:05:06 14:31:30 118313 398.4086
2019:05:06 14:31:30 119135 799.5032
2019:05:06 14:31:30 119579 415.0458
2019:05:06 14:31:30 120362 406.4031
2019:05:06 14:31:30 121184 807.5312
2019:05:06 14:31:30 121626 414.2150
2019:05:06 14:31:30 122405 401.8918
2019:05:06 14:31:30 123232 806.3614
2019:05:06 14:31:30 123673 416.0553
2019:05:06 14:31:30 124456 405.1067
2019:05:06 14:31:30 125280 800.1700
2019:05:06 14:31:30 125724 414.2597
2019:05:06 14:31:30 126505 404.7006
2019:05:06 14:31:30 127328 799.4175
2019:05:06 14:31:30 127767 409.6590
2019:05:06 14:31:30 128553 405.4457
2019:05:06 14:31:30 129376 800.0806
2019:05:06 14:31:30 129818 412.1587
2019:05:06 14:31:30 130601 404.4101
2019:05:06 14:31:30 131425 800.2631
2019:05:06 14:31:30 131864 409.2269
2019:05:06 14:31:30 132647 404.1977
2019:05:06 14:31:30 133470 798.9779
2019:05:06 14:31:30 133908 416.8525
2019:05:06 14:31:30 134697 404.0040
2019:05:06 14:31:30 135521 800.2967
2019:05:06 14:31:30 135962 411.1305
2019:05:06 14:31:30 136744 405.7772
2019:05:06 14:31:30 137568 799.8794
2019:05:06 14:31:30 138010 411.0858
2019:05:06 14:31:30 138792 404.8608
2019:05:06 14:31:30 139614 798.2366
2019:05:06 14:31:30 140055 412.7137
2019:05:06 14:31:30 140840 406.0045
2019:05:06 14:31:30 141663 799.4324
2019:05:06 14:31:30 142093 404.7900
2019:05:06 14:31:30 142889 407.7740
2019:05:06 14:31:30 143710 800.7474
2019:05:06 14:31:30 144152 415.8616
2019:05:06 14:31:30 144936 406.3435
2019:05:06 14:31:30 145760 800.6692
2019:05:06 14:31:30 146199 408.5898
2019:05:06 14:31:30 146984 405.9747
2019:05:06 14:31:30 147809 797.9944
2019:05:06 14:31:30 148248 412.1512
2019:05:06 14:31:30 149032 406.4962
2019:05:06 14:31:30 149854 799.6634
2019:05:06 14:31:30 150295 409.5696
2019:05:06 14:31:30 151080 406.3696
2019:05:06 14:31:30 151902 797.4952
2019:05:06 14:31:30 152346 414.6807
2019:05:06 14:31:30 153124 403.5532
2019:05:06 14:31:30 153948 803.6718
2019:05:06 14:31:30 154396 415.0718
2019:05:06 14:31:30 155174 405.8480
2019:05:06 14:31:30 155996 793.0174
2019:05:06 14:31:30 156438 412.8739
2019:05:06 14:31:30 157225 408.8990
2019:05:06 14:31:30 158044 796.9178
2019:05:06 14:31:30 158486 413.3284
2019:05:06 14:31:30 159270 406.8092
2019:05:06 14:31:30 160091 804.1635
2019:05:06 14:31:30 160530 412.5275
2019:05:06 14:31:30 161317 406.0306
2019:05:06 14:31:30 165373 4035.5921
2019:05:06 14:31:30 165864 391.0437
2019:05:06 14:31:30 166660 409.6292
2019:05:06 14:31:30 167107 411.5365
2019:05:06 14:31:30 167903 422.5485
2019:05:06 14:31:30 168705 409.6590
2019:05:06 14:31:30 169157 417.6646
2019:05:06 14:31:30 169944 417.7690
2019:05:06 14:31:30 170753 410.0464
2019:05:06 14:31:30 171195 412.5312
2019:05:06 14:31:30 171992 420.1159
2019:05:06 14:31:30 172802 411.3428
2019:05:06 14:31:30 173240 402.6480
2019:05:06 14:31:30 174040 417.7690
2019:05:06 14:31:30 174848 410.0129
2019:05:06 14:31:30 175285 403.0913
2019:05:06 14:31:30 176088 419.4118
2019:05:06 14:31:30 176897 410.6909
2019:05:06 14:31:30 177340 410.9927
2019:05:06 14:31:30 178136 419.5124
2019:05:06 14:31:30 178944 409.7261
2019:05:06 14:31:30 179384 406.8725
2019:05:06 14:31:30 180185 421.5315
2019:05:06 14:31:30 180996 414.0586
2019:05:06 14:31:30 181442 413.2092
2019:05:06 14:31:30 182232 419.0244
2019:05:06 14:31:30 183040 410.1396
2019:05:06 14:31:30 183483 412.0693
2019:05:06 14:31:30 184280 420.4065
2019:05:06 14:31:30 185088 410.3966
2019:05:06 14:31:30 185528 406.7570
2019:05:06 14:31:30 186327 418.9909
2019:05:06 14:31:30 187136 410.5382
2019:05:06 14:31:30 187582 405.4084
2019:05:06 14:31:30 188376 421.5725
2019:05:06 14:31:30 189183 409.6553
2019:05:06 14:31:30 189625 408.9884
2019:05:06 14:31:30 190424 420.5294
2019:05:06 14:31:30 191232 410.2886
2019:05:06 14:31:30 191679 410.2848
2019:05:06 14:31:30 192473 417.9068
2019:05:06 14:31:30 193279 409.6813
2019:05:06 14:31:30 193725 417.0612
2019:05:06 14:31:30 194519 420.4176
2019:05:06 14:31:30 195328 410.2625
2019:05:06 14:31:30 195773 414.2709
2019:05:06 14:31:30 196567 421.0845
2019:05:06 14:31:30 197376 411.2199
2019:05:06 14:31:30 197820 406.7682
2019:05:06 14:31:30 198616 420.1382
2019:05:06 14:31:30 199426 411.9575
2019:05:06 14:31:30 199867 410.3929
2019:05:06 14:31:30 200657 418.2756
2019:05:06 14:31:30 201470 413.0751
2019:05:06 14:31:30 201908 402.4841
2019:05:06 14:31:30 202698 415.5189
2019:05:06 14:31:30 203512 409.3461
2019:05:06 14:31:30 203954 406.0827
2019:05:06 14:31:30 204746 418.4619
2019:05:06 14:31:30 205560 410.6387
2019:05:06 14:31:30 205998 404.9204
2019:05:06 14:31:30 206794 414.6844
2019:05:06 14:31:30 207608 410.2997
2019:05:06 14:31:30 208053 409.9496
2019:05:06 14:31:30 208832 694.8635
2019:05:06 14:31:30 209653 789.9478
2019:05:06 14:31:30 210091 408.9735
2019:05:06 14:31:30 210523 343.0359
2019:05:06 14:31:30 211335 431.7425
2019:05:06 14:31:30 212132 420.2910
2019:05:06 14:31:30 212559 404.2387
2019:05:06 14:31:30 213388 437.3826
2019:05:06 14:31:30 214179 411.5738
2019:05:06 14:31:30 214604 403.2888
2019:05:06 14:31:30 215432 433.2997
2019:05:06 14:31:30 216217 410.2662
2019:05:06 14:31:30 216641 390.4290
2019:05:06 14:31:30 217475 437.4310
2019:05:06 14:31:30 218268 416.4949
2019:05:06 14:31:30 218694 398.6992
2019:05:06 14:31:30 219519 437.7514
2019:05:06 14:31:30 220305 409.9347
2019:05:06 14:31:30 220737 398.9451
2019:05:06 14:31:30 221566 443.5442
2019:05:06 14:31:30 222349 408.7687
2019:05:06 14:31:30 222772 398.1926
2019:05:06 14:31:30 223602 808.1272
2019:05:06 14:31:30 224041 414.1741
2019:05:06 14:31:30 224820 396.7769
2019:05:06 14:31:30 225646 798.2887
2019:05:06 14:31:30 226075 402.4506
2019:05:06 14:31:30 226860 393.2789
2019:05:06 14:31:30 227680 797.3909
2019:05:06 14:31:30 228119 410.0502
2019:05:06 14:31:30 228906 405.7102
2019:05:06 14:31:30 229726 800.9002
2019:05:06 14:31:30 230164 404.8944
2019:05:06 14:31:30 230959 414.8558
2019:05:06 14:31:30 231773 793.8668
2019:05:06 14:31:30 232210 410.5493
2019:05:06 14:31:30 233000 407.7405
2019:05:06 14:31:30 233821 799.4473
2019:05:06 14:31:30 234258 410.7058
2019:05:06 14:31:30 235047 406.1386
2019:05:06 14:31:30 235868 800.1477
2019:05:06 14:31:30 236307 412.4008
2019:05:06 14:31:30 237094 406.1759
2019:05:06 14:31:30 237917 801.4999
2019:05:06 14:31:30 238358 409.3610
2019:05:06 14:31:30 239145 409.2529
2019:05:06 14:31:30 239964 797.8193
2019:05:06 14:31:30 240408 415.2246
2019:05:06 14:31:30 241191 406.4403
2019:05:06 14:31:30 242013 797.7709
2019:05:06 14:31:30 242450 406.7123
2019:05:06 14:31:30 243239 406.8762
2019:05:06 14:31:30 244060 791.4267
2019:05:06 14:31:30 244500 410.8883
2019:05:06 14:31:30 245289 409.3833
2019:05:06 14:31:30 246109 797.1860
2019:05:06 14:31:30 246551 410.7021
2019:05:06 14:31:30 247337 409.7708
2019:05:06 14:31:30 248156 793.7588
2019:05:06 14:31:30 248595 408.3738
2019:05:06 14:31:30 249387 410.5419
2019:05:06 14:31:30 250204 794.3511
2019:05:06 14:31:30 250650 414.3715
2019:05:06 14:31:30 251430 406.5894
2019:05:06 14:31:30 252252 798.0466
2019:05:06 14:31:30 253067 600.5466
2019:05:06 14:31:30 253494 396.9409
2019:05:06 14:31:30 254313 793.0696
2019:05:06 14:31:30 254756 408.9847
2019:05:06 14:31:30 255540 399.0196
2019:05:06 14:31:30 256359 796.6273
2019:05:06 14:31:30 256803 410.8846
2019:05:06 14:31:30 257589 401.6347
2019:05:06 14:31:30 258407 796.3814
2019:05:06 14:31:30 258854 410.7058
2019:05:06 14:31:30 259636 398.3900
2019:05:06 14:31:30 260454 799.7751
2019:05:06 14:31:30 260895 406.7980
2019:05:06 14:31:30 261689 408.1279
2019:05:06 14:31:30 262504 793.7923
2019:05:06 14:31:30 262952 418.0372
2019:05:06 14:31:30 263731 402.5325
2019:05:06 14:31:30 264555 805.5791
2019:05:06 14:31:30 264997 418.6779
2019:05:06 14:31:30 265779 401.2436
2019:05:06 14:31:30 266595 789.0835
2019:05:06 14:31:30 267040 412.0506
2019:05:06 14:31:30 267824 409.4243
2019:05:06 14:31:30 268643 800.6431
2019:05:06 14:31:30 269085 415.9100
2019:05:06 14:31:30 269872 403.4229
2019:05:06 14:31:30 270687 793.8258
2019:05:06 14:31:30 271138 415.1575
2019:05:06 14:31:30 271917 410.1098
2019:05:06 14:31:30 272736 794.6230
2019:05:06 14:31:30 273177 406.9470
2019:05:06 14:31:30 273966 409.8974
2019:05:06 14:31:30 274791 803.6643
2019:05:06 14:31:30 275228 413.1161
2019:05:06 14:31:30 276012 409.0033
2019:05:06 14:31:30 276831 801.3099
2019:05:06 14:31:30 277269 409.7931
2019:05:06 14:31:30 278060 408.8767
2019:05:06 14:31:30 278879 797.8305
2019:05:06 14:31:30 279321 414.3082
2019:05:06 14:31:30 280108 409.6515
2019:05:06 14:31:30 280926 796.9700
2019:05:06 14:31:30 281381 421.7513
2019:05:06 14:31:30 282157 408.5600
2019:05:06 14:31:30 282976 801.9693
2019:05:06 14:31:30 283421 413.5594
2019:05:06 14:31:30 284204 409.8341
2019:05:06 14:31:30 285023 797.3835
2019:05:06 14:31:30 285470 417.5603
2019:05:06 14:31:30 286248 399.2952
2019:05:06 14:31:30 287080 806.2720
2019:05:06 14:31:30 287517 411.1193
2019:05:06 14:31:30 288302 397.7269
2019:05:06 14:31:30 289119 794.7981
2019:05:06 14:31:30 289569 419.0207
2019:05:06 14:31:30 290344 405.6022
2019:05:06 14:31:30 291168 802.2636
2019:05:06 14:31:30 291606 408.1614
2019:05:06 14:31:30 292395 398.5278
2019:05:06 14:31:30 293221 803.1018
2019:05:06 14:31:30 293661 412.1922
2019:05:06 14:31:30 294444 407.8671
2019:05:06 14:31:30 295264 801.2727
2019:05:06 14:31:30 295704 411.7414
2019:05:06 14:31:30 296491 407.4350
2019:05:06 14:31:30 297309 793.0212
2019:05:06 14:31:30 297758 411.5812
2019:05:06 14:31:30 298537 406.5335
2019:05:06 14:31:30 299359 800.9076
2019:05:06 14:31:30 299798 408.4371
2019:05:06 14:31:30 300585 399.4927
2019:05:06 14:31:30 301406 801.3695
2019:05:06 14:31:30 301842 411.2795
2019:05:06 14:31:30 302628 406.0529
2019:05:06 14:31:30 303453 802.4052
2019:05:06 14:31:30 303893 409.1933
2019:05:06 14:31:30 304674 402.8454
2019:05:06 14:31:30 305506 811.6104
2019:05:06 14:31:30 305944 415.7536
2019:05:06 14:31:30 306728 407.6436
2019:05:06 14:31:30 307546 797.3723
2019:05:06 14:31:30 307988 413.1943
2019:05:06 14:31:30 308771 404.8608
2019:05:06 14:31:30 309594 799.9837
2019:05:06 14:31:30 310031 411.1156
2019:05:06 14:31:30 310822 408.8096
2019:05:06 14:31:30 311641 800.2296
2019:05:06 14:31:30 312085 416.5880
2019:05:06 14:31:30 312866 402.0445
2019:05:06 14:31:30 313690 804.4355
2019:05:06 14:31:30 314132 408.7053
2019:05:06 14:31:30 314918 409.5174
2019:05:06 14:31:30 315738 804.1374
2019:05:06 14:31:30 316177 409.9347
2019:05:06 14:31:30 316962 404.6112
2019:05:06 14:31:30 317785 800.3376
2019:05:06 14:31:30 318224 413.2949
2019:05:06 14:31:30 319010 405.2371
2019:05:06 14:31:30 319833 800.1626
2019:05:06 14:31:30 320277 421.7066
2019:05:06 14:31:30 321059 405.1402
2019:05:06 14:31:30 321884 800.2222
2019:05:06 14:31:30 322316 402.8939
2019:05:06 14:31:30 323107 406.6229
2019:05:06 14:31:30 323929 797.5437
2019:05:06 14:31:30 324368 410.6499
2019:05:06 14:31:30 325157 403.7321
2019:05:06 14:31:30 325978 802.5803
2019:05:06 14:31:30 326419 409.9943
2019:05:06 14:31:30 327202 406.3621
2019:05:06 14:31:30 328025 804.5100
2019:05:06 14:31:30 328461 406.1833
2019:05:06 14:31:30 329249 404.0338
2019:05:06 14:31:30 330074 799.2908
2019:05:06 14:31:30 330518 412.5908
2019:05:06 14:31:30 331298 406.2392
2019:05:06 14:31:30 332117 799.3169
2019:05:06 14:31:30 332557 406.6899
2019:05:06 14:31:30 333342 401.9849
2019:05:06 14:31:30 334168 796.3851
2019:05:06 14:31:30 334602 405.5798
2019:05:06 14:31:30 335390 405.7735
2019:05:06 14:31:30 336213 800.5835
2019:05:06 14:31:30 336654 412.6765
2019:05:06 14:31:30 337438 405.2743
2019:05:06 14:31:30 338261 798.8773
2019:05:06 14:31:30 338707 417.7764
2019:05:06 14:31:30 339486 404.6373
2019:05:06 14:31:30 340308 802.4685
2019:05:06 14:31:30 340747 406.6154
2019:05:06 14:31:30 341535 406.7980
2019:05:06 14:31:30 342358 796.0424
2019:05:06 14:31:30 342794 412.0842
2019:05:06 14:31:30 343581 402.5102
2019:05:06 14:31:30 344404 798.8960
2019:05:06 14:31:30 344849 414.8707
2019:05:06 14:31:30 345631 406.8725
2019:05:06 14:31:30 346453 801.4068
2019:05:06 14:31:30 346887 406.8054
2019:05:06 14:31:30 347678 405.2408
2019:05:06 14:31:30 348500 790.8493
2019:05:06 14:31:30 348944 415.9249
2019:05:06 14:31:30 349726 406.2019
2019:05:06 14:31:30 350549 799.3467
2019:05:06 14:31:30 350982 406.7980
2019:05:06 14:31:30 351773 404.0226
2019:05:06 14:31:30 352597 800.8406
2019:05:06 14:31:30 353032 407.6175
2019:05:06 14:31:30 353821 405.0024
2019:05:06 14:31:30 354647 806.6371
2019:05:06 14:31:30 355076 408.7389
2019:05:06 14:31:30 355869 404.2760
2019:05:06 14:31:30 356692 800.4159
2019:05:06 14:31:30 357131 414.0176
2019:05:06 14:31:30 357917 404.7304
2019:05:06 14:31:30 358740 800.3674
2019:05:06 14:31:30 359179 408.1130
2019:05:06 14:31:30 359968 406.1237
2019:05:06 14:31:30 360789 800.9113
2019:05:06 14:31:30 361228 409.2343
2019:05:06 14:31:30 362011 401.4745
2019:05:06 14:31:30 362838 801.7942
2019:05:06 14:31:30 363280 421.1515
2019:05:06 14:31:30 364062 404.4659
2019:05:06 14:31:30 364886 800.5425
2019:05:06 14:31:30 365324 409.7149
2019:05:06 14:31:30 366110 405.7884
2019:05:06 14:31:30 366933 799.3504
2019:05:06 14:31:30 367371 410.4823
2019:05:06 14:31:30 368158 404.8571
2019:05:06 14:31:30 368982 800.3265
2019:05:06 14:31:30 369420 410.7319
2019:05:06 14:31:30 370206 406.4515
2019:05:06 14:31:30 371029 798.5830
2019:05:06 14:31:30 371468 411.6893
2019:05:06 14:31:30 372254 405.8667
2019:05:06 14:31:30 373076 798.1770
2019:05:06 14:31:30 373515 418.9610
2019:05:06 14:31:30 374302 404.6895
2019:05:06 14:31:30 375124 800.9858
2019:05:06 14:31:30 375564 412.0916
2019:05:06 14:31:30 376350 405.7847
2019:05:06 14:31:30 377174 800.1588
2019:05:06 14:31:30 377617 422.3660
2019:05:06 14:31:30 378398 403.9258
2019:05:06 14:31:30 379220 798.4452
2019:05:06 14:31:30 379659 410.7505
2019:05:06 14:31:30 380446 405.6953
2019:05:06 14:31:30 381269 799.9390
2019:05:06 14:31:30 381709 412.1177
2019:05:06 14:31:30 382491 404.3244
2019:05:06 14:31:30 383316 801.5893
2019:05:06 14:31:30 383756 411.6334
2019:05:06 14:31:30 384542 405.8294
2019:05:06 14:31:30 385366 800.4867
2019:05:06 14:31:30 385807 410.6089
2019:05:06 14:31:30 386589 404.7789
2019:05:06 14:31:30 387412 799.0114
2019:05:06 14:31:30 387852 412.4269
2019:05:06 14:31:30 388637 405.4569
2019:05:06 14:31:30 389461 800.0843
2019:05:06 14:31:30 389901 410.7282
2019:05:06 14:31:30 390685 404.2313
2019:05:06 14:31:30 391509 800.1588
2019:05:06 14:31:30 391948 411.8718
2019:05:06 14:31:30 392731 403.9705
2019:05:06 14:31:30 393555 799.3132
2019:05:06 14:31:30 393991 415.3922
2019:05:06 14:31:30 394781 403.7879
2019:05:06 14:31:30 395605 798.0764
2019:05:06 14:31:30 396046 413.1198
2019:05:06 14:31:30 396829 405.7847
2019:05:06 14:31:30 397651 799.1828
2019:05:06 14:31:30 398090 412.1736
2019:05:06 14:31:30 398877 406.6341
2019:05:06 14:31:30 399699 798.1397
2019:05:06 14:31:30 400141 414.1144
2019:05:06 14:31:30 400925 406.8576
2019:05:06 14:31:30 401747 798.9109
2019:05:06 14:31:30 402178 406.2206
2019:05:06 14:31:30 402973 407.7032
2019:05:06 14:31:30 403795 801.2429
2019:05:06 14:31:30 404237 421.2521
2019:05:06 14:31:30 405020 406.0380
2019:05:06 14:31:30 405843 798.6836
2019:05:06 14:31:30 406285 412.5945
2019:05:06 14:31:30 407068 406.7644
2019:05:06 14:31:30 407890 799.1120
2019:05:06 14:31:30 408330 412.5461
2019:05:06 14:31:30 409116 406.1386
2019:05:06 14:31:30 409938 798.3036
2019:05:06 14:31:30 410380 413.3731
2019:05:06 14:31:30 411164 406.4813
2019:05:06 14:31:30 411986 799.2312
2019:05:06 14:31:30 412427 410.2364
2019:05:06 14:31:30 413209 404.8944
2019:05:06 14:31:30 414036 804.8229
2019:05:06 14:31:30 414479 411.2981
2019:05:06 14:31:30 415260 406.4515
2019:05:06 14:31:30 416082 796.1802
2019:05:06 14:31:30 416527 416.1671
2019:05:06 14:31:30 417309 407.6548
2019:05:06 14:31:30 418130 797.0855
2019:05:06 14:31:30 418575 414.9675
2019:05:06 14:31:30 419356 405.9486
2019:05:06 14:31:30 420178 796.4075
2019:05:06 14:31:30 420623 415.2544
2019:05:06 14:31:30 421405 407.5244
2019:05:06 14:31:30 422224 792.2910
2019:05:06 14:31:30 422665 418.9275
2019:05:06 14:31:30 423452 406.0492
2019:05:06 14:31:30 424274 794.9546
2019:05:06 14:31:30 424719 415.0011
2019:05:06 14:31:30 425501 407.2636
2019:05:06 14:31:30 426322 794.0717
2019:05:06 14:31:30 426767 413.9617
2019:05:06 14:31:30 427548 406.3994
2019:05:06 14:31:30 428369 795.5022
2019:05:06 14:31:30 428815 415.1016
2019:05:06 14:31:30 429596 407.2748
2019:05:06 14:31:30 430418 795.7742
2019:05:06 14:31:30 430860 412.1959
2019:05:06 14:31:30 431643 406.0231
2019:05:06 14:31:30 432465 795.8226
2019:05:06 14:31:30 432899 407.2748
2019:05:06 14:31:30 433695 412.0208
2019:05:06 14:31:30 434514 795.6252
2019:05:06 14:31:30 434956 412.1661
2019:05:06 14:31:30 435739 406.1759
2019:05:06 14:31:30 436561 795.6028
2019:05:06 14:31:30 437006 414.8260
2019:05:06 14:31:30 437787 405.8443
2019:05:06 14:31:30 438609 797.7523
2019:05:06 14:31:30 439052 412.4269
2019:05:06 14:31:30 439835 405.8182
2019:05:06 14:31:30 440657 797.1935
2019:05:06 14:31:30 441102 414.6248
2019:05:06 14:31:30 441880 403.0839
2019:05:06 14:31:30 442705 799.0263
2019:05:06 14:31:30 443145 417.4672
2019:05:06 14:31:30 443931 405.9747
2019:05:06 14:31:30 444753 792.5406
2019:05:06 14:31:30 445197 409.2380
2019:05:06 14:31:30 445979 405.8629
2019:05:06 14:31:30 446801 796.3441
2019:05:06 14:31:30 447245 410.4190
2019:05:06 14:31:30 448027 406.2541
2019:05:06 14:31:30 448849 796.6384
2019:05:06 14:31:30 449293 415.4444
2019:05:06 14:31:30 450075 405.4196
2019:05:06 14:31:30 450897 797.6778
2019:05:06 14:31:30 451340 411.7675
2019:05:06 14:31:30 452123 406.4143
2019:05:06 14:31:30 452943 794.5597
2019:05:06 14:31:30 453387 422.8763
2019:05:06 14:31:30 454170 405.5165
2019:05:06 14:31:30 454992 795.1856
2019:05:06 14:31:30 455436 414.8781
2019:05:06 14:31:30 456219 406.5670
2019:05:06 14:31:30 457040 795.3010
2019:05:06 14:31:30 457486 422.2877
2019:05:06 14:31:30 458266 406.4739
2019:05:06 14:31:30 459088 796.0536
2019:05:06 14:31:30 459533 415.5375
2019:05:06 14:31:30 460314 405.9523
2019:05:06 14:31:30 461136 795.8338
2019:05:06 14:31:30 461583 418.2719
2019:05:06 14:31:30 462359 404.7975
2019:05:06 14:31:30 463185 804.5658
2019:05:06 14:31:30 463626 411.7824
2019:05:06 14:31:30 464410 405.6469
2019:05:06 14:31:30 465232 795.7406
2019:05:06 14:31:30 465679 417.0798
2019:05:06 14:31:30 466458 406.4441
2019:05:06 14:31:30 467280 795.8189
2019:05:06 14:31:30 467723 413.5184
2019:05:06 14:31:30 468506 406.0194
2019:05:06 14:31:30 469328 796.1802
2019:05:06 14:31:30 469773 410.0613
2019:05:06 14:31:30 470553 405.9784
2019:05:06 14:31:30 471376 796.9514
2019:05:06 14:31:30 471821 414.7328
2019:05:06 14:31:30 472598 403.1658
2019:05:06 14:31:30 473425 805.4189
2019:05:06 14:31:30 473869 422.0903
2019:05:06 14:31:30 474649 405.8443
2019:05:06 14:31:30 475472 795.8226
2019:05:06 14:31:30 475915 415.0569
2019:05:06 14:31:30 476698 406.8501
2019:05:06 14:31:30 477520 796.4559
2019:05:06 14:31:30 477962 411.8495
2019:05:06 14:31:30 478745 406.0790
2019:05:06 14:31:30 479567 795.7853
2019:05:06 14:31:30 480009 412.0804
2019:05:06 14:31:30 480793 406.2355
2019:05:06 14:31:30 481617 798.2925
2019:05:06 14:31:30 482053 405.2445
2019:05:06 14:31:30 482842 409.1598
2019:05:06 14:31:30 483663 797.2568
2019:05:06 14:31:30 484108 415.8691
2019:05:06 14:31:30 484889 406.2541
2019:05:06 14:31:30 485712 796.6310
2019:05:06 14:31:30 486156 410.4003
2019:05:06 14:31:30 486937 406.4552
2019:05:06 14:31:30 487759 795.3383
2019:05:06 14:31:30 488204 415.2581
2019:05:06 14:31:30 488985 406.6415
2019:05:06 14:31:30 489807 795.3271
2019:05:06 14:31:30 490252 409.3088
2019:05:06 14:31:30 491033 406.2951
2019:05:06 14:31:30 491855 795.1930
2019:05:06 14:31:30 492300 410.1619
2019:05:06 14:31:30 493077 402.9237
2019:05:06 14:31:30 493903 803.8543
2019:05:06 14:31:30 494346 420.6710
2019:05:06 14:31:30 494843 120.9117
2019:05:06 14:31:30 495568 423.8747
2019:05:06 14:31:30 496376 406.2727
2019:05:06 14:31:30 496820 412.6951
2019:05:06 14:31:30 497599 418.6407
2019:05:06 14:31:30 498412 409.4467
2019:05:06 14:31:30 498858 414.5727
2019:05:06 14:31:30 499279 337.2729
2019:05:06 14:31:30 500102 429.9060
2019:05:06 14:31:30 500893 417.7503
2019:05:06 14:31:30 501320 400.6401
2019:05:06 14:31:30 502133 417.2921
2019:05:06 14:31:30 502930 411.5179
2019:05:06 14:31:30 503357 400.9120
2019:05:06 14:31:30 504184 434.7377
2019:05:06 14:31:30 504969 408.4446
2019:05:06 14:31:30 505406 407.1556
2019:05:06 14:31:30 506232 434.8159
2019:05:06 14:31:30 507017 408.5861
2019:05:06 14:31:30 507452 404.0301
2019:05:06 14:31:30 508276 431.1539
2019:05:06 14:31:30 509062 410.0427
2019:05:06 14:31:30 509496 400.0366
2019:05:06 14:31:30 510318 438.5076
2019:05:06 14:31:30 511106 409.7000
2019:05:06 14:31:30 511531 393.3795
2019:05:06 14:31:30 512348 794.8615
2019:05:06 14:31:30 512787 409.3349
2019:05:06 14:31:30 513566 399.5225
2019:05:06 14:31:30 514387 790.9946
2019:05:06 14:31:30 514831 415.4220
2019:05:06 14:31:30 515612 406.3696
2019:05:06 14:31:30 516434 796.7241
2019:05:06 14:31:30 516877 412.9857
2019:05:06 14:31:30 517656 402.4096
2019:05:06 14:31:30 518477 791.1772
2019:05:06 14:31:30 518923 416.4279
2019:05:06 14:31:30 519415 118.4046
2019:05:06 14:31:30 520145 426.2999
2019:05:06 14:31:30 520951 411.0932
2019:05:06 14:31:30 521396 409.2306
2019:05:06 14:31:30 522191 422.1797
2019:05:06 14:31:30 523000 413.0714
2019:05:06 14:31:30 523437 412.0991
2019:05:06 14:31:30 524241 426.8587
2019:05:06 14:31:30 525047 409.8900
2019:05:06 14:31:30 525493 415.2507
2019:05:06 14:31:30 526290 424.4931
2019:05:06 14:31:30 527095 410.6499
2019:05:06 14:31:30 527537 411.0709
2019:05:06 14:31:30 528336 423.3159
2019:05:06 14:31:30 529143 410.7505
2019:05:06 14:31:30 529588 413.6749
2019:05:06 14:31:30 530378 424.6272
2019:05:06 14:31:30 531187 410.2923
2019:05:06 14:31:30 531631 410.2215
2019:05:06 14:31:30 532428 422.5411
2019:05:06 14:31:30 533232 407.8485
2019:05:06 14:31:30 533669 412.6690
2019:05:06 14:31:30 534475 424.5006
2019:05:06 14:31:30 535283 409.9049
2019:05:06 14:31:30 535725 409.8862
2019:05:06 14:31:30 536521 419.8179
2019:05:06 14:31:30 537330 410.0166
2019:05:06 14:31:30 537773 405.8965
2019:05:06 14:31:30 538570 420.1569
2019:05:06 14:31:30 539378 410.0613
2019:05:06 14:31:30 539820 409.9980
2019:05:06 14:31:30 540618 420.3990
2019:05:06 14:31:30 541428 411.4583
2019:05:06 14:31:30 541864 403.5681
2019:05:06 14:31:30 542666 426.7953
2019:05:06 14:31:30 543476 407.3977
2019:05:06 14:31:30 543919 418.3277
2019:05:06 14:31:30 544714 424.4186
2019:05:06 14:31:30 545523 411.0299
2019:05:06 14:31:30 545965 405.9486
2019:05:06 14:31:30 546763 421.0919
2019:05:06 14:31:30 547571 410.4227
2019:05:06 14:31:30 548013 409.8266
2019:05:06 14:31:30 548810 421.3043
2019:05:06 14:31:30 549620 409.5510
2019:05:06 14:31:30 550060 407.8858
2019:05:06 14:31:30 550857 420.1867
2019:05:06 14:31:30 551669 413.3210
2019:05:06 14:31:30 552110 407.2227
2019:05:06 14:31:30 552904 419.9408
2019:05:06 14:31:30 553718 414.5019
2019:05:06 14:31:30 554159 416.0888
2019:05:06 14:31:30 554952 423.3494
2019:05:06 14:31:30 555761 411.5626
2019:05:06 14:31:30 556200 408.3142
2019:05:06 14:31:30 557000 421.1068
2019:05:06 14:31:30 557809 409.2902
2019:05:06 14:31:30 558249 409.4392
2019:05:06 14:31:30 559049 421.3080
2019:05:06 14:31:30 559857 409.3871
2019:05:06 14:31:30 560296 409.7596
2019:05:06 14:31:30 561095 420.2724
2019:05:06 14:31:30 561904 408.0012
2019:05:06 14:31:30 562334 404.1642
2019:05:06 14:31:30 563148 427.7304
2019:05:06 14:31:30 563953 409.8825
2019:05:06 14:31:30 564391 407.5207
2019:05:06 14:31:30 565191 423.4761
2019:05:06 14:31:30 566000 409.1859
2019:05:06 14:31:30 566440 409.4057
2019:05:06 14:31:30 567240 420.5778
2019:05:06 14:31:30 568050 411.1864
2019:05:06 14:31:30 568488 411.2609
2019:05:06 14:31:30 569289 422.3473
2019:05:06 14:31:30 570098 409.4057
2019:05:06 14:31:30 570535 408.8804
2019:05:06 14:31:30 571335 420.9951
2019:05:06 14:31:30 572146 412.0581
2019:05:06 14:31:30 572580 403.8811
2019:05:06 14:31:30 573386 430.5728
2019:05:06 14:31:30 574194 411.4136
2019:05:06 14:31:30 574633 406.9842
2019:05:06 14:31:30 575433 425.0892
2019:05:06 14:31:30 576240 410.6537
2019:05:06 14:31:30 576680 410.8176
2019:05:06 14:31:30 577481 422.7757
2019:05:06 14:31:30 578289 410.5791
2019:05:06 14:31:30 578728 409.3647
2019:05:06 14:31:30 579528 421.3527
2019:05:06 14:31:30 580337 410.4003
2019:05:06 14:31:30 580775 408.1242
2019:05:06 14:31:30 581579 423.0998
2019:05:06 14:31:30 582382 409.6888
2019:05:06 14:31:30 582817 412.5200
2019:05:06 14:31:30 583623 424.0237
2019:05:06 14:31:30 584433 410.9703
2019:05:06 14:31:30 584873 409.2753
2019:05:06 14:31:30 585679 429.3695
2019:05:06 14:31:30 586480 410.9666
2019:05:06 14:31:30 586918 408.9624
2019:05:06 14:31:30 587719 421.7252
2019:05:06 14:31:30 588528 410.1060
2019:05:06 14:31:30 588968 410.2141
2019:05:06 14:31:30 589768 421.7513
2019:05:06 14:31:30 590578 411.2385
2019:05:06 14:31:30 591015 408.6420
2019:05:06 14:31:30 591819 425.3127
2019:05:06 14:31:30 592623 407.9081
2019:05:06 14:31:30 593054 404.4324
2019:05:06 14:31:30 593863 426.4042
2019:05:06 14:31:30 594672 409.0555
2019:05:06 14:31:30 595112 408.2248
2019:05:06 14:31:30 595912 421.4942
2019:05:06 14:31:30 596719 410.7095
2019:05:06 14:31:30 597157 412.1810
2019:05:06 14:31:30 597960 422.8242
2019:05:06 14:31:30 598767 410.0390
2019:05:06 14:31:30 599205 412.8590
2019:05:06 14:31:30 600005 419.9743
2019:05:06 14:31:30 600816 410.7654
2019:05:06 14:31:30 601254 400.6550
2019:05:06 14:31:30 602058 422.0642
2019:05:06 14:31:30 602865 412.4269
2019:05:06 14:31:30 603303 412.0283
2019:05:06 14:31:30 604103 420.7864
2019:05:06 14:31:30 604912 411.1603
2019:05:06 14:31:30 605359 414.7850
2019:05:06 14:31:30 606146 420.5368
2019:05:06 14:31:30 606954 407.8820
2019:05:06 14:31:30 607395 410.6127
2019:05:06 14:31:30 607817 333.7115
2019:05:06 14:31:30 608628 418.8977
2019:05:06 14:31:30 609428 411.3466
2019:05:06 14:31:30 609840 386.3685
2019:05:06 14:31:30 610674 434.3316
2019:05:06 14:31:30 611462 411.8830
2019:05:06 14:31:30 611886 399.2505
2019:05:06 14:31:30 612704 792.0600
2019:05:06 14:31:30 613145 414.4758
2019:05:06 14:31:30 613915 390.1757
2019:05:06 14:31:30 614746 805.8473
2019:05:06 14:31:30 615182 407.3009
2019:05:06 14:31:30 615964 402.0967
2019:05:06 14:31:30 616783 795.9791
2019:05:06 14:31:30 617225 416.1112
2019:05:06 14:31:30 617715 117.8831
2019:05:06 14:31:30 618453 425.1227
2019:05:06 14:31:30 619258 413.8499
2019:05:06 14:31:30 619691 413.1570
2019:05:06 14:31:30 620479 421.6023
2019:05:06 14:31:30 621292 411.1566
2019:05:06 14:31:30 621727 400.2452
2019:05:06 14:31:30 622142 323.0795
2019:05:06 14:31:30 622969 424.9029
2019:05:06 14:31:30 623755 410.0800
2019:05:06 14:31:30 624183 400.0477
2019:05:06 14:31:30 625006 424.1578
2019:05:06 14:31:30 625801 408.6122
2019:05:06 14:31:30 626231 396.7881
2019:05:06 14:31:30 627062 430.3716
2019:05:06 14:31:30 627853 417.0686
2019:05:06 14:31:30 628280 406.6639
2019:05:06 14:31:30 629104 428.8331
2019:05:06 14:31:30 629895 407.6920
2019:05:06 14:31:30 630325 403.1211
2019:05:06 14:31:30 631156 429.0454
2019:05:06 14:31:30 631952 419.3597
2019:05:06 14:31:30 632379 406.6266
2019:05:06 14:31:30 633206 431.9139
2019:05:06 14:31:30 633993 410.6387
2019:05:06 14:31:30 634422 400.3011
2019:05:06 14:31:30 635255 433.3779
2019:05:06 14:31:30 636038 408.2955
2019:05:06 14:31:30 636468 400.2266
2019:05:06 14:31:30 637294 424.8768
2019:05:06 14:31:30 638084 409.0853
2019:05:06 14:31:30 638515 397.5146
2019:05:06 14:31:30 639336 435.7845
2019:05:06 14:31:30 640125 408.2546
2019:05:06 14:31:30 640554 404.1381
2019:05:06 14:31:30 641370 795.1073
2019:05:06 14:31:30 641810 414.2560
2019:05:06 14:31:30 642590 396.2517
2019:05:06 14:31:30 643409 799.9949
2019:05:06 14:31:30 643850 416.3794
2019:05:06 14:31:30 644341 116.6649
2019:05:06 14:31:30 645074 423.8263
2019:05:06 14:31:30 645878 414.4348
2019:05:06 14:31:30 646311 409.1635
2019:05:06 14:31:30 647114 422.7050
2019:05:06 14:31:30 647925 414.5093
2019:05:06 14:31:30 648361 403.3595
2019:05:06 14:31:30 649164 425.4170
2019:05:06 14:31:30 649976 417.9552
2019:05:06 14:31:30 650405 409.2678
2019:05:06 14:31:30 651209 424.7986
2019:05:06 14:31:30 652017 411.7526
2019:05:06 14:31:30 652453 400.4464
2019:05:06 14:31:30 653259 427.6894
2019:05:06 14:31:30 654063 407.7628
2019:05:06 14:31:30 654502 413.2353
2019:05:06 14:31:30 655307 425.7150
2019:05:06 14:31:30 656117 414.9489
2019:05:06 14:31:30 656554 413.5817
2019:05:06 14:31:30 657357 426.4936
2019:05:06 14:31:30 658159 409.3572
2019:05:06 14:31:30 658594 409.2790
2019:05:06 14:31:30 659403 425.4878
2019:05:06 14:31:30 660213 417.7541
2019:05:06 14:31:30 660644 409.9607
2019:05:06 14:31:30 661450 425.5846
2019:05:06 14:31:30 662257 410.0017
2019:05:06 14:31:30 662694 406.9358
2019:05:06 14:31:30 663498 424.4372
2019:05:06 14:31:30 664304 410.2588
2019:05:06 14:31:30 664742 409.0033
2019:05:06 14:31:30 665547 422.6565
2019:05:06 14:31:30 666353 409.0257
2019:05:06 14:31:30 666793 403.5756
2019:05:06 14:31:30 667596 424.4223
2019:05:06 14:31:30 668408 419.1324
2019:05:06 14:31:30 668839 408.7240
2019:05:06 14:31:30 669642 423.9790
2019:05:06 14:31:30 670452 413.8462
2019:05:06 14:31:30 670888 400.6140
2019:05:06 14:31:30 671692 422.9099
2019:05:06 14:31:30 672531 443.3841
2019:05:06 14:31:30 673357 284.1987
2019:05:06 14:31:30 674166 424.3702
2019:05:06 14:31:30 674961 409.3945
2019:05:06 14:31:30 675387 401.5006
2019:05:06 14:31:30 676218 430.2338
2019:05:06 14:31:30 677010 415.4891
2019:05:06 14:31:30 677438 405.0061
2019:05:06 14:31:30 678265 425.8789
2019:05:06 14:31:30 679053 403.0280
2019:05:06 14:31:30 679482 407.0699
2019:05:06 14:31:30 680313 429.8910
2019:05:06 14:31:30 681105 409.8080
2019:05:06 14:31:30 681619 496.3689
2019:05:06 14:31:30 682408 459.5965
2019:05:06 14:31:30 683182 406.1572
2019:05:06 14:31:30 683982 422.3958
2019:05:06 14:31:30 684798 417.1245
2019:05:06 14:31:30 685224 398.7178
2019:05:06 14:31:30 686027 423.9678
2019:05:06 14:31:30 686839 419.0244
2019:05:06 14:31:30 687270 407.8522
2019:05:06 14:31:30 688072 421.9301
2019:05:06 14:31:30 688884 414.9452
2019:05:06 14:31:30 689320 400.9455
2019:05:06 14:31:30 690123 424.5900
2019:05:06 14:31:30 690936 420.0563
2019:05:06 14:31:30 691367 406.5409
2019:05:06 14:31:30 692175 429.2913
2019:05:06 14:31:30 692977 408.9735
2019:05:06 14:31:30 693418 402.1227
2019:05:06 14:31:30 694213 421.3080
2019:05:06 14:31:30 695022 412.9298
2019:05:06 14:31:30 695457 404.5852
2019:05:06 14:31:30 696260 422.5746
2019:05:06 14:31:30 697068 410.8101
2019:05:06 14:31:30 697505 405.4308
2019:05:06 14:31:30 698307 422.3771
2019:05:06 14:31:30 699114 408.5824
2019:05:06 14:31:30 699554 403.3484
2019:05:06 14:31:30 700358 423.3308
2019:05:06 14:31:30 701172 413.8947
2019:05:06 14:31:30 701610 408.6792
2019:05:06 14:31:30 702405 422.0232
2019:05:06 14:31:30 703209 408.6941
2019:05:06 14:31:30 703653 413.7456
2019:05:06 14:31:30 704438 415.5971
2019:05:06 14:31:30 705252 410.6425
2019:05:06 14:31:30 705691 409.6143
2019:05:06 14:31:30 706113 333.9648
2019:05:06 14:31:30 706933 442.5421
2019:05:06 14:31:30 707714 407.4574
2019:05:06 14:31:30 708138 395.2384
2019:05:06 14:31:30 708964 436.9393
2019:05:06 14:31:30 709753 405.2222
2019:05:06 14:31:30 710182 394.7839
2019:05:06 14:31:30 711001 801.7048
2019:05:06 14:31:30 711447 416.0255
2019:05:06 14:31:30 712217 388.0188
2019:05:06 14:31:30 713034 794.8950
2019:05:06 14:31:30 713476 413.1570
2019:05:06 14:31:30 713966 117.6000
2019:05:06 14:31:30 714704 421.9785
2019:05:06 14:31:30 715510 415.9659
2019:05:06 14:31:30 715948 415.5226
2019:05:06 14:31:30 716738 419.1510
2019:05:06 14:31:30 717546 409.8080
2019:05:06 14:31:30 717991 407.3717
2019:05:06 14:31:30 718775 419.5347
2019:05:06 14:31:30 719587 410.4748
2019:05:06 14:31:30 720035 415.9249
2019:05:06 14:31:30 720811 698.2125
2019:05:06 14:31:30 721636 792.0898
2019:05:06 14:31:30 722070 409.1710
2019:05:06 14:31:30 722500 338.5618
2019:05:06 14:31:30 723317 435.7770
2019:05:06 14:31:30 724100 409.7559
2019:05:06 14:31:30 724529 395.4284
2019:05:06 14:31:30 725354 438.1910
2019:05:06 14:31:30 726140 409.3461
2019:05:06 14:31:30 726573 401.5602
2019:05:06 14:31:30 727393 434.8569
2019:05:06 14:31:30 728185 410.7244
2019:05:06 14:31:30 728608 395.2757
2019:05:06 14:31:30 729424 795.7034
2019:05:06 14:31:30 729876 414.7217
2019:05:06 14:31:30 730638 398.9190
2019:05:06 14:31:30 731470 801.5409
2019:05:06 14:31:30 731916 411.3689
2019:05:06 14:31:30 732324 384.5282
2019:05:06 14:31:30 733124 425.0780
2019:05:06 14:31:30 733929 409.9607
2019:05:06 14:31:30 734371 409.5696
2019:05:06 14:31:30 735164 419.1175
2019:05:06 14:31:30 735972 409.0816
2019:05:06 14:31:30 736414 409.0406
2019:05:06 14:31:30 737210 416.0516
2019:05:06 14:31:30 738022 410.6797
2019:05:06 14:31:30 738465 413.3135
2019:05:06 14:31:30 739260 422.9508
2019:05:06 14:31:30 740068 408.5377
2019:05:06 14:31:30 740509 411.1119
2019:05:06 14:31:30 741306 416.3384
2019:05:06 14:31:30 742120 410.2811
2019:05:06 14:31:30 742563 415.3624
2019:05:06 14:31:30 743355 422.1089
2019:05:06 14:31:30 744165 408.4781
2019:05:06 14:31:30 744606 407.0401
2019:05:06 14:31:30 745402 421.0249
2019:05:06 14:31:30 746213 409.8974
2019:05:06 14:31:30 746653 399.8391
2019:05:06 14:31:30 747451 422.3548
2019:05:06 14:31:30 748261 410.7915
2019:05:06 14:31:30 748701 407.0848
2019:05:06 14:31:30 749500 420.8386
2019:05:06 14:31:30 750308 408.4930
2019:05:06 14:31:30 750751 402.8752
2019:05:06 14:31:30 751547 422.0754
2019:05:06 14:31:30 752359 411.9128
2019:05:06 14:31:30 752799 409.1747
2019:05:06 14:31:30 753596 422.2691
2019:05:06 14:31:30 754406 410.7915
2019:05:06 14:31:30 754852 415.6120
2019:05:06 14:31:30 755642 418.5960
2019:05:06 14:31:30 756452 410.1060
2019:05:06 14:31:30 756894 412.4939
2019:05:06 14:31:30 757689 420.6263
2019:05:06 14:31:30 758500 409.6702
2019:05:06 14:31:30 758941 401.6310
2019:05:06 14:31:30 759738 421.8817
2019:05:06 14:31:30 760549 412.2965
2019:05:06 14:31:30 760995 414.9079
2019:05:06 14:31:30 761787 415.2432
2019:05:06 14:31:30 762596 407.8448
2019:05:06 14:31:30 763038 407.8709
2019:05:06 14:31:30 763833 421.5464
2019:05:06 14:31:30 764643 409.5435
2019:05:06 14:31:30 765084 408.0385
2019:05:06 14:31:30 765880 418.7115
2019:05:06 14:31:30 766693 411.0597
2019:05:06 14:31:30 767133 409.7931
2019:05:06 14:31:30 767930 422.8354
2019:05:06 14:31:30 768741 411.5589
2019:05:06 14:31:30 769181 409.8937
2019:05:06 14:31:30 769976 416.7445
2019:05:06 14:31:30 770788 410.2774
2019:05:06 14:31:30 771231 403.0429
2019:05:06 14:31:30 772026 422.1648
2019:05:06 14:31:30 772837 412.3524
2019:05:06 14:31:30 773279 410.9591
2019:05:06 14:31:30 774076 423.2191
2019:05:06 14:31:30 774885 410.9703
2019:05:06 14:31:30 775326 408.0534
2019:05:06 14:31:30 776122 423.3345
2019:05:06 14:31:30 776931 409.7447
2019:05:06 14:31:30 777376 411.0932
2019:05:06 14:31:30 778168 416.0106
2019:05:06 14:31:30 778981 410.4935
2019:05:06 14:31:30 779424 412.6951
2019:05:06 14:31:30 780218 423.7071
2019:05:06 14:31:30 781027 407.2785
2019:05:06 14:31:30 781468 411.2832
2019:05:06 14:31:30 782266 417.2288
2019:05:06 14:31:30 783076 411.1864
2019:05:06 14:31:30 783518 409.6068
2019:05:06 14:31:30 784314 423.5953
2019:05:06 14:31:30 785122 408.4706
2019:05:06 14:31:30 785572 417.3853
2019:05:06 14:31:30 786359 419.6726
2019:05:06 14:31:30 787171 410.1805
2019:05:06 14:31:30 787615 407.1668
2019:05:06 14:31:30 788410 422.5075
2019:05:06 14:31:30 789219 411.3354
2019:05:06 14:31:30 789659 408.9661
2019:05:06 14:31:30 790456 418.4693
2019:05:06 14:31:30 791267 409.7931
2019:05:06 14:31:30 791711 405.3749
2019:05:06 14:31:30 792505 418.5028
2019:05:06 14:31:30 793317 410.1694
2019:05:06 14:31:30 793759 407.6511
2019:05:06 14:31:30 794556 423.7965
2019:05:06 14:31:30 795364 410.9479
2019:05:06 14:31:30 795808 414.2411
2019:05:06 14:31:30 796602 420.6486
2019:05:06 14:31:30 797413 409.9458
2019:05:06 14:31:30 797856 408.9102
2019:05:06 14:31:30 798648 420.6970
2019:05:06 14:31:30 799460 409.1412
2019:05:06 14:31:30 799900 407.7964
2019:05:06 14:31:30 800698 422.9359
2019:05:06 14:31:30 801505 410.8772
2019:05:06 14:31:30 801947 406.5558
2019:05:06 14:31:30 802360 332.9553
2019:05:06 14:31:30 803191 431.8208
2019:05:06 14:31:30 803983 416.5284
2019:05:06 14:31:30 804403 402.6517
2019:05:06 14:31:30 805234 443.9205
2019:05:06 14:31:30 806012 407.5840
2019:05:06 14:31:30 806444 396.5013
2019:05:06 14:31:30 807266 431.6121
2019:05:06 14:31:30 808058 409.0443
2019:05:06 14:31:30 808482 398.7066
2019:05:06 14:31:30 809317 441.2569
2019:05:06 14:31:30 810100 407.4685
2019:05:06 14:31:30 810521 396.3597
2019:05:06 14:31:30 811335 794.6417
2019:05:06 14:31:30 811780 416.3086
2019:05:06 14:31:30 812556 398.3974
2019:05:06 14:31:30 813379 794.1574
2019:05:06 14:31:30 813816 403.8848
2019:05:06 14:31:30 814314 116.3371
2019:05:06 14:31:30 815039 419.4193
2019:05:06 14:31:30 815858 426.5532
2019:05:06 14:31:30 816362 118.1550
2019:05:06 14:31:30 817085 416.2304
2019:05:06 14:31:30 817892 406.3360
2019:05:06 14:31:30 818330 411.0187
2019:05:06 14:31:30 818745 322.5878
2019:05:06 14:31:30 819559 421.6991
2019:05:06 14:31:30 820357 408.9884
2019:05:06 14:31:30 820776 401.3553
2019:05:06 14:31:30 821611 429.2168
2019:05:06 14:31:30 822408 411.4322
2019:05:06 14:31:30 822829 401.7167
2019:05:06 14:31:30 823655 422.1499
2019:05:06 14:31:30 824448 408.2024
2019:05:06 14:31:30 824871 393.7446
2019:05:06 14:31:30 825703 431.6643
2019:05:06 14:31:30 826491 410.9181
2019:05:06 14:31:30 826920 405.2185
2019:05:06 14:31:30 827751 440.4522
2019:05:06 14:31:30 828536 409.5845
2019:05:06 14:31:30 828962 397.1048
2019:05:06 14:31:30 829794 431.5823
2019:05:06 14:31:30 830587 413.6823
2019:05:06 14:31:30 831010 399.1313
2019:05:06 14:31:30 831846 444.5277
2019:05:06 14:31:30 832629 409.8676
2019:05:06 14:31:30 833059 404.2871
2019:05:06 14:31:30 833879 804.5435
2019:05:06 14:31:30 834318 412.4902
2019:05:06 14:31:30 835090 402.2829
2019:05:06 14:31:30 835908 794.4964
2019:05:06 14:31:30 836346 410.1694
2019:05:06 14:31:30 837129 401.4000
2019:05:06 14:31:30 837952 799.4585
2019:05:06 14:31:30 838397 408.0422
2019:05:06 14:31:30 839178 401.2287
2019:05:06 14:31:30 840000 799.3579
2019:05:06 14:31:30 840443 412.3785
2019:05:06 14:31:30 841225 406.0715
2019:05:06 14:31:30 842048 802.6548
2019:05:06 14:31:30 842487 409.5957
2019:05:06 14:31:30 843273 404.6001
2019:05:06 14:31:30 844097 797.4468
2019:05:06 14:31:30 844534 410.2550
2019:05:06 14:31:30 845323 403.9407
2019:05:06 14:31:30 846147 799.3504
2019:05:06 14:31:30 846596 415.9324
2019:05:06 14:31:30 847372 405.2073
2019:05:06 14:31:30 848195 801.5670
2019:05:06 14:31:30 848630 408.3812
2019:05:06 14:31:30 849421 405.0545
2019:05:06 14:31:30 850244 797.7337
2019:05:06 14:31:30 850684 409.5472
2019:05:06 14:31:30 851468 406.5111
2019:05:06 14:31:30 852291 802.3493
2019:05:06 14:31:30 852720 407.4201
2019:05:06 14:31:30 853517 405.4457
2019:05:06 14:31:30 854339 797.9982
2019:05:06 14:31:30 854775 409.8602
2019:05:06 14:31:30 855563 403.5607
2019:05:06 14:31:30 856386 795.7220
2019:05:06 14:31:30 856824 407.4797
2019:05:06 14:31:30 857612 404.9130
2019:05:06 14:31:30 858431 807.1251
2019:05:06 14:31:30 858854 406.6043
2019:05:06 14:31:30 859659 397.8014
2019:05:06 14:31:30 860483 808.4588
2019:05:06 14:31:30 860917 413.5035
2019:05:06 14:31:30 861711 413.5109
2019:05:06 14:31:30 862531 803.2471
2019:05:06 14:31:30 862975 420.6449
2019:05:06 14:31:30 863755 404.7640
2019:05:06 14:31:30 864579 800.5127
2019:05:06 14:31:30 865016 408.0757
2019:05:06 14:31:30 865804 404.1158
2019:05:06 14:31:30 866627 798.1099
2019:05:06 14:31:30 867069 418.3948
2019:05:06 14:31:30 867851 406.9805
2019:05:06 14:31:30 868674 801.8799
2019:05:06 14:31:30 869114 412.8776
2019:05:06 14:31:30 869898 402.9311
2019:05:06 14:31:30 870723 803.0199
2019:05:06 14:31:30 871164 410.1843
2019:05:06 14:31:30 871948 406.0455
2019:05:06 14:31:30 872769 800.9784
2019:05:06 14:31:30 873202 411.8159
2019:05:06 14:31:30 873996 405.4941
2019:05:06 14:31:30 874819 800.5761
2019:05:06 14:31:30 875260 415.7089
2019:05:06 14:31:30 876043 405.9598
2019:05:06 14:31:30 876866 801.3546
2019:05:06 14:31:30 877304 412.6392
2019:05:06 14:31:30 878090 404.3132
2019:05:06 14:31:30 878914 802.3418
2019:05:06 14:31:30 879355 410.5680
2019:05:06 14:31:30 880140 405.5426
2019:05:06 14:31:30 880963 796.7129
2019:05:06 14:31:30 881405 415.7275
2019:05:06 14:31:30 882189 406.6080
2019:05:06 14:31:30 883006 801.7644
2019:05:06 14:31:30 883448 414.4311
2019:05:06 14:31:30 884231 405.7996
2019:05:06 14:31:30 885054 796.4410
2019:05:06 14:31:30 885499 414.0697
2019:05:06 14:31:30 886280 406.1498
2019:05:06 14:31:30 887103 798.3483
2019:05:06 14:31:30 887539 405.6916
2019:05:06 14:31:30 888326 405.9263
2019:05:06 14:31:30 889149 799.1493
2019:05:06 14:31:30 889588 411.4360
2019:05:06 14:31:30 890374 403.9966
2019:05:06 14:31:30 891198 800.5686
2019:05:06 14:31:30 891649 420.2239
2019:05:06 14:31:30 892423 404.7230
2019:05:06 14:31:30 893246 802.0140
2019:05:06 14:31:30 893685 407.3977
2019:05:06 14:31:30 894474 408.1689
2019:05:06 14:31:30 895294 799.5330
2019:05:06 14:31:30 895735 415.0830
2019:05:06 14:31:30 896519 405.1588
2019:05:06 14:31:30 897342 803.5228
2019:05:06 14:31:30 897780 404.8645
2019:05:06 14:31:30 898566 405.2892
2019:05:06 14:31:30 899389 800.9039
2019:05:06 14:31:30 899831 410.2178
2019:05:06 14:31:30 900615 406.2839
2019:05:06 14:31:30 901439 800.3525
2019:05:06 14:31:30 901875 409.8900
2019:05:06 14:31:30 902663 403.5048
2019:05:06 14:31:30 903485 801.0194
2019:05:06 14:31:30 903922 412.6467
2019:05:06 14:31:30 904710 405.2073
2019:05:06 14:31:30 905534 801.3807
2019:05:06 14:31:30 905969 407.2301
2019:05:06 14:31:30 906758 405.6841
2019:05:06 14:31:30 907580 797.7709
2019:05:06 14:31:30 908026 415.7498
2019:05:06 14:31:30 908806 406.8799
2019:05:06 14:31:30 909628 801.0603
2019:05:06 14:31:30 910069 412.5573
2019:05:06 14:31:30 910853 402.0818
2019:05:06 14:31:30 911676 796.9365
2019:05:06 14:31:30 912117 410.8138
2019:05:06 14:31:30 912903 405.8145
2019:05:06 14:31:30 913725 796.8955
2019:05:06 14:31:30 914163 406.4590
2019:05:06 14:31:30 914950 406.1386
2019:05:06 14:31:30 915772 797.2643
2019:05:06 14:31:30 916208 411.5291
2019:05:06 14:31:30 916998 406.7048
2019:05:06 14:31:30 917820 800.4755
2019:05:06 14:31:30 918254 406.9917
2019:05:06 14:31:30 919045 405.2296
2019:05:06 14:31:30 919867 798.7283
2019:05:06 14:31:30 920313 414.3044
2019:05:06 14:31:30 921093 406.9619
2019:05:06 14:31:30 921916 799.6373
2019:05:06 14:31:30 922359 415.2954
2019:05:06 14:31:30 923142 406.0045
2019:05:06 14:31:30 923964 797.9944
2019:05:06 14:31:30 924408 410.2513
2019:05:06 14:31:30 925189 404.8608
2019:05:06 14:31:30 926012 792.7679
2019:05:06 14:31:30 926460 420.1755
2019:05:06 14:31:30 927237 406.0380
2019:05:06 14:31:30 928059 799.4957
2019:05:06 14:31:30 928500 412.9969
2019:05:06 14:31:30 929285 405.8219
2019:05:06 14:31:30 930108 795.7965
2019:05:06 14:31:30 930552 410.1992
2019:05:06 14:31:30 931334 406.6303
2019:05:06 14:31:30 932155 795.6102
2019:05:06 14:31:30 932604 417.9217
2019:05:06 14:31:30 933382 406.1051
2019:05:06 14:31:30 934203 798.9369
2019:05:06 14:31:30 934628 395.3390
2019:05:06 14:31:30 935427 404.7714
2019:05:06 14:31:30 936253 814.9147
2019:05:06 14:31:30 936675 406.0529
2019:05:06 14:31:30 937189 120.5020
2019:05:06 14:31:30 937910 415.2246
2019:05:06 14:31:30 938714 409.4429
2019:05:06 14:31:30 939156 430.4014
2019:05:06 14:31:30 939941 414.0884
2019:05:06 14:31:30 940757 407.6995
2019:05:06 14:31:30 941182 409.7521
2019:05:06 14:31:30 941990 411.5701
2019:05:06 14:31:30 942806 406.0417
2019:05:06 14:31:30 943232 412.7584
2019:05:06 14:31:30 944037 411.8867
2019:05:06 14:31:30 944856 412.7212
2019:05:06 14:31:30 945278 397.6002
2019:05:06 14:31:30 946089 418.9946
2019:05:06 14:31:30 946900 409.3945
2019:05:06 14:31:30 947340 424.8731
2019:05:06 14:31:30 948132 414.6658
2019:05:06 14:31:30 948952 407.6399
2019:05:06 14:31:30 949395 425.6107
2019:05:06 14:31:30 950176 696.2791
2019:05:06 14:31:30 950996 785.0416
2019:05:06 14:31:30 951437 409.2418
2019:05:06 14:31:30 951866 340.9870
2019:05:06 14:31:30 952677 422.1499
2019:05:06 14:31:30 953481 414.9899
2019:05:06 14:31:30 953900 388.5068
2019:05:06 14:31:30 954724 425.9422
2019:05:06 14:31:30 955524 419.9632
2019:05:06 14:31:30 955940 394.8510
2019:05:06 14:31:30 956778 441.2495
2019:05:06 14:31:30 957559 411.7154
2019:05:06 14:31:30 957989 398.6321
2019:05:06 14:31:30 958816 438.6641
2019:05:06 14:31:30 959601 408.4073
2019:05:06 14:31:30 960033 401.2436
2019:05:06 14:31:30 960858 437.6359
2019:05:06 14:31:30 961647 411.0411
2019:05:06 14:31:30 962079 397.3693
2019:05:06 14:31:30 962890 790.9499
2019:05:06 14:31:30 963333 405.9523
2019:05:06 14:31:30 964110 402.2643
2019:05:06 14:31:30 964930 794.1015
2019:05:06 14:31:30 965384 415.7946
2019:05:06 14:31:30 966152 403.7358
2019:05:06 14:31:30 966969 795.7779
2019:05:06 14:31:30 967407 409.1263
2019:05:06 14:31:30 967906 116.8773
2019:05:06 14:31:30 968636 423.5022
2019:05:06 14:31:30 969450 413.4029
2019:05:06 14:31:30 969884 402.6257
2019:05:06 14:31:30 970673 417.7503
2019:05:06 14:31:30 971483 409.2716
2019:05:06 14:31:30 971932 414.8521
2019:05:06 14:31:30 972715 419.8290
2019:05:06 14:31:30 973529 410.8176
2019:05:06 14:31:30 973972 411.7936
2019:05:06 14:31:30 974394 339.8471
2019:05:06 14:31:30 975213 425.1599
2019:05:06 14:31:30 976004 409.1710
2019:05:06 14:31:30 976426 393.9308
2019:05:06 14:31:30 977254 437.2634
2019:05:06 14:31:30 978037 409.5919
2019:05:06 14:31:30 978461 386.7298
2019:05:06 14:31:30 979290 441.0148
2019:05:06 14:31:30 980076 408.5302
2019:05:06 14:31:30 980500 392.0533
2019:05:06 14:31:30 981313 792.4736
2019:05:06 14:31:30 981753 402.3910
2019:05:06 14:31:30 982250 115.8006
2019:05:06 14:31:30 982973 421.1180
2019:05:06 14:31:30 983773 409.5808
2019:05:06 14:31:30 984219 410.7542
2019:05:06 14:31:30 985002 418.2011
2019:05:06 14:31:30 985815 408.6718
2019:05:06 14:31:30 986258 411.0374
2019:05:06 14:31:30 987040 697.0838
2019:05:06 14:31:30 987859 787.8691
2019:05:06 14:31:30 988301 410.6089
2019:05:06 14:31:30 988720 333.1676
2019:05:06 14:31:30 989555 445.1945
2019:05:06 14:31:30 990328 410.2737
2019:05:06 14:31:30 990754 393.3795
2019:05:06 14:31:30 991578 433.9293
2019:05:06 14:31:30 992368 408.3514
2019:05:06 14:31:30 992798 400.3495
2019:05:06 14:31:30 993617 426.4601
2019:05:06 14:31:30 994412 409.0555
2019:05:06 14:31:30 994842 398.8631
2019:05:06 14:31:30 995648 789.7280
2019:05:06 14:31:30 996088 406.3398
2019:05:06 14:31:30 996872 404.5554
2019:05:06 14:31:30 997689 793.8556
2019:05:06 14:31:30 998135 412.7137
2019:05:06 14:31:30 998626 118.6468
2019:05:06 14:31:30 999351 420.9168
2019:05:06 14:31:31 158 411.7638
2019:05:06 14:31:31 598 407.6511
2019:05:06 14:31:31 1385 415.0383
2019:05:06 14:31:31 2199 409.3498
2019:05:06 14:31:31 2645 408.7277
2019:05:06 14:31:31 3066 341.9816
2019:05:06 14:31:31 3882 427.5851
2019:05:06 14:31:31 4672 413.5631
2019:05:06 14:31:31 5096 400.7295
2019:05:06 14:31:31 5910 435.6354
2019:05:06 14:31:31 6700 409.8639
2019:05:06 14:31:31 7123 395.4060
2019:05:06 14:31:31 7939 790.7003
2019:05:06 14:31:31 8383 407.0327
2019:05:06 14:31:31 9162 403.7395
2019:05:06 14:31:31 9980 796.8135
2019:05:06 14:31:31 10419 412.0506
2019:05:06 14:31:31 10917 117.7900
2019:05:06 14:31:31 11647 424.4186
2019:05:06 14:31:31 12446 407.8858
2019:05:06 14:31:31 12894 410.9927
2019:05:06 14:31:31 13677 419.4677
2019:05:06 14:31:31 14487 410.8883
2019:05:06 14:31:31 14931 413.1980
2019:05:06 14:31:31 15345 332.7057
2019:05:06 14:31:31 16170 430.9714
2019:05:06 14:31:31 16961 410.4786
2019:05:06 14:31:31 17391 404.8198
2019:05:06 14:31:31 18211 426.2589
2019:05:06 14:31:31 19005 415.4779
2019:05:06 14:31:31 19424 393.5769
2019:05:06 14:31:31 20253 437.2783
2019:05:06 14:31:31 21039 411.0374
2019:05:06 14:31:31 21469 395.4917
2019:05:06 14:31:31 22281 782.3594
2019:05:06 14:31:31 22719 409.7223
2019:05:06 14:31:31 23508 403.0056
2019:05:06 14:31:31 24325 794.7832
2019:05:06 14:31:31 24769 412.9000
2019:05:06 14:31:31 25549 394.2400
2019:05:06 14:31:31 26366 794.7460
2019:05:06 14:31:31 26809 405.6059
2019:05:06 14:31:31 27593 407.2338
2019:05:06 14:31:31 28411 791.0058
2019:05:06 14:31:31 28851 412.4716
2019:05:06 14:31:31 29352 122.2491
2019:05:06 14:31:31 30079 424.0051
2019:05:06 14:31:31 30885 415.3103
2019:05:06 14:31:31 31325 413.4290
2019:05:06 14:31:31 32107 413.3917
2019:05:06 14:31:31 32923 412.1475
2019:05:06 14:31:31 33373 415.5114
2019:05:06 14:31:31 34144 410.4786
2019:05:06 14:31:31 34960 408.9102
2019:05:06 14:31:31 35402 415.8951
2019:05:06 14:31:31 35819 331.2342
2019:05:06 14:31:31 36643 432.5211
2019:05:06 14:31:31 37429 409.6255
2019:05:06 14:31:31 37858 396.2740
2019:05:06 14:31:31 38678 437.3379
2019:05:06 14:31:31 39466 410.2327
2019:05:06 14:31:31 39895 401.3740
2019:05:06 14:31:31 40717 791.7285
2019:05:06 14:31:31 41152 408.4334
2019:05:06 14:31:31 41929 400.1856
2019:05:06 14:31:31 42747 795.3495
2019:05:06 14:31:31 43191 420.1531
2019:05:06 14:31:31 43684 117.8682
2019:05:06 14:31:31 44405 418.1899
2019:05:06 14:31:31 45211 408.8767
2019:05:06 14:31:31 45653 406.2504
2019:05:06 14:31:31 46444 419.7247
2019:05:06 14:31:31 47259 409.7708
2019:05:06 14:31:31 47701 411.2460
2019:05:06 14:31:31 48483 415.1985
2019:05:06 14:31:31 49296 408.8767
2019:05:06 14:31:31 49738 411.8942
2019:05:06 14:31:31 50156 331.1373
2019:05:06 14:31:31 50976 427.1939
2019:05:06 14:31:31 51764 407.3121
2019:05:06 14:31:31 52195 392.8207
2019:05:06 14:31:31 53024 432.7968
2019:05:06 14:31:31 53810 408.9810
2019:05:06 14:31:31 54233 392.4109
2019:05:06 14:31:31 55068 442.6353
2019:05:06 14:31:31 55851 410.3146
2019:05:06 14:31:31 56270 391.0474
2019:05:06 14:31:31 57085 789.9366
2019:05:06 14:31:31 57527 409.0145
2019:05:06 14:31:31 58310 405.5947
2019:05:06 14:31:31 59130 795.4538
2019:05:06 14:31:31 59570 406.4143
2019:05:06 14:31:31 60068 117.5106
2019:05:06 14:31:31 60796 425.2084
2019:05:06 14:31:31 61607 416.8749
2019:05:06 14:31:31 62046 403.4974
2019:05:06 14:31:31 62821 420.5145
2019:05:06 14:31:31 63635 412.6877
2019:05:06 14:31:31 64078 414.2076
2019:05:06 14:31:31 64495 332.8435
2019:05:06 14:31:31 65319 426.4973
2019:05:06 14:31:31 66111 403.2478
2019:05:06 14:31:31 66529 397.2165
2019:05:06 14:31:31 67352 422.9322
2019:05:06 14:31:31 68148 409.5472
2019:05:06 14:31:31 68570 388.7005
2019:05:06 14:31:31 69408 435.2890
2019:05:06 14:31:31 70193 410.4041
2019:05:06 14:31:31 70617 395.5029
2019:05:06 14:31:31 71445 437.9153
2019:05:06 14:31:31 72232 406.1460
2019:05:06 14:31:31 72652 390.8835
2019:05:06 14:31:31 73465 797.0780
2019:05:06 14:31:31 73901 410.7803
2019:05:06 14:31:31 74689 405.2781
2019:05:06 14:31:31 75513 801.5782
2019:05:06 14:31:31 75950 407.4350
2019:05:06 14:31:31 76740 405.9672
2019:05:06 14:31:31 77561 799.1232
2019:05:06 14:31:31 78010 418.3687
2019:05:06 14:31:31 78786 407.3530
2019:05:06 14:31:31 79609 799.8012
2019:05:06 14:31:31 80047 414.2709
2019:05:06 14:31:31 80833 403.6464
2019:05:06 14:31:31 81663 801.2950
2019:05:06 14:31:31 82099 410.1247
2019:05:06 14:31:31 82600 124.9015
2019:05:06 14:31:31 83322 422.6491
2019:05:06 14:31:31 84132 415.5226
2019:05:06 14:31:31 84565 403.9779
2019:05:06 14:31:31 85361 424.2212
2019:05:06 14:31:31 86168 410.7133
2019:05:06 14:31:31 86609 415.4108
2019:05:06 14:31:31 87026 327.2705
2019:05:06 14:31:31 87845 430.9379
2019:05:06 14:31:31 88634 407.2450
2019:05:06 14:31:31 89060 400.9940
2019:05:06 14:31:31 89884 419.1771
2019:05:06 14:31:31 90685 410.0651
2019:05:06 14:31:31 91105 401.3665
2019:05:06 14:31:31 91946 434.0447
2019:05:06 14:31:31 92736 412.9931
2019:05:06 14:31:31 93158 403.2478
2019:05:06 14:31:31 93988 429.5111
2019:05:06 14:31:31 94781 416.2230
2019:05:06 14:31:31 95205 400.4315
2019:05:06 14:31:31 96031 424.8247
2019:05:06 14:31:31 96828 409.6925
2019:05:06 14:31:31 97249 397.6524
2019:05:06 14:31:31 98078 421.8891
2019:05:06 14:31:31 98876 412.4790
2019:05:06 14:31:31 99301 405.4755
2019:05:06 14:31:31 100131 430.1816
2019:05:06 14:31:31 100917 408.3700
2019:05:06 14:31:31 101353 406.0492
2019:05:06 14:31:31 102175 421.9227
2019:05:06 14:31:31 102967 408.5526
2019:05:06 14:31:31 103396 399.0754
2019:05:06 14:31:31 104226 428.7437
2019:05:06 14:31:31 105014 412.0022
2019:05:06 14:31:31 105448 404.0413
2019:05:06 14:31:31 106270 426.0056
2019:05:06 14:31:31 107069 408.4669
2019:05:06 14:31:31 107494 384.2600
2019:05:06 14:31:31 108317 421.7513
2019:05:06 14:31:31 109118 414.5950
2019:05:06 14:31:31 109542 405.0396
2019:05:06 14:31:31 110371 431.5525
2019:05:06 14:31:31 111156 408.0087
2019:05:06 14:31:31 111589 405.3265
2019:05:06 14:31:31 112413 421.2484
2019:05:06 14:31:31 113212 404.7453
2019:05:06 14:31:31 113623 383.5745
2019:05:06 14:31:31 114452 417.2809
2019:05:06 14:31:31 115253 415.8020
2019:05:06 14:31:31 115665 388.8346
2019:05:06 14:31:31 116494 431.9847
2019:05:06 14:31:31 117288 410.3072
2019:05:06 14:31:31 117703 389.0693
2019:05:06 14:31:31 118521 785.1720
2019:05:06 14:31:31 118958 414.6770
2019:05:06 14:31:31 119462 124.1714
2019:05:06 14:31:31 120170 418.5848
