
# OSU MPI Allreduce Latency Test v5.6.1
# Size       Avg Latency(us)
256                   508.83
2019:05:06 14:31:29 736649 417.8174
2019:05:06 14:31:29 737427 402.7151
2019:05:06 14:31:29 738242 786.6509
2019:05:06 14:31:29 738696 412.9633
2019:05:06 14:31:29 739464 393.4540
2019:05:06 14:31:29 740293 801.0566
2019:05:06 14:31:29 740740 409.7559
2019:05:06 14:31:29 741510 393.2565
2019:05:06 14:31:29 742327 795.9008
2019:05:06 14:31:29 742778 419.0654
2019:05:06 14:31:29 743560 416.1224
2019:05:06 14:31:29 744378 800.6953
2019:05:06 14:31:29 744827 411.9314
2019:05:06 14:31:29 745611 405.5314
2019:05:06 14:31:29 746426 794.5113
2019:05:06 14:31:29 746868 401.5341
2019:05:06 14:31:29 747656 401.4857
2019:05:06 14:31:29 748474 788.2230
2019:05:06 14:31:29 748917 403.3782
2019:05:06 14:31:29 749701 408.9922
2019:05:06 14:31:29 750518 792.3059
2019:05:06 14:31:29 750963 412.6057
2019:05:06 14:31:29 751742 404.9204
2019:05:06 14:31:29 752560 795.4352
2019:05:06 14:31:29 753013 412.4753
2019:05:06 14:31:29 753786 405.7512
2019:05:06 14:31:29 754608 793.9227
2019:05:06 14:31:29 755053 412.6430
2019:05:06 14:31:29 755834 407.2972
2019:05:06 14:31:29 756657 791.5534
2019:05:06 14:31:29 757097 401.5863
2019:05:06 14:31:29 757882 405.6990
2019:05:06 14:31:29 758704 790.7636
2019:05:06 14:31:29 759151 408.4632
2019:05:06 14:31:29 759930 407.1631
2019:05:06 14:31:29 760754 792.1979
2019:05:06 14:31:29 761200 409.0741
2019:05:06 14:31:29 761978 406.6415
2019:05:06 14:31:29 762805 800.0657
2019:05:06 14:31:29 763248 411.9948
2019:05:06 14:31:29 764025 406.9693
2019:05:06 14:31:29 764847 795.9306
2019:05:06 14:31:29 765288 406.1870
2019:05:06 14:31:29 766073 405.5463
2019:05:06 14:31:29 766895 793.0771
2019:05:06 14:31:29 767339 413.3433
2019:05:06 14:31:29 768121 406.6117
2019:05:06 14:31:29 768942 790.7897
2019:05:06 14:31:29 769399 422.4293
2019:05:06 14:31:29 770168 403.9817
2019:05:06 14:31:29 770991 800.0061
2019:05:06 14:31:29 771444 412.0134
2019:05:06 14:31:29 772224 413.4998
2019:05:06 14:31:29 773042 798.4303
2019:05:06 14:31:29 773494 414.9452
2019:05:06 14:31:29 774268 405.9523
2019:05:06 14:31:29 775089 798.9146
2019:05:06 14:31:29 775531 408.1205
2019:05:06 14:31:29 776315 398.6172
2019:05:06 14:31:29 777142 796.3292
2019:05:06 14:31:29 777584 414.4460
2019:05:06 14:31:29 778375 413.6898
2019:05:06 14:31:29 779198 807.2518
2019:05:06 14:31:29 779640 402.4431
2019:05:06 14:31:29 780430 400.6959
2019:05:06 14:31:29 781243 793.6172
2019:05:06 14:31:29 781690 410.4115
2019:05:06 14:31:29 782474 405.5090
2019:05:06 14:31:29 783289 791.5050
2019:05:06 14:31:29 783738 409.2865
2019:05:06 14:31:29 784515 404.7528
2019:05:06 14:31:29 785349 803.8022
2019:05:06 14:31:29 785778 385.6979
2019:05:06 14:31:29 786569 402.7560
2019:05:06 14:31:29 787388 797.1264
2019:05:06 14:31:29 787825 402.9125
2019:05:06 14:31:29 788617 402.3090
2019:05:06 14:31:29 789441 797.9795
2019:05:06 14:31:29 789873 403.7768
2019:05:06 14:31:29 790666 402.0296
2019:05:06 14:31:29 791484 801.0678
2019:05:06 14:31:29 791926 414.9117
2019:05:06 14:31:29 792709 398.8743
2019:05:06 14:31:29 793530 801.8315
2019:05:06 14:31:29 793968 409.4131
2019:05:06 14:31:29 794753 396.8664
2019:05:06 14:31:29 795575 800.1439
2019:05:06 14:31:29 796018 414.8372
2019:05:06 14:31:29 796805 401.7167
2019:05:06 14:31:29 797629 804.2715
2019:05:06 14:31:29 798063 400.6922
2019:05:06 14:31:29 798851 396.8254
2019:05:06 14:31:29 799671 796.6198
2019:05:06 14:31:29 800115 408.3142
2019:05:06 14:31:29 800899 401.1728
2019:05:06 14:31:29 801729 812.6833
2019:05:06 14:31:29 802163 410.5233
2019:05:06 14:31:29 802951 397.9504
2019:05:06 14:31:29 803770 804.7931
2019:05:06 14:31:29 804205 408.6010
2019:05:06 14:31:29 804993 398.1963
2019:05:06 14:31:29 805820 806.8793
2019:05:06 14:31:29 806259 413.0974
2019:05:06 14:31:29 807034 402.3127
2019:05:06 14:31:29 807859 805.2066
2019:05:06 14:31:29 808296 408.1912
2019:05:06 14:31:29 809085 409.5212
2019:05:06 14:31:29 809909 801.7235
2019:05:06 14:31:29 810341 405.3414
2019:05:06 14:31:29 811137 411.4695
2019:05:06 14:31:29 811958 805.6946
2019:05:06 14:31:29 812398 412.5498
2019:05:06 14:31:29 813181 402.9535
2019:05:06 14:31:29 814004 809.9638
2019:05:06 14:31:29 814435 406.3658
2019:05:06 14:31:29 815233 409.2231
2019:05:06 14:31:29 816055 809.3417
2019:05:06 14:31:29 816494 410.8585
2019:05:06 14:31:29 817280 397.3842
2019:05:06 14:31:29 818110 819.7390
2019:05:06 14:31:29 818542 406.0790
2019:05:06 14:31:29 819325 396.2331
2019:05:06 14:31:29 820148 794.1350
2019:05:06 14:31:29 820591 405.6916
2019:05:06 14:31:29 821369 405.8108
2019:05:06 14:31:29 822196 802.4685
2019:05:06 14:31:29 822631 411.7191
2019:05:06 14:31:29 823416 408.6532
2019:05:06 14:31:29 824237 803.4371
2019:05:06 14:31:29 824669 404.0450
2019:05:06 14:31:29 825461 407.1370
2019:05:06 14:31:29 826283 793.5539
2019:05:06 14:31:29 826725 406.1721
2019:05:06 14:31:29 827509 405.3228
2019:05:06 14:31:29 828333 802.2562
2019:05:06 14:31:29 828765 409.3498
2019:05:06 14:31:29 829559 407.7591
2019:05:06 14:31:29 830379 795.9269
2019:05:06 14:31:29 830821 418.1080
2019:05:06 14:31:29 831615 407.4909
2019:05:06 14:31:29 832431 800.1812
2019:05:06 14:31:29 832874 413.3545
2019:05:06 14:31:29 833656 403.1137
2019:05:06 14:31:29 834478 801.5744
2019:05:06 14:31:29 834914 410.7021
2019:05:06 14:31:29 835704 405.1663
2019:05:06 14:31:29 836527 800.0061
2019:05:06 14:31:29 836966 406.5223
2019:05:06 14:31:29 837753 401.6422
2019:05:06 14:31:29 838578 805.5232
2019:05:06 14:31:29 839011 408.0534
2019:05:06 14:31:29 839810 405.5202
2019:05:06 14:31:29 840633 810.6828
2019:05:06 14:31:29 841072 402.4841
2019:05:06 14:31:29 841858 400.3085
2019:05:06 14:31:29 842676 795.1856
2019:05:06 14:31:29 843123 409.8192
2019:05:06 14:31:29 843905 403.5942
2019:05:06 14:31:29 844725 800.1328
2019:05:06 14:31:29 845171 411.6781
2019:05:06 14:31:29 845958 403.1174
2019:05:06 14:31:29 846776 789.2363
2019:05:06 14:31:29 847213 408.9996
2019:05:06 14:31:29 848001 408.7165
2019:05:06 14:31:29 848820 796.9476
2019:05:06 14:31:29 849263 410.4339
2019:05:06 14:31:29 850053 409.4318
2019:05:06 14:31:29 850870 798.1621
2019:05:06 14:31:29 851311 408.7053
2019:05:06 14:31:29 852101 401.9029
2019:05:06 14:31:29 852920 799.0338
2019:05:06 14:31:29 853368 413.7978
2019:05:06 14:31:29 854148 396.1958
2019:05:06 14:31:29 854975 808.0825
2019:05:06 14:31:29 855406 407.9491
2019:05:06 14:31:29 856192 398.5539
2019:05:06 14:31:29 857012 796.4224
2019:05:06 14:31:29 857458 414.0697
2019:05:06 14:31:29 858241 408.1838
2019:05:06 14:31:29 859061 801.3099
2019:05:06 14:31:29 859500 406.9544
2019:05:06 14:31:29 860289 403.7581
2019:05:06 14:31:29 861108 798.5942
2019:05:06 14:31:29 861557 418.0372
2019:05:06 14:31:29 862340 393.4838
2019:05:06 14:31:29 863166 807.9596
2019:05:06 14:31:29 863600 413.0006
2019:05:06 14:31:29 864387 400.8673
2019:05:06 14:31:29 865212 807.8925
2019:05:06 14:31:29 865640 408.6196
2019:05:06 14:31:29 866436 409.5510
2019:05:06 14:31:29 867263 774.0706
2019:05:06 14:31:29 867698 409.6031
2019:05:06 14:31:29 868483 397.0228
2019:05:06 14:31:29 869303 798.0168
2019:05:06 14:31:29 869745 410.6723
2019:05:06 14:31:29 870532 402.0520
2019:05:06 14:31:29 871353 800.0918
2019:05:06 14:31:29 871791 409.9943
2019:05:06 14:31:29 872582 401.7502
2019:05:06 14:31:29 873412 810.1910
2019:05:06 14:31:29 873834 399.2282
2019:05:06 14:31:29 874630 403.8215
2019:05:06 14:31:29 875444 790.7189
2019:05:06 14:31:29 875886 411.7526
2019:05:06 14:31:29 876675 400.1297
2019:05:06 14:31:29 877499 801.9395
2019:05:06 14:31:29 877934 409.0890
2019:05:06 14:31:29 878723 397.3022
2019:05:06 14:31:29 879548 801.6899
2019:05:06 14:31:29 879988 417.2921
2019:05:06 14:31:29 880770 396.7658
2019:05:06 14:31:29 881597 806.9351
2019:05:06 14:31:29 882026 409.8676
2019:05:06 14:31:29 882819 402.0184
2019:05:06 14:31:29 883639 797.8790
2019:05:06 14:31:29 884081 414.3976
2019:05:06 14:31:29 884866 398.3043
2019:05:06 14:31:29 885687 807.2853
2019:05:06 14:31:29 886119 403.4415
2019:05:06 14:31:29 886911 401.9104
2019:05:06 14:31:29 887734 802.9304
2019:05:06 14:31:29 888170 411.3726
2019:05:06 14:31:29 888961 399.4144
2019:05:06 14:31:29 889787 808.7009
2019:05:06 14:31:29 890216 408.8916
2019:05:06 14:31:29 891005 401.8471
2019:05:06 14:31:29 891829 806.8085
2019:05:06 14:31:29 892264 413.4402
2019:05:06 14:31:29 893056 408.0124
2019:05:06 14:31:29 893881 806.2385
2019:05:06 14:31:29 894306 399.4294
2019:05:06 14:31:29 895097 404.0077
2019:05:06 14:31:29 895918 795.4538
2019:05:06 14:31:29 896353 409.6404
2019:05:06 14:31:29 897145 406.9917
2019:05:06 14:31:29 897963 797.3760
2019:05:06 14:31:29 898408 417.0164
2019:05:06 14:31:29 899193 404.0860
2019:05:06 14:31:29 900015 809.9265
2019:05:06 14:31:29 900446 411.7973
2019:05:06 14:31:29 901246 404.3579
2019:05:06 14:31:29 902070 813.0297
2019:05:06 14:31:29 902501 409.8862
2019:05:06 14:31:29 903292 393.5732
2019:05:06 14:31:29 904113 807.9223
2019:05:06 14:31:29 904550 410.2960
2019:05:06 14:31:29 905341 408.7090
2019:05:06 14:31:29 906159 790.4992
2019:05:06 14:31:29 906596 408.9773
2019:05:06 14:31:29 907381 402.1414
2019:05:06 14:31:29 908202 796.6757
2019:05:06 14:31:29 908645 412.8329
2019:05:06 14:31:29 909431 402.1153
2019:05:06 14:31:29 910249 792.2240
2019:05:06 14:31:29 910684 410.9181
2019:05:06 14:31:29 911476 403.7321
2019:05:06 14:31:29 912297 799.9986
2019:05:06 14:31:29 912734 411.3615
2019:05:06 14:31:29 925144 12027.4350
2019:05:06 14:31:29 925831 677.6974
2019:05:06 14:31:29 926646 790.7301
2019:05:06 14:31:29 927091 414.0437
2019:05:06 14:31:29 927871 398.8184
2019:05:06 14:31:29 928693 799.5591
2019:05:06 14:31:29 929132 414.3640
2019:05:06 14:31:29 929919 398.5502
2019:05:06 14:31:29 930737 799.4883
2019:05:06 14:31:29 931180 414.0511
2019:05:06 14:31:29 931967 410.1396
2019:05:06 14:31:29 932787 804.7856
2019:05:06 14:31:29 933215 403.4191
2019:05:06 14:31:29 934011 403.7172
2019:05:06 14:31:29 934833 800.0433
2019:05:06 14:31:29 935276 413.2390
2019:05:06 14:31:29 936063 403.0876
2019:05:06 14:31:29 936884 799.5106
2019:05:06 14:31:29 937324 410.6797
2019:05:06 14:31:29 938118 400.3383
2019:05:06 14:31:29 938933 792.8200
2019:05:06 14:31:29 939371 404.4846
2019:05:06 14:31:29 940163 403.6725
2019:05:06 14:31:29 940992 806.7153
2019:05:06 14:31:29 941418 400.3122
2019:05:06 14:31:29 942208 397.9914
2019:05:06 14:31:29 943030 800.7064
2019:05:06 14:31:29 943470 406.1423
2019:05:06 14:31:29 944256 400.5767
2019:05:06 14:31:29 945077 798.8252
2019:05:06 14:31:29 945519 408.8283
2019:05:06 14:31:29 946303 399.3325
2019:05:06 14:31:29 947125 796.7018
2019:05:06 14:31:29 947568 406.7868
2019:05:06 14:31:29 948362 407.8448
2019:05:06 14:31:29 949173 791.9781
2019:05:06 14:31:29 949617 407.9007
2019:05:06 14:31:29 950399 405.8704
2019:05:06 14:31:29 951221 789.1953
2019:05:06 14:31:29 951667 417.3405
2019:05:06 14:31:29 952451 397.9802
2019:05:06 14:31:29 953269 803.4259
2019:05:06 14:31:29 953717 425.8677
2019:05:06 14:31:29 954498 408.3440
2019:05:06 14:31:29 955324 804.9384
2019:05:06 14:31:29 955761 414.1964
2019:05:06 14:31:29 956542 400.3495
2019:05:06 14:31:29 957369 800.1700
2019:05:06 14:31:29 957810 405.9672
2019:05:06 14:31:29 958593 402.8194
2019:05:06 14:31:29 959417 804.8825
2019:05:06 14:31:29 959857 411.5887
2019:05:06 14:31:29 960634 397.4102
2019:05:06 14:31:29 961458 802.1630
2019:05:06 14:31:29 961901 411.7042
2019:05:06 14:31:29 962682 400.8822
2019:05:06 14:31:29 963500 803.9325
2019:05:06 14:31:29 963943 414.4572
2019:05:06 14:31:29 964722 393.2230
2019:05:06 14:31:29 965542 801.2243
2019:05:06 14:31:29 965980 404.6597
2019:05:06 14:31:29 966479 118.9001
2019:05:06 14:31:29 967208 423.0440
2019:05:06 14:31:29 968020 416.2975
2019:05:06 14:31:29 968452 410.5046
2019:05:06 14:31:29 969248 419.5943
2019:05:06 14:31:29 970057 407.5207
2019:05:06 14:31:29 970496 408.6867
2019:05:06 14:31:29 971290 419.0914
2019:05:06 14:31:29 972101 408.0459
2019:05:06 14:31:29 972543 419.7359
2019:05:06 14:31:29 973336 413.1794
2019:05:06 14:31:29 974146 408.0571
2019:05:06 14:31:29 974585 409.9160
2019:05:06 14:31:29 975006 326.9911
2019:05:06 14:31:29 975821 428.9187
2019:05:06 14:31:29 976617 415.5003
2019:05:06 14:31:29 977032 398.4347
2019:05:06 14:31:29 977874 430.1406
2019:05:06 14:31:29 978671 420.9913
2019:05:06 14:31:29 979090 405.6282
2019:05:06 14:31:29 979920 431.7351
2019:05:06 14:31:29 980719 409.2008
2019:05:06 14:31:29 981142 407.7144
2019:05:06 14:31:29 981973 432.5844
2019:05:06 14:31:29 982764 418.6891
2019:05:06 14:31:29 983186 392.7201
2019:05:06 14:31:29 984014 442.0169
2019:05:06 14:31:29 984795 409.2716
2019:05:06 14:31:29 985216 385.6160
2019:05:06 14:31:29 986039 798.6762
2019:05:06 14:31:29 986484 416.9419
2019:05:06 14:31:29 987253 390.9282
2019:05:06 14:31:29 988083 801.1684
2019:05:06 14:31:29 988520 410.9889
2019:05:06 14:31:29 989304 398.0808
2019:05:06 14:31:29 990124 805.7728
2019:05:06 14:31:29 990562 409.8713
2019:05:06 14:31:29 991349 390.0304
2019:05:06 14:31:29 992179 812.1356
2019:05:06 14:31:29 992612 403.1323
2019:05:06 14:31:29 993392 397.4847
2019:05:06 14:31:29 994218 808.0490
2019:05:06 14:31:29 994659 410.0949
2019:05:06 14:31:29 995150 118.6281
2019:05:06 14:31:29 995884 425.7485
2019:05:06 14:31:29 996698 420.7566
2019:05:06 14:31:29 997129 406.7272
2019:05:06 14:31:29 997927 422.1611
2019:05:06 14:31:29 998740 411.1789
2019:05:06 14:31:29 999171 403.5123
2019:05:06 14:31:29 999981 432.4168
2019:05:06 14:31:30 794 414.3044
2019:05:06 14:31:30 1228 407.9826
2019:05:06 14:31:30 2023 419.7098
2019:05:06 14:31:30 2835 415.5897
2019:05:06 14:31:30 3274 408.9959
2019:05:06 14:31:30 4064 420.2724
2019:05:06 14:31:30 4873 410.9070
2019:05:06 14:31:30 5315 406.1796
2019:05:06 14:31:30 6106 419.7769
2019:05:06 14:31:30 6917 410.5270
2019:05:06 14:31:30 7356 408.8432
2019:05:06 14:31:30 8153 419.7285
2019:05:06 14:31:30 8968 410.7431
2019:05:06 14:31:30 9410 413.9990
2019:05:06 14:31:30 10214 426.9108
2019:05:06 14:31:30 11027 417.5939
2019:05:06 14:31:30 11458 412.3785
2019:05:06 14:31:30 12268 432.5174
2019:05:06 14:31:30 13075 412.9820
2019:05:06 14:31:30 13515 421.0658
2019:05:06 14:31:30 14310 417.6721
2019:05:06 14:31:30 15127 421.7774
2019:05:06 14:31:30 15565 418.8642
2019:05:06 14:31:30 16358 426.2514
2019:05:06 14:31:30 17164 410.0353
2019:05:06 14:31:30 17606 409.8378
2019:05:06 14:31:30 18404 425.1413
2019:05:06 14:31:30 19207 410.4935
2019:05:06 14:31:30 19648 403.9295
2019:05:06 14:31:30 20453 427.0412
2019:05:06 14:31:30 21271 422.2207
2019:05:06 14:31:30 21708 415.1762
2019:05:06 14:31:30 22495 419.1212
2019:05:06 14:31:30 23305 411.4211
2019:05:06 14:31:30 23741 397.9616
2019:05:06 14:31:30 24536 417.7578
2019:05:06 14:31:30 25355 417.2921
2019:05:06 14:31:30 25792 403.8326
2019:05:06 14:31:30 26577 416.5918
2019:05:06 14:31:30 27392 410.4003
2019:05:06 14:31:30 27833 410.7468
2019:05:06 14:31:30 28256 339.1206
2019:05:06 14:31:30 29079 416.1522
2019:05:06 14:31:30 29874 410.9330
2019:05:06 14:31:30 30296 328.2465
2019:05:06 14:31:30 31092 395.4694
2019:05:06 14:31:30 31536 404.9838
2019:05:06 14:31:30 32316 399.4219
2019:05:06 14:31:30 33133 788.8936
2019:05:06 14:31:30 33579 423.4277
2019:05:06 14:31:30 34359 402.5660
2019:05:06 14:31:30 35177 792.5443
2019:05:06 14:31:30 35622 405.6804
2019:05:06 14:31:30 36397 400.3644
2019:05:06 14:31:30 37218 796.3665
2019:05:06 14:31:30 37658 412.9075
2019:05:06 14:31:30 38443 405.3302
2019:05:06 14:31:30 39268 795.1558
2019:05:06 14:31:30 39711 415.7983
2019:05:06 14:31:30 40205 117.6111
2019:05:06 14:31:30 40938 424.9178
2019:05:06 14:31:30 41756 423.0961
2019:05:06 14:31:30 42182 404.0971
2019:05:06 14:31:30 42978 424.5043
2019:05:06 14:31:30 43802 413.1049
2019:05:06 14:31:30 44228 408.2136
2019:05:06 14:31:30 45031 421.9972
2019:05:06 14:31:30 45838 411.2087
2019:05:06 14:31:30 46279 407.9193
2019:05:06 14:31:30 47064 417.4709
2019:05:06 14:31:30 47879 413.2725
2019:05:06 14:31:30 48319 410.8809
2019:05:06 14:31:30 49097 684.8238
2019:05:06 14:31:30 49915 787.1725
2019:05:06 14:31:30 50353 408.7798
2019:05:06 14:31:30 50786 335.3916
2019:05:06 14:31:30 51614 436.0080
2019:05:06 14:31:30 52400 410.8138
2019:05:06 14:31:30 52814 390.9543
2019:05:06 14:31:30 53647 434.6110
2019:05:06 14:31:30 54443 415.0160
2019:05:06 14:31:30 54862 399.3399
2019:05:06 14:31:30 55696 429.1050
2019:05:06 14:31:30 56490 410.1843
2019:05:06 14:31:30 56908 399.1984
2019:05:06 14:31:30 57742 428.9262
2019:05:06 14:31:30 58532 413.0863
2019:05:06 14:31:30 58950 390.2279
2019:05:06 14:31:30 59781 438.2059
2019:05:06 14:31:30 60573 410.8548
2019:05:06 14:31:30 60999 407.5095
2019:05:06 14:31:30 61834 446.2488
2019:05:06 14:31:30 62619 412.4865
2019:05:06 14:31:30 63047 408.5936
2019:05:06 14:31:30 63865 428.5574
2019:05:06 14:31:30 64665 414.2784
2019:05:06 14:31:30 65079 395.8754
2019:05:06 14:31:30 65920 437.4869
2019:05:06 14:31:30 66713 413.9133
2019:05:06 14:31:30 67132 400.6401
2019:05:06 14:31:30 67973 436.6226
2019:05:06 14:31:30 68757 406.0678
2019:05:06 14:31:30 69184 395.5215
2019:05:06 14:31:30 70000 788.0405
2019:05:06 14:31:30 70437 406.0678
2019:05:06 14:31:30 71223 402.0222
2019:05:06 14:31:30 72039 791.8663
2019:05:06 14:31:30 72487 411.6483
2019:05:06 14:31:30 73270 405.5202
2019:05:06 14:31:30 74089 798.4750
2019:05:06 14:31:30 74528 413.5594
2019:05:06 14:31:30 75033 128.2357
2019:05:06 14:31:30 75760 430.6994
2019:05:06 14:31:30 76561 411.5216
2019:05:06 14:31:30 76991 405.2185
2019:05:06 14:31:30 77794 426.7693
2019:05:06 14:31:30 78613 415.2432
2019:05:06 14:31:30 79042 413.0043
2019:05:06 14:31:30 79841 422.7757
2019:05:06 14:31:30 80648 411.9426
2019:05:06 14:31:30 81095 419.9743
2019:05:06 14:31:30 81881 414.7924
2019:05:06 14:31:30 82690 410.0204
2019:05:06 14:31:30 83135 419.2106
2019:05:06 14:31:30 83925 419.1101
2019:05:06 14:31:30 84737 409.9756
2019:05:06 14:31:30 85174 407.5356
2019:05:06 14:31:30 85973 419.9445
2019:05:06 14:31:30 86786 410.3184
2019:05:06 14:31:30 87221 407.6958
2019:05:06 14:31:30 88022 419.0356
2019:05:06 14:31:30 88835 412.6579
2019:05:06 14:31:30 89276 410.9032
2019:05:06 14:31:30 90075 419.4714
2019:05:06 14:31:30 90885 409.6366
2019:05:06 14:31:30 91327 413.7419
2019:05:06 14:31:30 92123 424.3515
2019:05:06 14:31:30 92929 407.9230
2019:05:06 14:31:30 93373 408.1801
2019:05:06 14:31:30 93786 321.5894
2019:05:06 14:31:30 94605 427.3690
2019:05:06 14:31:30 95399 410.5568
2019:05:06 14:31:30 95819 399.2505
2019:05:06 14:31:30 96650 432.8862
2019:05:06 14:31:30 97446 415.5412
2019:05:06 14:31:30 97867 398.7066
2019:05:06 14:31:30 98694 432.9532
2019:05:06 14:31:30 99491 419.1101
2019:05:06 14:31:30 99905 395.4805
2019:05:06 14:31:30 100731 435.0543
2019:05:06 14:31:30 101524 410.2215
2019:05:06 14:31:30 101950 395.8978
2019:05:06 14:31:30 102765 794.7870
2019:05:06 14:31:30 103207 421.3303
2019:05:06 14:31:30 103992 398.6135
2019:05:06 14:31:30 104810 791.2144
2019:05:06 14:31:30 105252 407.1109
2019:05:06 14:31:30 106034 393.3646
2019:05:06 14:31:30 106854 800.3488
2019:05:06 14:31:30 107290 404.8832
2019:05:06 14:31:30 108080 396.0133
2019:05:06 14:31:30 108906 805.8995
2019:05:06 14:31:30 109369 436.4476
2019:05:06 14:31:30 110126 395.8158
2019:05:06 14:31:30 110947 804.2753
2019:05:06 14:31:30 111392 423.0663
2019:05:06 14:31:30 112177 410.1917
2019:05:06 14:31:30 112998 801.0156
2019:05:06 14:31:30 113441 422.0866
2019:05:06 14:31:30 114225 396.8440
2019:05:06 14:31:30 115045 802.8373
2019:05:06 14:31:30 115490 414.6136
2019:05:06 14:31:30 116270 405.1775
2019:05:06 14:31:30 117100 810.7610
2019:05:06 14:31:30 117538 414.6025
2019:05:06 14:31:30 118319 392.7238
2019:05:06 14:31:30 119143 800.2482
2019:05:06 14:31:30 119586 414.7701
2019:05:06 14:31:30 120374 403.9183
2019:05:06 14:31:30 121196 810.7461
2019:05:06 14:31:30 121640 412.0395
2019:05:06 14:31:30 122415 398.2224
2019:05:06 14:31:30 123249 807.8180
2019:05:06 14:31:30 123683 415.5301
2019:05:06 14:31:30 124473 399.6044
2019:05:06 14:31:30 125297 807.8478
2019:05:06 14:31:30 125737 412.9745
2019:05:06 14:31:30 126522 402.0333
2019:05:06 14:31:30 127345 803.5675
2019:05:06 14:31:30 127781 409.8602
2019:05:06 14:31:30 128570 403.5570
2019:05:06 14:31:30 129391 801.6825
2019:05:06 14:31:30 129834 411.2050
2019:05:06 14:31:30 130621 404.0189
2019:05:06 14:31:30 131442 804.5360
2019:05:06 14:31:30 131881 413.0900
2019:05:06 14:31:30 132667 403.1397
2019:05:06 14:31:30 133488 802.9267
2019:05:06 14:31:30 133920 415.5859
2019:05:06 14:31:30 134710 403.8699
2019:05:06 14:31:30 135537 800.4457
2019:05:06 14:31:30 135975 411.3838
2019:05:06 14:31:30 136764 406.7235
2019:05:06 14:31:30 137586 804.9309
2019:05:06 14:31:30 138023 411.1305
2019:05:06 14:31:30 138809 402.5549
2019:05:06 14:31:30 139639 810.1091
2019:05:06 14:31:30 140068 412.2928
2019:05:06 14:31:30 140857 403.0727
2019:05:06 14:31:30 141681 804.1896
2019:05:06 14:31:30 142107 404.3169
2019:05:06 14:31:30 142902 407.5505
2019:05:06 14:31:30 143733 811.0031
2019:05:06 14:31:30 144166 415.7573
2019:05:06 14:31:30 144952 403.4452
2019:05:06 14:31:30 145777 805.1619
2019:05:06 14:31:30 146213 409.0965
2019:05:06 14:31:30 147000 403.3148
2019:05:06 14:31:30 147823 802.0066
2019:05:06 14:31:30 148260 411.8569
2019:05:06 14:31:30 149049 403.7805
2019:05:06 14:31:30 149871 803.3775
2019:05:06 14:31:30 150311 412.1102
2019:05:06 14:31:30 151101 404.4622
2019:05:06 14:31:30 151919 801.0678
2019:05:06 14:31:30 152359 414.0995
2019:05:06 14:31:30 153137 398.9190
2019:05:06 14:31:30 153969 811.9158
2019:05:06 14:31:30 154407 415.7387
2019:05:06 14:31:30 155195 403.5681
2019:05:06 14:31:30 156018 804.2939
2019:05:06 14:31:30 156453 409.1598
2019:05:06 14:31:30 157240 402.5996
2019:05:06 14:31:30 158060 795.5097
2019:05:06 14:31:30 158499 410.0911
2019:05:06 14:31:30 159284 401.8508
2019:05:06 14:31:30 160103 796.9253
2019:05:06 14:31:30 160542 408.8767
2019:05:06 14:31:30 161332 402.0929
2019:05:06 14:31:30 162152 793.9972
2019:05:06 14:31:30 162583 396.8999
2019:05:06 14:31:30 163384 410.2290
2019:05:06 14:31:30 164211 812.6609
2019:05:06 14:31:30 164640 411.1454
2019:05:06 14:31:30 165432 401.5863
2019:05:06 14:31:30 166247 796.4782
2019:05:06 14:31:30 166691 413.7792
2019:05:06 14:31:30 167476 413.1123
2019:05:06 14:31:30 168299 795.8561
2019:05:06 14:31:30 168744 414.4795
2019:05:06 14:31:30 169531 399.4256
2019:05:06 14:31:30 170347 792.8014
2019:05:06 14:31:30 170787 407.2525
2019:05:06 14:31:30 171580 406.3621
2019:05:06 14:31:30 172394 788.3385
2019:05:06 14:31:30 172841 414.5689
2019:05:06 14:31:30 173626 405.2222
2019:05:06 14:31:30 174441 792.0936
2019:05:06 14:31:30 174885 407.9826
2019:05:06 14:31:30 175672 404.4361
2019:05:06 14:31:30 176490 791.9744
2019:05:06 14:31:30 176933 411.6707
2019:05:06 14:31:30 177720 405.4755
2019:05:06 14:31:30 178537 786.8148
2019:05:06 14:31:30 178981 413.1310
2019:05:06 14:31:30 179767 401.5453
2019:05:06 14:31:30 180592 799.9465
2019:05:06 14:31:30 181033 413.1123
2019:05:06 14:31:30 181816 396.4007
2019:05:06 14:31:30 182634 791.1548
2019:05:06 14:31:30 183074 414.3529
2019:05:06 14:31:30 183866 405.6916
2019:05:06 14:31:30 184680 791.2889
2019:05:06 14:31:30 185125 413.8984
2019:05:06 14:31:30 185911 402.4468
2019:05:06 14:31:30 186729 791.7769
2019:05:06 14:31:30 187180 419.0579
2019:05:06 14:31:30 187959 397.6151
2019:05:06 14:31:30 188780 795.3644
2019:05:06 14:31:30 189220 411.2199
2019:05:06 14:31:30 190007 400.5991
2019:05:06 14:31:30 190825 790.9127
2019:05:06 14:31:30 191272 413.9990
2019:05:06 14:31:30 192059 401.6533
2019:05:06 14:31:30 192873 792.1904
2019:05:06 14:31:30 193311 405.7512
2019:05:06 14:31:30 194102 394.7318
2019:05:06 14:31:30 194921 796.1616
2019:05:06 14:31:30 195362 411.1342
2019:05:06 14:31:30 196153 405.3563
2019:05:06 14:31:30 196969 788.9643
2019:05:06 14:31:30 197418 415.0309
2019:05:06 14:31:30 198199 404.0785
2019:05:06 14:31:30 199018 797.0370
2019:05:06 14:31:30 199460 404.5181
2019:05:06 14:31:30 200249 405.5351
2019:05:06 14:31:30 201065 793.3490
2019:05:06 14:31:30 201512 414.8185
2019:05:06 14:31:30 202294 400.7034
2019:05:06 14:31:30 203113 792.1718
2019:05:06 14:31:30 203559 412.9186
2019:05:06 14:31:30 204342 405.6729
2019:05:06 14:31:30 205160 794.6342
2019:05:06 14:31:30 205605 411.2348
2019:05:06 14:31:30 206390 401.9253
2019:05:06 14:31:30 207208 792.3506
2019:05:06 14:31:30 207654 409.8937
2019:05:06 14:31:30 208431 396.2331
2019:05:06 14:31:30 209261 807.4380
2019:05:06 14:31:30 209700 411.8718
2019:05:06 14:31:30 210482 398.8519
2019:05:06 14:31:30 211304 798.8736
2019:05:06 14:31:30 211743 411.6334
2019:05:06 14:31:30 212535 399.0382
2019:05:06 14:31:30 213362 808.1719
2019:05:06 14:31:30 213800 407.7964
2019:05:06 14:31:30 214582 399.8727
2019:05:06 14:31:30 215401 792.8126
2019:05:06 14:31:30 215847 410.9144
2019:05:06 14:31:30 216622 393.6589
2019:05:06 14:31:30 217454 809.1256
2019:05:06 14:31:30 217885 402.2792
2019:05:06 14:31:30 218675 400.0366
2019:05:06 14:31:30 219496 794.3660
2019:05:06 14:31:30 219938 410.6276
2019:05:06 14:31:30 220722 398.9600
2019:05:06 14:31:30 221543 798.6315
2019:05:06 14:31:30 221984 407.4015
2019:05:06 14:31:30 222764 398.1702
2019:05:06 14:31:30 223598 814.6055
2019:05:06 14:31:30 224033 411.2162
2019:05:06 14:31:30 224817 397.0116
2019:05:06 14:31:30 225641 797.7746
2019:05:06 14:31:30 226079 409.3461
2019:05:06 14:31:30 226863 400.3346
2019:05:06 14:31:30 227687 808.5556
2019:05:06 14:31:30 228123 409.8751
2019:05:06 14:31:30 228913 398.4682
2019:05:06 14:31:30 229733 804.1225
2019:05:06 14:31:30 230168 397.4251
2019:05:06 14:31:30 230966 409.8788
2019:05:06 14:31:30 231781 797.7858
2019:05:06 14:31:30 232218 412.0097
2019:05:06 14:31:30 233012 407.5542
2019:05:06 14:31:30 233829 799.8273
2019:05:06 14:31:30 234268 412.8553
2019:05:06 14:31:30 235057 404.7342
2019:05:06 14:31:30 235876 800.0471
2019:05:06 14:31:30 236315 412.4120
2019:05:06 14:31:30 237108 401.8955
2019:05:06 14:31:30 237928 806.0336
2019:05:06 14:31:30 238369 409.3684
2019:05:06 14:31:30 239160 407.9714
2019:05:06 14:31:30 239975 797.7076
2019:05:06 14:31:30 240419 414.8409
2019:05:06 14:31:30 241208 407.6138
2019:05:06 14:31:30 242029 802.3493
2019:05:06 14:31:30 242468 413.8984
2019:05:06 14:31:30 243257 408.0497
2019:05:06 14:31:30 244078 799.3914
2019:05:06 14:31:30 244515 414.2113
2019:05:06 14:31:30 245304 406.1647
2019:05:06 14:31:30 246132 810.1240
2019:05:06 14:31:30 246566 407.9044
2019:05:06 14:31:30 247347 399.9695
2019:05:06 14:31:30 248167 793.8519
2019:05:06 14:31:30 248610 412.5424
2019:05:06 14:31:30 249398 403.0131
2019:05:06 14:31:30 250215 794.9732
2019:05:06 14:31:30 250666 419.1622
2019:05:06 14:31:30 251447 404.3058
2019:05:06 14:31:30 252259 794.0829
2019:05:06 14:31:30 252701 403.9109
2019:05:06 14:31:30 253487 401.2026
2019:05:06 14:31:30 254306 796.5192
2019:05:06 14:31:30 254748 416.1038
2019:05:06 14:31:30 255532 402.4021
2019:05:06 14:31:30 256351 797.2158
2019:05:06 14:31:30 256800 414.0846
2019:05:06 14:31:30 257585 401.6794
2019:05:06 14:31:30 258402 799.4734
2019:05:06 14:31:30 258851 415.4332
2019:05:06 14:31:30 259633 411.1715
2019:05:06 14:31:30 260451 799.3840
2019:05:06 14:31:30 260892 407.7032
2019:05:06 14:31:30 261679 411.2646
2019:05:06 14:31:30 262496 789.2922
2019:05:06 14:31:30 262948 422.0568
2019:05:06 14:31:30 263725 408.6830
2019:05:06 14:31:30 264550 808.4811
2019:05:06 14:31:30 264994 419.6130
2019:05:06 14:31:30 265776 406.0827
2019:05:06 14:31:30 266591 793.0249
2019:05:06 14:31:30 267043 420.3469
2019:05:06 14:31:30 267820 408.7128
2019:05:06 14:31:30 268638 800.5314
2019:05:06 14:31:30 269081 408.7426
2019:05:06 14:31:30 269868 408.4408
2019:05:06 14:31:30 270690 799.4995
2019:05:06 14:31:30 271135 415.3736
2019:05:06 14:31:30 271920 404.2126
2019:05:06 14:31:30 272740 802.4909
2019:05:06 14:31:30 273181 407.6138
2019:05:06 14:31:30 273973 405.6953
2019:05:06 14:31:30 274798 807.1326
2019:05:06 14:31:30 275235 412.8665
2019:05:06 14:31:30 276019 402.9386
2019:05:06 14:31:30 276838 800.1067
2019:05:06 14:31:30 277277 410.8287
2019:05:06 14:31:30 278066 401.9737
2019:05:06 14:31:30 278886 797.5698
2019:05:06 14:31:30 279328 414.1852
2019:05:06 14:31:30 280118 406.9544
2019:05:06 14:31:30 280941 805.2140
2019:05:06 14:31:30 281388 421.5427
2019:05:06 14:31:30 282163 398.6508
2019:05:06 14:31:30 282984 802.3381
2019:05:06 14:31:30 283429 413.2465
2019:05:06 14:31:30 284212 405.7735
2019:05:06 14:31:30 285030 796.8992
2019:05:06 14:31:30 285477 417.8509
2019:05:06 14:31:30 286258 395.2496
2019:05:06 14:31:30 287087 806.5514
2019:05:06 14:31:30 287525 411.8420
2019:05:06 14:31:30 288309 397.6934
2019:05:06 14:31:30 289126 794.1015
2019:05:06 14:31:30 289577 419.6689
2019:05:06 14:31:30 290355 400.4352
2019:05:06 14:31:30 291176 802.6622
2019:05:06 14:31:30 291613 407.9081
2019:05:06 14:31:30 292407 402.5400
2019:05:06 14:31:30 293232 810.2059
2019:05:06 14:31:30 293669 411.9352
2019:05:06 14:31:30 294451 398.3825
2019:05:06 14:31:30 295270 800.9076
2019:05:06 14:31:30 295711 411.7414
2019:05:06 14:31:30 296502 404.8571
2019:05:06 14:31:30 297316 793.3490
2019:05:06 14:31:30 297766 411.0411
2019:05:06 14:31:30 298547 403.3558
2019:05:06 14:31:30 299366 799.7639
2019:05:06 14:31:30 299804 408.0012
2019:05:06 14:31:30 300589 400.1483
2019:05:06 14:31:30 301409 797.8901
2019:05:06 14:31:30 301846 411.6893
2019:05:06 14:31:30 302638 404.2313
2019:05:06 14:31:30 303463 809.3975
2019:05:06 14:31:30 303903 412.0171
2019:05:06 14:31:30 304692 396.4826
2019:05:06 14:31:30 305516 811.4092
2019:05:06 14:31:30 305958 415.5375
2019:05:06 14:31:30 306739 402.4431
2019:05:06 14:31:30 307556 796.9886
2019:05:06 14:31:30 307998 410.2364
2019:05:06 14:31:30 308784 410.9107
2019:05:06 14:31:30 309604 796.9104
2019:05:06 14:31:30 310041 415.3438
2019:05:06 14:31:30 310828 402.1637
2019:05:06 14:31:30 311652 804.2119
2019:05:06 14:31:30 312096 420.3357
2019:05:06 14:31:30 312870 399.6380
2019:05:06 14:31:30 313699 806.3130
2019:05:06 14:31:30 314135 405.8890
2019:05:06 14:31:30 314924 412.4157
2019:05:06 14:31:30 315745 808.2539
2019:05:06 14:31:30 316183 409.4951
2019:05:06 14:31:30 316972 411.1603
2019:05:06 14:31:30 317792 796.8210
2019:05:06 14:31:30 318231 410.3258
2019:05:06 14:31:30 319020 412.2630
2019:05:06 14:31:30 319840 796.6496
2019:05:06 14:31:30 320283 412.6392
2019:05:06 14:31:30 321068 410.6909
2019:05:06 14:31:30 321891 793.4868
2019:05:06 14:31:30 322323 399.9360
2019:05:06 14:31:30 323118 414.3305
2019:05:06 14:31:30 323936 791.2815
2019:05:06 14:31:30 324375 408.2397
2019:05:06 14:31:30 325160 407.4387
2019:05:06 14:31:30 325981 794.7646
2019:05:06 14:31:30 326423 409.7186
2019:05:06 14:31:30 327205 406.0380
2019:05:06 14:31:30 328028 804.0555
2019:05:06 14:31:30 328465 406.3211
2019:05:06 14:31:30 329259 411.8606
2019:05:06 14:31:30 330077 796.1430
2019:05:06 14:31:30 330521 413.0490
2019:05:06 14:31:30 331304 409.0294
2019:05:06 14:31:30 332127 806.0262
2019:05:06 14:31:30 332560 403.2888
2019:05:06 14:31:30 333354 410.4674
2019:05:06 14:31:30 334175 800.6953
2019:05:06 14:31:30 334606 405.4904
2019:05:06 14:31:30 335393 405.5537
2019:05:06 14:31:30 336216 800.4606
2019:05:06 14:31:30 336657 413.3955
2019:05:06 14:31:30 337443 405.9337
2019:05:06 14:31:30 338265 799.9614
2019:05:06 14:31:30 338710 417.3666
2019:05:06 14:31:30 339490 405.0322
2019:05:06 14:31:30 340319 810.5934
2019:05:06 14:31:30 340752 408.4483
2019:05:06 14:31:30 341538 406.3174
2019:05:06 14:31:30 342361 793.4198
2019:05:06 14:31:30 342797 411.9799
2019:05:06 14:31:30 343588 405.7251
2019:05:06 14:31:30 344410 803.1353
2019:05:06 14:31:30 344852 410.8883
2019:05:06 14:31:30 345634 407.0587
2019:05:06 14:31:30 346456 801.2094
2019:05:06 14:31:30 346890 399.9695
2019:05:06 14:31:30 347682 406.1349
2019:05:06 14:31:30 348503 791.4975
2019:05:06 14:31:30 348948 416.3645
2019:05:06 14:31:30 349736 412.5498
2019:05:06 14:31:30 350556 803.5004
2019:05:06 14:31:30 350992 403.3707
2019:05:06 14:31:30 351783 407.3642
2019:05:06 14:31:30 352603 798.6501
2019:05:06 14:31:30 353041 406.7756
2019:05:06 14:31:30 353831 410.9889
2019:05:06 14:31:30 354650 803.2173
2019:05:06 14:31:30 355078 402.0482
2019:05:06 14:31:30 355876 407.4425
2019:05:06 14:31:30 356699 804.3647
2019:05:06 14:31:30 357141 416.4279
2019:05:06 14:31:30 357926 407.2562
2019:05:06 14:31:30 358746 800.3004
2019:05:06 14:31:30 359185 407.4201
2019:05:06 14:31:30 359974 398.8817
2019:05:06 14:31:30 360795 801.5409
2019:05:06 14:31:30 361234 409.6963
2019:05:06 14:31:30 362017 400.8040
2019:05:06 14:31:30 362848 805.6872
2019:05:06 14:31:30 363290 425.0444
2019:05:06 14:31:30 364075 407.8709
2019:05:06 14:31:30 364900 808.5780
2019:05:06 14:31:30 365336 408.5638
2019:05:06 14:31:30 366127 398.8184
2019:05:06 14:31:30 366947 803.5786
2019:05:06 14:31:30 367388 407.8262
2019:05:06 14:31:30 368175 401.9290
2019:05:06 14:31:30 368996 797.8640
2019:05:06 14:31:30 369438 408.7649
2019:05:06 14:31:30 370224 403.0578
2019:05:06 14:31:30 371042 795.1222
2019:05:06 14:31:30 371483 407.2897
2019:05:06 14:31:30 372271 400.4873
2019:05:06 14:31:30 373088 793.5464
2019:05:06 14:31:30 373530 419.4416
2019:05:06 14:31:30 374316 398.2224
2019:05:06 14:31:30 375138 794.8577
2019:05:06 14:31:30 375579 407.6585
2019:05:06 14:31:30 376366 400.2824
2019:05:06 14:31:30 377188 798.0466
2019:05:06 14:31:30 377631 416.0739
2019:05:06 14:31:30 378414 406.6639
2019:05:06 14:31:30 379234 795.6475
2019:05:06 14:31:30 379675 406.8241
2019:05:06 14:31:30 380462 396.7658
2019:05:06 14:31:30 381283 797.3686
2019:05:06 14:31:30 381725 408.7947
2019:05:06 14:31:30 382508 402.3612
2019:05:06 14:31:30 383330 799.4287
2019:05:06 14:31:30 383771 407.5393
2019:05:06 14:31:30 384558 403.8587
2019:05:06 14:31:30 385384 798.1136
2019:05:06 14:31:30 385819 406.5745
2019:05:06 14:31:30 386606 398.8221
2019:05:06 14:31:30 387426 793.4608
2019:05:06 14:31:30 387864 404.8534
2019:05:06 14:31:30 388653 402.7337
2019:05:06 14:31:30 389475 797.9721
2019:05:06 14:31:30 389913 402.8939
2019:05:06 14:31:30 390702 398.8594
2019:05:06 14:31:30 391523 794.3474
2019:05:06 14:31:30 391961 400.3122
2019:05:06 14:31:30 392749 394.9180
2019:05:06 14:31:30 393569 793.3751
2019:05:06 14:31:30 394004 408.2397
2019:05:06 14:31:30 394794 403.2813
2019:05:06 14:31:30 395619 795.1409
2019:05:06 14:31:30 396060 409.5994
2019:05:06 14:31:30 396845 400.4389
2019:05:06 14:31:30 397666 796.5676
2019:05:06 14:31:30 398103 404.9689
2019:05:06 14:31:30 398893 398.2782
2019:05:06 14:31:30 399712 795.3569
2019:05:06 14:31:30 400153 406.8688
2019:05:06 14:31:30 400941 403.6203
2019:05:06 14:31:30 401761 793.8966
2019:05:06 14:31:30 402192 400.7891
2019:05:06 14:31:30 402987 407.5840
2019:05:06 14:31:30 403809 797.8529
2019:05:06 14:31:30 404250 406.8241
2019:05:06 14:31:30 405037 397.1569
2019:05:06 14:31:30 405857 796.5937
2019:05:06 14:31:30 406298 405.6282
2019:05:06 14:31:30 407084 403.3037
2019:05:06 14:31:30 407904 796.0610
2019:05:06 14:31:30 408344 406.5372
2019:05:06 14:31:30 409133 404.4697
2019:05:06 14:31:30 409952 792.5332
2019:05:06 14:31:30 410393 407.1109
2019:05:06 14:31:30 411180 400.8338
2019:05:06 14:31:30 412002 793.8631
2019:05:06 14:31:30 412441 402.6406
2019:05:06 14:31:30 413226 404.2462
2019:05:06 14:31:30 414054 806.5887
2019:05:06 14:31:30 414497 407.7554
2019:05:06 14:31:30 415282 400.8487
2019:05:06 14:31:30 416096 788.3720
2019:05:06 14:31:30 416542 409.1747
2019:05:06 14:31:30 417326 401.3516
2019:05:06 14:31:30 418145 788.6589
2019:05:06 14:31:30 418589 408.1428
2019:05:06 14:31:30 419377 400.1297
2019:05:06 14:31:30 420193 789.8062
2019:05:06 14:31:30 420637 410.7207
2019:05:06 14:31:30 421424 398.9413
2019:05:06 14:31:30 422239 784.6989
2019:05:06 14:31:30 422680 415.0458
2019:05:06 14:31:30 423475 409.8639
2019:05:06 14:31:30 424288 791.9483
2019:05:06 14:31:30 424734 407.9714
2019:05:06 14:31:30 425520 399.0754
2019:05:06 14:31:30 426337 790.6295
2019:05:06 14:31:30 426782 406.2131
2019:05:06 14:31:30 427567 402.0631
2019:05:06 14:31:30 428384 789.5529
2019:05:06 14:31:30 428829 407.5058
2019:05:06 14:31:30 429615 403.3484
2019:05:06 14:31:30 430433 792.5369
2019:05:06 14:31:30 430874 404.6038
2019:05:06 14:31:30 431665 400.1409
2019:05:06 14:31:30 432480 793.9972
2019:05:06 14:31:30 432915 401.4261
2019:05:06 14:31:30 433711 412.7286
2019:05:06 14:31:30 434529 791.9632
2019:05:06 14:31:30 434970 407.7442
2019:05:06 14:31:30 435757 401.4485
2019:05:06 14:31:30 436576 789.1916
2019:05:06 14:31:30 437020 407.0364
2019:05:06 14:31:30 437808 398.4161
2019:05:06 14:31:30 438624 791.4305
2019:05:06 14:31:30 439066 405.2930
2019:05:06 14:31:30 439853 400.5842
2019:05:06 14:31:30 440672 791.3820
2019:05:06 14:31:30 441116 407.2562
2019:05:06 14:31:30 441899 397.0191
2019:05:06 14:31:30 442721 796.3441
2019:05:06 14:31:30 443163 409.9533
2019:05:06 14:31:30 443946 405.2892
2019:05:06 14:31:30 444767 789.9441
2019:05:06 14:31:30 445212 409.5547
2019:05:06 14:31:30 445997 399.2654
2019:05:06 14:31:30 446816 793.0733
2019:05:06 14:31:30 447260 410.6760
2019:05:06 14:31:30 448045 401.4745
2019:05:06 14:31:30 448863 789.2363
2019:05:06 14:31:30 449308 407.5915
2019:05:06 14:31:30 450096 398.2671
2019:05:06 14:31:30 450915 798.4042
2019:05:06 14:31:30 451358 412.6802
2019:05:06 14:31:30 452141 400.7034
2019:05:06 14:31:30 452960 790.8642
2019:05:06 14:31:30 453401 416.1745
2019:05:06 14:31:30 454193 409.6702
2019:05:06 14:31:30 455007 791.3709
2019:05:06 14:31:30 455451 407.5877
2019:05:06 14:31:30 456241 401.8769
2019:05:06 14:31:30 457055 788.0256
2019:05:06 14:31:30 457500 406.7756
2019:05:06 14:31:30 458285 398.0920
2019:05:06 14:31:30 459103 792.3804
2019:05:06 14:31:30 459546 411.0150
2019:05:06 14:31:30 460332 398.7812
2019:05:06 14:31:30 461150 787.6232
2019:05:06 14:31:30 461597 410.2029
2019:05:06 14:31:30 462373 400.6475
2019:05:06 14:31:30 463200 796.7576
2019:05:06 14:31:30 463640 404.5628
2019:05:06 14:31:30 464429 401.4559
2019:05:06 14:31:30 465246 788.5881
2019:05:06 14:31:30 465693 413.2874
2019:05:06 14:31:30 466477 401.7912
2019:05:06 14:31:30 467295 792.5220
2019:05:06 14:31:30 467737 406.7756
2019:05:06 14:31:30 468524 401.4038
2019:05:06 14:31:30 469343 789.5418
2019:05:06 14:31:30 469786 401.8284
2019:05:06 14:31:30 470572 400.9716
2019:05:06 14:31:30 471390 792.7343
2019:05:06 14:31:30 471834 410.5307
2019:05:06 14:31:30 472613 399.2245
2019:05:06 14:31:30 473440 798.4862
2019:05:06 14:31:30 473883 414.7962
2019:05:06 14:31:30 474668 402.0259
2019:05:06 14:31:30 475485 791.0728
2019:05:06 14:31:30 475929 407.1184
2019:05:06 14:31:30 476716 401.4969
2019:05:06 14:31:30 477547 803.7984
2019:05:06 14:31:30 477978 408.5340
2019:05:06 14:31:30 478764 397.7306
2019:05:06 14:31:30 479586 788.3497
2019:05:06 14:31:30 480024 405.6208
2019:05:06 14:31:30 480811 397.2724
2019:05:06 14:31:30 481632 795.5544
2019:05:06 14:31:30 482067 397.5481
2019:05:06 14:31:30 482861 410.5754
2019:05:06 14:31:30 483678 793.3527
2019:05:06 14:31:30 484122 408.6383
2019:05:06 14:31:30 484907 401.2063
2019:05:06 14:31:30 485727 789.4076
2019:05:06 14:31:30 486170 410.3184
2019:05:06 14:31:30 486956 401.2808
2019:05:06 14:31:30 487774 788.5098
2019:05:06 14:31:30 488218 407.2152
2019:05:06 14:31:30 489004 401.0871
2019:05:06 14:31:30 489822 788.7147
2019:05:06 14:31:30 490266 408.5898
2019:05:06 14:31:30 491055 401.2547
2019:05:06 14:31:30 491869 791.6652
2019:05:06 14:31:30 492369 464.2718
2019:05:06 14:31:30 493508 423.0551
2019:05:06 14:31:30 494321 410.4413
2019:05:06 14:31:30 494764 410.7170
2019:05:06 14:31:30 495541 689.5065
2019:05:06 14:31:30 496361 782.0018
2019:05:06 14:31:30 496801 412.2928
2019:05:06 14:31:30 497222 334.4752
2019:05:06 14:31:30 498046 426.4414
2019:05:06 14:31:30 498833 410.0129
2019:05:06 14:31:30 499262 393.6514
2019:05:06 14:31:30 500091 445.4888
2019:05:06 14:31:30 500870 409.2678
2019:05:06 14:31:30 501305 404.3020
2019:05:06 14:31:30 502118 429.3807
2019:05:06 14:31:30 502915 411.3801
2019:05:06 14:31:30 503343 405.3824
2019:05:06 14:31:30 504158 793.3192
2019:05:06 14:31:30 504605 414.3752
2019:05:06 14:31:30 505388 405.1402
2019:05:06 14:31:30 506205 791.9185
2019:05:06 14:31:30 506650 411.6409
2019:05:06 14:31:30 507434 402.3537
2019:05:06 14:31:30 508257 798.1025
2019:05:06 14:31:30 508699 415.6567
2019:05:06 14:31:30 509484 399.5076
2019:05:06 14:31:30 510304 799.6075
2019:05:06 14:31:30 510747 415.7536
2019:05:06 14:31:30 511524 390.6190
2019:05:06 14:31:30 512345 794.7013
2019:05:06 14:31:30 512779 405.2855
2019:05:06 14:31:30 513570 407.7777
2019:05:06 14:31:30 514394 802.4313
2019:05:06 14:31:30 514835 415.7536
2019:05:06 14:31:30 515622 409.6180
2019:05:06 14:31:30 516441 800.4792
2019:05:06 14:31:30 516885 413.5631
2019:05:06 14:31:30 517671 410.0464
2019:05:06 14:31:30 518489 796.0349
2019:05:06 14:31:30 518934 416.6476
2019:05:06 14:31:30 519708 399.8056
2019:05:06 14:31:30 520529 798.3707
2019:05:06 14:31:30 520975 416.5098
2019:05:06 14:31:30 521754 399.6193
2019:05:06 14:31:30 522575 796.5863
2019:05:06 14:31:30 523013 416.1187
2019:05:06 14:31:30 523799 402.6890
2019:05:06 14:31:30 524621 797.5958
2019:05:06 14:31:30 525063 413.4290
2019:05:06 14:31:30 525847 405.5761
2019:05:06 14:31:30 526669 796.6459
2019:05:06 14:31:30 527111 412.5349
2019:05:06 14:31:30 527895 406.4254
2019:05:06 14:31:30 528717 796.8284
2019:05:06 14:31:30 529160 405.3526
2019:05:06 14:31:30 529943 405.0918
2019:05:06 14:31:30 530765 797.0743
2019:05:06 14:31:30 531210 413.8947
2019:05:06 14:31:30 531991 406.8390
2019:05:06 14:31:30 532813 796.3739
2019:05:06 14:31:30 533246 407.3530
2019:05:06 14:31:30 534039 407.4350
2019:05:06 14:31:30 534862 801.1311
2019:05:06 14:31:30 535305 414.8781
2019:05:06 14:31:30 536087 406.3360
2019:05:06 14:31:30 536908 795.9604
2019:05:06 14:31:30 537356 408.1540
2019:05:06 14:31:30 538135 406.9246
2019:05:06 14:31:30 538957 796.0647
2019:05:06 14:31:30 539400 408.1503
2019:05:06 14:31:30 540182 406.1013
2019:05:06 14:31:30 541006 797.1972
2019:05:06 14:31:30 541450 412.2965
2019:05:06 14:31:30 542228 403.4564
2019:05:06 14:31:30 543058 808.9244
2019:05:06 14:31:30 543490 411.5328
2019:05:06 14:31:30 544278 404.0822
2019:05:06 14:31:30 545100 796.4931
2019:05:06 14:31:30 545548 417.4374
2019:05:06 14:31:30 546326 405.7810
2019:05:06 14:31:30 547149 797.8939
2019:05:06 14:31:30 547593 413.7158
2019:05:06 14:31:30 548374 404.6783
2019:05:06 14:31:30 549198 797.4990
2019:05:06 14:31:30 549642 412.9149
2019:05:06 14:31:30 550422 406.4701
2019:05:06 14:31:30 551245 796.8396
2019:05:06 14:31:30 551692 416.7184
2019:05:06 14:31:30 552468 401.4298
2019:05:06 14:31:30 553291 796.0722
2019:05:06 14:31:30 553731 418.1489
2019:05:06 14:31:30 554518 402.2010
2019:05:06 14:31:30 555340 794.3027
2019:05:06 14:31:30 555781 415.8616
2019:05:06 14:31:30 556565 405.6022
2019:05:06 14:31:30 557389 799.6745
2019:05:06 14:31:30 557830 414.0362
2019:05:06 14:31:30 558614 405.3041
2019:05:06 14:31:30 559437 800.4457
2019:05:06 14:31:30 559876 412.3189
2019:05:06 14:31:30 560661 406.1870
2019:05:06 14:31:30 561485 800.0359
2019:05:06 14:31:30 561920 406.7048
2019:05:06 14:31:30 562711 409.1486
2019:05:06 14:31:30 563533 802.9416
2019:05:06 14:31:30 563974 420.1829
2019:05:06 14:31:30 564757 404.6485
2019:05:06 14:31:30 565580 799.0673
2019:05:06 14:31:30 566020 411.8010
2019:05:06 14:31:30 566805 405.9300
2019:05:06 14:31:30 567628 799.2163
2019:05:06 14:31:30 568068 413.1123
2019:05:06 14:31:30 568853 405.1924
2019:05:06 14:31:30 569677 800.3935
2019:05:06 14:31:30 570117 410.3929
2019:05:06 14:31:30 570901 406.1647
2019:05:06 14:31:30 571723 798.8885
2019:05:06 14:31:30 572167 417.2511
2019:05:06 14:31:30 572945 402.4021
2019:05:06 14:31:30 573772 806.8159
2019:05:06 14:31:30 574216 422.7012
2019:05:06 14:31:30 574997 404.7081
2019:05:06 14:31:30 575819 797.6070
2019:05:06 14:31:30 576260 413.4402
2019:05:06 14:31:30 577045 406.1460
2019:05:06 14:31:30 577868 799.4138
2019:05:06 14:31:30 578308 413.8686
2019:05:06 14:31:30 579093 404.4101
2019:05:06 14:31:30 579916 799.7230
2019:05:06 14:31:30 580358 415.6232
2019:05:06 14:31:30 581143 408.9065
2019:05:06 14:31:30 581962 796.7465
2019:05:06 14:31:30 582394 402.0482
2019:05:06 14:31:30 583189 406.0641
2019:05:06 14:31:30 584012 798.1770
2019:05:06 14:31:30 584453 416.2155
2019:05:06 14:31:30 585236 404.6261
2019:05:06 14:31:30 586059 799.0077
2019:05:06 14:31:30 586500 412.4716
2019:05:06 14:31:30 587284 405.8890
2019:05:06 14:31:30 588107 799.5740
2019:05:06 14:31:30 588549 415.7536
2019:05:06 14:31:30 589332 405.2892
2019:05:06 14:31:30 590156 795.7444
2019:05:06 14:31:30 590597 413.8798
2019:05:06 14:31:30 591380 405.8182
2019:05:06 14:31:30 592203 798.9444
2019:05:06 14:31:30 592640 406.6303
2019:05:06 14:31:30 593426 405.4159
2019:05:06 14:31:30 594251 805.2327
2019:05:06 14:31:30 594694 412.4939
2019:05:06 14:31:30 595476 404.4920
2019:05:06 14:31:30 596299 802.2673
2019:05:06 14:31:30 596736 415.3177
2019:05:06 14:31:30 597524 406.2206
2019:05:06 14:31:30 598347 800.6468
2019:05:06 14:31:30 598784 410.7691
2019:05:06 14:31:30 599572 404.8981
2019:05:06 14:31:30 600395 793.1888
2019:05:06 14:31:30 600843 418.3874
2019:05:06 14:31:30 601621 406.4776
2019:05:06 14:31:30 602442 799.8534
2019:05:06 14:31:30 602882 415.6083
2019:05:06 14:31:30 603668 406.2057
2019:05:06 14:31:30 604490 798.1472
2019:05:06 14:31:30 604929 414.1405
2019:05:06 14:31:30 605429 118.6915
2019:05:06 14:31:30 606162 419.0169
2019:05:06 14:31:30 606968 414.6025
2019:05:06 14:31:30 607403 412.2891
2019:05:06 14:31:30 608184 414.9824
2019:05:06 14:31:30 609000 410.1954
2019:05:06 14:31:30 609442 418.2011
2019:05:06 14:31:30 610225 688.4299
2019:05:06 14:31:30 611044 794.7125
2019:05:06 14:31:30 611480 411.2907
2019:05:06 14:31:30 611899 326.2721
2019:05:06 14:31:30 612724 438.4741
2019:05:06 14:31:30 613510 408.3328
2019:05:06 14:31:30 613935 391.1667
2019:05:06 14:31:30 614771 443.6448
2019:05:06 14:31:30 615555 411.6073
2019:05:06 14:31:30 615981 402.1339
2019:05:06 14:31:30 616812 440.5044
2019:05:06 14:31:30 617601 413.7531
2019:05:06 14:31:30 618022 396.6764
2019:05:06 14:31:30 618860 436.7419
2019:05:06 14:31:30 619646 406.3472
2019:05:06 14:31:30 620068 396.4268
2019:05:06 14:31:30 620884 793.1404
2019:05:06 14:31:30 621333 411.5738
2019:05:06 14:31:30 622105 393.1932
2019:05:06 14:31:30 622925 799.5106
2019:05:06 14:31:30 623369 411.8718
2019:05:06 14:31:30 624147 406.4888
2019:05:06 14:31:30 624970 795.7965
2019:05:06 14:31:30 625411 416.8265
2019:05:06 14:31:30 626194 403.9034
2019:05:06 14:31:30 627017 798.0056
2019:05:06 14:31:30 627457 402.1861
2019:05:06 14:31:30 628243 405.4010
2019:05:06 14:31:30 629066 799.0189
2019:05:06 14:31:30 629505 413.4700
2019:05:06 14:31:30 630290 404.4883
2019:05:06 14:31:30 631114 797.0110
2019:05:06 14:31:30 631550 403.4266
2019:05:06 14:31:30 632338 404.7714
2019:05:06 14:31:30 633162 795.7891
2019:05:06 14:31:30 633606 413.1161
2019:05:06 14:31:30 634387 404.8124
2019:05:06 14:31:30 635210 798.0205
2019:05:06 14:31:30 635653 410.8474
2019:05:06 14:31:30 636435 406.8986
2019:05:06 14:31:30 637264 808.4700
2019:05:06 14:31:30 637697 418.9089
2019:05:06 14:31:30 638489 395.2608
2019:05:06 14:31:30 639313 810.3251
2019:05:06 14:31:30 639746 406.7086
2019:05:06 14:31:30 640541 409.7819
2019:05:06 14:31:30 641366 808.0117
2019:05:06 14:31:30 641802 411.7712
2019:05:06 14:31:30 642586 401.7539
2019:05:06 14:31:30 643406 803.4073
2019:05:06 14:31:30 643847 409.8117
2019:05:06 14:31:30 644626 399.2133
2019:05:06 14:31:30 645449 802.6212
2019:05:06 14:31:30 645887 411.0560
2019:05:06 14:31:30 646674 405.2073
2019:05:06 14:31:30 647497 793.1963
2019:05:06 14:31:30 647944 416.6402
2019:05:06 14:31:30 648721 404.1269
2019:05:06 14:31:30 649544 801.9693
2019:05:06 14:31:30 649983 414.8073
2019:05:06 14:31:30 650769 404.8981
2019:05:06 14:31:30 651591 801.7533
2019:05:06 14:31:30 652040 418.1005
2019:05:06 14:31:30 652818 407.1109
2019:05:06 14:31:30 653643 803.2992
2019:05:06 14:31:30 654078 408.9065
2019:05:06 14:31:30 654865 404.3914
2019:05:06 14:31:30 655687 800.8517
2019:05:06 14:31:30 656128 411.2534
2019:05:06 14:31:30 656913 406.1610
2019:05:06 14:31:30 657736 798.6017
2019:05:06 14:31:30 658172 410.1433
2019:05:06 14:31:30 658960 406.0492
2019:05:06 14:31:30 659783 799.0897
2019:05:06 14:31:30 660222 415.1091
2019:05:06 14:31:30 661008 404.9242
2019:05:06 14:31:30 661833 802.3307
2019:05:06 14:31:30 662276 412.3114
2019:05:06 14:31:30 663057 405.8182
2019:05:06 14:31:30 663880 800.0396
2019:05:06 14:31:30 664321 410.9256
2019:05:06 14:31:30 665105 406.3696
2019:05:06 14:31:30 665927 792.1793
2019:05:06 14:31:30 666376 420.0675
2019:05:06 14:31:30 667153 407.0178
2019:05:06 14:31:30 667975 799.3728
2019:05:06 14:31:30 668418 416.3198
2019:05:06 14:31:30 669200 405.3377
2019:05:06 14:31:30 670023 798.5532
2019:05:06 14:31:30 670473 416.5508
2019:05:06 14:31:30 671251 409.6739
2019:05:06 14:31:30 672071 797.0482
2019:05:06 14:31:30 672515 407.6660
2019:05:06 14:31:30 673297 406.2802
2019:05:06 14:31:30 674119 801.7272
2019:05:06 14:31:30 674559 411.0932
2019:05:06 14:31:30 675344 406.1349
2019:05:06 14:31:30 676167 794.5597
2019:05:06 14:31:30 676612 413.0155
2019:05:06 14:31:30 677393 406.8613
2019:05:06 14:31:30 678214 793.8631
2019:05:06 14:31:30 678657 413.1012
2019:05:06 14:31:30 679441 407.0401
2019:05:06 14:31:30 680262 797.0706
2019:05:06 14:31:30 680706 403.2701
2019:05:06 14:31:30 681489 406.0529
2019:05:06 14:31:30 682311 795.8151
2019:05:06 14:31:30 682758 413.0639
2019:05:06 14:31:30 683537 406.6341
2019:05:06 14:31:30 684358 795.4389
2019:05:06 14:31:30 684810 418.5773
2019:05:06 14:31:30 685584 406.9246
2019:05:06 14:31:30 686406 799.6112
2019:05:06 14:31:30 686849 406.5558
2019:05:06 14:31:30 687631 405.2185
2019:05:06 14:31:30 688454 796.3218
2019:05:06 14:31:30 688904 416.5769
2019:05:06 14:31:30 689680 406.8837
2019:05:06 14:31:30 690502 799.5404
2019:05:06 14:31:30 690944 414.1964
2019:05:06 14:31:30 691727 405.2259
2019:05:06 14:31:30 692551 796.7465
2019:05:06 14:31:30 693002 416.8414
2019:05:06 14:31:30 693776 406.2578
2019:05:06 14:31:30 694598 787.3811
2019:05:06 14:31:30 695041 415.7051
2019:05:06 14:31:30 695823 405.8927
2019:05:06 14:31:30 696645 799.8943
2019:05:06 14:31:30 697090 418.1266
2019:05:06 14:31:30 697871 404.9726
2019:05:06 14:31:30 698694 792.9616
2019:05:06 14:31:30 699139 411.4248
2019:05:06 14:31:30 699920 407.1631
2019:05:06 14:31:30 700741 798.9407
2019:05:06 14:31:30 701191 420.4959
2019:05:06 14:31:30 701678 115.2568
2019:05:06 14:31:30 702425 422.8763
2019:05:06 14:31:30 703225 417.7131
2019:05:06 14:31:30 703665 417.7876
2019:05:06 14:31:30 704451 417.9142
2019:05:06 14:31:30 705270 419.1920
2019:05:06 14:31:30 705698 406.7011
2019:05:06 14:31:30 706478 414.2858
2019:05:06 14:31:30 707295 410.3892
2019:05:06 14:31:30 707736 408.4893
2019:05:06 14:31:30 708152 329.0474
2019:05:06 14:31:30 708974 427.2982
2019:05:06 14:31:30 709773 414.6732
2019:05:06 14:31:30 710192 390.5259
2019:05:06 14:31:30 711027 446.6698
2019:05:06 14:31:30 711817 421.3154
2019:05:06 14:31:30 712232 388.5590
2019:05:06 14:31:30 713066 442.7880
2019:05:06 14:31:30 713853 412.1140
2019:05:06 14:31:30 714278 400.5246
2019:05:06 14:31:30 715114 436.9728
2019:05:06 14:31:30 715904 412.9820
2019:05:06 14:31:30 716333 399.5821
2019:05:06 14:31:30 717171 445.5484
2019:05:06 14:31:30 717957 414.0995
2019:05:06 14:31:30 718376 395.0000
2019:05:06 14:31:30 719219 438.0941
2019:05:06 14:31:30 720012 417.7354
2019:05:06 14:31:30 720432 392.2097
2019:05:06 14:31:30 721267 434.1491
2019:05:06 14:31:30 722066 423.5767
2019:05:06 14:31:30 722479 394.2959
2019:05:06 14:31:30 723313 438.2096
2019:05:06 14:31:30 724096 410.4078
2019:05:06 14:31:30 724525 402.2680
2019:05:06 14:31:30 725358 448.0109
2019:05:06 14:31:30 726136 409.8415
2019:05:06 14:31:30 726569 400.2936
2019:05:06 14:31:30 727378 782.6351
2019:05:06 14:31:30 727826 418.2681
2019:05:06 14:31:30 728598 389.1997
2019:05:06 14:31:30 729420 794.9844
2019:05:06 14:31:30 729869 410.6238
2019:05:06 14:31:30 730650 407.5244
2019:05:06 14:31:30 731493 827.7148
2019:05:06 14:31:30 731923 408.4110
2019:05:06 14:31:30 732691 389.7361
2019:05:06 14:31:30 733513 788.8190
2019:05:06 14:31:30 733955 407.5654
2019:05:06 14:31:30 734735 401.8880
2019:05:06 14:31:30 735556 793.2782
2019:05:06 14:31:30 735999 405.8890
2019:05:06 14:31:30 736782 406.0380
2019:05:06 14:31:30 737604 795.6773
2019:05:06 14:31:30 738045 413.2055
2019:05:06 14:31:30 738829 405.6692
2019:05:06 14:31:30 739652 798.9071
2019:05:06 14:31:30 740091 404.7677
2019:05:06 14:31:30 740878 406.1833
2019:05:06 14:31:30 741701 796.8172
2019:05:06 14:31:30 742142 408.7277
2019:05:06 14:31:30 742926 405.2557
2019:05:06 14:31:30 743748 797.7523
2019:05:06 14:31:30 744192 404.4138
2019:05:06 14:31:30 744974 406.2243
2019:05:06 14:31:30 745796 795.7518
2019:05:06 14:31:30 746246 416.0665
2019:05:06 14:31:30 747021 406.5633
2019:05:06 14:31:30 747843 799.8757
2019:05:06 14:31:30 748288 416.0665
2019:05:06 14:31:30 749068 405.1253
2019:05:06 14:31:30 749892 792.0675
2019:05:06 14:31:30 750341 407.0252
2019:05:06 14:31:30 751117 406.3360
2019:05:06 14:31:30 751940 800.7251
2019:05:06 14:31:30 752383 411.9202
2019:05:06 14:31:30 753166 406.5968
2019:05:06 14:31:30 753988 799.5032
2019:05:06 14:31:30 754428 410.5717
2019:05:06 14:31:30 755213 406.0306
2019:05:06 14:31:30 756034 791.2032
2019:05:06 14:31:30 756475 409.9868
2019:05:06 14:31:30 757261 405.2222
2019:05:06 14:31:30 758083 796.5490
2019:05:06 14:31:30 758532 415.8020
2019:05:06 14:31:30 759309 406.9135
2019:05:06 14:31:30 760131 799.1828
2019:05:06 14:31:30 760572 409.2976
2019:05:06 14:31:30 761361 410.6537
2019:05:06 14:31:30 762181 790.4395
2019:05:06 14:31:30 762624 405.9672
2019:05:06 14:31:30 763405 405.8443
2019:05:06 14:31:30 764226 795.9120
2019:05:06 14:31:30 764670 410.4152
2019:05:06 14:31:30 765454 407.4052
2019:05:06 14:31:30 766274 790.2756
2019:05:06 14:31:30 766716 407.1966
2019:05:06 14:31:30 767500 406.8576
2019:05:06 14:31:30 768322 797.0631
2019:05:06 14:31:30 768764 412.7584
2019:05:06 14:31:30 769548 405.7996
2019:05:06 14:31:30 770371 796.1467
2019:05:06 14:31:30 770820 416.6514
2019:05:06 14:31:30 771596 406.6750
2019:05:06 14:31:30 772418 800.0173
2019:05:06 14:31:30 772861 408.5712
2019:05:06 14:31:30 773645 406.8688
2019:05:06 14:31:30 774466 791.4864
2019:05:06 14:31:30 774911 411.7526
2019:05:06 14:31:30 775692 404.4399
2019:05:06 14:31:30 776514 792.5257
2019:05:06 14:31:30 776959 407.4015
2019:05:06 14:31:30 777740 406.2392
2019:05:06 14:31:30 778562 796.5416
2019:05:06 14:31:30 779004 413.8388
2019:05:06 14:31:30 779788 406.6788
2019:05:06 14:31:30 780611 801.4478
2019:05:06 14:31:30 781051 401.7130
2019:05:06 14:31:30 781836 405.5575
2019:05:06 14:31:30 782658 794.7795
2019:05:06 14:31:30 783102 408.3402
2019:05:06 14:31:30 783883 404.5963
2019:05:06 14:31:30 784706 798.3148
2019:05:06 14:31:30 785149 402.1525
2019:05:06 14:31:30 785932 405.5724
2019:05:06 14:31:30 786753 794.6678
2019:05:06 14:31:30 787201 418.7785
2019:05:06 14:31:30 787980 406.7756
2019:05:06 14:31:30 788801 795.6997
2019:05:06 14:31:30 789244 416.9382
2019:05:06 14:31:30 790027 405.0545
2019:05:06 14:31:30 790850 793.1925
2019:05:06 14:31:30 791298 415.7126
2019:05:06 14:31:30 792075 406.2206
2019:05:06 14:31:30 792899 798.0317
2019:05:06 14:31:30 793340 404.4510
2019:05:06 14:31:30 794124 405.4978
2019:05:06 14:31:30 794946 795.9083
2019:05:06 14:31:30 795387 411.5179
2019:05:06 14:31:30 796171 405.7027
2019:05:06 14:31:30 796995 793.0435
2019:05:06 14:31:30 797440 412.0842
2019:05:06 14:31:30 798220 405.4122
2019:05:06 14:31:30 799043 793.8370
2019:05:06 14:31:30 799484 408.3924
2019:05:06 14:31:30 800267 406.9097
2019:05:06 14:31:30 801090 799.3132
2019:05:06 14:31:30 801533 411.6073
2019:05:06 14:31:30 802031 120.7106
2019:05:06 14:31:30 802752 419.4304
2019:05:06 14:31:30 803562 411.9687
2019:05:06 14:31:30 804004 409.9198
2019:05:06 14:31:30 804795 422.3622
2019:05:06 14:31:30 805611 414.0697
2019:05:06 14:31:30 806051 402.0557
2019:05:06 14:31:30 806840 418.3725
2019:05:06 14:31:30 807652 411.3577
2019:05:06 14:31:30 808090 402.1339
2019:05:06 14:31:30 808882 417.7131
2019:05:06 14:31:30 809700 410.2625
2019:05:06 14:31:30 810132 405.7139
2019:05:06 14:31:30 810556 329.3529
2019:05:06 14:31:30 811371 423.9418
2019:05:06 14:31:30 812173 418.7301
2019:05:06 14:31:30 812595 394.0612
2019:05:06 14:31:30 813421 436.2278
2019:05:06 14:31:30 814208 413.6823
2019:05:06 14:31:30 814630 399.8168
2019:05:06 14:31:30 815461 425.6740
2019:05:06 14:31:30 816260 409.5808
2019:05:06 14:31:30 816681 396.3076
2019:05:06 14:31:30 817514 434.6184
2019:05:06 14:31:30 818297 411.3056
2019:05:06 14:31:30 818718 390.8724
2019:05:06 14:31:30 819547 434.1565
2019:05:06 14:31:30 820342 412.0171
2019:05:06 14:31:30 820764 400.1930
2019:05:06 14:31:30 821608 438.6716
2019:05:06 14:31:30 822393 410.3333
2019:05:06 14:31:30 822824 402.0259
2019:05:06 14:31:30 823649 429.0007
2019:05:06 14:31:30 824442 408.9549
2019:05:06 14:31:30 824866 394.7616
2019:05:06 14:31:30 825700 442.4490
2019:05:06 14:31:30 826484 410.7133
2019:05:06 14:31:30 826920 409.5286
2019:05:06 14:31:30 827741 804.7186
2019:05:06 14:31:30 828175 411.2422
2019:05:06 14:31:30 828952 396.5423
2019:05:06 14:31:30 829781 809.1480
2019:05:06 14:31:30 830210 406.0529
2019:05:06 14:31:30 831001 393.9904
2019:05:06 14:31:30 831822 799.0114
2019:05:06 14:31:30 832266 407.1184
2019:05:06 14:31:30 833048 397.2948
2019:05:06 14:31:30 833868 795.6624
2019:05:06 14:31:30 834312 409.1114
2019:05:06 14:31:30 835092 396.0244
2019:05:06 14:31:30 835910 804.0667
2019:05:06 14:31:30 836349 410.5493
2019:05:06 14:31:30 837132 401.4783
2019:05:06 14:31:30 837964 808.5556
2019:05:06 14:31:30 838400 407.0625
2019:05:06 14:31:30 839185 404.5181
2019:05:06 14:31:30 840004 799.2908
2019:05:06 14:31:30 840447 413.0267
2019:05:06 14:31:30 841229 407.4611
2019:05:06 14:31:30 842052 799.7267
2019:05:06 14:31:30 842491 410.3370
2019:05:06 14:31:30 843277 405.3973
2019:05:06 14:31:30 844100 798.6054
2019:05:06 14:31:30 844538 410.8623
2019:05:06 14:31:30 845324 402.8454
2019:05:06 14:31:30 846143 791.6912
2019:05:06 14:31:30 846593 409.5025
2019:05:06 14:31:30 847368 405.5202
2019:05:06 14:31:30 848191 802.1519
2019:05:06 14:31:30 848625 410.8176
2019:05:06 14:31:30 849417 404.8571
2019:05:06 14:31:30 850240 797.4803
2019:05:06 14:31:30 850680 409.8006
2019:05:06 14:31:30 851465 406.7197
2019:05:06 14:31:30 852287 801.9656
2019:05:06 14:31:30 852716 406.2541
2019:05:06 14:31:30 853513 405.5984
2019:05:06 14:31:30 854336 798.9965
2019:05:06 14:31:30 854771 409.0890
2019:05:06 14:31:30 855560 403.4080
2019:05:06 14:31:30 856382 795.2675
2019:05:06 14:31:30 856821 407.9267
2019:05:06 14:31:30 857608 405.9374
2019:05:06 14:31:30 858428 806.1640
2019:05:06 14:31:30 858853 410.9740
2019:05:06 14:31:30 859657 398.4272
2019:05:06 14:31:30 860479 812.3405
2019:05:06 14:31:30 860914 412.6653
2019:05:06 14:31:30 861704 409.1822
2019:05:06 14:31:30 862527 803.7202
2019:05:06 14:31:30 862972 421.4160
2019:05:06 14:31:30 863751 404.9614
2019:05:06 14:31:30 864575 802.0997
2019:05:06 14:31:30 865012 401.6496
2019:05:06 14:31:30 865800 404.5032
2019:05:06 14:31:30 866623 797.9423
2019:05:06 14:31:30 867066 418.5438
2019:05:06 14:31:30 867849 407.8075
2019:05:06 14:31:30 868670 801.6191
2019:05:06 14:31:30 869111 412.3896
2019:05:06 14:31:30 869895 403.7581
2019:05:06 14:31:30 870719 802.6212
2019:05:06 14:31:30 871161 411.1305
2019:05:06 14:31:30 871944 405.8443
2019:05:06 14:31:30 872766 801.2056
2019:05:06 14:31:30 873198 405.0434
2019:05:06 14:31:30 873992 405.7214
2019:05:06 14:31:30 874816 800.7698
2019:05:06 14:31:30 875256 416.2565
2019:05:06 14:31:30 876040 405.7661
2019:05:06 14:31:30 876862 801.6042
2019:05:06 14:31:30 877300 405.6580
2019:05:06 14:31:30 878087 405.2743
2019:05:06 14:31:30 878910 802.3717
2019:05:06 14:31:30 879351 403.5905
2019:05:06 14:31:30 880136 406.0306
2019:05:06 14:31:30 880959 799.2499
2019:05:06 14:31:30 881401 415.7573
2019:05:06 14:31:30 882182 403.8438
2019:05:06 14:31:30 883009 808.6450
2019:05:06 14:31:30 883444 407.9565
2019:05:06 14:31:30 884234 405.2185
2019:05:06 14:31:30 885058 802.4126
2019:05:06 14:31:30 885503 414.1890
2019:05:06 14:31:30 886287 409.3908
2019:05:06 14:31:30 887107 799.4659
2019:05:06 14:31:30 887543 406.1200
2019:05:06 14:31:30 888330 406.3621
2019:05:06 14:31:30 889153 800.5463
2019:05:06 14:31:30 889592 411.8532
2019:05:06 14:31:30 890378 404.1344
2019:05:06 14:31:30 891202 801.9134
2019:05:06 14:31:30 891653 420.7790
2019:05:06 14:31:30 892427 405.3153
2019:05:06 14:31:30 893249 801.6415
2019:05:06 14:31:30 893689 407.4499
2019:05:06 14:31:30 894477 408.4632
2019:05:06 14:31:30 895298 799.5106
2019:05:06 14:31:30 895738 415.3363
2019:05:06 14:31:30 896523 406.4031
2019:05:06 14:31:30 897350 808.0043
2019:05:06 14:31:30 897784 404.9130
2019:05:06 14:31:30 898569 405.2855
2019:05:06 14:31:30 899393 802.5169
2019:05:06 14:31:30 899834 409.9570
2019:05:06 14:31:30 900619 407.0438
2019:05:06 14:31:30 901442 800.8219
2019:05:06 14:31:30 901879 409.8751
2019:05:06 14:31:30 902673 406.8613
2019:05:06 14:31:30 903491 803.1763
2019:05:06 14:31:30 903932 416.3794
2019:05:06 14:31:30 904724 412.7510
2019:05:06 14:31:30 905545 806.3279
2019:05:06 14:31:30 905978 402.2978
2019:05:06 14:31:30 906772 403.3148
2019:05:06 14:31:30 907591 796.1132
2019:05:06 14:31:30 908036 411.2609
2019:05:06 14:31:30 908820 411.3466
2019:05:06 14:31:30 909646 805.1395
2019:05:06 14:31:30 910079 410.5046
2019:05:06 14:31:30 910869 402.9423
2019:05:06 14:31:30 911686 795.6587
2019:05:06 14:31:30 912130 409.6478
2019:05:06 14:31:30 912917 400.8114
2019:05:06 14:31:30 913735 795.6214
2019:05:06 14:31:30 914176 406.0864
2019:05:06 14:31:30 914963 408.9326
2019:05:06 14:31:30 915785 797.4729
2019:05:06 14:31:30 916218 409.8527
2019:05:06 14:31:30 917017 405.2073
2019:05:06 14:31:30 917834 802.6585
2019:05:06 14:31:30 918268 405.1365
2019:05:06 14:31:30 919062 400.3607
2019:05:06 14:31:30 919881 796.0610
2019:05:06 14:31:30 920325 411.2050
2019:05:06 14:31:30 921120 413.8872
2019:05:06 14:31:30 921930 792.4289
2019:05:06 14:31:30 922376 413.7233
2019:05:06 14:31:30 923162 403.4936
2019:05:06 14:31:30 923978 790.7972
2019:05:06 14:31:30 924421 405.2259
2019:05:06 14:31:30 925211 404.1120
2019:05:06 14:31:30 926036 796.4484
2019:05:06 14:31:30 926474 416.0814
2019:05:06 14:31:30 927256 408.8357
2019:05:06 14:31:30 928073 795.1744
2019:05:06 14:31:30 928514 410.7878
2019:05:06 14:31:30 929302 400.0962
2019:05:06 14:31:30 930123 795.8971
2019:05:06 14:31:30 930565 404.4361
2019:05:06 14:31:30 931352 402.5847
2019:05:06 14:31:30 932171 793.5837
2019:05:06 14:31:30 932620 409.9756
2019:05:06 14:31:30 933408 406.8315
2019:05:06 14:31:30 934218 792.9541
2019:05:06 14:31:30 934637 391.6174
2019:05:06 14:31:30 935440 397.3991
2019:05:06 14:31:30 936266 813.7226
2019:05:06 14:31:30 936689 404.9502
2019:05:06 14:31:30 949368 12291.2191
2019:05:06 14:31:30 949817 439.7407
2019:05:06 14:31:30 951010 760.0486
2019:05:06 14:31:30 951481 449.4786
2019:05:06 14:31:30 952274 300.7278
2019:05:06 14:31:30 953179 485.3122
2019:05:06 14:31:30 953982 795.1036
2019:05:06 14:31:30 954718 726.5508
2019:05:06 14:31:30 955221 488.7506
2019:05:06 14:31:30 955991 434.7526
2019:05:06 14:31:30 957204 739.9842
2019:05:06 14:31:30 957980 768.1064
2019:05:06 14:31:30 958795 781.8080
2019:05:06 14:31:30 959642 737.1828
2019:05:06 14:31:30 960135 483.9115
2019:05:06 14:31:30 961338 484.8316
2019:05:06 14:31:30 962131 452.7941
2019:05:06 14:31:30 963350 747.2076
2019:05:06 14:31:30 964120 761.3190
2019:05:06 14:31:30 964941 801.5856
2019:05:06 14:31:30 965824 474.7026
2019:05:06 14:31:30 966306 474.5312
2019:05:06 14:31:30 967052 455.2267
2019:05:06 14:31:30 968259 733.4761
2019:05:06 14:31:30 969050 783.7117
2019:05:06 14:31:30 969938 481.7322
2019:05:06 14:31:30 970717 769.6748
2019:05:06 14:31:30 971506 781.4132
2019:05:06 14:31:30 972411 483.8482
2019:05:06 14:31:30 973150 729.8812
2019:05:06 14:31:30 973582 411.7861
2019:05:06 14:31:30 974357 393.6589
2019:05:06 14:31:30 975223 743.2364
2019:05:06 14:31:30 976019 789.2400
2019:05:06 14:31:30 976921 481.0989
2019:05:06 14:31:30 977673 433.5493
2019:05:06 14:31:30 978490 339.1765
2019:05:06 14:31:30 979375 493.1465
2019:05:06 14:31:30 980132 409.1449
2019:05:06 14:31:30 980952 367.3881
2019:05:06 14:31:30 981843 508.0365
2019:05:06 14:31:30 982582 730.4288
2019:05:06 14:31:30 983380 788.5918
2019:05:06 14:31:30 984322 479.8658
2019:05:06 14:31:30 985053 456.2400
2019:05:06 14:31:30 985837 420.5704
2019:05:06 14:31:30 986763 485.4500
2019:05:06 14:31:30 987492 720.3072
2019:05:06 14:31:30 987993 487.6256
2019:05:06 14:31:30 988727 405.1514
2019:05:06 14:31:30 989942 743.8771
2019:05:06 14:31:30 990435 485.4836
2019:05:06 14:31:30 991186 421.0249
2019:05:06 14:31:30 992010 366.0768
2019:05:06 14:31:30 992917 491.2391
2019:05:06 14:31:30 993656 731.0845
2019:05:06 14:31:30 994449 782.7953
2019:05:06 14:31:30 995282 366.3227
2019:05:06 14:31:30 996135 465.2925
2019:05:06 14:31:30 996885 743.2848
2019:05:06 14:31:30 997704 778.1647
2019:05:06 14:31:30 998567 455.5508
2019:05:06 14:31:30 999063 489.9018
2019:05:06 14:31:30 999797 419.2963
2019:05:06 14:31:31 612 338.5246
2019:05:06 14:31:31 1541 532.5601
2019:05:06 14:31:31 2239 415.7871
2019:05:06 14:31:31 3044 400.2266
2019:05:06 14:31:31 3970 918.6082
2019:05:06 14:31:31 4694 715.4755
2019:05:06 14:31:31 5189 480.5252
2019:05:06 14:31:31 5942 446.4909
2019:05:06 14:31:31 6758 340.7709
2019:05:06 14:31:31 7628 485.7071
2019:05:06 14:31:31 8376 424.4894
2019:05:06 14:31:31 9202 348.9926
2019:05:06 14:31:31 10069 459.4252
2019:05:06 14:31:31 10827 750.5044
2019:05:06 14:31:31 11294 447.3031
2019:05:06 14:31:31 12469 411.0038
2019:05:06 14:31:31 13369 488.3148
2019:05:06 14:31:31 14141 763.8745
2019:05:06 14:31:31 14924 774.7971
2019:05:06 14:31:31 15841 484.8726
2019:05:06 14:31:31 16585 435.6094
2019:05:06 14:31:31 17405 346.2061
2019:05:06 14:31:31 18292 499.4683
2019:05:06 14:31:31 19042 411.1901
2019:05:06 14:31:31 19855 353.3363
2019:05:06 14:31:31 20719 474.7659
2019:05:06 14:31:31 21460 732.9918
2019:05:06 14:31:31 22341 855.6880
2019:05:06 14:31:31 23115 766.0761
2019:05:06 14:31:31 23617 482.1159
2019:05:06 14:31:31 24384 431.0161
2019:05:06 14:31:31 25186 318.9184
2019:05:06 14:31:31 26080 479.5901
2019:05:06 14:31:31 26825 436.3395
2019:05:06 14:31:31 27640 341.9891
2019:05:06 14:31:31 28530 499.6136
2019:05:06 14:31:31 29282 412.7771
2019:05:06 14:31:31 30182 484.3324
2019:05:06 14:31:31 30927 441.3053
2019:05:06 14:31:31 31742 342.6485
2019:05:06 14:31:31 32950 783.7191
2019:05:06 14:31:31 33378 420.5815
2019:05:06 14:31:31 34185 407.4611
2019:05:06 14:31:31 35037 464.8305
2019:05:06 14:31:31 35791 746.5295
2019:05:06 14:31:31 36611 777.5091
2019:05:06 14:31:31 37456 441.8232
2019:05:06 14:31:31 37949 484.1387
2019:05:06 14:31:31 38699 411.6297
2019:05:06 14:31:31 39522 366.8480
2019:05:06 14:31:31 40362 472.6574
2019:05:06 14:31:31 41141 430.6622
2019:05:06 14:31:31 41968 381.8236
2019:05:06 14:31:31 42765 782.1806
2019:05:06 14:31:31 43209 420.4363
2019:05:06 14:31:31 44438 729.4007
2019:05:06 14:31:31 45233 787.7462
2019:05:06 14:31:31 46146 484.4107
2019:05:06 14:31:31 46875 721.0113
2019:05:06 14:31:31 47667 417.4188
2019:05:06 14:31:31 48579 733.8785
2019:05:06 14:31:31 49331 743.5828
2019:05:06 14:31:31 49806 454.5264
2019:05:06 14:31:31 50569 414.4311
2019:05:06 14:31:31 51498 480.2383
2019:05:06 14:31:31 52283 497.8143
2019:05:06 14:31:31 53039 415.1464
2019:05:06 14:31:31 53857 347.8304
2019:05:06 14:31:31 54760 482.2984
2019:05:06 14:31:31 55503 441.7524
2019:05:06 14:31:31 56317 338.2079
2019:05:06 14:31:31 57203 493.8468
2019:05:06 14:31:31 57952 407.9677
2019:05:06 14:31:31 58766 347.1486
2019:05:06 14:31:31 59635 479.6498
2019:05:06 14:31:31 60369 726.7520
2019:05:06 14:31:31 61197 807.5982
2019:05:06 14:31:31 62022 416.9047
2019:05:06 14:31:31 62437 399.5635
2019:05:06 14:31:31 63689 776.7379
2019:05:06 14:31:31 64464 768.7882
2019:05:06 14:31:31 65290 790.9685
2019:05:06 14:31:31 66182 487.9422
2019:05:06 14:31:31 66551 360.8428
2019:05:06 14:31:31 67409 466.6746
2019:05:06 14:31:31 68192 418.5028
2019:05:06 14:31:31 69096 483.6880
2019:05:06 14:31:31 69836 441.8828
2019:05:06 14:31:31 70644 333.8568
2019:05:06 14:31:31 71541 499.6061
2019:05:06 14:31:31 72313 436.4885
2019:05:06 14:31:31 73091 423.6773
2019:05:06 14:31:31 73921 380.1621
2019:05:06 14:31:31 74795 490.1886
2019:05:06 14:31:31 75541 738.4196
2019:05:06 14:31:31 76018 461.0382
2019:05:06 14:31:31 76782 405.9039
2019:05:06 14:31:31 77985 765.7260
2019:05:06 14:31:31 78437 437.0771
2019:05:06 14:31:31 79243 324.9198
2019:05:06 14:31:31 80133 491.6005
2019:05:06 14:31:31 80861 720.1955
2019:05:06 14:31:31 81679 804.4504
2019:05:06 14:31:31 82597 490.9076
2019:05:06 14:31:31 83367 761.2891
2019:05:06 14:31:31 84142 767.6445
2019:05:06 14:31:31 85068 485.0924
2019:05:06 14:31:31 85804 728.8493
2019:05:06 14:31:31 86599 787.1315
2019:05:06 14:31:31 87492 479.5492
2019:05:06 14:31:31 88251 425.5734
2019:05:06 14:31:31 89070 358.9615
2019:05:06 14:31:31 89930 445.9433
2019:05:06 14:31:31 90690 752.2628
2019:05:06 14:31:31 91154 439.5694
2019:05:06 14:31:31 92397 770.3602
2019:05:06 14:31:31 93145 738.7139
2019:05:06 14:31:31 93966 803.0459
2019:05:06 14:31:31 94879 480.9089
2019:05:06 14:31:31 95613 423.9604
2019:05:06 14:31:31 96451 351.8201
2019:05:06 14:31:31 97312 478.3832
2019:05:06 14:31:31 98068 748.8765
2019:05:06 14:31:31 98537 454.1092
2019:05:06 14:31:31 99308 405.0694
2019:05:06 14:31:31 100513 777.5202
2019:05:06 14:31:31 100965 436.1495
2019:05:06 14:31:31 101766 318.6949
2019:05:06 14:31:31 102564 406.6452
2019:05:06 14:31:31 103003 421.6470
2019:05:06 14:31:31 103901 522.1181
2019:05:06 14:31:31 104644 443.5480
2019:05:06 14:31:31 105460 342.7044
2019:05:06 14:31:31 106351 499.2746
2019:05:06 14:31:31 107113 425.3834
2019:05:06 14:31:31 107915 361.3122
2019:05:06 14:31:31 108771 470.3812
2019:05:06 14:31:31 109528 749.9829
2019:05:06 14:31:31 110346 799.2983
2019:05:06 14:31:31 111200 447.0907
2019:05:06 14:31:31 111695 488.8363
2019:05:06 14:31:31 112464 452.5706
2019:05:06 14:31:31 113245 403.1360
2019:05:06 14:31:31 114060 356.9312
2019:05:06 14:31:31 114955 481.5459
2019:05:06 14:31:31 115701 437.9414
2019:05:06 14:31:31 116908 736.3521
2019:05:06 14:31:31 117408 491.5334
2019:05:06 14:31:31 118147 423.6102
2019:05:06 14:31:31 118967 350.3077
2019:05:06 14:31:31 119830 473.5403
2019:05:06 14:31:31 120590 751.8530
2019:05:06 14:31:31 121054 445.7161
2019:05:06 14:31:31 121827 411.4211
2019:05:06 14:31:31 123066 739.2056
2019:05:06 14:31:31 123846 774.1004
2019:05:06 14:31:31 124677 812.7317
2019:05:06 14:31:31 125528 443.6783
2019:05:06 14:31:31 126014 477.9808
2019:05:06 14:31:31 126759 433.4226
2019:05:06 14:31:31 127719 486.9625
2019:05:06 14:31:31 128453 482.2649
2019:05:06 14:31:31 129199 426.1024
2019:05:06 14:31:31 130002 318.4751
2019:05:06 14:31:31 130917 501.8786
2019:05:06 14:31:31 131654 413.6674
2019:05:06 14:31:31 132470 340.9162
2019:05:06 14:31:31 133351 487.5474
2019:05:06 14:31:31 134120 759.6202
2019:05:06 14:31:31 134922 793.5874
2019:05:06 14:31:31 135751 375.1889
2019:05:06 14:31:31 136157 298.0195
2019:05:06 14:31:31 137392 804.1523
2019:05:06 14:31:31 138182 783.1641
2019:05:06 14:31:31 139030 734.2361
2019:05:06 14:31:31 139833 794.7721
2019:05:06 14:31:31 140258 260.1147
2019:05:06 14:31:31 141469 741.6271
2019:05:06 14:31:31 141948 466.9689
2019:05:06 14:31:31 142702 420.2388
2019:05:06 14:31:31 143529 375.4348
2019:05:06 14:31:31 144369 443.3505
2019:05:06 14:31:31 145157 779.9752
2019:05:06 14:31:31 145992 400.4017
2019:05:06 14:31:31 146888 493.1465
2019:05:06 14:31:31 147632 425.4952
2019:05:06 14:31:31 148441 338.0589
