
# OSU MPI Allreduce Latency Test v5.6.1
# Size       Avg Latency(us)
4096                  902.44
2019:05:06 14:26:34 856897 828.2699
2019:05:06 14:26:34 858532 821.2663
2019:05:06 14:26:34 860168 823.0284
2019:05:06 14:26:34 861809 825.5914
2019:05:06 14:26:34 863446 824.9842
2019:05:06 14:26:34 865085 828.4748
2019:05:06 14:26:34 866723 824.8277
2019:05:06 14:26:34 868359 822.0524
2019:05:06 14:26:34 870003 828.3816
2019:05:06 14:26:34 871638 826.0347
2019:05:06 14:26:34 873277 828.3481
2019:05:06 14:26:34 874914 824.6601
2019:05:06 14:26:34 876550 822.1231
2019:05:06 14:26:34 878203 823.7176
2019:05:06 14:26:34 879834 828.8473
2019:05:06 14:26:34 881478 838.2052
2019:05:06 14:26:34 883111 828.8845
2019:05:06 14:26:34 884748 828.8771
2019:05:06 14:26:34 886389 826.1055
2019:05:06 14:26:34 888026 827.7409
2019:05:06 14:26:34 889668 834.6625
2019:05:06 14:26:34 891303 829.4471
2019:05:06 14:26:34 892940 826.6717
2019:05:06 14:26:34 894581 825.9155
2019:05:06 14:26:34 896219 830.6019
2019:05:06 14:26:34 897858 833.8094
2019:05:06 14:26:34 899493 828.7877
2019:05:06 14:26:34 901130 827.4652
2019:05:06 14:26:34 902771 828.7318
2019:05:06 14:26:34 904409 829.1416
2019:05:06 14:26:34 906050 834.1074
2019:05:06 14:26:34 907686 829.6482
2019:05:06 14:26:34 909321 827.1635
2019:05:06 14:26:34 910963 828.8957
2019:05:06 14:26:34 912601 829.6780
2019:05:06 14:26:34 914239 830.3598
2019:05:06 14:26:34 915877 829.2459
2019:05:06 14:26:34 917517 830.7211
2019:05:06 14:26:34 919155 829.4582
2019:05:06 14:26:34 920791 827.5397
2019:05:06 14:26:34 922430 829.5178
2019:05:06 14:26:34 924068 828.8212
2019:05:06 14:26:34 925708 830.0133
2019:05:06 14:26:34 927346 829.8829
2019:05:06 14:26:34 928984 829.1081
2019:05:06 14:26:34 930623 831.1272
2019:05:06 14:26:34 932259 827.7893
2019:05:06 14:26:34 933898 828.2699
2019:05:06 14:26:34 935538 829.6072
2019:05:06 14:26:34 937185 839.1328
2019:05:06 14:26:34 938814 827.5844
2019:05:06 14:26:34 940453 828.4710
2019:05:06 14:26:34 942093 832.2820
2019:05:06 14:26:34 943730 829.7972
2019:05:06 14:26:34 945370 831.9169
2019:05:06 14:26:34 947007 832.5502
2019:05:06 14:26:34 948644 828.2736
2019:05:06 14:26:34 950280 824.4663
2019:05:06 14:26:34 951921 829.0075
2019:05:06 14:26:34 953565 836.3351
2019:05:06 14:26:34 955197 824.6414
2019:05:06 14:26:34 956836 829.5067
2019:05:06 14:26:34 958472 825.1332
2019:05:06 14:26:34 960114 830.8999
2019:05:06 14:26:34 961753 832.2485
2019:05:06 14:26:34 963386 829.7823
2019:05:06 14:26:34 965028 829.6445
2019:05:06 14:26:34 966670 826.8654
2019:05:06 14:26:34 968304 829.4359
2019:05:06 14:26:34 969944 831.0005
2019:05:06 14:26:34 971580 831.7046
2019:05:06 14:26:34 973219 830.3411
2019:05:06 14:26:34 974855 826.8952
2019:05:06 14:26:34 976495 828.8696
2019:05:06 14:26:34 978138 833.9323
2019:05:06 14:26:34 979774 831.8797
2019:05:06 14:26:34 981413 831.7493
2019:05:06 14:26:34 983047 827.5025
2019:05:06 14:26:34 984687 829.7898
2019:05:06 14:26:34 986326 829.1714
2019:05:06 14:26:34 987964 832.6881
2019:05:06 14:26:34 989605 832.4273
2019:05:06 14:26:34 991238 826.6196
2019:05:06 14:26:34 992879 829.0000
2019:05:06 14:26:34 994516 825.6063
2019:05:06 14:26:34 996156 832.6285
2019:05:06 14:26:34 997795 830.3970
2019:05:06 14:26:34 999430 826.9623
2019:05:06 14:26:35 1071 829.3502
2019:05:06 14:26:35 2712 827.7111
2019:05:06 14:26:35 4347 831.9803
2019:05:06 14:26:35 5989 832.7924
2019:05:06 14:26:35 7620 826.0794
2019:05:06 14:26:35 9262 829.8680
2019:05:06 14:26:35 10898 827.6515
2019:05:06 14:26:35 12539 831.3097
2019:05:06 14:26:35 14180 830.1139
2019:05:06 14:26:35 15812 826.0943
2019:05:06 14:26:35 17457 833.3251
2019:05:06 14:26:35 19092 830.2294
2019:05:06 14:26:35 20731 832.9302
2019:05:06 14:26:35 22368 827.5881
2019:05:06 14:26:35 24005 827.2827
2019:05:06 14:26:35 25652 837.0578
2019:05:06 14:26:35 27283 819.5564
2019:05:06 14:26:35 28922 832.6359
2019:05:06 14:26:35 30560 827.3423
2019:05:06 14:26:35 32196 827.3050
2019:05:06 14:26:35 33839 832.2634
2019:05:06 14:26:35 35477 831.4773
2019:05:06 14:26:35 37115 832.7402
2019:05:06 14:26:35 38755 828.3220
2019:05:06 14:26:35 40389 828.4226
2019:05:06 14:26:35 42030 830.9931
2019:05:06 14:26:35 43667 827.0591
2019:05:06 14:26:35 45308 835.3963
2019:05:06 14:26:35 46945 829.9015
2019:05:06 14:26:35 48583 829.4173
2019:05:06 14:26:35 50223 819.0461
2019:05:06 14:26:35 51860 830.4529
2019:05:06 14:26:35 53502 836.3612
2019:05:06 14:26:35 55137 830.1288
2019:05:06 14:26:35 56773 828.5008
2019:05:06 14:26:35 58415 819.7799
2019:05:06 14:26:35 60050 828.8622
2019:05:06 14:26:35 61693 835.4411
2019:05:06 14:26:35 63331 825.3418
2019:05:06 14:26:35 64965 828.0538
2019:05:06 14:26:35 66605 830.1102
2019:05:06 14:26:35 68244 831.4326
2019:05:06 14:26:35 69884 834.4091
2019:05:06 14:26:35 71521 829.9761
2019:05:06 14:26:35 73156 827.7334
2019:05:06 14:26:35 74801 829.4880
2019:05:06 14:26:35 76436 831.5332
2019:05:06 14:26:35 78077 836.7635
2019:05:06 14:26:35 79712 830.8515
2019:05:06 14:26:35 81357 837.5943
2019:05:06 14:26:35 82989 830.8664
2019:05:06 14:26:35 84628 831.2985
2019:05:06 14:26:35 86267 830.4417
2019:05:06 14:26:35 87904 830.5162
2019:05:06 14:26:35 89543 831.7083
2019:05:06 14:26:35 91181 831.3842
2019:05:06 14:26:35 92820 831.9542
2019:05:06 14:26:35 94458 831.9989
2019:05:06 14:26:35 96095 830.7956
2019:05:06 14:26:35 97741 837.8103
2019:05:06 14:26:35 99372 828.2475
2019:05:06 14:26:35 101010 830.5945
2019:05:06 14:26:35 102649 832.6732
2019:05:06 14:26:35 104286 830.4641
2019:05:06 14:26:35 105926 831.1607
2019:05:06 14:26:35 107564 826.4519
2019:05:06 14:26:35 109203 828.5232
2019:05:06 14:26:35 111242 1228.1500
2019:05:06 14:26:35 112479 827.0331
2019:05:06 14:26:35 114117 829.9574
2019:05:06 14:26:35 115757 832.3267
2019:05:06 14:26:35 117396 832.5242
2019:05:06 14:26:35 119032 833.3959
2019:05:06 14:26:35 120671 832.0063
2019:05:06 14:26:35 122315 829.8643
2019:05:06 14:26:35 123949 825.2524
2019:05:06 14:26:35 125589 834.3495
2019:05:06 14:26:35 127223 833.0308
2019:05:06 14:26:35 128862 830.9186
2019:05:06 14:26:35 130498 826.7127
2019:05:06 14:26:35 132138 831.0489
2019:05:06 14:26:35 133782 835.5007
2019:05:06 14:26:35 135418 833.7237
2019:05:06 14:26:35 137054 826.9846
2019:05:06 14:26:35 138691 829.3279
2019:05:06 14:26:35 140329 819.2956
2019:05:06 14:26:35 141968 831.1160
2019:05:06 14:26:35 143607 833.9062
2019:05:06 14:26:35 145245 829.8904
2019:05:06 14:26:35 146881 826.0682
2019:05:06 14:26:35 148521 829.7190
2019:05:06 14:26:35 150161 831.5369
2019:05:06 14:26:35 151798 833.3139
2019:05:06 14:26:35 153440 834.5433
2019:05:06 14:26:35 155073 827.5732
2019:05:06 14:26:35 156713 830.5870
2019:05:06 14:26:35 158353 827.5658
2019:05:06 14:26:35 159989 827.6552
2019:05:06 14:26:35 161631 830.0357
2019:05:06 14:26:35 163265 828.9628
2019:05:06 14:26:35 164904 829.9649
2019:05:06 14:26:35 166543 828.3406
2019:05:06 14:26:35 168183 834.5805
2019:05:06 14:26:35 169824 834.0590
2019:05:06 14:26:35 171461 832.6545
2019:05:06 14:26:35 173098 831.2240
2019:05:06 14:26:35 174733 827.8638
2019:05:06 14:26:35 176372 832.1330
2019:05:06 14:26:35 178012 830.9484
2019:05:06 14:26:35 179650 831.0638
2019:05:06 14:26:35 181287 829.9053
2019:05:06 14:26:35 182926 828.0985
2019:05:06 14:26:35 184565 833.8057
2019:05:06 14:26:35 186203 827.6626
2019:05:06 14:26:35 187841 829.6333
2019:05:06 14:26:35 189484 835.1095
2019:05:06 14:26:35 191117 829.4508
2019:05:06 14:26:35 192755 831.2166
2019:05:06 14:26:35 194397 830.2592
2019:05:06 14:26:35 196031 825.3008
2019:05:06 14:26:35 197675 833.7349
2019:05:06 14:26:35 199310 831.2874
2019:05:06 14:26:35 200948 833.0010
2019:05:06 14:26:35 202586 827.3274
2019:05:06 14:26:35 204222 828.6461
2019:05:06 14:26:35 205870 837.4639
2019:05:06 14:26:35 207503 830.7137
2019:05:06 14:26:35 209139 832.3044
2019:05:06 14:26:35 210777 828.6126
2019:05:06 14:26:35 212411 825.8931
2019:05:06 14:26:35 214055 830.7025
2019:05:06 14:26:35 215695 832.7849
2019:05:06 14:26:35 217332 833.6008
2019:05:06 14:26:35 218969 827.5509
2019:05:06 14:26:35 220605 827.3013
2019:05:06 14:26:35 222244 820.7932
2019:05:06 14:26:35 223884 830.1623
2019:05:06 14:26:35 225534 843.5398
2019:05:06 14:26:35 227161 830.6988
2019:05:06 14:26:35 228798 821.1136
2019:05:06 14:26:35 230439 825.5951
2019:05:06 14:26:35 232075 826.8245
2019:05:06 14:26:35 233719 838.1866
2019:05:06 14:26:35 235355 832.1069
2019:05:06 14:26:35 236990 829.4396
2019:05:06 14:26:35 238629 829.2645
2019:05:06 14:26:35 240268 830.7584
2019:05:06 14:26:35 241911 838.2164
2019:05:06 14:26:35 243551 835.5118
2019:05:06 14:26:35 245181 828.4338
2019:05:06 14:26:35 246823 830.8440
2019:05:06 14:26:35 248459 830.4529
2019:05:06 14:26:35 250098 833.5114
2019:05:06 14:26:35 251735 829.4322
2019:05:06 14:26:35 253380 836.0706
2019:05:06 14:26:35 255413 1219.0081
2019:05:06 14:26:35 256654 830.1623
2019:05:06 14:26:35 258690 1225.2368
2019:05:06 14:26:35 259928 826.3886
2019:05:06 14:26:35 261569 834.0515
2019:05:06 14:26:35 263203 828.8063
2019:05:06 14:26:35 264843 831.2203
2019:05:06 14:26:35 266484 827.2156
2019:05:06 14:26:35 268120 827.3460
2019:05:06 14:26:35 269761 833.2133
2019:05:06 14:26:35 271397 827.5658
2019:05:06 14:26:35 273035 831.2017
2019:05:06 14:26:35 274672 830.8142
2019:05:06 14:26:35 276310 829.2198
2019:05:06 14:26:35 277955 834.9344
2019:05:06 14:26:35 279590 828.4487
2019:05:06 14:26:35 281228 832.0287
2019:05:06 14:26:35 282866 832.7700
2019:05:06 14:26:35 284504 831.6338
2019:05:06 14:26:35 286140 823.8293
2019:05:06 14:26:35 287779 829.5625
2019:05:06 14:26:35 289422 834.8413
2019:05:06 14:26:35 291457 1229.3160
2019:05:06 14:26:35 292695 826.5525
2019:05:06 14:26:35 294330 825.7665
2019:05:06 14:26:35 295972 831.8648
2019:05:06 14:26:35 297613 833.7609
2019:05:06 14:26:35 299246 831.5332
2019:05:06 14:26:35 300884 828.6089
2019:05:06 14:26:35 302525 825.9900
2019:05:06 14:26:35 304162 823.1588
2019:05:06 14:26:35 305803 832.1293
2019:05:06 14:26:35 307440 834.2937
2019:05:06 14:26:35 309078 830.7099
2019:05:06 14:26:35 310715 828.9218
2019:05:06 14:26:35 312355 831.8573
2019:05:06 14:26:35 313999 837.3335
2019:05:06 14:26:35 315630 821.1173
2019:05:06 14:26:35 317272 832.5428
2019:05:06 14:26:35 318907 828.4487
2019:05:06 14:26:35 320548 831.4624
2019:05:06 14:26:35 322186 831.1011
2019:05:06 14:26:35 323825 834.5991
2019:05:06 14:26:35 325464 832.0510
2019:05:06 14:26:35 327097 824.0081
2019:05:06 14:26:35 328739 828.0352
2019:05:06 14:26:35 330377 828.0389
2019:05:06 14:26:35 332016 834.8785
2019:05:06 14:26:35 333658 833.6045
2019:05:06 14:26:35 335289 827.4131
2019:05:06 14:26:35 336932 831.7940
2019:05:06 14:26:35 338572 829.9015
2019:05:06 14:26:35 340207 825.1481
2019:05:06 14:26:35 341846 828.8473
2019:05:06 14:26:35 343482 826.0906
2019:05:06 14:26:35 345521 1227.0808
2019:05:06 14:26:35 346768 833.9658
2019:05:06 14:26:35 348794 818.1110
2019:05:06 14:26:35 350851 1234.3973
2019:05:06 14:26:35 352480 1216.4935
2019:05:06 14:26:35 353714 820.1189
2019:05:06 14:26:35 355356 823.8703
2019:05:06 14:26:35 357400 1225.2741
2019:05:06 14:26:35 359052 1238.6292
2019:05:06 14:26:35 360686 1229.8040
2019:05:06 14:26:35 361918 1222.8452
2019:05:06 14:26:35 363563 836.1489
2019:05:06 14:26:35 365588 1633.8788
2019:05:06 14:26:35 366836 838.2872
2019:05:06 14:26:35 368465 1227.5241
2019:05:06 14:26:35 370113 829.4024
2019:05:06 14:26:35 371745 833.2580
2019:05:06 14:26:35 373396 846.1662
2019:05:06 14:26:35 375825 1214.9774
2019:05:06 14:26:35 377070 833.2394
2019:05:06 14:26:35 378699 821.6128
2019:05:06 14:26:35 380334 813.9350
2019:05:06 14:26:35 382374 1218.1774
2019:05:06 14:26:35 384019 1220.2598
2019:05:06 14:26:35 385670 1241.6728
2019:05:06 14:26:35 386892 822.9204
2019:05:06 14:26:35 388518 811.5210
2019:05:06 14:26:35 390169 821.9294
2019:05:06 14:26:35 391806 823.6729
2019:05:06 14:26:35 393043 829.9798
2019:05:06 14:26:35 394684 835.4001
2019:05:06 14:26:35 396718 819.4782
2019:05:06 14:26:35 398356 1235.0492
2019:05:06 14:26:35 400013 841.6064
2019:05:06 14:26:35 402044 1237.4856
2019:05:06 14:26:35 403273 827.3050
2019:05:06 14:26:35 404907 1215.9683
2019:05:06 14:26:35 406550 1225.9334
2019:05:06 14:26:35 407787 827.9197
2019:05:06 14:26:35 409428 832.8743
2019:05:06 14:26:35 411059 823.7325
2019:05:06 14:26:35 412701 827.6030
2019:05:06 14:26:35 414338 823.7176
2019:05:06 14:26:35 415977 833.3474
2019:05:06 14:26:35 417619 827.5546
2019:05:06 14:26:35 419253 828.3928
2019:05:06 14:26:35 420891 827.9122
2019:05:06 14:26:35 422535 830.4790
2019:05:06 14:26:35 424169 827.9569
2019:05:06 14:26:35 425809 831.6338
2019:05:06 14:26:35 427442 826.1129
2019:05:06 14:26:35 429084 830.5162
2019:05:06 14:26:35 430722 829.7637
2019:05:06 14:26:35 432360 832.5092
2019:05:06 14:26:35 434006 837.5011
2019:05:06 14:26:35 435632 824.1385
2019:05:06 14:26:35 437275 825.9900
2019:05:06 14:26:35 438913 829.1639
2019:05:06 14:26:35 440552 833.1165
2019:05:06 14:26:35 442189 827.3832
2019:05:06 14:26:35 443825 827.2044
2019:05:06 14:26:35 445473 835.9551
2019:05:06 14:26:35 447108 832.0883
2019:05:06 14:26:35 448746 828.1395
2019:05:06 14:26:35 450381 827.3572
2019:05:06 14:26:35 452017 827.4056
2019:05:06 14:26:35 453661 833.2357
2019:05:06 14:26:35 455296 830.1511
2019:05:06 14:26:35 456935 832.4012
2019:05:06 14:26:35 458578 828.5642
2019:05:06 14:26:35 460209 824.0193
2019:05:06 14:26:35 461851 830.7546
2019:05:06 14:26:35 463489 831.1234
2019:05:06 14:26:35 465127 832.7365
2019:05:06 14:26:35 466765 828.7169
2019:05:06 14:26:35 468401 827.1709
2019:05:06 14:26:35 470049 837.5123
2019:05:06 14:26:35 471681 830.3858
2019:05:06 14:26:35 473318 826.0012
2019:05:06 14:26:35 474956 829.0485
2019:05:06 14:26:35 476592 827.4429
2019:05:06 14:26:35 478234 828.3965
2019:05:06 14:26:35 479871 829.6371
2019:05:06 14:26:35 481512 834.3831
2019:05:06 14:26:35 483150 829.5812
2019:05:06 14:26:35 484782 825.3902
2019:05:06 14:26:35 486425 827.7409
2019:05:06 14:26:35 488061 828.8920
2019:05:06 14:26:35 489704 834.6029
2019:05:06 14:26:35 491340 830.4231
2019:05:06 14:26:35 492975 827.0442
2019:05:06 14:26:35 494617 826.1539
2019:05:06 14:26:35 496255 826.4594
2019:05:06 14:26:35 497894 832.8073
2019:05:06 14:26:35 499530 829.1639
2019:05:06 14:26:35 501165 825.3753
2019:05:06 14:26:35 502808 829.3353
2019:05:06 14:26:35 504447 829.6296
2019:05:06 14:26:35 506089 836.6518
2019:05:06 14:26:35 507722 828.4338
2019:05:06 14:26:35 509358 826.7201
2019:05:06 14:26:35 511001 830.7584
2019:05:06 14:26:35 512641 833.5598
2019:05:06 14:26:35 514281 830.8180
2019:05:06 14:26:35 516315 1226.7679
2019:05:06 14:26:35 517953 1225.8291
2019:05:06 14:26:35 519200 828.5455
2019:05:06 14:26:35 521238 832.4757
2019:05:06 14:26:35 523274 1222.4801
2019:05:06 14:26:35 524500 1218.1550
2019:05:06 14:26:35 526161 841.2264
2019:05:06 14:26:35 527786 1221.8319
2019:05:06 14:26:35 529836 1232.9221
2019:05:06 14:26:35 531480 1235.8092
2019:05:06 14:26:35 533108 1223.9404
2019:05:06 14:26:35 534740 1621.2836
2019:05:06 14:26:35 535972 1214.1690
2019:05:06 14:26:35 538018 1223.4040
2019:05:06 14:26:35 539662 1623.5523
2019:05:06 14:26:35 540916 847.1571
2019:05:06 14:26:35 542541 1234.7884
2019:05:06 14:26:35 544171 1222.2342
2019:05:06 14:26:35 546214 1225.1921
2019:05:06 14:26:35 548257 1223.8733
2019:05:06 14:26:35 549102 836.6667
2019:05:06 14:26:35 551129 1227.7998
2019:05:06 14:26:35 552762 1221.3998
2019:05:06 14:26:35 554408 822.1120
2019:05:06 14:26:35 555647 830.8031
2019:05:06 14:26:35 557687 829.6482
2019:05:06 14:26:35 559730 1234.7400
2019:05:06 14:26:35 560970 825.3790
2019:05:06 14:26:35 563001 1229.0142
2019:05:06 14:26:35 564648 1227.6955
2019:05:06 14:26:35 565901 1242.5669
2019:05:06 14:26:35 567929 828.7318
2019:05:06 14:26:35 569561 1623.2505
2019:05:06 14:26:35 571198 1226.6971
2019:05:06 14:26:35 572443 1220.8782
2019:05:06 14:26:35 574478 825.7665
2019:05:06 14:26:35 576119 1584.4367
2019:05:06 14:26:35 577355 826.6345
2019:05:06 14:26:35 579795 1619.4098
2019:05:06 14:26:35 581021 1216.4600
2019:05:06 14:26:35 582668 1209.1324
2019:05:06 14:26:35 584303 1228.7013
2019:05:06 14:26:35 585552 828.0464
2019:05:06 14:26:35 587171 816.3191
2019:05:06 14:26:35 589219 1218.1103
2019:05:06 14:26:35 590861 1223.7169
2019:05:06 14:26:35 592492 1218.7511
2019:05:06 14:26:35 593736 829.7414
2019:05:06 14:26:35 595769 1219.3024
2019:05:06 14:26:35 597019 831.3395
2019:05:06 14:26:35 598647 825.5057
2019:05:06 14:26:35 600685 1223.1097
2019:05:06 14:26:35 602331 1228.5411
2019:05:06 14:26:35 603563 824.8165
2019:05:06 14:26:35 605606 1226.4773
2019:05:06 14:26:35 606850 832.6136
2019:05:06 14:26:35 608875 1222.5211
2019:05:06 14:26:35 610923 1628.7863
2019:05:06 14:26:35 612163 1226.7716
2019:05:06 14:26:35 613800 828.8324
2019:05:06 14:26:35 615836 1209.6018
2019:05:06 14:26:35 617075 827.3870
2019:05:06 14:26:35 619124 1232.2739
2019:05:06 14:26:35 620758 1220.3716
2019:05:06 14:26:35 622802 1619.7190
2019:05:06 14:26:35 624030 1214.1652
2019:05:06 14:26:35 625735 1275.6027
2019:05:06 14:26:35 627316 1234.0359
2019:05:06 14:26:35 628953 1221.5748
2019:05:06 14:26:35 630588 1215.0109
2019:05:06 14:26:35 631827 827.1970
2019:05:06 14:26:35 633461 824.2317
2019:05:06 14:26:35 635498 1216.9518
2019:05:06 14:26:35 636742 829.6110
2019:05:06 14:26:35 638381 827.3274
2019:05:06 14:26:35 640411 1214.1950
2019:05:06 14:26:35 641663 831.2650
2019:05:06 14:26:35 643301 834.3346
2019:05:06 14:26:35 644933 824.9991
2019:05:06 14:26:35 646576 823.5574
2019:05:06 14:26:35 648212 831.3023
2019:05:06 14:26:35 649853 833.6753
2019:05:06 14:26:35 651882 1221.3662
2019:05:06 14:26:35 653126 825.3865
2019:05:06 14:26:35 654760 825.3567
2019:05:06 14:26:35 656401 828.9851
2019:05:06 14:26:35 658040 828.3518
2019:05:06 14:26:35 659677 830.8701
2019:05:06 14:26:35 661318 830.6429
2019:05:06 14:26:35 662952 824.3322
2019:05:06 14:26:35 664594 829.6929
2019:05:06 14:26:35 666231 826.0161
2019:05:06 14:26:35 667870 832.3640
2019:05:06 14:26:35 669513 832.9116
2019:05:06 14:26:35 671145 823.5089
2019:05:06 14:26:35 672792 833.3065
2019:05:06 14:26:35 674426 826.3104
2019:05:06 14:26:35 676063 829.3167
2019:05:06 14:26:35 678505 1629.5202
2019:05:06 14:26:35 679339 824.4812
2019:05:06 14:26:35 681371 1211.5315
2019:05:06 14:26:35 682617 824.3993
2019:05:06 14:26:35 684254 831.7083
2019:05:06 14:26:35 685896 832.1889
2019:05:06 14:26:35 687534 831.7716
2019:05:06 14:26:35 689169 826.6866
2019:05:06 14:26:35 690806 826.7425
2019:05:06 14:26:35 692445 832.0436
2019:05:06 14:26:35 694088 834.1782
2019:05:06 14:26:35 695719 823.4605
2019:05:06 14:26:35 697369 838.3989
2019:05:06 14:26:35 699000 828.2177
2019:05:06 14:26:35 700637 831.6077
2019:05:06 14:26:35 702276 826.3998
2019:05:06 14:26:35 703912 827.8862
2019:05:06 14:26:35 705563 836.1861
2019:05:06 14:26:35 707190 825.7031
2019:05:06 14:26:35 708831 831.0378
2019:05:06 14:26:35 710471 827.6999
2019:05:06 14:26:35 712500 1218.1811
2019:05:06 14:26:35 714144 1223.3481
2019:05:06 14:26:35 715384 832.1106
2019:05:06 14:26:35 717418 1218.4270
2019:05:06 14:26:35 718659 827.5807
2019:05:06 14:26:35 720295 827.4280
2019:05:06 14:26:35 722336 1225.0580
2019:05:06 14:26:35 723975 1225.7285
2019:05:06 14:26:35 725616 1232.9184
2019:05:06 14:26:35 726852 828.9702
2019:05:06 14:26:35 728487 828.5940
2019:05:06 14:26:35 730128 831.0080
2019:05:06 14:26:35 731764 828.2401
2019:05:06 14:26:35 733409 838.2536
2019:05:06 14:26:35 735447 1229.8971
2019:05:06 14:26:35 736678 822.6149
2019:05:06 14:26:35 738317 826.3551
2019:05:06 14:26:35 739958 830.9111
2019:05:06 14:26:35 741599 835.4522
2019:05:06 14:26:35 743234 831.1979
2019:05:06 14:26:35 744870 828.2214
2019:05:06 14:26:35 746516 832.7030
2019:05:06 14:26:35 748548 1218.2519
2019:05:06 14:26:35 749790 831.3134
2019:05:06 14:26:35 751425 828.7691
2019:05:06 14:26:35 753064 828.9143
2019:05:06 14:26:35 754700 828.2699
2019:05:06 14:26:35 756351 840.5261
2019:05:06 14:26:35 758381 1229.7891
2019:05:06 14:26:35 760420 1624.2638
2019:05:06 14:26:35 761257 824.1609
2019:05:06 14:26:35 763287 1218.2631
2019:05:06 14:26:35 764540 834.3123
2019:05:06 14:26:35 766180 841.9640
2019:05:06 14:26:35 767813 834.5582
2019:05:06 14:26:35 769854 831.5258
2019:05:06 14:26:35 771136 469.5095
2019:05:06 14:26:35 772730 832.7849
2019:05:06 14:26:35 774369 832.0659
2019:05:06 14:26:35 776408 1235.4180
2019:05:06 14:26:35 778049 835.2511
2019:05:06 14:26:35 779681 818.3122
2019:05:06 14:26:35 781324 830.2703
2019:05:06 14:26:35 782963 828.7951
2019:05:06 14:26:35 784601 827.8228
2019:05:06 14:26:35 786240 820.4803
2019:05:06 14:26:35 787878 829.0932
2019:05:06 14:26:35 789521 834.3756
2019:05:06 14:26:35 791155 830.8515
2019:05:06 14:26:35 792792 831.9654
2019:05:06 14:26:35 794435 829.8419
2019:05:06 14:26:35 796069 817.0977
2019:05:06 14:26:35 797712 831.0303
2019:05:06 14:26:35 799348 831.4624
2019:05:06 14:26:35 800987 834.2676
2019:05:06 14:26:35 802623 829.9537
2019:05:06 14:26:35 804270 838.9689
2019:05:06 14:26:35 805902 832.4943
2019:05:06 14:26:35 807543 832.4683
2019:05:06 14:26:35 809178 834.7034
2019:05:06 14:26:35 810815 830.2815
2019:05:06 14:26:35 812449 826.6605
2019:05:06 14:26:35 814090 828.8696
2019:05:06 14:26:35 815730 831.0676
2019:05:06 14:26:35 817372 837.4937
2019:05:06 14:26:35 819006 827.4391
2019:05:06 14:26:35 820640 826.3439
2019:05:06 14:26:35 822284 828.1171
2019:05:06 14:26:35 823919 822.3131
2019:05:06 14:26:35 825562 835.2436
2019:05:06 14:26:35 827198 829.9351
2019:05:06 14:26:35 828835 829.4620
2019:05:06 14:26:35 830475 824.8053
2019:05:06 14:26:35 832113 826.8580
2019:05:06 14:26:35 833755 836.1451
2019:05:06 14:26:35 835391 831.5928
2019:05:06 14:26:35 837024 827.1933
2019:05:06 14:26:35 838665 828.2661
2019:05:06 14:26:35 840304 830.4156
2019:05:06 14:26:35 841950 839.6097
2019:05:06 14:26:35 843585 832.8632
2019:05:06 14:26:35 845217 827.0405
2019:05:06 14:26:35 846859 826.4557
2019:05:06 14:26:35 848498 827.8005
2019:05:06 14:26:35 850135 833.0196
2019:05:06 14:26:35 851774 830.8813
2019:05:06 14:26:35 853416 835.7167
2019:05:06 14:26:35 855052 831.1458
2019:05:06 14:26:35 856688 831.4177
2019:05:06 14:26:35 858326 829.4284
2019:05:06 14:26:35 859965 830.6876
2019:05:06 14:26:35 861604 831.3544
2019:05:06 14:26:35 863239 828.5455
2019:05:06 14:26:35 864879 830.3113
2019:05:06 14:26:35 866523 831.0564
2019:05:06 14:26:35 868156 822.8458
2019:05:06 14:26:35 869794 830.3970
2019:05:06 14:26:35 871433 830.4603
2019:05:06 14:26:35 873071 830.7472
2019:05:06 14:26:35 874710 831.6748
2019:05:06 14:26:35 876347 829.3726
2019:05:06 14:26:35 877992 836.1302
2019:05:06 14:26:35 879625 824.9357
2019:05:06 14:26:35 881263 830.5907
2019:05:06 14:26:35 882902 833.4517
2019:05:06 14:26:35 884539 829.6892
2019:05:06 14:26:35 886174 825.9676
2019:05:06 14:26:35 887818 832.2150
2019:05:06 14:26:35 889461 837.9258
2019:05:06 14:26:35 891097 831.5742
2019:05:06 14:26:35 892733 832.1516
2019:05:06 14:26:35 894367 825.3008
2019:05:06 14:26:35 896009 831.3507
2019:05:06 14:26:35 897649 833.6864
2019:05:06 14:26:35 899284 833.1574
2019:05:06 14:26:35 900924 830.6541
2019:05:06 14:26:35 902561 824.8724
2019:05:06 14:26:35 904200 823.5984
2019:05:06 14:26:35 905841 833.6157
2019:05:06 14:26:35 907476 833.6715
2019:05:06 14:26:35 909112 828.4152
2019:05:06 14:26:35 910748 826.4221
2019:05:06 14:26:35 912389 829.2347
2019:05:06 14:26:35 914040 841.9901
2019:05:06 14:26:35 915664 829.9388
2019:05:06 14:26:35 917303 828.5828
2019:05:06 14:26:35 918940 826.2396
2019:05:06 14:26:35 920582 830.8366
2019:05:06 14:26:35 922219 828.2140
2019:05:06 14:26:35 923858 832.3267
2019:05:06 14:26:35 925499 832.0771
2019:05:06 14:26:35 927136 829.4284
2019:05:06 14:26:35 928774 831.1570
2019:05:06 14:26:35 930410 825.9527
2019:05:06 14:26:35 932048 831.1905
2019:05:06 14:26:35 933689 830.9893
2019:05:06 14:26:35 935323 826.8356
2019:05:06 14:26:35 936963 828.6536
2019:05:06 14:26:35 938606 828.4785
2019:05:06 14:26:35 940241 824.6414
2019:05:06 14:26:35 941888 835.2548
2019:05:06 14:26:35 943511 819.4260
2019:05:06 14:26:35 945157 826.6941
2019:05:06 14:26:35 946795 817.7571
2019:05:06 14:26:35 948433 832.8520
2019:05:06 14:26:35 950076 834.5433
2019:05:06 14:26:35 951707 826.9660
2019:05:06 14:26:35 953352 834.2639
2019:05:06 14:26:35 954986 828.2140
2019:05:06 14:26:35 956624 832.2969
2019:05:06 14:26:35 958261 824.3471
2019:05:06 14:26:35 959896 825.1145
2019:05:06 14:26:35 961545 835.0834
2019:05:06 14:26:35 963179 827.5323
2019:05:06 14:26:35 964817 833.7945
2019:05:06 14:26:35 966855 1223.5455
2019:05:06 14:26:35 968086 819.6905
2019:05:06 14:26:35 970124 1215.6963
2019:05:06 14:26:35 971364 816.5613
2019:05:06 14:26:35 973414 1237.2434
2019:05:06 14:26:35 975051 1227.1106
2019:05:06 14:26:35 976273 808.0788
2019:05:06 14:26:35 977909 813.6220
2019:05:06 14:26:35 979553 820.5809
2019:05:06 14:26:35 980802 839.3936
2019:05:06 14:26:35 982430 825.8075
2019:05:06 14:26:35 984466 822.1567
2019:05:06 14:26:35 986123 1242.5669
2019:05:06 14:26:35 987757 827.6962
2019:05:06 14:26:35 989793 1231.3947
2019:05:06 14:26:35 991430 1224.8866
2019:05:06 14:26:35 993063 1221.8431
2019:05:06 14:26:35 994315 830.0915
2019:05:06 14:26:35 996340 1222.6328
2019:05:06 14:26:35 997987 1231.5996
2019:05:06 14:26:35 999223 830.6727
2019:05:06 14:26:36 859 819.4447
2019:05:06 14:26:36 2897 1220.7665
2019:05:06 14:26:36 4145 834.8227
2019:05:06 14:26:36 5789 842.9661
2019:05:06 14:26:36 7814 1226.6524
2019:05:06 14:26:36 9450 1224.7637
2019:05:06 14:26:36 10687 821.9518
2019:05:06 14:26:36 12323 823.9970
2019:05:06 14:26:36 13977 840.0641
2019:05:06 14:26:36 16006 1227.1851
2019:05:06 14:26:36 17647 1230.0722
2019:05:06 14:26:36 18885 828.2848
2019:05:06 14:26:36 20524 832.2150
2019:05:06 14:26:36 22561 1232.7284
2019:05:06 14:26:36 23794 826.1055
2019:05:06 14:26:36 25445 836.2047
2019:05:06 14:26:36 27471 1218.7324
2019:05:06 14:26:36 28720 834.4539
2019:05:06 14:26:36 30353 831.9020
2019:05:06 14:26:36 32399 836.0893
2019:05:06 14:26:36 34035 822.0375
2019:05:06 14:26:36 36071 1221.7127
2019:05:06 14:26:36 37309 829.2049
2019:05:06 14:26:36 38956 823.6021
2019:05:06 14:26:36 40590 833.4182
2019:05:06 14:26:36 42228 825.7143
2019:05:06 14:26:36 43872 833.4368
2019:05:06 14:26:36 45509 834.6811
2019:05:06 14:26:36 47543 1220.7963
2019:05:06 14:26:36 48781 829.7190
2019:05:06 14:26:36 50418 824.8687
2019:05:06 14:26:36 52054 823.0582
2019:05:06 14:26:36 53698 828.9963
2019:05:06 14:26:36 55333 829.4024
2019:05:06 14:26:36 56970 830.6727
2019:05:06 14:26:36 58611 824.1534
2019:05:06 14:26:36 60245 822.4435
2019:05:06 14:26:36 61892 831.8499
2019:05:06 14:26:36 63524 828.7951
2019:05:06 14:26:36 65164 832.6210
2019:05:06 14:26:36 66802 829.0634
2019:05:06 14:26:36 68436 825.5057
2019:05:06 14:26:36 70473 1220.3641
2019:05:06 14:26:36 71728 836.9759
2019:05:06 14:26:36 73367 844.3743
2019:05:06 14:26:36 75396 1224.0820
2019:05:06 14:26:36 77044 834.9493
2019:05:06 14:26:36 78277 829.4992
2019:05:06 14:26:36 80316 832.5502
2019:05:06 14:26:36 81962 1242.0341
2019:05:06 14:26:36 83581 1602.8062
2019:05:06 14:26:36 85218 1607.8092
2019:05:06 14:26:36 86452 1214.7687
2019:05:06 14:26:36 88497 1226.1719
2019:05:06 14:26:36 89737 1222.8787
2019:05:06 14:26:36 91770 1609.9922
2019:05:06 14:26:36 93424 1235.7011
2019:05:06 14:26:36 95055 1224.2049
2019:05:06 14:26:36 96695 1633.9682
2019:05:06 14:26:36 98341 1244.3773
2019:05:06 14:26:36 99968 1620.2480
2019:05:06 14:26:36 101204 1217.3429
2019:05:06 14:26:36 103242 1223.6796
2019:05:06 14:26:36 104883 1623.1872
2019:05:06 14:26:36 106527 1240.8830
2019:05:06 14:26:36 108156 1211.1813
2019:05:06 14:26:36 109394 1225.1511
2019:05:06 14:26:36 111436 1222.9942
2019:05:06 14:26:36 112679 823.9225
2019:05:06 14:26:36 114301 1217.1566
2019:05:06 14:26:36 116346 1222.9383
2019:05:06 14:26:36 117572 1216.2663
2019:05:06 14:26:36 119628 1226.3581
2019:05:06 14:26:36 120856 822.3429
2019:05:06 14:26:36 122902 1230.2101
2019:05:06 14:26:36 124127 1214.5825
2019:05:06 14:26:36 125777 1226.6226
2019:05:06 14:26:36 127418 1233.9279
2019:05:06 14:26:36 129057 1231.6555
2019:05:06 14:26:36 131098 1620.9148
2019:05:06 14:26:36 132734 1232.3596
2019:05:06 14:26:36 134374 1620.2964
2019:05:06 14:26:36 135626 842.7203
2019:05:06 14:26:36 137249 1236.5878
2019:05:06 14:26:36 138890 1231.9237
2019:05:06 14:26:36 140932 1231.8231
2019:05:06 14:26:36 142167 828.6685
2019:05:06 14:26:36 144202 1223.9106
2019:05:06 14:26:36 145456 838.4511
2019:05:06 14:26:36 147085 832.1889
2019:05:06 14:26:36 148721 833.6045
2019:05:06 14:26:36 150766 832.2150
2019:05:06 14:26:36 152804 1219.8575
2019:05:06 14:26:36 154443 1221.3998
2019:05:06 14:26:36 156483 1616.5338
2019:05:06 14:26:36 157726 1233.9391
2019:05:06 14:26:36 159359 1218.6877
2019:05:06 14:26:36 160604 835.6571
2019:05:06 14:26:36 162239 831.8014
2019:05:06 14:26:36 163881 838.0301
2019:05:06 14:26:36 165525 848.4721
2019:05:06 14:26:36 167558 834.0850
2019:05:06 14:26:36 168792 838.5442
2019:05:06 14:26:36 170482 478.7669
2019:05:06 14:26:36 172467 819.6533
2019:05:06 14:26:36 174103 818.8188
2019:05:06 14:26:36 176146 1231.0147
2019:05:06 14:26:36 177793 1226.3805
2019:05:06 14:26:36 179429 1219.6302
2019:05:06 14:26:36 180669 824.4775
2019:05:06 14:26:36 182304 824.7234
2019:05:06 14:26:36 183943 832.2299
2019:05:06 14:26:36 185589 834.6960
2019:05:06 14:26:36 187218 827.1970
2019:05:06 14:26:36 188859 830.8291
2019:05:06 14:26:36 190892 1215.2381
2019:05:06 14:26:36 192136 825.5914
2019:05:06 14:26:36 193776 831.1756
2019:05:06 14:26:36 195411 828.0165
2019:05:06 14:26:36 197051 830.9446
2019:05:06 14:26:36 198689 827.9048
2019:05:06 14:26:36 200327 833.0755
2019:05:06 14:26:36 201971 834.9828
2019:05:06 14:26:36 203997 1219.5632
2019:05:06 14:26:36 205244 827.8079
2019:05:06 14:26:36 206878 827.1225
2019:05:06 14:26:36 208517 831.3619
2019:05:06 14:26:36 210157 829.7898
2019:05:06 14:26:36 211791 825.7478
2019:05:06 14:26:36 213441 838.2797
2019:05:06 14:26:36 215075 830.2741
2019:05:06 14:26:36 216709 828.0091
2019:05:06 14:26:36 218350 824.9469
2019:05:06 14:26:36 219982 825.6435
2019:05:06 14:26:36 221628 832.5838
2019:05:06 14:26:36 223265 827.5881
2019:05:06 14:26:36 224910 837.1212
2019:05:06 14:26:36 226941 1220.9304
2019:05:06 14:26:36 228586 1228.1686
2019:05:06 14:26:36 229817 830.1474
2019:05:06 14:26:36 231464 835.7540
2019:05:06 14:26:36 233095 830.1921
2019:05:06 14:26:36 234730 827.6179
2019:05:06 14:26:36 236366 826.3774
2019:05:06 14:26:36 238018 838.9615
2019:05:06 14:26:36 240041 1220.7329
2019:05:06 14:26:36 241285 832.9488
2019:05:06 14:26:36 242923 829.1975
2019:05:06 14:26:36 244559 827.7930
2019:05:06 14:26:36 246200 828.5344
2019:05:06 14:26:36 247837 828.2922
2019:05:06 14:26:36 249483 838.9093
2019:05:06 14:26:36 251919 1628.5256
2019:05:06 14:26:36 252755 822.9576
2019:05:06 14:26:36 254790 1214.2509
2019:05:06 14:26:36 256030 829.6259
2019:05:06 14:26:36 258062 1222.1932
2019:05:06 14:26:36 259304 827.5025
2019:05:06 14:26:36 260942 827.3721
2019:05:06 14:26:36 262588 829.2869
2019:05:06 14:26:36 264222 823.5052
2019:05:06 14:26:36 265863 831.7940
2019:05:06 14:26:36 267496 827.1225
2019:05:06 14:26:36 269134 824.5930
2019:05:06 14:26:36 270773 827.3609
2019:05:06 14:26:36 272411 826.9921
2019:05:06 14:26:36 274054 834.9270
2019:05:06 14:26:36 275690 828.5679
2019:05:06 14:26:36 277326 824.2168
2019:05:06 14:26:36 278968 830.2033
2019:05:06 14:26:36 280603 827.9234
2019:05:06 14:26:36 282241 828.8696
2019:05:06 14:26:36 283879 828.2736
2019:05:06 14:26:36 285527 835.7018
2019:05:06 14:26:36 287550 1216.6463
2019:05:06 14:26:36 289197 1225.6429
2019:05:06 14:26:36 290436 830.5386
2019:05:06 14:26:36 292073 828.8473
2019:05:06 14:26:36 293713 831.5146
2019:05:06 14:26:36 295351 825.7478
2019:05:06 14:26:36 296987 829.5886
2019:05:06 14:26:36 299027 1222.8452
2019:05:06 14:26:36 301068 1625.8806
2019:05:06 14:26:36 301907 829.7190
2019:05:06 14:26:36 303940 1216.8027
2019:05:06 14:26:36 305189 835.5007
2019:05:06 14:26:36 306825 834.4427
2019:05:06 14:26:36 308460 834.1335
2019:05:06 14:26:36 310503 1233.8236
2019:05:06 14:26:36 312138 818.5245
2019:05:06 14:26:36 314179 1220.3828
2019:05:06 14:26:36 315819 1222.9010
2019:05:06 14:26:36 317452 1223.9031
2019:05:06 14:26:36 319100 1228.8317
2019:05:06 14:26:36 320734 1227.3677
2019:05:06 14:26:36 322372 1226.1532
2019:05:06 14:26:36 324011 1224.8866
2019:05:06 14:26:36 325255 837.7694
2019:05:06 14:26:36 326892 833.7907
2019:05:06 14:26:36 328525 828.1060
2019:05:06 14:26:36 330562 821.7432
2019:05:06 14:26:36 331809 825.7627
2019:05:06 14:26:36 333451 836.4357
2019:05:06 14:26:36 335894 1237.4930
2019:05:06 14:26:36 337110 817.1014
2019:05:06 14:26:36 338748 808.7866
2019:05:06 14:26:36 340400 825.9602
2019:05:06 14:26:36 342041 828.3891
2019:05:06 14:26:36 343686 836.2047
2019:05:06 14:26:36 345721 1225.5125
2019:05:06 14:26:36 347358 1220.0363
2019:05:06 14:26:36 348993 1219.8575
2019:05:06 14:26:36 350232 825.7069
2019:05:06 14:26:36 352266 1221.3737
2019:05:06 14:26:36 354313 1630.0343
2019:05:06 14:26:36 355151 827.5546
2019:05:06 14:26:36 357180 1212.0530
2019:05:06 14:26:36 358436 836.6406
2019:05:06 14:26:36 360075 837.6837
2019:05:06 14:26:36 361709 837.1808
2019:05:06 14:26:36 363343 829.0671
2019:05:06 14:26:36 364990 841.2600
2019:05:06 14:26:36 367010 817.4777
2019:05:06 14:26:36 368660 825.2338
2019:05:06 14:26:36 370301 1226.4252
2019:05:06 14:26:36 371944 824.0752
2019:05:06 14:26:36 373564 1221.2023
2019:05:06 14:26:36 375206 821.0875
2019:05:06 14:26:36 376844 817.4255
2019:05:06 14:26:36 378493 827.9122
2019:05:06 14:26:36 380531 1222.2193
2019:05:06 14:26:36 382169 1219.0342
2019:05:06 14:26:36 383413 823.9932
2019:05:06 14:26:36 385444 1222.2715
2019:05:06 14:26:36 386693 835.8806
2019:05:06 14:26:36 388330 832.6061
2019:05:06 14:26:36 389964 830.6876
2019:05:06 14:26:36 391999 1224.2794
2019:05:06 14:26:36 393239 829.3092
2019:05:06 14:26:36 394889 839.0322
2019:05:06 14:26:36 396520 833.2022
2019:05:06 14:26:36 398164 833.6939
2019:05:06 14:26:36 400191 820.1525
2019:05:06 14:26:36 401437 834.9195
2019:05:06 14:26:36 403470 1229.7034
2019:05:06 14:26:36 404708 825.7292
2019:05:06 14:26:36 406344 824.1720
2019:05:06 14:26:36 407992 831.4475
2019:05:06 14:26:36 409627 833.6529
2019:05:06 14:26:36 411270 838.0190
2019:05:06 14:26:36 412898 824.7383
2019:05:06 14:26:36 414536 825.9155
2019:05:06 14:26:36 416177 830.9819
2019:05:06 14:26:36 418216 1227.1367
2019:05:06 14:26:36 419854 1228.0345
2019:05:06 14:26:36 421094 831.7232
2019:05:06 14:26:36 422729 828.8734
2019:05:06 14:26:36 424366 828.1507
2019:05:06 14:26:36 426006 830.4901
2019:05:06 14:26:36 427646 834.2527
2019:05:06 14:26:36 429283 826.3178
2019:05:06 14:26:36 430917 822.5366
2019:05:06 14:26:36 432561 831.8014
2019:05:06 14:26:36 434197 828.1283
2019:05:06 14:26:36 435837 833.0271
2019:05:06 14:26:36 437478 833.5300
2019:05:06 14:26:36 439111 829.2384
2019:05:06 14:26:36 440750 828.7467
2019:05:06 14:26:36 442784 1208.8493
2019:05:06 14:26:36 444026 822.5478
2019:05:06 14:26:36 445669 829.3800
2019:05:06 14:26:36 447303 827.9532
2019:05:06 14:26:36 448943 831.0303
2019:05:06 14:26:36 450580 826.9437
2019:05:06 14:26:36 452218 830.7435
2019:05:06 14:26:36 453865 836.9796
2019:05:06 14:26:36 455891 1218.6244
2019:05:06 14:26:36 457134 825.3492
2019:05:06 14:26:36 458773 825.5765
2019:05:06 14:26:36 460412 833.9398
2019:05:06 14:26:36 462050 825.5988
2019:05:06 14:26:36 463687 829.0596
2019:05:06 14:26:36 465325 828.6051
2019:05:06 14:26:36 466963 824.9730
2019:05:06 14:26:36 468605 834.4240
2019:05:06 14:26:36 470241 823.6654
2019:05:06 14:26:36 471877 827.8713
2019:05:06 14:26:36 473522 834.3160
2019:05:06 14:26:36 475158 828.2438
2019:05:06 14:26:36 476794 829.8941
2019:05:06 14:26:36 479239 1626.7188
2019:05:06 14:26:36 480472 1219.8798
2019:05:06 14:26:36 482113 822.9837
2019:05:06 14:26:36 483742 1213.4872
2019:05:06 14:26:36 484992 841.5990
2019:05:06 14:26:36 486627 820.6889
2019:05:06 14:26:36 488264 831.1793
2019:05:06 14:26:36 490302 821.4191
2019:05:06 14:26:36 491950 836.6480
2019:05:06 14:26:36 493991 1230.1728
2019:05:06 14:26:36 495622 1227.7775
2019:05:06 14:26:36 496847 1213.2451
2019:05:06 14:26:36 498895 1625.0797
2019:05:06 14:26:36 500132 825.5132
2019:05:06 14:26:36 501787 841.2525
2019:05:06 14:26:36 503425 834.2415
2019:05:06 14:26:36 505464 1236.3195
2019:05:06 14:26:36 506697 828.2401
2019:05:06 14:26:36 508339 834.2676
2019:05:06 14:26:36 510370 1226.5705
2019:05:06 14:26:36 511614 835.6944
2019:05:06 14:26:36 513647 1226.4252
2019:05:06 14:26:36 515286 1225.0841
2019:05:06 14:26:36 516917 1220.4535
2019:05:06 14:26:36 518557 1221.9436
2019:05:06 14:26:36 520194 1224.2757
2019:05:06 14:26:36 521446 834.9866
2019:05:06 14:26:36 523070 822.2573
2019:05:06 14:26:36 525113 1225.2405
2019:05:06 14:26:36 526756 1222.3385
2019:05:06 14:26:36 527997 835.2548
2019:05:06 14:26:36 530031 1227.3155
2019:05:06 14:26:36 531672 823.6021
2019:05:06 14:26:36 532914 833.7721
2019:05:06 14:26:36 534551 1242.8798
2019:05:06 14:26:36 536578 1223.7057
2019:05:06 14:26:36 538224 1227.7886
2019:05:06 14:26:36 539456 823.5760
2019:05:06 14:26:36 541098 830.0990
2019:05:06 14:26:36 542735 828.9292
2019:05:06 14:26:36 544374 832.1293
2019:05:06 14:26:36 546011 828.6797
2019:05:06 14:26:36 547646 825.1071
2019:05:06 14:26:36 549288 829.4880
2019:05:06 14:26:36 550927 826.4668
2019:05:06 14:26:36 552566 832.5391
2019:05:06 14:26:36 554204 821.8139
2019:05:06 14:26:36 555840 827.5434
2019:05:06 14:26:36 557485 833.2245
2019:05:06 14:26:36 559119 829.2496
2019:05:06 14:26:36 560758 831.8648
2019:05:06 14:26:36 562397 827.0852
2019:05:06 14:26:36 564031 816.5687
2019:05:06 14:26:36 565676 833.6492
2019:05:06 14:26:36 567312 830.4119
2019:05:06 14:26:36 568948 831.2501
2019:05:06 14:26:36 570587 828.7616
2019:05:06 14:26:36 572222 825.0475
2019:05:06 14:26:36 573869 835.6944
2019:05:06 14:26:36 575503 827.8899
2019:05:06 14:26:36 577140 831.8238
2019:05:06 14:26:36 578777 826.3551
2019:05:06 14:26:36 580413 825.7069
2019:05:06 14:26:36 582055 824.3807
2019:05:06 14:26:36 583694 830.2517
2019:05:06 14:26:36 585330 830.7025
2019:05:06 14:26:36 586972 828.4040
2019:05:06 14:26:36 588607 817.6044
2019:05:06 14:26:36 590246 826.0868
2019:05:06 14:26:36 591886 830.8068
2019:05:06 14:26:36 593528 836.5251
2019:05:06 14:26:36 595161 828.6834
2019:05:06 14:26:36 596798 827.1746
2019:05:06 14:26:36 598437 824.9134
2019:05:06 14:26:36 600077 830.3747
2019:05:06 14:26:36 601719 836.6667
2019:05:06 14:26:36 603354 829.9090
2019:05:06 14:26:36 604990 827.8750
2019:05:06 14:26:36 606632 830.2331
2019:05:06 14:26:36 608270 830.6801
2019:05:06 14:26:36 609916 840.8986
2019:05:06 14:26:36 611545 826.2768
2019:05:06 14:26:36 613182 827.4838
2019:05:06 14:26:36 614823 830.1549
2019:05:06 14:26:36 616460 830.1511
2019:05:06 14:26:36 618100 834.3421
2019:05:06 14:26:36 619737 829.6408
2019:05:06 14:26:36 621379 833.8690
2019:05:06 14:26:36 623013 828.6014
2019:05:06 14:26:36 624650 828.3928
2019:05:06 14:26:36 626290 830.6764
2019:05:06 14:26:36 627928 829.3726
2019:05:06 14:26:36 629566 828.7281
2019:05:06 14:26:36 631206 826.4259
2019:05:06 14:26:36 632844 830.4380
2019:05:06 14:26:36 634484 827.5397
2019:05:06 14:26:36 636119 829.0969
2019:05:06 14:26:36 637759 830.1064
2019:05:06 14:26:36 639396 829.3055
2019:05:06 14:26:36 641035 829.6669
2019:05:06 14:26:36 642673 831.7940
2019:05:06 14:26:36 644312 826.9846
2019:05:06 14:26:36 645955 834.3346
2019:05:06 14:26:36 647588 827.2342
2019:05:06 14:26:36 649231 830.1176
2019:05:06 14:26:36 650865 832.0585
2019:05:06 14:26:36 652503 828.6536
2019:05:06 14:26:36 654142 829.0596
2019:05:06 14:26:36 655782 830.8478
2019:05:06 14:26:36 657427 838.2536
2019:05:06 14:26:36 659055 830.0655
2019:05:06 14:26:36 660698 832.2746
2019:05:06 14:26:36 662334 823.2668
2019:05:06 14:26:36 663973 829.6892
2019:05:06 14:26:36 665615 834.8301
2019:05:06 14:26:36 667249 832.7141
2019:05:06 14:26:36 668888 829.8457
2019:05:06 14:26:36 670526 825.4945
2019:05:06 14:26:36 672162 828.4077
2019:05:06 14:26:36 673803 831.3246
2019:05:06 14:26:36 675439 831.2240
2019:05:06 14:26:36 677078 829.5812
2019:05:06 14:26:36 678714 826.3476
2019:05:06 14:26:36 680355 828.8659
2019:05:06 14:26:36 681998 834.5284
2019:05:06 14:26:36 683632 831.8536
2019:05:06 14:26:36 685270 829.4545
2019:05:06 14:26:36 686907 827.8452
2019:05:06 14:26:36 688547 830.5945
2019:05:06 14:26:36 690183 827.0852
2019:05:06 14:26:36 691822 831.4140
2019:05:06 14:26:36 693468 836.0669
2019:05:06 14:26:36 695098 827.8228
2019:05:06 14:26:36 696738 829.7116
2019:05:06 14:26:36 698377 828.0799
2019:05:06 14:26:36 700016 833.1239
2019:05:06 14:26:36 701655 832.1106
2019:05:06 14:26:36 703287 825.4759
2019:05:06 14:26:36 704930 829.6929
2019:05:06 14:26:36 706568 825.1108
2019:05:06 14:26:36 708206 832.1963
2019:05:06 14:26:36 709847 831.7754
2019:05:06 14:26:36 711481 828.1656
2019:05:06 14:26:36 713122 830.1586
2019:05:06 14:26:36 714761 829.7749
2019:05:06 14:26:36 716399 832.7588
2019:05:06 14:26:36 718041 833.1239
2019:05:06 14:26:36 719671 823.7399
2019:05:06 14:26:36 721311 828.2177
2019:05:06 14:26:36 722951 829.3949
2019:05:06 14:26:36 724589 832.1814
2019:05:06 14:26:36 726228 827.1672
2019:05:06 14:26:36 727863 826.3700
2019:05:06 14:26:36 729507 832.7514
2019:05:06 14:26:36 731143 829.2198
2019:05:06 14:26:36 732781 831.9020
2019:05:06 14:26:36 734417 825.1332
2019:05:06 14:26:36 736059 829.1118
2019:05:06 14:26:36 737701 834.4389
2019:05:06 14:26:36 739337 831.9914
2019:05:06 14:26:36 740976 834.1521
2019:05:06 14:26:36 742615 828.7616
2019:05:06 14:26:36 744251 830.2443
2019:05:06 14:26:36 745892 832.7924
2019:05:06 14:26:36 747528 831.8424
2019:05:06 14:26:36 749167 833.6864
2019:05:06 14:26:36 750806 830.5609
2019:05:06 14:26:36 752441 829.0783
2019:05:06 14:26:36 754082 831.9430
2019:05:06 14:26:36 755720 830.6280
2019:05:06 14:26:36 757360 835.9849
2019:05:06 14:26:36 758998 832.6173
2019:05:06 14:26:36 760633 828.8287
2019:05:06 14:26:36 762274 829.8270
2019:05:06 14:26:36 763913 832.1963
2019:05:06 14:26:36 765555 838.1717
2019:05:06 14:26:36 767189 831.3693
2019:05:06 14:26:36 768825 829.3428
2019:05:06 14:26:36 770465 828.0873
2019:05:06 14:26:36 772104 831.7791
2019:05:06 14:26:36 773745 837.4527
2019:05:06 14:26:36 775379 828.9032
2019:05:06 14:26:36 777016 828.5865
2019:05:06 14:26:36 778659 829.6035
2019:05:06 14:26:36 780295 820.9683
2019:05:06 14:26:36 781932 832.6434
2019:05:06 14:26:36 783571 830.5982
2019:05:06 14:26:36 785207 828.4897
2019:05:06 14:26:36 786848 830.5088
2019:05:06 14:26:36 788487 831.5369
2019:05:06 14:26:36 790127 836.7859
2019:05:06 14:26:36 791763 829.9053
2019:05:06 14:26:36 793402 831.8871
2019:05:06 14:26:36 795038 829.9276
2019:05:06 14:26:36 796679 832.3789
2019:05:06 14:26:36 798316 830.9484
2019:05:06 14:26:36 799955 832.0175
2019:05:06 14:26:36 801592 830.2219
2019:05:06 14:26:36 803232 824.0417
2019:05:06 14:26:36 804871 829.2608
2019:05:06 14:26:36 806509 817.5187
2019:05:06 14:26:36 808145 830.1176
2019:05:06 14:26:36 809784 830.5088
2019:05:06 14:26:36 811424 831.8983
2019:05:06 14:26:36 813060 829.4396
2019:05:06 14:26:36 814702 829.3241
2019:05:06 14:26:36 816338 831.3283
2019:05:06 14:26:36 817977 830.9260
2019:05:06 14:26:36 819615 832.2299
2019:05:06 14:26:36 821254 832.3714
2019:05:06 14:26:36 822891 832.4236
2019:05:06 14:26:36 824530 831.3358
2019:05:06 14:26:36 826167 830.2927
2019:05:06 14:26:36 827804 829.0149
2019:05:06 14:26:36 829448 834.6029
2019:05:06 14:26:36 831084 833.9062
2019:05:06 14:26:36 832720 831.1495
2019:05:06 14:26:36 834358 827.2715
2019:05:06 14:26:36 835999 832.1293
2019:05:06 14:26:36 837638 833.0643
2019:05:06 14:26:36 839272 830.6615
2019:05:06 14:26:36 840911 829.2347
2019:05:06 14:26:36 842549 826.7835
2019:05:06 14:26:36 844190 831.6673
2019:05:06 14:26:36 845829 831.9505
2019:05:06 14:26:36 847464 831.8610
2019:05:06 14:26:36 849105 830.8291
2019:05:06 14:26:36 850743 826.4072
2019:05:06 14:26:36 852383 832.1553
2019:05:06 14:26:36 854020 832.3640
2019:05:06 14:26:36 855657 832.3453
2019:05:06 14:26:36 857296 831.4438
2019:05:06 14:26:36 858932 828.7504
2019:05:06 14:26:36 860571 828.7802
2019:05:06 14:26:36 862211 827.9271
2019:05:06 14:26:36 863850 833.8615
2019:05:06 14:26:36 865490 833.3996
2019:05:06 14:26:36 867123 828.2177
2019:05:06 14:26:36 868765 831.8350
2019:05:06 14:26:36 870402 828.2661
2019:05:06 14:26:36 872042 834.7295
2019:05:06 14:26:36 873683 834.8972
2019:05:06 14:26:36 875315 817.9061
2019:05:06 14:26:36 876957 832.1069
2019:05:06 14:26:36 878594 829.1081
2019:05:06 14:26:36 880250 851.7914
2019:05:06 14:26:36 881872 832.0138
2019:05:06 14:26:36 883508 829.8941
2019:05:06 14:26:36 885147 830.9521
2019:05:06 14:26:36 886789 830.3449
2019:05:06 14:26:36 888424 833.0084
2019:05:06 14:26:36 890063 831.9393
2019:05:06 14:26:36 891698 828.3146
2019:05:06 14:26:36 893339 830.4305
2019:05:06 14:26:36 894975 827.8601
2019:05:06 14:26:36 896616 832.9414
2019:05:06 14:26:36 898254 825.9527
2019:05:06 14:26:36 899889 827.7707
2019:05:06 14:26:36 901534 834.6401
2019:05:06 14:26:36 903176 837.9705
2019:05:06 14:26:36 904807 833.3623
2019:05:06 14:26:36 906445 826.7723
2019:05:06 14:26:36 908081 827.5099
2019:05:06 14:26:36 909730 838.3207
2019:05:06 14:26:36 911362 829.7041
2019:05:06 14:26:36 912998 833.0531
2019:05:06 14:26:36 914638 830.9856
2019:05:06 14:26:36 916275 828.9330
2019:05:06 14:26:36 917915 831.4326
2019:05:06 14:26:36 919553 831.2687
2019:05:06 14:26:36 921192 834.2192
2019:05:06 14:26:36 922829 827.0256
2019:05:06 14:26:36 924464 827.6440
2019:05:06 14:26:36 926108 830.9223
2019:05:06 14:26:36 927745 831.5742
2019:05:06 14:26:36 929385 835.8806
2019:05:06 14:26:36 931021 830.6727
2019:05:06 14:26:36 932657 828.4748
2019:05:06 14:26:36 934298 828.0128
2019:05:06 14:26:36 935936 831.1085
2019:05:06 14:26:36 937578 837.6166
2019:05:06 14:26:36 939213 831.6599
2019:05:06 14:26:36 940848 828.5232
2019:05:06 14:26:36 942489 829.2571
2019:05:06 14:26:36 944127 830.9670
2019:05:06 14:26:36 945772 839.6693
2019:05:06 14:26:36 947404 829.6147
2019:05:06 14:26:36 949041 829.1565
2019:05:06 14:26:36 950680 829.3763
2019:05:06 14:26:36 952318 830.4752
2019:05:06 14:26:36 953959 835.7540
2019:05:06 14:26:36 955596 831.6189
2019:05:06 14:26:36 957231 827.2715
2019:05:06 14:26:36 958873 827.0442
2019:05:06 14:26:36 960509 829.7339
2019:05:06 14:26:36 962151 835.2064
2019:05:06 14:26:36 963788 831.7307
2019:05:06 14:26:36 965426 831.9728
2019:05:06 14:26:36 967064 831.5817
2019:05:06 14:26:36 968701 830.6243
2019:05:06 14:26:36 970342 829.6855
2019:05:06 14:26:36 971979 829.5104
2019:05:06 14:26:36 973617 831.2650
2019:05:06 14:26:36 975263 839.1440
2019:05:06 14:26:36 976894 829.6855
2019:05:06 14:26:36 978532 830.1549
2019:05:06 14:26:36 980170 831.2836
2019:05:06 14:26:36 981809 830.1325
2019:05:06 14:26:36 983446 822.7080
2019:05:06 14:26:36 985084 829.6855
2019:05:06 14:26:36 986724 832.9079
2019:05:06 14:26:36 988361 829.7265
2019:05:06 14:26:36 989999 830.1437
2019:05:06 14:26:36 991638 829.9947
2019:05:06 14:26:36 993276 829.2980
2019:05:06 14:26:36 994918 832.1255
2019:05:06 14:26:36 996554 831.8275
2019:05:06 14:26:36 998184 818.9306
2019:05:06 14:26:36 999829 829.4247
2019:05:06 14:26:37 1471 827.2268
2019:05:06 14:26:37 3107 833.5896
2019:05:06 14:26:37 4746 831.7679
2019:05:06 14:26:37 6382 824.5520
2019:05:06 14:26:37 8021 825.7106
2019:05:06 14:26:37 9663 834.1484
2019:05:06 14:26:37 11300 835.1654
2019:05:06 14:26:37 12937 831.5705
2019:05:06 14:26:37 14574 826.9474
2019:05:06 14:26:37 16214 831.9207
2019:05:06 14:26:37 17852 831.6524
2019:05:06 14:26:37 19490 829.5104
2019:05:06 14:26:37 21129 830.7919
2019:05:06 14:26:37 22764 827.4801
2019:05:06 14:26:37 24417 841.3121
2019:05:06 14:26:37 26045 830.3821
2019:05:06 14:26:37 27683 834.8152
2019:05:06 14:26:37 29321 831.6785
2019:05:06 14:26:37 30957 825.1183
2019:05:06 14:26:37 32598 832.1032
2019:05:06 14:26:37 34237 830.5758
2019:05:06 14:26:37 35875 833.9621
2019:05:06 14:26:37 37515 833.5523
2019:05:06 14:26:37 39149 828.9590
2019:05:06 14:26:37 40788 826.3476
2019:05:06 14:26:37 42830 1226.9951
2019:05:06 14:26:37 44066 834.2378
2019:05:06 14:26:37 45704 832.0957
2019:05:06 14:26:37 47341 828.9292
2019:05:06 14:26:37 48980 830.6503
2019:05:06 14:26:37 50619 830.9558
2019:05:06 14:26:37 52259 835.4597
2019:05:06 14:26:37 53897 832.1591
2019:05:06 14:26:37 55530 825.2822
2019:05:06 14:26:37 57173 831.6003
2019:05:06 14:26:37 58809 827.7036
2019:05:06 14:26:37 60447 831.8573
2019:05:06 14:26:37 62084 829.3353
2019:05:06 14:26:37 63721 827.3125
2019:05:06 14:26:37 65367 834.8972
2019:05:06 14:26:37 67001 819.7278
2019:05:06 14:26:37 68640 832.1293
2019:05:06 14:26:37 70275 825.5057
2019:05:06 14:26:37 71912 826.9176
2019:05:06 14:26:37 73557 833.8057
2019:05:06 14:26:37 75191 829.8419
2019:05:06 14:26:37 76829 831.5481
2019:05:06 14:26:37 78468 824.4589
2019:05:06 14:26:37 80105 827.1858
2019:05:06 14:26:37 81746 830.1884
2019:05:06 14:26:37 83383 830.2964
2019:05:06 14:26:37 85022 833.5002
2019:05:06 14:26:37 86660 828.8398
2019:05:06 14:26:37 88294 825.4722
2019:05:06 14:26:37 89940 832.9041
2019:05:06 14:26:37 91575 826.9250
2019:05:06 14:26:37 93214 833.3959
2019:05:06 14:26:37 94851 827.5285
2019:05:06 14:26:37 96487 826.6978
2019:05:06 14:26:37 98128 829.9835
2019:05:06 14:26:37 99766 830.1586
2019:05:06 14:26:37 101408 836.0147
2019:05:06 14:26:37 103043 826.5264
2019:05:06 14:26:37 104679 827.0852
2019:05:06 14:26:37 106319 822.4919
2019:05:06 14:26:37 107958 830.3598
2019:05:06 14:26:37 109599 835.2660
2019:05:06 14:26:37 111234 822.3653
2019:05:06 14:26:37 112872 827.2827
2019:05:06 14:26:37 114513 825.1108
2019:05:06 14:26:37 116151 830.2703
2019:05:06 14:26:37 117791 835.2622
2019:05:06 14:26:37 119425 822.2573
2019:05:06 14:26:37 121062 826.7611
2019:05:06 14:26:37 122704 829.0671
2019:05:06 14:26:37 124343 831.0080
2019:05:06 14:26:37 125981 832.6806
2019:05:06 14:26:37 127617 826.1427
2019:05:06 14:26:37 129257 830.2331
2019:05:06 14:26:37 130894 827.7670
2019:05:06 14:26:37 132533 830.7509
2019:05:06 14:26:37 134172 833.3884
2019:05:06 14:26:37 135808 828.3816
2019:05:06 14:26:37 137449 830.7807
2019:05:06 14:26:37 139089 829.7190
2019:05:06 14:26:37 140725 831.1532
2019:05:06 14:26:37 142362 830.1176
2019:05:06 14:26:37 144000 829.2124
2019:05:06 14:26:37 145640 830.8962
2019:05:06 14:26:37 147278 829.9276
2019:05:06 14:26:37 148916 830.6578
2019:05:06 14:26:37 150555 821.0987
2019:05:06 14:26:37 152193 829.8084
2019:05:06 14:26:37 153829 828.1209
2019:05:06 14:26:37 155470 830.1698
2019:05:06 14:26:37 157108 830.5907
2019:05:06 14:26:37 158746 831.9393
2019:05:06 14:26:37 160381 826.5860
2019:05:06 14:26:37 162019 825.9788
2019:05:06 14:26:37 163661 826.6158
2019:05:06 14:26:37 165299 829.4247
2019:05:06 14:26:37 166937 831.2352
2019:05:06 14:26:37 168574 827.9085
2019:05:06 14:26:37 170212 824.4701
2019:05:06 14:26:37 171853 830.4045
2019:05:06 14:26:37 173496 834.8823
2019:05:06 14:26:37 175137 830.6503
2019:05:06 14:26:37 176767 828.8100
2019:05:06 14:26:37 178403 824.7718
2019:05:06 14:26:37 180045 830.7733
2019:05:06 14:26:37 181686 833.7945
2019:05:06 14:26:37 183319 830.5907
2019:05:06 14:26:37 184959 825.3045
2019:05:06 14:26:37 186598 826.8282
2019:05:06 14:26:37 188236 830.0841
2019:05:06 14:26:37 189876 831.9020
2019:05:06 14:26:37 191512 832.3751
2019:05:06 14:26:37 193152 830.7956
2019:05:06 14:26:37 194787 827.1150
2019:05:06 14:26:37 196429 829.3167
2019:05:06 14:26:37 198066 830.6503
2019:05:06 14:26:37 199704 832.5316
2019:05:06 14:26:37 201342 829.5327
2019:05:06 14:26:37 202979 827.1448
2019:05:06 14:26:37 204620 830.4343
2019:05:06 14:26:37 206258 829.1937
2019:05:06 14:26:37 207896 832.4236
2019:05:06 14:26:37 209540 835.1915
2019:05:06 14:26:37 211168 824.6079
2019:05:06 14:26:37 212811 826.3960
2019:05:06 14:26:37 214450 828.4897
2019:05:06 14:26:37 216087 831.6636
2019:05:06 14:26:37 217729 832.4571
2019:05:06 14:26:37 219361 826.6531
2019:05:06 14:26:37 221002 829.3800
2019:05:06 14:26:37 222640 827.5136
2019:05:06 14:26:37 224280 833.1127
2019:05:06 14:26:37 225919 831.7754
2019:05:06 14:26:37 227552 825.9118
2019:05:06 14:26:37 229202 837.8401
2019:05:06 14:26:37 230830 826.3327
2019:05:06 14:26:37 232470 831.2091
2019:05:06 14:26:37 234110 830.3970
2019:05:06 14:26:37 235743 825.6622
2019:05:06 14:26:37 237390 833.2320
2019:05:06 14:26:37 239024 829.8531
2019:05:06 14:26:37 240662 832.4273
2019:05:06 14:26:37 242300 827.0033
2019:05:06 14:26:37 243937 828.1097
2019:05:06 14:26:37 245581 833.0643
2019:05:06 14:26:37 247216 828.6461
2019:05:06 14:26:37 248854 832.0846
2019:05:06 14:26:37 250492 827.3236
2019:05:06 14:26:37 252128 827.2529
2019:05:06 14:26:37 253772 832.6508
2019:05:06 14:26:37 255407 830.1735
2019:05:06 14:26:37 257045 831.5668
2019:05:06 14:26:37 258684 827.1337
2019:05:06 14:26:37 260317 825.1630
2019:05:06 14:26:37 261962 831.1048
2019:05:06 14:26:37 263599 830.6056
2019:05:06 14:26:37 265237 832.3118
2019:05:06 14:26:37 266876 829.4284
2019:05:06 14:26:37 268512 827.4466
2019:05:06 14:26:37 270153 830.1474
2019:05:06 14:26:37 271791 830.9260
2019:05:06 14:26:37 273433 836.3985
2019:05:06 14:26:37 275067 829.6184
2019:05:06 14:26:37 276704 828.2103
2019:05:06 14:26:37 278343 827.3385
2019:05:06 14:26:37 279980 828.6461
2019:05:06 14:26:37 281624 835.6236
2019:05:06 14:26:37 283259 826.5115
2019:05:06 14:26:37 284895 828.0799
2019:05:06 14:26:37 286536 828.4710
2019:05:06 14:26:37 288174 830.4492
2019:05:06 14:26:37 289815 835.0052
2019:05:06 14:26:37 291452 830.0059
2019:05:06 14:26:37 293087 826.9921
2019:05:06 14:26:37 294728 827.3199
2019:05:06 14:26:37 296365 830.0319
2019:05:06 14:26:37 298005 833.8206
2019:05:06 14:26:37 299642 829.7749
2019:05:06 14:26:37 301278 828.1544
2019:05:06 14:26:37 302919 829.8308
2019:05:06 14:26:37 304556 829.4657
2019:05:06 14:26:37 306196 828.7691
2019:05:06 14:26:37 307834 830.4752
2019:05:06 14:26:37 309475 832.5167
2019:05:06 14:26:37 311113 831.8350
2019:05:06 14:26:37 312751 822.0263
2019:05:06 14:26:37 314390 832.4832
2019:05:06 14:26:37 316029 832.0436
2019:05:06 14:26:37 317670 835.9142
2019:05:06 14:26:37 319303 829.0708
2019:05:06 14:26:37 320942 827.1188
2019:05:06 14:26:37 322582 833.0680
2019:05:06 14:26:37 324220 831.7120
2019:05:06 14:26:37 325856 829.3316
2019:05:06 14:26:37 327495 830.5386
2019:05:06 14:26:37 329135 832.7961
2019:05:06 14:26:37 330774 830.1511
2019:05:06 14:26:37 332410 831.0750
2019:05:06 14:26:37 334049 830.3598
2019:05:06 14:26:37 335687 830.6988
2019:05:06 14:26:37 337327 833.1202
2019:05:06 14:26:37 338965 833.3549
2019:05:06 14:26:37 340603 829.3204
2019:05:06 14:26:37 342239 825.8671
2019:05:06 14:26:37 343882 825.3194
2019:05:06 14:26:37 345520 834.1558
2019:05:06 14:26:37 347156 834.2676
2019:05:06 14:26:37 348794 831.3470
2019:05:06 14:26:37 350429 825.8037
2019:05:06 14:26:37 352071 831.1532
2019:05:06 14:26:37 353718 839.9971
2019:05:06 14:26:37 355348 831.1830
2019:05:06 14:26:37 356985 830.8403
2019:05:06 14:26:37 358619 825.3939
2019:05:06 14:26:37 360262 830.8776
2019:05:06 14:26:37 361903 833.5821
2019:05:06 14:26:37 363537 831.1793
2019:05:06 14:26:37 365177 830.4417
2019:05:06 14:26:37 366813 826.6307
2019:05:06 14:26:37 368453 830.1400
2019:05:06 14:26:37 370094 833.1388
2019:05:06 14:26:37 371732 834.4948
2019:05:06 14:26:37 373370 832.2857
2019:05:06 14:26:37 375005 829.3316
2019:05:06 14:26:37 376646 830.9484
2019:05:06 14:26:37 378283 826.5860
2019:05:06 14:26:37 379923 834.5954
2019:05:06 14:26:37 381566 834.9977
2019:05:06 14:26:37 383196 828.2401
2019:05:06 14:26:37 384838 832.0361
2019:05:06 14:26:37 386476 829.5625
2019:05:06 14:26:37 388114 833.7498
2019:05:06 14:26:37 389759 837.5794
2019:05:06 14:26:37 391390 828.1581
2019:05:06 14:26:37 393028 829.6110
2019:05:06 14:26:37 394669 831.2091
2019:05:06 14:26:37 396307 834.4240
2019:05:06 14:26:37 397946 832.5875
2019:05:06 14:26:37 399580 828.6275
2019:05:06 14:26:37 401222 830.8478
2019:05:06 14:26:37 402860 829.6929
2019:05:06 14:26:37 404498 830.2294
2019:05:06 14:26:37 406137 831.0564
2019:05:06 14:26:37 407773 829.7302
2019:05:06 14:26:37 409416 834.7966
2019:05:06 14:26:37 411051 830.8031
2019:05:06 14:26:37 412688 831.7381
2019:05:06 14:26:37 414328 827.3646
2019:05:06 14:26:37 415964 826.8692
2019:05:06 14:26:37 417608 834.8674
2019:05:06 14:26:37 419244 831.2762
2019:05:06 14:26:37 420880 831.9095
2019:05:06 14:26:37 422520 829.5067
2019:05:06 14:26:37 424155 827.7334
2019:05:06 14:26:37 425802 836.9870
2019:05:06 14:26:37 427436 831.5481
2019:05:06 14:26:37 429073 833.2916
2019:05:06 14:26:37 430712 830.7248
2019:05:06 14:26:37 432347 828.2140
2019:05:06 14:26:37 433990 833.4927
2019:05:06 14:26:37 435627 832.5055
2019:05:06 14:26:37 437263 832.6396
2019:05:06 14:26:37 438902 829.0224
2019:05:06 14:26:37 440538 828.1656
2019:05:06 14:26:37 442180 831.5891
2019:05:06 14:26:37 443818 830.9372
2019:05:06 14:26:37 445459 836.5028
2019:05:06 14:26:37 447095 831.9691
2019:05:06 14:26:37 448730 827.5360
2019:05:06 14:26:37 450372 829.1714
2019:05:06 14:26:37 452011 833.0904
2019:05:06 14:26:37 453651 836.3053
2019:05:06 14:26:37 455286 831.3283
2019:05:06 14:26:37 456923 829.8345
2019:05:06 14:26:37 458563 828.0575
2019:05:06 14:26:37 460202 832.6359
2019:05:06 14:26:37 461843 836.9610
2019:05:06 14:26:37 463477 829.6482
2019:05:06 14:26:37 465114 828.3965
2019:05:06 14:26:37 466756 831.3805
2019:05:06 14:26:37 468392 830.8515
2019:05:06 14:26:37 470032 834.8152
2019:05:06 14:26:37 471670 830.9409
2019:05:06 14:26:37 473305 828.2401
2019:05:06 14:26:37 474947 829.8494
2019:05:06 14:26:37 476584 830.9893
2019:05:06 14:26:37 478222 831.4215
2019:05:06 14:26:37 479862 831.7009
2019:05:06 14:26:37 481500 831.3023
2019:05:06 14:26:37 483137 830.7211
2019:05:06 14:26:37 484776 831.3842
2019:05:06 14:26:37 486415 830.4156
2019:05:06 14:26:37 488054 830.3374
2019:05:06 14:26:37 489693 833.4890
2019:05:06 14:26:37 491329 830.7025
2019:05:06 14:26:37 492967 830.7546
2019:05:06 14:26:37 494607 833.1351
2019:05:06 14:26:37 496243 829.1826
2019:05:06 14:26:37 497885 833.9807
2019:05:06 14:26:37 499522 831.0638
2019:05:06 14:26:37 501159 830.7770
2019:05:06 14:26:37 502797 832.7328
2019:05:06 14:26:37 504436 831.1383
2019:05:06 14:26:37 506073 830.1437
2019:05:06 14:26:37 507713 831.8909
2019:05:06 14:26:37 509353 834.0888
2019:05:06 14:26:37 510989 832.7067
2019:05:06 14:26:37 512627 831.8014
2019:05:06 14:26:37 514264 826.9586
2019:05:06 14:26:37 515904 831.7418
2019:05:06 14:26:37 517547 835.8285
2019:05:06 14:26:37 519181 834.4799
2019:05:06 14:26:37 520818 830.1698
2019:05:06 14:26:37 522458 827.1970
2019:05:06 14:26:37 524095 830.7360
2019:05:06 14:26:37 525735 832.7477
2019:05:06 14:26:37 527373 834.5395
2019:05:06 14:26:37 529011 830.4268
2019:05:06 14:26:37 530646 827.8675
2019:05:06 14:26:37 532288 832.0659
2019:05:06 14:26:37 533927 832.0548
2019:05:06 14:26:37 535564 827.6775
2019:05:06 14:26:37 537203 831.8760
2019:05:06 14:26:37 538838 826.4482
2019:05:06 14:26:37 540480 831.8983
2019:05:06 14:26:37 542118 832.0846
2019:05:06 14:26:37 543755 832.9451
2019:05:06 14:26:37 545396 833.4816
2019:05:06 14:26:37 547030 827.6850
2019:05:06 14:26:37 548681 837.4341
2019:05:06 14:26:37 550308 828.0016
2019:05:06 14:26:37 551948 833.7907
2019:05:06 14:26:37 553588 833.8578
2019:05:06 14:26:37 555221 828.1916
2019:05:06 14:26:37 556862 830.6056
2019:05:06 14:26:37 558509 835.9663
2019:05:06 14:26:37 560138 832.8333
2019:05:06 14:26:37 561776 829.7563
2019:05:06 14:26:37 563411 827.7781
2019:05:06 14:26:37 565054 832.2410
2019:05:06 14:26:37 566691 829.9351
2019:05:06 14:26:37 568334 837.2888
2019:05:06 14:26:37 569968 831.5034
2019:05:06 14:26:37 571604 827.3907
2019:05:06 14:26:37 573245 830.9670
2019:05:06 14:26:37 574883 829.0783
2019:05:06 14:26:37 576522 832.8184
2019:05:06 14:26:37 578165 836.1973
2019:05:06 14:26:37 579796 828.1879
2019:05:06 14:26:37 581442 836.2979
2019:05:06 14:26:37 583076 830.3188
2019:05:06 14:26:37 584714 830.1102
2019:05:06 14:26:37 586357 834.3868
2019:05:06 14:26:37 587988 827.7968
2019:05:06 14:26:37 589633 834.9046
2019:05:06 14:26:37 591269 833.6529
2019:05:06 14:26:37 592906 833.5970
2019:05:06 14:26:37 594544 827.0741
2019:05:06 14:26:37 596179 828.6797
2019:05:06 14:26:37 597822 829.0298
2019:05:06 14:26:37 599457 830.3858
2019:05:06 14:26:37 601098 834.5507
2019:05:06 14:26:37 602736 830.5572
2019:05:06 14:26:37 604371 827.7968
2019:05:06 14:26:37 606013 830.9335
2019:05:06 14:26:37 607649 829.0671
2019:05:06 14:26:37 609289 832.9414
2019:05:06 14:26:37 610927 830.4492
2019:05:06 14:26:37 612563 828.5120
2019:05:06 14:26:37 614211 834.2117
2019:05:06 14:26:37 615843 831.5630
2019:05:06 14:26:37 617487 839.5985
2019:05:06 14:26:37 619119 830.1102
2019:05:06 14:26:37 620754 828.0501
2019:05:06 14:26:37 622401 834.9158
2019:05:06 14:26:37 624033 826.8692
2019:05:06 14:26:37 625676 838.1233
2019:05:06 14:26:37 627311 830.2815
2019:05:06 14:26:37 628945 827.4540
2019:05:06 14:26:37 630588 828.4301
2019:05:06 14:26:37 632224 828.8361
2019:05:06 14:26:37 633866 836.2867
2019:05:06 14:26:37 635500 829.9910
2019:05:06 14:26:37 637135 826.7090
2019:05:06 14:26:37 638777 829.7078
2019:05:06 14:26:37 640414 829.0336
2019:05:06 14:26:37 642056 835.4746
2019:05:06 14:26:37 643691 829.3241
2019:05:06 14:26:37 645328 827.5136
2019:05:06 14:26:37 646968 829.4024
2019:05:06 14:26:37 648605 828.9479
2019:05:06 14:26:37 650245 830.6764
2019:05:06 14:26:37 651882 828.4375
2019:05:06 14:26:37 653522 829.9910
2019:05:06 14:26:37 655160 828.4338
2019:05:06 14:26:37 656797 828.7020
2019:05:06 14:26:37 658837 1229.2862
2019:05:06 14:26:37 660478 1228.2245
2019:05:06 14:26:37 662110 1219.5446
2019:05:06 14:26:37 663338 1217.0114
2019:05:06 14:26:37 664593 836.5139
2019:05:06 14:26:37 666220 835.4001
2019:05:06 14:26:37 668266 825.7888
2019:05:06 14:26:37 669891 1221.1874
2019:05:06 14:26:37 671532 1227.7775
2019:05:06 14:26:37 672773 829.9984
2019:05:06 14:26:37 674390 1609.8022
2019:05:06 14:26:37 676059 843.6367
2019:05:06 14:26:37 677679 1612.8197
2019:05:06 14:26:37 678920 1221.5376
2019:05:06 14:26:37 680557 831.4215
2019:05:06 14:26:37 682596 826.8282
2019:05:06 14:26:37 683887 876.5943
2019:05:06 14:26:37 685472 829.8494
2019:05:06 14:26:37 687108 834.0850
2019:05:06 14:26:37 688746 830.1176
2019:05:06 14:26:37 690382 824.1385
2019:05:06 14:26:37 692023 827.1188
2019:05:06 14:26:37 693664 829.8084
2019:05:06 14:26:37 695300 833.3102
2019:05:06 14:26:37 696937 829.5365
2019:05:06 14:26:37 698573 825.3790
2019:05:06 14:26:37 700212 827.7707
2019:05:06 14:26:37 701855 832.7924
2019:05:06 14:26:37 703491 829.9612
2019:05:06 14:26:37 705129 829.9984
2019:05:06 14:26:37 706764 825.9155
2019:05:06 14:26:37 708404 828.3667
2019:05:06 14:26:37 710045 831.7903
2019:05:06 14:26:37 711682 832.5726
2019:05:06 14:26:37 713320 829.4769
2019:05:06 14:26:37 714955 824.6452
2019:05:06 14:26:37 716597 829.8159
2019:05:06 14:26:37 718235 827.6626
2019:05:06 14:26:37 719872 832.2820
2019:05:06 14:26:37 721512 830.8887
2019:05:06 14:26:37 723146 827.0405
2019:05:06 14:26:37 724786 827.2603
2019:05:06 14:26:37 726426 826.2284
2019:05:06 14:26:37 728065 829.8010
2019:05:06 14:26:37 729704 830.6503
2019:05:06 14:26:37 731339 827.5472
2019:05:06 14:26:37 732979 829.6743
2019:05:06 14:26:37 734617 829.2757
2019:05:06 14:26:37 736256 831.6375
2019:05:06 14:26:37 737903 837.8290
2019:05:06 14:26:37 739531 827.2715
2019:05:06 14:26:37 741176 835.0797
2019:05:06 14:26:37 742809 829.8866
2019:05:06 14:26:37 744448 832.9563
2019:05:06 14:26:37 746086 829.6669
2019:05:06 14:26:37 747720 825.8894
2019:05:06 14:26:37 749368 834.9083
2019:05:06 14:26:37 751000 816.0919
2019:05:06 14:26:37 752640 829.2273
2019:05:06 14:26:37 754277 826.7835
2019:05:06 14:26:37 755914 827.3348
2019:05:06 14:26:37 757558 833.7907
2019:05:06 14:26:37 759191 828.4226
2019:05:06 14:26:37 760830 831.5071
2019:05:06 14:26:37 762469 826.7276
2019:05:06 14:26:37 764103 824.9581
2019:05:06 14:26:37 765749 833.1537
2019:05:06 14:26:37 767383 828.1060
2019:05:06 14:26:37 769023 832.4906
2019:05:06 14:26:37 770660 827.1635
2019:05:06 14:26:37 772296 820.2083
2019:05:06 14:26:37 773942 831.0080
2019:05:06 14:26:37 775577 826.6456
2019:05:06 14:26:37 777216 831.3507
2019:05:06 14:26:37 778856 828.5195
2019:05:06 14:26:37 780493 828.3034
2019:05:06 14:26:37 782130 830.2331
2019:05:06 14:26:37 783765 827.7670
2019:05:06 14:26:37 785413 840.0045
2019:05:06 14:26:37 787043 818.4388
2019:05:06 14:26:37 788678 825.1481
2019:05:06 14:26:37 790322 829.3353
2019:05:06 14:26:37 791957 827.8713
2019:05:06 14:26:37 793600 835.6869
2019:05:06 14:26:37 795236 830.2256
2019:05:06 14:26:37 796869 824.1981
2019:05:06 14:26:37 798512 824.7197
2019:05:06 14:26:37 800150 829.6259
2019:05:06 14:26:37 801789 831.4662
2019:05:06 14:26:37 803427 829.9537
2019:05:06 14:26:37 805063 826.7798
2019:05:06 14:26:37 806703 828.5344
2019:05:06 14:26:37 808343 830.0319
2019:05:06 14:26:37 809984 836.2457
2019:05:06 14:26:37 811620 829.9351
2019:05:06 14:26:37 813253 825.6584
2019:05:06 14:26:37 814895 829.0112
2019:05:06 14:26:37 816534 831.0489
2019:05:06 14:26:37 818171 831.2277
2019:05:06 14:26:37 819810 829.7786
2019:05:06 14:26:37 821454 834.5805
2019:05:06 14:26:37 823486 1219.0193
2019:05:06 14:26:37 824726 826.6158
2019:05:06 14:26:37 826364 825.7553
2019:05:06 14:26:37 828002 830.0506
2019:05:06 14:26:37 829641 829.9127
2019:05:06 14:26:37 831279 829.4657
2019:05:06 14:26:37 832918 830.3858
2019:05:06 14:26:37 834554 825.5132
2019:05:06 14:26:37 836193 829.1118
2019:05:06 14:26:37 837831 828.6946
2019:05:06 14:26:37 839471 830.4454
2019:05:06 14:26:37 841110 831.2315
2019:05:06 14:26:37 842746 830.6392
2019:05:06 14:26:37 844385 829.1975
2019:05:06 14:26:37 846023 829.7078
2019:05:06 14:26:37 847660 827.5658
2019:05:06 14:26:37 849301 830.5833
2019:05:06 14:26:37 850939 832.2410
2019:05:06 14:26:37 852576 828.9963
2019:05:06 14:26:37 854213 825.8447
2019:05:06 14:26:37 855854 830.0468
2019:05:06 14:26:37 857499 837.2590
2019:05:06 14:26:37 859130 831.8871
2019:05:06 14:26:37 860769 830.3858
2019:05:06 14:26:37 862404 824.8203
2019:05:06 14:26:37 864045 830.1288
2019:05:06 14:26:37 865686 833.2841
2019:05:06 14:26:37 867320 830.4529
2019:05:06 14:26:37 868960 829.7116
2019:05:06 14:26:37 870598 826.1502
2019:05:06 14:26:37 872234 828.0985
2019:05:06 14:26:37 873877 831.8387
2019:05:06 14:26:37 875513 832.0473
2019:05:06 14:26:37 877152 826.6494
2019:05:06 14:26:37 878788 827.0331
2019:05:06 14:26:37 880429 829.8494
2019:05:06 14:26:37 882067 830.3486
2019:05:06 14:26:37 883706 833.3139
2019:05:06 14:26:37 885347 833.6082
2019:05:06 14:26:37 886980 827.1933
2019:05:06 14:26:37 888623 831.7530
2019:05:06 14:26:37 890261 829.1900
2019:05:06 14:26:37 891901 835.3628
2019:05:06 14:26:37 893541 834.9158
2019:05:06 14:26:37 895173 818.0253
2019:05:06 14:26:37 896812 828.8510
2019:05:06 14:26:37 898452 829.1826
2019:05:06 14:26:37 900091 833.7535
2019:05:06 14:26:37 901732 833.7051
2019:05:06 14:26:37 903365 828.6275
2019:05:06 14:26:37 905006 831.3544
2019:05:06 14:26:37 906646 829.2198
2019:05:06 14:26:37 908282 833.3884
2019:05:06 14:26:37 909922 831.7530
2019:05:06 14:26:37 911557 828.0575
2019:05:06 14:26:37 913197 831.5854
2019:05:06 14:26:37 914837 832.1106
2019:05:06 14:26:37 916474 832.9116
2019:05:06 14:26:37 918115 834.1484
2019:05:06 14:26:37 919749 829.0410
2019:05:06 14:26:37 921392 834.3384
2019:05:06 14:26:37 923028 831.8983
2019:05:06 14:26:37 924667 834.2974
2019:05:06 14:26:37 926304 826.9176
2019:05:06 14:26:37 927941 828.4561
2019:05:06 14:26:37 929587 836.8194
2019:05:06 14:26:37 931218 830.4454
2019:05:06 14:26:37 932857 833.0233
2019:05:06 14:26:37 934496 828.9330
2019:05:06 14:26:37 936131 828.7393
2019:05:06 14:26:37 937775 834.3384
2019:05:06 14:26:37 939411 831.5369
2019:05:06 14:26:37 941049 833.5859
2019:05:06 14:26:37 942688 829.1565
2019:05:06 14:26:37 944323 827.7930
2019:05:06 14:26:37 945963 830.3262
2019:05:06 14:26:37 947603 832.7886
2019:05:06 14:26:37 949241 833.8317
2019:05:06 14:26:37 950879 829.4024
2019:05:06 14:26:37 952516 829.2161
2019:05:06 14:26:37 954157 828.5455
2019:05:06 14:26:37 955792 829.3167
2019:05:06 14:26:37 957436 837.1659
2019:05:06 14:26:37 959070 830.3858
2019:05:06 14:26:37 960707 828.6573
2019:05:06 14:26:37 962349 830.2778
2019:05:06 14:26:37 963985 830.7844
2019:05:06 14:26:37 965631 840.7384
2019:05:06 14:26:37 967262 829.9164
2019:05:06 14:26:37 968897 828.2289
2019:05:06 14:26:37 970539 829.2459
2019:05:06 14:26:37 972176 830.1400
2019:05:06 14:26:37 973816 835.1281
2019:05:06 14:26:37 975454 832.2150
2019:05:06 14:26:37 977090 828.3593
2019:05:06 14:26:37 978730 828.2363
2019:05:06 14:26:37 980369 831.9207
2019:05:06 14:26:37 982017 843.4169
2019:05:06 14:26:37 983646 831.7754
2019:05:06 14:26:37 985282 829.6631
2019:05:06 14:26:37 986922 830.0394
2019:05:06 14:26:37 988559 830.2256
2019:05:06 14:26:37 990199 829.5253
2019:05:06 14:26:37 991837 830.3374
2019:05:06 14:26:37 993476 831.9058
2019:05:06 14:26:37 995114 831.8499
2019:05:06 14:26:37 996751 830.6019
2019:05:06 14:26:37 998390 830.7956
2019:05:06 14:26:38 29 831.6711
2019:05:06 14:26:38 1669 832.3640
2019:05:06 14:26:38 3306 830.5274
2019:05:06 14:26:38 4944 831.6748
2019:05:06 14:26:38 6581 828.9330
2019:05:06 14:26:38 8220 830.7956
2019:05:06 14:26:38 9858 831.3544
2019:05:06 14:26:38 11496 831.0899
2019:05:06 14:26:38 13134 830.2964
2019:05:06 14:26:38 14774 829.5551
2019:05:06 14:26:38 16412 831.5556
2019:05:06 14:26:38 18047 828.3481
2019:05:06 14:26:38 19690 832.4683
2019:05:06 14:26:38 21325 829.7116
2019:05:06 14:26:38 22967 833.6194
2019:05:06 14:26:38 24604 829.7600
2019:05:06 14:26:38 26241 825.7702
2019:05:06 14:26:38 27882 832.3006
2019:05:06 14:26:38 29521 833.4592
2019:05:06 14:26:38 31157 833.6008
2019:05:06 14:26:38 32795 830.7882
2019:05:06 14:26:38 34430 825.2598
2019:05:06 14:26:38 36072 831.5518
2019:05:06 14:26:38 37714 835.0611
2019:05:06 14:26:38 39347 828.2959
2019:05:06 14:26:38 40987 831.6189
2019:05:06 14:26:38 42621 826.7090
2019:05:06 14:26:38 44263 830.8254
2019:05:06 14:26:38 45904 833.9547
2019:05:06 14:26:38 47540 833.9249
2019:05:06 14:26:38 49178 831.3805
2019:05:06 14:26:38 50815 827.4280
2019:05:06 14:26:38 52455 831.0489
2019:05:06 14:26:38 54094 832.4198
2019:05:06 14:26:38 55733 834.1074
2019:05:06 14:26:38 57373 833.8653
2019:05:06 14:26:38 59006 829.0671
2019:05:06 14:26:38 60647 831.4662
2019:05:06 14:26:38 62288 831.1719
2019:05:06 14:26:38 63924 831.3432
2019:05:06 14:26:38 65565 834.7668
2019:05:06 14:26:38 67197 828.4599
2019:05:06 14:26:38 68839 831.7828
2019:05:06 14:26:38 70477 830.4603
2019:05:06 14:26:38 72114 832.8483
2019:05:06 14:26:38 73759 836.5400
2019:05:06 14:26:38 75392 830.4045
2019:05:06 14:26:38 77029 825.5914
2019:05:06 14:26:38 78667 830.2219
2019:05:06 14:26:38 80307 833.9472
2019:05:06 14:26:38 81947 830.4231
2019:05:06 14:26:38 83581 829.1155
2019:05:06 14:26:38 85223 832.7290
2019:05:06 14:26:38 86857 825.9565
2019:05:06 14:26:38 88498 833.3027
2019:05:06 14:26:38 90139 833.8690
2019:05:06 14:26:38 91772 828.6051
2019:05:06 14:26:38 93416 834.2192
2019:05:06 14:26:38 95052 831.1868
2019:05:06 14:26:38 96690 833.9025
2019:05:06 14:26:38 98330 828.5753
2019:05:06 14:26:38 99969 831.6375
2019:05:06 14:26:38 101608 833.7088
2019:05:06 14:26:38 103243 831.0750
2019:05:06 14:26:38 104881 832.9861
2019:05:06 14:26:38 106521 830.1288
2019:05:06 14:26:38 107744 813.3240
2019:05:06 14:26:38 109382 834.5544
2019:05:06 14:26:38 111014 1210.8982
2019:05:06 14:26:38 111834 811.2676
2019:05:06 14:26:38 113074 827.4056
2019:05:06 14:26:38 114698 1208.5959
2019:05:06 14:26:38 115518 800.7325
2019:05:06 14:26:38 116757 816.7177
2019:05:06 14:26:38 117991 835.7689
2019:05:06 14:26:38 119226 846.2593
2019:05:06 14:26:38 120837 1223.2028
2019:05:06 14:26:38 121675 830.3821
2019:05:06 14:26:38 122890 817.1760
2019:05:06 14:26:38 124119 818.6176
2019:05:06 14:26:38 124946 759.7841
2019:05:06 14:26:38 126168 818.9902
2019:05:06 14:26:38 127394 824.9804
2019:05:06 14:26:38 128217 815.7156
