
# OSU MPI Allreduce Latency Test v5.6.1
# Size       Avg Latency(us)
4096                 1050.22
2019:05:06 14:26:34 847074 827.7111
2019:05:06 14:26:34 848712 826.8654
2019:05:06 14:26:34 850351 821.8437
2019:05:06 14:26:34 851986 820.6926
2019:05:06 14:26:34 853628 828.4189
2019:05:06 14:26:34 855261 820.1860
2019:05:06 14:26:34 856904 826.6754
2019:05:06 14:26:34 858541 819.6235
2019:05:06 14:26:34 860177 820.3946
2019:05:06 14:26:34 861819 826.7835
2019:05:06 14:26:34 863454 819.9625
2019:05:06 14:26:34 865095 826.1576
2019:05:06 14:26:34 866731 820.1785
2019:05:06 14:26:34 868369 820.3238
2019:05:06 14:26:34 870010 826.9958
2019:05:06 14:26:34 871644 819.9736
2019:05:06 14:26:34 873287 826.1614
2019:05:06 14:26:34 874923 824.0752
2019:05:06 14:26:34 876560 819.8880
2019:05:06 14:26:34 878212 823.5350
2019:05:06 14:26:34 879842 823.8703
2019:05:06 14:26:34 881481 827.1076
2019:05:06 14:26:34 883120 825.0177
2019:05:06 14:26:34 884757 824.6452
2019:05:06 14:26:34 886398 823.5350
2019:05:06 14:26:34 888035 822.4398
2019:05:06 14:26:34 889676 829.1416
2019:05:06 14:26:34 891311 824.2242
2019:05:06 14:26:34 892949 822.4957
2019:05:06 14:26:34 894590 826.1278
2019:05:06 14:26:34 896228 826.3066
2019:05:06 14:26:34 897867 829.6669
2019:05:06 14:26:34 899502 823.6505
2019:05:06 14:26:34 901138 822.3429
2019:05:06 14:26:34 902779 825.9378
2019:05:06 14:26:34 904418 825.1630
2019:05:06 14:26:34 906055 825.6622
2019:05:06 14:26:34 907695 824.6787
2019:05:06 14:26:34 909330 821.4861
2019:05:06 14:26:34 910971 826.9362
2019:05:06 14:26:34 912610 824.9581
2019:05:06 14:26:34 914248 823.3413
2019:05:06 14:26:34 915882 819.8656
2019:05:06 14:26:34 917526 825.7627
2019:05:06 14:26:34 919163 824.0379
2019:05:06 14:26:34 920799 822.1045
2019:05:06 14:26:34 922438 821.8922
2019:05:06 14:26:34 924077 823.6691
2019:05:06 14:26:34 925717 826.0645
2019:05:06 14:26:34 927355 825.3381
2019:05:06 14:26:34 928993 825.0847
2019:05:06 14:26:34 930632 831.1942
2019:05:06 14:26:34 932267 821.8996
2019:05:06 14:26:34 933907 827.8675
2019:05:06 14:26:34 935546 828.8808
2019:05:06 14:26:34 937193 834.2974
2019:05:06 14:26:34 938823 836.1936
2019:05:06 14:26:34 940461 828.1954
2019:05:06 14:26:34 942102 831.9989
2019:05:06 14:26:34 943739 823.8368
2019:05:06 14:26:34 945380 828.0240
2019:05:06 14:26:34 947015 826.3029
2019:05:06 14:26:34 948652 823.8964
2019:05:06 14:26:34 950289 818.4016
2019:05:06 14:26:34 951929 827.6291
2019:05:06 14:26:34 953566 828.8696
2019:05:06 14:26:34 955207 834.4576
2019:05:06 14:26:34 956847 828.0650
2019:05:06 14:26:34 958481 820.1264
2019:05:06 14:26:34 960123 829.8382
2019:05:06 14:26:34 961761 827.0070
2019:05:06 14:26:34 963394 823.6356
2019:05:06 14:26:34 965037 829.8531
2019:05:06 14:26:34 966676 824.8277
2019:05:06 14:26:34 968313 824.4850
2019:05:06 14:26:34 969952 829.6892
2019:05:06 14:26:34 971588 825.3455
2019:05:06 14:26:34 973227 829.3912
2019:05:06 14:26:34 974862 824.3099
2019:05:06 14:26:34 976503 828.5157
2019:05:06 14:26:34 978144 831.3395
2019:05:06 14:26:34 979782 824.7085
2019:05:06 14:26:34 981421 825.8224
2019:05:06 14:26:34 983054 821.4973
2019:05:06 14:26:34 984695 827.6701
2019:05:06 14:26:34 986335 826.8207
2019:05:06 14:26:34 987972 830.3411
2019:05:06 14:26:34 989617 834.9679
2019:05:06 14:26:34 991246 821.8326
2019:05:06 14:26:34 992886 822.8682
2019:05:06 14:26:34 994524 823.3190
2019:05:06 14:26:34 996165 831.8461
2019:05:06 14:26:34 997803 828.7355
2019:05:06 14:26:34 999437 825.2263
2019:05:06 14:26:35 1077 822.3392
2019:05:06 14:26:35 2721 826.0161
2019:05:06 14:26:35 4354 824.5483
2019:05:06 14:26:35 5998 831.5444
2019:05:06 14:26:35 7627 818.9492
2019:05:06 14:26:35 9270 823.5127
2019:05:06 14:26:35 10906 824.1385
2019:05:06 14:26:35 12546 829.7972
2019:05:06 14:26:35 14188 828.0016
2019:05:06 14:26:35 15820 823.2929
2019:05:06 14:26:35 17465 827.1188
2019:05:06 14:26:35 19099 823.0321
2019:05:06 14:26:35 20739 831.3619
2019:05:06 14:26:35 22376 824.7495
2019:05:06 14:26:35 24012 824.9618
2019:05:06 14:26:35 25655 825.4126
2019:05:06 14:26:35 27291 828.0165
2019:05:06 14:26:35 28931 831.4475
2019:05:06 14:26:35 30568 824.0826
2019:05:06 14:26:35 32204 825.0102
2019:05:06 14:26:35 33850 828.1693
2019:05:06 14:26:35 35483 823.5946
2019:05:06 14:26:35 37122 830.5013
2019:05:06 14:26:35 38763 825.8186
2019:05:06 14:26:35 40398 827.5993
2019:05:06 14:26:35 42038 826.1241
2019:05:06 14:26:35 43676 825.4871
2019:05:06 14:26:35 45317 831.0825
2019:05:06 14:26:35 46954 828.0613
2019:05:06 14:26:35 48592 829.3390
2019:05:06 14:26:35 50232 810.9510
2019:05:06 14:26:35 51869 827.5956
2019:05:06 14:26:35 53510 834.5880
2019:05:06 14:26:35 55145 822.4733
2019:05:06 14:26:35 56782 827.3013
2019:05:06 14:26:35 58425 812.8062
2019:05:06 14:26:35 60059 827.2752
2019:05:06 14:26:35 61700 832.0436
2019:05:06 14:26:35 63341 828.4599
2019:05:06 14:26:35 64974 826.9399
2019:05:06 14:26:35 66614 822.7862
2019:05:06 14:26:35 68252 829.0820
2019:05:06 14:26:35 69893 833.6604
2019:05:06 14:26:35 71530 828.3854
2019:05:06 14:26:35 73166 827.0964
2019:05:06 14:26:35 74810 823.2109
2019:05:06 14:26:35 76444 829.2273
2019:05:06 14:26:35 78087 836.2494
2019:05:06 14:26:35 79721 829.3912
2019:05:06 14:26:35 81372 842.3850
2019:05:06 14:26:35 82999 832.9153
2019:05:06 14:26:35 84635 829.3837
2019:05:06 14:26:35 86277 826.0645
2019:05:06 14:26:35 87912 827.1784
2019:05:06 14:26:35 89551 830.2629
2019:05:06 14:26:35 91189 829.3912
2019:05:06 14:26:35 92827 829.2124
2019:05:06 14:26:35 94467 829.8010
2019:05:06 14:26:35 96104 824.3471
2019:05:06 14:26:35 97744 826.5674
2019:05:06 14:26:35 99382 815.7678
2019:05:06 14:26:35 101020 826.6680
2019:05:06 14:26:35 102658 825.0922
2019:05:06 14:26:35 104682 1211.8183
2019:05:06 14:26:35 105934 824.0826
2019:05:06 14:26:35 107573 836.6257
2019:05:06 14:26:35 109212 838.0562
2019:05:06 14:26:35 110843 830.8478
2019:05:06 14:26:35 112487 835.3479
2019:05:06 14:26:35 114127 824.8687
2019:05:06 14:26:35 115766 826.6680
2019:05:06 14:26:35 117404 825.9825
2019:05:06 14:26:35 119041 832.4571
2019:05:06 14:26:35 121066 1212.1350
2019:05:06 14:26:35 122313 817.1424
2019:05:06 14:26:35 123958 835.5342
2019:05:06 14:26:35 125599 834.3160
2019:05:06 14:26:35 127233 832.3677
2019:05:06 14:26:35 128871 825.4535
2019:05:06 14:26:35 130507 818.7294
2019:05:06 14:26:35 132147 825.0028
2019:05:06 14:26:35 133791 830.9819
2019:05:06 14:26:35 135427 833.0829
2019:05:06 14:26:35 137062 835.4113
2019:05:06 14:26:35 138700 822.0859
2019:05:06 14:26:35 140338 814.5794
2019:05:06 14:26:35 141978 826.6233
2019:05:06 14:26:35 143617 828.9479
2019:05:06 14:26:35 145255 823.9895
2019:05:06 14:26:35 146891 824.5260
2019:05:06 14:26:35 148531 832.6545
2019:05:06 14:26:35 150171 820.2344
2019:05:06 14:26:35 151808 827.6030
2019:05:06 14:26:35 153451 830.1698
2019:05:06 14:26:35 155081 825.8745
2019:05:06 14:26:35 157107 1209.1622
2019:05:06 14:26:35 158363 826.9176
2019:05:06 14:26:35 159998 828.9628
2019:05:06 14:26:35 161639 839.6953
2019:05:06 14:26:35 163275 823.9895
2019:05:06 14:26:35 164914 824.5260
2019:05:06 14:26:35 166553 821.6798
2019:05:06 14:26:35 168193 829.4396
2019:05:06 14:26:35 169833 828.5753
2019:05:06 14:26:35 171469 832.8110
2019:05:06 14:26:35 173107 825.2971
2019:05:06 14:26:35 174742 820.4989
2019:05:06 14:26:35 176382 827.6217
2019:05:06 14:26:35 178022 826.4855
2019:05:06 14:26:35 179660 826.4333
2019:05:06 14:26:35 181296 823.7138
2019:05:06 14:26:35 182935 824.9171
2019:05:06 14:26:35 184574 835.2846
2019:05:06 14:26:35 186212 818.8002
2019:05:06 14:26:35 187850 822.8570
2019:05:06 14:26:35 189493 829.2310
2019:05:06 14:26:35 191127 824.4365
2019:05:06 14:26:35 192765 826.8580
2019:05:06 14:26:35 194402 818.6884
2019:05:06 14:26:35 196039 827.1039
2019:05:06 14:26:35 197684 828.0389
2019:05:06 14:26:35 199318 825.7739
2019:05:06 14:26:35 200957 827.5285
2019:05:06 14:26:35 202595 819.5490
2019:05:06 14:26:35 204231 822.5366
2019:05:06 14:26:35 205873 826.9735
2019:05:06 14:26:35 207512 834.9717
2019:05:06 14:26:35 209148 834.8376
2019:05:06 14:26:35 210787 821.2700
2019:05:06 14:26:35 212421 820.9832
2019:05:06 14:26:35 214065 826.6680
2019:05:06 14:26:35 215704 827.6515
2019:05:06 14:26:35 217341 828.5940
2019:05:06 14:26:35 218978 825.3343
2019:05:06 14:26:35 220615 829.9388
2019:05:06 14:26:35 222253 815.6188
2019:05:06 14:26:35 223893 824.4663
2019:05:06 14:26:35 225542 836.3649
2019:05:06 14:26:35 227170 823.5872
2019:05:06 14:26:35 228806 830.6578
2019:05:06 14:26:35 230449 823.2035
2019:05:06 14:26:35 232083 827.3348
2019:05:06 14:26:35 233729 840.7496
2019:05:06 14:26:35 235365 825.6473
2019:05:06 14:26:35 237000 823.7176
2019:05:06 14:26:35 238638 820.9683
2019:05:06 14:26:35 240277 824.4887
2019:05:06 14:26:35 241921 832.8333
2019:05:06 14:26:35 243560 836.4171
2019:05:06 14:26:35 245190 827.1746
2019:05:06 14:26:35 246832 823.3935
2019:05:06 14:26:35 248468 824.3285
2019:05:06 14:26:35 250107 826.2955
2019:05:06 14:26:35 251744 823.8964
2019:05:06 14:26:35 253389 829.6706
2019:05:06 14:26:35 255016 829.5663
2019:05:06 14:26:35 257046 1222.4317
2019:05:06 14:26:35 258290 832.6694
2019:05:06 14:26:35 259937 836.2643
2019:05:06 14:26:35 261580 829.1192
2019:05:06 14:26:35 263213 823.5089
2019:05:06 14:26:35 264852 825.6622
2019:05:06 14:26:35 266492 823.0358
2019:05:06 14:26:35 268514 1214.5750
2019:05:06 14:26:35 269771 835.8732
2019:05:06 14:26:35 271406 838.0599
2019:05:06 14:26:35 273044 824.8687
2019:05:06 14:26:35 274681 821.9294
2019:05:06 14:26:35 276320 823.9113
2019:05:06 14:26:35 277964 829.6743
2019:05:06 14:26:35 279599 838.1829
2019:05:06 14:26:35 281238 826.5376
2019:05:06 14:26:35 282875 825.2002
2019:05:06 14:26:35 284514 827.0107
2019:05:06 14:26:35 286150 818.9976
2019:05:06 14:26:35 287788 823.0321
2019:05:06 14:26:35 289432 828.2773
2019:05:06 14:26:35 291059 833.8280
2019:05:06 14:26:35 293089 1221.0980
2019:05:06 14:26:35 294340 819.5676
2019:05:06 14:26:35 295982 827.8564
2019:05:06 14:26:35 297623 829.3763
2019:05:06 14:26:35 299255 825.9714
2019:05:06 14:26:35 300893 823.9374
2019:05:06 14:26:35 302527 812.6013
2019:05:06 14:26:35 304171 833.0680
2019:05:06 14:26:35 305813 827.5248
2019:05:06 14:26:35 307450 829.3539
2019:05:06 14:26:35 309087 825.5616
2019:05:06 14:26:35 310725 821.9332
2019:05:06 14:26:35 312364 826.6829
2019:05:06 14:26:35 314006 830.7546
2019:05:06 14:26:35 315639 823.6319
2019:05:06 14:26:35 317282 827.2901
2019:05:06 14:26:35 318916 820.7932
2019:05:06 14:26:35 320557 826.4445
2019:05:06 14:26:35 322196 823.6729
2019:05:06 14:26:35 323834 828.9143
2019:05:06 14:26:35 325473 826.6456
2019:05:06 14:26:35 327105 832.9190
2019:05:06 14:26:35 328748 837.4564
2019:05:06 14:26:35 330386 820.4430
2019:05:06 14:26:35 332026 829.1267
2019:05:06 14:26:35 333668 828.6200
2019:05:06 14:26:35 335299 822.6372
2019:05:06 14:26:35 336941 827.2864
2019:05:06 14:26:35 338573 813.6556
2019:05:06 14:26:35 340214 834.2490
2019:05:06 14:26:35 341856 839.8332
2019:05:06 14:26:35 343492 837.3447
2019:05:06 14:26:35 345124 836.0557
2019:05:06 14:26:35 346757 829.9612
2019:05:06 14:26:35 348001 1229.0627
2019:05:06 14:26:35 349635 847.0304
2019:05:06 14:26:35 351669 819.6048
2019:05:06 14:26:35 352914 842.2732
2019:05:06 14:26:35 354553 839.7251
2019:05:06 14:26:35 356190 824.6824
2019:05:06 14:26:35 357827 822.1269
2019:05:06 14:26:35 360266 1214.6346
2019:05:06 14:26:35 361505 828.6163
2019:05:06 14:26:35 363547 1232.0504
2019:05:06 14:26:35 364784 1222.6403
2019:05:06 14:26:35 366818 1230.5863
2019:05:06 14:26:35 367654 823.2109
2019:05:06 14:26:35 369693 1229.1037
2019:05:06 14:26:35 371331 1234.7624
2019:05:06 14:26:35 372966 1221.0868
2019:05:06 14:26:35 374601 1224.0224
2019:05:06 14:26:35 376252 1230.3963
2019:05:06 14:26:35 377481 1213.6847
2019:05:06 14:26:35 379120 1225.5125
2019:05:06 14:26:35 380758 837.5905
2019:05:06 14:26:35 382396 1224.3614
2019:05:06 14:26:35 384039 842.1354
2019:05:06 14:26:35 386078 832.7030
2019:05:06 14:26:35 387320 1229.3942
2019:05:06 14:26:35 388953 1225.5758
2019:05:06 14:26:35 390996 1233.2760
2019:05:06 14:26:35 392628 1227.2559
2019:05:06 14:26:35 393864 826.1055
2019:05:06 14:26:35 395914 1234.8145
2019:05:06 14:26:35 397553 1229.8189
2019:05:06 14:26:35 399997 1234.6990
2019:05:06 14:26:35 400833 820.8789
2019:05:06 14:26:35 403269 1209.9855
2019:05:06 14:26:35 404512 836.2159
2019:05:06 14:26:35 406158 838.4734
2019:05:06 14:26:35 407796 827.4876
2019:05:06 14:26:35 409435 820.5920
2019:05:06 14:26:35 411067 832.2746
2019:05:06 14:26:35 412710 836.4059
2019:05:06 14:26:35 414347 833.1984
2019:05:06 14:26:35 415986 828.1432
2019:05:06 14:26:35 417628 822.0673
2019:05:06 14:26:35 419260 821.7171
2019:05:06 14:26:35 420899 821.6724
2019:05:06 14:26:35 422537 818.6586
2019:05:06 14:26:35 424178 829.8084
2019:05:06 14:26:35 425818 827.1113
2019:05:06 14:26:35 427450 821.0503
2019:05:06 14:26:35 429092 824.6638
2019:05:06 14:26:35 430730 822.3318
2019:05:06 14:26:35 432368 826.2284
2019:05:06 14:26:35 434396 1212.7161
2019:05:06 14:26:35 435641 826.7984
2019:05:06 14:26:35 437284 835.6981
2019:05:06 14:26:35 438921 821.5085
2019:05:06 14:26:35 440560 827.2156
2019:05:06 14:26:35 442197 819.3143
2019:05:06 14:26:35 443834 821.7990
2019:05:06 14:26:35 445479 827.6887
2019:05:06 14:26:35 447115 832.6955
2019:05:06 14:26:35 448754 823.2035
2019:05:06 14:26:35 450390 819.4037
2019:05:06 14:26:35 452026 821.0018
2019:05:06 14:26:35 453670 827.4317
2019:05:06 14:26:35 455306 825.8447
2019:05:06 14:26:35 456944 827.9011
2019:05:06 14:26:35 458579 819.7613
2019:05:06 14:26:35 460217 825.3679
2019:05:06 14:26:35 461860 825.3008
2019:05:06 14:26:35 463498 826.0757
2019:05:06 14:26:35 465135 827.7334
2019:05:06 14:26:35 466773 821.7506
2019:05:06 14:26:35 468409 821.9071
2019:05:06 14:26:35 470051 826.9548
2019:05:06 14:26:35 471690 830.7993
2019:05:06 14:26:35 473326 818.9157
2019:05:06 14:26:35 474965 821.8177
2019:05:06 14:26:35 476601 822.3504
2019:05:06 14:26:35 478243 822.1306
2019:05:06 14:26:35 479880 825.2151
2019:05:06 14:26:35 481522 830.4603
2019:05:06 14:26:35 483159 834.4688
2019:05:06 14:26:35 484791 824.6303
2019:05:06 14:26:35 486434 825.7367
2019:05:06 14:26:35 488070 823.9858
2019:05:06 14:26:35 489712 829.1677
2019:05:06 14:26:35 491349 826.6233
2019:05:06 14:26:35 492984 821.7096
2019:05:06 14:26:35 494626 827.8862
2019:05:06 14:26:35 496264 834.7705
2019:05:06 14:26:35 497902 826.9958
2019:05:06 14:26:35 499538 823.7399
2019:05:06 14:26:35 501174 821.4526
2019:05:06 14:26:35 502817 827.1970
2019:05:06 14:26:35 504456 825.1779
2019:05:06 14:26:35 506099 832.8930
2019:05:06 14:26:35 507731 828.1842
2019:05:06 14:26:35 509375 829.7861
2019:05:06 14:26:35 511009 819.1578
2019:05:06 14:26:35 512650 828.9628
2019:05:06 14:26:35 514290 840.0269
2019:05:06 14:26:35 515917 835.2734
2019:05:06 14:26:35 517552 831.7605
2019:05:06 14:26:35 518794 1227.2745
2019:05:06 14:26:35 520430 1232.2366
2019:05:06 14:26:35 522475 1232.4564
2019:05:06 14:26:35 523699 824.1571
2019:05:06 14:26:35 525743 1233.2499
2019:05:06 14:26:35 526973 822.3951
2019:05:06 14:26:35 528620 834.2564
2019:05:06 14:26:35 530662 1229.9381
2019:05:06 14:26:35 532703 1226.3693
2019:05:06 14:26:35 533941 1231.8008
2019:05:06 14:26:35 535977 1219.4701
2019:05:06 14:26:35 537217 828.1879
2019:05:06 14:26:35 539263 1234.6171
2019:05:06 14:26:35 540902 1229.5321
2019:05:06 14:26:35 542131 1215.9795
2019:05:06 14:26:35 543768 1220.7665
2019:05:06 14:26:35 545406 830.2741
2019:05:06 14:26:35 547449 1235.2690
2019:05:06 14:26:35 549091 834.4501
2019:05:06 14:26:35 550727 1230.1765
2019:05:06 14:26:35 552360 1226.3730
2019:05:06 14:26:35 554004 1231.6033
2019:05:06 14:26:35 555247 1193.6240
2019:05:06 14:26:35 556880 1226.9095
2019:05:06 14:26:35 558523 846.7361
2019:05:06 14:26:35 560555 825.0661
2019:05:06 14:26:35 561804 1242.7419
2019:05:06 14:26:35 564241 1229.2415
2019:05:06 14:26:35 565880 1233.3728
2019:05:06 14:26:35 567517 1231.7374
2019:05:06 14:26:35 568749 1215.5436
2019:05:06 14:26:35 570798 1224.6221
2019:05:06 14:26:35 572448 1227.3043
2019:05:06 14:26:35 574084 1240.4434
2019:05:06 14:26:35 576123 1589.3243
2019:05:06 14:26:35 577771 1231.7598
2019:05:06 14:26:35 579805 1231.4767
2019:05:06 14:26:35 581452 1235.1125
2019:05:06 14:26:35 582681 1213.5096
2019:05:06 14:26:35 584723 1233.4213
2019:05:06 14:26:35 585954 1218.6095
2019:05:06 14:26:35 588006 1182.9920
2019:05:06 14:26:35 589649 832.1777
2019:05:06 14:26:35 591288 832.1665
2019:05:06 14:26:35 592924 823.5238
2019:05:06 14:26:35 594559 823.7325
2019:05:06 14:26:35 596206 827.9420
2019:05:06 14:26:35 597844 830.6354
2019:05:06 14:26:35 599480 818.6623
2019:05:06 14:26:35 601120 829.8121
2019:05:06 14:26:35 602759 823.9113
2019:05:06 14:26:35 604397 834.2676
2019:05:06 14:26:35 606036 829.8196
2019:05:06 14:26:35 607668 818.9976
2019:05:06 14:26:35 609313 831.7232
2019:05:06 14:26:35 610953 832.2671
2019:05:06 14:26:35 612990 1227.7700
2019:05:06 14:26:35 614624 1233.3915
2019:05:06 14:26:35 616262 1228.4704
2019:05:06 14:26:35 617502 1225.5721
2019:05:06 14:26:35 619538 1233.7156
2019:05:06 14:26:35 620779 1227.5018
2019:05:06 14:26:35 622816 1233.0264
2019:05:06 14:26:35 624053 1219.9953
2019:05:06 14:26:35 626081 1224.4172
2019:05:06 14:26:35 627726 1230.8285
2019:05:06 14:26:35 629367 1238.6031
2019:05:06 14:26:35 630609 1225.3039
2019:05:06 14:26:35 632238 834.1782
2019:05:06 14:26:35 634285 1236.8150
2019:05:06 14:26:35 635932 832.5353
2019:05:06 14:26:35 637569 828.9032
2019:05:06 14:26:35 639215 840.0083
2019:05:06 14:26:35 640849 833.8653
2019:05:06 14:26:35 642484 824.7904
2019:05:06 14:26:35 644125 824.3360
2019:05:06 14:26:35 645774 845.0747
2019:05:06 14:26:35 647402 826.5749
2019:05:06 14:26:35 649038 827.9011
2019:05:06 14:26:35 650674 822.1827
2019:05:06 14:26:35 652318 829.6743
2019:05:06 14:26:35 653957 836.1414
2019:05:06 14:26:35 655593 834.6513
2019:05:06 14:26:35 657232 832.7439
2019:05:06 14:26:35 658867 827.7670
2019:05:06 14:26:35 660508 832.1851
2019:05:06 14:26:35 662144 827.4727
2019:05:06 14:26:35 663784 834.5954
2019:05:06 14:26:35 665426 833.5598
2019:05:06 14:26:35 667057 826.6941
2019:05:06 14:26:35 668700 830.6019
2019:05:06 14:26:35 670339 826.4445
2019:05:06 14:26:35 671975 836.1377
2019:05:06 14:26:35 673618 827.1560
2019:05:06 14:26:35 675255 834.8785
2019:05:06 14:26:35 676892 830.4790
2019:05:06 14:26:35 678536 825.6659
2019:05:06 14:26:35 680168 830.3970
2019:05:06 14:26:35 681810 829.7637
2019:05:06 14:26:35 683441 829.6706
2019:05:06 14:26:35 685084 831.6673
2019:05:06 14:26:35 686723 827.3199
2019:05:06 14:26:35 688360 825.8484
2019:05:06 14:26:35 690000 836.2383
2019:05:06 14:26:35 691634 828.9441
2019:05:06 14:26:35 693273 828.4412
2019:05:06 14:26:35 694913 825.9304
2019:05:06 14:26:35 696551 832.8855
2019:05:06 14:26:35 698188 826.3998
2019:05:06 14:26:35 699827 833.1537
2019:05:06 14:26:35 701470 834.5842
2019:05:06 14:26:35 703105 829.0447
2019:05:06 14:26:35 704744 833.2953
2019:05:06 14:26:35 706382 823.2519
2019:05:06 14:26:35 708017 832.2299
2019:05:06 14:26:35 709664 833.5710
2019:05:06 14:26:35 711299 831.2650
2019:05:06 14:26:35 712937 830.3262
2019:05:06 14:26:35 714573 826.8282
2019:05:06 14:26:35 716210 826.6307
2019:05:06 14:26:35 717852 830.7919
2019:05:06 14:26:35 719488 830.0617
2019:05:06 14:26:35 721127 833.5635
2019:05:06 14:26:35 722765 822.9576
2019:05:06 14:26:35 724401 831.1830
2019:05:06 14:26:35 726046 834.7221
2019:05:06 14:26:35 727679 828.9069
2019:05:06 14:26:35 729318 832.6359
2019:05:06 14:26:35 730956 829.2235
2019:05:06 14:26:35 732593 830.1847
2019:05:06 14:26:35 734233 829.9947
2019:05:06 14:26:35 735871 830.2703
2019:05:06 14:26:35 737513 839.4420
2019:05:06 14:26:35 739147 831.1011
2019:05:06 14:26:35 740784 827.0331
2019:05:06 14:26:35 742425 826.9064
2019:05:06 14:26:35 744064 830.6205
2019:05:06 14:26:35 745702 833.0457
2019:05:06 14:26:35 747352 842.3217
2019:05:06 14:26:35 748976 830.5833
2019:05:06 14:26:35 750615 829.7898
2019:05:06 14:26:35 752257 834.1968
2019:05:06 14:26:35 753895 832.3528
2019:05:06 14:26:35 755532 833.4368
2019:05:06 14:26:35 757169 819.4894
2019:05:06 14:26:35 758804 816.2819
2019:05:06 14:26:35 760450 836.4096
2019:05:06 14:26:35 762081 834.1111
2019:05:06 14:26:35 764125 1226.3618
2019:05:06 14:26:35 765770 1231.2196
2019:05:06 14:26:35 767398 1219.4104
2019:05:06 14:26:35 769036 1224.0447
2019:05:06 14:26:35 770679 1238.2902
2019:05:06 14:26:35 772311 1230.3554
2019:05:06 14:26:35 773945 1216.9406
2019:05:06 14:26:35 775161 813.3277
2019:05:06 14:26:35 776824 838.0562
2019:05:06 14:26:35 778061 840.4553
2019:05:06 14:26:35 779690 820.7075
2019:05:06 14:26:35 781333 824.8240
2019:05:06 14:26:35 782972 823.5015
2019:05:06 14:26:35 784610 837.2143
2019:05:06 14:26:35 786250 811.9978
2019:05:06 14:26:35 787887 823.0209
2019:05:06 14:26:35 789530 829.2310
2019:05:06 14:26:35 791164 829.5998
2019:05:06 14:26:35 792801 826.1986
2019:05:06 14:26:35 794439 825.1779
2019:05:06 14:26:35 796079 827.3087
2019:05:06 14:26:35 797724 839.9561
2019:05:06 14:26:35 799358 825.9267
2019:05:06 14:26:35 800997 828.9479
2019:05:06 14:26:35 803019 1209.2106
2019:05:06 14:26:35 804280 833.6566
2019:05:06 14:26:35 805912 836.0147
2019:05:06 14:26:35 807550 836.6816
2019:05:06 14:26:35 809188 830.1027
2019:05:06 14:26:35 810825 824.1571
2019:05:06 14:26:35 812459 822.0188
2019:05:06 14:26:35 814100 824.1385
2019:05:06 14:26:35 815740 826.3364
2019:05:06 14:26:35 817378 827.8824
2019:05:06 14:26:35 819015 831.5966
2019:05:06 14:26:35 820650 829.0708
2019:05:06 14:26:35 822294 821.9667
2019:05:06 14:26:35 823927 815.3431
2019:05:06 14:26:35 825572 830.5162
2019:05:06 14:26:35 827207 825.2449
2019:05:06 14:26:35 828844 824.0677
2019:05:06 14:26:35 830485 822.5031
2019:05:06 14:26:35 832121 828.5195
2019:05:06 14:26:35 833765 840.4814
2019:05:06 14:26:35 835401 826.8915
2019:05:06 14:26:35 837034 822.4994
2019:05:06 14:26:35 838675 821.4340
2019:05:06 14:26:35 840313 824.4254
2019:05:06 14:26:35 841960 835.9179
2019:05:06 14:26:35 843977 1216.2104
2019:05:06 14:26:35 845226 820.6740
2019:05:06 14:26:35 846866 834.9419
2019:05:06 14:26:35 848507 837.9593
2019:05:06 14:26:35 850144 829.3800
2019:05:06 14:26:35 851783 825.5243
2019:05:06 14:26:35 853418 822.2833
2019:05:06 14:26:35 855060 833.9360
2019:05:06 14:26:35 856698 834.4427
2019:05:06 14:26:35 858336 822.3653
2019:05:06 14:26:35 859974 825.0661
2019:05:06 14:26:35 861614 827.0815
2019:05:06 14:26:35 863248 823.4158
2019:05:06 14:26:35 864889 825.4685
2019:05:06 14:26:35 866524 815.1643
2019:05:06 14:26:35 868164 833.0308
2019:05:06 14:26:35 869805 825.3567
2019:05:06 14:26:35 871442 824.8277
2019:05:06 14:26:35 873080 825.0475
2019:05:06 14:26:35 874720 824.4924
2019:05:06 14:26:35 876356 823.7585
2019:05:06 14:26:35 878001 829.8233
2019:05:06 14:26:35 879634 835.3628
2019:05:06 14:26:35 881272 824.5744
2019:05:06 14:26:35 882912 825.4647
2019:05:06 14:26:35 884548 823.1252
2019:05:06 14:26:35 886184 817.8055
2019:05:06 14:26:35 887828 826.8133
2019:05:06 14:26:35 889464 825.4349
2019:05:06 14:26:35 891106 842.6085
2019:05:06 14:26:35 892743 826.0123
2019:05:06 14:26:35 894376 816.3825
2019:05:06 14:26:35 896018 825.7031
2019:05:06 14:26:35 897659 828.3220
2019:05:06 14:26:35 899294 827.3683
2019:05:06 14:26:35 900933 825.3977
2019:05:06 14:26:35 902565 817.8577
2019:05:06 14:26:35 904208 833.0680
2019:05:06 14:26:35 905851 827.5583
2019:05:06 14:26:35 907486 828.3369
2019:05:06 14:26:35 909121 821.8847
2019:05:06 14:26:35 910757 819.1615
2019:05:06 14:26:35 912398 824.0417
2019:05:06 14:26:35 914037 824.6489
2019:05:06 14:26:35 915673 832.7030
2019:05:06 14:26:35 917312 822.7341
2019:05:06 14:26:35 918949 821.6873
2019:05:06 14:26:35 920590 825.5541
2019:05:06 14:26:35 922228 821.9033
2019:05:06 14:26:35 923868 828.6685
2019:05:06 14:26:35 925508 827.4391
2019:05:06 14:26:35 927144 831.9542
2019:05:06 14:26:35 928782 828.4375
2019:05:06 14:26:35 930418 818.8412
2019:05:06 14:26:35 932056 824.8352
2019:05:06 14:26:35 933697 825.1145
2019:05:06 14:26:35 935332 821.1136
2019:05:06 14:26:35 936971 822.2610
2019:05:06 14:26:35 938608 819.3441
2019:05:06 14:26:35 940249 833.2171
2019:05:06 14:26:35 941897 845.3988
2019:05:06 14:26:35 943518 830.1847
2019:05:06 14:26:35 945166 836.3128
2019:05:06 14:26:35 946805 826.2992
2019:05:06 14:26:35 948442 828.0687
2019:05:06 14:26:35 950086 831.7046
2019:05:06 14:26:35 951716 826.2582
2019:05:06 14:26:35 953366 834.0813
2019:05:06 14:26:35 954994 815.2910
2019:05:06 14:26:35 956633 827.7334
2019:05:06 14:26:35 958270 817.9173
2019:05:06 14:26:35 959905 820.4393
2019:05:06 14:26:35 961553 830.3672
2019:05:06 14:26:35 963187 827.2342
2019:05:06 14:26:35 964826 836.0706
2019:05:06 14:26:35 966867 1220.0959
2019:05:06 14:26:35 968498 1220.4759
2019:05:06 14:26:35 970139 1230.9253
2019:05:06 14:26:35 971374 830.6094
2019:05:06 14:26:35 973423 1237.4073
2019:05:06 14:26:35 975067 1228.1425
2019:05:06 14:26:35 976706 842.4632
2019:05:06 14:26:35 978745 1228.8913
2019:05:06 14:26:35 980379 1222.0070
2019:05:06 14:26:35 982024 1222.7222
2019:05:06 14:26:35 983657 1227.2708
2019:05:06 14:26:35 985301 1234.1402
2019:05:06 14:26:35 986943 832.2857
2019:05:06 14:26:35 988574 824.4850
2019:05:06 14:26:35 990220 818.2786
2019:05:06 14:26:35 991857 822.4621
2019:05:06 14:26:35 993501 831.6785
2019:05:06 14:26:35 995132 818.5320
2019:05:06 14:26:35 996768 824.0454
2019:05:06 14:26:35 998407 817.9210
2019:05:06 14:26:36 60 836.8567
2019:05:06 14:26:36 1690 816.6321
2019:05:06 14:26:36 3326 824.6340
2019:05:06 14:26:36 4962 818.1520
2019:05:06 14:26:36 6599 809.9936
2019:05:06 14:26:36 8239 824.2764
2019:05:06 14:26:36 9884 833.4443
2019:05:06 14:26:36 11518 831.6860
2019:05:06 14:26:36 13153 817.7646
2019:05:06 14:26:36 14795 818.4873
2019:05:06 14:26:36 16431 821.6985
2019:05:06 14:26:36 18069 828.1171
2019:05:06 14:26:36 19703 818.7145
2019:05:06 14:26:36 21341 816.8779
2019:05:06 14:26:36 22984 821.7506
2019:05:06 14:26:36 24624 830.4268
2019:05:06 14:26:36 26266 821.3781
2019:05:06 14:26:36 27901 824.2503
2019:05:06 14:26:36 29941 1221.9585
2019:05:06 14:26:36 31576 1224.3204
2019:05:06 14:26:36 32811 1221.7388
2019:05:06 14:26:36 34454 1226.3432
2019:05:06 14:26:36 36500 842.1801
2019:05:06 14:26:36 38137 1236.4089
2019:05:06 14:26:36 39775 828.5046
2019:05:06 14:26:36 41422 833.7982
2019:05:06 14:26:36 43058 831.5891
2019:05:06 14:26:36 44693 820.4207
2019:05:06 14:26:36 46331 821.2551
2019:05:06 14:26:36 47969 828.0240
2019:05:06 14:26:36 49614 836.9200
2019:05:06 14:26:36 51246 828.7616
2019:05:06 14:26:36 52885 831.3619
2019:05:06 14:26:36 54523 825.4200
2019:05:06 14:26:36 56159 826.1725
2019:05:06 14:26:36 57805 835.4895
2019:05:06 14:26:36 59441 835.5267
2019:05:06 14:26:36 61074 830.1660
2019:05:06 14:26:36 62715 822.6931
2019:05:06 14:26:36 64351 826.7574
2019:05:06 14:26:36 65993 829.9388
2019:05:06 14:26:36 67630 829.3502
2019:05:06 14:26:36 69270 834.0962
2019:05:06 14:26:36 70906 829.7563
2019:05:06 14:26:36 72944 1220.6510
2019:05:06 14:26:36 74577 1213.9268
2019:05:06 14:26:36 76222 1229.1633
2019:05:06 14:26:36 77862 828.2773
2019:05:06 14:26:36 79504 1236.0811
2019:05:06 14:26:36 81555 1242.5855
2019:05:06 14:26:36 83175 1214.9364
2019:05:06 14:26:36 84811 1217.5068
2019:05:06 14:26:36 86056 827.0293
2019:05:06 14:26:36 88099 1236.6660
2019:05:06 14:26:36 89742 1228.3623
2019:05:06 14:26:36 90959 808.8462
2019:05:06 14:26:36 93010 1230.0387
2019:05:06 14:26:36 94251 837.3894
2019:05:06 14:26:36 96286 1233.4920
2019:05:06 14:26:36 97927 1232.0541
2019:05:06 14:26:36 99557 1216.2738
2019:05:06 14:26:36 101195 1221.8393
2019:05:06 14:26:36 102841 1218.4121
2019:05:06 14:26:36 104486 1229.6401
2019:05:06 14:26:36 106132 1240.4844
2019:05:06 14:26:36 107749 1217.8011
2019:05:06 14:26:36 109402 1233.8422
2019:05:06 14:26:36 110629 833.2357
2019:05:06 14:26:36 112687 833.0792
2019:05:06 14:26:36 114325 1234.7475
2019:05:06 14:26:36 116380 846.2854
2019:05:06 14:26:36 117595 1211.2707
2019:05:06 14:26:36 119638 1231.6778
2019:05:06 14:26:36 121270 1220.5057
2019:05:06 14:26:36 122918 1229.8562
2019:05:06 14:26:36 124559 1232.2627
2019:05:06 14:26:36 126196 818.9268
2019:05:06 14:26:36 128222 811.4055
2019:05:06 14:26:36 129516 460.3453
2019:05:06 14:26:36 131119 1246.1469
2019:05:06 14:26:36 132761 844.9741
2019:05:06 14:26:36 135192 1215.0034
2019:05:06 14:26:36 136834 1215.7485
2019:05:06 14:26:36 138063 814.3038
2019:05:06 14:26:36 139711 830.8776
2019:05:06 14:26:36 141356 836.5773
2019:05:06 14:26:36 142993 833.6976
2019:05:06 14:26:36 144632 828.4263
2019:05:06 14:26:36 146670 1214.9364
2019:05:06 14:26:36 148301 1217.3988
2019:05:06 14:26:36 149946 1226.1309
2019:05:06 14:26:36 151583 830.7882
2019:05:06 14:26:36 152825 1230.0424
2019:05:06 14:26:36 154860 829.4061
2019:05:06 14:26:36 156503 830.9595
2019:05:06 14:26:36 158147 1243.0884
2019:05:06 14:26:36 160183 1226.5220
2019:05:06 14:26:36 161818 1224.5551
2019:05:06 14:26:36 163458 1219.6973
2019:05:06 14:26:36 165103 1226.5891
2019:05:06 14:26:36 166737 1219.4216
2019:05:06 14:26:36 168376 1220.6957
2019:05:06 14:26:36 170025 1239.2066
2019:05:06 14:26:36 171659 1240.4583
2019:05:06 14:26:36 173295 1234.8667
2019:05:06 14:26:36 174936 1234.4718
2019:05:06 14:26:36 176566 1227.8296
2019:05:06 14:26:36 177816 1233.4548
2019:05:06 14:26:36 179852 1241.6020
2019:05:06 14:26:36 181503 839.8965
2019:05:06 14:26:36 183132 829.0298
2019:05:06 14:26:36 184775 832.7663
2019:05:06 14:26:36 186413 824.3471
2019:05:06 14:26:36 188048 831.3209
2019:05:06 14:26:36 189694 835.8136
2019:05:06 14:26:36 191329 833.7423
2019:05:06 14:26:36 192966 835.6832
2019:05:06 14:26:36 194605 828.9702
2019:05:06 14:26:36 196239 829.9090
2019:05:06 14:26:36 197882 832.6583
2019:05:06 14:26:36 199516 828.4897
2019:05:06 14:26:36 201156 829.1639
2019:05:06 14:26:36 202796 827.8526
2019:05:06 14:26:36 204433 835.0462
2019:05:06 14:26:36 206073 835.2809
2019:05:06 14:26:36 207706 829.2682
2019:05:06 14:26:36 209356 841.1482
2019:05:06 14:26:36 210985 829.4769
2019:05:06 14:26:36 212623 833.4666
2019:05:06 14:26:36 214261 820.9571
2019:05:06 14:26:36 215899 828.3369
2019:05:06 14:26:36 217544 836.4469
2019:05:06 14:26:36 219178 834.0031
2019:05:06 14:26:36 220818 833.6455
2019:05:06 14:26:36 222455 826.5935
2019:05:06 14:26:36 224090 831.1868
2019:05:06 14:26:36 225737 830.3598
2019:05:06 14:26:36 227372 829.0745
2019:05:06 14:26:36 229006 826.9697
2019:05:06 14:26:36 230646 829.6855
2019:05:06 14:26:36 232282 818.6884
2019:05:06 14:26:36 233924 834.2788
2019:05:06 14:26:36 235561 833.0606
2019:05:06 14:26:36 237198 832.7067
2019:05:06 14:26:36 238837 827.1225
2019:05:06 14:26:36 240472 824.9320
2019:05:06 14:26:36 242116 832.0734
2019:05:06 14:26:36 243750 828.2773
2019:05:06 14:26:36 245395 837.1919
2019:05:06 14:26:36 247029 829.6445
2019:05:06 14:26:36 248665 828.9777
2019:05:06 14:26:36 250308 831.3991
2019:05:06 14:26:36 251951 839.3414
2019:05:06 14:26:36 253587 831.5817
2019:05:06 14:26:36 255222 827.2491
2019:05:06 14:26:36 256856 826.4296
2019:05:06 14:26:36 258498 832.2895
2019:05:06 14:26:36 260135 831.7046
2019:05:06 14:26:36 261777 836.5400
2019:05:06 14:26:36 263418 839.6469
2019:05:06 14:26:36 265046 829.5402
2019:05:06 14:26:36 266690 832.5055
2019:05:06 14:26:36 268326 831.8760
2019:05:06 14:26:36 269967 837.8141
2019:05:06 14:26:36 271604 832.5651
2019:05:06 14:26:36 273238 828.0315
2019:05:06 14:26:36 274882 828.5791
2019:05:06 14:26:36 276519 828.3108
2019:05:06 14:26:36 278159 838.9130
2019:05:06 14:26:36 279797 830.5050
2019:05:06 14:26:36 281432 829.4545
2019:05:06 14:26:36 283071 830.8403
2019:05:06 14:26:36 284710 832.2373
2019:05:06 14:26:36 286345 826.1241
2019:05:06 14:26:36 287988 821.9071
2019:05:06 14:26:36 289627 830.8887
2019:05:06 14:26:36 291263 827.7595
2019:05:06 14:26:36 292901 829.9574
2019:05:06 14:26:36 294542 829.3465
2019:05:06 14:26:36 296176 830.2517
2019:05:06 14:26:36 297821 835.7763
2019:05:06 14:26:36 299460 837.1882
2019:05:06 14:26:36 301096 831.4550
2019:05:06 14:26:36 302733 827.2082
2019:05:06 14:26:36 304370 827.6626
2019:05:06 14:26:36 306408 1220.0102
2019:05:06 14:26:36 308043 1219.9283
2019:05:06 14:26:36 309681 1222.6701
2019:05:06 14:26:36 311320 1232.0690
2019:05:06 14:26:36 312549 1210.7082
2019:05:06 14:26:36 314198 839.6767
2019:05:06 14:26:36 316238 831.2277
2019:05:06 14:26:36 317886 829.8494
2019:05:06 14:26:36 319522 827.5956
2019:05:06 14:26:36 321162 830.8664
2019:05:06 14:26:36 322803 822.7937
2019:05:06 14:26:36 324838 1219.3434
2019:05:06 14:26:36 326478 1224.3167
2019:05:06 14:26:36 328111 1221.5674
2019:05:06 14:26:36 329756 1232.7358
2019:05:06 14:26:36 331392 1235.9656
2019:05:06 14:26:36 332624 829.6296
2019:05:06 14:26:36 334655 1221.8468
2019:05:06 14:26:36 336307 1232.2329
2019:05:06 14:26:36 337550 1226.4922
2019:05:06 14:26:36 339586 1235.3174
2019:05:06 14:26:36 341224 1235.2429
2019:05:06 14:26:36 342863 1232.2254
2019:05:06 14:26:36 344494 1228.2729
2019:05:06 14:26:36 345743 1229.0217
2019:05:06 14:26:36 347378 1227.7886
2019:05:06 14:26:36 349420 838.8124
2019:05:06 14:26:36 351062 830.6950
2019:05:06 14:26:36 352699 831.7009
2019:05:06 14:26:36 354343 835.0499
2019:05:06 14:26:36 355977 827.2901
2019:05:06 14:26:36 358017 1223.8845
2019:05:06 14:26:36 359657 1223.2512
2019:05:06 14:26:36 361292 1226.3842
2019:05:06 14:26:36 362925 1216.1843
2019:05:06 14:26:36 364563 1229.7258
2019:05:06 14:26:36 366205 1225.2331
2019:05:06 14:26:36 367847 1232.2217
2019:05:06 14:26:36 369084 832.6210
2019:05:06 14:26:36 371119 1227.8333
2019:05:06 14:26:36 372771 1237.5936
2019:05:06 14:26:36 373997 1220.0139
2019:05:06 14:26:36 376040 1240.7973
2019:05:06 14:26:36 377681 1235.4031
2019:05:06 14:26:36 379307 1224.5588
2019:05:06 14:26:36 380554 1226.5854
2019:05:06 14:26:36 382597 1238.0853
2019:05:06 14:26:36 384235 830.4343
2019:05:06 14:26:36 385872 827.4019
2019:05:06 14:26:36 387521 832.3826
2019:05:06 14:26:36 389153 823.5574
2019:05:06 14:26:36 390792 829.1937
2019:05:06 14:26:36 392430 827.5397
2019:05:06 14:26:36 394468 1223.4263
2019:05:06 14:26:36 396107 1225.9483
2019:05:06 14:26:36 397741 1222.9793
2019:05:06 14:26:36 399385 1233.8422
2019:05:06 14:26:36 400614 829.4098
2019:05:06 14:26:36 402240 820.8267
2019:05:06 14:26:36 403900 830.2294
2019:05:06 14:26:36 405541 838.5926
2019:05:06 14:26:36 407180 840.9619
2019:05:06 14:26:36 408815 823.9523
2019:05:06 14:26:36 410448 821.7059
2019:05:06 14:26:36 412090 821.5867
2019:05:06 14:26:36 413731 834.9679
2019:05:06 14:26:36 415367 831.9952
2019:05:06 14:26:36 417005 830.4492
2019:05:06 14:26:36 418638 822.7192
2019:05:06 14:26:36 420284 827.7856
2019:05:06 14:26:36 421923 830.8738
2019:05:06 14:26:36 423559 831.0303
2019:05:06 14:26:36 425197 831.9877
2019:05:06 14:26:36 426834 829.1453
2019:05:06 14:26:36 428474 829.9462
2019:05:06 14:26:36 430115 837.4117
2019:05:06 14:26:36 431750 834.5023
2019:05:06 14:26:36 433391 831.2054
2019:05:06 14:26:36 435026 830.2592
2019:05:06 14:26:36 436666 830.4007
2019:05:06 14:26:36 438303 825.4312
2019:05:06 14:26:36 439943 832.9749
2019:05:06 14:26:36 441582 834.4352
2019:05:06 14:26:36 443220 833.3996
2019:05:06 14:26:36 444856 831.7344
2019:05:06 14:26:36 446496 831.9169
2019:05:06 14:26:36 448133 830.8738
2019:05:06 14:26:36 449781 838.6187
2019:05:06 14:26:36 451409 830.1623
2019:05:06 14:26:36 453049 832.0399
2019:05:06 14:26:36 454685 826.3774
2019:05:06 14:26:36 456326 826.9995
2019:05:06 14:26:36 457964 835.5379
2019:05:06 14:26:36 459599 827.7781
2019:05:06 14:26:36 461240 828.8994
2019:05:06 14:26:36 462879 833.8504
2019:05:06 14:26:36 464518 832.3267
2019:05:06 14:26:36 466156 831.8685
2019:05:06 14:26:36 467791 832.0026
2019:05:06 14:26:36 469435 831.4960
2019:05:06 14:26:36 471070 833.9249
2019:05:06 14:26:36 472708 832.2075
2019:05:06 14:26:36 474732 1210.7231
2019:05:06 14:26:36 475981 828.0352
2019:05:06 14:26:36 477629 840.5410
2019:05:06 14:26:36 479268 835.7614
2019:05:06 14:26:36 481302 1224.5663
2019:05:06 14:26:36 482539 820.4617
2019:05:06 14:26:36 484571 1225.9260
2019:05:06 14:26:36 486220 1228.6529
2019:05:06 14:26:36 487847 1220.5839
2019:05:06 14:26:36 489491 1228.4890
2019:05:06 14:26:36 490720 824.0007
2019:05:06 14:26:36 492351 1209.8663
2019:05:06 14:26:36 494005 1237.9587
2019:05:06 14:26:36 495633 1233.5815
2019:05:06 14:26:36 497280 1233.9279
2019:05:06 14:26:36 499327 1227.1143
2019:05:06 14:26:36 500957 1233.3803
2019:05:06 14:26:36 502603 828.0985
2019:05:06 14:26:36 504239 822.0077
2019:05:06 14:26:36 505886 826.0049
2019:05:06 14:26:36 507521 823.9076
2019:05:06 14:26:36 509158 820.6256
2019:05:06 14:26:36 510792 815.6858
2019:05:06 14:26:36 512436 822.6745
2019:05:06 14:26:36 514077 824.3248
2019:05:06 14:26:36 515711 825.9341
2019:05:06 14:26:36 517354 831.0378
2019:05:06 14:26:36 518985 817.2542
2019:05:06 14:26:36 520627 828.1469
2019:05:06 14:26:36 522265 818.0402
2019:05:06 14:26:36 523904 824.9842
2019:05:06 14:26:36 525546 828.2289
2019:05:06 14:26:36 527176 822.7974
2019:05:06 14:26:36 528816 819.5825
2019:05:06 14:26:36 530868 1227.6806
2019:05:06 14:26:36 532502 1235.4329
2019:05:06 14:26:36 534144 1221.7872
2019:05:06 14:26:36 536188 841.3680
2019:05:06 14:26:36 537831 840.5671
2019:05:06 14:26:36 539465 816.6619
2019:05:06 14:26:36 541107 824.9357
2019:05:06 14:26:36 542744 822.2759
2019:05:06 14:26:36 544383 827.6217
2019:05:06 14:26:36 546020 824.1162
2019:05:06 14:26:36 547654 819.3888
2019:05:06 14:26:36 549296 823.9821
2019:05:06 14:26:36 550935 819.8135
2019:05:06 14:26:36 552574 827.3087
2019:05:06 14:26:36 554211 813.1117
2019:05:06 14:26:36 555849 821.9741
2019:05:06 14:26:36 557494 828.8063
2019:05:06 14:26:36 559128 824.1050
2019:05:06 14:26:36 560766 831.6785
2019:05:06 14:26:36 562793 1210.1866
2019:05:06 14:26:36 564039 812.3182
2019:05:06 14:26:36 565684 828.1022
2019:05:06 14:26:36 567320 825.2822
2019:05:06 14:26:36 568957 826.7388
2019:05:06 14:26:36 570596 821.5196
2019:05:06 14:26:36 572230 819.0908
2019:05:06 14:26:36 573874 826.3253
2019:05:06 14:26:36 575512 821.8661
2019:05:06 14:26:36 577148 826.1725
2019:05:06 14:26:36 578786 818.7555
2019:05:06 14:26:36 580420 819.3478
2019:05:06 14:26:36 582065 822.4361
2019:05:06 14:26:36 583698 819.9923
2019:05:06 14:26:36 585338 824.4962
2019:05:06 14:26:36 587368 1208.5363
2019:05:06 14:26:36 588614 813.2271
2019:05:06 14:26:36 590255 818.4537
2019:05:06 14:26:36 591894 824.8873
2019:05:06 14:26:36 593537 831.5966
2019:05:06 14:26:36 595169 822.5553
2019:05:06 14:26:36 596806 821.4936
2019:05:06 14:26:36 598446 822.3355
2019:05:06 14:26:36 600087 825.7516
2019:05:06 14:26:36 601729 831.4885
2019:05:06 14:26:36 603362 817.0195
2019:05:06 14:26:36 604998 822.1529
2019:05:06 14:26:36 606640 823.0321
2019:05:06 14:26:36 608279 825.8335
2019:05:06 14:26:36 609918 828.2177
2019:05:06 14:26:36 611553 820.9571
2019:05:06 14:26:36 613190 822.3653
2019:05:06 14:26:36 614832 823.4382
2019:05:06 14:26:36 616469 825.9378
2019:05:06 14:26:36 618109 833.0271
2019:05:06 14:26:36 619745 824.7867
2019:05:06 14:26:36 621382 823.7623
2019:05:06 14:26:36 623022 824.7830
2019:05:06 14:26:36 624658 822.9353
2019:05:06 14:26:36 626298 823.6282
2019:05:06 14:26:36 628325 1212.7496
2019:05:06 14:26:36 629575 824.4999
2019:05:06 14:26:36 631215 835.8061
2019:05:06 14:26:36 632853 827.2752
2019:05:06 14:26:36 634492 821.3595
2019:05:06 14:26:36 636128 824.7495
2019:05:06 14:26:36 637769 826.4668
2019:05:06 14:26:36 639404 823.8591
2019:05:06 14:26:36 641043 823.0954
2019:05:06 14:26:36 642686 824.4701
2019:05:06 14:26:36 644321 823.6654
2019:05:06 14:26:36 645959 824.6228
2019:05:06 14:26:36 647597 823.5611
2019:05:06 14:26:36 649236 826.8580
2019:05:06 14:26:36 650874 825.6733
2019:05:06 14:26:36 652511 824.1981
2019:05:06 14:26:36 654152 825.0698
2019:05:06 14:26:36 655790 825.2151
2019:05:06 14:26:36 657428 825.2673
2019:05:06 14:26:36 659064 824.1870
2019:05:06 14:26:36 660706 827.1337
2019:05:06 14:26:36 662342 816.6954
2019:05:06 14:26:36 663981 824.8389
2019:05:06 14:26:36 665625 831.0787
2019:05:06 14:26:36 667258 828.3034
2019:05:06 14:26:36 668897 825.6249
2019:05:06 14:26:36 670534 822.8458
2019:05:06 14:26:36 672170 824.0938
2019:05:06 14:26:36 673812 827.3982
2019:05:06 14:26:36 675447 825.9006
2019:05:06 14:26:36 677087 824.7979
2019:05:06 14:26:36 678722 819.5266
2019:05:06 14:26:36 680363 823.6654
2019:05:06 14:26:36 682007 830.1660
2019:05:06 14:26:36 683650 837.4304
2019:05:06 14:26:36 685279 828.5604
2019:05:06 14:26:36 686915 822.3690
2019:05:06 14:26:36 688556 825.8894
2019:05:06 14:26:36 690191 823.9746
2019:05:06 14:26:36 691830 825.8969
2019:05:06 14:26:36 693471 825.1481
2019:05:06 14:26:36 695107 827.0256
2019:05:06 14:26:36 696747 832.4645
2019:05:06 14:26:36 698385 820.6107
2019:05:06 14:26:36 700024 827.4764
2019:05:06 14:26:36 701666 828.8659
2019:05:06 14:26:36 703296 821.0726
2019:05:06 14:26:36 704938 828.6685
2019:05:06 14:26:36 706575 817.2728
2019:05:06 14:26:36 708215 826.6456
2019:05:06 14:26:36 709856 826.8058
2019:05:06 14:26:36 711490 823.2668
2019:05:06 14:26:36 713130 825.7478
2019:05:06 14:26:36 714769 821.9108
2019:05:06 14:26:36 716408 828.0128
2019:05:06 14:26:36 718050 827.5583
2019:05:06 14:26:36 719680 817.1126
2019:05:06 14:26:36 721320 822.4398
2019:05:06 14:26:36 722959 821.4042
2019:05:06 14:26:36 724598 826.9921
2019:05:06 14:26:36 726236 819.9960
2019:05:06 14:26:36 727871 821.2179
2019:05:06 14:26:36 729512 824.2391
2019:05:06 14:26:36 731152 829.3539
2019:05:06 14:26:36 732789 825.8745
2019:05:06 14:26:36 734425 817.8353
2019:05:06 14:26:36 736068 822.6074
2019:05:06 14:26:36 737712 830.1474
2019:05:06 14:26:36 739347 827.2193
2019:05:06 14:26:36 740986 829.7786
2019:05:06 14:26:36 742624 822.4212
2019:05:06 14:26:36 744260 824.1907
2019:05:06 14:26:36 745902 827.8079
2019:05:06 14:26:36 747538 825.4461
2019:05:06 14:26:36 749176 827.5323
2019:05:06 14:26:36 750815 822.4137
2019:05:06 14:26:36 752451 824.4812
2019:05:06 14:26:36 754092 826.3774
2019:05:06 14:26:36 755730 824.1870
2019:05:06 14:26:36 757370 830.4603
2019:05:06 14:26:36 759008 826.8282
2019:05:06 14:26:36 760642 822.1641
2019:05:06 14:26:36 762284 822.2163
2019:05:06 14:26:36 763922 826.1167
2019:05:06 14:26:36 765559 826.1278
2019:05:06 14:26:36 767198 825.9341
2019:05:06 14:26:36 768835 823.5760
2019:05:06 14:26:36 770474 825.9267
2019:05:06 14:26:36 772113 825.6361
2019:05:06 14:26:36 773754 830.8589
2019:05:06 14:26:36 775388 822.7862
2019:05:06 14:26:36 777025 823.2594
2019:05:06 14:26:36 778669 828.7095
2019:05:06 14:26:36 780304 816.4309
2019:05:06 14:26:36 781941 826.5115
2019:05:06 14:26:36 783580 824.2130
2019:05:06 14:26:36 785216 830.5199
2019:05:06 14:26:36 786857 828.0724
2019:05:06 14:26:36 788497 826.4594
2019:05:06 14:26:36 790136 829.9053
2019:05:06 14:26:36 791772 823.5052
2019:05:06 14:26:36 793412 826.3700
2019:05:06 14:26:36 795048 824.7234
2019:05:06 14:26:36 796693 831.8275
2019:05:06 14:26:36 798326 824.2391
2019:05:06 14:26:36 799964 826.2135
2019:05:06 14:26:36 801600 823.3227
2019:05:06 14:26:36 803241 834.6699
2019:05:06 14:26:36 804880 839.4979
2019:05:06 14:26:36 806518 826.7462
2019:05:06 14:26:36 808155 825.1742
2019:05:06 14:26:36 809794 826.1949
2019:05:06 14:26:36 811433 830.7584
2019:05:06 14:26:36 813069 824.1534
2019:05:06 14:26:36 814711 823.0321
2019:05:06 14:26:36 816348 826.1427
2019:05:06 14:26:36 817987 827.7595
2019:05:06 14:26:36 819625 826.2694
2019:05:06 14:26:36 821263 827.8638
2019:05:06 14:26:36 822900 825.5020
2019:05:06 14:26:36 824539 826.4966
2019:05:06 14:26:36 826177 823.0433
2019:05:06 14:26:36 827814 824.3322
2019:05:06 14:26:36 829457 833.6157
2019:05:06 14:26:36 831093 828.1767
2019:05:06 14:26:36 832729 824.9879
2019:05:06 14:26:36 834366 824.6973
2019:05:06 14:26:36 836009 831.4177
2019:05:06 14:26:36 837646 827.7707
2019:05:06 14:26:36 839281 824.9618
2019:05:06 14:26:36 840920 822.4770
2019:05:06 14:26:36 842558 818.8263
2019:05:06 14:26:36 844200 831.2501
2019:05:06 14:26:36 845839 826.4966
2019:05:06 14:26:36 847472 824.3434
2019:05:06 14:26:36 849114 830.2294
2019:05:06 14:26:36 850752 824.9246
2019:05:06 14:26:36 852392 825.8447
2019:05:06 14:26:36 854030 826.0459
2019:05:06 14:26:36 855665 830.3896
2019:05:06 14:26:36 857305 830.0766
2019:05:06 14:26:36 858942 827.0591
2019:05:06 14:26:36 860581 828.0650
2019:05:06 14:26:36 862220 827.3125
2019:05:06 14:26:36 863859 826.4221
2019:05:06 14:26:36 865499 832.2559
2019:05:06 14:26:36 867132 821.6389
2019:05:06 14:26:36 868774 824.6973
2019:05:06 14:26:36 870411 826.1241
2019:05:06 14:26:36 872049 831.7865
2019:05:06 14:26:36 873691 831.7120
2019:05:06 14:26:36 875324 827.6664
2019:05:06 14:26:36 876966 825.2151
2019:05:06 14:26:36 878604 826.5674
2019:05:06 14:26:36 880257 848.4088
2019:05:06 14:26:36 881882 830.7360
2019:05:06 14:26:36 883516 826.9884
2019:05:06 14:26:36 885156 829.5290
2019:05:06 14:26:36 886799 829.3241
2019:05:06 14:26:36 888433 825.5616
2019:05:06 14:26:36 890072 831.0750
2019:05:06 14:26:36 891707 827.4801
2019:05:06 14:26:36 893351 828.3369
2019:05:06 14:26:36 894984 826.6233
2019:05:06 14:26:36 896625 832.3379
2019:05:06 14:26:36 898263 826.0906
2019:05:06 14:26:36 899898 825.4275
2019:05:06 14:26:36 901544 828.7095
2019:05:06 14:26:36 903184 830.5609
2019:05:06 14:26:36 904817 831.2128
2019:05:06 14:26:36 906455 825.8112
2019:05:06 14:26:36 908090 822.2200
2019:05:06 14:26:36 909730 823.9895
2019:05:06 14:26:36 911371 823.4531
2019:05:06 14:26:36 913007 831.6897
2019:05:06 14:26:36 914647 828.6983
2019:05:06 14:26:36 916285 828.3034
2019:05:06 14:26:36 917924 825.6622
2019:05:06 14:26:36 919561 829.7116
2019:05:06 14:26:36 921202 834.2527
2019:05:06 14:26:36 922838 824.9283
2019:05:06 14:26:36 924473 826.7276
2019:05:06 14:26:36 926118 826.9697
2019:05:06 14:26:36 927754 829.8829
2019:05:06 14:26:36 929394 834.3421
2019:05:06 14:26:36 931029 828.5977
2019:05:06 14:26:36 932665 826.9697
2019:05:06 14:26:36 934308 822.7862
2019:05:06 14:26:36 935943 827.4093
2019:05:06 14:26:36 937587 837.0019
2019:05:06 14:26:36 939222 829.9202
2019:05:06 14:26:36 940857 826.2135
2019:05:06 14:26:36 942498 821.5085
2019:05:06 14:26:36 944135 828.4934
2019:05:06 14:26:36 945776 833.7125
2019:05:06 14:26:36 947413 831.7940
2019:05:06 14:26:36 949059 836.5214
2019:05:06 14:26:36 950689 819.8693
2019:05:06 14:26:36 952327 829.3651
2019:05:06 14:26:36 953969 830.6131
2019:05:06 14:26:36 955606 831.7307
2019:05:06 14:26:36 957239 821.3408
2019:05:06 14:26:36 958884 827.2566
2019:05:06 14:26:36 960518 832.0846
2019:05:06 14:26:36 962160 834.1335
2019:05:06 14:26:36 963796 828.9404
2019:05:06 14:26:36 965436 826.4557
2019:05:06 14:26:36 967073 825.5616
2019:05:06 14:26:36 968711 825.9192
2019:05:06 14:26:36 970350 822.0710
2019:05:06 14:26:36 971989 831.8275
2019:05:06 14:26:36 973625 829.6557
2019:05:06 14:26:36 975272 838.1233
2019:05:06 14:26:36 976903 823.0694
2019:05:06 14:26:36 978540 821.2104
2019:05:06 14:26:36 980565 1211.8779
2019:05:06 14:26:36 981817 824.3509
2019:05:06 14:26:36 983456 833.1314
2019:05:06 14:26:36 985093 830.9931
2019:05:06 14:26:36 986733 825.5690
2019:05:06 14:26:36 988370 823.1290
2019:05:06 14:26:36 990008 824.6750
2019:05:06 14:26:36 991647 824.5707
2019:05:06 14:26:36 993286 825.0773
2019:05:06 14:26:36 994926 827.3050
2019:05:06 14:26:36 996564 832.5242
2019:05:06 14:26:36 998193 812.4001
2019:05:06 14:26:36 999838 824.7532
2019:05:06 14:26:37 1481 821.8326
2019:05:06 14:26:37 3116 831.5183
2019:05:06 14:26:37 5140 1210.8982
2019:05:06 14:26:37 6390 822.9204
2019:05:06 14:26:37 8030 835.6124
2019:05:06 14:26:37 9672 836.5177
2019:05:06 14:26:37 11309 834.1484
2019:05:06 14:26:37 12947 825.6510
2019:05:06 14:26:37 14582 818.2265
2019:05:06 14:26:37 16223 825.0065
2019:05:06 14:26:37 17861 825.7888
2019:05:06 14:26:37 19498 830.1586
2019:05:06 14:26:37 21137 832.7030
2019:05:06 14:26:37 22773 820.3685
2019:05:06 14:26:37 24425 833.8355
2019:05:06 14:26:37 26052 822.0561
2019:05:06 14:26:37 27693 828.7057
2019:05:06 14:26:37 29331 826.0645
2019:05:06 14:26:37 30967 821.1397
2019:05:06 14:26:37 32607 828.2401
2019:05:06 14:26:37 34246 821.4079
2019:05:06 14:26:37 35884 827.7260
2019:05:06 14:26:37 37907 1209.4900
2019:05:06 14:26:37 39157 826.6605
2019:05:06 14:26:37 40797 836.0483
2019:05:06 14:26:37 42435 833.1910
2019:05:06 14:26:37 44076 835.0872
2019:05:06 14:26:37 45714 834.7854
2019:05:06 14:26:37 47350 822.8533
2019:05:06 14:26:37 48989 824.0156
2019:05:06 14:26:37 50628 823.2929
2019:05:06 14:26:37 52268 829.1267
2019:05:06 14:26:37 53906 825.3269
2019:05:06 14:26:37 55537 826.8505
2019:05:06 14:26:37 57182 834.0701
2019:05:06 14:26:37 58818 819.6272
2019:05:06 14:26:37 60455 824.4328
2019:05:06 14:26:37 62096 824.0938
2019:05:06 14:26:37 63729 821.3483
2019:05:06 14:26:37 65373 826.7798
2019:05:06 14:26:37 67010 830.8999
2019:05:06 14:26:37 68647 834.3980
2019:05:06 14:26:37 70284 818.8747
2019:05:06 14:26:37 71921 821.0354
2019:05:06 14:26:37 73566 828.3183
2019:05:06 14:26:37 75200 824.1050
2019:05:06 14:26:37 76837 824.8761
2019:05:06 14:26:37 78477 819.8507
2019:05:06 14:26:37 80114 828.6387
2019:05:06 14:26:37 81756 827.5621
2019:05:06 14:26:37 83391 831.9430
2019:05:06 14:26:37 85030 835.2920
2019:05:06 14:26:37 86669 821.8773
2019:05:06 14:26:37 88303 819.9625
2019:05:06 14:26:37 89948 827.0144
2019:05:06 14:26:37 91583 824.8538
2019:05:06 14:26:37 93222 826.5637
2019:05:06 14:26:37 94859 824.2056
2019:05:06 14:26:37 96495 820.6069
2019:05:06 14:26:37 98138 829.7190
2019:05:06 14:26:37 99775 824.2168
2019:05:06 14:26:37 101412 824.7755
2019:05:06 14:26:37 103441 1215.1003
2019:05:06 14:26:37 104688 829.1453
2019:05:06 14:26:37 106326 829.4582
2019:05:06 14:26:37 107966 824.7793
2019:05:06 14:26:37 109608 829.9984
2019:05:06 14:26:37 111631 1220.3865
2019:05:06 14:26:37 112880 821.2216
2019:05:06 14:26:37 114521 819.1802
2019:05:06 14:26:37 116159 828.1544
2019:05:06 14:26:37 117795 826.2098
2019:05:06 14:26:37 119822 1219.8165
2019:05:06 14:26:37 121071 822.1865
2019:05:06 14:26:37 122713 822.0747
2019:05:06 14:26:37 124352 825.3381
2019:05:06 14:26:37 125990 828.1171
2019:05:06 14:26:37 127625 826.2210
2019:05:06 14:26:37 129265 824.4738
2019:05:06 14:26:37 130903 819.5043
2019:05:06 14:26:37 132542 824.7495
2019:05:06 14:26:37 134181 825.8112
2019:05:06 14:26:37 135817 823.1290
2019:05:06 14:26:37 137452 819.0088
2019:05:06 14:26:37 139097 828.6014
2019:05:06 14:26:37 140734 832.6881
2019:05:06 14:26:37 142371 823.1290
2019:05:06 14:26:37 144010 824.0715
2019:05:06 14:26:37 145650 826.1986
2019:05:06 14:26:37 147286 824.3807
2019:05:06 14:26:37 148925 824.5148
2019:05:06 14:26:37 150564 812.0611
2019:05:06 14:26:37 152201 831.2091
2019:05:06 14:26:37 153838 823.1513
2019:05:06 14:26:37 155479 824.7159
2019:05:06 14:26:37 157116 825.0587
2019:05:06 14:26:37 158756 825.1332
2019:05:06 14:26:37 160390 821.5606
2019:05:06 14:26:37 162028 821.6016
2019:05:06 14:26:37 163670 835.6012
2019:05:06 14:26:37 165307 824.0938
2019:05:06 14:26:37 166946 824.8575
2019:05:06 14:26:37 168583 822.4510
2019:05:06 14:26:37 170220 818.2265
2019:05:06 14:26:37 171862 826.1316
2019:05:06 14:26:37 173499 823.8740
2019:05:06 14:26:37 175146 840.9806
2019:05:06 14:26:37 176777 824.2168
2019:05:06 14:26:37 178412 827.0368
2019:05:06 14:26:37 180054 826.5376
2019:05:06 14:26:37 181694 828.3779
2019:05:06 14:26:37 183327 828.0613
2019:05:06 14:26:37 184968 834.7854
2019:05:06 14:26:37 186606 825.6696
2019:05:06 14:26:37 188245 832.1293
2019:05:06 14:26:37 189884 826.8803
2019:05:06 14:26:37 191521 827.4242
2019:05:06 14:26:37 193161 825.5616
2019:05:06 14:26:37 194796 821.9555
2019:05:06 14:26:37 196437 824.3956
2019:05:06 14:26:37 198074 824.8836
2019:05:06 14:26:37 199713 830.6950
2019:05:06 14:26:37 201353 825.1108
2019:05:06 14:26:37 202986 821.7022
2019:05:06 14:26:37 204628 825.1853
2019:05:06 14:26:37 206267 821.8549
2019:05:06 14:26:37 207905 827.6179
2019:05:06 14:26:37 209542 824.2689
2019:05:06 14:26:37 211177 823.0992
2019:05:06 14:26:37 212819 838.5405
2019:05:06 14:26:37 214458 821.9145
2019:05:06 14:26:37 216096 827.2044
2019:05:06 14:26:37 217739 829.2720
2019:05:06 14:26:37 219370 820.6666
2019:05:06 14:26:37 221011 824.9395
2019:05:06 14:26:37 222648 825.3567
2019:05:06 14:26:37 224288 834.6178
2019:05:06 14:26:37 225929 827.2678
2019:05:06 14:26:37 227560 819.8693
2019:05:06 14:26:37 229210 830.8105
2019:05:06 14:26:37 230838 821.5420
2019:05:06 14:26:37 232479 826.5376
2019:05:06 14:26:37 234119 825.1071
2019:05:06 14:26:37 235751 823.5276
2019:05:06 14:26:37 237398 826.9958
2019:05:06 14:26:37 239032 824.8910
2019:05:06 14:26:37 240670 827.3944
2019:05:06 14:26:37 242309 820.5175
2019:05:06 14:26:37 243945 822.9129
2019:05:06 14:26:37 245589 828.6685
2019:05:06 14:26:37 247225 828.8771
2019:05:06 14:26:37 248862 826.9176
2019:05:06 14:26:37 250502 821.6724
2019:05:06 14:26:37 252136 821.8847
2019:05:06 14:26:37 253781 828.9628
2019:05:06 14:26:37 255416 824.4291
2019:05:06 14:26:37 257054 826.9884
2019:05:06 14:26:37 258693 827.4503
2019:05:06 14:26:37 260326 819.3441
2019:05:06 14:26:37 261971 826.6754
2019:05:06 14:26:37 263609 827.2938
2019:05:06 14:26:37 265246 827.4280
2019:05:06 14:26:37 266885 822.6484
2019:05:06 14:26:37 268520 822.6968
2019:05:06 14:26:37 270159 822.9353
2019:05:06 14:26:37 271800 833.0233
2019:05:06 14:26:37 273441 831.3917
2019:05:06 14:26:37 275076 824.8016
2019:05:06 14:26:37 276712 822.2386
2019:05:06 14:26:37 278352 821.0316
2019:05:06 14:26:37 279989 823.7772
2019:05:06 14:26:37 281633 831.6152
2019:05:06 14:26:37 283267 824.3248
2019:05:06 14:26:37 284904 822.1157
2019:05:06 14:26:37 286544 820.5250
2019:05:06 14:26:37 288184 826.4780
2019:05:06 14:26:37 289824 829.6184
2019:05:06 14:26:37 291460 824.4999
2019:05:06 14:26:37 293095 821.5010
2019:05:06 14:26:37 294737 824.9767
2019:05:06 14:26:37 296374 824.1124
2019:05:06 14:26:37 298014 827.9197
2019:05:06 14:26:37 299651 824.5148
2019:05:06 14:26:37 301286 821.2067
2019:05:06 14:26:37 302928 822.0859
2019:05:06 14:26:37 304565 823.6878
2019:05:06 14:26:37 306200 818.3531
2019:05:06 14:26:37 307842 831.0676
2019:05:06 14:26:37 309485 828.5604
2019:05:06 14:26:37 311123 825.5541
2019:05:06 14:26:37 312761 815.0004
2019:05:06 14:26:37 314399 824.0752
2019:05:06 14:26:37 316038 825.0996
2019:05:06 14:26:37 317675 826.0161
2019:05:06 14:26:37 319312 827.8452
2019:05:06 14:26:37 320952 838.3356
2019:05:06 14:26:37 322591 826.3923
2019:05:06 14:26:37 324229 825.9341
2019:05:06 14:26:37 325866 823.9523
2019:05:06 14:26:37 327504 824.0268
2019:05:06 14:26:37 329145 827.2454
2019:05:06 14:26:37 330783 825.6175
2019:05:06 14:26:37 332420 825.7963
2019:05:06 14:26:37 334059 824.2875
2019:05:06 14:26:37 335697 829.0261
2019:05:06 14:26:37 337336 826.6233
2019:05:06 14:26:37 338974 825.2263
2019:05:06 14:26:37 340612 823.7511
2019:05:06 14:26:37 342248 819.1131
2019:05:06 14:26:37 343892 819.0461
2019:05:06 14:26:37 345531 830.6205
2019:05:06 14:26:37 347166 829.4359
2019:05:06 14:26:37 348804 826.7537
2019:05:06 14:26:37 350437 818.2041
2019:05:06 14:26:37 352080 825.6622
2019:05:06 14:26:37 353718 824.9469
2019:05:06 14:26:37 355357 834.1037
2019:05:06 14:26:37 356995 826.0310
2019:05:06 14:26:37 358629 818.3159
2019:05:06 14:26:37 360271 826.1353
2019:05:06 14:26:37 361913 829.6072
2019:05:06 14:26:37 363546 825.2598
2019:05:06 14:26:37 365187 826.3588
2019:05:06 14:26:37 366823 822.5106
2019:05:06 14:26:37 368463 832.5204
2019:05:06 14:26:37 370104 828.5604
2019:05:06 14:26:37 371741 828.2699
2019:05:06 14:26:37 373380 826.5041
2019:05:06 14:26:37 375015 822.9166
2019:05:06 14:26:37 376655 826.1949
2019:05:06 14:26:37 378292 821.3781
2019:05:06 14:26:37 379931 836.1973
2019:05:06 14:26:37 381576 829.2757
2019:05:06 14:26:37 383205 822.5180
2019:05:06 14:26:37 384848 832.0175
2019:05:06 14:26:37 386486 822.7974
2019:05:06 14:26:37 388122 826.8356
2019:05:06 14:26:37 389768 830.7323
2019:05:06 14:26:37 391399 830.4380
2019:05:06 14:26:37 393037 823.9821
2019:05:06 14:26:37 394678 823.6989
2019:05:06 14:26:37 396316 827.7297
2019:05:06 14:26:37 397956 827.4242
2019:05:06 14:26:37 399590 823.8964
2019:05:06 14:26:37 401231 825.3455
2019:05:06 14:26:37 402869 828.2512
2019:05:06 14:26:37 404508 841.0737
2019:05:06 14:26:37 406147 827.2305
2019:05:06 14:26:37 407782 824.2838
2019:05:06 14:26:37 409426 829.4992
2019:05:06 14:26:37 411060 824.9134
2019:05:06 14:26:37 412697 827.3125
2019:05:06 14:26:37 414338 822.7564
2019:05:06 14:26:37 415973 828.7877
2019:05:06 14:26:37 417618 830.6541
2019:05:06 14:26:37 419253 826.6345
2019:05:06 14:26:37 420888 825.6510
2019:05:06 14:26:37 422529 822.4733
2019:05:06 14:26:37 424164 822.7453
2019:05:06 14:26:37 425803 823.5574
2019:05:06 14:26:37 427445 831.2427
2019:05:06 14:26:37 429081 826.7537
2019:05:06 14:26:37 430721 823.6989
2019:05:06 14:26:37 432356 822.2796
2019:05:06 14:26:37 434000 833.0382
2019:05:06 14:26:37 435636 827.1448
2019:05:06 14:26:37 437271 824.8873
2019:05:06 14:26:37 438912 822.3467
2019:05:06 14:26:37 440548 830.7360
2019:05:06 14:26:37 442190 831.8536
2019:05:06 14:26:37 443827 825.3939
2019:05:06 14:26:37 445468 830.4231
2019:05:06 14:26:37 447104 825.7106
2019:05:06 14:26:37 448740 821.8996
2019:05:06 14:26:37 450382 828.0016
2019:05:06 14:26:37 452020 834.8450
2019:05:06 14:26:37 453660 829.5402
2019:05:06 14:26:37 455295 825.5281
2019:05:06 14:26:37 456933 823.9150
2019:05:06 14:26:37 458573 826.9548
2019:05:06 14:26:37 460212 827.1448
2019:05:06 14:26:37 461849 827.6515
2019:05:06 14:26:37 463487 828.8547
2019:05:06 14:26:37 465123 824.0007
2019:05:06 14:26:37 466765 829.6221
2019:05:06 14:26:37 468401 824.7457
2019:05:06 14:26:37 470041 833.5002
2019:05:06 14:26:37 471679 825.1630
2019:05:06 14:26:37 473315 823.4531
2019:05:06 14:26:37 474957 831.4289
2019:05:06 14:26:37 476594 833.9435
2019:05:06 14:26:37 478231 823.8815
2019:05:06 14:26:37 479872 826.2955
2019:05:06 14:26:37 481513 826.1502
2019:05:06 14:26:37 483146 824.6116
2019:05:06 14:26:37 484786 831.2613
2019:05:06 14:26:37 486425 824.1124
2019:05:06 14:26:37 488062 833.9286
2019:05:06 14:26:37 489703 829.5402
2019:05:06 14:26:37 491340 825.8708
2019:05:06 14:26:37 492976 825.3492
2019:05:06 14:26:37 494616 831.0154
2019:05:06 14:26:37 496252 823.3823
2019:05:06 14:26:37 497895 833.5002
2019:05:06 14:26:37 499532 830.5572
2019:05:06 14:26:37 501167 824.2652
2019:05:06 14:26:37 502807 830.6317
2019:05:06 14:26:37 504445 829.9872
2019:05:06 14:26:37 506083 829.7972
2019:05:06 14:26:37 507722 830.6988
2019:05:06 14:26:37 509362 832.4981
2019:05:06 14:26:37 510997 826.2247
2019:05:06 14:26:37 512636 824.3881
2019:05:06 14:26:37 514273 824.8203
2019:05:06 14:26:37 515913 830.1586
2019:05:06 14:26:37 517556 834.4837
2019:05:06 14:26:37 519189 826.1316
2019:05:06 14:26:37 520827 828.8249
2019:05:06 14:26:37 522467 826.3700
2019:05:06 14:26:37 524105 824.1422
2019:05:06 14:26:37 525744 831.5146
2019:05:06 14:26:37 527381 827.3385
2019:05:06 14:26:37 529019 828.6685
2019:05:06 14:26:37 530655 825.2822
2019:05:06 14:26:37 532297 830.4194
2019:05:06 14:26:37 533935 830.1698
2019:05:06 14:26:37 535574 838.8609
2019:05:06 14:26:37 537211 829.5700
2019:05:06 14:26:37 538847 823.5909
2019:05:06 14:26:37 540488 829.4806
2019:05:06 14:26:37 542128 830.9409
2019:05:06 14:26:37 543763 830.7323
2019:05:06 14:26:37 545403 829.7898
2019:05:06 14:26:37 547040 822.8235
2019:05:06 14:26:37 548691 848.4833
2019:05:06 14:26:37 550317 828.3816
2019:05:06 14:26:37 551957 831.6934
2019:05:06 14:26:37 553597 833.0792
2019:05:06 14:26:37 555230 821.8773
2019:05:06 14:26:37 556871 824.0305
2019:05:06 14:26:37 558523 842.8581
2019:05:06 14:26:37 560146 833.2469
2019:05:06 14:26:37 561785 829.9537
2019:05:06 14:26:37 563419 825.4983
2019:05:06 14:26:37 565063 827.1746
2019:05:06 14:26:37 566698 826.1204
2019:05:06 14:26:37 568343 831.4699
2019:05:06 14:26:37 569978 827.1895
2019:05:06 14:26:37 571613 820.7969
2019:05:06 14:26:37 573253 824.2838
2019:05:06 14:26:37 574892 826.1949
2019:05:06 14:26:37 576531 831.7605
2019:05:06 14:26:37 578174 834.0441
2019:05:06 14:26:37 579805 822.1157
2019:05:06 14:26:37 581451 830.8291
2019:05:06 14:26:37 583085 833.6306
2019:05:06 14:26:37 584723 840.5074
2019:05:06 14:26:37 586365 830.1288
2019:05:06 14:26:37 587997 822.7713
2019:05:06 14:26:37 589642 828.1916
2019:05:06 14:26:37 591277 827.6291
2019:05:06 14:26:37 592915 831.7605
2019:05:06 14:26:37 594553 826.1390
2019:05:06 14:26:37 596187 820.4691
2019:05:06 14:26:37 597831 839.5500
2019:05:06 14:26:37 599466 828.7877
2019:05:06 14:26:37 601106 832.9302
2019:05:06 14:26:37 602744 827.9681
2019:05:06 14:26:37 604380 826.1465
2019:05:06 14:26:37 606022 829.1863
2019:05:06 14:26:37 607657 825.2747
2019:05:06 14:26:37 609297 830.2703
2019:05:06 14:26:37 610936 822.3169
2019:05:06 14:26:37 612571 826.4482
2019:05:06 14:26:37 614219 829.7004
2019:05:06 14:26:37 615850 824.5893
2019:05:06 14:26:37 617491 832.6918
2019:05:06 14:26:37 619127 826.0161
2019:05:06 14:26:37 620763 826.6121
2019:05:06 14:26:37 622411 831.5891
2019:05:06 14:26:37 624041 836.5102
2019:05:06 14:26:37 625686 832.7253
2019:05:06 14:26:37 627319 828.3742
2019:05:06 14:26:37 628953 820.4132
2019:05:06 14:26:37 630598 822.9278
2019:05:06 14:26:37 632232 829.0894
2019:05:06 14:26:37 633875 830.3151
2019:05:06 14:26:37 635509 828.7542
2019:05:06 14:26:37 637142 818.2973
2019:05:06 14:26:37 638785 822.0486
2019:05:06 14:26:37 640422 823.3786
2019:05:06 14:26:37 642065 829.6594
2019:05:06 14:26:37 643700 830.0059
2019:05:06 14:26:37 645337 821.8400
2019:05:06 14:26:37 646976 821.4377
2019:05:06 14:26:37 648613 823.8293
2019:05:06 14:26:37 650253 822.8272
2019:05:06 14:26:37 651890 822.2461
2019:05:06 14:26:37 653530 823.4307
2019:05:06 14:26:37 655167 826.6754
2019:05:06 14:26:37 656805 822.5478
2019:05:06 14:26:37 658849 1224.7078
2019:05:06 14:26:37 660489 1231.5363
2019:05:06 14:26:37 662120 1224.5141
2019:05:06 14:26:37 663756 1222.1299
2019:05:06 14:26:37 665455 874.7540
2019:05:06 14:26:37 667500 1284.1895
2019:05:06 14:26:37 669088 834.3421
2019:05:06 14:26:37 670719 1228.8168
2019:05:06 14:26:37 672363 832.0659
2019:05:06 14:26:37 673595 830.6876
2019:05:06 14:26:37 676041 1635.3205
2019:05:06 14:26:37 677277 1219.3248
2019:05:06 14:26:37 678923 1224.7339
2019:05:06 14:26:37 680549 1220.3380
2019:05:06 14:26:37 682191 829.1155
2019:05:06 14:26:37 683831 1235.8651
2019:05:06 14:26:37 685481 839.9561
2019:05:06 14:26:37 687117 832.6247
2019:05:06 14:26:37 689142 1211.6432
2019:05:06 14:26:37 690390 818.3569
2019:05:06 14:26:37 692031 835.4597
2019:05:06 14:26:37 693672 839.2073
2019:05:06 14:26:37 695308 831.8312
2019:05:06 14:26:37 696946 823.6952
2019:05:06 14:26:37 698582 817.4740
2019:05:06 14:26:37 700220 822.2051
2019:05:06 14:26:37 701863 826.9586
2019:05:06 14:26:37 703499 830.5572
2019:05:06 14:26:37 705137 824.5036
2019:05:06 14:26:37 706772 820.2940
2019:05:06 14:26:37 708413 822.6521
2019:05:06 14:26:37 710055 826.7574
2019:05:06 14:26:37 711690 826.5451
2019:05:06 14:26:37 713328 823.3041
2019:05:06 14:26:37 714963 818.2563
2019:05:06 14:26:37 716605 831.4624
2019:05:06 14:26:37 718244 819.6831
2019:05:06 14:26:37 719881 825.7367
2019:05:06 14:26:37 721521 825.7478
2019:05:06 14:26:37 723155 821.3371
2019:05:06 14:26:37 724795 823.3897
2019:05:06 14:26:37 726434 824.9506
2019:05:06 14:26:37 728074 839.4085
2019:05:06 14:26:37 729713 825.6771
2019:05:06 14:26:37 731347 821.3334
2019:05:06 14:26:37 732988 824.5073
2019:05:06 14:26:37 734627 823.8964
2019:05:06 14:26:37 736264 826.6158
2019:05:06 14:26:37 737903 824.7010
2019:05:06 14:26:37 739539 829.7190
2019:05:06 14:26:37 741185 830.5945
2019:05:06 14:26:37 742818 830.9484
2019:05:06 14:26:37 744457 827.9942
2019:05:06 14:26:37 746095 824.4887
2019:05:06 14:26:37 747728 819.6309
2019:05:06 14:26:37 749377 830.3039
2019:05:06 14:26:37 751009 817.9061
2019:05:06 14:26:37 752648 838.9205
2019:05:06 14:26:37 754674 1208.5028
2019:05:06 14:26:37 755923 822.5217
2019:05:06 14:26:37 757568 830.6131
2019:05:06 14:26:37 759200 823.5835
2019:05:06 14:26:37 760840 827.5285
2019:05:06 14:26:37 762866 1209.0467
2019:05:06 14:26:37 764113 821.1136
2019:05:06 14:26:37 765759 829.6631
2019:05:06 14:26:37 767392 822.9427
2019:05:06 14:26:37 769031 827.4280
2019:05:06 14:26:37 770668 819.7948
2019:05:06 14:26:37 772304 817.1983
2019:05:06 14:26:37 773945 835.4671
2019:05:06 14:26:37 775585 835.4560
2019:05:06 14:26:37 777225 840.5447
2019:05:06 14:26:37 778864 836.1898
2019:05:06 14:26:37 780493 833.8615
2019:05:06 14:26:37 782140 827.1374
2019:05:06 14:26:37 783773 822.2759
2019:05:06 14:26:37 785413 826.6568
2019:05:06 14:26:37 787052 829.5216
2019:05:06 14:26:37 788686 819.4484
2019:05:06 14:26:37 790331 823.1811
2019:05:06 14:26:37 791965 821.7022
2019:05:06 14:26:37 793610 832.5800
2019:05:06 14:26:37 795244 824.9320
2019:05:06 14:26:37 796877 819.1429
2019:05:06 14:26:37 798520 823.2258
2019:05:06 14:26:37 800159 824.6154
2019:05:06 14:26:37 801797 826.1874
2019:05:06 14:26:37 803435 824.5744
2019:05:06 14:26:37 805071 821.2142
2019:05:06 14:26:37 806712 822.1120
2019:05:06 14:26:37 808351 824.7420
2019:05:06 14:26:37 809993 830.8925
2019:05:06 14:26:37 811628 828.3593
2019:05:06 14:26:37 813261 820.6666
2019:05:06 14:26:37 814904 822.3541
2019:05:06 14:26:37 816543 826.4109
2019:05:06 14:26:37 818179 824.3620
2019:05:06 14:26:37 819819 824.8128
2019:05:06 14:26:37 821456 822.5590
2019:05:06 14:26:37 823093 828.1097
2019:05:06 14:26:37 824735 836.5288
2019:05:06 14:26:37 826372 834.2899
2019:05:06 14:26:37 828011 825.7590
2019:05:06 14:26:37 829649 824.3509
2019:05:06 14:26:37 831287 825.1294
2019:05:06 14:26:37 832927 827.1150
2019:05:06 14:26:37 834563 824.9730
2019:05:06 14:26:37 836202 831.3917
2019:05:06 14:26:37 837841 825.0996
2019:05:06 14:26:37 839480 825.2002
2019:05:06 14:26:37 841118 825.9937
2019:05:06 14:26:37 842755 824.5558
2019:05:06 14:26:37 844394 825.2561
2019:05:06 14:26:37 846031 824.0044
2019:05:06 14:26:37 847668 826.3029
2019:05:06 14:26:37 849310 826.2843
2019:05:06 14:26:37 850947 824.4962
2019:05:06 14:26:37 852585 824.5483
2019:05:06 14:26:37 854221 818.6474
2019:05:06 14:26:37 855863 825.2747
2019:05:06 14:26:37 857501 826.2955
2019:05:06 14:26:37 859139 832.3528
2019:05:06 14:26:37 860778 832.9190
2019:05:06 14:26:37 862413 819.3254
2019:05:06 14:26:37 864054 824.9953
2019:05:06 14:26:37 865696 829.7898
2019:05:06 14:26:37 867329 826.0421
2019:05:06 14:26:37 868969 825.7963
2019:05:06 14:26:37 870606 825.3306
2019:05:06 14:26:37 872243 822.9986
2019:05:06 14:26:37 873886 828.1954
2019:05:06 14:26:37 875522 826.9474
2019:05:06 14:26:37 877161 820.8305
2019:05:06 14:26:37 878797 819.7241
2019:05:06 14:26:37 880438 824.9953
2019:05:06 14:26:37 882076 825.3120
2019:05:06 14:26:37 883714 835.0350
2019:05:06 14:26:37 885354 826.5600
2019:05:06 14:26:37 886989 821.0838
2019:05:06 14:26:37 888632 825.0885
2019:05:06 14:26:37 890270 822.2796
2019:05:06 14:26:37 891910 829.4620
2019:05:06 14:26:37 893550 828.6685
2019:05:06 14:26:37 895182 814.1436
2019:05:06 14:26:37 896821 831.1868
2019:05:06 14:26:37 898461 822.3020
2019:05:06 14:26:37 900101 828.1171
2019:05:06 14:26:37 901740 826.9250
2019:05:06 14:26:37 903375 823.5015
2019:05:06 14:26:37 905016 825.6771
2019:05:06 14:26:37 906655 826.7686
2019:05:06 14:26:37 908292 828.9292
2019:05:06 14:26:37 909931 826.7015
2019:05:06 14:26:37 911566 822.7862
2019:05:06 14:26:37 913207 827.8862
2019:05:06 14:26:37 914847 824.9842
2019:05:06 14:26:37 916484 827.5136
2019:05:06 14:26:37 918125 828.3928
2019:05:06 14:26:37 919758 822.6261
2019:05:06 14:26:37 921402 828.5269
2019:05:06 14:26:37 923037 825.9118
2019:05:06 14:26:37 924676 828.9404
2019:05:06 14:26:37 926313 819.5713
2019:05:06 14:26:37 927951 824.1534
2019:05:06 14:26:37 929588 822.3355
2019:05:06 14:26:37 931227 829.0671
2019:05:06 14:26:37 932866 827.6552
2019:05:06 14:26:37 934504 820.3872
2019:05:06 14:26:37 936140 822.9278
2019:05:06 14:26:37 937785 828.9404
2019:05:06 14:26:37 939420 826.2023
2019:05:06 14:26:37 941058 828.4077
2019:05:06 14:26:37 942698 825.5094
2019:05:06 14:26:37 944332 830.1623
2019:05:06 14:26:37 945973 825.8410
2019:05:06 14:26:37 947613 827.6738
2019:05:06 14:26:37 949250 828.3518
2019:05:06 14:26:37 951273 1207.4560
2019:05:06 14:26:37 952526 823.9895
2019:05:06 14:26:37 954167 840.1796
2019:05:06 14:26:37 955801 832.7067
2019:05:06 14:26:37 957446 833.4033
2019:05:06 14:26:37 959080 826.0123
2019:05:06 14:26:37 960716 823.3376
2019:05:06 14:26:37 962357 822.5441
2019:05:06 14:26:37 963994 825.4983
2019:05:06 14:26:37 965632 826.5302
2019:05:06 14:26:37 967272 834.1633
2019:05:06 14:26:37 968906 822.7527
2019:05:06 14:26:37 970549 822.7862
2019:05:06 14:26:37 972186 824.6526
2019:05:06 14:26:37 973827 831.2687
2019:05:06 14:26:37 975464 826.8729
2019:05:06 14:26:37 977100 823.3748
2019:05:06 14:26:37 978741 828.9367
2019:05:06 14:26:37 980379 834.5246
2019:05:06 14:26:37 982028 840.3771
2019:05:06 14:26:37 983655 826.0980
2019:05:06 14:26:37 985292 824.1981
2019:05:06 14:26:37 986932 822.5292
2019:05:06 14:26:37 988569 824.8873
2019:05:06 14:26:37 990208 822.9315
2019:05:06 14:26:37 991846 823.8479
2019:05:06 14:26:37 993486 827.5062
2019:05:06 14:26:37 995124 826.8245
2019:05:06 14:26:37 996760 825.2673
2019:05:06 14:26:37 998399 823.9821
2019:05:06 14:26:38 39 826.6941
2019:05:06 14:26:38 1678 827.0219
2019:05:06 14:26:38 3315 830.3709
2019:05:06 14:26:38 4953 826.3625
2019:05:06 14:26:38 6590 824.1758
2019:05:06 14:26:38 8230 826.6345
2019:05:06 14:26:38 9868 826.8058
2019:05:06 14:26:38 11505 825.4722
2019:05:06 14:26:38 13143 825.2487
2019:05:06 14:26:38 14783 825.5765
2019:05:06 14:26:38 16422 827.0442
2019:05:06 14:26:38 18058 823.8368
2019:05:06 14:26:38 19699 827.0703
2019:05:06 14:26:38 21334 824.5111
2019:05:06 14:26:38 22976 826.6456
2019:05:06 14:26:38 24613 824.1720
2019:05:06 14:26:38 26250 820.1636
2019:05:06 14:26:38 27892 836.4357
2019:05:06 14:26:38 29531 827.6217
2019:05:06 14:26:38 31166 827.7483
2019:05:06 14:26:38 32804 825.6547
2019:05:06 14:26:38 34440 818.7555
2019:05:06 14:26:38 36082 831.5444
2019:05:06 14:26:38 37722 829.2273
2019:05:06 14:26:38 39357 827.9905
2019:05:06 14:26:38 40996 827.4540
2019:05:06 14:26:38 42631 819.1504
2019:05:06 14:26:38 44272 829.9053
2019:05:06 14:26:38 45914 829.3204
2019:05:06 14:26:38 47549 826.7425
2019:05:06 14:26:38 49187 825.7553
2019:05:06 14:26:38 50825 823.6952
2019:05:06 14:26:38 52464 833.8876
2019:05:06 14:26:38 54104 827.6142
2019:05:06 14:26:38 55741 826.7984
2019:05:06 14:26:38 57382 827.7260
2019:05:06 14:26:38 59014 822.2759
2019:05:06 14:26:38 60657 831.5817
2019:05:06 14:26:38 62291 821.9108
2019:05:06 14:26:38 63934 834.9046
2019:05:06 14:26:38 65575 829.4210
2019:05:06 14:26:38 67206 821.9332
2019:05:06 14:26:38 68848 830.8776
2019:05:06 14:26:38 70487 823.4829
2019:05:06 14:26:38 72123 825.5839
2019:05:06 14:26:38 73768 835.7279
2019:05:06 14:26:38 75401 833.9770
2019:05:06 14:26:38 77038 837.0988
2019:05:06 14:26:38 78677 828.2885
2019:05:06 14:26:38 80316 832.7998
2019:05:06 14:26:38 81958 828.8994
2019:05:06 14:26:38 83590 827.5323
2019:05:06 14:26:38 85233 831.8275
2019:05:06 14:26:38 86867 825.7553
2019:05:06 14:26:38 88507 835.1505
2019:05:06 14:26:38 90150 828.7393
2019:05:06 14:26:38 91781 822.5851
2019:05:06 14:26:38 93425 832.7775
2019:05:06 14:26:38 95060 824.7122
2019:05:06 14:26:38 96698 834.2825
2019:05:06 14:26:38 98338 829.6631
2019:05:06 14:26:38 99978 834.7034
2019:05:06 14:26:38 101618 824.8128
2019:05:06 14:26:38 103252 825.0847
2019:05:06 14:26:38 104890 831.0676
2019:05:06 14:26:38 106531 828.7430
2019:05:06 14:26:38 108161 837.2776
2019:05:06 14:26:38 109807 1244.2358
2019:05:06 14:26:38 111041 835.3963
2019:05:06 14:26:38 112652 819.7092
2019:05:06 14:26:38 113874 812.4150
2019:05:06 14:26:38 114723 836.5996
2019:05:06 14:26:38 115944 822.4919
2019:05:06 14:26:38 117150 817.1946
2019:05:06 14:26:38 118002 840.1014
2019:05:06 14:26:38 119220 842.9326
2019:05:06 14:26:38 120425 816.6432
2019:05:06 14:26:38 121666 830.6131
2019:05:06 14:26:38 122142 462.5395
2019:05:06 14:26:38 123707 817.9992
2019:05:06 14:26:38 124190 468.6564
