
# OSU MPI Allreduce Latency Test v5.6.1
# Size       Avg Latency(us)
262144             740361.47
2019:05:06 15:12:14 865387 748020.1311
2019:05:06 15:12:15 817374 904005.3599
2019:05:06 15:12:16 540007 682642.4114
2019:05:06 15:12:17 353022 779660.9960
2019:05:06 15:12:18 69372 680015.6049
2019:05:06 15:12:18 957376 848010.6518
2019:05:06 15:12:19 487758 523446.7946
2019:05:06 15:12:20 989 511186.0074
2019:05:06 15:12:20 797369 768007.4386
2019:05:06 15:12:21 721358 892004.6799
2019:05:06 15:12:22 557369 835998.1775
2019:05:06 15:12:23 141376 583996.6871
2019:05:06 15:12:23 945363 803976.5954
2019:05:06 15:12:24 573755 628380.6376
2019:05:06 15:12:25 813361 1239596.5457
2019:05:06 15:12:26 595528 782155.6441
2019:05:06 15:12:27 541360 940093.6402
2019:05:06 15:12:28 389378 848005.9579
2019:05:06 15:12:29 293074 903684.5714
2019:05:06 15:12:29 985373 660010.8407
2019:05:06 15:12:30 765376 748020.0157
2019:05:06 15:12:31 821385 1024021.8006
2019:05:06 15:12:32 509373 648012.7871
2019:05:06 15:12:33 489366 975144.4645
2019:05:06 15:12:34 430783 941408.6230
2019:05:06 15:12:35 589367 1153639.3687
2019:05:06 15:12:36 180332 590955.0972
2019:05:06 15:12:37 313364 1132656.6935
2019:05:06 15:12:37 976406 663031.5483
2019:05:06 15:12:39 293386 1280022.8521
2019:05:06 15:12:40 53399 720032.9602
2019:05:06 15:12:41 41373 948011.4393
2019:05:06 15:12:41 697368 649283.0329
2019:05:06 15:12:42 301386 604003.0792
2019:05:06 15:12:43 133392 792023.1149
2019:05:06 15:12:44 534457 1361090.8464
2019:05:06 15:12:45 341380 772018.4103
2019:05:06 15:12:46 125371 763999.3131
2019:05:06 15:12:46 789384 624021.7946
2019:05:06 15:12:47 429365 633851.5170
2019:05:06 15:12:48 5364 575988.2331
2019:05:06 15:12:48 777366 771991.9160
2019:05:06 15:12:49 373367 595990.8925
2019:05:06 15:12:50 301358 927980.9333
2019:05:06 15:12:51 181359 875591.7922
2019:05:06 15:12:51 957366 775993.7830
2019:05:06 15:12:52 917366 959986.0236
2019:05:06 15:12:53 625359 707983.0915
2019:05:06 15:12:54 305365 679455.7944
2019:05:06 15:12:55 37381 732005.4621
2019:05:06 15:12:56 101377 1024012.3942
2019:05:06 15:12:57 61396 920028.1240
2019:05:06 15:12:58 133370 792005.1664
2019:05:06 15:12:59 297376 1124007.2325
2019:05:06 15:12:59 925368 620349.2396
2019:05:06 15:13:01 253363 1327981.4161
2019:05:06 15:13:01 913368 659995.2467
2019:05:06 15:13:02 589366 675987.4932
2019:05:06 15:13:03 77372 487993.6539
2019:05:06 15:13:04 122849 1045466.7471
2019:05:06 15:13:04 877369 720014.5386
2019:05:06 15:13:05 513381 596021.3356
2019:05:06 15:13:05 956234 439518.9434
2019:05:06 15:13:06 723826 726454.0717
2019:05:06 15:13:07 429396 672032.5463
2019:05:06 15:13:08 489374 804006.7479
2019:05:06 15:13:09 325385 804022.2935
2019:05:06 15:13:09 945365 613574.7768
2019:05:06 15:13:10 637365 691988.5725
2019:05:06 15:13:11 241295 603916.5705
2019:05:06 15:13:12 157383 880020.0298
2019:05:06 15:13:13 29387 792027.5368
2019:05:06 15:13:13 761381 692018.7920
2019:05:06 15:13:14 445410 640047.5316
2019:05:06 15:13:15 469376 1016534.8724
2019:05:06 15:13:16 149377 679987.0096
2019:05:06 15:13:16 585392 435999.1737
2019:05:06 15:13:17 349383 724020.3880
2019:05:06 15:13:17 961375 605050.3179
2019:05:06 15:13:19 222480 1261091.0125
2019:05:06 15:13:20 821365 1598541.4870
2019:05:06 15:13:21 505363 683987.2152
2019:05:06 15:13:22 657359 1151984.3265
2019:05:06 15:13:23 373356 715984.8958
2019:05:06 15:13:24 333368 954734.2435
2019:05:06 15:13:25 441371 1107994.3553
2019:05:06 15:13:26 109357 667974.5167
2019:05:06 15:13:27 101365 991627.1754
2019:05:06 15:13:27 701366 599987.7714
2019:05:06 15:13:28 341365 639988.1989
2019:05:06 15:13:29 53366 711992.2712
2019:05:06 15:13:29 973368 919993.3708
2019:05:06 15:13:30 633365 659984.5514
2019:05:06 15:13:31 485361 851982.9512
2019:05:06 15:13:32 655717 1170345.3027
2019:05:06 15:13:33 173373 516041.1522
2019:05:06 15:13:33 785360 605811.1005
2019:05:06 15:13:34 645364 859993.2343
2019:05:06 15:13:35 573359 927984.1371
2019:05:06 15:13:36 461366 887409.8845
2019:05:06 15:13:37 133363 671986.1440
2019:05:06 15:13:37 737357 603982.6758
2019:05:06 15:13:38 549370 806660.4584
2019:05:06 15:13:39 525365 975976.3293
2019:05:06 15:13:40 897370 1371993.8546
2019:05:06 15:13:41 689390 744030.9711
2019:05:06 15:13:42 453379 716013.1559
2019:05:06 15:13:43 917363 1416006.1367
2019:05:06 15:13:44 549369 631995.4284
2019:05:06 15:13:45 229366 679986.6594
2019:05:06 15:13:45 777363 547985.2557
2019:05:06 15:13:46 373368 595994.5582
2019:05:06 15:13:47 253372 879989.1770
2019:05:06 15:13:47 789398 536011.9492
2019:05:06 15:13:48 453366 657447.4722
2019:05:06 15:13:49 585372 1131985.8842
2019:05:06 15:13:50 245360 659972.5597
2019:05:06 15:13:51 37373 792000.9866
2019:05:06 15:13:51 645368 607983.2688
2019:05:06 15:13:52 461364 815985.8957
2019:05:06 15:13:53 81367 619992.8112
2019:05:06 15:13:53 853360 771983.0573
2019:05:06 15:13:54 599010 743840.8025
2019:05:06 15:13:55 142154 541881.7587
2019:05:06 15:13:55 935483 788524.1956
2019:05:06 15:13:56 963010 1027516.8009
2019:05:06 15:13:57 769365 805542.9347
2019:05:06 15:13:58 664030 894653.5140
2019:05:06 15:13:59 558060 891489.8522
2019:05:06 15:14:00 301365 738407.6864
2019:05:06 15:14:01 161358 859982.2000
2019:05:06 15:14:02 145359 980931.9638
2019:05:06 15:14:03 13359 867984.2837
2019:05:06 15:14:03 797359 783987.8537
2019:05:06 15:14:04 946293 1148923.1028
2019:05:06 15:14:05 827301 876912.6534
2019:05:06 15:14:06 501367 668756.4962
2019:05:06 15:14:07 547619 1046241.8608
2019:05:06 15:14:08 405388 824023.1946
2019:05:06 15:14:09 341378 840016.2756
2019:05:06 15:14:10 8411 661078.7846
2019:05:06 15:14:10 649802 638931.6767
2019:05:06 15:14:11 853366 1201521.6425
2019:05:06 15:14:12 657359 803983.3307
2019:05:06 15:14:13 253368 595995.6944
2019:05:06 15:14:13 689365 435985.9750
2019:05:06 15:14:14 653365 963989.6527
2019:05:06 15:14:15 413365 759987.4213
2019:05:06 15:14:16 261366 847992.4947
2019:05:06 15:14:16 845366 583987.6272
2019:05:06 15:14:17 622154 776776.3697
2019:05:06 15:14:18 461380 804014.3177
2019:05:06 15:14:19 741386 1240016.7063
2019:05:06 15:14:20 741398 960024.4910
2019:05:06 15:14:21 417385 636015.6201
2019:05:06 15:14:22 221385 764011.4836
2019:05:06 15:14:22 821366 592542.0709
2019:05:06 15:14:23 629367 807990.0406
2019:05:06 15:14:24 285363 655984.8823
2019:05:06 15:14:25 141366 855989.1507
2019:05:06 15:14:25 941364 799987.7036
2019:05:06 15:14:26 901363 959988.4190
2019:05:06 15:14:27 541365 639991.0189
2019:05:06 15:14:28 269358 727980.1257
2019:05:06 15:14:28 876551 607180.7072
2019:05:06 15:14:29 655981 746624.4660
2019:05:06 15:14:30 261368 600517.7796
2019:05:06 15:14:31 149365 887985.8591
2019:05:06 15:14:32 149366 999990.5564
2019:05:06 15:14:33 73131 923754.3382
2019:05:06 15:14:34 149368 1072964.7279
2019:05:06 15:14:35 355661 1206283.4539
2019:05:06 15:14:35 937392 548034.0235
2019:05:06 15:14:36 549373 564007.1481
2019:05:06 15:14:37 269382 688020.2554
2019:05:06 15:14:37 769373 493655.7300
2019:05:06 15:14:38 421377 620007.8316
2019:05:06 15:14:39 128437 667078.8713
2019:05:06 15:14:39 953381 787252.9887
2019:05:06 15:14:40 657395 664038.4383
2019:05:06 15:14:41 333373 636017.0618
2019:05:06 15:14:42 709376 1336009.4763
2019:05:06 15:14:43 613395 864031.5421
2019:05:06 15:14:44 429400 809164.3974
2019:05:06 15:14:45 133362 697656.7768
2019:05:06 15:14:46 37373 903999.5447
2019:05:06 15:14:46 885360 847976.0773
2019:05:06 15:14:47 645365 759992.7001
2019:05:06 15:14:48 535699 890322.2084
2019:05:06 15:14:49 221364 680340.3422
2019:05:06 15:14:49 981360 759985.7822
2019:05:06 15:14:50 981371 999231.0405
2019:05:06 15:14:51 909374 927987.7022
2019:05:06 15:14:52 629373 719984.4457
2019:05:06 15:14:53 439091 809703.3575
2019:05:06 15:14:54 217295 777342.5691
2019:05:06 15:14:55 293378 1040014.5799
2019:05:06 15:14:56 340089 1006730.8918
2019:05:06 15:14:56 989387 624028.8280
2019:05:06 15:14:57 755820 726457.9982
2019:05:06 15:14:58 749372 956010.2522
2019:05:06 15:14:59 469371 680015.5155
2019:05:06 15:15:00 557380 1048023.6188
2019:05:06 15:15:01 497360 900000.1214
2019:05:06 15:15:02 186818 689447.4179
2019:05:06 15:15:02 906462 685097.0760
2019:05:06 15:15:04 69376 1128011.4166
2019:05:06 15:15:04 789390 680023.9533
2019:05:06 15:15:05 389376 560016.1329
2019:05:06 15:15:06 149364 759977.2438
2019:05:06 15:15:06 789364 639990.8848
2019:05:06 15:15:08 149423 1360047.4894
2019:05:06 15:15:08 909363 756666.1127
2019:05:06 15:15:09 473359 563985.4372
2019:05:06 15:15:09 913386 440014.3735
2019:05:06 15:15:10 677391 724026.1920
2019:05:06 15:15:11 197378 480013.2960
2019:05:06 15:15:11 757383 520021.2672
2019:05:06 15:15:12 725374 960185.1813
2019:05:06 15:15:13 409414 644055.6832
2019:05:06 15:15:14 205372 756008.6288
2019:05:06 15:15:14 805369 592394.0875
2019:05:06 15:15:15 847177 1041798.1707
2019:05:06 15:15:16 781375 931332.0890
2019:05:06 15:15:17 561367 779978.6553
2019:05:06 15:15:18 399731 838353.2055
2019:05:06 15:15:19 966410 1529047.5041
2019:05:06 15:15:21 4185 1002816.3381
2019:05:06 15:15:22 501386 1464013.1705
2019:05:06 15:15:23 301380 792482.1638
2019:05:06 15:15:24 136794 829068.7054
2019:05:06 15:15:24 813373 672926.8990
2019:05:06 15:15:25 441374 627986.3454
2019:05:06 15:15:26 245364 803974.9339
2019:05:06 15:15:26 805386 560009.7962
2019:05:06 15:15:27 365361 554391.3059
2019:05:06 15:15:28 77369 711995.3893
2019:05:06 15:15:29 425358 1347978.4280
2019:05:06 15:15:30 93372 668001.5996
2019:05:06 15:15:30 693367 599982.5671
2019:05:06 15:15:31 333381 639999.2891
2019:05:06 15:15:32 53382 680016.0781
2019:05:06 15:15:32 653384 560021.8549
2019:05:06 15:15:33 409366 749360.5316
2019:05:06 15:15:34 493365 1083988.8155
2019:05:06 15:15:35 237366 743991.0993
2019:05:06 15:15:36 389360 1151982.4862
2019:05:06 15:15:37 204729 815355.8597
2019:05:06 15:15:38 44902 834481.6938
2019:05:06 15:15:38 853386 768029.8425
2019:05:06 15:15:39 473386 576028.9691
2019:05:06 15:15:40 277377 768015.2915
2019:05:06 15:15:40 992520 667150.5235
2019:05:06 15:15:41 659338 633972.8683
2019:05:06 15:15:42 133366 437602.7398
2019:05:06 15:15:42 773366 639988.1318
2019:05:06 15:15:43 661929 888551.8387
2019:05:06 15:15:44 413391 716030.4375
2019:05:06 15:15:45 305272 851913.7911
2019:05:06 15:15:45 962699 629346.1770
2019:05:06 15:15:47 5359 1041457.8654
2019:05:06 15:15:47 717365 711995.5942
2019:05:06 15:15:48 797593 1080218.4530
2019:05:06 15:15:49 745367 944108.9146
2019:05:06 15:15:50 349364 603985.0265
2019:05:06 15:15:50 792812 443435.8701
2019:05:06 15:15:51 589372 760008.9461
2019:05:06 15:15:52 72028 476038.5528
2019:05:06 15:15:52 949373 875302.3371
2019:05:06 15:15:53 981382 992019.8023
2019:05:06 15:15:54 729391 700027.5441
2019:05:06 15:15:55 505374 744014.5798
2019:05:06 15:15:56 813391 1308001.7976
2019:05:06 15:15:57 489394 636033.7697
2019:05:06 15:15:58 97386 568015.6164
2019:05:06 15:15:59 45372 912002.8764
2019:05:06 15:15:59 765386 688025.3777
2019:05:06 15:16:00 511629 706265.4458
2019:05:06 15:16:01 40060 498700.1903
2019:05:06 15:16:01 665380 598677.4527
2019:05:06 15:16:02 429376 716013.4874
2019:05:06 15:16:02 873387 438755.8773
2019:05:06 15:16:03 517379 604015.6037
2019:05:06 15:16:04 157381 600020.1181
2019:05:06 15:16:04 719754 557395.7786
2019:05:06 15:16:05 513382 760020.6546
2019:05:06 15:16:06 197377 644011.3336
2019:05:06 15:16:06 837372 600007.6644
2019:05:06 15:16:07 558175 680811.4313
2019:05:06 15:16:08 77385 480027.5788
2019:05:06 15:16:08 709382 592021.3312
2019:05:06 15:16:09 769389 1020035.1924
2019:05:06 15:16:10 526054 750767.7451
2019:05:06 15:16:11 517364 989680.6702
2019:05:06 15:16:12 181369 663994.2043
2019:05:06 15:16:12 849367 667985.8267
2019:05:06 15:16:13 597360 747983.2582
2019:05:06 15:16:14 349362 751987.4759
2019:05:06 15:16:15 445366 1095991.3842
2019:05:06 15:16:16 469365 1023988.2357
2019:05:06 15:16:17 157367 687991.4068
2019:05:06 15:16:17 954457 797077.9054
2019:05:06 15:16:18 661378 672013.1412
2019:05:06 15:16:19 361372 660007.0409
2019:05:06 15:16:20 77386 676018.9235
2019:05:06 15:16:20 569370 469514.8692
2019:05:06 15:16:21 738208 1124848.3434
2019:05:06 15:16:22 453384 688014.1273
2019:05:06 15:16:23 225382 724022.5077
2019:05:06 15:16:24 5366 748011.0936
2019:05:06 15:16:24 681365 675989.7918
2019:05:06 15:16:25 269364 587988.3803
2019:05:06 15:16:26 45367 775991.0449
2019:05:06 15:16:26 628107 582729.2427
2019:05:06 15:16:27 301358 670831.9448
2019:05:06 15:16:28 337359 1034193.2066
2019:05:06 15:16:29 143823 806451.6708
2019:05:06 15:16:29 921378 744020.8793
2019:05:06 15:16:30 757497 794123.0945
2019:05:06 15:16:31 621362 860212.6427
2019:05:06 15:16:32 489364 867991.3655
2019:05:06 15:16:33 340306 850931.1453
2019:05:06 15:16:34 277382 908027.7607
2019:05:06 15:16:35 197396 880030.3675
2019:05:06 15:16:35 998125 760759.6740
2019:05:06 15:16:36 721383 684012.9271
2019:05:06 15:16:37 556242 794880.9452
2019:05:06 15:16:38 253390 660019.1370
2019:05:06 15:16:38 949388 664023.2429
2019:05:06 15:16:39 581359 625157.0024
2019:05:06 15:16:40 776353 1191105.7048
2019:05:06 15:16:41 633376 832012.7875
2019:05:06 15:16:42 317383 636025.0004
2019:05:06 15:16:43 341628 984263.8709
2019:05:06 15:16:45 109382 1736014.9771
2019:05:06 15:16:46 101373 944009.0954
2019:05:06 15:16:48 107453 1974085.0590
2019:05:06 15:16:48 777963 663937.6245
2019:05:06 15:16:49 396472 615191.4969
2019:05:06 15:16:50 30499 634015.9588
2019:05:06 15:16:50 714090 677909.6797
2019:05:06 15:16:51 324367 605230.6145
2019:05:06 15:16:52 253365 926191.5945
2019:05:06 15:16:52 812438 559062.6225
2019:05:06 15:16:53 461383 616018.7647
2019:05:06 15:16:54 301376 792014.1406
2019:05:06 15:16:55 45374 696016.0956
2019:05:06 15:16:55 689384 596018.9924
2019:05:06 15:16:56 349373 628012.1878
2019:05:06 15:16:57 117381 728027.1836
2019:05:06 15:16:57 813365 689249.6496
2019:05:06 15:16:58 621359 807984.0355
2019:05:06 15:16:59 349359 724877.8157
2019:05:06 15:17:00 141363 791992.1763
2019:05:06 15:17:01 57366 915992.3494
2019:05:06 15:17:01 683749 626372.2740
2019:05:06 15:17:02 391577 682211.0526
2019:05:06 15:17:03 14953 585593.0559
2019:05:06 15:17:03 617394 564036.2017
2019:05:06 15:17:04 193721 536354.7280
2019:05:06 15:17:04 921375 692012.9955
2019:05:06 15:17:05 753365 792004.6002
2019:05:06 15:17:06 589377 836001.2807
2019:05:06 15:17:07 117398 528005.0263
2019:05:06 15:17:07 949382 796008.0393
2019:05:06 15:17:08 634917 645551.5474
2019:05:06 15:17:09 326252 656880.2781
2019:05:06 15:17:10 789364 1424005.3929
2019:05:06 15:17:11 501367 711989.1830
2019:05:06 15:17:12 71715 570337.0273
2019:05:06 15:17:12 977373 872008.7968
2019:05:06 15:17:13 737380 720017.6790
2019:05:06 15:17:14 341371 564012.9112
2019:05:06 15:17:14 978252 630350.0421
2019:05:06 15:17:15 645375 632010.5046
2019:05:06 15:17:16 213412 528047.4648
2019:05:06 15:17:17 65382 772023.8939
2019:05:06 15:17:18 349387 1244019.7393
2019:05:06 15:17:19 29392 640037.0337
2019:05:06 15:17:19 881385 772019.2336
2019:05:06 15:17:20 733371 820008.0320
2019:05:06 15:17:21 517387 752023.3653
2019:05:06 15:17:22 577375 1020016.4579
2019:05:06 15:17:23 613366 1020008.4224
2019:05:06 15:17:24 609367 995989.5946
2019:05:06 15:17:25 786503 1177127.1639
2019:05:06 15:17:26 477379 664018.4149
2019:05:06 15:17:27 180883 663525.8086
2019:05:06 15:17:27 865384 660024.5833
2019:05:06 15:17:28 489364 617511.7493
2019:05:06 15:17:28 953371 463997.1666
2019:05:06 15:17:29 561372 576010.1527
2019:05:06 15:17:30 485381 884015.0237
2019:05:06 15:17:31 293399 760035.6042
2019:05:06 15:17:31 737399 439342.7186
2019:05:06 15:17:32 507189 521829.3704
2019:05:06 15:17:33 185380 644017.9087
2019:05:06 15:17:33 957375 732019.1823
2019:05:06 15:17:34 797378 808015.5700
2019:05:06 15:17:35 345387 543314.6432
2019:05:06 15:17:36 277372 902775.7123
2019:05:06 15:17:37 62788 761423.8188
2019:05:06 15:17:37 589631 496263.8132
2019:05:06 15:17:38 533372 924013.3539
2019:05:06 15:17:39 109401 576013.3564
2019:05:06 15:17:40 85378 872011.1661
2019:05:06 15:17:41 257408 1140038.6207
2019:05:06 15:17:42 789371 1500004.9323
2019:05:06 15:17:43 624577 803214.5090
2019:05:06 15:17:44 397371 736013.6360
2019:05:06 15:17:45 593378 1156014.5132
2019:05:06 15:17:46 445390 804031.4913
2019:05:06 15:17:47 101365 608006.0564
2019:05:06 15:17:47 745370 643994.2047
2019:05:06 15:17:48 685383 908016.4358
2019:05:06 15:17:49 177389 486448.0831
2019:05:06 15:17:49 857382 640020.6685
2019:05:06 15:17:50 457384 560025.1630
2019:05:06 15:17:51 350359 887563.3739
2019:05:06 15:17:52 65387 684028.0071
2019:05:06 15:17:53 73378 976014.2565
2019:05:06 15:17:54 29375 912013.9368
2019:05:06 15:17:54 713380 636025.9354
2019:05:06 15:17:55 721377 962482.7579
2019:05:06 15:17:56 421385 668023.7912
2019:05:06 15:17:57 429377 704018.4401
2019:05:06 15:17:57 969390 492025.8038
2019:05:06 15:17:58 801372 792013.1423
2019:05:06 15:17:59 757376 908015.9515
2019:05:06 15:18:00 453011 690194.8340
2019:05:06 15:18:01 357374 876008.1492
2019:05:06 15:18:02 365368 1001856.9343
2019:05:06 15:18:02 957370 591991.6406
2019:05:06 15:18:03 781378 776010.6176
2019:05:06 15:18:04 749388 920017.6969
2019:05:06 15:18:05 541384 744025.1783
2019:05:06 15:18:06 477365 892005.0487
2019:05:06 15:18:07 198049 720662.9924
2019:05:06 15:18:07 861370 663305.9978
2019:05:06 15:18:08 661386 760025.2330
2019:05:06 15:18:09 421373 720009.1630
2019:05:06 15:18:10 293375 864193.8828
2019:05:06 15:18:11 139677 846287.3586
2019:05:06 15:18:12 109386 944014.6722
2019:05:06 15:18:12 829374 712842.8742
2019:05:06 15:18:13 937374 1107987.5305
2019:05:06 15:18:14 727955 790566.2246
2019:05:06 15:18:15 481376 716010.5258
2019:05:06 15:18:16 357376 837991.7629
2019:05:06 15:18:17 123758 726390.5853
2019:05:06 15:18:17 749391 592030.3203
2019:05:06 15:18:18 629362 832002.8111
2019:05:06 15:18:19 388310 758937.8543
2019:05:06 15:18:20 157360 769039.2025
2019:05:06 15:18:21 17366 856958.5793
2019:05:06 15:18:22 85373 1067987.6544
2019:05:06 15:18:22 963394 838032.9683
2019:05:06 15:18:23 841376 840017.4975
2019:05:06 15:18:24 717364 849555.9767
2019:05:06 15:18:25 501359 783984.6946
2019:05:06 15:18:26 253365 751993.9765
2019:05:06 15:18:27 61365 807988.7442
2019:05:06 15:18:27 589600 528223.7157
2019:05:06 15:18:28 509919 884563.2374
2019:05:06 15:18:29 571385 1030029.8631
2019:05:06 15:18:30 909367 1337972.1120
2019:05:06 15:18:31 873357 963979.1846
2019:05:06 15:18:32 813363 939993.7317
2019:05:06 15:18:33 365362 551987.5512
2019:05:06 15:18:34 58283 692909.6058
2019:05:06 15:18:34 969668 907295.5921
2019:05:06 15:18:35 777387 772022.4671
2019:05:06 15:18:37 57372 1240005.5304
2019:05:06 15:18:37 860551 763185.2105
2019:05:06 15:18:38 813372 916004.9334
2019:05:06 15:18:39 833375 980008.3004
2019:05:06 15:18:40 433374 559515.3421
2019:05:06 15:18:41 741041 1267677.1097
2019:05:06 15:18:42 541390 776023.9951
2019:05:06 15:18:43 177586 596057.5379
2019:05:06 15:18:43 871578 690785.2590
2019:05:06 15:18:44 833363 960362.8553
2019:05:06 15:18:45 334876 501496.5832
2019:05:06 15:18:46 253366 917678.9708
2019:05:06 15:18:46 845366 591773.1524
2019:05:06 15:18:47 493365 647981.3904
2019:05:06 15:18:48 421363 927985.9364
2019:05:06 15:18:49 693366 1271992.8920
2019:05:06 15:18:50 349363 655985.5007
2019:05:06 15:18:50 949357 599984.1578
2019:05:06 15:18:51 562648 612429.0340
2019:05:06 15:18:52 189360 626337.2488
2019:05:06 15:18:52 860808 671435.5610
2019:05:06 15:18:53 729374 828018.0395
2019:05:06 15:18:54 41361 304417.5990
2019:05:06 15:18:54 765364 723992.9214
2019:05:06 15:18:55 401363 630085.4459
2019:05:06 15:18:56 109361 707987.2191
2019:05:06 15:18:56 909361 799585.3685
2019:05:06 15:18:57 613363 703991.5994
2019:05:06 15:18:58 421366 807992.2646
2019:05:06 15:18:59 21368 599989.9656
2019:05:06 15:18:59 705363 643998.0678
2019:05:06 15:19:00 461359 755986.0833
2019:05:06 15:19:01 265358 801690.8802
2019:05:06 15:19:01 713361 447990.7788
2019:05:06 15:19:02 437365 723993.4504
2019:05:06 15:19:03 17375 579999.1451
2019:05:06 15:19:03 669377 645829.6329
2019:05:06 15:19:04 593372 884013.3213
2019:05:06 15:19:05 285389 656030.2563
2019:05:06 15:19:06 85379 720020.4730
2019:05:06 15:19:06 845380 720018.2192
2019:05:06 15:19:07 485371 600007.8581
2019:05:06 15:19:07 993386 501089.2488
2019:05:06 15:19:09 49383 1016021.2331
2019:05:06 15:19:09 763178 681814.8531
2019:05:06 15:19:10 685373 888010.5652
2019:05:06 15:19:11 401370 676004.2198
2019:05:06 15:19:12 101361 675048.5227
2019:05:06 15:19:12 737357 634447.4107
2019:05:06 15:19:13 223720 486180.1825
2019:05:06 15:19:13 913470 656107.9025
2019:05:06 15:19:14 785357 831999.6670
2019:05:06 15:19:15 605366 819997.3777
2019:05:06 15:19:16 397361 791984.1111
2019:05:06 15:19:17 201365 803993.1878
2019:05:06 15:19:17 961363 759987.6933
2019:05:06 15:19:18 649362 687988.8140
2019:05:06 15:19:19 517366 867992.7140
2019:05:06 15:19:20 289363 771986.4659
2019:05:06 15:19:21 290497 1001124.4863
2019:05:06 15:19:22 133368 840821.1246
2019:05:06 15:19:23 165363 1031976.3608
2019:05:06 15:19:24 237364 1071991.0562
2019:05:06 15:19:25 157366 919989.4890
2019:05:06 15:19:26 25363 867986.5636
2019:05:06 15:19:26 941366 915991.2169
2019:05:06 15:19:27 625364 683989.2976
2019:05:06 15:19:28 517362 891987.7745
2019:05:06 15:19:29 157373 640000.7568
2019:05:06 15:19:30 309377 1112013.1277
2019:05:06 15:19:31 69396 720032.9974
2019:05:06 15:19:31 729397 620022.8930
2019:05:06 15:19:32 349390 612954.7358
2019:05:06 15:19:33 93388 648022.2791
2019:05:06 15:19:33 957385 824020.5906
2019:05:06 15:19:35 363331 1357966.0356
2019:05:06 15:19:36 85379 696016.8518
2019:05:06 15:19:36 909373 792009.4319
2019:05:06 15:19:37 725360 776000.6152
2019:05:06 15:19:38 453365 726352.5203
2019:05:06 15:19:39 39382 586006.4477
2019:05:06 15:19:39 629374 589982.6661
2019:05:06 15:19:40 421250 739891.0895
2019:05:06 15:19:41 361374 900007.9595
2019:05:06 15:19:42 393383 972023.5616
2019:05:06 15:19:43 117384 676015.8911
2019:05:06 15:19:43 777378 612019.5165
2019:05:06 15:19:44 488492 679128.9672
2019:05:06 15:19:45 429300 915941.7339
2019:05:06 15:19:46 73385 604026.4554
2019:05:06 15:19:46 769362 692503.2996
2019:05:06 15:19:47 429358 659985.9521
2019:05:06 15:19:48 506535 1077167.3508
2019:05:06 15:19:49 313372 764012.1691
2019:05:06 15:19:49 949382 629351.4334
2019:05:06 15:19:50 849363 860007.7964
2019:05:06 15:19:51 749364 899990.8864
2019:05:06 15:19:52 361369 611993.6258
2019:05:06 15:19:53 81372 680007.1634
2019:05:06 15:19:53 905379 788012.0911
2019:05:06 15:19:54 646673 701312.0726
2019:05:06 15:19:55 445376 764018.0849
2019:05:06 15:19:56 189395 704035.0549
2019:05:06 15:19:56 904791 683429.6696
2019:05:06 15:19:57 796109 854746.5950
2019:05:06 15:19:58 429366 611433.2266
2019:05:06 15:19:59 355526 926147.8297
2019:05:06 15:20:00 257377 860020.9467
2019:05:06 15:20:00 937935 640576.9028
2019:05:06 15:20:01 763393 790032.0813
2019:05:06 15:20:02 505378 712018.0465
2019:05:06 15:20:03 349374 804018.2926
2019:05:06 15:20:04 116439 727073.9637
2019:05:06 15:20:05 189391 1040027.4582
2019:05:06 15:20:05 881392 640028.2308
2019:05:06 15:20:06 525376 612012.1628
2019:05:06 15:20:07 229380 698029.6485
2019:05:06 15:20:07 969383 700026.7208
2019:05:06 15:20:08 761371 752008.1513
2019:05:06 15:20:09 793384 992021.2217
2019:05:06 15:20:11 65376 1232017.6214
2019:05:06 15:20:12 181376 1115985.7772
2019:05:06 15:20:13 149383 967991.7656
2019:05:06 15:20:14 421380 1232008.2672
2019:05:06 15:20:15 165364 738257.9297
2019:05:06 15:20:15 765365 599989.1721
2019:05:06 15:20:16 681364 915988.1063
2019:05:06 15:20:17 273372 591998.8714
2019:05:06 15:20:17 833365 559982.8586
2019:05:06 15:20:18 488149 654773.8649
2019:05:06 15:20:19 253349 731987.3944
2019:05:06 15:20:20 301374 1008011.2033
2019:05:06 15:20:21 385393 1044028.0400
2019:05:06 15:20:21 989388 592027.8840
2019:05:06 15:20:22 717371 688006.6581
2019:05:06 15:20:23 445399 688043.7061
2019:05:06 15:20:23 921373 471481.8411
2019:05:06 15:20:24 545385 584030.0433
2019:05:06 15:20:25 733366 1148001.2052
2019:05:06 15:20:26 489359 755982.8870
2019:05:06 15:20:27 52462 563090.9093
2019:05:06 15:20:28 317372 1231999.3563
2019:05:06 15:20:29 85366 736008.1784
2019:05:06 15:20:29 761364 675987.9887
2019:05:06 15:20:30 441362 679987.6764
2019:05:06 15:20:31 371357 929984.9980
2019:05:06 15:20:32 54950 649587.3518
2019:05:06 15:20:32 473387 392021.4847
2019:05:06 15:20:33 33384 528018.8508
2019:05:06 15:20:33 652356 570997.6628
2019:05:06 15:20:34 149385 472023.4498
2019:05:06 15:20:34 633369 477736.8419
2019:05:06 15:20:35 277364 643983.4945
2019:05:06 15:20:35 873364 595989.5551
2019:05:06 15:20:36 369383 496008.2211
2019:05:06 15:20:37 9372 600015.6701
2019:05:06 15:20:37 577383 520016.5361
2019:05:06 15:20:38 101375 517157.4280
2019:05:06 15:20:38 533372 424548.1379
2019:05:06 15:20:39 13404 473960.9845
2019:05:06 15:20:39 537369 518875.5803
2019:05:06 15:20:40 101395 528033.6663
2019:05:06 15:20:40 573380 466545.4254
2019:05:06 15:20:41 429380 816018.3541
2019:05:06 15:20:42 197368 504158.8731
2019:05:06 15:20:42 829361 631981.2387
2019:05:06 15:20:43 497364 667990.5951
2019:05:06 15:20:44 137367 639992.4532
2019:05:06 15:20:44 617370 479992.5461
2019:05:06 15:20:45 437366 819985.9709
2019:05:06 15:20:46 77369 639993.5298
2019:05:06 15:20:46 681361 603975.4488
2019:05:06 15:20:47 529362 847987.9946
2019:05:06 15:20:48 274622 745249.7371
2019:05:06 15:20:49 65357 789939.3365
2019:05:06 15:20:49 873368 804972.8982
2019:05:06 15:20:50 441358 567979.6562
2019:05:06 15:20:50 965374 519024.2119
2019:05:06 15:20:51 711592 746203.8845
2019:05:06 15:20:52 409373 688005.0227
2019:05:06 15:20:53 369366 959977.6864
2019:05:06 15:20:54 376343 1006960.3026
2019:05:06 15:20:55 893364 1492005.3929
2019:05:06 15:20:56 725368 831991.3037
2019:05:06 15:20:57 509362 783982.3887
2019:05:06 15:20:57 887382 378009.8483
2019:05:06 15:20:58 473370 544000.9832
2019:05:06 15:20:59 73034 567672.4203
2019:05:06 15:20:59 785387 676024.0309
2019:05:06 15:21:00 553385 728019.4163
2019:05:06 15:21:01 249375 608011.8902
2019:05:06 15:21:02 57374 768017.8396
2019:05:06 15:21:02 881373 796011.7683
2019:05:06 15:21:03 965364 1076889.7347
2019:05:06 15:21:05 69365 1103990.5883
2019:05:06 15:21:06 29360 959983.8257
2019:05:06 15:21:06 950456 921085.2496
2019:05:06 15:21:07 618610 658335.2536
2019:05:06 15:21:08 407895 788199.3912
2019:05:06 15:21:09 110406 696384.2213
2019:05:06 15:21:09 853382 742965.2102
2019:05:06 15:21:11 105377 1224018.3800
2019:05:06 15:21:12 69365 963976.8451
2019:05:06 15:21:12 821871 752496.4809
2019:05:06 15:21:13 309367 483807.6457
2019:05:06 15:21:14 493367 1183988.1167
2019:05:06 15:21:15 237359 743980.5046
2019:05:06 15:21:16 97370 860000.8860
2019:05:06 15:21:17 77361 979975.5812
2019:05:06 15:21:17 881363 803987.9948
2019:05:06 15:21:18 553364 671990.1264
2019:05:06 15:21:19 593369 1039994.5378
2019:05:06 15:21:20 249367 655987.9221
2019:05:06 15:21:21 278514 1029136.2777
2019:05:06 15:21:22 73359 789926.5885
2019:05:06 15:21:22 870052 795976.3855
2019:05:06 15:21:23 781370 911308.2960
2019:05:06 15:21:24 529391 700035.0542
2019:05:06 15:21:25 662104 1084742.9000
2019:05:06 15:21:26 321357 658855.8219
2019:05:06 15:21:27 13366 688913.5912
2019:05:06 15:21:27 869389 855998.3261
2019:05:06 15:21:28 553361 676222.4026
2019:05:06 15:21:29 551960 998586.7850
2019:05:06 15:21:30 225380 636018.0713
2019:05:06 15:21:31 113386 848022.1890
2019:05:06 15:21:31 945385 804019.8125
2019:05:06 15:21:33 428035 1450666.2190
2019:05:06 15:21:34 329370 894735.9398
2019:05:06 15:21:34 977383 647997.4054
2019:05:06 15:21:36 81381 1056022.0331
2019:05:06 15:21:36 809373 696017.3324
2019:05:06 15:21:37 801383 952021.0102
2019:05:06 15:21:38 641378 800017.1185
2019:05:06 15:21:39 301386 596018.5044
2019:05:06 15:21:40 153378 804018.1398
2019:05:06 15:21:40 907962 714600.6115
2019:05:06 15:21:41 493376 552023.0383
2019:05:06 15:21:42 495158 995771.9594
2019:05:06 15:21:43 353366 857003.0741
2019:05:06 15:21:44 225366 871988.6839
2019:05:06 15:21:44 865365 639989.0706
2019:05:06 15:21:45 378711 513334.6543
2019:05:06 15:21:46 233365 850173.6894
2019:05:06 15:21:47 397367 1163991.5816
2019:05:06 15:21:48 625370 1227993.4436
2019:05:06 15:21:50 177366 1551984.2803
2019:05:06 15:21:50 710902 533526.7037
2019:05:06 15:21:51 430124 680758.6588
2019:05:06 15:21:52 145771 688414.5029
2019:05:06 15:21:52 785385 600031.5286
2019:05:06 15:21:53 265376 474667.8807
2019:05:06 15:21:53 861357 590404.7526
2019:05:06 15:21:54 541368 675362.8291
2019:05:06 15:21:55 389363 847985.5172
2019:05:06 15:21:56 83095 693722.4492
2019:05:06 15:21:56 957366 871416.9525
2019:05:06 15:21:57 905375 947996.1507
2019:05:06 15:21:58 401374 495987.9518
2019:05:06 15:21:59 129394 688033.8788
2019:05:06 15:21:59 913384 716001.7341
2019:05:06 15:22:01 577370 1620014.1050
2019:05:06 15:22:02 428710 831347.3724
2019:05:06 15:22:03 568084 1110721.8154
2019:05:06 15:22:04 596319 990956.1090
2019:05:06 15:22:05 364278 741496.2873
2019:05:06 15:22:06 37403 636033.2482
2019:05:06 15:22:06 646633 569268.2527
2019:05:06 15:22:07 437374 752006.5382
2019:05:06 15:22:08 201380 724017.6909
2019:05:06 15:22:09 312144 1070790.5628
2019:05:06 15:22:10 137358 823557.6004
2019:05:06 15:22:10 997363 859993.0294
2019:05:06 15:22:11 845366 847992.9157
2019:05:06 15:22:13 305365 1459988.4450
2019:05:06 15:22:13 949373 643997.9151
2019:05:06 15:22:14 789372 800009.0420
2019:05:06 15:22:15 597372 768015.2766
2019:05:06 15:22:16 444470 821702.8603
2019:05:06 15:22:17 197385 720018.4688
2019:05:06 15:22:17 845363 612005.9937
2019:05:06 15:22:18 609366 763992.4549
2019:05:06 15:22:19 173358 563982.3414
2019:05:06 15:22:19 977373 802627.2058
2019:05:06 15:22:20 797367 819984.4658
2019:05:06 15:22:21 701365 903989.1139
2019:05:06 15:22:22 551509 850132.9087
2019:05:06 15:22:23 173374 620622.3443
2019:05:06 15:22:23 705365 525930.6096
2019:05:06 15:22:24 485364 779988.6763
2019:05:06 15:22:24 965359 479984.1419
2019:05:06 15:22:25 721368 755997.3374
2019:05:06 15:22:26 393412 672034.0289
2019:05:06 15:22:27 541365 1144662.3914
2019:05:06 15:22:28 473364 931988.1983
2019:05:06 15:22:29 113561 640186.7382
2019:05:06 15:22:30 133372 984007.7646
2019:05:06 15:22:31 641372 1468010.7273
2019:05:06 15:22:32 445374 764016.4122
2019:05:06 15:22:33 565367 1080007.9927
2019:05:06 15:22:34 245359 679975.6698
2019:05:06 15:22:35 135511 887453.7870
2019:05:06 15:22:35 813361 676211.9457
2019:05:06 15:22:36 721368 904315.5611
2019:05:06 15:22:37 657379 935992.7811
2019:05:06 15:22:38 253401 596008.5690
2019:05:06 15:22:39 169381 876018.7253
2019:05:06 15:22:39 809393 616021.1489
2019:05:06 15:22:40 301385 485626.5709
2019:05:06 15:22:41 31808 690443.7020
2019:05:06 15:22:42 53371 976008.7989
2019:05:06 15:22:43 117378 1032017.1192
2019:05:06 15:22:43 813382 664021.7789
2019:05:06 15:22:44 513388 656026.2032
2019:05:06 15:22:45 345373 792005.4719
2019:05:06 15:22:46 109374 724011.3765
2019:05:06 15:22:46 712116 562753.7593
2019:05:06 15:22:47 433373 681168.6493
2019:05:06 15:22:48 213378 740017.7680
2019:05:06 15:22:48 853376 600015.5322
2019:05:06 15:22:49 539024 645668.3911
2019:05:06 15:22:50 317372 744006.8200
2019:05:06 15:22:50 917392 560034.8152
2019:05:06 15:22:51 645374 688009.2584
2019:05:06 15:22:52 385375 700013.5779
2019:05:06 15:22:53 272089 846725.5794
2019:05:06 15:22:54 93376 784013.5545
2019:05:06 15:22:55 165374 1064684.4245
2019:05:06 15:22:55 973364 801645.8005
2019:05:06 15:22:57 93360 1119983.1665
2019:05:06 15:22:57 753364 656550.2994
2019:05:06 15:22:58 941358 1187983.5166
2019:05:06 15:22:59 661367 719995.7818
2019:05:06 15:23:00 441366 779988.4602
2019:05:06 15:23:01 241374 799996.6592
2019:05:06 15:23:01 945363 703978.6503
2019:05:06 15:23:02 857372 911998.0522
2019:05:06 15:23:03 997363 1139980.1187
2019:05:06 15:23:04 803689 806315.2842
2019:05:06 15:23:05 477386 640022.4715
2019:05:06 15:23:06 157384 640024.5577
2019:05:06 15:23:07 189374 992011.3832
2019:05:06 15:23:07 987052 757688.2318
2019:05:06 15:23:08 786522 761163.3651
2019:05:06 15:23:09 773370 948014.0246
2019:05:06 15:23:10 769384 956019.2674
2019:05:06 15:23:11 562902 753546.9718
2019:05:06 15:23:12 325384 724024.8173
2019:05:06 15:23:13 437372 1072005.3241
2019:05:06 15:23:14 230146 752780.7914
2019:05:06 15:23:15 69364 800004.8697
2019:05:06 15:23:15 845373 775997.5009
2019:05:06 15:23:17 49358 1203975.3385
2019:05:06 15:23:17 649365 599994.4508
2019:05:06 15:23:18 289365 639989.1116
2019:05:06 15:23:19 793368 1503991.9429
2019:05:06 15:23:20 597363 803979.1994
2019:05:06 15:23:21 675273 1077899.5901
2019:05:06 15:23:22 437374 728015.2477
2019:05:06 15:23:23 263404 786038.3987
2019:05:06 15:23:23 849403 548042.6736
2019:05:06 15:23:24 536203 670832.7010
2019:05:06 15:23:25 257506 688133.0833
2019:05:06 15:23:26 157377 860014.3567
2019:05:06 15:23:26 733163 575770.4638
2019:05:06 15:23:27 761366 1024553.3288
2019:05:06 15:23:29 76838 1315461.1699
2019:05:06 15:23:30 157384 1048016.9393
2019:05:06 15:23:30 869171 655810.3822
2019:05:06 15:23:31 661386 756025.4447
2019:05:06 15:23:32 469361 780006.7067
2019:05:06 15:23:33 202536 733163.3307
2019:05:06 15:23:34 133368 930426.3741
2019:05:06 15:23:34 765171 631792.0685
2019:05:06 15:23:35 569372 760011.6469
2019:05:06 15:23:36 301388 692023.1171
2019:05:06 15:23:37 186223 844862.8448
2019:05:06 15:23:38 23800 802437.2235
2019:05:06 15:23:38 741360 688867.5205
2019:05:06 15:23:39 601365 858702.7229
2019:05:06 15:23:40 548197 946821.8088
2019:05:06 15:23:41 362827 781460.7471
2019:05:06 15:23:42 39063 670510.6087
2019:05:06 15:23:42 781382 720017.3028
2019:05:06 15:23:43 649372 820013.5529
2019:05:06 15:23:44 477365 787996.1468
2019:05:06 15:23:45 291186 813810.3299
2019:05:06 15:23:46 21380 704021.5805
2019:05:06 15:23:46 709365 683788.1617
2019:05:06 15:23:47 386572 677196.9683
2019:05:06 15:23:48 173369 744005.6875
2019:05:06 15:23:48 977372 764008.1234
2019:05:06 15:23:49 789373 772009.9688
2019:05:06 15:23:51 417376 1588011.5107
2019:05:06 15:23:52 885363 1461004.3392
2019:05:06 15:23:53 997364 1111990.3401
2019:05:06 15:23:54 554618 557243.3658
2019:05:06 15:23:55 341394 752032.6972
2019:05:06 15:23:56 41371 693350.8143
2019:05:06 15:23:56 617395 576006.2933
2019:05:06 15:23:57 209595 552235.4245
2019:05:06 15:23:57 991075 745704.7068
2019:05:06 15:23:58 689391 660028.1410
2019:05:06 15:23:59 429068 699697.1630
2019:05:06 15:24:00 423942 970581.2857
2019:05:06 15:24:01 141361 688008.1408
2019:05:06 15:24:01 865378 724004.7567
2019:05:06 15:24:02 733366 867974.3931
2019:05:06 15:24:03 253389 520012.3526
2019:05:06 15:24:03 953381 660015.7544
2019:05:06 15:24:04 673365 680006.4333
2019:05:06 15:24:05 461372 787995.8376
2019:05:06 15:24:06 209378 708015.4158
2019:05:06 15:24:07 21615 772258.2892
2019:05:06 15:24:08 181363 1156508.3042
2019:05:06 15:24:08 821364 639988.3516
2019:05:06 15:24:09 661365 839990.8282
2019:05:06 15:24:10 389365 727989.5954
2019:05:06 15:24:11 269365 879985.0494
2019:05:06 15:24:12 61368 791992.7612
2019:05:06 15:24:12 969362 907983.1205
2019:05:06 15:24:14 5645 1036272.1942
2019:05:06 15:24:14 721375 712422.3895
2019:05:06 15:24:15 561375 808014.6424
2019:05:06 15:24:16 253360 636374.3804
2019:05:06 15:24:17 181371 927996.4529
2019:05:06 15:24:18 381381 1168019.6077
2019:05:06 15:24:19 225379 804015.0963
2019:05:06 15:24:19 833390 576027.8441
2019:05:06 15:24:20 561364 680005.4163
2019:05:06 15:24:21 457366 895991.7352
2019:05:06 15:24:22 246415 789038.5985
2019:05:06 15:24:23 53386 760029.3942
2019:05:06 15:24:23 749385 656020.5072
2019:05:06 15:24:24 501376 720016.3156
2019:05:06 15:24:25 189381 648013.4130
2019:05:06 15:24:26 25372 804009.7766
2019:05:06 15:24:26 901366 847393.3302
2019:05:06 15:24:27 655460 754077.5687
2019:05:06 15:24:28 663237 1003319.1368
2019:05:06 15:24:29 449397 752027.6643
2019:05:06 15:24:29 979963 490592.4909
2019:05:06 15:24:30 777394 760024.1303
2019:05:06 15:24:31 437371 612005.5467
2019:05:06 15:24:32 125384 656022.4667
2019:05:06 15:24:32 701363 568586.7891
2019:05:06 15:24:33 205364 503990.0802
2019:05:06 15:24:33 839387 634012.9785
2019:05:06 15:24:34 850240 976868.0111
2019:05:06 15:24:35 469395 588026.3112
2019:05:06 15:24:36 283423 766056.0645
2019:05:06 15:24:37 83319 757953.8487
2019:05:06 15:24:37 793363 672005.8173
2019:05:06 15:24:38 625367 831992.8832
2019:05:06 15:24:38 991521 366141.4534
2019:05:06 15:24:39 521377 496012.9783
2019:05:06 15:24:40 225391 664032.0197
2019:05:06 15:24:40 945387 680027.4514
2019:05:06 15:24:41 921376 936021.0784
2019:05:06 15:24:42 646655 685294.3935
2019:05:06 15:24:43 405379 720020.1899
2019:05:06 15:24:44 385371 940005.7755
2019:05:06 15:24:45 185381 760024.1937
2019:05:06 15:24:45 965112 739745.4530
2019:05:06 15:24:46 514354 516999.7029
2019:05:06 15:24:47 329376 776020.1022
2019:05:06 15:24:48 113373 740003.7274
2019:05:06 15:24:48 560643 441921.1373
2019:05:06 15:24:49 193375 600012.2391
2019:05:06 15:24:49 797413 596592.8771
2019:05:06 15:24:50 425378 588017.8213
2019:05:06 15:24:51 86295 628935.0167
2019:05:06 15:24:51 669375 577130.1985
2019:05:06 15:24:52 297362 596002.6495
2019:05:06 15:24:52 985359 685665.1194
2019:05:06 15:24:53 641365 655992.4446
2019:05:06 15:24:54 473368 831989.2734
2019:05:06 15:24:55 9392 536004.4204
2019:05:06 15:24:55 625379 576011.1809
2019:05:06 15:24:56 337394 664039.2356
2019:05:06 15:24:57 145365 776010.0886
2019:05:06 15:24:57 949374 803998.1723
2019:05:06 15:24:58 401389 452004.0974
2019:05:06 15:24:59 193412 744052.3952
2019:05:06 15:24:59 763975 563621.9606
2019:05:06 15:25:00 353382 552012.4212
2019:05:06 15:25:01 185385 768012.4827
2019:05:06 15:25:02 854259 1612894.4270
2019:05:06 15:25:04 161385 1260019.7457
2019:05:06 15:25:05 473367 1280010.6741
2019:05:06 15:25:06 321360 847982.5854
2019:05:06 15:25:07 249358 927985.4819
2019:05:06 15:25:08 137362 885720.0705
2019:05:06 15:25:09 537366 1399994.0641
2019:05:06 15:25:10 193369 655990.7347
2019:05:06 15:25:10 961367 767986.8788
2019:05:06 15:25:11 585365 623987.8312
2019:05:06 15:25:12 385367 799982.1566
2019:05:06 15:25:12 949760 564381.9720
2019:05:06 15:25:13 600163 648363.1581
2019:05:06 15:25:14 217390 592021.6292
2019:05:06 15:25:15 81373 816009.5438
2019:05:06 15:25:16 417372 1295479.4616
2019:05:06 15:25:17 89386 632025.3015
2019:05:06 15:25:17 657389 536026.5635
2019:05:06 15:25:18 273363 609127.1937
2019:05:06 15:25:18 793380 520007.0404
2019:05:06 15:25:19 489828 664468.8919
2019:05:06 15:25:20 193389 664027.9964
2019:05:06 15:25:20 520010 321524.1879
2019:05:06 15:25:21 213384 668023.2100
2019:05:06 15:25:22 257379 1004014.7230
2019:05:06 15:25:22 689371 425724.6815
2019:05:06 15:25:23 377374 644016.3255
2019:05:06 15:25:24 293375 868012.3687
2019:05:06 15:25:25 177379 828024.1564
2019:05:06 15:25:25 993358 767998.3862
2019:05:06 15:25:26 961364 967993.6506
2019:05:06 15:25:27 845556 884182.1104
2019:05:06 15:25:28 417385 568525.0498
2019:05:06 15:25:29 33364 608232.3529
2019:05:06 15:25:29 741364 707987.0701
2019:05:06 15:25:30 425356 683980.2600
2019:05:06 15:25:31 331996 906627.4390
2019:05:06 15:25:32 17373 683067.0610
2019:05:06 15:25:32 820795 803406.7005
2019:05:06 15:25:34 5374 1182512.2088
2019:05:06 15:25:34 817359 811969.3026
2019:05:06 15:25:35 889366 1069837.8831
2019:05:06 15:25:36 577362 687985.4761
2019:05:06 15:25:37 217366 639993.3435
2019:05:06 15:25:37 985359 767982.2892
2019:05:06 15:25:38 581365 593322.2286
2019:05:06 15:25:39 329359 747984.4615
2019:05:06 15:25:40 126467 796664.8825
2019:05:06 15:25:40 833388 680029.1091
2019:05:06 15:25:42 91252 1251266.0176
2019:05:06 15:25:42 977362 881162.0697
2019:05:06 15:25:43 901376 924003.1689
2019:05:06 15:25:44 473365 571979.0496
2019:05:06 15:25:45 217360 743985.3735
2019:05:06 15:25:45 937367 719996.7764
2019:05:06 15:25:46 593370 655992.4670
2019:05:06 15:25:47 369366 775985.7550
2019:05:06 15:25:48 373368 1003992.0844
2019:05:06 15:25:49 297365 923984.4196
2019:05:06 15:25:50 45368 747992.0760
2019:05:06 15:25:50 690665 645286.5489
2019:05:06 15:25:51 145385 454282.6228
2019:05:06 15:25:52 57371 864011.4777
2019:05:06 15:25:52 777375 680012.4645
2019:05:06 15:25:53 587318 769952.9678
2019:05:06 15:25:54 273387 648024.1120
2019:05:06 15:25:54 844851 531495.5674
2019:05:06 15:25:55 597379 720017.5487
2019:05:06 15:25:56 345358 741536.0622
2019:05:06 15:25:57 225358 879988.8454
2019:05:06 15:25:57 881374 652326.1666
2019:05:06 15:25:58 787923 906539.5072
2019:05:06 15:25:59 737366 947808.2061
2019:05:06 15:26:00 329366 591989.0404
2019:05:06 15:26:00 809390 480014.0038
2019:05:06 15:26:01 489361 673515.1261
2019:05:06 15:26:02 834512 1345138.3151
2019:05:06 15:26:03 813378 978850.9160
2019:05:06 15:26:04 489380 675985.4853
2019:05:06 15:26:05 249364 759969.6033
2019:05:06 15:26:05 969713 717217.5832
2019:05:06 15:26:06 818360 845392.6854
2019:05:06 15:26:07 542472 720040.4815
2019:05:06 15:26:08 177374 600015.2864
2019:05:06 15:26:09 181731 964372.4784
2019:05:06 15:26:10 97377 880016.7143
2019:05:06 15:26:10 801865 664506.2603
2019:05:06 15:26:11 501564 699688.0248
2019:05:06 15:26:12 124550 619316.3097
2019:05:06 15:26:12 599221 471830.9790
2019:05:06 15:26:13 697361 1072006.4864
2019:05:06 15:26:15 97367 1396737.5830
2019:05:06 15:26:15 885370 787992.1347
2019:05:06 15:26:17 121360 1235976.8674
2019:05:06 15:26:17 765366 643995.2292
2019:05:06 15:26:18 721364 955987.5987
2019:05:06 15:26:19 329358 607981.8755
2019:05:06 15:26:20 81364 751218.1960
2019:05:06 15:26:20 961367 879991.9784
2019:05:06 15:26:21 721374 759997.1481
2019:05:06 15:26:22 401365 679979.6186
2019:05:06 15:26:23 73364 671985.6560
2019:05:06 15:26:23 749225 675850.1753
2019:05:06 15:26:24 617363 864919.6774
2019:05:06 15:26:25 257374 640000.3396
2019:05:06 15:26:26 9366 745301.2578
2019:05:06 15:26:27 9369 999991.4914
2019:05:06 15:26:27 725390 676018.6739
2019:05:06 15:26:28 376010 610645.5810
2019:05:06 15:26:29 273375 864014.4840
2019:05:06 15:26:30 449367 1136006.6943
2019:05:06 15:26:31 445785 956423.9234
2019:05:06 15:26:32 789365 1334770.2511
2019:05:06 15:26:33 609358 819981.5899
2019:05:06 15:26:34 309364 695455.3947
2019:05:06 15:26:34 908250 598873.9543
2019:05:06 15:26:35 649385 700018.2681
2019:05:06 15:26:36 341406 654010.3294
2019:05:06 15:26:36 853825 480041.2022
2019:05:06 15:26:37 395426 539207.2275
2019:05:06 15:26:37 809651 413143.7838
2019:05:06 15:26:38 342649 527526.3004
2019:05:06 15:26:38 970822 609445.8736
2019:05:06 15:26:39 419734 441543.9330
2019:05:06 15:26:40 72989 628151.4950
2019:05:06 15:26:40 525994 442296.8365
2019:05:06 15:26:41 837719 1311233.9377
2019:05:06 15:26:42 304988 446475.8821
2019:05:06 15:26:42 816934 509101.0407
2019:05:06 15:26:43 476614 657196.6596
2019:05:06 15:26:44 509751 1029303.0441
2019:05:06 15:26:45 257388 708022.8701
2019:05:06 15:26:46 109374 812010.6794
2019:05:06 15:26:46 753367 608010.8844
2019:05:06 15:26:47 337359 583979.3645
2019:05:06 15:26:47 897365 559991.8477
2019:05:06 15:26:48 705365 807989.1354
2019:05:06 15:26:49 425365 719989.1768
2019:05:06 15:26:50 485367 1059991.7360
2019:05:06 15:26:51 345363 859985.0945
2019:05:06 15:26:51 847754 502380.6170
2019:05:06 15:26:52 529381 648019.1685
2019:05:06 15:26:53 273371 712005.5594
2019:05:06 15:26:54 435099 1129737.1238
2019:05:06 15:26:55 209373 744009.8785
2019:05:06 15:26:55 985374 744011.6815
2019:05:06 15:26:56 798143 780786.2535
2019:05:06 15:26:57 557366 753890.1865
2019:05:06 15:26:58 337364 779985.0553
2019:05:06 15:26:59 76760 739384.7853
2019:05:06 15:27:00 86406 1007586.6580
2019:05:06 15:27:00 725356 603989.3329
2019:05:06 15:27:01 377382 608017.1391
2019:05:06 15:27:02 137374 720010.5973
2019:05:06 15:27:02 985373 816003.2332
2019:05:06 15:27:03 545371 552961.5097
2019:05:06 15:27:04 281376 731106.2738
2019:05:06 15:27:05 377372 1056009.7434
2019:05:06 15:27:06 179817 796651.7098
2019:05:06 15:27:07 65372 883517.1759
2019:05:06 15:27:08 9364 943977.0952
2019:05:06 15:27:08 565374 552004.7508
2019:05:06 15:27:09 609374 1043983.5265
2019:05:06 15:27:10 489379 879990.6112
2019:05:06 15:27:11 241361 751967.6238
2019:05:06 15:27:12 161365 919990.1223
2019:05:06 15:27:12 961366 799989.8642
2019:05:06 15:27:13 589367 627992.0153
2019:05:06 15:27:14 381365 791989.0881
2019:05:06 15:27:15 218869 837493.2557
2019:05:06 15:27:16 269365 1049706.6118
2019:05:06 15:27:17 193367 923991.3188
2019:05:06 15:27:17 897366 703988.5297
2019:05:06 15:27:18 573364 675987.7615
2019:05:06 15:27:19 465366 891991.0267
2019:05:06 15:27:20 705363 1239985.4474
2019:05:06 15:27:21 485363 779988.7508
2019:05:06 15:27:22 161365 675989.0392
2019:05:06 15:27:22 893364 731988.4710
2019:05:06 15:27:23 785363 891987.9869
2019:05:06 15:27:24 501364 715989.0980
2019:05:06 15:27:25 453363 951988.7269
2019:05:06 15:27:26 217367 763992.4437
2019:05:06 15:27:26 905365 687987.1562
2019:05:06 15:27:27 693367 787992.0639
2019:05:06 15:27:28 469631 776252.7950
2019:05:06 15:27:30 193371 1680016.2010
2019:05:06 15:27:31 313369 1080005.6718
2019:05:06 15:27:32 353371 1000000.5327
2019:05:06 15:27:33 153374 760017.8458
2019:05:06 15:27:34 73382 880018.8787
2019:05:06 15:27:35 553372 1440006.8931
2019:05:06 15:27:36 681381 1088018.6036
2019:05:06 15:27:37 481359 792314.4586
2019:05:06 15:27:38 241361 759987.8162
2019:05:06 15:27:39 401366 1159992.7917
2019:05:06 15:27:40 193378 791994.1545
2019:05:06 15:27:40 802184 608791.5413
2019:05:06 15:27:41 880972 1073947.2955
2019:05:06 15:27:42 633389 720015.6823
2019:05:06 15:27:43 429374 756011.9443
2019:05:06 15:27:44 769365 1300008.5913
2019:05:06 15:27:46 161370 1391994.3310
2019:05:06 15:27:46 833362 664054.6173
2019:05:06 15:27:47 605388 772015.9106
2019:05:06 15:27:48 561377 916019.1528
2019:05:06 15:27:49 281364 714257.8028
2019:05:06 15:27:50 9366 727991.7635
2019:05:06 15:27:50 825357 815979.9576
2019:05:06 15:27:51 465357 638391.5469
2019:05:06 15:27:53 25365 1557432.9793
2019:05:06 15:27:53 633361 607985.2581
2019:05:06 15:27:54 305366 671992.4733
2019:05:06 15:27:55 269363 963984.5565
2019:05:06 15:27:55 791383 522008.2812
2019:05:06 15:27:56 465363 673968.9857
2019:05:06 15:27:57 305365 839989.6324
2019:05:06 15:27:58 1366 695989.6721
2019:05:06 15:27:58 881365 879988.9088
2019:05:06 15:27:59 458720 577343.4900
2019:05:06 15:27:59 929364 469813.6114
2019:05:06 15:28:00 569357 639982.0112
2019:05:06 15:28:01 393364 821396.3285
2019:05:06 15:28:02 169366 775991.4286
2019:05:06 15:28:03 33362 863985.0356
2019:05:06 15:28:03 925359 891986.5862
2019:05:06 15:28:04 841357 915986.9030
2019:05:06 15:28:05 535199 693830.1586
2019:05:06 15:28:06 249365 708856.4821
2019:05:06 15:28:06 970134 720758.0395
2019:05:06 15:28:07 779397 770031.8955
2019:05:06 15:28:08 437392 616030.1268
2019:05:06 15:28:09 249365 764003.3215
2019:05:06 15:28:09 748408 499033.0823
2019:05:06 15:28:10 437358 647999.2010
2019:05:06 15:28:11 171597 734228.2794
2019:05:06 15:28:11 961366 788176.5030
2019:05:06 15:28:12 638665 677288.5695
2019:05:06 15:28:13 201364 557379.5252
2019:05:06 15:28:13 591465 390090.3873
2019:05:06 15:28:14 465377 840016.5439
2019:05:06 15:28:15 499749 994386.0359
2019:05:06 15:28:16 601373 1077994.0635
2019:05:06 15:28:17 185373 552010.7970
2019:05:06 15:28:17 981379 756014.7867
2019:05:06 15:28:19 209383 1188025.2697
2019:05:06 15:28:20 509381 1292695.0566
2019:05:06 15:28:21 393376 883977.7261
2019:05:06 15:28:22 137370 743977.9341
2019:05:06 15:28:23 42645 905261.3936
2019:05:06 15:28:23 909372 828006.9642
2019:05:06 15:28:24 493391 576299.0303
2019:05:06 15:28:25 246619 705254.8826
2019:05:06 15:28:25 785373 512010.9431
2019:05:06 15:28:26 361373 539991.7960
2019:05:06 15:28:26 993369 626105.3979
2019:05:06 15:28:27 775367 781987.4883
2019:05:06 15:28:28 223863 443167.3326
2019:05:06 15:28:28 977371 720009.5169
2019:05:06 15:28:29 685390 668024.7150
2019:05:06 15:28:30 445374 719529.8225
2019:05:06 15:28:31 106974 654486.2762
2019:05:06 15:28:32 33367 922293.9759
2019:05:06 15:28:32 709365 675988.1042
2019:05:06 15:28:33 609367 899988.9158
2019:05:06 15:28:34 57388 448010.4670
2019:05:06 15:28:34 585377 522349.0149
2019:05:06 15:28:35 330168 696806.4494
2019:05:06 15:28:35 924214 534847.5166
2019:05:06 15:28:37 69371 1108010.8956
2019:05:06 15:28:38 9382 840020.6789
2019:05:06 15:28:38 725381 676009.2005
2019:05:06 15:28:39 497400 724036.5520
2019:05:06 15:28:40 173297 635934.0064
2019:05:06 15:28:41 21375 816018.6745
2019:05:06 15:28:41 637983 608669.6908
2019:05:06 15:28:42 393363 755369.3019
2019:05:06 15:28:43 881247 1487873.3940
2019:05:06 15:28:44 921382 1004021.7265
2019:05:06 15:28:45 597374 636011.1199
2019:05:06 15:28:46 237386 600023.2249
2019:05:06 15:28:46 833371 556008.6779
2019:05:06 15:28:47 121375 280214.0377
2019:05:06 15:28:47 585365 456671.5993
2019:05:06 15:28:48 253365 667990.2300
2019:05:06 15:28:48 833364 579987.7904
2019:05:06 15:28:49 485369 651994.6568
2019:05:06 15:28:50 213364 727985.9781
2019:05:06 15:28:50 789365 575989.4885
2019:05:06 15:28:51 411318 621942.0694
2019:05:06 15:28:51 845384 433240.1603
2019:05:06 15:28:52 293385 440152.0081
2019:05:06 15:28:52 865374 571970.7049
2019:05:06 15:28:53 461371 595982.8533
2019:05:06 15:28:54 325377 863992.3446
2019:05:06 15:28:55 85366 759972.8778
2019:05:06 15:28:55 873359 787980.4522
2019:05:06 15:28:56 617363 743994.4372
2019:05:06 15:28:57 277363 659990.4262
2019:05:06 15:28:57 737429 460055.8951
2019:05:06 15:28:58 340247 597174.3949
2019:05:06 15:28:59 53386 672018.6062
2019:05:06 15:28:59 773376 680014.3048
2019:05:06 15:29:00 401369 588007.6960
2019:05:06 15:29:01 41373 600015.3311
2019:05:06 15:29:01 777366 728295.1549
2019:05:06 15:29:02 669374 891996.9872
2019:05:06 15:29:03 309373 639988.7130
2019:05:06 15:29:04 81371 771987.3078
2019:05:06 15:29:04 861365 779980.4248
2019:05:06 15:29:05 541371 679995.6337
2019:05:06 15:29:06 933861 1352491.4980
2019:05:06 15:29:07 989372 1016007.1030
2019:05:06 15:29:08 729365 733860.7349
2019:05:06 15:29:09 445367 715991.1804
2019:05:06 15:29:10 10667 565292.1908
2019:05:06 15:29:10 625364 610569.4920
2019:05:06 15:29:11 158710 533326.3725
2019:05:06 15:29:11 581455 421939.4363
2019:05:06 15:29:12 326409 701052.9786
2019:05:06 15:29:13 37384 676022.6712
2019:05:06 15:29:14 146166 1068811.4017
2019:05:06 15:29:14 925388 752031.6541
2019:05:06 15:29:15 915157 957785.1146
2019:05:06 15:29:17 595593 1646230.3512
2019:05:06 15:29:18 333370 712008.2937
2019:05:06 15:29:19 13367 672354.4970
2019:05:06 15:29:19 653360 639982.3725
2019:05:06 15:29:20 346027 692655.7943
2019:05:06 15:29:20 923502 574611.8277
2019:05:06 15:29:21 533367 604569.1818
2019:05:06 15:29:22 397358 863980.0362
2019:05:06 15:29:23 45373 643369.6784
2019:05:06 15:29:23 889381 843993.6079
2019:05:06 15:29:24 653389 756490.7596
2019:05:06 15:29:25 697380 995997.5183
2019:05:06 15:29:26 777382 1040015.4106
2019:05:06 15:29:27 421366 637327.4773
2019:05:06 15:29:28 537365 1115988.6606
2019:05:06 15:29:29 177361 639983.8850
2019:05:06 15:29:29 709378 531096.8421
2019:05:06 15:29:30 413374 664010.6216
2019:05:06 15:29:31 361367 942171.6779
2019:05:06 15:29:32 345366 983985.7146
2019:05:06 15:29:33 99251 753874.8197
2019:05:06 15:29:33 579646 479217.0487
2019:05:06 15:29:34 255068 641706.3959
2019:05:06 15:29:34 873374 584011.3796
2019:05:06 15:29:35 473368 593651.9019
2019:05:06 15:29:36 237363 763983.9835
2019:05:06 15:29:37 129365 891991.1832
2019:05:06 15:29:38 32325 902949.7057
2019:05:06 15:29:39 153376 1080019.2542
2019:05:06 15:29:39 829366 668453.9057
2019:05:06 15:29:40 360215 530837.5806
2019:05:06 15:29:40 913379 520024.9963
2019:05:06 15:29:41 629391 676036.4398
2019:05:06 15:29:42 269378 600010.0896
2019:05:06 15:29:42 869375 560013.2085
2019:05:06 15:29:43 833382 924018.8599
2019:05:06 15:29:44 509395 636030.7559
2019:05:06 15:29:45 193371 644015.3942
2019:05:06 15:29:46 30267 831322.6476
2019:05:06 15:29:46 794295 763037.0557
2019:05:06 15:29:48 105367 1306181.9151
2019:05:06 15:29:48 794706 689328.0782
2019:05:06 15:29:49 746577 905218.4783
2019:05:06 15:29:50 427302 637943.3945
2019:05:06 15:29:50 981385 520025.8121
2019:05:06 15:29:51 489370 500624.2394
2019:05:06 15:29:52 261379 732013.5161
2019:05:06 15:29:52 901385 592029.7503
2019:05:06 15:29:53 573383 666046.2506
2019:05:06 15:29:54 309366 728677.0716
2019:05:06 15:29:55 89369 779992.6996
2019:05:06 15:29:56 66663 977274.7196
2019:05:06 15:29:56 545373 478084.2066
2019:05:06 15:29:57 665373 1119986.6459
2019:05:06 15:29:58 473378 807987.5372
2019:05:06 15:29:59 343600 870207.7344
2019:05:06 15:30:00 245270 867907.6172
2019:05:06 15:30:00 855524 602725.1892
2019:05:06 15:30:01 829383 949891.3176
2019:05:06 15:30:02 664085 746724.3709
2019:05:06 15:30:03 621372 920008.6594
2019:05:06 15:30:04 570201 908838.1380
2019:05:06 15:30:05 813371 788013.1491
2019:05:06 15:30:06 620165 801590.4687
2019:05:06 15:30:07 621386 968021.7542
2019:05:06 15:30:08 521386 860026.8252
2019:05:06 15:30:09 245370 684007.1268
2019:05:06 15:30:10 61385 784019.5522
2019:05:06 15:30:10 771177 669810.8278
2019:05:06 15:30:11 509368 708004.7391
2019:05:06 15:30:12 313373 772012.0884
2019:05:06 15:30:13 125373 780011.4378
2019:05:06 15:30:13 877363 712007.0793
2019:05:06 15:30:14 741366 863992.8997
2019:05:06 15:30:15 485363 743987.7130
2019:05:06 15:30:16 210602 725227.2069
2019:05:06 15:30:17 251004 1039972.3351
2019:05:06 15:30:18 613382 1336018.8752
2019:05:06 15:30:19 405368 784982.7558
2019:05:06 15:30:20 761363 1355981.6964
2019:05:06 15:30:21 445364 682044.5396
2019:05:06 15:30:22 81369 635995.5370
2019:05:06 15:30:22 805367 723986.1228
2019:05:06 15:30:23 809365 1003984.7828
2019:05:06 15:30:25 273367 1463992.0332
2019:05:06 15:30:26 61365 787986.6585
2019:05:06 15:30:26 989364 923137.9293
2019:05:06 15:30:27 765369 775991.6745
2019:05:06 15:30:28 969371 1203986.4957
2019:05:06 15:30:29 721916 752529.4535
2019:05:06 15:30:30 733536 1008404.6014
2019:05:06 15:30:31 485366 746454.4252
2019:05:06 15:30:32 105369 619993.0422
2019:05:06 15:30:32 713848 608462.1511
2019:05:06 15:30:33 621366 903823.5433
2019:05:06 15:30:34 245363 623984.8770
2019:05:06 15:30:34 969001 723624.1214
2019:05:06 15:30:37 565365 2594735.5889
2019:05:06 15:30:38 393362 827986.0429
2019:05:06 15:30:39 159328 765951.2386
2019:05:06 15:30:39 669367 509196.8067
2019:05:06 15:30:40 465366 795986.2798
2019:05:06 15:30:40 933383 468006.4619
2019:05:06 15:30:41 725381 752026.2599
2019:05:06 15:30:42 733381 976021.4686
2019:05:06 15:30:43 645365 872009.8436
2019:05:06 15:30:44 841364 1195987.0160
2019:05:06 15:30:45 717367 875992.7191
2019:05:06 15:30:46 467379 750000.5960
2019:05:06 15:30:47 385371 917980.2835
2019:05:06 15:30:48 145363 759980.5221
2019:05:06 15:30:48 773364 627989.8956
2019:05:06 15:30:49 476824 703449.1859
2019:05:06 15:30:50 202563 701201.4538
2019:05:06 15:30:50 993359 784241.6167
2019:05:06 15:30:51 994111 1000737.3206
2019:05:06 15:30:52 637367 604013.6665
2019:05:06 15:30:53 281384 644006.0623
2019:05:06 15:30:54 129362 841370.4000
2019:05:06 15:30:54 837365 707991.8869
2019:05:06 15:30:55 841374 1004000.2093
2019:05:06 15:30:56 549374 668012.1571
2019:05:06 15:30:57 217385 660508.3123
2019:05:06 15:30:57 984302 726938.4935
2019:05:06 15:30:59 29359 1007996.6597
2019:05:06 15:30:59 773363 743813.7680
2019:05:06 15:31:00 381364 606797.6058
2019:05:06 15:31:01 549374 1167990.8969
2019:05:06 15:31:02 693377 1143988.9371
2019:05:06 15:31:03 537362 843969.7102
2019:05:06 15:31:04 1366 463993.6872
2019:05:06 15:31:04 653364 651987.9997
2019:05:06 15:31:05 169366 515989.7022
2019:05:06 15:31:05 833365 663988.2289
2019:05:06 15:31:06 511246 677870.8659
2019:05:06 15:31:06 989363 473616.0971
2019:05:06 15:31:07 472249 482875.2391
2019:05:06 15:31:08 469384 956028.6999
2019:05:06 15:31:09 321374 812010.6310
2019:05:06 15:31:10 41384 688020.9297
2019:05:06 15:31:10 813370 732058.7449
2019:05:06 15:31:11 437372 619598.6159
2019:05:06 15:31:12 45384 608001.2769
2019:05:06 15:31:13 165377 1072018.0273
2019:05:06 15:31:14 21366 855977.0286
2019:05:06 15:31:14 853359 831982.9442
2019:05:06 15:31:15 599736 740208.7040
2019:05:06 15:31:16 531552 930180.4230
2019:05:06 15:31:17 669376 1112007.4876
2019:05:06 15:31:18 317388 615899.9689
2019:05:06 15:31:19 341365 972007.4162
2019:05:06 15:31:20 49365 707990.1882
2019:05:06 15:31:20 450851 401473.9580
2019:05:06 15:31:21 65377 584015.8239
2019:05:06 15:31:21 837372 732007.6972
2019:05:06 15:31:22 933377 1056015.3238
2019:05:06 15:31:23 961381 980018.5598
2019:05:06 15:31:25 525372 1540010.0574
2019:05:06 15:31:26 453370 921998.7765
2019:05:06 15:31:27 510490 1057110.3506
2019:05:06 15:31:28 127312 613135.2931
2019:05:06 15:31:28 608167 479210.7008
2019:05:06 15:31:29 821364 1211163.4240
2019:05:06 15:31:30 349374 527999.1962
2019:05:06 15:31:30 789388 440004.5909
2019:05:06 15:31:31 493378 664015.9637
2019:05:06 15:31:32 221363 680006.2358
2019:05:06 15:31:32 885363 663989.6370
2019:05:06 15:31:33 717365 831991.2925
2019:05:06 15:31:34 205368 487991.9365
2019:05:06 15:31:34 829378 623998.9772
2019:05:06 15:31:35 689382 820023.3020
2019:05:06 15:31:36 651420 955142.9860
2019:05:06 15:31:37 435350 778656.7174
2019:05:06 15:31:38 149366 688010.8677
2019:05:06 15:31:38 837364 687987.8007
2019:05:06 15:31:39 797374 959998.8945
2019:05:06 15:31:40 521400 724011.2387
2019:05:06 15:31:41 253413 688031.3680
2019:05:06 15:31:42 141390 856020.0296
2019:05:06 15:31:42 685376 496007.5393
2019:05:06 15:31:43 573362 887972.4741
2019:05:06 15:31:45 159574 1586202.3272
2019:05:06 15:31:45 781180 583820.6001
2019:05:06 15:31:46 829370 1016015.7569
2019:05:06 15:31:47 325365 495984.2265
2019:05:06 15:31:48 78283 752907.6226
2019:05:06 15:31:48 753358 671792.9803
2019:05:06 15:31:49 581371 828000.4598
2019:05:06 15:31:50 819709 1238327.5814
2019:05:06 15:31:51 425358 604030.0876
2019:05:06 15:31:52 297371 872000.2994
2019:05:06 15:31:53 135221 797853.5630
2019:05:06 15:31:53 905371 728002.0677
2019:05:06 15:31:54 701365 795983.7578
2019:05:06 15:31:55 321378 620002.8285
2019:05:06 15:31:56 161379 792018.4955
2019:05:06 15:31:56 997367 796010.0211
2019:05:06 15:31:57 773375 775985.4048
2019:05:06 15:31:58 433363 659976.8735
2019:05:06 15:31:59 129361 695986.9862
2019:05:06 15:32:00 227892 1096878.0480
2019:05:06 15:32:01 45359 815822.3815
2019:05:06 15:32:01 717364 671990.2381
2019:05:06 15:32:02 594623 877248.7305
2019:05:06 15:32:03 188123 593067.4188
2019:05:06 15:32:03 901390 676027.7264
2019:05:06 15:32:04 621385 680018.2201
2019:05:06 15:32:05 502081 840723.1048
2019:05:06 15:32:06 897363 1391621.3959
2019:05:06 15:32:07 605368 707994.1817
2019:05:06 15:32:08 177365 571986.0308
2019:05:06 15:32:09 45365 867989.1601
2019:05:06 15:32:09 801366 755990.4270
2019:05:06 15:32:10 711383 910005.6589
2019:05:06 15:32:11 521375 804782.4688
2019:05:06 15:32:12 569371 1047981.2175
2019:05:06 15:32:13 621374 1051987.5251
2019:05:06 15:32:14 349380 727991.8604
2019:05:06 15:32:15 537363 1187964.8790
2019:05:06 15:32:16 465364 927991.4983
2019:05:06 15:32:17 581371 1115996.7445
2019:05:06 15:32:18 485365 903982.0954
2019:05:06 15:32:19 513362 1027983.9598
2019:05:06 15:32:20 193364 679991.9680
2019:05:06 15:32:21 217364 1023989.6923
2019:05:06 15:32:21 701365 483991.2429
2019:05:06 15:32:22 629366 927990.0230
2019:05:06 15:32:23 353357 723981.0452
2019:05:06 15:32:24 233368 878317.1512
2019:05:06 15:32:25 233367 999988.0269
2019:05:06 15:32:26 61382 828004.2075
2019:05:06 15:32:26 877393 772029.0944
2019:05:06 15:32:27 329378 445735.9500
2019:05:06 15:32:28 137376 768015.0457
2019:05:06 15:32:28 901372 724009.8417
2019:05:06 15:32:29 749371 808008.7379
2019:05:06 15:32:30 417367 662349.9505
2019:05:06 15:32:31 81390 664012.2011
2019:05:06 15:32:31 805362 722070.2358
2019:05:06 15:32:32 789367 983993.6383
2019:05:06 15:32:33 453366 663989.1602
2019:05:06 15:32:34 557366 1103988.9157
2019:05:06 15:32:35 217363 659985.8664
2019:05:06 15:32:35 869366 651991.7101
2019:05:06 15:32:37 281366 1411990.6574
2019:05:06 15:32:38 38432 757055.7594
2019:05:06 15:32:38 873242 834423.5495
2019:05:06 15:32:39 905375 1008019.2983
2019:05:06 15:32:40 741372 792017.3593
2019:05:06 15:32:41 488428 740963.1424
2019:05:06 15:32:42 5381 480019.5508
2019:05:06 15:32:42 877381 840025.2052
2019:05:06 15:32:43 585067 667707.5364
2019:05:06 15:32:44 268275 646911.1219
2019:05:06 15:32:45 192315 882948.7301
2019:05:06 15:32:45 893377 668016.7839
2019:05:06 15:32:46 433365 532077.0815
2019:05:06 15:32:47 906236 1472861.7780
2019:05:06 15:32:48 425365 515091.4341
2019:05:06 15:32:49 273371 847994.5436
2019:05:06 15:32:50 784215 1470854.5469
2019:05:06 15:32:51 489391 668030.3663
2019:05:06 15:32:52 217374 696013.3128
2019:05:06 15:32:52 853318 603953.8458
2019:05:06 15:32:53 533390 640031.2819
2019:05:06 15:32:54 761363 1180022.6606
2019:05:06 15:32:55 621361 859988.7006
2019:05:06 15:32:56 465360 843987.5841
2019:05:06 15:32:56 965358 499985.1622
2019:05:06 15:32:57 446489 481119.5359
2019:05:06 15:32:58 169363 718394.2497
2019:05:06 15:32:58 885365 715991.1767
2019:05:06 15:32:59 365360 479984.8944
2019:05:06 15:32:59 835382 470008.5185
2019:05:06 15:33:00 661368 825976.1333
2019:05:06 15:33:01 227490 566110.5216
2019:05:06 15:33:01 629411 400312.3268
2019:05:06 15:33:02 229384 560025.4461
2019:05:06 15:33:02 721379 452017.2551
2019:05:06 15:33:03 521381 760016.8064
2019:05:06 15:33:04 293386 732025.0310
2019:05:06 15:33:04 957374 656162.7425
2019:05:06 15:33:05 773387 776025.0159
2019:05:06 15:33:06 901370 876127.5969
2019:05:06 15:33:07 887740 986358.6873
2019:05:06 15:33:08 589371 697600.9272
2019:05:06 15:33:09 125392 536003.9137
2019:05:06 15:33:10 97405 940035.8684
2019:05:06 15:33:11 653366 1520002.6073
2019:05:06 15:33:12 317364 663988.0836
2019:05:06 15:33:12 993366 675990.8348
2019:05:06 15:33:13 869370 875995.1554
2019:05:06 15:33:14 593366 723986.0706
2019:05:06 15:33:15 309362 715985.6670
2019:05:06 15:33:15 869364 559991.7844
2019:05:06 15:33:16 389372 519998.6473
2019:05:06 15:33:17 65387 640023.8350
2019:05:06 15:33:17 709388 608021.3450
2019:05:06 15:33:18 356216 638951.9535
2019:05:06 15:33:19 29391 640032.8577
2019:05:06 15:33:19 693384 624017.6186
2019:05:06 15:33:20 453393 720028.7916
2019:05:06 15:33:20 993359 535469.4687
2019:05:06 15:33:21 750604 757232.6846
2019:05:06 15:33:22 413365 658294.2307
2019:05:06 15:33:23 351569 938193.7683
2019:05:06 15:33:24 221366 868545.8340
2019:05:06 15:33:25 9365 787987.8171
2019:05:06 15:33:26 6320 996942.9970
2019:05:06 15:33:26 837361 812003.8733
2019:05:06 15:33:27 364855 527483.1839
2019:05:06 15:33:27 841394 444035.2879
2019:05:06 15:33:28 521385 675269.2945
2019:05:06 15:33:29 285381 724018.6110
2019:05:06 15:33:30 125372 832190.3609
2019:05:06 15:33:30 793363 667980.8758
2019:05:06 15:33:31 397366 603992.6484
2019:05:06 15:33:31 989377 591998.2083
2019:05:06 15:33:32 942525 913166.5453
2019:05:06 15:33:33 662164 684802.5210
2019:05:06 15:33:35 29376 1332008.9392
2019:05:06 15:33:35 705381 636015.5530
2019:05:06 15:33:36 342947 597585.0932
2019:05:06 15:33:37 173373 804012.0713
2019:05:06 15:33:37 901378 696016.6059
2019:05:06 15:33:38 657371 706510.0186
2019:05:06 15:33:39 381387 684020.3665
2019:05:06 15:33:40 62393 441018.7528
2019:05:06 15:33:40 773384 672013.2492
2019:05:06 15:33:41 429372 648559.7864
2019:05:06 15:33:42 473374 1043985.7170
2019:05:06 15:33:43 181411 708021.0857
2019:05:06 15:33:43 865371 644011.2069
2019:05:06 15:33:44 381363 509427.4431
2019:05:06 15:33:44 977365 595991.5034
2019:05:06 15:33:45 541360 563983.7645
2019:05:06 15:33:46 689358 1147987.5930
2019:05:06 15:33:47 536378 844311.2597
2019:05:06 15:33:48 365392 804032.1842
2019:05:06 15:33:49 341370 936007.0005
2019:05:06 15:33:50 621377 1240015.7265
2019:05:06 15:33:51 61371 433155.4025
2019:05:06 15:33:51 943386 842022.5680
2019:05:06 15:33:52 633378 656014.2227
2019:05:06 15:33:53 355617 682250.8723
2019:05:06 15:33:54 109382 720013.4397
2019:05:06 15:33:55 629375 1480013.4040
2019:05:06 15:33:56 669368 993821.6433
2019:05:06 15:33:57 541366 871986.4711
2019:05:06 15:33:58 1364 459987.7819
2019:05:06 15:33:58 493373 491999.3132
2019:05:06 15:33:59 141373 612016.2830
2019:05:06 15:33:59 881380 700023.9491
2019:05:06 15:34:00 993363 1072008.2521
2019:05:06 15:34:01 679263 685889.5235
2019:05:06 15:34:02 229371 549286.6002
2019:05:06 15:34:03 37375 768013.5146
2019:05:06 15:34:03 917363 873815.4471
2019:05:06 15:34:04 821368 903994.0424
2019:05:06 15:34:05 453387 632008.6978
2019:05:06 15:34:06 113372 653758.1235
2019:05:06 15:34:07 101361 986421.8310
2019:05:06 15:34:08 57360 955988.3662
2019:05:06 15:34:08 809367 751994.1293
2019:05:06 15:34:09 933370 1084003.1318
2019:05:06 15:34:10 721390 748025.8010
2019:05:06 15:34:11 682734 955229.8412
2019:05:06 15:34:12 405397 688029.4941
2019:05:06 15:34:12 961395 516027.5064
2019:05:06 15:34:13 761388 760023.8249
2019:05:06 15:34:14 392375 591001.4175
2019:05:06 15:34:15 35095 609729.3943
2019:05:06 15:34:16 19682 947760.6639
2019:05:06 15:34:16 977359 940460.8682
2019:05:06 15:34:17 901360 923655.0480
2019:05:06 15:34:18 689364 787991.0953
2019:05:06 15:34:19 353364 663989.7898
2019:05:06 15:34:19 981382 628007.8404
2019:05:06 15:34:20 497386 515994.2098
2019:05:06 15:34:21 149388 616025.8241
2019:05:06 15:34:21 849369 660004.3252
2019:05:06 15:34:22 601383 712025.9143
2019:05:06 15:34:23 132238 486878.5404
2019:05:06 15:34:23 721369 556014.4112
2019:05:06 15:34:24 281399 520037.3828
2019:05:06 15:34:24 993387 672025.7401
2019:05:06 15:34:25 669372 636015.4562
2019:05:06 15:34:26 149384 472368.6203
2019:05:06 15:34:26 913373 723149.0277
2019:05:06 15:34:27 669370 716011.0474
2019:05:06 15:34:28 477368 800765.2424
2019:05:06 15:34:29 181367 703989.2077
2019:05:06 15:34:29 713370 531993.5456
2019:05:06 15:34:30 341372 623825.1068
2019:05:06 15:34:31 13385 632019.2665
2019:05:06 15:34:31 953373 900009.5129
2019:05:06 15:34:32 681386 696023.8293
2019:05:06 15:34:33 564826 803468.0411
2019:05:06 15:34:34 197376 600008.9012
2019:05:06 15:34:34 681374 478821.3223
2019:05:06 15:34:35 317375 596013.0505
2019:05:06 15:34:36 53042 695683.2707
2019:05:06 15:34:36 671517 586150.4264
2019:05:06 15:34:37 205378 496017.7615
2019:05:06 15:34:37 789678 544313.0396
2019:05:06 15:34:38 618655 793296.3856
2019:05:06 15:34:39 402650 749288.4845
2019:05:06 15:34:39 828614 395587.3102
2019:05:06 15:34:40 321712 485352.6503
2019:05:06 15:34:40 759599 430539.4217
2019:05:06 15:34:41 366934 602061.0072
2019:05:06 15:34:41 941206 570173.0438
2019:05:06 15:34:42 615356 671286.4786
2019:05:06 15:34:43 851090 1230421.6698
2019:05:06 15:34:44 561286 705681.2905
2019:05:06 15:34:45 410053 845842.4918
2019:05:06 15:34:45 937583 523040.3394
2019:05:06 15:34:46 657638 716402.1507
2019:05:06 15:34:47 346098 685216.5759
2019:05:06 15:34:48 97702 748301.3198
2019:05:06 15:34:48 985363 884424.2170
2019:05:06 15:34:49 717363 731989.4582
2019:05:06 15:34:50 441362 723987.4937
2019:05:06 15:34:51 166021 724649.2319
2019:05:06 15:34:52 57363 890981.5550
2019:05:06 15:34:52 574588 517214.0710
2019:05:06 15:34:53 197357 622374.7954
2019:05:06 15:34:54 17366 818437.8296
2019:05:06 15:34:55 397363 1379987.1914
2019:05:06 15:34:56 149363 751989.2305
2019:05:06 15:34:57 853364 1703989.2040
2019:05:06 15:34:58 373363 519989.1925
2019:05:06 15:34:59 107204 733831.1486
2019:05:06 15:34:59 789409 648042.6900
2019:05:06 15:35:00 437373 616010.1108
2019:05:06 15:35:01 254241 768883.8057
2019:05:06 15:35:01 993397 700033.0538
2019:05:06 15:35:02 733387 692024.0559
2019:05:06 15:35:04 171392 1398034.9302
2019:05:06 15:35:05 1374 792019.1325
2019:05:06 15:35:06 126411 1085050.6872
2019:05:06 15:35:06 945377 780010.2867
2019:05:06 15:35:07 661389 676023.5131
2019:05:06 15:35:08 261387 557273.0601
2019:05:06 15:35:08 853389 552024.5545
2019:05:06 15:35:10 126825 1266834.3820
2019:05:06 15:35:11 63935 898572.7541
2019:05:06 15:35:12 217372 1116012.1858
2019:05:06 15:35:13 57368 800006.8590
2019:05:06 15:35:13 661914 564553.5924
2019:05:06 15:35:14 301375 600012.0491
2019:05:06 15:35:15 33371 692004.8520
2019:05:06 15:35:15 833396 764029.5178
2019:05:06 15:35:16 837385 997364.7110
2019:05:06 15:35:17 785395 916023.5040
2019:05:06 15:35:18 601385 784013.4315
2019:05:06 15:35:19 597372 947999.9244
2019:05:06 15:35:20 469374 836015.2654
2019:05:06 15:35:21 349372 840012.6994
2019:05:06 15:35:22 106394 719408.3631
2019:05:06 15:35:22 921380 788019.4820
2019:05:06 15:35:23 733371 780011.8662
2019:05:06 15:35:24 429363 674680.1585
2019:05:06 15:35:25 317366 887992.9557
2019:05:06 15:35:26 337361 1019983.8914
2019:05:06 15:35:27 261364 923993.0212
2019:05:06 15:35:28 501995 1240621.2613
2019:05:06 15:35:29 573363 1028005.1231
2019:05:06 15:35:30 417364 843990.3408
2019:05:06 15:35:31 145364 727989.9716
2019:05:06 15:35:32 249366 1103991.4265
2019:05:06 15:35:32 941371 691993.6165
2019:05:06 15:35:33 781360 838146.9063
2019:05:06 15:35:34 575787 794415.8390
2019:05:06 15:35:35 197372 620359.5102
2019:05:06 15:35:35 949380 712017.8118
2019:05:06 15:35:37 109390 1120029.9896
2019:05:06 15:35:38 146526 1017167.5645
2019:05:06 15:35:38 881380 692012.9769
2019:05:06 15:35:39 584525 655166.4062
2019:05:06 15:35:40 53366 440011.7770
2019:05:06 15:35:40 653362 599986.3334
2019:05:06 15:35:41 453365 799991.8275
2019:05:06 15:35:42 473365 1019989.6768
2019:05:06 15:35:43 229357 755981.9743
2019:05:06 15:35:44 65366 832047.6413
2019:05:06 15:35:44 825359 759982.4630
2019:05:06 15:35:45 850395 1022525.6793
2019:05:06 15:35:46 995594 1142305.7020
2019:05:06 15:35:47 509374 512557.3464
2019:05:06 15:35:48 253379 704019.3826
2019:05:06 15:35:49 337376 1044011.7903
2019:05:06 15:35:50 65378 688014.6079
2019:05:06 15:35:50 853372 728015.9518
2019:05:06 15:35:51 581385 688019.9872
2019:05:06 15:35:52 425376 812013.3765
2019:05:06 15:35:53 605368 1140006.6949
2019:05:06 15:35:54 325361 719981.4171
2019:05:06 15:35:55 189365 863988.1164
2019:05:06 15:35:55 749365 559988.1709
2019:05:06 15:35:56 349371 599997.4310
2019:05:06 15:35:57 149786 760431.2561
2019:05:06 15:35:57 761372 592009.3618
2019:05:06 15:35:58 273359 506371.2038
2019:05:06 15:35:58 937362 663990.4976
2019:05:06 15:35:59 609389 672016.5052
2019:05:06 15:36:00 165314 515951.7452
2019:05:06 15:36:01 345376 1148010.4476
2019:05:06 15:36:02 129162 778614.2230
2019:05:06 15:36:02 646092 512831.0509
2019:05:06 15:36:03 865395 1207358.2076
2019:05:06 15:36:04 709378 764013.4431
2019:05:06 15:36:05 233384 492029.5179
2019:05:06 15:36:05 733366 468010.3622
2019:05:06 15:36:06 365365 631988.7042
2019:05:06 15:36:06 993363 627986.9825
2019:05:06 15:36:07 549323 555948.6896
2019:05:06 15:36:08 149389 576026.5626
2019:05:06 15:36:09 32408 843042.8319
2019:05:06 15:36:09 540310 474946.1263
2019:05:06 15:36:10 165389 600026.2350
2019:05:06 15:36:10 689180 448065.3554
2019:05:06 15:36:11 273386 548023.7156
2019:05:06 15:36:11 801395 457291.5323
2019:05:06 15:36:12 221364 412477.5268
2019:05:06 15:36:12 845375 620832.5066
2019:05:06 15:36:13 502073 656682.4429
2019:05:06 15:36:13 836714 334614.9772
2019:05:06 15:36:14 389383 512018.3118
2019:05:06 15:36:14 904516 483154.2373
2019:05:06 15:36:15 453762 524393.4877
2019:05:06 15:36:16 321376 804012.4215
2019:05:06 15:36:16 901364 548011.0459
2019:05:06 15:36:17 517366 615991.3875
2019:05:06 15:36:18 109367 591988.8057
2019:05:06 15:36:18 583411 474032.0370
2019:05:06 15:36:19 115390 527838.6548
2019:05:06 15:36:19 485371 369970.1168
2019:05:06 15:36:20 77374 552008.9231
2019:05:06 15:36:21 206220 1096858.2332
2019:05:06 15:36:21 681379 448014.6319
2019:05:06 15:36:22 277374 564013.2129
2019:05:06 15:36:22 817377 500009.6597
2019:05:06 15:36:23 213384 390074.3388
2019:05:06 15:36:23 517385 292076.5653
2019:05:06 15:36:23 951078 401718.9555
2019:05:06 15:36:24 409363 428005.3861
2019:05:06 15:36:24 784539 375164.7174
2019:05:06 15:36:25 285387 468033.4739
2019:05:06 15:36:25 891235 600046.4447
2019:05:06 15:36:26 349377 450750.5186
2019:05:06 15:36:26 813366 453576.0991
2019:05:06 15:36:27 303157 489780.1094
2019:05:06 15:36:27 682048 378087.0624
2019:05:06 15:36:28 214538 501178.5366
2019:05:06 15:36:29 491201 1225838.4526
2019:05:06 15:36:30 395997 866629.9134
2019:05:06 15:36:31 35983 606626.2424
2019:05:06 15:36:31 313194 275808.0773
2019:05:06 15:36:31 905363 560009.5280
2019:05:06 15:36:32 473366 567993.3839
2019:05:06 15:36:33 293087 819709.7257
2019:05:06 15:36:33 785363 489031.9631
2019:05:06 15:36:34 465394 680020.5074
2019:05:06 15:36:35 425376 920013.4948
2019:05:06 15:36:36 101358 639991.2536
2019:05:06 15:36:36 541389 438081.0298
2019:05:06 15:36:36 926167 378477.0370
2019:05:06 15:36:37 409380 479941.9977
2019:05:06 15:36:38 37380 627988.7669
2019:05:06 15:36:38 857369 592005.6365
2019:05:06 15:36:39 385723 500360.0605
2019:05:06 15:36:40 1390 588028.4198
2019:05:06 15:36:40 453381 405612.0887
2019:05:06 15:36:40 954563 465202.5104
2019:05:06 15:36:41 417405 432045.8099
2019:05:06 15:36:41 829373 376011.4349
2019:05:06 15:36:42 108772 271135.0024
2019:05:06 15:36:42 433620 299047.8352
2019:05:06 15:36:42 680936 242900.6062
2019:05:06 15:36:42 857064 170407.0084
2019:05:06 15:36:43 213380 324016.4854
2019:05:06 15:36:43 597385 352017.7789
2019:05:06 15:36:43 933380 304014.3847
2019:05:06 15:36:44 377375 408014.4167
2019:05:06 15:36:44 697024 315755.3896
2019:05:06 15:36:45 25378 304023.4335
2019:05:06 15:36:45 353367 322085.4998
2019:05:06 15:36:45 701363 347985.3161
2019:05:06 15:36:46 29368 324612.0289
2019:05:06 15:36:46 397389 368010.9419
2019:05:06 15:36:46 733365 331465.1921
2019:05:06 15:36:47 445371 711995.2329
2019:05:06 15:36:48 205366 728013.0461
2019:05:06 15:36:48 793381 588003.0058
2019:05:06 15:36:49 333392 504028.4432
2019:05:06 15:36:49 984025 646750.3496
2019:05:06 15:36:50 629383 640858.5086
2019:05:06 15:36:51 150125 496757.3509
2019:05:06 15:36:51 505365 349130.8205
2019:05:06 15:36:52 181525 676149.1299
2019:05:06 15:36:52 589411 404668.7558
2019:05:06 15:36:53 193819 601943.8133
2019:05:06 15:36:53 847741 651056.2785
2019:05:06 15:36:54 194261 338343.0913
2019:05:06 15:36:54 605324 408528.4621
2019:05:06 15:36:54 921381 313250.4262
2019:05:06 15:36:55 317359 392296.0050
2019:05:06 15:36:55 666341 348970.3201
2019:05:06 15:36:56 196146 506502.1142
2019:05:06 15:36:56 501388 303651.5228
2019:05:06 15:36:56 881363 368421.4726
2019:05:06 15:36:57 277364 395990.2227
2019:05:06 15:36:57 577802 300427.3847
2019:05:06 15:36:58 134331 528976.6677
2019:05:06 15:36:58 441500 303094.8006
2019:05:06 15:36:58 905362 458537.6009
2019:05:06 15:36:59 325364 419991.4634
2019:05:06 15:36:59 569396 244021.8851
2019:05:06 15:36:59 960538 355182.4689
2019:05:06 15:37:00 681370 696010.0196
2019:05:06 15:37:01 73364 385609.9471
2019:05:06 15:37:01 525365 451991.4277
2019:05:06 15:37:02 5362 479987.4909
2019:05:06 15:37:02 323375 318002.7194
2019:05:06 15:37:02 553363 227567.6914
2019:05:06 15:37:02 809383 256009.0199
2019:05:06 15:37:03 178576 337217.1149
2019:05:06 15:37:03 629377 420021.2248
2019:05:06 15:37:04 93379 420020.5356
2019:05:06 15:37:04 368835 270718.7831
2019:05:06 15:37:04 649390 256031.5467
2019:05:06 15:37:04 965005 309825.8078
2019:05:06 15:37:05 281377 310237.5828
2019:05:06 15:37:05 869383 552027.0541
2019:05:06 15:37:06 172972 298661.8504
2019:05:06 15:37:06 600915 425688.0730
2019:05:06 15:37:06 901373 296784.4903
2019:05:06 15:37:07 153849 246166.3000
2019:05:06 15:37:07 485385 304022.9417
2019:05:06 15:37:07 911587 419004.8836
2019:05:06 15:37:08 238421 323174.2345
2019:05:06 15:37:08 753368 512081.5039
2019:05:06 15:37:09 165369 411985.8369
2019:05:06 15:37:09 459078 293694.1609
2019:05:06 15:37:09 809918 350476.7977
2019:05:06 15:37:10 93389 279783.4314
2019:05:06 15:37:10 445403 345873.8849
2019:05:06 15:37:10 837368 381887.5812
2019:05:06 15:37:11 153370 315987.4529
2019:05:06 15:37:11 722148 568763.1816
2019:05:06 15:37:12 29380 304384.7308
2019:05:06 15:37:12 313383 278345.1080
2019:05:06 15:37:12 689357 340001.7209
2019:05:06 15:37:12 969363 279994.8677
2019:05:06 15:37:13 205644 236270.9790
2019:05:06 15:37:13 693823 483686.4173
2019:05:06 15:37:14 72808 355448.9575
2019:05:06 15:37:14 503971 406610.4293
2019:05:06 15:37:15 69382 540021.1997
2019:05:06 15:37:15 465373 390869.7851
2019:05:06 15:37:15 834798 360462.3005
2019:05:06 15:37:16 110177 274535.7156
2019:05:06 15:37:16 433755 312492.7096
2019:05:06 15:37:16 772474 335444.7857
2019:05:06 15:37:17 229372 432011.0008
2019:05:06 15:37:17 557386 321695.5587
2019:05:06 15:37:17 809395 246132.0087
2019:05:06 15:37:18 317361 504641.4323
2019:05:06 15:37:18 729360 411986.4888
2019:05:06 15:37:19 71048 341677.5726
2019:05:06 15:37:19 284419 212158.1957
2019:05:06 15:37:19 541383 251631.5505
2019:05:06 15:37:19 965372 392013.0953
2019:05:06 15:37:20 549384 577212.9595
2019:05:06 15:37:20 849562 268198.0319
2019:05:06 15:37:21 741379 884453.8480
2019:05:06 15:37:22 205370 463978.1453
2019:05:06 15:37:22 525361 313513.4391
2019:05:06 15:37:22 721399 196028.0128
2019:05:06 15:37:23 224807 468600.0794
2019:05:06 15:37:23 629477 400120.1279
2019:05:06 15:37:23 943448 309468.6009
2019:05:06 15:37:24 201067 256351.6572
2019:05:06 15:37:24 517366 311802.9088
2019:05:06 15:37:24 716107 198727.6301
2019:05:06 15:37:24 992179 271125.4060
2019:05:06 15:37:25 246547 248608.2129
2019:05:06 15:37:25 537769 264188.4461
2019:05:06 15:37:25 869371 327514.7788
2019:05:06 15:37:26 173390 297732.6252
2019:05:06 15:37:26 341926 158551.3018
2019:05:06 15:37:26 515111 169967.3645
2019:05:06 15:37:26 759239 242072.1613
2019:05:06 15:37:26 953376 190879.5089
2019:05:06 15:37:27 293360 335077.9936
2019:05:06 15:37:27 583724 290354.4754
2019:05:06 15:37:27 851593 262545.3547
2019:05:06 15:37:28 85370 232958.8719
2019:05:06 15:37:28 259298 170135.9823
2019:05:06 15:37:28 455912 192514.1476
2019:05:06 15:37:28 750805 290391.4303
2019:05:06 15:37:29 34250 283436.1419
2019:05:06 15:37:29 327909 274548.3406
2019:05:06 15:37:29 494899 149539.7165
2019:05:06 15:37:29 715594 215486.5898
2019:05:06 15:37:30 6503 287976.6263
2019:05:06 15:37:30 253380 244982.0973
2019:05:06 15:37:30 551194 292428.5308
2019:05:06 15:37:30 877372 325367.5885
2019:05:06 15:37:31 217368 308005.8321
2019:05:06 15:37:31 524893 303910.3895
2019:05:06 15:37:31 761369 234429.8773
2019:05:06 15:37:32 68652 301613.1483
2019:05:06 15:37:32 181361 111428.5849
2019:05:06 15:37:32 323734 142365.5003
