
# OSU MPI Allreduce Latency Test v5.6.1
# Size       Avg Latency(us)
256                  1479.62
2019:05:06 14:41:44 237412 820.5585
2019:05:06 14:41:44 238250 824.5781
2019:05:06 14:41:44 238641 384.4947
2019:05:06 14:41:44 239062 410.0390
2019:05:06 14:41:44 239873 409.9198
2019:05:06 14:41:44 240467 190.3102
2019:05:06 14:41:44 241095 414.2225
2019:05:06 14:41:44 241917 416.0739
2019:05:06 14:41:44 242340 410.6499
2019:05:06 14:41:44 242740 225.2832
2019:05:06 14:41:44 243554 411.9016
2019:05:06 14:41:44 243976 409.7782
2019:05:06 14:41:44 244558 189.7961
2019:05:06 14:41:44 245206 635.4190
2019:05:06 14:41:44 245614 396.3560
2019:05:06 14:41:44 246412 405.7176
2019:05:06 14:41:44 246613 186.6482
2019:05:06 14:41:44 247244 420.2463
2019:05:06 14:41:44 248054 407.0289
2019:05:06 14:41:44 248480 413.6078
2019:05:06 14:41:44 248875 222.9735
2019:05:06 14:41:44 249290 405.4829
2019:05:06 14:41:44 250097 408.3142
2019:05:06 14:41:44 250524 414.7477
2019:05:06 14:41:44 250916 219.3637
2019:05:06 14:41:44 251733 408.5861
2019:05:06 14:41:44 252160 415.7722
2019:05:06 14:41:44 252962 401.4745
2019:05:06 14:41:44 253799 823.6133
2019:05:06 14:41:44 254215 404.3765
2019:05:06 14:41:44 254801 192.0462
2019:05:06 14:41:44 255423 410.9591
2019:05:06 14:41:44 255846 409.4802
2019:05:06 14:41:44 256652 410.0241
2019:05:06 14:41:44 257079 415.0681
2019:05:06 14:41:44 257891 797.4729
2019:05:06 14:41:44 258701 414.0474
2019:05:06 14:41:44 259114 226.9857
2019:05:06 14:41:44 259551 416.9755
2019:05:06 14:41:44 260351 418.6034
2019:05:06 14:41:44 260781 417.4113
2019:05:06 14:41:44 261174 224.9368
2019:05:06 14:41:44 261992 420.9653
2019:05:06 14:41:44 262793 404.1344
2019:05:06 14:41:44 263207 393.6663
2019:05:06 14:41:44 264025 808.0155
2019:05:06 14:41:44 264455 408.6643
2019:05:06 14:41:44 265046 191.3980
2019:05:06 14:41:44 281354 16098.1379
2019:05:06 14:41:44 282045 684.2576
2019:05:06 14:41:44 282864 807.4120
2019:05:06 14:41:44 283298 413.7270
2019:05:06 14:41:44 283705 233.0728
2019:05:06 14:41:44 284529 419.7583
2019:05:06 14:41:44 285342 419.7471
2019:05:06 14:41:44 285740 221.3679
2019:05:06 14:41:44 286567 420.1680
2019:05:06 14:41:44 287375 409.0518
2019:05:06 14:41:44 287779 379.0110
2019:05:06 14:41:44 288602 812.5529
2019:05:06 14:41:44 289030 417.6646
2019:05:06 14:41:44 289623 200.0295
2019:05:06 14:41:44 290256 424.8768
2019:05:06 14:41:44 291065 414.7030
2019:05:06 14:41:44 291489 411.9538
2019:05:06 14:41:44 291901 232.9685
2019:05:06 14:41:44 292724 428.0023
2019:05:06 14:41:44 293511 400.2862
2019:05:06 14:41:44 293926 396.9297
2019:05:06 14:41:44 294753 813.4693
2019:05:06 14:41:44 295178 411.7303
2019:05:06 14:41:44 295754 184.4615
2019:05:06 14:41:44 296395 628.8737
2019:05:06 14:41:44 296819 410.9815
2019:05:06 14:41:44 313355 16151.7039
2019:05:06 14:41:44 314010 646.3975
2019:05:06 14:41:44 314405 383.4218
2019:05:06 14:41:44 315225 797.5884
2019:05:06 14:41:44 315660 405.9859
2019:05:06 14:41:44 316238 197.2467
2019:05:06 14:41:44 316872 418.3576
2019:05:06 14:41:44 317685 407.3568
2019:05:06 14:41:44 318116 417.4151
2019:05:06 14:41:44 318510 236.2244
2019:05:06 14:41:44 319340 428.0917
2019:05:06 14:41:44 320134 406.3845
2019:05:06 14:41:44 320554 402.3761
2019:05:06 14:41:44 321376 809.4460
2019:05:06 14:41:44 321793 392.1799
2019:05:06 14:41:44 322377 187.3709
2019:05:06 14:41:44 322608 216.4468
2019:05:06 14:41:44 323432 416.7855
2019:05:06 14:41:44 324240 407.5989
2019:05:06 14:41:44 324637 215.0871
2019:05:06 14:41:44 325465 812.7093
2019:05:06 14:41:44 325896 417.0388
2019:05:06 14:41:44 326479 188.8536
2019:05:06 14:41:44 327099 606.5220
2019:05:06 14:41:44 327528 417.6348
2019:05:06 14:41:44 328325 407.2338
2019:05:06 14:41:44 328740 400.2713
2019:05:06 14:41:44 337364 8610.6360
2019:05:06 14:41:44 338158 787.5711
2019:05:06 14:41:44 338586 414.2113
2019:05:06 14:41:44 338991 225.2236
2019:05:06 14:41:44 339810 417.7615
2019:05:06 14:41:44 340629 419.3038
2019:05:06 14:41:44 357354 16542.6359
2019:05:06 14:41:44 357833 470.9922
2019:05:06 14:41:44 358654 420.6896
2019:05:06 14:41:44 359244 197.2839
2019:05:06 14:41:44 359861 605.8477
2019:05:06 14:41:44 360682 801.9544
2019:05:06 14:41:44 361102 409.4355
2019:05:06 14:41:44 361505 223.9309
2019:05:06 14:41:44 361927 409.9011
2019:05:06 14:41:44 362729 408.8655
2019:05:06 14:41:44 363158 406.4478
2019:05:06 14:41:44 363555 219.2035
2019:05:06 14:41:44 363983 408.8096
2019:05:06 14:41:44 364789 406.3323
2019:05:06 14:41:44 365236 436.8201
2019:05:06 14:41:44 365639 248.4098
2019:05:06 14:41:44 366448 436.4029
2019:05:06 14:41:44 367243 416.9084
2019:05:06 14:41:44 367647 377.4315
2019:05:06 14:41:44 368463 790.6854
2019:05:06 14:41:44 368895 410.0725
2019:05:06 14:41:44 385355 16071.6474
2019:05:06 14:41:44 385873 509.7501
2019:05:06 14:41:44 386501 422.3660
2019:05:06 14:41:44 387314 415.0905
2019:05:06 14:41:44 387739 410.9964
2019:05:06 14:41:44 388134 218.3393
2019:05:06 14:41:44 388561 411.1938
2019:05:06 14:41:44 389359 398.2745
2019:05:06 14:41:44 389781 408.2769
2019:05:06 14:41:44 390183 230.3496
2019:05:06 14:41:44 390993 412.8851
2019:05:06 14:41:44 391413 405.3861
2019:05:06 14:41:44 391998 189.1963
2019:05:06 14:41:44 392238 224.8995
2019:05:06 14:41:44 393042 414.0511
2019:05:06 14:41:44 393475 417.0798
2019:05:06 14:41:44 394050 187.7956
2019:05:06 14:41:44 394684 621.7025
2019:05:06 14:41:44 395110 416.2714
2019:05:06 14:41:44 395906 401.3963
2019:05:06 14:41:44 396314 386.2791
2019:05:06 14:41:44 397150 824.9432
2019:05:06 14:41:44 397560 400.3011
2019:05:06 14:41:44 398143 189.8147
2019:05:06 14:41:44 398783 417.5976
2019:05:06 14:41:44 399595 401.6906
2019:05:06 14:41:44 400017 408.6047
2019:05:06 14:41:44 400418 222.3551
2019:05:06 14:41:44 400843 409.9682
2019:05:06 14:41:44 417353 16085.0659
2019:05:06 14:41:44 418034 670.2691
2019:05:06 14:41:44 418624 191.4315
2019:05:06 14:41:44 419259 417.8844
2019:05:06 14:41:44 420072 412.9782
2019:05:06 14:41:44 420671 192.8098
2019:05:06 14:41:44 421298 615.6005
2019:05:06 14:41:44 422117 808.3247
2019:05:06 14:41:44 422539 409.0518
2019:05:06 14:41:44 422941 223.8043
2019:05:06 14:41:44 423368 415.4593
2019:05:06 14:41:44 424165 409.4765
2019:05:06 14:41:44 424592 415.6381
2019:05:06 14:41:44 425019 253.8264
2019:05:06 14:41:44 425814 408.5824
2019:05:06 14:41:44 426235 402.9386
2019:05:06 14:41:44 426825 187.0096
2019:05:06 14:41:44 427443 603.2474
2019:05:06 14:41:44 428262 803.7239
2019:05:06 14:41:44 428691 409.0667
2019:05:06 14:41:44 429088 219.5872
2019:05:06 14:41:44 429913 809.7999
2019:05:06 14:41:44 430727 802.4648
2019:05:06 14:41:44 431128 390.2465
2019:05:06 14:41:44 431948 804.5919
2019:05:06 14:41:44 432377 414.7179
2019:05:06 14:41:44 449357 16589.5559
2019:05:06 14:41:44 449984 618.0592
2019:05:06 14:41:44 450410 413.4700
2019:05:06 14:41:44 451203 410.0204
2019:05:06 14:41:44 451609 390.3173
2019:05:06 14:41:44 452428 798.6315
2019:05:06 14:41:44 452858 412.1847
2019:05:06 14:41:44 453440 192.9589
2019:05:06 14:41:44 453684 220.2615
2019:05:06 14:41:44 454496 412.4083
2019:05:06 14:41:44 454918 406.4962
2019:05:06 14:41:44 455502 190.6976
2019:05:06 14:41:44 456130 419.2218
2019:05:06 14:41:44 456945 417.8882
2019:05:06 14:41:44 457375 412.2742
2019:05:06 14:41:44 457778 229.7796
2019:05:06 14:41:44 458592 420.2202
2019:05:06 14:41:44 459395 409.6404
2019:05:06 14:41:44 459603 188.2091
2019:05:06 14:41:44 460221 417.5454
2019:05:06 14:41:44 460641 408.8990
2019:05:06 14:41:44 481355 20315.1256
2019:05:06 14:41:44 481941 576.8985
2019:05:06 14:41:44 482336 376.8764
2019:05:06 14:41:44 483155 796.0647
2019:05:06 14:41:44 483591 412.3785
2019:05:06 14:41:44 484171 198.5617
2019:05:06 14:41:44 484792 604.1192
2019:05:06 14:41:44 493031 8206.7177
2019:05:06 14:41:44 493831 410.0725
2019:05:06 14:41:44 494405 186.7190
2019:05:06 14:41:44 495030 416.4428
2019:05:06 14:41:44 495846 413.8425
2019:05:06 14:41:44 496271 414.8297
2019:05:06 14:41:44 496672 226.7919
2019:05:06 14:41:44 497124 437.0213
2019:05:06 14:41:44 516935 3579.9444
2019:05:06 14:41:44 517564 620.0299
2019:05:06 14:41:44 517987 407.9081
2019:05:06 14:41:44 518787 410.1358
2019:05:06 14:41:44 519196 394.3704
2019:05:06 14:41:44 520012 802.8857
2019:05:06 14:41:44 520446 415.9361
2019:05:06 14:41:44 521036 204.9915
2019:05:06 14:41:44 521667 423.7033
2019:05:06 14:41:44 522469 404.8459
2019:05:06 14:41:44 522894 414.2411
2019:05:06 14:41:44 523296 227.3321
2019:05:06 14:41:44 524111 803.2806
2019:05:06 14:41:44 524534 411.9128
2019:05:06 14:41:44 525123 193.8604
2019:05:06 14:41:44 525751 617.6010
2019:05:06 14:41:44 526560 797.3723
2019:05:06 14:41:44 527160 588.5102
2019:05:06 14:41:44 527788 616.9565
2019:05:06 14:41:44 528608 809.4385
2019:05:06 14:41:44 529207 587.8583
2019:05:06 14:41:44 545364 16146.0526
2019:05:06 14:41:44 545824 230.5768
2019:05:06 14:41:44 546658 426.5606
2019:05:06 14:41:44 547455 408.6047
2019:05:06 14:41:44 547867 394.9665
2019:05:06 14:41:44 548683 795.1818
2019:05:06 14:41:44 549113 413.2539
2019:05:06 14:41:44 549694 188.5369
2019:05:06 14:41:44 549929 221.3083
2019:05:06 14:41:44 550733 406.8986
2019:05:06 14:41:44 551160 408.4110
2019:05:06 14:41:44 551740 188.5928
2019:05:06 14:41:44 552386 420.1420
2019:05:06 14:41:44 553195 404.8534
2019:05:06 14:41:44 553624 413.9319
2019:05:06 14:41:44 554015 222.4408
2019:05:06 14:41:44 554440 413.6935
2019:05:06 14:41:44 555246 408.2806
2019:05:06 14:41:44 555668 410.4637
2019:05:06 14:41:44 556062 220.7272
2019:05:06 14:41:44 556891 426.2514
2019:05:06 14:41:44 577778 419.0318
2019:05:06 14:41:44 578368 191.1819
2019:05:06 14:41:44 578999 416.9457
2019:05:06 14:41:44 579811 409.9086
2019:05:06 14:41:44 580236 412.7920
2019:05:06 14:41:44 580653 241.5702
2019:05:06 14:41:44 613364 32324.1763
2019:05:06 14:41:44 617490 369.1539
2019:05:06 14:41:44 618309 803.7724
2019:05:06 14:41:44 618732 410.6499
2019:05:06 14:41:44 619318 190.4853
2019:05:06 14:41:44 619953 621.9074
2019:05:06 14:41:44 620382 417.4709
2019:05:06 14:41:44 621191 422.5373
2019:05:06 14:41:44 621395 192.4895
2019:05:06 14:41:44 622020 417.2102
2019:05:06 14:41:44 622832 422.3213
2019:05:06 14:41:44 623423 583.0750
2019:05:06 14:41:44 623655 220.0976
2019:05:06 14:41:44 624474 416.1634
2019:05:06 14:41:44 649360 24492.6140
2019:05:06 14:41:44 685365 35996.8953
2019:05:06 14:41:44 689199 213.3362
2019:05:06 14:41:44 690014 404.8012
2019:05:06 14:41:44 690825 418.0074
2019:05:06 14:41:44 691226 389.1885
2019:05:06 14:41:44 692057 430.8261
2019:05:06 14:41:44 692854 411.6781
2019:05:06 14:41:44 693263 390.7569
2019:05:06 14:41:44 694085 798.7693
2019:05:06 14:41:44 694518 405.7474
2019:05:06 14:41:44 695092 190.6194
2019:05:06 14:41:44 695341 228.3007
2019:05:06 14:41:44 696148 401.5267
2019:05:06 14:41:44 696576 416.5918
2019:05:06 14:41:44 697152 189.5130
2019:05:06 14:41:44 725213 3857.9404
2019:05:06 14:41:44 725809 585.7237
2019:05:06 14:41:44 726441 619.6685
2019:05:06 14:41:44 726863 411.5179
2019:05:06 14:41:44 727668 411.8383
2019:05:06 14:41:44 727872 194.4080
2019:05:06 14:41:44 728488 414.4534
2019:05:06 14:41:44 761354 32855.0041
2019:05:06 14:41:44 777024 15660.2673
2019:05:06 14:41:44 793366 16125.4518
2019:05:06 14:41:44 825356 16154.4532
2019:05:06 14:41:44 857367 32001.3538
2019:05:06 14:41:44 869388 384.2153
2019:05:06 14:41:44 870212 813.1117
2019:05:06 14:41:44 870638 412.4679
2019:05:06 14:41:44 871215 190.2394
2019:05:06 14:41:44 871849 621.7286
2019:05:06 14:41:44 872278 414.8744
2019:05:06 14:41:44 873074 412.2443
2019:05:06 14:41:44 889353 16247.1235
2019:05:06 14:41:44 893215 3852.5127
2019:05:06 14:41:44 893765 194.3596
2019:05:06 14:41:44 894385 413.9543
2019:05:06 14:41:44 895208 418.7152
2019:05:06 14:41:44 895798 189.3975
2019:05:06 14:41:44 896423 413.9282
2019:05:06 14:41:44 897237 407.3493
2019:05:06 14:41:44 897658 410.6015
2019:05:06 14:41:44 898057 223.2455
2019:05:06 14:41:44 898483 410.4972
2019:05:06 14:41:44 899287 410.1545
2019:05:06 14:41:44 899707 403.5570
2019:05:06 14:41:44 900112 227.8425
2019:05:06 14:41:44 900534 410.0613
2019:05:06 14:41:44 901341 406.1610
2019:05:06 14:41:44 901782 418.0036
2019:05:06 14:41:44 902169 236.7347
2019:05:06 14:41:44 902978 417.9850
2019:05:06 14:41:44 903786 409.4578
2019:05:06 14:41:44 904000 198.8076
2019:05:06 14:41:44 904606 411.3168
2019:05:06 14:41:44 905033 411.0783
2019:05:06 14:41:44 921814 453.4088
2019:05:06 14:41:44 922423 587.3330
2019:05:06 14:41:44 923039 604.3129
2019:05:06 14:41:44 923857 793.5837
2019:05:06 14:41:44 924287 409.0071
2019:05:06 14:41:44 924693 229.5598
2019:05:06 14:41:44 925125 418.1042
2019:05:06 14:41:44 925917 411.0336
2019:05:06 14:41:44 926338 410.4786
2019:05:06 14:41:44 926735 220.8836
2019:05:06 14:41:44 927159 412.4679
2019:05:06 14:41:44 927967 409.2231
2019:05:06 14:41:44 928568 588.5586
2019:05:06 14:41:44 929184 605.4863
2019:05:06 14:41:44 930009 791.0468
2019:05:06 14:41:44 930431 411.4546
2019:05:06 14:41:44 930824 220.9581
2019:05:06 14:41:44 931251 414.7962
2019:05:06 14:41:44 932052 407.4275
2019:05:06 14:41:44 932482 419.0281
2019:05:06 14:41:44 932877 221.6101
2019:05:06 14:41:44 933301 414.1852
2019:05:06 14:41:44 934102 410.0241
2019:05:06 14:41:44 934528 409.1039
2019:05:06 14:41:44 934931 230.0441
2019:05:06 14:41:44 935358 412.9335
2019:05:06 14:41:44 936155 409.1784
2019:05:06 14:41:44 936581 407.4797
2019:05:06 14:41:44 936998 246.6291
2019:05:06 14:41:44 953768 414.2448
2019:05:06 14:41:44 954580 410.9815
2019:05:06 14:41:44 955002 408.4073
2019:05:06 14:41:44 955404 226.9894
2019:05:06 14:41:44 956224 807.4045
2019:05:06 14:41:44 956643 409.9533
2019:05:06 14:41:44 957230 190.4778
2019:05:06 14:41:44 957864 413.5892
2019:05:06 14:41:44 958677 410.4935
2019:05:06 14:41:44 959105 410.1917
2019:05:06 14:41:44 959501 227.6078
2019:05:06 14:41:44 959924 409.7931
2019:05:06 14:41:44 960726 409.9198
2019:05:06 14:41:44 961151 409.8229
2019:05:06 14:41:44 961559 233.5645
2019:05:06 14:41:44 962373 423.8822
2019:05:06 14:41:44 963176 410.3929
2019:05:06 14:41:44 963380 186.1937
2019:05:06 14:41:44 963996 407.9044
2019:05:06 14:41:44 964422 407.4387
2019:05:06 14:41:44 965262 447.5266
2019:05:06 14:41:44 965650 381.1270
2019:05:06 14:41:44 966078 414.1442
2019:05:06 14:41:44 966884 417.1468
2019:05:06 14:41:44 967470 190.7237
2019:05:06 14:41:44 968104 623.6881
2019:05:06 14:41:44 968522 407.7516
2019:05:06 14:41:44 969332 411.2907
2019:05:06 14:41:44 993541 182.4163
2019:05:06 14:41:44 994098 181.9879
2019:05:06 14:41:44 994721 609.9008
2019:05:06 14:41:44 995144 407.5393
2019:05:06 14:41:44 995959 412.3338
2019:05:06 14:41:44 996361 220.6154
2019:05:06 14:41:44 997197 822.5366
2019:05:06 14:41:44 998001 791.3746
2019:05:06 14:41:44 998202 189.7030
2019:05:06 14:41:44 998829 419.8812
2019:05:06 14:41:44 999650 421.2447
2019:05:06 14:41:45 246 198.8746
2019:05:06 14:41:45 878 421.6507
2019:05:06 14:41:45 1705 419.3187
2019:05:06 14:41:45 2282 565.2048
2019:05:06 14:41:45 2929 632.4202
2019:05:06 14:41:45 3733 794.8615
2019:05:06 14:41:45 4155 410.7989
2019:05:06 14:41:45 4552 219.7139
2019:05:06 14:41:45 4979 415.1650
2019:05:06 14:41:45 29571 209.1751
2019:05:06 14:41:45 30357 393.8265
2019:05:06 14:41:45 30778 406.6080
2019:05:06 14:41:45 31181 229.4146
2019:05:06 14:41:45 32004 425.6405
2019:05:06 14:41:45 32806 411.0001
2019:05:06 14:41:45 33010 190.2170
2019:05:06 14:41:45 33654 424.4857
2019:05:06 14:41:45 34448 409.3498
2019:05:06 14:41:45 34881 418.6966
2019:05:06 14:41:45 35281 230.4576
2019:05:06 14:41:45 36099 424.3553
2019:05:06 14:41:45 36903 411.5887
2019:05:06 14:41:45 37121 206.5599
2019:05:06 14:41:45 37733 410.3668
2019:05:06 14:41:45 38556 412.4977
2019:05:06 14:41:45 39357 402.3649
2019:05:06 14:41:45 40180 810.6753
2019:05:06 14:41:45 40999 809.1815
2019:05:06 14:41:45 41201 192.4448
2019:05:06 14:41:45 65610 255.8343
2019:05:06 14:41:45 65999 225.0932
2019:05:06 14:41:45 66813 406.2429
2019:05:06 14:41:45 67627 803.5377
2019:05:06 14:41:45 67833 196.1328
2019:05:06 14:41:45 68450 415.7349
2019:05:06 14:41:45 69271 410.5009
2019:05:06 14:41:45 69865 190.6902
2019:05:06 14:41:45 70500 623.9489
2019:05:06 14:41:45 71312 801.8166
2019:05:06 14:41:45 71913 590.4101
2019:05:06 14:41:45 72146 221.2636
2019:05:06 14:41:45 72968 421.6433
2019:05:06 14:41:45 104910 7549.2822
2019:05:06 14:41:45 105713 796.3479
2019:05:06 14:41:45 106133 407.1034
2019:05:06 14:41:45 106721 191.8599
2019:05:06 14:41:45 107358 627.5810
2019:05:06 14:41:45 107773 404.1679
2019:05:06 14:41:45 108577 411.3428
2019:05:06 14:41:45 109018 426.8773
2019:05:06 14:41:45 133580 225.2758
2019:05:06 14:41:45 134384 410.7989
2019:05:06 14:41:45 135207 416.5024
2019:05:06 14:41:45 135617 396.9781
2019:05:06 14:41:45 136435 807.1400
2019:05:06 14:41:45 145072 8624.8890
2019:05:06 14:41:45 169363 24278.7115
2019:05:06 14:41:45 170038 400.2228
2019:05:06 14:41:45 170450 239.4654
2019:05:06 14:41:45 171255 418.2085
2019:05:06 14:41:45 172062 408.9475
2019:05:06 14:41:45 172270 190.6045
2019:05:06 14:41:45 172894 416.9680
2019:05:06 14:41:45 173315 410.0949
2019:05:06 14:41:45 174111 403.8885
2019:05:06 14:41:45 174324 195.1717
2019:05:06 14:41:45 174940 415.8467
2019:05:06 14:41:45 175364 405.2781
2019:05:06 14:41:45 176161 410.7878
2019:05:06 14:41:45 176371 191.8823
2019:05:06 14:41:45 176987 413.6264
2019:05:06 14:41:45 177415 410.4935
2019:05:06 14:41:45 178209 404.3244
2019:05:06 14:41:45 178618 388.9762
2019:05:06 14:41:45 179434 799.3840
2019:05:06 14:41:45 179865 410.0688
2019:05:06 14:41:45 180444 189.4906
2019:05:06 14:41:45 180683 222.7910
2019:05:06 14:41:45 201379 20299.6135
2019:05:06 14:41:45 201976 589.2739
2019:05:06 14:41:45 202407 420.5406
2019:05:06 14:41:45 202981 188.7344
2019:05:06 14:41:45 203622 421.4644
2019:05:06 14:41:45 204435 414.2895
2019:05:06 14:41:45 204858 409.3535
2019:05:06 14:41:45 205252 216.4729
2019:05:06 14:41:45 206074 417.7839
2019:05:06 14:41:45 206894 419.8328
2019:05:06 14:41:45 207297 395.6556
2019:05:06 14:41:45 208116 806.9873
2019:05:06 14:41:45 208936 808.3433
2019:05:06 14:41:45 209349 402.1116
2019:05:06 14:41:45 210163 801.2429
2019:05:06 14:41:45 210583 408.5563
2019:05:06 14:41:45 211171 189.2857
2019:05:06 14:41:45 211404 221.7703
2019:05:06 14:41:45 212209 410.8325
2019:05:06 14:41:45 212630 409.1300
2019:05:06 14:41:45 213220 192.2399
2019:05:06 14:41:45 213857 419.2442
2019:05:06 14:41:45 214275 406.1870
2019:05:06 14:41:45 215080 409.9309
2019:05:06 14:41:45 215285 190.3810
2019:05:06 14:41:45 215910 411.9687
2019:05:06 14:41:45 216333 410.7915
2019:05:06 14:41:45 233690 329.8894
2019:05:06 14:41:45 234326 616.4387
2019:05:06 14:41:45 235145 806.9277
2019:05:06 14:41:45 235743 584.9265
2019:05:06 14:41:45 236373 615.7272
2019:05:06 14:41:45 237195 808.9729
2019:05:06 14:41:45 237785 575.7585
2019:05:06 14:41:45 238015 217.9407
2019:05:06 14:41:45 238823 409.9831
2019:05:06 14:41:45 239244 409.3572
2019:05:06 14:41:45 239832 191.0552
2019:05:06 14:41:45 240064 219.6543
2019:05:06 14:41:45 240870 408.9177
2019:05:06 14:41:45 265363 24481.5983
2019:05:06 14:41:45 277354 398.1180
2019:05:06 14:41:45 278162 416.2155
2019:05:06 14:41:45 278743 189.5614
2019:05:06 14:41:45 278989 230.3198
2019:05:06 14:41:45 279806 418.4283
2019:05:06 14:41:45 280220 401.0387
2019:05:06 14:41:45 280802 189.7588
2019:05:06 14:41:45 297355 16340.7549
2019:05:06 14:41:45 301156 3791.9767
2019:05:06 14:41:45 301507 226.2071
2019:05:06 14:41:45 302313 410.3817
2019:05:06 14:41:45 302735 410.2178
2019:05:06 14:41:45 303323 191.5284
2019:05:06 14:41:45 303561 226.4865
2019:05:06 14:41:45 304363 404.8273
2019:05:06 14:41:45 304791 413.8723
2019:05:06 14:41:45 305370 190.1947
2019:05:06 14:41:45 305997 609.9008
2019:05:06 14:41:45 306816 803.7947
2019:05:06 14:41:45 307239 408.7724
2019:05:06 14:41:45 307649 235.4942
2019:05:06 14:41:45 308460 403.2515
2019:05:06 14:41:45 308886 415.1426
2019:05:06 14:41:45 309472 192.7577
2019:05:06 14:41:45 310090 599.1496
2019:05:06 14:41:45 310910 800.4420
2019:05:06 14:41:45 311333 408.2657
2019:05:06 14:41:45 311733 223.3870
2019:05:06 14:41:45 312157 409.8266
2019:05:06 14:41:45 312961 409.8639
2019:05:06 14:41:45 329364 16387.7197
2019:05:06 14:41:45 330160 397.1830
2019:05:06 14:41:45 330980 804.2827
2019:05:06 14:41:45 331402 411.1491
2019:05:06 14:41:45 331988 190.2767
2019:05:06 14:41:45 332224 224.5679
2019:05:06 14:41:45 333027 409.8862
2019:05:06 14:41:45 333452 411.3019
2019:05:06 14:41:45 334039 192.8210
2019:05:06 14:41:45 334672 417.8137
2019:05:06 14:41:45 335089 406.4813
2019:05:06 14:41:45 335902 414.2933
2019:05:06 14:41:45 336314 229.8057
2019:05:06 14:41:45 337153 434.0969
2019:05:06 14:41:45 337572 406.4441
2019:05:06 14:41:45 338145 191.1335
2019:05:06 14:41:45 338382 226.9447
2019:05:06 14:41:45 339189 401.9961
2019:05:06 14:41:45 339607 403.2142
2019:05:06 14:41:45 340200 194.0392
2019:05:06 14:41:45 340826 421.3080
2019:05:06 14:41:45 341642 411.1826
2019:05:06 14:41:45 342062 403.7321
2019:05:06 14:41:45 342451 218.2946
2019:05:06 14:41:45 342882 415.7051
2019:05:06 14:41:45 343681 408.8953
2019:05:06 14:41:45 344113 408.4967
2019:05:06 14:41:45 344510 220.1311
2019:05:06 14:41:45 344938 410.5754
2019:05:06 14:41:45 361364 16029.0562
2019:05:06 14:41:45 362142 417.8286
2019:05:06 14:41:45 362720 190.6045
2019:05:06 14:41:45 363345 613.3057
2019:05:06 14:41:45 363776 410.0651
2019:05:06 14:41:45 364575 410.9032
2019:05:06 14:41:45 364775 189.2634
2019:05:06 14:41:45 365400 404.7453
2019:05:06 14:41:45 365816 402.6666
2019:05:06 14:41:45 366621 409.5323
2019:05:06 14:41:45 366830 191.5023
2019:05:06 14:41:45 367440 404.4920
2019:05:06 14:41:45 367868 412.7845
2019:05:06 14:41:45 368668 408.5600
2019:05:06 14:41:45 368876 191.6699
2019:05:06 14:41:45 369505 414.3864
2019:05:06 14:41:45 370308 410.2401
2019:05:06 14:41:45 370739 416.4539
2019:05:06 14:41:45 371139 226.8888
2019:05:06 14:41:45 371956 424.1392
2019:05:06 14:41:45 372765 416.7743
2019:05:06 14:41:45 372986 210.6428
2019:05:06 14:41:45 373589 416.0516
2019:05:06 14:41:45 374015 413.1943
2019:05:06 14:41:45 374809 409.8229
2019:05:06 14:41:45 375221 392.7909
2019:05:06 14:41:45 376041 805.8585
2019:05:06 14:41:45 376467 407.9416
2019:05:06 14:41:45 377261 400.4836
2019:05:06 14:41:45 393367 16090.2850
2019:05:06 14:41:45 394063 412.6541
2019:05:06 14:41:45 394879 414.1107
2019:05:06 14:41:45 395313 413.2614
2019:05:06 14:41:45 395711 217.8065
2019:05:06 14:41:45 396133 410.7915
2019:05:06 14:41:45 396935 410.8064
2019:05:06 14:41:45 397365 414.5056
2019:05:06 14:41:45 397755 215.9886
2019:05:06 14:41:45 398579 425.7448
2019:05:06 14:41:45 399382 407.8783
2019:05:06 14:41:45 399586 191.0217
2019:05:06 14:41:45 400202 409.9347
2019:05:06 14:41:45 400630 416.9866
2019:05:06 14:41:45 401435 412.7696
2019:05:06 14:41:45 401641 193.9423
2019:05:06 14:41:45 402271 419.1957
2019:05:06 14:41:45 402688 405.4531
2019:05:06 14:41:45 403491 407.4164
2019:05:06 14:41:45 403902 393.3124
2019:05:06 14:41:45 404723 425.1301
2019:05:06 14:41:45 405526 412.5163
2019:05:06 14:41:45 405731 184.7036
2019:05:06 14:41:45 406350 413.0974
2019:05:06 14:41:45 406772 409.5510
2019:05:06 14:41:45 407576 408.9437
2019:05:06 14:41:45 407780 190.9770
2019:05:06 14:41:45 408403 414.2150
2019:05:06 14:41:45 408822 407.8187
2019:05:06 14:41:45 433354 24113.6327
2019:05:06 14:41:45 433805 442.5272
2019:05:06 14:41:45 434404 206.6046
2019:05:06 14:41:45 435038 423.0589
2019:05:06 14:41:45 435840 413.1943
2019:05:06 14:41:45 436267 412.4306
2019:05:06 14:41:45 436675 228.0176
2019:05:06 14:41:45 437496 420.2873
2019:05:06 14:41:45 438294 402.2978
2019:05:06 14:41:45 438503 193.8269
2019:05:06 14:41:45 439125 417.3368
2019:05:06 14:41:45 439548 412.3785
2019:05:06 14:41:45 440346 405.7176
2019:05:06 14:41:45 440748 377.7407
2019:05:06 14:41:45 441576 809.6509
2019:05:06 14:41:45 441998 408.6494
2019:05:06 14:41:45 442587 193.5288
2019:05:06 14:41:45 443205 604.6817
2019:05:06 14:41:45 444032 808.0453
2019:05:06 14:41:45 444639 596.0204
2019:05:06 14:41:45 445268 619.7393
2019:05:06 14:41:45 469364 24081.2041
2019:05:06 14:41:45 470251 419.8551
2019:05:06 14:41:45 471060 409.7223
2019:05:06 14:41:45 471263 189.2596
2019:05:06 14:41:45 471891 418.0968
2019:05:06 14:41:45 472314 412.5573
2019:05:06 14:41:45 473116 409.6963
2019:05:06 14:41:45 473520 390.7643
2019:05:06 14:41:45 474345 811.0516
2019:05:06 14:41:45 474766 408.6867
2019:05:06 14:41:45 475350 188.5742
2019:05:06 14:41:45 475971 608.5485
2019:05:06 14:41:45 476791 805.8399
2019:05:06 14:41:45 477224 409.0965
2019:05:06 14:41:45 477639 244.3194
2019:05:06 14:41:45 478432 413.0192
2019:05:06 14:41:45 479250 410.2178
2019:05:06 14:41:45 479457 193.2122
2019:05:06 14:41:45 480091 420.8945
2019:05:06 14:41:45 480512 409.0481
2019:05:06 14:41:45 505353 24456.2887
2019:05:06 14:41:45 541353 35992.1642
2019:05:06 14:41:45 553020 11657.8639
2019:05:06 14:41:45 577363 24186.3355
2019:05:06 14:41:45 585363 392.7872
2019:05:06 14:41:45 585944 175.9939
2019:05:06 14:41:45 586563 413.4960
2019:05:06 14:41:45 587386 416.6290
2019:05:06 14:41:45 587813 417.6833
2019:05:06 14:41:45 588211 224.6015
2019:05:06 14:41:45 588638 413.0378
2019:05:06 14:41:45 613353 24324.7040
2019:05:06 14:41:45 625084 11720.3407
2019:05:06 14:41:45 649264 7911.0414
2019:05:06 14:41:45 649635 344.8352
2019:05:06 14:41:45 650473 814.3000
2019:05:06 14:41:45 651277 412.7622
2019:05:06 14:41:45 651694 230.2229
2019:05:06 14:41:45 652130 418.5364
2019:05:06 14:41:45 652927 417.8025
2019:05:06 14:41:45 653363 420.0153
2019:05:06 14:41:45 653749 224.6127
2019:05:06 14:41:45 654565 417.1021
2019:05:06 14:41:45 655382 409.5770
2019:05:06 14:41:45 655789 397.4475
2019:05:06 14:41:45 656608 803.2732
2019:05:06 14:41:45 657027 406.0492
2019:05:06 14:41:45 657615 189.9935
2019:05:06 14:41:45 658250 616.3195
2019:05:06 14:41:45 658677 414.9564
2019:05:06 14:41:45 659480 407.5058
2019:05:06 14:41:45 659879 382.9338
2019:05:06 14:41:45 660710 813.3091
2019:05:06 14:41:45 673021 12300.4168
2019:05:06 14:41:45 673808 772.3607
2019:05:06 14:41:45 674022 193.2681
2019:05:06 14:41:45 674642 424.5788
2019:05:06 14:41:45 675468 816.0658
2019:05:06 14:41:45 676049 571.4260
2019:05:06 14:41:45 676692 631.3175
2019:05:06 14:41:45 677115 413.3135
2019:05:06 14:41:45 677911 404.8459
2019:05:06 14:41:45 678111 186.9835
2019:05:06 14:41:45 678731 411.3130
2019:05:06 14:41:45 679162 411.7228
2019:05:06 14:41:45 679966 416.4912
2019:05:06 14:41:45 680357 378.7093
2019:05:06 14:41:45 681210 814.6316
2019:05:06 14:41:45 681611 388.7340
2019:05:06 14:41:45 682193 190.2170
2019:05:06 14:41:45 682427 222.4594
2019:05:06 14:41:45 683237 409.0816
2019:05:06 14:41:45 683658 411.9985
2019:05:06 14:41:45 684243 187.4454
2019:05:06 14:41:45 684870 414.0511
2019:05:06 14:41:45 693476 384.6213
2019:05:06 14:41:45 694286 404.2909
2019:05:06 14:41:45 694499 196.3638
2019:05:06 14:41:45 695138 424.7762
2019:05:06 14:41:45 695947 417.1096
2019:05:06 14:41:45 696537 193.1451
2019:05:06 14:41:45 697191 643.9351
2019:05:06 14:41:45 697981 416.0963
2019:05:06 14:41:45 698580 195.8534
2019:05:06 14:41:45 699618 819.1131
2019:05:06 14:41:45 700430 801.7793
2019:05:06 14:41:45 700836 394.7690
2019:05:06 14:41:45 701654 802.7665
2019:05:06 14:41:45 702086 415.5785
2019:05:06 14:41:45 702673 194.8103
2019:05:06 14:41:45 703293 412.7994
2019:05:06 14:41:45 704110 409.8006
2019:05:06 14:41:45 704547 409.2827
2019:05:06 14:41:45 720967 16249.5822
2019:05:06 14:41:45 721331 351.2241
2019:05:06 14:41:45 722155 423.6363
2019:05:06 14:41:45 722957 417.8360
2019:05:06 14:41:45 723159 191.5805
2019:05:06 14:41:45 723792 410.1470
2019:05:06 14:41:45 724598 410.4301
2019:05:06 14:41:45 725019 410.3407
2019:05:06 14:41:45 725423 228.0958
2019:05:06 14:41:45 726248 417.0053
2019:05:06 14:41:45 727057 411.1379
2019:05:06 14:41:45 727257 188.7865
2019:05:06 14:41:45 727875 408.7910
2019:05:06 14:41:45 728298 412.6653
2019:05:06 14:41:45 729105 409.9533
2019:05:06 14:41:45 755821 255.1563
2019:05:06 14:41:45 756637 410.3184
2019:05:06 14:41:45 757059 412.9149
2019:05:06 14:41:45 757605 156.8533
2019:05:06 14:41:45 758286 421.0025
2019:05:06 14:41:45 759095 411.5626
2019:05:06 14:41:45 759520 409.6478
2019:05:06 14:41:45 759934 270.4151
2019:05:06 14:41:45 760750 414.6434
2019:05:06 14:41:45 761553 396.6019
2019:05:06 14:41:45 761967 396.4193
2019:05:06 14:41:45 762790 799.2275
2019:05:06 14:41:45 763220 408.2248
2019:05:06 14:41:45 785746 386.6591
2019:05:06 14:41:45 786531 404.7155
2019:05:06 14:41:45 787352 799.5702
2019:05:06 14:41:45 787778 411.6520
2019:05:06 14:41:45 788579 407.4648
2019:05:06 14:41:45 825363 36773.5848
2019:05:06 14:41:45 825887 516.8952
2019:05:06 14:41:45 826690 417.4784
2019:05:06 14:41:45 827487 405.9039
2019:05:06 14:41:45 828302 799.9651
2019:05:06 14:41:45 828735 409.7819
2019:05:06 14:41:45 853363 24241.3916
2019:05:06 14:41:45 865600 403.8028
2019:05:06 14:41:45 866392 395.4284
2019:05:06 14:41:45 867213 800.7810
2019:05:06 14:41:45 867644 409.0965
2019:05:06 14:41:45 868198 165.7382
2019:05:06 14:41:45 868867 419.5943
2019:05:06 14:41:45 885353 16084.3283
2019:05:06 14:41:45 888686 3323.5736
2019:05:06 14:41:45 889357 425.2903
2019:05:06 14:41:45 890162 408.4483
2019:05:06 14:41:45 890970 404.2350
2019:05:06 14:41:45 891787 806.6893
2019:05:06 14:41:45 892220 411.0672
2019:05:06 14:41:45 893014 396.1697
2019:05:06 14:41:45 893839 789.9590
2019:05:06 14:41:45 894263 406.1349
2019:05:06 14:41:45 895062 402.8603
2019:05:06 14:41:45 895883 807.2518
2019:05:06 14:41:45 896311 408.1130
2019:05:06 14:41:45 897113 411.2422
2019:05:06 14:41:45 897931 808.0006
2019:05:06 14:41:45 898360 404.9391
2019:05:06 14:41:45 898920 158.9768
2019:05:06 14:41:45 899586 421.1962
2019:05:06 14:41:45 900394 410.7617
2019:05:06 14:41:45 900827 411.5663
2019:05:06 14:41:45 925381 380.0169
2019:05:06 14:41:45 925797 264.0150
2019:05:06 14:41:45 926616 419.6130
2019:05:06 14:41:45 927430 415.4108
2019:05:06 14:41:45 927847 264.3876
2019:05:06 14:41:45 928659 415.3773
2019:05:06 14:41:45 929475 413.3172
2019:05:06 14:41:45 929646 161.4019
2019:05:06 14:41:45 930321 432.3013
2019:05:06 14:41:45 931122 413.1943
2019:05:06 14:41:45 931540 398.8482
2019:05:06 14:41:45 931948 265.3934
2019:05:06 14:41:45 932760 421.8705
2019:05:06 14:41:45 957353 24197.7572
2019:05:06 14:41:45 958153 793.8445
2019:05:06 14:41:45 958966 658.5047
2019:05:06 14:41:45 959786 810.1054
2019:05:06 14:41:45 960604 408.1689
2019:05:06 14:41:45 993370 32356.0275
2019:05:06 14:41:45 994196 402.6368
2019:05:06 14:41:45 995002 409.4504
2019:05:06 14:41:45 995418 395.3241
2019:05:06 14:41:45 996238 809.1964
2019:05:06 14:41:45 996658 411.5812
2019:05:06 14:41:46 25355 28299.4024
2019:05:06 14:41:46 33132 7769.8790
2019:05:06 14:41:46 33943 426.2999
2019:05:06 14:41:46 34349 272.7658
2019:05:06 14:41:46 35169 421.1739
2019:05:06 14:41:46 35969 410.6015
2019:05:06 14:41:46 36380 391.9937
2019:05:06 14:41:46 37206 806.4918
2019:05:06 14:41:46 37633 407.6064
2019:05:06 14:41:46 38179 164.1326
2019:05:06 14:41:46 38834 643.6072
2019:05:06 14:41:46 39250 405.7623
2019:05:06 14:41:46 40067 411.3615
2019:05:06 14:41:46 40472 250.6152
2019:05:06 14:41:46 41291 808.6339
2019:05:06 14:41:46 57363 16060.2890
2019:05:06 14:41:46 58112 412.2704
2019:05:06 14:41:46 58660 159.9081
2019:05:06 14:41:46 59339 429.4105
2019:05:06 14:41:46 60138 409.5435
2019:05:06 14:41:46 60566 410.8176
2019:05:06 14:41:46 61381 428.1662
2019:05:06 14:41:46 62183 399.9770
2019:05:06 14:41:46 62613 414.2225
2019:05:06 14:41:46 63022 269.2379
2019:05:06 14:41:46 63842 412.0283
2019:05:06 14:41:46 64644 410.2811
2019:05:06 14:41:46 65068 407.7405
2019:05:06 14:41:46 65875 421.8668
2019:05:06 14:41:46 66678 408.8581
2019:05:06 14:41:46 66852 157.2855
2019:05:06 14:41:46 67529 428.6170
2019:05:06 14:41:46 68326 408.2806
2019:05:06 14:41:46 68751 412.9820
2019:05:06 14:41:46 105208 11848.9228
2019:05:06 14:41:46 105754 533.4578
2019:05:06 14:41:46 106410 412.6132
2019:05:06 14:41:46 107226 409.5025
2019:05:06 14:41:46 107652 412.4045
2019:05:06 14:41:46 108052 252.5970
2019:05:06 14:41:46 108870 408.0795
2019:05:06 14:41:46 109290 410.1098
2019:05:06 14:41:46 109846 156.4547
2019:05:06 14:41:46 110504 647.5225
2019:05:06 14:41:46 110927 405.4196
2019:05:06 14:41:46 111731 408.5228
2019:05:06 14:41:46 111905 162.1097
2019:05:06 14:41:46 112569 420.7939
2019:05:06 14:41:46 149355 36391.4110
2019:05:06 14:41:46 160940 11575.0693
2019:05:06 14:41:46 185355 24059.3962
2019:05:06 14:41:46 185627 265.0954
2019:05:06 14:41:46 186294 419.4379
2019:05:06 14:41:46 187103 409.4318
2019:05:06 14:41:46 187528 410.9517
2019:05:06 14:41:46 187938 266.0640
2019:05:06 14:41:46 188749 415.2283
2019:05:06 14:41:46 189556 409.2939
2019:05:06 14:41:46 189970 402.1302
2019:05:06 14:41:46 190786 796.9365
2019:05:06 14:41:46 191227 421.5948
2019:05:06 14:41:46 191768 153.5863
2019:05:06 14:41:46 192437 419.8030
2019:05:06 14:41:46 193244 410.1433
2019:05:06 14:41:46 193677 410.1694
2019:05:06 14:41:46 194073 263.8288
2019:05:06 14:41:46 194898 425.1190
2019:05:06 14:41:46 195704 416.8302
2019:05:06 14:41:46 196105 390.5408
2019:05:06 14:41:46 196926 801.4925
2019:05:06 14:41:46 221355 24415.9251
2019:05:06 14:41:46 225230 3865.4394
2019:05:06 14:41:46 226038 416.6067
2019:05:06 14:41:46 226586 159.1556
2019:05:06 14:41:46 227263 421.5427
2019:05:06 14:41:46 228069 409.3759
2019:05:06 14:41:46 228497 410.1358
2019:05:06 14:41:46 228899 261.6644
2019:05:06 14:41:46 229720 420.6523
2019:05:06 14:41:46 230515 411.1938
2019:05:06 14:41:46 230920 390.1161
2019:05:06 14:41:46 231739 807.8739
2019:05:06 14:41:46 232164 412.5200
2019:05:06 14:41:46 232717 157.9635
2019:05:06 14:41:46 237109 4136.5139
2019:05:06 14:41:46 253365 16243.9421
2019:05:06 14:41:46 261263 389.3189
2019:05:06 14:41:46 261657 258.4234
2019:05:06 14:41:46 262459 409.7223
2019:05:06 14:41:46 262893 413.4737
2019:05:06 14:41:46 263444 159.9491
2019:05:06 14:41:46 264110 654.3025
2019:05:06 14:41:46 264923 801.7309
2019:05:06 14:41:46 265348 414.4497
2019:05:06 14:41:46 265748 258.7885
2019:05:06 14:41:46 266570 423.9678
2019:05:06 14:41:46 267374 410.0911
2019:05:06 14:41:46 267783 388.9836
2019:05:06 14:41:46 268602 797.3574
2019:05:06 14:41:46 269035 413.1459
2019:05:06 14:41:46 285805 445.1536
2019:05:06 14:41:46 286214 383.7459
2019:05:06 14:41:46 286643 412.8478
2019:05:06 14:41:46 287460 416.4316
2019:05:06 14:41:46 288261 398.1367
2019:05:06 14:41:46 289088 814.2516
2019:05:06 14:41:46 317368 28267.3091
2019:05:06 14:41:46 318187 397.5481
2019:05:06 14:41:46 318744 160.9400
2019:05:06 14:41:46 319407 419.4118
2019:05:06 14:41:46 320225 417.1506
2019:05:06 14:41:46 320647 411.4658
2019:05:06 14:41:46 321071 280.4101
2019:05:06 14:41:46 321869 410.1209
2019:05:06 14:41:46 322670 403.8401
2019:05:06 14:41:46 323081 399.2915
2019:05:06 14:41:46 323896 794.3325
2019:05:06 14:41:46 324323 406.0902
2019:05:06 14:41:46 324892 176.0982
2019:05:06 14:41:46 325540 414.8483
2019:05:06 14:41:46 326354 411.7675
2019:05:06 14:41:46 326922 556.6478
2019:05:06 14:41:46 327581 647.4406
2019:05:06 14:41:46 328400 808.6413
2019:05:06 14:41:46 328969 557.2923
2019:05:06 14:41:46 329632 652.4213
2019:05:06 14:41:46 330054 408.7277
2019:05:06 14:41:46 330858 409.0630
2019:05:06 14:41:46 331289 408.4893
2019:05:06 14:41:46 332102 404.8012
2019:05:06 14:41:46 332920 419.6987
2019:05:06 14:41:46 353404 393.2752
2019:05:06 14:41:46 353817 252.8615
2019:05:06 14:41:46 354631 405.9337
2019:05:06 14:41:46 355444 409.9347
2019:05:06 14:41:46 355615 160.0198
2019:05:06 14:41:46 356283 420.0898
2019:05:06 14:41:46 373572 16891.2932
2019:05:06 14:41:46 374274 694.1073
2019:05:06 14:41:46 375098 809.5726
2019:05:06 14:41:46 375525 412.3859
2019:05:06 14:41:46 376322 397.1830
2019:05:06 14:41:46 377155 814.0467
2019:05:06 14:41:46 377968 799.2871
2019:05:06 14:41:46 378380 401.4373
2019:05:06 14:41:46 379197 411.9799
2019:05:06 14:41:46 380416 809.5093
2019:05:06 14:41:46 395519 15090.7226
2019:05:06 14:41:46 396013 486.8619
2019:05:06 14:41:46 396813 418.3426
2019:05:06 14:41:46 398662 1832.8279
2019:05:06 14:41:46 399273 602.3087
2019:05:06 14:41:46 400132 457.7786
2019:05:06 14:41:46 401100 494.1747
2019:05:06 14:41:46 402065 957.4331
2019:05:06 14:41:46 402565 430.1816
2019:05:06 14:41:46 403532 482.4102
2019:05:06 14:41:46 404595 576.3322
2019:05:06 14:41:46 417074 12082.1968
2019:05:06 14:41:46 418037 954.4678
2019:05:06 14:41:46 418535 427.9874
2019:05:06 14:41:46 419500 486.9290
2019:05:06 14:41:46 420464 957.1351
2019:05:06 14:41:46 420992 421.5427
2019:05:06 14:41:46 422416 971.0379
2019:05:06 14:41:46 423035 610.2100
2019:05:06 14:41:46 423899 486.8060
2019:05:06 14:41:46 425356 973.7834
2019:05:06 14:41:46 425899 532.7091
2019:05:06 14:41:46 426811 475.6637
2019:05:06 14:41:46 427781 484.4293
2019:05:06 14:41:46 428763 499.6844
2019:05:06 14:41:46 441097 12321.6547
2019:05:06 14:41:46 441947 488.5122
2019:05:06 14:41:46 443392 970.7548
2019:05:06 14:41:46 443896 396.4789
2019:05:06 14:41:46 445343 974.3534
2019:05:06 14:41:46 446850 516.3327
2019:05:06 14:41:46 447818 960.7710
2019:05:06 14:41:46 448415 587.1095
2019:05:06 14:41:46 449283 458.2852
2019:05:06 14:41:46 449809 519.2347
2019:05:06 14:41:46 450736 479.8435
2019:05:06 14:41:46 451710 833.0978
2019:05:06 14:41:46 452200 482.7343
2019:05:06 14:41:46 473355 20677.7491
2019:05:06 14:41:46 501014 27651.8688
2019:05:06 14:41:46 501673 421.3415
2019:05:06 14:41:46 502473 409.0294
2019:05:06 14:41:46 502901 417.5082
2019:05:06 14:41:46 503307 264.7378
2019:05:06 14:41:46 504124 418.3948
2019:05:06 14:41:46 504930 409.6068
2019:05:06 14:41:46 505342 401.8731
2019:05:06 14:41:46 506159 799.6596
2019:05:06 14:41:46 506587 411.3726
2019:05:06 14:41:46 507138 159.2524
2019:05:06 14:41:46 507820 422.9136
2019:05:06 14:41:46 508621 406.6378
2019:05:06 14:41:46 536920 28279.1890
2019:05:06 14:41:46 537708 407.8001
2019:05:06 14:41:46 538126 266.9729
2019:05:06 14:41:46 538945 418.8158
2019:05:06 14:41:46 539749 409.6851
2019:05:06 14:41:46 540162 397.3767
2019:05:06 14:41:46 540981 798.8177
2019:05:06 14:41:46 541409 413.8723
2019:05:06 14:41:46 542206 403.8252
2019:05:06 14:41:46 543031 810.3810
2019:05:06 14:41:46 543454 411.0746
2019:05:06 14:41:46 544254 406.3547
2019:05:06 14:41:46 545076 808.3135
2019:05:06 14:41:46 545504 413.2800
2019:05:06 14:41:46 546055 162.6536
2019:05:06 14:41:46 546719 414.2001
2019:05:06 14:41:46 547530 410.0688
2019:05:06 14:41:46 547956 409.0257
2019:05:06 14:41:46 548360 260.0588
2019:05:06 14:41:46 585365 36606.5204
2019:05:06 14:41:46 617724 362.2174
2019:05:06 14:41:46 618385 639.6845
2019:05:06 14:41:46 618812 407.4201
2019:05:06 14:41:46 619613 402.7002
2019:05:06 14:41:46 620023 391.4163
2019:05:06 14:41:46 620841 805.2178
2019:05:06 14:41:46 633184 12327.3395
2019:05:06 14:41:46 657749 394.4188
2019:05:06 14:41:46 658543 409.5845
2019:05:06 14:41:46 658969 396.2331
2019:05:06 14:41:46 659780 422.4665
2019:05:06 14:41:46 660577 409.4802
2019:05:06 14:41:46 660993 391.8856
2019:05:06 14:41:46 661806 781.7633
2019:05:06 14:41:46 662232 398.8594
2019:05:06 14:41:46 662783 159.1705
2019:05:06 14:41:46 663447 649.0871
2019:05:06 14:41:46 663879 419.1622
2019:05:06 14:41:46 664680 404.7118
2019:05:06 14:41:46 665110 416.8153
2019:05:06 14:41:46 665912 415.3065
2019:05:06 14:41:46 666719 409.8862
2019:05:06 14:41:46 666895 164.7882
2019:05:06 14:41:46 667558 421.6470
2019:05:06 14:41:46 668366 410.6015
2019:05:06 14:41:46 668787 410.2364
2019:05:06 14:41:46 693755 391.8111
2019:05:06 14:41:46 694574 808.6972
2019:05:06 14:41:46 695393 807.1065
2019:05:06 14:41:46 695802 398.2708
2019:05:06 14:41:46 696621 808.2017
2019:05:06 14:41:46 697042 410.9964
2019:05:06 14:41:46 697597 154.4170
2019:05:06 14:41:46 698262 417.3443
2019:05:06 14:41:46 699072 406.1759
2019:05:06 14:41:46 699505 416.0814
2019:05:06 14:41:46 699903 262.6032
2019:05:06 14:41:46 700717 408.9884
2019:05:06 14:41:46 729369 28633.5498
2019:05:06 14:41:46 765353 24083.3797
2019:05:06 14:41:46 765850 487.9907
2019:05:06 14:41:46 766664 417.3517
2019:05:06 14:41:46 767221 159.1109
2019:05:06 14:41:46 767885 412.2294
2019:05:06 14:41:46 768701 409.9831
2019:05:06 14:41:46 801354 32637.7191
2019:05:06 14:41:46 801893 530.8576
2019:05:06 14:41:46 802295 390.9916
2019:05:06 14:41:46 803527 822.6149
2019:05:06 14:41:46 804101 564.1133
2019:05:06 14:41:46 804752 644.7956
2019:05:06 14:41:46 805975 812.9366
2019:05:06 14:41:46 806382 394.3816
2019:05:06 14:41:46 806809 415.7275
2019:05:06 14:41:46 807618 416.9121
2019:05:06 14:41:46 808043 414.4423
2019:05:06 14:41:46 808455 259.7980
2019:05:06 14:41:46 809271 415.4481
2019:05:06 14:41:46 810091 415.1650
2019:05:06 14:41:46 810502 258.8332
2019:05:06 14:41:46 811322 418.7077
2019:05:06 14:41:46 812139 416.5731
2019:05:06 14:41:46 812550 258.8741
2019:05:06 14:41:46 837140 24188.6862
2019:05:06 14:41:46 837939 408.0907
2019:05:06 14:41:46 838739 409.3610
2019:05:06 14:41:46 839148 395.8605
2019:05:06 14:41:46 839967 808.9356
2019:05:06 14:41:46 840390 412.1512
2019:05:06 14:41:46 840954 166.2895
2019:05:06 14:41:46 841611 414.9228
2019:05:06 14:41:46 842428 410.7282
2019:05:06 14:41:46 842848 408.9102
2019:05:06 14:41:46 843248 253.9642
2019:05:06 14:41:46 843678 415.2283
2019:05:06 14:41:46 844493 415.2693
2019:05:06 14:41:46 873171 28280.2656
2019:05:06 14:41:46 873721 535.9314
2019:05:06 14:41:46 874389 419.0430
2019:05:06 14:41:46 875197 407.2003
2019:05:06 14:41:46 875628 415.1203
2019:05:06 14:41:46 876034 267.2076
2019:05:06 14:41:46 876852 421.6023
2019:05:06 14:41:46 877653 411.4620
2019:05:06 14:41:46 878065 394.8286
2019:05:06 14:41:46 878885 809.8856
2019:05:06 14:41:46 879311 415.1165
2019:05:06 14:41:46 880109 406.8986
2019:05:06 14:41:46 880930 808.3507
2019:05:06 14:41:46 897363 16421.4969
2019:05:06 14:41:46 909232 11861.8235
2019:05:06 14:41:46 910034 425.5697
2019:05:06 14:41:46 910581 163.0746
2019:05:06 14:41:46 911240 413.8537
2019:05:06 14:41:46 912061 414.2784
2019:05:06 14:41:46 912491 411.9910
2019:05:06 14:41:46 912888 256.2217
2019:05:06 14:41:46 913317 417.3331
2019:05:06 14:41:46 945239 15884.3920
2019:05:06 14:41:46 945644 391.5578
2019:05:06 14:41:46 946072 414.1480
2019:05:06 14:41:46 946874 410.0278
2019:05:06 14:41:46 947301 410.1768
2019:05:06 14:41:46 947706 263.7170
2019:05:06 14:41:46 948533 424.2249
2019:05:06 14:41:46 949332 410.1284
2019:05:06 14:41:46 949740 385.1876
2019:05:06 14:41:46 950559 804.4578
2019:05:06 14:41:46 950988 419.9371
2019:05:06 14:41:46 951537 155.6836
2019:05:06 14:41:46 952216 421.3825
2019:05:06 14:41:46 953023 409.7782
2019:05:06 14:41:46 953447 412.0283
2019:05:06 14:41:46 953857 271.2868
2019:05:06 14:41:46 954681 422.5783
2019:05:06 14:41:46 955476 407.3158
2019:05:06 14:41:46 955891 400.9083
2019:05:06 14:41:46 956706 803.5786
2019:05:06 14:41:46 980910 24187.2929
2019:05:06 14:41:46 981699 415.9361
2019:05:06 14:41:46 982501 405.3600
2019:05:06 14:41:46 983321 806.6148
2019:05:06 14:41:46 983746 407.9193
2019:05:06 14:41:46 984307 159.2413
2019:05:06 14:41:46 984964 414.0325
2019:05:06 14:41:46 985793 421.4533
2019:05:06 14:41:46 986212 410.3407
2019:05:06 14:41:46 986619 259.4441
2019:05:06 14:41:46 987437 425.4729
2019:05:06 14:41:46 988244 410.6872
2019:05:06 14:41:46 988656 400.2377
2019:05:06 14:41:46 989474 806.2720
2019:05:06 14:41:46 989894 406.5074
2019:05:06 14:41:46 990450 157.5947
2019:05:06 14:41:46 991125 423.7071
2019:05:06 14:41:46 991937 408.6830
2019:05:06 14:41:46 992741 398.0249
2019:05:06 14:41:47 5042 12283.4556
2019:05:06 14:41:47 5849 792.5108
2019:05:06 14:41:47 6274 410.8250
2019:05:06 14:41:47 6836 161.8490
2019:05:06 14:41:47 7493 647.5970
2019:05:06 14:41:47 8312 806.8010
2019:05:06 14:41:47 8888 565.6034
2019:05:06 14:41:47 9545 645.7493
2019:05:06 14:41:47 9962 405.3786
2019:05:06 14:41:47 10772 409.0145
2019:05:06 14:41:47 10942 159.7330
2019:05:06 14:41:47 11597 411.9016
2019:05:06 14:41:47 12017 409.8974
2019:05:06 14:41:47 12827 408.8841
2019:05:06 14:41:47 13228 389.7883
2019:05:06 14:41:47 14057 810.9212
2019:05:06 14:41:47 14479 405.7214
2019:05:06 14:41:47 15036 161.2715
2019:05:06 14:41:47 15688 414.8111
2019:05:06 14:41:47 16509 415.9436
2019:05:06 14:41:47 16938 416.5657
2019:05:06 14:41:47 33702 343.0545
2019:05:06 14:41:47 34527 799.7826
2019:05:06 14:41:47 35345 807.2443
2019:05:06 14:41:47 35758 401.2175
2019:05:06 14:41:47 36578 810.6381
2019:05:06 14:41:47 37393 803.7090
2019:05:06 14:41:47 37580 175.5059
2019:05:06 14:41:47 38217 409.0182
2019:05:06 14:41:47 38635 407.3977
2019:05:06 14:41:47 39445 409.1971
2019:05:06 14:41:47 39850 394.1245
2019:05:06 14:41:47 40670 802.4015
2019:05:06 14:41:47 65353 24668.5371
2019:05:06 14:41:47 66081 716.6192
2019:05:06 14:41:47 66479 386.1748
2019:05:06 14:41:47 67305 424.8284
2019:05:06 14:41:47 68106 410.6797
2019:05:06 14:41:47 68518 400.7481
2019:05:06 14:41:47 69337 809.0176
2019:05:06 14:41:47 69755 400.5320
2019:05:06 14:41:47 70312 159.5132
2019:05:06 14:41:47 70582 253.8227
2019:05:06 14:41:47 71397 410.5493
2019:05:06 14:41:47 71816 407.2897
2019:05:06 14:41:47 72368 159.6399
2019:05:06 14:41:47 73035 417.6907
2019:05:06 14:41:47 73852 414.1554
2019:05:06 14:41:47 74276 405.0881
2019:05:06 14:41:47 74680 266.2800
2019:05:06 14:41:47 75496 413.2465
2019:05:06 14:41:47 76302 411.6967
2019:05:06 14:41:47 76476 160.2955
2019:05:06 14:41:47 77162 445.2355
2019:05:06 14:41:47 77548 366.8740
2019:05:06 14:41:47 78352 412.2257
2019:05:06 14:41:47 78530 163.8345
2019:05:06 14:41:47 79186 415.7126
2019:05:06 14:41:47 79603 404.9763
2019:05:06 14:41:47 80409 410.6760
2019:05:06 14:41:47 80809 388.6744
2019:05:06 14:41:47 97361 16530.5622
2019:05:06 14:41:47 98030 661.1720
2019:05:06 14:41:47 98455 406.9172
2019:05:06 14:41:47 98996 159.2897
2019:05:06 14:41:47 99668 423.7182
2019:05:06 14:41:47 100476 413.5221
2019:05:06 14:41:47 100909 415.7871
2019:05:06 14:41:47 101695 415.1911
2019:05:06 14:41:47 102509 409.1114
2019:05:06 14:41:47 102940 408.6494
2019:05:06 14:41:47 103349 262.8416
2019:05:06 14:41:47 104166 424.2994
2019:05:06 14:41:47 104975 410.5233
2019:05:06 14:41:47 105144 157.4941
2019:05:06 14:41:47 105820 425.4878
2019:05:06 14:41:47 106623 413.5109
2019:05:06 14:41:47 107187 162.4599
2019:05:06 14:41:47 107832 408.6569
2019:05:06 14:41:47 108256 414.0697
2019:05:06 14:41:47 109076 407.5095
2019:05:06 14:41:47 125611 255.4394
2019:05:06 14:41:47 126281 397.7679
2019:05:06 14:41:47 127097 411.9724
2019:05:06 14:41:47 127662 161.5956
2019:05:06 14:41:47 128313 409.5882
2019:05:06 14:41:47 128739 409.3200
2019:05:06 14:41:47 129547 410.5940
2019:05:06 14:41:47 129965 404.1120
2019:05:06 14:41:47 130784 419.5869
2019:05:06 14:41:47 131590 410.2476
2019:05:06 14:41:47 131999 393.2603
2019:05:06 14:41:47 132818 807.5610
2019:05:06 14:41:47 133245 408.1801
2019:05:06 14:41:47 133821 178.9369
2019:05:06 14:41:47 134481 420.6151
2019:05:06 14:41:47 134897 403.8066
2019:05:06 14:41:47 135705 409.0369
2019:05:06 14:41:47 136112 393.1224
2019:05:06 14:41:47 136937 427.8682
2019:05:06 14:41:47 137739 407.0774
2019:05:06 14:41:47 138147 387.0502
2019:05:06 14:41:47 138967 800.8294
2019:05:06 14:41:47 139397 411.5887
2019:05:06 14:41:47 140192 399.7982
2019:05:06 14:41:47 141010 806.9351
2019:05:06 14:41:47 157362 16327.2917
2019:05:06 14:41:47 158216 408.6085
2019:05:06 14:41:47 158633 261.8022
2019:05:06 14:41:47 159455 416.8265
2019:05:06 14:41:47 160276 417.3480
2019:05:06 14:41:47 160681 250.4475
2019:05:06 14:41:47 161492 412.3561
2019:05:06 14:41:47 161934 412.0134
2019:05:06 14:41:47 162473 158.9879
2019:05:06 14:41:47 163156 415.3773
2019:05:06 14:41:47 163968 417.9999
2019:05:06 14:41:47 164394 407.3977
2019:05:06 14:41:47 164809 272.7695
2019:05:06 14:41:47 189364 16375.1803
2019:05:06 14:41:47 197536 395.0596
2019:05:06 14:41:47 198359 809.9675
2019:05:06 14:41:47 198781 408.4967
2019:05:06 14:41:47 199331 160.5339
2019:05:06 14:41:47 199990 645.2687
2019:05:06 14:41:47 200417 404.4548
2019:05:06 14:41:47 201219 409.3535
2019:05:06 14:41:47 201632 393.2714
2019:05:06 14:41:47 202453 804.4466
2019:05:06 14:41:47 202872 410.5680
2019:05:06 14:41:47 203425 157.9598
2019:05:06 14:41:47 203692 256.2217
2019:05:06 14:41:47 204514 423.7033
2019:05:06 14:41:47 205315 407.0252
2019:05:06 14:41:47 221361 16032.8373
2019:05:06 14:41:47 237356 4153.2144
2019:05:06 14:41:47 238088 724.9564
2019:05:06 14:41:47 238502 404.0375
2019:05:06 14:41:47 239319 411.6260
2019:05:06 14:41:47 240138 408.0199
2019:05:06 14:41:47 240957 660.0842
2019:05:06 14:41:47 245870 508.3010
2019:05:06 14:41:47 246434 524.1707
2019:05:06 14:41:47 247117 423.1967
2019:05:06 14:41:47 247926 409.0481
2019:05:06 14:41:47 248357 409.7745
2019:05:06 14:41:47 248769 277.1430
2019:05:06 14:41:47 253374 4192.1809
2019:05:06 14:41:47 254079 382.0322
2019:05:06 14:41:47 254881 408.8320
2019:05:06 14:41:47 255701 810.7536
2019:05:06 14:41:47 256520 808.0192
2019:05:06 14:41:47 256930 398.2931
2019:05:06 14:41:47 313354 31999.7221
2019:05:06 14:41:47 313866 505.1680
2019:05:06 14:41:47 314679 657.0034
2019:05:06 14:41:47 315500 811.0292
2019:05:06 14:41:47 316311 403.2589
2019:05:06 14:41:47 345353 29030.4273
2019:05:06 14:41:47 353173 7811.1701
2019:05:06 14:41:47 353992 804.2455
2019:05:06 14:41:47 354417 409.1561
2019:05:06 14:41:47 355220 401.5081
2019:05:06 14:41:47 356040 804.6664
2019:05:06 14:41:47 356468 412.2928
2019:05:06 14:41:47 357271 400.4128
2019:05:06 14:41:47 358088 799.3169
2019:05:06 14:41:47 358517 414.9713
2019:05:06 14:41:47 359069 159.6026
2019:05:06 14:41:47 359744 417.1357
2019:05:06 14:41:47 360553 407.6250
2019:05:06 14:41:47 360983 409.3088
2019:05:06 14:41:47 377369 16238.4845
2019:05:06 14:41:47 377775 252.2804
2019:05:06 14:41:47 378579 410.3109
2019:05:06 14:41:47 378999 407.5021
2019:05:06 14:41:47 379802 407.3940
2019:05:06 14:41:47 380627 813.8269
2019:05:06 14:41:47 381046 408.2993
2019:05:06 14:41:47 381846 399.6491
2019:05:06 14:41:47 382669 812.8136
2019:05:06 14:41:47 383090 408.8730
2019:05:06 14:41:47 383894 406.0194
2019:05:06 14:41:47 384716 809.4870
2019:05:06 14:41:47 385145 418.7040
2019:05:06 14:41:47 385942 404.0003
2019:05:06 14:41:47 386766 812.7689
2019:05:06 14:41:47 387190 414.2784
2019:05:06 14:41:47 387990 405.0098
2019:05:06 14:41:47 388814 811.5508
2019:05:06 14:41:47 409369 20544.3352
2019:05:06 14:41:47 410121 390.0714
2019:05:06 14:41:47 410528 258.0807
2019:05:06 14:41:47 411347 417.9217
2019:05:06 14:41:47 412166 417.0574
2019:05:06 14:41:47 412576 257.6821
2019:05:06 14:41:47 425275 12298.0513
2019:05:06 14:41:47 441363 16067.6129
2019:05:06 14:41:47 442076 414.6323
2019:05:06 14:41:47 442880 411.2832
2019:05:06 14:41:47 443294 253.0403
2019:05:06 14:41:47 444106 801.3956
2019:05:06 14:41:47 444929 812.6423
2019:05:06 14:41:47 445337 397.1308
2019:05:06 14:41:47 445767 414.9601
2019:05:06 14:41:47 446561 409.3163
2019:05:06 14:41:47 446981 405.2594
2019:05:06 14:41:47 447397 268.4332
2019:05:06 14:41:47 448213 420.4921
2019:05:06 14:41:47 449020 411.8979
2019:05:06 14:41:47 453134 4102.2152
2019:05:06 14:41:47 453936 655.1817
2019:05:06 14:41:47 454358 411.5775
2019:05:06 14:41:47 455160 408.3067
2019:05:06 14:41:47 455569 396.3336
2019:05:06 14:41:47 456389 803.9176
2019:05:06 14:41:47 456814 413.6637
2019:05:06 14:41:47 473602 236.2318
2019:05:06 14:41:47 474010 253.0962
2019:05:06 14:41:47 475230 816.3303
2019:05:06 14:41:47 475800 163.9947
2019:05:06 14:41:47 476476 417.5529
2019:05:06 14:41:47 485233 8358.7021
2019:05:06 14:41:47 485883 641.7260
2019:05:06 14:41:47 486294 397.0526
2019:05:06 14:41:47 487112 806.5067
2019:05:06 14:41:47 487543 421.6060
2019:05:06 14:41:47 488090 159.5318
2019:05:06 14:41:47 488760 422.3436
2019:05:06 14:41:47 489571 418.5401
2019:05:06 14:41:47 490133 159.0103
2019:05:06 14:41:47 490806 413.7158
2019:05:06 14:41:47 491620 411.8755
2019:05:06 14:41:47 492045 408.7798
2019:05:06 14:41:47 492450 260.7889
2019:05:06 14:41:47 493288 444.0099
2019:05:06 14:41:47 494070 407.0848
2019:05:06 14:41:47 494496 404.2834
2019:05:06 14:41:47 495311 801.7085
2019:05:06 14:41:47 495739 408.3924
2019:05:06 14:41:47 496531 399.6715
2019:05:06 14:41:47 521130 24579.2903
2019:05:06 14:41:47 521926 775.6054
2019:05:06 14:41:47 545355 23405.5035
2019:05:06 14:41:47 557221 11857.1259
2019:05:06 14:41:47 557987 388.5403
2019:05:06 14:41:47 558810 432.9383
2019:05:06 14:41:47 559603 409.5882
2019:05:06 14:41:47 559778 153.1579
2019:05:06 14:41:47 560444 415.3587
2019:05:06 14:41:47 560866 410.8734
2019:05:06 14:41:47 577354 16101.0027
2019:05:06 14:41:47 581324 3961.5892
2019:05:06 14:41:47 582141 798.2254
2019:05:06 14:41:47 582557 394.0202
2019:05:06 14:41:47 583369 792.2687
2019:05:06 14:41:47 583800 409.5472
2019:05:06 14:41:47 584593 402.8492
2019:05:06 14:41:47 585417 804.2194
2019:05:06 14:41:47 585854 414.6025
2019:05:06 14:41:47 586638 403.4825
2019:05:06 14:41:47 587467 810.7573
2019:05:06 14:41:47 587897 410.0129
2019:05:06 14:41:47 588689 405.5053
2019:05:06 14:41:47 589514 802.1817
2019:05:06 14:41:47 589941 405.0620
2019:05:06 14:41:47 590485 159.8075
2019:05:06 14:41:47 590761 261.0087
2019:05:06 14:41:47 591568 402.2941
2019:05:06 14:41:47 592376 416.5173
2019:05:06 14:41:47 592796 267.6956
2019:05:06 14:41:47 609591 231.6199
2019:05:06 14:41:47 610399 412.7622
2019:05:06 14:41:47 610820 409.9123
2019:05:06 14:41:47 611226 262.0593
2019:05:06 14:41:47 612044 418.4246
2019:05:06 14:41:47 612847 409.7149
2019:05:06 14:41:47 613257 393.6738
2019:05:06 14:41:47 614077 801.5297
2019:05:06 14:41:47 614503 411.8122
2019:05:06 14:41:47 615055 159.0326
2019:05:06 14:41:47 615726 414.7030
2019:05:06 14:41:47 616539 409.8751
2019:05:06 14:41:47 616964 412.1624
2019:05:06 14:41:47 637581 219.8666
2019:05:06 14:41:47 638253 408.2099
2019:05:06 14:41:47 639065 411.6818
2019:05:06 14:41:47 639492 415.5785
2019:05:06 14:41:47 639899 261.0013
2019:05:06 14:41:47 640713 420.6449
2019:05:06 14:41:47 653046 11933.9786
2019:05:06 14:41:47 677179 7824.7599
2019:05:06 14:41:47 677972 780.0832
2019:05:06 14:41:47 678398 414.1256
2019:05:06 14:41:47 678798 255.9163
2019:05:06 14:41:47 679223 409.9235
2019:05:06 14:41:47 680038 414.1964
2019:05:06 14:41:47 680596 163.1901
2019:05:06 14:41:47 681249 407.8485
2019:05:06 14:41:47 681672 412.2108
2019:05:06 14:41:47 682479 411.5142
2019:05:06 14:41:47 682649 158.8501
2019:05:06 14:41:47 683312 415.9547
2019:05:06 14:41:47 684115 408.5228
2019:05:06 14:41:47 684536 410.9740
2019:05:06 14:41:47 684933 249.8142
2019:05:06 14:41:47 701365 16420.9157
2019:05:06 14:41:47 702168 414.9042
2019:05:06 14:41:47 702962 411.1789
2019:05:06 14:41:47 703137 161.2939
2019:05:06 14:41:47 703802 418.7450
2019:05:06 14:41:47 704602 409.0331
2019:05:06 14:41:47 705039 424.3664
2019:05:06 14:41:47 705443 271.4209
2019:05:06 14:41:47 706258 411.4732
2019:05:06 14:41:47 707065 410.2848
2019:05:06 14:41:47 707485 403.8289
2019:05:06 14:41:47 708309 415.8877
2019:05:06 14:41:47 709112 409.0965
2019:05:06 14:41:47 709541 415.9585
2019:05:06 14:41:47 710356 421.5799
2019:05:06 14:41:47 711156 410.0874
2019:05:06 14:41:47 711579 406.2317
2019:05:06 14:41:47 712399 428.2854
2019:05:06 14:41:47 733362 20573.2286
2019:05:06 14:41:47 734084 714.6299
2019:05:06 14:41:47 734906 803.1391
2019:05:06 14:41:47 735340 413.1235
2019:05:06 14:41:47 736131 405.5537
2019:05:06 14:41:47 736954 809.6807
2019:05:06 14:41:47 749256 12278.8735
2019:05:06 14:41:47 750085 429.6191
2019:05:06 14:41:47 750498 278.1153
2019:05:06 14:41:47 751315 426.3930
2019:05:06 14:41:47 752119 417.3107
2019:05:06 14:41:47 752529 396.3560
2019:05:06 14:41:47 753347 796.8359
2019:05:06 14:41:47 753774 406.1274
2019:05:06 14:41:47 754321 160.5302
2019:05:06 14:41:47 755003 421.8519
2019:05:06 14:41:47 755817 418.1899
2019:05:06 14:41:47 756241 407.9230
2019:05:06 14:41:47 756640 262.9310
2019:05:06 14:41:47 773363 16318.4330
2019:05:06 14:41:47 785285 366.5723
2019:05:06 14:41:47 786106 807.9819
2019:05:06 14:41:47 786535 415.6269
2019:05:06 14:41:47 787332 406.7868
2019:05:06 14:41:47 788154 809.8446
2019:05:06 14:41:47 788582 415.0346
2019:05:06 14:41:47 809353 20379.3272
2019:05:06 14:41:47 809860 499.2113
2019:05:06 14:41:47 810680 803.9474
2019:05:06 14:41:47 811112 411.0932
2019:05:06 14:41:47 811904 404.6336
2019:05:06 14:41:47 812729 805.0501
2019:05:06 14:41:47 813169 420.3878
2019:05:06 14:41:47 813951 401.2808
2019:05:06 14:41:47 814778 807.3822
2019:05:06 14:41:47 815207 409.0294
2019:05:06 14:41:47 816000 404.9726
2019:05:06 14:41:47 816824 802.9789
2019:05:06 14:41:47 817253 409.5323
2019:05:06 14:41:47 818048 404.6932
2019:05:06 14:41:47 818873 808.1831
2019:05:06 14:41:47 820959 2072.0474
2019:05:06 14:41:47 821769 419.4863
2019:05:06 14:41:47 822578 425.4244
2019:05:06 14:41:47 823386 411.6409
2019:05:06 14:41:47 823823 415.2134
2019:05:06 14:41:47 824627 422.9993
2019:05:06 14:41:47 841354 16329.9367
2019:05:06 14:41:47 857012 15650.6710
2019:05:06 14:41:47 881141 7786.9892
2019:05:06 14:41:47 881547 391.6547
2019:05:06 14:41:47 881975 415.5748
2019:05:06 14:41:47 882779 414.6472
2019:05:06 14:41:47 883208 417.3331
2019:05:06 14:41:47 883611 261.6905
2019:05:06 14:41:47 884432 423.6698
2019:05:06 14:41:47 885225 401.0499
2019:05:06 14:41:47 885405 168.4949
2019:05:06 14:41:47 886048 404.8645
2019:05:06 14:41:47 886867 809.2113
2019:05:06 14:41:47 887294 414.1554
2019:05:06 14:41:47 887687 256.6427
2019:05:06 14:41:47 888515 424.7241
2019:05:06 14:41:47 889318 411.5328
2019:05:06 14:41:47 913363 24033.5166
2019:05:06 14:41:47 913914 401.8545
2019:05:06 14:41:47 914314 256.6986
2019:05:06 14:41:47 915133 421.4570
2019:05:06 14:41:47 915938 408.7240
2019:05:06 14:41:47 916347 386.3052
2019:05:06 14:41:47 917215 854.1606
2019:05:06 14:41:47 917987 758.8193
2019:05:06 14:41:47 918396 388.9985
2019:05:06 14:41:47 919215 809.0213
2019:05:06 14:41:47 919644 414.3715
2019:05:06 14:41:47 920204 163.2981
2019:05:06 14:41:47 920863 412.4716
2019:05:06 14:41:47 921685 415.8057
2019:05:06 14:41:47 922248 158.0231
2019:05:06 14:41:47 922515 257.3542
2019:05:06 14:41:47 923333 414.1107
2019:05:06 14:41:47 924153 415.2060
2019:05:06 14:41:47 924561 257.3393
2019:05:06 14:41:47 949372 24407.3309
2019:05:06 14:41:47 949960 404.4585
2019:05:06 14:41:47 950754 407.2078
2019:05:06 14:41:47 951163 395.7897
2019:05:06 14:41:47 951982 803.2881
2019:05:06 14:41:47 952407 408.8357
2019:05:06 14:41:47 965126 12322.1315
2019:05:06 14:41:47 981355 16214.2441
2019:05:06 14:41:47 981886 523.3921
2019:05:06 14:41:47 982706 807.2369
2019:05:06 14:41:47 983134 413.1868
2019:05:06 14:41:47 983679 159.3158
2019:05:06 14:41:47 984349 415.5003
2019:05:06 14:41:47 985158 410.4525
2019:05:06 14:41:47 985592 416.1373
2019:05:06 14:41:47 985987 260.9566
2019:05:06 14:41:47 986807 418.2346
2019:05:06 14:41:47 987615 409.3312
2019:05:06 14:41:47 987790 160.7463
2019:05:06 14:41:47 988459 421.7140
2019:05:06 14:41:48 13358 24504.9596
2019:05:06 14:41:48 25301 11934.2208
2019:05:06 14:41:48 29363 4050.1989
2019:05:06 14:41:48 29843 405.1998
2019:05:06 14:41:48 30636 411.1640
2019:05:06 14:41:48 31059 404.3169
2019:05:06 14:41:48 31881 424.0237
2019:05:06 14:41:48 32684 415.5524
2019:05:06 14:41:48 33104 405.9635
2019:05:06 14:41:48 60991 11637.6951
2019:05:06 14:41:48 61503 500.9919
2019:05:06 14:41:48 62180 665.0537
2019:05:06 14:41:48 62986 794.4964
2019:05:06 14:41:48 63408 408.8469
2019:05:06 14:41:48 63814 264.0374
2019:05:06 14:41:48 64633 421.5948
2019:05:06 14:41:48 81354 16327.5488
2019:05:06 14:41:48 85163 3799.3193
2019:05:06 14:41:48 85941 415.5822
2019:05:06 14:41:48 86350 266.0565
2019:05:06 14:41:48 87165 419.7508
2019:05:06 14:41:48 87968 409.6925
2019:05:06 14:41:48 88145 166.4348
2019:05:06 14:41:48 88793 414.0548
2019:05:06 14:41:48 89219 415.4257
2019:05:06 14:41:48 90018 407.8373
2019:05:06 14:41:48 90427 397.4140
2019:05:06 14:41:48 91248 809.5317
2019:05:06 14:41:48 91671 412.3859
2019:05:06 14:41:48 92223 159.6287
2019:05:06 14:41:48 92900 425.6740
2019:05:06 14:41:48 93714 421.8481
2019:05:06 14:41:48 94267 159.7144
2019:05:06 14:41:48 94942 420.8758
2019:05:06 14:41:48 95754 411.4285
2019:05:06 14:41:48 96178 406.6974
2019:05:06 14:41:48 96589 270.3071
2019:05:06 14:41:48 109374 12377.0274
2019:05:06 14:41:48 110112 409.7819
2019:05:06 14:41:48 110664 159.2934
2019:05:06 14:41:48 111325 422.5671
2019:05:06 14:41:48 112140 409.0331
2019:05:06 14:41:48 112560 409.5510
2019:05:06 14:41:48 112964 254.8583
2019:05:06 14:41:48 113393 419.1920
2019:05:06 14:41:48 114191 408.3999
2019:05:06 14:41:48 115001 405.5239
2019:05:06 14:41:48 115818 807.5945
2019:05:06 14:41:48 116247 413.5966
2019:05:06 14:41:48 117048 402.9050
2019:05:06 14:41:48 117876 818.0700
2019:05:06 14:41:48 118297 410.0092
2019:05:06 14:41:48 119099 401.4410
2019:05:06 14:41:48 119914 801.8315
2019:05:06 14:41:48 120343 409.4951
2019:05:06 14:41:48 141358 20616.2073
2019:05:06 14:41:48 142027 659.8309
2019:05:06 14:41:48 142847 809.3677
2019:05:06 14:41:48 143280 416.4800
2019:05:06 14:41:48 144089 664.1895
2019:05:06 14:41:48 144906 807.9819
2019:05:06 14:41:48 157219 12300.6143
2019:05:06 14:41:48 180993 7637.5641
2019:05:06 14:41:48 181778 773.6906
2019:05:06 14:41:48 182196 404.5367
2019:05:06 14:41:48 182606 268.4668
2019:05:06 14:41:48 183424 421.5464
2019:05:06 14:41:48 184223 409.2902
2019:05:06 14:41:48 184627 386.5398
2019:05:06 14:41:48 185445 802.1593
2019:05:06 14:41:48 185867 407.2636
2019:05:06 14:41:48 186436 170.4209
2019:05:06 14:41:48 187096 417.0425
2019:05:06 14:41:48 187908 413.7605
2019:05:06 14:41:48 188476 554.9304
2019:05:06 14:41:48 189138 415.0830
2019:05:06 14:41:48 205923 568.5985
2019:05:06 14:41:48 206743 796.5192
2019:05:06 14:41:48 207159 391.2449
2019:05:06 14:41:48 207585 412.3934
2019:05:06 14:41:48 208392 412.7696
2019:05:06 14:41:48 208819 415.1985
2019:05:06 14:41:48 209632 426.8624
2019:05:06 14:41:48 210439 410.7729
2019:05:06 14:41:48 210861 409.6366
2019:05:06 14:41:48 211271 266.6935
2019:05:06 14:41:48 212094 414.6174
2019:05:06 14:41:48 212898 412.2593
2019:05:06 14:41:48 213303 393.3012
2019:05:06 14:41:48 214128 810.6157
2019:05:06 14:41:48 214544 405.5500
2019:05:06 14:41:48 215341 402.3798
2019:05:06 14:41:48 216162 808.1943
2019:05:06 14:41:48 216592 419.3410
2019:05:06 14:41:48 237361 20380.0201
2019:05:06 14:41:48 237895 526.1973
2019:05:06 14:41:48 238697 795.1148
2019:05:06 14:41:48 239125 416.1857
2019:05:06 14:41:48 239669 156.3430
2019:05:06 14:41:48 240341 420.6561
2019:05:06 14:41:48 253058 12320.9991
2019:05:06 14:41:48 269363 16288.4854
2019:05:06 14:41:48 277612 395.8680
2019:05:06 14:41:48 278424 409.2269
2019:05:06 14:41:48 278837 389.8367
2019:05:06 14:41:48 279654 798.9779
2019:05:06 14:41:48 280084 407.1295
2019:05:06 14:41:48 280878 404.8459
2019:05:06 14:41:48 281706 809.6360
2019:05:06 14:41:48 282133 410.8325
2019:05:06 14:41:48 282678 157.6208
2019:05:06 14:41:48 283353 410.2029
2019:05:06 14:41:48 284160 407.9789
2019:05:06 14:41:48 284589 412.2518
2019:05:06 14:41:48 284990 260.0774
2019:05:06 14:41:48 300994 7235.0428
2019:05:06 14:41:48 301398 390.2614
2019:05:06 14:41:48 302204 433.2960
2019:05:06 14:41:48 303012 416.7631
2019:05:06 14:41:48 303404 372.3241
2019:05:06 14:41:48 304226 808.2874
2019:05:06 14:41:48 304665 412.1587
2019:05:06 14:41:48 305209 164.1922
2019:05:06 14:41:48 305866 406.9582
2019:05:06 14:41:48 306682 410.7915
2019:05:06 14:41:48 307121 420.5182
2019:05:06 14:41:48 307505 245.4259
2019:05:06 14:41:48 307938 412.1177
2019:05:06 14:41:48 308753 406.7943
2019:05:06 14:41:48 309175 404.4920
2019:05:06 14:41:48 325376 16052.3057
2019:05:06 14:41:48 325935 392.0384
2019:05:06 14:41:48 326753 414.5578
2019:05:06 14:41:48 327569 409.3759
2019:05:06 14:41:48 327980 387.7878
2019:05:06 14:41:48 328808 815.4996
2019:05:06 14:41:48 329229 400.8785
2019:05:06 14:41:48 337051 3682.9561
2019:05:06 14:41:48 341367 4304.4575
2019:05:06 14:41:48 341931 402.6331
2019:05:06 14:41:48 342329 260.5096
2019:05:06 14:41:48 343158 425.6144
2019:05:06 14:41:48 343960 413.0192
2019:05:06 14:41:48 344372 250.8797
2019:05:06 14:41:48 345190 806.8755
2019:05:06 14:41:48 361370 16167.6109
2019:05:06 14:41:48 362007 417.3182
2019:05:06 14:41:48 362543 157.7735
2019:05:06 14:41:48 363212 414.3789
2019:05:06 14:41:48 364022 410.5903
2019:05:06 14:41:48 364456 407.6585
2019:05:06 14:41:48 364855 264.4807
2019:05:06 14:41:48 365683 427.0971
2019:05:06 14:41:48 366481 410.4376
2019:05:06 14:41:48 366661 162.6685
2019:05:06 14:41:48 367337 425.7485
2019:05:06 14:41:48 368132 406.0753
2019:05:06 14:41:48 368547 397.7716
2019:05:06 14:41:48 368942 255.0110
2019:05:06 14:41:48 369758 407.0811
2019:05:06 14:41:48 370191 419.2516
2019:05:06 14:41:48 370734 159.6510
2019:05:06 14:41:48 371403 654.7235
2019:05:06 14:41:48 371853 432.0256
2019:05:06 14:41:48 372634 409.0630
2019:05:06 14:41:48 373051 399.9174
2019:05:06 14:41:48 373852 776.2834
2019:05:06 14:41:48 374280 410.3035
2019:05:06 14:41:48 374856 175.4761
2019:05:06 14:41:48 375517 416.2230
2019:05:06 14:41:48 376320 412.6541
2019:05:06 14:41:48 376899 172.5145
2019:05:06 14:41:48 393357 16217.6304
2019:05:06 14:41:48 393937 567.1084
2019:05:06 14:41:48 394365 409.4318
2019:05:06 14:41:48 395159 410.8734
2019:05:06 14:41:48 395564 389.0321
2019:05:06 14:41:48 396389 810.8281
2019:05:06 14:41:48 396825 415.9175
2019:05:06 14:41:48 397369 154.1823
2019:05:06 14:41:48 398030 413.8984
2019:05:06 14:41:48 398850 411.9724
2019:05:06 14:41:48 399273 412.1661
2019:05:06 14:41:48 399675 254.0201
2019:05:06 14:41:48 400499 425.3387
2019:05:06 14:41:48 401303 408.2248
2019:05:06 14:41:48 401480 164.7361
2019:05:06 14:41:48 402136 417.3666
2019:05:06 14:41:48 402558 411.3466
2019:05:06 14:41:48 403372 418.7450
2019:05:06 14:41:48 403775 264.3354
2019:05:06 14:41:48 404594 430.9602
2019:05:06 14:41:48 405390 409.9384
2019:05:06 14:41:48 405809 397.5630
2019:05:06 14:41:48 406626 803.8208
2019:05:06 14:41:48 407063 420.6821
2019:05:06 14:41:48 407850 399.2617
2019:05:06 14:41:48 408670 807.9745
2019:05:06 14:41:48 409108 424.5266
2019:05:06 14:41:48 425489 132.5160
2019:05:06 14:41:48 426277 390.4887
2019:05:06 14:41:48 427098 808.0639
2019:05:06 14:41:48 427532 401.3404
2019:05:06 14:41:48 428083 166.5056
2019:05:06 14:41:48 428762 667.8738
2019:05:06 14:41:48 429571 797.3388
2019:05:06 14:41:48 429995 410.5754
2019:05:06 14:41:48 430404 268.2917
2019:05:06 14:41:48 431220 434.0671
2019:05:06 14:41:48 432012 409.1226
2019:05:06 14:41:48 432421 385.5340
2019:05:06 14:41:48 433242 796.1988
2019:05:06 14:41:48 433671 409.0890
2019:05:06 14:41:48 434220 162.3295
2019:05:06 14:41:48 434887 420.0675
2019:05:06 14:41:48 435701 409.3125
2019:05:06 14:41:48 436265 550.9481
2019:05:06 14:41:48 436536 254.4895
2019:05:06 14:41:48 437347 417.2623
2019:05:06 14:41:48 437772 410.9927
2019:05:06 14:41:48 438326 159.9528
2019:05:06 14:41:48 438979 413.7643
2019:05:06 14:41:48 439804 419.7098
2019:05:06 14:41:48 440227 410.1470
2019:05:06 14:41:48 440628 258.4457
2019:05:06 14:41:48 441046 407.4685
2019:05:06 14:41:48 457816 456.7988
2019:05:06 14:41:48 458635 802.8932
2019:05:06 14:41:48 458808 157.0173
2019:05:06 14:41:48 459456 409.6925
2019:05:06 14:41:48 459882 413.9058
2019:05:06 14:41:48 460685 409.9160
2019:05:06 14:41:48 461102 405.3898
2019:05:06 14:41:48 461919 414.3193
2019:05:06 14:41:48 462737 406.9805
2019:05:06 14:41:48 463149 398.8557
2019:05:06 14:41:48 463969 798.7469
2019:05:06 14:41:48 464402 416.0181
2019:05:06 14:41:48 465192 395.6780
2019:05:06 14:41:48 466014 798.9220
2019:05:06 14:41:48 466445 410.9368
2019:05:06 14:41:48 466998 165.1533
2019:05:06 14:41:48 467270 256.5831
2019:05:06 14:41:48 468079 409.3610
2019:05:06 14:41:48 468501 410.2737
2019:05:06 14:41:48 469052 155.8997
2019:05:06 14:41:48 469736 431.0533
2019:05:06 14:41:48 470522 402.2270
2019:05:06 14:41:48 470950 416.2192
2019:05:06 14:41:48 471360 271.0521
2019:05:06 14:41:48 472184 425.0817
2019:05:06 14:41:48 472979 407.2823
2019:05:06 14:41:48 489354 16359.1541
2019:05:06 14:41:48 489781 417.7243
2019:05:06 14:41:48 490203 410.6313
2019:05:06 14:41:48 490999 411.5775
2019:05:06 14:41:48 491430 411.7303
2019:05:06 14:41:48 492231 416.9196
2019:05:06 14:41:48 493043 409.3312
2019:05:06 14:41:48 493479 409.7484
2019:05:06 14:41:48 493888 267.5802
2019:05:06 14:41:48 494714 418.3426
2019:05:06 14:41:48 495515 414.6881
2019:05:06 14:41:48 495917 385.4223
2019:05:06 14:41:48 496745 807.2816
2019:05:06 14:41:48 497182 417.2660
2019:05:06 14:41:48 497956 390.0900
2019:05:06 14:41:48 498780 809.5354
2019:05:06 14:41:48 499212 418.2979
2019:05:06 14:41:48 500003 405.2855
2019:05:06 14:41:48 500823 801.7682
2019:05:06 14:41:48 501255 414.4199
2019:05:06 14:41:48 502052 399.9807
2019:05:06 14:41:48 502869 805.7505
2019:05:06 14:41:48 503688 798.8550
2019:05:06 14:41:48 504101 393.4950
2019:05:06 14:41:48 504917 804.5845
2019:05:06 14:41:48 521355 16420.4389
2019:05:06 14:41:48 522137 773.0015
2019:05:06 14:41:48 522545 393.5695
2019:05:06 14:41:48 523375 430.7069
2019:05:06 14:41:48 524168 409.0816
2019:05:06 14:41:48 524590 401.8061
2019:05:06 14:41:48 525401 796.5565
2019:05:06 14:41:48 525832 411.3689
2019:05:06 14:41:48 526630 400.3234
2019:05:06 14:41:48 527450 802.2711
2019:05:06 14:41:48 527890 419.9855
2019:05:06 14:41:48 528675 407.0550
2019:05:06 14:41:48 529493 805.2252
2019:05:06 14:41:48 529930 411.4546
2019:05:06 14:41:48 530718 399.5039
2019:05:06 14:41:48 531540 804.0518
2019:05:06 14:41:48 531970 410.8809
2019:05:06 14:41:48 532766 406.0827
2019:05:06 14:41:48 533592 808.4886
2019:05:06 14:41:48 534021 407.7405
2019:05:06 14:41:48 534568 158.0231
2019:05:06 14:41:48 535226 639.9304
2019:05:06 14:41:48 536050 806.5179
2019:05:06 14:41:48 536627 560.3991
2019:05:06 14:41:48 537284 642.8696
2019:05:06 14:41:48 553369 16069.3638
2019:05:06 14:41:48 554101 409.2045
2019:05:06 14:41:48 554901 408.8953
2019:05:06 14:41:48 555307 389.4120
2019:05:06 14:41:48 556126 801.6527
2019:05:06 14:41:48 556553 405.5612
2019:05:06 14:41:48 557115 169.5640
2019:05:06 14:41:48 557772 412.2965
2019:05:06 14:41:48 558582 412.3896
2019:05:06 14:41:48 559013 415.7051
2019:05:06 14:41:48 559424 275.6864
2019:05:06 14:41:48 560241 430.2002
2019:05:06 14:41:48 561034 409.6366
2019:05:06 14:41:48 561445 383.0418
2019:05:06 14:41:48 562263 805.6499
2019:05:06 14:41:48 562695 415.5077
2019:05:06 14:41:48 563238 159.9006
2019:05:06 14:41:48 563920 421.8780
2019:05:06 14:41:48 564736 418.7338
2019:05:06 14:41:48 565165 416.3384
2019:05:06 14:41:48 565560 263.1880
2019:05:06 14:41:48 566387 426.3073
2019:05:06 14:41:48 567188 416.4986
2019:05:06 14:41:48 567588 383.0604
2019:05:06 14:41:48 568407 789.2437
2019:05:06 14:41:48 568843 413.4215
2019:05:06 14:41:48 584941 15701.3312
2019:05:06 14:41:48 585625 672.7986
2019:05:06 14:41:48 586040 403.8401
2019:05:06 14:41:48 586859 417.7466
2019:05:06 14:41:48 587661 409.7521
2019:05:06 14:41:48 588080 402.0035
2019:05:06 14:41:48 588902 425.1860
2019:05:06 14:41:48 589704 410.9666
2019:05:06 14:41:48 589879 160.5153
2019:05:06 14:41:48 590529 408.9214
2019:05:06 14:41:48 590952 411.9463
2019:05:06 14:41:48 591758 413.3917
2019:05:06 14:41:48 592163 394.3592
2019:05:06 14:41:48 592979 802.9751
2019:05:06 14:41:48 593407 415.8467
2019:05:06 14:41:48 594200 402.8566
2019:05:06 14:41:48 595027 815.2947
2019:05:06 14:41:48 595451 409.1412
2019:05:06 14:41:48 596005 159.5058
2019:05:06 14:41:48 596681 419.6018
2019:05:06 14:41:48 597501 409.4094
2019:05:06 14:41:48 597931 417.4523
2019:05:06 14:41:48 598736 425.9050
2019:05:06 14:41:48 599542 407.1221
2019:05:06 14:41:48 599972 407.6213
2019:05:06 14:41:48 600388 282.1162
2019:05:06 14:41:48 601205 414.2188
2019:05:06 14:41:48 602423 318.9482
2019:05:06 14:41:48 603222 788.1969
2019:05:06 14:41:48 603649 412.3673
2019:05:06 14:41:48 604197 158.4031
2019:05:06 14:41:48 604873 418.1936
2019:05:06 14:41:48 605681 407.2711
2019:05:06 14:41:48 606099 408.1130
2019:05:06 14:41:48 606508 265.1773
2019:05:06 14:41:48 607337 427.6708
2019:05:06 14:41:48 608135 411.4471
2019:05:06 14:41:48 608549 391.4833
2019:05:06 14:41:48 609369 797.6033
2019:05:06 14:41:48 609797 408.9996
2019:05:06 14:41:48 610344 159.2673
2019:05:06 14:41:48 611029 424.8954
