
# OSU MPI Allreduce Latency Test v5.6.1
# Size       Avg Latency(us)
256                  1603.29
2019:05:06 14:41:44 244382 794.2580
2019:05:06 14:41:44 244782 386.8826
2019:05:06 14:41:44 249299 398.4869
2019:05:06 14:41:44 250121 418.4246
2019:05:06 14:41:44 250708 580.1730
2019:05:06 14:41:44 251342 411.3168
2019:05:06 14:41:44 252156 404.1940
2019:05:06 14:41:44 252965 398.8929
2019:05:06 14:41:44 281259 11904.8283
2019:05:06 14:41:44 281648 376.3847
2019:05:06 14:41:44 282473 813.5624
2019:05:06 14:41:44 283292 408.8916
2019:05:06 14:41:44 284091 598.1326
2019:05:06 14:41:44 284938 825.2151
2019:05:06 14:41:44 301355 16410.8053
2019:05:06 14:41:44 305058 3695.4954
2019:05:06 14:41:44 305830 421.2782
2019:05:06 14:41:44 306639 636.1678
2019:05:06 14:41:44 307457 400.2526
2019:05:06 14:41:44 308287 410.5717
2019:05:06 14:41:44 309109 816.3191
2019:05:06 14:41:44 309910 392.5823
2019:05:06 14:41:44 310326 227.3284
2019:05:06 14:41:44 311144 416.7557
2019:05:06 14:41:44 311966 418.5736
2019:05:06 14:41:44 312776 632.5692
2019:05:06 14:41:44 333674 310.2124
2019:05:06 14:41:44 334509 435.7547
2019:05:06 14:41:44 334899 226.3710
2019:05:06 14:41:44 335715 407.5058
2019:05:06 14:41:44 336531 400.4464
2019:05:06 14:41:44 336941 225.2683
2019:05:06 14:41:44 353110 7751.3270
2019:05:06 14:41:44 353733 615.1684
2019:05:06 14:41:44 354153 402.5400
2019:05:06 14:41:44 354963 410.9256
2019:05:06 14:41:44 355368 393.4242
2019:05:06 14:41:44 356202 432.4988
2019:05:06 14:41:44 357008 410.9740
2019:05:06 14:41:44 357213 194.4788
2019:05:06 14:41:44 389029 7674.2768
2019:05:06 14:41:44 389776 739.9209
2019:05:06 14:41:44 390175 385.2472
2019:05:06 14:41:44 391001 804.6143
2019:05:06 14:41:44 391836 822.1865
2019:05:06 14:41:44 392243 222.2583
2019:05:06 14:41:44 393065 428.3972
2019:05:06 14:41:44 393892 430.6212
2019:05:06 14:41:44 394291 392.6717
2019:05:06 14:41:44 395113 433.8659
2019:05:06 14:41:44 395913 412.8888
2019:05:06 14:41:44 396328 393.2379
2019:05:06 14:41:44 397183 843.6814
2019:05:06 14:41:44 413363 16173.2845
2019:05:06 14:41:44 413953 411.2124
2019:05:06 14:41:44 414744 399.2841
2019:05:06 14:41:44 415574 818.5059
2019:05:06 14:41:44 416395 402.9013
2019:05:06 14:41:44 416808 225.3801
2019:05:06 14:41:44 417632 415.8691
2019:05:06 14:41:44 418449 422.1089
2019:05:06 14:41:44 419250 620.3093
2019:05:06 14:41:44 420079 816.4234
2019:05:06 14:41:44 420682 183.3923
2019:05:06 14:41:44 421717 820.8714
2019:05:06 14:41:44 422541 812.4523
2019:05:06 14:41:44 423370 638.6898
2019:05:06 14:41:44 424178 800.1775
2019:05:06 14:41:44 424779 185.1432
2019:05:06 14:41:44 449199 3837.6339
2019:05:06 14:41:44 449986 780.2807
2019:05:06 14:41:44 450828 835.5714
2019:05:06 14:41:44 451416 576.3769
2019:05:06 14:41:44 452035 422.7832
2019:05:06 14:41:44 452854 415.5934
2019:05:06 14:41:44 453286 410.6984
2019:05:06 14:41:44 454071 599.8276
2019:05:06 14:41:44 454894 807.3114
2019:05:06 14:41:44 455331 416.2714
2019:05:06 14:41:44 455736 221.6510
2019:05:06 14:41:44 456557 433.7765
2019:05:06 14:41:44 477368 20413.2684
2019:05:06 14:41:44 477869 406.2429
2019:05:06 14:41:44 478677 433.9777
2019:05:06 14:41:44 479510 437.8930
2019:05:06 14:41:44 480294 775.8364
2019:05:06 14:41:44 481131 831.9020
2019:05:06 14:41:44 481553 409.6813
2019:05:06 14:41:44 482147 210.0654
2019:05:06 14:41:44 482780 626.9477
2019:05:06 14:41:44 483587 800.6729
2019:05:06 14:41:44 484008 410.2364
2019:05:06 14:41:44 484789 607.4458
2019:05:06 14:41:44 489307 4490.2153
2019:05:06 14:41:44 490139 426.1360
2019:05:06 14:41:44 490933 613.3579
2019:05:06 14:41:44 491759 807.6280
2019:05:06 14:41:44 492183 412.4269
2019:05:06 14:41:44 492588 221.4946
2019:05:06 14:41:44 509362 16363.2445
2019:05:06 14:41:44 510203 411.1379
2019:05:06 14:41:44 511011 408.2918
2019:05:06 14:41:44 511835 812.6386
2019:05:06 14:41:44 512653 400.3607
2019:05:06 14:41:44 513061 224.0911
2019:05:06 14:41:44 513887 412.8441
2019:05:06 14:41:44 514708 422.8055
2019:05:06 14:41:44 515112 233.6539
2019:05:06 14:41:44 515929 806.1305
2019:05:06 14:41:44 516753 414.4497
2019:05:06 14:41:44 517169 225.7079
2019:05:06 14:41:44 517997 423.5469
2019:05:06 14:41:44 518805 419.8290
2019:05:06 14:41:44 519220 403.1956
2019:05:06 14:41:44 520039 413.8611
2019:05:06 14:41:44 520869 421.1068
2019:05:06 14:41:44 541367 20491.6298
2019:05:06 14:41:44 542140 613.8198
2019:05:06 14:41:44 542961 812.3629
2019:05:06 14:41:44 543559 194.3409
2019:05:06 14:41:44 544189 415.8728
2019:05:06 14:41:44 545008 413.4290
2019:05:06 14:41:44 573353 16053.2631
2019:05:06 14:41:44 574109 746.7456
2019:05:06 14:41:44 574509 392.9064
2019:05:06 14:41:44 575325 411.6595
2019:05:06 14:41:44 576323 590.1605
2019:05:06 14:41:44 576961 625.3570
2019:05:06 14:41:44 577800 414.2746
2019:05:06 14:41:44 578370 557.0836
2019:05:06 14:41:44 579012 424.7464
2019:05:06 14:41:44 579846 434.1528
2019:05:06 14:41:44 580649 796.4745
2019:05:06 14:41:44 605354 24698.2947
2019:05:06 14:41:44 617150 11786.3864
2019:05:06 14:41:44 617915 413.5072
2019:05:06 14:41:44 618737 401.0722
2019:05:06 14:41:44 619544 391.9341
2019:05:06 14:41:44 620383 820.0407
2019:05:06 14:41:44 621215 826.5153
2019:05:06 14:41:44 637365 16142.6775
2019:05:06 14:41:44 641692 430.1742
2019:05:06 14:41:44 642099 237.2041
2019:05:06 14:41:44 642920 439.1894
2019:05:06 14:41:44 643737 400.3048
2019:05:06 14:41:44 644565 641.1672
2019:05:06 14:41:44 645379 805.9554
2019:05:06 14:41:44 645783 397.2836
2019:05:06 14:41:44 646185 228.5726
2019:05:06 14:41:44 647020 425.9571
2019:05:06 14:41:44 647816 407.7964
2019:05:06 14:41:44 648018 189.6881
2019:05:06 14:41:44 648641 414.1182
2019:05:06 14:41:44 649063 410.9219
2019:05:06 14:41:44 649863 404.5144
2019:05:06 14:41:44 650065 192.3367
2019:05:06 14:41:44 650697 422.8540
2019:05:06 14:41:44 651520 817.0009
2019:05:06 14:41:44 652317 791.0170
2019:05:06 14:41:44 669358 17034.5716
2019:05:06 14:41:44 669937 572.0258
2019:05:06 14:41:44 670537 593.3046
2019:05:06 14:41:44 671167 623.2522
2019:05:06 14:41:44 671985 811.7743
2019:05:06 14:41:44 672572 580.6647
2019:05:06 14:41:44 673628 832.0622
2019:05:06 14:41:44 674033 397.7939
2019:05:06 14:41:44 674631 200.9720
2019:05:06 14:41:44 675280 432.8862
2019:05:06 14:41:44 676083 409.5398
2019:05:06 14:41:44 676686 197.8613
2019:05:06 14:41:44 701363 24461.5637
2019:05:06 14:41:44 701903 418.8530
2019:05:06 14:41:44 702704 416.6290
2019:05:06 14:41:44 703127 410.7803
2019:05:06 14:41:44 703533 232.3501
2019:05:06 14:41:44 704361 437.4459
2019:05:06 14:41:44 705569 808.1868
2019:05:06 14:41:44 706388 810.6679
2019:05:06 14:41:44 706817 409.3610
2019:05:06 14:41:44 707395 174.2579
2019:05:06 14:41:44 708045 434.6073
2019:05:06 14:41:44 708857 423.7071
2019:05:06 14:41:44 709669 399.3027
2019:05:06 14:41:44 710484 807.7435
2019:05:06 14:41:44 710901 406.0715
2019:05:06 14:41:44 711718 405.9933
2019:05:06 14:41:44 712531 802.9267
2019:05:06 14:41:44 712946 405.6133
2019:05:06 14:41:44 733841 478.9308
2019:05:06 14:41:44 734250 395.0968
2019:05:06 14:41:44 735063 806.1789
2019:05:06 14:41:44 735877 412.1810
2019:05:06 14:41:44 736281 390.7047
2019:05:06 14:41:44 749026 12730.1849
2019:05:06 14:41:44 785363 36330.3721
2019:05:06 14:41:44 785853 410.8250
2019:05:06 14:41:44 786672 403.0392
2019:05:06 14:41:44 787472 398.5874
2019:05:06 14:41:44 788309 826.9474
2019:05:06 14:41:44 789142 827.2678
2019:05:06 14:41:44 789526 214.6326
2019:05:06 14:41:44 789947 402.8231
2019:05:06 14:41:44 790766 412.6132
2019:05:06 14:41:44 791594 408.9326
2019:05:06 14:41:44 792797 1196.7160
2019:05:06 14:41:44 793629 817.8391
2019:05:06 14:41:44 794456 814.6912
2019:05:06 14:41:44 795263 800.8853
2019:05:06 14:41:44 796065 600.5839
2019:05:06 14:41:44 796909 825.6324
2019:05:06 14:41:44 821361 24446.7147
2019:05:06 14:41:44 857530 175.9231
2019:05:06 14:41:44 858346 406.4143
2019:05:06 14:41:44 858951 204.1534
2019:05:06 14:41:44 859985 822.9092
2019:05:06 14:41:44 860802 806.4136
2019:05:06 14:41:44 861635 636.5404
2019:05:06 14:41:44 862042 400.2601
2019:05:06 14:41:44 862869 412.3449
2019:05:06 14:41:44 863272 396.2927
2019:05:06 14:41:44 864091 421.6433
2019:05:06 14:41:44 864903 397.3320
2019:05:06 14:41:44 865318 234.4251
2019:05:06 14:41:44 866131 421.8780
2019:05:06 14:41:44 866936 401.8955
2019:05:06 14:41:44 867354 221.5505
2019:05:06 14:41:44 868169 419.4863
2019:05:06 14:41:44 868987 412.9522
2019:05:06 14:41:44 905110 11755.8315
2019:05:06 14:41:44 929362 24243.5895
2019:05:06 14:41:44 930040 418.2346
2019:05:06 14:41:44 930619 196.0844
2019:05:06 14:41:44 931254 402.0073
2019:05:06 14:41:44 932071 416.3943
2019:05:06 14:41:44 932677 204.8910
2019:05:06 14:41:44 933288 604.2831
2019:05:06 14:41:44 933723 420.4549
2019:05:06 14:41:44 934523 414.4087
2019:05:06 14:41:44 934928 389.9895
2019:05:06 14:41:44 935761 432.5509
2019:05:06 14:41:44 936563 413.3210
2019:05:06 14:41:44 936971 395.5178
2019:05:06 14:41:44 937803 803.2136
2019:05:06 14:41:44 938216 399.8838
2019:05:06 14:41:44 939023 402.1376
2019:05:06 14:41:44 939841 810.7238
2019:05:06 14:41:44 940263 412.9149
2019:05:06 14:41:44 965355 24675.2687
2019:05:06 14:41:44 968965 3600.7427
2019:05:06 14:41:44 969534 186.2049
2019:05:06 14:41:44 970165 420.8535
2019:05:06 14:41:44 970980 418.3576
2019:05:06 14:41:44 971783 399.8838
2019:05:06 14:41:44 972611 819.5303
2019:05:06 14:41:44 973430 400.4911
2019:05:06 14:41:44 973840 220.2578
2019:05:06 14:41:44 974659 415.3587
2019:05:06 14:41:44 975491 427.6708
2019:05:06 14:41:44 975887 389.8256
2019:05:06 14:41:44 976708 403.8662
2019:05:06 14:41:44 997371 20256.1915
2019:05:06 14:41:44 998033 415.0346
2019:05:06 14:41:44 998834 633.4893
2019:05:06 14:41:44 999655 814.7657
2019:05:06 14:41:45 253 591.5947
2019:05:06 14:41:45 875 614.7884
2019:05:06 14:41:45 1700 429.3323
2019:05:06 14:41:45 2515 395.7413
2019:05:06 14:41:45 3337 815.2500
2019:05:06 14:41:45 3757 403.4825
2019:05:06 14:41:45 4339 191.8264
2019:05:06 14:41:45 4953 597.6111
2019:05:06 14:41:45 5820 837.8997
2019:05:06 14:41:45 6591 764.0123
2019:05:06 14:41:45 7434 832.9824
2019:05:06 14:41:45 8257 423.2377
2019:05:06 14:41:45 8661 396.9446
2019:05:06 14:41:45 25359 16311.9845
2019:05:06 14:41:45 25872 505.1047
2019:05:06 14:41:45 26685 429.9432
2019:05:06 14:41:45 27509 422.0121
2019:05:06 14:41:45 28328 402.3723
2019:05:06 14:41:45 29144 423.9380
2019:05:06 14:41:45 29967 815.9019
2019:05:06 14:41:45 30379 398.1255
2019:05:06 14:41:45 31170 399.7944
2019:05:06 14:41:45 31999 810.1985
2019:05:06 14:41:45 32418 405.9374
2019:05:06 14:41:45 33216 383.0977
2019:05:06 14:41:45 34045 809.4385
2019:05:06 14:41:45 34466 407.0699
2019:05:06 14:41:45 35265 382.9896
2019:05:06 14:41:45 36094 810.6492
2019:05:06 14:41:45 36514 406.9060
2019:05:06 14:41:45 65354 28424.4120
2019:05:06 14:41:45 73384 8022.7703
2019:05:06 14:41:45 73977 192.4299
2019:05:06 14:41:45 74612 433.1805
2019:05:06 14:41:45 75418 799.4771
2019:05:06 14:41:45 75835 405.2930
2019:05:06 14:41:45 76228 215.2734
2019:05:06 14:41:45 77068 828.5567
2019:05:06 14:41:45 97366 20291.5035
2019:05:06 14:41:45 109827 409.1747
2019:05:06 14:41:45 110638 396.3672
2019:05:06 14:41:45 111057 227.7680
2019:05:06 14:41:45 111879 415.7983
2019:05:06 14:41:45 112695 416.8041
2019:05:06 14:41:45 113103 224.9889
2019:05:06 14:41:45 133211 3857.7393
2019:05:06 14:41:45 133596 379.3538
2019:05:06 14:41:45 134396 792.5369
2019:05:06 14:41:45 135214 398.9264
2019:05:06 14:41:45 135638 233.2777
2019:05:06 14:41:45 136455 418.4693
2019:05:06 14:41:45 137448 193.5177
2019:05:06 14:41:45 138501 828.9404
2019:05:06 14:41:45 139318 810.5412
2019:05:06 14:41:45 139727 402.8827
2019:05:06 14:41:45 140552 818.5953
2019:05:06 14:41:45 141546 596.3966
2019:05:06 14:41:45 142178 621.9819
2019:05:06 14:41:45 142997 411.0187
2019:05:06 14:41:45 143800 385.6607
2019:05:06 14:41:45 144642 825.9974
2019:05:06 14:41:45 161368 16719.2370
2019:05:06 14:41:45 161857 404.0487
2019:05:06 14:41:45 162673 639.0102
2019:05:06 14:41:45 163480 800.1849
2019:05:06 14:41:45 164082 197.4702
2019:05:06 14:41:45 164721 420.3841
2019:05:06 14:41:45 165538 414.0250
2019:05:06 14:41:45 166355 424.5825
2019:05:06 14:41:45 167158 795.6885
2019:05:06 14:41:45 167977 407.9938
2019:05:06 14:41:45 168391 227.7344
2019:05:06 14:41:45 193363 24562.5041
2019:05:06 14:41:45 217354 12314.7294
2019:05:06 14:41:45 253354 35991.3372
2019:05:06 14:41:45 289354 35992.8459
2019:05:06 14:41:45 290054 692.6209
2019:05:06 14:41:45 290866 801.8017
2019:05:06 14:41:45 291283 406.3807
2019:05:06 14:41:45 292101 406.0976
2019:05:06 14:41:45 292930 433.8473
2019:05:06 14:41:45 293327 390.9729
2019:05:06 14:41:45 294153 426.7804
2019:05:06 14:41:45 294980 434.6967
2019:05:06 14:41:45 295377 390.3098
2019:05:06 14:41:45 296604 817.3920
2019:05:06 14:41:45 297197 587.5267
2019:05:06 14:41:45 297830 623.2224
2019:05:06 14:41:45 298644 803.5339
2019:05:06 14:41:45 299062 405.3861
2019:05:06 14:41:45 299471 229.1501
2019:05:06 14:41:45 300289 408.7500
2019:05:06 14:41:45 325354 24640.7613
2019:05:06 14:41:45 337190 11829.2272
2019:05:06 14:41:45 369079 7725.1308
2019:05:06 14:41:45 369905 804.3945
2019:05:06 14:41:45 370333 416.1485
2019:05:06 14:41:45 371126 391.1592
2019:05:06 14:41:45 371982 829.3204
2019:05:06 14:41:45 372779 790.6742
2019:05:06 14:41:45 373178 387.8959
2019:05:06 14:41:45 397744 383.6378
2019:05:06 14:41:45 398575 810.7387
2019:05:06 14:41:45 398995 408.4371
2019:05:06 14:41:45 399796 389.3413
2019:05:06 14:41:45 400633 819.3813
2019:05:06 14:41:45 413354 12713.4919
2019:05:06 14:41:45 421157 7795.7623
2019:05:06 14:41:45 421929 419.3783
2019:05:06 14:41:45 422725 612.3595
2019:05:06 14:41:45 423568 825.2449
2019:05:06 14:41:45 424363 785.3433
2019:05:06 14:41:45 425204 820.7597
2019:05:06 14:41:45 426016 807.1736
2019:05:06 14:41:45 426427 215.9066
2019:05:06 14:41:45 427253 412.9559
2019:05:06 14:41:45 428067 415.2879
2019:05:06 14:41:45 428481 224.5791
2019:05:06 14:41:45 429298 411.2236
2019:05:06 14:41:45 445706 351.7345
2019:05:06 14:41:45 446508 406.9619
2019:05:06 14:41:45 446921 405.1737
2019:05:06 14:41:45 447739 810.4667
2019:05:06 14:41:45 448543 798.1881
2019:05:06 14:41:45 448949 396.3634
2019:05:06 14:41:45 449781 404.1865
2019:05:06 14:41:45 450597 419.7396
2019:05:06 14:41:45 451007 222.2061
2019:05:06 14:41:45 451823 409.2716
2019:05:06 14:41:45 452640 402.0408
2019:05:06 14:41:45 453057 234.8572
2019:05:06 14:41:45 453874 810.8541
2019:05:06 14:41:45 454695 814.6018
2019:05:06 14:41:45 455097 395.6966
2019:05:06 14:41:45 455920 406.6452
2019:05:06 14:41:45 456736 416.7743
2019:05:06 14:41:45 477636 277.8098
2019:05:06 14:41:45 478457 428.0098
2019:05:06 14:41:45 479280 402.5511
2019:05:06 14:41:45 480069 615.9283
2019:05:06 14:41:45 480924 837.1398
2019:05:06 14:41:45 493223 12291.8300
2019:05:06 14:41:45 517371 8017.7933
2019:05:06 14:41:45 518177 797.4468
2019:05:06 14:41:45 518577 390.3434
2019:05:06 14:41:45 519405 810.6306
2019:05:06 14:41:45 519823 408.0087
2019:05:06 14:41:45 520620 393.3161
2019:05:06 14:41:45 521446 808.6599
2019:05:06 14:41:45 521870 415.3810
2019:05:06 14:41:45 522668 390.7271
2019:05:06 14:41:45 523501 817.2989
2019:05:06 14:41:45 523920 409.5398
2019:05:06 14:41:45 524506 193.6108
2019:05:06 14:41:45 525122 604.8940
2019:05:06 14:41:45 541926 567.2239
2019:05:06 14:41:45 542758 818.4463
2019:05:06 14:41:45 543160 396.4305
2019:05:06 14:41:45 543981 421.9860
2019:05:06 14:41:45 544800 811.5061
2019:05:06 14:41:45 545212 405.0992
2019:05:06 14:41:45 546017 798.9444
2019:05:06 14:41:45 546839 401.4634
2019:05:06 14:41:45 547253 225.0969
2019:05:06 14:41:45 548072 415.4444
2019:05:06 14:41:45 548891 415.2060
2019:05:06 14:41:45 549697 613.8347
2019:05:06 14:41:45 550545 835.3032
2019:05:06 14:41:45 551343 791.4528
2019:05:06 14:41:45 552176 815.1829
2019:05:06 14:41:45 552993 810.5673
2019:05:06 14:41:45 573369 20370.4499
2019:05:06 14:41:45 573885 228.5019
2019:05:06 14:41:45 574706 416.0851
2019:05:06 14:41:45 575520 415.1687
2019:05:06 14:41:45 575930 216.7188
2019:05:06 14:41:45 576750 410.3407
2019:05:06 14:41:45 605354 16277.4473
2019:05:06 14:41:45 613248 7885.5120
2019:05:06 14:41:45 614022 412.2779
2019:05:06 14:41:45 614615 192.2958
2019:05:06 14:41:45 615650 810.5412
2019:05:06 14:41:45 616474 814.7359
2019:05:06 14:41:45 616880 216.1711
2019:05:06 14:41:45 617703 412.7398
2019:05:06 14:41:45 618521 415.7014
2019:05:06 14:41:45 618932 226.0618
2019:05:06 14:41:45 620159 820.2866
2019:05:06 14:41:45 620762 591.9784
2019:05:06 14:41:45 637353 16584.4150
2019:05:06 14:41:45 649297 11935.0106
2019:05:06 14:41:45 650072 617.4371
2019:05:06 14:41:45 650906 436.1123
2019:05:06 14:41:45 651490 197.7868
2019:05:06 14:41:45 652114 423.4016
2019:05:06 14:41:45 652958 422.1909
2019:05:06 14:41:45 677363 24399.0272
2019:05:06 14:41:45 677941 413.7121
2019:05:06 14:41:45 678343 231.0611
2019:05:06 14:41:45 679158 392.5897
2019:05:06 14:41:45 679574 404.7193
2019:05:06 14:41:45 680391 399.5299
2019:05:06 14:41:45 685277 4877.9771
2019:05:06 14:41:45 686109 820.1636
2019:05:06 14:41:45 686520 400.8524
2019:05:06 14:41:45 687751 823.8889
2019:05:06 14:41:45 688162 404.7491
2019:05:06 14:41:45 688977 429.7160
2019:05:06 14:41:45 713938 577.7106
2019:05:06 14:41:45 714782 830.0580
2019:05:06 14:41:45 715191 403.3782
2019:05:06 14:41:45 715993 796.0238
2019:05:06 14:41:45 716416 412.6430
2019:05:06 14:41:45 717217 395.3911
2019:05:06 14:41:45 718059 827.6626
2019:05:06 14:41:45 718475 406.4552
2019:05:06 14:41:45 719072 179.4249
2019:05:06 14:41:45 719703 408.5898
2019:05:06 14:41:45 720524 406.4888
2019:05:06 14:41:45 740758 19843.5523
2019:05:06 14:41:45 757105 16338.9184
2019:05:06 14:41:45 781252 7897.8501
2019:05:06 14:41:45 782028 769.0974
2019:05:06 14:41:45 782445 404.2797
2019:05:06 14:41:45 783268 811.5619
2019:05:06 14:41:45 784084 416.6253
2019:05:06 14:41:45 784909 668.7120
2019:05:06 14:41:45 785729 812.4933
2019:05:06 14:41:45 786150 413.7568
2019:05:06 14:41:45 786964 429.8054
2019:05:06 14:41:45 787785 400.0962
2019:05:06 14:41:45 788611 405.7959
2019:05:06 14:41:45 813354 24737.0712
2019:05:06 14:41:45 814008 644.2405
2019:05:06 14:41:45 814819 802.2748
2019:05:06 14:41:45 815218 391.6956
2019:05:06 14:41:45 816044 422.3920
2019:05:06 14:41:45 816866 423.5096
2019:05:06 14:41:45 817255 382.2111
2019:05:06 14:41:45 818090 425.7523
2019:05:06 14:41:45 818904 408.3440
2019:05:06 14:41:45 819315 254.5714
2019:05:06 14:41:45 820132 412.4008
2019:05:06 14:41:45 820953 402.0631
2019:05:06 14:41:45 821371 268.0048
2019:05:06 14:41:45 822180 417.1170
2019:05:06 14:41:45 823006 422.2728
2019:05:06 14:41:45 823820 420.0190
2019:05:06 14:41:45 824650 427.9166
2019:05:06 14:41:45 837360 12703.8620
2019:05:06 14:41:45 837777 409.7261
2019:05:06 14:41:45 838570 414.9526
2019:05:06 14:41:45 839399 430.8410
2019:05:06 14:41:45 839796 388.6186
2019:05:06 14:41:45 840616 422.0903
2019:05:06 14:41:45 853314 12306.0718
2019:05:06 14:41:45 869712 358.2947
2019:05:06 14:41:45 870518 410.8809
2019:05:06 14:41:45 871341 816.7103
2019:05:06 14:41:45 872157 809.5242
2019:05:06 14:41:45 872561 398.2335
2019:05:06 14:41:45 873395 426.8624
2019:05:06 14:41:45 874212 419.6204
2019:05:06 14:41:45 874614 396.0468
2019:05:06 14:41:45 875436 413.0378
2019:05:06 14:41:45 876248 414.5578
2019:05:06 14:41:45 876656 396.7769
2019:05:06 14:41:45 901363 24298.6493
2019:05:06 14:41:45 902054 411.4732
2019:05:06 14:41:45 902867 400.8003
2019:05:06 14:41:45 903274 251.5242
2019:05:06 14:41:45 904097 409.7000
2019:05:06 14:41:45 904923 428.6543
2019:05:06 14:41:45 905336 406.1572
2019:05:06 14:41:45 906152 407.9752
2019:05:06 14:41:45 906966 415.0346
2019:05:06 14:41:45 907377 264.1678
2019:05:06 14:41:45 908198 415.2022
2019:05:06 14:41:45 909007 415.8430
2019:05:06 14:41:45 909425 404.5926
2019:05:06 14:41:45 910647 819.5192
2019:05:06 14:41:45 911206 552.5947
2019:05:06 14:41:45 911860 641.0070
2019:05:06 14:41:45 912678 807.5088
2019:05:06 14:41:45 925029 12340.2737
2019:05:06 14:41:45 925800 763.3939
2019:05:06 14:41:45 926625 818.7108
2019:05:06 14:41:45 927841 816.7177
2019:05:06 14:41:45 928665 817.0232
2019:05:06 14:41:45 929486 405.8443
2019:05:06 14:41:45 929896 258.1701
2019:05:06 14:41:45 930721 421.2894
2019:05:06 14:41:45 931544 430.2002
2019:05:06 14:41:45 931954 404.9614
2019:05:06 14:41:45 932770 418.1042
2019:05:06 14:41:45 937680 397.9690
2019:05:06 14:41:45 938079 244.2189
2019:05:06 14:41:45 939317 828.8771
2019:05:06 14:41:45 940121 793.9935
2019:05:06 14:41:45 940947 813.9573
2019:05:06 14:41:45 941767 405.8369
2019:05:06 14:41:45 942176 258.8406
2019:05:06 14:41:45 943404 817.9881
2019:05:06 14:41:45 944220 409.1375
2019:05:06 14:41:45 945463 830.6466
2019:05:06 14:41:45 946292 821.1583
2019:05:06 14:41:45 947099 800.5723
2019:05:06 14:41:45 947520 410.4413
2019:05:06 14:41:45 948312 399.5597
2019:05:06 14:41:45 961069 12746.6023
2019:05:06 14:41:45 961850 426.7171
2019:05:06 14:41:45 962667 424.0647
2019:05:06 14:41:45 963480 805.9144
2019:05:06 14:41:45 963895 403.8513
2019:05:06 14:41:45 964722 411.8569
2019:05:06 14:41:45 965532 803.2136
2019:05:06 14:41:45 966351 807.4231
2019:05:06 14:41:45 966758 399.7236
2019:05:06 14:41:45 967574 417.6646
2019:05:06 14:41:45 968555 570.0663
2019:05:06 14:41:45 985181 16620.1666
2019:05:06 14:41:45 985998 808.8388
2019:05:06 14:41:45 986975 569.2504
2019:05:06 14:41:45 987637 652.1940
2019:05:06 14:41:45 988866 819.8731
2019:05:06 14:41:45 989689 663.2507
2019:05:06 14:41:45 990517 427.8235
2019:05:06 14:41:45 991342 819.0721
2019:05:06 14:41:45 992160 811.3757
2019:05:06 14:41:45 992982 815.2239
2019:05:06 14:41:46 9362 16374.0665
2019:05:06 14:41:46 21659 362.9960
2019:05:06 14:41:46 22055 253.8636
2019:05:06 14:41:46 22870 418.0185
2019:05:06 14:41:46 23688 414.7813
2019:05:06 14:41:46 24498 651.9295
2019:05:06 14:41:46 25336 827.0815
2019:05:06 14:41:46 45026 19683.9832
2019:05:06 14:41:46 45813 426.6053
2019:05:06 14:41:46 46613 391.6584
2019:05:06 14:41:46 47452 822.2274
2019:05:06 14:41:46 47877 414.1591
2019:05:06 14:41:46 48669 375.8855
2019:05:06 14:41:46 57285 8590.3406
2019:05:06 14:41:46 69364 12072.1981
2019:05:06 14:41:46 113355 32268.4199
2019:05:06 14:41:46 113954 589.0727
2019:05:06 14:41:46 114624 659.2050
2019:05:06 14:41:46 115431 800.0359
2019:05:06 14:41:46 116003 561.3007
2019:05:06 14:41:46 116657 420.8535
2019:05:06 14:41:46 137360 20283.4681
2019:05:06 14:41:46 137970 603.2102
2019:05:06 14:41:46 138777 800.8033
2019:05:06 14:41:46 139600 813.6779
2019:05:06 14:41:46 140424 814.3634
2019:05:06 14:41:46 140831 401.1914
2019:05:06 14:41:46 177291 3927.4357
2019:05:06 14:41:46 177693 396.6913
2019:05:06 14:41:46 178524 820.3797
2019:05:06 14:41:46 179337 807.4455
2019:05:06 14:41:46 179749 401.3404
2019:05:06 14:41:46 180562 802.9863
2019:05:06 14:41:46 180980 408.3440
2019:05:06 14:41:46 181785 402.0855
2019:05:06 14:41:46 182596 804.9570
2019:05:06 14:41:46 183423 815.7529
2019:05:06 14:41:46 183830 397.2836
2019:05:06 14:41:46 184655 415.9808
2019:05:06 14:41:46 209354 24282.5374
2019:05:06 14:41:46 210055 692.4421
2019:05:06 14:41:46 210462 401.2026
2019:05:06 14:41:46 211275 806.2422
2019:05:06 14:41:46 212091 804.5360
2019:05:06 14:41:46 212509 407.0513
2019:05:06 14:41:46 237364 24451.7662
2019:05:06 14:41:46 249367 343.8927
2019:05:06 14:41:46 250184 804.4839
2019:05:06 14:41:46 250608 414.5242
2019:05:06 14:41:46 251164 162.7579
2019:05:06 14:41:46 251827 420.5890
2019:05:06 14:41:46 252658 428.6095
2019:05:06 14:41:46 253209 543.6167
2019:05:06 14:41:46 273170 3815.9601
2019:05:06 14:41:46 273937 760.6298
2019:05:06 14:41:46 274769 822.0002
2019:05:06 14:41:46 275585 809.1070
2019:05:06 14:41:46 275992 397.5853
2019:05:06 14:41:46 276812 419.2069
2019:05:06 14:41:46 277640 426.9294
2019:05:06 14:41:46 278037 390.1944
2019:05:06 14:41:46 278865 427.7341
2019:05:06 14:41:46 279686 409.2567
2019:05:06 14:41:46 280499 429.3956
2019:05:06 14:41:46 281316 415.4742
2019:05:06 14:41:46 282123 797.4617
2019:05:06 14:41:46 282963 816.6507
2019:05:06 14:41:46 283382 412.8516
2019:05:06 14:41:46 284180 399.4107
2019:05:06 14:41:46 285000 814.9073
2019:05:06 14:41:46 301362 16343.8916
2019:05:06 14:41:46 309587 388.3131
2019:05:06 14:41:46 310403 410.4227
2019:05:06 14:41:46 310812 248.7712
2019:05:06 14:41:46 312053 831.2427
2019:05:06 14:41:46 312848 789.2437
2019:05:06 14:41:46 313701 838.0599
2019:05:06 14:41:46 314487 779.2078
2019:05:06 14:41:46 314900 401.8880
2019:05:06 14:41:46 315731 431.4110
2019:05:06 14:41:46 316548 418.8232
2019:05:06 14:41:46 316968 259.4069
2019:05:06 14:41:46 333750 395.9462
2019:05:06 14:41:46 334566 399.8950
2019:05:06 14:41:46 335383 407.4499
2019:05:06 14:41:46 336196 807.2332
2019:05:06 14:41:46 337005 796.9178
2019:05:06 14:41:46 337438 408.2732
2019:05:06 14:41:46 338258 415.9845
2019:05:06 14:41:46 339084 433.0538
2019:05:06 14:41:46 339480 389.9299
2019:05:06 14:41:46 340302 410.4003
2019:05:06 14:41:46 341122 417.4262
2019:05:06 14:41:46 341935 407.7181
2019:05:06 14:41:46 342754 423.9045
2019:05:06 14:41:46 343555 398.1963
2019:05:06 14:41:46 344388 820.8044
2019:05:06 14:41:46 365371 20571.6193
2019:05:06 14:41:46 369383 351.6264
2019:05:06 14:41:46 370182 404.8534
2019:05:06 14:41:46 371028 827.3721
2019:05:06 14:41:46 371838 803.6420
2019:05:06 14:41:46 372250 257.2984
2019:05:06 14:41:46 373074 421.1627
2019:05:06 14:41:46 389047 5424.2052
2019:05:06 14:41:46 389861 806.1528
2019:05:06 14:41:46 390284 410.9703
2019:05:06 14:41:46 390686 259.3435
2019:05:06 14:41:46 391507 404.7081
2019:05:06 14:41:46 392334 430.0252
2019:05:06 14:41:46 392734 390.1869
2019:05:06 14:41:46 393553 394.7951
2019:05:06 14:41:46 394384 428.6803
2019:05:06 14:41:46 394783 390.9245
2019:05:06 14:41:46 398157 2956.6213
2019:05:06 14:41:46 398916 460.4310
2019:05:06 14:41:46 400362 974.0070
2019:05:06 14:41:46 401348 501.7929
2019:05:06 14:41:46 402312 956.9675
2019:05:06 14:41:46 403353 554.5393
2019:05:06 14:41:46 404267 885.7474
2019:05:06 14:41:46 417316 13041.3063
2019:05:06 14:41:46 418279 953.9798
2019:05:06 14:41:46 419334 569.3287
2019:05:06 14:41:46 420226 871.0362
2019:05:06 14:41:46 421191 957.0383
2019:05:06 14:41:46 422162 962.7342
2019:05:06 14:41:46 423170 479.8211
2019:05:06 14:41:46 424140 477.7238
2019:05:06 14:41:46 424688 420.8721
2019:05:06 14:41:46 441691 470.5898
2019:05:06 14:41:46 442684 501.6997
2019:05:06 14:41:46 443635 938.4155
2019:05:06 14:41:46 444139 471.3386
2019:05:06 14:41:46 445167 557.0650
2019:05:06 14:41:46 446077 902.1871
2019:05:06 14:41:46 447201 599.7904
2019:05:06 14:41:46 448071 465.4638
2019:05:06 14:41:46 449522 974.7483
2019:05:06 14:41:46 450066 406.8054
2019:05:06 14:41:46 450978 479.2102
2019:05:06 14:41:46 451958 495.5083
2019:05:06 14:41:46 452932 497.4753
2019:05:06 14:41:46 465634 381.9913
2019:05:06 14:41:46 466460 406.2988
2019:05:06 14:41:46 467271 804.6068
2019:05:06 14:41:46 468089 408.7351
2019:05:06 14:41:46 468501 251.8483
2019:05:06 14:41:46 469322 424.4894
2019:05:06 14:41:46 470138 412.8031
2019:05:06 14:41:46 470550 405.7735
2019:05:06 14:41:46 471371 427.4510
2019:05:06 14:41:46 472189 411.9277
2019:05:06 14:41:46 472599 253.3868
2019:05:06 14:41:46 501364 28359.1971
2019:05:06 14:41:46 533353 24276.2826
2019:05:06 14:41:46 537335 3974.1658
2019:05:06 14:41:46 538123 402.2233
2019:05:06 14:41:46 538956 819.0013
2019:05:06 14:41:46 539369 401.8545
2019:05:06 14:41:46 540171 399.0345
2019:05:06 14:41:46 541021 834.7370
2019:05:06 14:41:46 565362 24335.5036
2019:05:06 14:41:46 569661 419.3485
2019:05:06 14:41:46 570489 422.9136
2019:05:06 14:41:46 570877 381.3654
2019:05:06 14:41:46 571707 800.6580
2019:05:06 14:41:46 572133 410.3035
2019:05:06 14:41:46 572935 398.0510
2019:05:06 14:41:46 601361 28415.6092
2019:05:06 14:41:46 609394 337.4554
2019:05:06 14:41:46 609797 248.1975
2019:05:06 14:41:46 611021 819.0572
2019:05:06 14:41:46 611840 409.6888
2019:05:06 14:41:46 613070 821.1397
2019:05:06 14:41:46 633364 20284.2765
2019:05:06 14:41:46 633980 409.7112
2019:05:06 14:41:46 634386 266.6339
2019:05:06 14:41:46 635211 433.3556
2019:05:06 14:41:46 636021 418.8865
2019:05:06 14:41:46 636838 428.1513
2019:05:06 14:41:46 637657 402.4170
2019:05:06 14:41:46 638460 411.4769
2019:05:06 14:41:46 639290 817.8912
2019:05:06 14:41:46 640111 811.4502
2019:05:06 14:41:46 640527 257.9056
2019:05:06 14:41:46 641348 420.9056
2019:05:06 14:41:46 642161 402.3947
2019:05:06 14:41:46 642571 254.8322
2019:05:06 14:41:46 643390 413.7903
2019:05:06 14:41:46 644209 412.8031
2019:05:06 14:41:46 644620 255.8790
2019:05:06 14:41:46 669365 24340.1639
2019:05:06 14:41:46 705352 24224.2739
2019:05:06 14:41:46 705803 441.5400
2019:05:06 14:41:46 706460 416.5843
2019:05:06 14:41:46 707293 431.0943
2019:05:06 14:41:46 708083 782.7021
2019:05:06 14:41:46 708920 820.9161
2019:05:06 14:41:46 709740 415.4928
2019:05:06 14:41:46 710161 278.6070
2019:05:06 14:41:46 710980 416.8041
2019:05:06 14:41:46 711788 415.8691
2019:05:06 14:41:46 712202 403.0801
2019:05:06 14:41:46 713024 421.8258
2019:05:06 14:41:46 713855 438.8094
2019:05:06 14:41:46 714251 386.4206
2019:05:06 14:41:46 715480 813.7561
2019:05:06 14:41:46 715898 409.2865
2019:05:06 14:41:46 716714 420.4065
2019:05:06 14:41:46 741365 24252.1204
2019:05:06 14:41:46 777358 24213.6158
2019:05:06 14:41:46 777739 373.2592
2019:05:06 14:41:46 778964 817.5261
2019:05:06 14:41:46 779767 392.9175
2019:05:06 14:41:46 780602 819.1727
2019:05:06 14:41:46 781417 423.4612
2019:05:06 14:41:46 781831 251.7216
2019:05:06 14:41:46 783060 829.2980
2019:05:06 14:41:46 783472 402.3276
2019:05:06 14:41:46 784288 414.9638
2019:05:06 14:41:46 785117 408.5749
2019:05:06 14:41:46 785934 414.4721
2019:05:06 14:41:46 786768 824.0528
2019:05:06 14:41:46 787573 795.6140
2019:05:06 14:41:46 787978 393.0032
2019:05:06 14:41:46 788803 437.8632
2019:05:06 14:41:46 821160 7805.3176
2019:05:06 14:41:46 821966 800.0322
2019:05:06 14:41:46 822394 414.3715
2019:05:06 14:41:46 822796 265.6132
2019:05:06 14:41:46 823617 418.3576
2019:05:06 14:41:46 824423 416.5806
2019:05:06 14:41:46 824840 405.7959
2019:05:06 14:41:46 845725 365.7043
2019:05:06 14:41:46 846537 402.9348
2019:05:06 14:41:46 847343 398.1553
2019:05:06 14:41:46 848166 807.9968
2019:05:06 14:41:46 848591 415.3028
2019:05:06 14:41:46 861299 12305.6434
2019:05:06 14:41:46 885098 7745.1952
2019:05:06 14:41:46 885861 755.8912
2019:05:06 14:41:46 886272 398.7513
2019:05:06 14:41:46 887100 416.3161
2019:05:06 14:41:46 887912 400.7556
2019:05:06 14:41:46 888730 665.0165
2019:05:06 14:41:46 889553 388.3876
2019:05:06 14:41:46 890349 396.5273
2019:05:06 14:41:46 891180 814.7620
2019:05:06 14:41:46 891599 408.1577
2019:05:06 14:41:46 892166 165.5221
2019:05:06 14:41:46 893242 824.4067
2019:05:06 14:41:46 909362 16112.5809
2019:05:06 14:41:46 910044 413.0080
2019:05:06 14:41:46 910843 405.5388
2019:05:06 14:41:46 911668 813.9424
2019:05:06 14:41:46 912098 417.7317
2019:05:06 14:41:46 912656 168.9419
2019:05:06 14:41:46 913321 419.1361
2019:05:06 14:41:46 914129 404.8720
2019:05:06 14:41:46 914925 400.6587
2019:05:06 14:41:46 915756 810.6530
2019:05:06 14:41:46 916591 822.1120
2019:05:06 14:41:46 916996 397.5593
2019:05:06 14:41:46 917833 437.0138
2019:05:06 14:41:46 919029 807.3375
2019:05:06 14:41:46 919871 835.0164
2019:05:06 14:41:46 920673 796.0387
2019:05:06 14:41:46 924952 4123.5313
2019:05:06 14:41:46 941353 16392.7265
2019:05:06 14:41:46 941977 617.6494
2019:05:06 14:41:46 942401 412.0767
2019:05:06 14:41:46 943207 414.9638
2019:05:06 14:41:46 943610 392.6381
2019:05:06 14:41:46 944444 422.8354
2019:05:06 14:41:46 977352 32517.0793
2019:05:06 14:41:46 981313 3950.7784
2019:05:06 14:41:46 982122 407.9565
2019:05:06 14:41:46 982934 422.9434
2019:05:06 14:41:46 983754 400.3569
2019:05:06 14:41:46 984579 405.7176
2019:05:06 14:41:46 985393 807.6578
2019:05:06 14:41:46 986203 798.5421
2019:05:06 14:41:46 986622 406.4143
2019:05:06 14:41:46 987443 415.7908
2019:05:06 14:41:46 988256 402.9274
2019:05:06 14:41:46 988667 247.4822
2019:05:06 14:41:47 13365 24293.6052
2019:05:06 14:41:47 14076 394.7504
2019:05:06 14:41:47 14899 426.9034
2019:05:06 14:41:47 15302 395.1304
2019:05:06 14:41:47 16128 421.7960
2019:05:06 14:41:47 29266 12737.7361
2019:05:06 14:41:47 45361 16088.0238
2019:05:06 14:41:47 46003 392.0197
2019:05:06 14:41:47 46839 417.1953
2019:05:06 14:41:47 47660 402.0482
2019:05:06 14:41:47 48067 267.2784
2019:05:06 14:41:47 48888 420.8386
2019:05:06 14:41:47 65353 16065.0276
2019:05:06 14:41:47 77203 11842.2881
2019:05:06 14:41:47 77969 425.4021
2019:05:06 14:41:47 78527 167.4369
2019:05:06 14:41:47 79195 395.7339
2019:05:06 14:41:47 80006 413.0937
2019:05:06 14:41:47 80437 419.7396
2019:05:06 14:41:47 81241 399.9025
2019:05:06 14:41:47 82058 386.2754
2019:05:06 14:41:47 82884 420.8200
2019:05:06 14:41:47 83694 803.3440
2019:05:06 14:41:47 84109 401.3330
2019:05:06 14:41:47 84936 405.4569
2019:05:06 14:41:47 85748 805.1582
2019:05:06 14:41:47 86161 399.9099
2019:05:06 14:41:47 86983 406.9842
2019:05:06 14:41:47 87785 795.1818
2019:05:06 14:41:47 88208 411.1752
2019:05:06 14:41:47 93098 4470.0615
2019:05:06 14:41:47 93941 834.5991
2019:05:06 14:41:47 94746 419.9520
2019:05:06 14:41:47 95164 268.7387
2019:05:06 14:41:47 95991 428.7399
2019:05:06 14:41:47 96796 409.1151
2019:05:06 14:41:47 97222 267.5913
2019:05:06 14:41:47 98041 418.2309
2019:05:06 14:41:47 98871 441.9163
2019:05:06 14:41:47 99271 393.6291
2019:05:06 14:41:47 100095 414.7515
2019:05:06 14:41:47 100906 427.5404
2019:05:06 14:41:47 109911 8992.3069
2019:05:06 14:41:47 110716 415.5040
2019:05:06 14:41:47 111526 400.6587
2019:05:06 14:41:47 112343 806.4955
2019:05:06 14:41:47 125106 12751.9630
2019:05:06 14:41:47 141361 16248.2262
2019:05:06 14:41:47 149636 369.0980
2019:05:06 14:41:47 150434 396.2368
2019:05:06 14:41:47 151257 805.1917
2019:05:06 14:41:47 151686 414.1070
2019:05:06 14:41:47 152244 148.0281
2019:05:06 14:41:47 152908 418.6369
2019:05:06 14:41:47 153326 406.6378
2019:05:06 14:41:47 154140 422.2393
2019:05:06 14:41:47 154559 405.8816
2019:05:06 14:41:47 155377 412.4641
2019:05:06 14:41:47 156199 423.0179
2019:05:06 14:41:47 156605 397.2463
2019:05:06 14:41:47 173364 16375.8509
2019:05:06 14:41:47 174216 435.7286
2019:05:06 14:41:47 175017 377.7444
2019:05:06 14:41:47 175866 824.6675
2019:05:06 14:41:47 176271 395.9425
2019:05:06 14:41:47 185249 8560.6799
2019:05:06 14:41:47 186081 818.8374
2019:05:06 14:41:47 186504 411.1156
2019:05:06 14:41:47 187321 415.2283
2019:05:06 14:41:47 188137 810.4555
2019:05:06 14:41:47 188960 813.6630
2019:05:06 14:41:47 205354 16386.7809
2019:05:06 14:41:47 209075 3713.7568
2019:05:06 14:41:47 209822 405.2930
2019:05:06 14:41:47 210648 813.7636
2019:05:06 14:41:47 211617 566.3522
2019:05:06 14:41:47 212287 658.9442
2019:05:06 14:41:47 213519 823.3748
2019:05:06 14:41:47 213936 407.3344
2019:05:06 14:41:47 214743 800.7213
2019:05:06 14:41:47 215966 812.1170
2019:05:06 14:41:47 216792 814.8625
2019:05:06 14:41:47 218044 837.0392
2019:05:06 14:41:47 218861 810.8951
2019:05:06 14:41:47 219269 403.1509
2019:05:06 14:41:47 220088 407.5952
2019:05:06 14:41:47 220905 810.8802
2019:05:06 14:41:47 233372 12455.9663
2019:05:06 14:41:47 234029 405.7921
2019:05:06 14:41:47 234428 263.2737
2019:05:06 14:41:47 235249 414.5019
2019:05:06 14:41:47 236069 420.9504
2019:05:06 14:41:47 236476 398.3602
2019:05:06 14:41:47 237288 425.9534
2019:05:06 14:41:47 241783 421.9003
2019:05:06 14:41:47 242585 401.0201
2019:05:06 14:41:47 243415 815.3319
2019:05:06 14:41:47 244402 578.3439
2019:05:06 14:41:47 257357 12948.3454
2019:05:06 14:41:47 258183 815.6784
2019:05:06 14:41:47 258609 414.4646
2019:05:06 14:41:47 259417 412.0916
2019:05:06 14:41:47 260224 395.3427
2019:05:06 14:41:47 260649 406.9731
2019:05:06 14:41:47 265360 4328.9810
2019:05:06 14:41:47 265952 582.9595
2019:05:06 14:41:47 266373 410.4003
2019:05:06 14:41:47 267199 411.6111
2019:05:06 14:41:47 268020 813.2122
2019:05:06 14:41:47 268823 796.7204
2019:05:06 14:41:47 281149 12314.7108
2019:05:06 14:41:47 297364 16112.2940
2019:05:06 14:41:47 305687 398.3229
2019:05:06 14:41:47 306102 272.4044
2019:05:06 14:41:47 306928 427.4733
2019:05:06 14:41:47 308139 807.1624
2019:05:06 14:41:47 308978 831.8536
2019:05:06 14:41:47 309391 406.5633
2019:05:06 14:41:47 310185 405.7251
2019:05:06 14:41:47 311010 819.9476
2019:05:06 14:41:47 311830 813.2420
2019:05:06 14:41:47 312230 394.9292
2019:05:06 14:41:47 313059 408.7612
2019:05:06 14:41:47 329830 476.1331
2019:05:06 14:41:47 330666 808.7158
2019:05:06 14:41:47 331491 814.5049
2019:05:06 14:41:47 331914 411.8010
2019:05:06 14:41:47 332711 407.1966
2019:05:06 14:41:47 333556 838.1195
2019:05:06 14:41:47 334361 797.3760
2019:05:06 14:41:47 334776 409.4057
2019:05:06 14:41:47 335978 802.6622
2019:05:06 14:41:47 336808 807.1586
2019:05:06 14:41:47 337629 815.0227
2019:05:06 14:41:47 338056 416.2081
2019:05:06 14:41:47 338865 396.4901
2019:05:06 14:41:47 339697 825.5653
2019:05:06 14:41:47 340514 811.0888
2019:05:06 14:41:47 340916 394.4933
2019:05:06 14:41:47 361803 443.9652
2019:05:06 14:41:47 362628 428.3264
2019:05:06 14:41:47 363449 815.8833
2019:05:06 14:41:47 364272 816.2893
2019:05:06 14:41:47 364681 403.6054
2019:05:06 14:41:47 393354 28265.3384
2019:05:06 14:41:47 401171 7809.3410
2019:05:06 14:41:47 401936 409.2008
2019:05:06 14:41:47 402339 248.9053
2019:05:06 14:41:47 403565 813.6928
2019:05:06 14:41:47 404399 410.4525
2019:05:06 14:41:47 405233 828.2289
2019:05:06 14:41:47 406033 793.2000
2019:05:06 14:41:47 406440 399.6827
2019:05:06 14:41:47 407260 422.9508
2019:05:06 14:41:47 408078 421.2894
2019:05:06 14:41:47 408491 264.1343
2019:05:06 14:41:47 409293 415.5263
2019:05:06 14:41:47 425362 16054.3621
2019:05:06 14:41:47 431003 374.4066
2019:05:06 14:41:47 431838 824.4701
2019:05:06 14:41:47 432637 788.8526
2019:05:06 14:41:47 433072 424.5788
2019:05:06 14:41:47 433869 790.6295
2019:05:06 14:41:47 434705 824.1907
2019:05:06 14:41:47 435115 402.0557
2019:05:06 14:41:47 435931 420.8349
2019:05:06 14:41:47 436739 405.5239
2019:05:06 14:41:47 457653 295.4192
2019:05:06 14:41:47 458459 420.0041
2019:05:06 14:41:47 459280 421.0025
2019:05:06 14:41:47 460090 403.2068
2019:05:06 14:41:47 460911 416.0218
2019:05:06 14:41:47 462166 1248.2964
2019:05:06 14:41:47 462962 401.3032
2019:05:06 14:41:47 463781 421.1664
2019:05:06 14:41:47 464602 814.1175
2019:05:06 14:41:47 465417 808.5445
2019:05:06 14:41:47 465818 395.5662
2019:05:06 14:41:47 466646 424.3255
2019:05:06 14:41:47 467463 418.4172
2019:05:06 14:41:47 467872 257.7864
2019:05:06 14:41:47 468691 417.1021
2019:05:06 14:41:47 469513 419.5198
2019:05:06 14:41:47 505991 8623.3430
2019:05:06 14:41:47 506780 780.9587
2019:05:06 14:41:47 507623 833.6753
2019:05:06 14:41:47 508034 401.5379
2019:05:06 14:41:47 508829 401.1057
2019:05:06 14:41:47 529372 20536.1806
2019:05:06 14:41:47 530146 409.0779
2019:05:06 14:41:47 530966 416.8153
2019:05:06 14:41:47 531368 261.2770
2019:05:06 14:41:47 532187 409.7410
2019:05:06 14:41:47 533008 413.2949
2019:05:06 14:41:47 561354 16060.7286
2019:05:06 14:41:47 569086 7724.3634
2019:05:06 14:41:47 569870 422.4777
2019:05:06 14:41:47 570269 263.2067
2019:05:06 14:41:47 570696 416.7669
2019:05:06 14:41:47 571499 404.4063
2019:05:06 14:41:47 571918 403.6948
2019:05:06 14:41:47 572327 262.8565
2019:05:06 14:41:47 573156 431.1800
2019:05:06 14:41:47 573947 402.2606
2019:05:06 14:41:47 574115 156.3095
2019:05:06 14:41:47 574783 424.1094
2019:05:06 14:41:47 575601 417.7243
2019:05:06 14:41:47 576168 179.0151
2019:05:06 14:41:47 576813 410.2476
2019:05:06 14:41:47 577238 407.4052
2019:05:06 14:41:47 593631 274.8258
2019:05:06 14:41:47 594436 408.2918
2019:05:06 14:41:47 594835 385.6309
2019:05:06 14:41:47 595654 792.4475
2019:05:06 14:41:47 596084 408.0199
2019:05:06 14:41:47 596639 157.0359
2019:05:06 14:41:47 597303 417.7652
2019:05:06 14:41:47 598118 414.7328
2019:05:06 14:41:47 598544 412.5163
2019:05:06 14:41:47 599348 415.0271
2019:05:06 14:41:47 600159 409.6143
2019:05:06 14:41:47 600593 411.3503
2019:05:06 14:41:47 653356 52377.0154
2019:05:06 14:41:47 653848 483.4794
2019:05:06 14:41:47 654260 283.6175
2019:05:06 14:41:47 655048 402.6517
2019:05:06 14:41:47 655486 412.5163
2019:05:06 14:41:47 656264 388.3727
2019:05:06 14:41:47 657084 804.7596
2019:05:06 14:41:47 700950 15590.2393
2019:05:06 14:41:47 701335 372.5663
2019:05:06 14:41:47 717709 355.5641
2019:05:06 14:41:47 718525 794.9509
2019:05:06 14:41:47 718958 422.4405
2019:05:06 14:41:47 719500 159.4424
2019:05:06 14:41:47 720163 408.1652
2019:05:06 14:41:47 720979 410.1656
2019:05:06 14:41:47 721412 413.7531
2019:05:06 14:41:47 721812 248.8308
2019:05:06 14:41:47 722236 413.3731
2019:05:06 14:41:47 723040 408.5749
2019:05:06 14:41:47 723469 419.8365
2019:05:06 14:41:47 723869 264.5813
2019:05:06 14:41:47 724695 430.0699
2019:05:06 14:41:47 741368 16289.2640
2019:05:06 14:41:47 741881 504.1510
2019:05:06 14:41:47 742287 260.4648
2019:05:06 14:41:47 743106 410.2848
2019:05:06 14:41:47 761148 3792.4945
2019:05:06 14:41:47 761941 784.0395
2019:05:06 14:41:47 762367 413.4811
2019:05:06 14:41:47 762774 264.5738
2019:05:06 14:41:47 763592 423.2749
2019:05:06 14:41:47 764393 408.8767
2019:05:06 14:41:47 764567 159.8857
2019:05:06 14:41:47 765225 412.8814
2019:05:06 14:41:47 765649 411.5216
2019:05:06 14:41:47 766448 406.0529
2019:05:06 14:41:47 766862 401.4559
2019:05:06 14:41:47 767678 803.5339
2019:05:06 14:41:47 768107 412.6355
2019:05:06 14:41:47 768904 406.1311
2019:05:06 14:41:47 789369 20451.5457
2019:05:06 14:41:47 790216 423.8635
2019:05:06 14:41:47 791018 407.4983
2019:05:06 14:41:47 791437 402.8119
2019:05:06 14:41:47 792259 806.0262
2019:05:06 14:41:47 792686 409.9309
2019:05:06 14:41:47 829128 36049.5336
2019:05:06 14:41:47 829934 792.7269
2019:05:06 14:41:47 830339 394.1469
2019:05:06 14:41:47 831155 785.2241
2019:05:06 14:41:47 831585 412.3710
2019:05:06 14:41:47 832134 159.6175
2019:05:06 14:41:47 832816 423.3457
2019:05:06 14:41:47 889369 32015.5323
2019:05:06 14:41:47 889745 367.6340
2019:05:06 14:41:47 890568 430.7330
2019:05:06 14:41:47 891363 408.6792
2019:05:06 14:41:47 891776 397.3581
2019:05:06 14:41:47 892596 809.6881
2019:05:06 14:41:47 893019 407.4983
2019:05:06 14:41:47 925778 417.7503
2019:05:06 14:41:47 926337 159.5616
2019:05:06 14:41:47 926612 256.8997
2019:05:06 14:41:47 927429 414.5019
2019:05:06 14:41:47 928234 409.5994
2019:05:06 14:41:47 928645 397.0191
2019:05:06 14:41:47 933161 4500.7020
2019:05:06 14:41:47 933962 786.2784
2019:05:06 14:41:47 934387 413.7754
2019:05:06 14:41:47 934800 267.2747
2019:05:06 14:41:47 935620 427.0971
2019:05:06 14:41:47 936419 410.9517
2019:05:06 14:41:47 936828 393.5620
2019:05:06 14:41:47 953354 16510.5611
2019:05:06 14:41:47 954045 681.5344
2019:05:06 14:41:47 954464 400.9493
2019:05:06 14:41:47 955256 402.9535
2019:05:06 14:41:47 956077 800.5835
2019:05:06 14:41:47 956510 409.2678
2019:05:06 14:41:47 957305 407.4350
2019:05:06 14:41:47 958125 801.4813
2019:05:06 14:41:47 958552 403.1137
2019:05:06 14:41:47 959103 158.2131
2019:05:06 14:41:47 959781 417.7541
2019:05:06 14:41:47 960594 412.9186
2019:05:06 14:41:47 961017 408.1540
2019:05:06 14:41:47 961425 264.9389
2019:05:06 14:41:47 962235 419.6726
2019:05:06 14:41:47 963040 408.6755
2019:05:06 14:41:47 963214 158.7868
2019:05:06 14:41:47 963888 424.3366
2019:05:06 14:41:47 964686 409.6963
2019:05:06 14:41:47 992178 27473.9377
2019:05:06 14:41:47 992955 768.6727
2019:05:06 14:41:47 993386 416.3347
2019:05:06 14:41:47 994175 391.6062
2019:05:06 14:41:47 994993 805.4264
2019:05:06 14:41:47 995424 406.2206
2019:05:06 14:41:47 995973 159.7293
2019:05:06 14:41:47 996650 418.2756
2019:05:06 14:41:47 997459 411.4024
2019:05:06 14:41:47 997886 413.3470
2019:05:06 14:41:47 998286 260.5468
2019:05:06 14:41:47 999109 423.2004
2019:05:06 14:41:47 999911 413.3992
2019:05:06 14:41:48 324 394.3071
2019:05:06 14:41:48 29355 29011.6183
2019:05:06 14:41:48 49079 19714.3331
2019:05:06 14:41:48 49495 259.7570
2019:05:06 14:41:48 50291 406.7272
2019:05:06 14:41:48 50711 409.0294
2019:05:06 14:41:48 51265 160.6420
2019:05:06 14:41:48 51931 414.3752
2019:05:06 14:41:48 52742 407.5989
2019:05:06 14:41:48 53165 411.6446
2019:05:06 14:41:48 53585 273.3842
2019:05:06 14:41:48 54398 427.4286
2019:05:06 14:41:48 55196 408.9139
2019:05:06 14:41:48 55374 162.6797
2019:05:06 14:41:48 56042 424.7464
2019:05:06 14:41:48 56839 409.7186
2019:05:06 14:41:48 57265 412.8665
2019:05:06 14:41:48 57688 283.8485
2019:05:06 14:41:48 58495 421.4719
2019:05:06 14:41:48 59297 410.0986
2019:05:06 14:41:48 59706 393.4950
2019:05:06 14:41:48 60525 800.1849
2019:05:06 14:41:48 60953 410.4972
2019:05:06 14:41:48 73634 410.1694
2019:05:06 14:41:48 74047 258.4979
2019:05:06 14:41:48 74875 424.6421
2019:05:06 14:41:48 75676 409.5770
2019:05:06 14:41:48 76085 392.1427
2019:05:06 14:41:48 76904 799.4957
2019:05:06 14:41:48 77334 409.8341
2019:05:06 14:41:48 77882 151.2468
2019:05:06 14:41:48 78552 658.2066
2019:05:06 14:41:48 78981 417.8211
2019:05:06 14:41:48 79783 416.2118
2019:05:06 14:41:48 80181 385.2360
2019:05:06 14:41:48 81008 810.9920
2019:05:06 14:41:48 81433 409.4765
2019:05:06 14:41:48 81996 163.3018
2019:05:06 14:41:48 82651 642.0352
2019:05:06 14:41:48 83466 802.8969
2019:05:06 14:41:48 83888 409.6702
2019:05:06 14:41:48 84285 249.0133
2019:05:06 14:41:48 84707 411.1268
2019:05:06 14:41:48 97024 11919.3494
2019:05:06 14:41:48 97801 764.7499
2019:05:06 14:41:48 98610 797.6219
2019:05:06 14:41:48 99431 810.0793
2019:05:06 14:41:48 99852 410.1507
2019:05:06 14:41:48 100409 159.4201
2019:05:06 14:41:48 100675 255.6816
2019:05:06 14:41:48 101489 413.6339
2019:05:06 14:41:48 102299 411.0523
2019:05:06 14:41:48 102714 396.1921
2019:05:06 14:41:48 103531 802.8001
2019:05:06 14:41:48 103954 413.5706
2019:05:06 14:41:48 104755 405.0881
2019:05:06 14:41:48 105581 816.0919
2019:05:06 14:41:48 106003 411.5589
2019:05:06 14:41:48 106803 404.3281
2019:05:06 14:41:48 107626 813.0781
2019:05:06 14:41:48 108050 413.9245
2019:05:06 14:41:48 108851 406.0157
2019:05:06 14:41:48 121152 12289.6060
2019:05:06 14:41:48 121977 422.3883
2019:05:06 14:41:48 122778 410.6276
2019:05:06 14:41:48 123186 395.8382
2019:05:06 14:41:48 124006 807.8292
2019:05:06 14:41:48 124427 408.8022
2019:05:06 14:41:48 125233 406.8874
2019:05:06 14:41:48 126054 809.9303
2019:05:06 14:41:48 126483 414.9191
2019:05:06 14:41:48 127035 159.1519
2019:05:06 14:41:48 127710 421.1813
2019:05:06 14:41:48 128520 410.2699
2019:05:06 14:41:48 128943 406.3323
2019:05:06 14:41:48 129530 444.8034
2019:05:06 14:41:48 130172 414.8372
2019:05:06 14:41:48 130977 409.3684
2019:05:06 14:41:48 131392 399.0605
2019:05:06 14:41:48 132209 805.7654
2019:05:06 14:41:48 132635 408.0273
2019:05:06 14:41:48 145310 12282.6882
2019:05:06 14:41:48 145716 394.1767
2019:05:06 14:41:48 146149 416.1932
2019:05:06 14:41:48 146950 402.7002
2019:05:06 14:41:48 147377 409.7372
2019:05:06 14:41:48 147783 260.3605
2019:05:06 14:41:48 148602 420.8349
2019:05:06 14:41:48 153363 4367.4037
2019:05:06 14:41:48 153905 534.1358
2019:05:06 14:41:48 154724 807.5237
2019:05:06 14:41:48 155543 806.1938
2019:05:06 14:41:48 155955 398.3080
2019:05:06 14:41:48 156378 410.3668
2019:05:06 14:41:48 169361 12589.0113
2019:05:06 14:41:48 169899 529.7698
2019:05:06 14:41:48 170310 391.3566
2019:05:06 14:41:48 171133 429.9432
2019:05:06 14:41:48 171929 407.2189
2019:05:06 14:41:48 172341 392.2172
2019:05:06 14:41:48 173168 806.9985
2019:05:06 14:41:48 177367 4179.9732
2019:05:06 14:41:48 178103 404.6038
2019:05:06 14:41:48 178901 417.0425
2019:05:06 14:41:48 179713 408.8283
2019:05:06 14:41:48 180139 409.2529
2019:05:06 14:41:48 180551 268.6232
2019:05:06 14:41:48 193370 12416.1839
2019:05:06 14:41:48 194094 405.6618
2019:05:06 14:41:48 194870 395.1006
2019:05:06 14:41:48 195693 805.5791
2019:05:06 14:41:48 196130 412.6392
2019:05:06 14:41:48 196679 166.8409
2019:05:06 14:41:48 213348 16426.7123
2019:05:06 14:41:48 217037 3673.3933
2019:05:06 14:41:48 217811 407.0289
2019:05:06 14:41:48 218624 409.5174
2019:05:06 14:41:48 219056 414.3119
2019:05:06 14:41:48 219466 262.6479
2019:05:06 14:41:48 220277 423.6847
2019:05:06 14:41:48 221085 409.8341
2019:05:06 14:41:48 221490 386.9794
2019:05:06 14:41:48 222309 799.9688
2019:05:06 14:41:48 222743 420.4661
2019:05:06 14:41:48 223290 159.0177
2019:05:06 14:41:48 223993 678.2152
2019:05:06 14:41:48 224789 786.9378
2019:05:06 14:41:48 225231 423.8747
2019:05:06 14:41:48 226020 425.7374
2019:05:06 14:41:48 226823 410.0949
2019:05:06 14:41:48 227263 413.3917
2019:05:06 14:41:48 227661 272.3336
2019:05:06 14:41:48 228489 431.7313
2019:05:06 14:41:48 241361 12492.5263
2019:05:06 14:41:48 241726 356.7971
2019:05:06 14:41:48 242394 420.2910
2019:05:06 14:41:48 243202 406.5149
2019:05:06 14:41:48 243624 409.0667
2019:05:06 14:41:48 244034 266.9059
2019:05:06 14:41:48 244845 418.8903
2019:05:06 14:41:48 249360 4115.9689
2019:05:06 14:41:48 249917 550.0540
2019:05:06 14:41:48 250577 416.1149
2019:05:06 14:41:48 251386 405.9970
2019:05:06 14:41:48 251819 406.9582
2019:05:06 14:41:48 252228 265.8144
2019:05:06 14:41:48 265362 12736.6558
2019:05:06 14:41:48 266149 780.2732
2019:05:06 14:41:48 266548 387.7915
2019:05:06 14:41:48 267363 794.9956
2019:05:06 14:41:48 267796 416.1075
2019:05:06 14:41:48 268353 168.5508
2019:05:06 14:41:48 269011 423.0849
2019:05:06 14:41:48 273915 543.3038
2019:05:06 14:41:48 274483 540.4502
2019:05:06 14:41:48 275150 645.3209
2019:05:06 14:41:48 275964 412.1400
2019:05:06 14:41:48 276535 163.4248
2019:05:06 14:41:48 289360 12576.7626
2019:05:06 14:41:48 289909 541.1431
2019:05:06 14:41:48 290329 407.2525
2019:05:06 14:41:48 290877 156.2685
2019:05:06 14:41:48 291143 254.9477
2019:05:06 14:41:48 291954 408.3328
2019:05:06 14:41:48 292373 407.9379
2019:05:06 14:41:48 292932 167.3177
2019:05:06 14:41:48 293189 247.4971
2019:05:06 14:41:48 293993 406.6490
2019:05:06 14:41:48 294415 410.5195
2019:05:06 14:41:48 294975 158.6638
2019:05:06 14:41:48 295632 645.2166
2019:05:06 14:41:48 296062 419.8551
2019:05:06 14:41:48 296861 406.2802
2019:05:06 14:41:48 297260 388.7191
2019:05:06 14:41:48 298079 799.9167
2019:05:06 14:41:48 298516 414.9675
2019:05:06 14:41:48 299057 158.1386
2019:05:06 14:41:48 299729 417.7094
2019:05:06 14:41:48 300540 407.8597
2019:05:06 14:41:48 325360 24795.1895
2019:05:06 14:41:48 331842 6471.9468
2019:05:06 14:41:48 337043 4964.6646
2019:05:06 14:41:48 365703 339.9253
2019:05:06 14:41:48 366493 406.9619
2019:05:06 14:41:48 366898 390.1497
2019:05:06 14:41:48 367721 801.4031
2019:05:06 14:41:48 373062 5328.3460
2019:05:06 14:41:48 373872 797.4841
2019:05:06 14:41:48 374686 421.8258
2019:05:06 14:41:48 375106 265.3152
2019:05:06 14:41:48 375929 427.6559
2019:05:06 14:41:48 376730 794.0233
2019:05:06 14:41:48 377568 824.1981
2019:05:06 14:41:48 378406 830.8366
2019:05:06 14:41:48 378942 527.6948
2019:05:06 14:41:48 379634 678.8149
2019:05:06 14:41:48 380424 783.2646
2019:05:06 14:41:48 380861 412.7547
2019:05:06 14:41:48 397356 16128.3202
2019:05:06 14:41:48 398040 675.0226
2019:05:06 14:41:48 398853 419.9632
2019:05:06 14:41:48 399412 167.6455
2019:05:06 14:41:48 399678 253.2639
2019:05:06 14:41:48 400487 410.4376
2019:05:06 14:41:48 401299 408.6941
2019:05:06 14:41:48 401476 167.0942
2019:05:06 14:41:48 402124 413.0751
2019:05:06 14:41:48 402554 411.0411
2019:05:06 14:41:48 403361 412.1512
2019:05:06 14:41:48 403758 383.1834
2019:05:06 14:41:48 404577 796.0238
2019:05:06 14:41:48 405015 417.9105
2019:05:06 14:41:48 405798 393.8563
2019:05:06 14:41:48 406617 807.7659
2019:05:06 14:41:48 407437 792.1979
2019:05:06 14:41:48 407853 399.5523
2019:05:06 14:41:48 408673 803.1875
2019:05:06 14:41:48 425364 16676.4669
2019:05:06 14:41:48 425901 529.0508
2019:05:06 14:41:48 426313 277.1877
2019:05:06 14:41:48 427140 421.6842
2019:05:06 14:41:48 427931 407.8522
2019:05:06 14:41:48 428333 386.4393
2019:05:06 14:41:48 429167 815.7417
2019:05:06 14:41:48 437369 8184.7273
2019:05:06 14:41:48 461913 544.3171
2019:05:06 14:41:48 462732 808.0825
2019:05:06 14:41:48 463144 384.7368
2019:05:06 14:41:48 463965 799.0897
2019:05:06 14:41:48 464393 411.5067
2019:05:06 14:41:48 464948 166.5503
2019:05:06 14:41:48 469361 4401.5869
2019:05:06 14:41:48 481188 11817.2094
2019:05:06 14:41:48 481590 260.3233
2019:05:06 14:41:48 482392 409.8266
2019:05:06 14:41:48 482826 423.1669
2019:05:06 14:41:48 483376 165.6264
2019:05:06 14:41:48 484045 657.4430
2019:05:06 14:41:48 484457 402.3612
2019:05:06 14:41:48 485266 408.8953
2019:05:06 14:41:48 501365 16088.4075
2019:05:06 14:41:48 505339 389.6691
2019:05:06 14:41:48 505896 148.7359
2019:05:06 14:41:48 506567 656.2360
2019:05:06 14:41:48 506995 417.6497
2019:05:06 14:41:48 507795 409.3647
2019:05:06 14:41:48 508204 260.4648
2019:05:06 14:41:48 509013 409.9309
2019:05:06 14:41:48 509436 409.7670
2019:05:06 14:41:48 509991 153.1690
2019:05:06 14:41:48 510663 418.2719
2019:05:06 14:41:48 511477 415.6344
2019:05:06 14:41:48 511902 413.1421
2019:05:06 14:41:48 512312 260.4909
2019:05:06 14:41:48 513131 426.8065
2019:05:06 14:41:48 513936 416.8637
2019:05:06 14:41:48 514341 391.6584
2019:05:06 14:41:48 515162 797.4841
2019:05:06 14:41:48 515593 414.2933
2019:05:06 14:41:48 516391 404.1865
2019:05:06 14:41:48 545356 28953.9956
2019:05:06 14:41:48 545889 521.8871
2019:05:06 14:41:48 546315 411.2720
2019:05:06 14:41:48 547106 399.0605
2019:05:06 14:41:48 547929 805.4189
2019:05:06 14:41:48 548362 415.1613
2019:05:06 14:41:48 548920 172.2947
2019:05:06 14:41:48 549598 439.9866
2019:05:06 14:41:48 550395 411.2460
2019:05:06 14:41:48 550829 424.2361
2019:05:06 14:41:48 551223 262.1114
2019:05:06 14:41:48 552054 434.4955
2019:05:06 14:41:48 552844 412.2332
2019:05:06 14:41:48 553253 388.3280
2019:05:06 14:41:48 554079 808.6041
2019:05:06 14:41:48 554502 411.4062
2019:05:06 14:41:48 555056 159.3158
2019:05:06 14:41:48 555722 418.7934
2019:05:06 14:41:48 556525 406.0790
2019:05:06 14:41:48 556965 415.7498
2019:05:06 14:41:48 573363 16267.2549
2019:05:06 14:41:48 574152 418.0111
2019:05:06 14:41:48 574969 411.3764
2019:05:06 14:41:48 575397 413.0863
2019:05:06 14:41:48 575797 258.2707
2019:05:06 14:41:48 576625 418.9834
2019:05:06 14:41:48 577428 417.2735
2019:05:06 14:41:48 577833 390.9282
2019:05:06 14:41:48 578653 799.4808
2019:05:06 14:41:48 579083 409.8676
2019:05:06 14:41:48 579870 387.7841
2019:05:06 14:41:48 580689 805.1880
2019:05:06 14:41:48 581128 419.3112
2019:05:06 14:41:48 581668 157.5500
2019:05:06 14:41:48 582342 418.7077
2019:05:06 14:41:48 583156 407.1631
2019:05:06 14:41:48 583579 409.2045
2019:05:06 14:41:48 583978 261.9214
2019:05:06 14:41:48 584801 420.5219
2019:05:06 14:41:48 585611 412.3338
2019:05:06 14:41:48 586028 399.6268
2019:05:06 14:41:48 586847 802.6510
2019:05:06 14:41:48 587272 409.2082
2019:05:06 14:41:48 588065 398.8519
2019:05:06 14:41:48 588887 803.6457
2019:05:06 14:41:48 589320 415.1165
2019:05:06 14:41:48 605707 345.0811
2019:05:06 14:41:48 606253 159.9938
2019:05:06 14:41:48 606922 418.7785
2019:05:06 14:41:48 607730 407.7703
2019:05:06 14:41:48 608164 411.3577
2019:05:06 14:41:48 608574 278.4990
2019:05:06 14:41:48 609395 426.9369
2019:05:06 14:41:48 610188 409.6553
2019:05:06 14:41:48 610607 398.0026
2019:05:06 14:41:48 611433 804.2566
2019:05:06 14:41:48 611853 399.0829
2019:05:06 14:41:48 612641 393.7744
2019:05:06 14:41:48 613458 799.0971
2019:05:06 14:41:48 613892 417.7913
2019:05:06 14:41:48 614436 159.7293
2019:05:06 14:41:48 615107 413.6786
2019:05:06 14:41:48 615920 410.3556
2019:05:06 14:41:48 616350 412.8702
2019:05:06 14:41:48 616761 273.0787
2019:05:06 14:41:48 617590 406.8054
2019:05:06 14:41:48 618382 409.5547
2019:05:06 14:41:48 618797 398.8147
2019:05:06 14:41:48 619611 800.5947
2019:05:06 14:41:48 620036 406.8911
2019:05:06 14:41:48 620586 159.3195
2019:05:06 14:41:48 621268 424.3702
2019:05:06 14:41:48 626655 1751.2068
2019:05:06 14:41:48 627136 470.4595
2019:05:06 14:41:48 628255 820.4915
2019:05:06 14:41:48 629063 328.4998
2019:05:06 14:41:48 630860 379.7039
2019:05:06 14:41:48 631592 723.5929
2019:05:06 14:41:48 632771 815.8609
2019:05:06 14:41:48 633584 652.5405
2019:05:06 14:41:48 634836 825.9267
2019:05:06 14:41:48 635636 690.6204
2019:05:06 14:41:48 637023 870.2353
2019:05:06 14:41:48 637681 648.9977
2019:05:06 14:41:48 638949 811.4241
2019:05:06 14:41:48 639758 716.1610
2019:05:06 14:41:48 641091 846.2332
2019:05:06 14:41:48 642480 1380.4883
2019:05:06 14:41:48 643129 542.1042
2019:05:06 14:41:48 644347 943.1578
2019:05:06 14:41:48 645494 822.5366
2019:05:06 14:41:48 646302 800.7027
2019:05:06 14:41:48 647518 712.9721
2019:05:06 14:41:48 648478 952.0613
2019:05:06 14:41:48 649614 814.6577
2019:05:06 14:41:48 650408 786.3119
2019:05:06 14:41:48 651701 806.5626
2019:05:06 14:41:48 652508 799.6932
2019:05:06 14:41:48 654861 219.4755
2019:05:06 14:41:48 655657 399.9732
2019:05:06 14:41:48 656478 802.5840
2019:05:06 14:41:48 656925 426.1769
2019:05:06 14:41:48 657716 414.7179
2019:05:06 14:41:48 658529 794.6603
2019:05:06 14:41:48 658960 404.9391
2019:05:06 14:41:48 659752 403.9370
2019:05:06 14:41:48 660577 801.5707
2019:05:06 14:41:48 661010 406.0864
2019:05:06 14:41:48 661801 401.1281
2019:05:06 14:41:48 662623 798.7395
2019:05:06 14:41:48 663063 416.4837
2019:05:06 14:41:48 663851 409.1337
2019:05:06 14:41:48 664672 799.9018
2019:05:06 14:41:48 665104 406.5894
2019:05:06 14:41:48 665899 400.9791
2019:05:06 14:41:48 666711 784.1587
2019:05:06 14:41:48 667155 418.4581
2019:05:06 14:41:48 668341 552.9039
2019:05:06 14:41:48 669163 778.9284
2019:05:06 14:41:48 669601 420.6672
2019:05:06 14:41:48 670021 291.6381
2019:05:06 14:41:48 670843 415.9659
2019:05:06 14:41:48 671638 406.8762
2019:05:06 14:41:48 672072 409.9607
2019:05:06 14:41:48 672889 428.4382
2019:05:06 14:41:48 673681 411.2273
2019:05:06 14:41:48 674109 404.0785
2019:05:06 14:41:48 674929 418.9238
2019:05:06 14:41:48 675727 410.6127
2019:05:06 14:41:48 676155 403.8475
2019:05:06 14:41:48 676993 434.8233
2019:05:06 14:41:48 677772 401.6906
2019:05:06 14:41:48 678180 383.0940
2019:05:06 14:41:48 679004 809.5875
2019:05:06 14:41:48 679440 415.3810
2019:05:06 14:41:48 679985 156.1940
2019:05:06 14:41:48 680656 424.9141
2019:05:06 14:41:48 681467 415.1016
2019:05:06 14:41:48 681892 409.3684
2019:05:06 14:41:48 682293 264.5776
2019:05:06 14:41:48 683121 418.1042
2019:05:06 14:41:48 683919 409.8862
2019:05:06 14:41:48 684328 376.2133
2019:05:06 14:41:48 685143 787.2544
2019:05:06 14:41:48 685578 417.1357
2019:05:06 14:41:48 686120 146.9739
2019:05:06 14:41:48 686790 418.7338
2019:05:06 14:41:48 687605 414.8297
2019:05:06 14:41:48 688034 408.3738
2019:05:06 14:41:48 688444 273.8237
2019:05:06 14:41:48 689266 421.4793
2019:05:06 14:41:48 690059 404.5144
2019:05:06 14:41:48 690476 396.4007
2019:05:06 14:41:48 691297 797.9833
2019:05:06 14:41:48 691723 409.6366
2019:05:06 14:41:48 692509 394.3332
2019:05:06 14:41:48 693330 804.7707
2019:05:06 14:41:48 693767 415.7349
2019:05:06 14:41:48 694305 159.9826
2019:05:06 14:41:48 694995 423.1483
2019:05:06 14:41:48 695803 410.0651
2019:05:06 14:41:48 696233 415.2507
2019:05:06 14:41:48 696639 270.9739
2019:05:06 14:41:48 697459 408.8171
2019:05:06 14:41:48 698255 409.8788
2019:05:06 14:41:48 698672 396.3336
2019:05:06 14:41:48 699490 425.4319
2019:05:06 14:41:48 700298 405.1886
2019:05:06 14:41:48 700708 395.7786
2019:05:06 14:41:48 701533 787.9697
2019:05:06 14:41:48 701962 409.2678
2019:05:06 14:41:48 702749 395.1453
2019:05:06 14:41:48 703564 795.0254
2019:05:06 14:41:48 703996 410.6052
2019:05:06 14:41:48 704543 159.3828
2019:05:06 14:41:48 705221 419.0058
2019:05:06 14:41:48 706032 410.6164
2019:05:06 14:41:48 706460 404.4212
2019:05:06 14:41:48 706871 270.5939
2019:05:06 14:41:48 707691 428.3339
2019:05:06 14:41:48 708480 410.1545
2019:05:06 14:41:48 708893 382.2669
2019:05:06 14:41:48 709715 810.0085
2019:05:06 14:41:48 710143 403.0243
2019:05:06 14:41:48 710691 158.7197
2019:05:06 14:41:48 711364 419.4602
2019:05:06 14:41:48 712174 408.7724
2019:05:06 14:41:48 712604 409.6888
2019:05:06 14:41:48 713019 281.3414
2019:05:06 14:41:48 713840 411.3689
2019:05:06 14:41:48 714638 413.7941
2019:05:06 14:41:48 715053 394.8659
2019:05:06 14:41:48 715865 800.4233
2019:05:06 14:41:48 716297 410.7840
2019:05:06 14:41:48 717079 398.3639
2019:05:06 14:41:48 717902 794.3995
2019:05:06 14:41:48 718332 411.7936
2019:05:06 14:41:48 718880 161.4615
2019:05:06 14:41:48 719556 419.4863
2019:05:06 14:41:48 720363 410.1992
2019:05:06 14:41:48 720794 412.2816
2019:05:06 14:41:48 721209 282.8762
2019:05:06 14:41:48 722031 423.0365
2019:05:06 14:41:48 722821 411.1566
2019:05:06 14:41:48 723246 400.4538
2019:05:06 14:41:48 724067 808.4886
2019:05:06 14:41:48 724490 402.5809
2019:05:06 14:41:48 725273 405.8145
2019:05:06 14:41:48 726096 793.4906
2019:05:06 14:41:48 726530 419.6316
2019:05:06 14:41:48 727072 156.9018
2019:05:06 14:41:48 727754 421.9934
2019:05:06 14:41:48 728567 416.7296
2019:05:06 14:41:48 728990 403.9668
2019:05:06 14:41:48 729403 271.1117
2019:05:06 14:41:48 730209 421.8258
2019:05:06 14:41:48 731012 407.9007
2019:05:06 14:41:48 731422 392.1166
2019:05:06 14:41:48 732241 799.2834
2019:05:06 14:41:48 732668 407.0513
2019:05:06 14:41:48 733218 158.8389
2019:05:06 14:41:48 733897 418.9871
2019:05:06 14:41:48 734705 409.1337
2019:05:06 14:41:48 735134 410.0651
2019:05:06 14:41:48 735531 265.6579
2019:05:06 14:41:48 736367 422.1387
2019:05:06 14:41:48 737156 410.1098
2019:05:06 14:41:48 737587 401.2324
2019:05:06 14:41:48 738394 795.3942
2019:05:06 14:41:48 738828 415.0681
2019:05:06 14:41:48 739623 409.2418
2019:05:06 14:41:48 740443 800.1104
2019:05:06 14:41:48 740877 417.2847
2019:05:06 14:41:48 741671 413.4104
2019:05:06 14:41:48 742489 794.8726
2019:05:06 14:41:48 742916 407.4052
2019:05:06 14:41:48 743719 411.9799
2019:05:06 14:41:48 744550 813.4134
2019:05:06 14:41:48 744964 402.0445
2019:05:06 14:41:48 745768 400.0105
2019:05:06 14:41:48 746591 811.4390
2019:05:06 14:41:48 747035 429.3919
2019:05:06 14:41:48 747811 408.7724
2019:05:06 14:41:48 748628 789.4523
2019:05:06 14:41:48 749057 404.8087
2019:05:06 14:41:48 749849 401.3106
2019:05:06 14:41:48 750674 802.3232
2019:05:06 14:41:48 751108 418.7115
2019:05:06 14:41:48 751893 401.9625
2019:05:06 14:41:48 752722 803.3700
2019:05:06 14:41:48 753150 411.8271
2019:05:06 14:41:48 753948 398.1702
2019:05:06 14:41:48 754772 808.4439
2019:05:06 14:41:48 755201 408.7277
2019:05:06 14:41:48 756000 408.1316
2019:05:06 14:41:48 756823 807.2220
2019:05:06 14:41:48 757256 413.9841
2019:05:06 14:41:48 758043 406.4776
2019:05:06 14:41:48 758865 805.6350
2019:05:06 14:41:48 759293 413.0416
2019:05:06 14:41:48 760090 407.3642
2019:05:06 14:41:48 760912 806.9575
2019:05:06 14:41:48 761338 410.3370
2019:05:06 14:41:48 762136 406.7421
2019:05:06 14:41:48 762966 816.2670
2019:05:06 14:41:48 763387 404.4473
2019:05:06 14:41:48 764188 409.7149
2019:05:06 14:41:48 765008 804.3237
2019:05:06 14:41:48 765446 423.7071
2019:05:06 14:41:48 765987 161.5509
2019:05:06 14:41:48 766652 417.5529
2019:05:06 14:41:48 767465 405.9225
2019:05:06 14:41:48 767890 411.0336
2019:05:06 14:41:48 768288 258.7102
2019:05:06 14:41:48 768720 421.1180
2019:05:06 14:41:48 769514 411.0895
2019:05:06 14:41:48 769946 408.9884
2019:05:06 14:41:48 770348 266.6749
2019:05:06 14:41:48 771172 418.3576
2019:05:06 14:41:48 771969 408.6830
2019:05:06 14:41:48 772388 400.7295
2019:05:06 14:41:48 773210 810.5338
2019:05:06 14:41:48 773631 406.4962
2019:05:06 14:41:48 774422 398.4272
2019:05:06 14:41:48 775243 802.9900
2019:05:06 14:41:48 775668 402.5996
2019:05:06 14:41:48 776467 406.1498
2019:05:06 14:41:48 777291 802.5095
2019:05:06 14:41:48 777717 407.3419
2019:05:06 14:41:48 778269 159.7330
2019:05:06 14:41:48 778938 417.6311
2019:05:06 14:41:48 779748 412.0879
2019:05:06 14:41:48 780181 417.8025
2019:05:06 14:41:48 780580 264.9389
2019:05:06 14:41:48 781399 419.4640
2019:05:06 14:41:48 782205 409.5547
2019:05:06 14:41:48 782615 391.0288
2019:05:06 14:41:48 783433 802.2115
2019:05:06 14:41:48 783861 413.1645
2019:05:06 14:41:48 784413 161.8229
2019:05:06 14:41:48 784684 258.8108
2019:05:06 14:41:48 785493 414.0399
2019:05:06 14:41:48 785918 412.1885
2019:05:06 14:41:48 786465 161.5435
2019:05:06 14:41:48 787122 412.6057
2019:05:06 14:41:48 787938 410.4748
2019:05:06 14:41:48 788361 410.5940
2019:05:06 14:41:48 788774 266.1571
2019:05:06 14:41:48 789589 416.5210
2019:05:06 14:41:48 790015 410.2401
2019:05:06 14:41:48 790559 164.1586
2019:05:06 14:41:48 791223 413.9021
2019:05:06 14:41:48 792039 410.6797
2019:05:06 14:41:48 792464 410.2513
2019:05:06 14:41:48 792874 271.6035
2019:05:06 14:41:48 793700 422.0717
2019:05:06 14:41:48 794491 409.6925
2019:05:06 14:41:48 794912 399.4219
2019:05:06 14:41:48 795725 801.7085
2019:05:06 14:41:48 796155 419.4789
2019:05:06 14:41:48 796700 162.7170
2019:05:06 14:41:48 797379 413.9058
2019:05:06 14:41:48 798188 410.1731
2019:05:06 14:41:48 798610 407.7777
2019:05:06 14:41:48 799019 266.8202
2019:05:06 14:41:48 799833 424.5080
2019:05:06 14:41:48 800635 410.1582
2019:05:06 14:41:48 801045 394.0128
2019:05:06 14:41:48 801865 804.8825
2019:05:06 14:41:48 802286 403.7842
2019:05:06 14:41:48 802842 160.1018
2019:05:06 14:41:48 803511 416.7780
2019:05:06 14:41:48 804322 411.1901
2019:05:06 14:41:48 804751 414.7291
2019:05:06 14:41:48 805164 273.8722
2019:05:06 14:41:48 805985 411.6334
2019:05:06 14:41:48 806783 410.6015
2019:05:06 14:41:48 807211 410.1321
2019:05:06 14:41:48 808018 800.9262
2019:05:06 14:41:48 808442 409.5659
2019:05:06 14:41:48 808994 164.2108
2019:05:06 14:41:48 809668 422.8763
2019:05:06 14:41:48 810477 408.9661
2019:05:06 14:41:48 810901 411.3019
2019:05:06 14:41:48 811298 258.9375
2019:05:06 14:41:48 812121 415.4295
2019:05:06 14:41:48 812926 411.5701
2019:05:06 14:41:48 813340 402.0557
2019:05:06 14:41:48 814152 791.7918
2019:05:06 14:41:48 814577 409.9049
2019:05:06 14:41:48 815137 163.6446
2019:05:06 14:41:48 815801 651.6501
2019:05:06 14:41:48 816224 411.2758
2019:05:06 14:41:48 817041 422.1015
2019:05:06 14:41:48 817452 393.7669
2019:05:06 14:41:48 818264 421.7774
2019:05:06 14:41:48 819071 414.1852
2019:05:06 14:41:48 819239 151.6491
2019:05:06 14:41:48 819910 420.4921
2019:05:06 14:41:48 820716 408.3365
2019:05:06 14:41:48 821140 410.6574
2019:05:06 14:41:48 821552 272.9706
2019:05:06 14:41:48 822366 421.3713
2019:05:06 14:41:48 823162 406.2615
2019:05:06 14:41:48 823587 397.3655
2019:05:06 14:41:48 824401 802.6324
2019:05:06 14:41:48 824824 412.7920
2019:05:06 14:41:48 825384 167.7722
2019:05:06 14:41:48 826047 421.4160
2019:05:06 14:41:48 826856 408.9847
2019:05:06 14:41:48 827279 410.5531
2019:05:06 14:41:48 827687 265.6616
2019:05:06 14:41:48 828501 416.0777
2019:05:06 14:41:48 829304 409.6255
2019:05:06 14:41:48 829485 168.5135
2019:05:06 14:41:48 830128 411.4956
2019:05:06 14:41:48 830552 411.5440
2019:05:06 14:41:48 831356 410.3929
2019:05:06 14:41:48 831764 396.3374
2019:05:06 14:41:48 832584 807.5312
2019:05:06 14:41:48 833003 407.0662
2019:05:06 14:41:48 833812 404.6448
2019:05:06 14:41:48 834650 829.5700
2019:05:06 14:41:48 835068 410.6648
2019:05:06 14:41:48 835860 401.1914
2019:05:06 14:41:48 836681 810.9137
2019:05:06 14:41:48 837107 415.5375
2019:05:06 14:41:48 837904 401.9812
2019:05:06 14:41:48 838728 811.3682
2019:05:06 14:41:48 839152 404.2163
2019:05:06 14:41:48 839953 400.9344
2019:05:06 14:41:48 840773 803.5749
2019:05:06 14:41:48 841195 409.2678
2019:05:06 14:41:48 841764 167.8430
2019:05:06 14:41:48 842420 415.1352
2019:05:06 14:41:48 843233 802.1407
2019:05:06 14:41:48 843803 557.4040
2019:05:06 14:41:48 844469 654.4925
2019:05:06 14:41:48 845278 796.9141
2019:05:06 14:41:48 845711 421.0584
2019:05:06 14:41:48 846167 316.1952
2019:05:06 14:41:48 846943 418.6258
2019:05:06 14:41:48 847742 411.8346
2019:05:06 14:41:48 848145 390.5818
2019:05:06 14:41:48 848570 409.6292
2019:05:06 14:41:48 849384 412.8180
2019:05:06 14:41:48 849946 547.7145
2019:05:06 14:41:48 850613 655.6660
2019:05:06 14:41:48 851425 798.3968
2019:05:06 14:41:48 851991 552.7027
2019:05:06 14:41:48 852650 646.0734
2019:05:06 14:41:48 853072 410.2997
2019:05:06 14:41:48 853884 412.1326
2019:05:06 14:41:48 854289 393.4391
2019:05:06 14:41:48 855108 808.2427
2019:05:06 14:41:48 855927 806.2385
2019:05:06 14:41:48 856336 397.2054
2019:05:06 14:41:48 857160 811.8451
2019:05:06 14:41:48 857980 810.7834
2019:05:06 14:41:48 858388 396.8328
2019:05:06 14:41:48 859203 804.3498
2019:05:06 14:41:48 859631 416.2788
2019:05:06 14:41:48 860190 163.7116
2019:05:06 14:41:48 860446 246.2305
2019:05:06 14:41:48 861255 405.0955
2019:05:06 14:41:48 862075 810.8094
2019:05:06 14:41:48 862480 389.0023
2019:05:06 14:41:48 862908 415.6269
2019:05:06 14:41:48 863712 408.9624
2019:05:06 14:41:48 864282 163.5514
2019:05:06 14:41:48 864941 414.0846
2019:05:06 14:41:48 865758 408.0087
2019:05:06 14:41:48 866180 409.9943
2019:05:06 14:41:48 866579 251.7812
2019:05:06 14:41:48 867399 810.7796
2019:05:06 14:41:48 867825 416.6104
2019:05:06 14:41:48 868385 165.2725
2019:05:06 14:41:48 869044 414.5429
2019:05:06 14:41:48 869854 796.1094
2019:05:06 14:41:48 870282 415.0681
2019:05:06 14:41:48 870682 257.2909
2019:05:06 14:41:48 871495 412.2406
2019:05:06 14:41:48 872312 410.7431
2019:05:06 14:41:48 872722 400.5656
2019:05:06 14:41:48 873541 809.8409
2019:05:06 14:41:48 873962 408.8543
2019:05:06 14:41:48 874520 160.4296
2019:05:06 14:41:48 875179 650.0445
2019:05:06 14:41:48 875998 808.2874
2019:05:06 14:41:48 876567 558.0522
2019:05:06 14:41:48 876830 252.3437
2019:05:06 14:41:48 877638 410.8138
2019:05:06 14:41:48 878058 408.8208
2019:05:06 14:41:48 878864 408.7277
2019:05:06 14:41:48 879683 808.2353
2019:05:06 14:41:48 880104 409.8043
2019:05:06 14:41:48 880675 168.6290
2019:05:06 14:41:48 881347 432.1374
2019:05:06 14:41:48 882149 406.6490
2019:05:06 14:41:48 882966 416.4949
2019:05:06 14:41:48 883781 808.4141
2019:05:06 14:41:48 884603 413.0267
2019:05:06 14:41:48 885422 661.3731
2019:05:06 14:41:48 886647 815.8237
2019:05:06 14:41:48 887466 652.5218
2019:05:06 14:41:48 888696 819.9550
2019:05:06 14:41:48 889518 663.4817
2019:05:06 14:41:48 890744 819.1429
2019:05:06 14:41:48 891565 660.9447
2019:05:06 14:41:48 892794 819.2547
2019:05:06 14:41:48 893612 659.3391
2019:05:06 14:41:48 894840 814.4639
2019:05:06 14:41:48 895667 666.1750
2019:05:06 14:41:48 896890 820.8938
2019:05:06 14:41:48 897297 241.9315
2019:05:06 14:41:48 898130 418.3352
2019:05:06 14:41:48 899095 571.0348
2019:05:06 14:41:48 899752 650.1377
2019:05:06 14:41:48 900574 815.6300
2019:05:06 14:41:48 901391 411.3354
2019:05:06 14:41:48 902215 816.2260
2019:05:06 14:41:48 903189 565.3910
2019:05:06 14:41:48 903846 650.1600
2019:05:06 14:41:48 905075 819.8060
2019:05:06 14:41:48 905897 663.1538
2019:05:06 14:41:48 907122 818.9641
2019:05:06 14:41:48 907531 403.0690
2019:05:06 14:41:48 908776 834.5656
2019:05:06 14:41:48 909611 439.7072
2019:05:06 14:41:48 910824 804.7745
2019:05:06 14:41:48 911628 393.7669
2019:05:06 14:41:48 912872 834.5395
2019:05:06 14:41:48 913691 423.4761
2019:05:06 14:41:48 914904 804.4690
2019:05:06 14:41:48 915723 379.8194
2019:05:06 14:41:48 916544 397.5108
2019:05:06 14:41:48 917379 396.9893
2019:05:06 14:41:48 917785 248.5625
2019:05:06 14:41:48 919005 814.2777
2019:05:06 14:41:48 919819 404.8049
2019:05:06 14:41:48 921078 849.1240
2019:05:06 14:41:48 921897 408.2248
2019:05:06 14:41:48 923111 818.7741
2019:05:06 14:41:48 923917 395.8978
2019:05:06 14:41:48 924739 816.4458
2019:05:06 14:41:48 925585 439.1037
2019:05:06 14:41:48 926387 644.9670
2019:05:06 14:41:48 927203 398.6470
2019:05:06 14:41:48 928016 412.4045
2019:05:06 14:41:48 928846 422.8167
2019:05:06 14:41:48 930060 805.2886
2019:05:06 14:41:48 930881 813.7487
2019:05:06 14:41:48 931858 568.7810
2019:05:06 14:41:48 932518 652.6783
2019:05:06 14:41:48 933747 819.0796
2019:05:06 14:41:48 934156 401.6049
2019:05:06 14:41:48 935384 818.5878
2019:05:06 14:41:48 936203 812.7503
2019:05:06 14:41:48 937027 818.3457
2019:05:06 14:41:48 937856 822.1529
2019:05:06 14:41:48 938254 389.1177
2019:05:06 14:41:48 939484 819.1019
2019:05:06 14:41:48 940299 407.5542
2019:05:06 14:41:48 941119 813.7897
2019:05:06 14:41:48 941941 815.9243
2019:05:06 14:41:48 942762 663.2246
2019:05:06 14:41:48 943576 408.0907
2019:05:06 14:41:48 944153 168.1000
2019:05:06 14:41:48 945214 815.9727
2019:05:06 14:41:48 946460 818.7108
2019:05:06 14:41:48 947271 804.0629
