
# OSU MPI Allreduce Latency Test v5.6.1
# Size       Avg Latency(us)
256                  1534.98
2019:05:06 14:41:44 84244 413.3657
2019:05:06 14:41:44 84818 190.9062
2019:05:06 14:41:44 85467 407.9230
2019:05:06 14:41:44 86270 406.0417
2019:05:06 14:41:44 86693 414.0623
2019:05:06 14:41:44 87101 232.8008
2019:05:06 14:41:44 87920 426.4824
2019:05:06 14:41:44 88720 410.9256
2019:05:06 14:41:44 129362 40630.7019
2019:05:06 14:41:44 129886 515.2524
2019:05:06 14:41:44 130515 417.8286
2019:05:06 14:41:44 131332 414.3491
2019:05:06 14:41:44 131761 411.5552
2019:05:06 14:41:44 132151 224.7728
2019:05:06 14:41:44 132981 433.2289
2019:05:06 14:41:44 133788 415.8318
2019:05:06 14:41:44 134187 383.6639
2019:05:06 14:41:44 135003 804.4317
2019:05:06 14:41:44 135821 792.4996
2019:05:06 14:41:44 136023 185.1134
2019:05:06 14:41:44 136641 411.1230
2019:05:06 14:41:44 161354 24697.7173
2019:05:06 14:41:44 173097 11736.0204
2019:05:06 14:41:44 173914 800.3935
2019:05:06 14:41:44 174347 409.0071
2019:05:06 14:41:44 174923 190.9025
2019:05:06 14:41:44 175584 647.0308
2019:05:06 14:41:44 176000 410.1880
2019:05:06 14:41:44 176798 409.1263
2019:05:06 14:41:44 177192 380.0765
2019:05:06 14:41:44 193363 16158.1561
2019:05:06 14:41:44 197279 376.6976
2019:05:06 14:41:44 197688 228.5689
2019:05:06 14:41:44 198491 408.9102
2019:05:06 14:41:44 198917 410.1507
2019:05:06 14:41:44 199503 186.6035
2019:05:06 14:41:44 200129 415.3699
2019:05:06 14:41:44 200948 413.4960
2019:05:06 14:41:44 201378 414.0735
2019:05:06 14:41:44 201776 215.3255
2019:05:06 14:41:44 202201 414.8073
2019:05:06 14:41:44 203006 410.8325
2019:05:06 14:41:44 203433 405.4457
2019:05:06 14:41:44 203820 213.0866
2019:05:06 14:41:44 204247 413.9952
2019:05:06 14:41:44 205057 420.6225
2019:05:06 14:41:44 229366 24278.3986
2019:05:06 14:41:44 230053 394.0053
2019:05:06 14:41:44 230449 225.8085
2019:05:06 14:41:44 231262 412.0246
2019:05:06 14:41:44 231686 410.6201
2019:05:06 14:41:44 232282 199.0683
2019:05:06 14:41:44 232899 605.5124
2019:05:06 14:41:44 265365 32456.8450
2019:05:06 14:41:44 269143 169.7950
2019:05:06 14:41:44 269761 406.6452
2019:05:06 14:41:44 270188 414.0846
2019:05:06 14:41:44 271001 414.7142
2019:05:06 14:41:44 271405 226.2779
2019:05:06 14:41:44 272224 415.4146
2019:05:06 14:41:44 273040 413.4886
2019:05:06 14:41:44 273444 394.0612
2019:05:06 14:41:44 274263 807.3039
2019:05:06 14:41:44 274685 407.8224
2019:05:06 14:41:44 275271 187.4976
2019:05:06 14:41:44 275907 413.9245
2019:05:06 14:41:44 276720 409.0443
2019:05:06 14:41:44 277150 414.6844
2019:05:06 14:41:44 277540 223.1747
2019:05:06 14:41:44 278358 411.4211
2019:05:06 14:41:44 279175 408.9400
2019:05:06 14:41:44 279383 189.0175
2019:05:06 14:41:44 280019 423.1744
2019:05:06 14:41:44 280829 415.1426
2019:05:06 14:41:44 297368 16529.1056
2019:05:06 14:41:44 297825 181.6824
2019:05:06 14:41:44 298432 406.1200
2019:05:06 14:41:44 298862 418.8791
2019:05:06 14:41:44 299668 411.6893
2019:05:06 14:41:44 300073 393.4093
2019:05:06 14:41:44 300892 808.6711
2019:05:06 14:41:44 301315 411.3354
2019:05:06 14:41:44 302109 394.6126
2019:05:06 14:41:44 302930 807.2220
2019:05:06 14:41:44 303356 406.9507
2019:05:06 14:41:44 303942 192.8248
2019:05:06 14:41:44 304172 220.4739
2019:05:06 14:41:44 304982 404.9391
2019:05:06 14:41:44 329364 24369.6608
2019:05:06 14:41:44 369355 27992.7328
2019:05:06 14:41:44 377121 7756.5536
2019:05:06 14:41:44 377682 198.0476
2019:05:06 14:41:44 378297 414.0660
2019:05:06 14:41:44 378732 416.2639
2019:05:06 14:41:44 379542 417.7168
2019:05:06 14:41:44 379939 219.2855
2019:05:06 14:41:44 380364 413.4066
2019:05:06 14:41:44 381173 416.6365
2019:05:06 14:41:44 381598 407.5095
2019:05:06 14:41:44 382000 228.1070
2019:05:06 14:41:44 382822 428.3376
2019:05:06 14:41:44 383625 415.7946
2019:05:06 14:41:44 383830 190.4033
2019:05:06 14:41:44 384451 411.9091
2019:05:06 14:41:44 384870 407.8262
2019:05:06 14:41:44 401354 16085.3043
2019:05:06 14:41:44 402067 705.5923
2019:05:06 14:41:44 402458 379.2755
2019:05:06 14:41:44 403284 806.4061
2019:05:06 14:41:44 403707 411.9948
2019:05:06 14:41:44 404299 194.4005
2019:05:06 14:41:44 404944 634.7373
2019:05:06 14:41:44 405753 801.7533
2019:05:06 14:41:44 406171 399.9844
2019:05:06 14:41:44 406568 221.1891
2019:05:06 14:41:44 406988 410.6537
2019:05:06 14:41:44 407798 409.4839
2019:05:06 14:41:44 408217 406.6043
2019:05:06 14:41:44 408616 217.5979
2019:05:06 14:41:44 409045 418.2383
2019:05:06 14:41:44 409852 416.4688
2019:05:06 14:41:44 410267 404.4510
2019:05:06 14:41:44 410663 217.1397
2019:05:06 14:41:44 411086 412.6467
2019:05:06 14:41:44 411893 408.5973
2019:05:06 14:41:44 412311 407.3456
2019:05:06 14:41:44 412712 213.5001
2019:05:06 14:41:44 433360 20635.7799
2019:05:06 14:41:44 434014 646.7700
2019:05:06 14:41:44 434432 408.4334
2019:05:06 14:41:44 435006 181.5073
2019:05:06 14:41:44 435246 222.9996
2019:05:06 14:41:44 436044 402.3686
2019:05:06 14:41:44 436473 412.5535
2019:05:06 14:41:44 437068 197.9135
2019:05:06 14:41:44 437693 415.9622
2019:05:06 14:41:44 438505 409.6329
2019:05:06 14:41:44 438929 405.5537
2019:05:06 14:41:44 439328 223.5435
2019:05:06 14:41:44 439754 411.1864
2019:05:06 14:41:44 440557 409.8937
2019:05:06 14:41:44 440987 414.9303
2019:05:06 14:41:44 441385 227.9207
2019:05:06 14:41:44 441819 419.2740
2019:05:06 14:41:44 442615 410.7580
2019:05:06 14:41:44 443039 405.8592
2019:05:06 14:41:44 443450 239.1711
2019:05:06 14:41:44 444266 410.0315
2019:05:06 14:41:44 445070 410.4860
2019:05:06 14:41:44 445487 399.4070
2019:05:06 14:41:44 446294 417.8248
2019:05:06 14:41:44 447102 409.2939
2019:05:06 14:41:44 447302 189.9153
2019:05:06 14:41:44 447921 410.1433
2019:05:06 14:41:44 448340 408.4408
2019:05:06 14:41:44 449168 420.3096
2019:05:06 14:41:44 465363 16179.0475
2019:05:06 14:41:44 465965 392.0719
2019:05:06 14:41:44 466788 429.0566
2019:05:06 14:41:44 467584 409.5919
2019:05:06 14:41:44 467992 384.7182
2019:05:06 14:41:44 468811 806.0485
2019:05:06 14:41:44 469243 409.9160
2019:05:06 14:41:44 469820 187.8887
2019:05:06 14:41:44 470449 610.2026
2019:05:06 14:41:44 471268 801.1237
2019:05:06 14:41:44 471700 412.4641
2019:05:06 14:41:44 472090 222.1689
2019:05:06 14:41:44 472527 417.3592
2019:05:06 14:41:44 473322 409.6590
2019:05:06 14:41:44 473760 410.7654
2019:05:06 14:41:44 474151 233.8849
2019:05:06 14:41:44 474992 430.9192
2019:05:06 14:41:44 475787 415.4667
2019:05:06 14:41:44 476194 386.0965
2019:05:06 14:41:44 477013 792.5630
2019:05:06 14:41:44 477450 411.3838
2019:05:06 14:41:44 478024 182.1481
2019:05:06 14:41:44 478658 418.6295
2019:05:06 14:41:44 479469 411.2571
2019:05:06 14:41:44 479908 422.2393
2019:05:06 14:41:44 480311 235.9115
2019:05:06 14:41:44 481140 446.2861
2019:05:06 14:41:44 497891 536.9000
2019:05:06 14:41:44 498491 575.1401
2019:05:06 14:41:44 498733 219.3153
2019:05:06 14:41:44 499536 416.6514
2019:05:06 14:41:44 499961 411.1156
2019:05:06 14:41:44 500549 193.8716
2019:05:06 14:41:44 501167 604.0297
2019:05:06 14:41:44 501997 802.8038
2019:05:06 14:41:44 502421 408.9810
2019:05:06 14:41:44 502817 225.1193
2019:05:06 14:41:44 503252 419.6018
2019:05:06 14:41:44 504043 410.7542
2019:05:06 14:41:44 504482 407.6846
2019:05:06 14:41:44 504888 245.3588
2019:05:06 14:41:44 505700 432.3795
2019:05:06 14:41:44 506494 410.3072
2019:05:06 14:41:44 506902 384.0141
2019:05:06 14:41:44 507721 801.7942
2019:05:06 14:41:44 508162 417.1729
2019:05:06 14:41:44 508731 190.0494
2019:05:06 14:41:44 509375 619.2550
2019:05:06 14:41:44 510185 789.8323
2019:05:06 14:41:44 510777 578.3178
2019:05:06 14:41:44 511407 617.0198
2019:05:06 14:41:44 511828 409.8639
2019:05:06 14:41:44 512636 407.8969
2019:05:06 14:41:44 512841 194.5086
2019:05:06 14:41:44 529354 16305.5994
2019:05:06 14:41:44 529856 494.0405
2019:05:06 14:41:44 530667 420.3878
2019:05:06 14:41:44 531478 222.0459
2019:05:06 14:41:44 532301 417.5864
2019:05:06 14:41:44 533115 411.6260
2019:05:06 14:41:44 533535 229.6045
2019:05:06 14:41:44 533952 393.0144
2019:05:06 14:41:44 534770 416.8376
2019:05:06 14:41:44 535366 199.3142
2019:05:06 14:41:44 535989 611.0854
2019:05:06 14:41:44 536809 806.8047
2019:05:06 14:41:44 537408 586.5581
2019:05:06 14:41:44 538045 621.5274
2019:05:06 14:41:44 538857 800.8182
2019:05:06 14:41:44 539456 585.9770
2019:05:06 14:41:44 540091 621.0655
2019:05:06 14:41:44 540910 810.3997
2019:05:06 14:41:44 541506 584.0287
2019:05:06 14:41:44 541742 223.0555
2019:05:06 14:41:44 542554 418.8828
2019:05:06 14:41:44 543374 420.0339
2019:05:06 14:41:44 543785 232.2532
2019:05:06 14:41:44 544604 421.2558
2019:05:06 14:41:44 561367 16365.7069
2019:05:06 14:41:44 561981 188.8834
2019:05:06 14:41:44 562641 432.6515
2019:05:06 14:41:44 563440 792.6561
2019:05:06 14:41:44 563861 408.0050
2019:05:06 14:41:44 564260 220.5335
2019:05:06 14:41:44 564678 407.3866
2019:05:06 14:41:44 565495 417.2847
2019:05:06 14:41:44 566291 394.8063
2019:05:06 14:41:44 567117 803.2471
2019:05:06 14:41:44 567552 418.9275
2019:05:06 14:41:44 568128 189.0101
2019:05:06 14:41:44 568360 220.3397
2019:05:06 14:41:44 569193 430.4834
2019:05:06 14:41:44 569981 412.7435
2019:05:06 14:41:44 570177 186.7823
2019:05:06 14:41:44 570796 410.2215
2019:05:06 14:41:44 571221 409.5249
2019:05:06 14:41:44 572037 417.8733
2019:05:06 14:41:44 572433 219.5500
2019:05:06 14:41:44 572861 413.8649
2019:05:06 14:41:44 573678 418.2123
2019:05:06 14:41:44 574269 193.4133
2019:05:06 14:41:44 574893 609.5618
2019:05:06 14:41:44 575315 411.3875
2019:05:06 14:41:44 576121 409.2976
2019:05:06 14:41:44 576326 195.4697
2019:05:06 14:41:44 576948 413.6860
2019:05:06 14:41:44 589684 329.9229
2019:05:06 14:41:44 590469 410.0390
2019:05:06 14:41:44 590675 192.7204
2019:05:06 14:41:44 591287 408.6979
2019:05:06 14:41:44 591711 410.9628
2019:05:06 14:41:44 592519 412.9298
2019:05:06 14:41:44 592724 192.8732
2019:05:06 14:41:44 593350 421.4756
2019:05:06 14:41:44 594162 415.9100
2019:05:06 14:41:44 594752 194.2441
2019:05:06 14:41:44 595376 412.1363
2019:05:06 14:41:44 595796 409.1226
2019:05:06 14:41:44 596612 418.8791
2019:05:06 14:41:44 597019 395.9723
2019:05:06 14:41:44 597834 801.9134
2019:05:06 14:41:44 598263 414.8036
2019:05:06 14:41:44 598845 188.5258
2019:05:06 14:41:44 599079 221.5095
2019:05:06 14:41:44 599882 407.8597
2019:05:06 14:41:44 600308 413.2502
2019:05:06 14:41:44 600891 192.4336
2019:05:06 14:41:44 601125 219.0694
2019:05:06 14:41:44 625682 325.6686
2019:05:06 14:41:44 626507 806.1789
2019:05:06 14:41:44 627325 807.6951
2019:05:06 14:41:44 627743 408.5675
2019:05:06 14:41:44 628557 412.9149
2019:05:06 14:41:44 633093 4130.1884
2019:05:06 14:41:44 633659 554.4014
2019:05:06 14:41:44 634293 417.5231
2019:05:06 14:41:44 635106 410.1619
2019:05:06 14:41:44 635528 402.2382
2019:05:06 14:41:44 635926 223.2529
2019:05:06 14:41:44 636351 410.3146
2019:05:06 14:41:44 637155 409.2902
2019:05:06 14:41:44 661364 24196.8669
2019:05:06 14:41:44 662159 392.3140
2019:05:06 14:41:44 662549 223.3870
2019:05:06 14:41:44 662975 409.9384
2019:05:06 14:41:44 663781 413.5482
2019:05:06 14:41:44 664204 412.7882
2019:05:06 14:41:44 664604 226.9894
2019:05:06 14:41:44 697364 32362.3903
2019:05:06 14:41:44 701243 158.0827
2019:05:06 14:41:44 701872 414.0623
2019:05:06 14:41:44 702298 411.3652
2019:05:06 14:41:44 703098 412.4045
2019:05:06 14:41:44 703306 195.1419
2019:05:06 14:41:44 703931 415.1165
2019:05:06 14:41:44 704741 798.0540
2019:05:06 14:41:44 705167 413.1682
2019:05:06 14:41:44 705583 246.4280
2019:05:06 14:41:44 706392 427.3206
2019:05:06 14:41:44 707190 410.4003
2019:05:06 14:41:44 707598 389.1513
2019:05:06 14:41:44 708418 799.6634
2019:05:06 14:41:44 708853 412.1922
2019:05:06 14:41:44 733354 24114.8211
2019:05:06 14:41:44 733846 484.0679
2019:05:06 14:41:44 734241 231.5044
2019:05:06 14:41:44 735056 413.1049
2019:05:06 14:41:44 735870 408.7240
2019:05:06 14:41:44 736268 380.8700
2019:05:06 14:41:44 761354 25064.3082
2019:05:06 14:41:44 762082 720.3594
2019:05:06 14:41:44 762501 405.0955
2019:05:06 14:41:44 762904 224.1358
2019:05:06 14:41:44 763723 420.8945
2019:05:06 14:41:44 764529 410.8325
2019:05:06 14:41:44 764731 189.1479
2019:05:06 14:41:44 765363 420.5815
2019:05:06 14:41:44 765794 418.4432
2019:05:06 14:41:44 766592 412.9112
2019:05:06 14:41:44 766994 381.7342
2019:05:06 14:41:44 767817 809.1480
2019:05:06 14:41:44 768248 417.1170
2019:05:06 14:41:44 768830 188.5779
2019:05:06 14:41:44 769472 427.5478
2019:05:06 14:41:44 770273 410.8809
2019:05:06 14:41:44 770698 410.8287
2019:05:06 14:41:44 771098 226.2928
2019:05:06 14:41:44 771916 421.5725
2019:05:06 14:41:44 772719 409.6851
2019:05:06 14:41:44 773138 404.3505
2019:05:06 14:41:44 797362 24213.3178
2019:05:06 14:41:44 797724 207.5620
2019:05:06 14:41:44 798539 413.9990
2019:05:06 14:41:44 798957 406.9097
2019:05:06 14:41:44 799544 193.2792
2019:05:06 14:41:44 800162 603.2139
2019:05:06 14:41:44 800980 808.7642
2019:05:06 14:41:44 801405 409.1039
2019:05:06 14:41:44 801800 218.4659
2019:05:06 14:41:44 802232 415.9622
2019:05:06 14:41:44 803031 411.0821
2019:05:06 14:41:44 803452 409.8043
2019:05:06 14:41:44 803851 222.0944
2019:05:06 14:41:44 804272 410.9032
2019:05:06 14:41:44 805077 411.3875
2019:05:06 14:41:44 805507 418.6630
2019:05:06 14:41:44 805895 218.7230
2019:05:06 14:41:44 806326 413.5147
2019:05:06 14:41:44 807124 408.4408
2019:05:06 14:41:44 807553 415.7908
2019:05:06 14:41:44 807943 219.2073
2019:05:06 14:41:44 808379 421.7029
2019:05:06 14:41:44 809209 447.3031
2019:05:06 14:41:44 833362 24138.6034
2019:05:06 14:41:44 834191 426.6277
2019:05:06 14:41:44 834586 230.6327
2019:05:06 14:41:44 835006 406.3025
2019:05:06 14:41:44 835814 408.5079
2019:05:06 14:41:44 836235 409.4541
2019:05:06 14:41:44 836638 226.3561
2019:05:06 14:41:44 837459 424.2510
2019:05:06 14:41:44 838262 410.7356
2019:05:06 14:41:44 838465 191.9158
2019:05:06 14:41:44 839086 411.5887
2019:05:06 14:41:44 839509 410.7766
2019:05:06 14:41:44 840309 410.1135
2019:05:06 14:41:44 840518 190.5933
2019:05:06 14:41:44 841138 414.8111
2019:05:06 14:41:44 841559 410.7729
2019:05:06 14:41:44 842359 408.2806
2019:05:06 14:41:44 842762 388.9985
2019:05:06 14:41:44 843588 803.0608
2019:05:06 14:41:44 844013 412.3710
2019:05:06 14:41:44 844598 189.6061
2019:05:06 14:41:44 844827 213.9919
2019:05:06 14:41:44 869354 24088.2859
2019:05:06 14:41:44 869822 458.5944
2019:05:06 14:41:44 870628 420.8013
2019:05:06 14:41:44 871209 189.6434
2019:05:06 14:41:44 871459 234.9317
2019:05:06 14:41:44 872256 404.3542
2019:05:06 14:41:44 872687 406.6601
2019:05:06 14:41:44 873266 189.5502
2019:05:06 14:41:44 873892 407.0401
2019:05:06 14:41:44 874710 413.1645
2019:05:06 14:41:44 875130 408.8841
2019:05:06 14:41:44 875537 231.7354
2019:05:06 14:41:44 876362 424.4000
2019:05:06 14:41:44 877173 419.1585
2019:05:06 14:41:44 877374 185.6945
2019:05:06 14:41:44 877994 420.5443
2019:05:06 14:41:44 878812 417.6386
2019:05:06 14:41:44 879401 190.3474
2019:05:06 14:41:44 880032 412.7473
2019:05:06 14:41:44 880849 408.7538
2019:05:06 14:41:44 905362 24497.9374
2019:05:06 14:41:44 906041 205.8446
2019:05:06 14:41:44 906677 418.8642
2019:05:06 14:41:44 907488 408.3104
2019:05:06 14:41:44 907909 409.6255
2019:05:06 14:41:44 908306 223.2008
2019:05:06 14:41:44 909136 425.0072
2019:05:06 14:41:44 909934 400.0403
2019:05:06 14:41:44 910344 398.4645
2019:05:06 14:41:44 911156 801.3844
2019:05:06 14:41:44 911975 807.6392
2019:05:06 14:41:44 912384 397.8424
2019:05:06 14:41:44 913211 815.9354
2019:05:06 14:41:44 914029 807.3375
2019:05:06 14:41:44 914237 196.8853
2019:05:06 14:41:44 914856 417.1096
2019:05:06 14:41:44 915283 406.8315
2019:05:06 14:41:44 916089 418.0744
2019:05:06 14:41:44 916482 381.6076
2019:05:06 14:41:44 941359 24857.6067
2019:05:06 14:41:44 941903 538.4162
2019:05:06 14:41:44 942711 421.2819
2019:05:06 14:41:44 943113 219.3861
2019:05:06 14:41:44 943534 410.9852
2019:05:06 14:41:44 944342 410.1768
2019:05:06 14:41:44 944762 409.3349
2019:05:06 14:41:44 945164 221.8559
2019:05:06 14:41:44 945993 818.3718
2019:05:06 14:41:44 946403 397.7679
2019:05:06 14:41:44 946991 190.2953
2019:05:06 14:41:44 947611 609.7928
2019:05:06 14:41:44 948430 800.8182
2019:05:06 14:41:44 948864 422.5112
2019:05:06 14:41:44 949257 219.0024
2019:05:06 14:41:44 949681 413.9282
2019:05:06 14:41:44 950486 409.4392
2019:05:06 14:41:44 950908 411.4509
2019:05:06 14:41:44 951304 219.7437
2019:05:06 14:41:44 951729 412.0320
2019:05:06 14:41:44 952537 406.1572
2019:05:06 14:41:44 952958 410.4339
2019:05:06 14:41:44 981662 293.5044
2019:05:06 14:41:44 982044 233.7173
2019:05:06 14:41:44 982855 411.0038
2019:05:06 14:41:44 983667 411.9463
2019:05:06 14:41:44 984081 229.0122
2019:05:06 14:41:44 984905 415.0793
2019:05:06 14:41:44 989402 384.3009
2019:05:06 14:41:44 989994 189.3602
2019:05:06 14:41:44 990636 419.5496
2019:05:06 14:41:44 991446 408.0459
2019:05:06 14:41:44 991881 409.0182
2019:05:06 14:41:44 992283 231.0127
2019:05:06 14:41:44 993121 452.0267
2019:05:06 14:41:45 25048 7693.2162
2019:05:06 14:41:45 25849 785.0975
2019:05:06 14:41:45 26278 417.1282
2019:05:06 14:41:45 26854 189.9227
2019:05:06 14:41:45 27101 235.1142
2019:05:06 14:41:45 27898 404.9651
2019:05:06 14:41:45 28319 404.1530
2019:05:06 14:41:45 28906 189.2783
2019:05:06 14:41:45 53353 24227.9992
2019:05:06 14:41:45 61131 7766.7795
2019:05:06 14:41:45 61892 402.6070
2019:05:06 14:41:45 62711 804.5807
2019:05:06 14:41:45 63140 408.5228
2019:05:06 14:41:45 63728 189.2857
2019:05:06 14:41:45 64371 425.1562
2019:05:06 14:41:45 65185 412.8031
2019:05:06 14:41:45 89366 24170.4546
2019:05:06 14:41:45 90173 413.5184
2019:05:06 14:41:45 90579 228.0213
2019:05:06 14:41:45 91389 409.7410
2019:05:06 14:41:45 92203 410.6984
2019:05:06 14:41:45 92613 221.0885
2019:05:06 14:41:45 93429 409.8900
2019:05:06 14:41:45 93856 411.3577
2019:05:06 14:41:45 94438 189.0138
2019:05:06 14:41:45 95067 616.0475
2019:05:06 14:41:45 95490 410.9144
2019:05:06 14:41:45 96299 412.0506
2019:05:06 14:41:45 96709 221.2189
2019:05:06 14:41:45 121363 24247.7022
2019:05:06 14:41:45 157359 24176.0835
2019:05:06 14:41:45 157929 561.8446
2019:05:06 14:41:45 158569 419.7508
2019:05:06 14:41:45 159384 419.5385
2019:05:06 14:41:45 159808 409.6888
2019:05:06 14:41:45 160209 228.5279
2019:05:06 14:41:45 161036 426.2999
2019:05:06 14:41:45 161830 403.9332
2019:05:06 14:41:45 162033 190.8951
2019:05:06 14:41:45 162653 411.6669
2019:05:06 14:41:45 163076 411.3577
2019:05:06 14:41:45 163890 417.8770
2019:05:06 14:41:45 164294 222.8729
2019:05:06 14:41:45 165110 412.4418
2019:05:06 14:41:45 165925 408.0236
2019:05:06 14:41:45 166336 401.8657
2019:05:06 14:41:45 166756 409.2567
2019:05:06 14:41:45 167580 425.0780
2019:05:06 14:41:45 168175 201.3445
2019:05:06 14:41:45 168807 418.9648
2019:05:06 14:41:45 193353 24135.6120
2019:05:06 14:41:45 194180 819.3515
2019:05:06 14:41:45 194600 408.0832
2019:05:06 14:41:45 194997 219.2073
2019:05:06 14:41:45 195829 817.3883
2019:05:06 14:41:45 196245 405.0955
2019:05:06 14:41:45 196830 189.2261
2019:05:06 14:41:45 197458 611.5586
2019:05:06 14:41:45 198292 821.0540
2019:05:06 14:41:45 198711 408.1838
2019:05:06 14:41:45 199114 233.0057
2019:05:06 14:41:45 199937 429.1758
2019:05:06 14:41:45 200733 409.7037
2019:05:06 14:41:45 200941 193.8008
2019:05:06 14:41:45 205360 4205.5100
2019:05:06 14:41:45 206070 702.5301
2019:05:06 14:41:45 206883 799.7379
2019:05:06 14:41:45 207293 397.6785
2019:05:06 14:41:45 208112 806.9351
2019:05:06 14:41:45 208931 807.1922
2019:05:06 14:41:45 209341 397.8051
2019:05:06 14:41:45 209764 405.9784
2019:05:06 14:41:45 210576 409.3088
2019:05:06 14:41:45 210999 412.2853
2019:05:06 14:41:45 211394 218.9949
2019:05:06 14:41:45 211814 408.9735
2019:05:06 14:41:45 212622 409.1039
2019:05:06 14:41:45 213043 410.0874
2019:05:06 14:41:45 213456 230.6513
2019:05:06 14:41:45 214267 406.1908
2019:05:06 14:41:45 214687 409.6553
2019:05:06 14:41:45 215274 191.1074
2019:05:06 14:41:45 215891 412.7324
2019:05:06 14:41:45 216722 424.4186
2019:05:06 14:41:45 217169 436.9654
2019:05:06 14:41:45 241363 24168.6851
2019:05:06 14:41:45 242116 392.5674
2019:05:06 14:41:45 242925 791.8067
2019:05:06 14:41:45 243744 414.5391
2019:05:06 14:41:45 244179 247.5567
2019:05:06 14:41:45 244989 427.1828
2019:05:06 14:41:45 277354 24173.1293
2019:05:06 14:41:45 278155 790.6519
2019:05:06 14:41:45 278575 406.6415
2019:05:06 14:41:45 278982 231.0686
2019:05:06 14:41:45 279813 438.9323
2019:05:06 14:41:45 280601 407.2748
2019:05:06 14:41:45 280805 188.7679
2019:05:06 14:41:45 281443 423.3755
2019:05:06 14:41:45 282252 795.3309
2019:05:06 14:41:45 282671 407.6138
2019:05:06 14:41:45 283064 216.9423
2019:05:06 14:41:45 283488 414.2039
2019:05:06 14:41:45 284293 408.5265
2019:05:06 14:41:45 284715 412.1140
2019:05:06 14:41:45 285113 219.5351
2019:05:06 14:41:45 285538 412.6728
2019:05:06 14:41:45 286349 415.8244
2019:05:06 14:41:45 286944 193.4990
2019:05:06 14:41:45 287570 413.9543
2019:05:06 14:41:45 288382 800.5165
2019:05:06 14:41:45 288803 410.1582
2019:05:06 14:41:45 289228 204.1981
2019:05:06 14:41:45 313365 24128.3327
2019:05:06 14:41:45 321586 402.4431
2019:05:06 14:41:45 321982 217.5011
2019:05:06 14:41:45 322796 411.0262
2019:05:06 14:41:45 323222 414.9824
2019:05:06 14:41:45 323808 187.3747
2019:05:06 14:41:45 324041 221.7256
2019:05:06 14:41:45 324852 406.9172
2019:05:06 14:41:45 325276 413.2539
2019:05:06 14:41:45 349825 470.3961
2019:05:06 14:41:45 350424 580.8547
2019:05:06 14:41:45 350653 218.2163
2019:05:06 14:41:45 351474 418.0484
2019:05:06 14:41:45 352285 409.5808
2019:05:06 14:41:45 352686 390.4663
2019:05:06 14:41:45 353509 809.1144
2019:05:06 14:41:45 353931 409.3088
2019:05:06 14:41:45 354519 193.1675
2019:05:06 14:41:45 354757 223.1263
2019:05:06 14:41:45 355562 406.0566
2019:05:06 14:41:45 355986 409.5063
2019:05:06 14:41:45 356567 190.2319
2019:05:06 14:41:45 357193 610.4596
2019:05:06 14:41:45 358010 792.2538
2019:05:06 14:41:45 358610 588.4543
2019:05:06 14:41:45 358848 227.1943
2019:05:06 14:41:45 359660 419.5683
2019:05:06 14:41:45 360480 414.6583
2019:05:06 14:41:45 360888 228.5726
2019:05:06 14:41:45 396977 11617.7946
2019:05:06 14:41:45 421364 24373.5276
2019:05:06 14:41:45 457354 24350.3116
2019:05:06 14:41:45 457958 595.1673
2019:05:06 14:41:45 458388 419.7583
2019:05:06 14:41:45 458972 187.8068
2019:05:06 14:41:45 459206 220.8166
2019:05:06 14:41:45 460024 413.8984
2019:05:06 14:41:45 460830 410.2550
2019:05:06 14:41:45 461034 193.7151
2019:05:06 14:41:45 461669 425.8268
2019:05:06 14:41:45 462467 791.2442
2019:05:06 14:41:45 462890 411.9575
2019:05:06 14:41:45 463281 225.7340
2019:05:06 14:41:45 463714 410.3929
2019:05:06 14:41:45 464515 409.0443
2019:05:06 14:41:45 464944 414.3566
2019:05:06 14:41:45 465353 235.2707
2019:05:06 14:41:45 466162 424.1839
2019:05:06 14:41:45 466972 413.1272
2019:05:06 14:41:45 467371 389.0432
2019:05:06 14:41:45 468203 816.9897
2019:05:06 14:41:45 469016 801.5819
2019:05:06 14:41:45 493365 24337.6158
2019:05:06 14:41:45 529353 24255.3204
2019:05:06 14:41:45 565361 35998.0315
2019:05:06 14:41:45 566084 604.3017
2019:05:06 14:41:45 566903 806.2124
2019:05:06 14:41:45 567330 412.0991
2019:05:06 14:41:45 567718 216.6703
2019:05:06 14:41:45 568149 417.9925
2019:05:06 14:41:45 568955 413.1906
2019:05:06 14:41:45 569382 410.9032
2019:05:06 14:41:45 569780 226.8590
2019:05:06 14:41:45 570600 423.5394
2019:05:06 14:41:45 571404 408.6792
2019:05:06 14:41:45 571608 189.0771
2019:05:06 14:41:45 572236 416.6886
2019:05:06 14:41:45 573046 796.0759
2019:05:06 14:41:45 573475 417.9403
2019:05:06 14:41:45 573874 228.3752
2019:05:06 14:41:45 574294 407.8224
2019:05:06 14:41:45 575097 409.2194
2019:05:06 14:41:45 575524 407.5095
2019:05:06 14:41:45 575919 223.4913
2019:05:06 14:41:45 576343 411.8308
2019:05:06 14:41:45 601354 24618.7225
2019:05:06 14:41:45 641367 40002.4280
2019:05:06 14:41:45 642269 416.0963
2019:05:06 14:41:45 643088 412.2220
2019:05:06 14:41:45 643497 398.6806
2019:05:06 14:41:45 644316 805.3370
2019:05:06 14:41:45 645138 808.7084
2019:05:06 14:41:45 645541 391.1443
2019:05:06 14:41:45 645963 409.1747
2019:05:06 14:41:45 646782 416.7408
2019:05:06 14:41:45 647381 196.1775
2019:05:06 14:41:45 648010 416.7557
2019:05:06 14:41:45 648830 415.5003
2019:05:06 14:41:45 684924 7567.6218
2019:05:06 14:41:45 685693 414.6583
2019:05:06 14:41:45 686277 186.1267
2019:05:06 14:41:45 686512 223.2417
2019:05:06 14:41:45 687315 410.0166
2019:05:06 14:41:45 687738 412.0097
2019:05:06 14:41:45 688324 189.5204
2019:05:06 14:41:45 688563 228.7887
2019:05:06 14:41:45 713354 24393.7783
2019:05:06 14:41:45 713948 585.1164
2019:05:06 14:41:45 714758 409.3572
2019:05:06 14:41:45 714959 189.5055
2019:05:06 14:41:45 715576 408.9959
2019:05:06 14:41:45 715996 408.7836
2019:05:06 14:41:45 716805 408.7761
2019:05:06 14:41:45 717214 397.7902
2019:05:06 14:41:45 718034 806.7340
2019:05:06 14:41:45 718462 411.8681
2019:05:06 14:41:45 719046 191.2937
2019:05:06 14:41:45 719672 606.1755
2019:05:06 14:41:45 720498 806.9985
2019:05:06 14:41:45 720919 408.9139
2019:05:06 14:41:45 721328 232.2420
2019:05:06 14:41:45 722159 420.2090
2019:05:06 14:41:45 722961 409.9943
2019:05:06 14:41:45 723363 392.2544
2019:05:06 14:41:45 724178 791.1436
2019:05:06 14:41:45 724603 411.0076
2019:05:06 14:41:45 725198 200.8528
2019:05:06 14:41:45 749362 24154.3315
2019:05:06 14:41:45 750076 404.1940
2019:05:06 14:41:45 750900 418.1489
2019:05:06 14:41:45 751319 407.8262
2019:05:06 14:41:45 751716 249.8180
2019:05:06 14:41:45 752146 419.2591
2019:05:06 14:41:45 752951 410.1954
2019:05:06 14:41:45 753377 416.6737
2019:05:06 14:41:45 753776 261.3477
2019:05:06 14:41:45 754583 800.3302
2019:05:06 14:41:45 755403 810.5412
2019:05:06 14:41:45 755577 163.9612
2019:05:06 14:41:45 756234 419.1212
2019:05:06 14:41:45 757042 409.6366
2019:05:06 14:41:45 757476 420.8349
2019:05:06 14:41:45 757883 266.5482
2019:05:06 14:41:45 758701 421.5986
2019:05:06 14:41:45 759499 407.6809
2019:05:06 14:41:45 759912 395.4880
2019:05:06 14:41:45 760728 797.9609
2019:05:06 14:41:45 761172 425.3089
2019:05:06 14:41:45 785740 384.3792
2019:05:06 14:41:45 786528 404.2611
2019:05:06 14:41:45 787348 799.6485
2019:05:06 14:41:45 787775 411.7563
2019:05:06 14:41:45 788575 407.7666
2019:05:06 14:41:45 789398 812.2511
2019:05:06 14:41:45 789842 433.0166
2019:05:06 14:41:45 790623 394.5306
2019:05:06 14:41:45 791443 801.3397
2019:05:06 14:41:45 791872 410.7431
2019:05:06 14:41:45 792426 163.3093
2019:05:06 14:41:45 793114 433.1246
2019:05:06 14:41:45 793901 406.5596
2019:05:06 14:41:45 794331 411.7228
2019:05:06 14:41:45 794738 261.8805
2019:05:06 14:41:45 795558 429.4813
2019:05:06 14:41:45 796373 420.6263
2019:05:06 14:41:45 796787 263.9815
2019:05:06 14:41:45 821354 24173.5727
2019:05:06 14:41:45 822157 793.3006
2019:05:06 14:41:45 822588 415.9436
2019:05:06 14:41:45 823136 158.9842
2019:05:06 14:41:45 823807 416.8935
2019:05:06 14:41:45 824628 418.5401
2019:05:06 14:41:45 825048 408.8171
2019:05:06 14:41:45 825466 269.8526
2019:05:06 14:41:45 826286 413.2241
2019:05:06 14:41:45 827094 418.7003
2019:05:06 14:41:45 827506 397.7939
2019:05:06 14:41:45 828329 426.7283
2019:05:06 14:41:45 829138 422.5485
2019:05:06 14:41:45 829541 377.1521
2019:05:06 14:41:45 830361 806.4732
2019:05:06 14:41:45 830784 406.6601
2019:05:06 14:41:45 831581 403.5532
2019:05:06 14:41:45 832402 804.2119
2019:05:06 14:41:45 832826 413.5482
2019:05:06 14:41:45 851479 18258.4375
2019:05:06 14:41:45 852060 572.9422
2019:05:06 14:41:45 852881 811.1149
2019:05:06 14:41:45 853322 425.0929
2019:05:06 14:41:45 853867 153.8582
2019:05:06 14:41:45 854538 421.2223
2019:05:06 14:41:45 855346 410.0837
2019:05:06 14:41:45 855773 412.7435
2019:05:06 14:41:45 856172 256.9556
2019:05:06 14:41:45 856994 420.9876
2019:05:06 14:41:45 857806 410.9256
2019:05:06 14:41:45 858215 262.4989
2019:05:06 14:41:45 859032 409.7149
2019:05:06 14:41:45 859846 411.6558
2019:05:06 14:41:45 860262 258.7810
2019:05:06 14:41:45 861079 412.6914
2019:05:06 14:41:45 869367 8266.1174
2019:05:06 14:41:45 873388 394.5343
2019:05:06 14:41:45 874190 405.1290
2019:05:06 14:41:45 874600 400.4054
2019:05:06 14:41:45 875427 429.1646
2019:05:06 14:41:45 876224 409.5919
2019:05:06 14:41:45 876638 395.1751
2019:05:06 14:41:45 877457 804.2529
2019:05:06 14:41:45 877883 407.5840
2019:05:06 14:41:45 878430 159.3679
2019:05:06 14:41:45 878712 267.0102
2019:05:06 14:41:45 879523 428.8442
2019:05:06 14:41:45 880319 409.0779
2019:05:06 14:41:45 880728 391.8521
2019:05:06 14:41:45 905354 24615.6529
2019:05:06 14:41:45 913135 7772.9002
2019:05:06 14:41:45 913912 663.3475
2019:05:06 14:41:45 914339 414.5093
2019:05:06 14:41:45 915144 416.7594
2019:05:06 14:41:45 915314 158.4888
2019:05:06 14:41:45 915978 417.2474
2019:05:06 14:41:45 916790 414.1368
2019:05:06 14:41:45 941354 24165.6415
2019:05:06 14:41:45 945070 3709.1412
2019:05:06 14:41:45 945890 429.0044
2019:05:06 14:41:45 946294 265.1885
2019:05:06 14:41:45 947103 420.6039
2019:05:06 14:41:45 947899 409.2269
2019:05:06 14:41:45 948315 397.7306
2019:05:06 14:41:45 977354 29024.9027
2019:05:06 14:41:45 981095 3731.8952
2019:05:06 14:41:45 981917 421.6880
2019:05:06 14:41:45 982726 417.2735
2019:05:06 14:41:45 983124 383.9843
2019:05:06 14:41:45 983951 803.2732
2019:05:06 14:41:45 984377 408.5861
2019:05:06 14:41:46 13353 28579.5517
2019:05:06 14:41:46 21275 7914.8784
2019:05:06 14:41:46 22038 398.4012
2019:05:06 14:41:46 22852 801.7421
2019:05:06 14:41:46 23277 410.5084
2019:05:06 14:41:46 23840 161.4504
2019:05:06 14:41:46 24505 415.9138
2019:05:06 14:41:46 25317 410.5680
2019:05:06 14:41:46 49364 24036.8918
2019:05:06 14:41:46 49906 386.8528
2019:05:06 14:41:46 50465 162.2029
2019:05:06 14:41:46 51125 418.2607
2019:05:06 14:41:46 51934 409.0816
2019:05:06 14:41:46 52358 406.7644
2019:05:06 14:41:46 52766 261.1019
2019:05:06 14:41:46 53584 807.9819
2019:05:06 14:41:46 54397 799.6634
2019:05:06 14:41:46 54808 401.8247
2019:05:06 14:41:46 56037 810.0495
2019:05:06 14:41:46 56856 409.2306
2019:05:06 14:41:46 97566 210.7993
2019:05:06 14:41:46 98216 637.5350
2019:05:06 14:41:46 98645 418.0111
2019:05:06 14:41:46 99462 417.5827
2019:05:06 14:41:46 100278 664.3981
2019:05:06 14:41:46 101102 812.6609
2019:05:06 14:41:46 101663 554.9453
2019:05:06 14:41:46 102315 412.3077
2019:05:06 14:41:46 103145 423.2638
2019:05:06 14:41:46 103560 403.9742
2019:05:06 14:41:46 103957 250.0527
2019:05:06 14:41:46 104384 415.6455
2019:05:06 14:41:46 105225 448.3648
2019:05:06 14:41:46 105625 389.2593
2019:05:06 14:41:46 106013 253.0999
2019:05:06 14:41:46 106833 416.4875
2019:05:06 14:41:46 107648 418.6518
2019:05:06 14:41:46 108045 386.5585
2019:05:06 14:41:46 108865 802.5318
2019:05:06 14:41:46 109285 409.3014
2019:05:06 14:41:46 133858 502.6720
2019:05:06 14:41:46 134423 546.5709
2019:05:06 14:41:46 135099 664.2602
2019:05:06 14:41:46 135515 404.9353
2019:05:06 14:41:46 136319 409.5249
2019:05:06 14:41:46 136727 394.1208
2019:05:06 14:41:46 137547 800.5276
2019:05:06 14:41:46 137961 395.1453
2019:05:06 14:41:46 138763 401.3516
2019:05:06 14:41:46 139583 808.9989
2019:05:06 14:41:46 140009 414.7217
2019:05:06 14:41:46 140562 159.6846
2019:05:06 14:41:46 141257 683.9335
2019:05:06 14:41:46 142055 786.3119
2019:05:06 14:41:46 142487 410.4860
2019:05:06 14:41:46 142883 256.3521
2019:05:06 14:41:46 143702 422.0605
2019:05:06 14:41:46 144510 408.3961
2019:05:06 14:41:46 144916 390.6824
2019:05:06 14:41:46 169353 24422.8244
2019:05:06 14:41:46 169915 552.5276
2019:05:06 14:41:46 170338 410.5754
2019:05:06 14:41:46 171131 409.7037
2019:05:06 14:41:46 171551 394.1134
2019:05:06 14:41:46 172363 790.1490
2019:05:06 14:41:46 172805 415.6418
2019:05:06 14:41:46 173352 163.0522
2019:05:06 14:41:46 174013 420.9727
2019:05:06 14:41:46 174828 417.5268
2019:05:06 14:41:46 175255 407.3977
2019:05:06 14:41:46 175660 263.4488
2019:05:06 14:41:46 176478 431.7276
2019:05:06 14:41:46 177286 418.8940
2019:05:06 14:41:46 177678 379.7524
2019:05:06 14:41:46 178110 422.1201
2019:05:06 14:41:46 178915 414.2113
2019:05:06 14:41:46 179492 176.2323
2019:05:06 14:41:46 180139 409.3237
2019:05:06 14:41:46 180567 416.7892
2019:05:06 14:41:46 205354 24399.8319
2019:05:06 14:41:46 205946 583.0266
2019:05:06 14:41:46 206349 389.6989
2019:05:06 14:41:46 207164 804.5509
2019:05:06 14:41:46 207589 408.9884
2019:05:06 14:41:46 208143 159.7144
2019:05:06 14:41:46 208812 415.1538
2019:05:06 14:41:46 209636 414.6099
2019:05:06 14:41:46 210198 162.8473
2019:05:06 14:41:46 210455 246.1188
2019:05:06 14:41:46 211264 406.0678
2019:05:06 14:41:46 211687 411.7377
2019:05:06 14:41:46 212239 159.2413
2019:05:06 14:41:46 212504 254.4262
2019:05:06 14:41:46 213311 408.6196
2019:05:06 14:41:46 213750 420.4996
2019:05:06 14:41:46 214291 158.2652
2019:05:06 14:41:46 214964 418.5960
2019:05:06 14:41:46 215783 417.8397
2019:05:06 14:41:46 216212 418.0148
2019:05:06 14:41:46 216618 267.2188
2019:05:06 14:41:46 241363 24358.6488
2019:05:06 14:41:46 242008 406.5931
2019:05:06 14:41:46 242804 410.9554
2019:05:06 14:41:46 242985 157.4457
2019:05:06 14:41:46 243643 416.4688
2019:05:06 14:41:46 244062 406.0641
2019:05:06 14:41:46 244862 410.2960
2019:05:06 14:41:46 245270 389.6691
2019:05:06 14:41:46 246084 803.3477
2019:05:06 14:41:46 246511 401.9849
2019:05:06 14:41:46 247062 156.5404
2019:05:06 14:41:46 247730 417.3927
2019:05:06 14:41:46 248537 410.0613
2019:05:06 14:41:46 248972 413.6749
2019:05:06 14:41:46 277354 24280.6152
2019:05:06 14:41:46 277775 411.3987
2019:05:06 14:41:46 278450 422.3250
2019:05:06 14:41:46 279251 405.4680
2019:05:06 14:41:46 279675 409.9272
2019:05:06 14:41:46 280080 260.1705
2019:05:06 14:41:46 280503 409.2678
2019:05:06 14:41:46 281302 409.1784
2019:05:06 14:41:46 281741 415.6940
2019:05:06 14:41:46 282150 277.7725
2019:05:06 14:41:46 282970 418.9499
2019:05:06 14:41:46 283765 409.1710
2019:05:06 14:41:46 284179 394.8323
2019:05:06 14:41:46 284990 788.5769
2019:05:06 14:41:46 309367 24358.4923
2019:05:06 14:41:46 333317 371.0426
2019:05:06 14:41:46 334136 808.1980
2019:05:06 14:41:46 334558 411.3428
2019:05:06 14:41:46 335114 159.7293
2019:05:06 14:41:46 335781 656.5340
2019:05:06 14:41:46 336203 410.3072
2019:05:06 14:41:46 337009 412.8888
2019:05:06 14:41:46 361360 24334.1252
2019:05:06 14:41:46 361987 618.5435
2019:05:06 14:41:46 362810 811.5843
2019:05:06 14:41:46 363232 409.1039
2019:05:06 14:41:46 363783 158.8911
2019:05:06 14:41:46 364454 417.1468
2019:05:06 14:41:46 365268 410.4935
2019:05:06 14:41:46 365697 415.3810
2019:05:06 14:41:46 366102 266.1012
2019:05:06 14:41:46 366921 412.3971
2019:05:06 14:41:46 367728 406.9284
2019:05:06 14:41:46 368138 395.6072
2019:05:06 14:41:46 368954 801.8352
2019:05:06 14:41:46 397365 28400.7192
2019:05:06 14:41:46 405425 405.2743
2019:05:06 14:41:46 406225 407.7852
2019:05:06 14:41:46 406792 554.6026
2019:05:06 14:41:46 407058 258.0881
2019:05:06 14:41:46 407868 414.9564
2019:05:06 14:41:46 408677 410.1619
2019:05:06 14:41:46 409086 398.7439
2019:05:06 14:41:46 433363 24265.5203
2019:05:06 14:41:46 433683 242.6319
2019:05:06 14:41:46 434498 417.3927
2019:05:06 14:41:46 435300 409.0033
2019:05:06 14:41:46 435473 162.2289
2019:05:06 14:41:46 436143 417.3964
2019:05:06 14:41:46 436945 409.6553
2019:05:06 14:41:46 437376 421.0621
2019:05:06 14:41:46 437772 259.5596
2019:05:06 14:41:46 438591 416.2267
2019:05:06 14:41:46 439406 413.4402
2019:05:06 14:41:46 439817 400.7481
2019:05:06 14:41:46 440634 416.4800
2019:05:06 14:41:46 469355 28321.4450
2019:05:06 14:41:46 470120 755.9359
2019:05:06 14:41:46 470295 162.6350
2019:05:06 14:41:46 470958 427.3988
2019:05:06 14:41:46 471761 416.4651
2019:05:06 14:41:46 472184 411.8644
2019:05:06 14:41:46 472584 254.7428
2019:05:06 14:41:46 473402 808.1384
2019:05:06 14:41:46 473829 413.3768
2019:05:06 14:41:46 474625 397.8200
2019:05:06 14:41:46 475452 812.4970
2019:05:06 14:41:46 476266 803.3291
2019:05:06 14:41:46 476685 407.9714
2019:05:06 14:41:46 477491 399.2170
2019:05:06 14:41:46 477920 403.1584
2019:05:06 14:41:46 478715 404.3244
2019:05:06 14:41:46 479536 800.6059
2019:05:06 14:41:46 479960 404.5106
2019:05:06 14:41:46 480762 405.7959
2019:05:06 14:41:46 505354 24571.7168
2019:05:06 14:41:46 506169 807.7770
2019:05:06 14:41:46 506596 410.9666
2019:05:06 14:41:46 507386 396.5683
2019:05:06 14:41:46 508207 802.1332
2019:05:06 14:41:46 508633 408.5228
2019:05:06 14:41:46 509186 159.8522
2019:05:06 14:41:46 509859 419.0691
2019:05:06 14:41:46 510668 410.2662
2019:05:06 14:41:46 511096 412.1512
2019:05:06 14:41:46 511505 268.6866
2019:05:06 14:41:46 512316 420.4363
2019:05:06 14:41:46 513122 409.7223
2019:05:06 14:41:46 513531 381.1158
2019:05:06 14:41:46 514352 809.4832
2019:05:06 14:41:46 515577 815.2835
2019:05:06 14:41:46 516400 812.8434
2019:05:06 14:41:46 533354 16545.2845
2019:05:06 14:41:46 533771 407.8224
2019:05:06 14:41:46 534430 412.9820
2019:05:06 14:41:46 535246 416.4092
2019:05:06 14:41:46 535670 413.0937
2019:05:06 14:41:46 536076 257.5852
2019:05:06 14:41:46 536897 419.6353
2019:05:06 14:41:46 537725 402.6294
2019:05:06 14:41:46 538119 384.2749
2019:05:06 14:41:46 538942 421.7736
2019:05:06 14:41:46 539745 409.7372
2019:05:06 14:41:46 540158 397.1756
2019:05:06 14:41:46 540977 799.1195
2019:05:06 14:41:46 541405 412.9112
2019:05:06 14:41:46 542202 403.7991
2019:05:06 14:41:46 543028 811.1224
2019:05:06 14:41:46 543446 408.3142
2019:05:06 14:41:46 544251 406.1386
2019:05:06 14:41:46 545073 807.5945
2019:05:06 14:41:46 569364 24276.7371
2019:05:06 14:41:46 570083 403.3782
2019:05:06 14:41:46 570631 159.7889
2019:05:06 14:41:46 571306 422.1499
2019:05:06 14:41:46 572110 409.6068
2019:05:06 14:41:46 572543 416.9345
2019:05:06 14:41:46 572952 273.3618
2019:05:06 14:41:46 573768 408.0571
2019:05:06 14:41:46 574575 417.0686
2019:05:06 14:41:46 574973 386.5846
2019:05:06 14:41:46 575792 799.1306
2019:05:06 14:41:46 576221 408.8916
2019:05:06 14:41:46 576777 158.6825
2019:05:06 14:41:46 577060 271.5960
2019:05:06 14:41:46 577860 411.0001
2019:05:06 14:41:46 578674 405.4718
2019:05:06 14:41:46 579077 388.1939
2019:05:06 14:41:46 579909 431.7574
2019:05:06 14:41:46 580704 409.3684
2019:05:06 14:41:46 580885 157.4904
2019:05:06 14:41:46 605355 24224.6240
2019:05:06 14:41:46 605753 390.2614
2019:05:06 14:41:46 606531 429.7979
2019:05:06 14:41:46 607334 409.0853
2019:05:06 14:41:46 607508 159.3046
2019:05:06 14:41:46 608184 430.1742
2019:05:06 14:41:46 608984 792.9392
2019:05:06 14:41:46 641362 32363.9177
2019:05:06 14:41:46 642157 383.1461
2019:05:06 14:41:46 642563 253.6178
2019:05:06 14:41:46 643372 406.6862
2019:05:06 14:41:46 643801 418.2719
2019:05:06 14:41:46 644354 162.3407
2019:05:06 14:41:46 644613 248.5961
2019:05:06 14:41:46 645420 405.2855
2019:05:06 14:41:46 645862 415.6604
2019:05:06 14:41:46 646400 156.1977
2019:05:06 14:41:46 647079 418.7264
2019:05:06 14:41:46 647895 418.5960
2019:05:06 14:41:46 648318 409.5212
2019:05:06 14:41:46 649114 421.1105
2019:05:06 14:41:46 649921 406.5111
2019:05:06 14:41:46 650348 407.8895
2019:05:06 14:41:46 650760 267.3678
2019:05:06 14:41:46 651587 432.4205
2019:05:06 14:41:46 652383 409.9719
2019:05:06 14:41:46 652789 385.1838
2019:05:06 14:41:46 685355 32539.4012
2019:05:06 14:41:46 685991 628.2106
2019:05:06 14:41:46 686789 791.5571
2019:05:06 14:41:46 687209 406.4143
2019:05:06 14:41:46 687615 257.1382
2019:05:06 14:41:46 688432 415.8877
2019:05:06 14:41:46 689242 409.9458
2019:05:06 14:41:46 689667 410.1582
2019:05:06 14:41:46 690083 405.4569
2019:05:06 14:41:46 690880 409.4727
2019:05:06 14:41:46 691313 409.6478
2019:05:06 14:41:46 691713 263.5606
2019:05:06 14:41:46 692530 417.5417
2019:05:06 14:41:46 721363 28434.2356
2019:05:06 14:41:46 733100 11728.1266
2019:05:06 14:41:46 769139 11782.2401
2019:05:06 14:41:46 793354 24207.3610
2019:05:06 14:41:46 793855 492.2971
2019:05:06 14:41:46 794533 427.7490
2019:05:06 14:41:46 795336 408.8320
2019:05:06 14:41:46 795760 410.9405
2019:05:06 14:41:46 796158 257.9466
2019:05:06 14:41:46 796979 415.5412
2019:05:06 14:41:46 797799 415.3885
2019:05:06 14:41:46 798201 388.3056
2019:05:06 14:41:46 799021 806.0858
2019:05:06 14:41:46 799446 411.9687
2019:05:06 14:41:46 799996 155.8438
2019:05:06 14:41:46 800672 420.9727
2019:05:06 14:41:46 841366 40298.1639
2019:05:06 14:41:46 842042 411.7861
2019:05:06 14:41:46 842844 408.7575
2019:05:06 14:41:46 843244 388.8756
2019:05:06 14:41:46 844063 803.5190
2019:05:06 14:41:46 844491 409.5100
2019:05:06 14:41:46 845047 159.2971
2019:05:06 14:41:46 845719 423.4351
2019:05:06 14:41:46 846522 411.2348
2019:05:06 14:41:46 846949 413.7158
2019:05:06 14:41:46 847355 261.9252
2019:05:06 14:41:46 848171 417.9105
2019:05:06 14:41:46 848979 409.8862
2019:05:06 14:41:46 849390 397.7604
2019:05:06 14:41:46 850208 805.5680
2019:05:06 14:41:46 850640 413.0006
2019:05:06 14:41:46 851191 160.1726
2019:05:06 14:41:46 851850 407.7703
2019:05:06 14:41:46 852665 409.6031
2019:05:06 14:41:46 853089 410.1172
2019:05:06 14:41:46 865354 12120.0606
2019:05:06 14:41:46 865772 407.2376
2019:05:06 14:41:46 866594 808.4998
2019:05:06 14:41:46 867410 801.5484
2019:05:06 14:41:46 867825 400.1856
2019:05:06 14:41:46 868643 805.6350
2019:05:06 14:41:46 869074 415.5934
2019:05:06 14:41:46 869870 396.8962
2019:05:06 14:41:46 870698 818.9380
2019:05:06 14:41:46 871513 803.3179
2019:05:06 14:41:46 871921 395.5588
2019:05:06 14:41:46 872741 806.5701
2019:05:06 14:41:46 873556 801.4664
2019:05:06 14:41:46 873980 399.1164
2019:05:06 14:41:46 874793 803.2620
2019:05:06 14:41:46 875224 407.8560
2019:05:06 14:41:46 875769 159.7740
2019:05:06 14:41:46 876437 418.6220
2019:05:06 14:41:46 877249 410.6350
2019:05:06 14:41:46 901362 24100.7619
2019:05:06 14:41:46 902238 419.7992
2019:05:06 14:41:46 902653 264.5962
2019:05:06 14:41:46 903461 406.3025
2019:05:06 14:41:46 903887 415.7089
2019:05:06 14:41:46 904684 404.5628
2019:05:06 14:41:46 905506 810.8877
2019:05:06 14:41:46 905929 411.0448
2019:05:06 14:41:46 906731 407.7964
2019:05:06 14:41:46 907552 809.9005
2019:05:06 14:41:46 907976 413.0527
2019:05:06 14:41:46 908776 404.6336
2019:05:06 14:41:46 909600 812.5231
2019:05:06 14:41:46 910037 418.4209
2019:05:06 14:41:46 910584 154.3388
2019:05:06 14:41:46 911252 418.9834
2019:05:06 14:41:46 912076 422.1760
2019:05:06 14:41:46 912497 410.3072
2019:05:06 14:41:46 912894 255.6555
2019:05:06 14:41:46 937365 24065.4238
2019:05:06 14:41:46 937877 395.5886
2019:05:06 14:41:46 938686 414.2635
2019:05:06 14:41:46 939118 413.3545
2019:05:06 14:41:46 939522 261.2956
2019:05:06 14:41:46 940335 419.9483
2019:05:06 14:41:46 941146 413.3023
2019:05:06 14:41:46 941546 387.4302
2019:05:06 14:41:46 942373 803.2098
2019:05:06 14:41:46 942796 412.9112
2019:05:06 14:41:46 943350 158.0976
2019:05:06 14:41:46 943624 262.8453
2019:05:06 14:41:46 944428 412.7845
2019:05:06 14:41:46 944851 410.7282
2019:05:06 14:41:46 945414 161.8713
2019:05:06 14:41:46 946067 413.3731
2019:05:06 14:41:46 946489 407.0327
2019:05:06 14:41:46 947294 409.4727
2019:05:06 14:41:46 947703 394.5418
2019:05:06 14:41:46 948522 803.2694
2019:05:06 14:41:46 948949 406.1237
2019:05:06 14:41:46 985363 36023.7099
2019:05:06 14:41:46 986207 423.3159
2019:05:06 14:41:46 986614 258.4532
2019:05:06 14:41:46 987432 411.4322
2019:05:06 14:41:46 987851 408.2806
2019:05:06 14:41:46 988412 164.8888
2019:05:06 14:41:46 989078 418.9387
2019:05:06 14:41:46 989885 408.7389
2019:05:06 14:41:46 990306 410.8623
2019:05:06 14:41:46 991113 417.3853
2019:05:06 14:41:46 991931 414.7366
2019:05:06 14:41:46 992357 413.5072
2019:05:06 14:41:47 21355 28610.4493
2019:05:06 14:41:47 25125 3762.8822
2019:05:06 14:41:47 25543 274.4310
2019:05:06 14:41:47 26334 404.4808
2019:05:06 14:41:47 26754 405.8145
2019:05:06 14:41:47 27560 408.8134
2019:05:06 14:41:47 28379 808.0490
2019:05:06 14:41:47 28804 414.0139
2019:05:06 14:41:47 29374 136.7144
2019:05:06 14:41:47 30018 632.5953
2019:05:06 14:41:47 30442 410.0315
2019:05:06 14:41:47 31255 417.8248
2019:05:06 14:41:47 31659 392.0197
2019:05:06 14:41:47 32085 415.2656
2019:05:06 14:41:47 32888 408.8357
2019:05:06 14:41:47 33313 409.1784
2019:05:06 14:41:47 53779 424.6384
2019:05:06 14:41:47 54196 265.6989
2019:05:06 14:41:47 55021 429.6526
2019:05:06 14:41:47 55818 409.6366
2019:05:06 14:41:47 56000 163.1491
2019:05:06 14:41:47 56668 418.7264
2019:05:06 14:41:47 65242 8180.3240
2019:05:06 14:41:47 89364 24104.3568
2019:05:06 14:41:47 90228 414.9228
2019:05:06 14:41:47 90790 158.2690
2019:05:06 14:41:47 91056 254.7987
2019:05:06 14:41:47 91860 409.5621
2019:05:06 14:41:47 92282 410.6462
2019:05:06 14:41:47 92838 159.2264
2019:05:06 14:41:47 93107 251.6881
2019:05:06 14:41:47 93932 418.7897
2019:05:06 14:41:47 94729 410.9703
2019:05:06 14:41:47 95144 387.1918
2019:05:06 14:41:47 95956 800.0322
2019:05:06 14:41:47 96390 410.0092
2019:05:06 14:41:47 96943 166.3975
2019:05:06 14:41:47 97609 646.7253
2019:05:06 14:41:47 98045 422.5448
2019:05:06 14:41:47 98834 408.2508
2019:05:06 14:41:47 99240 389.5536
2019:05:06 14:41:47 100059 797.0519
2019:05:06 14:41:47 100490 414.0362
2019:05:06 14:41:47 121360 20480.4167
2019:05:06 14:41:47 121788 420.0377
2019:05:06 14:41:47 122595 422.3995
2019:05:06 14:41:47 123408 412.9596
2019:05:06 14:41:47 123820 256.4341
2019:05:06 14:41:47 124637 412.7249
2019:05:06 14:41:47 157354 32310.9441
2019:05:06 14:41:47 161149 3783.7625
2019:05:06 14:41:47 161928 423.2749
2019:05:06 14:41:47 162476 158.3248
2019:05:06 14:41:47 163144 414.7962
2019:05:06 14:41:47 163956 409.3982
2019:05:06 14:41:47 164388 406.0753
2019:05:06 14:41:47 164806 272.8291
2019:05:06 14:41:47 165613 412.1587
2019:05:06 14:41:47 166420 410.0464
2019:05:06 14:41:47 166822 388.6521
2019:05:06 14:41:47 167639 792.4065
2019:05:06 14:41:47 168071 414.0921
2019:05:06 14:41:47 168621 158.6936
2019:05:06 14:41:47 169283 417.1729
2019:05:06 14:41:47 193854 497.8888
2019:05:06 14:41:47 194670 798.6762
2019:05:06 14:41:47 195102 419.0952
2019:05:06 14:41:47 195492 253.3942
2019:05:06 14:41:47 195924 419.3299
2019:05:06 14:41:47 196740 416.9606
2019:05:06 14:41:47 233205 3851.4547
2019:05:06 14:41:47 233999 775.8699
2019:05:06 14:41:47 234399 377.5097
2019:05:06 14:41:47 235219 797.9795
2019:05:06 14:41:47 235652 413.5482
2019:05:06 14:41:47 236204 158.3993
2019:05:06 14:41:47 236869 418.5997
2019:05:06 14:41:47 265355 24382.0548
2019:05:06 14:41:47 268984 3620.6916
2019:05:06 14:41:47 269637 418.2458
2019:05:06 14:41:47 270440 406.6713
2019:05:06 14:41:47 270865 409.2194
2019:05:06 14:41:47 271275 266.2130
2019:05:06 14:41:47 272097 421.4309
2019:05:06 14:41:47 272897 407.4536
2019:05:06 14:41:47 273305 392.9399
2019:05:06 14:41:47 274125 807.9000
2019:05:06 14:41:47 274553 413.9245
2019:05:06 14:41:47 275105 159.4722
2019:05:06 14:41:47 275784 663.5450
2019:05:06 14:41:47 276203 406.2839
2019:05:06 14:41:47 277003 407.8895
2019:05:06 14:41:47 277423 399.0754
2019:05:06 14:41:47 278231 797.7299
2019:05:06 14:41:47 278659 410.8250
2019:05:06 14:41:47 279210 159.4499
2019:05:06 14:41:47 279887 424.5862
2019:05:06 14:41:47 280690 411.0262
2019:05:06 14:41:47 297360 16653.5415
2019:05:06 14:41:47 297890 523.4964
2019:05:06 14:41:47 298707 410.8511
2019:05:06 14:41:47 299525 416.6216
2019:05:06 14:41:47 299939 262.0220
2019:05:06 14:41:47 300750 409.5659
2019:05:06 14:41:47 301568 411.4471
2019:05:06 14:41:47 301745 165.1272
2019:05:06 14:41:47 302396 416.1857
2019:05:06 14:41:47 303212 417.8956
2019:05:06 14:41:47 303773 548.7986
2019:05:06 14:41:47 304043 259.7235
2019:05:06 14:41:47 304847 407.6920
2019:05:06 14:41:47 305306 448.3871
2019:05:06 14:41:47 305833 155.3372
2019:05:06 14:41:47 306491 416.0404
2019:05:06 14:41:47 307306 410.2960
2019:05:06 14:41:47 307739 416.7221
2019:05:06 14:41:47 308141 259.7757
2019:05:06 14:41:47 308959 424.2472
2019:05:06 14:41:47 309762 407.3270
2019:05:06 14:41:47 310168 395.9760
2019:05:06 14:41:47 310986 807.0506
2019:05:06 14:41:47 311408 411.0001
2019:05:06 14:41:47 311972 160.5116
2019:05:06 14:41:47 312631 648.9530
2019:05:06 14:41:47 313053 411.6856
2019:05:06 14:41:47 329837 482.5145
2019:05:06 14:41:47 330396 536.1103
2019:05:06 14:41:47 331066 412.6541
2019:05:06 14:41:47 331880 410.2252
2019:05:06 14:41:47 332311 416.8712
2019:05:06 14:41:47 332725 268.1687
2019:05:06 14:41:47 333534 425.0407
2019:05:06 14:41:47 334334 409.2529
2019:05:06 14:41:47 334747 399.4182
2019:05:06 14:41:47 335567 800.1290
2019:05:06 14:41:47 335990 410.6164
2019:05:06 14:41:47 336552 167.5375
2019:05:06 14:41:47 337232 666.7115
2019:05:06 14:41:47 337647 404.4063
2019:05:06 14:41:47 338442 409.3535
2019:05:06 14:41:47 338848 394.7429
2019:05:06 14:41:47 339666 805.6089
2019:05:06 14:41:47 340101 419.7843
2019:05:06 14:41:47 340652 160.1204
2019:05:06 14:41:47 341303 409.3833
2019:05:06 14:41:47 342115 407.4164
2019:05:06 14:41:47 342544 415.0458
2019:05:06 14:41:47 342943 259.3882
2019:05:06 14:41:47 343761 805.9666
2019:05:06 14:41:47 344189 414.1666
2019:05:06 14:41:47 344984 403.3260
2019:05:06 14:41:47 361369 16371.8499
2019:05:06 14:41:47 362209 411.5887
2019:05:06 14:41:47 363012 409.9570
2019:05:06 14:41:47 363417 392.1948
2019:05:06 14:41:47 364237 803.9288
2019:05:06 14:41:47 364666 411.2609
2019:05:06 14:41:47 365461 395.7488
2019:05:06 14:41:47 366279 805.8250
2019:05:06 14:41:47 366708 415.3922
2019:05:06 14:41:47 367511 408.6941
2019:05:06 14:41:47 368327 804.4727
2019:05:06 14:41:47 368755 417.3331
2019:05:06 14:41:47 369316 165.7382
2019:05:06 14:41:47 369978 416.0069
2019:05:06 14:41:47 370802 416.6141
2019:05:06 14:41:47 371365 161.2343
2019:05:06 14:41:47 372015 409.7298
2019:05:06 14:41:47 372438 408.8357
2019:05:06 14:41:47 373245 411.3913
2019:05:06 14:41:47 373420 161.6180
2019:05:06 14:41:47 374062 409.9458
2019:05:06 14:41:47 374881 808.9021
2019:05:06 14:41:47 375449 557.6089
2019:05:06 14:41:47 376110 651.4005
2019:05:06 14:41:47 376928 808.1459
2019:05:06 14:41:47 393374 16435.8057
2019:05:06 14:41:47 394133 380.9370
2019:05:06 14:41:47 394964 819.4149
2019:05:06 14:41:47 395785 815.4958
2019:05:06 14:41:47 396192 251.9339
2019:05:06 14:41:47 397421 819.5266
2019:05:06 14:41:47 398229 385.0870
2019:05:06 14:41:47 399049 808.5072
2019:05:06 14:41:47 399474 411.0932
2019:05:06 14:41:47 400027 159.6324
2019:05:06 14:41:47 400686 641.9607
2019:05:06 14:41:47 408915 8212.4993
2019:05:06 14:41:47 425361 16438.5997
2019:05:06 14:41:47 433064 7693.8570
2019:05:06 14:41:47 433878 416.8525
2019:05:06 14:41:47 434692 420.3282
2019:05:06 14:41:47 435105 266.1236
2019:05:06 14:41:47 435921 417.9478
2019:05:06 14:41:47 436736 405.3637
2019:05:06 14:41:47 437162 268.7462
2019:05:06 14:41:47 437971 418.1340
2019:05:06 14:41:47 438792 412.1438
2019:05:06 14:41:47 439603 660.2220
2019:05:06 14:41:47 440418 406.9433
2019:05:06 14:41:47 457358 16530.4877
2019:05:06 14:41:47 460931 3566.5482
2019:05:06 14:41:47 461720 389.2705
2019:05:06 14:41:47 462543 808.8499
2019:05:06 14:41:47 462960 404.9353
2019:05:06 14:41:47 463529 172.8348
2019:05:06 14:41:47 464192 424.5117
2019:05:06 14:41:47 465005 420.2724
2019:05:06 14:41:47 469510 395.1937
2019:05:06 14:41:47 469915 254.0797
2019:05:06 14:41:47 470740 414.7887
2019:05:06 14:41:47 471551 417.0500
2019:05:06 14:41:47 471957 252.1910
2019:05:06 14:41:47 472775 802.7740
2019:05:06 14:41:47 489381 16592.2083
2019:05:06 14:41:47 490006 409.5286
2019:05:06 14:41:47 490405 265.9000
2019:05:06 14:41:47 491230 417.9291
2019:05:06 14:41:47 492026 411.3503
2019:05:06 14:41:47 492434 393.9979
2019:05:06 14:41:47 493262 819.7688
2019:05:06 14:41:47 493693 410.4748
2019:05:06 14:41:47 494477 400.4762
2019:05:06 14:41:47 495298 799.2014
2019:05:06 14:41:47 495728 409.3461
2019:05:06 14:41:47 496278 158.6825
2019:05:06 14:41:47 496958 419.7210
2019:05:06 14:41:47 509247 371.7951
2019:05:06 14:41:47 510070 420.4325
2019:05:06 14:41:47 510617 162.9181
2019:05:06 14:41:47 511295 423.4761
2019:05:06 14:41:47 512108 411.4248
2019:05:06 14:41:47 512529 409.8788
2019:05:06 14:41:47 512933 264.3056
2019:05:06 14:41:47 513760 429.5409
2019:05:06 14:41:47 514578 428.2072
2019:05:06 14:41:47 514984 269.6440
2019:05:06 14:41:47 515799 421.1627
2019:05:06 14:41:47 516610 798.9444
2019:05:06 14:41:47 517021 399.6417
2019:05:06 14:41:47 517854 430.1779
2019:05:06 14:41:47 518650 406.1274
2019:05:06 14:41:47 519058 394.1953
2019:05:06 14:41:47 519880 804.4429
2019:05:06 14:41:47 520301 407.3121
2019:05:06 14:41:47 520852 156.1232
2019:05:06 14:41:47 533058 12192.8342
2019:05:06 14:41:47 533414 263.4674
2019:05:06 14:41:47 534221 414.4646
2019:05:06 14:41:47 534646 409.6627
2019:05:06 14:41:47 535191 157.0061
2019:05:06 14:41:47 535858 414.9973
2019:05:06 14:41:47 536671 411.9053
2019:05:06 14:41:47 537095 409.6441
2019:05:06 14:41:47 537507 267.9713
2019:05:06 14:41:47 538316 419.2032
2019:05:06 14:41:47 539124 409.5472
2019:05:06 14:41:47 539295 159.1370
2019:05:06 14:41:47 539959 414.7068
2019:05:06 14:41:47 540769 404.9428
2019:05:06 14:41:47 541192 412.4753
2019:05:06 14:41:47 541991 639.1704
2019:05:06 14:41:47 542811 807.2257
2019:05:06 14:41:47 543238 414.5093
2019:05:06 14:41:47 543640 262.4206
2019:05:06 14:41:47 544468 426.5644
2019:05:06 14:41:47 557178 12321.5280
2019:05:06 14:41:47 557720 530.5223
2019:05:06 14:41:47 558390 416.9531
2019:05:06 14:41:47 559201 408.8059
2019:05:06 14:41:47 559634 409.4727
2019:05:06 14:41:47 560040 270.1804
2019:05:06 14:41:47 560858 425.7150
2019:05:06 14:41:47 561657 411.0970
2019:05:06 14:41:47 562069 398.4720
2019:05:06 14:41:47 562885 802.3046
2019:05:06 14:41:47 563312 413.5184
2019:05:06 14:41:47 563861 158.8725
2019:05:06 14:41:47 564529 415.3401
2019:05:06 14:41:47 565342 410.7654
2019:05:06 14:41:47 565772 411.9612
2019:05:06 14:41:47 566180 269.6551
2019:05:06 14:41:47 567005 429.8203
2019:05:06 14:41:47 567798 408.9847
2019:05:06 14:41:47 568203 389.3785
2019:05:06 14:41:47 569023 794.8615
2019:05:06 14:41:47 581320 12282.8260
2019:05:06 14:41:47 582138 802.2189
2019:05:06 14:41:47 582554 393.4987
2019:05:06 14:41:47 583363 788.6402
2019:05:06 14:41:47 583794 413.6339
2019:05:06 14:41:47 584586 402.6555
2019:05:06 14:41:47 585409 803.8878
2019:05:06 14:41:47 585848 416.2677
2019:05:06 14:41:47 586386 159.3009
2019:05:06 14:41:47 587080 431.2135
2019:05:06 14:41:47 587889 426.2328
2019:05:06 14:41:47 588681 405.7214
2019:05:06 14:41:47 589506 802.0699
2019:05:06 14:41:47 589938 409.4318
2019:05:06 14:41:47 590481 160.0832
2019:05:06 14:41:47 590757 260.9119
2019:05:06 14:41:47 591565 406.8986
2019:05:06 14:41:47 591993 414.9079
2019:05:06 14:41:47 592543 155.0056
2019:05:06 14:41:47 605067 12274.1312
2019:05:06 14:41:47 605885 805.9554
2019:05:06 14:41:47 606309 412.3636
2019:05:06 14:41:47 607114 405.3153
2019:05:06 14:41:47 607933 806.3503
2019:05:06 14:41:47 608360 406.2057
2019:05:06 14:41:47 609161 404.6373
2019:05:06 14:41:47 609979 804.9943
2019:05:06 14:41:47 610403 411.5477
2019:05:06 14:41:47 610958 158.0380
2019:05:06 14:41:47 611618 647.4368
2019:05:06 14:41:47 612048 417.8099
2019:05:06 14:41:47 612860 415.3252
2019:05:06 14:41:47 613282 263.4078
2019:05:06 14:41:47 614088 402.7262
2019:05:06 14:41:47 614511 405.7139
2019:05:06 14:41:47 615059 159.2487
2019:05:06 14:41:47 615740 418.4321
2019:05:06 14:41:47 616543 409.8341
2019:05:06 14:41:47 616969 410.8921
2019:05:06 14:41:47 629265 398.1218
2019:05:06 14:41:47 629673 263.9405
2019:05:06 14:41:47 630473 400.5693
2019:05:06 14:41:47 630897 406.6825
2019:05:06 14:41:47 631449 158.6974
2019:05:06 14:41:47 632123 420.8796
2019:05:06 14:41:47 632928 408.5302
2019:05:06 14:41:47 633366 421.7401
2019:05:06 14:41:47 633766 265.7920
2019:05:06 14:41:47 634583 423.4500
2019:05:06 14:41:47 635383 408.0795
2019:05:06 14:41:47 635793 394.4077
2019:05:06 14:41:47 636614 808.2688
2019:05:06 14:41:47 637049 423.4053
2019:05:06 14:41:47 637836 400.0030
2019:05:06 14:41:47 638651 804.5658
2019:05:06 14:41:47 639074 412.3114
2019:05:06 14:41:47 639630 157.8853
2019:05:06 14:41:47 640296 652.0115
2019:05:06 14:41:47 641109 801.8501
2019:05:06 14:41:47 665289 386.8975
2019:05:06 14:41:47 666112 420.4325
2019:05:06 14:41:47 666520 265.3301
2019:05:06 14:41:47 667339 421.2297
2019:05:06 14:41:47 668149 412.2034
2019:05:06 14:41:47 668555 394.3220
2019:05:06 14:41:47 669376 807.1885
2019:05:06 14:41:47 669802 413.9207
2019:05:06 14:41:47 670352 159.6473
2019:05:06 14:41:47 671026 419.8775
2019:05:06 14:41:47 671837 410.0390
2019:05:06 14:41:47 672260 409.4355
2019:05:06 14:41:47 672672 267.4274
2019:05:06 14:41:47 673497 417.5901
2019:05:06 14:41:47 674289 408.3663
2019:05:06 14:41:47 674696 392.8915
2019:05:06 14:41:47 675514 807.3673
2019:05:06 14:41:47 675940 413.5817
2019:05:06 14:41:47 676492 159.7665
2019:05:06 14:41:47 677197 445.0567
2019:05:06 14:41:47 677980 402.4282
2019:05:06 14:41:47 678405 412.6802
2019:05:06 14:41:47 678810 260.4723
2019:05:06 14:41:47 679629 425.2084
2019:05:06 14:41:47 680437 413.9431
2019:05:06 14:41:47 680852 403.6650
2019:05:06 14:41:47 681265 402.0184
2019:05:06 14:41:47 682071 406.7272
2019:05:06 14:41:47 682494 411.5663
2019:05:06 14:41:47 682907 266.0975
2019:05:06 14:41:47 683714 413.6041
2019:05:06 14:41:47 684132 407.9826
2019:05:06 14:41:47 684687 159.1928
2019:05:06 14:41:47 684961 263.7245
2019:05:06 14:41:47 701771 415.7536
2019:05:06 14:41:47 702558 401.7279
2019:05:06 14:41:47 702982 407.5170
2019:05:06 14:41:47 703391 264.6409
2019:05:06 14:41:47 704206 420.3804
2019:05:06 14:41:47 705008 409.9421
2019:05:06 14:41:47 705422 400.0664
2019:05:06 14:41:47 706239 799.4063
2019:05:06 14:41:47 706667 411.4397
2019:05:06 14:41:47 707465 404.2648
2019:05:06 14:41:47 708289 807.7808
2019:05:06 14:41:47 708721 409.7559
2019:05:06 14:41:47 709516 407.6026
2019:05:06 14:41:47 710333 797.2270
2019:05:06 14:41:47 710763 413.0192
2019:05:06 14:41:47 711312 159.0848
2019:05:06 14:41:47 711996 422.6156
2019:05:06 14:41:47 712802 409.6329
2019:05:06 14:41:47 737020 24201.5310
2019:05:06 14:41:47 737786 413.5296
2019:05:06 14:41:47 738195 265.6952
2019:05:06 14:41:47 739013 420.8013
2019:05:06 14:41:47 739821 412.2183
2019:05:06 14:41:47 740233 256.4378
2019:05:06 14:41:47 741050 413.6600
2019:05:06 14:41:47 741475 412.8776
2019:05:06 14:41:47 742038 169.1394
2019:05:06 14:41:47 742704 420.1271
2019:05:06 14:41:47 743510 410.3817
2019:05:06 14:41:47 743928 406.5484
2019:05:06 14:41:47 744337 261.2770
2019:05:06 14:41:47 745156 420.1308
2019:05:06 14:41:47 745962 408.0832
2019:05:06 14:41:47 746375 399.5933
2019:05:06 14:41:47 747203 814.9967
2019:05:06 14:41:47 747617 402.5511
2019:05:06 14:41:47 748173 159.7628
2019:05:06 14:41:47 748836 651.9221
2019:05:06 14:41:47 765368 16518.8424
2019:05:06 14:41:47 766068 412.9708
2019:05:06 14:41:47 766612 160.7984
2019:05:06 14:41:47 767290 425.3015
2019:05:06 14:41:47 768092 410.4078
2019:05:06 14:41:47 768523 412.8106
2019:05:06 14:41:47 769326 418.5326
2019:05:06 14:41:47 770135 407.8522
2019:05:06 14:41:47 770560 412.0879
2019:05:06 14:41:47 770971 267.8409
2019:05:06 14:41:47 771786 419.7843
2019:05:06 14:41:47 772589 409.7335
2019:05:06 14:41:47 773001 398.6545
2019:05:06 14:41:47 785282 370.4801
2019:05:06 14:41:47 786102 806.1901
2019:05:06 14:41:47 786531 412.6057
2019:05:06 14:41:47 787328 406.6043
2019:05:06 14:41:47 788150 804.0555
2019:05:06 14:41:47 788578 414.6472
2019:05:06 14:41:47 789378 407.5207
2019:05:06 14:41:47 790203 805.7840
2019:05:06 14:41:47 790635 415.4705
2019:05:06 14:41:47 791427 402.5251
2019:05:06 14:41:47 792249 805.3966
2019:05:06 14:41:47 792676 410.0613
2019:05:06 14:41:47 809354 16284.7638
2019:05:06 14:41:47 809856 491.9283
2019:05:06 14:41:47 810677 803.6010
2019:05:06 14:41:47 811108 410.3705
2019:05:06 14:41:47 811901 404.3430
2019:05:06 14:41:47 812725 804.2902
2019:05:06 14:41:47 813165 419.9035
2019:05:06 14:41:47 813948 401.3069
2019:05:06 14:41:47 814775 807.4865
2019:05:06 14:41:47 815204 408.8692
2019:05:06 14:41:47 815997 404.8496
2019:05:06 14:41:47 816820 802.5132
2019:05:06 14:41:47 817250 409.5212
2019:05:06 14:41:47 818045 404.2499
2019:05:06 14:41:47 818869 800.8294
2019:05:06 14:41:47 819294 401.0722
2019:05:06 14:41:47 820093 404.4771
2019:05:06 14:41:47 820923 809.6136
2019:05:06 14:41:47 821354 418.6891
2019:05:06 14:41:47 822150 405.1961
2019:05:06 14:41:47 822972 805.3258
2019:05:06 14:41:47 823405 408.7426
2019:05:06 14:41:47 824201 408.3514
2019:05:06 14:41:47 825021 803.8282
2019:05:06 14:41:47 841364 16314.3165
2019:05:06 14:41:47 842217 412.3412
2019:05:06 14:41:47 842651 277.8322
2019:05:06 14:41:47 843473 411.7824
2019:05:06 14:41:47 844276 409.8788
2019:05:06 14:41:47 844697 403.6874
2019:05:06 14:41:47 845513 409.4616
2019:05:06 14:41:47 846313 408.5004
2019:05:06 14:41:47 846729 397.4028
2019:05:06 14:41:47 847545 804.1374
2019:05:06 14:41:47 847976 412.1065
2019:05:06 14:41:47 848524 158.5931
2019:05:06 14:41:47 848791 249.9595
2019:05:06 14:41:47 849600 405.8331
2019:05:06 14:41:47 850019 404.6857
2019:05:06 14:41:47 850578 164.6727
2019:05:06 14:41:47 851242 418.0074
2019:05:06 14:41:47 852051 412.5983
2019:05:06 14:41:47 852478 414.3603
2019:05:06 14:41:47 852894 274.0249
2019:05:06 14:41:47 877366 24064.8352
2019:05:06 14:41:47 878265 795.5134
2019:05:06 14:41:47 878693 409.2455
2019:05:06 14:41:47 879243 157.6841
2019:05:06 14:41:47 879923 422.2766
2019:05:06 14:41:47 880726 406.6676
2019:05:06 14:41:47 881166 423.2004
2019:05:06 14:41:47 881555 259.6714
2019:05:06 14:41:47 882375 426.9965
2019:05:06 14:41:47 883173 408.5340
2019:05:06 14:41:47 883356 156.2461
2019:05:06 14:41:47 884024 420.7380
2019:05:06 14:41:47 884828 403.3968
2019:05:06 14:41:47 885239 396.4752
2019:05:06 14:41:47 885658 268.9026
2019:05:06 14:41:47 886467 427.5106
2019:05:06 14:41:47 887275 415.6567
2019:05:06 14:41:47 887680 385.6979
2019:05:06 14:41:47 888500 809.3566
2019:05:06 14:41:47 888924 412.4269
2019:05:06 14:41:47 901608 401.4485
2019:05:06 14:41:47 902031 269.3944
2019:05:06 14:41:47 902836 413.0751
2019:05:06 14:41:47 903267 415.9845
2019:05:06 14:41:47 904066 412.1177
2019:05:06 14:41:47 904883 804.3684
2019:05:06 14:41:47 905315 421.5464
2019:05:06 14:41:47 905862 152.1297
2019:05:06 14:41:47 906529 415.1650
2019:05:06 14:41:47 907341 409.4727
2019:05:06 14:41:47 907763 412.1624
2019:05:06 14:41:47 908167 256.9668
2019:05:06 14:41:47 908591 413.3657
2019:05:06 14:41:47 909393 405.4308
2019:05:06 14:41:47 909813 407.5877
2019:05:06 14:41:47 910211 254.8359
2019:05:06 14:41:47 910641 419.6540
2019:05:06 14:41:47 911438 411.5328
2019:05:06 14:41:47 911866 416.9978
2019:05:06 14:41:47 912274 268.3736
2019:05:06 14:41:47 913090 417.4039
2019:05:06 14:41:47 913895 407.3344
2019:05:06 14:41:47 914074 166.9265
2019:05:06 14:41:47 914719 412.2518
2019:05:06 14:41:47 915144 408.3663
2019:05:06 14:41:47 915946 408.9288
2019:05:06 14:41:47 916355 397.3916
2019:05:06 14:41:47 924983 8615.2032
2019:05:06 14:41:47 925782 786.5466
2019:05:06 14:41:47 926205 410.0949
2019:05:06 14:41:47 926603 256.2292
2019:05:06 14:41:47 927421 420.0265
2019:05:06 14:41:47 928226 408.3104
2019:05:06 14:41:47 928639 397.0526
2019:05:06 14:41:47 929457 803.6047
2019:05:06 14:41:47 929896 406.1460
2019:05:06 14:41:47 930434 158.9321
2019:05:06 14:41:47 931121 420.4772
2019:05:06 14:41:47 931922 406.0194
2019:05:06 14:41:47 932351 410.7282
2019:05:06 14:41:47 932757 268.8617
2019:05:06 14:41:47 933590 424.9066
2019:05:06 14:41:47 934379 413.5557
2019:05:06 14:41:47 934790 396.2368
2019:05:06 14:41:47 935609 806.2236
2019:05:06 14:41:47 936038 410.7393
2019:05:06 14:41:47 936585 158.8725
2019:05:06 14:41:47 937253 417.5082
2019:05:06 14:41:47 938056 400.1409
2019:05:06 14:41:47 938482 410.4339
2019:05:06 14:41:47 938879 255.1600
2019:05:06 14:41:47 939310 416.2975
2019:05:06 14:41:47 940107 405.6953
2019:05:06 14:41:47 940530 409.5137
2019:05:06 14:41:47 965355 24678.3942
2019:05:06 14:41:47 977029 11663.8206
2019:05:06 14:41:47 977789 393.7781
2019:05:06 14:41:47 978604 792.2165
2019:05:06 14:41:47 979027 407.7554
2019:05:06 14:41:47 979829 405.0769
2019:05:06 14:41:47 980653 805.8473
2019:05:06 14:41:47 981081 408.6979
2019:05:06 14:41:47 997368 16233.9360
2019:05:06 14:41:48 1553 401.8843
2019:05:06 14:41:48 2359 404.3393
2019:05:06 14:41:48 3178 807.4529
2019:05:06 14:41:48 3611 419.8328
2019:05:06 14:41:48 4161 158.0417
2019:05:06 14:41:48 4826 415.6269
2019:05:06 14:41:48 5646 416.6216
2019:05:06 14:41:48 6073 414.8930
2019:05:06 14:41:48 6480 265.0321
2019:05:06 14:41:48 7298 414.5838
2019:05:06 14:41:48 8102 410.6164
2019:05:06 14:41:48 8504 390.1422
2019:05:06 14:41:48 9325 805.6201
2019:05:06 14:41:48 9778 441.8343
2019:05:06 14:41:48 10301 158.8687
2019:05:06 14:41:48 10967 412.3598
2019:05:06 14:41:48 11781 409.6664
2019:05:06 14:41:48 12206 410.8697
2019:05:06 14:41:48 12624 273.6785
2019:05:06 14:41:48 25371 12358.7400
2019:05:06 14:41:48 26160 413.8388
2019:05:06 14:41:48 26938 391.3380
2019:05:06 14:41:48 27760 807.8851
2019:05:06 14:41:48 28188 406.7458
2019:05:06 14:41:48 28989 410.0502
2019:05:06 14:41:48 33369 4365.2691
2019:05:06 14:41:48 33931 396.7658
2019:05:06 14:41:48 34729 408.8506
2019:05:06 14:41:48 35130 391.4982
2019:05:06 14:41:48 35950 799.6187
2019:05:06 14:41:48 36380 413.7158
2019:05:06 14:41:48 49062 12287.3597
2019:05:06 14:41:48 65355 16282.8565
2019:05:06 14:41:48 73246 7882.1257
2019:05:06 14:41:48 74040 392.6940
2019:05:06 14:41:48 74860 795.6289
2019:05:06 14:41:48 75289 410.8697
2019:05:06 14:41:48 75847 161.1896
2019:05:06 14:41:48 76505 415.7014
2019:05:06 14:41:48 77327 418.4060
2019:05:06 14:41:48 77747 408.7426
2019:05:06 14:41:48 78151 265.0991
2019:05:06 14:41:48 78974 425.9795
2019:05:06 14:41:48 79773 409.8192
2019:05:06 14:41:48 79952 160.8580
2019:05:06 14:41:48 80606 412.7547
2019:05:06 14:41:48 81034 417.2884
2019:05:06 14:41:48 97798 442.4825
2019:05:06 14:41:48 98361 549.2643
2019:05:06 14:41:48 99037 419.3075
2019:05:06 14:41:48 99848 409.8378
2019:05:06 14:41:48 100267 408.9549
2019:05:06 14:41:48 100671 255.9014
2019:05:06 14:41:48 101499 427.8161
2019:05:06 14:41:48 102302 411.6334
2019:05:06 14:41:48 102718 403.5905
2019:05:06 14:41:48 103534 803.1130
2019:05:06 14:41:48 103958 413.7494
2019:05:06 14:41:48 104758 404.6075
2019:05:06 14:41:48 105585 816.6097
2019:05:06 14:41:48 106006 407.5207
2019:05:06 14:41:48 106807 405.2371
2019:05:06 14:41:48 107629 812.2623
2019:05:06 14:41:48 108053 410.8921
2019:05:06 14:41:48 108854 404.7453
2019:05:06 14:41:48 125366 16500.7375
2019:05:06 14:41:48 126085 407.3717
2019:05:06 14:41:48 126882 406.1423
2019:05:06 14:41:48 127301 402.7262
2019:05:06 14:41:48 128121 424.1392
2019:05:06 14:41:48 128921 408.7798
2019:05:06 14:41:48 129333 397.3991
2019:05:06 14:41:48 130150 793.7476
2019:05:06 14:41:48 130578 412.9298
2019:05:06 14:41:48 131129 159.3716
2019:05:06 14:41:48 131799 416.2751
2019:05:06 14:41:48 132612 409.7559
2019:05:06 14:41:48 133040 413.2614
2019:05:06 14:41:48 169095 11741.8841
2019:05:06 14:41:48 169895 786.2411
2019:05:06 14:41:48 170303 391.7851
2019:05:06 14:41:48 171123 803.6867
2019:05:06 14:41:48 171557 414.0735
2019:05:06 14:41:48 172103 160.3886
2019:05:06 14:41:48 172784 429.6303
2019:05:06 14:41:48 189354 16172.8896
2019:05:06 14:41:48 193280 3918.6701
2019:05:06 14:41:48 194081 424.7800
2019:05:06 14:41:48 194620 159.3716
2019:05:06 14:41:48 195297 420.0339
2019:05:06 14:41:48 196107 410.3482
2019:05:06 14:41:48 196543 409.0331
2019:05:06 14:41:48 197322 639.4573
2019:05:06 14:41:48 198140 788.8824
2019:05:06 14:41:48 198565 414.4087
2019:05:06 14:41:48 198982 271.0894
2019:05:06 14:41:48 199801 426.8028
2019:05:06 14:41:48 200600 410.1209
2019:05:06 14:41:48 201011 391.9229
2019:05:06 14:41:48 201831 792.1793
2019:05:06 14:41:48 202262 418.6220
2019:05:06 14:41:48 202813 163.5402
2019:05:06 14:41:48 203465 640.4929
2019:05:06 14:41:48 204284 807.2592
2019:05:06 14:41:48 204708 413.4215
2019:05:06 14:41:48 221367 16514.4466
2019:05:06 14:41:48 221934 400.2675
2019:05:06 14:41:48 222725 410.3072
2019:05:06 14:41:48 223166 409.1971
2019:05:06 14:41:48 223569 267.7068
2019:05:06 14:41:48 224395 433.6312
2019:05:06 14:41:48 225199 425.5511
2019:05:06 14:41:48 225610 379.5177
2019:05:06 14:41:48 226432 430.2226
2019:05:06 14:41:48 227222 410.0241
2019:05:06 14:41:48 227635 381.2686
2019:05:06 14:41:48 228452 799.7639
2019:05:06 14:41:48 228895 414.1331
2019:05:06 14:41:48 264941 11586.9083
2019:05:06 14:41:48 265735 780.4520
2019:05:06 14:41:48 266164 417.8993
2019:05:06 14:41:48 266555 263.7766
2019:05:06 14:41:48 267376 421.1254
2019:05:06 14:41:48 268181 409.6553
2019:05:06 14:41:48 268356 155.2850
2019:05:06 14:41:48 269026 424.0386
2019:05:06 14:41:48 285830 507.4739
2019:05:06 14:41:48 286667 822.8235
2019:05:06 14:41:48 287051 376.0196
2019:05:06 14:41:48 287870 427.1418
2019:05:06 14:41:48 288681 412.8031
2019:05:06 14:41:48 292960 4120.7224
2019:05:06 14:41:48 293610 640.1837
2019:05:06 14:41:48 309368 15750.3560
2019:05:06 14:41:48 317359 388.6931
2019:05:06 14:41:48 321050 3530.0292
2019:05:06 14:41:48 321609 551.5851
2019:05:06 14:41:48 322254 638.7196
2019:05:06 14:41:48 323077 418.6891
2019:05:06 14:41:48 323880 395.6445
2019:05:06 14:41:48 337366 13473.7566
2019:05:06 14:41:48 337827 453.4498
2019:05:06 14:41:48 338240 263.6835
2019:05:06 14:41:48 339050 400.1446
2019:05:06 14:41:48 339871 408.0459
2019:05:06 14:41:48 340277 242.4568
2019:05:06 14:41:48 341125 432.2156
2019:05:06 14:41:48 345630 267.0921
2019:05:06 14:41:48 346172 161.4019
2019:05:06 14:41:48 346856 436.7642
2019:05:06 14:41:48 347657 406.8315
2019:05:06 14:41:48 348461 398.0137
2019:05:06 14:41:48 377369 28886.8323
2019:05:06 14:41:48 377985 605.1064
2019:05:06 14:41:48 378796 409.2976
2019:05:06 14:41:48 379211 259.9172
2019:05:06 14:41:48 380040 430.7032
2019:05:06 14:41:48 380830 409.1635
2019:05:06 14:41:48 381244 396.4528
2019:05:06 14:41:48 382080 441.6890
2019:05:06 14:41:48 382896 402.2159
2019:05:06 14:41:48 383299 258.8630
2019:05:06 14:41:48 384127 423.5581
2019:05:06 14:41:48 384940 402.0743
2019:05:06 14:41:48 421026 11669.3825
2019:05:06 14:41:48 421790 421.5688
2019:05:06 14:41:48 422207 252.5039
2019:05:06 14:41:48 423025 415.7238
2019:05:06 14:41:48 423846 415.9696
2019:05:06 14:41:48 424673 671.0067
2019:05:06 14:41:48 441355 16675.9416
2019:05:06 14:41:48 457058 15694.5735
2019:05:06 14:41:48 477101 3739.5656
2019:05:06 14:41:48 477499 392.3774
2019:05:06 14:41:48 478317 413.1943
2019:05:06 14:41:48 479143 414.2113
2019:05:06 14:41:48 479546 394.8845
2019:05:06 14:41:48 480367 420.2276
2019:05:06 14:41:48 481184 426.3893
2019:05:06 14:41:48 481586 391.2859
2019:05:06 14:41:48 482009 409.4690
2019:05:06 14:41:48 482816 416.9941
2019:05:06 14:41:48 483248 415.6195
2019:05:06 14:41:48 484072 684.7940
2019:05:06 14:41:48 484871 792.0638
2019:05:06 14:41:48 485283 400.4575
2019:05:06 14:41:48 485702 269.4018
2019:05:06 14:41:48 486918 821.8139
2019:05:06 14:41:48 487342 411.6893
2019:05:06 14:41:48 488152 434.1342
2019:05:06 14:41:48 488983 428.2705
2019:05:06 14:41:48 505363 16374.3310
2019:05:06 14:41:48 506160 398.9600
2019:05:06 14:41:48 506999 435.3747
2019:05:06 14:41:48 508194 796.5043
2019:05:06 14:41:48 509045 828.0203
2019:05:06 14:41:48 509868 817.2356
2019:05:06 14:41:48 510262 386.9236
2019:05:06 14:41:48 511093 418.2383
2019:05:06 14:41:48 512304 811.8004
2019:05:06 14:41:48 513143 832.6657
2019:05:06 14:41:48 513964 814.7582
2019:05:06 14:41:48 514375 404.3244
2019:05:06 14:41:48 515195 419.2293
2019:05:06 14:41:48 516012 426.4042
2019:05:06 14:41:48 516420 401.9253
2019:05:06 14:41:48 517231 412.1549
2019:05:06 14:41:48 518075 427.0636
2019:05:06 14:41:48 518471 389.6467
2019:05:06 14:41:48 519290 410.9740
2019:05:06 14:41:48 520098 410.4264
2019:05:06 14:41:48 520514 405.1365
2019:05:06 14:41:48 521328 432.9570
2019:05:06 14:41:48 537712 355.5156
2019:05:06 14:41:48 538518 409.5212
2019:05:06 14:41:48 538928 255.6145
2019:05:06 14:41:48 539747 414.3640
2019:05:06 14:41:48 540567 414.6621
2019:05:06 14:41:48 541014 288.3784
2019:05:06 14:41:48 541821 416.8972
2019:05:06 14:41:48 542635 425.9348
2019:05:06 14:41:48 543050 262.7745
2019:05:06 14:41:48 543865 418.9350
2019:05:06 14:41:48 544677 420.6225
2019:05:06 14:41:48 545491 397.6263
2019:05:06 14:41:48 546300 413.4476
2019:05:06 14:41:48 547132 406.4515
2019:05:06 14:41:48 547957 814.2404
2019:05:06 14:41:48 548372 403.4154
2019:05:06 14:41:48 549170 400.7705
2019:05:06 14:41:48 549994 808.5407
2019:05:06 14:41:48 550421 414.5950
2019:05:06 14:41:48 551208 397.5742
2019:05:06 14:41:48 552047 817.2840
