
# OSU MPI Allreduce Latency Test v5.6.1
# Size       Avg Latency(us)
256                 10232.33
2019:05:06 14:41:46 549204 7837.9624
2019:05:06 14:41:46 585009 7654.1752
2019:05:06 14:41:46 613363 28146.2744
2019:05:06 14:41:46 637360 18151.0113
2019:05:06 14:41:46 669370 32002.7098
2019:05:06 14:41:46 717144 16007.2520
2019:05:06 14:41:46 729046 11888.3140
2019:05:06 14:41:46 749059 9834.4795
2019:05:06 14:41:46 758919 9847.7304
2019:05:06 14:41:46 787159 10218.6874
2019:05:06 14:41:46 801132 13960.3615
2019:05:06 14:41:46 829359 18435.8768
2019:05:06 14:41:46 835072 5705.4386
2019:05:06 14:41:46 861358 16438.5922
2019:05:06 14:41:46 893369 32003.4213
2019:05:06 14:41:46 925358 30472.7480
2019:05:06 14:41:46 930931 5566.8131
2019:05:06 14:41:46 966971 1610.6553
2019:05:06 14:41:47 1366 34388.8067
2019:05:06 14:41:47 29354 26343.8597
2019:05:06 14:41:47 41149 11788.4055
2019:05:06 14:41:47 61177 10239.3590
2019:05:06 14:41:47 93364 32173.7789
2019:05:06 14:41:47 149223 36041.5541
2019:05:06 14:41:47 169368 20129.6732
2019:05:06 14:41:47 201359 16352.3555
2019:05:06 14:41:47 233364 31995.9633
2019:05:06 14:41:47 266940 1578.6029
2019:05:06 14:41:47 281147 14200.4676
2019:05:06 14:41:47 329353 31995.2443
2019:05:06 14:41:47 345039 15678.9981
2019:05:06 14:41:47 393359 24183.5117
2019:05:06 14:41:47 399088 5720.8277
2019:05:06 14:41:47 437144 11790.0260
2019:05:06 14:41:47 461363 24205.9603
2019:05:06 14:41:47 476921 9858.9882
2019:05:06 14:41:47 505378 28448.3954
2019:05:06 14:41:47 537357 26036.0800
2019:05:06 14:41:47 545280 7913.3660
2019:05:06 14:41:47 578886 9530.8684
2019:05:06 14:41:47 601370 22476.1143
2019:05:06 14:41:47 616999 13955.3286
2019:05:06 14:41:47 633369 16355.6188
2019:05:06 14:41:47 673356 32221.7196
2019:05:06 14:41:47 675140 1777.0752
2019:05:06 14:41:47 723065 9710.1964
2019:05:06 14:41:47 741377 18301.8744
2019:05:06 14:41:47 773364 26159.8192
2019:05:06 14:41:47 780962 7588.7218
2019:05:06 14:41:47 818916 9563.1704
2019:05:06 14:41:47 845365 26442.8370
2019:05:06 14:41:47 881363 28462.2386
2019:05:06 14:41:47 888955 7583.7635
2019:05:06 14:41:47 917198 11838.0450
2019:05:06 14:41:47 941338 24126.6824
2019:05:06 14:41:47 969359 18436.9124
2019:05:06 14:41:47 974960 5593.7991
2019:05:06 14:41:48 13064 11705.8866
2019:05:06 14:41:48 33363 20286.3701
2019:05:06 14:41:48 69355 32419.6704
2019:05:06 14:41:48 71200 1836.5718
2019:05:06 14:41:48 109268 11906.8623
2019:05:06 14:41:48 133366 24085.9203
2019:05:06 14:41:48 161360 18489.0032
2019:05:06 14:41:48 167048 5679.9166
2019:05:06 14:41:48 204874 11519.1974
2019:05:06 14:41:48 225364 20254.6269
2019:05:06 14:41:48 239129 10199.0774
2019:05:06 14:41:48 257368 18231.8352
2019:05:06 14:41:48 301361 38468.9979
2019:05:06 14:41:48 307131 5759.3919
2019:05:06 14:41:48 341121 3751.7063
2019:05:06 14:41:48 347241 6113.7453
2019:05:06 14:41:48 366936 1567.5351
2019:05:06 14:41:48 376919 9977.6424
2019:05:06 14:41:48 397363 8001.0071
2019:05:06 14:41:48 407070 9699.4713
2019:05:06 14:41:48 433362 16453.0277
2019:05:06 14:41:48 436957 3587.3167
2019:05:06 14:41:48 457366 10190.7812
2019:05:06 14:41:48 469375 12000.2478
2019:05:06 14:41:48 501355 24276.9867
2019:05:06 14:41:48 507006 5643.1517
2019:05:06 14:41:48 533360 16516.5216
2019:05:06 14:41:48 536915 3548.0857
2019:05:06 14:41:48 566821 9457.7074
2019:05:06 14:41:48 577052 10222.1854
2019:05:06 14:41:48 600598 12941.7293
2019:05:06 14:41:48 606971 6363.8240
2019:05:06 14:41:48 626995 10156.3297
2019:05:06 14:41:48 636877 9867.0274
2019:05:06 14:41:48 656933 9853.5493
2019:05:06 14:41:48 667136 10192.6178
2019:05:06 14:41:48 687846 10880.8391
2019:05:06 14:41:48 697907 10051.3399
2019:05:06 14:41:48 716832 9935.5429
2019:05:06 14:41:48 726971 10126.6988
2019:05:06 14:41:48 747018 10222.2897
2019:05:06 14:41:48 757238 10212.0824
2019:05:06 14:41:48 776925 9855.3449
2019:05:06 14:41:48 786757 9826.6676
2019:05:06 14:41:48 806821 9862.6614
2019:05:06 14:41:48 817053 10220.8108
2019:05:06 14:41:48 836716 9824.5889
2019:05:06 14:41:48 846963 10241.2663
2019:05:06 14:41:48 867009 10226.8606
2019:05:06 14:41:48 876833 9816.7323
2019:05:06 14:41:48 896908 10097.1460
2019:05:06 14:41:48 906736 9820.7854
2019:05:06 14:41:48 926819 9820.1856
2019:05:06 14:41:48 937042 10217.2196
2019:05:06 14:41:48 957065 10196.5182
2019:05:06 14:41:48 966870 9800.9892
2019:05:06 14:41:48 986681 9996.3732
2019:05:06 14:41:48 997079 9995.8926
2019:05:06 14:41:49 16670 10015.9608
2019:05:06 14:41:49 27074 9991.6570
2019:05:06 14:41:49 46661 9998.0310
2019:05:06 14:41:49 56716 9654.9541
2019:05:06 14:41:49 76652 9997.3492
2019:05:06 14:41:49 86867 9810.6861
2019:05:06 14:41:49 106637 9992.3238
2019:05:06 14:41:49 117078 10031.5511
2019:05:06 14:41:49 136637 9998.6158
2019:05:06 14:41:49 147038 9997.6435
2019:05:06 14:41:49 166620 9996.8277
2019:05:06 14:41:49 176697 9673.4203
2019:05:06 14:41:49 196619 10003.7344
2019:05:06 14:41:49 207021 9997.6361
2019:05:06 14:41:49 226610 10003.1234
2019:05:06 14:41:49 236684 9671.8706
2019:05:06 14:41:49 256606 10005.0792
2019:05:06 14:41:49 267006 9994.3876
2019:05:06 14:41:49 286589 9997.8112
2019:05:06 14:41:49 296663 9671.6210
2019:05:06 14:41:49 316586 9998.1874
2019:05:06 14:41:49 326987 9997.6771
2019:05:06 14:41:49 346571 9997.6026
2019:05:06 14:41:49 356648 9672.4257
2019:05:06 14:41:49 376569 10004.0138
2019:05:06 14:41:49 386972 9995.9113
2019:05:06 14:41:49 406555 9998.1502
2019:05:06 14:41:49 416639 9681.3180
2019:05:06 14:41:49 436553 10004.0659
2019:05:06 14:41:49 446959 10001.0373
2019:05:06 14:41:49 466545 10004.5353
2019:05:06 14:41:49 476943 9995.7250
2019:05:06 14:41:49 496538 9998.7388
2019:05:06 14:41:49 506605 9663.6340
2019:05:06 14:41:49 526521 9997.3790
2019:05:06 14:41:49 536607 9682.0295
2019:05:06 14:41:49 556514 9997.7478
2019:05:06 14:41:49 566916 10001.1714
2019:05:06 14:41:49 586485 9978.1752
2019:05:06 14:41:49 596913 10028.4927
2019:05:06 14:41:49 616472 9995.6878
2019:05:06 14:41:49 626906 10028.2393
2019:05:06 14:41:49 646462 9994.1492
2019:05:06 14:41:49 656896 10028.6566
2019:05:06 14:41:49 676868 10406.7661
2019:05:06 14:41:49 686867 9995.0954
2019:05:06 14:41:49 706447 9997.7069
2019:05:06 14:41:49 716879 10027.4868
2019:05:06 14:41:49 736444 9992.1748
2019:05:06 14:41:49 746876 10335.1548
2019:05:06 14:41:49 766430 9996.7085
2019:05:06 14:41:49 776864 10028.5709
2019:05:06 14:41:49 796455 9997.3716
2019:05:06 14:41:49 806851 9991.0535
2019:05:06 14:41:49 826439 9996.0677
2019:05:06 14:41:49 836515 9672.5859
2019:05:06 14:41:49 856438 9997.3492
2019:05:06 14:41:49 866835 9992.5362
2019:05:06 14:41:49 886422 9996.5706
2019:05:06 14:41:49 896672 9845.9646
2019:05:06 14:41:49 916421 9763.1700
2019:05:06 14:41:49 926817 9993.1210
2019:05:06 14:41:49 946406 9996.7681
2019:05:06 14:41:49 956484 9674.5454
2019:05:06 14:41:49 976405 9997.7888
2019:05:06 14:41:49 986800 9990.7517
2019:05:06 14:41:50 6391 9998.9884
2019:05:06 14:41:50 16467 9683.6388
2019:05:06 14:41:50 36389 9997.6473
2019:05:06 14:41:50 46784 9995.1401
2019:05:06 14:41:50 66372 9996.1460
2019:05:06 14:41:50 76594 9830.0055
2019:05:06 14:41:50 96372 9997.9118
2019:05:06 14:41:50 106773 9998.2880
2019:05:06 14:41:50 126361 9994.4621
2019:05:06 14:41:50 136761 10011.2371
2019:05:06 14:41:50 156355 9997.6026
2019:05:06 14:41:50 166757 9997.9416
2019:05:06 14:41:50 186346 9998.6158
2019:05:06 14:41:50 196746 10015.3349
2019:05:06 14:41:50 216339 9998.1949
2019:05:06 14:41:50 226746 10004.2261
2019:05:06 14:41:50 246332 9996.0268
2019:05:06 14:41:50 256728 10010.2946
2019:05:06 14:41:50 276322 10003.6450
2019:05:06 14:41:50 286717 9989.0009
2019:05:06 14:41:50 306307 9996.8687
2019:05:06 14:41:50 316716 10016.6723
2019:05:06 14:41:50 336307 10005.3214
2019:05:06 14:41:50 346701 9989.0493
2019:05:06 14:41:50 366290 10003.3805
2019:05:06 14:41:50 376368 9682.0667
2019:05:06 14:41:50 396289 10004.3491
2019:05:06 14:41:50 406672 9977.9814
2019:05:06 14:41:50 426274 9996.6750
2019:05:06 14:41:50 436351 9673.6737
2019:05:06 14:41:50 456274 10004.9451
2019:05:06 14:41:50 466675 9995.8442
2019:05:06 14:41:50 486257 9996.4142
2019:05:06 14:41:50 496333 9672.5561
2019:05:06 14:41:50 516257 10004.1144
2019:05:06 14:41:50 526659 9997.6286
2019:05:06 14:41:50 546241 9997.3641
2019:05:06 14:41:50 556316 9673.0329
2019:05:06 14:41:50 576241 10004.7328
2019:05:06 14:41:50 586648 10004.0026
2019:05:06 14:41:50 606498 10271.1245
2019:05:06 14:41:50 616644 10140.1284
2019:05:06 14:41:50 636222 10002.8478
2019:05:06 14:41:50 646622 9994.8160
2019:05:06 14:41:50 666207 9997.4945
2019:05:06 14:41:50 676289 9679.5782
2019:05:06 14:41:50 696219 10015.5361
2019:05:06 14:41:50 706611 10344.8816
2019:05:06 14:41:50 726406 10209.5306
2019:05:06 14:41:50 736600 10190.2634
2019:05:06 14:41:50 756192 10003.2799
2019:05:06 14:41:50 766595 10003.2017
2019:05:06 14:41:50 786174 9996.3173
2019:05:06 14:41:50 796252 9681.5489
2019:05:06 14:41:50 816174 10005.3027
2019:05:06 14:41:50 826578 9998.9995
2019:05:06 14:41:50 846157 9995.5946
2019:05:06 14:41:50 856455 9903.0547
2019:05:06 14:41:50 876149 9997.9565
2019:05:06 14:41:50 886590 10034.5053
2019:05:06 14:41:50 906141 9997.0922
2019:05:06 14:41:50 916217 9680.2451
2019:05:06 14:41:50 936132 9996.5222
2019:05:06 14:41:50 946568 10029.5842
2019:05:06 14:41:50 966124 9997.6324
2019:05:06 14:41:50 976203 9682.5100
2019:05:06 14:41:50 996127 10008.1563
2019:05:06 14:41:51 6236 9705.7037
2019:05:06 14:41:51 26109 9752.4412
2019:05:06 14:41:51 36516 10013.5729
2019:05:06 14:41:51 56100 9998.0943
2019:05:06 14:41:51 66502 9997.6398
2019:05:06 14:41:51 86072 9976.7447
2019:05:06 14:41:51 96499 10028.2803
2019:05:06 14:41:51 116061 9997.0028
2019:05:06 14:41:51 126495 10030.6720
2019:05:06 14:41:51 146050 9995.3003
2019:05:06 14:41:51 156482 10026.5630
2019:05:06 14:41:51 176075 10004.4236
2019:05:06 14:41:51 186476 9996.1385
2019:05:06 14:41:51 206066 10005.4964
2019:05:06 14:41:51 216464 9996.3658
2019:05:06 14:41:51 236062 9996.8947
2019:05:06 14:41:51 246461 9996.1273
2019:05:06 14:41:51 266043 9998.3998
2019:05:06 14:41:51 276119 9672.9770
2019:05:06 14:41:51 296041 9996.1571
2019:05:06 14:41:51 306442 9997.4610
2019:05:06 14:41:51 326034 9998.3290
2019:05:06 14:41:51 336425 9992.3350
2019:05:06 14:41:51 356025 10004.1851
2019:05:06 14:41:51 366427 9997.2747
2019:05:06 14:41:51 386018 9997.6361
2019:05:06 14:41:51 396415 9997.6361
2019:05:06 14:41:51 416009 10005.6902
2019:05:06 14:41:51 426410 10000.4598
2019:05:06 14:41:51 445993 9997.4573
2019:05:06 14:41:51 456071 9676.1174
2019:05:06 14:41:51 475985 9996.6116
2019:05:06 14:41:51 486427 10037.4408
2019:05:06 14:41:51 505977 9997.3008
2019:05:06 14:41:51 516054 9675.0781
2019:05:06 14:41:51 535969 9997.2300
2019:05:06 14:41:51 546403 10029.3644
2019:05:06 14:41:51 565961 9997.9416
2019:05:06 14:41:51 576392 10027.7662
2019:05:06 14:41:51 595928 9992.3201
2019:05:06 14:41:51 606363 10029.0775
2019:05:06 14:41:51 625920 9996.8165
2019:05:06 14:41:51 636350 10026.8722
2019:05:06 14:41:51 655943 10003.2911
2019:05:06 14:41:51 666339 9992.0183
2019:05:06 14:41:51 685928 9993.1359
2019:05:06 14:41:51 696005 9671.4050
2019:05:06 14:41:51 715927 9997.3567
2019:05:06 14:41:51 725994 9665.3514
2019:05:06 14:41:51 745913 9997.0959
2019:05:06 14:41:51 755988 9672.4927
2019:05:06 14:41:51 775911 9997.7776
2019:05:06 14:41:51 786306 9991.0349
2019:05:06 14:41:51 805895 9996.9395
2019:05:06 14:41:51 815972 9674.2101
2019:05:06 14:41:51 835896 10000.0724
2019:05:06 14:41:51 846289 9993.2775
2019:05:06 14:41:51 865885 10004.1069
2019:05:06 14:41:51 876285 9997.8931
2019:05:06 14:41:51 895880 9997.9080
2019:05:06 14:41:51 906272 9991.6197
2019:05:06 14:41:51 925861 9997.4237
2019:05:06 14:41:51 935938 9674.8620
2019:05:06 14:41:51 955861 9996.6228
2019:05:06 14:41:51 966255 9991.9662
2019:05:06 14:41:51 985850 10001.6668
2019:05:06 14:41:51 996251 9996.6228
2019:05:06 14:41:52 15845 9998.2135
2019:05:06 14:41:52 26238 9989.0195
2019:05:06 14:41:52 45828 9997.1332
2019:05:06 14:41:52 55906 9673.3496
2019:05:06 14:41:52 75827 9996.4328
2019:05:06 14:41:52 86227 9994.1716
2019:05:06 14:41:52 105820 9997.4796
2019:05:06 14:41:52 116220 9998.3178
2019:05:06 14:41:52 135786 9973.8874
2019:05:06 14:41:52 146213 10028.7050
2019:05:06 14:41:52 165804 10028.4219
2019:05:06 14:41:52 176199 9995.8964
2019:05:06 14:41:52 195794 9998.0682
2019:05:06 14:41:52 206197 9999.0331
2019:05:06 14:41:52 225791 10002.5237
2019:05:06 14:41:52 236188 9994.8011
2019:05:06 14:41:52 255781 9996.9022
2019:05:06 14:41:52 266189 10008.3277
2019:05:06 14:41:52 285770 9998.4072
2019:05:06 14:41:52 296168 9996.2689
2019:05:06 14:41:52 315762 9998.3364
2019:05:06 14:41:52 326163 9997.3604
2019:05:06 14:41:52 345753 9996.9357
2019:05:06 14:41:52 356151 9997.5504
2019:05:06 14:41:52 375713 9995.9858
2019:05:06 14:41:52 386149 10030.9253
2019:05:06 14:41:52 405704 9995.1439
2019:05:06 14:41:52 415996 9889.0290
2019:05:06 14:41:52 435696 9996.5818
2019:05:06 14:41:52 446132 10031.6033
2019:05:06 14:41:52 465688 9997.4237
2019:05:06 14:41:52 476119 10026.5555
2019:05:06 14:41:52 495680 9994.2349
2019:05:06 14:41:52 506115 10029.2526
2019:05:06 14:41:52 525672 9996.4701
2019:05:06 14:41:52 536104 10028.4368
2019:05:06 14:41:52 555663 9994.6745
2019:05:06 14:41:52 566099 10029.4873
2019:05:06 14:41:52 585658 9999.2156
2019:05:06 14:41:52 596089 10029.6251
2019:05:06 14:41:52 615668 10016.4153
2019:05:06 14:41:52 626112 9991.2845
2019:05:06 14:41:52 645670 9998.6568
2019:05:06 14:41:52 656068 9996.1460
2019:05:06 14:41:52 675664 9998.5227
2019:05:06 14:41:52 686064 9948.3877
2019:05:06 14:41:52 705654 9995.9299
2019:05:06 14:41:52 716054 9998.2210
2019:05:06 14:41:52 735652 10001.8196
2019:05:06 14:41:52 746052 9999.1634
2019:05:06 14:41:52 765638 9997.0847
2019:05:06 14:41:52 776036 9997.7367
2019:05:06 14:41:52 795633 10001.7339
2019:05:06 14:41:52 806028 9996.3434
2019:05:06 14:41:52 825620 9997.2971
2019:05:06 14:41:52 836019 9997.1928
2019:05:06 14:41:52 855614 9998.8803
2019:05:06 14:41:52 866013 9997.9527
2019:05:06 14:41:52 885603 9997.1220
2019:05:06 14:41:52 896003 9995.9187
2019:05:06 14:41:52 915597 9998.4482
2019:05:06 14:41:52 925995 9945.2436
2019:05:06 14:41:52 945590 9999.9234
2019:05:06 14:41:52 955986 9994.0263
2019:05:06 14:41:52 975581 10000.4897
2019:05:06 14:41:52 985982 9998.0868
2019:05:06 14:41:53 5572 9997.5802
2019:05:06 14:41:53 15968 9992.5883
2019:05:06 14:41:53 35566 10000.1283
2019:05:06 14:41:53 45974 10008.6927
2019:05:06 14:41:53 65555 9999.2454
2019:05:06 14:41:53 75952 9995.5648
2019:05:06 14:41:53 95523 10001.1937
2019:05:06 14:41:53 105976 10057.8368
2019:05:06 14:41:53 125532 9997.9639
2019:05:06 14:41:53 135609 9675.2308
2019:05:06 14:41:53 155533 10001.3949
2019:05:06 14:41:53 165933 10332.2230
2019:05:06 14:41:53 185515 9998.7090
2019:05:06 14:41:53 195592 9674.3852
2019:05:06 14:41:53 215516 10001.0931
2019:05:06 14:41:53 225912 10318.6034
2019:05:06 14:41:53 245500 9993.3259
2019:05:06 14:41:53 255913 10010.3281
2019:05:06 14:41:53 275500 10007.6050
2019:05:06 14:41:53 285896 10305.8852
2019:05:06 14:41:53 305489 10003.5332
2019:05:06 14:41:53 315888 9997.1816
2019:05:06 14:41:53 335482 9999.3423
2019:05:06 14:41:53 345618 9972.2221
2019:05:06 14:41:53 365470 10017.1342
2019:05:06 14:41:53 375870 9994.0225
2019:05:06 14:41:53 395435 9968.4522
2019:05:06 14:41:53 405534 9980.1719
2019:05:06 14:41:53 425449 10013.0476
2019:05:06 14:41:53 435855 10002.0804
2019:05:06 14:41:53 455418 9994.0598
2019:05:06 14:41:53 465851 10170.4858
2019:05:06 14:41:53 485433 10013.9268
2019:05:06 14:41:53 495845 10011.0546
2019:05:06 14:41:53 515435 10007.7763
2019:05:06 14:41:53 525539 9934.2689
2019:05:06 14:41:53 545416 9994.7639
2019:05:06 14:41:53 555495 9676.7172
2019:05:06 14:41:53 575410 9998.9288
2019:05:06 14:41:53 585847 10148.5401
2019:05:06 14:41:53 605399 9990.7257
2019:05:06 14:41:53 615476 9674.1542
2019:05:06 14:41:53 635395 10000.9404
2019:05:06 14:41:53 645568 9905.8598
2019:05:06 14:41:53 665387 10002.0245
2019:05:06 14:41:53 675789 9998.4854
2019:05:06 14:41:53 695376 9991.5080
2019:05:06 14:41:53 705817 10231.1745
2019:05:06 14:41:53 725366 9997.3343
2019:05:06 14:41:53 735453 9685.0619
2019:05:06 14:41:53 755361 9978.0336
2019:05:06 14:41:53 765792 10144.4088
2019:05:06 14:41:53 785350 9997.3530
2019:05:06 14:41:53 795426 9673.2862
2019:05:06 14:41:53 815343 9992.4915
2019:05:06 14:41:53 825755 10063.9276
2019:05:06 14:41:53 845333 9996.2614
2019:05:06 14:41:53 855413 9675.7710
2019:05:06 14:41:53 875306 9971.1046
2019:05:06 14:41:53 885739 10164.9836
2019:05:06 14:41:53 905291 9996.0379
2019:05:06 14:41:53 915722 10026.2128
2019:05:06 14:41:53 935310 10022.1895
2019:05:06 14:41:53 945724 10056.4994
2019:05:06 14:41:53 965308 10005.9845
2019:05:06 14:41:53 975706 9995.8219
2019:05:06 14:41:53 995301 9999.0815
2019:05:06 14:41:54 5715 10114.9231
2019:05:06 14:41:54 25284 9995.2519
2019:05:06 14:41:54 35691 10005.0382
2019:05:06 14:41:54 55632 10345.5000
2019:05:06 14:41:54 65635 9997.9676
2019:05:06 14:41:54 85247 9977.7244
2019:05:06 14:41:54 95343 9697.9290
2019:05:06 14:41:54 115268 9999.3050
2019:05:06 14:41:54 125624 10050.4570
2019:05:06 14:41:54 145251 9998.0608
2019:05:06 14:41:54 155333 9677.0190
2019:05:06 14:41:54 175251 10000.0091
2019:05:06 14:41:54 185629 10033.7453
2019:05:06 14:41:54 205233 9996.8947
2019:05:06 14:41:54 215310 9673.2005
2019:05:06 14:41:54 235238 10002.9297
2019:05:06 14:41:54 245568 9926.3042
2019:05:06 14:41:54 265218 9997.8670
2019:05:06 14:41:54 275296 9673.5433
2019:05:06 14:41:54 295219 9997.9825
2019:05:06 14:41:54 305597 9975.0422
2019:05:06 14:41:54 325201 9997.8372
2019:05:06 14:41:54 335278 9672.6753
2019:05:06 14:41:54 355202 9998.3551
2019:05:06 14:41:54 365600 9993.9257
2019:05:06 14:41:54 385185 9996.9544
2019:05:06 14:41:54 395623 10034.4121
2019:05:06 14:41:54 415324 10137.8150
2019:05:06 14:41:54 425534 10203.6670
2019:05:06 14:41:54 445175 10003.9318
2019:05:06 14:41:54 455229 9651.7541
2019:05:06 14:41:54 475169 9998.5860
2019:05:06 14:41:54 485528 9957.1124
2019:05:06 14:41:54 505157 9997.8335
2019:05:06 14:41:54 515215 9654.6635
2019:05:06 14:41:54 535154 10000.3146
2019:05:06 14:41:54 545522 9967.2116
2019:05:06 14:41:54 565135 9996.2167
2019:05:06 14:41:54 575212 9673.7258
2019:05:06 14:41:54 595136 9998.2880
2019:05:06 14:41:54 605516 9978.0709
2019:05:06 14:41:54 625119 9997.5429
2019:05:06 14:41:54 635203 9681.0497
2019:05:06 14:41:54 655119 9998.8766
2019:05:06 14:41:54 665487 9967.1371
2019:05:06 14:41:54 685102 9989.1424
2019:05:06 14:41:54 695338 9830.9591
2019:05:06 14:41:54 715102 9997.8186
2019:05:06 14:41:54 725480 9975.6978
2019:05:06 14:41:54 745094 10000.5157
2019:05:06 14:41:54 755492 9993.1844
2019:05:06 14:41:54 775086 9998.3737
2019:05:06 14:41:54 785464 9974.7628
2019:05:06 14:41:54 805068 9996.9022
2019:05:06 14:41:54 815476 10004.2373
2019:05:06 14:41:54 835069 9999.9048
2019:05:06 14:41:54 845448 9975.0459
2019:05:06 14:41:54 865052 9989.1052
2019:05:06 14:41:54 875458 10003.0787
2019:05:06 14:41:54 895054 9999.4913
2019:05:06 14:41:54 905438 9982.1389
2019:05:06 14:41:54 925036 9990.4425
2019:05:06 14:41:54 935442 10003.4736
2019:05:06 14:41:54 955037 9998.4556
2019:05:06 14:41:54 965421 9982.7573
2019:05:06 14:41:54 985019 9997.3045
2019:05:06 14:41:54 995104 9680.8635
2019:05:06 14:41:55 15021 10000.1134
2019:05:06 14:41:55 25397 9975.4110
2019:05:06 14:41:55 45009 10004.4757
2019:05:06 14:41:55 55409 9996.9581
2019:05:06 14:41:55 75004 10000.3816
2019:05:06 14:41:55 85378 9973.3360
2019:05:06 14:41:55 104986 9997.8074
2019:05:06 14:41:55 115071 9682.2567
2019:05:06 14:41:55 134988 10007.1430
2019:05:06 14:41:55 145373 9984.6944
2019:05:06 14:41:55 164970 9997.8261
2019:05:06 14:41:55 175045 9670.6189
2019:05:06 14:41:55 194971 9999.8154
2019:05:06 14:41:55 205357 9986.0840
2019:05:06 14:41:55 224953 9998.5600
2019:05:06 14:41:55 235040 9682.3089
2019:05:06 14:41:55 254956 9997.7590
2019:05:06 14:41:55 265334 9978.1901
2019:05:06 14:41:55 284937 9998.3886
2019:05:06 14:41:55 295022 9681.7650
2019:05:06 14:41:55 314938 9998.1576
2019:05:06 14:41:55 325318 9978.6147
2019:05:06 14:41:55 344928 10004.0585
2019:05:06 14:41:55 355323 9994.9092
2019:05:06 14:41:55 374921 9998.0570
2019:05:06 14:41:55 384984 9660.1993
2019:05:06 14:41:55 404910 9997.9229
2019:05:06 14:41:55 415307 9995.3525
2019:05:06 14:41:55 434903 9998.7499
2019:05:06 14:41:55 445284 9978.4881
2019:05:06 14:41:55 464887 9990.5469
2019:05:06 14:41:55 475297 10006.8860
2019:05:06 14:41:55 494887 9997.9490
2019:05:06 14:41:55 505267 9978.5365
2019:05:06 14:41:55 524878 9998.2433
2019:05:06 14:41:55 534956 9676.3112
2019:05:06 14:41:55 554872 10000.0836
2019:05:06 14:41:55 565251 9976.8862
2019:05:06 14:41:55 584861 9998.0347
2019:05:06 14:41:55 595259 9997.4759
2019:05:06 14:41:55 614854 9997.1369
2019:05:06 14:41:55 625236 9982.0457
2019:05:06 14:41:55 644843 9995.7474
2019:05:06 14:41:55 655241 9996.9357
2019:05:06 14:41:55 674839 10001.1267
2019:05:06 14:41:55 685219 9978.2124
2019:05:06 14:41:55 704827 9996.1609
2019:05:06 14:41:55 715225 9997.9080
2019:05:06 14:41:55 734830 10004.3528
2019:05:06 14:41:55 745204 9974.3493
2019:05:06 14:41:55 764811 9994.5888
2019:05:06 14:41:55 775211 9997.6733
2019:05:06 14:41:55 794806 9854.8084
2019:05:06 14:41:55 805189 9980.8350
2019:05:06 14:41:55 824794 9994.6931
2019:05:06 14:41:55 835194 9996.2540
2019:05:06 14:41:55 854786 9997.1406
2019:05:06 14:41:55 865173 9982.7461
2019:05:06 14:41:55 884775 9996.0007
2019:05:06 14:41:55 894855 9673.6439
2019:05:06 14:41:55 914772 10001.6259
2019:05:06 14:41:55 925144 9972.9858
2019:05:06 14:41:55 944760 9994.2759
2019:05:06 14:41:55 955160 9997.6994
2019:05:06 14:41:55 974756 10000.5157
2019:05:06 14:41:55 985138 9983.4166
2019:05:06 14:41:56 4747 9999.7297
2019:05:06 14:41:56 14803 9996.3136
2019:05:06 14:41:56 34733 9994.6074
2019:05:06 14:41:56 45137 10003.9132
2019:05:06 14:41:56 64721 9996.7234
2019:05:06 14:41:56 74800 9676.1212
2019:05:06 14:41:56 94716 9999.6962
2019:05:06 14:41:56 105134 10008.0408
2019:05:06 14:41:56 124704 9995.7101
2019:05:06 14:41:56 134782 9674.9105
2019:05:06 14:41:56 154700 9992.1972
2019:05:06 14:41:56 165108 9998.0943
2019:05:06 14:41:56 184695 10004.2149
2019:05:06 14:41:56 195095 9999.8005
2019:05:06 14:41:56 214690 10001.8419
2019:05:06 14:41:56 225074 9981.6136
2019:05:06 14:41:56 244673 9992.6665
2019:05:06 14:41:56 254754 9676.3521
2019:05:06 14:41:56 274674 9999.8936
2019:05:06 14:41:56 285068 9994.0337
2019:05:06 14:41:56 304654 9988.1440
2019:05:06 14:41:56 314733 9675.1973
2019:05:06 14:41:56 334658 10000.6647
2019:05:06 14:41:56 345053 9995.6281
2019:05:06 14:41:56 364646 9996.2354
2019:05:06 14:41:56 375045 9997.4424
2019:05:06 14:41:56 394633 9991.0200
2019:05:06 14:41:56 405038 9995.5946
2019:05:06 14:41:56 424626 10001.0484
2019:05:06 14:41:56 435030 10001.3427
2019:05:06 14:41:56 454617 9992.4542
2019:05:06 14:41:56 465022 9995.0321
2019:05:06 14:41:56 484606 9997.3604
2019:05:06 14:41:56 494657 9998.4333
2019:05:06 14:41:56 514600 9992.0556
2019:05:06 14:41:56 525004 9995.4866
2019:05:06 14:41:56 544594 10001.3614
2019:05:06 14:41:56 554647 10000.0985
2019:05:06 14:41:56 574593 10002.9781
2019:05:06 14:41:56 584640 9647.2986
2019:05:06 14:41:56 604577 9994.7043
2019:05:06 14:41:56 614632 10001.1677
2019:05:06 14:41:56 634575 9645.0783
2019:05:06 14:41:56 644623 9646.0879
2019:05:06 14:41:56 664561 9994.4957
2019:05:06 14:41:56 674616 10000.1879
2019:05:06 14:41:56 694558 9998.3141
2019:05:06 14:41:56 704609 9903.1739
2019:05:06 14:41:56 724548 9998.5786
2019:05:06 14:41:56 734605 10003.1607
2019:05:06 14:41:56 754543 9998.9250
2019:05:06 14:41:56 764591 9647.8164
2019:05:06 14:41:56 784529 9995.5350
2019:05:06 14:41:56 794584 10000.8138
2019:05:06 14:41:56 814523 9997.8708
2019:05:06 14:41:56 824573 9646.8851
2019:05:06 14:41:56 844515 9996.7979
2019:05:06 14:41:56 854566 9997.7292
2019:05:06 14:41:56 874509 9999.5323
2019:05:06 14:41:56 884556 9649.0383
2019:05:06 14:41:56 904496 9994.7602
2019:05:06 14:41:56 914550 9999.7818
2019:05:06 14:41:56 934492 10000.7728
2019:05:06 14:41:56 944546 9654.1196
2019:05:06 14:41:56 964480 9995.6654
2019:05:06 14:41:56 974879 10392.2859
2019:05:06 14:41:56 994475 10000.3518
2019:05:06 14:41:57 4871 9992.2977
2019:05:06 14:41:57 24465 9993.4116
2019:05:06 14:41:57 34522 9654.9839
2019:05:06 14:41:57 54457 9903.5911
2019:05:06 14:41:57 64856 9995.5536
2019:05:06 14:41:57 84448 9998.4556
2019:05:06 14:41:57 94847 9998.9958
2019:05:06 14:41:57 114711 10268.4088
2019:05:06 14:41:57 124839 10124.2587
2019:05:06 14:41:57 144428 9995.7474
2019:05:06 14:41:57 154832 9999.1933
2019:05:06 14:41:57 174426 10000.8696
2019:05:06 14:41:57 184824 9996.2093
2019:05:06 14:41:57 204408 9997.3679
2019:05:06 14:41:57 214486 9675.5363
2019:05:06 14:41:57 234415 10004.0883
2019:05:06 14:41:57 244809 9992.0556
2019:05:06 14:41:57 264390 9994.0076
2019:05:06 14:41:57 274469 9675.7896
2019:05:06 14:41:57 294393 9999.2193
2019:05:06 14:41:57 304790 9996.3993
2019:05:06 14:41:57 324381 9997.6435
2019:05:06 14:41:57 334427 9645.0634
2019:05:06 14:41:57 354377 10000.4673
2019:05:06 14:41:57 364767 9987.2313
2019:05:06 14:41:57 384358 9995.5387
2019:05:06 14:41:57 394767 10007.1430
2019:05:06 14:41:57 414328 9998.2545
2019:05:06 14:41:57 424758 10026.4177
2019:05:06 14:41:57 444316 9994.1976
2019:05:06 14:41:57 454778 10059.3604
2019:05:06 14:41:57 474343 9997.4312
2019:05:06 14:41:57 484742 9997.0400
2019:05:06 14:41:57 504331 9997.7925
2019:05:06 14:41:57 514733 9999.8079
2019:05:06 14:41:57 534320 9993.2812
2019:05:06 14:41:57 544395 9671.7887
2019:05:06 14:41:57 564308 9996.8761
2019:05:06 14:41:57 574706 9993.6910
2019:05:06 14:41:57 594303 9992.3648
2019:05:06 14:41:57 604379 9672.4667
2019:05:06 14:41:57 624292 9996.9953
2019:05:06 14:41:57 634371 9674.5789
2019:05:06 14:41:57 654286 9999.3274
2019:05:06 14:41:57 664685 9996.6489
2019:05:06 14:41:57 684275 9991.7650
2019:05:06 14:41:57 694355 9676.6762
2019:05:06 14:41:57 714270 9992.2009
2019:05:06 14:41:57 724700 10027.3713
2019:05:06 14:41:57 744261 9992.6591
2019:05:06 14:41:57 754343 9687.6025
2019:05:06 14:41:57 774419 10164.3652
2019:05:06 14:41:57 784658 10231.4353
2019:05:06 14:41:57 804241 9995.7772
2019:05:06 14:41:57 814321 9676.1063
2019:05:06 14:41:57 834236 9999.5621
2019:05:06 14:41:57 844313 9671.9600
2019:05:06 14:41:57 864225 9995.8964
2019:05:06 14:41:57 874304 9675.3649
2019:05:06 14:41:57 894221 9999.4801
2019:05:06 14:41:57 904625 10001.2980
2019:05:06 14:41:57 924210 9997.3306
2019:05:06 14:41:57 934288 9674.9030
2019:05:06 14:41:57 954204 9999.5583
2019:05:06 14:41:57 964603 9996.7793
2019:05:06 14:41:57 984193 9995.6207
2019:05:06 14:41:57 994272 9675.4134
2019:05:06 14:41:58 14188 10000.0910
2019:05:06 14:41:58 24262 9670.9616
2019:05:06 14:41:58 44176 9996.5148
2019:05:06 14:41:58 54255 9675.1377
2019:05:06 14:41:58 74171 9659.5250
2019:05:06 14:41:58 84555 9981.7701
2019:05:06 14:41:58 104160 9995.8666
2019:05:06 14:41:58 114237 9671.6657
2019:05:06 14:41:58 134155 9999.6142
2019:05:06 14:41:58 144552 9996.3993
2019:05:06 14:41:58 164143 9995.1290
2019:05:06 14:41:58 174223 9676.1025
2019:05:06 14:41:58 194138 9999.2976
2019:05:06 14:41:58 204298 9757.8466
2019:05:06 14:41:58 224135 10005.6343
2019:05:06 14:41:58 234541 10002.3784
2019:05:06 14:41:58 254124 9992.8752
2019:05:06 14:41:58 264199 9671.7142
2019:05:06 14:41:58 284110 9995.7995
2019:05:06 14:41:58 294520 10008.5475
2019:05:06 14:41:58 314105 10000.0761
2019:05:06 14:41:58 324512 10003.6040
2019:05:06 14:41:58 344094 9989.3957
2019:05:06 14:41:58 354528 10032.4005
2019:05:06 14:41:58 374090 10001.4694
2019:05:06 14:41:58 384165 9673.4315
2019:05:06 14:41:58 404078 9996.1385
2019:05:06 14:41:58 414156 9676.8029
2019:05:06 14:41:58 434073 9999.8675
2019:05:06 14:41:58 444480 10005.4480
2019:05:06 14:41:58 464060 9995.5760
2019:05:06 14:41:58 474140 9675.5214
2019:05:06 14:41:58 494057 10000.2848
2019:05:06 14:41:58 504463 10005.4294
2019:05:06 14:41:58 524044 9995.7548
2019:05:06 14:41:58 534123 9675.3426
2019:05:06 14:41:58 554047 10007.9216
2019:05:06 14:41:58 564447 9999.0517
2019:05:06 14:41:58 584035 10002.8403
2019:05:06 14:41:58 594434 9997.9937
2019:05:06 14:41:58 614023 9991.0870
2019:05:06 14:41:58 624098 9672.2431
2019:05:06 14:41:58 644019 10004.5092
2019:05:06 14:41:58 654419 9999.7781
2019:05:06 14:41:58 674008 10002.3411
2019:05:06 14:41:58 684082 9669.8031
2019:05:06 14:41:58 703994 9996.4626
2019:05:06 14:41:58 714072 9675.0855
2019:05:06 14:41:58 733995 10005.0569
2019:05:06 14:41:58 744421 10023.0388
2019:05:06 14:41:58 763978 9993.3706
2019:05:06 14:41:58 774057 9677.1717
2019:05:06 14:41:58 793972 9998.6717
2019:05:06 14:41:58 804379 10004.2522
2019:05:06 14:41:58 823961 9995.6430
2019:05:06 14:41:58 834040 9674.9477
2019:05:06 14:41:58 853994 10037.2657
2019:05:06 14:41:58 864361 9956.3263
2019:05:06 14:41:58 883945 9996.8798
2019:05:06 14:41:58 894024 9674.6385
2019:05:06 14:41:58 913939 9999.2454
2019:05:06 14:41:58 924015 9663.8016
2019:05:06 14:41:58 943928 9996.6936
2019:05:06 14:41:58 954007 9674.8881
2019:05:06 14:41:58 973923 9999.0405
2019:05:06 14:41:58 984330 10003.7903
2019:05:06 14:41:59 3912 9996.3769
2019:05:06 14:41:59 13991 9675.6145
2019:05:06 14:41:59 33907 9999.5695
2019:05:06 14:41:59 44305 9988.4048
2019:05:06 14:41:59 63896 9995.7585
2019:05:06 14:41:59 73976 9676.9035
2019:05:06 14:41:59 93890 9991.4111
2019:05:06 14:41:59 103966 9666.5099
2019:05:06 14:41:59 123879 9996.7718
2019:05:06 14:41:59 133959 9677.0599
2019:05:06 14:41:59 153874 9998.0272
2019:05:06 14:41:59 164279 10004.0324
2019:05:06 14:41:59 183862 9995.0805
2019:05:06 14:41:59 193954 9689.6812
2019:05:06 14:41:59 213857 9999.4317
2019:05:06 14:41:59 223933 9664.7367
2019:05:06 14:41:59 243852 10002.1698
2019:05:06 14:41:59 254199 9945.2250
2019:05:06 14:41:59 273841 9991.2360
2019:05:06 14:41:59 283916 9663.8836
2019:05:06 14:41:59 303830 9996.2167
2019:05:06 14:41:59 313908 9675.2383
2019:05:06 14:41:59 333824 9998.3811
2019:05:06 14:41:59 343899 9665.3625
2019:05:06 14:41:59 363813 9996.2987
2019:05:06 14:41:59 373891 9674.8024
2019:05:06 14:41:59 393808 10000.0836
2019:05:06 14:41:59 404213 9994.6484
2019:05:06 14:41:59 423796 9996.5706
2019:05:06 14:41:59 433876 9676.2888
2019:05:06 14:41:59 453792 10000.5083
2019:05:06 14:41:59 463868 9664.2449
2019:05:06 14:41:59 483780 9996.4552
2019:05:06 14:41:59 493859 9675.8902
2019:05:06 14:41:59 513774 9998.7946
2019:05:06 14:41:59 524182 10004.2522
2019:05:06 14:41:59 543764 9996.4030
2019:05:06 14:41:59 553842 9675.4171
2019:05:06 14:41:59 573765 10004.5502
2019:05:06 14:41:59 584142 9980.6190
2019:05:06 14:41:59 603721 9995.5015
2019:05:06 14:41:59 614156 10030.5751
2019:05:06 14:41:59 633743 10023.2027
2019:05:06 14:41:59 643817 9671.5353
2019:05:06 14:41:59 663730 9995.5611
2019:05:06 14:41:59 673813 9680.9939
2019:05:06 14:41:59 693730 10004.3789
2019:05:06 14:41:59 704131 9997.0065
2019:05:06 14:41:59 723715 9998.4407
2019:05:06 14:41:59 733793 9674.8881
2019:05:06 14:41:59 753723 10000.0463
2019:05:06 14:41:59 764115 9991.6607
2019:05:06 14:41:59 783697 9995.8926
2019:05:06 14:41:59 793776 9674.7950
2019:05:06 14:41:59 813673 9973.7458
2019:05:06 14:41:59 823767 9671.5167
2019:05:06 14:41:59 843680 9995.5425
2019:05:06 14:41:59 853765 9680.6213
2019:05:06 14:41:59 873680 10004.5949
2019:05:06 14:41:59 884081 10003.2613
2019:05:06 14:41:59 903666 9990.7927
2019:05:06 14:41:59 913743 9675.3426
2019:05:06 14:41:59 933634 9985.4395
2019:05:06 14:41:59 944065 10025.1436
2019:05:06 14:41:59 963623 9994.7713
2019:05:06 14:41:59 974057 10031.0296
2019:05:06 14:41:59 993640 10020.5094
2019:05:06 14:42:00 3718 9671.0622
2019:05:06 14:42:00 23638 10003.1346
2019:05:06 14:42:00 34041 10004.1851
2019:05:06 14:42:00 53632 9994.1269
2019:05:06 14:42:00 64031 10002.1474
2019:05:06 14:42:00 83622 10003.1905
2019:05:06 14:42:00 93695 9671.6024
2019:05:06 14:42:00 113619 9999.7967
2019:05:06 14:42:00 124015 9995.3040
2019:05:06 14:42:00 143607 9998.1353
2019:05:06 14:42:00 153664 9996.0528
2019:05:06 14:42:00 173598 10005.9286
2019:05:06 14:42:00 183998 9995.2631
2019:05:06 14:42:00 203582 9996.2167
2019:05:06 14:42:00 213734 9748.3434
2019:05:06 14:42:00 233594 10007.5342
2019:05:06 14:42:00 243988 10341.5661
2019:05:06 14:42:00 263566 9994.4584
2019:05:06 14:42:00 273717 9747.8367
2019:05:06 14:42:00 293551 9979.9335
2019:05:06 14:42:00 303636 9673.0739
2019:05:06 14:42:00 323548 9996.2503
2019:05:06 14:42:00 333705 9752.4785
2019:05:06 14:42:00 353523 9968.3739
2019:05:06 14:42:00 363618 9672.4369
2019:05:06 14:42:00 383533 9997.3232
2019:05:06 14:42:00 393676 9739.4474
2019:05:06 14:42:00 413506 9968.9588
2019:05:06 14:42:00 423602 9670.5109
2019:05:06 14:42:00 443515 9995.4456
2019:05:06 14:42:00 453637 9718.2728
2019:05:06 14:42:00 473485 9964.4065
2019:05:06 14:42:00 483917 10369.7218
2019:05:06 14:42:00 503499 9996.3844
2019:05:06 14:42:00 513642 10089.7066
2019:05:06 14:42:00 533480 9976.5845
2019:05:06 14:42:00 543900 10365.0093
2019:05:06 14:42:00 563483 9996.5744
2019:05:06 14:42:00 573634 10098.2040
2019:05:06 14:42:00 593455 9968.1355
2019:05:06 14:42:00 603552 9671.0287
2019:05:06 14:42:00 623466 9996.5855
2019:05:06 14:42:00 633646 10127.1756
2019:05:06 14:42:00 653439 9967.5655
2019:05:06 14:42:00 663867 10366.6708
2019:05:06 14:42:00 683450 9993.2477
2019:05:06 14:42:00 693630 10127.7791
2019:05:06 14:42:00 713438 9982.4853
2019:05:06 14:42:00 723850 10365.1471
2019:05:06 14:42:00 743439 10001.6817
2019:05:06 14:42:00 753489 9995.8740
2019:05:06 14:42:00 773425 9986.0504
2019:05:06 14:42:00 783825 10340.8284
2019:05:06 14:42:00 803417 9996.6452
2019:05:06 14:42:00 813629 10158.5686
2019:05:06 14:42:00 833398 9977.2587
2019:05:06 14:42:00 843816 10403.0035
2019:05:06 14:42:00 863400 9996.6675
2019:05:06 14:42:00 873736 10281.2909
2019:05:06 14:42:00 893376 9970.3819
2019:05:06 14:42:00 903800 10024.3241
2019:05:06 14:42:00 923383 9996.1013
2019:05:06 14:42:00 933641 10204.7622
2019:05:06 14:42:00 953363 9974.4052
2019:05:06 14:42:00 963807 10046.1133
2019:05:06 14:42:00 983368 9995.9821
2019:05:06 14:42:00 993768 9998.0533
2019:05:06 14:42:01 13357 9981.4087
2019:05:06 14:42:01 23437 9683.1284
2019:05:06 14:42:01 43351 9996.9171
2019:05:06 14:42:01 53751 9998.1837
2019:05:06 14:42:01 73345 9988.9785
2019:05:06 14:42:01 83731 9993.4451
2019:05:06 14:42:01 103339 9993.3408
2019:05:06 14:42:01 113689 9945.5677
2019:05:06 14:42:01 133327 9987.8311
2019:05:06 14:42:01 143412 9682.4355
2019:05:06 14:42:01 163317 9996.2167
2019:05:06 14:42:01 173672 9950.5521
2019:05:06 14:42:01 193310 9988.1180
2019:05:06 14:42:01 203718 10022.8898
2019:05:06 14:42:01 223301 9996.6191
2019:05:06 14:42:01 233601 9896.5280
2019:05:06 14:42:01 253297 9984.2660
2019:05:06 14:42:01 263373 9657.7145
2019:05:06 14:42:01 283285 9995.8479
2019:05:06 14:42:01 293618 9930.2046
2019:05:06 14:42:01 313278 9988.4123
2019:05:06 14:42:01 323709 10023.9217
2019:05:06 14:42:01 343268 9995.6430
2019:05:06 14:42:01 353703 10032.3260
2019:05:06 14:42:01 373260 9986.6204
2019:05:06 14:42:01 383692 10025.6577
2019:05:06 14:42:01 403252 9996.8873
2019:05:06 14:42:01 413652 9998.8095
2019:05:06 14:42:01 433244 9987.7156
2019:05:06 14:42:01 443677 10018.7026
2019:05:06 14:42:01 463235 9993.4824
2019:05:06 14:42:01 473424 9786.0396
2019:05:06 14:42:01 493222 9981.7291
2019:05:06 14:42:01 503658 10016.6872
2019:05:06 14:42:01 523218 9988.3415
2019:05:06 14:42:01 533638 10016.1843
2019:05:06 14:42:01 553211 9986.7247
2019:05:06 14:42:01 563612 9976.7298
2019:05:06 14:42:01 583182 9974.8038
2019:05:06 14:42:01 593612 10030.5676
2019:05:06 14:42:01 613169 9993.0353
2019:05:06 14:42:01 623602 10019.2875
2019:05:06 14:42:01 643160 9994.6000
2019:05:06 14:42:01 653621 10056.6782
2019:05:06 14:42:01 673181 9989.8838
2019:05:06 14:42:01 683610 10042.7940
2019:05:06 14:42:01 703169 9995.1737
2019:05:06 14:42:01 713604 10032.7358
2019:05:06 14:42:01 733161 9987.4921
2019:05:06 14:42:01 743606 10036.9863
2019:05:06 14:42:01 763154 9994.6074
2019:05:06 14:42:01 773561 10006.3980
2019:05:06 14:42:01 793145 9995.2891
2019:05:06 14:42:01 803577 10035.7607
2019:05:06 14:42:01 823137 9997.2822
2019:05:06 14:42:01 833571 10030.9290
2019:05:06 14:42:01 853129 9994.5031
2019:05:06 14:42:01 863560 10012.8241
2019:05:06 14:42:01 883119 9995.9150
2019:05:06 14:42:01 893555 10030.9104
2019:05:06 14:42:01 913111 9994.4957
2019:05:06 14:42:01 923543 10037.7798
2019:05:06 14:42:01 943077 9995.5574
2019:05:06 14:42:01 953516 10033.5255
2019:05:06 14:42:01 973070 9992.4505
2019:05:06 14:42:01 983529 10053.9215
2019:05:06 14:42:02 3086 9994.6111
2019:05:06 14:42:02 13531 10041.1251
2019:05:06 14:42:02 33078 9994.4472
2019:05:06 14:42:02 43509 10027.4496
2019:05:06 14:42:02 63070 9995.5723
2019:05:06 14:42:02 73513 10039.3519
2019:05:06 14:42:02 93062 9987.0488
2019:05:06 14:42:02 103501 10020.9266
2019:05:06 14:42:02 123060 9995.2370
2019:05:06 14:42:02 133463 10000.6871
2019:05:06 14:42:02 153053 9994.2125
2019:05:06 14:42:02 163424 9999.1038
2019:05:06 14:42:02 183044 9996.2652
2019:05:06 14:42:02 193447 10003.3656
2019:05:06 14:42:02 213036 9994.5702
2019:05:06 14:42:02 223421 10009.7470
2019:05:06 14:42:02 243270 10241.2477
2019:05:06 14:42:02 253434 10159.3621
2019:05:06 14:42:02 273013 9993.9927
2019:05:06 14:42:02 283424 10030.0722
2019:05:06 14:42:02 303005 9996.7346
2019:05:06 14:42:02 313446 10039.9517
2019:05:06 14:42:02 332997 9993.7990
2019:05:06 14:42:02 343386 10008.8082
2019:05:06 14:42:02 362988 9996.4775
2019:05:06 14:42:02 373429 10039.6313
2019:05:06 14:42:02 392980 9986.5869
2019:05:06 14:42:02 403370 10006.1111
2019:05:06 14:42:02 422971 9995.5499
2019:05:06 14:42:02 433412 10037.1242
2019:05:06 14:42:02 452964 9987.8870
2019:05:06 14:42:02 463386 10043.2597
2019:05:06 14:42:02 482955 9996.9432
2019:05:06 14:42:02 493365 10005.7498
2019:05:06 14:42:02 512954 9993.0279
2019:05:06 14:42:02 523351 10025.3113
2019:05:06 14:42:02 542938 9995.8070
2019:05:06 14:42:02 553380 10038.6925
2019:05:06 14:42:02 572930 9988.6991
2019:05:06 14:42:02 583003 9693.6002
2019:05:06 14:42:02 602922 9995.8815
2019:05:06 14:42:02 613002 9676.9929
2019:05:06 14:42:02 632913 9988.0584
2019:05:06 14:42:02 643335 10031.0557
2019:05:06 14:42:02 662904 9995.4344
2019:05:06 14:42:02 673316 10009.0541
2019:05:06 14:42:02 692898 9987.1419
2019:05:06 14:42:02 703318 10028.7236
2019:05:06 14:42:02 722889 9996.0007
2019:05:06 14:42:02 733329 10036.8410
2019:05:06 14:42:02 752884 9984.5417
2019:05:06 14:42:02 763305 10030.5825
2019:05:06 14:42:02 782872 9995.8628
2019:05:06 14:42:02 793313 10038.9831
2019:05:06 14:42:02 812872 9995.3376
2019:05:06 14:42:02 823264 10000.1432
2019:05:06 14:42:02 842854 9994.8458
2019:05:06 14:42:02 852940 9682.4057
2019:05:06 14:42:02 872849 9988.7401
2019:05:06 14:42:02 883268 10026.0675
2019:05:06 14:42:02 902838 9996.9730
2019:05:06 14:42:02 913280 10038.0406
2019:05:06 14:42:02 932831 9987.9950
2019:05:06 14:42:02 943251 10028.1388
2019:05:06 14:42:02 962823 9998.0198
2019:05:06 14:42:02 973232 10007.7763
2019:05:06 14:42:02 992815 9986.7508
2019:05:06 14:42:03 3223 10017.1342
2019:05:06 14:42:03 22806 9998.7052
2019:05:06 14:42:03 33249 10039.7505
2019:05:06 14:42:03 52799 9987.1792
2019:05:06 14:42:03 63220 10030.6347
2019:05:06 14:42:03 82797 10004.2149
2019:05:06 14:42:03 93199 10001.8233
2019:05:06 14:42:03 112782 9987.1904
2019:05:06 14:42:03 122859 9685.2556
2019:05:06 14:42:03 142773 9997.4684
2019:05:06 14:42:03 153215 10035.3211
2019:05:06 14:42:03 172765 9987.2909
2019:05:06 14:42:03 183173 10011.8667
2019:05:06 14:42:03 202765 10005.9025
2019:05:06 14:42:03 212862 9694.7886
2019:05:06 14:42:03 232749 9986.7247
2019:05:06 14:42:03 242836 9691.0037
2019:05:06 14:42:03 262743 9998.3849
2019:05:06 14:42:03 273183 10036.2226
2019:05:06 14:42:03 292732 9988.3527
2019:05:06 14:42:03 302810 9681.8581
2019:05:06 14:42:03 322724 9998.4407
2019:05:06 14:42:03 333165 10038.5994
2019:05:06 14:42:03 352716 9987.4958
2019:05:06 14:42:03 362795 9683.0279
2019:05:06 14:42:03 382708 9998.2284
2019:05:06 14:42:03 393147 10035.5409
2019:05:06 14:42:03 412702 9987.9019
2019:05:06 14:42:03 423108 10013.8374
2019:05:06 14:42:03 442691 9998.8841
2019:05:06 14:42:03 453133 10039.7319
2019:05:06 14:42:03 472683 9988.2521
2019:05:06 14:42:03 482761 9683.4414
2019:05:06 14:42:03 502675 9997.2077
2019:05:06 14:42:03 513080 10002.7621
2019:05:06 14:42:03 532666 9987.8088
2019:05:06 14:42:03 542744 9680.5729
2019:05:06 14:42:03 562658 9997.4573
2019:05:06 14:42:03 573099 10037.2322
2019:05:06 14:42:03 592656 9995.4344
2019:05:06 14:42:03 602708 9666.0070
2019:05:06 14:42:03 622649 9999.2901
2019:05:06 14:42:03 633049 9997.5243
2019:05:06 14:42:03 652832 10188.4566
2019:05:06 14:42:03 663037 10197.9710
2019:05:06 14:42:03 682633 9995.8256
2019:05:06 14:42:03 693033 9997.8559
2019:05:06 14:42:03 712623 9994.0859
2019:05:06 14:42:03 723023 9998.6233
2019:05:06 14:42:03 742614 9997.1667
2019:05:06 14:42:03 752960 9942.4534
2019:05:06 14:42:03 772609 10001.7041
2019:05:06 14:42:03 783009 10000.4114
2019:05:06 14:42:03 802593 9998.3104
2019:05:06 14:42:03 813026 10031.6778
2019:05:06 14:42:03 832584 9987.3282
2019:05:06 14:42:03 842662 9675.6145
2019:05:06 14:42:03 862576 9998.2433
2019:05:06 14:42:03 872983 10006.6401
2019:05:06 14:42:03 892567 9994.4733
2019:05:06 14:42:03 902645 9674.9030
2019:05:06 14:42:03 922565 10004.7216
2019:05:06 14:42:03 932966 10006.6960
2019:05:06 14:42:03 952557 10005.2394
2019:05:06 14:42:03 962958 10006.6997
2019:05:06 14:42:03 982549 10005.3288
2019:05:06 14:42:03 992950 10005.3847
2019:05:06 14:42:04 12534 9994.7304
2019:05:06 14:42:04 22854 9916.5402
2019:05:06 14:42:04 42533 10006.1446
2019:05:06 14:42:04 52933 10004.7924
2019:05:06 14:42:04 72517 9779.4160
2019:05:06 14:42:04 82595 9674.2846
2019:05:06 14:42:04 102509 9990.3010
2019:05:06 14:42:04 112949 10036.5169
2019:05:06 14:42:04 132500 9994.8309
2019:05:06 14:42:04 142579 9675.1489
2019:05:06 14:42:04 162504 10008.6629
2019:05:06 14:42:04 172902 10007.1020
2019:05:06 14:42:04 192483 9994.8868
2019:05:06 14:42:04 202562 9674.2287
2019:05:06 14:42:04 222484 10006.6401
2019:05:06 14:42:04 232884 10006.4278
2019:05:06 14:42:04 252477 9999.1821
2019:05:06 14:42:04 262878 9997.3083
2019:05:06 14:42:04 282467 10003.9132
2019:05:06 14:42:04 292866 10005.6753
2019:05:06 14:42:04 312451 9994.5068
2019:05:06 14:42:04 322529 9675.4208
2019:05:06 14:42:04 342450 9997.6733
2019:05:06 14:42:04 352852 10008.5214
2019:05:06 14:42:04 372435 9995.8405
2019:05:06 14:42:04 382513 9676.1845
2019:05:06 14:42:04 402426 9998.4929
2019:05:06 14:42:04 412868 10039.6834
2019:05:06 14:42:04 432417 9994.3839
2019:05:06 14:42:04 442496 9676.1584
2019:05:06 14:42:04 462409 9997.9453
2019:05:06 14:42:04 472818 10355.1261
2019:05:06 14:42:04 492401 9994.4174
2019:05:06 14:42:04 502809 10355.8078
2019:05:06 14:42:04 522393 9998.0198
2019:05:06 14:42:04 532802 10355.7259
2019:05:06 14:42:04 552385 9994.4286
2019:05:06 14:42:04 562793 10356.2512
2019:05:06 14:42:04 582377 9998.1800
2019:05:06 14:42:04 592788 10358.1659
2019:05:06 14:42:04 612368 9994.6149
2019:05:06 14:42:04 622789 10367.9225
2019:05:06 14:42:04 642555 10192.9381
2019:05:06 14:42:04 652411 9852.4056
2019:05:06 14:42:04 672361 9997.2077
2019:05:06 14:42:04 682410 9753.2533
2019:05:06 14:42:04 702344 9991.2845
2019:05:06 14:42:04 712754 10357.2868
2019:05:06 14:42:04 732342 9995.1290
2019:05:06 14:42:04 742728 10332.8563
2019:05:06 14:42:04 762330 9997.4833
2019:05:06 14:42:04 772738 10355.4688
2019:05:06 14:42:04 792318 9994.1902
2019:05:06 14:42:04 802726 10355.5620
2019:05:06 14:42:04 822311 9998.8468
2019:05:06 14:42:04 832719 10355.0963
2019:05:06 14:42:04 852302 9994.2572
2019:05:06 14:42:04 862710 10356.2512
2019:05:06 14:42:04 882294 9997.9937
2019:05:06 14:42:04 892702 10354.9212
2019:05:06 14:42:04 912605 10313.8573
2019:05:06 14:42:04 922693 10080.0879
2019:05:06 14:42:04 942277 9997.5020
2019:05:06 14:42:04 952687 10356.4970
2019:05:06 14:42:04 972269 9995.4307
2019:05:06 14:42:04 982347 9680.6996
2019:05:06 14:42:05 2264 9998.7201
2019:05:06 14:42:05 12341 9674.6497
2019:05:06 14:42:05 32252 9993.4973
2019:05:06 14:42:05 42331 9674.5975
2019:05:06 14:42:05 62244 9998.0608
2019:05:06 14:42:05 72678 10029.9604
2019:05:06 14:42:05 92237 9995.5127
2019:05:06 14:42:05 102656 10023.9329
2019:05:06 14:42:05 122228 9998.5078
2019:05:06 14:42:05 132310 9678.5650
2019:05:06 14:42:05 152220 9995.4121
2019:05:06 14:42:05 162298 9675.2197
2019:05:06 14:42:05 182212 9997.7851
2019:05:06 14:42:05 192654 10039.5828
2019:05:06 14:42:05 212204 9795.8893
2019:05:06 14:42:05 222611 10006.5544
2019:05:06 14:42:05 242610 10413.4120
2019:05:06 14:42:05 252308 9691.1527
2019:05:06 14:42:05 272188 9985.8642
2019:05:06 14:42:05 282268 9676.0765
2019:05:06 14:42:05 302179 9998.8133
2019:05:06 14:42:05 312620 10036.3865
2019:05:06 14:42:05 332172 9989.0046
2019:05:06 14:42:05 342579 10006.2527
2019:05:06 14:42:05 362161 9997.2300
2019:05:06 14:42:05 372603 10036.9044
2019:05:06 14:42:05 392154 9986.6055
2019:05:06 14:42:05 402231 9674.0834
2019:05:06 14:42:05 422146 9998.2172
2019:05:06 14:42:05 432586 10036.9193
2019:05:06 14:42:05 452140 9990.5618
2019:05:06 14:42:05 462216 9673.2117
2019:05:06 14:42:05 482129 9997.4498
2019:05:06 14:42:05 492570 10037.5079
2019:05:06 14:42:05 512120 9987.5890
2019:05:06 14:42:05 522198 9674.4820
2019:05:06 14:42:05 542112 9997.8484
2019:05:06 14:42:05 552552 10036.9193
2019:05:06 14:42:05 572105 9987.5741
2019:05:06 14:42:05 582511 10003.9244
2019:05:06 14:42:05 602130 10031.9758
2019:05:06 14:42:05 612506 9974.7963
2019:05:06 14:42:05 632087 9986.8812
2019:05:06 14:42:05 642165 9673.7817
2019:05:06 14:42:05 662202 10121.2077
2019:05:06 14:42:05 672491 10281.0301
2019:05:06 14:42:05 692071 9987.5033
2019:05:06 14:42:05 702150 9674.1319
2019:05:06 14:42:05 722064 9922.5938
2019:05:06 14:42:05 732473 10007.2026
2019:05:06 14:42:05 752060 9993.9704
2019:05:06 14:42:05 762137 9672.2320
2019:05:06 14:42:05 782047 9998.1576
2019:05:06 14:42:05 792490 10038.7670
2019:05:06 14:42:05 812038 9994.4547
2019:05:06 14:42:05 822445 10003.4475
2019:05:06 14:42:05 842036 10005.0680
2019:05:06 14:42:05 852440 10000.2289
2019:05:06 14:42:05 872022 9995.2333
2019:05:06 14:42:05 882099 9674.1393
2019:05:06 14:42:05 902020 10004.3193
2019:05:06 14:42:05 912423 9999.2231
2019:05:06 14:42:05 932005 9994.3355
2019:05:06 14:42:05 942368 9958.8111
2019:05:06 14:42:05 961996 9997.7404
2019:05:06 14:42:05 972438 10038.4466
2019:05:06 14:42:05 991991 9997.7963
2019:05:06 14:42:06 2068 9672.8317
2019:05:06 14:42:06 21989 10005.6343
2019:05:06 14:42:06 32391 10000.2959
2019:05:06 14:42:06 51973 9993.9592
2019:05:06 14:42:06 62385 10008.8939
2019:05:06 14:42:06 81970 10003.8908
2019:05:06 14:42:06 92373 10026.5704
2019:05:06 14:42:06 111956 9994.8272
2019:05:06 14:42:06 122033 9673.2192
2019:05:06 14:42:06 141956 10006.2862
2019:05:06 14:42:06 152356 9998.6121
2019:05:06 14:42:06 171939 9994.2721
2019:05:06 14:42:06 182017 9675.7561
2019:05:06 14:42:06 201938 10005.3512
2019:05:06 14:42:06 212340 9998.8356
2019:05:06 14:42:06 231923 9995.4382
2019:05:06 14:42:06 242000 9672.9659
2019:05:06 14:42:06 261925 10002.0207
2019:05:06 14:42:06 272326 9999.4540
2019:05:06 14:42:06 291906 9994.3802
2019:05:06 14:42:06 301985 9672.2841
2019:05:06 14:42:06 321905 10005.7386
2019:05:06 14:42:06 332308 10001.0335
2019:05:06 14:42:06 351890 9995.0209
2019:05:06 14:42:06 361968 9674.5379
2019:05:06 14:42:06 381890 10006.4389
2019:05:06 14:42:06 392292 10000.9516
2019:05:06 14:42:06 411873 9993.0242
2019:05:06 14:42:06 422282 10007.3554
2019:05:06 14:42:06 441872 10005.0047
2019:05:06 14:42:06 452274 9998.7239
2019:05:06 14:42:06 471856 9994.2386
2019:05:06 14:42:06 482283 10024.0968
2019:05:06 14:42:06 501856 10005.2319
2019:05:06 14:42:06 512255 9997.6845
2019:05:06 14:42:06 531840 9994.4621
2019:05:06 14:42:06 541920 9677.2090
2019:05:06 14:42:06 561839 10004.8445
2019:05:06 14:42:06 572240 9996.7271
2019:05:06 14:42:06 591832 9995.6132
2019:05:06 14:42:06 602231 9998.8282
2019:05:06 14:42:06 621822 9997.0289
2019:05:06 14:42:06 632223 10000.4338
2019:05:06 14:42:06 651812 10018.0209
2019:05:06 14:42:06 661892 9675.1489
2019:05:06 14:42:06 681806 9994.0822
2019:05:06 14:42:06 692209 10000.2848
2019:05:06 14:42:06 711798 9991.9476
2019:05:06 14:42:06 722198 9998.0719
2019:05:06 14:42:06 741790 9998.0347
2019:05:06 14:42:06 752196 10004.4385
2019:05:06 14:42:06 771781 9991.5154
2019:05:06 14:42:06 782182 9998.0086
2019:05:06 14:42:06 801774 10001.0112
2019:05:06 14:42:06 812175 10001.2645
2019:05:06 14:42:06 831765 9994.0449
2019:05:06 14:42:06 842162 10339.7258
2019:05:06 14:42:06 861756 9998.2955
2019:05:06 14:42:06 872159 10000.6834
2019:05:06 14:42:06 891748 9988.2931
2019:05:06 14:42:06 902148 9997.8596
2019:05:06 14:42:06 921740 9997.8000
2019:05:06 14:42:06 932142 10000.2177
2019:05:06 14:42:06 951731 9993.4302
2019:05:06 14:42:06 962131 9997.8708
2019:05:06 14:42:06 981721 9995.8293
2019:05:06 14:42:06 992125 10000.9628
2019:05:06 14:42:07 11715 9994.4919
2019:05:06 14:42:07 22114 9998.0123
2019:05:06 14:42:07 41706 9997.2598
2019:05:06 14:42:07 52106 10000.8287
2019:05:06 14:42:07 71698 9997.8037
2019:05:06 14:42:07 82079 9978.1454
2019:05:06 14:42:07 101662 9969.3909
2019:05:06 14:42:07 111769 9708.1065
2019:05:06 14:42:07 131680 9991.8246
2019:05:06 14:42:07 141760 9674.3256
2019:05:06 14:42:07 161673 9997.7702
2019:05:06 14:42:07 172121 10044.8914
2019:05:06 14:42:07 191664 9994.5366
2019:05:06 14:42:07 202067 10000.0128
2019:05:06 14:42:07 221655 9994.5888
2019:05:06 14:42:07 232058 10336.0675
2019:05:06 14:42:07 251954 10300.5022
2019:05:06 14:42:07 262052 10092.4298
2019:05:06 14:42:07 281642 9996.9059
2019:05:06 14:42:07 292048 10006.5432
2019:05:06 14:42:07 311633 9998.0794
2019:05:06 14:42:07 322031 9997.7367
2019:05:06 14:42:07 341623 9996.0268
2019:05:06 14:42:07 352069 10043.4944
2019:05:06 14:42:07 371615 10022.3608
2019:05:06 14:42:07 382015 9996.8240
2019:05:06 14:42:07 401606 9996.5483
2019:05:06 14:42:07 412016 10006.8189
2019:05:06 14:42:07 431599 9996.5259
2019:05:06 14:42:07 441999 9997.4759
2019:05:06 14:42:07 461592 9998.9995
2019:05:06 14:42:07 471990 9995.8889
2019:05:06 14:42:07 491911 10320.0600
2019:05:06 14:42:07 501985 10054.8454
2019:05:06 14:42:07 521575 9999.8899
2019:05:06 14:42:07 531666 9937.9942
2019:05:06 14:42:07 551564 10022.4800
2019:05:06 14:42:07 561966 9996.1832
2019:05:06 14:42:07 581559 10000.8063
2019:05:06 14:42:07 591957 10022.0442
2019:05:06 14:42:07 611550 9995.9671
2019:05:06 14:42:07 621950 9998.1800
2019:05:06 14:42:07 641542 9997.2822
2019:05:06 14:42:07 651663 9960.1932
2019:05:06 14:42:07 671536 10026.0228
2019:05:06 14:42:07 681931 9993.0055
2019:05:06 14:42:07 701526 10000.6871
2019:05:06 14:42:07 711975 10046.7205
2019:05:06 14:42:07 731517 9997.3120
2019:05:06 14:42:07 741916 9997.4759
2019:05:06 14:42:07 761511 9994.3988
2019:05:06 14:42:07 771569 9958.6323
2019:05:06 14:42:07 791500 10020.7217
2019:05:06 14:42:07 801900 9997.5131
2019:05:06 14:42:07 821491 9997.7180
2019:05:06 14:42:07 831638 9958.5652
2019:05:06 14:42:07 851489 10028.3325
2019:05:06 14:42:07 861883 10341.0743
2019:05:06 14:42:07 881476 9999.0331
2019:05:06 14:42:07 891605 9725.8165
2019:05:06 14:42:07 911440 9984.5640
2019:05:06 14:42:07 921545 9672.5374
2019:05:06 14:42:07 941459 9998.9623
2019:05:06 14:42:07 951627 9952.7948
2019:05:06 14:42:07 971433 10005.5635
2019:05:06 14:42:07 981530 9675.3314
2019:05:06 14:42:08 1442 9998.8170
2019:05:06 14:42:08 11666 9969.7709
2019:05:06 14:42:08 31434 10014.1689
2019:05:06 14:42:08 41831 9994.5590
2019:05:06 14:42:08 61425 9997.7218
2019:05:06 14:42:08 71542 9940.3411
2019:05:06 14:42:08 91422 10026.0079
2019:05:06 14:42:08 101800 9982.0159
2019:05:06 14:42:08 121414 10004.1926
2019:05:06 14:42:08 131620 9932.0896
2019:05:06 14:42:08 151400 10022.3720
2019:05:06 14:42:08 161802 9998.6084
2019:05:06 14:42:08 181393 9998.3029
2019:05:06 14:42:08 191663 9949.0546
2019:05:06 14:42:08 211385 10018.9894
2019:05:06 14:42:08 221784 9997.3157
2019:05:06 14:42:08 241375 9997.3902
2019:05:06 14:42:08 251585 10117.1583
2019:05:06 14:42:08 271361 10005.5523
2019:05:06 14:42:08 281440 9673.7035
2019:05:06 14:42:08 301359 10004.8482
2019:05:06 14:42:08 311693 9937.9495
2019:05:06 14:42:08 331547 10197.6730
2019:05:06 14:42:08 341753 10198.9172
2019:05:06 14:42:08 361345 10006.9568
2019:05:06 14:42:08 371658 9926.5836
2019:05:06 14:42:08 391328 9997.3679
2019:05:06 14:42:08 401406 9676.1174
2019:05:06 14:42:08 421327 10005.8503
2019:05:06 14:42:08 431704 9972.7362
2019:05:06 14:42:08 451311 9997.2859
2019:05:06 14:42:08 461389 9675.9126
2019:05:06 14:42:08 481311 10006.3123
2019:05:06 14:42:08 491616 9899.8100
2019:05:06 14:42:08 511303 10005.1537
2019:05:06 14:42:08 521705 9996.9357
2019:05:06 14:42:08 541293 10005.0941
2019:05:06 14:42:08 551666 9967.7853
2019:05:06 14:42:08 571278 9996.3956
2019:05:06 14:42:08 581688 10005.9547
2019:05:06 14:42:08 601245 9994.5255
2019:05:06 14:42:08 611660 10009.6576
2019:05:06 14:42:08 631236 9995.2556
2019:05:06 14:42:08 641671 10029.5134
2019:05:06 14:42:08 661229 9997.0065
2019:05:06 14:42:08 671607 9956.9224
2019:05:06 14:42:08 691245 9996.4552
2019:05:06 14:42:08 701323 9674.1579
2019:05:06 14:42:08 721237 9998.0012
2019:05:06 14:42:08 731647 10003.7940
2019:05:06 14:42:08 751234 10002.0990
2019:05:06 14:42:08 761312 9674.7354
2019:05:06 14:42:08 781228 10004.8520
2019:05:06 14:42:08 791579 9943.2357
2019:05:06 14:42:08 811212 9995.8703
2019:05:06 14:42:08 821291 9675.7226
2019:05:06 14:42:08 841203 9997.1555
2019:05:06 14:42:08 851639 10028.6268
2019:05:06 14:42:08 871195 9995.4754
2019:05:06 14:42:08 881274 9674.2921
2019:05:06 14:42:08 901195 10005.0196
2019:05:06 14:42:08 911590 9990.3755
2019:05:06 14:42:08 931179 9996.2503
2019:05:06 14:42:08 941257 9673.7631
2019:05:06 14:42:08 961172 9997.3939
2019:05:06 14:42:08 971605 10026.4549
2019:05:06 14:42:08 991164 9997.9937
2019:05:06 14:42:09 1243 9676.4974
2019:05:06 14:42:09 21154 9997.5727
2019:05:06 14:42:09 31597 10035.2541
2019:05:06 14:42:09 51156 10007.5230
2019:05:06 14:42:09 61559 10003.5705
2019:05:06 14:42:09 81120 9979.9149
2019:05:06 14:42:09 91542 10020.8819
2019:05:06 14:42:09 111130 9997.0549
2019:05:06 14:42:09 121541 10007.5006
2019:05:06 14:42:09 141097 9995.6691
2019:05:06 14:42:09 151558 10022.0032
2019:05:06 14:42:09 171120 10003.6636
2019:05:06 14:42:09 181526 10004.7924
2019:05:06 14:42:09 201112 9997.6361
2019:05:06 14:42:09 211508 9990.9790
2019:05:06 14:42:09 231101 10001.2124
2019:05:06 14:42:09 241504 9999.1672
2019:05:06 14:42:09 261101 9996.5669
2019:05:06 14:42:09 271530 10021.8095
2019:05:06 14:42:09 291087 9997.2002
2019:05:06 14:42:09 301487 9998.0272
2019:05:06 14:42:09 321079 9997.5504
2019:05:06 14:42:09 331480 9997.5467
2019:05:06 14:42:09 351071 9996.6154
2019:05:06 14:42:09 361471 9994.9874
2019:05:06 14:42:09 381065 10000.7243
2019:05:06 14:42:09 391453 9984.5082
2019:05:06 14:42:09 411047 9996.7606
2019:05:06 14:42:09 421454 10027.3900
2019:05:06 14:42:09 441047 10006.1819
2019:05:06 14:42:09 451451 10000.8920
2019:05:06 14:42:09 471039 9997.5653
2019:05:06 14:42:09 481438 10027.3974
2019:05:06 14:42:09 501024 9865.7086
2019:05:06 14:42:09 511463 10028.2244
2019:05:06 14:42:09 531021 9996.8240
2019:05:06 14:42:09 541422 10028.0419
2019:05:06 14:42:09 561013 9998.4445
2019:05:06 14:42:09 571416 9998.2135
2019:05:06 14:42:09 590973 9966.4517
2019:05:06 14:42:09 601406 10029.4501
2019:05:06 14:42:09 620964 9996.7085
2019:05:06 14:42:09 631432 10035.9619
2019:05:06 14:42:09 650981 9996.5669
2019:05:06 14:42:09 661059 9681.8469
2019:05:06 14:42:09 680981 10002.3448
2019:05:06 14:42:09 691383 10003.1905
2019:05:06 14:42:09 710965 9997.2300
2019:05:06 14:42:09 721042 9674.3032
2019:05:06 14:42:09 740963 10005.1127
2019:05:06 14:42:09 751372 10010.8460
2019:05:06 14:42:09 770949 9994.2498
2019:05:06 14:42:09 781027 9673.8376
2019:05:06 14:42:09 800947 10005.6902
2019:05:06 14:42:09 811350 10001.8941
2019:05:06 14:42:09 830931 9996.7346
2019:05:06 14:42:09 841009 9684.7452
2019:05:06 14:42:09 860923 9997.8112
2019:05:06 14:42:09 871364 10034.2296
2019:05:06 14:42:09 890916 9998.2247
2019:05:06 14:42:09 900995 9687.3567
2019:05:06 14:42:09 920914 10005.4853
2019:05:06 14:42:09 931315 10003.3954
2019:05:06 14:42:09 950899 9997.1481
2019:05:06 14:42:09 960977 9686.0565
2019:05:06 14:42:09 980898 9998.5711
2019:05:06 14:42:09 991294 9991.7650
2019:05:06 14:42:10 10881 9995.6244
2019:05:06 14:42:10 20961 9686.9282
2019:05:06 14:42:10 40881 9996.4887
2019:05:06 14:42:10 51277 9991.6980
2019:05:06 14:42:10 70865 9996.1236
2019:05:06 14:42:10 81278 10020.4088
2019:05:06 14:42:10 100864 9998.7946
2019:05:06 14:42:10 111260 9990.8151
2019:05:06 14:42:10 130856 9997.0959
2019:05:06 14:42:10 141260 10019.3322
2019:05:06 14:42:10 160848 9999.0629
2019:05:06 14:42:10 171248 9999.1895
2019:05:06 14:42:10 190837 9994.5255
2019:05:06 14:42:10 201239 10015.7782
2019:05:06 14:42:10 220831 9999.2193
2019:05:06 14:42:10 231266 10047.8567
2019:05:06 14:42:10 250821 9739.5442
2019:05:06 14:42:10 261228 10011.0732
2019:05:06 14:42:10 280817 10002.6168
2019:05:06 14:42:10 291217 10005.0531
2019:05:06 14:42:10 310800 9996.8053
2019:05:06 14:42:10 320876 9679.4143
2019:05:06 14:42:10 340799 10004.7812
2019:05:06 14:42:10 351201 9994.6931
2019:05:06 14:42:10 370784 9997.0698
2019:05:06 14:42:10 381195 10016.0912
2019:05:06 14:42:10 400783 10004.5502
2019:05:06 14:42:10 411178 9990.7778
2019:05:06 14:42:10 430742 9996.9544
2019:05:06 14:42:10 440854 9708.0618
2019:05:06 14:42:10 460767 10005.8578
2019:05:06 14:42:10 471199 10026.2463
2019:05:06 14:42:10 490751 9998.0868
2019:05:06 14:42:10 500827 9673.8636
2019:05:06 14:42:10 520750 10004.5614
2019:05:06 14:42:10 531153 9999.0703
2019:05:06 14:42:10 550733 9996.6228
2019:05:06 14:42:10 560810 9673.6178
2019:05:06 14:42:10 580733 10005.2692
2019:05:06 14:42:10 591134 10016.0986
2019:05:06 14:42:10 610693 9967.6810
2019:05:06 14:42:10 620801 9705.0816
2019:05:06 14:42:10 640709 9996.4887
2019:05:06 14:42:10 651149 10029.4910
2019:05:06 14:42:10 670710 10000.2177
2019:05:06 14:42:10 681107 9993.5904
2019:05:06 14:42:10 700699 9996.9320
2019:05:06 14:42:10 711101 9999.6924
2019:05:06 14:42:10 730684 9989.7534
2019:05:06 14:42:10 740760 9671.8445
2019:05:06 14:42:10 760686 10003.3171
2019:05:06 14:42:10 771094 10003.3917
2019:05:06 14:42:10 790668 9998.1651
2019:05:06 14:42:10 800743 9672.1537
2019:05:06 14:42:10 820660 9997.3120
2019:05:06 14:42:10 831093 10027.5688
2019:05:06 14:42:10 850651 9998.0533
2019:05:06 14:42:10 860727 9672.6231
2019:05:06 14:42:10 880642 9995.9224
2019:05:06 14:42:10 891076 10027.3080
2019:05:06 14:42:10 910635 9997.4498
2019:05:06 14:42:10 920711 9673.8338
2019:05:06 14:42:10 940632 10003.7642
2019:05:06 14:42:10 951036 9998.5376
2019:05:06 14:42:10 970617 9996.7346
2019:05:06 14:42:10 980696 9674.7689
2019:05:06 14:42:11 616 10004.2149
2019:05:06 14:42:11 11021 9999.6626
2019:05:06 14:42:11 30601 9995.2891
2019:05:06 14:42:11 40679 9675.3277
2019:05:06 14:42:11 60600 10003.5667
2019:05:06 14:42:11 71002 9997.0065
2019:05:06 14:42:11 90823 10233.6071
2019:05:06 14:42:11 100993 10162.6106
2019:05:06 14:42:11 120584 10004.4087
2019:05:06 14:42:11 130986 9998.5935
2019:05:06 14:42:11 150568 9996.7197
2019:05:06 14:42:11 160645 9674.8061
2019:05:06 14:42:11 180567 9996.9096
2019:05:06 14:42:11 190969 9995.5723
2019:05:06 14:42:11 210558 10003.9691
2019:05:06 14:42:11 220730 9767.9086
2019:05:06 14:42:11 240551 9996.8910
2019:05:06 14:42:11 250957 10001.4731
2019:05:06 14:42:11 270537 9989.4516
2019:05:06 14:42:11 280613 9671.7514
2019:05:06 14:42:11 300534 10003.8908
2019:05:06 14:42:11 310938 9998.5003
2019:05:06 14:42:11 330519 9998.1502
2019:05:06 14:42:11 340596 9673.4501
2019:05:06 14:42:11 360518 10005.3251
2019:05:06 14:42:11 370920 9996.8500
2019:05:06 14:42:11 390502 9996.8426
2019:05:06 14:42:11 400578 9671.8371
2019:05:06 14:42:11 420501 10004.7067
2019:05:06 14:42:11 430904 9998.0794
2019:05:06 14:42:11 450486 9997.5318
2019:05:06 14:42:11 460562 9673.4427
2019:05:06 14:42:11 480484 10004.4049
2019:05:06 14:42:11 490708 9819.7795
2019:05:06 14:42:11 510469 9998.1166
2019:05:06 14:42:11 520546 9673.7705
2019:05:06 14:42:11 540468 10003.9355
2019:05:06 14:42:11 550871 9998.1241
2019:05:06 14:42:11 570453 9997.2226
2019:05:06 14:42:11 580529 9672.1612
2019:05:06 14:42:11 600418 9990.8337
2019:05:06 14:42:11 610855 10028.7870
2019:05:06 14:42:11 630412 9995.8777
2019:05:06 14:42:11 640843 10026.6188
2019:05:06 14:42:11 660435 10023.4486
2019:05:06 14:42:11 670840 9999.7856
2019:05:06 14:42:11 690419 9996.0640
2019:05:06 14:42:11 700827 10004.9190
2019:05:06 14:42:11 720419 10005.2357
2019:05:06 14:42:11 730822 9998.1613
2019:05:06 14:42:11 750740 10334.7823
2019:05:06 14:42:11 760816 10071.4378
2019:05:06 14:42:11 780395 9994.0710
2019:05:06 14:42:11 790830 10029.5953
2019:05:06 14:42:11 810546 10156.0205
2019:05:06 14:42:11 820793 10242.9949
2019:05:06 14:42:11 840378 9997.1779
2019:05:06 14:42:11 850814 10029.2452
2019:05:06 14:42:11 870370 9997.3306
2019:05:06 14:42:11 880447 9673.9754
2019:05:06 14:42:11 900361 9996.9134
2019:05:06 14:42:11 910797 10029.5246
2019:05:06 14:42:11 930360 10003.6263
2019:05:06 14:42:11 940438 9688.1241
2019:05:06 14:42:11 960352 9996.2465
2019:05:06 14:42:11 970748 9991.2174
2019:05:06 14:42:11 990337 9996.6973
2019:05:06 14:42:12 414 9680.2078
2019:05:06 14:42:12 20337 9998.4966
2019:05:06 14:42:12 30732 9990.5841
2019:05:06 14:42:12 50325 10001.1118
2019:05:06 14:42:12 60753 10027.0770
2019:05:06 14:42:12 80322 9997.9863
2019:05:06 14:42:12 90699 9966.7273
2019:05:06 14:42:12 110279 9587.4816
2019:05:06 14:42:12 120377 9692.8254
2019:05:06 14:42:12 140303 10003.0974
2019:05:06 14:42:12 150706 9998.5786
2019:05:06 14:42:12 170289 9990.3159
2019:05:06 14:42:12 180694 9997.7441
2019:05:06 14:42:12 200281 9996.0044
2019:05:06 14:42:12 210713 10022.9047
2019:05:06 14:42:12 230278 9997.4088
2019:05:06 14:42:12 240674 10011.0956
2019:05:06 14:42:12 260275 10001.4880
2019:05:06 14:42:12 270674 9993.8773
2019:05:06 14:42:12 290258 9993.7804
2019:05:06 14:42:12 300655 9998.1315
2019:05:06 14:42:12 320254 10003.9691
2019:05:06 14:42:12 330656 9998.9660
2019:05:06 14:42:12 350244 9995.7772
2019:05:06 14:42:12 360644 10011.2520
2019:05:06 14:42:12 380235 9997.7888
2019:05:06 14:42:12 390638 9997.6510
2019:05:06 14:42:12 410229 9997.5914
2019:05:06 14:42:12 420554 9924.6241
2019:05:06 14:42:12 440220 9997.6584
2019:05:06 14:42:12 450622 10000.1283
2019:05:06 14:42:12 470211 9996.5744
2019:05:06 14:42:12 480262 9996.4514
2019:05:06 14:42:12 500202 9995.5574
2019:05:06 14:42:12 510603 9995.8442
2019:05:06 14:42:12 530195 9996.8463
2019:05:06 14:42:12 540247 9998.0086
2019:05:06 14:42:12 560187 9997.0102
2019:05:06 14:42:12 570589 10348.2082
2019:05:06 14:42:12 590172 9988.8034
2019:05:06 14:42:12 600579 10354.2767
2019:05:06 14:42:12 620171 9786.0657
2019:05:06 14:42:12 630566 9990.8300
2019:05:06 14:42:12 650156 9997.6361
2019:05:06 14:42:12 660562 10353.8856
2019:05:06 14:42:12 680156 9995.2966
2019:05:06 14:42:12 690550 10348.0257
2019:05:06 14:42:12 710139 9998.0682
2019:05:06 14:42:12 720547 10354.8728
2019:05:06 14:42:12 740138 9995.9970
2019:05:06 14:42:12 750533 9990.3271
2019:05:06 14:42:12 770511 9995.5015
2019:05:06 14:42:12 780510 9995.0805
2019:05:06 14:42:12 800121 10027.9711
2019:05:06 14:42:12 810517 9991.0796
2019:05:06 14:42:12 830114 10000.2475
2019:05:06 14:42:12 840160 9992.0630
2019:05:06 14:42:12 860103 9997.6286
2019:05:06 14:42:12 870506 9997.3269
2019:05:06 14:42:12 890096 9997.1332
2019:05:06 14:42:12 900147 9996.8947
2019:05:06 14:42:12 920093 10003.1607
2019:05:06 14:42:12 930492 9998.7611
2019:05:06 14:42:12 950083 9999.1411
2019:05:06 14:42:12 960477 9992.0332
2019:05:06 14:42:12 980070 9993.5383
2019:05:06 14:42:12 990474 9999.5360
2019:05:06 14:42:13 10063 9995.5648
2019:05:06 14:42:13 20142 9675.2346
2019:05:06 14:42:13 40055 9996.7904
2019:05:06 14:42:13 50458 10001.0112
2019:05:06 14:42:13 70047 10003.9579
2019:05:06 14:42:13 80445 9995.3562
2019:05:06 14:42:13 100039 9998.0980
2019:05:06 14:42:13 110441 9996.9730
2019:05:06 14:42:13 130030 9996.9171
2019:05:06 14:42:13 140429 9996.7867
2019:05:06 14:42:13 160022 9999.7558
2019:05:06 14:42:13 170426 9998.6419
2019:05:06 14:42:13 190013 9998.2806
2019:05:06 14:42:13 200409 9994.3876
2019:05:06 14:42:13 220005 9996.5595
2019:05:06 14:42:13 230407 9996.6936
2019:05:06 14:42:13 249997 9999.4317
2019:05:06 14:42:13 260403 10005.4033
2019:05:06 14:42:13 279990 9995.5611
2019:05:06 14:42:13 290392 9996.9395
2019:05:06 14:42:13 309982 9998.2433
2019:05:06 14:42:13 320380 9995.1439
2019:05:06 14:42:13 339971 9996.9171
2019:05:06 14:42:13 350374 9997.3194
2019:05:06 14:42:13 369966 9998.7574
2019:05:06 14:42:13 380363 9995.8442
2019:05:06 14:42:13 400067 9835.3699
2019:05:06 14:42:13 410359 10287.6984
2019:05:06 14:42:13 429942 9997.5243
2019:05:06 14:42:13 440018 9672.6082
2019:05:06 14:42:13 459940 10001.6668
2019:05:06 14:42:13 470344 9999.4466
2019:05:06 14:42:13 489925 9996.9134
2019:05:06 14:42:13 500002 9673.1931
2019:05:06 14:42:13 519916 9996.7904
2019:05:06 14:42:13 530357 10035.2094
2019:05:06 14:42:13 549908 9996.7532
2019:05:06 14:42:13 559986 9673.8711
2019:05:06 14:42:13 579900 9997.0214
2019:05:06 14:42:13 590311 10005.1053
2019:05:06 14:42:13 609866 9995.4680
2019:05:06 14:42:13 620299 10028.2691
2019:05:06 14:42:13 639859 9994.6968
2019:05:06 14:42:13 650293 10028.9360
2019:05:06 14:42:13 670048 10193.3256
2019:05:06 14:42:13 680281 10228.5817
2019:05:06 14:42:13 699875 9997.3530
2019:05:06 14:42:13 710100 9822.6480
2019:05:06 14:42:13 729866 9997.3381
2019:05:06 14:42:13 740268 9999.7483
2019:05:06 14:42:13 759864 10003.1607
2019:05:06 14:42:13 770263 9995.7846
2019:05:06 14:42:13 789843 9996.4216
2019:05:06 14:42:13 799928 9680.5021
2019:05:06 14:42:13 819834 9989.9508
2019:05:06 14:42:13 830243 10002.8813
2019:05:06 14:42:13 849826 9989.2691
2019:05:06 14:42:13 860232 10003.6897
2019:05:06 14:42:13 879818 9996.6228
2019:05:06 14:42:13 890260 10036.1034
2019:05:06 14:42:13 909809 9996.2391
2019:05:06 14:42:13 919887 9673.3980
2019:05:06 14:42:13 939801 9997.7255
2019:05:06 14:42:13 950241 10034.7959
2019:05:06 14:42:13 969793 9997.0624
2019:05:06 14:42:13 979872 9675.6928
2019:05:06 14:42:13 999969 10180.9949
2019:05:06 14:42:14 10188 10212.0005
2019:05:06 14:42:14 29777 9997.5802
2019:05:06 14:42:14 39853 9674.3442
2019:05:06 14:42:14 59742 9971.9800
2019:05:06 14:42:14 70209 10063.9202
2019:05:06 14:42:14 89737 9808.3019
2019:05:06 14:42:14 100167 10028.4666
2019:05:06 14:42:14 119760 10027.2596
2019:05:06 14:42:14 130153 9993.4116
2019:05:06 14:42:14 149743 9997.2598
2019:05:06 14:42:14 159820 9673.3198
2019:05:06 14:42:14 179742 9996.0826
2019:05:06 14:42:14 190144 9998.2619
2019:05:06 14:42:14 209727 9997.9565
2019:05:06 14:42:14 219803 9673.9009
2019:05:06 14:42:14 239730 10001.2757
2019:05:06 14:42:14 250128 10347.2173
2019:05:06 14:42:14 269715 9996.3732
2019:05:06 14:42:14 280130 10014.3515
2019:05:06 14:42:14 299683 9978.1938
2019:05:06 14:42:14 310138 10022.2975
2019:05:06 14:42:14 329694 9997.3716
2019:05:06 14:42:14 339771 9672.7908
2019:05:06 14:42:14 359697 10000.8287
2019:05:06 14:42:14 370099 10355.0442
2019:05:06 14:42:14 389677 9997.4833
2019:05:06 14:42:14 400086 10005.8354
2019:05:06 14:42:14 419676 9996.9879
2019:05:06 14:42:14 430085 10004.2485
2019:05:06 14:42:14 449661 9996.8091
2019:05:06 14:42:14 459739 9675.6034
2019:05:06 14:42:14 479637 9973.6117
2019:05:06 14:42:14 490086 9996.1422
2019:05:06 14:42:14 509645 9996.5371
2019:05:06 14:42:14 519722 9674.0909
2019:05:06 14:42:14 539646 9999.3944
2019:05:06 14:42:14 550048 10324.1503
2019:05:06 14:42:14 569628 9997.8819
2019:05:06 14:42:14 580028 9998.6047
2019:05:06 14:42:14 599597 9997.2449
2019:05:06 14:42:14 610031 10032.8363
2019:05:06 14:42:14 629587 9996.4291
2019:05:06 14:42:14 640018 10027.0621
2019:05:06 14:42:14 659580 9997.6771
2019:05:06 14:42:14 670017 10037.2136
2019:05:06 14:42:14 689570 9995.1997
2019:05:06 14:42:14 700001 10026.7529
2019:05:06 14:42:14 719563 9997.7292
2019:05:06 14:42:14 729998 10032.2701
2019:05:06 14:42:14 749554 9997.2300
2019:05:06 14:42:14 759994 10037.0795
2019:05:06 14:42:14 779548 9994.8719
2019:05:06 14:42:14 789980 10031.5772
2019:05:06 14:42:14 809945 10405.2462
2019:05:06 14:42:14 819945 9995.7585
2019:05:06 14:42:14 839530 9999.2082
2019:05:06 14:42:14 849964 10345.2988
2019:05:06 14:42:14 869520 9995.8256
2019:05:06 14:42:14 879952 10028.4219
2019:05:06 14:42:14 899514 9997.4126
2019:05:06 14:42:14 909949 10324.2546
2019:05:06 14:42:14 929536 10028.9322
2019:05:06 14:42:14 939935 9996.3099
2019:05:06 14:42:14 959530 9999.2268
2019:05:06 14:42:14 969929 10345.0231
2019:05:06 14:42:14 989519 9997.0959
2019:05:06 14:42:14 999918 9997.6845
2019:05:06 14:42:15 19514 9999.4019
2019:05:06 14:42:15 29628 9996.6116
2019:05:06 14:42:15 49502 9997.3381
2019:05:06 14:42:15 59570 9668.6929
2019:05:06 14:42:15 79497 9998.6009
2019:05:06 14:42:15 89866 10205.5669
2019:05:06 14:42:15 109453 9997.0810
2019:05:06 14:42:15 119556 9699.2366
2019:05:06 14:42:15 139474 9993.0018
2019:05:06 14:42:15 149872 10307.3083
2019:05:06 14:42:15 169462 10016.7096
2019:05:06 14:42:15 179540 9673.5395
2019:05:06 14:42:15 199465 10000.7318
2019:05:06 14:42:15 209621 9953.7075
2019:05:06 14:42:15 229446 10013.0513
2019:05:06 14:42:15 239532 9681.7873
2019:05:06 14:42:15 259453 10012.1647
2019:05:06 14:42:15 269612 9948.6299
2019:05:06 14:42:15 289430 10003.7307
2019:05:06 14:42:15 299507 9674.3703
2019:05:06 14:42:15 319424 9992.1562
2019:05:06 14:42:15 329515 9953.6330
2019:05:06 14:42:15 349414 9995.0954
2019:05:06 14:42:15 359490 9673.6588
2019:05:06 14:42:15 379415 9999.0368
2019:05:06 14:42:15 389684 9955.5813
2019:05:06 14:42:15 409397 9996.5632
2019:05:06 14:42:15 419473 9674.2213
2019:05:06 14:42:15 439398 9998.9735
2019:05:06 14:42:15 449571 9890.2322
2019:05:06 14:42:15 469380 9990.9753
2019:05:06 14:42:15 479456 9673.6923
2019:05:06 14:42:15 499380 9998.9660
2019:05:06 14:42:15 509519 9936.5860
2019:05:06 14:42:15 529369 9995.8666
2019:05:06 14:42:15 539771 9997.4312
2019:05:06 14:42:15 559365 9998.5190
2019:05:06 14:42:15 569736 9999.6850
2019:05:06 14:42:15 589324 9973.9321
2019:05:06 14:42:15 599753 10028.3921
2019:05:06 14:42:15 619316 9998.3178
2019:05:06 14:42:15 629753 10208.6961
2019:05:06 14:42:15 649306 9998.1911
2019:05:06 14:42:15 659737 10025.6912
2019:05:06 14:42:15 679300 9993.7357
2019:05:06 14:42:15 689539 9877.8270
2019:05:06 14:42:15 709289 9996.8389
2019:05:06 14:42:15 719722 10028.2095
2019:05:06 14:42:15 739283 9997.3418
2019:05:06 14:42:15 749716 10051.5336
2019:05:06 14:42:15 769685 10400.2915
2019:05:06 14:42:15 779683 9993.1061
2019:05:06 14:42:15 799264 9988.3229
2019:05:06 14:42:15 809710 10040.1863
2019:05:06 14:42:15 829664 10404.0205
2019:05:06 14:42:15 839665 9996.3844
2019:05:06 14:42:15 859250 9999.5621
2019:05:06 14:42:15 869686 10151.7439
2019:05:06 14:42:15 889239 9996.5818
2019:05:06 14:42:15 899671 10028.4591
2019:05:06 14:42:15 919233 9996.6079
2019:05:06 14:42:15 929667 10133.0392
2019:05:06 14:42:15 949222 9995.7399
2019:05:06 14:42:15 959654 10028.2878
2019:05:06 14:42:15 979216 9997.7180
2019:05:06 14:42:15 989652 10157.1307
2019:05:06 14:42:16 9208 9997.4088
2019:05:06 14:42:16 19637 10024.9983
2019:05:06 14:42:16 39370 10166.3731
2019:05:06 14:42:16 49614 10240.0742
2019:05:06 14:42:16 69599 9996.9804
2019:05:06 14:42:16 79600 9996.9432
2019:05:06 14:42:16 99184 9997.7031
2019:05:06 14:42:16 109618 10090.3213
2019:05:06 14:42:16 129582 10405.6746
2019:05:06 14:42:16 139582 9995.9187
2019:05:06 14:42:16 159168 10001.1975
2019:05:06 14:42:16 169601 10029.6624
2019:05:06 14:42:16 189156 9994.7676
2019:05:06 14:42:16 199589 10028.2542
2019:05:06 14:42:16 219150 9997.6547
2019:05:06 14:42:16 229584 10083.4928
2019:05:06 14:42:16 249140 9996.1869
2019:05:06 14:42:16 259582 10037.9959
2019:05:06 14:42:16 279136 9995.4642
2019:05:06 14:42:16 289575 10039.5344
2019:05:06 14:42:16 309123 9995.5872
2019:05:06 14:42:16 319556 10028.5076
2019:05:06 14:42:16 339117 9996.4589
2019:05:06 14:42:16 349553 10032.2366
2019:05:06 14:42:16 369107 9643.9309
2019:05:06 14:42:16 379539 10027.8817
2019:05:06 14:42:16 399104 10000.7318
2019:05:06 14:42:16 409535 10023.0761
2019:05:06 14:42:16 429090 9694.2298
2019:05:06 14:42:16 439522 10026.4624
2019:05:06 14:42:16 459084 9998.3178
2019:05:06 14:42:16 469516 10027.0845
2019:05:06 14:42:16 489074 9587.2506
2019:05:06 14:42:16 499505 10025.4752
2019:05:06 14:42:16 519067 9998.8431
2019:05:06 14:42:16 529499 10026.8573
2019:05:06 14:42:16 549467 10001.9015
2019:05:06 14:42:16 559468 9997.0922
2019:05:06 14:42:16 579051 9998.8692
2019:05:06 14:42:16 589484 10028.2244
2019:05:06 14:42:16 609041 9997.3194
2019:05:06 14:42:16 619474 10027.7029
2019:05:06 14:42:16 639034 9997.9676
2019:05:06 14:42:16 649421 9981.9750
2019:05:06 14:42:16 669439 10411.8101
2019:05:06 14:42:16 679436 9992.9869
2019:05:06 14:42:16 699019 9999.1634
2019:05:06 14:42:16 709452 10029.6773
2019:05:06 14:42:16 729008 9996.2242
2019:05:06 14:42:16 739440 10025.8663
2019:05:06 14:42:16 759008 10005.5784
2019:05:06 14:42:16 769052 9640.7160
2019:05:06 14:42:16 789401 10405.4958
2019:05:06 14:42:16 799402 9996.5520
2019:05:06 14:42:16 818986 9999.6999
2019:05:06 14:42:16 829418 10029.4761
2019:05:06 14:42:16 848976 9997.9602
2019:05:06 14:42:16 859407 10025.9818
2019:05:06 14:42:16 878969 9998.7425
2019:05:06 14:42:16 889409 10037.0273
2019:05:06 14:42:16 908959 9997.6771
2019:05:06 14:42:16 919390 10025.9893
2019:05:06 14:42:16 938952 9999.2342
2019:05:06 14:42:16 949386 10028.9807
2019:05:06 14:42:16 968942 9995.7772
2019:05:06 14:42:16 979373 10024.4880
2019:05:06 14:42:16 998937 9997.9974
2019:05:06 14:42:17 9372 10029.2303
2019:05:06 14:42:17 28925 9994.8533
2019:05:06 14:42:17 39356 10026.9131
2019:05:06 14:42:17 58919 9996.7793
2019:05:06 14:42:17 69352 10028.0158
2019:05:06 14:42:17 88934 10021.2283
2019:05:06 14:42:17 99011 9673.6439
2019:05:06 14:42:17 118936 10000.9143
2019:05:06 14:42:17 129334 9995.8442
2019:05:06 14:42:17 148917 9996.7755
2019:05:06 14:42:17 158994 9673.1745
2019:05:06 14:42:17 178919 9999.3758
2019:05:06 14:42:17 189317 9996.4216
2019:05:06 14:42:17 208889 9985.6555
2019:05:06 14:42:17 218978 9668.6967
2019:05:06 14:42:17 238895 9998.9921
2019:05:06 14:42:17 249314 10016.8101
2019:05:06 14:42:17 268888 9994.9092
