
# OSU MPI Allreduce Latency Test v5.6.1
# Size       Avg Latency(us)
256                  1396.12
2019:05:06 14:41:44 203608 193.9312
2019:05:06 14:41:44 203837 215.6980
2019:05:06 14:41:44 204650 414.3119
2019:05:06 14:41:44 221354 16692.1578
2019:05:06 14:41:44 225145 3782.3245
2019:05:06 14:41:44 225954 411.1007
2019:05:06 14:41:44 226361 232.4767
2019:05:06 14:41:44 227178 425.2717
2019:05:06 14:41:44 227978 409.9384
2019:05:06 14:41:44 228187 190.5300
2019:05:06 14:41:44 228800 412.7547
2019:05:06 14:41:44 237035 8222.4570
2019:05:06 14:41:44 257067 3713.7680
2019:05:06 14:41:44 257883 799.0934
2019:05:06 14:41:44 258321 407.3419
2019:05:06 14:41:44 258898 190.0308
2019:05:06 14:41:44 259519 413.1496
2019:05:06 14:41:44 260336 410.6462
2019:05:06 14:41:44 260774 416.6141
2019:05:06 14:41:44 269151 173.8966
2019:05:06 14:41:44 293139 7784.1952
2019:05:06 14:41:44 293700 538.4684
2019:05:06 14:41:44 294348 633.4744
2019:05:06 14:41:44 294767 406.7272
2019:05:06 14:41:44 295574 411.5365
2019:05:06 14:41:44 295971 385.6756
2019:05:06 14:41:44 296792 805.4897
2019:05:06 14:41:44 297215 410.0427
2019:05:06 14:41:44 297798 188.3619
2019:05:06 14:41:44 298035 219.4755
2019:05:06 14:41:44 298837 411.3056
2019:05:06 14:41:44 299263 408.1912
2019:05:06 14:41:44 299843 190.6082
2019:05:06 14:41:44 300474 610.2175
2019:05:06 14:41:44 317361 16875.6172
2019:05:06 14:41:44 318095 726.1187
2019:05:06 14:41:44 318508 386.2157
2019:05:06 14:41:44 319328 808.1384
2019:05:06 14:41:44 319755 409.3833
2019:05:06 14:41:44 320541 393.5024
2019:05:06 14:41:44 329183 8623.7229
2019:05:06 14:41:44 341362 12163.3820
2019:05:06 14:41:44 345130 223.9384
2019:05:06 14:41:44 345939 406.4180
2019:05:06 14:41:44 346365 412.5722
2019:05:06 14:41:44 346950 190.1090
2019:05:06 14:41:44 347574 613.2089
2019:05:06 14:41:44 348393 803.4967
2019:05:06 14:41:44 348813 408.5973
2019:05:06 14:41:44 377668 311.7025
2019:05:06 14:41:44 378294 603.7243
2019:05:06 14:41:44 378731 409.3982
2019:05:06 14:41:44 379533 413.3321
2019:05:06 14:41:44 379738 192.4224
2019:05:06 14:41:44 380352 409.4653
2019:05:06 14:41:44 380778 408.8096
2019:05:06 14:41:44 381604 416.8376
2019:05:06 14:41:44 382004 228.6509
2019:05:06 14:41:44 382429 414.5540
2019:05:06 14:41:44 383230 411.0932
2019:05:06 14:41:44 383649 404.5404
2019:05:06 14:41:44 384050 222.8022
2019:05:06 14:41:44 384867 420.1420
2019:05:06 14:41:44 385676 411.3764
2019:05:06 14:41:44 385877 186.5588
2019:05:06 14:41:44 386505 415.9175
2019:05:06 14:41:44 386926 408.7351
2019:05:06 14:41:44 387729 411.0821
2019:05:06 14:41:44 387934 191.4538
2019:05:06 14:41:44 388552 413.0341
2019:05:06 14:41:44 388976 412.3375
2019:05:06 14:41:44 425008 11653.0582
2019:05:06 14:41:44 449364 24340.7078
2019:05:06 14:41:44 450004 417.3703
2019:05:06 14:41:44 450801 409.4653
2019:05:06 14:41:44 451227 409.8900
2019:05:06 14:41:44 451643 234.1270
2019:05:06 14:41:44 452459 430.1257
2019:05:06 14:41:44 453252 409.6963
2019:05:06 14:41:44 453474 196.9077
2019:05:06 14:41:44 454091 420.9019
2019:05:06 14:41:44 454908 428.2482
2019:05:06 14:41:44 455486 190.8615
2019:05:06 14:41:44 455732 225.1826
2019:05:06 14:41:44 456543 409.6590
2019:05:06 14:41:44 456979 426.3632
2019:05:06 14:41:44 457545 186.5216
2019:05:06 14:41:44 458178 418.7375
2019:05:06 14:41:44 458989 411.2907
2019:05:06 14:41:44 459417 409.8490
2019:05:06 14:41:44 459814 218.4622
2019:05:06 14:41:44 460235 411.7303
2019:05:06 14:41:44 461043 409.3200
2019:05:06 14:41:44 485370 24316.9554
2019:05:06 14:41:44 486041 419.6875
2019:05:06 14:41:44 486438 227.5109
2019:05:06 14:41:44 487261 423.5804
2019:05:06 14:41:44 488064 406.6601
2019:05:06 14:41:44 488269 190.2170
2019:05:06 14:41:44 488885 410.5195
2019:05:06 14:41:44 489318 418.6742
2019:05:06 14:41:44 490109 408.6308
2019:05:06 14:41:44 490521 385.4409
2019:05:06 14:41:44 491346 813.7673
2019:05:06 14:41:44 491769 411.2758
2019:05:06 14:41:44 492349 188.5891
2019:05:06 14:41:44 492585 225.3540
2019:05:06 14:41:44 493394 412.4977
2019:05:06 14:41:44 493827 416.8451
2019:05:06 14:41:44 494398 187.0692
2019:05:06 14:41:44 495023 609.8226
2019:05:06 14:41:44 495842 805.7803
2019:05:06 14:41:44 496266 405.6916
2019:05:06 14:41:44 496669 227.5333
2019:05:06 14:41:44 521355 24674.7471
2019:05:06 14:41:44 533150 11786.3007
2019:05:06 14:41:44 561362 28044.4697
2019:05:06 14:41:44 562196 399.4890
2019:05:06 14:41:44 563017 791.6838
2019:05:06 14:41:44 563444 409.5696
2019:05:06 14:41:44 564032 190.9211
2019:05:06 14:41:44 564262 219.0955
2019:05:06 14:41:44 565070 410.5605
2019:05:06 14:41:44 565499 415.4667
2019:05:06 14:41:44 566082 188.8908
2019:05:06 14:41:44 566717 413.7531
2019:05:06 14:41:44 567546 426.0428
2019:05:06 14:41:44 567955 398.5800
2019:05:06 14:41:44 568350 218.3244
2019:05:06 14:41:44 593354 24993.0210
2019:05:06 14:41:44 605201 11835.8321
2019:05:06 14:41:44 606020 797.4654
2019:05:06 14:41:44 606448 417.0127
2019:05:06 14:41:44 607032 189.5092
2019:05:06 14:41:44 607270 228.1852
2019:05:06 14:41:44 608086 413.7345
2019:05:06 14:41:44 608903 419.3634
2019:05:06 14:41:44 609313 232.3166
2019:05:06 14:41:44 629003 3648.0203
2019:05:06 14:41:44 629557 542.4991
2019:05:06 14:41:44 630195 416.5657
2019:05:06 14:41:44 631008 410.0464
2019:05:06 14:41:44 631439 413.6190
2019:05:06 14:41:44 631844 224.5344
2019:05:06 14:41:44 632652 412.6132
2019:05:06 14:41:44 633078 415.1464
2019:05:06 14:41:44 633656 184.0144
2019:05:06 14:41:44 634299 420.6710
2019:05:06 14:41:44 635109 409.9496
2019:05:06 14:41:44 635531 411.8197
2019:05:06 14:41:44 635929 222.4557
2019:05:06 14:41:44 636353 414.8893
2019:05:06 14:41:44 637157 407.8671
2019:05:06 14:41:44 637587 417.1319
2019:05:06 14:41:44 637982 226.9633
2019:05:06 14:41:44 638800 417.5939
2019:05:06 14:41:44 639612 409.9309
2019:05:06 14:41:44 640021 397.2910
2019:05:06 14:41:44 640840 416.6886
2019:05:06 14:41:44 657643 283.9491
2019:05:06 14:41:44 658228 189.2447
2019:05:06 14:41:44 658857 616.9528
2019:05:06 14:41:44 659675 806.7638
2019:05:06 14:41:44 660275 586.4128
2019:05:06 14:41:44 660903 614.1998
2019:05:06 14:41:44 661328 412.2443
2019:05:06 14:41:44 662133 407.0960
2019:05:06 14:41:44 662336 183.9586
2019:05:06 14:41:44 662958 412.6392
2019:05:06 14:41:44 663383 414.1256
2019:05:06 14:41:44 664184 410.3631
2019:05:06 14:41:44 664392 192.1877
2019:05:06 14:41:44 665009 412.9149
2019:05:06 14:41:44 689364 24341.3262
2019:05:06 14:41:44 693272 358.1084
2019:05:06 14:41:44 694095 799.0561
2019:05:06 14:41:44 694527 402.1265
2019:05:06 14:41:44 695109 191.8748
2019:05:06 14:41:44 695730 416.2230
2019:05:06 14:41:44 696551 417.4784
2019:05:06 14:41:44 696976 407.0513
2019:05:06 14:41:44 697374 225.4955
2019:05:06 14:41:44 697795 408.3328
2019:05:06 14:41:44 698595 408.3551
2019:05:06 14:41:44 699020 413.1123
2019:05:06 14:41:44 699427 229.1389
2019:05:06 14:41:44 700234 412.9261
2019:05:06 14:41:44 701050 801.9619
2019:05:06 14:41:44 721369 20308.7442
2019:05:06 14:41:44 721937 388.6297
2019:05:06 14:41:44 722759 812.1133
2019:05:06 14:41:44 723583 423.4873
2019:05:06 14:41:44 723985 219.4978
2019:05:06 14:41:44 724809 811.5508
2019:05:06 14:41:44 737133 12311.6300
2019:05:06 14:41:44 760899 7544.2083
2019:05:06 14:41:44 761665 412.0469
2019:05:06 14:41:44 762479 408.6755
2019:05:06 14:41:44 762683 191.0552
2019:05:06 14:41:44 763306 413.0676
2019:05:06 14:41:44 763725 408.5787
2019:05:06 14:41:44 764531 410.0390
2019:05:06 14:41:44 764733 188.5630
2019:05:06 14:41:44 765367 421.8854
2019:05:06 14:41:44 765796 416.7967
2019:05:06 14:41:44 766595 412.5573
2019:05:06 14:41:44 766997 387.2439
2019:05:06 14:41:44 767821 801.8538
2019:05:06 14:41:44 768631 416.9531
2019:05:06 14:41:44 769053 238.8060
2019:05:06 14:41:44 785046 3690.8239
2019:05:06 14:41:44 785426 367.3509
2019:05:06 14:41:44 785850 410.0129
2019:05:06 14:41:44 786654 410.8548
2019:05:06 14:41:44 787078 412.8404
2019:05:06 14:41:44 787485 232.5699
2019:05:06 14:41:44 788299 422.2691
2019:05:06 14:41:44 789129 435.8180
2019:05:06 14:41:44 789319 177.9497
2019:05:06 14:41:44 789928 405.3041
2019:05:06 14:41:44 790358 418.7077
2019:05:06 14:41:44 791165 411.8010
2019:05:06 14:41:44 791560 384.3121
2019:05:06 14:41:44 792386 807.4492
2019:05:06 14:41:44 792815 417.6646
2019:05:06 14:41:44 829354 36137.0966
2019:05:06 14:41:44 833359 3997.2328
2019:05:06 14:41:44 834171 796.7763
2019:05:06 14:41:44 834567 372.7973
2019:05:06 14:41:44 835387 796.0573
2019:05:06 14:41:44 835828 419.0467
2019:05:06 14:41:44 836415 206.8132
2019:05:06 14:41:44 837039 412.0283
2019:05:06 14:41:44 837463 412.4530
2019:05:06 14:41:44 838266 410.5978
2019:05:06 14:41:44 838470 189.0585
2019:05:06 14:41:44 839090 412.0655
2019:05:06 14:41:44 839513 411.4360
2019:05:06 14:41:44 840317 410.3407
2019:05:06 14:41:44 840522 190.1500
2019:05:06 14:41:44 841145 414.3082
2019:05:06 14:41:44 853362 12205.6939
2019:05:06 14:41:44 857507 407.3381
2019:05:06 14:41:44 858322 408.9065
2019:05:06 14:41:44 858750 412.5610
2019:05:06 14:41:44 859148 219.0508
2019:05:06 14:41:44 859578 418.9983
2019:05:06 14:41:44 860378 409.6553
2019:05:06 14:41:44 860798 410.0911
2019:05:06 14:41:44 861202 218.8534
2019:05:06 14:41:44 861632 419.9930
2019:05:06 14:41:44 862426 409.6478
2019:05:06 14:41:44 862850 413.4104
2019:05:06 14:41:44 863255 226.9782
2019:05:06 14:41:44 863673 407.4238
2019:05:06 14:41:44 864478 408.4334
2019:05:06 14:41:44 864896 407.5728
2019:05:06 14:41:44 865300 226.5163
2019:05:06 14:41:44 881363 16049.0647
2019:05:06 14:41:44 882079 604.8717
2019:05:06 14:41:44 882904 810.0867
2019:05:06 14:41:44 883326 410.5680
2019:05:06 14:41:44 883727 224.2513
2019:05:06 14:41:44 884554 818.1706
2019:05:06 14:41:44 884970 406.1051
2019:05:06 14:41:44 885772 401.8955
2019:05:06 14:41:44 886594 809.6881
2019:05:06 14:41:44 887021 407.6399
2019:05:06 14:41:44 887812 391.1108
2019:05:06 14:41:44 888631 808.5333
2019:05:06 14:41:44 889060 409.9384
2019:05:06 14:41:44 889648 188.5034
2019:05:06 14:41:44 890285 623.5838
2019:05:06 14:41:44 891096 798.8773
2019:05:06 14:41:44 891517 409.2567
2019:05:06 14:41:44 891926 229.7461
2019:05:06 14:41:44 892748 411.0001
2019:05:06 14:41:44 913652 289.1608
2019:05:06 14:41:44 914230 196.7363
2019:05:06 14:41:44 914845 604.9722
2019:05:06 14:41:44 915664 796.2137
2019:05:06 14:41:44 916093 411.0076
2019:05:06 14:41:44 916485 222.3328
2019:05:06 14:41:44 916913 408.8506
2019:05:06 14:41:44 945353 16151.8082
2019:05:06 14:41:44 953131 7770.4415
2019:05:06 14:41:44 953759 605.6391
2019:05:06 14:41:44 954191 415.1724
2019:05:06 14:41:44 954990 407.4052
2019:05:06 14:41:44 955392 383.9061
2019:05:06 14:41:44 956219 810.7126
2019:05:06 14:41:44 956638 408.4036
2019:05:06 14:41:44 957225 189.1516
2019:05:06 14:41:44 957856 409.1412
2019:05:06 14:41:44 958672 409.7596
2019:05:06 14:41:44 959101 409.0033
2019:05:06 14:41:44 959497 227.5743
2019:05:06 14:41:44 959919 408.0534
2019:05:06 14:41:44 960722 408.7053
2019:05:06 14:41:44 961147 408.5861
2019:05:06 14:41:44 977355 16033.1614
2019:05:06 14:41:44 977718 354.2602
2019:05:06 14:41:44 978339 411.5105
2019:05:06 14:41:44 979154 410.4599
2019:05:06 14:41:44 979583 410.1247
2019:05:06 14:41:44 979985 230.9345
2019:05:06 14:41:44 980415 418.3464
2019:05:06 14:41:44 981221 420.5666
2019:05:06 14:41:44 981643 408.0124
2019:05:06 14:41:44 982025 227.1831
2019:05:06 14:41:44 982451 414.0660
2019:05:06 14:41:44 983250 406.9135
2019:05:06 14:41:44 993692 10427.3967
2019:05:06 14:41:45 1301 403.9556
2019:05:06 14:41:45 2124 431.1725
2019:05:06 14:41:45 2525 239.2791
2019:05:06 14:41:45 3340 432.6999
2019:05:06 14:41:45 4134 409.3945
2019:05:06 14:41:45 4342 190.0010
2019:05:06 14:41:45 4956 413.4141
2019:05:06 14:41:45 5405 430.5691
2019:05:06 14:41:45 25053 7419.0199
2019:05:06 14:41:45 25855 788.4316
2019:05:06 14:41:45 26281 413.4327
2019:05:06 14:41:45 26857 189.0846
2019:05:06 14:41:45 27485 415.5301
2019:05:06 14:41:45 28299 409.3833
2019:05:06 14:41:45 28724 411.7750
2019:05:06 14:41:45 29140 240.7506
2019:05:06 14:41:45 41363 11827.2305
2019:05:06 14:41:45 49383 165.4513
2019:05:06 14:41:45 50008 408.0981
2019:05:06 14:41:45 50435 407.9640
2019:05:06 14:41:45 51236 409.7037
2019:05:06 14:41:45 51446 189.0175
2019:05:06 14:41:45 52061 412.2593
2019:05:06 14:41:45 52480 407.1370
2019:05:06 14:41:45 53286 409.2678
2019:05:06 14:41:45 77364 24067.1672
2019:05:06 14:41:45 77875 393.6440
2019:05:06 14:41:45 78288 232.2644
2019:05:06 14:41:45 97157 7800.1246
2019:05:06 14:41:45 97936 764.8841
2019:05:06 14:41:45 98360 410.0874
2019:05:06 14:41:45 98764 222.2173
2019:05:06 14:41:45 99574 410.7915
2019:05:06 14:41:45 99993 405.7027
2019:05:06 14:41:45 100578 187.8887
2019:05:06 14:41:45 101211 616.5020
2019:05:06 14:41:45 114645 13417.2477
2019:05:06 14:41:45 125792 432.7260
2019:05:06 14:41:45 126605 407.3679
2019:05:06 14:41:45 127025 407.5058
2019:05:06 14:41:45 127435 231.4784
2019:05:06 14:41:45 128254 422.7422
2019:05:06 14:41:45 129056 410.4190
2019:05:06 14:41:45 129262 195.4176
2019:05:06 14:41:45 129883 410.8585
2019:05:06 14:41:45 130302 408.6681
2019:05:06 14:41:45 131107 408.7500
2019:05:06 14:41:45 131312 184.9681
2019:05:06 14:41:45 131948 423.0589
2019:05:06 14:41:45 132756 411.3913
2019:05:06 14:41:45 161362 28595.0974
2019:05:06 14:41:45 169618 410.3892
2019:05:06 14:41:45 170208 191.2229
2019:05:06 14:41:45 170850 630.0844
2019:05:06 14:41:45 171272 410.9144
2019:05:06 14:41:45 172069 409.2827
2019:05:06 14:41:45 172471 379.9498
2019:05:06 14:41:45 173291 807.5088
2019:05:06 14:41:45 197363 24050.6195
2019:05:06 14:41:45 197903 419.8626
2019:05:06 14:41:45 198697 401.5900
2019:05:06 14:41:45 199106 388.5441
2019:05:06 14:41:45 199918 799.9390
2019:05:06 14:41:45 200350 408.8096
2019:05:06 14:41:45 200927 190.7311
2019:05:06 14:41:45 201168 223.6106
2019:05:06 14:41:45 201973 393.1783
2019:05:06 14:41:45 202396 412.9931
2019:05:06 14:41:45 202977 188.2911
2019:05:06 14:41:45 203616 418.7822
2019:05:06 14:41:45 204431 414.6956
2019:05:06 14:41:45 204855 409.1077
2019:05:06 14:41:45 237198 3842.0409
2019:05:06 14:41:45 237789 584.8631
2019:05:06 14:41:45 238020 219.9188
2019:05:06 14:41:45 238827 410.9517
2019:05:06 14:41:45 239247 409.7037
2019:05:06 14:41:45 239836 191.1446
2019:05:06 14:41:45 240066 218.9800
2019:05:06 14:41:45 240874 408.7277
2019:05:06 14:41:45 245039 4154.3990
2019:05:06 14:41:45 276958 7604.1035
2019:05:06 14:41:45 277756 417.7913
2019:05:06 14:41:45 278557 405.3488
2019:05:06 14:41:45 278761 188.6487
2019:05:06 14:41:45 279395 418.4991
2019:05:06 14:41:45 280201 406.2243
2019:05:06 14:41:45 280622 406.6192
2019:05:06 14:41:45 281024 226.7212
2019:05:06 14:41:45 305594 240.5383
2019:05:06 14:41:45 306428 420.0600
2019:05:06 14:41:45 306843 405.6394
2019:05:06 14:41:45 307420 185.7020
2019:05:06 14:41:45 308052 413.0192
2019:05:06 14:41:45 308865 409.0033
2019:05:06 14:41:45 309296 419.7583
2019:05:06 14:41:45 309688 220.9768
2019:05:06 14:41:45 310115 415.2842
2019:05:06 14:41:45 310920 402.3686
2019:05:06 14:41:45 311343 407.7964
2019:05:06 14:41:45 311743 224.9181
2019:05:06 14:41:45 312562 420.7194
2019:05:06 14:41:45 337361 24403.7509
2019:05:06 14:41:45 349062 11691.7565
2019:05:06 14:41:45 349845 414.6807
2019:05:06 14:41:45 350427 187.9521
2019:05:06 14:41:45 351048 610.9625
2019:05:06 14:41:45 351867 808.0341
2019:05:06 14:41:45 352288 409.4690
2019:05:06 14:41:45 352690 222.4557
2019:05:06 14:41:45 353118 414.0362
2019:05:06 14:41:45 372972 3618.2888
2019:05:06 14:41:45 373585 600.8521
2019:05:06 14:41:45 374008 409.1151
2019:05:06 14:41:45 374805 409.8676
2019:05:06 14:41:45 375214 381.4623
2019:05:06 14:41:45 376033 802.1332
2019:05:06 14:41:45 376460 408.8692
2019:05:06 14:41:45 377043 190.2990
2019:05:06 14:41:45 377710 430.4163
2019:05:06 14:41:45 378499 402.1041
2019:05:06 14:41:45 378920 410.0576
2019:05:06 14:41:45 379317 218.9353
2019:05:06 14:41:45 379736 408.3999
2019:05:06 14:41:45 380546 409.5100
2019:05:06 14:41:45 380965 408.5414
2019:05:06 14:41:45 381368 222.5824
2019:05:06 14:41:45 381799 418.5140
2019:05:06 14:41:45 382593 408.7351
2019:05:06 14:41:45 383014 411.1789
2019:05:06 14:41:45 383413 218.6671
2019:05:06 14:41:45 383832 408.5265
2019:05:06 14:41:45 384641 408.9214
2019:05:06 14:41:45 397362 12709.7182
2019:05:06 14:41:45 397751 379.4245
2019:05:06 14:41:45 398181 417.0053
2019:05:06 14:41:45 398986 418.5326
2019:05:06 14:41:45 399570 191.0441
2019:05:06 14:41:45 399804 222.0087
2019:05:06 14:41:45 400608 409.4765
2019:05:06 14:41:45 401030 411.7191
2019:05:06 14:41:45 401623 192.2362
2019:05:06 14:41:45 401864 226.2965
2019:05:06 14:41:45 402668 407.9975
2019:05:06 14:41:45 403097 412.4120
2019:05:06 14:41:45 403676 189.3453
2019:05:06 14:41:45 404324 425.1897
2019:05:06 14:41:45 405141 421.8183
2019:05:06 14:41:45 405560 402.5511
2019:05:06 14:41:45 405948 221.4015
2019:05:06 14:41:45 406768 421.9636
2019:05:06 14:41:45 407571 409.3684
2019:05:06 14:41:45 407776 190.2953
2019:05:06 14:41:45 408399 413.8686
2019:05:06 14:41:45 408818 407.7554
2019:05:06 14:41:45 429734 375.0697
2019:05:06 14:41:45 430296 189.2932
2019:05:06 14:41:45 430933 418.1117
2019:05:06 14:41:45 431741 409.6813
2019:05:06 14:41:45 432162 408.0087
2019:05:06 14:41:45 432563 221.0923
2019:05:06 14:41:45 444883 12307.3757
2019:05:06 14:41:45 461353 16090.2962
2019:05:06 14:41:45 469076 7713.7277
2019:05:06 14:41:45 469828 605.1883
2019:05:06 14:41:45 470647 801.0976
2019:05:06 14:41:45 471070 409.8937
2019:05:06 14:41:45 471469 222.9698
2019:05:06 14:41:45 471897 414.7775
2019:05:06 14:41:45 472702 405.2483
2019:05:06 14:41:45 473125 409.8862
2019:05:06 14:41:45 473530 229.0532
2019:05:06 14:41:45 474351 418.9350
2019:05:06 14:41:45 475157 408.2471
2019:05:06 14:41:45 475359 188.9169
2019:05:06 14:41:45 475981 416.2788
2019:05:06 14:41:45 476410 415.3140
2019:05:06 14:41:45 477227 422.3920
2019:05:06 14:41:45 493615 261.1056
2019:05:06 14:41:45 494011 226.2928
2019:05:06 14:41:45 494831 415.7536
2019:05:06 14:41:45 495645 415.9063
2019:05:06 14:41:45 496055 230.9754
2019:05:06 14:41:45 496874 420.0451
2019:05:06 14:41:45 497684 414.3268
2019:05:06 14:41:45 498103 234.4176
2019:05:06 14:41:45 498922 418.8158
2019:05:06 14:41:45 499727 410.0911
2019:05:06 14:41:45 499931 189.7253
2019:05:06 14:41:45 500560 414.6658
2019:05:06 14:41:45 501377 804.4541
2019:05:06 14:41:45 501807 416.6961
2019:05:06 14:41:45 502192 222.5712
2019:05:06 14:41:45 503003 408.2844
2019:05:06 14:41:45 503425 407.0625
2019:05:06 14:41:45 504016 194.1174
2019:05:06 14:41:45 504642 613.1642
2019:05:06 14:41:45 525360 20706.8920
2019:05:06 14:41:45 525952 586.1484
2019:05:06 14:41:45 526375 409.1226
2019:05:06 14:41:45 526769 221.9528
2019:05:06 14:41:45 527193 410.4599
2019:05:06 14:41:45 527996 410.1135
2019:05:06 14:41:45 528422 410.5195
2019:05:06 14:41:45 528816 220.4292
2019:05:06 14:41:45 541106 12279.2386
2019:05:06 14:41:45 557363 16240.9805
2019:05:06 14:41:45 565462 197.5857
2019:05:06 14:41:45 566090 415.6381
2019:05:06 14:41:45 566518 415.4854
2019:05:06 14:41:45 567323 412.2779
2019:05:06 14:41:45 567722 217.1956
2019:05:06 14:41:45 568141 408.7090
2019:05:06 14:41:45 568947 410.3817
2019:05:06 14:41:45 569376 414.8148
2019:05:06 14:41:45 569768 222.0869
2019:05:06 14:41:45 570194 404.4063
2019:05:06 14:41:45 571002 409.8378
2019:05:06 14:41:45 571424 403.7656
2019:05:06 14:41:45 571826 225.4248
2019:05:06 14:41:45 572654 428.0135
2019:05:06 14:41:45 589354 16311.9659
2019:05:06 14:41:45 589855 490.1253
2019:05:06 14:41:45 590244 375.8706
2019:05:06 14:41:45 591064 808.0862
2019:05:06 14:41:45 591491 415.8318
2019:05:06 14:41:45 592073 190.2021
2019:05:06 14:41:45 592311 219.2147
2019:05:06 14:41:45 593122 413.3508
2019:05:06 14:41:45 593544 406.2504
2019:05:06 14:41:45 594122 187.6727
2019:05:06 14:41:45 594750 612.6910
2019:05:06 14:41:45 595569 795.2787
2019:05:06 14:41:45 595992 409.0890
2019:05:06 14:41:45 596391 222.5749
2019:05:06 14:41:45 596823 415.5338
2019:05:06 14:41:45 597626 415.2693
2019:05:06 14:41:45 598041 401.6384
2019:05:06 14:41:45 598442 222.8506
2019:05:06 14:41:45 598867 415.3438
2019:05:06 14:41:45 599682 413.8574
2019:05:06 14:41:45 600278 194.2366
2019:05:06 14:41:45 600899 411.8793
2019:05:06 14:41:45 621808 445.9321
2019:05:06 14:41:45 622605 780.6011
2019:05:06 14:41:45 623010 391.3939
2019:05:06 14:41:45 623432 410.5344
2019:05:06 14:41:45 624239 410.0204
2019:05:06 14:41:45 624662 406.9731
2019:05:06 14:41:45 636989 12148.0562
2019:05:06 14:41:45 653366 16360.2270
2019:05:06 14:41:45 661523 382.8742
2019:05:06 14:41:45 661928 222.9139
2019:05:06 14:41:45 662356 417.6311
2019:05:06 14:41:45 663164 405.7772
2019:05:06 14:41:45 663758 189.8743
2019:05:06 14:41:45 664405 635.7767
2019:05:06 14:41:45 665228 815.1978
2019:05:06 14:41:45 665635 396.1250
2019:05:06 14:41:45 666028 222.2545
2019:05:06 14:41:45 666848 808.6562
2019:05:06 14:41:45 667269 408.8394
2019:05:06 14:41:45 668063 397.3320
2019:05:06 14:41:45 668884 805.5680
2019:05:06 14:41:45 669308 408.6532
2019:05:06 14:41:45 685699 344.0343
2019:05:06 14:41:45 686281 186.7712
2019:05:06 14:41:45 686517 221.7367
2019:05:06 14:41:45 687319 409.8639
2019:05:06 14:41:45 687754 422.0642
2019:05:06 14:41:45 688327 188.9616
2019:05:06 14:41:45 688956 413.1049
2019:05:06 14:41:45 689782 414.9377
2019:05:06 14:41:45 690201 406.6639
2019:05:06 14:41:45 690601 224.6983
2019:05:06 14:41:45 691027 406.9693
2019:05:06 14:41:45 691828 408.9177
2019:05:06 14:41:45 692251 407.6175
2019:05:06 14:41:45 692654 226.7845
2019:05:06 14:41:45 717369 24316.3444
2019:05:06 14:41:45 718065 397.8349
2019:05:06 14:41:45 718865 413.5706
2019:05:06 14:41:45 719267 390.9543
2019:05:06 14:41:45 720082 803.0832
2019:05:06 14:41:45 720508 409.1524
2019:05:06 14:41:45 733214 12313.3361
2019:05:06 14:41:45 749362 16135.3871
2019:05:06 14:41:45 757473 397.1159
2019:05:06 14:41:45 757889 264.4472
2019:05:06 14:41:45 758694 421.4086
2019:05:06 14:41:45 759496 408.0422
2019:05:06 14:41:45 759909 395.6705
2019:05:06 14:41:45 760724 800.3227
2019:05:06 14:41:45 761170 427.1157
2019:05:06 14:41:45 761704 153.8619
2019:05:06 14:41:45 762391 428.3749
2019:05:06 14:41:45 763194 408.1689
2019:05:06 14:41:45 763620 403.8103
2019:05:06 14:41:45 764411 413.5408
2019:05:06 14:41:45 765227 409.9607
2019:05:06 14:41:45 781364 16118.8133
2019:05:06 14:41:45 782036 407.0811
2019:05:06 14:41:45 782440 258.2595
2019:05:06 14:41:45 783247 409.5770
2019:05:06 14:41:45 783672 413.6227
2019:05:06 14:41:45 784225 158.6787
2019:05:06 14:41:45 784496 259.7906
2019:05:06 14:41:45 785300 410.5046
2019:05:06 14:41:45 785731 415.6306
2019:05:06 14:41:45 786523 403.8326
2019:05:06 14:41:45 787344 799.1977
2019:05:06 14:41:45 787771 411.7861
2019:05:06 14:41:45 788571 407.1482
2019:05:06 14:41:45 789393 800.7772
2019:05:06 14:41:45 789837 431.4631
2019:05:06 14:41:45 790619 400.5358
2019:05:06 14:41:45 791439 800.8033
2019:05:06 14:41:45 791868 410.9628
2019:05:06 14:41:45 792418 159.0885
2019:05:06 14:41:45 793095 417.2698
2019:05:06 14:41:45 809870 500.0681
2019:05:06 14:41:45 810690 806.4657
2019:05:06 14:41:45 810865 163.0113
2019:05:06 14:41:45 811509 410.1992
2019:05:06 14:41:45 811932 406.6043
2019:05:06 14:41:45 812741 413.4923
2019:05:06 14:41:45 812912 158.0082
2019:05:06 14:41:45 813578 421.9934
2019:05:06 14:41:45 814380 408.9437
2019:05:06 14:41:45 814818 419.7471
2019:05:06 14:41:45 815221 265.7138
2019:05:06 14:41:45 816040 424.6645
2019:05:06 14:41:45 816838 409.0779
2019:05:06 14:41:45 841364 24508.0106
2019:05:06 14:41:45 853311 388.7676
2019:05:06 14:41:45 854110 406.8427
2019:05:06 14:41:45 854929 804.6702
2019:05:06 14:41:45 855354 414.2635
2019:05:06 14:41:45 855907 159.2599
2019:05:06 14:41:45 856179 256.5905
2019:05:06 14:41:45 856989 408.5973
2019:05:06 14:41:45 900967 7612.4109
2019:05:06 14:41:45 901621 414.1144
2019:05:06 14:41:45 902437 409.2902
2019:05:06 14:41:45 902857 410.0986
2019:05:06 14:41:45 903262 257.2238
2019:05:06 14:41:45 904077 804.4466
2019:05:06 14:41:45 904502 412.8143
2019:05:06 14:41:45 905301 404.3505
2019:05:06 14:41:45 929365 24050.3699
2019:05:06 14:41:45 929882 389.7138
2019:05:06 14:41:45 930705 811.6700
2019:05:06 14:41:45 931137 422.8801
2019:05:06 14:41:45 931675 158.9842
2019:05:06 14:41:45 931950 264.5701
2019:05:06 14:41:45 932756 410.8958
2019:05:06 14:41:45 933179 412.7845
2019:05:06 14:41:45 933724 150.4645
2019:05:06 14:41:45 934394 415.9138
2019:05:06 14:41:45 935204 406.2317
2019:05:06 14:41:45 935634 414.6770
2019:05:06 14:41:45 936035 263.7953
2019:05:06 14:41:45 936859 418.0819
2019:05:06 14:41:45 972940 7586.0918
2019:05:06 14:41:45 973722 420.2798
2019:05:06 14:41:45 974535 413.5109
2019:05:06 14:41:45 974940 389.8889
2019:05:06 14:41:45 975760 806.6446
2019:05:06 14:41:45 976190 409.8229
2019:05:06 14:41:45 976986 398.2559
2019:05:06 14:41:46 1362 24362.7392
2019:05:06 14:41:46 2381 808.0602
2019:05:06 14:41:46 2799 407.9193
2019:05:06 14:41:46 3364 167.4965
2019:05:06 14:41:46 4019 643.4396
2019:05:06 14:41:46 4839 808.5668
2019:05:06 14:41:46 5403 553.2764
2019:05:06 14:41:46 6091 675.5665
2019:05:06 14:41:46 6895 795.7071
2019:05:06 14:41:46 7326 417.8695
2019:05:06 14:41:46 7729 259.7831
2019:05:06 14:41:46 8541 417.8174
2019:05:06 14:41:46 37361 28419.9417
2019:05:06 14:41:46 45403 390.0491
2019:05:06 14:41:46 46224 430.3195
2019:05:06 14:41:46 46633 273.3171
2019:05:06 14:41:46 47456 433.2103
2019:05:06 14:41:46 48249 409.6329
2019:05:06 14:41:46 48430 158.0268
2019:05:06 14:41:46 49122 440.8658
2019:05:06 14:41:46 73669 314.1053
2019:05:06 14:41:46 74474 410.9703
2019:05:06 14:41:46 75279 793.3602
2019:05:06 14:41:46 76098 808.0006
2019:05:06 14:41:46 76527 413.8686
2019:05:06 14:41:46 77084 166.1927
2019:05:06 14:41:46 77757 658.1135
2019:05:06 14:41:46 78171 395.5550
2019:05:06 14:41:46 78976 407.0103
2019:05:06 14:41:46 79387 397.4363
2019:05:06 14:41:46 79810 411.2422
2019:05:06 14:41:46 80625 416.8600
2019:05:06 14:41:46 105355 24326.0637
2019:05:06 14:41:46 117125 11761.8777
2019:05:06 14:41:46 117912 425.9758
2019:05:06 14:41:46 118317 278.0333
2019:05:06 14:41:46 119139 421.5688
2019:05:06 14:41:46 119942 406.9172
2019:05:06 14:41:46 120338 382.6469
2019:05:06 14:41:46 121170 812.3517
2019:05:06 14:41:46 137365 16184.8739
2019:05:06 14:41:46 141645 411.7154
2019:05:06 14:41:46 142456 408.8841
2019:05:06 14:41:46 142638 158.7532
2019:05:06 14:41:46 143295 415.2209
2019:05:06 14:41:46 143713 407.5877
2019:05:06 14:41:46 144518 408.7351
2019:05:06 14:41:46 144923 391.6062
2019:05:06 14:41:46 145749 427.0263
2019:05:06 14:41:46 146548 412.0432
2019:05:06 14:41:46 146960 397.2016
2019:05:06 14:41:46 147776 801.4068
2019:05:06 14:41:46 148210 410.4674
2019:05:06 14:41:46 148754 159.2822
2019:05:06 14:41:46 149431 419.6241
2019:05:06 14:41:46 150241 409.6255
2019:05:06 14:41:46 150681 422.2617
2019:05:06 14:41:46 151072 256.6986
2019:05:06 14:41:46 151896 430.9230
2019:05:06 14:41:46 152697 409.8415
2019:05:06 14:41:46 169357 16644.0830
2019:05:06 14:41:46 169919 554.1258
2019:05:06 14:41:46 170341 410.8436
2019:05:06 14:41:46 171134 405.6729
2019:05:06 14:41:46 171555 394.8212
2019:05:06 14:41:46 172379 434.2571
2019:05:06 14:41:46 173171 409.8043
2019:05:06 14:41:46 173580 387.0763
2019:05:06 14:41:46 174399 803.4222
2019:05:06 14:41:46 174836 413.6562
2019:05:06 14:41:46 175378 159.5952
2019:05:06 14:41:46 175664 263.9182
2019:05:06 14:41:46 176464 405.9821
2019:05:06 14:41:46 176896 413.7941
2019:05:06 14:41:46 212944 11588.7225
2019:05:06 14:41:46 213728 771.1761
2019:05:06 14:41:46 214155 408.2248
2019:05:06 14:41:46 214569 266.4141
2019:05:06 14:41:46 215380 423.0700
2019:05:06 14:41:46 216188 417.1208
2019:05:06 14:41:46 216589 388.3690
2019:05:06 14:41:46 233354 16739.9049
2019:05:06 14:41:46 237125 3762.6252
2019:05:06 14:41:46 237914 428.0210
2019:05:06 14:41:46 238710 417.0723
2019:05:06 14:41:46 239111 387.5941
2019:05:06 14:41:46 239931 801.1609
2019:05:06 14:41:46 240362 411.8010
2019:05:06 14:41:46 240924 166.3528
2019:05:06 14:41:46 241575 415.1389
2019:05:06 14:41:46 242390 411.5961
2019:05:06 14:41:46 242824 422.1946
2019:05:06 14:41:46 243215 256.8625
2019:05:06 14:41:46 243647 412.4492
2019:05:06 14:41:46 244448 407.7405
2019:05:06 14:41:46 244876 412.3636
2019:05:06 14:41:46 245278 263.7021
2019:05:06 14:41:46 246105 427.9986
2019:05:06 14:41:46 246902 417.0425
2019:05:06 14:41:46 247309 393.7259
2019:05:06 14:41:46 248123 799.7490
2019:05:06 14:41:46 248555 411.6483
2019:05:06 14:41:46 265361 16418.3043
2019:05:06 14:41:46 265760 392.4593
2019:05:06 14:41:46 266573 421.4756
2019:05:06 14:41:46 267378 410.2364
2019:05:06 14:41:46 267787 389.4530
2019:05:06 14:41:46 268606 797.8268
2019:05:06 14:41:46 269039 412.9931
2019:05:06 14:41:46 269588 157.8405
2019:05:06 14:41:46 270243 413.6898
2019:05:06 14:41:46 271059 409.7298
2019:05:06 14:41:46 271490 417.1617
2019:05:06 14:41:46 271890 254.9402
2019:05:06 14:41:46 272312 411.0001
2019:05:06 14:41:46 297354 24645.9842
2019:05:06 14:41:46 309187 11824.0416
2019:05:06 14:41:46 309996 421.5427
2019:05:06 14:41:46 310547 159.4126
2019:05:06 14:41:46 310812 254.0387
2019:05:06 14:41:46 311631 422.6379
2019:05:06 14:41:46 312436 409.4951
2019:05:06 14:41:46 312836 389.7808
2019:05:06 14:41:46 337354 24494.7262
2019:05:06 14:41:46 337847 483.8072
2019:05:06 14:41:46 338655 412.9000
2019:05:06 14:41:46 339209 158.9172
2019:05:06 14:41:46 339878 415.5189
2019:05:06 14:41:46 340688 406.6229
2019:05:06 14:41:46 341113 410.7617
2019:05:06 14:41:46 341524 267.8037
2019:05:06 14:41:46 342339 418.8120
2019:05:06 14:41:46 343149 412.1996
2019:05:06 14:41:46 343569 404.9763
2019:05:06 14:41:46 344377 801.7607
2019:05:06 14:41:46 373354 28964.5121
2019:05:06 14:41:46 381266 7896.6953
2019:05:06 14:41:46 382083 410.0725
2019:05:06 14:41:46 382491 265.4344
2019:05:06 14:41:46 383309 410.9219
2019:05:06 14:41:46 384120 413.3657
2019:05:06 14:41:46 384528 395.4992
2019:05:06 14:41:46 409353 24425.7748
2019:05:06 14:41:46 409924 562.9547
2019:05:06 14:41:46 410341 404.1418
2019:05:06 14:41:46 411134 398.6433
2019:05:06 14:41:46 411956 810.8020
2019:05:06 14:41:46 412380 413.9282
2019:05:06 14:41:46 412932 159.9602
2019:05:06 14:41:46 413609 421.0845
2019:05:06 14:41:46 414420 415.0420
2019:05:06 14:41:46 414994 170.0930
2019:05:06 14:41:46 415649 414.6472
2019:05:06 14:41:46 416467 415.5189
2019:05:06 14:41:46 445354 28482.3515
2019:05:06 14:41:46 453329 7966.5594
2019:05:06 14:41:46 453894 545.8333
2019:05:06 14:41:46 454552 411.6669
2019:05:06 14:41:46 455370 410.0800
2019:05:06 14:41:46 455794 410.6089
2019:05:06 14:41:46 456203 263.8176
2019:05:06 14:41:46 457022 420.5108
2019:05:06 14:41:46 481617 262.3647
2019:05:06 14:41:46 482416 411.9836
2019:05:06 14:41:46 482828 399.9360
2019:05:06 14:41:46 483646 419.7098
2019:05:06 14:41:46 484452 409.8639
2019:05:06 14:41:46 484630 163.3838
2019:05:06 14:41:46 485286 417.8733
2019:05:06 14:41:46 486091 793.0622
2019:05:06 14:41:46 486515 411.8197
2019:05:06 14:41:46 486924 265.6318
2019:05:06 14:41:46 487742 421.0100
2019:05:06 14:41:46 488547 409.7894
2019:05:06 14:41:46 488961 396.1176
2019:05:06 14:41:46 517362 28388.3289
2019:05:06 14:41:46 525415 372.8755
2019:05:06 14:41:46 525831 262.2455
2019:05:06 14:41:46 526649 417.7131
2019:05:06 14:41:46 527466 412.5908
2019:05:06 14:41:46 527880 256.9593
2019:05:06 14:41:46 528694 411.6036
2019:05:06 14:41:46 545354 16252.6667
2019:05:06 14:41:46 549202 3839.2246
2019:05:06 14:41:46 550005 418.1452
2019:05:06 14:41:46 550404 254.0424
2019:05:06 14:41:46 551224 809.0846
2019:05:06 14:41:46 552044 809.0287
2019:05:06 14:41:46 552455 400.8338
2019:05:06 14:41:46 553272 806.5812
2019:05:06 14:41:46 554089 806.8606
2019:05:06 14:41:46 554253 154.4356
2019:05:06 14:41:46 554918 420.8498
2019:05:06 14:41:46 555337 408.2918
2019:05:06 14:41:46 556139 409.5882
2019:05:06 14:41:46 556540 390.0416
2019:05:06 14:41:46 557360 805.7617
2019:05:06 14:41:46 557808 426.4601
2019:05:06 14:41:46 558347 157.6915
2019:05:06 14:41:46 559005 415.8169
2019:05:06 14:41:46 559822 416.8190
2019:05:06 14:41:46 560250 416.8563
2019:05:06 14:41:46 560643 253.1260
2019:05:06 14:41:46 577360 16704.4699
2019:05:06 14:41:46 577867 499.5428
2019:05:06 14:41:46 578678 420.3953
2019:05:06 14:41:46 579092 268.6717
2019:05:06 14:41:46 579912 427.3243
2019:05:06 14:41:46 580717 418.5103
2019:05:06 14:41:46 580888 158.2503
2019:05:06 14:41:46 581550 416.1038
2019:05:06 14:41:46 582359 797.2382
2019:05:06 14:41:46 582921 552.2184
2019:05:06 14:41:46 583581 649.9775
2019:05:06 14:41:46 584401 808.0639
2019:05:06 14:41:46 609354 24942.8451
2019:05:06 14:41:46 621276 11912.3124
2019:05:06 14:41:46 621840 175.1445
2019:05:06 14:41:46 622487 416.7929
2019:05:06 14:41:46 622910 411.8532
2019:05:06 14:41:46 623718 411.6222
2019:05:06 14:41:46 624132 257.1791
2019:05:06 14:41:46 624947 412.3896
2019:05:06 14:41:46 645058 3703.6128
2019:05:06 14:41:46 645839 769.9095
2019:05:06 14:41:46 646262 407.9416
2019:05:06 14:41:46 646677 265.4567
2019:05:06 14:41:46 647500 428.0880
2019:05:06 14:41:46 648300 417.8695
2019:05:06 14:41:46 648704 389.4493
2019:05:06 14:41:46 649527 801.3062
2019:05:06 14:41:46 649951 402.9982
2019:05:06 14:41:46 650504 159.7255
2019:05:06 14:41:46 651174 417.7764
2019:05:06 14:41:46 651991 418.0111
2019:05:06 14:41:46 652414 408.6159
2019:05:06 14:41:46 652822 263.3408
2019:05:06 14:41:46 653650 420.1904
2019:05:06 14:41:46 654446 416.9904
2019:05:06 14:41:46 654853 255.2494
2019:05:06 14:41:46 655672 415.7126
2019:05:06 14:41:46 656491 414.7701
2019:05:06 14:41:46 673361 16715.4185
2019:05:06 14:41:46 674102 732.4852
2019:05:06 14:41:46 674517 404.1456
2019:05:06 14:41:46 675319 403.2403
2019:05:06 14:41:46 676135 805.2401
2019:05:06 14:41:46 676565 411.1156
2019:05:06 14:41:46 677121 167.2171
2019:05:06 14:41:46 677395 261.2174
2019:05:06 14:41:46 678195 399.2319
2019:05:06 14:41:46 679016 809.7999
2019:05:06 14:41:46 679415 388.9278
2019:05:06 14:41:46 680243 812.1990
2019:05:06 14:41:46 681058 804.3572
2019:05:06 14:41:46 705364 24295.5834
2019:05:06 14:41:46 717514 374.5854
2019:05:06 14:41:46 718072 159.3493
2019:05:06 14:41:46 718745 662.2933
2019:05:06 14:41:46 719162 405.8965
2019:05:06 14:41:46 719964 406.1274
2019:05:06 14:41:46 720376 400.9232
2019:05:06 14:41:46 721189 800.6021
2019:05:06 14:41:46 737362 16158.2641
2019:05:06 14:41:46 741674 408.4297
2019:05:06 14:41:46 742488 409.0294
2019:05:06 14:41:46 742663 159.7032
2019:05:06 14:41:46 743320 414.3976
2019:05:06 14:41:46 743742 410.1172
2019:05:06 14:41:46 744544 410.7431
2019:05:06 14:41:46 744956 394.2028
2019:05:06 14:41:46 745777 807.9894
2019:05:06 14:41:46 746196 408.6606
2019:05:06 14:41:46 746757 161.7372
2019:05:06 14:41:46 747419 416.8600
2019:05:06 14:41:46 748239 420.2165
2019:05:06 14:41:46 748805 161.8341
2019:05:06 14:41:46 749461 388.7452
2019:05:06 14:41:46 750274 410.2662
2019:05:06 14:41:46 750698 408.6196
2019:05:06 14:41:46 751100 257.7603
2019:05:06 14:41:46 751919 417.2176
2019:05:06 14:41:46 752727 409.8341
2019:05:06 14:41:46 769361 16619.5370
2019:05:06 14:41:46 769940 571.3254
2019:05:06 14:41:46 770373 415.2544
2019:05:06 14:41:46 771166 408.5787
2019:05:06 14:41:46 771582 400.7258
2019:05:06 14:41:46 772399 805.5456
2019:05:06 14:41:46 772830 417.7354
2019:05:06 14:41:46 773388 170.4916
2019:05:06 14:41:46 774048 417.3517
2019:05:06 14:41:46 774853 410.5680
2019:05:06 14:41:46 775277 414.9899
2019:05:06 14:41:46 775695 273.5667
2019:05:06 14:41:46 776499 415.0756
2019:05:06 14:41:46 801354 24456.7357
2019:05:06 14:41:46 813361 11997.3943
2019:05:06 14:41:46 814176 801.1833
2019:05:06 14:41:46 814582 393.3012
2019:05:06 14:41:46 815404 803.6681
2019:05:06 14:41:46 815826 409.5808
2019:05:06 14:41:46 816627 403.7730
2019:05:06 14:41:46 829354 12713.3131
2019:05:06 14:41:46 837138 7775.6159
2019:05:06 14:41:46 837949 403.9742
2019:05:06 14:41:46 838757 415.3550
2019:05:06 14:41:46 839168 263.1061
2019:05:06 14:41:46 839987 413.4774
2019:05:06 14:41:46 840795 409.1971
2019:05:06 14:41:46 841202 395.6147
2019:05:06 14:41:46 877362 36147.3039
2019:05:06 14:41:46 885439 374.1719
2019:05:06 14:41:46 886001 159.4126
2019:05:06 14:41:46 886275 258.1440
2019:05:06 14:41:46 887093 416.4279
2019:05:06 14:41:46 887900 409.9235
2019:05:06 14:41:46 888298 388.6782
2019:05:06 14:41:46 889131 815.2723
2019:05:06 14:41:46 913365 24218.5593
2019:05:06 14:41:46 914122 388.2907
2019:05:06 14:41:46 914672 158.9097
2019:05:06 14:41:46 915339 652.9689
2019:05:06 14:41:46 915765 408.7351
2019:05:06 14:41:46 916571 409.1188
2019:05:06 14:41:46 916743 160.3849
2019:05:06 14:41:46 917403 411.7899
2019:05:06 14:41:46 918210 394.1506
2019:05:06 14:41:46 918631 412.2369
2019:05:06 14:41:46 919038 260.2227
2019:05:06 14:41:46 919852 421.4756
2019:05:06 14:41:46 920663 409.0108
2019:05:06 14:41:46 949359 28685.3947
2019:05:06 14:41:46 957159 7791.7762
2019:05:06 14:41:46 957930 407.5207
2019:05:06 14:41:46 958747 805.3333
2019:05:06 14:41:46 959172 410.3072
2019:05:06 14:41:46 959974 401.1057
2019:05:06 14:41:46 960794 809.4497
2019:05:06 14:41:46 961232 423.3941
2019:05:06 14:41:46 981276 7920.9954
2019:05:06 14:41:46 982093 801.2503
2019:05:06 14:41:46 982506 399.6082
2019:05:06 14:41:46 983324 802.7703
2019:05:06 14:41:46 983754 418.5997
2019:05:06 14:41:46 984310 158.4068
2019:05:06 14:41:46 984976 422.4665
2019:05:06 14:41:47 9567 212.1255
2019:05:06 14:41:47 10370 411.7638
2019:05:06 14:41:47 10789 407.0140
2019:05:06 14:41:47 11193 254.6236
2019:05:06 14:41:47 12014 421.0286
2019:05:06 14:41:47 12819 408.9251
2019:05:06 14:41:47 13225 393.8116
2019:05:06 14:41:47 14045 805.8138
2019:05:06 14:41:47 14475 406.5149
2019:05:06 14:41:47 15032 161.0667
2019:05:06 14:41:47 15682 412.6802
2019:05:06 14:41:47 16498 409.3796
2019:05:06 14:41:47 16934 416.1894
2019:05:06 14:41:47 52998 3642.7900
2019:05:06 14:41:47 53783 769.5928
2019:05:06 14:41:47 54192 394.1990
2019:05:06 14:41:47 55007 796.8955
2019:05:06 14:41:47 55445 416.5992
2019:05:06 14:41:47 55993 158.7868
2019:05:06 14:41:47 56647 415.8653
2019:05:06 14:41:47 57471 419.8737
2019:05:06 14:41:47 57888 404.3803
2019:05:06 14:41:47 58293 259.0381
2019:05:06 14:41:47 59107 415.4444
2019:05:06 14:41:47 59529 411.0672
2019:05:06 14:41:47 60079 158.8762
2019:05:06 14:41:47 60349 259.1573
2019:05:06 14:41:47 61192 436.3582
2019:05:06 14:41:47 77571 216.9497
2019:05:06 14:41:47 78363 404.4250
2019:05:06 14:41:47 78759 384.4909
2019:05:06 14:41:47 79585 807.0469
2019:05:06 14:41:47 80009 412.9708
2019:05:06 14:41:47 80562 156.9130
2019:05:06 14:41:47 81222 416.5918
2019:05:06 14:41:47 82038 410.2252
2019:05:06 14:41:47 82467 416.8488
2019:05:06 14:41:47 82881 273.5071
2019:05:06 14:41:47 83698 419.9445
2019:05:06 14:41:47 84504 417.5343
2019:05:06 14:41:47 84917 401.8471
2019:05:06 14:41:47 85756 432.5360
2019:05:06 14:41:47 86552 409.0182
2019:05:06 14:41:47 86965 403.1584
2019:05:06 14:41:47 87788 415.6083
2019:05:06 14:41:47 88597 410.5195
2019:05:06 14:41:47 109360 20747.6988
2019:05:06 14:41:47 109898 528.8385
2019:05:06 14:41:47 110712 419.9147
2019:05:06 14:41:47 111278 165.4476
2019:05:06 14:41:47 111937 415.2767
2019:05:06 14:41:47 112751 411.7861
2019:05:06 14:41:47 125090 11933.3826
2019:05:06 14:41:47 149233 7878.8511
2019:05:06 14:41:47 150030 773.5901
2019:05:06 14:41:47 150438 396.6913
2019:05:06 14:41:47 151260 810.1277
2019:05:06 14:41:47 151679 407.9007
2019:05:06 14:41:47 152229 160.2694
2019:05:06 14:41:47 152493 253.7183
2019:05:06 14:41:47 153304 416.4204
2019:05:06 14:41:47 153727 411.5924
2019:05:06 14:41:47 154289 167.3326
2019:05:06 14:41:47 154552 252.1202
2019:05:06 14:41:47 155353 400.3644
2019:05:06 14:41:47 155781 410.8436
2019:05:06 14:41:47 156332 158.1609
2019:05:06 14:41:47 157002 421.0547
2019:05:06 14:41:47 173790 436.5928
2019:05:06 14:41:47 174597 408.8879
2019:05:06 14:41:47 175021 399.8503
2019:05:06 14:41:47 175833 802.4313
2019:05:06 14:41:47 176267 411.9687
2019:05:06 14:41:47 177061 409.2306
2019:05:06 14:41:47 177881 807.3710
2019:05:06 14:41:47 178310 411.3577
2019:05:06 14:41:47 179108 404.9689
2019:05:06 14:41:47 179928 809.2783
2019:05:06 14:41:47 180354 408.5600
2019:05:06 14:41:47 181155 407.0587
2019:05:06 14:41:47 181977 808.6190
2019:05:06 14:41:47 182397 405.1588
2019:05:06 14:41:47 183198 406.1051
2019:05:06 14:41:47 184020 810.4257
2019:05:06 14:41:47 184448 412.8143
2019:05:06 14:41:47 205357 20515.7064
2019:05:06 14:41:47 205752 389.2593
2019:05:06 14:41:47 206568 422.4814
2019:05:06 14:41:47 207371 404.7528
2019:05:06 14:41:47 207786 399.5113
2019:05:06 14:41:47 208603 804.6962
2019:05:06 14:41:47 209029 414.9787
2019:05:06 14:41:47 221312 371.9591
2019:05:06 14:41:47 245080 7724.6353
2019:05:06 14:41:47 245873 778.3398
2019:05:06 14:41:47 246306 413.7941
2019:05:06 14:41:47 246723 281.6692
2019:05:06 14:41:47 247545 415.3922
2019:05:06 14:41:47 248342 408.9326
2019:05:06 14:41:47 248755 390.7494
2019:05:06 14:41:47 249576 426.1956
2019:05:06 14:41:47 250375 412.3524
2019:05:06 14:41:47 250787 394.1134
2019:05:06 14:41:47 251607 800.8257
2019:05:06 14:41:47 252034 411.8159
2019:05:06 14:41:47 252826 401.1504
2019:05:06 14:41:47 269354 16506.2025
2019:05:06 14:41:47 270037 672.0386
2019:05:06 14:41:47 270462 410.6648
2019:05:06 14:41:47 271016 159.0513
2019:05:06 14:41:47 271683 417.6609
2019:05:06 14:41:47 272493 409.4020
2019:05:06 14:41:47 272916 408.7836
2019:05:06 14:41:47 273323 260.0662
2019:05:06 14:41:47 274146 418.9685
2019:05:06 14:41:47 274950 410.8027
2019:05:06 14:41:47 275357 394.0761
2019:05:06 14:41:47 276174 798.4862
2019:05:06 14:41:47 276606 414.0586
2019:05:06 14:41:47 277152 159.2115
2019:05:06 14:41:47 277833 424.5006
2019:05:06 14:41:47 278634 409.7484
2019:05:06 14:41:47 279059 412.0506
2019:05:06 14:41:47 279466 266.9394
2019:05:06 14:41:47 280288 418.8567
2019:05:06 14:41:47 281089 406.1423
2019:05:06 14:41:47 317169 7813.6511
2019:05:06 14:41:47 317956 772.3570
2019:05:06 14:41:47 318131 160.3551
2019:05:06 14:41:47 318796 417.4970
2019:05:06 14:41:47 319596 409.4094
2019:05:06 14:41:47 320020 409.7931
2019:05:06 14:41:47 320430 268.2544
2019:05:06 14:41:47 321246 426.0130
2019:05:06 14:41:47 345804 448.9049
2019:05:06 14:41:47 346623 790.9611
2019:05:06 14:41:47 346799 161.1672
2019:05:06 14:41:47 347470 426.0801
2019:05:06 14:41:47 348271 410.7393
2019:05:06 14:41:47 348700 413.7345
2019:05:06 14:41:47 349103 270.8025
2019:05:06 14:41:47 349923 417.5827
2019:05:06 14:41:47 350721 407.9491
2019:05:06 14:41:47 351126 388.9389
2019:05:06 14:41:47 351947 807.6169
2019:05:06 14:41:47 352370 412.2332
2019:05:06 14:41:47 381355 28590.7984
2019:05:06 14:41:47 381850 486.4633
2019:05:06 14:41:47 382673 812.6646
2019:05:06 14:41:47 383093 409.0182
2019:05:06 14:41:47 383898 406.6341
2019:05:06 14:41:47 384720 810.8355
2019:05:06 14:41:47 385148 417.8584
2019:05:06 14:41:47 385945 403.5644
2019:05:06 14:41:47 386769 812.3852
2019:05:06 14:41:47 387194 413.8984
2019:05:06 14:41:47 387993 404.9167
2019:05:06 14:41:47 388818 813.5922
2019:05:06 14:41:47 389255 427.0077
2019:05:06 14:41:47 390049 400.3309
2019:05:06 14:41:47 390864 802.7852
2019:05:06 14:41:47 391295 411.3615
2019:05:06 14:41:47 391852 158.4515
2019:05:06 14:41:47 392513 422.6156
2019:05:06 14:41:47 393327 408.3402
2019:05:06 14:41:47 417365 24026.4609
2019:05:06 14:41:47 417914 396.7509
2019:05:06 14:41:47 418713 400.6512
2019:05:06 14:41:47 419533 803.3067
2019:05:06 14:41:47 419963 410.9554
2019:05:06 14:41:47 420756 393.6626
2019:05:06 14:41:47 421579 811.9009
2019:05:06 14:41:47 422007 407.1109
2019:05:06 14:41:47 422566 162.5679
2019:05:06 14:41:47 423229 416.2155
2019:05:06 14:41:47 424045 805.5009
2019:05:06 14:41:47 424615 557.9181
2019:05:06 14:41:47 425272 644.3821
2019:05:06 14:41:47 426086 794.0494
2019:05:06 14:41:47 426511 413.3284
2019:05:06 14:41:47 426918 260.5245
2019:05:06 14:41:47 427741 427.7714
2019:05:06 14:41:47 428550 420.7343
2019:05:06 14:41:47 428962 260.2376
2019:05:06 14:41:47 453545 190.5374
2019:05:06 14:41:47 454354 411.0187
2019:05:06 14:41:47 455166 409.7000
2019:05:06 14:41:47 455573 253.6066
2019:05:06 14:41:47 456003 415.6604
2019:05:06 14:41:47 456815 409.5398
2019:05:06 14:41:47 457623 386.7261
2019:05:06 14:41:47 458437 791.0691
2019:05:06 14:41:47 458862 408.2322
2019:05:06 14:41:47 459420 163.5440
2019:05:06 14:41:47 460083 410.4003
2019:05:06 14:41:47 460898 409.9980
2019:05:06 14:41:47 461329 420.9466
2019:05:06 14:41:47 461728 253.9754
2019:05:06 14:41:47 462547 421.2447
2019:05:06 14:41:47 463353 408.1428
2019:05:06 14:41:47 463764 253.4725
2019:05:06 14:41:47 464581 411.9873
2019:05:06 14:41:47 465005 411.4695
2019:05:06 14:41:47 465560 157.7139
2019:05:06 14:41:47 466224 654.2653
2019:05:06 14:41:47 467035 800.2184
2019:05:06 14:41:47 467458 411.1156
2019:05:06 14:41:47 467866 259.6788
2019:05:06 14:41:47 468685 418.5252
2019:05:06 14:41:47 469511 425.6219
2019:05:06 14:41:47 469912 256.2553
2019:05:06 14:41:47 470730 413.7382
2019:05:06 14:41:47 471152 404.8981
2019:05:06 14:41:47 471726 169.3480
2019:05:06 14:41:47 472371 412.2742
2019:05:06 14:41:47 473206 820.2866
2019:05:06 14:41:47 485379 12166.1983
2019:05:06 14:41:47 486047 550.5309
2019:05:06 14:41:47 487135 819.4521
2019:05:06 14:41:47 489926 559.6131
2019:05:06 14:41:47 490441 453.9266
2019:05:06 14:41:47 491219 769.5258
2019:05:06 14:41:47 492140 481.7098
2019:05:06 14:41:47 492465 267.8148
2019:05:06 14:41:47 493676 805.0837
2019:05:06 14:41:47 494575 494.8936
2019:05:06 14:41:47 495316 733.0105
2019:05:06 14:41:47 495799 463.8731
2019:05:06 14:41:47 496555 399.6827
2019:05:06 14:41:47 497464 460.8594
2019:05:06 14:41:47 498204 412.7882
2019:05:06 14:41:47 499017 349.3838
2019:05:06 14:41:47 499882 472.7393
2019:05:06 14:41:47 500633 743.5381
2019:05:06 14:41:47 501454 806.5812
2019:05:06 14:41:47 502432 216.4803
2019:05:06 14:41:47 503163 712.0371
2019:05:06 14:41:47 503914 741.5265
2019:05:06 14:41:47 504818 886.6712
2019:05:06 14:41:47 505558 731.6731
2019:05:06 14:41:47 506022 449.5531
2019:05:06 14:41:47 506788 398.8929
2019:05:06 14:41:47 507608 800.9933
2019:05:06 14:41:47 508444 430.6510
2019:05:06 14:41:47 508944 365.5478
2019:05:06 14:41:47 509675 427.6074
2019:05:06 14:41:47 510483 344.9060
2019:05:06 14:41:47 510892 264.5589
2019:05:06 14:41:47 511801 488.6314
2019:05:06 14:41:47 512535 407.4760
2019:05:06 14:41:47 513324 599.5445
2019:05:06 14:41:47 514203 759.9369
2019:05:06 14:41:47 514967 391.6584
2019:05:06 14:41:47 515865 884.7751
2019:05:06 14:41:47 516618 419.7769
2019:05:06 14:41:47 517418 563.0031
2019:05:06 14:41:47 518311 867.2811
2019:05:06 14:41:47 519055 736.8252
2019:05:06 14:41:47 519878 807.1586
2019:05:06 14:41:47 520741 457.2012
2019:05:06 14:41:47 521234 485.4202
2019:05:06 14:41:47 521960 412.7249
2019:05:06 14:41:47 522930 507.6230
2019:05:06 14:41:47 523643 705.4582
2019:05:06 14:41:47 524402 424.7464
2019:05:06 14:41:47 525217 361.4947
2019:05:06 14:41:47 526445 371.2177
2019:05:06 14:41:47 527311 455.4763
2019:05:06 14:41:47 528091 424.9476
2019:05:06 14:41:47 529054 528.7305
2019:05:06 14:41:47 529744 677.0082
2019:05:06 14:41:47 530968 740.3120
2019:05:06 14:41:47 531447 471.3796
2019:05:06 14:41:47 532192 424.9252
2019:05:06 14:41:47 533151 489.7714
2019:05:06 14:41:47 533888 484.7981
2019:05:06 14:41:47 534635 417.2623
2019:05:06 14:41:47 535451 340.6368
2019:05:06 14:41:47 536326 860.4079
2019:05:06 14:41:47 537090 755.7534
2019:05:06 14:41:47 538028 925.0194
2019:05:06 14:41:47 538777 740.6175
2019:05:06 14:41:47 539293 508.1184
2019:05:06 14:41:47 539989 449.0390
2019:05:06 14:41:47 540780 419.0318
2019:05:06 14:41:47 541589 386.7410
2019:05:06 14:41:47 542448 735.3872
2019:05:06 14:41:47 543235 780.0721
2019:05:06 14:41:47 543659 237.4314
2019:05:06 14:41:47 544882 736.1285
2019:05:06 14:41:47 545385 496.9090
2019:05:06 14:41:47 546103 414.9303
2019:05:06 14:41:47 546933 338.8375
2019:05:06 14:41:47 547564 229.3773
2019:05:06 14:41:47 548559 753.6858
2019:05:06 14:41:47 549380 803.8431
2019:05:06 14:41:47 550174 644.7285
2019:05:06 14:41:47 551007 823.8517
2019:05:06 14:41:47 551652 238.9140
2019:05:06 14:41:47 552253 593.0662
2019:05:06 14:41:47 553102 447.2584
2019:05:06 14:41:47 553650 168.2118
2019:05:06 14:41:47 554336 447.4856
2019:05:06 14:41:47 555548 737.9912
2019:05:06 14:41:47 556032 476.6583
2019:05:06 14:41:47 556776 439.5247
2019:05:06 14:41:47 557729 483.6991
2019:05:06 14:41:47 558427 446.3941
2019:05:06 14:41:47 559224 421.1701
2019:05:06 14:41:47 560027 377.8338
2019:05:06 14:41:47 560862 720.5494
2019:05:06 14:41:47 561373 495.5120
2019:05:06 14:41:47 562503 273.0414
2019:05:06 14:41:47 563322 332.1543
2019:05:06 14:41:47 564211 494.2827
2019:05:06 14:41:47 564941 722.2407
2019:05:06 14:41:47 565443 483.6470
2019:05:06 14:41:47 566175 390.4179
2019:05:06 14:41:47 566992 803.3030
2019:05:06 14:41:47 567872 477.4779
2019:05:06 14:41:47 568236 356.0036
2019:05:06 14:41:47 569098 463.3293
2019:05:06 14:41:47 569875 419.7843
2019:05:06 14:41:47 570664 610.0684
2019:05:06 14:41:47 571521 734.6012
2019:05:06 14:41:47 572071 542.2644
2019:05:06 14:41:47 572739 413.4886
2019:05:06 14:41:47 573567 337.6678
2019:05:06 14:41:47 574841 499.7514
2019:05:06 14:41:47 575602 423.7741
2019:05:06 14:41:47 576409 349.3577
2019:05:06 14:41:47 577282 858.6943
2019:05:06 14:41:47 578049 758.2046
2019:05:06 14:41:47 578490 424.2919
2019:05:06 14:41:47 579287 423.0402
2019:05:06 14:41:47 580497 791.0542
2019:05:06 14:41:47 581427 916.2948
2019:05:06 14:41:47 582151 715.4681
2019:05:06 14:41:47 582651 482.6710
2019:05:06 14:41:47 583399 411.3466
2019:05:06 14:41:47 584221 361.9343
2019:05:06 14:41:47 585073 473.3950
2019:05:06 14:41:47 586234 809.9154
2019:05:06 14:41:47 587087 618.6627
2019:05:06 14:41:47 587939 462.2750
2019:05:06 14:41:47 588702 755.2505
2019:05:06 14:41:47 589523 800.4010
2019:05:06 14:41:47 590382 735.2345
2019:05:06 14:41:47 591141 751.5810
2019:05:06 14:41:47 591968 804.9756
2019:05:06 14:41:47 592565 194.6911
2019:05:06 14:41:47 593291 473.8569
2019:05:06 14:41:47 594040 421.8370
2019:05:06 14:41:47 594841 328.8127
2019:05:06 14:41:47 595730 871.2485
2019:05:06 14:41:47 596488 750.5715
2019:05:06 14:41:47 596951 449.9927
2019:05:06 14:41:47 605495 420.0265
2019:05:06 14:41:47 606414 480.6072
2019:05:06 14:41:47 607152 435.7658
2019:05:06 14:41:47 607942 782.9592
2019:05:06 14:41:47 608850 480.0893
2019:05:06 14:41:47 613270 395.7637
2019:05:06 14:41:47 614186 908.4716
2019:05:06 14:41:47 614913 718.8581
2019:05:06 14:41:47 615415 485.5506
2019:05:06 14:41:47 616159 412.9857
2019:05:06 14:41:47 617103 480.2905
2019:05:06 14:41:47 617839 719.3610
2019:05:06 14:41:47 618604 756.8486
2019:05:06 14:41:47 619063 445.7831
2019:05:06 14:41:47 619535 349.2907
2019:05:06 14:41:47 620284 453.1480
2019:05:06 14:41:47 625183 4424.6987
2019:05:06 14:41:47 625678 486.2957
2019:05:06 14:41:47 626414 433.3258
2019:05:06 14:41:47 627627 738.8145
2019:05:06 14:41:47 628432 799.3728
2019:05:06 14:41:47 629329 488.7395
2019:05:06 14:41:47 629677 341.1621
2019:05:06 14:41:47 630552 490.2035
2019:05:06 14:41:47 631313 408.8879
2019:05:06 14:41:47 632131 374.7493
2019:05:06 14:41:47 632972 445.8353
2019:05:06 14:41:47 637065 4087.0979
2019:05:06 14:41:47 637949 501.1596
2019:05:06 14:41:47 638685 424.2398
2019:05:06 14:41:47 639636 490.1849
2019:05:06 14:41:47 640371 719.0704
2019:05:06 14:41:47 641126 747.8334
2019:05:06 14:41:47 641595 454.5003
2019:05:06 14:41:47 641956 258.0844
2019:05:06 14:41:47 642809 455.6440
2019:05:06 14:41:47 643775 598.2742
2019:05:06 14:41:47 644495 711.6906
2019:05:06 14:41:47 648958 4152.0186
2019:05:06 14:41:47 649750 420.9578
2019:05:06 14:41:47 650148 268.4779
2019:05:06 14:41:47 650971 422.8689
2019:05:06 14:41:47 651780 412.3636
2019:05:06 14:41:47 652187 391.2225
2019:05:06 14:41:47 653008 426.2626
2019:05:06 14:41:47 657524 392.2135
2019:05:06 14:41:47 658072 148.1138
2019:05:06 14:41:47 658738 421.1590
2019:05:06 14:41:47 659164 413.3433
2019:05:06 14:41:47 659970 409.8825
2019:05:06 14:41:47 660366 380.2590
2019:05:06 14:41:47 664909 4519.7010
2019:05:06 14:41:47 665710 425.1860
2019:05:06 14:41:47 666267 160.4743
2019:05:06 14:41:47 666938 423.2265
2019:05:06 14:41:47 667753 416.1559
2019:05:06 14:41:47 668553 406.6080
2019:05:06 14:41:47 673103 4535.5633
2019:05:06 14:41:47 673887 774.8306
2019:05:06 14:41:47 674467 565.4655
2019:05:06 14:41:47 675132 656.9847
2019:05:06 14:41:47 675937 412.8218
2019:05:06 14:41:47 676747 408.1391
2019:05:06 14:41:47 689064 12302.5216
2019:05:06 14:41:47 689890 431.1502
2019:05:06 14:41:47 690691 413.9766
2019:05:06 14:41:47 691097 391.2561
2019:05:06 14:41:47 691929 428.6282
2019:05:06 14:41:47 692734 413.0974
2019:05:06 14:41:47 693142 394.2810
2019:05:06 14:41:47 693953 790.4992
2019:05:06 14:41:47 694382 414.6583
2019:05:06 14:41:47 695176 398.3192
2019:05:06 14:41:47 695996 802.2189
2019:05:06 14:41:47 696428 415.7051
2019:05:06 14:41:47 696987 163.5514
2019:05:06 14:41:47 697667 668.1047
2019:05:06 14:41:47 698471 407.5281
2019:05:06 14:41:47 699275 400.9679
2019:05:06 14:41:47 700100 810.8318
2019:05:06 14:41:47 700918 804.6962
2019:05:06 14:41:47 713217 12286.4246
2019:05:06 14:41:47 713637 271.5513
2019:05:06 14:41:47 714444 412.2518
2019:05:06 14:41:47 714869 411.5216
2019:05:06 14:41:47 715659 398.0547
2019:05:06 14:41:47 716483 811.8637
2019:05:06 14:41:47 716918 418.6779
2019:05:06 14:41:47 717472 163.0634
2019:05:06 14:41:47 718132 408.8804
2019:05:06 14:41:47 718952 417.4374
2019:05:06 14:41:47 719514 163.9202
2019:05:06 14:41:47 720178 423.2079
2019:05:06 14:41:47 720998 419.0095
2019:05:06 14:41:47 721422 409.5063
2019:05:06 14:41:47 721822 253.0999
2019:05:06 14:41:47 722644 426.2105
2019:05:06 14:41:47 723455 415.4481
2019:05:06 14:41:47 723855 385.5303
2019:05:06 14:41:47 724675 805.7728
2019:05:06 14:41:47 725119 420.0339
2019:05:06 14:41:47 725660 160.5041
2019:05:06 14:41:47 726325 417.9925
2019:05:06 14:41:47 727133 410.9889
2019:05:06 14:41:47 727709 168.0739
2019:05:06 14:41:47 728362 412.1177
2019:05:06 14:41:47 728787 411.7265
2019:05:06 14:41:47 729597 408.8655
2019:05:06 14:41:47 729995 252.8429
2019:05:06 14:41:47 730816 415.4779
2019:05:06 14:41:47 731244 414.3417
2019:05:06 14:41:47 731804 167.0904
2019:05:06 14:41:47 732462 414.0027
2019:05:06 14:41:47 733291 426.8289
2019:05:06 14:41:47 733849 550.2291
2019:05:06 14:41:47 734514 418.2011
2019:05:06 14:41:47 735333 417.1133
2019:05:06 14:41:47 735761 413.8127
2019:05:06 14:41:47 736568 424.3888
2019:05:06 14:41:47 748879 11916.2463
2019:05:06 14:41:47 749663 406.9954
2019:05:06 14:41:47 750238 171.4379
2019:05:06 14:41:47 750896 418.5475
2019:05:06 14:41:47 751721 422.9248
2019:05:06 14:41:47 752147 409.7559
2019:05:06 14:41:47 752930 413.0565
2019:05:06 14:41:47 753757 418.1825
2019:05:06 14:41:47 754174 398.4421
2019:05:06 14:41:47 754593 273.4102
2019:05:06 14:41:47 755422 424.3515
2019:05:06 14:41:47 756228 413.5557
2019:05:06 14:41:47 756626 381.9354
2019:05:06 14:41:47 757449 804.2306
2019:05:06 14:41:47 757876 401.5379
2019:05:06 14:41:47 758428 165.4550
2019:05:06 14:41:47 759099 427.5329
2019:05:06 14:41:47 759911 411.4173
2019:05:06 14:41:47 760331 404.2797
2019:05:06 14:41:47 760733 262.5361
2019:05:06 14:41:47 773420 405.2185
2019:05:06 14:41:47 774240 418.1005
2019:05:06 14:41:47 774803 548.7502
2019:05:06 14:41:47 775463 418.3128
2019:05:06 14:41:47 776287 415.6940
2019:05:06 14:41:47 776855 165.0862
2019:05:06 14:41:47 777540 422.4963
2019:05:06 14:41:47 778330 408.2434
2019:05:06 14:41:47 778756 410.4301
2019:05:06 14:41:47 779171 269.2565
2019:05:06 14:41:47 779991 424.6347
2019:05:06 14:41:47 780800 414.3678
2019:05:06 14:41:47 781219 403.4750
2019:05:06 14:41:47 782029 426.2924
2019:05:06 14:41:47 782836 418.1340
2019:05:06 14:41:47 783244 390.3657
2019:05:06 14:41:47 783672 410.8101
2019:05:06 14:41:47 784486 412.1177
2019:05:06 14:41:47 809066 24172.7196
2019:05:06 14:41:47 809617 535.9128
2019:05:06 14:41:47 810292 426.4228
2019:05:06 14:41:47 811104 415.1985
2019:05:06 14:41:47 811529 409.9756
2019:05:06 14:41:47 812352 435.3933
2019:05:06 14:41:47 813165 421.4495
2019:05:06 14:41:47 813587 404.5628
2019:05:06 14:41:47 814401 434.9872
2019:05:06 14:41:47 815203 408.9065
2019:05:06 14:41:47 815631 409.9794
2019:05:06 14:41:47 816449 433.8510
2019:05:06 14:41:47 817249 410.1098
2019:05:06 14:41:47 817678 415.5487
2019:05:06 14:41:47 818489 429.4217
2019:05:06 14:41:47 819293 407.8783
2019:05:06 14:41:47 819714 405.0508
2019:05:06 14:41:47 820531 425.8268
2019:05:06 14:41:47 821341 412.7361
2019:05:06 14:41:47 821785 419.8514
2019:05:06 14:41:47 822585 423.5134
2019:05:06 14:41:47 823397 416.9568
2019:05:06 14:41:47 823830 417.9664
2019:05:06 14:41:47 824634 424.0908
2019:05:06 14:41:47 825451 420.4474
2019:05:06 14:41:47 825861 391.4386
2019:05:06 14:41:47 826259 264.8272
2019:05:06 14:41:47 827085 431.4966
2019:05:06 14:41:47 827893 414.0176
2019:05:06 14:41:47 828299 390.5930
2019:05:06 14:41:47 829121 801.4962
2019:05:06 14:41:47 829555 403.2776
2019:05:06 14:41:47 830339 399.6938
2019:05:06 14:41:47 831163 805.2289
2019:05:06 14:41:47 831591 413.2055
2019:05:06 14:41:47 832388 404.4548
2019:05:06 14:41:47 833228 822.3504
2019:05:06 14:41:47 833645 405.1626
2019:05:06 14:41:47 834190 159.5579
2019:05:06 14:41:47 834865 421.1068
2019:05:06 14:41:47 835674 411.1193
2019:05:06 14:41:47 836098 408.7090
2019:05:06 14:41:47 836497 256.4490
2019:05:06 14:41:47 837319 422.8987
2019:05:06 14:41:47 838127 410.4935
2019:05:06 14:41:47 838554 413.7382
2019:05:06 14:41:47 839365 417.1431
2019:05:06 14:41:47 840180 414.0548
2019:05:06 14:41:47 840599 403.9295
2019:05:06 14:41:47 841425 415.7797
2019:05:06 14:41:47 842234 413.9505
2019:05:06 14:41:47 842650 402.4021
2019:05:06 14:41:47 843471 415.1613
2019:05:06 14:41:47 844275 414.2337
2019:05:06 14:41:47 844700 409.1002
2019:05:06 14:41:47 845522 411.5552
2019:05:06 14:41:47 846323 409.6143
2019:05:06 14:41:47 846737 398.6172
2019:05:06 14:41:47 847557 423.7592
2019:05:06 14:41:47 848365 415.0718
2019:05:06 14:41:47 848537 155.4973
2019:05:06 14:41:47 849202 421.4607
2019:05:06 14:41:47 850009 410.3184
2019:05:06 14:41:47 850576 552.3115
2019:05:06 14:41:47 851250 658.8288
2019:05:06 14:41:47 852063 416.0292
2019:05:06 14:41:47 852870 412.1587
2019:05:06 14:41:47 853703 817.1611
2019:05:06 14:41:47 854122 404.8310
2019:05:06 14:41:47 854914 403.2142
2019:05:06 14:41:47 855737 805.3705
2019:05:06 14:41:47 856160 409.4094
2019:05:06 14:41:47 856960 401.4038
2019:05:06 14:41:47 857790 813.9275
2019:05:06 14:41:47 858215 403.2552
2019:05:06 14:41:47 859009 404.0860
2019:05:06 14:41:47 859834 810.9361
2019:05:06 14:41:47 860270 417.5939
2019:05:06 14:41:47 861058 394.8137
2019:05:06 14:41:47 861881 811.3384
2019:05:06 14:41:47 862303 403.5272
2019:05:06 14:41:47 862867 160.7947
2019:05:06 14:41:47 863537 425.6293
2019:05:06 14:41:47 864346 410.7840
2019:05:06 14:41:47 864770 410.6015
2019:05:06 14:41:47 865184 263.2998
2019:05:06 14:41:47 865996 414.7515
2019:05:06 14:41:47 866802 413.1943
2019:05:06 14:41:47 867200 383.0530
2019:05:06 14:41:47 868019 800.9076
2019:05:06 14:41:47 868451 408.5824
2019:05:06 14:41:47 869017 174.5112
2019:05:06 14:41:47 869679 426.8251
2019:05:06 14:41:47 870493 414.4385
2019:05:06 14:41:47 870918 409.8862
2019:05:06 14:41:47 871329 267.6658
2019:05:06 14:41:47 872140 423.6773
2019:05:06 14:41:47 872943 413.5258
2019:05:06 14:41:47 873462 504.1547
2019:05:06 14:41:47 874312 842.0460
2019:05:06 14:41:47 875114 508.4462
2019:05:06 14:41:47 875832 427.8384
2019:05:06 14:41:47 876655 330.9958
2019:05:06 14:41:47 877542 493.2061
2019:05:06 14:41:47 878274 724.6882
2019:05:06 14:41:47 878767 476.0921
2019:05:06 14:41:47 879505 393.3907
2019:05:06 14:41:47 880717 747.9042
2019:05:06 14:41:47 881196 461.4294
2019:05:06 14:41:47 881956 415.1128
2019:05:06 14:41:47 882891 480.1638
2019:05:06 14:41:47 883392 195.9465
2019:05:06 14:41:47 884422 799.4808
2019:05:06 14:41:47 885326 480.7711
2019:05:06 14:41:47 886226 829.3726
2019:05:06 14:41:47 887295 802.1034
2019:05:06 14:41:47 887734 432.8787
2019:05:06 14:41:47 888527 415.8616
2019:05:06 14:41:47 889436 483.1776
2019:05:06 14:41:47 889750 260.9305
2019:05:06 14:41:47 890966 795.0664
2019:05:06 14:41:47 891876 485.8561
2019:05:06 14:41:47 892610 726.1708
2019:05:06 14:41:47 893099 475.6637
2019:05:06 14:41:47 893822 399.5113
2019:05:06 14:41:47 894643 806.2646
2019:05:06 14:41:47 895519 468.7235
2019:05:06 14:41:47 895883 261.3701
2019:05:06 14:41:47 897101 811.3161
2019:05:06 14:41:47 898089 570.3419
2019:05:06 14:41:47 898748 651.9966
2019:05:06 14:41:47 899622 466.6559
2019:05:06 14:41:47 900385 660.5834
2019:05:06 14:41:47 901622 801.9283
2019:05:06 14:41:47 902053 258.1067
2019:05:06 14:41:47 903262 735.5325
2019:05:06 14:41:47 904066 795.8710
2019:05:06 14:41:47 904958 877.9280
2019:05:06 14:41:47 905723 757.0498
2019:05:06 14:41:47 906185 444.3675
2019:05:06 14:41:47 906951 414.3752
2019:05:06 14:41:47 907870 479.0835
2019:05:06 14:41:47 908182 263.3184
2019:05:06 14:41:47 909387 783.0076
2019:05:06 14:41:47 910053 647.8056
2019:05:06 14:41:47 911082 762.3397
2019:05:06 14:41:47 911852 762.9097
2019:05:06 14:41:47 912298 427.8272
2019:05:06 14:41:47 913084 778.2951
2019:05:06 14:41:47 914000 480.9201
2019:05:06 14:41:47 914328 261.3254
2019:05:06 14:41:47 915229 498.9021
2019:05:06 14:41:47 915966 409.1449
2019:05:06 14:41:47 916447 258.7438
2019:05:06 14:41:47 925061 8279.0740
2019:05:06 14:41:47 925805 413.6078
2019:05:06 14:41:47 926601 340.7560
2019:05:06 14:41:47 927479 863.4515
2019:05:06 14:41:47 928240 753.1680
2019:05:06 14:41:47 928697 442.9929
2019:05:06 14:41:47 929907 739.2094
2019:05:06 14:41:47 930689 774.1526
2019:05:06 14:41:47 931608 898.4618
2019:05:06 14:41:47 932339 723.0639
2019:05:06 14:41:47 932831 474.9782
2019:05:06 14:41:47 934109 926.5840
2019:05:06 14:41:47 934827 421.6507
2019:05:06 14:41:47 935616 781.7559
2019:05:06 14:41:47 936527 479.5045
2019:05:06 14:41:47 936867 274.4459
2019:05:06 14:41:47 937744 483.7774
2019:05:06 14:41:47 938490 424.9029
2019:05:06 14:41:47 939295 579.4689
2019:05:06 14:41:47 940177 476.4535
2019:05:06 14:41:47 940923 738.7660
2019:05:06 14:41:47 949224 8284.3639
2019:05:06 14:41:47 949958 412.4045
2019:05:06 14:41:47 950780 351.6153
2019:05:06 14:41:47 951190 256.9258
2019:05:06 14:41:47 952394 753.8237
2019:05:06 14:41:47 952868 457.5849
2019:05:06 14:41:47 953628 634.8640
2019:05:06 14:41:47 954088 444.4309
2019:05:06 14:41:47 955293 734.3367
2019:05:06 14:41:47 956098 796.6124
2019:05:06 14:41:47 956987 474.0134
2019:05:06 14:41:47 958142 824.1273
2019:05:06 14:41:47 958958 805.1246
2019:05:06 14:41:47 959392 258.3377
2019:05:06 14:41:47 960594 728.6929
2019:05:06 14:41:47 961095 489.1939
2019:05:06 14:41:47 961836 420.9615
2019:05:06 14:41:47 962657 355.4486
2019:05:06 14:41:47 963267 213.5709
2019:05:06 14:41:47 963885 371.7020
2019:05:06 14:41:47 964728 445.2169
2019:05:06 14:41:47 972919 8183.7401
2019:05:06 14:41:47 973800 494.7223
2019:05:06 14:41:47 974531 722.9708
2019:05:06 14:41:47 975340 801.7719
2019:05:06 14:41:47 975752 247.3742
2019:05:06 14:41:47 976575 340.2382
2019:05:06 14:41:47 977454 483.1590
2019:05:06 14:41:47 977820 357.8253
2019:05:06 14:41:47 978676 458.6540
2019:05:06 14:41:47 979882 837.2776
2019:05:06 14:41:47 980669 778.8315
2019:05:06 14:41:47 997141 16041.9568
2019:05:06 14:41:47 997873 722.5275
2019:05:06 14:41:47 998359 467.7698
2019:05:06 14:41:47 999103 736.0615
2019:05:06 14:41:47 999583 462.8785
2019:05:06 14:41:48 318 393.1820
2019:05:06 14:41:48 8956 8620.0982
2019:05:06 14:41:48 9756 790.6705
2019:05:06 14:41:48 10649 492.3530
2019:05:06 14:41:48 11385 728.6407
2019:05:06 14:41:48 11870 466.4287
2019:05:06 14:41:48 12620 398.5837
2019:05:06 14:41:48 13441 369.4519
2019:05:06 14:41:48 14298 465.8662
2019:05:06 14:41:48 14668 258.9040
2019:05:06 14:41:48 15507 441.3612
2019:05:06 14:41:48 16293 778.1535
2019:05:06 14:41:48 16720 236.9992
2019:05:06 14:41:48 18232 1026.2430
2019:05:06 14:41:48 18513 273.7306
2019:05:06 14:41:48 19223 467.3563
2019:05:06 14:41:48 19993 420.6561
2019:05:06 14:41:48 20801 359.5762
2019:05:06 14:41:48 21661 844.2774
2019:05:06 14:41:48 22443 773.0536
2019:05:06 14:41:48 22875 238.3105
2019:05:06 14:41:48 24099 739.6676
2019:05:06 14:41:48 24888 780.7240
2019:05:06 14:41:48 44987 20081.5983
2019:05:06 14:41:48 45805 588.8194
2019:05:06 14:41:48 46663 462.4501
2019:05:06 14:41:48 47181 172.7529
2019:05:06 14:41:48 48242 802.6920
2019:05:06 14:41:48 49094 450.1902
2019:05:06 14:41:48 49591 369.3476
2019:05:06 14:41:48 50332 451.2779
2019:05:06 14:41:48 51297 491.2242
2019:05:06 14:41:48 52030 725.4295
2019:05:06 14:41:48 52754 716.2057
2019:05:06 14:41:48 53253 484.8130
2019:05:06 14:41:48 53990 414.8148
2019:05:06 14:41:48 54794 409.3647
2019:05:06 14:41:48 55220 411.0187
2019:05:06 14:41:48 55626 260.9156
2019:05:06 14:41:48 56445 420.7604
2019:05:06 14:41:48 57251 415.1687
2019:05:06 14:41:48 57672 406.7980
2019:05:06 14:41:48 58492 423.5432
2019:05:06 14:41:48 59295 410.0688
2019:05:06 14:41:48 59704 383.8539
2019:05:06 14:41:48 60523 801.2354
2019:05:06 14:41:48 60950 410.6574
2019:05:06 14:41:48 85514 374.0229
2019:05:06 14:41:48 86078 160.0906
2019:05:06 14:41:48 86761 666.8158
2019:05:06 14:41:48 87564 796.7837
2019:05:06 14:41:48 87992 411.9985
2019:05:06 14:41:48 88391 259.2988
2019:05:06 14:41:48 89211 424.6272
2019:05:06 14:41:48 90012 408.1801
2019:05:06 14:41:48 90422 396.6726
2019:05:06 14:41:48 91242 805.9070
2019:05:06 14:41:48 91669 414.4944
2019:05:06 14:41:48 92473 395.0819
2019:05:06 14:41:48 93301 813.1862
2019:05:06 14:41:48 93727 413.2204
2019:05:06 14:41:48 94520 403.9444
2019:05:06 14:41:48 95342 805.1507
2019:05:06 14:41:48 95768 411.7601
2019:05:06 14:41:48 96324 159.2450
2019:05:06 14:41:48 96991 418.2868
2019:05:06 14:41:48 121164 267.4423
2019:05:06 14:41:48 121985 417.5380
2019:05:06 14:41:48 122783 407.0103
2019:05:06 14:41:48 123207 410.3445
2019:05:06 14:41:48 124015 801.2988
2019:05:06 14:41:48 124443 413.0565
2019:05:06 14:41:48 125243 407.5691
2019:05:06 14:41:48 126059 801.9656
2019:05:06 14:41:48 126488 413.3359
2019:05:06 14:41:48 127288 398.7849
2019:05:06 14:41:48 128109 804.8229
2019:05:06 14:41:48 128535 409.4429
2019:05:06 14:41:48 129093 162.5232
2019:05:06 14:41:48 129752 413.2949
2019:05:06 14:41:48 130566 410.0651
2019:05:06 14:41:48 130991 409.0741
2019:05:06 14:41:48 131410 270.9329
2019:05:06 14:41:48 132223 418.1340
2019:05:06 14:41:48 133031 409.1598
2019:05:06 14:41:48 145317 12272.9167
2019:05:06 14:41:48 145725 390.4104
2019:05:06 14:41:48 146156 414.9899
2019:05:06 14:41:48 146962 405.8853
2019:05:06 14:41:48 147384 406.2876
2019:05:06 14:41:48 147790 258.4457
2019:05:06 14:41:48 148609 414.4348
2019:05:06 14:41:48 149420 413.1421
2019:05:06 14:41:48 149813 377.0292
2019:05:06 14:41:48 150636 807.2183
2019:05:06 14:41:48 151449 798.6762
2019:05:06 14:41:48 151862 395.9276
2019:05:06 14:41:48 152678 800.0582
2019:05:06 14:41:48 153504 812.5268
2019:05:06 14:41:48 153914 397.6785
2019:05:06 14:41:48 154733 804.1896
2019:05:06 14:41:48 155552 804.4019
2019:05:06 14:41:48 155963 395.2086
2019:05:06 14:41:48 156779 800.5798
2019:05:06 14:41:48 169108 12313.0679
2019:05:06 14:41:48 169909 421.3452
2019:05:06 14:41:48 170327 274.1739
2019:05:06 14:41:48 171137 419.6092
2019:05:06 14:41:48 171941 407.1705
2019:05:06 14:41:48 172350 393.3385
2019:05:06 14:41:48 173176 802.0401
2019:05:06 14:41:48 173601 405.8965
2019:05:06 14:41:48 174385 406.3174
2019:05:06 14:41:48 175205 804.1933
2019:05:06 14:41:48 176028 809.2858
2019:05:06 14:41:48 176433 388.5292
2019:05:06 14:41:48 177257 809.3677
2019:05:06 14:41:48 178074 800.5276
2019:05:06 14:41:48 178489 398.9004
2019:05:06 14:41:48 179309 804.9645
2019:05:06 14:41:48 179734 408.4744
2019:05:06 14:41:48 180529 397.2910
2019:05:06 14:41:48 193252 12709.7964
2019:05:06 14:41:48 194049 780.3924
2019:05:06 14:41:48 194480 405.2781
2019:05:06 14:41:48 194906 287.9091
2019:05:06 14:41:48 195730 425.2270
2019:05:06 14:41:48 196530 411.8346
2019:05:06 14:41:48 196933 386.1971
2019:05:06 14:41:48 197765 433.7393
2019:05:06 14:41:48 198561 415.0756
2019:05:06 14:41:48 198981 405.0322
2019:05:06 14:41:48 199789 791.9930
2019:05:06 14:41:48 200224 415.9473
2019:05:06 14:41:48 201009 391.5504
2019:05:06 14:41:48 201829 802.7777
2019:05:06 14:41:48 202647 801.0566
2019:05:06 14:41:48 203057 392.7983
2019:05:06 14:41:48 203876 802.1481
2019:05:06 14:41:48 204308 418.2272
2019:05:06 14:41:48 204858 158.6415
2019:05:06 14:41:48 205525 417.2400
2019:05:06 14:41:48 206352 417.3517
2019:05:06 14:41:48 206914 550.3632
2019:05:06 14:41:48 207583 657.9459
2019:05:06 14:41:48 208391 793.2223
2019:05:06 14:41:48 209204 801.0715
2019:05:06 14:41:48 210026 806.3018
2019:05:06 14:41:48 210450 407.7032
2019:05:06 14:41:48 211248 397.1308
2019:05:06 14:41:48 212068 803.9400
2019:05:06 14:41:48 212494 412.0208
2019:05:06 14:41:48 213047 157.9747
2019:05:06 14:41:48 213744 681.5419
2019:05:06 14:41:48 214547 795.3346
2019:05:06 14:41:48 215346 791.6465
2019:05:06 14:41:48 216167 805.7542
2019:05:06 14:41:48 216599 415.3848
2019:05:06 14:41:48 217143 156.5591
2019:05:06 14:41:48 217818 405.6059
2019:05:06 14:41:48 218637 417.3219
2019:05:06 14:41:48 219201 548.7874
2019:05:06 14:41:48 219877 661.9766
2019:05:06 14:41:48 220685 799.1455
2019:05:06 14:41:48 221253 553.3732
2019:05:06 14:41:48 221911 642.7057
2019:05:06 14:41:48 222327 404.3728
2019:05:06 14:41:48 223150 418.8456
2019:05:06 14:41:48 223537 370.0778
2019:05:06 14:41:48 224358 777.8220
2019:05:06 14:41:48 224793 410.6984
2019:05:06 14:41:48 225340 149.6635
2019:05:06 14:41:48 226028 428.1774
2019:05:06 14:41:48 226832 413.5966
2019:05:06 14:41:48 227267 412.5983
2019:05:06 14:41:48 227677 270.9106
2019:05:06 14:41:48 228497 426.2067
2019:05:06 14:41:48 229279 394.1990
2019:05:06 14:41:48 229695 262.7000
2019:05:06 14:41:48 230506 409.6329
2019:05:06 14:41:48 230933 410.5419
2019:05:06 14:41:48 231485 162.1321
2019:05:06 14:41:48 232150 416.6253
2019:05:06 14:41:48 232964 412.4902
2019:05:06 14:41:48 233401 422.3026
2019:05:06 14:41:48 233796 259.9210
2019:05:06 14:41:48 234608 418.2979
2019:05:06 14:41:48 235422 411.3726
2019:05:06 14:41:48 235834 261.1354
2019:05:06 14:41:48 236654 413.3917
2019:05:06 14:41:48 237470 409.9645
2019:05:06 14:41:48 237887 402.8454
2019:05:06 14:41:48 238705 420.8013
2019:05:06 14:41:48 239531 425.6554
2019:05:06 14:41:48 239936 398.5129
2019:05:06 14:41:48 240760 412.4753
2019:05:06 14:41:48 241577 409.2418
2019:05:06 14:41:48 241995 270.2437
2019:05:06 14:41:48 242808 417.8174
2019:05:06 14:41:48 243614 413.4998
2019:05:06 14:41:48 244021 392.2582
2019:05:06 14:41:48 244838 801.0417
2019:05:06 14:41:48 245267 413.0267
2019:05:06 14:41:48 245815 155.2589
2019:05:06 14:41:48 246482 417.9887
2019:05:06 14:41:48 247308 420.7715
2019:05:06 14:41:48 247873 160.2881
2019:05:06 14:41:48 248530 419.1697
2019:05:06 14:41:48 249355 417.5305
2019:05:06 14:41:48 249912 541.2288
2019:05:06 14:41:48 250571 413.0974
2019:05:06 14:41:48 251392 413.8276
2019:05:06 14:41:48 251824 413.7829
2019:05:06 14:41:48 252235 264.1045
2019:05:06 14:41:48 253068 435.4492
2019:05:06 14:41:48 253864 421.5576
2019:05:06 14:41:48 254271 394.1730
2019:05:06 14:41:48 255099 430.9900
2019:05:06 14:41:48 255902 413.6525
2019:05:06 14:41:48 256332 417.2288
2019:05:06 14:41:48 257150 414.7738
2019:05:06 14:41:48 266267 569.2467
2019:05:06 14:41:48 266592 289.1086
2019:05:06 14:41:48 267503 528.0748
2019:05:06 14:41:48 270147 2339.9703
2019:05:06 14:41:48 270663 302.9518
2019:05:06 14:41:48 271873 766.9404
2019:05:06 14:41:48 272338 448.8043
2019:05:06 14:41:48 273126 423.2228
2019:05:06 14:41:48 274030 479.6386
2019:05:06 14:41:48 274763 420.2649
2019:05:06 14:41:48 275579 799.8832
2019:05:06 14:41:48 276461 467.3451
2019:05:06 14:41:48 277249 459.4810
2019:05:06 14:41:48 278046 357.7434
2019:05:06 14:41:48 278899 464.6778
2019:05:06 14:41:48 279664 757.2696
2019:05:06 14:41:48 280123 437.8520
2019:05:06 14:41:48 280930 334.0915
2019:05:06 14:41:48 282293 964.8129
2019:05:06 14:41:48 283123 573.0391
2019:05:06 14:41:48 283846 496.7153
2019:05:06 14:41:48 284593 409.4727
2019:05:06 14:41:48 285391 581.4210
