
# OSU MPI Allreduce Latency Test v5.6.1
# Size       Avg Latency(us)
4096                11321.57
2019:05:06 15:02:44 492987 1229.1968
2019:05:06 15:02:44 518874 1518.9946
2019:05:06 15:02:44 520012 1129.3329
2019:05:06 15:02:44 520926 513.5164
2019:05:06 15:02:44 557368 36136.9289
2019:05:06 15:02:44 645355 47989.2716
2019:05:06 15:02:44 693368 48003.5543
2019:05:06 15:02:44 737525 4168.6147
2019:05:06 15:02:44 739118 815.3096
2019:05:06 15:02:44 739950 821.6091
2019:05:06 15:02:44 741178 827.8824
2019:05:06 15:02:44 774118 4762.5825
2019:05:06 15:02:44 775528 985.4212
2019:05:06 15:02:44 776177 639.1332
2019:05:06 15:02:44 817364 40775.2804
2019:05:06 15:02:44 823770 2036.6833
2019:05:06 15:02:44 824993 812.8770
2019:05:06 15:02:44 869654 4295.3491
2019:05:06 15:02:44 872646 2611.6408
2019:05:06 15:02:44 913368 40710.4976
2019:05:06 15:02:44 918949 1191.7390
2019:05:06 15:02:44 920583 808.4178
2019:05:06 15:02:44 961384 40390.0109
2019:05:06 15:02:44 967233 823.5611
2019:05:06 15:02:44 968448 811.7631
2019:05:06 15:02:45 9357 40501.8441
2019:05:06 15:02:45 15549 6181.6722
2019:05:06 15:02:45 16780 828.5120
2019:05:06 15:02:45 61369 44189.6208
2019:05:06 15:02:45 64059 814.7918
2019:05:06 15:02:45 64898 828.5046
2019:05:06 15:02:45 66116 813.4395
2019:05:06 15:02:45 67333 818.7927
2019:05:06 15:02:45 68162 812.2735
2019:05:06 15:02:45 101359 32799.7841
2019:05:06 15:02:45 141367 39999.9730
2019:05:06 15:02:45 144856 1618.7690
2019:05:06 15:02:45 181357 36489.6730
2019:05:06 15:02:45 221367 40001.3663
2019:05:06 15:02:45 301358 39999.1572
2019:05:06 15:02:45 302671 1304.2949
2019:05:06 15:02:45 304698 813.7338
2019:05:06 15:02:45 305557 848.4274
2019:05:06 15:02:45 307154 821.8512
2019:05:06 15:02:45 307980 810.7424
2019:05:06 15:02:45 308819 828.2736
2019:05:06 15:02:45 341373 32166.5108
2019:05:06 15:02:45 344033 1234.4271
2019:05:06 15:02:45 345258 818.4426
2019:05:06 15:02:45 421360 39994.0722
2019:05:06 15:02:45 422830 1460.1275
2019:05:06 15:02:45 424056 838.8422
2019:05:06 15:02:45 425698 1258.6862
2019:05:06 15:02:45 426908 814.7471
2019:05:06 15:02:45 428134 828.0240
2019:05:06 15:02:45 461355 32824.0320
2019:05:06 15:02:45 501373 40008.5151
2019:05:06 15:02:45 504077 1216.1843
2019:05:06 15:02:45 504916 829.7078
2019:05:06 15:02:45 541367 36042.2656
2019:05:06 15:02:45 570441 1080.7738
2019:05:06 15:02:45 571682 831.4997
2019:05:06 15:02:45 572907 828.2252
2019:05:06 15:02:45 609375 36070.9205
2019:05:06 15:02:45 653363 27997.5496
2019:05:06 15:02:45 677381 24011.6529
2019:05:06 15:02:45 694832 1204.4087
2019:05:06 15:02:45 695659 813.7003
2019:05:06 15:02:45 696492 755.1052
2019:05:06 15:02:45 713371 16488.9209
2019:05:06 15:02:45 715071 833.9733
2019:05:06 15:02:45 716684 819.5601
2019:05:06 15:02:45 717520 809.2299
2019:05:06 15:02:45 757629 4266.8097
2019:05:06 15:02:45 759657 1234.6618
2019:05:06 15:02:45 760903 835.5379
2019:05:06 15:02:45 833357 39999.8836
2019:05:06 15:02:45 838716 5347.8442
2019:05:06 15:02:45 840342 814.2628
2019:05:06 15:02:45 873366 32610.0923
2019:05:06 15:02:45 925367 51992.5579
2019:05:06 15:02:46 9357 39994.1802
2019:05:06 15:02:46 49369 40000.5654
2019:05:06 15:02:46 50901 837.1845
2019:05:06 15:02:46 52524 819.0200
2019:05:06 15:02:46 88025 35099.2084
2019:05:06 15:02:46 109373 21339.3345
2019:05:06 15:02:46 189365 40008.0718
2019:05:06 15:02:46 190228 854.7679
2019:05:06 15:02:46 191439 829.2757
2019:05:06 15:02:46 192665 827.5621
2019:05:06 15:02:46 193515 453.2337
2019:05:06 15:02:46 195950 1242.3806
2019:05:06 15:02:46 197178 823.2407
2019:05:06 15:02:46 269354 39993.9902
2019:05:06 15:02:46 271214 1849.7817
2019:05:06 15:02:46 272039 815.6896
2019:05:06 15:02:46 272860 815.0227
2019:05:06 15:02:46 309369 36107.5215
2019:05:06 15:02:46 393356 43997.3660
2019:05:06 15:02:46 433369 40006.2017
2019:05:06 15:02:46 434971 1243.0549
2019:05:06 15:02:46 436208 834.6997
2019:05:06 15:02:46 473359 36764.7000
2019:05:06 15:02:46 478390 5023.7924
2019:05:06 15:02:46 480006 787.7275
2019:05:06 15:02:46 480844 823.8032
2019:05:06 15:02:46 553355 39998.0471
2019:05:06 15:02:46 557979 4613.4405
2019:05:06 15:02:46 559609 807.4865
2019:05:06 15:02:46 561259 1236.2562
2019:05:06 15:02:46 613358 20000.6366
2019:05:06 15:02:46 653375 40008.0085
2019:05:06 15:02:46 655892 849.2954
2019:05:06 15:02:46 657111 832.7253
2019:05:06 15:02:46 733356 39999.0939
2019:05:06 15:02:46 773367 39998.8107
2019:05:06 15:02:46 814850 1490.9133
2019:05:06 15:02:46 816472 1229.2638
2019:05:06 15:02:46 817300 813.0260
2019:05:06 15:02:46 819336 1615.8819
2019:05:06 15:02:46 820560 810.8355
2019:05:06 15:02:46 853367 32388.6685
2019:05:06 15:02:46 895196 1838.3227
2019:05:06 15:02:46 895996 783.5701
2019:05:06 15:02:46 897244 814.7918
2019:05:06 15:02:46 933361 36105.6738
2019:05:06 15:02:47 13354 39998.1104
2019:05:06 15:02:47 53372 40008.3996
2019:05:06 15:02:47 55190 1210.1308
2019:05:06 15:02:47 56016 815.1941
2019:05:06 15:02:47 57251 829.7451
2019:05:06 15:02:47 59703 2040.0919
2019:05:06 15:02:47 117357 56840.5837
2019:05:06 15:02:47 123365 5999.6583
2019:05:06 15:02:47 124593 822.4808
2019:05:06 15:02:47 157379 32771.1143
2019:05:06 15:02:47 198728 1370.3816
2019:05:06 15:02:47 200378 1241.4865
2019:05:06 15:02:47 201631 841.5990
2019:05:06 15:02:47 204060 824.7420
2019:05:06 15:02:47 237362 32896.0456
2019:05:06 15:02:47 277368 39994.9215
2019:05:06 15:02:47 280147 1241.0916
2019:05:06 15:02:47 309367 27995.5566
2019:05:06 15:02:47 343008 1650.9704
2019:05:06 15:02:47 343743 708.2112
2019:05:06 15:02:47 345038 800.8517
2019:05:06 15:02:47 346288 1226.9542
2019:05:06 15:02:47 347815 1120.3140
2019:05:06 15:02:47 349146 829.7861
2019:05:06 15:02:47 374955 1601.4464
2019:05:06 15:02:47 376982 1640.5880
2019:05:06 15:02:47 405355 28360.8772
2019:05:06 15:02:47 437366 32001.8120
2019:05:06 15:02:47 439889 829.8643
2019:05:06 15:02:47 441515 1228.8839
2019:05:06 15:02:47 443558 1626.7411
2019:05:06 15:02:47 444799 832.5316
2019:05:06 15:02:47 470527 25316.7525
2019:05:06 15:02:47 471775 831.4289
2019:05:06 15:02:47 473419 849.2656
2019:05:06 15:02:47 541354 39997.4138
2019:05:06 15:02:47 581372 40008.6269
2019:05:06 15:02:47 584230 1215.9310
2019:05:06 15:02:47 585056 804.9309
2019:05:06 15:02:47 586298 1176.3647
2019:05:06 15:02:47 587176 484.0009
2019:05:06 15:02:47 588327 826.0272
2019:05:06 15:02:47 589224 495.5754
2019:05:06 15:02:47 661355 39989.1399
2019:05:06 15:02:47 663705 2338.9757
2019:05:06 15:02:47 664922 834.1148
2019:05:06 15:02:47 701367 36046.1622
2019:05:06 15:02:47 707055 1616.2768
2019:05:06 15:02:47 707877 810.7275
2019:05:06 15:02:47 709103 829.5812
2019:05:06 15:02:47 737932 4576.3329
2019:05:06 15:02:47 739944 1609.1764
2019:05:06 15:02:47 765369 25007.3075
2019:05:06 15:02:47 833361 36004.0106
2019:05:06 15:02:47 865369 31999.6104
2019:05:06 15:02:47 929363 32000.0909
2019:05:06 15:02:47 961369 31999.1596
2019:05:06 15:02:48 2325 962.8385
2019:05:06 15:02:48 3766 1431.7334
2019:05:06 15:02:48 4987 820.2121
2019:05:06 15:02:48 7045 1649.5362
2019:05:06 15:02:48 8674 820.4766
2019:05:06 15:02:48 41367 32280.4563
2019:05:06 15:02:48 81620 4262.3729
2019:05:06 15:02:48 83217 1211.5687
2019:05:06 15:02:48 84047 819.0200
2019:05:06 15:02:48 117355 32887.5147
2019:05:06 15:02:48 147388 30023.0421
2019:05:06 15:02:48 148325 826.9064
2019:05:06 15:02:48 149148 741.4781
2019:05:06 15:02:48 150788 1233.7081
2019:05:06 15:02:48 152012 817.1573
2019:05:06 15:02:48 153239 820.6256
2019:05:06 15:02:48 193422 4059.7431
2019:05:06 15:02:48 195044 845.6893
2019:05:06 15:02:48 196254 825.9043
2019:05:06 15:02:48 221366 24712.5663
2019:05:06 15:02:48 227788 2034.1016
2019:05:06 15:02:48 228997 821.0540
2019:05:06 15:02:48 253372 24365.6747
2019:05:06 15:02:48 291666 2025.4143
2019:05:06 15:02:48 292476 803.3030
2019:05:06 15:02:48 317369 24491.1201
2019:05:06 15:02:48 324148 2383.7537
2019:05:06 15:02:48 324980 820.7522
2019:05:06 15:02:48 389355 39993.9679
2019:05:06 15:02:48 394973 5609.3000
2019:05:06 15:02:48 396601 1185.0037
2019:05:06 15:02:48 429365 32338.2430
2019:05:06 15:02:48 509354 39998.9337
2019:05:06 15:02:48 510604 1239.8772
2019:05:06 15:02:48 511842 818.4053
2019:05:06 15:02:48 513481 1240.4434
2019:05:06 15:02:48 577355 31983.4836
2019:05:06 15:02:48 609377 32013.3753
2019:05:06 15:02:48 673355 31993.5866
2019:05:06 15:02:48 705374 32009.8847
2019:05:06 15:02:48 777356 39993.0105
2019:05:06 15:02:48 779391 2022.7693
2019:05:06 15:02:48 780225 811.3421
2019:05:06 15:02:48 781055 472.2401
2019:05:06 15:02:48 827739 2381.7308
2019:05:06 15:02:48 828554 799.2722
2019:05:06 15:02:48 873360 44405.9446
2019:05:06 15:02:48 874972 1604.6874
2019:05:06 15:02:48 876202 816.9897
2019:05:06 15:02:48 913355 36742.3594
2019:05:06 15:02:48 953371 40006.8685
2019:05:06 15:02:48 987295 1929.8680
2019:05:06 15:02:48 988525 1215.0109
2019:05:06 15:02:49 25355 36431.5286
2019:05:06 15:02:49 61374 36010.2765
2019:05:06 15:02:49 66843 1410.3651
2019:05:06 15:02:49 68066 827.5807
2019:05:06 15:02:49 69295 828.2252
2019:05:06 15:02:49 141355 39993.4500
2019:05:06 15:02:49 181375 40009.5060
2019:05:06 15:02:49 226339 4981.4284
2019:05:06 15:02:49 227553 839.5687
2019:05:06 15:02:49 228775 815.1643
2019:05:06 15:02:49 261369 32199.0922
2019:05:06 15:02:49 306118 4760.2765
2019:05:06 15:02:49 307722 793.1404
2019:05:06 15:02:49 308548 816.6097
2019:05:06 15:02:49 341375 32426.1524
2019:05:06 15:02:49 421355 39997.7490
2019:05:06 15:02:49 422522 1159.3364
2019:05:06 15:02:49 423751 829.0745
2019:05:06 15:02:49 424967 819.8097
2019:05:06 15:02:49 461364 36385.9460
2019:05:06 15:02:49 466606 5233.8541
2019:05:06 15:02:49 468224 814.9333
2019:05:06 15:02:49 469051 811.3235
2019:05:06 15:02:49 541356 39997.3467
2019:05:06 15:02:49 547483 6116.6771
2019:05:06 15:02:49 548735 827.1597
2019:05:06 15:02:49 581370 32229.0771
2019:05:06 15:02:49 661357 39999.1795
2019:05:06 15:02:49 662643 1276.2062
2019:05:06 15:02:49 663430 777.5314
2019:05:06 15:02:49 664693 824.0081
2019:05:06 15:02:49 665481 778.5298
2019:05:06 15:02:49 706884 1528.8815
2019:05:06 15:02:49 707717 822.5180
2019:05:06 15:02:49 708936 810.1501
2019:05:06 15:02:49 710166 824.1981
2019:05:06 15:02:49 712201 809.1740
2019:05:06 15:02:49 713032 816.9860
2019:05:06 15:02:49 785363 40001.2061
2019:05:06 15:02:49 786895 1524.2882
2019:05:06 15:02:49 788143 826.3588
2019:05:06 15:02:49 789377 833.6455
2019:05:06 15:02:49 857354 37977.9711
2019:05:06 15:02:49 897368 40006.3694
2019:05:06 15:02:49 899715 816.0882
2019:05:06 15:02:49 900538 806.3391
2019:05:06 15:02:49 901771 828.2699
2019:05:06 15:02:49 903005 834.9717
2019:05:06 15:02:49 904218 1079.3433
2019:05:06 15:02:49 905043 814.0244
2019:05:06 15:02:49 937371 32175.5968
2019:05:06 15:02:49 979033 1676.2614
2019:05:06 15:02:49 979862 811.9307
2019:05:06 15:02:50 17362 36698.1328
2019:05:06 15:02:50 57367 39997.8496
2019:05:06 15:02:50 117356 39987.7988
2019:05:06 15:02:50 122845 5480.0250
2019:05:06 15:02:50 124068 811.0255
2019:05:06 15:02:50 125306 836.4208
2019:05:06 15:02:50 197355 39998.9933
2019:05:06 15:02:50 237368 40003.6387
2019:05:06 15:02:50 239786 1216.8847
2019:05:06 15:02:50 240614 815.6374
2019:05:06 15:02:50 241434 751.8418
2019:05:06 15:02:50 281511 4146.6951
2019:05:06 15:02:50 283921 832.2895
2019:05:06 15:02:50 285148 827.6999
2019:05:06 15:02:50 357356 39995.3835
2019:05:06 15:02:50 358726 1362.5361
2019:05:06 15:02:50 360379 830.9856
2019:05:06 15:02:50 397363 36979.1798
2019:05:06 15:02:50 402569 5197.5846
2019:05:06 15:02:50 403401 718.9326
2019:05:06 15:02:50 404621 831.5854
2019:05:06 15:02:50 437365 32633.2487
2019:05:06 15:02:50 481461 4103.7314
2019:05:06 15:02:50 483071 821.1285
2019:05:06 15:02:50 484300 822.0635
2019:05:06 15:02:50 517364 32663.3863
2019:05:06 15:02:50 548314 940.1180
2019:05:06 15:02:50 548876 551.5404
2019:05:06 15:02:50 550772 1228.2766
2019:05:06 15:02:50 552004 1220.6547
2019:05:06 15:02:50 552831 803.8320
2019:05:06 15:02:50 625355 39992.8950
2019:05:06 15:02:50 627265 1900.8629
2019:05:06 15:02:50 628512 837.0951
2019:05:06 15:02:50 665355 36441.5683
2019:05:06 15:02:50 705365 39999.8836
2019:05:06 15:02:50 785355 39994.4223
2019:05:06 15:02:50 787386 2023.9130
2019:05:06 15:02:50 789014 1218.3227
2019:05:06 15:02:50 791469 1631.7070
2019:05:06 15:02:50 792684 811.8525
2019:05:06 15:02:50 817439 24744.0115
2019:05:06 15:02:50 819772 1144.7035
2019:05:06 15:02:50 821090 831.0862
2019:05:06 15:02:50 849367 27559.9621
2019:05:06 15:02:50 883362 2004.2546
2019:05:06 15:02:50 884585 844.0726
2019:05:06 15:02:50 885809 811.6625
2019:05:06 15:02:50 887428 812.3964
2019:05:06 15:02:50 887932 493.0571
2019:05:06 15:02:50 889081 834.8897
2019:05:06 15:02:50 917371 27893.0254
2019:05:06 15:02:50 962064 8707.0540
2019:05:06 15:02:50 964107 822.9353
2019:05:06 15:02:50 989358 24839.6173
2019:05:06 15:02:51 21368 32002.3224
2019:05:06 15:02:51 27261 1631.2674
2019:05:06 15:02:51 28469 821.4377
2019:05:06 15:02:51 53371 24501.7186
2019:05:06 15:02:51 59607 1619.8941
2019:05:06 15:02:51 60812 815.8945
2019:05:06 15:02:51 133356 39997.4547
2019:05:06 15:02:51 173367 40003.0687
2019:05:06 15:02:51 175968 1629.8704
2019:05:06 15:02:51 177193 809.4423
2019:05:06 15:02:51 213371 36166.6679
2019:05:06 15:02:51 218842 1182.5189
2019:05:06 15:02:51 220481 828.6312
2019:05:06 15:02:51 253366 32484.1365
2019:05:06 15:02:51 297561 4203.8970
2019:05:06 15:02:51 299566 1643.5236
2019:05:06 15:02:51 300815 856.9397
2019:05:06 15:02:51 357365 32001.6071
2019:05:06 15:02:51 362817 5444.1802
2019:05:06 15:02:51 364048 805.0688
2019:05:06 15:02:51 365276 800.2892
2019:05:06 15:02:51 393950 4594.0503
2019:05:06 15:02:51 395997 816.3191
2019:05:06 15:02:51 397215 808.1160
2019:05:06 15:02:51 453354 31991.7537
2019:05:06 15:02:51 459354 5991.1646
2019:05:06 15:02:51 461001 814.4751
2019:05:06 15:02:51 489840 4473.1498
2019:05:06 15:02:51 491444 1222.7818
2019:05:06 15:02:51 492262 789.1878
2019:05:06 15:02:51 525367 32683.1043
2019:05:06 15:02:51 605357 39999.5521
2019:05:06 15:02:51 607010 1646.0828
2019:05:06 15:02:51 608640 1223.5306
2019:05:06 15:02:51 645353 36302.2871
2019:05:06 15:02:51 651081 5720.3285
2019:05:06 15:02:51 652704 830.1139
2019:05:06 15:02:51 683827 451.7101
2019:05:06 15:02:51 685062 832.8632
2019:05:06 15:02:51 761357 40000.3716
2019:05:06 15:02:51 793371 32005.2467
2019:05:06 15:02:51 796705 830.9074
2019:05:06 15:02:51 799131 1636.0655
2019:05:06 15:02:51 800388 1245.0740
2019:05:06 15:02:51 829378 28595.6264
2019:05:06 15:02:51 909354 39990.0675
2019:05:06 15:02:51 911169 1805.3353
2019:05:06 15:02:51 911996 815.1345
2019:05:06 15:02:51 913212 819.8805
2019:05:06 15:02:51 949366 36141.2428
2019:05:06 15:02:52 29355 39989.2218
2019:05:06 15:02:52 69366 40002.2492
2019:05:06 15:02:52 72365 815.1494
2019:05:06 15:02:52 73213 836.3165
2019:05:06 15:02:52 74855 1240.6372
2019:05:06 15:02:52 76490 833.9398
2019:05:06 15:02:52 109371 32075.9416
2019:05:06 15:02:52 151157 1802.6941
2019:05:06 15:02:52 151971 803.3514
2019:05:06 15:02:52 153203 828.9032
2019:05:06 15:02:52 229355 39993.9418
2019:05:06 15:02:52 277372 48007.2126
2019:05:06 15:02:52 357354 31995.9372
2019:05:06 15:02:52 389368 32004.7103
2019:05:06 15:02:52 430017 8651.8787
2019:05:06 15:02:52 432051 1219.4514
2019:05:06 15:02:52 457356 24889.3350
2019:05:06 15:02:52 462050 4685.3423
2019:05:06 15:02:52 463267 816.6730
2019:05:06 15:02:52 464500 838.5889
2019:05:06 15:02:52 493356 28467.0033
2019:05:06 15:02:52 529368 36003.1165
2019:05:06 15:02:52 531143 1230.7353
2019:05:06 15:02:52 532774 1236.1407
2019:05:06 15:02:52 565375 31387.6346
2019:05:06 15:02:52 607074 1706.2463
2019:05:06 15:02:52 608694 1196.5781
2019:05:06 15:02:52 645355 36650.4751
2019:05:06 15:02:52 685367 40004.2459
2019:05:06 15:02:52 757361 32002.8663
2019:05:06 15:02:52 793368 35999.4061
2019:05:06 15:02:52 800245 1659.0543
2019:05:06 15:02:52 801466 820.0072
2019:05:06 15:02:52 865355 35998.4562
2019:05:06 15:02:52 866194 829.9500
2019:05:06 15:02:52 867408 1064.2819
2019:05:06 15:02:52 868636 825.6286
2019:05:06 15:02:52 897363 28323.5349
2019:05:06 15:02:52 929371 32000.4188
2019:05:06 15:02:52 962010 653.5091
2019:05:06 15:02:52 963650 1223.9031
2019:05:06 15:02:52 964491 825.9676
2019:05:06 15:02:53 1374 36475.2896
2019:05:06 15:02:53 8300 2008.7361
2019:05:06 15:02:53 41356 32658.0890
2019:05:06 15:02:53 85366 44001.6240
2019:05:06 15:02:53 87765 807.4492
2019:05:06 15:02:53 88599 823.7995
2019:05:06 15:02:53 125356 36358.5576
2019:05:06 15:02:53 165369 40005.6504
2019:05:06 15:02:53 245361 40004.2310
2019:05:06 15:02:53 247050 1682.3262
2019:05:06 15:02:53 248293 833.6678
2019:05:06 15:02:53 249106 807.1251
2019:05:06 15:02:53 250755 1236.4201
2019:05:06 15:02:53 251729 584.1739
2019:05:06 15:02:53 252801 837.0727
2019:05:06 15:02:53 285379 32186.5343
2019:05:06 15:02:53 326939 1581.9669
2019:05:06 15:02:53 327746 792.9727
2019:05:06 15:02:53 328966 824.1385
2019:05:06 15:02:53 365354 36379.3410
2019:05:06 15:02:53 397374 32011.9336
2019:05:06 15:02:53 461354 31989.6527
2019:05:06 15:02:53 493365 32002.0430
2019:05:06 15:02:53 557354 31990.9081
2019:05:06 15:02:53 589363 32002.1808
2019:05:06 15:02:53 661360 39998.1216
2019:05:06 15:02:53 663253 1884.4381
2019:05:06 15:02:53 664472 827.6217
2019:05:06 15:02:53 701354 36481.7791
2019:05:06 15:02:53 706248 4886.7539
2019:05:06 15:02:53 708306 1238.9384
2019:05:06 15:02:53 741368 32666.3218
2019:05:06 15:02:53 743161 810.5226
2019:05:06 15:02:53 744397 1224.6706
2019:05:06 15:02:53 781380 36584.4741
2019:05:06 15:02:53 823093 1735.0391
2019:05:06 15:02:53 823580 468.6750
2019:05:06 15:02:53 825115 792.8573
2019:05:06 15:02:53 826339 1210.4958
2019:05:06 15:02:53 827661 505.7529
2019:05:06 15:02:53 828404 732.0419
2019:05:06 15:02:53 861374 32574.5717
2019:05:06 15:02:53 941362 40004.8494
2019:05:06 15:02:53 981370 40000.2524
2019:05:06 15:02:54 61369 40012.9184
2019:05:06 15:02:54 63513 2134.4982
2019:05:06 15:02:54 64734 817.6416
2019:05:06 15:02:54 65958 823.4717
2019:05:06 15:02:54 67588 817.7906
2019:05:06 15:02:54 68420 820.8901
2019:05:06 15:02:54 93574 24752.9708
2019:05:06 15:02:54 95597 563.6662
2019:05:06 15:02:54 96298 690.7545
2019:05:06 15:02:54 125354 28674.6360
2019:05:06 15:02:54 153380 28014.5444
2019:05:06 15:02:54 159757 2011.7201
2019:05:06 15:02:54 160974 819.8023
2019:05:06 15:02:54 185372 24368.1408
2019:05:06 15:02:54 191143 1596.4247
2019:05:06 15:02:54 191978 820.6740
2019:05:06 15:02:54 193208 822.4808
2019:05:06 15:02:54 249357 31994.2683
2019:05:06 15:02:54 254945 5581.4795
2019:05:06 15:02:54 256565 813.6258
2019:05:06 15:02:54 289366 32384.5707
2019:05:06 15:02:54 333779 4422.3927
2019:05:06 15:02:54 369354 34756.9436
2019:05:06 15:02:54 371044 1679.3720
2019:05:06 15:02:54 372274 828.1060
2019:05:06 15:02:54 373509 834.9717
2019:05:06 15:02:54 449356 40000.7814
2019:05:06 15:02:54 481373 32003.1494
2019:05:06 15:02:54 484176 1621.0079
2019:05:06 15:02:54 485409 805.7058
2019:05:06 15:02:54 486665 1234.9859
2019:05:06 15:02:54 488278 808.2986
2019:05:06 15:02:54 513354 24666.1268
2019:05:06 15:02:54 515542 1649.5883
2019:05:06 15:02:54 516190 636.0561
2019:05:06 15:02:54 545355 28593.1490
2019:05:06 15:02:54 569375 24010.7849
2019:05:06 15:02:54 617362 16001.4816
2019:05:06 15:02:54 649366 31996.2576
2019:05:06 15:02:54 721362 40005.3374
2019:05:06 15:02:54 723395 2025.0715
2019:05:06 15:02:54 725445 1642.8456
2019:05:06 15:02:54 727902 840.3622
2019:05:06 15:02:54 729134 840.1349
2019:05:06 15:02:54 801355 39993.4202
2019:05:06 15:02:54 803901 2536.1143
2019:05:06 15:02:54 805146 839.3899
2019:05:06 15:02:54 873354 31997.9377
2019:05:06 15:02:54 905372 32008.1674
2019:05:06 15:02:54 977355 39998.8405
2019:05:06 15:02:55 25373 48010.4610
2019:05:06 15:02:55 117356 47992.8404
2019:05:06 15:02:55 157375 40007.0027
2019:05:06 15:02:55 158907 832.7849
2019:05:06 15:02:55 160135 828.6200
2019:05:06 15:02:55 161366 831.3507
2019:05:06 15:02:55 201621 4253.2645
2019:05:06 15:02:55 202461 827.1150
2019:05:06 15:02:55 203660 816.5240
2019:05:06 15:02:55 204889 823.2370
2019:05:06 15:02:55 229369 24075.1207
2019:05:06 15:02:55 235598 2021.1861
2019:05:06 15:02:55 236427 816.3154
2019:05:06 15:02:55 261377 24543.8889
2019:05:06 15:02:55 298144 4783.1722
2019:05:06 15:02:55 299398 843.7261
2019:05:06 15:02:55 301024 1234.6134
2019:05:06 15:02:55 329724 4356.1123
2019:05:06 15:02:55 331314 821.3595
2019:05:06 15:02:55 332184 464.2904
2019:05:06 15:02:55 365367 32417.2042
2019:05:06 15:02:55 461358 47999.1063
2019:05:06 15:02:55 509376 48009.8277
2019:05:06 15:02:55 589365 40007.5987
2019:05:06 15:02:55 591183 1809.8839
2019:05:06 15:02:55 592026 834.1745
2019:05:06 15:02:55 593252 884.4286
2019:05:06 15:02:55 653356 31995.9745
2019:05:06 15:02:55 685374 32008.5734
2019:05:06 15:02:55 686827 818.8412
2019:05:06 15:02:55 713354 26516.6126
2019:05:06 15:02:55 715249 1883.9501
2019:05:06 15:02:55 716894 835.7614
2019:05:06 15:02:55 761367 43648.5596
2019:05:06 15:02:55 764776 819.8768
2019:05:06 15:02:55 801355 36568.4777
2019:05:06 15:02:55 841366 40004.6632
2019:05:06 15:02:55 885934 4579.3205
2019:05:06 15:02:55 887543 1243.6882
2019:05:06 15:02:55 888764 809.6993
2019:05:06 15:02:55 921368 32197.9411
2019:05:06 15:02:55 923384 831.3805
2019:05:06 15:02:55 924614 845.9724
2019:05:06 15:02:55 925836 839.1961
2019:05:06 15:02:55 928282 1229.4836
2019:05:06 15:02:55 929102 808.8313
2019:05:06 15:02:56 485 39122.1568
2019:05:06 15:02:56 4058 3560.8821
2019:05:06 15:02:56 33360 28483.2716
2019:05:06 15:02:56 61375 28007.7830
2019:05:06 15:02:56 71042 1674.5888
2019:05:06 15:02:56 72296 823.9001
2019:05:06 15:02:56 101366 28276.1715
2019:05:06 15:02:56 133367 31990.9304
2019:05:06 15:02:56 166013 656.5787
2019:05:06 15:02:56 167240 823.6729
2019:05:06 15:02:56 168068 818.8300
2019:05:06 15:02:56 169296 827.9681
2019:05:06 15:02:56 229354 31990.4275
2019:05:06 15:02:56 265376 36013.2419
2019:05:06 15:02:56 306638 1269.9068
2019:05:06 15:02:56 307464 813.1862
2019:05:06 15:02:56 308679 819.9848
2019:05:06 15:02:56 309522 833.5970
2019:05:06 15:02:56 312388 842.2695
2019:05:06 15:02:56 313223 825.5653
2019:05:06 15:02:56 385354 39992.6156
2019:05:06 15:02:56 425368 40003.3444
2019:05:06 15:02:56 489360 32003.3282
2019:05:06 15:02:56 521366 31992.7037
2019:05:06 15:02:56 585360 31995.0730
2019:05:06 15:02:56 625371 40004.6483
2019:05:06 15:02:56 627560 1244.0607
2019:05:06 15:02:56 629175 819.9885
2019:05:06 15:02:56 705355 39999.3472
2019:05:06 15:02:56 745368 40003.9218
2019:05:06 15:02:56 787203 1845.1214
2019:05:06 15:02:56 788029 811.4092
2019:05:06 15:02:56 789254 810.3251
2019:05:06 15:02:56 791293 1631.5430
2019:05:06 15:02:56 792534 839.6320
2019:05:06 15:02:56 825368 32445.2519
2019:05:06 15:02:56 866408 1051.1018
2019:05:06 15:02:56 868036 1238.0071
2019:05:06 15:02:56 869274 826.4892
2019:05:06 15:02:56 929355 31998.0159
2019:05:06 15:02:56 930711 1345.0831
2019:05:06 15:02:56 931923 816.4048
2019:05:06 15:02:56 933152 824.9953
2019:05:06 15:02:56 935191 1621.2799
2019:05:06 15:02:56 936023 779.9193
2019:05:06 15:02:56 937247 821.4749
2019:05:06 15:02:56 963454 1603.4804
2019:05:06 15:02:56 965103 1620.2480
2019:05:06 15:02:56 993368 28242.2453
2019:05:06 15:02:57 85358 52000.7424
2019:05:06 15:02:57 133370 48002.6975
2019:05:06 15:02:57 221361 39999.4776
2019:05:06 15:02:57 223816 2445.9586
2019:05:06 15:02:57 225459 1632.4520
2019:05:06 15:02:57 265353 3993.7235
2019:05:06 15:02:57 267382 833.6641
2019:05:06 15:02:57 268599 827.9122
2019:05:06 15:02:57 293368 24369.0498
2019:05:06 15:02:57 300546 2033.1070
2019:05:06 15:02:57 325371 24422.8058
2019:05:06 15:02:57 361461 4107.3002
2019:05:06 15:02:57 363474 820.5548
2019:05:06 15:02:57 364691 809.5577
2019:05:06 15:02:57 389368 24272.1923
2019:05:06 15:02:57 394849 1215.3871
2019:05:06 15:02:57 396872 815.9950
2019:05:06 15:02:57 429364 32071.4712
2019:05:06 15:02:57 525356 47999.4118
2019:05:06 15:02:57 573367 48004.9253
2019:05:06 15:02:57 614876 1518.4171
2019:05:06 15:02:57 616114 825.8298
2019:05:06 15:02:57 616932 806.9277
2019:05:06 15:02:57 618173 840.6490
2019:05:06 15:02:57 619397 827.8303
2019:05:06 15:02:57 620619 815.9913
2019:05:06 15:02:57 653368 32348.7259
2019:05:06 15:02:57 705356 19999.0198
2019:05:06 15:02:57 710771 5406.9683
2019:05:06 15:02:57 711980 830.8552
2019:05:06 15:02:57 713197 828.2624
2019:05:06 15:02:57 741902 4546.3704
2019:05:06 15:02:57 743542 836.2122
2019:05:06 15:02:57 744893 573.7692
2019:05:06 15:02:57 769371 24468.2655
2019:05:06 15:02:57 805696 4334.8111
2019:05:06 15:02:57 808528 2052.7169
2019:05:06 15:02:57 837368 28419.1966
2019:05:06 15:02:57 840048 1218.4083
2019:05:06 15:02:57 841298 831.1644
2019:05:06 15:02:57 893360 31997.2597
2019:05:06 15:02:57 917367 24000.3914
2019:05:06 15:02:57 969950 20585.3656
2019:05:06 15:02:57 971980 797.9721
2019:05:06 15:02:57 972575 581.1900
2019:05:06 15:02:57 993358 20561.4269
2019:05:06 15:02:57 999023 5657.8107
2019:05:06 15:02:58 1058 822.9055
2019:05:06 15:02:58 25371 24302.2852
2019:05:06 15:02:58 32180 2402.8644
2019:05:06 15:02:58 33016 825.6584
2019:05:06 15:02:58 89360 31999.6253
2019:05:06 15:02:58 95275 5906.8650
2019:05:06 15:02:58 96499 826.5227
2019:05:06 15:02:58 125366 28466.7797
2019:05:06 15:02:58 127441 812.2474
2019:05:06 15:02:58 128682 833.0829
2019:05:06 15:02:58 141810 12324.9479
2019:05:06 15:02:58 143824 826.2321
2019:05:06 15:02:58 145067 1184.7652
2019:05:06 15:02:58 181359 27996.7263
2019:05:06 15:02:58 213365 31998.4145
2019:05:06 15:02:58 293357 39999.0119
2019:05:06 15:02:58 333369 40002.3498
2019:05:06 15:02:58 374204 845.8830
2019:05:06 15:02:58 375449 1231.3090
2019:05:06 15:02:58 376680 831.7120
2019:05:06 15:02:58 413370 36303.1514
2019:05:06 15:02:58 419550 1229.6252
2019:05:06 15:02:58 420782 844.0316
2019:05:06 15:02:58 453366 32192.6288
2019:05:06 15:02:58 456393 2019.7146
2019:05:06 15:02:58 457628 1223.3816
2019:05:06 15:02:58 458867 1217.7490
2019:05:06 15:02:58 460095 836.1228
2019:05:06 15:02:58 461326 839.0881
2019:05:06 15:02:58 497647 4281.1856
2019:05:06 15:02:58 499666 1231.8380
2019:05:06 15:02:58 500494 673.5437
2019:05:06 15:02:58 525374 24492.4426
2019:05:06 15:02:58 561543 6158.4413
2019:05:06 15:02:58 563987 2431.1095
2019:05:06 15:02:58 565239 842.0497
2019:05:06 15:02:58 594303 4946.5634
2019:05:06 15:02:58 595946 817.6789
2019:05:06 15:02:58 597161 819.2994
2019:05:06 15:02:58 621375 24201.6912
2019:05:06 15:02:58 657832 4462.2310
2019:05:06 15:02:58 659435 814.1510
2019:05:06 15:02:58 660676 830.8105
2019:05:06 15:02:58 693365 32298.4606
2019:05:06 15:02:58 738418 5061.0229
2019:05:06 15:02:58 739643 805.6238
2019:05:06 15:02:58 740889 818.3792
2019:05:06 15:02:58 773370 32073.8591
2019:05:06 15:02:58 853354 39998.0694
2019:05:06 15:02:58 855537 2173.5914
2019:05:06 15:02:58 856363 805.9889
2019:05:06 15:02:58 885360 28572.0862
2019:05:06 15:02:58 917367 32000.4858
2019:05:06 15:02:58 950530 1174.0848
2019:05:06 15:02:58 952589 779.7666
2019:05:06 15:02:58 981361 28372.4815
2019:05:06 15:02:59 13377 32009.6053
2019:05:06 15:02:59 85366 40008.4034
2019:05:06 15:02:59 87915 2541.1956
2019:05:06 15:02:59 89135 812.7131
2019:05:06 15:02:59 125369 36223.2178
2019:05:06 15:02:59 169741 4384.7449
2019:05:06 15:02:59 171747 1210.9615
2019:05:06 15:02:59 172579 822.0039
2019:05:06 15:02:59 205370 32390.3710
2019:05:06 15:02:59 277360 32001.8306
2019:05:06 15:02:59 282574 5206.8867
2019:05:06 15:02:59 284178 808.4700
2019:05:06 15:02:59 285006 813.2756
2019:05:06 15:02:59 313594 4236.6832
2019:05:06 15:02:59 316036 1925.6659
2019:05:06 15:02:59 316861 812.4970
2019:05:06 15:02:59 341372 24110.6898
2019:05:06 15:02:59 377811 4454.1918
2019:05:06 15:02:59 379015 820.7448
2019:05:06 15:02:59 380237 820.0780
2019:05:06 15:02:59 381066 626.0611
2019:05:06 15:02:59 410116 4758.0004
2019:05:06 15:02:59 411753 821.5941
2019:05:06 15:02:59 437359 24776.9877
2019:05:06 15:02:59 469368 32000.2064
2019:05:06 15:02:59 475670 2041.5746
2019:05:06 15:02:59 476293 612.9965
2019:05:06 15:02:59 477318 829.0373
2019:05:06 15:02:59 549360 40004.0336
2019:05:06 15:02:59 555164 5794.7524
2019:05:06 15:02:59 556795 817.0903
2019:05:06 15:02:59 589367 32144.4757
2019:05:06 15:02:59 669355 39999.0939
2019:05:06 15:02:59 670421 1053.9070
2019:05:06 15:02:59 672478 1237.9251
2019:05:06 15:02:59 673297 807.1251
2019:05:06 15:02:59 713477 4115.0674
2019:05:06 15:02:59 715902 837.4751
2019:05:06 15:02:59 741368 24665.8958
2019:05:06 15:02:59 747431 1613.6877
2019:05:06 15:02:59 748251 799.4957
2019:05:06 15:02:59 773354 24675.5518
2019:05:06 15:02:59 805380 32015.6738
2019:05:06 15:02:59 812136 1612.2758
2019:05:06 15:02:59 812953 806.8047
2019:05:06 15:02:59 842423 5065.7503
2019:05:06 15:02:59 844066 1217.7154
2019:05:06 15:02:59 845308 832.9786
2019:05:06 15:02:59 871061 1695.3871
2019:05:06 15:02:59 873114 1631.6473
2019:05:06 15:02:59 874351 835.3740
2019:05:06 15:02:59 875724 969.4323
2019:05:06 15:02:59 877220 1238.2492
2019:05:06 15:02:59 903975 26745.0213
2019:05:06 15:02:59 905199 808.0006
2019:05:06 15:02:59 973353 39986.5694
2019:05:06 15:03:00 13367 40004.3875
2019:05:06 15:03:00 16560 800.4270
2019:05:06 15:03:00 17391 820.9534
2019:05:06 15:03:00 19032 829.3279
2019:05:06 15:03:00 20260 809.8260
2019:05:06 15:03:00 53360 32696.6457
2019:05:06 15:03:00 93370 40003.0687
2019:05:06 15:03:00 95045 1201.1118
2019:05:06 15:03:00 96274 796.7912
2019:05:06 15:03:00 97100 815.4102
2019:05:06 15:03:00 133367 35857.4502
2019:05:06 15:03:00 160439 1059.9643
2019:05:06 15:03:00 161687 1237.0385
2019:05:06 15:03:00 162916 1215.8304
2019:05:06 15:03:00 164013 692.5762
2019:05:06 15:03:00 165353 818.2898
2019:05:06 15:03:00 209367 43997.3809
2019:05:06 15:03:00 210826 818.0179
2019:05:06 15:03:00 212054 822.3094
2019:05:06 15:03:00 213290 834.5880
2019:05:06 15:03:00 273355 31985.1004
2019:05:06 15:03:00 305372 32005.7198
2019:05:06 15:03:00 307095 822.3504
2019:05:06 15:03:00 308017 528.3579
2019:05:06 15:03:00 337366 28643.6304
2019:05:06 15:03:00 369364 31990.6510
2019:05:06 15:03:00 449354 39997.3132
2019:05:06 15:03:00 450797 1433.4135
2019:05:06 15:03:00 451628 821.5159
2019:05:06 15:03:00 452845 815.9131
2019:05:06 15:03:00 489358 36502.6630
2019:05:06 15:03:00 495130 5762.5622
2019:05:06 15:03:00 496375 827.3683
2019:05:06 15:03:00 529371 32202.0762
2019:05:06 15:03:00 605358 40001.3290
2019:05:06 15:03:00 645367 40000.9193
2019:05:06 15:03:00 686655 1293.3649
2019:05:06 15:03:00 687477 809.2485
2019:05:06 15:03:00 688692 808.5594
2019:05:06 15:03:00 690334 1232.7023
2019:05:06 15:03:00 691559 827.9756
2019:05:06 15:03:00 692786 830.4454
2019:05:06 15:03:00 717390 24597.8385
2019:05:06 15:03:00 719823 816.5129
2019:05:06 15:03:00 721049 824.2279
2019:05:06 15:03:00 749366 27913.2463
2019:05:06 15:03:00 782457 1100.5290
2019:05:06 15:03:00 784074 1238.2269
2019:05:06 15:03:00 784898 809.5689
2019:05:06 15:03:00 786929 1204.4311
2019:05:06 15:03:00 787760 816.2744
2019:05:06 15:03:00 788994 820.3760
2019:05:06 15:03:00 815194 1840.5691
2019:05:06 15:03:00 816825 824.8910
2019:05:06 15:03:00 845355 28519.8316
2019:05:06 15:03:00 877365 32001.1899
2019:05:06 15:03:00 879930 1211.7699
2019:05:06 15:03:00 880762 821.2999
2019:05:06 15:03:00 881993 831.1421
2019:05:06 15:03:00 883210 823.2556
2019:05:06 15:03:00 884037 816.7885
2019:05:06 15:03:00 885259 824.2652
2019:05:06 15:03:00 911068 25800.2356
2019:05:06 15:03:00 912321 852.3762
2019:05:06 15:03:00 949354 36241.9225
2019:05:06 15:03:00 989370 40004.6818
2019:05:06 15:03:01 69354 39991.4980
2019:05:06 15:03:01 71669 2302.9409
2019:05:06 15:03:01 72885 828.8622
2019:05:06 15:03:01 74114 829.3502
2019:05:06 15:03:01 75353 829.0932
2019:05:06 15:03:01 76980 1203.6115
2019:05:06 15:03:01 149353 39989.7322
2019:05:06 15:03:01 151020 1656.1002
2019:05:06 15:03:01 152246 840.0828
2019:05:06 15:03:01 189354 36705.4343
2019:05:06 15:03:01 229368 40006.5370
2019:05:06 15:03:01 309361 40002.9719
2019:05:06 15:03:01 311770 2402.7750
2019:05:06 15:03:01 312999 823.8889
2019:05:06 15:03:01 314642 1239.7207
2019:05:06 15:03:01 315853 807.7100
2019:05:06 15:03:01 317083 813.0707
2019:05:06 15:03:01 349372 32276.7533
2019:05:06 15:03:01 394368 5008.4554
2019:05:06 15:03:01 395578 815.4474
2019:05:06 15:03:01 396806 822.4100
2019:05:06 15:03:01 429364 32408.4945
2019:05:06 15:03:01 473980 4614.0552
2019:05:06 15:03:01 475607 813.9536
2019:05:06 15:03:01 476839 825.8857
2019:05:06 15:03:01 509367 32512.6834
2019:05:06 15:03:01 589356 39998.8405
2019:05:06 15:03:01 590422 1056.5296
2019:05:06 15:03:01 592044 811.2304
2019:05:06 15:03:01 592875 821.1397
2019:05:06 15:03:01 633842 4479.3747
2019:05:06 15:03:01 635447 817.0754
2019:05:06 15:03:01 636278 821.2626
2019:05:06 15:03:01 669365 32687.5634
2019:05:06 15:03:01 713766 4408.7991
2019:05:06 15:03:01 715776 817.2318
2019:05:06 15:03:01 716606 820.2903
2019:05:06 15:03:01 749367 32360.0769
2019:05:06 15:03:01 829354 39997.6932
2019:05:06 15:03:01 830661 1296.9226
2019:05:06 15:03:01 831493 600.6248
2019:05:06 15:03:01 832708 827.1486
2019:05:06 15:03:01 869359 36418.5683
2019:05:06 15:03:01 874488 5122.1959
2019:05:06 15:03:01 875943 646.8520
2019:05:06 15:03:01 876542 588.5772
2019:05:06 15:03:01 909362 32428.0486
2019:05:06 15:03:01 954276 4919.5439
2019:05:06 15:03:01 955920 825.0847
2019:05:06 15:03:01 957134 819.4782
2019:05:06 15:03:01 989367 32223.2023
2019:05:06 15:03:02 69357 40000.9379
2019:05:06 15:03:02 70260 890.6871
2019:05:06 15:03:02 71487 809.9638
2019:05:06 15:03:02 72709 826.6047
2019:05:06 15:03:02 109371 36649.7077
2019:05:06 15:03:02 115671 6291.5981
2019:05:06 15:03:02 116910 841.1407
2019:05:06 15:03:02 149369 32077.5211
2019:05:06 15:03:02 151915 808.7419
2019:05:06 15:03:02 152753 828.4487
2019:05:06 15:03:02 153981 834.7929
2019:05:06 15:03:02 156213 602.6998
2019:05:06 15:03:02 193359 36529.7310
2019:05:06 15:03:02 195956 2586.1710
2019:05:06 15:03:02 197177 824.4887
2019:05:06 15:03:02 233367 36180.0119
2019:05:06 15:03:02 313355 39996.6314
2019:05:06 15:03:02 353371 40005.9819
2019:05:06 15:03:02 433354 39994.2324
2019:05:06 15:03:02 435784 2421.8448
2019:05:06 15:03:02 437026 830.3039
2019:05:06 15:03:02 473371 36052.3127
2019:05:06 15:03:02 553360 40004.6147
2019:05:06 15:03:02 579156 25784.0753
2019:05:06 15:03:02 580773 820.3536
2019:05:06 15:03:02 629376 48591.5057
2019:05:06 15:03:02 673961 4603.9931
2019:05:06 15:03:02 675055 691.5294
2019:05:06 15:03:02 676393 808.7605
2019:05:06 15:03:02 677092 685.3603
2019:05:06 15:03:02 709366 32150.3021
2019:05:06 15:03:02 789357 39991.2857
2019:05:06 15:03:02 790263 898.2234
2019:05:06 15:03:02 791497 805.3742
2019:05:06 15:03:02 792324 807.3188
2019:05:06 15:03:02 793556 831.9393
2019:05:06 15:03:02 833854 4492.4840
2019:05:06 15:03:02 835040 1170.3968
2019:05:06 15:03:02 835869 818.9119
2019:05:06 15:03:02 836691 815.6784
2019:05:06 15:03:02 869366 32274.1084
2019:05:06 15:03:02 914128 4770.8675
2019:05:06 15:03:02 915750 1233.2499
2019:05:06 15:03:02 916632 490.5052
2019:05:06 15:03:02 949375 32414.9765
2019:05:06 15:03:03 29356 39996.0838
2019:05:06 15:03:03 31071 1705.3932
2019:05:06 15:03:03 32313 822.3914
2019:05:06 15:03:03 33152 831.4513
2019:05:06 15:03:03 73718 4352.9011
2019:05:06 15:03:03 75310 820.4058
2019:05:06 15:03:03 76124 794.6827
2019:05:06 15:03:03 113357 36816.5299
2019:05:06 15:03:03 153368 40001.0198
2019:05:06 15:03:03 156194 1216.8735
2019:05:06 15:03:03 157028 822.8272
2019:05:06 15:03:03 233355 39994.4112
2019:05:06 15:03:03 273372 40009.0553
2019:05:06 15:03:03 314471 1104.4368
2019:05:06 15:03:03 316076 814.9929
2019:05:06 15:03:03 317301 807.2071
2019:05:06 15:03:03 318561 1246.2847
2019:05:06 15:03:03 320177 818.4649
2019:05:06 15:03:03 321016 828.7504
2019:05:06 15:03:03 393355 39991.9190
2019:05:06 15:03:03 395945 2582.2259
2019:05:06 15:03:03 397173 821.6724
2019:05:06 15:03:03 473355 39998.0359
2019:05:06 15:03:03 513367 40002.8452
2019:05:06 15:03:03 555761 2391.3942
2019:05:06 15:03:03 556574 792.2128
2019:05:06 15:03:03 557812 810.2134
2019:05:06 15:03:03 559431 802.0326
2019:05:06 15:03:03 560245 799.4510
2019:05:06 15:03:03 561081 817.9024
2019:05:06 15:03:03 629356 39991.9152
2019:05:06 15:03:03 635121 5754.6385
2019:05:06 15:03:03 636769 823.2333
2019:05:06 15:03:03 669374 32202.7020
2019:05:06 15:03:03 749356 39999.3882
2019:05:06 15:03:03 750939 1573.2348
2019:05:06 15:03:03 752578 1232.1472
2019:05:06 15:03:03 789356 36376.6477
2019:05:06 15:03:03 795347 5978.8898
2019:05:06 15:03:03 796564 823.3637
2019:05:06 15:03:03 829366 32792.4825
2019:05:06 15:03:03 889355 39992.3921
2019:05:06 15:03:03 890731 1367.0772
2019:05:06 15:03:03 891966 843.8490
2019:05:06 15:03:03 893172 819.5676
2019:05:06 15:03:03 894405 803.8357
2019:05:06 15:03:03 895630 815.5257
2019:05:06 15:03:03 896859 820.7038
2019:05:06 15:03:03 925186 27923.8001
2019:05:06 15:03:04 13355 39998.7288
2019:05:06 15:03:04 19533 6170.4628
2019:05:06 15:03:04 53359 33373.6464
2019:05:06 15:03:04 97372 43998.4985
2019:05:06 15:03:04 169362 32002.8290
2019:05:06 15:03:04 209366 39998.1998
2019:05:06 15:03:04 211705 826.0980
2019:05:06 15:03:04 212927 832.8483
2019:05:06 15:03:04 249379 36051.7167
2019:05:06 15:03:04 313355 27985.9900
2019:05:06 15:03:04 314661 1297.1982
2019:05:06 15:03:04 315489 816.9301
2019:05:06 15:03:04 316710 814.7061
2019:05:06 15:03:04 353377 36258.1387
2019:05:06 15:03:04 359330 1629.1067
2019:05:06 15:03:04 360953 837.0988
2019:05:06 15:03:04 433356 39999.1386
2019:05:06 15:03:04 439181 5815.7444
2019:05:06 15:03:04 440426 829.6035
2019:05:06 15:03:04 473367 32145.5449
2019:05:06 15:03:04 553355 39996.0540
2019:05:06 15:03:04 554252 887.0251
2019:05:06 15:03:04 555480 813.2830
2019:05:06 15:03:04 556713 822.6708
2019:05:06 15:03:04 613358 56251.1384
2019:05:06 15:03:04 633376 20003.6764
2019:05:06 15:03:04 678060 4703.1380
2019:05:06 15:03:04 680045 784.1550
2019:05:06 15:03:04 680509 454.0607
2019:05:06 15:03:04 713364 32463.6176
2019:05:06 15:03:04 793355 40000.0997
2019:05:06 15:03:04 794233 869.8478
2019:05:06 15:03:04 796262 809.8371
2019:05:06 15:03:04 797510 835.9849
2019:05:06 15:03:04 838059 4698.8837
2019:05:06 15:03:04 839283 821.1657
2019:05:06 15:03:04 840501 832.1404
2019:05:06 15:03:04 873366 32465.3834
2019:05:06 15:03:04 917859 4502.5572
2019:05:06 15:03:04 919868 825.4685
2019:05:06 15:03:04 921098 828.9479
2019:05:06 15:03:04 997355 39998.4941
2019:05:06 15:03:05 37366 39996.7358
2019:05:06 15:03:05 79207 1842.3609
2019:05:06 15:03:05 80436 843.7000
2019:05:06 15:03:05 89375 8554.2798
2019:05:06 15:03:05 130535 1176.6478
2019:05:06 15:03:05 131366 820.1115
2019:05:06 15:03:05 132585 823.8927
2019:05:06 15:03:05 133417 821.5457
2019:05:06 15:03:05 173984 4620.9283
2019:05:06 15:03:05 175998 814.6353
2019:05:06 15:03:05 177227 1210.8199
2019:05:06 15:03:05 209366 32114.0252
2019:05:06 15:03:05 253512 4152.1713
2019:05:06 15:03:05 255530 1230.2659
2019:05:06 15:03:05 256365 817.7757
2019:05:06 15:03:05 289371 32606.5943
2019:05:06 15:03:05 373356 39997.4510
2019:05:06 15:03:05 413367 40001.6047
2019:05:06 15:03:05 414853 815.1121
2019:05:06 15:03:05 416479 828.1693
2019:05:06 15:03:05 417728 836.6145
2019:05:06 15:03:05 419766 2024.9709
2019:05:06 15:03:05 420997 835.3256
2019:05:06 15:03:05 493354 39990.2686
2019:05:06 15:03:05 495544 2177.8718
2019:05:06 15:03:05 496775 824.5967
2019:05:06 15:03:05 533367 35784.2185
2019:05:06 15:03:05 597361 24004.0049
2019:05:06 15:03:05 629366 31997.9675
2019:05:06 15:03:05 693371 32014.1353
2019:05:06 15:03:05 721367 27988.2252
2019:05:06 15:03:05 723727 478.2081
2019:05:06 15:03:05 724876 1139.4620
2019:05:06 15:03:05 761372 36095.9247
2019:05:06 15:03:05 801936 574.7415
2019:05:06 15:03:05 803163 803.3663
2019:05:06 15:03:05 803991 810.8132
2019:05:06 15:03:05 805219 821.6575
2019:05:06 15:03:05 846316 4952.2407
2019:05:06 15:03:05 848334 1619.8121
2019:05:06 15:03:05 849164 818.9157
2019:05:06 15:03:05 882417 1061.2272
2019:05:06 15:03:05 883649 815.2723
2019:05:06 15:03:05 884492 832.6881
2019:05:06 15:03:05 885709 825.5318
2019:05:06 15:03:05 887758 842.2844
2019:05:06 15:03:05 888972 826.3364
2019:05:06 15:03:05 913583 24600.3494
2019:05:06 15:03:05 916408 816.2633
2019:05:06 15:03:05 917239 820.2195
2019:05:06 15:03:05 981359 32001.8828
2019:05:06 15:03:06 9374 28007.0268
2019:05:06 15:03:06 57355 31988.6021
2019:05:06 15:03:06 71342 13973.1131
2019:05:06 15:03:06 73409 854.5257
2019:05:06 15:03:06 113370 39949.3277
2019:05:06 15:03:06 119693 2013.0537
2019:05:06 15:03:06 120919 828.3779
2019:05:06 15:03:06 153368 32049.5181
2019:05:06 15:03:06 229358 31993.6909
2019:05:06 15:03:06 230393 1026.5075
2019:05:06 15:03:06 232429 835.8620
2019:05:06 15:03:06 234066 1242.5855
2019:05:06 15:03:06 235689 824.7755
2019:05:06 15:03:06 236517 817.7683
2019:05:06 15:03:06 262113 25195.0063
2019:05:06 15:03:06 263744 811.6029
2019:05:06 15:03:06 264575 817.9545
2019:05:06 15:03:06 285367 20388.1040
2019:05:06 15:03:06 321366 35990.7821
2019:05:06 15:03:06 326832 1187.8759
2019:05:06 15:03:06 327651 809.2448
2019:05:06 15:03:06 328879 821.6314
2019:05:06 15:03:06 353367 24087.9320
2019:05:06 15:03:06 360257 2398.8672
2019:05:06 15:03:06 361079 810.3661
2019:05:06 15:03:06 425355 39995.4692
2019:05:06 15:03:06 427425 2062.1121
2019:05:06 15:03:06 428658 1213.4351
2019:05:06 15:03:06 465364 36694.0834
2019:05:06 15:03:06 471040 5667.9510
2019:05:06 15:03:06 472260 814.9333
2019:05:06 15:03:06 505369 32753.5421
2019:05:06 15:03:06 550059 4700.1429
2019:05:06 15:03:06 552131 847.7308
2019:05:06 15:03:06 589374 36855.2059
2019:05:06 15:03:06 669362 40002.5025
2019:05:06 15:03:06 709380 40008.5598
2019:05:06 15:03:06 711827 1211.9189
2019:05:06 15:03:06 713042 819.9960
2019:05:06 15:03:06 713895 842.9438
2019:05:06 15:03:06 715114 820.4132
2019:05:06 15:03:06 716732 820.6889
2019:05:06 15:03:06 749365 32613.9145
2019:05:06 15:03:06 833356 31990.2450
2019:05:06 15:03:06 841371 8007.4780
2019:05:06 15:03:06 871373 2014.6221
2019:05:06 15:03:06 872199 819.0013
2019:05:06 15:03:06 874260 1253.1765
2019:05:06 15:03:06 875868 1214.6235
2019:05:06 15:03:06 877097 1220.6659
2019:05:06 15:03:06 909372 32263.2194
2019:05:06 15:03:06 913360 1220.0922
2019:05:06 15:03:06 914993 1623.9062
2019:05:06 15:03:06 916221 825.0512
2019:05:06 15:03:06 957371 40745.5564
2019:05:06 15:03:06 960013 1166.2133
2019:05:06 15:03:06 961292 829.1043
2019:05:06 15:03:06 994356 990.9905
2019:05:06 15:03:06 996410 802.0774
2019:05:06 15:03:06 997238 813.4246
2019:05:06 15:03:07 73360 40003.4785
2019:05:06 15:03:07 79398 6027.9332
2019:05:06 15:03:07 81043 822.2200
2019:05:06 15:03:07 117368 36316.3389
2019:05:06 15:03:07 158036 676.6990
2019:05:06 15:03:07 159272 827.8526
2019:05:06 15:03:07 160511 840.8614
2019:05:06 15:03:07 197361 36460.5412
2019:05:06 15:03:07 202815 5444.9923
2019:05:06 15:03:07 204200 570.7964
2019:05:06 15:03:07 241368 36518.0150
2019:05:06 15:03:07 286418 5049.8284
2019:05:06 15:03:07 288466 1230.9179
2019:05:06 15:03:07 321361 32870.5013
2019:05:06 15:03:07 323064 1695.0406
2019:05:06 15:03:07 324283 828.8287
2019:05:06 15:03:07 325519 835.9551
2019:05:06 15:03:07 327586 821.8698
2019:05:06 15:03:07 328424 827.9420
2019:05:06 15:03:07 329256 821.9518
2019:05:06 15:03:07 362164 807.2518
2019:05:06 15:03:07 363822 1241.6653
2019:05:06 15:03:07 364649 817.7459
2019:05:06 15:03:07 368732 3676.4853
2019:05:06 15:03:07 406462 37321.8022
2019:05:06 15:03:07 407999 1125.2649
2019:05:06 15:03:07 408917 904.8395
2019:05:06 15:03:07 445368 36053.9965
2019:05:06 15:03:07 525355 39998.2110
2019:05:06 15:03:07 565370 40003.8622
2019:05:06 15:03:07 609999 4641.3131
2019:05:06 15:03:07 611624 1239.5196
2019:05:06 15:03:07 612836 816.8258
2019:05:06 15:03:07 645369 32132.8640
2019:05:06 15:03:07 647650 822.4249
2019:05:06 15:03:07 648878 832.1255
2019:05:06 15:03:07 650099 1215.4691
2019:05:06 15:03:07 650927 812.9478
2019:05:06 15:03:07 651800 473.6669
2019:05:06 15:03:07 652974 824.7904
2019:05:06 15:03:07 686967 1610.2307
2019:05:06 15:03:07 688216 1242.3806
2019:05:06 15:03:07 690253 1646.5411
2019:05:06 15:03:07 691489 820.7150
2019:05:06 15:03:07 692707 819.2696
2019:05:06 15:03:07 729367 36249.5668
2019:05:06 15:03:07 809354 39997.7416
2019:05:06 15:03:07 845368 36004.1484
2019:05:06 15:03:07 917361 21983.8917
2019:05:06 15:03:07 919015 1644.7604
2019:05:06 15:03:07 920242 825.4461
2019:05:06 15:03:07 921476 826.3327
2019:05:06 15:03:07 985356 27999.6768
2019:05:06 15:03:07 990591 5225.3455
2019:05:06 15:03:07 992229 824.2466
2019:05:06 15:03:08 25371 33131.9422
2019:05:06 15:03:08 27543 804.2194
2019:05:06 15:03:08 28775 1222.1895
2019:05:06 15:03:08 69369 40193.1554
2019:05:06 15:03:08 71783 2017.4310
2019:05:06 15:03:08 73030 842.0162
2019:05:06 15:03:08 153356 39991.2521
2019:05:06 15:03:08 154509 1143.1836
2019:05:06 15:03:08 155337 813.2048
2019:05:06 15:03:08 156566 828.9292
2019:05:06 15:03:08 189361 32399.7326
2019:05:06 15:03:08 229369 39999.7085
2019:05:06 15:03:08 231785 840.2839
2019:05:06 15:03:08 233018 839.6842
2019:05:06 15:03:08 269370 35956.5169
2019:05:06 15:03:08 333355 31998.9398
2019:05:06 15:03:08 334313 947.9448
2019:05:06 15:03:08 365379 30674.8077
2019:05:06 15:03:08 402248 4886.0162
2019:05:06 15:03:08 403901 830.7621
2019:05:06 15:03:08 405128 825.1555
2019:05:06 15:03:08 433617 4260.1228
2019:05:06 15:03:08 435661 1724.6716
2019:05:06 15:03:08 436882 904.3775
2019:05:06 15:03:08 461370 24090.7818
2019:05:06 15:03:08 502365 1007.0056
2019:05:06 15:03:08 503602 831.6226
2019:05:06 15:03:08 504424 815.8311
2019:05:06 15:03:08 541364 36539.3311
2019:05:06 15:03:08 547150 5778.4915
2019:05:06 15:03:08 548376 809.4572
2019:05:06 15:03:08 581359 32577.1011
2019:05:06 15:03:08 625818 4449.2818
2019:05:06 15:03:08 627825 804.5323
2019:05:06 15:03:08 628668 833.7721
2019:05:06 15:03:08 661367 32303.6984
2019:05:06 15:03:08 733363 32002.2926
2019:05:06 15:03:08 765391 32018.2517
2019:05:06 15:03:08 829354 31997.0325
2019:05:06 15:03:08 834635 5270.7419
2019:05:06 15:03:08 835849 816.4532
2019:05:06 15:03:08 837076 819.3925
2019:05:06 15:03:08 861367 24121.9252
2019:05:06 15:03:08 895730 2010.9378
2019:05:06 15:03:08 897367 1617.1001
2019:05:06 15:03:08 937393 4033.5879
2019:05:06 15:03:08 939153 1654.9863
2019:05:06 15:03:08 940798 839.8965
2019:05:06 15:03:08 973369 32172.4080
2019:05:06 15:03:09 15331 1974.6087
2019:05:06 15:03:09 16160 820.0817
2019:05:06 15:03:09 17812 838.0339
2019:05:06 15:03:09 20247 832.2224
2019:05:06 15:03:09 53368 32720.3125
2019:05:06 15:03:09 55061 809.3566
2019:05:06 15:03:09 56294 834.8376
2019:05:06 15:03:09 59152 1641.8956
2019:05:06 15:03:09 60794 830.1549
2019:05:06 15:03:09 89370 28173.8713
2019:05:06 15:03:09 91511 1597.8888
2019:05:06 15:03:09 92750 835.0238
2019:05:06 15:03:09 95194 2049.9378
2019:05:06 15:03:09 96039 834.3607
2019:05:06 15:03:09 121372 24531.7221
2019:05:06 15:03:09 123858 800.7772
2019:05:06 15:03:09 124686 817.2356
2019:05:06 15:03:09 125916 828.4710
2019:05:06 15:03:09 127538 817.4293
2019:05:06 15:03:09 128385 835.4373
2019:05:06 15:03:09 153364 24590.9281
2019:05:06 15:03:09 155815 1230.8955
2019:05:06 15:03:09 156689 863.0827
2019:05:06 15:03:09 158678 1629.5426
2019:05:06 15:03:09 159917 822.2535
2019:05:06 15:03:09 161136 824.7867
2019:05:06 15:03:09 186155 796.1094
2019:05:06 15:03:09 187771 1246.8398
2019:05:06 15:03:09 189400 1231.7374
2019:05:06 15:03:09 219346 1989.7819
2019:05:06 15:03:09 249371 29238.6971
2019:05:06 15:03:09 251359 1979.2356
2019:05:06 15:03:09 252579 827.5397
2019:05:06 15:03:09 253408 820.1078
2019:05:06 15:03:09 255871 1631.6473
2019:05:06 15:03:09 256699 811.6029
2019:05:06 15:03:09 313355 31992.1374
2019:05:06 15:03:09 318119 4755.1878
2019:05:06 15:03:09 320180 840.6825
2019:05:06 15:03:09 345361 24798.7173
2019:05:06 15:03:09 377370 31998.8653
2019:05:06 15:03:09 417531 4169.5759
2019:05:06 15:03:09 419558 2019.5022
2019:05:06 15:03:09 420797 845.2833
2019:05:06 15:03:09 445364 24161.1041
2019:05:06 15:03:09 509361 31999.0776
2019:05:06 15:03:09 510430 1062.5087
2019:05:06 15:03:09 511694 805.7915
2019:05:06 15:03:09 512468 762.3695
2019:05:06 15:03:09 541751 28829.7944
2019:05:06 15:03:09 543378 812.7317
2019:05:06 15:03:09 544607 866.5919
2019:05:06 15:03:09 545456 837.2925
2019:05:06 15:03:09 547845 780.1391
2019:05:06 15:03:09 549115 822.1716
2019:05:06 15:03:09 574937 25811.2997
2019:05:06 15:03:09 576141 814.6726
2019:05:06 15:03:09 577372 821.7767
2019:05:06 15:03:09 637355 31996.9505
2019:05:06 15:03:09 669372 32008.5250
2019:05:06 15:03:09 670905 1201.4620
2019:05:06 15:03:09 671736 796.4708
2019:05:06 15:03:09 673359 1220.6398
2019:05:06 15:03:09 701983 609.0216
2019:05:06 15:03:09 703615 810.2432
2019:05:06 15:03:09 704859 1177.1582
2019:05:06 15:03:09 733368 28112.8362
2019:05:06 15:03:09 797356 32000.0835
2019:05:06 15:03:09 829377 32013.7292
2019:05:06 15:03:09 897362 32001.0707
2019:05:06 15:03:09 899594 2222.9105
2019:05:06 15:03:09 900421 813.5997
2019:05:06 15:03:09 925446 24617.0871
2019:05:06 15:03:09 927065 1605.2760
2019:05:06 15:03:09 928677 809.6695
2019:05:06 15:03:09 929923 1231.4208
2019:05:06 15:03:09 931152 829.3800
2019:05:06 15:03:09 932390 841.7889
2019:05:06 15:03:09 957367 24580.1508
2019:05:06 15:03:10 21355 31996.7940
2019:05:06 15:03:10 23232 1867.8978
2019:05:06 15:03:10 25262 824.3695
2019:05:06 15:03:10 27302 1612.6409
2019:05:06 15:03:10 28148 835.8955
2019:05:06 15:03:10 53550 24601.4185
2019:05:06 15:03:10 55563 817.4181
2019:05:06 15:03:10 56399 825.6175
2019:05:06 15:03:10 58446 1652.0657
2019:05:06 15:03:10 60922 1259.6324
2019:05:06 15:03:10 81359 20049.3447
2019:05:06 15:03:10 153355 39995.5958
2019:05:06 15:03:10 155834 2470.6461
2019:05:06 15:03:10 157052 826.1651
2019:05:06 15:03:10 159127 1670.9715
2019:05:06 15:03:10 160331 828.6387
2019:05:06 15:03:10 193368 32641.8802
2019:05:06 15:03:10 273356 39997.2498
2019:05:06 15:03:10 275125 1759.1789
2019:05:06 15:03:10 276353 827.9458
2019:05:06 15:03:10 313356 36586.9030
2019:05:06 15:03:10 345369 32002.8774
2019:05:06 15:03:10 381933 4569.6683
2019:05:06 15:03:10 383975 818.4053
2019:05:06 15:03:10 384807 822.0114
2019:05:06 15:03:10 409371 24163.4287
2019:05:06 15:03:10 411034 1201.9277
2019:05:06 15:03:10 412647 820.3797
2019:05:06 15:03:10 413481 814.3373
2019:05:06 15:03:10 415103 814.8253
2019:05:06 15:03:10 415937 823.6207
2019:05:06 15:03:10 417151 817.8651
2019:05:06 15:03:10 443401 26240.3376
2019:05:06 15:03:10 445033 811.8413
2019:05:06 15:03:10 445875 828.0538
2019:05:06 15:03:10 447516 1248.4454
2019:05:06 15:03:10 449159 1259.4350
2019:05:06 15:03:10 474128 772.6736
2019:05:06 15:03:10 475767 836.2569
2019:05:06 15:03:10 477000 821.0577
2019:05:06 15:03:10 545355 39992.7199
2019:05:06 15:03:10 589370 44005.1630
2019:05:06 15:03:10 624366 989.6792
2019:05:06 15:03:10 625197 820.2642
2019:05:06 15:03:10 627252 1648.8582
2019:05:06 15:03:10 628473 817.6789
2019:05:06 15:03:10 661371 32489.8623
2019:05:06 15:03:10 705597 4239.1531
2019:05:06 15:03:10 707201 1225.9185
2019:05:06 15:03:10 708424 822.8719
2019:05:06 15:03:10 741367 32544.2180
2019:05:06 15:03:10 773366 31990.4722
2019:05:06 15:03:10 837355 31997.0809
2019:05:06 15:03:10 869375 32011.5313
2019:05:06 15:03:10 933362 32000.6534
2019:05:06 15:03:10 965378 32006.8300
2019:05:06 15:03:10 967346 819.2621
2019:05:06 15:03:10 968585 850.7706
2019:05:06 15:03:10 997361 28384.7302
2019:05:06 15:03:10 998430 1059.5620
2019:05:06 15:03:10 999258 817.5299
2019:05:06 15:03:11 81 661.0043
2019:05:06 15:03:11 1304 828.2587
2019:05:06 15:03:11 3354 820.3387
2019:05:06 15:03:11 4582 1066.0440
2019:05:06 15:03:11 29454 24471.2196
2019:05:06 15:03:11 31048 1192.0556
2019:05:06 15:03:11 32197 751.0744
2019:05:06 15:03:11 33104 840.0008
2019:05:06 15:03:11 34738 1242.9431
2019:05:06 15:03:11 35961 818.7070
2019:05:06 15:03:11 36792 500.6306
2019:05:06 15:03:11 61377 24176.0835
2019:05:06 15:03:11 67519 2020.7837
2019:05:06 15:03:11 68715 816.3564
2019:05:06 15:03:11 97368 28643.2020
2019:05:06 15:03:11 177357 39999.5483
2019:05:06 15:03:11 217366 39998.1514
2019:05:06 15:03:11 259952 2587.9890
2019:05:06 15:03:11 260763 791.1958
2019:05:06 15:03:11 262001 836.1489
2019:05:06 15:03:11 263213 810.7051
2019:05:06 15:03:11 264043 814.0132
2019:05:06 15:03:11 265258 820.2530
2019:05:06 15:03:11 297369 32099.0831
2019:05:06 15:03:11 299680 1650.5383
2019:05:06 15:03:11 300922 837.6017
2019:05:06 15:03:11 303395 848.8297
2019:05:06 15:03:11 305005 1216.3706
2019:05:06 15:03:11 338640 1279.8496
2019:05:06 15:03:11 339880 851.9143
2019:05:06 15:03:11 341074 781.6330
2019:05:06 15:03:11 369368 27852.9674
2019:05:06 15:03:11 371022 1180.3731
2019:05:06 15:03:11 372659 836.4283
2019:05:06 15:03:11 374323 1269.2399
2019:05:06 15:03:11 376734 1612.8011
2019:05:06 15:03:11 402130 24970.7289
2019:05:06 15:03:11 404608 1238.7782
2019:05:06 15:03:11 406234 1219.6414
2019:05:06 15:03:11 407449 799.4659
2019:05:06 15:03:11 408291 826.3402
2019:05:06 15:03:11 433365 24683.4978
2019:05:06 15:03:11 439651 2005.5808
2019:05:06 15:03:11 440492 827.9383
2019:05:06 15:03:11 465364 24465.6801
2019:05:06 15:03:11 529356 31997.2076
2019:05:06 15:03:11 561371 32002.2739
2019:05:06 15:03:11 645363 40005.5982
2019:05:06 15:03:11 650821 5449.3695
2019:05:06 15:03:11 652436 824.5371
2019:05:06 15:03:11 677368 24134.4161
2019:05:06 15:03:11 704346 963.1328
2019:05:06 15:03:11 705599 831.9505
2019:05:06 15:03:11 707246 844.3780
2019:05:06 15:03:11 708855 1160.1485
2019:05:06 15:03:11 710078 1201.3465
2019:05:06 15:03:11 711733 806.4806
2019:05:06 15:03:11 712953 815.9764
2019:05:06 15:03:11 745370 32407.9581
2019:05:06 15:03:11 747778 1622.9190
2019:05:06 15:03:11 749005 825.6622
2019:05:06 15:03:11 777378 27951.6801
2019:05:06 15:03:11 780132 1236.0364
2019:05:06 15:03:11 781372 1184.3853
2019:05:06 15:03:11 783393 819.9774
2019:05:06 15:03:11 784225 822.0822
2019:05:06 15:03:11 809378 24753.5296
2019:05:06 15:03:11 873354 31986.0242
2019:05:06 15:03:11 905366 32002.7918
2019:05:06 15:03:11 934923 1565.7023
2019:05:06 15:03:11 935735 801.8091
2019:05:06 15:03:11 936557 648.5283
2019:05:06 15:03:11 965361 28407.4210
2019:05:06 15:03:12 5367 39992.5411
2019:05:06 15:03:12 15774 2045.9145
2019:05:06 15:03:12 16994 818.4090
2019:05:06 15:03:12 41369 24360.1464
2019:05:06 15:03:12 51428 1631.7777
2019:05:06 15:03:12 52640 807.9335
2019:05:06 15:03:12 73364 20313.3635
2019:05:06 15:03:12 75993 827.8638
2019:05:06 15:03:12 77214 824.3881
2019:05:06 15:03:12 79662 1224.4992
2019:05:06 15:03:12 93368 13286.9296
2019:05:06 15:03:12 99599 2030.9724
2019:05:06 15:03:12 100814 806.1156
2019:05:06 15:03:12 101667 827.9197
2019:05:06 15:03:12 103711 825.8335
2019:05:06 15:03:12 104308 585.9397
2019:05:06 15:03:12 129365 24423.8153
2019:05:06 15:03:12 131651 809.8558
2019:05:06 15:03:12 132874 816.4234
2019:05:06 15:03:12 165355 32461.3191
2019:05:06 15:03:12 193366 28000.6789
2019:05:06 15:03:12 202948 1633.2045
2019:05:06 15:03:12 204159 832.5242
2019:05:06 15:03:12 225359 20800.3074
2019:05:06 15:03:12 257372 32006.1781
2019:05:06 15:03:12 321354 31996.6786
2019:05:06 15:03:12 353383 32020.4012
2019:05:06 15:03:12 417362 32006.3941
2019:05:06 15:03:12 422835 5461.7450
2019:05:06 15:03:12 424064 821.5494
2019:05:06 15:03:12 425294 826.0906
2019:05:06 15:03:12 450299 942.6996
2019:05:06 15:03:12 451929 844.1135
2019:05:06 15:03:12 453153 836.6182
2019:05:06 15:03:12 454780 1213.0886
2019:05:06 15:03:12 456004 810.4518
2019:05:06 15:03:12 456522 507.6118
2019:05:06 15:03:12 485354 28528.2172
2019:05:06 15:03:12 495319 9956.7398
2019:05:06 15:03:12 496549 821.0614
2019:05:06 15:03:12 521368 24423.5918
2019:05:06 15:03:12 523170 832.5502
2019:05:06 15:03:12 524389 822.1008
2019:05:06 15:03:12 525215 814.6986
2019:05:06 15:03:12 526859 816.5985
2019:05:06 15:03:12 528081 823.9001
2019:05:06 15:03:12 528901 808.2725
2019:05:06 15:03:12 557372 28062.9322
2019:05:06 15:03:12 597602 4243.2435
2019:05:06 15:03:12 600068 2040.7289
2019:05:06 15:03:12 625365 24492.7593
2019:05:06 15:03:12 627506 2129.4430
2019:05:06 15:03:12 628735 815.6821
2019:05:06 15:03:12 629965 822.0971
2019:05:06 15:03:12 631194 811.8786
2019:05:06 15:03:12 632022 507.6602
2019:05:06 15:03:12 633240 810.0532
2019:05:06 15:03:12 697354 35989.4447
2019:05:06 15:03:12 729364 32000.5231
2019:05:06 15:03:12 793356 31989.4515
2019:05:06 15:03:12 825366 31996.7009
2019:05:06 15:03:12 827255 819.8693
2019:05:06 15:03:12 828496 832.6620
2019:05:06 15:03:12 857372 28085.1051
2019:05:06 15:03:12 859575 1215.8602
2019:05:06 15:03:12 860804 827.6589
2019:05:06 15:03:12 862430 1229.7258
2019:05:06 15:03:12 863657 806.4918
2019:05:06 15:03:12 864877 802.3418
2019:05:06 15:03:12 891522 26630.1036
2019:05:06 15:03:12 893140 823.2519
2019:05:06 15:03:12 893966 802.6734
2019:05:06 15:03:12 895608 828.6163
2019:05:06 15:03:12 896823 823.5425
2019:05:06 15:03:12 921371 24526.4247
2019:05:06 15:03:12 934110 749.1261
2019:05:06 15:03:12 935738 821.5606
2019:05:06 15:03:12 936968 816.8705
2019:05:06 15:03:12 965372 27985.7554
2019:05:06 15:03:12 967299 1245.6477
2019:05:06 15:03:12 968921 814.0244
2019:05:06 15:03:12 970581 1253.4261
2019:05:06 15:03:12 972196 813.2495
2019:05:06 15:03:12 973436 818.5245
2019:05:06 15:03:13 6849 1486.0928
2019:05:06 15:03:13 7663 799.4585
2019:05:06 15:03:13 8895 838.7975
2019:05:06 15:03:13 41372 32082.2261
2019:05:06 15:03:13 44089 1609.6123
2019:05:06 15:03:13 44964 846.5610
2019:05:06 15:03:13 83348 1627.6725
2019:05:06 15:03:13 84558 837.3074
2019:05:06 15:03:13 85795 827.3982
2019:05:06 15:03:13 87002 815.9019
2019:05:06 15:03:13 88236 835.2548
2019:05:06 15:03:13 113356 24729.6020
2019:05:06 15:03:13 114443 1077.5328
2019:05:06 15:03:13 116501 1249.4437
2019:05:06 15:03:13 119350 2444.2188
2019:05:06 15:03:13 120988 814.8886
2019:05:06 15:03:13 153370 32365.8660
2019:05:06 15:03:13 155929 1338.1056
2019:05:06 15:03:13 157048 834.8525
2019:05:06 15:03:13 157976 532.7277
2019:05:06 15:03:13 159095 835.7689
2019:05:06 15:03:13 160022 533.5063
2019:05:06 15:03:13 161143 835.2101
2019:05:06 15:03:13 163594 2033.5950
2019:05:06 15:03:13 165231 1121.2043
2019:05:06 15:03:13 191768 2038.9780
2019:05:06 15:03:13 192586 805.5456
2019:05:06 15:03:13 193419 629.0972
2019:05:06 15:03:13 194831 613.1530
2019:05:06 15:03:13 195866 829.8568
2019:05:06 15:03:13 196681 803.9474
2019:05:06 15:03:13 198331 1447.3535
2019:05:06 15:03:13 199944 818.2600
2019:05:06 15:03:13 200777 820.9907
2019:05:06 15:03:13 226243 25269.6648
2019:05:06 15:03:13 227847 810.8430
2019:05:06 15:03:13 229074 831.4624
2019:05:06 15:03:13 230311 1230.2212
2019:05:06 15:03:13 231138 816.3378
2019:05:06 15:03:13 232361 837.5943
2019:05:06 15:03:13 234005 1253.5192
2019:05:06 15:03:13 236036 1638.8148
2019:05:06 15:03:13 237269 1196.8911
2019:05:06 15:03:13 299597 2239.2459
2019:05:06 15:03:13 300828 1214.9140
2019:05:06 15:03:13 301664 820.2940
2019:05:06 15:03:13 304117 1639.6977
2019:05:06 15:03:13 306571 2046.7080
2019:05:06 15:03:13 308216 1222.3013
2019:05:06 15:03:13 333366 25063.7196
2019:05:06 15:03:13 336476 1245.1187
2019:05:06 15:03:13 338113 819.4037
2019:05:06 15:03:13 340986 1480.8141
2019:05:06 15:03:13 369720 4357.9638
2019:05:06 15:03:13 371742 1633.5361
2019:05:06 15:03:13 372562 807.7770
2019:05:06 15:03:13 405380 32413.8142
2019:05:06 15:03:13 407780 811.9382
2019:05:06 15:03:13 408998 816.0286
2019:05:06 15:03:13 409858 844.1657
2019:05:06 15:03:13 411456 813.3501
2019:05:06 15:03:13 412687 820.5809
2019:05:06 15:03:13 445378 32267.7940
2019:05:06 15:03:13 447114 805.5568
2019:05:06 15:03:13 448342 835.1393
2019:05:06 15:03:13 450380 1629.1067
2019:05:06 15:03:13 452008 818.4612
2019:05:06 15:03:13 452840 816.6656
2019:05:06 15:03:13 485385 32148.3463
2019:05:06 15:03:13 487248 1128.2861
2019:05:06 15:03:13 488484 821.3446
2019:05:06 15:03:13 525383 36493.1263
2019:05:06 15:03:13 557385 31989.8613
2019:05:06 15:03:13 558990 819.9327
2019:05:06 15:03:13 560611 816.6395
2019:05:06 15:03:13 586432 24974.9273
2019:05:06 15:03:13 589301 1256.0375
2019:05:06 15:03:13 590938 827.2938
2019:05:06 15:03:13 592183 819.0013
2019:05:06 15:03:13 617383 24392.2099
2019:05:06 15:03:13 623745 2018.4778
2019:05:06 15:03:13 624982 817.5075
2019:05:06 15:03:13 626612 1252.0067
2019:05:06 15:03:13 653360 25527.7269
2019:05:06 15:03:13 658964 5591.5825
2019:05:06 15:03:13 660603 805.7430
2019:05:06 15:03:13 662232 1228.1127
2019:05:06 15:03:13 663454 805.8846
2019:05:06 15:03:13 664673 802.7144
2019:05:06 15:03:13 689379 24689.0746
2019:05:06 15:03:13 696260 2073.2060
2019:05:06 15:03:13 697059 775.9258
2019:05:06 15:03:13 753362 31996.0564
2019:05:06 15:03:13 793387 40008.1538
2019:05:06 15:03:13 837630 4262.0450
2019:05:06 15:03:13 839624 1238.8490
2019:05:06 15:03:13 840846 830.2070
2019:05:06 15:03:13 873377 32135.1252
2019:05:06 15:03:13 876016 846.9224
2019:05:06 15:03:13 877646 1149.1142
2019:05:06 15:03:13 878854 813.1601
2019:05:06 15:03:13 880073 818.6176
2019:05:06 15:03:13 880917 822.9688
2019:05:06 15:03:13 913380 32062.7131
2019:05:06 15:03:13 916070 1630.5260
2019:05:06 15:03:13 918115 1640.7222
2019:05:06 15:03:13 919330 818.7555
2019:05:06 15:03:13 920151 810.9771
2019:05:06 15:03:13 949382 28835.1178
2019:05:06 15:03:13 952093 1216.0912
2019:05:06 15:03:13 954136 2027.5973
2019:05:06 15:03:13 956211 1641.6274
2019:05:06 15:03:13 981360 24755.7834
2019:05:06 15:03:13 982822 1211.8779
2019:05:06 15:03:13 983711 479.9329
2019:05:06 15:03:13 985264 815.2947
2019:05:06 15:03:13 986109 823.6207
2019:05:06 15:03:13 987322 831.6003
2019:05:06 15:03:13 988552 834.6625
2019:05:06 15:03:14 21386 32439.2766
2019:05:06 15:03:14 23375 830.0692
2019:05:06 15:03:14 24211 819.2807
2019:05:06 15:03:14 26237 1216.9257
2019:05:06 15:03:14 28293 1242.2167
2019:05:06 15:03:14 61383 32687.2021
2019:05:06 15:03:14 63114 1209.9333
2019:05:06 15:03:14 64342 829.6072
2019:05:06 15:03:14 89385 24253.6813
2019:05:06 15:03:14 91773 1240.7228
2019:05:06 15:03:14 93017 844.6127
2019:05:06 15:03:14 95051 1657.1134
2019:05:06 15:03:14 96270 820.5920
2019:05:06 15:03:14 97093 806.8345
2019:05:06 15:03:14 126577 5213.6853
2019:05:06 15:03:14 128228 821.6389
2019:05:06 15:03:14 129041 797.1451
2019:05:06 15:03:14 161380 32251.4139
2019:05:06 15:03:14 164242 1173.9396
2019:05:06 15:03:14 165105 844.6388
2019:05:06 15:03:14 166734 847.8910
2019:05:06 15:03:14 168364 811.2490
2019:05:06 15:03:14 205391 36207.3779
2019:05:06 15:03:14 207165 684.3582
2019:05:06 15:03:14 208503 1243.2002
2019:05:06 15:03:14 245368 36454.9048
2019:05:06 15:03:14 285380 40001.3626
2019:05:06 15:03:14 349368 31986.9407
2019:05:06 15:03:14 351443 2064.1796
2019:05:06 15:03:14 353088 818.4835
2019:05:06 15:03:14 386682 1311.5071
2019:05:06 15:03:14 387925 1225.9260
2019:05:06 15:03:14 421366 33030.7856
2019:05:06 15:03:14 423111 1732.7666
2019:05:06 15:03:14 423972 822.1045
2019:05:06 15:03:14 425217 858.9663
2019:05:06 15:03:14 458749 1368.1166
2019:05:06 15:03:14 459582 818.1557
2019:05:06 15:03:14 460810 833.5896
2019:05:06 15:03:14 489381 28175.7750
2019:05:06 15:03:14 490951 819.4111
2019:05:06 15:03:14 491775 809.7179
2019:05:06 15:03:14 492608 817.9061
2019:05:06 15:03:14 493858 855.1180
2019:05:06 15:03:14 495467 790.3054
2019:05:06 15:03:14 496736 1234.4159
2019:05:06 15:03:14 523388 2027.6196
2019:05:06 15:03:14 525017 1214.0907
2019:05:06 15:03:14 525845 799.0673
2019:05:06 15:03:14 527896 834.0515
2019:05:06 15:03:14 529111 809.6062
2019:05:06 15:03:14 557828 4467.4799
2019:05:06 15:03:14 559454 1235.6117
2019:05:06 15:03:14 560681 821.6314
2019:05:06 15:03:14 581541 20470.0977
2019:05:06 15:03:14 641374 36002.9824
2019:05:06 15:03:14 673390 32003.7156
2019:05:06 15:03:14 675065 839.0583
2019:05:06 15:03:14 676692 1230.0760
2019:05:06 15:03:14 721380 28018.6832
2019:05:06 15:03:14 739370 841.2041
2019:05:06 15:03:14 740569 826.4855
2019:05:06 15:03:14 741404 815.3059
2019:05:06 15:03:14 742631 807.9037
2019:05:06 15:03:14 743871 844.5606
2019:05:06 15:03:14 745114 858.0498
2019:05:06 15:03:14 774156 4782.6543
2019:05:06 15:03:14 775819 830.1474
2019:05:06 15:03:14 777033 824.5185
2019:05:06 15:03:14 817370 15998.3933
2019:05:06 15:03:14 819219 1837.0822
2019:05:06 15:03:14 820388 739.8501
2019:05:06 15:03:14 849380 28524.9874
2019:05:06 15:03:14 851578 2183.5305
2019:05:06 15:03:14 852812 801.3956
2019:05:06 15:03:14 865399 12267.5225
2019:05:06 15:03:14 882852 1236.9230
2019:05:06 15:03:14 884044 801.9917
2019:05:06 15:03:14 885267 797.9050
2019:05:06 15:03:14 897379 12084.7858
2019:05:06 15:03:14 949369 19996.3935
2019:05:06 15:03:14 951443 2061.5868
2019:05:06 15:03:14 952693 844.8437
2019:05:06 15:03:14 985377 32277.1929
2019:05:06 15:03:14 991578 1980.4575
2019:05:06 15:03:14 992407 814.3000
2019:05:06 15:03:15 17384 24575.4980
2019:05:06 15:03:15 19052 1227.0585
2019:05:06 15:03:15 20279 848.2151
2019:05:06 15:03:15 22305 1608.5505
2019:05:06 15:03:15 23542 836.0744
2019:05:06 15:03:15 24771 838.9764
2019:05:06 15:03:15 49394 24226.7735
2019:05:06 15:03:15 89368 12003.8502
2019:05:06 15:03:15 90295 914.0037
2019:05:06 15:03:15 91525 819.2435
2019:05:06 15:03:15 92761 823.7511
2019:05:06 15:03:15 94002 858.3367
2019:05:06 15:03:15 95703 495.4226
2019:05:06 15:03:15 96848 1131.2068
2019:05:06 15:03:15 123472 26216.9503
2019:05:06 15:03:15 125103 797.0557
2019:05:06 15:03:15 126339 1218.9522
2019:05:06 15:03:15 127580 1184.5604
2019:05:06 15:03:15 129233 844.1880
2019:05:06 15:03:15 154623 1261.1113
2019:05:06 15:03:15 155849 1208.4916
2019:05:06 15:03:15 189360 32708.1420
2019:05:06 15:03:15 221380 32008.2009
2019:05:06 15:03:15 250886 1517.3219
2019:05:06 15:03:15 252071 1165.9972
2019:05:06 15:03:15 252898 811.1559
2019:05:06 15:03:15 281383 28081.7896
2019:05:06 15:03:15 283223 830.4939
2019:05:06 15:03:15 284833 1216.0912
2019:05:06 15:03:15 286498 1640.5508
2019:05:06 15:03:15 288526 1703.0686
2019:05:06 15:03:15 306257 17706.8524
2019:05:06 15:03:15 365361 27996.9871
2019:05:06 15:03:15 397385 32011.3301
2019:05:06 15:03:15 430931 1562.6773
2019:05:06 15:03:15 432195 847.1310
2019:05:06 15:03:15 433447 838.7603
2019:05:06 15:03:15 463290 1919.3031
2019:05:06 15:03:15 465774 1641.4523
2019:05:06 15:03:15 467843 825.1406
2019:05:06 15:03:15 493382 24764.4149
2019:05:06 15:03:15 496063 777.7400
2019:05:06 15:03:15 496907 829.7786
2019:05:06 15:03:15 498128 838.0674
2019:05:06 15:03:15 499749 808.4700
2019:05:06 15:03:15 501012 806.9202
2019:05:06 15:03:15 530062 4698.1871
2019:05:06 15:03:15 531711 1236.0401
2019:05:06 15:03:15 557364 25241.2371
2019:05:06 15:03:15 577394 20017.9592
2019:05:06 15:03:15 653368 39990.2165
2019:05:06 15:03:15 685385 32003.1606
2019:05:06 15:03:15 741394 24025.0006
2019:05:06 15:03:15 747611 6204.3853
2019:05:06 15:03:15 749245 1221.6195
2019:05:06 15:03:15 773842 473.7936
2019:05:06 15:03:15 775893 852.6705
2019:05:06 15:03:15 777123 846.8442
2019:05:06 15:03:15 779169 1664.3256
2019:05:06 15:03:15 780381 812.2660
2019:05:06 15:03:15 805800 25022.5365
2019:05:06 15:03:15 807394 803.1242
2019:05:06 15:03:15 808230 820.6628
2019:05:06 15:03:15 809061 716.9768
2019:05:06 15:03:15 811108 1653.8501
2019:05:06 15:03:15 812309 814.5757
2019:05:06 15:03:15 813150 825.9937
2019:05:06 15:03:15 842119 4757.8029
2019:05:06 15:03:15 844172 831.6003
2019:05:06 15:03:15 869387 24801.4890
2019:05:06 15:03:15 917384 16022.2240
2019:05:06 15:03:15 918548 1152.0423
2019:05:06 15:03:15 920183 1225.3970
2019:05:06 15:03:15 922625 1629.4159
2019:05:06 15:03:15 923838 803.1391
2019:05:06 15:03:15 924689 834.7146
2019:05:06 15:03:15 969373 44300.3140
2019:05:06 15:03:16 1387 32002.8737
2019:05:06 15:03:16 69371 36006.5252
2019:05:06 15:03:16 89391 20003.2890
2019:05:06 15:03:16 91770 810.8430
2019:05:06 15:03:16 92603 814.7657
2019:05:06 15:03:16 105729 12724.7646
2019:05:06 15:03:16 107746 780.8767
2019:05:06 15:03:16 108605 836.1824
2019:05:06 15:03:16 121393 12392.3421
2019:05:06 15:03:16 138210 829.9462
2019:05:06 15:03:16 139060 834.3942
2019:05:06 15:03:16 140232 791.7359
2019:05:06 15:03:16 165373 24712.8233
2019:05:06 15:03:16 203066 1691.5128
2019:05:06 15:03:16 203918 477.3401
2019:05:06 15:03:16 205504 835.9030
2019:05:06 15:03:16 206727 1211.2930
2019:05:06 15:03:16 207953 829.6706
2019:05:06 15:03:16 209171 826.9623
2019:05:06 15:03:16 233383 24196.3826
2019:05:06 15:03:16 235797 814.0579
2019:05:06 15:03:16 237040 828.4487
2019:05:06 15:03:16 265377 28152.5180
2019:05:06 15:03:16 299335 1968.4806
2019:05:06 15:03:16 300929 853.9334
2019:05:06 15:03:16 302149 819.7688
2019:05:06 15:03:16 303356 895.3661
2019:05:06 15:03:16 304193 821.2589
2019:05:06 15:03:16 329363 24861.5630
2019:05:06 15:03:16 331119 1739.7255
2019:05:06 15:03:16 332737 809.8520
2019:05:06 15:03:16 337288 4134.9456
2019:05:06 15:03:16 338103 806.0820
2019:05:06 15:03:16 339706 814.1287
2019:05:06 15:03:16 340538 765.7446
2019:05:06 15:03:16 357381 16441.8183
2019:05:06 15:03:16 362347 781.9571
2019:05:06 15:03:16 363165 801.2913
2019:05:06 15:03:16 364399 806.7042
2019:05:06 15:03:16 389388 24175.4539
2019:05:06 15:03:16 457370 32000.4225
2019:05:06 15:03:16 489385 32003.8423
2019:05:06 15:03:16 515139 1769.9413
2019:05:06 15:03:16 515961 793.5464
2019:05:06 15:03:16 517586 837.5980
2019:05:06 15:03:16 519619 2014.1676
2019:05:06 15:03:16 520459 822.8831
2019:05:06 15:03:16 549574 28720.0846
2019:05:06 15:03:16 551193 864.5393
2019:05:06 15:03:16 552441 853.5348
2019:05:06 15:03:16 575913 22683.6540
2019:05:06 15:03:16 596080 10478.2730
2019:05:06 15:03:16 597434 825.0922
2019:05:06 15:03:16 615037 17585.9258
2019:05:06 15:03:16 617515 1632.7500
2019:05:06 15:03:16 618755 1209.5235
2019:05:06 15:03:16 619982 828.5195
2019:05:06 15:03:16 621196 802.9975
2019:05:06 15:03:16 684099 33489.9463
2019:05:06 15:03:16 685124 1009.9523
2019:05:06 15:03:16 686744 830.1362
2019:05:06 15:03:16 687958 833.3288
2019:05:06 15:03:16 689185 833.2171
2019:05:06 15:03:16 690410 820.8156
2019:05:06 15:03:16 691233 813.3426
2019:05:06 15:03:16 692448 825.4126
2019:05:06 15:03:16 693279 815.9541
2019:05:06 15:03:16 722844 936.2027
2019:05:06 15:03:16 724253 938.0914
2019:05:06 15:03:16 725218 496.2608
2019:05:06 15:03:16 726603 940.5203
2019:05:06 15:03:16 728116 1043.5134
2019:05:06 15:03:16 729446 1318.6410
2019:05:06 15:03:16 739320 1760.4604
2019:05:06 15:03:16 740730 940.0919
2019:05:06 15:03:16 757656 16841.6835
2019:05:06 15:03:16 759583 1916.0770
2019:05:06 15:03:16 761522 1496.0468
2019:05:06 15:03:16 763425 1325.3912
2019:05:06 15:03:16 781907 17095.4764
2019:05:06 15:03:16 783155 1235.7347
2019:05:06 15:03:16 784745 1275.9902
2019:05:06 15:03:16 787546 1261.0592
2019:05:06 15:03:16 788816 1257.8890
2019:05:06 15:03:16 811286 850.9122
2019:05:06 15:03:16 815418 2125.9859
2019:05:06 15:03:16 817920 943.5825
2019:05:06 15:03:16 819509 1276.0945
2019:05:06 15:03:16 822307 1205.3587
2019:05:06 15:03:16 825176 1933.7870
2019:05:06 15:03:16 851832 26094.1833
2019:05:06 15:03:16 854661 1906.0299
2019:05:06 15:03:16 855914 1224.9798
2019:05:06 15:03:16 857542 1242.6898
2019:05:06 15:03:16 859320 956.5838
2019:05:06 15:03:16 861628 1082.1149
2019:05:06 15:03:16 876777 2393.7002
2019:05:06 15:03:16 878617 1438.4203
2019:05:06 15:03:16 880880 1638.4237
2019:05:06 15:03:16 881764 845.1529
2019:05:06 15:03:16 884242 1245.0777
2019:05:06 15:03:16 884993 741.0422
2019:05:06 15:03:16 907116 21625.3549
2019:05:06 15:03:16 914056 6121.4827
2019:05:06 15:03:16 916519 1902.3903
2019:05:06 15:03:16 917778 1221.6195
2019:05:06 15:03:16 921500 2136.2156
2019:05:06 15:03:16 942787 21274.7529
2019:05:06 15:03:16 947223 2837.1364
2019:05:06 15:03:16 949700 1616.4556
2019:05:06 15:03:16 952544 1955.6284
2019:05:06 15:03:16 953801 1225.7881
2019:05:06 15:03:16 957118 2131.2460
2019:05:06 15:03:16 997395 39910.2159
2019:05:06 15:03:17 6777 1050.2562
2019:05:06 15:03:17 8157 830.0543
2019:05:06 15:03:17 33384 25206.6888
2019:05:06 15:03:17 35195 1222.0331
2019:05:06 15:03:17 36856 1258.5707
2019:05:06 15:03:17 101373 39986.9718
2019:05:06 15:03:17 103599 2209.5032
2019:05:06 15:03:17 104806 813.3687
2019:05:06 15:03:17 113396 8567.8175
2019:05:06 15:03:17 138876 1253.1765
2019:05:06 15:03:17 140862 1234.9859
2019:05:06 15:03:17 149395 8125.8379
2019:05:06 15:03:17 197821 8455.5633
2019:05:06 15:03:17 199036 1193.8959
2019:05:06 15:03:17 201092 1256.6075
2019:05:06 15:03:17 226079 713.5123
2019:05:06 15:03:17 228103 1644.3953
2019:05:06 15:03:17 229331 1209.8961
2019:05:06 15:03:17 231795 1632.5526
2019:05:06 15:03:17 233826 1232.2515
2019:05:06 15:03:17 270276 8902.5535
2019:05:06 15:03:17 271517 822.4323
2019:05:06 15:03:17 272756 815.4176
2019:05:06 15:03:17 297383 24211.3173
2019:05:06 15:03:17 306764 1223.3667
2019:05:06 15:03:17 307999 837.8588
2019:05:06 15:03:17 333388 24607.0251
2019:05:06 15:03:17 335809 1210.3058
2019:05:06 15:03:17 337450 821.4191
2019:05:06 15:03:17 338689 1221.1911
2019:05:06 15:03:17 340335 822.1976
2019:05:06 15:03:17 342386 1650.3856
2019:05:06 15:03:17 344826 1636.0171
2019:05:06 15:03:17 365387 20518.2396
2019:05:06 15:03:17 368179 1622.9376
2019:05:06 15:03:17 370220 1209.1212
2019:05:06 15:03:17 371849 1205.0346
2019:05:06 15:03:17 373106 830.4603
2019:05:06 15:03:17 374743 1213.5990
2019:05:06 15:03:17 377196 1634.6686
2019:05:06 15:03:17 397387 20174.1755
2019:05:06 15:03:17 398505 812.2101
2019:05:06 15:03:17 400533 1234.8406
2019:05:06 15:03:17 401189 634.7932
2019:05:06 15:03:17 438025 4656.3856
2019:05:06 15:03:17 449376 10354.3028
2019:05:06 15:03:17 487381 2002.1349
2019:05:06 15:03:17 488603 1208.1936
2019:05:06 15:03:17 489812 810.6939
2019:05:06 15:03:17 491458 1215.9012
2019:05:06 15:03:17 493911 1222.1038
2019:05:06 15:03:17 495387 1076.5679
2019:05:06 15:03:17 517365 21006.0365
2019:05:06 15:03:17 518902 1527.6968
