
# OSU MPI Allreduce Latency Test v5.6.1
# Size       Avg Latency(us)
4096                11910.83
2019:05:06 15:02:43 307475 838.7640
2019:05:06 15:02:43 308692 827.4056
2019:05:06 15:02:43 337360 28266.8807
2019:05:06 15:02:43 338593 1226.6785
2019:05:06 15:02:43 339826 834.3533
2019:05:06 15:02:43 341057 836.4357
2019:05:06 15:02:43 343110 1656.4168
2019:05:06 15:02:43 344325 810.5747
2019:05:06 15:02:43 345559 1079.3991
2019:05:06 15:02:43 374006 637.4829
2019:05:06 15:02:43 375230 808.2464
2019:05:06 15:02:43 376057 813.8791
2019:05:06 15:02:43 377287 826.5153
2019:05:06 15:02:43 379697 1163.6689
2019:05:06 15:02:43 380960 819.2956
2019:05:06 15:02:43 409359 28387.0772
2019:05:06 15:02:43 410399 1030.9480
2019:05:06 15:02:43 411269 860.4042
2019:05:06 15:02:43 412101 821.6240
2019:05:06 15:02:43 413317 871.5540
2019:05:06 15:02:43 414979 1652.1998
2019:05:06 15:02:43 416199 817.4740
2019:05:06 15:02:43 417032 479.1841
2019:05:06 15:02:43 455753 1628.6075
2019:05:06 15:02:43 456994 833.6157
2019:05:06 15:02:43 486067 4710.1825
2019:05:06 15:02:43 488106 1607.0977
2019:05:06 15:02:43 489327 1200.5344
2019:05:06 15:02:43 491379 1212.8986
2019:05:06 15:02:43 492611 820.3425
2019:05:06 15:02:43 517365 24742.9572
2019:05:06 15:02:43 523357 1637.8388
2019:05:06 15:02:43 524167 794.0680
2019:05:06 15:02:43 525406 845.7080
2019:05:06 15:02:43 605356 51999.4907
2019:05:06 15:02:43 637374 32009.4861
2019:05:06 15:02:43 701364 31994.5775
2019:05:06 15:02:43 703438 2067.5920
2019:05:06 15:02:43 704261 812.4933
2019:05:06 15:02:43 705494 826.0012
2019:05:06 15:02:43 734557 1195.1439
2019:05:06 15:02:43 735807 829.4471
2019:05:06 15:02:43 737034 835.6199
2019:05:06 15:02:43 739479 2305.4332
2019:05:06 15:02:43 740704 823.2147
2019:05:06 15:02:43 753380 12666.4191
2019:05:06 15:02:43 793555 4197.8806
2019:05:06 15:02:43 795606 1653.4477
2019:05:06 15:02:43 798473 1652.5686
2019:05:06 15:02:43 800102 741.4669
2019:05:06 15:02:43 801330 820.4617
2019:05:06 15:02:43 835737 1639.5897
2019:05:06 15:02:43 836231 481.0616
2019:05:06 15:02:43 861366 24390.6938
2019:05:06 15:02:43 929354 31985.3090
2019:05:06 15:02:43 965363 36001.6339
2019:05:06 15:02:44 49365 48008.4829
2019:05:06 15:02:44 81376 32003.6523
2019:05:06 15:02:44 145358 31999.8041
2019:05:06 15:02:44 177371 32006.8076
2019:05:06 15:02:44 220608 23243.6806
2019:05:06 15:02:44 253355 32739.6244
2019:05:06 15:02:44 285368 32004.3005
2019:05:06 15:02:44 286561 839.1514
2019:05:06 15:02:44 288177 818.4239
2019:05:06 15:02:44 289005 813.5848
2019:05:06 15:02:44 321373 31961.7353
2019:05:06 15:02:44 331407 1632.7687
2019:05:06 15:02:44 332264 449.6388
2019:05:06 15:02:44 357355 24716.8057
2019:05:06 15:02:44 362157 4794.2400
2019:05:06 15:02:44 363369 824.4105
2019:05:06 15:02:44 364585 819.8582
2019:05:06 15:02:44 389367 24772.9123
2019:05:06 15:02:44 430527 1169.6778
2019:05:06 15:02:44 431776 839.6916
2019:05:06 15:02:44 433009 840.3733
2019:05:06 15:02:44 469372 35972.4388
2019:05:06 15:02:44 549353 39995.8342
2019:05:06 15:02:44 589374 40012.6688
2019:05:06 15:02:44 630038 4677.0126
2019:05:06 15:02:44 632290 2239.2459
2019:05:06 15:02:44 657365 24676.8594
2019:05:06 15:02:44 658749 1203.9170
2019:05:06 15:02:44 660382 827.3497
2019:05:06 15:02:44 663678 2885.1479
2019:05:06 15:02:44 664870 808.6637
2019:05:06 15:02:44 693366 28076.5854
2019:05:06 15:02:44 695560 1634.1805
2019:05:06 15:02:44 696789 833.5151
2019:05:06 15:02:44 726844 29651.9287
2019:05:06 15:02:44 728472 798.8587
2019:05:06 15:02:44 730138 1252.1408
2019:05:06 15:02:44 731753 1217.8496
2019:05:06 15:02:44 757356 25589.9690
2019:05:06 15:02:44 758795 1429.2635
2019:05:06 15:02:44 759714 519.0335
2019:05:06 15:02:44 761239 820.0146
2019:05:06 15:02:44 789367 28112.7878
2019:05:06 15:02:44 823752 2395.4809
2019:05:06 15:02:44 825000 837.1435
2019:05:06 15:02:44 827031 1230.4597
2019:05:06 15:02:44 828245 811.3235
2019:05:06 15:02:44 829088 832.2448
2019:05:06 15:02:44 854898 1540.0350
2019:05:06 15:02:44 856526 842.1279
2019:05:06 15:02:44 873370 16438.6109
2019:05:06 15:02:44 874710 1198.4929
2019:05:06 15:02:44 875945 822.8198
2019:05:06 15:02:44 877161 818.7257
2019:05:06 15:02:44 917762 4397.0495
2019:05:06 15:02:44 919367 1212.2616
2019:05:06 15:02:44 920591 802.9006
2019:05:06 15:02:44 953369 32363.2993
2019:05:06 15:02:44 997943 4586.6035
2019:05:06 15:02:44 999596 1237.7538
2019:05:06 15:02:45 807 818.7406
2019:05:06 15:02:45 33367 32157.6409
2019:05:06 15:02:45 105365 32007.6533
2019:05:06 15:02:45 110871 5497.1129
2019:05:06 15:02:45 112488 811.0516
2019:05:06 15:02:45 113317 812.1766
2019:05:06 15:02:45 142012 4654.9663
2019:05:06 15:02:45 144856 1649.6889
2019:05:06 15:02:45 169375 24123.7767
2019:05:06 15:02:45 205814 4453.7373
2019:05:06 15:02:45 207858 935.8972
2019:05:06 15:02:45 208980 1111.6900
2019:05:06 15:02:45 285356 39999.2615
2019:05:06 15:02:45 287100 1734.9385
2019:05:06 15:02:45 288727 817.3548
2019:05:06 15:02:45 325356 36219.0045
2019:05:06 15:02:45 373367 48002.4554
2019:05:06 15:02:45 465355 47998.9089
2019:05:06 15:02:45 513373 48006.8922
2019:05:06 15:02:45 601357 39995.2345
2019:05:06 15:02:45 641368 40002.6068
2019:05:06 15:02:45 643347 820.0891
2019:05:06 15:02:45 644176 814.5720
2019:05:06 15:02:45 645408 832.9265
2019:05:06 15:02:45 685873 4516.5233
2019:05:06 15:02:45 701364 14312.9081
2019:05:06 15:02:45 745813 4446.8008
2019:05:06 15:02:45 747840 1245.2155
2019:05:06 15:02:45 793378 44722.5980
2019:05:06 15:02:45 889357 47989.6702
2019:05:06 15:02:45 937381 48015.2778
2019:05:06 15:02:46 33362 47987.3493
2019:05:06 15:02:46 81380 48008.7548
2019:05:06 15:02:46 169354 43990.0458
2019:05:06 15:02:46 170950 1582.2686
2019:05:06 15:02:46 172603 1228.0494
2019:05:06 15:02:46 205379 32362.3456
2019:05:06 15:02:46 215040 1598.2054
2019:05:06 15:02:46 241354 25487.4788
2019:05:06 15:02:46 246589 5225.6882
2019:05:06 15:02:46 247809 824.2428
2019:05:06 15:02:46 248635 815.9168
2019:05:06 15:02:46 277354 28321.6648
2019:05:06 15:02:46 309370 32005.1685
2019:05:06 15:02:46 312175 1198.0198
2019:05:06 15:02:46 313417 829.1192
2019:05:06 15:02:46 316281 1240.2162
2019:05:06 15:02:46 317097 807.7323
2019:05:06 15:02:46 383376 34012.3251
2019:05:06 15:02:46 385645 2259.9250
2019:05:06 15:02:46 387264 817.1462
2019:05:06 15:02:46 388093 820.2381
2019:05:06 15:02:46 389319 825.4275
2019:05:06 15:02:46 418143 4785.3850
2019:05:06 15:02:46 420591 1633.9384
2019:05:06 15:02:46 453379 32378.7741
2019:05:06 15:02:46 456660 2039.4847
2019:05:06 15:02:46 457896 1210.7976
2019:05:06 15:02:46 459528 1211.5613
2019:05:06 15:02:46 460366 824.1497
2019:05:06 15:02:46 493366 32597.6163
2019:05:06 15:02:46 534620 1263.9314
2019:05:06 15:02:46 535455 822.0002
2019:05:06 15:02:46 537065 815.1457
2019:05:06 15:02:46 573363 35873.3274
2019:05:06 15:02:46 609369 35999.1901
2019:05:06 15:02:46 646078 4715.2378
2019:05:06 15:02:46 648083 1220.3231
2019:05:06 15:02:46 673355 24463.7169
2019:05:06 15:02:46 678514 5150.0686
2019:05:06 15:02:46 697370 18151.9873
2019:05:06 15:02:46 698880 808.9878
2019:05:06 15:02:46 700099 1113.9698
2019:05:06 15:02:46 701042 542.5997
2019:05:06 15:02:46 729370 28052.1736
2019:05:06 15:02:46 801354 39998.0508
2019:05:06 15:02:46 841368 40003.5121
2019:05:06 15:02:46 842695 1225.3225
2019:05:06 15:02:46 843918 816.5240
2019:05:06 15:02:46 845146 820.6703
2019:05:06 15:02:46 886128 4765.9725
2019:05:06 15:02:46 888159 1235.5745
2019:05:06 15:02:46 913366 24793.5839
2019:05:06 15:02:46 918849 1221.3215
2019:05:06 15:02:46 919657 800.9598
2019:05:06 15:02:46 920877 815.6709
2019:05:06 15:02:46 945364 24473.9056
2019:05:06 15:02:46 985956 599.9170
2019:05:06 15:02:46 987603 827.6179
2019:05:06 15:02:46 988831 827.8713
2019:05:06 15:02:47 25369 36141.8687
2019:05:06 15:02:47 31433 1199.0778
2019:05:06 15:02:47 32667 1224.2571
2019:05:06 15:02:47 77737 4379.2725
2019:05:06 15:02:47 79349 815.5406
2019:05:06 15:02:47 80167 752.5571
2019:05:06 15:02:47 113369 32800.2088
2019:05:06 15:02:47 158191 4834.7786
2019:05:06 15:02:47 160631 822.8570
2019:05:06 15:02:47 193366 32724.1793
2019:05:06 15:02:47 269377 40019.6351
2019:05:06 15:02:47 271014 1628.7751
2019:05:06 15:02:47 272234 825.6398
2019:05:06 15:02:47 273062 627.5475
2019:05:06 15:02:47 275228 1739.3753
2019:05:06 15:02:47 276450 826.9474
2019:05:06 15:02:47 309360 32508.6452
2019:05:06 15:02:47 349371 39999.3137
2019:05:06 15:02:47 351207 831.5742
2019:05:06 15:02:47 353237 1305.9191
2019:05:06 15:02:47 389371 35715.1069
2019:05:06 15:02:47 469362 39999.3956
2019:05:06 15:02:47 509369 39999.4627
2019:05:06 15:02:47 511933 802.8448
2019:05:06 15:02:47 513562 1213.2935
2019:05:06 15:02:47 514805 830.5758
2019:05:06 15:02:47 516018 820.8416
2019:05:06 15:02:47 516844 814.2889
2019:05:06 15:02:47 549370 32119.4381
2019:05:06 15:02:47 591200 1841.3141
2019:05:06 15:02:47 592015 802.0066
2019:05:06 15:02:47 593242 828.3257
2019:05:06 15:02:47 669355 39999.4776
2019:05:06 15:02:47 674892 5526.9450
2019:05:06 15:02:47 676041 725.4444
2019:05:06 15:02:47 713355 36823.6303
2019:05:06 15:02:47 753366 40001.5563
2019:05:06 15:02:47 755520 822.7453
2019:05:06 15:02:47 756734 822.7043
2019:05:06 15:02:47 805360 48213.4931
2019:05:06 15:02:47 845375 40006.0862
2019:05:06 15:02:47 847678 1246.4523
2019:05:06 15:02:47 848904 835.0499
2019:05:06 15:02:47 850127 829.6259
2019:05:06 15:02:47 852165 1217.3913
2019:05:06 15:02:47 852992 817.5597
2019:05:06 15:02:47 923380 38017.0606
2019:05:06 15:02:47 924377 988.4834
2019:05:06 15:02:47 961355 36571.7113
2019:05:06 15:02:48 1369 40005.8664
2019:05:06 15:02:48 42290 931.7175
2019:05:06 15:02:48 44316 2019.2750
2019:05:06 15:02:48 81366 36625.9627
2019:05:06 15:02:48 86927 5551.6735
2019:05:06 15:02:48 88973 843.3908
2019:05:06 15:02:48 121371 32388.7244
2019:05:06 15:02:48 166750 5392.6744
2019:05:06 15:02:48 168397 825.0177
2019:05:06 15:02:48 197367 28152.8533
2019:05:06 15:02:48 277355 39987.3145
2019:05:06 15:02:48 279377 2012.8377
2019:05:06 15:02:48 280589 807.6876
2019:05:06 15:02:48 281423 817.2989
2019:05:06 15:02:48 282654 840.2988
2019:05:06 15:02:48 283883 836.9647
2019:05:06 15:02:48 285110 834.3272
2019:05:06 15:02:48 326216 859.0184
2019:05:06 15:02:48 327855 836.1079
2019:05:06 15:02:48 329084 839.5575
2019:05:06 15:02:48 330718 1240.1640
2019:05:06 15:02:48 331969 833.4294
2019:05:06 15:02:48 369366 36605.4773
2019:05:06 15:02:48 417359 27998.7380
2019:05:06 15:02:48 453367 35999.7973
2019:05:06 15:02:48 455764 820.2158
2019:05:06 15:02:48 456977 826.8505
2019:05:06 15:02:48 501358 44367.2463
2019:05:06 15:02:48 502831 1466.2556
2019:05:06 15:02:48 505682 1636.1177
2019:05:06 15:02:48 581359 40002.3796
2019:05:06 15:02:48 625373 44002.2200
2019:05:06 15:02:48 665862 504.7470
2019:05:06 15:02:48 667075 835.2585
2019:05:06 15:02:48 668301 832.3342
2019:05:06 15:02:48 705359 36662.0608
2019:05:06 15:02:48 710918 5550.3473
2019:05:06 15:02:48 712523 811.5247
2019:05:06 15:02:48 713340 806.1714
2019:05:06 15:02:48 757739 4381.1761
2019:05:06 15:02:48 759338 1576.9303
2019:05:06 15:02:48 760580 835.8620
2019:05:06 15:02:48 805649 4292.1156
2019:05:06 15:02:48 807667 1216.2738
2019:05:06 15:02:48 808896 822.1529
2019:05:06 15:02:48 841368 32061.0628
2019:05:06 15:02:48 886011 4654.2585
2019:05:06 15:02:48 888070 1631.5170
2019:05:06 15:02:48 913367 24480.8458
2019:05:06 15:02:48 949590 4227.0273
2019:05:06 15:02:48 951206 1240.9538
2019:05:06 15:02:48 952432 826.0235
2019:05:06 15:02:48 977371 24543.0507
2019:05:06 15:02:48 984452 2481.7586
2019:05:06 15:02:49 9370 24525.7095
2019:05:06 15:02:49 49957 596.0874
2019:05:06 15:02:49 51189 821.7245
2019:05:06 15:02:49 52010 811.4055
2019:05:06 15:02:49 53237 819.6309
2019:05:06 15:02:49 98188 831.7418
2019:05:06 15:02:49 100241 1641.8695
2019:05:06 15:02:49 101085 820.3909
2019:05:06 15:02:49 145982 625.3123
2019:05:06 15:02:49 148025 1652.0135
2019:05:06 15:02:49 193355 44920.8617
2019:05:06 15:02:49 194798 1432.1357
2019:05:06 15:02:49 196027 1216.2291
2019:05:06 15:02:49 197270 1223.9814
2019:05:06 15:02:49 234097 4726.1454
2019:05:06 15:02:49 235312 794.1015
2019:05:06 15:02:49 236128 806.0336
2019:05:06 15:02:49 236960 822.4733
2019:05:06 15:02:49 293355 31982.4666
2019:05:06 15:02:49 325371 32007.9774
2019:05:06 15:02:49 389366 32007.6421
2019:05:06 15:02:49 433367 43987.2667
2019:05:06 15:02:49 435484 1235.3845
2019:05:06 15:02:49 436696 813.0968
2019:05:06 15:02:49 473359 36252.2677
2019:05:06 15:02:49 478880 5510.9151
2019:05:06 15:02:49 480532 1221.9362
2019:05:06 15:02:49 521366 40447.9764
2019:05:06 15:02:49 527454 1248.1287
2019:05:06 15:02:49 528662 830.7733
2019:05:06 15:02:49 569364 40304.4336
2019:05:06 15:02:49 575361 1221.7425
2019:05:06 15:02:49 576569 812.4746
2019:05:06 15:02:49 609370 32396.5177
2019:05:06 15:02:49 673354 31993.6462
2019:05:06 15:02:49 674523 1158.3418
2019:05:06 15:02:49 675710 770.5204
2019:05:06 15:02:49 676578 859.1302
2019:05:06 15:02:49 709357 32378.0738
2019:05:06 15:02:49 741367 31997.9489
2019:05:06 15:02:49 770516 1157.3657
2019:05:06 15:02:49 771753 824.2354
2019:05:06 15:02:49 772967 818.8821
2019:05:06 15:02:49 801371 28394.1180
2019:05:06 15:02:49 841365 39986.0702
2019:05:06 15:02:49 847294 1617.0591
2019:05:06 15:02:49 848521 828.7504
2019:05:06 15:02:49 889366 40439.1587
2019:05:06 15:02:49 895631 1609.4595
2019:05:06 15:02:49 896851 827.4317
2019:05:06 15:02:49 941366 44370.5916
2019:05:06 15:02:49 943953 815.1419
2019:05:06 15:02:49 945185 832.5540
2019:05:06 15:02:50 21356 39999.3137
2019:05:06 15:02:50 57370 36001.8611
2019:05:06 15:02:50 58752 812.0835
2019:05:06 15:02:50 59576 813.8083
2019:05:06 15:02:50 60808 828.3295
2019:05:06 15:02:50 89376 28167.3260
2019:05:06 15:02:50 153354 31998.1799
2019:05:06 15:02:50 154376 1010.3285
2019:05:06 15:02:50 155606 824.8761
2019:05:06 15:02:50 156834 828.5791
2019:05:06 15:02:50 193373 36138.3371
2019:05:06 15:02:50 199646 1995.3176
2019:05:06 15:02:50 200475 818.6996
2019:05:06 15:02:50 237368 36486.9870
2019:05:06 15:02:50 279408 2050.4706
2019:05:06 15:02:50 280238 805.5717
2019:05:06 15:02:50 281465 832.1628
2019:05:06 15:02:50 357355 39996.0019
2019:05:06 15:02:50 393369 36005.7913
2019:05:06 15:02:50 394779 815.3729
2019:05:06 15:02:50 395602 811.5880
2019:05:06 15:02:50 396549 540.3794
2019:05:06 15:02:50 433358 36123.4285
2019:05:06 15:02:50 438455 5089.3463
2019:05:06 15:02:50 440049 812.2809
2019:05:06 15:02:50 440884 814.4081
2019:05:06 15:02:50 473372 32082.6136
2019:05:06 15:02:50 517651 4295.3938
2019:05:06 15:02:50 520072 838.1009
2019:05:06 15:02:50 553355 32485.7719
2019:05:06 15:02:50 593370 40004.9910
2019:05:06 15:02:50 677361 40006.5817
2019:05:06 15:02:50 713367 35998.4152
2019:05:06 15:02:50 757863 4506.9493
2019:05:06 15:02:50 759900 790.4395
2019:05:06 15:02:50 761140 819.8619
2019:05:06 15:02:50 793370 32217.8863
2019:05:06 15:02:50 873355 39996.7693
2019:05:06 15:02:50 874735 1370.9925
2019:05:06 15:02:50 875559 813.6891
2019:05:06 15:02:50 876384 740.3269
2019:05:06 15:02:50 913360 36572.6724
2019:05:06 15:02:50 918539 5168.9446
2019:05:06 15:02:50 920146 812.1692
2019:05:06 15:02:50 920981 823.7474
2019:05:06 15:02:50 993356 39997.6484
2019:05:06 15:02:50 998994 5630.7316
2019:05:06 15:02:51 595 804.8303
2019:05:06 15:02:51 1113 504.1882
2019:05:06 15:02:51 73357 39999.4105
2019:05:06 15:02:51 113369 40002.0480
2019:05:06 15:02:51 114890 823.1811
2019:05:06 15:02:51 116098 808.9021
2019:05:06 15:02:51 117322 801.1386
2019:05:06 15:02:51 153368 35625.5248
2019:05:06 15:02:51 159919 2417.9406
2019:05:06 15:02:51 160750 821.5979
2019:05:06 15:02:51 193364 32212.8870
2019:05:06 15:02:51 269354 39997.4175
2019:05:06 15:02:51 309370 40008.1649
2019:05:06 15:02:51 350933 1572.9405
2019:05:06 15:02:51 352589 1244.0383
2019:05:06 15:02:51 354430 1451.5296
2019:05:06 15:02:51 356272 1240.1640
2019:05:06 15:02:51 389369 32902.4494
2019:05:06 15:02:51 469356 39986.9904
2019:05:06 15:02:51 509368 40001.1726
2019:05:06 15:02:51 589361 40004.5812
2019:05:06 15:02:51 591476 2108.4361
2019:05:06 15:02:51 592679 828.8100
2019:05:06 15:02:51 593913 832.7290
2019:05:06 15:02:51 595949 1216.1098
2019:05:06 15:02:51 629362 33010.3710
2019:05:06 15:02:51 669367 39997.8496
2019:05:06 15:02:51 672750 1220.1816
2019:05:06 15:02:51 709355 36570.2100
2019:05:06 15:02:51 749372 40007.0809
2019:05:06 15:02:51 833355 39984.9117
2019:05:06 15:02:51 873368 40002.6888
2019:05:06 15:02:51 879099 1590.9746
2019:05:06 15:02:51 879925 815.9764
2019:05:06 15:02:51 881140 850.5881
2019:05:06 15:02:51 913367 32216.9885
2019:05:06 15:02:51 989358 40001.9996
2019:05:06 15:02:52 29370 40001.8618
2019:05:06 15:02:52 74413 1056.7978
2019:05:06 15:02:52 75664 838.8422
2019:05:06 15:02:52 113359 36883.0487
2019:05:06 15:02:52 118446 5078.8224
2019:05:06 15:02:52 119689 837.7992
2019:05:06 15:02:52 120886 816.6842
2019:05:06 15:02:52 153369 32080.8105
2019:05:06 15:02:52 209360 21982.6624
2019:05:06 15:02:52 221374 12005.8432
2019:05:06 15:02:52 263186 1826.8079
2019:05:06 15:02:52 264419 838.1382
2019:05:06 15:02:52 266053 821.7953
2019:05:06 15:02:52 267698 849.6940
2019:05:06 15:02:52 268905 819.8805
2019:05:06 15:02:52 341355 39992.9695
2019:05:06 15:02:52 342977 1609.6197
2019:05:06 15:02:52 344185 795.7257
2019:05:06 15:02:52 381355 36766.3763
2019:05:06 15:02:52 421371 40007.1219
2019:05:06 15:02:52 423055 796.7465
2019:05:06 15:02:52 461370 37919.2680
2019:05:06 15:02:52 541355 39996.8773
2019:05:06 15:02:52 541941 576.3285
2019:05:06 15:02:52 543160 510.5808
2019:05:06 15:02:52 544698 724.8409
2019:05:06 15:02:52 581368 36162.4025
2019:05:06 15:02:52 587018 5642.5259
2019:05:06 15:02:52 588243 811.6998
2019:05:06 15:02:52 621369 32694.5111
2019:05:06 15:02:52 665960 4605.4311
2019:05:06 15:02:52 667607 1226.6748
2019:05:06 15:02:52 668837 830.4603
2019:05:06 15:02:52 701369 32525.5468
2019:05:06 15:02:52 781361 40004.8420
2019:05:06 15:02:52 783029 1659.6206
2019:05:06 15:02:52 784281 834.7929
2019:05:06 15:02:52 813358 28697.6472
2019:05:06 15:02:52 845371 32003.2574
2019:05:06 15:02:52 878057 701.4722
2019:05:06 15:02:52 880516 1623.0866
2019:05:06 15:02:52 909366 28453.0856
2019:05:06 15:02:52 941368 31995.6727
2019:05:06 15:02:52 974707 1338.9327
2019:05:06 15:02:52 976776 1233.6411
2019:05:06 15:02:53 13364 36177.3297
2019:05:06 15:02:53 89356 39993.0514
2019:05:06 15:02:53 129365 39996.9220
2019:05:06 15:02:53 209361 40004.4918
2019:05:06 15:02:53 211446 2077.0393
2019:05:06 15:02:53 212665 836.0185
2019:05:06 15:02:53 214702 1238.5845
2019:05:06 15:02:53 215935 1219.2652
2019:05:06 15:02:53 217158 818.0402
2019:05:06 15:02:53 277360 32000.3144
2019:05:06 15:02:53 309370 32002.6316
2019:05:06 15:02:53 311363 808.0490
2019:05:06 15:02:53 312182 806.8942
2019:05:06 15:02:53 313416 832.9935
2019:05:06 15:02:53 381355 39994.0535
2019:05:06 15:02:53 387600 6235.8007
2019:05:06 15:02:53 389212 1232.8327
2019:05:06 15:02:53 473355 47997.9739
2019:05:06 15:02:53 521368 48004.6757
2019:05:06 15:02:53 566590 5233.0829
2019:05:06 15:02:53 568640 826.2843
2019:05:06 15:02:53 601366 32720.0964
2019:05:06 15:02:53 665356 31993.2252
2019:05:06 15:02:53 695385 30020.3040
2019:05:06 15:02:53 733740 4379.5146
2019:05:06 15:02:53 735359 818.3904
2019:05:06 15:02:53 736588 822.0077
2019:05:06 15:02:53 769372 32773.4202
2019:05:06 15:02:53 865355 47998.5252
2019:05:06 15:02:53 913370 48006.1732
2019:05:06 15:02:53 955318 1955.5837
2019:05:06 15:02:53 956144 809.1480
2019:05:06 15:02:53 957373 826.7872
2019:05:06 15:02:53 959805 1641.9441
2019:05:06 15:02:53 960635 814.4453
2019:05:06 15:02:53 993373 32316.2787
2019:05:06 15:02:54 57360 31999.9196
2019:05:06 15:02:54 89374 32004.0770
2019:05:06 15:02:54 161355 39990.1345
2019:05:06 15:02:54 213376 52013.7399
2019:05:06 15:02:54 309355 47996.7035
2019:05:06 15:02:54 349373 40009.5396
2019:05:06 15:02:54 385764 4395.7010
2019:05:06 15:02:54 387774 817.2803
2019:05:06 15:02:54 389005 828.4040
2019:05:06 15:02:54 419004 1648.7390
2019:05:06 15:02:54 419836 814.5422
2019:05:06 15:02:54 421066 841.1258
2019:05:06 15:02:54 449365 27908.0942
2019:05:06 15:02:54 482559 1203.3805
2019:05:06 15:02:54 484605 1238.3461
2019:05:06 15:02:54 485845 839.1291
2019:05:06 15:02:54 487482 819.5490
2019:05:06 15:02:54 488683 811.0963
2019:05:06 15:02:54 513889 24788.0369
2019:05:06 15:02:54 515550 832.0175
2019:05:06 15:02:54 516766 827.3609
2019:05:06 15:02:54 553374 36205.5935
2019:05:06 15:02:54 641356 47997.1990
2019:05:06 15:02:54 687388 46022.1767
2019:05:06 15:02:54 727058 1700.2523
2019:05:06 15:02:54 728286 817.2505
2019:05:06 15:02:54 729136 837.3857
2019:05:06 15:02:54 769894 4526.6077
2019:05:06 15:02:54 771139 830.4045
2019:05:06 15:02:54 772373 826.8729
2019:05:06 15:02:54 797366 24193.9910
2019:05:06 15:02:54 803507 2035.9084
2019:05:06 15:02:54 804650 749.7817
2019:05:06 15:02:54 829369 24240.6577
2019:05:06 15:02:54 865828 4465.6247
2019:05:06 15:02:54 867051 827.5658
2019:05:06 15:02:54 868279 828.1581
2019:05:06 15:02:54 893373 24693.3810
2019:05:06 15:02:54 899623 2033.6471
2019:05:06 15:02:54 900436 803.2992
2019:05:06 15:02:54 933368 32532.2822
2019:05:06 15:02:55 21367 48009.6340
2019:05:06 15:02:55 65369 43991.7110
2019:05:06 15:02:55 107022 1656.9048
2019:05:06 15:02:55 107506 470.4148
2019:05:06 15:02:55 108654 828.3257
2019:05:06 15:02:55 109548 493.8319
2019:05:06 15:02:55 111595 750.1431
2019:05:06 15:02:55 112486 881.3366
2019:05:06 15:02:55 113318 822.0077
2019:05:06 15:02:55 177354 31991.1614
2019:05:06 15:02:55 209367 32003.8609
2019:05:06 15:02:55 273360 31993.0688
2019:05:06 15:02:55 313368 39996.7395
2019:05:06 15:02:55 401356 47997.6274
2019:05:06 15:02:55 449374 48007.9800
2019:05:06 15:02:55 490679 1312.5986
2019:05:06 15:02:55 491481 790.2980
2019:05:06 15:02:55 492698 823.7474
2019:05:06 15:02:55 493530 821.8512
2019:05:06 15:02:55 495170 837.3633
2019:05:06 15:02:55 495983 803.8655
2019:05:06 15:02:55 497212 821.6165
2019:05:06 15:02:55 561355 31991.7984
2019:05:06 15:02:55 593377 32010.6335
2019:05:06 15:02:55 657355 31993.0688
2019:05:06 15:02:55 697379 40013.6933
2019:05:06 15:02:55 797355 51997.1289
2019:05:06 15:02:55 845368 48004.0722
2019:05:06 15:02:55 925171 39812.0619
2019:05:06 15:02:55 927049 1869.9244
2019:05:06 15:02:55 928291 829.0224
2019:05:06 15:02:55 985357 56666.4860
2019:05:06 15:02:56 33371 48004.6347
2019:05:06 15:02:56 35190 1210.8460
2019:05:06 15:02:56 36411 827.9160
2019:05:06 15:02:56 65361 28549.5408
2019:05:06 15:02:56 66967 1596.7377
2019:05:06 15:02:56 68593 814.8998
2019:05:06 15:02:56 105365 36365.3339
2019:05:06 15:02:56 153369 47995.1911
2019:05:06 15:02:56 237355 39996.7879
2019:05:06 15:02:56 243116 5752.5337
2019:05:06 15:02:56 244723 806.7563
2019:05:06 15:02:56 277367 32625.8130
2019:05:06 15:02:56 338189 830.6615
2019:05:06 15:02:56 339017 802.3605
2019:05:06 15:02:56 340244 838.6821
2019:05:06 15:02:56 385355 44723.7454
2019:05:06 15:02:56 387329 1966.2268
2019:05:06 15:02:56 388577 849.2433
2019:05:06 15:02:56 441370 52404.5937
2019:05:06 15:02:56 475427 1600.5784
2019:05:06 15:02:56 476261 822.5255
2019:05:06 15:02:56 477491 829.5886
2019:05:06 15:02:56 479548 843.3014
2019:05:06 15:02:56 480774 839.3005
2019:05:06 15:02:56 521367 40199.9950
2019:05:06 15:02:56 523504 811.6290
2019:05:06 15:02:56 523969 455.0703
2019:05:06 15:02:56 525156 812.8434
2019:05:06 15:02:56 527209 1633.3498
2019:05:06 15:02:56 528850 1224.5402
2019:05:06 15:02:56 617378 40018.7969
2019:05:06 15:02:56 620582 3196.3922
2019:05:06 15:02:56 621828 845.0337
2019:05:06 15:02:56 623436 822.0114
2019:05:06 15:02:56 624281 827.7223
2019:05:06 15:02:56 657369 32700.9335
2019:05:06 15:02:56 697732 4374.4184
2019:05:06 15:02:56 699768 1714.2408
2019:05:06 15:02:56 700993 898.0073
2019:05:06 15:02:56 746028 4665.0954
2019:05:06 15:02:56 747623 800.4531
2019:05:06 15:02:56 748876 831.4475
2019:05:06 15:02:56 794194 4836.4811
2019:05:06 15:02:56 796230 846.7808
2019:05:06 15:02:56 841369 44747.3004
2019:05:06 15:02:56 843556 825.5653
2019:05:06 15:02:56 844788 826.1986
2019:05:06 15:02:56 881369 36176.9125
2019:05:06 15:02:56 977362 48004.2696
2019:05:06 15:02:57 17368 39998.2743
2019:05:06 15:02:57 89359 32001.5103
2019:05:06 15:02:57 121376 32006.5767
2019:05:06 15:02:57 185359 32002.6986
2019:05:06 15:02:57 225368 40001.0683
2019:05:06 15:02:57 227932 1232.6650
2019:05:06 15:02:57 229557 1242.5296
2019:05:06 15:02:57 313355 47998.8083
2019:05:06 15:02:57 361369 48005.3090
2019:05:06 15:02:57 441353 39995.3611
2019:05:06 15:02:57 473370 32007.4037
2019:05:06 15:02:57 537355 31998.2320
2019:05:06 15:02:57 569375 32010.0114
2019:05:06 15:02:57 610784 1425.4153
2019:05:06 15:02:57 611614 819.4521
2019:05:06 15:02:57 612848 839.2297
2019:05:06 15:02:57 649369 36131.1920
2019:05:06 15:02:57 705819 8458.7000
2019:05:06 15:02:57 708295 1642.4358
2019:05:06 15:02:57 753355 44663.6453
2019:05:06 15:02:57 759076 5711.0824
2019:05:06 15:02:57 760287 813.1266
2019:05:06 15:02:57 761119 821.3446
2019:05:06 15:02:57 797370 36090.5714
2019:05:06 15:02:57 799113 828.3891
2019:05:06 15:02:57 800330 813.3985
2019:05:06 15:02:57 837365 36632.2547
2019:05:06 15:02:57 843335 5963.6272
2019:05:06 15:02:57 844567 819.4894
2019:05:06 15:02:57 869368 24393.1860
2019:05:06 15:02:57 875725 1997.2511
2019:05:06 15:02:57 876959 948.5893
2019:05:06 15:02:57 901372 24395.7378
2019:05:06 15:02:57 938030 4655.2457
2019:05:06 15:02:57 940025 816.2558
2019:05:06 15:02:57 940860 825.1108
2019:05:06 15:02:57 965377 24117.5033
2019:05:06 15:02:57 971571 1634.9740
2019:05:06 15:02:57 972398 813.9908
2019:05:06 15:02:57 973225 651.3484
2019:05:06 15:02:58 49364 44007.1337
2019:05:06 15:02:58 97368 47996.6141
2019:05:06 15:02:58 185355 39996.2962
2019:05:06 15:02:58 225374 40011.0483
2019:05:06 15:02:58 228068 1216.2365
2019:05:06 15:02:58 229729 1244.6344
2019:05:06 15:02:58 231347 1231.6629
2019:05:06 15:02:58 232572 813.7785
2019:05:06 15:02:58 257641 24665.0241
2019:05:06 15:02:58 259233 811.2788
2019:05:06 15:02:58 260051 808.0602
2019:05:06 15:02:58 260885 822.4621
2019:05:06 15:02:58 289365 28080.8657
2019:05:06 15:02:58 322692 1334.4660
2019:05:06 15:02:58 323929 1218.5313
2019:05:06 15:02:58 325151 821.8698
2019:05:06 15:02:58 326799 844.3370
2019:05:06 15:02:58 328413 803.5563
2019:05:06 15:02:58 353753 25324.3260
2019:05:06 15:02:58 356193 829.8531
2019:05:06 15:02:58 357420 833.7274
2019:05:06 15:02:58 397311 3952.2052
2019:05:06 15:02:58 398146 827.4689
2019:05:06 15:02:58 399748 816.4048
2019:05:06 15:02:58 400461 702.3364
2019:05:06 15:02:58 441355 40375.2588
2019:05:06 15:02:58 489370 48005.0407
2019:05:06 15:02:58 577354 39994.6049
2019:05:06 15:02:58 609371 32007.6197
2019:05:06 15:02:58 611922 809.4683
2019:05:06 15:02:58 613569 1253.1392
2019:05:06 15:02:58 615612 832.0026
2019:05:06 15:02:58 616449 825.9825
2019:05:06 15:02:58 645358 28118.8525
2019:05:06 15:02:58 677371 32005.9061
2019:05:06 15:02:58 757354 39996.9034
2019:05:06 15:02:58 758096 734.5527
2019:05:06 15:02:58 759711 809.2858
2019:05:06 15:02:58 760542 820.7746
2019:05:06 15:02:58 797373 36424.1377
2019:05:06 15:02:58 802641 5259.5027
2019:05:06 15:02:58 803553 519.6556
2019:05:06 15:02:58 805072 815.4102
2019:05:06 15:02:58 845363 40279.6492
2019:05:06 15:02:58 850844 1236.5468
2019:05:06 15:02:58 851640 785.7867
2019:05:06 15:02:58 852868 827.8675
2019:05:06 15:02:58 893365 40096.4692
2019:05:06 15:02:58 899142 1617.4540
2019:05:06 15:02:58 899956 808.2204
2019:05:06 15:02:58 901172 819.8284
2019:05:06 15:02:58 933365 32183.8558
2019:05:06 15:02:58 977669 4311.2673
2019:05:06 15:02:58 979688 1218.8740
2019:05:06 15:02:58 980513 814.0504
2019:05:06 15:02:58 981331 745.5796
2019:05:06 15:02:59 37358 31997.1852
2019:05:06 15:02:59 43239 5871.6461
2019:05:06 15:02:59 44467 813.6183
2019:05:06 15:02:59 73366 28490.4763
2019:05:06 15:02:59 76041 1228.4778
2019:05:06 15:02:59 77270 822.6261
2019:05:06 15:02:59 137356 31999.0367
2019:05:06 15:02:59 139247 1881.7186
2019:05:06 15:02:59 140478 827.0554
2019:05:06 15:02:59 142102 1226.6077
2019:05:06 15:02:59 143355 831.3023
2019:05:06 15:02:59 144989 1242.5706
2019:05:06 15:02:59 225356 47985.9039
2019:05:06 15:02:59 273371 48004.7800
2019:05:06 15:02:59 361355 39996.9928
2019:05:06 15:02:59 363457 2092.4248
2019:05:06 15:02:59 365072 1210.0898
2019:05:06 15:02:59 393354 27862.7016
2019:05:06 15:02:59 425369 32005.4740
2019:05:06 15:02:59 428256 1767.7136
2019:05:06 15:02:59 429895 1292.2399
2019:05:06 15:02:59 431130 833.8280
2019:05:06 15:02:59 432364 825.3306
2019:05:06 15:02:59 458065 25311.8053
2019:05:06 15:02:59 460533 1225.4305
2019:05:06 15:02:59 489354 28427.2879
2019:05:06 15:02:59 521367 32005.9657
2019:05:06 15:02:59 523633 813.8344
2019:05:06 15:02:59 524866 824.4812
2019:05:06 15:02:59 526088 815.9019
2019:05:06 15:02:59 527733 834.0441
2019:05:06 15:02:59 528966 1221.8207
2019:05:06 15:02:59 609356 47992.4865
2019:05:06 15:02:59 657368 48002.8018
2019:05:06 15:02:59 699107 1749.8992
2019:05:06 15:02:59 699918 798.4973
2019:05:06 15:02:59 701139 823.2407
2019:05:06 15:02:59 715085 13936.5755
2019:05:06 15:02:59 717117 1205.8951
2019:05:06 15:02:59 745821 4461.6647
2019:05:06 15:02:59 747450 1232.8401
2019:05:06 15:02:59 748672 831.6375
2019:05:06 15:02:59 769379 20306.2557
2019:05:06 15:02:59 833361 31999.1894
2019:05:06 15:02:59 865367 31998.0271
2019:05:06 15:02:59 929356 31993.3109
2019:05:06 15:02:59 961369 32001.8418
2019:05:06 15:03:00 3070 1707.9227
2019:05:06 15:03:00 4273 807.5796
2019:05:06 15:03:00 5103 819.7390
2019:05:06 15:03:00 6342 838.3282
2019:05:06 15:03:00 7559 809.3491
2019:05:06 15:03:00 8781 826.2992
2019:05:06 15:03:00 41372 32579.1426
2019:05:06 15:03:00 82838 1477.4203
2019:05:06 15:03:00 83655 802.4834
2019:05:06 15:03:00 84884 808.7195
2019:05:06 15:03:00 121367 36067.9664
2019:05:06 15:03:00 195375 34016.7284
2019:05:06 15:03:00 196501 1117.3524
2019:05:06 15:03:00 197727 834.8152
2019:05:06 15:03:00 198948 827.8564
2019:05:06 15:03:00 200165 820.7373
2019:05:06 15:03:00 201013 835.2399
2019:05:06 15:03:00 237371 35971.0194
2019:05:06 15:03:00 243171 1589.1604
2019:05:06 15:03:00 244396 812.5938
2019:05:06 15:03:00 245230 824.5744
2019:05:06 15:03:00 273545 4179.9657
2019:05:06 15:03:00 275934 1621.6189
2019:05:06 15:03:00 277187 1239.6015
2019:05:06 15:03:00 333362 31999.0292
2019:05:06 15:03:00 338646 5276.3373
2019:05:06 15:03:00 340251 817.5932
2019:05:06 15:03:00 341081 820.9422
2019:05:06 15:03:00 369913 4558.6266
2019:05:06 15:03:00 371973 832.9451
2019:05:06 15:03:00 397380 24601.2360
2019:05:06 15:03:00 437369 39980.6090
2019:05:06 15:03:00 481639 4283.8044
2019:05:06 15:03:00 483270 841.1892
2019:05:06 15:03:00 484480 829.5141
2019:05:06 15:03:00 517357 32474.3539
2019:05:06 15:03:00 557375 40007.3342
2019:05:06 15:03:00 564342 2429.9957
2019:05:06 15:03:00 597366 32618.5189
2019:05:06 15:03:00 693366 48008.0247
2019:05:06 15:03:00 741367 47991.5664
2019:05:06 15:03:00 837355 47998.2346
2019:05:06 15:03:00 885370 48007.4659
2019:05:06 15:03:00 965368 40000.8783
2019:05:06 15:03:00 966652 1274.4702
2019:05:06 15:03:00 967884 818.8039
2019:05:06 15:03:01 5358 36652.2446
2019:05:06 15:03:01 11191 5821.1610
2019:05:06 15:03:01 12425 827.7707
2019:05:06 15:03:01 13248 699.7995
2019:05:06 15:03:01 65358 19994.1210
2019:05:06 15:03:01 105369 40000.5318
2019:05:06 15:03:01 107664 838.3542
2019:05:06 15:03:01 108475 801.3919
2019:05:06 15:03:01 109710 827.5285
2019:05:06 15:03:01 111804 723.6302
2019:05:06 15:03:01 112721 907.9054
2019:05:06 15:03:01 145370 32638.6355
2019:05:06 15:03:01 187242 1887.1315
2019:05:06 15:03:01 188464 815.6113
2019:05:06 15:03:01 225359 36878.2431
2019:05:06 15:03:01 265367 39999.5036
2019:05:06 15:03:01 345362 40004.5812
2019:05:06 15:03:01 347247 1876.1046
2019:05:06 15:03:01 348476 808.9170
2019:05:06 15:03:01 350106 1229.7519
2019:05:06 15:03:01 350940 817.3212
2019:05:06 15:03:01 352162 828.6014
2019:05:06 15:03:01 385368 32799.5382
2019:05:06 15:03:01 427306 1946.8665
2019:05:06 15:03:01 428098 785.2800
2019:05:06 15:03:01 429314 844.8660
2019:05:06 15:03:01 465364 36040.7010
2019:05:06 15:03:01 545356 39999.0976
2019:05:06 15:03:01 585376 40008.8392
2019:05:06 15:03:01 588761 814.7582
2019:05:06 15:03:01 590005 1234.0359
2019:05:06 15:03:01 591641 829.3018
2019:05:06 15:03:01 592460 807.0618
2019:05:06 15:03:01 625374 32501.4889
2019:05:06 15:03:01 666759 1402.1434
2019:05:06 15:03:01 667956 819.2658
2019:05:06 15:03:01 668787 820.8752
2019:05:06 15:03:01 703387 34198.5524
2019:05:06 15:03:01 777355 35998.7542
2019:05:06 15:03:01 809402 32039.8323
2019:05:06 15:03:01 849367 20002.0634
2019:05:06 15:03:01 889368 39994.4410
2019:05:06 15:03:01 894954 1206.5768
2019:05:06 15:03:01 895785 818.9790
2019:05:06 15:03:01 897014 825.5392
2019:05:06 15:03:01 969356 39999.3993
2019:05:06 15:03:02 9370 40006.3582
2019:05:06 15:03:02 10702 920.2473
2019:05:06 15:03:02 12318 819.2435
2019:05:06 15:03:02 13146 803.9400
2019:05:06 15:03:02 53907 4538.1151
2019:05:06 15:03:02 55514 813.2458
2019:05:06 15:03:02 56742 820.8863
2019:05:06 15:03:02 89370 32218.6872
2019:05:06 15:03:02 133677 4319.5933
2019:05:06 15:03:02 135141 827.9048
2019:05:06 15:03:02 136362 828.2326
2019:05:06 15:03:02 169370 32601.4198
2019:05:06 15:03:02 253355 39997.6857
2019:05:06 15:03:02 293374 40010.6162
2019:05:06 15:03:02 295222 456.7057
2019:05:06 15:03:02 296398 820.6964
2019:05:06 15:03:02 297630 1222.2417
2019:05:06 15:03:02 299671 1631.8709
2019:05:06 15:03:02 300499 809.7738
2019:05:06 15:03:02 333367 32467.8384
2019:05:06 15:03:02 374627 1269.8323
2019:05:06 15:03:02 375453 815.0674
2019:05:06 15:03:02 376271 753.4847
2019:05:06 15:03:02 377507 826.5525
2019:05:06 15:03:02 453354 39997.0375
2019:05:06 15:03:02 493366 40002.4876
2019:05:06 15:03:02 535311 1948.4833
2019:05:06 15:03:02 536134 806.6595
2019:05:06 15:03:02 537360 829.6743
2019:05:06 15:03:02 539406 2035.3086
2019:05:06 15:03:02 540647 822.1567
2019:05:06 15:03:02 573373 32324.9176
2019:05:06 15:03:02 614979 1613.4158
2019:05:06 15:03:02 616185 807.5722
2019:05:06 15:03:02 641368 25166.7686
2019:05:06 15:03:02 717356 35999.8234
2019:05:06 15:03:02 757368 40003.7803
2019:05:06 15:03:02 759765 818.9715
2019:05:06 15:03:02 761001 900.6076
2019:05:06 15:03:02 797368 35975.9293
2019:05:06 15:03:02 877356 39998.7139
2019:05:06 15:03:02 917375 40010.9589
2019:05:06 15:03:02 919440 825.5094
2019:05:06 15:03:02 920657 818.6698
2019:05:06 15:03:02 921890 1172.1477
2019:05:06 15:03:02 923512 823.5015
2019:05:06 15:03:02 924340 818.4724
2019:05:06 15:03:02 957381 32638.9559
2019:05:06 15:03:02 999554 2196.9564
2019:05:06 15:03:03 380 809.3528
2019:05:06 15:03:03 37356 36590.7699
2019:05:06 15:03:03 81376 44012.5540
2019:05:06 15:03:03 161353 39994.1839
2019:05:06 15:03:03 162973 1609.1317
2019:05:06 15:03:03 164188 1208.3277
2019:05:06 15:03:03 165421 832.5204
2019:05:06 15:03:03 206321 4961.7700
2019:05:06 15:03:03 207541 818.4277
2019:05:06 15:03:03 241356 33001.4378
2019:05:06 15:03:03 281366 40002.9756
2019:05:06 15:03:03 288237 2037.0856
2019:05:06 15:03:03 361355 39999.5334
2019:05:06 15:03:03 401366 39994.3665
2019:05:06 15:03:03 403324 1615.6398
2019:05:06 15:03:03 404957 819.1951
2019:05:06 15:03:03 441365 35999.8718
2019:05:06 15:03:03 447381 1616.3178
2019:05:06 15:03:03 481357 33264.2756
2019:05:06 15:03:03 521370 40003.8995
2019:05:06 15:03:03 527653 2014.1453
2019:05:06 15:03:03 561367 33317.7112
2019:05:06 15:03:03 641356 39997.8273
2019:05:06 15:03:03 642292 926.7516
2019:05:06 15:03:03 643105 801.0007
2019:05:06 15:03:03 644333 820.9124
2019:05:06 15:03:03 681358 36625.6945
2019:05:06 15:03:03 687257 5890.7457
2019:05:06 15:03:03 688894 1225.3001
2019:05:06 15:03:03 721369 32070.6964
2019:05:06 15:03:03 765717 4358.4555
2019:05:06 15:03:03 767339 1231.1451
2019:05:06 15:03:03 805367 37607.0030
2019:05:06 15:03:03 885355 39998.6096
2019:05:06 15:03:03 925377 40011.6071
2019:05:06 15:03:03 928389 800.2631
2019:05:06 15:03:03 928884 485.6512
2019:05:06 15:03:03 930448 1238.7969
2019:05:06 15:03:03 931673 824.9544
2019:05:06 15:03:03 932901 828.0836
2019:05:06 15:03:03 961370 28403.1257
2019:05:06 15:03:04 5644 4287.1125
2019:05:06 15:03:04 7677 1261.9644
2019:05:06 15:03:04 9296 1233.7565
2019:05:06 15:03:04 81356 39994.3590
2019:05:06 15:03:04 121368 40001.8357
2019:05:06 15:03:04 122846 1193.1062
2019:05:06 15:03:04 123687 823.2780
2019:05:06 15:03:04 124904 816.8221
2019:05:06 15:03:04 161372 36043.8116
2019:05:06 15:03:04 169135 2834.6032
2019:05:06 15:03:04 200232 854.7939
2019:05:06 15:03:04 201058 819.6905
2019:05:06 15:03:04 223388 21921.6086
2019:05:06 15:03:04 262795 1429.4833
2019:05:06 15:03:04 264054 848.4349
2019:05:06 15:03:04 264861 696.3871
2019:05:06 15:03:04 266089 813.5885
2019:05:06 15:03:04 267314 820.4989
2019:05:06 15:03:04 268558 834.0403
2019:05:06 15:03:04 297378 28434.0829
2019:05:06 15:03:04 342068 4711.4119
2019:05:06 15:03:04 343756 831.2725
2019:05:06 15:03:04 344973 861.0450
2019:05:06 15:03:04 417356 39999.4627
2019:05:06 15:03:04 419934 2567.1683
2019:05:06 15:03:04 421567 1238.1189
2019:05:06 15:03:04 422807 817.1611
2019:05:06 15:03:04 424208 597.2385
2019:05:06 15:03:04 457360 32932.5385
2019:05:06 15:03:04 462929 5558.1443
2019:05:06 15:03:04 464160 805.6574
2019:05:06 15:03:04 497365 32795.5559
2019:05:06 15:03:04 577355 39997.3057
2019:05:06 15:03:04 578514 1147.6092
2019:05:06 15:03:04 579342 817.3697
2019:05:06 15:03:04 580570 828.4003
2019:05:06 15:03:04 617359 36388.6617
2019:05:06 15:03:04 622769 5403.5969
2019:05:06 15:03:04 624397 829.4545
2019:05:06 15:03:04 657367 32550.9757
2019:05:06 15:03:04 701476 4109.4422
2019:05:06 15:03:04 703506 1652.6617
2019:05:06 15:03:04 704619 1092.9815
2019:05:06 15:03:04 777354 39998.6170
2019:05:06 15:03:04 817366 40002.7335
2019:05:06 15:03:04 819622 1236.8932
2019:05:06 15:03:04 821258 1243.5764
2019:05:06 15:03:04 861767 4407.0557
2019:05:06 15:03:04 863777 821.5941
2019:05:06 15:03:04 897355 33158.4625
2019:05:06 15:03:04 937366 40001.3886
2019:05:06 15:03:04 943202 1604.2367
2019:05:06 15:03:04 944467 842.3701
2019:05:06 15:03:04 977370 32504.9013
2019:05:06 15:03:05 57355 39998.9374
2019:05:06 15:03:05 58718 1352.4331
2019:05:06 15:03:05 59959 841.3978
2019:05:06 15:03:05 61187 841.2451
2019:05:06 15:03:05 102134 4770.7073
2019:05:06 15:03:05 103386 832.1442
2019:05:06 15:03:05 105010 1221.2694
2019:05:06 15:03:05 177355 39997.3430
2019:05:06 15:03:05 182571 5206.8681
2019:05:06 15:03:05 183804 1083.1766
2019:05:06 15:03:05 184778 580.5008
2019:05:06 15:03:05 257355 39999.3286
2019:05:06 15:03:05 297369 40000.7591
2019:05:06 15:03:05 299428 1648.1467
2019:05:06 15:03:05 300653 819.7241
2019:05:06 15:03:05 337354 36290.0943
2019:05:06 15:03:05 342963 5599.4391
2019:05:06 15:03:05 344994 812.6944
2019:05:06 15:03:05 417353 39995.3201
2019:05:06 15:03:05 423879 6515.6035
2019:05:06 15:03:05 457357 32689.2100
2019:05:06 15:03:05 497365 39997.4249
2019:05:06 15:03:05 538097 740.5914
2019:05:06 15:03:05 540148 819.3105
2019:05:06 15:03:05 540976 811.3459
2019:05:06 15:03:05 577372 35994.8091
2019:05:06 15:03:05 583783 1642.9536
2019:05:06 15:03:05 585002 813.3650
2019:05:06 15:03:05 617371 32355.6848
2019:05:06 15:03:05 658122 766.6424
2019:05:06 15:03:05 659761 834.6438
2019:05:06 15:03:05 661399 1237.5191
2019:05:06 15:03:05 664252 1217.0784
2019:05:06 15:03:05 665078 815.7566
2019:05:06 15:03:05 737361 39998.7437
2019:05:06 15:03:05 775391 38020.1638
2019:05:06 15:03:05 853355 39997.1679
2019:05:06 15:03:05 893371 40008.1910
2019:05:06 15:03:05 895537 1221.9623
2019:05:06 15:03:05 897171 821.3259
2019:05:06 15:03:05 899626 1641.9999
2019:05:06 15:03:05 901273 1236.2786
2019:05:06 15:03:05 973355 39990.8088
2019:05:06 15:03:06 13370 40005.8441
2019:05:06 15:03:06 18496 799.3244
2019:05:06 15:03:06 19318 812.4411
2019:05:06 15:03:06 20170 451.3226
2019:05:06 15:03:06 49373 28829.9359
2019:05:06 15:03:06 89948 589.8848
2019:05:06 15:03:06 90778 820.7634
2019:05:06 15:03:06 91810 631.8800
2019:05:06 15:03:06 92825 828.5008
2019:05:06 15:03:06 129373 36147.9782
2019:05:06 15:03:06 135671 2014.5550
2019:05:06 15:03:06 136888 1088.9396
2019:05:06 15:03:06 209354 39998.3525
2019:05:06 15:03:06 215226 5855.1021
2019:05:06 15:03:06 216850 805.4487
2019:05:06 15:03:06 249365 32500.5427
2019:05:06 15:03:06 329355 39996.6724
2019:05:06 15:03:06 331325 1963.0864
2019:05:06 15:03:06 332556 817.1536
2019:05:06 15:03:06 333408 842.2248
2019:05:06 15:03:06 373804 4433.3525
2019:05:06 15:03:06 375812 820.3760
2019:05:06 15:03:06 377041 817.3399
2019:05:06 15:03:06 403387 26326.3546
2019:05:06 15:03:06 406961 829.7600
2019:05:06 15:03:06 408168 817.5522
2019:05:06 15:03:06 409003 823.6468
2019:05:06 15:03:06 441368 32245.1741
2019:05:06 15:03:06 521354 39995.2829
2019:05:06 15:03:06 522626 1264.0916
2019:05:06 15:03:06 524255 827.2231
2019:05:06 15:03:06 525081 814.0691
2019:05:06 15:03:06 561375 35880.7668
2019:05:06 15:03:06 566869 811.2602
2019:05:06 15:03:06 568077 811.4129
2019:05:06 15:03:06 568909 817.3436
2019:05:06 15:03:06 601370 32063.5289
2019:05:06 15:03:06 677356 39991.0249
2019:05:06 15:03:06 713367 35999.6855
2019:05:06 15:03:06 715097 809.9116
2019:05:06 15:03:06 715923 812.7429
2019:05:06 15:03:06 717138 816.6842
2019:05:06 15:03:06 753372 35820.3277
2019:05:06 15:03:06 759355 1622.7923
2019:05:06 15:03:06 760173 804.9421
2019:05:06 15:03:06 793367 32802.9506
2019:05:06 15:03:06 838620 5263.0603
2019:05:06 15:03:06 840649 1200.3072
2019:05:06 15:03:06 873368 32311.9685
2019:05:06 15:03:06 953357 39996.4266
2019:05:06 15:03:06 955122 1753.9673
2019:05:06 15:03:06 956356 803.5339
2019:05:06 15:03:06 989374 32604.8732
2019:05:06 15:03:07 9377 19989.6283
2019:05:06 15:03:07 46588 5221.8325
2019:05:06 15:03:07 48233 820.9758
2019:05:06 15:03:07 81376 32744.1432
2019:05:06 15:03:07 85148 2038.3708
2019:05:06 15:03:07 86778 1224.8419
2019:05:06 15:03:07 87991 808.9654
2019:05:06 15:03:07 89221 815.8237
2019:05:06 15:03:07 122403 1048.2818
2019:05:06 15:03:07 123657 1240.4472
2019:05:06 15:03:07 126509 2052.9926
2019:05:06 15:03:07 128558 1234.5463
2019:05:06 15:03:07 161367 32413.0021
2019:05:06 15:03:07 163374 819.1317
2019:05:06 15:03:07 164610 822.3057
2019:05:06 15:03:07 201365 36342.2520
2019:05:06 15:03:07 241370 39993.2489
2019:05:06 15:03:07 283144 1786.6902
2019:05:06 15:03:07 284793 1250.9860
2019:05:06 15:03:07 321370 35753.1123
2019:05:06 15:03:07 362573 1216.8325
2019:05:06 15:03:07 363829 1244.9324
2019:05:06 15:03:07 365054 827.5583
2019:05:06 15:03:07 401365 35908.7884
2019:05:06 15:03:07 481356 39997.7639
2019:05:06 15:03:07 521366 39999.5819
2019:05:06 15:03:07 528378 2445.3141
2019:05:06 15:03:07 529197 806.3689
2019:05:06 15:03:07 601359 40002.3013
2019:05:06 15:03:07 641365 39999.0715
2019:05:06 15:03:07 682458 1096.5988
2019:05:06 15:03:07 683701 1232.7433
2019:05:06 15:03:07 684951 842.7314
2019:05:06 15:03:07 686547 1199.7409
2019:05:06 15:03:07 688197 1227.8743
2019:05:06 15:03:07 689024 810.7536
2019:05:06 15:03:07 757354 39988.1229
2019:05:06 15:03:07 763242 5880.2664
2019:05:06 15:03:07 764898 1211.4905
2019:05:06 15:03:07 801368 36078.5313
2019:05:06 15:03:07 881366 40009.6849
2019:05:06 15:03:07 921370 39995.8119
2019:05:06 15:03:07 997359 40000.9938
2019:05:06 15:03:08 37373 40005.0096
2019:05:06 15:03:08 43930 1620.9297
2019:05:06 15:03:08 44748 803.2545
2019:05:06 15:03:08 81370 36209.8329
2019:05:06 15:03:08 84066 1641.5380
2019:05:06 15:03:08 85317 1235.2169
2019:05:06 15:03:08 161356 39999.1795
2019:05:06 15:03:08 201372 40007.7142
2019:05:06 15:03:08 281367 40009.5284
2019:05:06 15:03:08 283951 2574.5705
2019:05:06 15:03:08 285595 827.6775
2019:05:06 15:03:08 287615 1622.5912
2019:05:06 15:03:08 288839 827.6477
2019:05:06 15:03:08 321368 32128.3974
2019:05:06 15:03:08 362940 1584.3324
2019:05:06 15:03:08 364164 1210.9950
2019:05:06 15:03:08 401355 36776.7438
2019:05:06 15:03:08 413372 12003.2504
2019:05:06 15:03:08 454082 725.9324
2019:05:06 15:03:08 455727 1319.4308
2019:05:06 15:03:08 457374 1240.3056
2019:05:06 15:03:08 533355 39993.4053
2019:05:06 15:03:08 573373 40011.2867
2019:05:06 15:03:08 661358 47994.7850
2019:05:06 15:03:08 701384 40013.6113
2019:05:06 15:03:08 703555 814.2702
2019:05:06 15:03:08 704381 816.4383
2019:05:06 15:03:08 706018 1236.6511
2019:05:06 15:03:08 707250 800.0135
2019:05:06 15:03:08 708479 793.9078
2019:05:06 15:03:08 741374 32473.5902
2019:05:06 15:03:08 821357 39993.2861
2019:05:06 15:03:08 861374 40006.9356
2019:05:06 15:03:08 941356 39995.2941
2019:05:06 15:03:08 973380 32015.8936
2019:05:06 15:03:09 5901 536.3449
2019:05:06 15:03:09 7531 814.4490
2019:05:06 15:03:09 8376 833.0196
2019:05:06 15:03:09 39086 30321.0579
2019:05:06 15:03:09 40720 802.9677
2019:05:06 15:03:09 42379 1247.9164
2019:05:06 15:03:09 44825 1241.5834
2019:05:06 15:03:09 73366 28528.1613
2019:05:06 15:03:09 137361 32001.0744
2019:05:06 15:03:09 138619 1250.6507
2019:05:06 15:03:09 139856 828.1134
2019:05:06 15:03:09 141475 1235.3659
2019:05:06 15:03:09 249362 40001.9586
2019:05:06 15:03:09 289379 40007.4832
2019:05:06 15:03:09 291917 1229.5879
2019:05:06 15:03:09 292741 813.9573
2019:05:06 15:03:09 294357 1215.4803
2019:05:06 15:03:09 296419 1239.5680
2019:05:06 15:03:09 321371 24940.0288
2019:05:06 15:03:09 322636 838.5293
2019:05:06 15:03:09 323869 826.6754
2019:05:06 15:03:09 325100 782.3892
2019:05:06 15:03:09 385363 32001.0148
2019:05:06 15:03:09 417379 32006.9492
2019:05:06 15:03:09 419573 1258.5707
2019:05:06 15:03:09 421204 1227.1330
2019:05:06 15:03:09 497360 39994.3702
2019:05:06 15:03:09 537369 40000.6175
2019:05:06 15:03:09 617356 39997.1381
2019:05:06 15:03:09 657368 40001.9400
2019:05:06 15:03:09 690131 766.3593
2019:05:06 15:03:09 690961 819.2137
2019:05:06 15:03:09 692174 815.1755
2019:05:06 15:03:09 693005 821.1434
2019:05:06 15:03:09 721371 27962.6548
2019:05:06 15:03:09 777360 31994.4359
2019:05:06 15:03:09 789366 11997.7482
2019:05:06 15:03:09 814767 1195.3413
2019:05:06 15:03:09 816033 1255.8885
2019:05:06 15:03:09 816841 795.6438
2019:05:06 15:03:09 845374 28117.2507
2019:05:06 15:03:09 925356 39999.1758
2019:05:06 15:03:09 926252 885.5946
2019:05:06 15:03:09 927875 813.2868
2019:05:06 15:03:09 929116 826.6941
2019:05:06 15:03:09 931146 1215.3015
2019:05:06 15:03:09 932367 1208.2234
2019:05:06 15:03:09 965360 32968.8750
2019:05:06 15:03:09 966996 1624.1819
2019:05:06 15:03:09 967824 817.6900
2019:05:06 15:03:09 969041 820.0817
2019:05:06 15:03:09 969911 853.6242
2019:05:06 15:03:09 971524 825.9751
2019:05:06 15:03:09 972752 815.7715
2019:05:06 15:03:10 7253 1888.9010
2019:05:06 15:03:10 8062 802.6809
2019:05:06 15:03:10 9290 818.7704
2019:05:06 15:03:10 38777 1413.9898
2019:05:06 15:03:10 39615 827.3087
2019:05:06 15:03:10 40843 834.1298
2019:05:06 15:03:10 42476 1247.5662
2019:05:06 15:03:10 43279 790.8717
2019:05:06 15:03:10 44105 820.1152
2019:05:06 15:03:10 44986 474.2704
2019:05:06 15:03:10 73379 28053.8574
2019:05:06 15:03:10 75656 844.7543
2019:05:06 15:03:10 76888 848.6658
2019:05:06 15:03:10 78924 1651.6149
2019:05:06 15:03:10 80567 1226.3954
2019:05:06 15:03:10 105948 24971.0009
2019:05:06 15:03:10 108407 1635.6893
2019:05:06 15:03:10 109638 1219.0752
2019:05:06 15:03:10 111291 1619.9946
2019:05:06 15:03:10 112520 826.4743
2019:05:06 15:03:10 137367 24654.1165
2019:05:06 15:03:10 143954 2017.5911
2019:05:06 15:03:10 145174 1192.9870
2019:05:06 15:03:10 201355 31998.3251
2019:05:06 15:03:10 221372 20008.3107
2019:05:06 15:03:10 224254 1233.4995
2019:05:06 15:03:10 225080 810.4779
2019:05:06 15:03:10 254637 1275.9827
2019:05:06 15:03:10 257097 1229.1409
2019:05:06 15:03:10 285372 28263.1181
2019:05:06 15:03:10 321764 4396.3194
2019:05:06 15:03:10 323795 839.4048
2019:05:06 15:03:10 349354 25161.7022
2019:05:06 15:03:10 354104 4738.4240
2019:05:06 15:03:10 356143 1228.4406
2019:05:06 15:03:10 356956 801.8576
2019:05:06 15:03:10 407379 26017.5765
2019:05:06 15:03:10 457371 49984.6004
2019:05:06 15:03:10 521360 32001.0856
2019:05:06 15:03:10 522930 1564.4655
2019:05:06 15:03:10 524540 807.3412
2019:05:06 15:03:10 553369 28002.7054
2019:05:06 15:03:10 556089 1637.4700
2019:05:06 15:03:10 557327 824.8426
2019:05:06 15:03:10 559389 844.2737
2019:05:06 15:03:10 561016 1251.1946
2019:05:06 15:03:10 587751 2394.7656
2019:05:06 15:03:10 588977 827.2119
2019:05:06 15:03:10 590720 1334.7082
2019:05:06 15:03:10 591826 807.4269
2019:05:06 15:03:10 592654 814.7247
2019:05:06 15:03:10 617366 24600.7517
2019:05:06 15:03:10 623552 1619.5625
2019:05:06 15:03:10 624390 828.4226
2019:05:06 15:03:10 649364 24175.2006
2019:05:06 15:03:10 713367 32010.5776
2019:05:06 15:03:10 719074 5698.7330
2019:05:06 15:03:10 720635 738.0359
2019:05:06 15:03:10 737366 16257.9082
2019:05:06 15:03:10 801363 32006.1855
2019:05:06 15:03:10 833371 31997.6173
2019:05:06 15:03:10 835340 1204.5801
2019:05:06 15:03:10 836982 1225.3746
2019:05:06 15:03:10 897360 32003.3617
2019:05:06 15:03:10 899661 2291.0461
2019:05:06 15:03:10 900893 839.3265
2019:05:06 15:03:10 902118 839.6693
2019:05:06 15:03:10 904982 1244.4407
2019:05:06 15:03:10 929366 24370.8044
2019:05:06 15:03:10 935294 2036.7503
2019:05:06 15:03:10 937342 1235.3733
2019:05:06 15:03:10 993364 31999.9419
2019:05:06 15:03:11 57358 32000.5976
2019:05:06 15:03:11 90450 33082.1313
2019:05:06 15:03:11 91663 802.4126
2019:05:06 15:03:11 92893 823.0582
2019:05:06 15:03:11 94129 828.4077
2019:05:06 15:03:11 96173 828.9963
2019:05:06 15:03:11 121353 24783.9503
2019:05:06 15:03:11 123192 1613.9075
2019:05:06 15:03:11 124026 816.5725
2019:05:06 15:03:11 125262 820.2605
2019:05:06 15:03:11 154016 659.0635
2019:05:06 15:03:11 155250 823.7027
2019:05:06 15:03:11 156486 825.7665
2019:05:06 15:03:11 185360 28864.0037
2019:05:06 15:03:11 217368 31997.7365
2019:05:06 15:03:11 250532 1175.5116
2019:05:06 15:03:11 252164 1238.1338
2019:05:06 15:03:11 253414 840.2243
2019:05:06 15:03:11 313362 31997.6807
2019:05:06 15:03:11 315306 1933.3474
2019:05:06 15:03:11 316495 788.4577
2019:05:06 15:03:11 345359 28428.6514
2019:05:06 15:03:11 347243 1876.5070
2019:05:06 15:03:11 348075 797.7709
2019:05:06 15:03:11 349301 824.8277
2019:05:06 15:03:11 350528 790.8866
2019:05:06 15:03:11 352174 822.3504
2019:05:06 15:03:11 377366 24775.1474
2019:05:06 15:03:11 380847 1227.1330
2019:05:06 15:03:11 382079 838.7789
2019:05:06 15:03:11 383693 810.9510
2019:05:06 15:03:11 384534 829.7116
2019:05:06 15:03:11 409369 24432.8119
2019:05:06 15:03:11 415650 1608.3419
2019:05:06 15:03:11 416495 825.0922
2019:05:06 15:03:11 441372 24089.1837
2019:05:06 15:03:11 505361 32003.6151
2019:05:06 15:03:11 537373 32005.2840
2019:05:06 15:03:11 601356 31998.3959
2019:05:06 15:03:11 633376 32011.4717
2019:05:06 15:03:11 697359 32000.7093
2019:05:06 15:03:11 729371 31999.6178
2019:05:06 15:03:11 789361 27996.0372
2019:05:06 15:03:11 791183 1814.1307
2019:05:06 15:03:11 792423 834.0701
2019:05:06 15:03:11 821361 28541.8071
2019:05:06 15:03:11 853374 32001.6444
2019:05:06 15:03:11 917361 31997.4311
2019:05:06 15:03:11 919762 2394.0057
2019:05:06 15:03:11 921421 848.5951
2019:05:06 15:03:11 923452 816.6358
2019:05:06 15:03:11 924689 834.4762
2019:05:06 15:03:11 949673 24590.7493
2019:05:06 15:03:11 951717 1625.2510
2019:05:06 15:03:11 952950 827.5919
2019:05:06 15:03:11 985838 4480.0565
2019:05:06 15:03:11 987072 1196.1535
2019:05:06 15:03:11 988711 832.0957
2019:05:06 15:03:12 45354 31998.1575
2019:05:06 15:03:12 97373 52008.5543
2019:05:06 15:03:12 100019 817.3287
2019:05:06 15:03:12 101224 811.6551
2019:05:06 15:03:12 102881 1233.4064
2019:05:06 15:03:12 103720 826.4035
2019:05:06 15:03:12 104946 829.0894
2019:05:06 15:03:12 130844 1490.4216
2019:05:06 15:03:12 132079 827.6738
2019:05:06 15:03:12 133702 1221.3737
2019:05:06 15:03:12 162781 1424.4877
2019:05:06 15:03:12 164024 1230.9738
2019:05:06 15:03:12 166076 1249.7455
2019:05:06 15:03:12 167711 1249.0079
2019:05:06 15:03:12 168526 805.6425
2019:05:06 15:03:12 193542 24609.2342
2019:05:06 15:03:12 196378 824.8352
2019:05:06 15:03:12 197206 818.5729
2019:05:06 15:03:12 199241 1223.1767
2019:05:06 15:03:12 200466 820.1152
2019:05:06 15:03:12 231374 30492.3244
2019:05:06 15:03:12 232428 1044.7316
2019:05:06 15:03:12 234083 1244.2395
2019:05:06 15:03:12 235680 820.8789
2019:05:06 15:03:12 236525 832.2671
2019:05:06 15:03:12 265616 28703.2723
2019:05:06 15:03:12 268043 1635.0187
2019:05:06 15:03:12 268871 798.2478
2019:05:06 15:03:12 329355 31995.3933
2019:05:06 15:03:12 361371 32005.9396
2019:05:06 15:03:12 394698 1348.5029
2019:05:06 15:03:12 397153 1217.9092
2019:05:06 15:03:12 425376 28200.0452
2019:05:06 15:03:12 489361 31995.7621
2019:05:06 15:03:12 495321 5948.4914
2019:05:06 15:03:12 496552 817.4181
2019:05:06 15:03:12 525642 28691.4371
2019:05:06 15:03:12 527254 819.0684
2019:05:06 15:03:12 528090 823.9113
2019:05:06 15:03:12 529311 827.0144
2019:05:06 15:03:12 557592 4228.4504
2019:05:06 15:03:12 559296 1691.6096
2019:05:06 15:03:12 560514 829.0969
2019:05:06 15:03:12 585364 24450.1345
2019:05:06 15:03:12 657354 39998.3972
2019:05:06 15:03:12 697373 40009.5470
2019:05:06 15:03:12 738073 716.6602
2019:05:06 15:03:12 739716 1215.9310
2019:05:06 15:03:12 741369 838.0227
2019:05:06 15:03:12 782058 4694.3054
2019:05:06 15:03:12 784519 1237.6197
2019:05:06 15:03:12 809369 24434.9651
2019:05:06 15:03:12 814819 1212.7012
2019:05:06 15:03:12 816048 815.2798
2019:05:06 15:03:12 817298 833.0755
2019:05:06 15:03:12 843224 1866.2587
2019:05:06 15:03:12 844054 818.4947
2019:05:06 15:03:12 845281 838.8758
2019:05:06 15:03:12 905361 31998.2767
2019:05:06 15:03:12 937371 32001.3613
2019:05:06 15:03:13 1367 32010.2274
2019:05:06 15:03:13 33373 31998.3140
2019:05:06 15:03:13 70619 5258.0573
2019:05:06 15:03:13 73068 820.7522
2019:05:06 15:03:13 105373 32286.9532
2019:05:06 15:03:13 145982 624.0979
2019:05:06 15:03:13 147224 838.5144
2019:05:06 15:03:13 148452 841.4462
2019:05:06 15:03:13 150499 1659.8329
2019:05:06 15:03:13 152125 824.2615
2019:05:06 15:03:13 185360 32815.5234
2019:05:06 15:03:13 187245 1877.5687
2019:05:06 15:03:13 188080 818.6847
2019:05:06 15:03:13 189308 829.0336
2019:05:06 15:03:13 257358 31997.5242
2019:05:06 15:03:13 258973 1607.1312
2019:05:06 15:03:13 260607 825.9043
2019:05:06 15:03:13 289359 28334.6362
2019:05:06 15:03:13 290598 1233.3952
2019:05:06 15:03:13 291837 834.1670
2019:05:06 15:03:13 293065 837.6092
2019:05:06 15:03:13 295111 1646.3995
2019:05:06 15:03:13 296337 826.8617
2019:05:06 15:03:13 321741 25004.4055
2019:05:06 15:03:13 323764 1206.5135
2019:05:06 15:03:13 324602 827.9942
2019:05:06 15:03:13 326241 1215.4356
2019:05:06 15:03:13 327873 801.3584
2019:05:06 15:03:13 329095 827.0852
2019:05:06 15:03:13 357793 4436.8804
2019:05:06 15:03:13 359822 1240.2982
2019:05:06 15:03:13 385354 25130.6854
2019:05:06 15:03:13 417383 32021.1537
2019:05:06 15:03:13 481369 32004.9971
2019:05:06 15:03:13 513394 32014.5786
2019:05:06 15:03:13 593361 39987.5790
2019:05:06 15:03:13 633382 40006.8387
2019:05:06 15:03:13 713360 39993.9381
2019:05:06 15:03:13 719408 6031.9304
2019:05:06 15:03:13 753362 33147.1749
2019:05:06 15:03:13 755805 2430.6290
2019:05:06 15:03:13 757407 824.1497
2019:05:06 15:03:13 758660 1229.8301
2019:05:06 15:03:13 760271 811.0665
2019:05:06 15:03:13 783384 22694.2338
2019:05:06 15:03:13 789790 6391.9239
2019:05:06 15:03:13 791035 463.8471
2019:05:06 15:03:13 792231 835.5267
2019:05:06 15:03:13 825387 32748.6210
2019:05:06 15:03:13 827743 816.7848
2019:05:06 15:03:13 828581 801.0007
2019:05:06 15:03:13 830618 790.5066
2019:05:06 15:03:13 831842 841.8150
2019:05:06 15:03:13 833068 839.5538
2019:05:06 15:03:13 857378 24248.4473
2019:05:06 15:03:13 863306 1243.2598
2019:05:06 15:03:13 864540 829.0447
2019:05:06 15:03:13 889377 24421.1257
2019:05:06 15:03:13 953361 31996.2054
2019:05:06 15:03:13 985386 32010.8049
2019:05:06 15:03:14 49376 32003.9354
2019:05:06 15:03:14 50813 1421.0306
2019:05:06 15:03:14 52027 814.4379
2019:05:06 15:03:14 52875 828.1134
2019:05:06 15:03:14 81379 28114.0730
2019:05:06 15:03:14 84392 2056.9004
2019:05:06 15:03:14 85236 815.4586
2019:05:06 15:03:14 87252 808.4849
2019:05:06 15:03:14 88917 1248.6763
2019:05:06 15:03:14 115533 26205.2789
2019:05:06 15:03:14 116829 499.2485
2019:05:06 15:03:14 119628 1649.0407
2019:05:06 15:03:14 120863 836.2196
2019:05:06 15:03:14 150335 4971.9214
2019:05:06 15:03:14 151981 831.0005
2019:05:06 15:03:14 152828 832.7104
2019:05:06 15:03:14 209376 32013.1183
2019:05:06 15:03:14 225386 15994.9884
2019:05:06 15:03:14 227360 845.1119
2019:05:06 15:03:14 228594 830.7807
2019:05:06 15:03:14 229845 859.8492
2019:05:06 15:03:14 231833 817.9471
2019:05:06 15:03:14 232668 801.0790
2019:05:06 15:03:14 281363 48302.4344
2019:05:06 15:03:14 317385 36008.3096
2019:05:06 15:03:14 389363 35997.4429
2019:05:06 15:03:14 421382 32007.0796
2019:05:06 15:03:14 489369 32005.5000
2019:05:06 15:03:14 521385 32002.1175
2019:05:06 15:03:14 554911 1538.3512
2019:05:06 15:03:14 555733 802.7852
2019:05:06 15:03:14 556573 823.0880
2019:05:06 15:03:14 585365 28391.4730
2019:05:06 15:03:14 586952 1571.4392
2019:05:06 15:03:14 587788 820.6367
2019:05:06 15:03:14 589015 828.6200
2019:05:06 15:03:14 590513 1098.8712
2019:05:06 15:03:14 591887 826.2768
2019:05:06 15:03:14 593141 844.8176
2019:05:06 15:03:14 620147 2427.4886
2019:05:06 15:03:14 621405 860.9034
2019:05:06 15:03:14 622604 806.9873
2019:05:06 15:03:14 623841 841.5617
2019:05:06 15:03:14 625075 841.2339
2019:05:06 15:03:14 654980 1614.7383
2019:05:06 15:03:14 656199 840.2094
2019:05:06 15:03:14 657830 1233.7454
2019:05:06 15:03:14 660280 1635.6036
2019:05:06 15:03:14 661108 813.7375
2019:05:06 15:03:14 690624 5263.0566
2019:05:06 15:03:14 693070 1648.1653
2019:05:06 15:03:14 725384 32280.3445
2019:05:06 15:03:14 728306 1240.9277
2019:05:06 15:03:14 729538 1150.4516
2019:05:06 15:03:14 731172 1594.2790
2019:05:06 15:03:14 732391 817.6677
2019:05:06 15:03:14 734017 1228.4331
2019:05:06 15:03:14 734833 799.1865
2019:05:06 15:03:14 736066 776.9428
2019:05:06 15:03:14 737299 810.9286
2019:05:06 15:03:14 762728 25401.8903
2019:05:06 15:03:14 764753 1213.9231
2019:05:06 15:03:14 765589 820.6256
2019:05:06 15:03:14 767207 840.0492
2019:05:06 15:03:14 768026 809.8111
2019:05:06 15:03:14 768851 712.4394
2019:05:06 15:03:14 770079 834.3905
2019:05:06 15:03:14 771720 833.0606
2019:05:06 15:03:14 773332 1216.3334
2019:05:06 15:03:14 799984 2414.3048
2019:05:06 15:03:14 800820 817.0046
2019:05:06 15:03:14 802441 1238.6665
2019:05:06 15:03:14 804489 827.7670
2019:05:06 15:03:14 805314 805.5978
2019:05:06 15:03:14 865368 43917.6448
2019:05:06 15:03:14 870986 5600.9479
2019:05:06 15:03:14 872603 839.1812
2019:05:06 15:03:14 873095 474.6355
2019:05:06 15:03:14 921361 35990.2866
2019:05:06 15:03:14 931412 10034.1216
2019:05:06 15:03:14 932998 810.8430
2019:05:06 15:03:14 957376 24352.3046
2019:05:06 15:03:14 967823 1998.9237
2019:05:06 15:03:14 968630 749.4763
2019:05:06 15:03:15 29361 35990.6554
2019:05:06 15:03:15 73378 44003.6766
2019:05:06 15:03:15 106254 888.5898
2019:05:06 15:03:15 108720 1220.3790
2019:05:06 15:03:15 110812 1680.1953
2019:05:06 15:03:15 112402 803.4557
2019:05:06 15:03:15 137379 24549.9834
2019:05:06 15:03:15 201360 31997.2932
2019:05:06 15:03:15 233391 32017.9760
2019:05:06 15:03:15 297371 31995.1363
2019:05:06 15:03:15 299580 2197.6456
2019:05:06 15:03:15 300801 811.8637
2019:05:06 15:03:15 333368 32533.2619
2019:05:06 15:03:15 334837 1450.0171
2019:05:06 15:03:15 336085 465.1882
2019:05:06 15:03:15 337272 822.8943
2019:05:06 15:03:15 370027 653.8406
2019:05:06 15:03:15 371274 834.6513
2019:05:06 15:03:15 372540 852.3837
2019:05:06 15:03:15 405366 32058.3992
2019:05:06 15:03:15 406884 1508.0497
2019:05:06 15:03:15 407723 797.5772
2019:05:06 15:03:15 408932 810.1538
2019:05:06 15:03:15 441368 32013.2375
2019:05:06 15:03:15 442443 1062.6428
2019:05:06 15:03:15 443742 512.9762
2019:05:06 15:03:15 444865 794.1611
2019:05:06 15:03:15 477371 32484.8853
2019:05:06 15:03:15 478891 1509.5808
2019:05:06 15:03:15 480903 793.5986
2019:05:06 15:03:15 517396 36080.9565
2019:05:06 15:03:15 550551 1177.7245
2019:05:06 15:03:15 552174 814.3149
2019:05:06 15:03:15 553422 837.2366
2019:05:06 15:03:15 582887 1514.1703
2019:05:06 15:03:15 584571 1645.5352
2019:05:06 15:03:15 586619 1256.5069
2019:05:06 15:03:15 587853 846.1028
2019:05:06 15:03:15 613685 25406.8784
2019:05:06 15:03:15 616086 961.1882
2019:05:06 15:03:15 618157 1268.1969
2019:05:06 15:03:15 619794 837.3074
2019:05:06 15:03:15 620604 794.1425
2019:05:06 15:03:15 645377 24352.9975
2019:05:06 15:03:15 651994 2264.6524
2019:05:06 15:03:15 677363 25346.4878
2019:05:06 15:03:15 678609 1234.6469
2019:05:06 15:03:15 680375 805.8101
2019:05:06 15:03:15 681218 825.4573
2019:05:06 15:03:15 683242 1588.8028
2019:05:06 15:03:15 684482 1225.0431
2019:05:06 15:03:15 709965 25082.2008
2019:05:06 15:03:15 711562 777.7736
2019:05:06 15:03:15 712397 820.3797
2019:05:06 15:03:15 713629 839.8220
2019:05:06 15:03:15 715672 1245.9718
2019:05:06 15:03:15 716509 818.1296
2019:05:06 15:03:15 741386 24450.6374
2019:05:06 15:03:15 773390 24105.3179
2019:05:06 15:03:15 783659 2019.1595
2019:05:06 15:03:15 809360 25621.1571
2019:05:06 15:03:15 818892 9520.2699
2019:05:06 15:03:15 820507 816.2521
2019:05:06 15:03:15 845359 24833.7872
2019:05:06 15:03:15 854854 9481.9143
2019:05:06 15:03:15 856866 822.3355
2019:05:06 15:03:15 881375 24109.5349
2019:05:06 15:03:15 891693 1662.0904
2019:05:06 15:03:15 892930 852.6705
2019:05:06 15:03:15 917381 24354.0965
2019:05:06 15:03:15 927571 1619.6445
2019:05:06 15:03:15 928793 841.0513
2019:05:06 15:03:15 953378 24192.3444
2019:05:06 15:03:15 963595 1612.1119
2019:05:06 15:03:15 964428 813.5289
2019:05:06 15:03:15 989378 24571.2399
2019:05:06 15:03:15 993936 842.7314
2019:05:06 15:03:15 996357 1241.0805
2019:05:06 15:03:15 997180 808.5817
2019:05:06 15:03:16 30359 989.7649
2019:05:06 15:03:16 32001 844.4898
2019:05:06 15:03:16 57802 25010.2095
2019:05:06 15:03:16 59444 1241.5759
2019:05:06 15:03:16 61063 1225.6838
2019:05:06 15:03:16 61935 854.9727
2019:05:06 15:03:16 63141 847.8127
2019:05:06 15:03:16 64345 826.0123
2019:05:06 15:03:16 89383 24641.8789
2019:05:06 15:03:16 96274 2433.3745
2019:05:06 15:03:16 97111 816.0695
2019:05:06 15:03:16 153360 31987.4287
2019:05:06 15:03:16 155451 2076.0670
2019:05:06 15:03:16 156679 824.1758
2019:05:06 15:03:16 185368 28301.5184
2019:05:06 15:03:16 191580 6195.3031
2019:05:06 15:03:16 211388 18981.7920
2019:05:06 15:03:16 215401 1649.6740
2019:05:06 15:03:16 216167 747.1591
2019:05:06 15:03:16 217384 826.0496
2019:05:06 15:03:16 219007 1198.3402
2019:05:06 15:03:16 219852 823.6803
2019:05:06 15:03:16 261384 41120.9427
2019:05:06 15:03:16 333391 36022.8755
2019:05:06 15:03:16 369393 35989.6310
2019:05:06 15:03:16 372575 771.4666
2019:05:06 15:03:16 373408 811.8972
2019:05:06 15:03:16 374647 840.5782
2019:05:06 15:03:16 375874 848.9676
2019:05:06 15:03:16 377067 817.0381
2019:05:06 15:03:16 378332 1243.2598
2019:05:06 15:03:16 379963 823.1029
2019:05:06 15:03:16 381212 847.9469
2019:05:06 15:03:16 437362 31996.1160
2019:05:06 15:03:16 443444 6068.3750
2019:05:06 15:03:16 444669 744.3726
2019:05:06 15:03:16 446296 1230.4336
2019:05:06 15:03:16 447519 812.2288
2019:05:06 15:03:16 448756 824.3918
2019:05:06 15:03:16 479079 29897.4477
2019:05:06 15:03:16 481122 1226.5928
2019:05:06 15:03:16 483559 1219.6787
2019:05:06 15:03:16 484824 1248.0691
2019:05:06 15:03:16 510628 25430.1429
2019:05:06 15:03:16 512254 1246.0090
2019:05:06 15:03:16 513068 792.9578
2019:05:06 15:03:16 541378 27892.5784
2019:05:06 15:03:16 605368 31997.0585
2019:05:06 15:03:16 637399 32017.4843
2019:05:06 15:03:16 681868 4505.6306
2019:05:06 15:03:16 684259 1621.2612
2019:05:06 15:03:16 721369 37086.4719
2019:05:06 15:03:16 745377 23994.2558
2019:05:06 15:03:16 751086 1256.7453
2019:05:06 15:03:16 752284 834.3272
2019:05:06 15:03:16 781385 28292.0189
2019:05:06 15:03:16 787093 1239.0800
2019:05:06 15:03:16 788230 731.6731
2019:05:06 15:03:16 791607 2483.2152
2019:05:06 15:03:16 793236 1237.6793
2019:05:06 15:03:16 825620 15054.4010
2019:05:06 15:03:16 827209 1215.3685
2019:05:06 15:03:16 829695 826.0496
2019:05:06 15:03:16 831332 830.1176
2019:05:06 15:03:16 865361 33218.6706
2019:05:06 15:03:16 897376 32003.4884
2019:05:06 15:03:16 901364 2046.4398
2019:05:06 15:03:16 903834 2053.4210
2019:05:06 15:03:16 909399 5168.0170
2019:05:06 15:03:16 942748 1375.6938
2019:05:06 15:03:16 945181 1632.9587
2019:05:06 15:03:16 982038 4675.0456
2019:05:06 15:03:16 984491 2048.8277
2019:05:06 15:03:17 41366 56053.5453
2019:05:06 15:03:17 69014 27631.9645
2019:05:06 15:03:17 91131 21944.1801
2019:05:06 15:03:17 92532 811.3272
2019:05:06 15:03:17 94584 1635.4509
2019:05:06 15:03:17 101070 6470.9894
2019:05:06 15:03:17 107272 1222.1001
2019:05:06 15:03:17 108118 826.6084
2019:05:06 15:03:17 109727 823.8815
2019:05:06 15:03:17 112174 2031.7286
2019:05:06 15:03:17 137388 25195.5800
2019:05:06 15:03:17 209373 35999.1714
2019:05:06 15:03:17 245380 35993.2557
2019:05:06 15:03:17 246965 841.6809
2019:05:06 15:03:17 248181 822.6074
2019:05:06 15:03:17 249816 1231.6033
2019:05:06 15:03:17 254726 1224.0410
2019:05:06 15:03:17 255967 827.9122
2019:05:06 15:03:17 281371 24995.6027
2019:05:06 15:03:17 286690 5307.2721
2019:05:06 15:03:17 288728 1240.1640
2019:05:06 15:03:17 317362 28234.8618
2019:05:06 15:03:17 319420 2042.1408
2019:05:06 15:03:17 320675 824.7867
2019:05:06 15:03:17 353376 32314.6470
2019:05:06 15:03:17 417371 27996.2346
2019:05:06 15:03:17 418170 779.7852
2019:05:06 15:03:17 419385 838.4064
2019:05:06 15:03:17 420206 579.9830
2019:05:06 15:03:17 421434 817.4405
2019:05:06 15:03:17 423726 1088.0455
2019:05:06 15:03:17 424685 942.8859
2019:05:06 15:03:17 462410 9046.0889
2019:05:06 15:03:17 464673 1076.8473
2019:05:06 15:03:17 489389 24697.0393
2019:05:06 15:03:17 490650 822.4100
2019:05:06 15:03:17 493092 1226.0117
2019:05:06 15:03:17 494345 1012.2918
2019:05:06 15:03:17 496380 998.2996
2019:05:06 15:03:17 525375 28180.1075
2019:05:06 15:03:17 535293 1617.7706
2019:05:06 15:03:17 536325 639.5765
2019:05:06 15:03:17 561356 24446.7184
2019:05:06 15:03:17 563124 1759.3205
2019:05:06 15:03:17 564997 1043.8301
2019:05:06 15:03:17 566434 1270.3501
2019:05:06 15:03:17 568437 815.3953
2019:05:06 15:03:17 597364 28506.7745
2019:05:06 15:03:17 606962 9588.2379
2019:05:06 15:03:17 609006 1244.3662
2019:05:06 15:03:17 631523 2136.1634
2019:05:06 15:03:17 632746 1199.6105
2019:05:06 15:03:17 635211 1633.9719
2019:05:06 15:03:17 636444 1219.9059
2019:05:06 15:03:17 638495 1247.1564
2019:05:06 15:03:17 640130 1236.0290
2019:05:06 15:03:17 640935 786.5466
2019:05:06 15:03:17 656103 1866.3332
2019:05:06 15:03:17 658153 1001.8647
2019:05:06 15:03:17 659814 1267.3773
2019:05:06 15:03:17 661432 1238.8155
2019:05:06 15:03:17 663871 1225.5907
2019:05:06 15:03:17 665105 1210.0898
2019:05:06 15:03:17 677821 12465.5813
2019:05:06 15:03:17 680268 1639.5189
2019:05:06 15:03:17 681891 1608.4760
2019:05:06 15:03:17 684359 1232.4452
2019:05:06 15:03:17 685196 823.3823
2019:05:06 15:03:17 687652 1824.7776
2019:05:06 15:03:17 701592 13142.4740
2019:05:06 15:03:17 703627 1249.6896
2019:05:06 15:03:17 704855 1214.6086
2019:05:06 15:03:17 706905 840.3398
2019:05:06 15:03:17 708382 1076.8063
2019:05:06 15:03:17 710978 1225.2778
2019:05:06 15:03:17 712612 1220.6063
2019:05:06 15:03:17 726157 13121.6906
2019:05:06 15:03:17 727789 1231.7039
2019:05:06 15:03:17 729425 819.3664
2019:05:06 15:03:17 730665 831.4177
2019:05:06 15:03:17 732301 839.8928
2019:05:06 15:03:17 733938 1010.2838
2019:05:06 15:03:17 735964 1225.4417
2019:05:06 15:03:17 749900 13517.1898
2019:05:06 15:03:17 751535 1233.8907
2019:05:06 15:03:17 753596 1244.7610
2019:05:06 15:03:17 755633 1230.4299
2019:05:06 15:03:17 761372 4516.6947
2019:05:06 15:03:17 771189 1212.4106
2019:05:06 15:03:17 772037 828.7020
2019:05:06 15:03:17 777371 4540.8867
2019:05:06 15:03:17 794164 8800.7152
2019:05:06 15:03:17 796189 1916.4011
2019:05:06 15:03:17 805613 8625.2205
2019:05:06 15:03:17 807227 1601.3272
2019:05:06 15:03:17 809278 1220.5280
2019:05:06 15:03:17 818701 9412.5345
2019:05:06 15:03:17 820761 1239.0502
2019:05:06 15:03:17 833373 8015.6140
2019:05:06 15:03:17 849361 7997.2856
2019:05:06 15:03:17 855161 5792.1074
2019:05:06 15:03:17 856805 1234.1812
2019:05:06 15:03:17 861730 4105.3146
2019:05:06 15:03:17 863766 830.7099
2019:05:06 15:03:17 881386 16810.6966
2019:05:06 15:03:17 883440 828.3295
2019:05:06 15:03:17 885466 1223.6275
2019:05:06 15:03:17 886699 1209.4416
2019:05:06 15:03:17 888345 841.3754
2019:05:06 15:03:17 889577 840.5335
2019:05:06 15:03:17 890809 836.6741
2019:05:06 15:03:17 892833 1623.4107
2019:05:06 15:03:17 894894 1241.3487
2019:05:06 15:03:17 896537 1239.7915
2019:05:06 15:03:17 915360 18018.8417
2019:05:06 15:03:17 916614 1230.7651
2019:05:06 15:03:17 918685 1263.0224
2019:05:06 15:03:17 920710 1245.5471
2019:05:06 15:03:17 921951 843.5696
2019:05:06 15:03:17 923544 817.5485
2019:05:06 15:03:17 924789 1223.5865
2019:05:06 15:03:17 926024 837.7321
2019:05:06 15:03:17 927261 836.0818
2019:05:06 15:03:17 928895 834.4129
2019:05:06 15:03:17 930929 1224.3986
2019:05:06 15:03:17 932152 1207.2623
2019:05:06 15:03:17 934201 1220.0400
2019:05:06 15:03:17 935420 1206.9866
2019:05:06 15:03:17 937485 1233.8273
2019:05:06 15:03:17 939138 1248.0170
2019:05:06 15:03:17 941589 1645.4495
2019:05:06 15:03:17 943630 1225.5274
2019:05:06 15:03:17 945683 1238.2977
2019:05:06 15:03:17 947734 1247.1601
2019:05:06 15:03:17 949774 2020.8061
2019:05:06 15:03:17 952636 2051.8228
2019:05:06 15:03:17 955503 1637.6376
2019:05:06 15:03:17 957141 1232.1733
2019:05:06 15:03:17 959606 1653.7383
2019:05:06 15:03:17 961690 1265.1011
2019:05:06 15:03:17 964526 2057.8988
2019:05:06 15:03:17 966970 1219.9990
2019:05:06 15:03:17 969301 1512.5573
2019:05:06 15:03:17 971095 837.9519
2019:05:06 15:03:17 973932 2455.1004
2019:05:06 15:03:17 975988 1226.5556
2019:05:06 15:03:17 978038 1632.4744
2019:05:06 15:03:17 980074 1222.4801
2019:05:06 15:03:17 982133 1624.9530
2019:05:06 15:03:17 984589 1639.1538
2019:05:06 15:03:17 986630 2016.1010
2019:05:06 15:03:17 988279 1237.7650
2019:05:06 15:03:17 990729 1621.3320
2019:05:06 15:03:17 992779 1633.6627
2019:05:06 15:03:17 995243 1644.0749
2019:05:06 15:03:17 997283 2026.0997
2019:05:06 15:03:18 13 1490.8649
2019:05:06 15:03:18 2049 1482.5650
2019:05:06 15:03:18 4658 1639.9361
2019:05:06 15:03:18 6720 827.9681
2019:05:06 15:03:18 9168 1239.0949
2019:05:06 15:03:18 11609 820.5138
2019:05:06 15:03:18 14896 2052.0799
2019:05:06 15:03:18 16960 1244.0681
2019:05:06 15:03:18 19399 1614.9096
2019:05:06 15:03:18 21454 1238.2865
2019:05:06 15:03:18 23490 1640.7780
2019:05:06 15:03:18 25943 2028.3908
2019:05:06 15:03:18 28402 2026.0513
2019:05:06 15:03:18 30482 1805.2123
2019:05:06 15:03:18 32510 1634.4413
2019:05:06 15:03:18 35794 2051.2976
2019:05:06 15:03:18 37429 1218.9411
2019:05:06 15:03:18 39877 1233.3319
2019:05:06 15:03:18 41539 1264.3561
2019:05:06 15:03:18 45052 2295.5425
2019:05:06 15:03:18 47661 2038.3410
2019:05:06 15:03:18 49710 1645.5650
2019:05:06 15:03:18 51750 1600.3586
2019:05:06 15:03:18 52988 825.7143
2019:05:06 15:03:18 55041 1247.1899
2019:05:06 15:03:18 57501 1246.8956
2019:05:06 15:03:18 58735 848.5951
2019:05:06 15:03:18 60775 1383.8708
2019:05:06 15:03:18 62421 1246.0649
2019:05:06 15:03:18 65294 2059.1654
2019:05:06 15:03:18 67334 1649.0631
2019:05:06 15:03:18 69377 1793.6379
2019:05:06 15:03:18 71007 1605.6597
2019:05:06 15:03:18 73048 1617.9010
2019:05:06 15:03:18 74704 1232.8811
2019:05:06 15:03:18 76332 813.9759
2019:05:06 15:03:18 77575 829.5476
2019:05:06 15:03:18 79602 1219.7532
2019:05:06 15:03:18 80839 1219.6936
2019:05:06 15:03:18 82482 1218.5909
2019:05:06 15:03:18 84104 818.0365
2019:05:06 15:03:18 86581 1653.4515
2019:05:06 15:03:18 87800 1202.3784
2019:05:06 15:03:18 89044 827.1635
2019:05:06 15:03:18 90679 832.8073
2019:05:06 15:03:18 92169 685.7216
2019:05:06 15:03:18 95162 2042.4761
2019:05:06 15:03:18 96397 826.3066
2019:05:06 15:03:18 98304 1088.0642
2019:05:06 15:03:18 99682 813.7263
2019:05:06 15:03:18 101317 1229.0552
2019:05:06 15:03:18 102552 819.9774
2019:05:06 15:03:18 104449 1485.8618
2019:05:06 15:03:18 105821 1222.5993
2019:05:06 15:03:18 107057 821.5085
2019:05:06 15:03:18 108269 814.7620
2019:05:06 15:03:18 109515 967.2344
2019:05:06 15:03:18 110596 662.9601
2019:05:06 15:03:18 111956 805.1023
2019:05:06 15:03:18 113201 831.5966
2019:05:06 15:03:18 114680 1463.1562
2019:05:06 15:03:18 116461 1221.9213
2019:05:06 15:03:18 117308 825.8745
2019:05:06 15:03:18 118776 1068.7113
2019:05:06 15:03:18 119762 845.3988
2019:05:06 15:03:18 120838 683.5982
2019:05:06 15:03:18 122194 793.8668
2019:05:06 15:03:18 123427 818.5953
2019:05:06 15:03:18 124949 1113.2285
2019:05:06 15:03:18 126305 828.9889
2019:05:06 15:03:18 127539 832.6173
2019:05:06 15:03:18 129013 669.9003
2019:05:06 15:03:18 130381 815.2314
2019:05:06 15:03:18 131608 1218.3711
2019:05:06 15:03:18 132842 1217.8011
2019:05:06 15:03:18 134891 2033.6173
2019:05:06 15:03:18 135717 815.1829
2019:05:06 15:03:18 136953 825.8671
2019:05:06 15:03:18 138185 836.1675
2019:05:06 15:03:18 139806 1216.7618
2019:05:06 15:03:18 141047 815.3021
2019:05:06 15:03:18 142283 983.3649
2019:05:06 15:03:18 143512 826.9511
2019:05:06 15:03:18 145398 1470.4838
2019:05:06 15:03:18 146790 839.2558
2019:05:06 15:03:18 148020 841.5766
2019:05:06 15:03:18 149251 844.5606
2019:05:06 15:03:18 150479 841.5990
2019:05:06 15:03:18 151696 820.9087
2019:05:06 15:03:18 153336 818.9268
2019:05:06 15:03:18 154990 1389.1384
2019:05:06 15:03:18 156599 1213.0328
2019:05:06 15:03:18 157830 817.6342
2019:05:06 15:03:18 158673 831.5034
2019:05:06 15:03:18 159740 684.1943
2019:05:06 15:03:18 161127 1244.4295
2019:05:06 15:03:18 162361 578.2098
2019:05:06 15:03:18 164396 1245.0852
2019:05:06 15:03:18 165873 668.0079
2019:05:06 15:03:18 167250 804.6664
2019:05:06 15:03:18 168479 821.2887
2019:05:06 15:03:18 169722 818.1520
