
# OSU MPI Allreduce Latency Test v5.6.1
# Size       Avg Latency(us)
4096                11162.02
2019:05:06 15:02:45 482380 5014.9150
2019:05:06 15:02:45 483599 798.0317
2019:05:06 15:02:45 484428 819.2770
2019:05:06 15:02:45 517354 32526.7650
2019:05:06 15:02:45 553370 36006.3091
2019:05:06 15:02:45 593364 19998.6137
2019:05:06 15:02:45 613375 20004.2948
2019:05:06 15:02:45 630652 1287.8552
2019:05:06 15:02:45 631883 813.3650
2019:05:06 15:02:45 632727 832.4869
2019:05:06 15:02:45 658266 25146.4508
2019:05:06 15:02:45 659805 749.5321
2019:05:06 15:02:45 681376 20686.6004
2019:05:06 15:02:45 722850 1494.1506
2019:05:06 15:02:45 724050 800.3004
2019:05:06 15:02:45 725286 823.1103
2019:05:06 15:02:45 726101 793.0137
2019:05:06 15:02:45 727334 823.2743
2019:05:06 15:02:45 728148 804.1821
2019:05:06 15:02:45 728980 823.0656
2019:05:06 15:02:45 801357 39992.6491
2019:05:06 15:02:45 803086 1721.5535
2019:05:06 15:02:45 804305 817.8018
2019:05:06 15:02:45 805538 837.8178
2019:05:06 15:02:45 881357 39998.2855
2019:05:06 15:02:45 909367 28002.6607
2019:05:06 15:02:45 915980 2016.0936
2019:05:06 15:02:45 916790 799.1269
2019:05:06 15:02:45 945367 28169.8890
2019:05:06 15:02:45 947983 831.6115
2019:05:06 15:02:45 949214 842.9587
2019:05:06 15:02:46 25357 39995.1711
2019:05:06 15:02:46 65372 40005.3747
2019:05:06 15:02:46 157355 39997.3914
2019:05:06 15:02:46 158622 1256.7677
2019:05:06 15:02:46 159623 587.4895
2019:05:06 15:02:46 160682 825.9602
2019:05:06 15:02:46 197370 36293.0261
2019:05:06 15:02:46 202497 5119.6478
2019:05:06 15:02:46 203723 822.7043
2019:05:06 15:02:46 204953 829.2682
2019:05:06 15:02:46 277355 39998.6170
2019:05:06 15:02:46 283513 6150.9497
2019:05:06 15:02:46 284740 828.8994
2019:05:06 15:02:46 317374 32234.8624
2019:05:06 15:02:46 401356 43998.3718
2019:05:06 15:02:46 441386 40021.4456
2019:05:06 15:02:46 444373 828.5940
2019:05:06 15:02:46 445199 816.3899
2019:05:06 15:02:46 446426 824.1981
2019:05:06 15:02:46 447654 827.8340
2019:05:06 15:02:46 448871 820.2381
2019:05:06 15:02:46 481366 32484.0024
2019:05:06 15:02:46 523559 2203.6098
2019:05:06 15:02:46 524777 817.7720
2019:05:06 15:02:46 561355 36568.7832
2019:05:06 15:02:46 597377 36013.0817
2019:05:06 15:02:46 633786 4422.0723
2019:05:06 15:02:46 635799 1230.9365
2019:05:06 15:02:46 669355 33153.2545
2019:05:06 15:02:46 709367 39999.6080
2019:05:06 15:02:46 716093 2055.0638
2019:05:06 15:02:46 717289 1183.5694
2019:05:06 15:02:46 749367 32066.4458
2019:05:06 15:02:46 829362 40006.2799
2019:05:06 15:02:46 830390 1021.2064
2019:05:06 15:02:46 832026 815.6113
2019:05:06 15:02:46 832862 819.6905
2019:05:06 15:02:46 869372 36112.1036
2019:05:06 15:02:46 875867 1622.6918
2019:05:06 15:02:46 877107 1224.9611
2019:05:06 15:02:46 949355 39998.5760
2019:05:06 15:02:46 955257 5893.1448
2019:05:06 15:02:46 956872 814.2851
2019:05:06 15:02:46 989365 32480.2734
2019:05:06 15:02:47 69357 40001.0832
2019:05:06 15:02:47 70751 1384.7798
2019:05:06 15:02:47 72801 831.0601
2019:05:06 15:02:47 101369 28163.3586
2019:05:06 15:02:47 165355 31998.3736
2019:05:06 15:02:47 166798 1433.8866
2019:05:06 15:02:47 168415 824.8650
2019:05:06 15:02:47 169656 1230.4820
2019:05:06 15:02:47 233355 31993.9181
2019:05:06 15:02:47 265367 32002.0318
2019:05:06 15:02:47 306967 1603.7561
2019:05:06 15:02:47 309002 1221.0533
2019:05:06 15:02:47 309858 826.9101
2019:05:06 15:02:47 312695 818.2041
2019:05:06 15:02:47 345368 32274.3766
2019:05:06 15:02:47 425355 39997.1381
2019:05:06 15:02:47 465366 39999.6489
2019:05:06 15:02:47 537360 32003.6970
2019:05:06 15:02:47 569369 32001.7338
2019:05:06 15:02:47 629357 27999.3676
2019:05:06 15:02:47 665373 36009.1664
2019:05:06 15:02:47 729360 32004.3154
2019:05:06 15:02:47 732162 2794.6457
2019:05:06 15:02:47 769360 37188.7125
2019:05:06 15:02:47 771961 2593.4316
2019:05:06 15:02:47 773548 840.8912
2019:05:06 15:02:47 849356 39998.5798
2019:05:06 15:02:47 889378 40012.3931
2019:05:06 15:02:47 895625 1605.3952
2019:05:06 15:02:47 896461 821.1583
2019:05:06 15:02:47 929373 32118.8867
2019:05:06 15:02:47 974793 1434.7695
2019:05:06 15:02:47 976037 845.0150
2019:05:06 15:02:48 5355 28933.5176
2019:05:06 15:02:48 37369 32003.1233
2019:05:06 15:02:48 39803 1621.6151
2019:05:06 15:02:48 41875 1258.8091
2019:05:06 15:02:48 43899 1622.2075
2019:05:06 15:02:48 69353 24628.8888
2019:05:06 15:02:48 71346 1622.9674
2019:05:06 15:02:48 72565 815.9280
2019:05:06 15:02:48 73408 832.7961
2019:05:06 15:02:48 141354 39995.6182
2019:05:06 15:02:48 181369 40005.6988
2019:05:06 15:02:48 183958 1619.6109
2019:05:06 15:02:48 185664 1304.3322
2019:05:06 15:02:48 188045 1228.0978
2019:05:06 15:02:48 189289 832.0548
2019:05:06 15:02:48 261354 39991.3788
2019:05:06 15:02:48 266805 5440.8498
2019:05:06 15:02:48 268425 820.1785
2019:05:06 15:02:48 301361 32527.6740
2019:05:06 15:02:48 341371 39996.2477
2019:05:06 15:02:48 374915 1548.6442
2019:05:06 15:02:48 376146 819.4968
2019:05:06 15:02:48 376978 821.3930
2019:05:06 15:02:48 378616 1232.0206
2019:05:06 15:02:48 379844 824.1013
2019:05:06 15:02:48 381065 820.6256
2019:05:06 15:02:48 405642 24567.2539
2019:05:06 15:02:48 407864 1629.1477
2019:05:06 15:02:48 409107 828.9665
2019:05:06 15:02:48 437370 27855.7017
2019:05:06 15:02:48 470481 1125.6970
2019:05:06 15:02:48 472521 834.3942
2019:05:06 15:02:48 474150 1221.1613
2019:05:06 15:02:48 474980 804.4504
2019:05:06 15:02:48 476210 830.1064
2019:05:06 15:02:48 501363 24752.3226
2019:05:06 15:02:48 504042 1624.3979
2019:05:06 15:02:48 505693 1641.9776
2019:05:06 15:02:48 573355 39998.6282
2019:05:06 15:02:48 605374 32011.8107
2019:05:06 15:02:48 646867 1509.3200
2019:05:06 15:02:48 647673 795.5991
2019:05:06 15:02:48 648897 837.9780
2019:05:06 15:02:48 685367 36077.3578
2019:05:06 15:02:48 773356 39998.0620
2019:05:06 15:02:48 817372 44005.8522
2019:05:06 15:02:48 885622 20262.8858
2019:05:06 15:02:48 887256 834.5917
2019:05:06 15:02:48 889707 1242.9096
2019:05:06 15:02:48 965355 39998.8890
2019:05:06 15:02:49 17375 52011.2328
2019:05:06 15:02:49 77746 20381.9610
2019:05:06 15:02:49 80366 838.9391
2019:05:06 15:02:49 117355 36580.6147
2019:05:06 15:02:49 157367 40001.0943
2019:05:06 15:02:49 202182 4825.9683
2019:05:06 15:02:49 203077 487.7001
2019:05:06 15:02:49 204629 804.5286
2019:05:06 15:02:49 237368 32330.6806
2019:05:06 15:02:49 239420 1581.6130
2019:05:06 15:02:49 241902 1664.0201
2019:05:06 15:02:49 243928 1247.5029
2019:05:06 15:02:49 277360 33025.0598
2019:05:06 15:02:49 317372 40001.4333
2019:05:06 15:02:49 320038 1234.5165
2019:05:06 15:02:49 357355 36106.7057
2019:05:06 15:02:49 359350 1987.1518
2019:05:06 15:02:49 360580 835.6571
2019:05:06 15:02:49 361821 847.8984
2019:05:06 15:02:49 363015 795.9977
2019:05:06 15:02:49 363842 810.1314
2019:05:06 15:02:49 365059 819.9252
2019:05:06 15:02:49 397371 32302.0630
2019:05:06 15:02:49 439144 1775.3765
2019:05:06 15:02:49 440372 810.3438
2019:05:06 15:02:49 441200 810.1538
2019:05:06 15:02:49 517356 39999.6862
2019:05:06 15:02:49 557371 40004.8494
2019:05:06 15:02:49 599037 1673.4079
2019:05:06 15:02:49 599848 797.9237
2019:05:06 15:02:49 601079 817.1163
2019:05:06 15:02:49 602727 1240.1938
2019:05:06 15:02:49 603946 818.4388
2019:05:06 15:02:49 605174 823.8219
2019:05:06 15:02:49 677355 39991.6098
2019:05:06 15:02:49 679464 2098.2698
2019:05:06 15:02:49 680677 871.9377
2019:05:06 15:02:49 697363 16286.0230
2019:05:06 15:02:49 699512 1622.2261
2019:05:06 15:02:49 700758 1234.0061
2019:05:06 15:02:49 737372 36213.6550
2019:05:06 15:02:49 743334 1584.2170
2019:05:06 15:02:49 744562 810.4332
2019:05:06 15:02:49 777367 32788.7349
2019:05:06 15:02:49 825360 8003.2945
2019:05:06 15:02:49 865370 40004.0187
2019:05:06 15:02:49 870647 1223.8212
2019:05:06 15:02:49 871867 815.5778
2019:05:06 15:02:49 873093 823.1923
2019:05:06 15:02:49 945355 39997.6708
2019:05:06 15:02:49 985367 40003.1693
2019:05:06 15:02:49 986810 796.8880
2019:05:06 15:02:49 988039 819.5341
2019:05:06 15:02:49 989262 820.1003
2019:05:06 15:02:50 25372 36094.0211
2019:05:06 15:02:50 30938 841.0737
2019:05:06 15:02:50 32559 1232.9444
2019:05:06 15:02:50 61373 28404.8691
2019:05:06 15:02:50 64082 1609.1168
2019:05:06 15:02:50 64920 819.1019
2019:05:06 15:02:50 141356 39996.7171
2019:05:06 15:02:50 181366 40002.6664
2019:05:06 15:02:50 222994 1630.0343
2019:05:06 15:02:50 225469 1252.5469
2019:05:06 15:02:50 227107 801.3546
2019:05:06 15:02:50 228327 828.7504
2019:05:06 15:02:50 261372 32645.7433
2019:05:06 15:02:50 303367 2007.6260
2019:05:06 15:02:50 305415 1243.5839
2019:05:06 15:02:50 381356 39998.8927
2019:05:06 15:02:50 421371 40006.2427
2019:05:06 15:02:50 463423 2055.6264
2019:05:06 15:02:50 464645 835.0760
2019:05:06 15:02:50 466680 1221.0719
2019:05:06 15:02:50 467931 843.3238
2019:05:06 15:02:50 469139 807.9261
2019:05:06 15:02:50 541360 39996.5942
2019:05:06 15:02:50 553370 12003.2653
2019:05:06 15:02:50 558964 1178.5403
2019:05:06 15:02:50 560211 830.8329
2019:05:06 15:02:50 593367 32755.8815
2019:05:06 15:02:50 681356 39989.3858
2019:05:06 15:02:50 686281 4914.9543
2019:05:06 15:02:50 689101 1217.7378
2019:05:06 15:02:50 721367 32256.3350
2019:05:06 15:02:50 723064 1231.4357
2019:05:06 15:02:50 724280 826.3849
2019:05:06 15:02:50 725513 830.0468
2019:05:06 15:02:50 797366 36007.3559
2019:05:06 15:02:50 798848 1472.0894
2019:05:06 15:02:50 800080 815.8088
2019:05:06 15:02:50 801314 842.4222
2019:05:06 15:02:50 802944 831.1644
2019:05:06 15:02:50 804175 828.5865
2019:05:06 15:02:50 821366 16800.9773
2019:05:06 15:02:50 901355 47998.1564
2019:05:06 15:02:50 941373 40007.2075
2019:05:06 15:02:50 943675 847.9804
2019:05:06 15:02:50 945701 1644.9764
2019:05:06 15:02:50 947338 1618.7765
2019:05:06 15:02:50 948989 1258.4813
2019:05:06 15:02:51 13354 31978.3241
2019:05:06 15:02:51 69369 56005.0979
2019:05:06 15:02:51 71876 1223.1171
2019:05:06 15:02:51 73555 1269.4001
2019:05:06 15:02:51 149357 39996.7022
2019:05:06 15:02:51 189367 40002.4168
2019:05:06 15:02:51 231512 2142.4368
2019:05:06 15:02:51 233161 1638.7887
2019:05:06 15:02:51 234789 1605.1978
2019:05:06 15:02:51 236453 1229.7779
2019:05:06 15:02:51 269368 32516.2709
2019:05:06 15:02:51 311458 2100.0057
2019:05:06 15:02:51 312683 816.0137
2019:05:06 15:02:51 341354 28260.7339
2019:05:06 15:02:51 373365 32002.7396
2019:05:06 15:02:51 376329 1207.6497
2019:05:06 15:02:51 377156 818.9157
2019:05:06 15:02:51 378798 1163.0245
2019:05:06 15:02:51 380026 821.5420
2019:05:06 15:02:51 381264 840.2281
2019:05:06 15:02:51 406666 1235.9992
2019:05:06 15:02:51 408284 821.7394
2019:05:06 15:02:51 437355 28260.1193
2019:05:06 15:02:51 469364 32001.1228
2019:05:06 15:02:51 472049 1624.6662
2019:05:06 15:02:51 472851 791.7769
2019:05:06 15:02:51 474910 1204.0995
2019:05:06 15:02:51 475726 806.8606
2019:05:06 15:02:51 476629 493.8878
2019:05:06 15:02:51 549366 40008.0718
2019:05:06 15:02:51 551724 2350.0212
2019:05:06 15:02:51 552957 815.3655
2019:05:06 15:02:51 589369 36000.8106
2019:05:06 15:02:51 669355 39995.4543
2019:05:06 15:02:51 713369 44000.1264
2019:05:06 15:02:51 714616 815.5815
2019:05:06 15:02:51 715845 805.9181
2019:05:06 15:02:51 717080 820.8454
2019:05:06 15:02:51 757830 4461.0426
2019:05:06 15:02:51 759829 1240.9464
2019:05:06 15:02:51 761073 851.7206
2019:05:06 15:02:51 789756 4399.4188
2019:05:06 15:02:51 792603 1253.6868
2019:05:06 15:02:51 817366 24367.0680
2019:05:06 15:02:51 839704 1623.8056
2019:05:06 15:02:51 840924 824.5930
2019:05:06 15:02:51 877369 36046.8738
2019:05:06 15:02:51 957354 39996.4936
2019:05:06 15:02:51 997383 40018.6554
2019:05:06 15:02:52 129 1640.9121
2019:05:06 15:02:52 1373 835.0573
2019:05:06 15:02:52 2603 812.4374
2019:05:06 15:02:52 3809 814.6502
2019:05:06 15:02:52 4641 822.5180
2019:05:06 15:02:52 37367 32325.4094
2019:05:06 15:02:52 78948 1590.8405
2019:05:06 15:02:52 79750 789.5045
2019:05:06 15:02:52 80978 827.4019
2019:05:06 15:02:52 117366 35986.3788
2019:05:06 15:02:52 197354 39997.5739
2019:05:06 15:02:52 237375 40012.4975
2019:05:06 15:02:52 239520 820.6591
2019:05:06 15:02:52 240749 826.3960
2019:05:06 15:02:52 241994 844.0278
2019:05:06 15:02:52 243606 827.1672
2019:05:06 15:02:52 244820 807.7621
2019:05:06 15:02:52 285371 40137.4772
2019:05:06 15:02:52 365355 31996.3992
2019:05:06 15:02:52 397370 32004.8258
2019:05:06 15:02:52 399710 1359.3286
2019:05:06 15:02:52 400930 819.9774
2019:05:06 15:02:52 433370 31615.0151
2019:05:06 15:02:52 443534 1620.4193
2019:05:06 15:02:52 444770 1226.7791
2019:05:06 15:02:52 473916 4558.2466
2019:05:06 15:02:52 475979 826.3476
2019:05:06 15:02:52 505355 28566.9006
2019:05:06 15:02:52 537366 32004.0137
2019:05:06 15:02:52 540292 2185.6129
2019:05:06 15:02:52 541105 803.7388
2019:05:06 15:02:52 542347 830.6876
2019:05:06 15:02:52 543574 909.0900
2019:05:06 15:02:52 545198 1208.5401
2019:05:06 15:02:52 613357 39984.8484
2019:05:06 15:02:52 619777 6408.8926
2019:05:06 15:02:52 621017 831.6562
2019:05:06 15:02:52 693353 39996.3595
2019:05:06 15:02:52 733365 40004.7190
2019:05:06 15:02:52 735478 1641.5231
2019:05:06 15:02:52 736695 829.3018
2019:05:06 15:02:52 765365 28270.7736
2019:05:06 15:02:52 813372 47999.3597
2019:05:06 15:02:52 905354 43992.6125
2019:05:06 15:02:52 907556 2191.5771
2019:05:06 15:02:52 908371 697.2849
2019:05:06 15:02:52 937354 28580.8556
2019:05:06 15:02:52 977369 40005.8813
2019:05:06 15:02:53 19355 1993.3246
2019:05:06 15:02:53 20581 1213.0886
2019:05:06 15:02:53 21417 810.9286
2019:05:06 15:02:53 24301 835.2809
2019:05:06 15:02:53 25122 809.8371
2019:05:06 15:02:53 66130 8766.5655
2019:05:06 15:02:53 68151 816.7103
2019:05:06 15:02:53 68981 814.0542
2019:05:06 15:02:53 141356 39990.9951
2019:05:06 15:02:53 147822 6458.5879
2019:05:06 15:02:53 149057 810.2506
2019:05:06 15:02:53 221357 39997.4026
2019:05:06 15:02:53 261371 40006.9319
2019:05:06 15:02:53 263446 1634.2998
2019:05:06 15:02:53 264684 667.9706
2019:05:06 15:02:53 301374 35483.3193
2019:05:06 15:02:53 306878 1222.2566
2019:05:06 15:02:53 308484 819.9587
2019:05:06 15:02:53 309329 831.9393
2019:05:06 15:02:53 373360 31998.2730
2019:05:06 15:02:53 405378 32009.6016
2019:05:06 15:02:53 407211 802.5505
2019:05:06 15:02:53 408043 822.4249
2019:05:06 15:02:53 409258 820.0780
2019:05:06 15:02:53 437371 28101.6566
2019:05:06 15:02:53 501354 31999.5992
2019:05:06 15:02:53 502220 855.2894
2019:05:06 15:02:53 503439 816.6470
2019:05:06 15:02:53 504668 822.9055
2019:05:06 15:02:53 533365 28291.9183
2019:05:06 15:02:53 565368 31996.4513
2019:05:06 15:02:53 598534 1168.4969
2019:05:06 15:02:53 599776 1231.9349
2019:05:06 15:02:53 600593 804.0816
2019:05:06 15:02:53 637360 36351.5131
2019:05:06 15:02:53 643130 5762.1896
2019:05:06 15:02:53 644759 816.9785
2019:05:06 15:02:53 677367 32597.0948
2019:05:06 15:02:53 757355 39997.2759
2019:05:06 15:02:53 759155 1790.7992
2019:05:06 15:02:53 760775 1218.4642
2019:05:06 15:02:53 797356 36570.2696
2019:05:06 15:02:53 837371 40003.8585
2019:05:06 15:02:53 839463 1237.1242
2019:05:06 15:02:53 840279 797.6405
2019:05:06 15:02:53 877360 36662.5488
2019:05:06 15:02:53 917374 40006.0676
2019:05:06 15:02:53 961875 4516.4712
2019:05:06 15:02:53 963928 842.8581
2019:05:06 15:02:53 997369 33050.2391
2019:05:06 15:02:54 69358 32001.5624
2019:05:06 15:02:54 74983 5615.4095
2019:05:06 15:02:54 76217 830.7770
2019:05:06 15:02:54 77041 815.3319
2019:05:06 15:02:54 105737 4379.2948
2019:05:06 15:02:54 107369 829.3837
2019:05:06 15:02:54 109026 845.1864
2019:05:06 15:02:54 169358 35995.8895
2019:05:06 15:02:54 170556 1186.5497
2019:05:06 15:02:54 172179 804.6478
2019:05:06 15:02:54 173007 811.0516
2019:05:06 15:02:54 174645 1233.6709
2019:05:06 15:02:54 175887 836.7822
2019:05:06 15:02:54 177119 828.0985
2019:05:06 15:02:54 203042 1248.3560
2019:05:06 15:02:54 204264 828.9404
2019:05:06 15:02:54 233356 28684.8657
2019:05:06 15:02:54 273367 40002.0815
2019:05:06 15:02:54 314553 1195.9113
2019:05:06 15:02:54 316585 1248.8477
2019:05:06 15:02:54 318622 1225.0096
2019:05:06 15:02:54 319860 1230.7987
2019:05:06 15:02:54 353366 32696.1689
2019:05:06 15:02:54 395244 1888.4763
2019:05:06 15:02:54 396083 812.8360
2019:05:06 15:02:54 433355 36877.2708
2019:05:06 15:02:54 465366 32003.2351
2019:05:06 15:02:54 529354 31990.7442
2019:05:06 15:02:54 561367 32006.1669
2019:05:06 15:02:54 588045 2031.9223
2019:05:06 15:02:54 588923 471.3796
2019:05:06 15:02:54 657355 31998.1650
2019:05:06 15:02:54 689373 32008.3313
2019:05:06 15:02:54 731174 1813.8401
2019:05:06 15:02:54 732399 822.8719
2019:05:06 15:02:54 769356 36141.9953
2019:05:06 15:02:54 809369 40003.4375
2019:05:06 15:02:54 901355 47995.4891
2019:05:06 15:02:54 953367 52005.0973
2019:05:06 15:02:55 41361 48005.3909
2019:05:06 15:02:55 93374 52004.5869
2019:05:06 15:02:55 181355 39979.5175
2019:05:06 15:02:55 182726 1360.5095
2019:05:06 15:02:55 183574 835.9998
2019:05:06 15:02:55 184798 835.2287
2019:05:06 15:02:55 233368 48175.8602
2019:05:06 15:02:55 333357 51996.4993
2019:05:06 15:02:55 373372 40004.9947
2019:05:06 15:02:55 374959 1219.4850
2019:05:06 15:02:55 376178 844.2812
2019:05:06 15:02:55 377408 845.8346
2019:05:06 15:02:55 422842 1482.4197
2019:05:06 15:02:55 424078 816.7773
2019:05:06 15:02:55 424927 841.5692
2019:05:06 15:02:55 469375 44063.2366
2019:05:06 15:02:55 471014 842.1242
2019:05:06 15:02:55 472235 816.9226
2019:05:06 15:02:55 473479 820.4840
2019:05:06 15:02:55 518575 1216.2961
2019:05:06 15:02:55 520568 837.4862
2019:05:06 15:02:55 557372 35993.2519
2019:05:06 15:02:55 562951 1245.0442
2019:05:06 15:02:55 564163 816.3489
2019:05:06 15:02:55 597369 32781.9996
2019:05:06 15:02:55 661356 31999.0627
2019:05:06 15:02:55 662473 1108.5980
2019:05:06 15:02:55 663698 820.1562
2019:05:06 15:02:55 665321 1210.4847
2019:05:06 15:02:55 690839 1447.9980
2019:05:06 15:02:55 691666 816.1329
2019:05:06 15:02:55 692894 819.8582
2019:05:06 15:02:55 745365 52064.4672
2019:05:06 15:02:55 786503 1141.3097
2019:05:06 15:02:55 787738 843.4542
2019:05:06 15:02:55 788958 811.0926
2019:05:06 15:02:55 865355 39987.6013
2019:05:06 15:02:55 905370 40005.4157
2019:05:06 15:02:55 947127 1763.8914
2019:05:06 15:02:55 947951 810.3624
2019:05:06 15:02:55 949979 810.8690
2019:05:06 15:02:55 951230 827.8638
2019:05:06 15:02:55 952465 831.2725
2019:05:06 15:02:55 985374 32510.4706
2019:05:06 15:02:56 27403 2037.9201
2019:05:06 15:02:56 28222 804.6217
2019:05:06 15:02:56 29459 815.5257
2019:05:06 15:02:56 81363 24005.4093
2019:05:06 15:02:56 97378 16006.0525
2019:05:06 15:02:56 155376 30013.2744
2019:05:06 15:02:56 189368 33981.7703
2019:05:06 15:02:56 191406 1199.1709
2019:05:06 15:02:56 192293 456.8063
2019:05:06 15:02:56 221372 28730.9773
2019:05:06 15:02:56 261373 39993.2303
2019:05:06 15:02:56 293362 19997.1423
2019:05:06 15:02:56 321374 28004.9443
2019:05:06 15:02:56 401360 40003.2438
2019:05:06 15:02:56 441366 39998.9709
2019:05:06 15:02:56 447231 1623.6342
2019:05:06 15:02:56 448041 800.5612
2019:05:06 15:02:56 448858 760.4323
2019:05:06 15:02:56 473369 24101.6112
2019:05:06 15:02:56 509541 4180.1147
2019:05:06 15:02:56 511659 1354.5528
2019:05:06 15:02:56 537360 24496.8347
2019:05:06 15:02:56 542774 5405.6533
2019:05:06 15:02:56 544461 475.1943
2019:05:06 15:02:56 569373 24560.3956
2019:05:06 15:02:56 606646 5290.6387
2019:05:06 15:02:56 608284 780.1764
2019:05:06 15:02:56 641367 32684.9744
2019:05:06 15:02:56 686215 4858.1660
2019:05:06 15:02:56 688268 828.1060
2019:05:06 15:02:56 721366 32695.3605
2019:05:06 15:02:56 723069 803.7351
2019:05:06 15:02:56 724298 836.7002
2019:05:06 15:02:56 761355 36663.5136
2019:05:06 15:02:56 801368 40004.4061
2019:05:06 15:02:56 803995 1646.8689
2019:05:06 15:02:56 804812 805.6574
2019:05:06 15:02:56 845655 4292.7600
2019:05:06 15:02:56 847633 1498.8780
2019:05:06 15:02:56 848178 531.6176
2019:05:06 15:02:56 849287 836.0595
2019:05:06 15:02:56 913354 31994.3205
2019:05:06 15:02:56 945369 32005.1461
2019:05:06 15:02:56 946271 811.2751
2019:05:06 15:02:56 947489 812.8807
2019:05:06 15:02:56 948710 826.5227
2019:05:06 15:02:56 949539 815.9392
2019:05:06 15:02:57 9354 31993.8883
2019:05:06 15:02:57 49374 40010.1095
2019:05:06 15:02:57 149356 47995.3699
2019:05:06 15:02:57 197371 48003.0738
2019:05:06 15:02:57 269360 32003.8348
2019:05:06 15:02:57 301363 31995.7733
2019:05:06 15:02:57 365360 31993.6797
2019:05:06 15:02:57 405364 39996.1956
2019:05:06 15:02:57 407534 818.4463
2019:05:06 15:02:57 408772 838.7864
2019:05:06 15:02:57 445363 36201.8161
2019:05:06 15:02:57 541354 47993.7457
2019:05:06 15:02:57 589368 48005.3909
2019:05:06 15:02:57 633732 4367.5229
2019:05:06 15:02:57 636181 1237.3887
2019:05:06 15:02:57 661369 24778.4629
2019:05:06 15:02:57 721355 31981.6843
2019:05:06 15:02:57 753367 32003.1233
2019:05:06 15:02:57 817354 31993.2774
2019:05:06 15:02:57 853370 36008.1345
2019:05:06 15:02:57 890102 4733.4284
2019:05:06 15:02:57 891698 805.0129
2019:05:06 15:02:57 892393 684.2837
2019:05:06 15:02:57 925364 32434.5231
2019:05:06 15:02:57 935136 1614.8761
2019:05:06 15:02:57 936764 1210.7082
2019:05:06 15:02:57 961364 24586.3572
2019:05:06 15:02:58 33364 36001.8462
2019:05:06 15:02:58 35081 1707.8333
2019:05:06 15:02:58 36292 809.4348
2019:05:06 15:02:58 37518 1101.6019
2019:05:06 15:02:58 38460 924.5053
2019:05:06 15:02:58 39966 814.5794
2019:05:06 15:02:58 40815 825.8820
2019:05:06 15:02:58 67429 26213.1095
2019:05:06 15:02:58 68649 810.0159
2019:05:06 15:02:58 97356 28302.5317
2019:05:06 15:02:58 133366 35999.6445
2019:05:06 15:02:58 134407 802.9826
2019:05:06 15:02:58 135632 828.2736
2019:05:06 15:02:58 136847 819.6495
2019:05:06 15:02:58 161728 24870.7943
2019:05:06 15:02:58 163747 1231.3873
2019:05:06 15:02:58 164582 817.3473
2019:05:06 15:02:58 189368 24370.1935
2019:05:06 15:02:58 230128 770.7477
2019:05:06 15:02:58 231759 819.4484
2019:05:06 15:02:58 232968 818.5096
2019:05:06 15:02:58 269362 36381.2633
2019:05:06 15:02:58 309367 39993.5953
2019:05:06 15:02:58 389355 39997.0636
2019:05:06 15:02:58 429371 40005.7659
2019:05:06 15:02:58 431861 450.6931
2019:05:06 15:02:58 433462 813.4954
2019:05:06 15:02:58 501355 31997.5875
2019:05:06 15:02:58 533368 32003.1755
2019:05:06 15:02:58 575479 2117.8909
2019:05:06 15:02:58 576284 785.3620
2019:05:06 15:02:58 577519 834.0180
2019:05:06 15:02:58 579138 821.9928
2019:05:06 15:02:58 579957 808.5072
2019:05:06 15:02:58 580789 821.8884
2019:05:06 15:02:58 607013 25823.2057
2019:05:06 15:02:58 608635 818.1483
2019:05:06 15:02:58 629360 20309.9139
2019:05:06 15:02:58 661372 32000.9775
2019:05:06 15:02:58 702739 1383.1854
2019:05:06 15:02:58 704801 1254.4803
2019:05:06 15:02:58 741366 36176.0147
2019:05:06 15:02:58 821354 39995.9236
2019:05:06 15:02:58 861376 40013.3766
2019:05:06 15:02:58 864545 774.2308
2019:05:06 15:02:58 865410 853.8365
2019:05:06 15:02:58 866233 811.5247
2019:05:06 15:02:58 867451 858.1579
2019:05:06 15:02:58 868662 812.0053
2019:05:06 15:02:58 893827 24752.4157
2019:05:06 15:02:58 895876 821.6240
2019:05:06 15:02:58 897089 828.7355
2019:05:06 15:02:58 925367 27876.8279
2019:05:06 15:02:58 958735 1377.9476
2019:05:06 15:02:58 961182 1642.8195
2019:05:06 15:02:58 962435 841.1370
2019:05:06 15:02:58 963663 822.7192
2019:05:06 15:02:58 965292 828.1283
2019:05:06 15:02:58 991566 2023.3355
2019:05:06 15:02:58 992794 817.4479
2019:05:06 15:02:59 21356 28548.9894
2019:05:06 15:02:59 53380 32011.7287
2019:05:06 15:02:59 94642 1279.6074
2019:05:06 15:02:59 96249 1187.6933
2019:05:06 15:02:59 97120 856.1946
2019:05:06 15:02:59 134744 1381.2818
2019:05:06 15:02:59 135746 989.6271
2019:05:06 15:02:59 137190 814.2814
2019:05:06 15:02:59 173368 36166.6009
2019:05:06 15:02:59 253355 39993.5916
2019:05:06 15:02:59 285372 32006.2824
2019:05:06 15:02:59 349354 31993.4338
2019:05:06 15:02:59 381371 32007.2584
2019:05:06 15:02:59 445355 31997.8632
2019:05:06 15:02:59 477371 32006.7629
2019:05:06 15:02:59 518725 1369.1783
2019:05:06 15:02:59 519543 808.4662
2019:05:06 15:02:59 520774 839.4532
2019:05:06 15:02:59 557376 36212.7721
2019:05:06 15:02:59 637354 39997.2983
2019:05:06 15:02:59 677382 40018.3909
2019:05:06 15:02:59 680252 820.5101
2019:05:06 15:02:59 681079 817.7347
2019:05:06 15:02:59 682308 827.3982
2019:05:06 15:02:59 683537 829.2049
2019:05:06 15:02:59 684753 821.2849
2019:05:06 15:02:59 717365 32602.0382
2019:05:06 15:02:59 781363 31998.0383
2019:05:06 15:02:59 813371 32000.4970
2019:05:06 15:02:59 877355 31997.5689
2019:05:06 15:02:59 909368 32003.4586
2019:05:06 15:02:59 911775 1659.5423
2019:05:06 15:02:59 913381 818.9343
2019:05:06 15:02:59 981356 39994.3553
2019:05:06 15:02:59 988057 6691.4447
2019:05:06 15:02:59 989282 821.4004
2019:05:06 15:03:00 21366 32073.7213
2019:05:06 15:03:00 101356 39992.5560
2019:05:06 15:03:00 102116 751.0595
2019:05:06 15:03:00 103336 826.9548
2019:05:06 15:03:00 104563 829.8270
2019:05:06 15:03:00 105387 817.9806
2019:05:06 15:03:00 146928 5564.9988
2019:05:06 15:03:00 148562 1212.3398
2019:05:06 15:03:00 169365 20791.6759
2019:05:06 15:03:00 195258 1902.6920
2019:05:06 15:03:00 196089 820.5250
2019:05:06 15:03:00 197310 810.3177
2019:05:06 15:03:00 198540 811.8302
2019:05:06 15:03:00 199767 820.7113
2019:05:06 15:03:00 201012 838.7417
2019:05:06 15:03:00 226406 1044.7577
2019:05:06 15:03:00 227627 837.0616
2019:05:06 15:03:00 228835 820.1525
2019:05:06 15:03:00 257354 28507.3370
2019:05:06 15:03:00 289372 32007.3329
2019:05:06 15:03:00 322645 1281.4552
2019:05:06 15:03:00 323867 817.8465
2019:05:06 15:03:00 324698 820.2009
2019:05:06 15:03:00 353354 28258.9197
2019:05:06 15:03:00 385373 32011.5574
2019:05:06 15:03:00 388344 808.5482
2019:05:06 15:03:00 389185 831.7977
2019:05:06 15:03:00 390797 1214.7427
2019:05:06 15:03:00 391629 822.6186
2019:05:06 15:03:00 392844 815.7566
2019:05:06 15:03:00 425365 32511.0704
2019:05:06 15:03:00 466156 799.6969
2019:05:06 15:03:00 467365 829.8792
2019:05:06 15:03:00 468185 813.4693
2019:05:06 15:03:00 469419 833.0010
2019:05:06 15:03:00 545357 40001.2098
2019:05:06 15:03:00 589371 44004.2652
2019:05:06 15:03:00 630538 1178.9016
2019:05:06 15:03:00 631367 816.9003
2019:05:06 15:03:00 632594 829.9425
2019:05:06 15:03:00 633419 819.1355
2019:05:06 15:03:00 673982 4614.5767
2019:05:06 15:03:00 675618 814.5645
2019:05:06 15:03:00 676433 805.2737
2019:05:06 15:03:00 677264 821.9145
2019:05:06 15:03:00 741354 31998.4965
2019:05:06 15:03:00 773371 32009.6500
2019:05:06 15:03:00 775064 1247.3650
2019:05:06 15:03:00 776285 827.9458
2019:05:06 15:03:00 777516 830.4566
2019:05:06 15:03:00 837355 31991.7724
2019:05:06 15:03:00 869368 32004.3266
2019:05:06 15:03:00 870946 1192.3239
2019:05:06 15:03:00 872147 801.0827
2019:05:06 15:03:00 873385 818.7518
2019:05:06 15:03:00 901373 27973.3203
2019:05:06 15:03:00 945494 4136.6890
2019:05:06 15:03:00 947119 1236.8932
2019:05:06 15:03:00 948329 806.2981
2019:05:06 15:03:00 981354 32608.1775
2019:05:06 15:03:01 21372 40010.3219
2019:05:06 15:03:01 24728 1237.7352
2019:05:06 15:03:01 27163 2029.5233
2019:05:06 15:03:01 28403 1213.8821
2019:05:06 15:03:01 61378 32546.2148
2019:05:06 15:03:01 62632 818.6586
2019:05:06 15:03:01 63464 822.2386
2019:05:06 15:03:01 64683 823.5238
2019:05:06 15:03:01 65516 823.7623
2019:05:06 15:03:01 106424 5058.2029
2019:05:06 15:03:01 107665 1225.1288
2019:05:06 15:03:01 108884 832.6434
2019:05:06 15:03:01 141365 32080.9074
2019:05:06 15:03:01 185611 4255.0638
2019:05:06 15:03:01 187673 847.1720
2019:05:06 15:03:01 189288 819.5750
2019:05:06 15:03:01 261355 40000.3009
2019:05:06 15:03:01 301370 40006.9542
2019:05:06 15:03:01 302750 813.8306
2019:05:06 15:03:01 303578 818.0477
2019:05:06 15:03:01 304805 827.5993
2019:05:06 15:03:01 341370 36166.3140
2019:05:06 15:03:01 346837 5452.4243
2019:05:06 15:03:01 348065 820.5064
2019:05:06 15:03:01 349294 820.4132
2019:05:06 15:03:01 382478 1120.4705
2019:05:06 15:03:01 383708 837.8550
2019:05:06 15:03:01 384933 832.4198
2019:05:06 15:03:01 386582 831.5928
2019:05:06 15:03:01 387802 1083.1207
2019:05:06 15:03:01 389025 812.7838
2019:05:06 15:03:01 461354 39991.1664
2019:05:06 15:03:01 463763 2398.6287
2019:05:06 15:03:01 464971 827.6217
2019:05:06 15:03:01 501367 35989.1951
2019:05:06 15:03:01 581355 39994.0573
2019:05:06 15:03:01 621376 40010.2697
2019:05:06 15:03:01 623583 816.4123
2019:05:06 15:03:01 624401 808.7382
2019:05:06 15:03:01 625220 757.2770
2019:05:06 15:03:01 626850 1208.5885
2019:05:06 15:03:01 627678 803.2322
2019:05:06 15:03:01 629314 1213.9864
2019:05:06 15:03:01 701354 39990.7418
2019:05:06 15:03:01 702679 1315.2622
2019:05:06 15:03:01 703870 779.7033
2019:05:06 15:03:01 705120 812.0500
2019:05:06 15:03:01 741367 36232.9818
2019:05:06 15:03:01 821359 40001.6606
2019:05:06 15:03:01 861369 40002.7893
2019:05:06 15:03:01 863660 637.2035
2019:05:06 15:03:01 864262 593.3754
2019:05:06 15:03:01 865479 831.2166
2019:05:06 15:03:01 867115 806.2124
2019:05:06 15:03:01 868346 829.5849
2019:05:06 15:03:01 869175 815.2649
2019:05:06 15:03:01 941354 39994.5527
2019:05:06 15:03:01 942821 1457.0355
2019:05:06 15:03:01 944028 815.6337
2019:05:06 15:03:01 944860 822.5553
2019:05:06 15:03:01 981375 36114.0855
2019:05:06 15:03:02 61361 40002.9011
2019:05:06 15:03:02 101370 39999.2652
2019:05:06 15:03:02 103399 837.4862
2019:05:06 15:03:02 104313 531.9566
2019:05:06 15:03:02 105833 818.0812
2019:05:06 15:03:02 107074 841.3829
2019:05:06 15:03:02 108317 832.3751
2019:05:06 15:03:02 141366 32961.4244
2019:05:06 15:03:02 225356 39997.9316
2019:05:06 15:03:02 230484 5119.4988
2019:05:06 15:03:02 231704 817.1014
2019:05:06 15:03:02 232920 826.6978
2019:05:06 15:03:02 305356 39998.3525
2019:05:06 15:03:02 345374 40009.1894
2019:05:06 15:03:02 346794 1199.8564
2019:05:06 15:03:02 348008 827.1150
2019:05:06 15:03:02 349225 815.2090
2019:05:06 15:03:02 385372 36136.6570
2019:05:06 15:03:02 391419 1581.1473
2019:05:06 15:03:02 391900 471.4541
2019:05:06 15:03:02 393063 828.8436
2019:05:06 15:03:02 465356 39998.5351
2019:05:06 15:03:02 471026 5660.7425
2019:05:06 15:03:02 472240 822.7155
2019:05:06 15:03:02 505364 32724.5072
2019:05:06 15:03:02 588568 43211.8699
2019:05:06 15:03:02 589223 642.3667
2019:05:06 15:03:02 616199 813.9387
2019:05:06 15:03:02 645356 29145.9113
2019:05:06 15:03:02 685369 40003.8436
2019:05:06 15:03:02 765356 39998.0471
2019:05:06 15:03:02 805368 40001.3886
2019:05:06 15:03:02 807479 815.2686
2019:05:06 15:03:02 808706 827.8228
2019:05:06 15:03:02 845354 36247.4769
2019:05:06 15:03:02 885369 40004.4285
2019:05:06 15:03:02 965361 40203.1243
2019:05:06 15:03:02 967767 2398.2897
2019:05:06 15:03:02 968977 823.3525
2019:05:06 15:03:02 969825 836.9945
2019:05:06 15:03:02 971034 812.7615
2019:05:06 15:03:02 971928 484.3660
2019:05:06 15:03:03 5363 32694.4776
2019:05:06 15:03:03 45368 39998.4196
2019:05:06 15:03:03 47887 813.1079
2019:05:06 15:03:03 49100 824.4701
2019:05:06 15:03:03 81374 32262.3067
2019:05:06 15:03:03 161355 39997.5218
2019:05:06 15:03:03 162961 1598.1831
2019:05:06 15:03:03 164206 845.6223
2019:05:06 15:03:03 201361 36757.3984
2019:05:06 15:03:03 206745 5370.5908
2019:05:06 15:03:03 209175 1615.4833
2019:05:06 15:03:03 281355 39991.4682
2019:05:06 15:03:03 287828 6463.3489
2019:05:06 15:03:03 321359 33115.7371
2019:05:06 15:03:03 361364 39998.2333
2019:05:06 15:03:03 402487 1129.5974
2019:05:06 15:03:03 404147 826.4333
2019:05:06 15:03:03 441357 36809.6679
2019:05:06 15:03:03 446966 5598.6680
2019:05:06 15:03:03 448615 841.0886
2019:05:06 15:03:03 521355 39991.9376
2019:05:06 15:03:03 527243 5879.5884
2019:05:06 15:03:03 529292 1625.6049
2019:05:06 15:03:03 605358 44000.6629
2019:05:06 15:03:03 645374 40008.4145
2019:05:06 15:03:03 687264 1901.4664
2019:05:06 15:03:03 688077 799.7714
2019:05:06 15:03:03 690110 1207.9738
2019:05:06 15:03:03 692165 1651.9129
2019:05:06 15:03:03 725372 32804.6940
2019:05:06 15:03:03 766504 1140.9074
2019:05:06 15:03:03 767753 841.5878
2019:05:06 15:03:03 805356 37202.2018
2019:05:06 15:03:03 841366 35998.9367
2019:05:06 15:03:03 885829 4469.4543
2019:05:06 15:03:03 887839 822.6186
2019:05:06 15:03:03 888675 825.8149
2019:05:06 15:03:03 921365 32299.2615
2019:05:06 15:03:03 950508 1151.6437
2019:05:06 15:03:03 952152 1242.4514
2019:05:06 15:03:03 953383 830.5125
2019:05:06 15:03:03 954609 826.6605
2019:05:06 15:03:03 955836 826.6494
2019:05:06 15:03:03 957063 830.1437
2019:05:06 15:03:03 989365 32294.7726
2019:05:06 15:03:04 30591 1228.8392
2019:05:06 15:03:04 31819 822.6596
2019:05:06 15:03:04 32653 823.0582
2019:05:06 15:03:04 61361 28306.3091
2019:05:06 15:03:04 105366 43994.6018
2019:05:06 15:03:04 146195 836.5288
2019:05:06 15:03:04 147034 826.9213
2019:05:06 15:03:04 148261 830.8664
2019:05:06 15:03:04 149482 831.2389
2019:05:06 15:03:04 189639 4277.6540
2019:05:06 15:03:04 191779 1349.3560
2019:05:06 15:03:04 192995 827.8005
2019:05:06 15:03:04 265355 39999.7011
2019:05:06 15:03:04 271410 6046.2207
2019:05:06 15:03:04 272644 817.9992
2019:05:06 15:03:04 337356 39991.6060
2019:05:06 15:03:04 338414 1048.1961
2019:05:06 15:03:04 339638 812.5715
2019:05:06 15:03:04 340485 837.7880
2019:05:06 15:03:04 377359 36480.0356
2019:05:06 15:03:04 382260 4893.2284
2019:05:06 15:03:04 383482 822.3653
2019:05:06 15:03:04 384716 836.3388
2019:05:06 15:03:04 417376 32268.4124
2019:05:06 15:03:04 461735 4375.3311
2019:05:06 15:03:04 463355 817.6416
2019:05:06 15:03:04 464569 827.7260
2019:05:06 15:03:04 497368 32398.7901
2019:05:06 15:03:04 581308 43949.8201
2019:05:06 15:03:04 617384 36026.9472
2019:05:06 15:03:04 623190 1263.3204
2019:05:06 15:03:04 624419 842.0944
2019:05:06 15:03:04 657368 32148.9796
2019:05:06 15:03:04 701479 4120.0407
2019:05:06 15:03:04 703498 1647.4314
2019:05:06 15:03:04 705141 1246.5641
2019:05:06 15:03:04 777355 40000.0736
2019:05:06 15:03:04 817366 40002.4615
2019:05:06 15:03:04 819616 1234.2706
2019:05:06 15:03:04 821260 1239.4153
2019:05:06 15:03:04 861769 4407.6480
2019:05:06 15:03:04 864179 1218.0805
2019:05:06 15:03:04 897377 33175.5020
2019:05:06 15:03:04 942802 1444.6639
2019:05:06 15:03:04 944460 1253.4223
2019:05:06 15:03:04 981355 36508.4969
2019:05:06 15:03:05 21366 40003.2885
2019:05:06 15:03:05 105357 43994.3597
2019:05:06 15:03:05 106643 1275.9790
2019:05:06 15:03:05 107890 839.5389
2019:05:06 15:03:05 109126 850.3124
2019:05:06 15:03:05 150234 4871.3386
2019:05:06 15:03:05 151861 823.9746
2019:05:06 15:03:05 153066 820.4617
2019:05:06 15:03:05 185368 32287.4375
2019:05:06 15:03:05 230540 5182.0353
2019:05:06 15:03:05 232177 819.4484
2019:05:06 15:03:05 233005 806.2087
2019:05:06 15:03:05 305356 39999.4552
2019:05:06 15:03:05 326545 21178.4318
2019:05:06 15:03:05 328178 1230.5975
2019:05:06 15:03:05 329011 811.3906
2019:05:06 15:03:05 365368 35946.0413
2019:05:06 15:03:05 368336 805.6015
2019:05:06 15:03:05 369170 824.1162
2019:05:06 15:03:05 370409 817.5969
2019:05:06 15:03:05 371628 827.8452
2019:05:06 15:03:05 372850 822.2014
2019:05:06 15:03:05 405371 32515.3060
2019:05:06 15:03:05 407053 822.3131
2019:05:06 15:03:05 408274 811.5470
2019:05:06 15:03:05 409526 834.4091
2019:05:06 15:03:05 445370 35836.4955
2019:05:06 15:03:05 451391 1631.3568
2019:05:06 15:03:05 452196 792.0638
2019:05:06 15:03:05 485367 32769.5794
2019:05:06 15:03:05 529887 4529.3905
2019:05:06 15:03:05 531891 1628.9242
2019:05:06 15:03:05 533111 1158.3678
2019:05:06 15:03:05 565370 32246.3103
2019:05:06 15:03:05 637357 31997.8595
2019:05:06 15:03:05 643376 6010.0667
2019:05:06 15:03:05 644604 837.9929
2019:05:06 15:03:05 669369 24752.9522
2019:05:06 15:03:05 675726 2036.8770
2019:05:06 15:03:05 676968 838.7528
2019:05:06 15:03:05 737363 39993.2228
2019:05:06 15:03:05 777371 40001.7537
2019:05:06 15:03:05 818875 1516.9643
2019:05:06 15:03:05 819690 800.3004
2019:05:06 15:03:05 820904 827.4838
2019:05:06 15:03:05 857368 36064.2821
2019:05:06 15:03:05 863465 1236.9454
2019:05:06 15:03:05 865100 1245.5732
2019:05:06 15:03:05 898814 1456.0707
2019:05:06 15:03:05 900876 1655.3663
2019:05:06 15:03:05 933372 31674.3851
2019:05:06 15:03:05 935257 810.0234
2019:05:06 15:03:05 936094 826.4668
2019:05:06 15:03:05 965367 28477.8811
2019:05:06 15:03:05 997364 31990.4536
2019:05:06 15:03:06 49355 27981.4079
2019:05:06 15:03:06 89370 40006.9207
2019:05:06 15:03:06 165372 36015.8011
2019:05:06 15:03:06 170429 5048.7481
2019:05:06 15:03:06 172071 829.0149
2019:05:06 15:03:06 173300 816.9860
2019:05:06 15:03:06 237354 31990.8373
2019:05:06 15:03:06 269365 32004.2036
2019:05:06 15:03:06 271129 828.4897
2019:05:06 15:03:06 272358 830.1437
2019:05:06 15:03:06 297790 25033.3026
2019:05:06 15:03:06 299787 814.1063
2019:05:06 15:03:06 300625 826.4333
2019:05:06 15:03:06 313753 12728.5048
2019:05:06 15:03:06 315759 809.9936
2019:05:06 15:03:06 316591 822.3094
2019:05:06 15:03:06 317836 844.5606
2019:05:06 15:03:06 319037 810.9249
2019:05:06 15:03:06 319868 816.6954
2019:05:06 15:03:06 321085 820.3760
2019:05:06 15:03:06 346331 25233.8499
2019:05:06 15:03:06 348381 1210.6076
2019:05:06 15:03:06 349201 809.6807
2019:05:06 15:03:06 417355 39997.8757
2019:05:06 15:03:06 457372 40007.9861
2019:05:06 15:03:06 459948 815.6635
2019:05:06 15:03:06 460776 809.9042
2019:05:06 15:03:06 462009 832.9935
2019:05:06 15:03:06 463249 864.5169
2019:05:06 15:03:06 464863 815.1829
2019:05:06 15:03:06 497367 32487.5303
2019:05:06 15:03:06 539007 1650.0019
2019:05:06 15:03:06 539876 463.0610
2019:05:06 15:03:06 541044 811.4427
2019:05:06 15:03:06 581319 40263.3362
2019:05:06 15:03:06 587662 6321.9592
2019:05:06 15:03:06 589281 813.3017
2019:05:06 15:03:06 619388 30096.7582
2019:05:06 15:03:06 654068 709.6492
2019:05:06 15:03:06 656110 812.0909
2019:05:06 15:03:06 656951 825.6137
2019:05:06 15:03:06 685373 28031.6807
2019:05:06 15:03:06 749356 31990.6101
2019:05:06 15:03:06 750334 970.6579
2019:05:06 15:03:06 751548 821.2700
2019:05:06 15:03:06 752374 819.7911
2019:05:06 15:03:06 781372 28598.0590
2019:05:06 15:03:06 797376 15994.9660
2019:05:06 15:03:06 799149 1207.0425
2019:05:06 15:03:06 800379 824.2466
2019:05:06 15:03:06 825896 25109.4140
2019:05:06 15:03:06 827963 833.0010
2019:05:06 15:03:06 829180 827.6254
2019:05:06 15:03:06 866059 4700.2733
2019:05:06 15:03:06 868103 832.5800
2019:05:06 15:03:06 901370 32463.8672
2019:05:06 15:03:06 904748 1634.7393
2019:05:06 15:03:06 906241 1085.7731
2019:05:06 15:03:06 908859 1242.3210
2019:05:06 15:03:06 981362 40004.1789
2019:05:06 15:03:06 987408 6035.1528
2019:05:06 15:03:06 988635 815.7603
2019:05:06 15:03:07 13370 24728.0933
2019:05:06 15:03:07 15466 1647.6810
2019:05:06 15:03:07 16683 811.1373
2019:05:06 15:03:07 17515 813.2011
2019:05:06 15:03:07 49877 4514.8917
2019:05:06 15:03:07 51922 2032.6599
2019:05:06 15:03:07 53165 841.2190
2019:05:06 15:03:07 97362 19999.7686
2019:05:06 15:03:07 99053 1681.3576
2019:05:06 15:03:07 100696 812.8844
2019:05:06 15:03:07 103160 2045.9481
2019:05:06 15:03:07 104794 823.8219
2019:05:06 15:03:07 129375 24170.9501
2019:05:06 15:03:07 162570 1210.3952
2019:05:06 15:03:07 163809 445.9061
2019:05:06 15:03:07 165020 833.5896
2019:05:06 15:03:07 193369 27957.9982
2019:05:06 15:03:07 227449 2089.0087
2019:05:06 15:03:07 228662 813.3911
2019:05:06 15:03:07 229493 821.3557
2019:05:06 15:03:07 230822 526.0967
2019:05:06 15:03:07 231543 711.3330
2019:05:06 15:03:07 232766 827.5397
2019:05:06 15:03:07 265372 32499.1755
2019:05:06 15:03:07 268003 1655.6904
2019:05:06 15:03:07 270439 2034.6418
2019:05:06 15:03:07 271698 840.5261
2019:05:06 15:03:07 273317 1234.0657
2019:05:06 15:03:07 307377 2013.2139
2019:05:06 15:03:07 308202 811.4539
2019:05:06 15:03:07 345362 36768.3023
2019:05:06 15:03:07 385371 40000.9863
2019:05:06 15:03:07 457355 31997.6434
2019:05:06 15:03:07 458860 1496.7024
2019:05:06 15:03:07 459699 813.7189
2019:05:06 15:03:07 460924 827.8005
2019:05:06 15:03:07 489368 28043.7917
2019:05:06 15:03:07 553361 31999.1931
2019:05:06 15:03:07 554612 1241.8739
2019:05:06 15:03:07 556251 802.4424
2019:05:06 15:03:07 557080 818.3308
2019:05:06 15:03:07 560365 2882.5551
2019:05:06 15:03:07 586231 25443.0771
2019:05:06 15:03:07 587860 1231.8678
2019:05:06 15:03:07 613376 25110.6359
2019:05:06 15:03:07 677362 32005.8502
2019:05:06 15:03:07 721367 43998.1110
2019:05:06 15:03:07 801364 40007.8967
2019:05:06 15:03:07 837384 36012.1913
2019:05:06 15:03:07 881744 4386.6895
2019:05:06 15:03:07 884190 2031.6988
2019:05:06 15:03:07 885018 818.1892
2019:05:06 15:03:07 941361 31996.7717
2019:05:06 15:03:07 973371 31999.9270
2019:05:06 15:03:08 37364 32002.1212
2019:05:06 15:03:08 39423 2051.5360
2019:05:06 15:03:08 40654 828.7914
2019:05:06 15:03:08 77361 36306.9847
2019:05:06 15:03:08 89370 12000.0765
2019:05:06 15:03:08 130356 997.7296
2019:05:06 15:03:08 132396 1232.8625
2019:05:06 15:03:08 133228 808.6897
2019:05:06 15:03:08 205355 37968.7138
2019:05:06 15:03:08 206961 1596.4769
2019:05:06 15:03:08 208595 1230.9775
2019:05:06 15:03:08 245369 35972.1817
2019:05:06 15:03:08 317360 32001.1377
2019:05:06 15:03:08 320376 3010.0606
2019:05:06 15:03:08 321625 839.7289
2019:05:06 15:03:08 324070 1162.8419
2019:05:06 15:03:08 324884 800.5016
2019:05:06 15:03:08 350675 1193.4973
2019:05:06 15:03:08 351918 811.3906
2019:05:06 15:03:08 353550 1217.1119
2019:05:06 15:03:08 413355 31990.5281
2019:05:06 15:03:08 414649 1285.2363
2019:05:06 15:03:08 415862 816.5985
2019:05:06 15:03:08 416693 814.1249
2019:05:06 15:03:08 417920 827.6217
2019:05:06 15:03:08 419565 830.7919
2019:05:06 15:03:08 421198 1232.6427
2019:05:06 15:03:08 485370 64154.9863
2019:05:06 15:03:08 529547 4190.7653
2019:05:06 15:03:08 531173 1225.4231
2019:05:06 15:03:08 532010 744.1863
2019:05:06 15:03:08 561366 28965.9165
2019:05:06 15:03:08 597367 35994.3807
2019:05:06 15:03:08 599577 1629.6394
2019:05:06 15:03:08 601226 1233.1419
2019:05:06 15:03:08 642169 4798.4459
2019:05:06 15:03:08 642997 807.9745
2019:05:06 15:03:08 643879 487.3611
2019:05:06 15:03:08 669356 24735.6296
2019:05:06 15:03:08 709376 40011.5624
2019:05:06 15:03:08 711771 829.8270
2019:05:06 15:03:08 713405 1237.0646
2019:05:06 15:03:08 742465 1100.9388
2019:05:06 15:03:08 743309 834.2117
2019:05:06 15:03:08 744509 819.1839
2019:05:06 15:03:08 777690 33169.7091
2019:05:06 15:03:08 779327 1622.7849
2019:05:06 15:03:08 780553 827.9942
2019:05:06 15:03:08 805371 24410.4043
2019:05:06 15:03:08 838716 1357.7826
2019:05:06 15:03:08 839932 821.0652
2019:05:06 15:03:08 840763 821.3148
2019:05:06 15:03:08 869368 28205.0706
2019:05:06 15:03:08 941356 39998.1029
2019:05:06 15:03:08 943524 2156.7978
2019:05:06 15:03:08 944068 538.0325
2019:05:06 15:03:08 945287 826.9362
2019:05:06 15:03:09 21355 39991.8295
2019:05:06 15:03:09 27616 6252.5831
2019:05:06 15:03:09 28850 833.6119
2019:05:06 15:03:09 61378 32134.8347
2019:05:06 15:03:09 130011 32642.1298
2019:05:06 15:03:09 131648 1203.8089
2019:05:06 15:03:09 133309 1261.4653
2019:05:06 15:03:09 193358 31997.6397
2019:05:06 15:03:09 225379 32008.2083
2019:05:06 15:03:09 258751 1390.6620
2019:05:06 15:03:09 260776 2014.4992
2019:05:06 15:03:09 289363 28153.9336
2019:05:06 15:03:09 321374 32002.4975
2019:05:06 15:03:09 354172 810.1128
2019:05:06 15:03:09 356209 1225.6466
2019:05:06 15:03:09 357032 812.2995
2019:05:06 15:03:09 421358 36000.9931
2019:05:06 15:03:09 453369 32000.9999
2019:05:06 15:03:09 458894 1231.6033
2019:05:06 15:03:09 460121 830.1809
2019:05:06 15:03:09 485363 24445.6641
2019:05:06 15:03:09 517374 31999.3719
2019:05:06 15:03:09 581336 31978.2421
2019:05:06 15:03:09 582295 931.1102
2019:05:06 15:03:09 584187 672.3925
2019:05:06 15:03:09 585162 969.4286
2019:05:06 15:03:09 615460 2094.5705
2019:05:06 15:03:09 616294 827.1486
2019:05:06 15:03:09 645359 28650.6265
2019:05:06 15:03:09 677370 32001.6816
2019:05:06 15:03:09 741354 31997.2076
2019:05:06 15:03:09 773368 32001.9051
2019:05:06 15:03:09 775388 1239.8101
2019:05:06 15:03:09 776626 1225.2703
2019:05:06 15:03:09 805379 28339.8181
2019:05:06 15:03:09 873354 35997.0666
2019:05:06 15:03:09 905371 32003.2313
2019:05:06 15:03:09 942425 1067.8768
2019:05:06 15:03:09 943660 833.1537
2019:05:06 15:03:09 944887 827.5919
2019:05:06 15:03:09 973367 28078.0122
2019:05:06 15:03:10 9753 4396.9713
2019:05:06 15:03:10 11736 813.2011
2019:05:06 15:03:10 12567 815.7007
2019:05:06 15:03:10 37367 24399.1315
2019:05:06 15:03:10 105364 35995.0624
2019:05:06 15:03:10 137376 32002.9408
2019:05:06 15:03:10 143961 2022.5234
2019:05:06 15:03:10 177355 33369.6939
2019:05:06 15:03:10 217368 40004.8308
2019:05:06 15:03:10 262047 4688.8292
2019:05:06 15:03:10 263643 1198.2955
2019:05:06 15:03:10 264475 821.6314
2019:05:06 15:03:10 297369 32494.8132
2019:05:06 15:03:10 369361 32001.6220
2019:05:06 15:03:10 401369 31999.6960
2019:05:06 15:03:10 465359 31994.4359
2019:05:06 15:03:10 497370 32003.5890
2019:05:06 15:03:10 503273 1643.6167
2019:05:06 15:03:10 504496 834.8525
2019:05:06 15:03:10 537368 32078.6014
2019:05:06 15:03:10 613356 39999.3621
2019:05:06 15:03:10 614545 1177.3854
2019:05:06 15:03:10 615365 814.3038
2019:05:06 15:03:10 616582 813.2719
2019:05:06 15:03:10 617427 834.4240
2019:05:06 15:03:10 657769 4406.5863
2019:05:06 15:03:10 659768 813.5512
2019:05:06 15:03:10 661003 818.8188
2019:05:06 15:03:10 693366 32351.0803
2019:05:06 15:03:10 781356 47997.4411
2019:05:06 15:03:10 783329 1963.9656
2019:05:06 15:03:10 784569 839.2185
2019:05:06 15:03:10 786610 1649.0221
2019:05:06 15:03:10 787834 822.1827
2019:05:06 15:03:10 789061 831.0825
2019:05:06 15:03:10 822599 1234.7847
2019:05:06 15:03:10 824242 839.1924
2019:05:06 15:03:10 825466 1104.8168
2019:05:06 15:03:10 901356 39995.4431
2019:05:06 15:03:10 941374 40007.9153
2019:05:06 15:03:10 947424 2037.7859
2019:05:06 15:03:10 948503 839.0732
2019:05:06 15:03:10 981371 32468.1625
2019:05:06 15:03:10 984118 1635.2087
2019:05:06 15:03:10 986175 1236.6511
2019:05:06 15:03:10 987005 805.2364
2019:05:06 15:03:10 988631 816.5650
2019:05:06 15:03:11 61358 39993.5544
2019:05:06 15:03:11 63014 1643.4640
2019:05:06 15:03:11 64230 826.3700
2019:05:06 15:03:11 65458 831.7046
2019:05:06 15:03:11 145355 39995.6144
2019:05:06 15:03:11 185364 39998.8517
2019:05:06 15:03:11 265361 40002.9533
2019:05:06 15:03:11 271003 5632.0056
2019:05:06 15:03:11 272234 827.9830
2019:05:06 15:03:11 305372 32738.5068
2019:05:06 15:03:11 353366 40165.3126
2019:05:06 15:03:11 356666 1615.6584
2019:05:06 15:03:11 357937 1261.2492
2019:05:06 15:03:11 359549 831.1085
2019:05:06 15:03:11 360771 1165.5204
2019:05:06 15:03:11 393372 32203.0447
2019:05:06 15:03:11 395181 1231.3351
2019:05:06 15:03:11 396402 827.5658
2019:05:06 15:03:11 433359 36555.2492
2019:05:06 15:03:11 439247 5881.9242
2019:05:06 15:03:11 440891 835.1803
2019:05:06 15:03:11 473364 32066.7289
2019:05:06 15:03:11 553356 39997.3914
2019:05:06 15:03:11 581388 28023.1088
2019:05:06 15:03:11 661361 39993.8785
2019:05:06 15:03:11 693374 32004.0770
2019:05:06 15:03:11 695767 830.3635
2019:05:06 15:03:11 729361 33190.8613
2019:05:06 15:03:11 761372 32001.7450
2019:05:06 15:03:11 801021 7660.4001
2019:05:06 15:03:11 825370 24341.4193
2019:05:06 15:03:11 830920 1208.7561
2019:05:06 15:03:11 832135 799.3802
2019:05:06 15:03:11 832965 815.2686
2019:05:06 15:03:11 889355 31993.0874
2019:05:06 15:03:11 890150 786.3343
2019:05:06 15:03:11 891386 843.9273
2019:05:06 15:03:11 892588 823.0619
2019:05:06 15:03:11 921355 28757.6243
2019:05:06 15:03:11 922639 1275.3718
2019:05:06 15:03:11 924269 824.2093
2019:05:06 15:03:11 941368 16678.5978
2019:05:06 15:03:11 943920 1222.8712
2019:05:06 15:03:11 944747 816.8556
2019:05:06 15:03:11 945991 823.8256
2019:05:06 15:03:11 947600 809.2858
2019:05:06 15:03:11 948423 806.2534
2019:05:06 15:03:11 973355 24920.2736
2019:05:06 15:03:11 974636 1273.5128
2019:05:06 15:03:11 976415 820.5511
2019:05:06 15:03:12 9358 32531.7793
2019:05:06 15:03:12 14971 5606.3235
2019:05:06 15:03:12 16602 824.8240
2019:05:06 15:03:12 41367 24365.4773
2019:05:06 15:03:12 44225 598.2891
2019:05:06 15:03:12 45700 1259.9714
2019:05:06 15:03:12 47320 1239.0874
2019:05:06 15:03:12 48335 618.5472
2019:05:06 15:03:12 73364 24830.2817
2019:05:06 15:03:12 79255 1611.5047
2019:05:06 15:03:12 80904 1638.4050
2019:05:06 15:03:12 105374 24046.7377
2019:05:06 15:03:12 106600 815.6076
2019:05:06 15:03:12 107824 840.7943
2019:05:06 15:03:12 109049 837.2366
2019:05:06 15:03:12 122981 5627.1292
2019:05:06 15:03:12 124622 836.1712
2019:05:06 15:03:12 149369 24343.8222
2019:05:06 15:03:12 155037 1226.1420
2019:05:06 15:03:12 155825 781.4430
2019:05:06 15:03:12 157044 814.3820
2019:05:06 15:03:12 181365 24306.6065
2019:05:06 15:03:12 214788 1427.0209
2019:05:06 15:03:12 215654 454.7685
2019:05:06 15:03:12 216843 806.8122
2019:05:06 15:03:12 241361 24502.7356
2019:05:06 15:03:12 273370 32002.1994
2019:05:06 15:03:12 280362 2071.2502
2019:05:06 15:03:12 305367 24616.2154
2019:05:06 15:03:12 342280 4915.9192
2019:05:06 15:03:12 343928 1631.8336
2019:05:06 15:03:12 369355 24616.5209
2019:05:06 15:03:12 401368 32003.2388
2019:05:06 15:03:12 403322 1237.7761
2019:05:06 15:03:12 404959 1248.5273
2019:05:06 15:03:12 433369 27613.9192
2019:05:06 15:03:12 485367 20010.3074
2019:05:06 15:03:12 486722 1349.0282
2019:05:06 15:03:12 488758 819.2584
2019:05:06 15:03:12 541354 52176.8406
2019:05:06 15:03:12 573367 32005.5261
2019:05:06 15:03:12 637362 32003.9205
2019:05:06 15:03:12 669373 32002.4341
2019:05:06 15:03:12 671246 802.9789
2019:05:06 15:03:12 672090 828.8659
2019:05:06 15:03:12 705360 32864.7606
2019:05:06 15:03:12 741489 36120.2806
2019:05:06 15:03:12 759244 1508.4334
2019:05:06 15:03:12 761699 1483.4255
2019:05:06 15:03:12 764163 1971.1778
2019:05:06 15:03:12 766490 2186.0003
2019:05:06 15:03:12 767886 1380.3542
2019:05:06 15:03:12 769376 761.0992
2019:05:06 15:03:12 795994 1619.4917
2019:05:06 15:03:12 797079 687.5992
2019:05:06 15:03:12 798454 820.3946
2019:05:06 15:03:12 799673 820.8826
2019:05:06 15:03:12 800909 835.4262
2019:05:06 15:03:12 837952 36787.0182
2019:05:06 15:03:12 839535 607.2409
2019:05:06 15:03:12 840985 991.6276
2019:05:06 15:03:12 853927 11894.2633
2019:05:06 15:03:12 856108 1030.6425
2019:05:06 15:03:12 857248 1132.5181
2019:05:06 15:03:12 905357 35989.3814
2019:05:06 15:03:12 941372 36003.6492
2019:05:06 15:03:12 978328 968.8959
2019:05:06 15:03:12 979983 1237.6346
2019:05:06 15:03:12 980817 812.4784
2019:05:06 15:03:13 12524 2663.3218
2019:05:06 15:03:13 13535 988.1370
2019:05:06 15:03:13 14637 1094.2817
2019:05:06 15:03:13 16582 1015.2459
2019:05:06 15:03:13 41748 24632.3049
2019:05:06 15:03:13 44287 2530.6717
2019:05:06 15:03:13 53509 9214.2634
2019:05:06 15:03:13 55578 1593.2024
2019:05:06 15:03:13 58096 1488.6670
2019:05:06 15:03:13 83740 1743.3912
2019:05:06 15:03:13 85178 1430.1687
2019:05:06 15:03:13 86743 933.5577
2019:05:06 15:03:13 87838 617.2098
2019:05:06 15:03:13 89283 998.8509
2019:05:06 15:03:13 91650 1272.4809
2019:05:06 15:03:13 93269 1072.7718
2019:05:06 15:03:13 120179 2027.7835
2019:05:06 15:03:13 121031 452.2093
2019:05:06 15:03:13 122649 813.9126
2019:05:06 15:03:13 123873 836.7188
2019:05:06 15:03:13 125096 829.8904
2019:05:06 15:03:13 126755 1264.4939
2019:05:06 15:03:13 128386 843.1189
2019:05:06 15:03:13 153794 25014.8624
2019:05:06 15:03:13 155924 1336.0940
2019:05:06 15:03:13 156642 702.7052
2019:05:06 15:03:13 157865 816.8332
2019:05:06 15:03:13 158689 711.6571
2019:05:06 15:03:13 159912 816.7513
2019:05:06 15:03:13 160742 721.3801
2019:05:06 15:03:13 162788 1645.3937
2019:05:06 15:03:13 164126 533.5584
2019:05:06 15:03:13 189733 24507.1687
2019:05:06 15:03:13 192171 810.3959
2019:05:06 15:03:13 192792 606.0824
2019:05:06 15:03:13 194216 812.4672
2019:05:06 15:03:13 195034 802.2822
2019:05:06 15:03:13 195879 830.6466
2019:05:06 15:03:13 196892 628.7023
2019:05:06 15:03:13 199135 2052.1805
2019:05:06 15:03:13 200786 823.9113
2019:05:06 15:03:13 226207 25413.3716
2019:05:06 15:03:13 227447 1212.3100
2019:05:06 15:03:13 228675 827.7744
2019:05:06 15:03:13 230303 1226.1011
2019:05:06 15:03:13 231138 819.4260
2019:05:06 15:03:13 232366 835.3628
2019:05:06 15:03:13 234029 1269.3554
2019:05:06 15:03:13 236046 1641.2027
2019:05:06 15:03:13 273373 36928.6314
2019:05:06 15:03:13 317369 43986.7526
2019:05:06 15:03:13 381363 32005.2169
2019:05:06 15:03:13 421385 40012.4602
2019:05:06 15:03:13 501371 40008.9845
2019:05:06 15:03:13 529385 28001.6884
2019:05:06 15:03:13 601372 40001.3700
2019:05:06 15:03:13 637388 36003.6045
2019:05:06 15:03:13 705379 29985.2416
2019:05:06 15:03:13 737389 31996.2315
2019:05:06 15:03:13 739434 791.2256
2019:05:06 15:03:13 740278 819.0013
2019:05:06 15:03:13 777370 36281.9210
2019:05:06 15:03:13 817388 40003.0054
2019:05:06 15:03:13 819534 1584.4107
2019:05:06 15:03:13 820375 821.8326
2019:05:06 15:03:13 849364 28576.5231
2019:05:06 15:03:13 854305 4917.9196
2019:05:06 15:03:13 855943 839.5910
2019:05:06 15:03:13 889381 32630.9428
2019:05:06 15:03:13 891996 1248.2964
2019:05:06 15:03:13 894025 1638.5056
2019:05:06 15:03:13 895252 825.6771
2019:05:06 15:03:13 896482 840.6937
2019:05:06 15:03:13 925384 28515.0260
2019:05:06 15:03:13 927117 1164.8424
2019:05:06 15:03:13 928751 815.1680
2019:05:06 15:03:13 930412 1640.1038
2019:05:06 15:03:13 932845 816.9860
2019:05:06 15:03:13 958663 25391.8692
2019:05:06 15:03:13 960284 812.0202
2019:05:06 15:03:13 961128 826.4035
2019:05:06 15:03:13 962350 1178.5477
2019:05:06 15:03:13 963554 804.2268
2019:05:06 15:03:13 964783 811.4278
2019:05:06 15:03:14 5361 40558.6474
2019:05:06 15:03:14 45380 40003.8771
2019:05:06 15:03:14 117361 31994.9649
2019:05:06 15:03:14 153387 36011.7964
2019:05:06 15:03:14 229362 39987.4263
2019:05:06 15:03:14 269379 40003.0948
2019:05:06 15:03:14 333371 32006.3494
2019:05:06 15:03:14 373394 40012.6204
2019:05:06 15:03:14 445365 39995.2829
2019:05:06 15:03:14 477389 32014.2508
2019:05:06 15:03:14 545365 35986.7215
2019:05:06 15:03:14 581397 36023.2145
2019:05:06 15:03:14 645368 27988.3072
2019:05:06 15:03:14 646786 1404.1029
2019:05:06 15:03:14 648437 831.1495
2019:05:06 15:03:14 650848 1168.5044
2019:05:06 15:03:14 652926 1647.3010
2019:05:06 15:03:14 681365 28034.0873
2019:05:06 15:03:14 683639 2260.5956
2019:05:06 15:03:14 685725 855.6992
2019:05:06 15:03:14 686954 1218.0842
2019:05:06 15:03:14 688590 826.7462
2019:05:06 15:03:14 691024 2035.3906
2019:05:06 15:03:14 693110 1270.6146
2019:05:06 15:03:14 717380 24238.6758
2019:05:06 15:03:14 722960 1596.7302
2019:05:06 15:03:14 723789 811.2043
2019:05:06 15:03:14 725017 813.4618
2019:05:06 15:03:14 753380 27960.7847
2019:05:06 15:03:14 755343 1534.7004
2019:05:06 15:03:14 785377 30009.2362
2019:05:06 15:03:14 793391 8001.4132
2019:05:06 15:03:14 825373 15990.1567
2019:05:06 15:03:14 841400 16015.0155
2019:05:06 15:03:14 844639 1231.5549
2019:05:06 15:03:14 857388 12429.2225
2019:05:06 15:03:14 889373 15998.0319
2019:05:06 15:03:14 905386 16001.6008
2019:05:06 15:03:14 937371 15995.9383
2019:05:06 15:03:14 965376 27992.8297
2019:05:06 15:03:15 1873 4509.3894
2019:05:06 15:03:15 4318 867.3519
2019:05:06 15:03:15 6341 1649.4952
2019:05:06 15:03:15 7574 827.3125
2019:05:06 15:03:15 8817 837.8960
2019:05:06 15:03:15 33374 24155.8552
2019:05:06 15:03:15 40742 2421.8783
2019:05:06 15:03:15 42391 1227.7327
2019:05:06 15:03:15 44420 819.4223
2019:05:06 15:03:15 69360 24923.0862
2019:05:06 15:03:15 74752 5376.4693
2019:05:06 15:03:15 76396 1194.6671
2019:05:06 15:03:15 78425 1244.0570
2019:05:06 15:03:15 80455 817.4181
2019:05:06 15:03:15 105381 24904.7913
2019:05:06 15:03:15 111621 1637.9841
2019:05:06 15:03:15 112865 850.9867
2019:05:06 15:03:15 115292 1219.5669
2019:05:06 15:03:15 116121 801.0641
2019:05:06 15:03:15 118570 1628.6075
2019:05:06 15:03:15 120616 1237.6606
2019:05:06 15:03:15 181383 36014.5234
2019:05:06 15:03:15 213383 31987.6224
2019:05:06 15:03:15 216051 1565.6166
2019:05:06 15:03:15 241453 25383.3756
2019:05:06 15:03:15 243175 1329.7498
2019:05:06 15:03:15 244725 833.4294
2019:05:06 15:03:15 246366 1264.0022
2019:05:06 15:03:15 248008 1228.7647
2019:05:06 15:03:15 273377 24568.1219
2019:05:06 15:03:15 279938 2016.9988
2019:05:06 15:03:15 305377 25049.2916
2019:05:06 15:03:15 315576 1988.3998
2019:05:06 15:03:15 316776 813.9722
2019:05:06 15:03:15 317657 859.1041
2019:05:06 15:03:15 319270 1560.4459
2019:05:06 15:03:15 320916 1241.1810
2019:05:06 15:03:15 346674 1310.4640
2019:05:06 15:03:15 348378 469.0252
2019:05:06 15:03:15 377366 28618.2463
2019:05:06 15:03:15 379050 1672.6032
2019:05:06 15:03:15 380298 812.9999
2019:05:06 15:03:15 381938 853.0505
2019:05:06 15:03:15 383956 1642.6295
2019:05:06 15:03:15 384785 810.8951
2019:05:06 15:03:15 413392 28212.5622
2019:05:06 15:03:15 415490 1193.9518
2019:05:06 15:03:15 416342 837.7954
2019:05:06 15:03:15 417553 833.1053
2019:05:06 15:03:15 418779 813.3352
2019:05:06 15:03:15 420013 835.5416
2019:05:06 15:03:15 421255 840.7608
2019:05:06 15:03:15 450605 1233.1605
2019:05:06 15:03:15 451432 806.5663
2019:05:06 15:03:15 452658 819.3590
2019:05:06 15:03:15 454703 1647.4128
2019:05:06 15:03:15 456754 832.8892
2019:05:06 15:03:15 485366 28603.4234
2019:05:06 15:03:15 486275 897.8620
2019:05:06 15:03:15 487892 817.9955
2019:05:06 15:03:15 489144 857.8785
2019:05:06 15:03:15 490758 834.8897
2019:05:06 15:03:15 492798 1607.4777
2019:05:06 15:03:15 521374 28151.3482
2019:05:06 15:03:15 522739 1353.8152
2019:05:06 15:03:15 525185 1261.3162
2019:05:06 15:03:15 526842 1637.0341
2019:05:06 15:03:15 528487 884.6633
2019:05:06 15:03:15 529254 758.5771
2019:05:06 15:03:15 559141 1756.0869
2019:05:06 15:03:15 561196 1616.7797
2019:05:06 15:03:15 563260 1645.6246
2019:05:06 15:03:15 564487 827.1821
2019:05:06 15:03:15 597372 32470.3082
2019:05:06 15:03:15 598858 1472.6557
2019:05:06 15:03:15 600096 824.1050
2019:05:06 15:03:15 600580 470.1875
2019:05:06 15:03:15 625901 24987.0941
2019:05:06 15:03:15 627417 1109.3132
2019:05:06 15:03:15 645360 16584.8583
2019:05:06 15:03:15 677391 32018.8291
2019:05:06 15:03:15 749371 35999.8755
2019:05:06 15:03:15 750900 1517.0723
2019:05:06 15:03:15 752117 824.7793
2019:05:06 15:03:15 753330 816.7140
2019:05:06 15:03:15 754168 816.2893
2019:05:06 15:03:15 755396 795.3160
2019:05:06 15:03:15 756625 793.1031
2019:05:06 15:03:15 785376 28307.7918
2019:05:06 15:03:15 821391 36003.3587
2019:05:06 15:03:15 862176 812.3592
2019:05:06 15:03:15 863403 818.1371
2019:05:06 15:03:15 864306 488.1062
2019:05:06 15:03:15 865473 1152.8805
2019:05:06 15:03:15 872441 805.5270
2019:05:06 15:03:15 893381 20549.3271
2019:05:06 15:03:15 937782 4418.3172
2019:05:06 15:03:15 939451 853.4119
2019:05:06 15:03:15 940650 712.2681
2019:05:06 15:03:15 965379 24332.2104
2019:05:06 15:03:15 966843 1170.5384
2019:05:06 15:03:15 967696 839.2259
2019:05:06 15:03:15 968916 839.3675
2019:05:06 15:03:15 977384 8084.8560
2019:05:06 15:03:16 10328 961.8662
2019:05:06 15:03:16 13143 2054.9372
2019:05:06 15:03:16 15590 1181.6770
2019:05:06 15:03:16 16424 818.3159
2019:05:06 15:03:16 41377 24539.7165
2019:05:06 15:03:16 43049 818.9566
2019:05:06 15:03:16 44296 853.4454
2019:05:06 15:03:16 73366 28688.3861
2019:05:06 15:03:16 109394 36016.4233
2019:05:06 15:03:16 173477 28111.5249
2019:05:06 15:03:16 181766 8277.5801
2019:05:06 15:03:16 182974 834.6140
2019:05:06 15:03:16 184199 833.4108
2019:05:06 15:03:16 201378 16783.1741
2019:05:06 15:03:16 262003 24635.5757
2019:05:06 15:03:16 263559 1119.9117
2019:05:06 15:03:16 264909 842.1354
2019:05:06 15:03:16 289386 24463.0314
2019:05:06 15:03:16 300409 2349.4326
2019:05:06 15:03:16 301329 904.5750
2019:05:06 15:03:16 349362 39989.3038
2019:05:06 15:03:16 381396 32019.5593
2019:05:06 15:03:16 384861 1598.8350
2019:05:06 15:03:16 386120 1243.7329
2019:05:06 15:03:16 387307 797.3053
2019:05:06 15:03:16 388144 820.8752
2019:05:06 15:03:16 417377 28836.2913
2019:05:06 15:03:16 419299 850.5993
2019:05:06 15:03:16 420914 1220.3939
2019:05:06 15:03:16 422172 854.7194
2019:05:06 15:03:16 424174 819.1466
2019:05:06 15:03:16 449382 24783.0488
2019:05:06 15:03:16 451248 1256.9949
2019:05:06 15:03:16 453276 1249.2649
2019:05:06 15:03:16 471412 18116.6753
2019:05:06 15:03:16 472941 834.2639
2019:05:06 15:03:16 474634 483.8817
2019:05:06 15:03:16 475394 742.5062
2019:05:06 15:03:16 476613 814.9445
2019:05:06 15:03:16 521362 44674.2885
2019:05:06 15:03:16 522498 1124.6130
2019:05:06 15:03:16 523791 464.6294
2019:05:06 15:03:16 524972 856.3958
2019:05:06 15:03:16 553389 28047.3605
2019:05:06 15:03:16 585602 4222.7767
2019:05:06 15:03:16 588493 1302.9166
2019:05:06 15:03:16 590090 1253.1579
2019:05:06 15:03:16 590928 812.9254
2019:05:06 15:03:16 592528 1226.1458
2019:05:06 15:03:16 609983 17443.2173
2019:05:06 15:03:16 615879 1080.3230
2019:05:06 15:03:16 617529 1248.9371
2019:05:06 15:03:16 654388 5008.8651
2019:05:06 15:03:16 655617 850.0777
2019:05:06 15:03:16 656829 809.3789
2019:05:06 15:03:16 685380 28122.6002
2019:05:06 15:03:16 729807 8443.1954
2019:05:06 15:03:16 732201 2043.9327
2019:05:06 15:03:16 757378 24380.3635
2019:05:06 15:03:16 759594 1587.5287
2019:05:06 15:03:16 760483 870.2353
2019:05:06 15:03:16 762518 1228.7945
2019:05:06 15:03:16 764538 1203.5407
2019:05:06 15:03:16 797361 32803.6435
2019:05:06 15:03:16 829385 32005.4069
2019:05:06 15:03:16 893369 32004.7252
2019:05:06 15:03:16 925383 32002.8439
2019:05:06 15:03:16 929216 2455.7896
2019:05:06 15:03:16 930845 1224.1825
2019:05:06 15:03:16 932921 1678.6009
2019:05:06 15:03:16 959526 1223.9590
2019:05:06 15:03:16 961168 844.4637
2019:05:06 15:03:16 964446 1660.3433
2019:05:06 15:03:16 967059 1408.3982
2019:05:06 15:03:16 969131 1415.4129
2019:05:06 15:03:17 1179 3805.7417
2019:05:06 15:03:17 7324 6128.4788
2019:05:06 15:03:17 8172 823.0321
2019:05:06 15:03:17 25388 16591.1354
2019:05:06 15:03:17 38887 1511.3652
2019:05:06 15:03:17 40111 1208.4581
2019:05:06 15:03:17 41318 814.3634
2019:05:06 15:03:17 54869 1480.9482
2019:05:06 15:03:17 55665 779.2227
2019:05:06 15:03:17 56914 844.0502
2019:05:06 15:03:17 58959 1647.9753
2019:05:06 15:03:17 81696 21528.1248
2019:05:06 15:03:17 86434 4721.1945
2019:05:06 15:03:17 88856 1662.2841
2019:05:06 15:03:17 109400 20312.2608
2019:05:06 15:03:17 149366 31837.6757
2019:05:06 15:03:17 151503 2124.3915
2019:05:06 15:03:17 152749 844.2551
2019:05:06 15:03:17 154372 1239.8697
2019:05:06 15:03:17 155993 817.6342
2019:05:06 15:03:17 156860 844.6500
2019:05:06 15:03:17 158459 1191.0014
2019:05:06 15:03:17 159691 801.5074
2019:05:06 15:03:17 185352 25648.4449
2019:05:06 15:03:17 187972 1621.2650
2019:05:06 15:03:17 188789 798.3372
2019:05:06 15:03:17 190010 811.1894
2019:05:06 15:03:17 192056 823.9560
2019:05:06 15:03:17 193284 1214.8842
2019:05:06 15:03:17 256505 35130.8137
2019:05:06 15:03:17 297395 40872.8831
2019:05:06 15:03:17 298624 821.5010
2019:05:06 15:03:17 300179 816.0882
2019:05:06 15:03:17 329368 28777.8415
2019:05:06 15:03:17 335419 6039.8951
2019:05:06 15:03:17 337050 830.9744
2019:05:06 15:03:17 338267 823.1439
2019:05:06 15:03:17 339530 846.6691
2019:05:06 15:03:17 340759 833.3847
2019:05:06 15:03:17 358763 1376.1371
2019:05:06 15:03:17 360017 1222.9756
2019:05:06 15:03:17 369374 8987.3858
2019:05:06 15:03:17 370635 1249.5518
2019:05:06 15:03:17 372296 1240.8607
2019:05:06 15:03:17 381391 8697.4427
2019:05:06 15:03:17 383752 1218.5015
2019:05:06 15:03:17 384806 652.3132
2019:05:06 15:03:17 402179 12802.1538
2019:05:06 15:03:17 403002 789.1804
2019:05:06 15:03:17 404241 1001.2873
2019:05:06 15:03:17 405448 816.6209
2019:05:06 15:03:17 407075 812.5678
2019:05:06 15:03:17 408319 1215.1115
2019:05:06 15:03:17 409966 1206.6774
2019:05:06 15:03:17 412013 1237.7128
2019:05:06 15:03:17 430029 17218.7574
2019:05:06 15:03:17 431669 1629.0732
2019:05:06 15:03:17 433288 806.3652
2019:05:06 15:03:17 434923 1223.5306
2019:05:06 15:03:17 437400 1405.0566
2019:05:06 15:03:17 461382 23962.7101
2019:05:06 15:03:17 475884 2004.3366
2019:05:06 15:03:17 476942 635.2216
2019:05:06 15:03:17 478374 850.1001
2019:05:06 15:03:17 480409 841.8486
2019:05:06 15:03:17 482443 822.4286
2019:05:06 15:03:17 484490 1241.2556
2019:05:06 15:03:17 522194 37291.6088
2019:05:06 15:03:17 523417 1208.9163
2019:05:06 15:03:17 525454 833.0718
2019:05:06 15:03:17 527489 1619.7227
2019:05:06 15:03:17 528742 1233.7416
2019:05:06 15:03:17 553453 23915.5553
2019:05:06 15:03:17 559843 2014.3874
2019:05:06 15:03:17 560910 1055.3747
2019:05:06 15:03:17 562306 1224.1639
2019:05:06 15:03:17 564354 817.9322
2019:05:06 15:03:17 589379 24378.9665
2019:05:06 15:03:17 590973 1386.5568
2019:05:06 15:03:17 591636 637.4829
2019:05:06 15:03:17 593016 797.1860
2019:05:06 15:03:17 622784 29348.3399
2019:05:06 15:03:17 631543 1629.0769
2019:05:06 15:03:17 633182 1613.2407
2019:05:06 15:03:17 670832 1470.9085
2019:05:06 15:03:17 672883 1629.4569
2019:05:06 15:03:17 673702 799.9316
2019:05:06 15:03:17 675584 1040.6561
2019:05:06 15:03:17 676994 827.4913
2019:05:06 15:03:17 690529 13136.0888
2019:05:06 15:03:17 692552 1211.3377
2019:05:06 15:03:17 741364 31999.8041
2019:05:06 15:03:17 750312 8939.1284
2019:05:06 15:03:17 752777 1245.1597
2019:05:06 15:03:17 755230 2041.9322
2019:05:06 15:03:17 757274 1642.3054
2019:05:06 15:03:17 774477 1119.9266
2019:05:06 15:03:17 776518 1646.3622
2019:05:06 15:03:17 778976 1641.2139
2019:05:06 15:03:17 780263 878.4123
2019:05:06 15:03:17 781846 1224.4284
2019:05:06 15:03:17 785123 2053.3726
2019:05:06 15:03:17 787159 1221.7164
2019:05:06 15:03:17 788463 480.6332
2019:05:06 15:03:17 805369 16163.1741
2019:05:06 15:03:17 808045 1620.7024
2019:05:06 15:03:17 809286 822.0524
2019:05:06 15:03:17 811752 838.1605
2019:05:06 15:03:17 815018 2449.0543
2019:05:06 15:03:17 816648 1214.3478
2019:05:06 15:03:17 818295 1637.6451
2019:05:06 15:03:17 819544 831.4475
2019:05:06 15:03:17 837357 17013.1661
2019:05:06 15:03:17 838791 1424.5063
2019:05:06 15:03:17 841652 1240.7415
2019:05:06 15:03:17 843717 1643.7806
2019:05:06 15:03:17 846162 1653.5632
2019:05:06 15:03:17 847805 848.8260
2019:05:06 15:03:17 849449 1266.2821
2019:05:06 15:03:17 851485 839.3154
2019:05:06 15:03:17 869370 16669.9179
2019:05:06 15:03:17 870725 1341.2982
2019:05:06 15:03:17 871568 791.8626
2019:05:06 15:03:17 873201 846.0730
2019:05:06 15:03:17 874443 832.4236
2019:05:06 15:03:17 876466 820.8565
2019:05:06 15:03:17 878107 1232.4490
2019:05:06 15:03:17 879742 1215.4393
2019:05:06 15:03:17 881381 817.7273
2019:05:06 15:03:17 883426 1233.3095
2019:05:06 15:03:17 885631 1382.8352
2019:05:06 15:03:17 888368 1197.2897
2019:05:06 15:03:17 889255 877.7604
2019:05:06 15:03:17 891221 1236.3791
2019:05:06 15:03:17 893275 2045.9220
2019:05:06 15:03:17 895408 1313.6044
2019:05:06 15:03:17 897776 1116.0709
2019:05:06 15:03:17 899806 1572.1507
2019:05:06 15:03:17 901879 1566.6820
2019:05:06 15:03:17 903504 1126.0137
2019:05:06 15:03:17 905974 1548.5361
2019:05:06 15:03:17 908002 1193.2403
2019:05:06 15:03:17 910070 1240.6185
2019:05:06 15:03:17 912110 1226.8089
2019:05:06 15:03:17 914567 1632.2210
2019:05:06 15:03:17 916634 1244.1464
2019:05:06 15:03:17 919475 1965.9139
2019:05:06 15:03:17 921141 856.5560
2019:05:06 15:03:17 923184 1212.3026
2019:05:06 15:03:17 924823 1243.0996
2019:05:06 15:03:17 925659 828.0650
2019:05:06 15:03:17 927271 836.3463
2019:05:06 15:03:17 928930 1260.1241
2019:05:06 15:03:17 930953 1218.7771
2019:05:06 15:03:17 932510 1170.2180
2019:05:06 15:03:17 934469 1042.4033
2019:05:06 15:03:17 936266 1662.4108
2019:05:06 15:03:17 939144 1629.5351
2019:05:06 15:03:17 941623 1662.7423
2019:05:06 15:03:17 944719 1486.8341
2019:05:06 15:03:17 947331 2060.8157
2019:05:06 15:03:17 949804 2039.3878
2019:05:06 15:03:17 951854 2042.7294
2019:05:06 15:03:17 955632 1612.9017
2019:05:06 15:03:17 957667 1739.8857
2019:05:06 15:03:17 960495 1438.0403
2019:05:06 15:03:17 963363 1582.7939
2019:05:06 15:03:17 966223 1610.5771
2019:05:06 15:03:17 969385 2361.7670
2019:05:06 15:03:17 971161 1257.5127
2019:05:06 15:03:17 974006 1544.0173
2019:05:06 15:03:17 976089 1291.5358
2019:05:06 15:03:17 978632 2216.3801
2019:05:06 15:03:17 981358 2467.0251
2019:05:06 15:03:17 982983 1613.3934
2019:05:06 15:03:17 986654 2026.0960
2019:05:06 15:03:17 989172 2023.2610
2019:05:06 15:03:17 991188 1202.1251
2019:05:06 15:03:17 994503 1699.5743
2019:05:06 15:03:17 997707 2401.6574
2019:05:06 15:03:18 31 1392.7706
2019:05:06 15:03:18 3045 2055.7903
2019:05:06 15:03:18 6258 2405.3976
2019:05:06 15:03:18 8834 2018.9397
2019:05:06 15:03:18 10913 1733.0125
2019:05:06 15:03:18 14350 1956.7013
2019:05:06 15:03:18 17376 1568.3584
2019:05:06 15:03:18 19877 1982.3611
2019:05:06 15:03:18 21500 1009.6282
2019:05:06 15:03:18 25253 2035.5135
2019:05:06 15:03:18 28100 2070.9857
2019:05:06 15:03:18 30489 2065.6027
2019:05:06 15:03:18 32530 1643.9483
2019:05:06 15:03:18 36268 2507.8654
2019:05:06 15:03:18 39603 1613.2258
2019:05:06 15:03:18 41139 1528.3339
2019:05:06 15:03:18 45208 2444.0698
2019:05:06 15:03:18 47762 2040.1143
2019:05:06 15:03:18 50284 2196.0400
2019:05:06 15:03:18 52366 1786.8169
2019:05:06 15:03:18 55047 1633.0555
2019:05:06 15:03:18 57520 2218.8239
2019:05:06 15:03:18 60373 1599.5540
2019:05:06 15:03:18 62435 1611.7766
2019:05:06 15:03:18 65412 2078.6673
2019:05:06 15:03:18 67462 1767.2256
2019:05:06 15:03:18 68579 1109.3952
2019:05:06 15:03:18 71064 1551.0768
2019:05:06 15:03:18 73132 1687.1803
2019:05:06 15:03:18 75532 1607.6155
2019:05:06 15:03:18 77181 1364.7303
2019:05:06 15:03:18 79214 1309.9127
2019:05:06 15:03:18 80844 1139.1193
2019:05:06 15:03:18 82561 1271.0504
2019:05:06 15:03:18 84108 1204.5614
2019:05:06 15:03:18 86709 1766.5736
2019:05:06 15:03:18 88313 1315.7763
2019:05:06 15:03:18 89996 940.7736
2019:05:06 15:03:18 92709 1122.3480
2019:05:06 15:03:18 95187 2047.4456
2019:05:06 15:03:18 96886 1248.4305
2019:05:06 15:03:18 98995 1144.2527
2019:05:06 15:03:18 100535 1253.3553
2019:05:06 15:03:18 102298 960.6965
2019:05:06 15:03:18 104625 1552.8090
2019:05:06 15:03:18 106262 1628.6448
2019:05:06 15:03:18 107940 714.5107
2019:05:06 15:03:18 110018 1463.7113
2019:05:06 15:03:18 111279 1252.5730
2019:05:06 15:03:18 112816 767.2794
2019:05:06 15:03:18 115346 2029.0613
2019:05:06 15:03:18 116607 1252.9418
2019:05:06 15:03:18 118159 748.2097
2019:05:06 15:03:18 119776 878.7438
2019:05:06 15:03:18 121498 1306.3811
2019:05:06 15:03:18 122647 1141.0452
2019:05:06 15:03:18 124957 1519.2963
2019:05:06 15:03:18 125911 946.1902
2019:05:06 15:03:18 126991 671.5432
2019:05:06 15:03:18 128361 820.5958
2019:05:06 15:03:18 129603 841.1966
2019:05:06 15:03:18 131635 1226.3507
2019:05:06 15:03:18 132878 1236.4015
2019:05:06 15:03:18 135170 665.2400
2019:05:06 15:03:18 136550 823.8852
2019:05:06 15:03:18 137780 817.7422
2019:05:06 15:03:18 138986 804.0667
2019:05:06 15:03:18 140228 831.4103
2019:05:06 15:03:18 141296 671.2899
2019:05:06 15:03:18 142668 813.9797
2019:05:06 15:03:18 143897 1208.3687
2019:05:06 15:03:18 145138 1216.6053
2019:05:06 15:03:18 146782 1245.8377
2019:05:06 15:03:18 147600 802.7889
2019:05:06 15:03:18 148835 821.3557
2019:05:06 15:03:18 150065 819.3962
2019:05:06 15:03:18 151297 816.8332
2019:05:06 15:03:18 152517 832.8296
2019:05:06 15:03:18 154553 1627.1845
2019:05:06 15:03:18 155642 666.9872
2019:05:06 15:03:18 157004 810.5151
2019:05:06 15:03:18 161105 1359.0567
2019:05:06 15:03:18 161799 682.7302
2019:05:06 15:03:18 163831 1481.4362
2019:05:06 15:03:18 165209 827.7670
2019:05:06 15:03:18 166454 825.7218
2019:05:06 15:03:18 167685 834.8934
2019:05:06 15:03:18 168905 839.0695
2019:05:06 15:03:18 170128 813.5289
2019:05:06 15:03:18 171827 1294.6986
2019:05:06 15:03:18 173433 823.8405
2019:05:06 15:03:18 175044 1602.5901
2019:05:06 15:03:18 176138 682.7191
2019:05:06 15:03:18 177509 809.4795
2019:05:06 15:03:18 178189 673.5697
2019:05:06 15:03:18 179551 815.8460
2019:05:06 15:03:18 180773 809.3975
2019:05:06 15:03:18 182011 818.5543
2019:05:06 15:03:18 182834 539.1911
2019:05:06 15:03:18 184871 772.7332
2019:05:06 15:03:18 186111 815.3133
2019:05:06 15:03:18 186934 815.4102
2019:05:06 15:03:18 188565 818.4202
2019:05:06 15:03:18 189402 830.5125
2019:05:06 15:03:18 190625 840.8837
2019:05:06 15:03:18 192244 814.7806
2019:05:06 15:03:18 193479 968.3147
2019:05:06 15:03:18 195106 800.2780
2019:05:06 15:03:18 196347 821.4302
2019:05:06 15:03:18 197174 819.7352
2019:05:06 15:03:18 198404 835.2920
2019:05:06 15:03:18 199225 570.8672
2019:05:06 15:03:18 200846 808.4252
2019:05:06 15:03:18 201689 836.8976
2019:05:06 15:03:18 202911 839.4308
2019:05:06 15:03:18 203730 812.4188
2019:05:06 15:03:18 205382 856.4405
2019:05:06 15:03:18 206190 800.4643
2019:05:06 15:03:18 207421 838.4623
2019:05:06 15:03:18 208650 844.8772
2019:05:06 15:03:18 209878 987.1535
2019:05:06 15:03:18 211104 840.6825
2019:05:06 15:03:18 212722 812.3033
2019:05:06 15:03:18 213958 968.0428
2019:05:06 15:03:18 215032 661.6004
2019:05:06 15:03:18 216418 813.0185
2019:05:06 15:03:18 217100 675.1716
2019:05:06 15:03:18 218459 809.3268
2019:05:06 15:03:18 219684 812.0574
2019:05:06 15:03:18 220915 815.4325
2019:05:06 15:03:18 221734 551.4659
2019:05:06 15:03:18 223364 817.1089
2019:05:06 15:03:18 224585 807.5088
2019:05:06 15:03:18 225822 822.0784
2019:05:06 15:03:18 226647 821.1173
2019:05:06 15:03:18 227876 826.2768
2019:05:06 15:03:18 229106 827.4801
2019:05:06 15:03:18 229925 558.2385
2019:05:06 15:03:18 231406 665.1767
2019:05:06 15:03:18 232787 818.8747
2019:05:06 15:03:18 234025 832.4347
2019:05:06 15:03:18 235257 829.4955
2019:05:06 15:03:18 236877 814.7508
2019:05:06 15:03:18 238103 811.0441
2019:05:06 15:03:18 239334 813.2719
2019:05:06 15:03:18 240160 555.9996
2019:05:06 15:03:18 241657 677.9023
2019:05:06 15:03:18 242619 818.1036
2019:05:06 15:03:18 244259 1232.0615
2019:05:06 15:03:18 245077 814.0877
2019:05:06 15:03:18 246309 827.8564
2019:05:06 15:03:18 247538 833.6715
2019:05:06 15:03:18 249167 820.0407
2019:05:06 15:03:18 249849 678.3269
2019:05:06 15:03:18 251212 816.0621
2019:05:06 15:03:18 252452 824.0677
2019:05:06 15:03:18 253282 825.9006
2019:05:06 15:03:18 254901 820.0519
2019:05:06 15:03:18 255987 681.1619
2019:05:06 15:03:18 257374 833.8466
2019:05:06 15:03:18 258042 662.7701
2019:05:06 15:03:18 259408 823.4493
2019:05:06 15:03:18 260088 675.8459
2019:05:06 15:03:18 261455 816.1515
2019:05:06 15:03:18 262685 818.0141
2019:05:06 15:03:18 263531 841.6548
2019:05:06 15:03:18 265151 979.4645
2019:05:06 15:03:18 266781 813.0260
2019:05:06 15:03:18 267605 819.7464
