
# OSU MPI Allreduce Latency Test v5.6.1
# Size       Avg Latency(us)
4096                11777.75
2019:05:06 15:02:43 696066 819.6570
2019:05:06 15:02:43 721354 24884.4847
2019:05:06 15:02:43 747056 25694.4001
2019:05:06 15:02:43 779622 2265.5390
2019:05:06 15:02:43 780459 825.8112
2019:05:06 15:02:43 782084 1223.4114
2019:05:06 15:02:43 784142 1169.5996
2019:05:06 15:02:43 817370 32417.5209
2019:05:06 15:02:43 905356 47999.5385
2019:05:06 15:02:43 910859 5494.7883
2019:05:06 15:02:43 912495 828.0128
2019:05:06 15:02:43 953370 40463.7977
2019:05:06 15:02:43 960004 1999.1435
2019:05:06 15:02:43 993355 32950.2597
2019:05:06 15:02:44 25366 32001.0558
2019:05:06 15:02:44 85369 28006.8181
2019:05:06 15:02:44 117366 31990.8448
2019:05:06 15:02:44 118330 805.2215
2019:05:06 15:02:44 119558 827.8303
2019:05:06 15:02:44 120787 827.5881
2019:05:06 15:02:44 149380 28228.8417
2019:05:06 15:02:44 194400 5044.3001
2019:05:06 15:02:44 195992 1171.4101
2019:05:06 15:02:44 237368 40915.8096
2019:05:06 15:02:44 243416 1630.0157
2019:05:06 15:02:44 244647 1205.7312
2019:05:06 15:02:44 293371 48319.0268
2019:05:06 15:02:44 334266 910.2300
2019:05:06 15:02:44 336723 815.4698
2019:05:06 15:02:44 373359 36618.4339
2019:05:06 15:02:44 379351 5981.2814
2019:05:06 15:02:44 381003 1244.8691
2019:05:06 15:02:44 410483 5120.0241
2019:05:06 15:02:44 412097 802.9789
2019:05:06 15:02:44 437360 24844.1063
2019:05:06 15:02:44 469377 32010.4621
2019:05:06 15:02:44 476185 1218.9336
2019:05:06 15:02:44 501366 24769.1683
2019:05:06 15:02:44 508149 2049.9863
2019:05:06 15:02:44 533376 25214.0276
2019:05:06 15:02:44 570280 4917.9159
2019:05:06 15:02:44 571914 1222.0778
2019:05:06 15:02:44 572748 821.4004
2019:05:06 15:02:44 613369 40207.2817
2019:05:06 15:02:44 619385 821.2961
2019:05:06 15:02:44 620205 814.1175
2019:05:06 15:02:44 661361 40759.1313
2019:05:06 15:02:44 666939 5568.2138
2019:05:06 15:02:44 668145 814.5273
2019:05:06 15:02:44 668977 822.7266
2019:05:06 15:02:44 741354 39997.6969
2019:05:06 15:02:44 747729 6363.7421
2019:05:06 15:02:44 809355 31997.9563
2019:05:06 15:02:44 841374 32009.4600
2019:05:06 15:02:44 891495 2136.0330
2019:05:06 15:02:44 892317 803.5302
2019:05:06 15:02:44 937356 44632.9825
2019:05:06 15:02:44 939786 2419.1663
2019:05:06 15:02:44 941424 1225.9744
2019:05:06 15:02:45 33364 48004.2100
2019:05:06 15:02:45 36037 2664.6480
2019:05:06 15:02:45 81359 44916.4063
2019:05:06 15:02:45 82905 1535.1288
2019:05:06 15:02:45 84135 828.8063
2019:05:06 15:02:45 93374 8838.9404
2019:05:06 15:02:45 99826 1654.1183
2019:05:06 15:02:45 101032 1199.2864
2019:05:06 15:02:45 130513 5150.0984
2019:05:06 15:02:45 131735 814.0542
2019:05:06 15:02:45 132567 817.1871
2019:05:06 15:02:45 157367 24400.2715
2019:05:06 15:02:45 195048 5690.3549
2019:05:06 15:02:45 196286 817.9434
2019:05:06 15:02:45 221355 24677.1127
2019:05:06 15:02:45 227561 6194.4127
2019:05:06 15:02:45 228796 817.3920
2019:05:06 15:02:45 248948 19734.5763
2019:05:06 15:02:45 281364 32349.4151
2019:05:06 15:02:45 321375 40002.1821
2019:05:06 15:02:45 361364 19999.8692
2019:05:06 15:02:45 381376 20004.1011
2019:05:06 15:02:45 449354 39997.2759
2019:05:06 15:02:45 455358 5992.6361
2019:05:06 15:02:45 456986 1206.4502
2019:05:06 15:02:45 481369 24367.5821
2019:05:06 15:02:45 549355 31998.4257
2019:05:06 15:02:45 551214 1849.8190
2019:05:06 15:02:45 553253 1216.7133
2019:05:06 15:02:45 581373 28109.6958
2019:05:06 15:02:45 583564 1652.6468
2019:05:06 15:02:45 584786 824.2354
2019:05:06 15:02:45 613377 28181.3405
2019:05:06 15:02:45 681355 35990.2047
2019:05:06 15:02:45 683780 2414.9083
2019:05:06 15:02:45 684616 815.9056
2019:05:06 15:02:45 745355 31998.8430
2019:05:06 15:02:45 747014 1650.5383
2019:05:06 15:02:45 773355 25498.5094
2019:05:06 15:02:45 813376 40011.4730
2019:05:06 15:02:45 893356 39998.0061
2019:05:06 15:02:45 894870 1505.8964
2019:05:06 15:02:45 896908 1231.5772
2019:05:06 15:02:45 933375 36055.1775
2019:05:06 15:02:45 940186 1230.5379
2019:05:06 15:02:45 941006 807.4008
2019:05:06 15:02:46 5355 31993.8175
2019:05:06 15:02:46 37371 32006.2786
2019:05:06 15:02:46 101356 31991.6680
2019:05:06 15:02:46 107140 5776.2749
2019:05:06 15:02:46 108762 814.3000
2019:05:06 15:02:46 137364 28186.4293
2019:05:06 15:02:46 139667 827.7521
2019:05:06 15:02:46 140894 833.7647
2019:05:06 15:02:46 177379 36076.7320
2019:05:06 15:02:46 253362 36004.5321
2019:05:06 15:02:46 285378 32003.0749
2019:05:06 15:02:46 361355 39998.8256
2019:05:06 15:02:46 401376 40012.9035
2019:05:06 15:02:46 407277 749.6811
2019:05:06 15:02:46 408169 885.6840
2019:05:06 15:02:46 409318 744.6222
2019:05:06 15:02:46 442733 1376.6177
2019:05:06 15:02:46 445188 1210.1531
2019:05:06 15:02:46 446019 823.3227
2019:05:06 15:02:46 447250 823.4344
2019:05:06 15:02:46 448480 825.0326
2019:05:06 15:02:46 481370 32492.1496
2019:05:06 15:02:46 526434 5076.5537
2019:05:06 15:02:46 527659 829.1565
2019:05:06 15:02:46 528481 803.9884
2019:05:06 15:02:46 561371 32486.1668
2019:05:06 15:02:46 641356 39997.7416
2019:05:06 15:02:46 647265 5897.9653
2019:05:06 15:02:46 648903 824.3136
2019:05:06 15:02:46 681369 32050.9151
2019:05:06 15:02:46 683321 825.9788
2019:05:06 15:02:46 684548 834.7519
2019:05:06 15:02:46 685786 1129.8247
2019:05:06 15:02:46 687407 823.0284
2019:05:06 15:02:46 688621 1203.9356
2019:05:06 15:02:46 721366 32732.7065
2019:05:06 15:02:46 723036 822.8719
2019:05:06 15:02:46 724265 825.0624
2019:05:06 15:02:46 725499 831.3842
2019:05:06 15:02:46 766437 13064.3062
2019:05:06 15:02:46 767262 811.1671
2019:05:06 15:02:46 768490 823.6766
2019:05:06 15:02:46 781374 12479.9982
2019:05:06 15:02:46 814832 1475.7626
2019:05:06 15:02:46 816481 1234.3936
2019:05:06 15:02:46 817707 1215.2493
2019:05:06 15:02:46 819350 1622.3416
2019:05:06 15:02:46 820982 1216.9331
2019:05:06 15:02:46 847601 2245.5491
2019:05:06 15:02:46 848842 830.5684
2019:05:06 15:02:46 877354 28117.7312
2019:05:06 15:02:46 909372 32007.8060
2019:05:06 15:02:46 911485 831.8722
2019:05:06 15:02:46 913102 1214.8581
2019:05:06 15:02:46 941377 28257.7612
2019:05:06 15:02:46 944605 835.3554
2019:05:06 15:02:46 961371 16760.0401
2019:05:06 15:02:46 964662 2439.0668
2019:05:06 15:02:46 965500 827.5844
2019:05:06 15:02:47 6038 4675.1350
2019:05:06 15:02:47 7672 825.0475
2019:05:06 15:02:47 9321 830.4752
2019:05:06 15:02:47 81356 39996.8773
2019:05:06 15:02:47 109369 28003.7373
2019:05:06 15:02:47 150403 5042.1692
2019:05:06 15:02:47 152438 1608.8821
2019:05:06 15:02:47 177354 24900.5072
2019:05:06 15:02:47 178663 1298.8076
2019:05:06 15:02:47 179890 826.0086
2019:05:06 15:02:47 181118 828.0352
2019:05:06 15:02:47 183577 2035.9643
2019:05:06 15:02:47 209355 24953.4585
2019:05:06 15:02:47 241373 32009.6873
2019:05:06 15:02:47 247848 1415.3719
2019:05:06 15:02:47 249324 851.6870
2019:05:06 15:02:47 277374 28039.2617
2019:05:06 15:02:47 280168 1255.4601
2019:05:06 15:02:47 341359 39996.5644
2019:05:06 15:02:47 343025 1654.3008
2019:05:06 15:02:47 344652 924.6282
2019:05:06 15:02:47 346270 1612.0337
2019:05:06 15:02:47 347509 822.2573
2019:05:06 15:02:47 381360 33035.7216
2019:05:06 15:02:47 383532 2162.1212
2019:05:06 15:02:47 384766 1212.6304
2019:05:06 15:02:47 423509 38341.9953
2019:05:06 15:02:47 427411 815.1308
2019:05:06 15:02:47 428255 834.2750
2019:05:06 15:02:47 461366 32724.3470
2019:05:06 15:02:47 506596 5238.4809
2019:05:06 15:02:47 507440 816.3862
2019:05:06 15:02:47 508654 967.5808
2019:05:06 15:02:47 533363 24304.4794
2019:05:06 15:02:47 570305 4940.9196
2019:05:06 15:02:47 571947 1610.5697
2019:05:06 15:02:47 573162 1204.4236
2019:05:06 15:02:47 597365 24191.4541
2019:05:06 15:02:47 603488 824.5707
2019:05:06 15:02:47 604322 827.3832
2019:05:06 15:02:47 637365 32655.3285
2019:05:06 15:02:47 729356 47999.3448
2019:05:06 15:02:47 765370 36005.9068
2019:05:06 15:02:47 767397 817.3138
2019:05:06 15:02:47 769038 1229.3980
2019:05:06 15:02:47 794430 25380.6710
2019:05:06 15:02:47 796467 1575.1868
2019:05:06 15:02:47 821360 24881.6013
2019:05:06 15:02:47 853372 32005.7385
2019:05:06 15:02:47 917360 31999.2006
2019:05:06 15:02:47 919474 2106.1562
2019:05:06 15:02:47 920693 831.0601
2019:05:06 15:02:47 921577 482.4437
2019:05:06 15:02:47 923956 803.9735
2019:05:06 15:02:47 949354 24978.6042
2019:05:06 15:02:47 951866 2501.8379
2019:05:06 15:02:47 953484 816.7550
2019:05:06 15:02:48 13355 31998.4332
2019:05:06 15:02:48 45370 32005.3697
2019:05:06 15:02:48 121355 35990.4878
2019:05:06 15:02:48 161369 40005.0990
2019:05:06 15:02:48 164301 2057.5300
2019:05:06 15:02:48 201360 36648.0611
2019:05:06 15:02:48 207078 5709.4097
2019:05:06 15:02:48 208285 828.0315
2019:05:06 15:02:48 241366 32681.7445
2019:05:06 15:02:48 321355 31997.4832
2019:05:06 15:02:48 353367 32002.7620
2019:05:06 15:02:48 417361 32005.9471
2019:05:06 15:02:48 418946 1576.3529
2019:05:06 15:02:48 419973 639.1741
2019:05:06 15:02:48 420978 827.7223
2019:05:06 15:02:48 449367 27977.4293
2019:05:06 15:02:48 450446 820.8826
2019:05:06 15:02:48 451672 835.8136
2019:05:06 15:02:48 453289 1231.9870
2019:05:06 15:02:48 489373 36076.8549
2019:05:06 15:02:48 495861 1627.0131
2019:05:06 15:02:48 497077 1210.1009
2019:05:06 15:02:48 529367 32278.0125
2019:05:06 15:02:48 574205 4848.1114
2019:05:06 15:02:48 575451 827.8564
2019:05:06 15:02:48 576664 826.9250
2019:05:06 15:02:48 609369 32305.1885
2019:05:06 15:02:48 689355 39998.0992
2019:05:06 15:02:48 729375 40009.5172
2019:05:06 15:02:48 736191 1642.8940
2019:05:06 15:02:48 737012 809.7365
2019:05:06 15:02:48 809354 39996.4377
2019:05:06 15:02:48 849370 40006.0229
2019:05:06 15:02:48 853128 2865.5715
2019:05:06 15:02:48 889368 36217.5740
2019:05:06 15:02:48 969356 39998.1402
2019:05:06 15:02:49 9380 40015.5038
2019:05:06 15:02:49 11872 1229.0068
2019:05:06 15:02:49 14732 2055.3879
2019:05:06 15:02:49 16777 1644.2351
2019:05:06 15:02:49 49367 32567.2254
2019:05:06 15:02:49 90406 5043.0112
2019:05:06 15:02:49 92076 1257.2519
2019:05:06 15:02:49 121374 28925.1171
2019:05:06 15:02:49 201366 40006.4625
2019:05:06 15:02:49 202614 1240.6968
2019:05:06 15:02:49 204247 834.8562
2019:05:06 15:02:49 205464 1210.4958
2019:05:06 15:02:49 242276 918.4517
2019:05:06 15:02:49 244743 1634.5307
2019:05:06 15:02:49 285368 39812.4382
2019:05:06 15:02:49 330257 4895.9292
2019:05:06 15:02:49 332295 1620.2703
2019:05:06 15:02:49 365356 33039.6891
2019:05:06 15:02:49 367934 2569.0943
2019:05:06 15:02:49 369161 825.8037
2019:05:06 15:02:49 401370 32196.6261
2019:05:06 15:02:49 442837 1479.5177
2019:05:06 15:02:49 443662 810.8690
2019:05:06 15:02:49 444889 826.5488
2019:05:06 15:02:49 446117 822.2833
2019:05:06 15:02:49 448577 1228.9844
2019:05:06 15:02:49 481369 32386.6941
2019:05:06 15:02:49 522509 1150.5559
2019:05:06 15:02:49 523748 822.1529
2019:05:06 15:02:49 524970 816.6358
2019:05:06 15:02:49 561369 35974.3685
2019:05:06 15:02:49 641360 40001.7723
2019:05:06 15:02:49 685371 44000.6405
2019:05:06 15:02:49 727365 2001.4793
2019:05:06 15:02:49 728596 1218.1327
2019:05:06 15:02:49 729421 804.0331
2019:05:06 15:02:49 801355 39996.7469
2019:05:06 15:02:49 803713 2345.1857
2019:05:06 15:02:49 804720 616.0438
2019:05:06 15:02:49 806152 824.6265
2019:05:06 15:02:49 807379 817.5597
2019:05:06 15:02:49 808206 813.1303
2019:05:06 15:02:49 841365 32755.7549
2019:05:06 15:02:49 883768 2411.0787
2019:05:06 15:02:49 884721 573.2365
2019:05:06 15:02:49 921368 35971.3733
2019:05:06 15:02:50 1355 39998.6394
2019:05:06 15:02:50 41371 40005.8106
2019:05:06 15:02:50 44011 818.8859
2019:05:06 15:02:50 45243 824.9134
2019:05:06 15:02:50 47303 1246.8770
2019:05:06 15:02:50 48534 841.3196
2019:05:06 15:02:50 81370 32451.0969
2019:05:06 15:02:50 141356 39991.4086
2019:05:06 15:02:50 142913 1548.7708
2019:05:06 15:02:50 144537 819.9550
2019:05:06 15:02:50 181361 36812.3464
2019:05:06 15:02:50 186560 5192.6896
2019:05:06 15:02:50 187780 814.3261
2019:05:06 15:02:50 221355 33158.3396
2019:05:06 15:02:50 223817 2450.3730
2019:05:06 15:02:50 227096 1645.2223
2019:05:06 15:02:50 228317 1210.7678
2019:05:06 15:02:50 229154 820.3760
2019:05:06 15:02:50 266306 4944.4661
2019:05:06 15:02:50 267938 1221.2545
2019:05:06 15:02:50 269177 1223.5343
2019:05:06 15:02:50 341355 39996.6873
2019:05:06 15:02:50 381370 40008.3996
2019:05:06 15:02:50 383740 1655.6233
2019:05:06 15:02:50 384968 831.0266
2019:05:06 15:02:50 421379 36007.3783
2019:05:06 15:02:50 427780 1223.2177
2019:05:06 15:02:50 461355 33166.7848
2019:05:06 15:02:50 501369 40006.3321
2019:05:06 15:02:50 507367 819.7390
2019:05:06 15:02:50 508594 824.8873
2019:05:06 15:02:50 541370 32368.8276
2019:05:06 15:02:50 621354 39996.3558
2019:05:06 15:02:50 622607 1244.5636
2019:05:06 15:02:50 625232 1236.4611
2019:05:06 15:02:50 666839 5478.0021
2019:05:06 15:02:50 668874 1224.9835
2019:05:06 15:02:50 701365 32470.8559
2019:05:06 15:02:50 793358 51993.7947
2019:05:06 15:02:50 795587 2219.8595
2019:05:06 15:02:50 796802 827.6068
2019:05:06 15:02:50 833366 36166.2842
2019:05:06 15:02:50 878422 5063.4071
2019:05:06 15:02:50 879660 816.5166
2019:05:06 15:02:50 881303 829.9537
2019:05:06 15:02:50 913367 32054.4280
2019:05:06 15:02:50 993354 39996.7879
2019:05:06 15:02:51 33369 40003.1917
2019:05:06 15:02:51 35822 1225.7919
2019:05:06 15:02:51 37063 1227.6769
2019:05:06 15:02:51 73369 35905.3575
2019:05:06 15:02:51 149355 39994.4596
2019:05:06 15:02:51 189374 40006.8350
2019:05:06 15:02:51 230706 1345.2806
2019:05:06 15:02:51 233573 1624.4464
2019:05:06 15:02:51 236430 2450.3283
2019:05:06 15:02:51 261377 24932.0194
2019:05:06 15:02:51 263430 2044.2270
2019:05:06 15:02:51 264658 1215.2120
2019:05:06 15:02:51 265888 1214.5080
2019:05:06 15:02:51 341354 39991.8035
2019:05:06 15:02:51 381364 39997.9018
2019:05:06 15:02:51 461354 39997.4249
2019:05:06 15:02:51 501372 40010.6572
2019:05:06 15:02:51 504137 820.8342
2019:05:06 15:02:51 505362 823.2817
2019:05:06 15:02:51 541367 35988.9008
2019:05:06 15:02:51 621356 39997.1642
2019:05:06 15:02:51 655402 34037.9328
2019:05:06 15:02:51 694998 1636.9000
2019:05:06 15:02:51 696588 1100.9462
2019:05:06 15:02:51 733355 36746.1443
2019:05:06 15:02:51 773373 40008.5859
2019:05:06 15:02:51 817617 4256.9786
2019:05:06 15:02:51 818812 1187.4363
2019:05:06 15:02:51 820016 819.8768
2019:05:06 15:02:51 820862 834.4203
2019:05:06 15:02:51 853367 32122.3326
2019:05:06 15:02:51 855261 829.0298
2019:05:06 15:02:51 856494 834.4091
2019:05:06 15:02:51 858129 1240.5962
2019:05:06 15:02:51 858938 797.9460
2019:05:06 15:02:51 860154 815.7454
2019:05:06 15:02:51 860986 822.2014
2019:05:06 15:02:51 933355 39993.0254
2019:05:06 15:02:51 934978 1615.7925
2019:05:06 15:02:51 937004 1214.1652
2019:05:06 15:02:51 965354 28342.7723
2019:05:06 15:02:51 997375 32014.1725
2019:05:06 15:02:51 999735 1650.3707
2019:05:06 15:02:52 29362 28812.2073
2019:05:06 15:02:52 31666 2298.6419
2019:05:06 15:02:52 32885 833.4927
2019:05:06 15:02:52 61358 28466.0161
2019:05:06 15:02:52 62138 770.7141
2019:05:06 15:02:52 63768 814.6614
2019:05:06 15:02:52 64596 815.9876
2019:05:06 15:02:52 101366 36360.5805
2019:05:06 15:02:52 141367 39991.7290
2019:05:06 15:02:52 221356 39998.9858
2019:05:06 15:02:52 223547 2179.6487
2019:05:06 15:02:52 224750 815.5890
2019:05:06 15:02:52 257744 32983.8470
2019:05:06 15:02:52 297370 39614.3273
2019:05:06 15:02:52 334451 5087.0515
2019:05:06 15:02:52 336076 1200.8883
2019:05:06 15:02:52 361355 24871.4909
2019:05:06 15:02:52 368375 7012.7323
2019:05:06 15:02:52 393365 24586.2864
2019:05:06 15:02:52 457361 31995.6392
2019:05:06 15:02:52 462453 5086.2730
2019:05:06 15:02:52 464492 1234.9561
2019:05:06 15:02:52 489359 24855.8074
2019:05:06 15:02:52 521371 32000.8546
2019:05:06 15:02:52 527443 823.4940
2019:05:06 15:02:52 528281 827.2789
2019:05:06 15:02:52 561365 32700.0655
2019:05:06 15:02:52 602173 812.6423
2019:05:06 15:02:52 603396 869.7435
2019:05:06 15:02:52 604215 813.4469
2019:05:06 15:02:52 605449 865.7686
2019:05:06 15:02:52 608309 2029.7356
2019:05:06 15:02:52 641363 32675.6611
2019:05:06 15:02:52 681367 39994.4186
2019:05:06 15:02:52 758366 37003.8673
2019:05:06 15:02:52 789379 31000.3608
2019:05:06 15:02:52 853366 32009.0018
2019:05:06 15:02:52 885367 31991.8804
2019:05:06 15:02:52 949361 31998.0457
2019:05:06 15:02:52 981381 32010.8980
2019:05:06 15:02:52 986608 828.9553
2019:05:06 15:02:52 988632 1626.6145
2019:05:06 15:02:53 21367 32719.6866
2019:05:06 15:02:53 23902 1271.4230
2019:05:06 15:02:53 25528 1209.5012
2019:05:06 15:02:53 109355 39996.4005
2019:05:06 15:02:53 153371 44006.3104
2019:05:06 15:02:53 155601 1642.9909
2019:05:06 15:02:53 157238 1223.8547
2019:05:06 15:02:53 217355 31993.9964
2019:05:06 15:02:53 220031 2666.7975
2019:05:06 15:02:53 249354 28925.1022
2019:05:06 15:02:53 250336 971.8314
2019:05:06 15:02:53 251568 814.0057
2019:05:06 15:02:53 252789 1060.1766
2019:05:06 15:02:53 279008 26209.8461
2019:05:06 15:02:53 281038 811.1782
2019:05:06 15:02:53 305367 24318.8627
2019:05:06 15:02:53 346179 821.1993
2019:05:06 15:02:53 347400 1112.8560
2019:05:06 15:02:53 348230 816.5166
2019:05:06 15:02:53 349053 717.8225
2019:05:06 15:02:53 393371 43911.6508
2019:05:06 15:02:53 481355 39998.8033
2019:05:06 15:02:53 483362 1997.2846
2019:05:06 15:02:53 484588 816.3936
2019:05:06 15:02:53 521354 36753.4682
2019:05:06 15:02:53 553369 32007.6346
2019:05:06 15:02:53 585839 482.6635
2019:05:06 15:02:53 587479 825.5132
2019:05:06 15:02:53 588317 827.0666
2019:05:06 15:02:53 617364 28253.2647
2019:05:06 15:02:53 649369 31997.1032
2019:05:06 15:02:53 682490 1134.4515
2019:05:06 15:02:53 683330 834.6066
2019:05:06 15:02:53 684963 841.5468
2019:05:06 15:02:53 721374 36404.3601
2019:05:06 15:02:53 727794 833.5523
2019:05:06 15:02:53 729022 834.5842
2019:05:06 15:02:53 765374 36115.4564
2019:05:06 15:02:53 833355 43995.3208
2019:05:06 15:02:53 873372 40006.4252
2019:05:06 15:02:53 918470 5110.8077
2019:05:06 15:02:53 919666 806.7042
2019:05:06 15:02:53 920493 816.8854
2019:05:06 15:02:53 945356 24466.2687
2019:05:06 15:02:53 951638 6273.9477
2019:05:06 15:02:53 953254 822.4584
2019:05:06 15:02:53 977371 24101.4399
2019:05:06 15:02:54 14433 5068.8088
2019:05:06 15:02:54 15646 804.4839
2019:05:06 15:02:54 16472 816.9301
2019:05:06 15:02:54 41369 24495.9854
2019:05:06 15:02:54 47940 1220.3157
2019:05:06 15:02:54 49177 837.1696
2019:05:06 15:02:54 117356 43995.2426
2019:05:06 15:02:54 143376 26012.2567
2019:05:06 15:02:54 144614 839.6693
2019:05:06 15:02:54 185368 40358.4242
2019:05:06 15:02:54 191161 1238.9421
2019:05:06 15:02:54 192396 834.8115
2019:05:06 15:02:54 233368 40171.5152
2019:05:06 15:02:54 239240 840.9657
2019:05:06 15:02:54 240039 792.7343
2019:05:06 15:02:54 261362 20919.2857
2019:05:06 15:02:54 263941 2570.9011
2019:05:06 15:02:54 265176 823.6468
2019:05:06 15:02:54 303866 2015.6130
2019:05:06 15:02:54 304693 816.0844
2019:05:06 15:02:54 305929 825.0996
2019:05:06 15:02:54 307965 824.9618
2019:05:06 15:02:54 309187 806.1230
2019:05:06 15:02:54 335815 2042.3904
2019:05:06 15:02:54 337056 824.2466
2019:05:06 15:02:54 397354 31997.0362
2019:05:06 15:02:54 399776 2412.5949
2019:05:06 15:02:54 401403 1246.4337
2019:05:06 15:02:54 430982 1625.8918
2019:05:06 15:02:54 432200 838.3617
2019:05:06 15:02:54 433825 1222.4093
2019:05:06 15:02:54 505358 36001.7084
2019:05:06 15:02:54 529377 24009.9579
2019:05:06 15:02:54 577360 23996.1892
2019:05:06 15:02:54 621368 43999.0871
2019:05:06 15:02:54 623971 818.5282
2019:05:06 15:02:54 624793 809.8371
2019:05:06 15:02:54 661367 36169.7003
2019:05:06 15:02:54 694504 1146.6891
2019:05:06 15:02:54 695732 831.5295
2019:05:06 15:02:54 696959 827.3721
2019:05:06 15:02:54 731190 33823.8217
2019:05:06 15:02:54 757354 25366.5112
2019:05:06 15:02:54 779731 22366.8776
2019:05:06 15:02:54 801362 20805.3365
2019:05:06 15:02:54 833372 32001.2011
2019:05:06 15:02:54 921355 47997.3853
2019:05:06 15:02:54 923064 1701.2022
2019:05:06 15:02:54 924700 1212.0344
2019:05:06 15:02:54 969367 44253.9118
2019:05:06 15:02:54 971963 811.8078
2019:05:06 15:02:54 972806 830.0878
2019:05:06 15:02:55 9372 35771.5599
2019:05:06 15:02:55 54991 5633.2052
2019:05:06 15:02:55 56230 820.0556
2019:05:06 15:02:55 81367 24738.5837
2019:05:06 15:02:55 84088 822.3280
2019:05:06 15:02:55 84917 822.7378
2019:05:06 15:02:55 101367 16070.7757
2019:05:06 15:02:55 130513 1155.1231
2019:05:06 15:02:55 132087 1161.9814
2019:05:06 15:02:55 132997 841.5803
2019:05:06 15:02:55 135035 1649.9087
2019:05:06 15:02:55 136661 1217.7229
2019:05:06 15:02:55 162178 25104.1353
2019:05:06 15:02:55 163413 829.7898
2019:05:06 15:02:55 164234 809.4981
2019:05:06 15:02:55 165474 834.7593
2019:05:06 15:02:55 233360 40004.1603
2019:05:06 15:02:55 277367 43996.9413
2019:05:06 15:02:55 278614 822.2088
2019:05:06 15:02:55 279841 828.5381
2019:05:06 15:02:55 281072 834.1409
2019:05:06 15:02:55 325357 44279.1134
2019:05:06 15:02:55 326388 1019.7610
2019:05:06 15:02:55 327624 816.6954
2019:05:06 15:02:55 328435 801.2615
2019:05:06 15:02:55 329267 820.0705
2019:05:06 15:02:55 374935 1576.7962
2019:05:06 15:02:55 376158 1203.2352
2019:05:06 15:02:55 377388 1211.0285
2019:05:06 15:02:55 418350 4988.9944
2019:05:06 15:02:55 419581 818.3084
2019:05:06 15:02:55 420805 827.7148
2019:05:06 15:02:55 453370 32160.4498
2019:05:06 15:02:55 517360 31995.1698
2019:05:06 15:02:55 519737 2368.9903
2019:05:06 15:02:55 521383 834.1484
2019:05:06 15:02:55 581356 31992.2157
2019:05:06 15:02:55 613366 31998.5077
2019:05:06 15:02:55 615355 1608.5617
2019:05:06 15:02:55 616947 1177.9778
2019:05:06 15:02:55 653373 35960.8643
2019:05:06 15:02:55 658784 819.6421
2019:05:06 15:02:55 689371 30580.8708
2019:05:06 15:02:55 695770 829.9872
2019:05:06 15:02:55 696990 828.3705
2019:05:06 15:02:55 738453 1090.3589
2019:05:06 15:02:55 740476 1233.4175
2019:05:06 15:02:55 777374 36494.5121
2019:05:06 15:02:55 783642 1645.2670
2019:05:06 15:02:55 784869 837.4117
2019:05:06 15:02:55 818547 1190.3048
2019:05:06 15:02:55 819381 821.6463
2019:05:06 15:02:55 820607 826.0868
2019:05:06 15:02:55 850141 29131.8856
2019:05:06 15:02:55 851338 1178.5738
2019:05:06 15:02:55 852578 813.4656
2019:05:06 15:02:55 854204 1214.1019
2019:05:06 15:02:55 856673 1241.9410
2019:05:06 15:02:55 881365 24292.2939
2019:05:06 15:02:55 885497 1237.6159
2019:05:06 15:02:55 914556 1195.2035
2019:05:06 15:02:55 915373 806.5216
2019:05:06 15:02:55 916209 825.4573
2019:05:06 15:02:55 917432 825.7963
2019:05:06 15:02:55 947128 29683.6905
2019:05:06 15:02:55 949168 1622.1032
2019:05:06 15:02:55 950822 1232.1062
2019:05:06 15:02:55 952450 829.5327
2019:05:06 15:02:55 978258 25408.1152
2019:05:06 15:02:55 980290 1211.5352
2019:05:06 15:02:55 981119 819.5192
2019:05:06 15:02:56 57355 39996.9369
2019:05:06 15:02:56 101370 44004.8203
2019:05:06 15:02:56 193356 39996.5569
2019:05:06 15:02:56 233377 40010.6534
2019:05:06 15:02:56 236536 1610.8006
2019:05:06 15:02:56 237780 835.0872
2019:05:06 15:02:56 240248 828.4338
2019:05:06 15:02:56 241064 810.0159
2019:05:06 15:02:56 267656 1223.3332
2019:05:06 15:02:56 268874 819.2770
2019:05:06 15:02:56 293367 24481.9149
2019:05:06 15:02:56 357360 31993.3109
2019:05:06 15:02:56 362808 5437.8882
2019:05:06 15:02:56 364402 817.7906
2019:05:06 15:02:56 389362 24558.9092
2019:05:06 15:02:56 477354 47997.9813
2019:05:06 15:02:56 479531 2166.2451
2019:05:06 15:02:56 480761 1218.8740
2019:05:06 15:02:56 525354 44576.3543
2019:05:06 15:02:56 526385 1023.6949
2019:05:06 15:02:56 528839 1223.0240
2019:05:06 15:02:56 565374 36121.4913
2019:05:06 15:02:56 571268 648.2601
2019:05:06 15:02:56 573080 1245.5620
2019:05:06 15:02:56 605371 32058.3545
2019:05:06 15:02:56 669354 31994.9314
2019:05:06 15:02:56 670235 872.2432
2019:05:06 15:02:56 671436 768.7956
2019:05:06 15:02:56 672698 826.1949
2019:05:06 15:02:56 701360 28649.6207
2019:05:06 15:02:56 733368 31995.5461
2019:05:06 15:02:56 789363 25992.1476
2019:05:06 15:02:56 813369 23999.6985
2019:05:06 15:02:56 815480 1611.9964
2019:05:06 15:02:56 817099 1223.0314
2019:05:06 15:02:56 853374 36259.9678
2019:05:06 15:02:56 905754 4395.8053
2019:05:06 15:02:56 907349 1230.5975
2019:05:06 15:02:56 908232 481.1399
2019:05:06 15:02:56 949368 40793.6834
2019:05:06 15:02:56 955263 1224.9872
2019:05:06 15:02:56 956492 818.7629
2019:05:06 15:02:56 957319 817.0418
2019:05:06 15:02:57 21355 31997.0809
2019:05:06 15:02:57 53366 32001.3426
2019:05:06 15:02:57 55723 1229.4240
2019:05:06 15:02:57 57361 1226.0117
2019:05:06 15:02:57 117356 31987.3206
2019:05:06 15:02:57 149366 32001.0446
2019:05:06 15:02:57 237355 47998.0595
2019:05:06 15:02:57 243887 6522.3798
2019:05:06 15:02:57 245103 821.9220
2019:05:06 15:02:57 309354 31994.7489
2019:05:06 15:02:57 349365 40000.3009
2019:05:06 15:02:57 425354 43989.2672
2019:05:06 15:02:57 457366 32004.0211
2019:05:06 15:02:57 521354 31991.4557
2019:05:06 15:02:57 561370 40004.7787
2019:05:06 15:02:57 564304 820.3872
2019:05:06 15:02:57 565128 812.5864
2019:05:06 15:02:57 657357 47997.6796
2019:05:06 15:02:57 659771 2404.4849
2019:05:06 15:02:57 674903 14335.6323
2019:05:06 15:02:57 676547 1606.2893
2019:05:06 15:02:57 709368 32814.1674
2019:05:06 15:02:57 754560 5203.4482
2019:05:06 15:02:57 755804 821.1955
2019:05:06 15:02:57 757022 810.7312
2019:05:06 15:02:57 821356 43991.0293
2019:05:06 15:02:57 823263 1896.2026
2019:05:06 15:02:57 824351 660.3710
2019:05:06 15:02:57 853360 28447.7770
2019:05:06 15:02:57 885365 31997.6099
2019:05:06 15:02:57 957359 39994.3739
2019:05:06 15:02:57 958891 1523.3830
2019:05:06 15:02:57 960927 1225.2145
2019:05:06 15:02:58 5366 44028.8186
2019:05:06 15:02:58 54748 1387.7302
2019:05:06 15:02:58 56373 840.1796
2019:05:06 15:02:58 93369 36196.5969
2019:05:06 15:02:58 150778 23748.4574
2019:05:06 15:02:58 152065 856.8913
2019:05:06 15:02:58 153257 843.4765
2019:05:06 15:02:58 213355 31998.3140
2019:05:06 15:02:58 216195 2831.9955
2019:05:06 15:02:58 217422 820.3350
2019:05:06 15:02:58 246559 1201.0895
2019:05:06 15:02:58 247798 843.2269
2019:05:06 15:02:58 249831 1233.3840
2019:05:06 15:02:58 281367 30710.0788
2019:05:06 15:02:58 353356 39999.4180
2019:05:06 15:02:58 359056 5689.3639
2019:05:06 15:02:58 401356 41494.3881
2019:05:06 15:02:58 407665 6299.0598
2019:05:06 15:02:58 409296 1206.9866
2019:05:06 15:02:58 454348 4989.9369
2019:05:06 15:02:58 455992 1621.9765
2019:05:06 15:02:58 489355 32943.3382
2019:05:06 15:02:58 491465 2102.6693
2019:05:06 15:02:58 492687 1048.5463
2019:05:06 15:02:58 493520 820.2791
2019:05:06 15:02:58 534643 5286.2503
2019:05:06 15:02:58 536520 823.6729
2019:05:06 15:02:58 537337 810.8914
2019:05:06 15:02:58 593359 31996.9878
2019:05:06 15:02:58 625372 32004.4421
2019:05:06 15:02:58 632399 2041.4069
2019:05:06 15:02:58 633209 793.0361
2019:05:06 15:02:58 689361 31998.9920
2019:05:06 15:02:58 729366 39997.4063
2019:05:06 15:02:58 775290 1933.1090
2019:05:06 15:02:58 777330 1228.0159
2019:05:06 15:02:58 821372 44031.8212
2019:05:06 15:02:58 827865 1221.7127
2019:05:06 15:02:58 828691 813.9908
2019:05:06 15:02:58 861364 32264.7095
2019:05:06 15:02:58 933360 32004.5166
2019:05:06 15:02:58 935369 2001.9971
2019:05:06 15:02:58 936189 806.5477
2019:05:06 15:02:58 937419 821.6985
2019:05:06 15:02:58 939069 1212.5522
2019:05:06 15:02:58 940287 1210.5666
2019:05:06 15:02:58 965366 24661.8688
2019:05:06 15:02:58 968562 1217.3057
2019:05:06 15:02:58 997353 28780.9409
2019:05:06 15:02:59 29365 32001.0222
2019:05:06 15:02:59 32189 1626.5027
2019:05:06 15:02:59 33848 856.3288
2019:05:06 15:02:59 35460 832.9414
2019:05:06 15:02:59 61366 25499.5450
2019:05:06 15:02:59 67049 5676.6868
2019:05:06 15:02:59 68657 811.0553
2019:05:06 15:02:59 101374 32292.5746
2019:05:06 15:02:59 189362 48004.7874
2019:05:06 15:02:59 196005 6630.6554
2019:05:06 15:02:59 197225 862.3190
2019:05:06 15:02:59 234635 5278.9636
2019:05:06 15:02:59 235864 798.2142
2019:05:06 15:02:59 236691 817.8167
2019:05:06 15:02:59 266149 29055.2527
2019:05:06 15:02:59 337356 31999.1596
2019:05:06 15:02:59 369370 32004.5277
2019:05:06 15:02:59 371630 1627.5309
2019:05:06 15:02:59 372863 1214.0125
2019:05:06 15:02:59 401363 28481.9640
2019:05:06 15:02:59 433368 31997.7887
2019:05:06 15:02:59 513355 39998.5053
2019:05:06 15:02:59 561374 48009.7942
2019:05:06 15:02:59 562957 1222.3795
2019:05:06 15:02:59 564188 828.3705
2019:05:06 15:02:59 565010 810.1240
2019:05:06 15:02:59 609369 43941.6580
2019:05:06 15:02:59 611218 1373.4847
2019:05:06 15:02:59 611885 655.3829
2019:05:06 15:02:59 613276 824.3360
2019:05:06 15:02:59 649378 35698.8721
2019:05:06 15:02:59 656779 1656.3646
2019:05:06 15:02:59 685366 28579.9615
2019:05:06 15:02:59 687639 1216.6351
2019:05:06 15:02:59 688890 853.8514
2019:05:06 15:02:59 717368 28096.6535
2019:05:06 15:02:59 750737 1379.7320
2019:05:06 15:02:59 753572 1233.1083
2019:05:06 15:02:59 754803 1208.8977
2019:05:06 15:02:59 756025 816.9152
2019:05:06 15:02:59 782643 26181.3775
2019:05:06 15:02:59 784683 1222.1523
2019:05:06 15:02:59 785910 1206.8115
2019:05:06 15:02:59 817871 4512.8055
2019:05:06 15:02:59 819522 1638.8297
2019:05:06 15:02:59 845354 25029.2011
2019:05:06 15:02:59 848164 2797.8867
2019:05:06 15:02:59 848983 806.3503
2019:05:06 15:02:59 850225 829.3241
2019:05:06 15:02:59 851842 813.3762
2019:05:06 15:02:59 852658 803.7724
2019:05:06 15:02:59 885367 32291.8035
2019:05:06 15:02:59 981355 47998.5066
2019:05:06 15:03:00 21365 40001.4184
2019:05:06 15:03:00 93356 31994.5998
2019:05:06 15:03:00 125372 32005.9657
2019:05:06 15:03:00 148165 1228.3325
2019:05:06 15:03:00 149679 1106.2548
2019:05:06 15:03:00 151428 811.4688
2019:05:06 15:03:00 152266 822.8645
2019:05:06 15:03:00 177366 24704.2067
2019:05:06 15:03:00 182971 814.1100
2019:05:06 15:03:00 184193 1208.6555
2019:05:06 15:03:00 185027 824.5222
2019:05:06 15:03:00 214109 4750.0730
2019:05:06 15:03:00 215340 814.3485
2019:05:06 15:03:00 249355 33209.7337
2019:05:06 15:03:00 289366 40001.0645
2019:05:06 15:03:00 369355 39998.1290
2019:05:06 15:03:00 375653 6284.9969
2019:05:06 15:03:00 377285 819.5601
2019:05:06 15:03:00 409366 32067.9322
2019:05:06 15:03:00 454491 5134.3702
2019:05:06 15:03:00 456139 831.0191
2019:05:06 15:03:00 489366 32825.2129
2019:05:06 15:03:00 569356 39998.1812
2019:05:06 15:03:00 571301 1934.5358
2019:05:06 15:03:00 572130 817.2803
2019:05:06 15:03:00 573366 825.0959
2019:05:06 15:03:00 614098 4729.1480
2019:05:06 15:03:00 616136 1639.5152
2019:05:06 15:03:00 641369 24425.0670
2019:05:06 15:03:00 646567 822.2461
2019:05:06 15:03:00 647783 823.6878
2019:05:06 15:03:00 649006 825.8894
2019:05:06 15:03:00 705360 31995.8404
2019:05:06 15:03:00 710811 5443.8002
2019:05:06 15:03:00 712099 459.4624
2019:05:06 15:03:00 737354 24504.8180
2019:05:06 15:03:00 744122 6756.4398
2019:05:06 15:03:00 773361 28833.0689
2019:05:06 15:03:00 853358 39999.2280
2019:05:06 15:03:00 855775 2410.3336
2019:05:06 15:03:00 857012 835.7987
2019:05:06 15:03:00 859060 1229.2601
2019:05:06 15:03:00 860689 1615.2561
2019:05:06 15:03:00 893368 32265.5961
2019:05:06 15:03:00 935637 2280.2427
2019:05:06 15:03:00 936879 831.1532
2019:05:06 15:03:00 973366 36091.0892
2019:05:06 15:03:01 18577 5221.7208
2019:05:06 15:03:01 21029 1237.1801
2019:05:06 15:03:01 53369 32329.5034
2019:05:06 15:03:01 94967 1606.6171
2019:05:06 15:03:01 96603 831.8387
2019:05:06 15:03:01 99469 2031.9000
2019:05:06 15:03:01 100705 1224.6370
2019:05:06 15:03:01 169354 38920.9837
2019:05:06 15:03:01 174156 4792.3177
2019:05:06 15:03:01 175781 818.6325
2019:05:06 15:03:01 176998 818.5469
2019:05:06 15:03:01 249354 39996.9593
2019:05:06 15:03:01 285376 36011.7406
2019:05:06 15:03:01 288421 1229.7034
2019:05:06 15:03:01 289650 1224.2906
2019:05:06 15:03:01 290890 1224.8829
2019:05:06 15:03:01 292521 1226.6897
2019:05:06 15:03:01 325365 32434.6535
2019:05:06 15:03:01 371014 5657.0321
2019:05:06 15:03:01 373050 1224.2310
2019:05:06 15:03:01 401373 28312.3255
2019:05:06 15:03:01 403783 836.9386
2019:05:06 15:03:01 405408 1215.9385
2019:05:06 15:03:01 481354 39997.0002
2019:05:06 15:03:01 482987 1623.1164
2019:05:06 15:03:01 484620 1217.0076
2019:05:06 15:03:01 485452 823.1886
2019:05:06 15:03:01 526493 5128.4060
2019:05:06 15:03:01 527314 797.5809
2019:05:06 15:03:01 528549 828.5902
2019:05:06 15:03:01 561367 32423.6155
2019:05:06 15:03:01 602703 1342.9262
2019:05:06 15:03:01 603517 807.9559
2019:05:06 15:03:01 604746 825.7851
2019:05:06 15:03:01 608016 2869.6097
2019:05:06 15:03:01 641362 32933.7344
2019:05:06 15:03:01 681376 40007.8408
2019:05:06 15:03:01 722295 938.3559
2019:05:06 15:03:01 723171 871.1964
2019:05:06 15:03:01 724349 777.2781
2019:05:06 15:03:01 761361 36570.1206
2019:05:06 15:03:01 767027 5658.5334
2019:05:06 15:03:01 768226 806.4210
2019:05:06 15:03:01 801355 32706.8307
2019:05:06 15:03:01 841368 40004.4918
2019:05:06 15:03:01 843193 1055.4008
2019:05:06 15:03:01 844999 1238.6106
2019:05:06 15:03:01 881362 36350.8761
2019:05:06 15:03:01 921367 39993.8375
2019:05:06 15:03:01 962867 1510.5084
2019:05:06 15:03:01 963712 833.0196
2019:05:06 15:03:01 964931 825.1257
2019:05:06 15:03:02 1374 36033.9284
2019:05:06 15:03:02 7317 1585.4798
2019:05:06 15:03:02 8135 810.3438
2019:05:06 15:03:02 41355 32806.4896
2019:05:06 15:03:02 81371 40005.8851
2019:05:06 15:03:02 83768 1625.0834
2019:05:06 15:03:02 84998 1207.7689
2019:05:06 15:03:02 109366 24333.7080
2019:05:06 15:03:02 115704 844.4339
2019:05:06 15:03:02 116925 849.5785
2019:05:06 15:03:02 145372 28069.1609
2019:05:06 15:03:02 151530 831.7120
2019:05:06 15:03:02 152761 835.4187
2019:05:06 15:03:02 185365 32211.8774
2019:05:06 15:03:02 265356 39990.9876
2019:05:06 15:03:02 283322 17956.1041
2019:05:06 15:03:02 285340 1225.5982
2019:05:06 15:03:02 337356 35995.9230
2019:05:06 15:03:02 343098 5734.0823
2019:05:06 15:03:02 344720 811.4539
2019:05:06 15:03:02 377367 32632.2876
2019:05:06 15:03:02 422674 5317.9674
2019:05:06 15:03:02 423910 918.5709
2019:05:06 15:03:02 425041 727.1804
2019:05:06 15:03:02 459543 2185.5161
2019:05:06 15:03:02 460765 911.3923
2019:05:06 15:03:02 497354 36577.6233
2019:05:06 15:03:02 537365 40001.8394
2019:05:06 15:03:02 540629 2439.2828
2019:05:06 15:03:02 541866 1227.6731
2019:05:06 15:03:02 613364 36007.9482
2019:05:06 15:03:02 653374 39999.0603
2019:05:06 15:03:02 733357 40000.6883
2019:05:06 15:03:02 770587 37219.6957
2019:05:06 15:03:02 775941 1234.0173
2019:05:06 15:03:02 777164 821.8959
2019:05:06 15:03:02 793369 16193.7289
2019:05:06 15:03:02 865356 39997.7565
2019:05:06 15:03:02 905375 40008.5896
2019:05:06 15:03:02 950142 4785.1615
2019:05:06 15:03:02 951782 1221.3439
2019:05:06 15:03:02 985360 33160.8430
2019:05:06 15:03:03 25367 40000.3009
2019:05:06 15:03:03 66299 941.7981
2019:05:06 15:03:03 67943 1215.3201
2019:05:06 15:03:03 69166 1210.3245
2019:05:06 15:03:03 101374 32196.0039
2019:05:06 15:03:03 143489 2131.9054
2019:05:06 15:03:03 144309 805.4823
2019:05:06 15:03:03 181362 36643.9708
2019:05:06 15:03:03 221373 39998.1774
2019:05:06 15:03:03 297365 36009.3303
2019:05:06 15:03:03 325366 27993.8355
2019:05:06 15:03:03 405356 40001.1204
2019:05:06 15:03:03 445368 40001.7276
2019:05:06 15:03:03 447781 1225.7360
2019:05:06 15:03:03 450636 2033.1331
2019:05:06 15:03:03 451478 816.8966
2019:05:06 15:03:03 452709 836.9796
2019:05:06 15:03:03 485373 32272.6592
2019:05:06 15:03:03 527646 2287.6449
2019:05:06 15:03:03 529285 1623.7386
2019:05:06 15:03:03 605363 40007.7365
2019:05:06 15:03:03 645375 40001.9921
2019:05:06 15:03:03 686846 5485.8029
2019:05:06 15:03:03 688880 1605.6895
2019:05:06 15:03:03 721374 32482.8513
2019:05:06 15:03:03 766098 4738.7443
2019:05:06 15:03:03 767733 1622.6061
2019:05:06 15:03:03 805356 37222.3221
2019:05:06 15:03:03 845367 40002.9644
2019:05:06 15:03:03 917354 31995.4343
2019:05:06 15:03:03 949378 32013.0847
2019:05:06 15:03:04 13359 32002.5757
2019:05:06 15:03:04 45383 32011.8703
2019:05:06 15:03:04 109360 31998.8318
2019:05:06 15:03:04 149372 40005.2443
2019:05:06 15:03:04 151925 1600.2916
2019:05:06 15:03:04 153590 1244.3624
2019:05:06 15:03:04 229354 39997.7416
2019:05:06 15:03:04 269370 40005.6466
2019:05:06 15:03:04 349360 31997.7850
2019:05:06 15:03:04 381376 32009.6016
2019:05:06 15:03:04 445360 31994.0150
2019:05:06 15:03:04 477372 32001.8455
2019:05:06 15:03:04 549369 40005.7323
2019:05:06 15:03:04 551400 2021.7560
2019:05:06 15:03:04 553027 833.5225
2019:05:06 15:03:04 554677 1247.4135
2019:05:06 15:03:04 555884 1200.3779
2019:05:06 15:03:04 589355 33064.3207
2019:05:06 15:03:04 629371 40003.3146
2019:05:06 15:03:04 632588 829.0410
2019:05:06 15:03:04 669372 35966.7242
2019:05:06 15:03:04 714552 5195.4836
2019:05:06 15:03:04 716192 827.7670
2019:05:06 15:03:04 741369 24777.8594
2019:05:06 15:03:04 743247 829.4322
2019:05:06 15:03:04 744070 809.9228
2019:05:06 15:03:04 745701 1230.7130
2019:05:06 15:03:04 773139 27431.8084
2019:05:06 15:03:04 776008 1639.3065
2019:05:06 15:03:04 776832 817.8912
2019:05:06 15:03:04 797373 20132.7950
2019:05:06 15:03:04 833963 4600.5435
2019:05:06 15:03:04 835239 873.8860
2019:05:06 15:03:04 836836 836.6592
2019:05:06 15:03:04 871181 1818.6495
2019:05:06 15:03:04 872367 1175.5489
2019:05:06 15:03:04 909355 36975.4173
2019:05:06 15:03:04 949372 40005.8478
2019:05:06 15:03:04 983334 1972.1389
2019:05:06 15:03:04 984164 819.8135
2019:05:06 15:03:04 985394 829.5663
2019:05:06 15:03:05 61356 40000.0326
2019:05:06 15:03:05 63640 2273.4292
2019:05:06 15:03:05 64859 826.9623
2019:05:06 15:03:05 101367 36107.5699
2019:05:06 15:03:05 173359 37841.5883
2019:05:06 15:03:05 175605 2238.9293
2019:05:06 15:03:05 213355 37333.0079
2019:05:06 15:03:05 253367 40004.1044
2019:05:06 15:03:05 255551 843.9347
2019:05:06 15:03:05 257579 1635.6371
2019:05:06 15:03:05 285373 27781.4604
2019:05:06 15:03:05 341354 35990.1637
2019:05:06 15:03:05 381371 40006.4401
2019:05:06 15:03:05 419749 2391.7183
2019:05:06 15:03:05 420582 822.4733
2019:05:06 15:03:05 457365 36371.1081
2019:05:06 15:03:05 462943 5569.5586
2019:05:06 15:03:05 464564 1200.9963
2019:05:06 15:03:05 497365 32787.7365
2019:05:06 15:03:05 542605 5249.0309
2019:05:06 15:03:05 543847 830.4715
2019:05:06 15:03:05 545074 826.0459
2019:05:06 15:03:05 617356 40000.0773
2019:05:06 15:03:05 657364 39998.8517
2019:05:06 15:03:05 659754 1641.3368
2019:05:06 15:03:05 661392 1623.9211
2019:05:06 15:03:05 741356 39999.0492
2019:05:06 15:03:05 774411 33042.4756
2019:05:06 15:03:05 783513 824.2279
2019:05:06 15:03:05 784738 825.8484
2019:05:06 15:03:05 801375 16234.8449
2019:05:06 15:03:05 843423 2064.9768
2019:05:06 15:03:05 844648 817.4703
2019:05:06 15:03:05 881356 36288.6526
2019:05:06 15:03:05 921366 40000.8969
2019:05:06 15:03:06 1355 39997.6410
2019:05:06 15:03:06 41370 40005.6504
2019:05:06 15:03:06 82779 1420.1514
2019:05:06 15:03:06 83973 1180.2353
2019:05:06 15:03:06 117355 32947.6036
2019:05:06 15:03:06 153372 36007.3633
2019:05:06 15:03:06 195598 2243.2804
2019:05:06 15:03:06 196790 1180.2875
2019:05:06 15:03:06 198428 1216.4302
2019:05:06 15:03:06 200476 822.3169
2019:05:06 15:03:06 201299 813.3650
2019:05:06 15:03:06 273355 39992.8056
2019:05:06 15:03:06 321369 48005.6740
2019:05:06 15:03:06 324780 822.4659
2019:05:06 15:03:06 361354 36562.5881
2019:05:06 15:03:06 401371 40007.9712
2019:05:06 15:03:06 481355 39997.0189
2019:05:06 15:03:06 484287 2923.0453
2019:05:06 15:03:06 485509 1206.1968
2019:05:06 15:03:06 487149 1222.7222
2019:05:06 15:03:06 488381 822.7155
2019:05:06 15:03:06 521360 32583.9259
2019:05:06 15:03:06 561370 40003.2103
2019:05:06 15:03:06 633355 31995.8180
2019:05:06 15:03:06 665373 32008.2419
2019:05:06 15:03:06 699566 2209.4138
2019:05:06 15:03:06 700766 1191.7688
2019:05:06 15:03:06 701621 842.1950
2019:05:06 15:03:06 704036 826.9958
2019:05:06 15:03:06 704862 816.6581
2019:05:06 15:03:06 729371 24106.9421
2019:05:06 15:03:06 762192 835.8285
2019:05:06 15:03:06 763834 801.8948
2019:05:06 15:03:06 764674 829.6855
2019:05:06 15:03:06 793360 28297.2939
2019:05:06 15:03:06 825367 32000.5231
2019:05:06 15:03:06 858258 901.1030
2019:05:06 15:03:06 859893 815.8796
2019:05:06 15:03:06 860729 822.4063
2019:05:06 15:03:06 893370 32237.4888
2019:05:06 15:03:06 933422 1125.4884
2019:05:06 15:03:06 935443 798.6911
2019:05:06 15:03:06 936698 818.6139
2019:05:06 15:03:06 985365 48655.1449
2019:05:06 15:03:07 21374 35995.7367
2019:05:06 15:03:07 81364 32000.7503
2019:05:06 15:03:07 125376 44003.8815
2019:05:06 15:03:07 131829 1212.4479
2019:05:06 15:03:07 133048 1207.4076
2019:05:06 15:03:07 161367 28307.6279
2019:05:06 15:03:07 163778 1219.1497
2019:05:06 15:03:07 165012 839.1067
2019:05:06 15:03:07 193355 28328.3778
2019:05:06 15:03:07 199553 6189.5140
2019:05:06 15:03:07 200768 830.8180
2019:05:06 15:03:07 225373 24206.6272
2019:05:06 15:03:07 289364 32005.1424
2019:05:06 15:03:07 309374 20002.5141
2019:05:06 15:03:07 355208 5851.2241
2019:05:06 15:03:07 389365 32525.0290
2019:05:06 15:03:07 461368 32004.7550
2019:05:06 15:03:07 467072 5696.1216
2019:05:06 15:03:07 468704 1218.9224
2019:05:06 15:03:07 493367 24642.8959
2019:05:06 15:03:07 499340 1227.7067
2019:05:06 15:03:07 500574 1210.0339
2019:05:06 15:03:07 525367 24782.6576
2019:05:06 15:03:07 562414 5049.7353
2019:05:06 15:03:07 564463 1636.8441
2019:05:06 15:03:07 589365 24499.7069
2019:05:06 15:03:07 595225 822.6819
2019:05:06 15:03:07 596452 828.4561
2019:05:06 15:03:07 621366 24513.9487
2019:05:06 15:03:07 709355 47998.6705
2019:05:06 15:03:07 710734 1372.2666
2019:05:06 15:03:07 712371 1234.1999
2019:05:06 15:03:07 715221 2436.7496
2019:05:06 15:03:07 716459 1208.6332
2019:05:06 15:03:07 749360 32878.1642
2019:05:06 15:03:07 793370 44003.4643
2019:05:06 15:03:07 857362 31997.6546
2019:05:06 15:03:07 862523 5153.9987
2019:05:06 15:03:07 863728 818.6996
2019:05:06 15:03:07 889354 25230.7504
2019:05:06 15:03:07 895270 5906.0566
2019:05:06 15:03:07 896894 1225.2778
2019:05:06 15:03:07 921371 24074.7184
2019:05:06 15:03:07 957815 4456.8889
2019:05:06 15:03:07 959451 1622.0175
2019:05:06 15:03:07 960280 815.6672
2019:05:06 15:03:07 985365 24682.3244
2019:05:06 15:03:07 991416 1236.4909
2019:05:06 15:03:08 17358 25141.4031
2019:05:06 15:03:08 57368 40000.2152
2019:05:06 15:03:08 59084 1236.2376
2019:05:06 15:03:08 59891 800.6282
2019:05:06 15:03:08 60724 822.0598
2019:05:06 15:03:08 93372 32248.7503
2019:05:06 15:03:08 134857 1497.7977
2019:05:06 15:03:08 136101 844.1955
2019:05:06 15:03:08 193358 56448.7204
2019:05:06 15:03:08 199993 6625.6486
2019:05:06 15:03:08 201198 816.5091
2019:05:06 15:03:08 225369 24160.9365
2019:05:06 15:03:08 231765 1596.5998
2019:05:06 15:03:08 233000 1219.8687
2019:05:06 15:03:08 257379 24359.5876
2019:05:06 15:03:08 301363 15996.3556
2019:05:06 15:03:08 345366 43994.8402
2019:05:06 15:03:08 347011 825.8596
2019:05:06 15:03:08 348236 833.3363
2019:05:06 15:03:08 349453 818.6102
2019:05:06 15:03:08 377373 27908.2246
2019:05:06 15:03:08 441354 31996.6301
2019:05:06 15:03:08 473371 32005.9508
2019:05:06 15:03:08 518079 4722.8374
2019:05:06 15:03:08 519308 1215.4542
2019:05:06 15:03:08 553355 33642.4671
2019:05:06 15:03:08 593371 40006.2203
2019:05:06 15:03:08 595882 1223.0240
2019:05:06 15:03:08 597530 1233.9503
2019:05:06 15:03:08 599563 2021.4468
2019:05:06 15:03:08 601217 1240.4881
2019:05:06 15:03:08 661359 27996.2495
2019:05:06 15:03:08 681376 20009.6592
2019:05:06 15:03:08 733367 32000.4001
2019:05:06 15:03:08 751102 17723.4858
2019:05:06 15:03:08 781366 15999.6673
2019:05:06 15:03:08 813375 32000.5640
2019:05:06 15:03:08 835037 813.1191
2019:05:06 15:03:08 836257 827.5285
2019:05:06 15:03:08 837250 588.2233
2019:05:06 15:03:08 897360 31997.8110
2019:05:06 15:03:08 903117 5748.5402
2019:05:06 15:03:08 905163 1248.5646
2019:05:06 15:03:08 929369 24200.2904
2019:05:06 15:03:08 971903 2537.3548
2019:05:06 15:03:08 973952 1753.4122
2019:05:06 15:03:09 14916 5554.8772
2019:05:06 15:03:09 16152 815.1196
2019:05:06 15:03:09 49374 32824.2630
2019:05:06 15:03:09 125355 39991.9041
2019:05:06 15:03:09 130840 5474.9772
2019:05:06 15:03:09 133299 1646.5709
2019:05:06 15:03:09 201361 31997.9340
2019:05:06 15:03:09 233382 32011.9783
2019:05:06 15:03:09 271841 6484.2440
2019:05:06 15:03:09 273069 1221.6084
2019:05:06 15:03:09 333365 31999.3235
2019:05:06 15:03:09 365383 32006.3569
2019:05:06 15:03:09 367678 1224.9835
2019:05:06 15:03:09 368504 814.3038
2019:05:06 15:03:09 401363 32455.0048
2019:05:06 15:03:09 441370 39998.0061
2019:05:06 15:03:09 490539 17156.2172
2019:05:06 15:03:09 492107 1070.1753
2019:05:06 15:03:09 494207 2092.1081
2019:05:06 15:03:09 507786 976.0931
2019:05:06 15:03:09 509810 1015.3167
2019:05:06 15:03:09 511379 1029.7857
2019:05:06 15:03:09 512942 1064.2968
2019:05:06 15:03:09 538096 25145.2401
2019:05:06 15:03:09 539592 1042.9248
2019:05:06 15:03:09 541089 968.8251
2019:05:06 15:03:09 554132 13035.3384
2019:05:06 15:03:09 555494 1038.0521
2019:05:06 15:03:09 558886 2329.1297
2019:05:06 15:03:09 560450 1490.9729
2019:05:06 15:03:09 578630 17631.2067
2019:05:06 15:03:09 580577 1526.0912
2019:05:06 15:03:09 582291 1171.5740
2019:05:06 15:03:09 586381 2102.6656
2019:05:06 15:03:09 589173 2783.3916
2019:05:06 15:03:09 623335 1101.0207
2019:05:06 15:03:09 624928 1088.1126
2019:05:06 15:03:09 639453 14517.0167
2019:05:06 15:03:09 640597 622.8276
2019:05:06 15:03:09 641568 964.0194
2019:05:06 15:03:09 643883 537.8686
2019:05:06 15:03:09 644889 998.3666
2019:05:06 15:03:09 666000 20599.9464
2019:05:06 15:03:09 668045 2035.6514
2019:05:06 15:03:09 669275 821.6240
2019:05:06 15:03:09 670910 1212.8986
2019:05:06 15:03:09 672958 1234.6953
2019:05:06 15:03:09 697948 24971.1163
2019:05:06 15:03:09 769359 35992.6112
2019:05:06 15:03:09 817373 47999.7173
2019:05:06 15:03:09 889357 35988.4948
2019:05:06 15:03:09 925372 36006.0483
2019:05:06 15:03:09 985372 32009.0018
2019:05:06 15:03:10 17373 31992.8750
2019:05:06 15:03:10 24861 2845.9243
2019:05:06 15:03:10 49372 24116.5422
2019:05:06 15:03:10 55171 831.3768
2019:05:06 15:03:10 56404 828.5344
2019:05:06 15:03:10 57217 802.8187
2019:05:06 15:03:10 117357 35997.9756
2019:05:06 15:03:10 149370 32002.8402
2019:05:06 15:03:10 151330 813.3613
2019:05:06 15:03:10 152952 1218.0172
2019:05:06 15:03:10 181361 27997.6837
2019:05:06 15:03:10 213367 32000.3517
2019:05:06 15:03:10 219365 837.9146
2019:05:06 15:03:10 245356 25192.3539
2019:05:06 15:03:10 251379 6013.3077
2019:05:06 15:03:10 277355 25151.3012
2019:05:06 15:03:10 278809 1444.1088
2019:05:06 15:03:10 289374 10153.2713
2019:05:06 15:03:10 314607 1243.7180
2019:05:06 15:03:10 315837 813.9126
2019:05:06 15:03:10 316670 818.9306
2019:05:06 15:03:10 345359 28284.7323
2019:05:06 15:03:10 377371 32000.9105
2019:05:06 15:03:10 410601 1239.3110
2019:05:06 15:03:10 411831 819.2919
2019:05:06 15:03:10 412675 832.7886
2019:05:06 15:03:10 441360 27890.8089
2019:05:06 15:03:10 473367 31999.7258
2019:05:06 15:03:10 506535 1178.1454
2019:05:06 15:03:10 508572 827.5919
2019:05:06 15:03:10 509397 817.9136
2019:05:06 15:03:10 511041 822.0077
2019:05:06 15:03:10 512251 812.8397
2019:05:06 15:03:10 513081 820.5958
2019:05:06 15:03:10 539695 2341.0618
2019:05:06 15:03:10 540931 1219.3546
2019:05:06 15:03:10 542584 1643.2293
2019:05:06 15:03:10 543811 835.3069
2019:05:06 15:03:10 569356 25139.7751
2019:05:06 15:03:10 574517 5151.3389
2019:05:06 15:03:10 576971 1222.6664
2019:05:06 15:03:10 601370 24392.4782
2019:05:06 15:03:10 665355 31998.8765
2019:05:06 15:03:10 697372 32008.9906
2019:05:06 15:03:10 761362 32000.5678
2019:05:06 15:03:10 797371 36000.5274
2019:05:06 15:03:10 861362 31998.1687
2019:05:06 15:03:10 893370 31996.4960
2019:05:06 15:03:10 957355 31992.9458
2019:05:06 15:03:10 989367 32000.0798
2019:05:06 15:03:11 53359 32002.1845
2019:05:06 15:03:11 117374 64005.6916
2019:05:06 15:03:11 119502 1211.6693
2019:05:06 15:03:11 120336 821.6463
2019:05:06 15:03:11 149361 28622.1541
2019:05:06 15:03:11 154019 4647.8026
2019:05:06 15:03:11 156061 1619.7003
2019:05:06 15:03:11 157305 834.7593
2019:05:06 15:03:11 186396 5038.3806
2019:05:06 15:03:11 188007 811.1931
2019:05:06 15:03:11 188836 818.3010
2019:05:06 15:03:11 213369 24132.6652
2019:05:06 15:03:11 215355 1233.2909
2019:05:06 15:03:11 245355 28785.2064
2019:05:06 15:03:11 247243 1877.6208
2019:05:06 15:03:11 249291 1212.1610
2019:05:06 15:03:11 252155 2047.2258
2019:05:06 15:03:11 277354 25188.4013
2019:05:06 15:03:11 278788 820.4132
2019:05:06 15:03:11 280003 813.3836
2019:05:06 15:03:11 297369 17355.1440
2019:05:06 15:03:11 361355 31999.5135
2019:05:06 15:03:11 393370 32004.6097
2019:05:06 15:03:11 457356 31998.5598
2019:05:06 15:03:11 463004 5640.0783
2019:05:06 15:03:11 464637 1200.0129
2019:05:06 15:03:11 497370 32327.7265
2019:05:06 15:03:11 500287 819.3105
2019:05:06 15:03:11 501507 825.2561
2019:05:06 15:03:11 503144 821.9704
2019:05:06 15:03:11 504402 856.9919
2019:05:06 15:03:11 537356 32585.2819
2019:05:06 15:03:11 539212 1847.2895
2019:05:06 15:03:11 540850 1211.9859
2019:05:06 15:03:11 542487 1621.6040
2019:05:06 15:03:11 544124 1208.1489
2019:05:06 15:03:11 544963 822.1567
2019:05:06 15:03:11 583469 6112.1695
2019:05:06 15:03:11 584700 836.6182
2019:05:06 15:03:11 617370 32280.3035
2019:05:06 15:03:11 651197 1831.6172
2019:05:06 15:03:11 652437 1232.0727
2019:05:06 15:03:11 678532 25295.3880
2019:05:06 15:03:11 679757 815.4623
2019:05:06 15:03:11 681400 1232.7023
2019:05:06 15:03:11 682638 1231.5698
2019:05:06 15:03:11 683622 591.8033
2019:05:06 15:03:11 684677 827.9793
2019:05:06 15:03:11 725371 40292.3115
2019:05:06 15:03:11 761748 4388.5484
2019:05:06 15:03:11 763347 1240.4509
2019:05:06 15:03:11 789359 24790.9389
2019:05:06 15:03:11 821377 32010.4547
2019:05:06 15:03:11 858356 4998.0432
2019:05:06 15:03:11 860000 1233.9987
2019:05:06 15:03:11 861228 822.9986
2019:05:06 15:03:11 895057 1699.6041
2019:05:06 15:03:11 896276 1206.9121
2019:05:06 15:03:11 897101 815.1196
2019:05:06 15:03:11 933370 35856.3438
2019:05:06 15:03:11 939820 1997.1244
2019:05:06 15:03:11 941062 1230.8210
2019:05:06 15:03:11 974265 907.1641
2019:05:06 15:03:11 976416 825.0475
2019:05:06 15:03:12 13355 36135.1147
2019:05:06 15:03:12 53371 40006.3507
2019:05:06 15:03:12 98784 5417.4885
2019:05:06 15:03:12 100416 824.4701
2019:05:06 15:03:12 125367 24523.5525
2019:05:06 15:03:12 177359 24000.6931
2019:05:06 15:03:12 179166 1800.2279
2019:05:06 15:03:12 180399 828.5157
2019:05:06 15:03:12 209363 28563.1008
2019:05:06 15:03:12 241371 32001.0521
2019:05:06 15:03:12 305355 31994.8308
2019:05:06 15:03:12 337377 32009.6500
2019:05:06 15:03:12 373855 4490.2973
2019:05:06 15:03:12 376275 1230.6906
2019:05:06 15:03:12 409356 32265.9649
2019:05:06 15:03:12 449367 39998.0694
2019:05:06 15:03:12 490415 1056.5296
2019:05:06 15:03:12 492030 815.4735
2019:05:06 15:03:12 492878 836.4655
2019:05:06 15:03:12 529367 35697.4192
2019:05:06 15:03:12 597356 35990.3313
2019:05:06 15:03:12 603341 5974.7100
2019:05:06 15:03:12 604574 824.2428
2019:05:06 15:03:12 605827 851.7653
2019:05:06 15:03:12 607427 1022.9908
2019:05:06 15:03:12 608268 828.9628
2019:05:06 15:03:12 633372 24910.0365
2019:05:06 15:03:12 670450 1064.4123
2019:05:06 15:03:12 672075 1215.6665
2019:05:06 15:03:12 673312 826.8878
2019:05:06 15:03:12 749355 31999.0478
2019:05:06 15:03:12 751173 1809.5151
2019:05:06 15:03:12 751656 467.3414
2019:05:06 15:03:12 782752 29932.7485
2019:05:06 15:03:12 784536 1230.1952
2019:05:06 15:03:12 786565 1634.9778
2019:05:06 15:03:12 821361 33986.1549
2019:05:06 15:03:12 861369 39997.0450
2019:05:06 15:03:12 863235 809.7328
2019:05:06 15:03:12 864077 829.0485
2019:05:06 15:03:12 893360 28873.6448
2019:05:06 15:03:12 894772 1404.9821
2019:05:06 15:03:12 896004 812.0872
2019:05:06 15:03:12 896850 835.7577
2019:05:06 15:03:12 929376 32132.6703
2019:05:06 15:03:12 966058 701.8000
2019:05:06 15:03:12 968508 1641.2325
2019:05:06 15:03:13 5638 37116.8330
2019:05:06 15:03:13 7253 822.0486
2019:05:06 15:03:13 8490 827.1784
2019:05:06 15:03:13 37356 28460.8789
2019:05:06 15:03:13 73375 36008.6374
2019:05:06 15:03:13 125357 31994.3801
2019:05:06 15:03:13 131242 5876.9286
2019:05:06 15:03:13 132881 831.2017
2019:05:06 15:03:13 161371 28480.1163
2019:05:06 15:03:13 164009 1225.1996
2019:05:06 15:03:13 165234 1121.0442
2019:05:06 15:03:13 201367 36121.3870
2019:05:06 15:03:13 273354 31996.2315
2019:05:06 15:03:13 313370 40004.8122
2019:05:06 15:03:13 322967 1217.4360
2019:05:06 15:03:13 324193 840.8204
2019:05:06 15:03:13 349366 24364.3075
2019:05:06 15:03:13 355707 2021.9199
2019:05:06 15:03:13 356539 821.0316
2019:05:06 15:03:13 385354 28415.8513
2019:05:06 15:03:13 386883 1517.9254
2019:05:06 15:03:13 387717 818.0477
2019:05:06 15:03:13 388933 819.7501
2019:05:06 15:03:13 413939 24994.1237
2019:05:06 15:03:13 415184 1227.8520
2019:05:06 15:03:13 416411 804.3423
2019:05:06 15:03:13 441386 24589.6392
2019:05:06 15:03:13 475352 1978.3564
2019:05:06 15:03:13 476629 1243.1368
2019:05:06 15:03:13 505367 27946.5690
2019:05:06 15:03:13 506585 1206.2453
2019:05:06 15:03:13 507795 992.3466
2019:05:06 15:03:13 509020 824.1422
2019:05:06 15:03:13 510676 1247.9536
2019:05:06 15:03:13 512313 1414.9919
2019:05:06 15:03:13 537738 25032.4234
2019:05:06 15:03:13 539724 774.3165
2019:05:06 15:03:13 540554 814.0467
2019:05:06 15:03:13 541806 855.7588
2019:05:06 15:03:13 542609 751.9573
2019:05:06 15:03:13 543832 832.5353
2019:05:06 15:03:13 544651 748.1575
2019:05:06 15:03:13 577381 32334.5251
2019:05:06 15:03:13 579878 2036.5529
2019:05:06 15:03:13 581511 1212.6528
2019:05:06 15:03:13 583169 820.5958
2019:05:06 15:03:13 584807 827.1597
2019:05:06 15:03:13 617390 32161.3997
2019:05:06 15:03:13 620075 1262.7281
2019:05:06 15:03:13 649370 29277.3806
2019:05:06 15:03:13 650748 1359.3845
2019:05:06 15:03:13 651989 825.0810
2019:05:06 15:03:13 652812 813.3203
2019:05:06 15:03:13 654478 1270.6742
2019:05:06 15:03:13 656085 1231.3724
2019:05:06 15:03:13 657334 838.7156
2019:05:06 15:03:13 683945 2043.2957
2019:05:06 15:03:13 685172 829.6520
2019:05:06 15:03:13 709382 24180.9376
2019:05:06 15:03:13 781378 36012.2994
2019:05:06 15:03:13 817391 35995.1966
2019:05:06 15:03:13 889362 39988.2384
2019:05:06 15:03:13 891971 2594.7317
2019:05:06 15:03:13 929368 36986.8129
2019:05:06 15:03:13 934929 5550.7459
2019:05:06 15:03:13 961360 25209.2816
2019:05:06 15:03:13 966038 4665.0618
2019:05:06 15:03:13 967285 831.1607
2019:05:06 15:03:13 968471 792.1793
2019:05:06 15:03:13 993371 24878.7478
2019:05:06 15:03:14 21393 28011.1767
2019:05:06 15:03:14 23397 846.7585
2019:05:06 15:03:14 25003 1596.8904
2019:05:06 15:03:14 26259 1233.2983
2019:05:06 15:03:14 28311 1242.3098
2019:05:06 15:03:14 57370 28668.4781
2019:05:06 15:03:14 58636 1251.4144
2019:05:06 15:03:14 59822 825.8410
2019:05:06 15:03:14 60685 462.6065
2019:05:06 15:03:14 61898 856.3362
2019:05:06 15:03:14 63918 817.5485
2019:05:06 15:03:14 65137 818.1855
2019:05:06 15:03:14 97389 32232.9812
2019:05:06 15:03:14 99148 847.9729
2019:05:06 15:03:14 100369 826.5711
2019:05:06 15:03:14 133368 32609.2020
2019:05:06 15:03:14 135186 1808.9376
2019:05:06 15:03:14 136833 824.8724
2019:05:06 15:03:14 169369 32150.6374
2019:05:06 15:03:14 194593 25213.0106
2019:05:06 15:03:14 196230 845.6111
2019:05:06 15:03:14 197471 858.0275
2019:05:06 15:03:14 265370 40007.7924
2019:05:06 15:03:14 309384 44001.8140
2019:05:06 15:03:14 311708 1624.9195
2019:05:06 15:03:14 312929 804.6329
2019:05:06 15:03:14 373362 31986.8922
2019:05:06 15:03:14 413377 39997.6820
2019:05:06 15:03:14 485363 35999.7973
2019:05:06 15:03:14 521380 36002.8744
2019:05:06 15:03:14 577369 24004.2880
2019:05:06 15:03:14 578842 1459.4980
2019:05:06 15:03:14 579446 586.2713
2019:05:06 15:03:14 580891 816.2856
2019:05:06 15:03:14 609373 28465.7180
2019:05:06 15:03:14 610740 1356.6352
2019:05:06 15:03:14 612351 818.0514
2019:05:06 15:03:14 613188 814.9445
2019:05:06 15:03:14 614835 1237.6867
2019:05:06 15:03:14 616451 1196.5148
2019:05:06 15:03:14 649379 32494.8542
2019:05:06 15:03:14 651687 1606.3862
2019:05:06 15:03:14 653337 1239.7990
2019:05:06 15:03:14 691436 2071.6339
2019:05:06 15:03:14 693134 865.5377
2019:05:06 15:03:14 721362 26643.1719
2019:05:06 15:03:14 722973 1597.0320
2019:05:06 15:03:14 724593 820.5920
2019:05:06 15:03:14 726238 1630.2802
2019:05:06 15:03:14 729121 2032.4104
2019:05:06 15:03:14 753381 24248.8980
2019:05:06 15:03:14 755371 1557.7041
2019:05:06 15:03:14 757791 1241.6802
2019:05:06 15:03:14 760258 2418.8384
2019:05:06 15:03:14 783052 22783.7041
2019:05:06 15:03:14 846677 25312.9639
2019:05:06 15:03:14 848345 1323.3870
2019:05:06 15:03:14 881362 32634.2843
2019:05:06 15:03:14 883252 1872.0999
2019:05:06 15:03:14 884865 1210.5815
2019:05:06 15:03:14 886125 1230.2399
2019:05:06 15:03:14 888144 829.1379
2019:05:06 15:03:14 888974 810.9696
2019:05:06 15:03:14 917389 27999.9338
2019:05:06 15:03:14 985363 31999.0963
2019:05:06 15:03:14 991583 6203.3311
2019:05:06 15:03:14 992815 823.3674
2019:05:06 15:03:15 17381 24170.3913
2019:05:06 15:03:15 81365 31992.6813
2019:05:06 15:03:15 93388 12009.2332
2019:05:06 15:03:15 126355 973.6679
2019:05:06 15:03:15 127584 1208.6332
2019:05:06 15:03:15 157379 28983.5148
2019:05:06 15:03:15 159532 2142.6082
2019:05:06 15:03:15 161142 794.2095
2019:05:06 15:03:15 162386 1223.4710
2019:05:06 15:03:15 164029 828.4934
2019:05:06 15:03:15 165663 1219.3099
2019:05:06 15:03:15 195196 1269.4597
2019:05:06 15:03:15 196408 847.3247
2019:05:06 15:03:15 198026 819.5154
2019:05:06 15:03:15 200060 1234.6320
2019:05:06 15:03:15 200898 816.6842
2019:05:06 15:03:15 202913 1189.7162
2019:05:06 15:03:15 203762 834.8562
2019:05:06 15:03:15 204978 832.0548
2019:05:06 15:03:15 232000 2640.9477
2019:05:06 15:03:15 232831 801.2615
2019:05:06 15:03:15 234471 1232.6725
2019:05:06 15:03:15 235718 807.6876
2019:05:06 15:03:15 237339 804.9607
2019:05:06 15:03:15 239010 1270.2197
2019:05:06 15:03:15 241029 1239.9144
2019:05:06 15:03:15 268043 2684.6565
2019:05:06 15:03:15 269265 821.3073
2019:05:06 15:03:15 270123 842.8991
2019:05:06 15:03:15 271721 821.0652
2019:05:06 15:03:15 272572 831.0154
2019:05:06 15:03:15 274205 1249.8423
2019:05:06 15:03:15 275412 816.5538
2019:05:06 15:03:15 276645 1217.6260
2019:05:06 15:03:15 297385 20724.8069
2019:05:06 15:03:15 310638 1267.0383
2019:05:06 15:03:15 313111 1250.8743
2019:05:06 15:03:15 357380 32016.6275
2019:05:06 15:03:15 364309 2022.1509
2019:05:06 15:03:15 365124 799.3802
2019:05:06 15:03:15 421358 31995.7733
2019:05:06 15:03:15 453380 32007.8321
2019:05:06 15:03:15 517369 31993.4376
2019:05:06 15:03:15 542775 25396.0341
2019:05:06 15:03:15 544801 789.3816
2019:05:06 15:03:15 569378 24168.5547
2019:05:06 15:03:15 579223 1613.1587
2019:05:06 15:03:15 580477 1234.4494
2019:05:06 15:03:15 605378 24512.6374
2019:05:06 15:03:15 615699 2021.3835
2019:05:06 15:03:15 641379 25250.1369
2019:05:06 15:03:15 652006 2273.7943
2019:05:06 15:03:15 677363 25340.0020
2019:05:06 15:03:15 686534 9156.6555
2019:05:06 15:03:15 688152 801.9023
2019:05:06 15:03:15 689007 837.7992
2019:05:06 15:03:15 714019 649.5789
2019:05:06 15:03:15 715682 1249.7418
2019:05:06 15:03:15 716930 873.5098
2019:05:06 15:03:15 718556 1258.9432
2019:05:06 15:03:15 720571 1214.1019
2019:05:06 15:03:15 757903 37311.4049
2019:05:06 15:03:15 759943 844.6835
2019:05:06 15:03:15 785360 25040.9804
2019:05:06 15:03:15 817386 32014.8729
2019:05:06 15:03:15 854401 5035.5941
2019:05:06 15:03:15 856050 1217.3653
2019:05:06 15:03:15 881359 25237.8881
2019:05:06 15:03:15 881871 496.6706
2019:05:06 15:03:15 882801 551.3951
2019:05:06 15:03:15 883910 839.0397
2019:05:06 15:03:15 884829 532.2956
2019:05:06 15:03:15 886345 1497.5704
2019:05:06 15:03:15 887590 812.9217
2019:05:06 15:03:15 888842 852.5774
2019:05:06 15:03:15 915260 1605.7752
2019:05:06 15:03:15 916497 1210.0078
2019:05:06 15:03:15 918139 1250.4905
2019:05:06 15:03:15 918959 798.2813
2019:05:06 15:03:15 920600 827.8638
2019:05:06 15:03:15 946376 1015.1453
2019:05:06 15:03:15 947616 833.2990
2019:05:06 15:03:15 949242 1219.9022
2019:05:06 15:03:15 977387 28104.7784
2019:05:06 15:03:16 9535 4170.0304
2019:05:06 15:03:16 11905 1616.3029
2019:05:06 15:03:16 41370 28222.4678
2019:05:06 15:03:16 74308 32923.8214
2019:05:06 15:03:16 75829 834.9828
2019:05:06 15:03:16 77119 498.1905
2019:05:06 15:03:16 93789 11052.5191
2019:05:06 15:03:16 141360 35983.6742
2019:05:06 15:03:16 143556 2172.7905
2019:05:06 15:03:16 144782 819.2137
2019:05:06 15:03:16 169388 24209.4770
2019:05:06 15:03:16 241361 35998.0538
2019:05:06 15:03:16 250874 9496.9720
2019:05:06 15:03:16 252165 792.0265
2019:05:06 15:03:16 252922 741.5004
2019:05:06 15:03:16 278401 1024.2052
2019:05:06 15:03:16 279631 1213.4910
2019:05:06 15:03:16 305370 24938.7361
2019:05:06 15:03:16 310797 5413.9607
2019:05:06 15:03:16 311895 840.4031
2019:05:06 15:03:16 313071 766.5865
2019:05:06 15:03:16 318442 1018.2410
2019:05:06 15:03:16 319214 756.6921
2019:05:06 15:03:16 320467 801.4962
2019:05:06 15:03:16 349452 28575.0963
2019:05:06 15:03:16 378732 29263.6789
2019:05:06 15:03:16 380760 1208.9983
2019:05:06 15:03:16 405425 24240.2963
2019:05:06 15:03:16 407011 1574.7808
2019:05:06 15:03:16 409035 810.8988
2019:05:06 15:03:16 410675 1231.9088
2019:05:06 15:03:16 411918 768.5870
2019:05:06 15:03:16 441840 29128.9687
2019:05:06 15:03:16 443931 894.6471
2019:05:06 15:03:16 445466 815.2314
2019:05:06 15:03:16 446713 1230.8769
2019:05:06 15:03:16 447966 855.9078
2019:05:06 15:03:16 449566 817.1871
2019:05:06 15:03:16 451233 1255.9853
2019:05:06 15:03:16 453255 1618.2959
2019:05:06 15:03:16 478747 25457.7436
2019:05:06 15:03:16 481110 1226.8536
2019:05:06 15:03:16 482845 885.5760
2019:05:06 15:03:16 484826 1248.8179
2019:05:06 15:03:16 486066 1218.7734
2019:05:06 15:03:16 488087 1643.4863
2019:05:06 15:03:16 488917 812.3964
2019:05:06 15:03:16 549361 35993.4419
2019:05:06 15:03:16 550770 1398.6267
2019:05:06 15:03:16 552379 820.8156
2019:05:06 15:03:16 553233 827.1895
2019:05:06 15:03:16 554832 1201.0299
2019:05:06 15:03:16 555681 831.1011
2019:05:06 15:03:16 556909 846.2481
2019:05:06 15:03:16 558148 839.5128
2019:05:06 15:03:16 559367 809.6099
2019:05:06 15:03:16 560607 827.0182
2019:05:06 15:03:16 585378 24378.4040
2019:05:06 15:03:16 622856 1492.6605
2019:05:06 15:03:16 623684 809.2336
2019:05:06 15:03:16 625274 811.3235
2019:05:06 15:03:16 626128 809.3044
2019:05:06 15:03:16 627726 793.8035
2019:05:06 15:03:16 628998 834.9344
2019:05:06 15:03:16 630236 1225.3933
2019:05:06 15:03:16 631841 834.8078
2019:05:06 15:03:16 632664 807.6876
2019:05:06 15:03:16 657378 24318.1027
2019:05:06 15:03:16 729359 35992.1642
2019:05:06 15:03:16 738747 9376.4104
2019:05:06 15:03:16 739962 796.7763
2019:05:06 15:03:16 740809 831.6152
2019:05:06 15:03:16 765375 24185.8177
2019:05:06 15:03:16 770304 486.7800
2019:05:06 15:03:16 771513 832.9451
2019:05:06 15:03:16 772357 512.5701
2019:05:06 15:03:16 773603 866.8154
2019:05:06 15:03:16 774829 932.7829
2019:05:06 15:03:16 776427 1218.9597
2019:05:06 15:03:16 813391 36149.6359
2019:05:06 15:03:16 817005 1652.8480
2019:05:06 15:03:16 818623 1237.0050
2019:05:06 15:03:16 821083 1639.2469
2019:05:06 15:03:16 823516 2021.5549
2019:05:06 15:03:16 838591 14254.1304
2019:05:06 15:03:16 841150 1237.4967
2019:05:06 15:03:16 842379 822.5329
2019:05:06 15:03:16 843717 1321.6883
2019:05:06 15:03:16 845671 1655.3886
2019:05:06 15:03:16 847695 1218.1848
2019:05:06 15:03:16 848911 808.1272
2019:05:06 15:03:16 862430 13106.0965
2019:05:06 15:03:16 864895 1207.6162
2019:05:06 15:03:16 866158 857.9567
2019:05:06 15:03:16 867787 861.6187
2019:05:06 15:03:16 868998 836.9684
2019:05:06 15:03:16 871059 1252.4053
2019:05:06 15:03:16 873106 1246.8956
2019:05:06 15:03:16 888297 1484.5431
2019:05:06 15:03:16 889876 1223.8957
2019:05:06 15:03:16 892738 1611.8921
2019:05:06 15:03:16 894782 1602.1468
2019:05:06 15:03:16 896850 1630.9619
2019:05:06 15:03:16 898088 1214.4111
2019:05:06 15:03:16 901375 1664.6832
2019:05:06 15:03:16 903817 2058.1298
2019:05:06 15:03:16 907492 3238.6892
2019:05:06 15:03:16 910367 2449.5348
2019:05:06 15:03:16 912426 1660.3209
2019:05:06 15:03:16 916499 2428.2709
2019:05:06 15:03:16 917743 1208.2644
2019:05:06 15:03:16 920193 1185.1713
2019:05:06 15:03:16 929617 8199.6992
2019:05:06 15:03:16 932482 2245.2138
2019:05:06 15:03:16 936580 2037.5997
2019:05:06 15:03:16 939022 1624.9977
2019:05:06 15:03:16 941114 1662.6157
2019:05:06 15:03:16 943960 1649.7448
2019:05:06 15:03:16 947628 2043.4111
2019:05:06 15:03:16 949744 1295.3728
2019:05:06 15:03:16 952155 1648.7166
2019:05:06 15:03:16 953780 1210.3692
2019:05:06 15:03:16 956234 2048.3397
2019:05:06 15:03:16 958697 1642.0372
2019:05:06 15:03:16 960750 1239.3706
2019:05:06 15:03:16 964426 3262.5124
2019:05:06 15:03:16 966092 1234.5389
2019:05:06 15:03:16 969104 1404.6729
2019:05:06 15:03:16 972202 1642.3501
2019:05:06 15:03:16 974269 1658.6259
2019:05:06 15:03:16 976310 1627.9593
2019:05:06 15:03:16 978371 1065.2505
2019:05:06 15:03:16 981241 1848.6530
2019:05:06 15:03:17 12244 708.6620
2019:05:06 15:03:17 12934 673.4356
2019:05:06 15:03:17 14300 1246.5082
2019:05:06 15:03:17 15942 1001.0414
2019:05:06 15:03:17 33067 16730.8152
2019:05:06 15:03:17 35405 2010.9378
2019:05:06 15:03:17 36843 1425.9815
2019:05:06 15:03:17 40512 2606.5968
2019:05:06 15:03:17 57089 16564.3357
2019:05:06 15:03:17 58545 1439.1355
2019:05:06 15:03:17 61404 1247.8903
2019:05:06 15:03:17 69152 6501.8758
2019:05:06 15:03:17 74105 4907.3622
2019:05:06 15:03:17 77386 2053.5253
2019:05:06 15:03:17 97888 509.4185
2019:05:06 15:03:17 99478 1205.1314
2019:05:06 15:03:17 101134 1226.9169
2019:05:06 15:03:17 134315 933.2336
2019:05:06 15:03:17 135957 1614.7904
2019:05:06 15:03:17 137635 875.9201
2019:05:06 15:03:17 139645 839.0732
2019:05:06 15:03:17 141295 847.8984
2019:05:06 15:03:17 143334 835.0946
2019:05:06 15:03:17 144958 1232.1547
2019:05:06 15:03:17 170755 1386.3519
2019:05:06 15:03:17 172818 1240.5403
2019:05:06 15:03:17 175661 1213.1073
2019:05:06 15:03:17 177317 812.6162
2019:05:06 15:03:17 180165 2050.5637
2019:05:06 15:03:17 181443 1252.5655
2019:05:06 15:03:17 183869 1223.6238
2019:05:06 15:03:17 201385 17105.4751
2019:05:06 15:03:17 203966 1264.4976
2019:05:06 15:03:17 206420 1272.8274
2019:05:06 15:03:17 208512 1302.9873
2019:05:06 15:03:17 211328 2485.2082
2019:05:06 15:03:17 212609 495.5344
2019:05:06 15:03:17 214178 1243.7515
2019:05:06 15:03:17 215433 845.4174
2019:05:06 15:03:17 216690 480.8940
2019:05:06 15:03:17 234248 884.3504
2019:05:06 15:03:17 236314 1236.4872
2019:05:06 15:03:17 238345 1632.3030
2019:05:06 15:03:17 240399 1253.5676
2019:05:06 15:03:17 265379 24566.1624
2019:05:06 15:03:17 273974 8580.3755
2019:05:06 15:03:17 275647 853.5534
2019:05:06 15:03:17 277651 1217.3206
2019:05:06 15:03:17 278907 859.1563
2019:05:06 15:03:17 280539 1211.8481
2019:05:06 15:03:17 301910 20949.6841
2019:05:06 15:03:17 307374 1214.8134
2019:05:06 15:03:17 308772 802.8746
2019:05:06 15:03:17 312031 2836.5664
2019:05:06 15:03:17 321523 9046.8377
2019:05:06 15:03:17 322325 773.3591
2019:05:06 15:03:17 323938 801.8911
2019:05:06 15:03:17 325159 811.7147
2019:05:06 15:03:17 337901 4197.0797
2019:05:06 15:03:17 339509 1579.7876
2019:05:06 15:03:17 341702 1687.7577
2019:05:06 15:03:17 344065 1680.7169
2019:05:06 15:03:17 354295 9382.3634
2019:05:06 15:03:17 356322 774.2681
2019:05:06 15:03:17 357967 853.0542
2019:05:06 15:03:17 360235 1463.1860
2019:05:06 15:03:17 361334 1084.5289
2019:05:06 15:03:17 364111 1199.6813
2019:05:06 15:03:17 393384 29258.8361
2019:05:06 15:03:17 394379 978.9430
2019:05:06 15:03:17 395605 807.9149
2019:05:06 15:03:17 396447 823.0172
2019:05:06 15:03:17 397690 855.7737
2019:05:06 15:03:17 399310 1225.9036
2019:05:06 15:03:17 400951 824.7420
2019:05:06 15:03:17 426342 25158.4128
2019:05:06 15:03:17 428396 830.9297
2019:05:06 15:03:17 433389 4599.2546
2019:05:06 15:03:17 436581 2041.7273
2019:05:06 15:03:17 451735 2010.9154
2019:05:06 15:03:17 452966 833.7200
2019:05:06 15:03:17 455839 1658.7824
2019:05:06 15:03:17 457470 839.6208
2019:05:06 15:03:17 464021 1614.5147
2019:05:06 15:03:17 475502 1627.7395
2019:05:06 15:03:17 493360 3539.0146
2019:05:06 15:03:17 495375 1460.6453
2019:05:06 15:03:17 497200 1232.9929
2019:05:06 15:03:17 503344 1220.9080
2019:05:06 15:03:17 504977 1246.9701
2019:05:06 15:03:17 512366 1234.2967
2019:05:06 15:03:17 513182 807.6653
2019:05:06 15:03:17 515235 1425.0576
2019:05:06 15:03:17 517672 1646.4330
2019:05:06 15:03:17 519714 2026.2711
2019:05:06 15:03:17 522586 1639.5077
2019:05:06 15:03:17 524222 1603.0148
2019:05:06 15:03:17 527078 1632.8432
2019:05:06 15:03:17 528734 1237.9847
2019:05:06 15:03:17 530771 1644.0116
2019:05:06 15:03:17 532397 1597.2294
2019:05:06 15:03:17 534457 2043.3404
2019:05:06 15:03:17 539378 4096.2622
2019:05:06 15:03:17 540417 650.0669
2019:05:06 15:03:17 546342 5913.1682
2019:05:06 15:03:17 547963 1383.9789
2019:05:06 15:03:17 549211 833.9621
2019:05:06 15:03:17 553291 1229.4613
2019:05:06 15:03:17 559834 2017.3192
2019:05:06 15:03:17 560906 1059.6588
2019:05:06 15:03:17 566411 5335.5359
2019:05:06 15:03:17 568033 1605.6448
2019:05:06 15:03:17 581558 13113.3422
2019:05:06 15:03:17 583448 1080.5354
2019:05:06 15:03:17 584844 832.1963
2019:05:06 15:03:17 586057 1201.5887
2019:05:06 15:03:17 586893 817.5708
2019:05:06 15:03:17 588114 815.6300
2019:05:06 15:03:17 589336 823.0358
2019:05:06 15:03:17 590995 1383.7330
2019:05:06 15:03:17 592222 838.0562
2019:05:06 15:03:17 606544 13924.8446
2019:05:06 15:03:17 608008 1048.1216
2019:05:06 15:03:17 609823 819.6272
2019:05:06 15:03:17 611855 1642.7487
2019:05:06 15:03:17 612692 822.7415
2019:05:06 15:03:17 613940 832.5577
2019:05:06 15:03:17 615568 838.7007
2019:05:06 15:03:17 616779 583.0713
2019:05:06 15:03:17 631117 13921.3018
2019:05:06 15:03:17 633182 1616.5413
2019:05:06 15:03:17 635224 1239.9629
2019:05:06 15:03:17 636838 810.3661
2019:05:06 15:03:17 638890 818.9082
2019:05:06 15:03:17 640149 1244.5785
2019:05:06 15:03:17 655284 14744.8406
2019:05:06 15:03:17 657753 1642.3836
2019:05:06 15:03:17 659790 1629.7139
2019:05:06 15:03:17 661026 1208.7934
2019:05:06 15:03:17 681362 15992.4179
2019:05:06 15:03:17 682715 1345.2806
2019:05:06 15:03:17 684371 598.8851
2019:05:06 15:03:17 689374 4595.1866
2019:05:06 15:03:17 706485 1115.6648
2019:05:06 15:03:17 708349 1456.8977
2019:05:06 15:03:17 713375 4443.0196
2019:05:06 15:03:17 742529 1168.4187
2019:05:06 15:03:17 744582 1243.8595
2019:05:06 15:03:17 746628 1230.7875
2019:05:06 15:03:17 748256 1616.2992
2019:05:06 15:03:17 749888 1213.8300
2019:05:06 15:03:17 755625 1595.9367
2019:05:06 15:03:17 757694 1245.5322
2019:05:06 15:03:17 768320 2435.1738
2019:05:06 15:03:17 786345 18012.5758
2019:05:06 15:03:17 787991 1243.7291
2019:05:06 15:03:17 790026 1569.6399
2019:05:06 15:03:17 792086 1609.7948
2019:05:06 15:03:17 793728 1226.2762
2019:05:06 15:03:17 810932 16789.8647
2019:05:06 15:03:17 812975 1219.1944
2019:05:06 15:03:17 822011 7808.6779
2019:05:06 15:03:17 824027 1228.3996
2019:05:06 15:03:17 825340 501.0702
2019:05:06 15:03:17 827313 1236.2115
2019:05:06 15:03:17 828951 1232.0951
2019:05:06 15:03:17 835119 1246.3257
2019:05:06 15:03:17 837164 848.5131
2019:05:06 15:03:17 840021 2466.7829
2019:05:06 15:03:17 842462 1632.8394
2019:05:06 15:03:17 844915 1211.0583
2019:05:06 15:03:17 859654 2012.6849
2019:05:06 15:03:17 867033 1620.0505
2019:05:06 15:03:17 870725 3679.7561
2019:05:06 15:03:17 873215 2094.6115
2019:05:06 15:03:17 874411 1186.2889
2019:05:06 15:03:17 876461 823.9821
2019:05:06 15:03:17 878114 1233.0078
2019:05:06 15:03:17 879737 1218.5425
2019:05:06 15:03:17 894485 13919.0778
2019:05:06 15:03:17 896117 1616.1837
2019:05:06 15:03:17 906805 1261.4988
2019:05:06 15:03:17 908391 1579.4449
2019:05:06 15:03:17 910064 851.3816
2019:05:06 15:03:17 912097 1234.6394
2019:05:06 15:03:17 914549 1637.3694
2019:05:06 15:03:17 916596 1216.8922
2019:05:06 15:03:17 929362 12364.6408
2019:05:06 15:03:17 933003 3633.5178
2019:05:06 15:03:17 937902 534.5233
2019:05:06 15:03:17 939955 1394.5065
2019:05:06 15:03:17 945680 4521.6084
2019:05:06 15:03:17 947723 1646.5671
2019:05:06 15:03:17 949773 2015.2070
2019:05:06 15:03:17 952625 2044.3127
2019:05:06 15:03:17 955495 2851.3223
2019:05:06 15:03:17 957132 1227.8445
2019:05:06 15:03:17 959188 1625.8806
2019:05:06 15:03:17 961657 1644.7790
2019:05:06 15:03:17 964519 2055.0638
2019:05:06 15:03:17 966961 1215.5063
2019:05:06 15:03:17 969294 1508.7575
2019:05:06 15:03:17 974754 2027.4483
2019:05:06 15:03:17 976398 1238.0145
2019:05:06 15:03:17 978848 1638.7254
2019:05:06 15:03:17 980083 1220.5392
2019:05:06 15:03:17 982145 1231.3686
2019:05:06 15:03:17 984607 1650.5681
2019:05:06 15:03:17 987034 1619.9388
2019:05:06 15:03:17 989083 2019.9493
2019:05:06 15:03:17 991137 1636.3300
2019:05:06 15:03:17 993177 1634.1396
2019:05:06 15:03:17 995251 1648.7055
2019:05:06 15:03:17 998506 2040.2223
2019:05:06 15:03:18 564 1240.3280
2019:05:06 15:03:18 2611 1631.9603
2019:05:06 15:03:18 5901 2476.3606
2019:05:06 15:03:18 8198 1497.0340
2019:05:06 15:03:18 10813 1652.6245
2019:05:06 15:03:18 12835 1631.3232
2019:05:06 15:03:18 15706 2027.6979
2019:05:06 15:03:18 17758 1645.3564
2019:05:06 15:03:18 19805 1627.4378
2019:05:06 15:03:18 21469 988.5430
2019:05:06 15:03:18 23911 1381.7735
2019:05:06 15:03:18 26771 1230.1542
2019:05:06 15:03:18 28686 689.4767
2019:05:06 15:03:18 31294 829.1453
2019:05:06 15:03:18 33738 1649.7113
2019:05:06 15:03:18 36600 1786.5635
2019:05:06 15:03:18 38651 1776.7772
2019:05:06 15:03:18 40704 1230.8359
2019:05:06 15:03:18 42753 1234.8555
2019:05:06 15:03:18 45620 1646.3585
2019:05:06 15:03:18 48061 2035.2826
2019:05:06 15:03:18 50146 1662.0979
2019:05:06 15:03:18 52170 1638.6621
2019:05:06 15:03:18 54224 1244.2842
2019:05:06 15:03:18 57484 1641.0910
2019:05:06 15:03:18 58724 1220.0549
2019:05:06 15:03:18 60761 1373.4661
2019:05:06 15:03:18 62419 1248.2964
2019:05:06 15:03:18 65275 2044.5324
2019:05:06 15:03:18 67330 1648.9364
2019:05:06 15:03:18 68968 1391.8504
2019:05:06 15:03:18 71010 1612.8309
2019:05:06 15:03:18 73056 1618.1134
2019:05:06 15:03:18 75502 2021.1898
2019:05:06 15:03:18 77147 1364.3429
2019:05:06 15:03:18 77841 684.8648
2019:05:06 15:03:18 79612 827.2864
2019:05:06 15:03:18 81259 842.5936
2019:05:06 15:03:18 82897 972.1220
2019:05:06 15:03:18 84539 827.7036
2019:05:06 15:03:18 86984 970.6877
2019:05:06 15:03:18 88209 1218.0097
2019:05:06 15:03:18 89864 833.6306
2019:05:06 15:03:18 91500 836.7598
2019:05:06 15:03:18 93534 1374.5315
2019:05:06 15:03:18 95584 820.9571
2019:05:06 15:03:18 97235 845.2944
2019:05:06 15:03:18 98891 590.1195
2019:05:06 15:03:18 100494 1218.3040
