
# OSU MPI Allreduce Latency Test v5.6.1
# Size       Avg Latency(us)
4096                11672.47
2019:05:06 15:02:43 456227 827.1672
2019:05:06 15:02:43 457793 789.1469
2019:05:06 15:02:43 459859 789.8211
2019:05:06 15:02:43 461178 1311.3320
2019:05:06 15:02:43 487319 1592.1332
2019:05:06 15:02:43 501902 13767.8646
2019:05:06 15:02:43 503748 1575.8947
2019:05:06 15:02:43 505321 804.0778
2019:05:06 15:02:43 507380 1219.0491
2019:05:06 15:02:43 508204 816.3042
2019:05:06 15:02:43 509434 829.2645
2019:05:06 15:02:43 534831 1112.3978
2019:05:06 15:02:43 535737 891.0336
2019:05:06 15:02:43 536864 835.8210
2019:05:06 15:02:43 549784 12511.3204
2019:05:06 15:02:43 552186 1610.8677
2019:05:06 15:02:43 554235 1122.9515
2019:05:06 15:02:43 556712 770.3714
2019:05:06 15:02:43 593363 36270.4657
2019:05:06 15:02:43 605367 11996.5933
2019:05:06 15:02:43 631230 1647.4947
2019:05:06 15:02:43 632457 819.0274
2019:05:06 15:02:43 645566 12716.5169
2019:05:06 15:02:43 647185 1228.6790
2019:05:06 15:02:43 648210 611.7299
2019:05:06 15:02:43 648838 610.9513
2019:05:06 15:02:43 650057 824.2838
2019:05:06 15:02:43 651679 815.2165
2019:05:06 15:02:43 652315 623.4422
2019:05:06 15:02:43 682256 29330.2648
2019:05:06 15:02:43 713365 31098.5073
2019:05:06 15:02:43 727199 1608.9529
2019:05:06 15:02:43 728017 806.5179
2019:05:06 15:02:43 729244 823.7734
2019:05:06 15:02:43 743582 1430.9995
2019:05:06 15:02:43 744800 826.1167
2019:05:06 15:02:43 745654 843.7186
2019:05:06 15:02:43 746848 819.2956
2019:05:06 15:02:43 747675 817.4293
2019:05:06 15:02:43 748895 823.2109
2019:05:06 15:02:43 773506 24600.8970
2019:05:06 15:02:43 775941 1218.2742
2019:05:06 15:02:43 777171 834.4613
2019:05:06 15:02:43 791928 1897.4580
2019:05:06 15:02:43 792748 805.4152
2019:05:06 15:02:43 794374 1216.8325
2019:05:06 15:02:43 796841 1235.8502
2019:05:06 15:02:43 833371 36130.1750
2019:05:06 15:02:43 857370 19553.7508
2019:05:06 15:02:43 893360 7989.1160
2019:05:06 15:02:43 919049 25682.1923
2019:05:06 15:02:43 920286 838.9615
2019:05:06 15:02:43 921516 839.5799
2019:05:06 15:02:43 969989 24629.3023
2019:05:06 15:02:44 6264 36267.5600
2019:05:06 15:02:44 15020 1225.1213
2019:05:06 15:02:44 16227 828.8100
2019:05:06 15:02:44 17446 818.6363
2019:05:06 15:02:44 37370 19913.4871
2019:05:06 15:02:44 63823 2012.9345
2019:05:06 15:02:44 65069 816.5948
2019:05:06 15:02:44 77794 12714.8367
2019:05:06 15:02:44 79429 1244.7275
2019:05:06 15:02:44 81484 836.7896
2019:05:06 15:02:44 83930 1671.8172
2019:05:06 15:02:44 113681 28944.6861
2019:05:06 15:02:44 150274 36584.4220
2019:05:06 15:02:44 217364 31490.7655
2019:05:06 15:02:44 234251 16877.6475
2019:05:06 15:02:44 272490 2264.6822
2019:05:06 15:02:44 273739 1239.2439
2019:05:06 15:02:44 274968 822.4174
2019:05:06 15:02:44 276187 793.9003
2019:05:06 15:02:44 305884 29269.1290
2019:05:06 15:02:44 385355 43377.0828
2019:05:06 15:02:44 425367 40002.9011
2019:05:06 15:02:44 462320 4954.4647
2019:05:06 15:02:44 464369 1233.2238
2019:05:06 15:02:44 465200 817.2691
2019:05:06 15:02:44 533354 35998.3817
2019:05:06 15:02:44 565367 32001.7114
2019:05:06 15:02:44 629355 33782.5194
2019:05:06 15:02:44 661366 32000.1915
2019:05:06 15:02:44 694724 1364.8011
2019:05:06 15:02:44 695959 802.9491
2019:05:06 15:02:44 697185 801.5446
2019:05:06 15:02:44 725370 28165.7353
2019:05:06 15:02:44 797355 39998.6058
2019:05:06 15:02:44 799592 2228.1669
2019:05:06 15:02:44 801217 813.1079
2019:05:06 15:02:44 802446 802.1370
2019:05:06 15:02:44 803703 844.4786
2019:05:06 15:02:44 837366 33170.2866
2019:05:06 15:02:44 877368 39995.4207
2019:05:06 15:02:44 880837 1604.5421
2019:05:06 15:02:44 917354 36505.3080
2019:05:06 15:02:44 957371 40007.8297
2019:05:06 15:02:45 37361 40003.9293
2019:05:06 15:02:45 38898 1528.7139
2019:05:06 15:02:45 39717 809.3566
2019:05:06 15:02:45 40954 830.8217
2019:05:06 15:02:45 42168 826.7127
2019:05:06 15:02:45 43799 819.3776
2019:05:06 15:02:45 44641 829.7451
2019:05:06 15:02:45 77367 32334.4171
2019:05:06 15:02:45 119059 1698.8181
2019:05:06 15:02:45 120297 841.7666
2019:05:06 15:02:45 157354 36662.8207
2019:05:06 15:02:45 197368 40003.7393
2019:05:06 15:02:45 277359 39998.4941
2019:05:06 15:02:45 279318 1947.4030
2019:05:06 15:02:45 281368 1232.7209
2019:05:06 15:02:45 282609 1215.3164
2019:05:06 15:02:45 284636 1232.6874
2019:05:06 15:02:45 317372 32715.4696
2019:05:06 15:02:45 397356 39992.9136
2019:05:06 15:02:45 401929 4561.2082
2019:05:06 15:02:45 403967 821.6500
2019:05:06 15:02:45 404806 832.0585
2019:05:06 15:02:45 437362 32171.9348
2019:05:06 15:02:45 438550 809.5652
2019:05:06 15:02:45 439768 809.6024
2019:05:06 15:02:45 440613 835.2101
2019:05:06 15:02:45 477358 36351.3045
2019:05:06 15:02:45 517363 39995.7448
2019:05:06 15:02:45 519267 818.5729
2019:05:06 15:02:45 520883 1216.8847
2019:05:06 15:02:45 522537 1237.6122
2019:05:06 15:02:45 523348 793.7774
2019:05:06 15:02:45 524564 820.2903
2019:05:06 15:02:45 557366 32791.8977
2019:05:06 15:02:45 599938 2573.8440
2019:05:06 15:02:45 600772 822.9762
2019:05:06 15:02:45 637375 36215.5475
2019:05:06 15:02:45 717359 39990.3767
2019:05:06 15:02:45 757370 40000.9677
2019:05:06 15:02:45 759664 1225.4082
2019:05:06 15:02:45 762113 1642.6966
2019:05:06 15:02:45 764582 2055.3619
2019:05:06 15:02:45 837361 40003.9181
2019:05:06 15:02:45 839531 2161.3836
2019:05:06 15:02:45 840771 833.0680
2019:05:06 15:02:45 877368 36197.4686
2019:05:06 15:02:45 957356 39997.5218
2019:05:06 15:02:45 997379 40013.2425
2019:05:06 15:02:45 999264 1207.6944
2019:05:06 15:02:46 13367 14093.1718
2019:05:06 15:02:46 93367 40010.1244
2019:05:06 15:02:46 95287 1911.9680
2019:05:06 15:02:46 96485 834.2303
2019:05:06 15:02:46 97704 824.3509
2019:05:06 15:02:46 99338 1627.2366
2019:05:06 15:02:46 100568 821.6612
2019:05:06 15:02:46 133364 32784.6035
2019:05:06 15:02:46 217354 39998.3600
2019:05:06 15:02:46 223243 5879.7635
2019:05:06 15:02:46 224892 838.7677
2019:05:06 15:02:46 257369 32086.7300
2019:05:06 15:02:46 337356 39995.3611
2019:05:06 15:02:46 338237 871.4683
2019:05:06 15:02:46 339491 839.0099
2019:05:06 15:02:46 340694 820.5436
2019:05:06 15:02:46 377360 36264.2519
2019:05:06 15:02:46 382369 5002.0628
2019:05:06 15:02:46 383600 895.2431
2019:05:06 15:02:46 384742 748.2804
2019:05:06 15:02:46 417355 32138.5078
2019:05:06 15:02:46 457367 40001.1167
2019:05:06 15:02:46 463635 1637.1980
2019:05:06 15:02:46 464870 841.0588
2019:05:06 15:02:46 497374 32115.5600
2019:05:06 15:02:46 581355 43997.0307
2019:05:06 15:02:46 621379 40015.3138
2019:05:06 15:02:46 623924 815.4847
2019:05:06 15:02:46 625161 833.3363
2019:05:06 15:02:46 626789 1208.7077
2019:05:06 15:02:46 628020 827.4019
2019:05:06 15:02:46 661364 32536.1528
2019:05:06 15:02:46 701368 39997.9763
2019:05:06 15:02:46 703795 824.5111
2019:05:06 15:02:46 705034 824.4477
2019:05:06 15:02:46 781354 39998.0173
2019:05:06 15:02:46 821371 40006.0676
2019:05:06 15:02:46 863227 1865.5285
2019:05:06 15:02:46 863988 750.1915
2019:05:06 15:02:46 865216 823.5462
2019:05:06 15:02:46 866036 759.4973
2019:05:06 15:02:46 868080 820.3797
2019:05:06 15:02:46 869324 830.1474
2019:05:06 15:02:46 941354 39992.2654
2019:05:06 15:02:46 944183 2821.5572
2019:05:06 15:02:46 945421 830.2517
2019:05:06 15:02:46 959358 1195.4419
2019:05:06 15:02:46 960598 1232.2292
2019:05:06 15:02:46 963457 1491.1033
2019:05:06 15:02:46 964699 1234.4457
2019:05:06 15:02:46 991342 25728.6355
2019:05:06 15:02:46 992927 810.7796
2019:05:06 15:02:47 6888 931.1512
2019:05:06 15:02:47 8110 1214.7576
2019:05:06 15:02:47 10199 1289.2522
2019:05:06 15:02:47 38512 26278.0339
2019:05:06 15:02:47 40529 782.2588
2019:05:06 15:02:47 53885 13026.8931
2019:05:06 15:02:47 55266 1275.6251
2019:05:06 15:02:47 56831 798.3893
2019:05:06 15:02:47 58097 776.2313
2019:05:06 15:02:47 61480 1369.6924
2019:05:06 15:02:47 87389 1607.4888
2019:05:06 15:02:47 88320 923.3318
2019:05:06 15:02:47 101788 13190.2285
2019:05:06 15:02:47 103796 1156.0805
2019:05:06 15:02:47 105834 1154.7059
2019:05:06 15:02:47 107508 765.7334
2019:05:06 15:02:47 108779 910.3753
2019:05:06 15:02:47 140832 32045.5544
2019:05:06 15:02:47 150869 10028.8205
2019:05:06 15:02:47 152902 1063.8423
2019:05:06 15:02:47 154542 1138.8659
2019:05:06 15:02:47 156477 1041.0845
2019:05:06 15:02:47 181966 24976.5441
2019:05:06 15:02:47 184039 1088.1536
2019:05:06 15:02:47 198370 13365.4103
2019:05:06 15:02:47 199884 1506.9060
2019:05:06 15:02:47 201399 1001.9056
2019:05:06 15:02:47 203461 1498.7737
2019:05:06 15:02:47 205464 1384.4445
2019:05:06 15:02:47 231540 1571.9905
2019:05:06 15:02:47 233063 1029.7634
2019:05:06 15:02:47 247665 1979.9918
2019:05:06 15:02:47 249339 1270.8567
2019:05:06 15:02:47 250538 1187.2761
2019:05:06 15:02:47 251951 604.2272
2019:05:06 15:02:47 253421 836.6778
2019:05:06 15:02:47 279561 26131.8013
2019:05:06 15:02:47 293915 13739.2581
2019:05:06 15:02:47 295796 805.1097
2019:05:06 15:02:47 298118 1551.5499
2019:05:06 15:02:47 299142 1016.7994
2019:05:06 15:02:47 301186 980.9583
2019:05:06 15:02:47 327267 26073.1876
2019:05:06 15:02:47 328788 932.4439
2019:05:06 15:02:47 342330 13535.2723
2019:05:06 15:02:47 344414 982.1393
2019:05:06 15:02:47 345488 1066.4426
2019:05:06 15:02:47 347112 636.4658
2019:05:06 15:02:47 349151 1134.8836
2019:05:06 15:02:47 374994 1628.0673
2019:05:06 15:02:47 389741 2200.2123
2019:05:06 15:02:47 390941 805.9591
2019:05:06 15:02:47 392176 847.8202
2019:05:06 15:02:47 393813 838.1344
2019:05:06 15:02:47 395430 819.7501
2019:05:06 15:02:47 396263 825.6473
2019:05:06 15:02:47 422083 25429.0923
2019:05:06 15:02:47 429375 6059.3821
2019:05:06 15:02:47 525355 47998.4842
2019:05:06 15:02:47 573367 48003.2749
2019:05:06 15:02:47 615786 2428.1330
2019:05:06 15:02:47 617011 1215.0109
2019:05:06 15:02:47 705354 51995.8660
2019:05:06 15:02:47 711152 5787.7228
2019:05:06 15:02:47 713187 815.1010
2019:05:06 15:02:47 761363 9332.5451
2019:05:06 15:02:47 789365 27993.5822
2019:05:06 15:02:47 869371 40009.3235
2019:05:06 15:02:47 871890 2511.7807
2019:05:06 15:02:47 873102 829.3986
2019:05:06 15:02:47 874339 836.9051
2019:05:06 15:02:47 875559 828.9963
2019:05:06 15:02:47 876791 835.5752
2019:05:06 15:02:47 909375 32186.6348
2019:05:06 15:02:47 951849 2489.6339
2019:05:06 15:02:47 952681 820.9124
2019:05:06 15:02:47 989365 36280.7587
2019:05:06 15:02:48 69361 40003.8250
2019:05:06 15:02:48 109372 40004.3204
2019:05:06 15:02:48 111476 1225.4864
2019:05:06 15:02:48 112687 818.2302
2019:05:06 15:02:48 129362 16261.7005
2019:05:06 15:02:48 169370 39996.7209
2019:05:06 15:02:48 209914 552.2743
2019:05:06 15:02:48 210742 818.2637
2019:05:06 15:02:48 211958 816.6060
2019:05:06 15:02:48 212789 821.6389
2019:05:06 15:02:48 249368 36178.4883
2019:05:06 15:02:48 298297 4940.9308
2019:05:06 15:02:48 299877 770.1144
2019:05:06 15:02:48 300767 878.8593
2019:05:06 15:02:48 333374 32221.6600
2019:05:06 15:02:48 413353 39997.7975
2019:05:06 15:02:48 414430 1066.1669
2019:05:06 15:02:48 416468 819.6160
2019:05:06 15:02:48 453359 36880.8433
2019:05:06 15:02:48 459444 6074.8197
2019:05:06 15:02:48 460669 821.8698
2019:05:06 15:02:48 493365 32294.1616
2019:05:06 15:02:48 537831 4474.9454
2019:05:06 15:02:48 540260 813.2681
2019:05:06 15:02:48 573365 32697.9123
2019:05:06 15:02:48 653355 39997.2685
2019:05:06 15:02:48 654381 1017.9430
2019:05:06 15:02:48 655995 1218.0321
2019:05:06 15:02:48 656842 833.6231
2019:05:06 15:02:48 693373 36139.2051
2019:05:06 15:02:48 699429 833.1724
2019:05:06 15:02:48 700652 818.6810
2019:05:06 15:02:48 733367 32318.3574
2019:05:06 15:02:48 778168 4802.4878
2019:05:06 15:02:48 779420 879.4628
2019:05:06 15:02:48 780583 764.6158
2019:05:06 15:02:48 813368 32339.0365
2019:05:06 15:02:48 893354 39990.6300
2019:05:06 15:02:48 894608 1244.3699
2019:05:06 15:02:48 895835 802.0960
2019:05:06 15:02:48 896666 821.0763
2019:05:06 15:02:48 933361 36288.5185
2019:05:06 15:02:48 938528 5159.6351
2019:05:06 15:02:48 939730 801.6080
2019:05:06 15:02:48 940951 825.8261
2019:05:06 15:02:48 973379 32417.8934
2019:05:06 15:02:49 18048 4690.7105
2019:05:06 15:02:49 20070 839.3303
2019:05:06 15:02:49 21282 820.6964
2019:05:06 15:02:49 53368 32072.9055
2019:05:06 15:02:49 133354 39996.7022
2019:05:06 15:02:49 134505 1141.6897
2019:05:06 15:02:49 136126 806.3577
2019:05:06 15:02:49 136974 836.7114
2019:05:06 15:02:49 173369 35589.6391
2019:05:06 15:02:49 179252 1611.0279
2019:05:06 15:02:49 180904 1626.7598
2019:05:06 15:02:49 213369 32453.1011
2019:05:06 15:02:49 258293 4934.0315
2019:05:06 15:02:49 259888 807.2332
2019:05:06 15:02:49 260711 804.4839
2019:05:06 15:02:49 293368 32646.5257
2019:05:06 15:02:49 373355 39998.6468
2019:05:06 15:02:49 374491 1126.4198
2019:05:06 15:02:49 376126 823.6356
2019:05:06 15:02:49 409359 32810.0212
2019:05:06 15:02:49 449370 40002.1821
2019:05:06 15:02:49 451884 860.1025
2019:05:06 15:02:49 453092 829.5253
2019:05:06 15:02:49 489365 35880.4576
2019:05:06 15:02:49 569355 39992.0009
2019:05:06 15:02:49 609374 40006.6301
2019:05:06 15:02:49 611327 802.2338
2019:05:06 15:02:49 612549 829.0112
2019:05:06 15:02:49 613781 832.8855
2019:05:06 15:02:49 615411 819.7390
2019:05:06 15:02:49 616234 804.9160
2019:05:06 15:02:49 649363 32721.3965
2019:05:06 15:02:49 690937 1579.5417
2019:05:06 15:02:49 692101 777.5314
2019:05:06 15:02:49 693379 828.7281
2019:05:06 15:02:49 733369 39973.7917
2019:05:06 15:02:49 740067 2042.3234
2019:05:06 15:02:49 740890 811.7668
2019:05:06 15:02:49 773367 32080.8738
2019:05:06 15:02:49 853353 39992.5150
2019:05:06 15:02:49 854652 1289.9265
2019:05:06 15:02:49 855485 815.5555
2019:05:06 15:02:49 856712 827.1262
2019:05:06 15:02:49 893372 36255.5273
2019:05:06 15:02:49 898910 1217.5255
2019:05:06 15:02:49 900116 803.3738
2019:05:06 15:02:49 900947 817.1611
2019:05:06 15:02:49 973354 39998.4829
2019:05:06 15:02:49 979041 5677.6442
2019:05:06 15:02:49 980269 839.2558
2019:05:06 15:02:50 13368 32685.1681
2019:05:06 15:02:50 93355 39997.9800
2019:05:06 15:02:50 94642 1276.6793
2019:05:06 15:02:50 95865 815.2686
2019:05:06 15:02:50 96699 822.3243
2019:05:06 15:02:50 133368 36274.8727
2019:05:06 15:02:50 138819 5442.9807
2019:05:06 15:02:50 140030 815.6598
2019:05:06 15:02:50 140862 820.4840
2019:05:06 15:02:50 173368 32106.0456
2019:05:06 15:02:50 218497 5137.0747
2019:05:06 15:02:50 220136 1218.8032
2019:05:06 15:02:50 253369 32421.8720
2019:05:06 15:02:50 333354 39996.6091
2019:05:06 15:02:50 334226 862.6767
2019:05:06 15:02:50 335881 830.1139
2019:05:06 15:02:50 336692 804.5696
2019:05:06 15:02:50 373361 36267.9586
2019:05:06 15:02:50 378011 4640.8176
2019:05:06 15:02:50 379634 824.6042
2019:05:06 15:02:50 380451 804.9384
2019:05:06 15:02:50 413368 32093.0704
2019:05:06 15:02:50 457714 4359.6141
2019:05:06 15:02:50 459317 1206.1223
2019:05:06 15:02:50 460552 832.9898
2019:05:06 15:02:50 493365 32402.8768
2019:05:06 15:02:50 573354 39998.6096
2019:05:06 15:02:50 574938 1574.3747
2019:05:06 15:02:50 577399 1204.6099
2019:05:06 15:02:50 605371 27958.1994
2019:05:06 15:02:50 650034 4676.4724
2019:05:06 15:02:50 651703 845.2572
2019:05:06 15:02:50 652916 812.5044
2019:05:06 15:02:50 685366 32039.5790
2019:05:06 15:02:50 687869 1610.4057
2019:05:06 15:02:50 689116 834.6960
2019:05:06 15:02:50 725366 35441.9276
2019:05:06 15:02:50 766871 1513.2613
2019:05:06 15:02:50 768935 1232.6054
2019:05:06 15:02:50 805359 36403.6933
2019:05:06 15:02:50 811252 5884.0811
2019:05:06 15:02:50 812479 912.0405
2019:05:06 15:02:50 845355 32475.7919
2019:05:06 15:02:50 885367 40003.5419
2019:05:06 15:02:50 891945 2031.9112
2019:05:06 15:02:50 893190 1230.0164
2019:05:06 15:02:50 965355 39997.7453
2019:05:06 15:02:51 5367 40005.3337
2019:05:06 15:02:51 7581 1646.8056
2019:05:06 15:02:51 8401 808.6339
2019:05:06 15:02:51 45363 36555.6479
2019:05:06 15:02:51 51001 5628.3474
2019:05:06 15:02:51 52225 810.2953
2019:05:06 15:02:51 85369 32723.3486
2019:05:06 15:02:51 130029 4663.9368
2019:05:06 15:02:51 131673 1223.1991
2019:05:06 15:02:51 132900 830.0804
2019:05:06 15:02:51 165367 32060.6492
2019:05:06 15:02:51 245355 39998.4717
2019:05:06 15:02:51 247063 1700.9936
2019:05:06 15:02:51 248701 1221.0794
2019:05:06 15:02:51 285374 36252.5918
2019:05:06 15:02:51 291758 2009.9878
2019:05:06 15:02:51 292602 825.6920
2019:05:06 15:02:51 325371 32750.3383
2019:05:06 15:02:51 370184 4828.3860
2019:05:06 15:02:51 371482 479.4933
2019:05:06 15:02:51 372660 835.1058
2019:05:06 15:02:51 405362 32300.7330
2019:05:06 15:02:51 485355 39998.4047
2019:05:06 15:02:51 486945 1582.0377
2019:05:06 15:02:51 488577 820.1152
2019:05:06 15:02:51 525363 36775.9205
2019:05:06 15:02:51 530440 5069.9078
2019:05:06 15:02:51 532060 812.3964
2019:05:06 15:02:51 532887 805.8064
2019:05:06 15:02:51 565366 32073.9634
2019:05:06 15:02:51 610711 5354.3895
2019:05:06 15:02:51 612336 827.7446
2019:05:06 15:02:51 645365 32637.9091
2019:05:06 15:02:51 725355 39997.3616
2019:05:06 15:02:51 727448 2080.0978
2019:05:06 15:02:51 728696 1204.7067
2019:05:06 15:02:51 765373 36278.3708
2019:05:06 15:02:51 770881 816.4532
2019:05:06 15:02:51 772108 828.9181
2019:05:06 15:02:51 773336 825.9863
2019:05:06 15:02:51 845355 39997.4696
2019:05:06 15:02:51 851155 5792.4762
2019:05:06 15:02:51 852387 823.1401
2019:05:06 15:02:51 885364 32578.8371
2019:05:06 15:02:51 965353 39990.8610
2019:05:06 15:02:51 966948 1582.9802
2019:05:06 15:02:51 968603 823.9448
2019:05:06 15:02:52 5364 35949.7815
2019:05:06 15:02:52 10793 5419.2618
2019:05:06 15:02:52 12433 838.6672
2019:05:06 15:02:52 45354 32521.8178
2019:05:06 15:02:52 85369 40005.5349
2019:05:06 15:02:52 91376 1656.2454
2019:05:06 15:02:52 92492 721.4136
2019:05:06 15:02:52 117367 24377.7186
2019:05:06 15:02:52 169355 23994.0993
2019:05:06 15:02:52 201367 32004.6023
2019:05:06 15:02:52 203862 809.9265
2019:05:06 15:02:52 205095 805.6648
2019:05:06 15:02:52 205934 825.4759
2019:05:06 15:02:52 207958 806.6595
2019:05:06 15:02:52 208803 833.5970
2019:05:06 15:02:52 233370 24169.9144
2019:05:06 15:02:52 235005 803.0385
2019:05:06 15:02:52 236219 804.8229
2019:05:06 15:02:52 237455 807.4194
2019:05:06 15:02:52 265371 27900.8932
2019:05:06 15:02:52 337356 39997.8571
2019:05:06 15:02:52 377381 40017.0162
2019:05:06 15:02:52 419368 2008.4605
2019:05:06 15:02:52 420181 800.3376
2019:05:06 15:02:52 421415 806.4844
2019:05:06 15:02:52 423444 816.1180
2019:05:06 15:02:52 424277 821.8624
2019:05:06 15:02:52 457369 32693.5649
2019:05:06 15:02:52 498965 1602.5342
2019:05:06 15:02:52 500203 771.4443
2019:05:06 15:02:52 537355 36358.6023
2019:05:06 15:02:52 569367 32002.6092
2019:05:06 15:02:52 633362 31989.0939
2019:05:06 15:02:52 665380 32004.6358
2019:05:06 15:02:52 729353 31984.2398
2019:05:06 15:02:52 761379 32017.6706
2019:05:06 15:02:52 857363 40006.1943
2019:05:06 15:02:52 897367 39996.3222
2019:05:06 15:02:52 899354 807.4418
2019:05:06 15:02:52 900177 692.8369
2019:05:06 15:02:52 901409 823.7436
2019:05:06 15:02:52 903852 1230.1244
2019:05:06 15:02:52 904683 821.6426
2019:05:06 15:02:52 937370 32276.3883
2019:05:06 15:02:52 979211 1852.3186
2019:05:06 15:02:52 980465 836.4618
2019:05:06 15:02:53 9367 28098.4975
2019:05:06 15:02:53 15293 1659.0133
2019:05:06 15:02:53 16492 828.3630
2019:05:06 15:02:53 37366 20477.5445
2019:05:06 15:02:53 43163 5789.7717
2019:05:06 15:02:53 44365 805.7393
2019:05:06 15:02:53 69368 24589.7174
2019:05:06 15:02:53 75535 1629.6022
2019:05:06 15:02:53 76760 826.7350
2019:05:06 15:02:53 109370 32599.7472
2019:05:06 15:02:53 197356 47996.6290
2019:05:06 15:02:53 245373 48008.8778
2019:05:06 15:02:53 333356 39998.7102
2019:05:06 15:02:53 334697 1328.5093
2019:05:06 15:02:53 335543 832.5614
2019:05:06 15:02:53 336756 825.9974
2019:05:06 15:02:53 373372 36215.6443
2019:05:06 15:02:53 378555 1225.0021
2019:05:06 15:02:53 379767 815.0190
2019:05:06 15:02:53 380599 822.2312
2019:05:06 15:02:53 401367 20367.3504
2019:05:06 15:02:53 465368 32011.7734
2019:05:06 15:02:53 505363 39987.5417
2019:05:06 15:02:53 507532 1236.0066
2019:05:06 15:02:53 508771 1226.4028
2019:05:06 15:02:53 553365 44191.4536
2019:05:06 15:02:53 555560 834.8674
2019:05:06 15:02:53 556786 837.9482
2019:05:06 15:02:53 601370 43793.7304
2019:05:06 15:02:53 604281 826.5190
2019:05:06 15:02:53 605509 831.3805
2019:05:06 15:02:53 650150 792.7790
2019:05:06 15:02:53 651763 821.5904
2019:05:06 15:02:53 652594 820.4877
2019:05:06 15:02:53 689355 36360.5022
2019:05:06 15:02:53 729373 40008.2394
2019:05:06 15:02:53 762835 1476.1686
2019:05:06 15:02:53 763656 806.0858
2019:05:06 15:02:53 764878 826.5898
2019:05:06 15:02:53 765726 836.1563
2019:05:06 15:02:53 766934 821.7506
2019:05:06 15:02:53 768145 804.7633
2019:05:06 15:02:53 793356 24786.8896
2019:05:06 15:02:53 795632 2268.1318
2019:05:06 15:02:53 796870 817.9173
2019:05:06 15:02:53 865355 39997.6410
2019:05:06 15:02:53 905369 40006.5519
2019:05:06 15:02:53 907378 796.8619
2019:05:06 15:02:53 908205 816.5352
2019:05:06 15:02:53 909428 826.1837
2019:05:06 15:02:53 910255 815.7976
2019:05:06 15:02:53 911470 819.5341
2019:05:06 15:02:53 912326 845.1566
2019:05:06 15:02:53 953356 40656.6821
2019:05:06 15:02:53 955323 1957.2899
2019:05:06 15:02:53 956549 840.2504
2019:05:06 15:02:53 957781 842.4446
2019:05:06 15:02:53 959817 822.2573
2019:05:06 15:02:53 961056 832.7328
2019:05:06 15:02:54 2959 1600.9957
2019:05:06 15:02:54 3763 791.8216
2019:05:06 15:02:54 4996 822.9837
2019:05:06 15:02:54 5814 798.8177
2019:05:06 15:02:54 7045 814.8178
2019:05:06 15:02:54 7842 786.3492
2019:05:06 15:02:54 9088 818.9157
2019:05:06 15:02:54 49595 4237.1228
2019:05:06 15:02:54 51226 1613.8703
2019:05:06 15:02:54 52872 828.0799
2019:05:06 15:02:54 85373 32490.2348
2019:05:06 15:02:54 130258 4900.2171
2019:05:06 15:02:54 131916 825.3790
2019:05:06 15:02:54 161364 28647.1285
2019:05:06 15:02:54 195236 1869.2762
2019:05:06 15:02:54 196889 1643.1585
2019:05:06 15:02:54 198522 1218.8815
2019:05:06 15:02:54 199767 828.7281
2019:05:06 15:02:54 200978 817.5708
2019:05:06 15:02:54 227351 1997.2101
2019:05:06 15:02:54 228968 820.3723
2019:05:06 15:02:54 265356 36371.6856
2019:05:06 15:02:54 313370 47999.0952
2019:05:06 15:02:54 409354 47991.6856
2019:05:06 15:02:54 457372 48009.5670
2019:05:06 15:02:54 529355 31997.7477
2019:05:06 15:02:54 530697 1333.9147
2019:05:06 15:02:54 531913 806.8569
2019:05:06 15:02:54 532740 812.0425
2019:05:06 15:02:54 533986 848.6994
2019:05:06 15:02:54 535622 1233.1009
2019:05:06 15:02:54 536851 831.6860
2019:05:06 15:02:54 564269 2431.3070
2019:05:06 15:02:54 565098 801.0566
2019:05:06 15:02:54 593367 27862.9176
2019:05:06 15:02:54 630926 1570.6457
2019:05:06 15:02:54 632173 833.4331
2019:05:06 15:02:54 669358 36792.9451
2019:05:06 15:02:54 674840 5472.2428
2019:05:06 15:02:54 676082 835.3330
2019:05:06 15:02:54 717355 40862.9179
2019:05:06 15:02:54 723383 6019.8307
2019:05:06 15:02:54 765372 41578.2966
2019:05:06 15:02:54 770344 798.8885
2019:05:06 15:02:54 771933 797.5586
2019:05:06 15:02:54 773170 815.3431
2019:05:06 15:02:54 818254 4895.9292
2019:05:06 15:02:54 819057 750.0909
2019:05:06 15:02:54 820276 824.1907
2019:05:06 15:02:54 821103 817.2132
2019:05:06 15:02:54 893353 39994.8508
2019:05:06 15:02:54 899215 5853.5524
2019:05:06 15:02:54 900428 798.7320
2019:05:06 15:02:54 901255 815.3580
2019:05:06 15:02:54 957358 31995.2741
2019:05:06 15:02:54 962562 5194.4107
2019:05:06 15:02:54 964595 1628.4138
2019:05:06 15:02:54 989368 24745.5649
2019:05:06 15:02:54 994963 1219.1311
2019:05:06 15:02:54 995791 808.0751
2019:05:06 15:02:55 29357 32754.1567
2019:05:06 15:02:55 69370 40004.5961
2019:05:06 15:02:55 165355 47998.0074
2019:05:06 15:02:55 213367 48004.3851
2019:05:06 15:02:55 254449 1085.7359
2019:05:06 15:02:55 255663 815.6486
2019:05:06 15:02:55 256496 818.0365
2019:05:06 15:02:55 293363 36466.9822
2019:05:06 15:02:55 298564 5192.6710
2019:05:06 15:02:55 300601 1209.2441
2019:05:06 15:02:55 325366 24359.8856
2019:05:06 15:02:55 330902 1193.6352
2019:05:06 15:02:55 332126 816.6544
2019:05:06 15:02:55 332953 813.3166
2019:05:06 15:02:55 389361 31998.7200
2019:05:06 15:02:55 394187 4817.7876
2019:05:06 15:02:55 395827 825.0102
2019:05:06 15:02:55 397050 813.6295
2019:05:06 15:02:55 469354 39999.2578
2019:05:06 15:02:55 475927 6562.2889
2019:05:06 15:02:55 517355 40630.1059
2019:05:06 15:02:55 523018 5653.0833
2019:05:06 15:02:55 524661 813.6556
2019:05:06 15:02:55 565365 40694.7844
2019:05:06 15:02:55 570727 1207.3033
2019:05:06 15:02:55 571885 764.8394
2019:05:06 15:02:55 573167 800.2333
2019:05:06 15:02:55 613368 40188.7968
2019:05:06 15:02:55 619466 1626.8156
2019:05:06 15:02:55 620686 829.1118
2019:05:06 15:02:55 653370 32331.3326
2019:05:06 15:02:55 717354 31997.0213
2019:05:06 15:02:55 741371 24007.2981
2019:05:06 15:02:55 777522 4161.5888
2019:05:06 15:02:55 778723 1187.1196
2019:05:06 15:02:55 779953 820.1338
2019:05:06 15:02:55 781181 819.0162
2019:05:06 15:02:55 861354 47993.5259
2019:05:06 15:02:55 909375 48008.6729
2019:05:06 15:02:55 997355 39997.6484
2019:05:06 15:02:56 3658 6293.9748
2019:05:06 15:02:56 5273 806.3428
2019:05:06 15:02:56 37375 32083.2320
2019:05:06 15:02:56 97709 4348.3749
2019:05:06 15:02:56 99724 1227.4981
2019:05:06 15:02:56 100557 809.9675
2019:05:06 15:02:56 173355 35998.6946
2019:05:06 15:02:56 213366 39999.6676
2019:05:06 15:02:56 214850 835.9104
2019:05:06 15:02:56 216067 813.9238
2019:05:06 15:02:56 217295 807.2630
2019:05:06 15:02:56 309355 47997.8919
2019:05:06 15:02:56 311136 1768.8796
2019:05:06 15:02:56 312780 818.0700
2019:05:06 15:02:56 357355 44564.8059
2019:05:06 15:02:56 358252 889.2082
2019:05:06 15:02:56 359876 816.6321
2019:05:06 15:02:56 360707 821.1844
2019:05:06 15:02:56 397357 36252.4800
2019:05:06 15:02:56 402646 5280.2265
2019:05:06 15:02:56 403850 822.5404
2019:05:06 15:02:56 404683 504.9892
2019:05:06 15:02:56 437365 32288.4731
2019:05:06 15:02:56 501354 31998.9100
2019:05:06 15:02:56 502117 751.8381
2019:05:06 15:02:56 503344 822.3392
2019:05:06 15:02:56 504564 824.1124
2019:05:06 15:02:56 505395 821.2887
2019:05:06 15:02:56 573355 39989.1771
2019:05:06 15:02:56 579220 5856.2197
2019:05:06 15:02:56 580047 593.2972
2019:05:06 15:02:56 581267 827.9718
2019:05:06 15:02:56 625921 4565.3097
2019:05:06 15:02:56 627560 846.2965
2019:05:06 15:02:56 628775 818.0253
2019:05:06 15:02:56 669363 40163.2302
2019:05:06 15:02:56 670667 840.8800
2019:05:06 15:02:56 671886 816.9785
2019:05:06 15:02:56 673121 835.2697
2019:05:06 15:02:56 675159 1669.0046
2019:05:06 15:02:56 676380 854.3544
2019:05:06 15:02:56 717354 40560.0332
2019:05:06 15:02:56 765374 48012.3498
2019:05:06 15:02:56 770809 1196.0417
2019:05:06 15:02:56 771634 815.3655
2019:05:06 15:02:56 772853 823.5760
2019:05:06 15:02:56 805371 32508.1944
2019:05:06 15:02:56 865616 4258.9791
2019:05:06 15:02:56 867606 1225.4380
2019:05:06 15:02:56 868648 615.7942
2019:05:06 15:02:56 909367 40112.2160
2019:05:06 15:02:56 915542 2017.0212
2019:05:06 15:02:56 916427 872.9063
2019:05:06 15:02:56 941363 24185.0242
2019:05:06 15:02:56 982007 650.2867
2019:05:06 15:02:56 983244 821.7283
2019:05:06 15:02:56 984472 827.8862
2019:05:06 15:02:57 29355 44481.8623
2019:05:06 15:02:57 30321 957.4890
2019:05:06 15:02:57 31568 809.6732
2019:05:06 15:02:57 32789 817.3771
2019:05:06 15:02:57 77370 44163.1190
2019:05:06 15:02:57 79889 1625.5714
2019:05:06 15:02:57 81134 840.1200
2019:05:06 15:02:57 126133 775.7731
2019:05:06 15:02:57 127373 821.9257
2019:05:06 15:02:57 128995 819.4633
2019:05:06 15:02:57 165359 36340.2255
2019:05:06 15:02:57 170391 5024.4704
2019:05:06 15:02:57 171613 820.5846
2019:05:06 15:02:57 172847 823.5238
2019:05:06 15:02:57 237354 31998.3102
2019:05:06 15:02:57 269373 32010.8831
2019:05:06 15:02:57 271070 1232.7097
2019:05:06 15:02:57 272292 824.0305
2019:05:06 15:02:57 301359 28672.3226
2019:05:06 15:02:57 341365 39996.4973
2019:05:06 15:02:57 347155 1610.6740
2019:05:06 15:02:57 347968 806.4508
2019:05:06 15:02:57 349198 824.4589
2019:05:06 15:02:57 394013 4655.1861
2019:05:06 15:02:57 396067 1237.7836
2019:05:06 15:02:57 441371 44884.4358
2019:05:06 15:02:57 443569 834.6774
2019:05:06 15:02:57 444380 801.2913
2019:05:06 15:02:57 489355 44573.7615
2019:05:06 15:02:57 491567 2202.9914
2019:05:06 15:02:57 492799 826.4966
2019:05:06 15:02:57 569354 39996.9965
2019:05:06 15:02:57 601372 32008.9944
2019:05:06 15:02:57 603424 825.9900
2019:05:06 15:02:57 604645 828.3928
2019:05:06 15:02:57 605874 829.0485
2019:05:06 15:02:57 607925 835.6497
2019:05:06 15:02:57 608754 810.6790
2019:05:06 15:02:57 635368 2013.3406
2019:05:06 15:02:57 636579 808.8797
2019:05:06 15:02:57 665354 28759.7142
2019:05:06 15:02:57 705368 40003.8771
2019:05:06 15:02:57 731249 1642.0595
2019:05:06 15:02:57 732448 829.1006
2019:05:06 15:02:57 733271 667.2628
2019:05:06 15:02:57 813356 47995.0607
2019:05:06 15:02:57 861370 48004.3143
2019:05:06 15:02:57 949355 39997.3132
2019:05:06 15:02:57 989365 39999.7160
2019:05:06 15:02:57 991231 816.5501
2019:05:06 15:02:57 992457 816.6358
2019:05:06 15:02:57 993055 575.4940
2019:05:06 15:02:58 38332 965.1519
2019:05:06 15:02:58 39571 828.5046
2019:05:06 15:02:58 40814 828.6498
2019:05:06 15:02:58 86252 892.6317
2019:05:06 15:02:58 87487 825.7031
2019:05:06 15:02:58 88308 815.6784
2019:05:06 15:02:58 89541 832.8818
2019:05:06 15:02:58 129916 4554.7336
2019:05:06 15:02:58 131538 811.7631
2019:05:06 15:02:58 132751 819.5676
2019:05:06 15:02:58 173365 40603.4961
2019:05:06 15:02:58 178901 1171.5367
2019:05:06 15:02:58 179746 835.6124
2019:05:06 15:02:58 180976 848.6509
2019:05:06 15:02:58 225676 4311.1704
2019:05:06 15:02:58 228067 828.1097
2019:05:06 15:02:58 229304 825.5616
2019:05:06 15:02:58 273867 4508.4022
2019:05:06 15:02:58 275473 828.0575
2019:05:06 15:02:58 276693 828.8547
2019:05:06 15:02:58 329371 52274.4954
2019:05:06 15:02:58 425357 47999.4081
2019:05:06 15:02:58 465368 39997.8608
2019:05:06 15:02:58 467877 813.6742
2019:05:06 15:02:58 469085 820.0705
2019:05:06 15:02:58 470334 1238.9533
2019:05:06 15:02:58 471952 820.3723
2019:05:06 15:02:58 472789 826.0310
2019:05:06 15:02:58 505374 32188.5794
2019:05:06 15:02:58 561535 4176.2255
2019:05:06 15:02:58 563590 2039.1382
2019:05:06 15:02:58 565220 826.3066
2019:05:06 15:02:58 605370 40126.7931
2019:05:06 15:02:58 611511 1602.7577
2019:05:06 15:02:58 612589 1065.8763
2019:05:06 15:02:58 657822 4464.3544
2019:05:06 15:02:58 659431 820.6666
2019:05:06 15:02:58 660669 830.9782
2019:05:06 15:02:58 697367 36307.2753
2019:05:06 15:02:58 738843 1486.5994
2019:05:06 15:02:58 740067 814.6241
2019:05:06 15:02:58 741299 823.8368
2019:05:06 15:02:58 785348 3990.9035
2019:05:06 15:02:58 787380 829.5737
2019:05:06 15:02:58 788604 827.6440
2019:05:06 15:02:58 829368 40363.0659
2019:05:06 15:02:58 835259 1615.9639
2019:05:06 15:02:58 836500 836.7412
2019:05:06 15:02:58 869367 32461.9599
2019:05:06 15:02:58 957354 39994.6906
2019:05:06 15:02:59 5364 47993.9282
2019:05:06 15:02:59 93362 40004.3577
2019:05:06 15:02:59 95054 1677.9378
2019:05:06 15:02:59 96256 1191.4521
2019:05:06 15:02:59 127888 31188.7972
2019:05:06 15:02:59 173366 45470.7779
2019:05:06 15:02:59 261358 39999.1460
2019:05:06 15:02:59 281364 19999.1576
2019:05:06 15:02:59 283377 800.3600
2019:05:06 15:02:59 284597 820.7560
2019:05:06 15:02:59 285835 828.3779
2019:05:06 15:02:59 287053 816.8109
2019:05:06 15:02:59 288281 825.0065
2019:05:06 15:02:59 313366 24683.3451
2019:05:06 15:02:59 316044 1219.5893
2019:05:06 15:02:59 316881 721.6707
2019:05:06 15:02:59 345367 28098.2107
2019:05:06 15:02:59 378389 1031.7415
2019:05:06 15:02:59 379819 815.9876
2019:05:06 15:02:59 380441 607.2819
2019:05:06 15:02:59 381476 839.1179
2019:05:06 15:02:59 382701 822.2871
2019:05:06 15:02:59 383922 828.0501
2019:05:06 15:02:59 385151 827.9718
2019:05:06 15:02:59 411339 1627.2366
2019:05:06 15:02:59 412584 1228.0270
2019:05:06 15:02:59 441365 27966.0374
2019:05:06 15:02:59 442841 1225.4380
2019:05:06 15:02:59 444069 810.8132
2019:05:06 15:02:59 445298 821.1583
2019:05:06 15:02:59 521353 39991.4123
2019:05:06 15:02:59 522826 1462.9662
2019:05:06 15:02:59 524057 824.2726
2019:05:06 15:02:59 525326 463.5602
2019:05:06 15:02:59 527321 1229.9903
2019:05:06 15:02:59 528532 815.1196
2019:05:06 15:02:59 570737 1378.9162
2019:05:06 15:02:59 572794 1652.9635
2019:05:06 15:02:59 574417 817.8391
2019:05:06 15:02:59 575646 810.4667
2019:05:06 15:02:59 576475 819.7501
2019:05:06 15:02:59 617368 40479.2316
2019:05:06 15:02:59 619779 819.2062
2019:05:06 15:02:59 621020 840.2728
2019:05:06 15:02:59 622245 833.2990
2019:05:06 15:02:59 623467 830.2666
2019:05:06 15:02:59 624684 823.6542
2019:05:06 15:02:59 657365 32671.7049
2019:05:06 15:02:59 709355 31991.6122
2019:05:06 15:02:59 715081 5716.3574
2019:05:06 15:02:59 716714 814.7247
2019:05:06 15:02:59 745826 4470.3223
2019:05:06 15:02:59 747454 848.4833
2019:05:06 15:02:59 748675 827.5844
2019:05:06 15:02:59 773368 24287.6410
2019:05:06 15:02:59 810521 5158.4989
2019:05:06 15:02:59 812153 831.2687
2019:05:06 15:02:59 837355 24810.1912
2019:05:06 15:02:59 842858 5493.3727
2019:05:06 15:02:59 844873 815.6002
2019:05:06 15:02:59 877373 32069.7390
2019:05:06 15:02:59 973355 47994.7366
2019:05:06 15:03:00 13365 39999.5074
2019:05:06 15:03:00 54645 1288.5332
2019:05:06 15:03:00 55522 453.8298
2019:05:06 15:03:00 56710 822.7341
2019:05:06 15:03:00 85384 28275.4675
2019:05:06 15:03:00 153356 35997.8154
2019:05:06 15:03:00 185370 32006.5208
2019:05:06 15:03:00 257355 39998.5015
2019:05:06 15:03:00 259163 1800.3844
2019:05:06 15:03:00 260385 824.7197
2019:05:06 15:03:00 261205 809.3268
2019:05:06 15:03:00 302177 4813.9431
2019:05:06 15:03:00 303914 519.8158
2019:05:06 15:03:00 337354 32715.5553
2019:05:06 15:03:00 377367 40000.9714
2019:05:06 15:03:00 384265 2038.2889
2019:05:06 15:03:00 417355 32683.9089
2019:05:06 15:03:00 457368 40003.8622
2019:05:06 15:03:00 498419 1063.3096
2019:05:06 15:03:00 499238 806.1714
2019:05:06 15:03:00 500463 838.1605
2019:05:06 15:03:00 537362 36508.2324
2019:05:06 15:03:00 543481 6112.0205
2019:05:06 15:03:00 545092 822.0524
2019:05:06 15:03:00 577367 32264.5195
2019:05:06 15:03:00 622277 4919.5848
2019:05:06 15:03:00 624327 1181.6509
2019:05:06 15:03:00 649361 24615.4591
2019:05:06 15:03:00 681364 31994.2385
2019:05:06 15:03:00 687047 1200.1060
2019:05:06 15:03:00 687885 828.5046
2019:05:06 15:03:00 689093 818.8672
2019:05:06 15:03:00 713367 24262.3128
2019:05:06 15:03:00 719406 2023.7379
2019:05:06 15:03:00 720287 475.1645
2019:05:06 15:03:00 745354 24716.9435
2019:05:06 15:03:00 781366 36001.4141
2019:05:06 15:03:00 783664 835.6832
2019:05:06 15:03:00 784893 813.4618
2019:05:06 15:03:00 786526 1238.0034
2019:05:06 15:03:00 787750 817.3883
2019:05:06 15:03:00 788591 829.9053
2019:05:06 15:03:00 861355 39994.4037
2019:05:06 15:03:00 863561 2196.7627
2019:05:06 15:03:00 864776 819.7613
2019:05:06 15:03:00 901354 36567.8482
2019:05:06 15:03:00 941371 40007.1889
2019:05:06 15:03:01 21361 39990.7716
2019:05:06 15:03:01 23904 2534.9483
2019:05:06 15:03:01 26776 1931.1942
2019:05:06 15:03:01 28394 1208.6146
2019:05:06 15:03:01 61359 32543.0408
2019:05:06 15:03:01 101369 40000.1332
2019:05:06 15:03:01 104382 1209.9743
2019:05:06 15:03:01 145355 40156.9568
2019:05:06 15:03:01 150611 5246.5238
2019:05:06 15:03:01 151824 791.2479
2019:05:06 15:03:01 153056 814.2851
2019:05:06 15:03:01 225354 39997.3691
2019:05:06 15:03:01 265370 40007.2932
2019:05:06 15:03:01 267119 811.1969
2019:05:06 15:03:01 268373 838.7677
2019:05:06 15:03:01 294981 1623.9807
2019:05:06 15:03:01 297009 818.5841
2019:05:06 15:03:01 333355 36335.9787
2019:05:06 15:03:01 373367 40003.8399
2019:05:06 15:03:01 410314 956.1405
2019:05:06 15:03:01 412630 823.8330
2019:05:06 15:03:01 413463 823.9411
2019:05:06 15:03:01 454339 4978.6903
2019:05:06 15:03:01 455972 862.6990
2019:05:06 15:03:01 457156 794.7050
2019:05:06 15:03:01 529355 39998.2072
2019:05:06 15:03:01 535096 5724.3481
2019:05:06 15:03:01 536330 820.1487
2019:05:06 15:03:01 569372 32644.0223
2019:05:06 15:03:01 649355 39996.4228
2019:05:06 15:03:01 650205 838.9093
2019:05:06 15:03:01 651438 823.5350
2019:05:06 15:03:01 652672 838.4176
2019:05:06 15:03:01 689362 36299.1020
2019:05:06 15:03:01 695693 6321.3371
2019:05:06 15:03:01 729354 33210.9556
2019:05:06 15:03:01 769314 39949.9461
2019:05:06 15:03:01 774965 1214.5080
2019:05:06 15:03:01 776591 1065.3771
2019:05:06 15:03:01 809367 32764.1368
2019:05:06 15:03:01 889355 39993.2861
2019:05:06 15:03:01 890464 1098.4428
2019:05:06 15:03:01 892098 815.5555
2019:05:06 15:03:01 893331 830.2405
2019:05:06 15:03:01 933829 4469.7113
2019:05:06 15:03:01 935849 1229.2303
2019:05:06 15:03:01 937080 827.0219
2019:05:06 15:03:02 9356 39999.9022
2019:05:06 15:03:02 15617 6251.5251
2019:05:06 15:03:02 16470 456.6088
2019:05:06 15:03:02 49365 32494.8020
2019:05:06 15:03:02 125362 39996.5011
2019:05:06 15:03:02 127342 1973.1559
2019:05:06 15:03:02 128591 823.2892
2019:05:06 15:03:02 130245 1250.4980
2019:05:06 15:03:02 131625 596.5568
2019:05:06 15:03:02 201354 39997.0189
2019:05:06 15:03:02 206328 4963.0068
2019:05:06 15:03:02 208350 815.0712
2019:05:06 15:03:02 241370 32693.6878
2019:05:06 15:03:02 274683 1319.9486
2019:05:06 15:03:02 276335 1236.3829
2019:05:06 15:03:02 277171 822.2014
2019:05:06 15:03:02 322214 855.7774
2019:05:06 15:03:02 324256 1236.3680
2019:05:06 15:03:02 361363 36708.0383
2019:05:06 15:03:02 366864 5492.8139
2019:05:06 15:03:02 368501 1213.3718
2019:05:06 15:03:02 401367 32470.4051
2019:05:06 15:03:02 445548 4189.7595
2019:05:06 15:03:02 447562 1128.2191
2019:05:06 15:03:02 448882 813.7673
2019:05:06 15:03:02 481373 32481.3016
2019:05:06 15:03:02 561354 39993.8002
2019:05:06 15:03:02 563573 2207.8753
2019:05:06 15:03:02 564816 832.4273
2019:05:06 15:03:02 598332 33115.7073
2019:05:06 15:03:02 639542 2184.3351
2019:05:06 15:03:02 641590 1635.5887
2019:05:06 15:03:02 717355 39995.2270
2019:05:06 15:03:02 719403 2037.5960
2019:05:06 15:03:02 721067 1236.4574
2019:05:06 15:03:02 761828 4464.7790
2019:05:06 15:03:02 763451 1281.7979
2019:05:06 15:03:02 764669 802.2487
2019:05:06 15:03:02 789378 24292.8825
2019:05:06 15:03:02 857362 40004.5365
2019:05:06 15:03:02 859206 1836.0913
2019:05:06 15:03:02 860455 823.1588
2019:05:06 15:03:02 862086 1227.0994
2019:05:06 15:03:02 863744 1243.4088
2019:05:06 15:03:02 897364 33219.8068
2019:05:06 15:03:02 939092 1735.4600
2019:05:06 15:03:02 939908 804.5547
2019:05:06 15:03:02 941135 828.7206
2019:05:06 15:03:03 17356 39997.7714
2019:05:06 15:03:03 57368 40002.0145
2019:05:06 15:03:03 98136 4763.0817
2019:05:06 15:03:03 99392 1230.1505
2019:05:06 15:03:03 101020 838.8050
2019:05:06 15:03:03 173354 40387.4479
2019:05:06 15:03:03 179181 5818.0541
2019:05:06 15:03:03 180417 821.3036
2019:05:06 15:03:03 213369 32139.0852
2019:05:06 15:03:03 289368 36012.5639
2019:05:06 15:03:03 291513 2138.0968
2019:05:06 15:03:03 292738 821.0391
2019:05:06 15:03:03 309374 16230.8328
2019:05:06 15:03:03 389354 39985.6083
2019:05:06 15:03:03 390624 1257.5500
2019:05:06 15:03:03 392284 447.8954
2019:05:06 15:03:03 429370 36697.0561
2019:05:06 15:03:03 435776 2013.6200
2019:05:06 15:03:03 436613 825.5951
2019:05:06 15:03:03 509354 39997.5739
2019:05:06 15:03:03 515772 6408.6616
2019:05:06 15:03:03 549355 32769.1920
2019:05:06 15:03:03 589379 40014.7252
2019:05:06 15:03:03 630220 863.2280
2019:05:06 15:03:03 632659 1229.6885
2019:05:06 15:03:03 667383 34711.9197
2019:05:06 15:03:03 705367 37976.6971
2019:05:06 15:03:03 708191 1631.7628
2019:05:06 15:03:03 745354 36757.7784
2019:05:06 15:03:03 781373 36009.6581
2019:05:06 15:03:03 817756 4394.6803
2019:05:06 15:03:03 819361 816.1999
2019:05:06 15:03:03 820205 833.9398
2019:05:06 15:03:03 853369 32769.9706
2019:05:06 15:03:03 897711 4354.8830
2019:05:06 15:03:03 900152 2057.2208
2019:05:06 15:03:03 925354 24810.2210
2019:05:06 15:03:03 957373 32011.5760
2019:05:06 15:03:03 963630 2020.3777
2019:05:06 15:03:03 964456 809.2709
2019:05:06 15:03:03 989376 24130.2103
2019:05:06 15:03:03 995375 1625.4149
2019:05:06 15:03:03 996593 826.1763
2019:05:06 15:03:04 21365 24761.4831
2019:05:06 15:03:04 58494 5119.9161
2019:05:06 15:03:04 59719 802.1407
2019:05:06 15:03:04 60549 820.1897
2019:05:06 15:03:04 85370 24421.1517
2019:05:06 15:03:04 91346 1260.7984
2019:05:06 15:03:04 92555 833.7423
2019:05:06 15:03:04 157355 39990.0936
2019:05:06 15:03:04 158895 1530.0773
2019:05:06 15:03:04 160531 816.4160
2019:05:06 15:03:04 197360 36812.5252
2019:05:06 15:03:04 203507 6140.4593
2019:05:06 15:03:04 204723 820.0742
2019:05:06 15:03:04 237367 32633.5914
2019:05:06 15:03:04 293363 20860.5379
2019:05:06 15:03:04 299244 5871.4561
2019:05:06 15:03:04 300481 859.8305
2019:05:06 15:03:04 325365 24491.3734
2019:05:06 15:03:04 331836 2021.1264
2019:05:06 15:03:04 333107 844.6500
2019:05:06 15:03:04 389364 32002.8737
2019:05:06 15:03:04 394955 5584.5901
2019:05:06 15:03:04 396993 1243.6137
2019:05:06 15:03:04 421368 24350.1887
2019:05:06 15:03:04 426482 1214.5154
2019:05:06 15:03:04 428309 1011.5728
2019:05:06 15:03:04 453370 24850.0444
2019:05:06 15:03:04 489419 4054.9077
2019:05:06 15:03:04 491840 2405.4982
2019:05:06 15:03:04 493063 825.6584
2019:05:06 15:03:04 522718 5362.6634
2019:05:06 15:03:04 524759 1224.7562
2019:05:06 15:03:04 557366 32593.5818
2019:05:06 15:03:04 637354 39997.9390
2019:05:06 15:03:04 638723 1357.6001
2019:05:06 15:03:04 640767 817.0009
2019:05:06 15:03:04 677361 36159.7426
2019:05:06 15:03:04 682166 4798.5017
2019:05:06 15:03:04 684151 771.3102
2019:05:06 15:03:04 685026 865.1875
2019:05:06 15:03:04 749356 31998.9622
2019:05:06 15:03:04 777379 28011.5418
2019:05:06 15:03:04 779353 485.6996
2019:05:06 15:03:04 780109 747.0958
2019:05:06 15:03:04 781339 823.8927
2019:05:06 15:03:04 837355 47993.8090
2019:05:06 15:03:04 877368 40001.9027
2019:05:06 15:03:04 878936 1202.0059
2019:05:06 15:03:04 880583 1220.7329
2019:05:06 15:03:04 917368 35972.9826
2019:05:06 15:03:04 923576 1664.6422
2019:05:06 15:03:04 925198 1233.2089
2019:05:06 15:03:04 997355 39998.2557
2019:05:06 15:03:05 37367 40003.4375
2019:05:06 15:03:05 117356 39989.9147
2019:05:06 15:03:05 119346 1980.9380
2019:05:06 15:03:05 120559 806.8383
2019:05:06 15:03:05 157358 35955.3955
2019:05:06 15:03:05 162496 5128.1936
2019:05:06 15:03:05 164293 568.3862
2019:05:06 15:03:05 197371 32833.9562
2019:05:06 15:03:05 241624 4266.8916
2019:05:06 15:03:05 242846 824.1758
2019:05:06 15:03:05 244072 828.7840
2019:05:06 15:03:05 273773 29303.7631
2019:05:06 15:03:05 290400 16616.8399
2019:05:06 15:03:05 292030 817.8726
2019:05:06 15:03:05 292873 830.4492
2019:05:06 15:03:05 309372 16103.9606
2019:05:06 15:03:05 310887 834.7854
2019:05:06 15:03:05 312108 827.9979
2019:05:06 15:03:05 313337 828.9814
2019:05:06 15:03:05 354027 4666.0304
2019:05:06 15:03:05 355651 1220.6621
2019:05:06 15:03:05 356473 816.3117
2019:05:06 15:03:05 389367 32491.9000
2019:05:06 15:03:05 465355 39999.7421
2019:05:06 15:03:05 505369 40000.9230
2019:05:06 15:03:05 547122 1757.5063
2019:05:06 15:03:05 547940 803.5339
2019:05:06 15:03:05 549168 824.0417
2019:05:06 15:03:05 550406 813.9871
2019:05:06 15:03:05 551624 827.0256
2019:05:06 15:03:05 552863 837.8848
2019:05:06 15:03:05 585370 32115.8692
2019:05:06 15:03:05 626526 1170.6054
2019:05:06 15:03:05 627770 841.3754
2019:05:06 15:03:05 628996 835.1281
2019:05:06 15:03:05 665363 35961.1958
2019:05:06 15:03:05 670391 785.8016
2019:05:06 15:03:05 671220 814.3634
2019:05:06 15:03:05 672070 449.4898
2019:05:06 15:03:05 674093 1653.0156
2019:05:06 15:03:05 676545 1214.7650
2019:05:06 15:03:05 709368 32413.8552
2019:05:06 15:03:05 785358 35993.8815
2019:05:06 15:03:05 787610 2242.9191
2019:05:06 15:03:05 788834 826.3700
2019:05:06 15:03:05 809371 20134.3782
2019:05:06 15:03:05 889363 40005.2778
2019:05:06 15:03:05 929375 40003.2662
2019:05:06 15:03:05 931977 1216.5643
2019:05:06 15:03:05 932821 831.7381
2019:05:06 15:03:05 934854 1199.0704
2019:05:06 15:03:05 936065 811.9456
2019:05:06 15:03:05 936900 813.4432
2019:05:06 15:03:05 969372 32069.0945
2019:05:06 15:03:06 11143 1782.2646
2019:05:06 15:03:06 11945 784.1252
2019:05:06 15:03:06 49355 36602.7653
2019:05:06 15:03:06 85373 36006.6257
2019:05:06 15:03:06 125824 466.7565
2019:05:06 15:03:06 127059 823.3786
2019:05:06 15:03:06 127868 802.6883
2019:05:06 15:03:06 128699 822.0077
2019:05:06 15:03:06 169354 40253.3226
2019:05:06 15:03:06 170839 1476.9249
2019:05:06 15:03:06 172078 831.4252
2019:05:06 15:03:06 173319 829.6780
2019:05:06 15:03:06 175747 2020.9439
2019:05:06 15:03:06 176579 797.1227
2019:05:06 15:03:06 209375 32377.8428
2019:05:06 15:03:06 251773 2416.8678
2019:05:06 15:03:06 252604 821.4042
2019:05:06 15:03:06 289371 35960.2645
2019:05:06 15:03:06 369355 39998.9374
2019:05:06 15:03:06 409370 40005.4194
2019:05:06 15:03:06 411857 800.9970
2019:05:06 15:03:06 412684 816.3117
2019:05:06 15:03:06 413924 837.5533
2019:05:06 15:03:06 415266 546.2766
2019:05:06 15:03:06 415965 689.1750
2019:05:06 15:03:06 417190 828.1805
2019:05:06 15:03:06 489357 39997.4585
2019:05:06 15:03:06 491237 1870.9488
2019:05:06 15:03:06 492876 820.1227
2019:05:06 15:03:06 529355 36457.0767
2019:05:06 15:03:06 569372 40009.1000
2019:05:06 15:03:06 641359 31998.4816
2019:05:06 15:03:06 673371 32005.1759
2019:05:06 15:03:06 737359 32000.1692
2019:05:06 15:03:06 769365 32000.1990
2019:05:06 15:03:06 833358 31997.0921
2019:05:06 15:03:06 865375 32010.9650
2019:05:06 15:03:06 875047 808.1011
2019:05:06 15:03:06 875881 824.6638
2019:05:06 15:03:06 877104 828.2699
2019:05:06 15:03:06 945360 36003.1836
2019:05:06 15:03:06 966151 20780.0269
2019:05:06 15:03:06 967442 831.1458
2019:05:06 15:03:06 968665 828.2550
2019:05:06 15:03:07 1380 32312.0616
2019:05:06 15:03:07 57360 27995.0835
2019:05:06 15:03:07 85375 28002.1355
2019:05:06 15:03:07 87194 819.9513
2019:05:06 15:03:07 88429 833.7870
2019:05:06 15:03:07 117370 28145.8832
2019:05:06 15:03:07 177362 32005.4851
2019:05:06 15:03:07 179636 2266.0010
2019:05:06 15:03:07 181128 1235.0902
2019:05:06 15:03:07 183165 1643.0877
2019:05:06 15:03:07 185194 1607.8427
2019:05:06 15:03:07 211003 1648.1578
2019:05:06 15:03:07 212256 848.6323
2019:05:06 15:03:07 241354 28718.8590
2019:05:06 15:03:07 276335 34972.7869
2019:05:06 15:03:07 285373 8374.8028
2019:05:06 15:03:07 307365 2007.7229
2019:05:06 15:03:07 308199 810.8690
2019:05:06 15:03:07 341366 32779.2205
2019:05:06 15:03:07 421355 39990.1159
2019:05:06 15:03:07 422409 1044.2659
2019:05:06 15:03:07 423664 822.7378
2019:05:06 15:03:07 424895 822.3020
2019:05:06 15:03:07 485356 31993.3407
2019:05:06 15:03:07 517368 32001.4209
2019:05:06 15:03:07 518562 840.5931
2019:05:06 15:03:07 519788 839.9151
2019:05:06 15:03:07 521018 840.3100
2019:05:06 15:03:07 549366 27957.5251
2019:05:06 15:03:07 613355 31998.0793
2019:05:06 15:03:07 614893 1526.8438
2019:05:06 15:03:07 616111 828.3556
2019:05:06 15:03:07 617327 815.1792
2019:05:06 15:03:07 645371 28034.3480
2019:05:06 15:03:07 717355 39997.6820
2019:05:06 15:03:07 757370 40005.7696
2019:05:06 15:03:07 833355 31996.6301
2019:05:06 15:03:07 865367 32004.8258
2019:05:06 15:03:07 870720 1248.6950
2019:05:06 15:03:07 871934 839.8816
2019:05:06 15:03:07 873158 825.1891
2019:05:06 15:03:07 929361 32001.2495
2019:05:06 15:03:07 932118 2747.3532
2019:05:06 15:03:07 933353 832.5092
2019:05:06 15:03:07 993355 31998.2022
2019:05:06 15:03:07 995496 2134.1480
2019:05:06 15:03:07 996726 830.1847
2019:05:06 15:03:07 997559 827.6068
2019:05:06 15:03:07 998767 818.8710
2019:05:06 15:03:07 999597 819.9215
2019:05:06 15:03:08 815 824.4365
2019:05:06 15:03:08 25365 24539.9214
2019:05:06 15:03:08 31253 1256.4361
2019:05:06 15:03:08 32072 811.9904
2019:05:06 15:03:08 33292 834.1074
2019:05:06 15:03:08 67307 1949.5711
2019:05:06 15:03:08 68520 1192.9944
2019:05:06 15:03:08 69747 839.6320
2019:05:06 15:03:08 71787 1650.5718
2019:05:06 15:03:08 73028 836.3873
2019:05:06 15:03:08 102524 1167.2117
2019:05:06 15:03:08 104134 820.6703
2019:05:06 15:03:08 105375 834.7817
2019:05:06 15:03:08 107406 1626.6406
2019:05:06 15:03:08 108651 815.2388
2019:05:06 15:03:08 139349 30284.7661
2019:05:06 15:03:08 140249 484.7720
2019:05:06 15:03:08 141416 826.7462
2019:05:06 15:03:08 143038 821.5941
2019:05:06 15:03:08 143867 819.5266
2019:05:06 15:03:08 145096 827.8526
2019:05:06 15:03:08 178260 904.3887
2019:05:06 15:03:08 179914 826.3662
2019:05:06 15:03:08 181159 833.4592
2019:05:06 15:03:08 183610 1240.7824
2019:05:06 15:03:08 184827 807.4045
2019:05:06 15:03:08 211037 25801.1706
2019:05:06 15:03:08 212261 813.0372
2019:05:06 15:03:08 213505 1233.8795
2019:05:06 15:03:08 215150 829.8047
2019:05:06 15:03:08 216762 1201.0261
2019:05:06 15:03:08 241371 24593.7519
2019:05:06 15:03:08 243658 1240.8607
2019:05:06 15:03:08 244868 821.5308
2019:05:06 15:03:08 273360 28480.0492
2019:05:06 15:03:08 274539 1173.9768
2019:05:06 15:03:08 276170 1223.6722
2019:05:06 15:03:08 297362 20779.6320
2019:05:06 15:03:08 298271 903.4276
2019:05:06 15:03:08 299475 809.6285
2019:05:06 15:03:08 300309 814.9259
2019:05:06 15:03:08 313355 12647.3010
2019:05:06 15:03:08 342084 4724.1747
2019:05:06 15:03:08 344137 1628.4548
2019:05:06 15:03:08 369365 24828.8326
2019:05:06 15:03:08 374827 1212.9247
2019:05:06 15:03:08 376444 817.1163
2019:05:06 15:03:08 401363 24908.5948
2019:05:06 15:03:08 433369 31997.9452
2019:05:06 15:03:08 469625 4264.9135
2019:05:06 15:03:08 471244 1226.2724
2019:05:06 15:03:08 472481 1202.4119
2019:05:06 15:03:08 505355 32476.6450
2019:05:06 15:03:08 545366 40003.0799
2019:05:06 15:03:08 625355 39998.6394
2019:05:06 15:03:08 631122 5756.7246
2019:05:06 15:03:08 632751 1197.6957
2019:05:06 15:03:08 657369 24199.3703
2019:05:06 15:03:08 679047 1681.6296
2019:05:06 15:03:08 679885 832.0473
2019:05:06 15:03:08 693371 12701.6529
2019:05:06 15:03:08 753364 40002.9160
2019:05:06 15:03:08 793373 39997.1530
2019:05:06 15:03:08 873354 39995.9311
2019:05:06 15:03:08 913371 40007.6546
2019:05:06 15:03:08 977361 31999.6588
2019:05:06 15:03:09 9377 32004.9115
2019:05:06 15:03:09 39910 2541.1248
2019:05:06 15:03:09 41127 1193.0279
2019:05:06 15:03:09 43178 1635.1081
2019:05:06 15:03:09 44836 1243.9005
2019:05:06 15:03:09 74335 29116.6306
2019:05:06 15:03:09 75954 1226.5630
2019:05:06 15:03:09 101368 24616.3495
2019:05:06 15:03:09 173355 39997.6708
2019:05:06 15:03:09 213378 40013.2872
2019:05:06 15:03:09 219736 2015.1325
2019:05:06 15:03:09 253375 33235.9709
2019:05:06 15:03:09 259142 1565.6166
2019:05:06 15:03:09 261199 1653.6787
2019:05:06 15:03:09 294378 1019.6045
2019:05:06 15:03:09 296408 1648.2659
2019:05:06 15:03:09 333375 36939.6955
2019:05:06 15:03:09 334923 1537.8669
2019:05:06 15:03:09 336543 814.2181
2019:05:06 15:03:09 337375 822.7974
2019:05:06 15:03:09 409356 35997.6329
2019:05:06 15:03:09 441372 32006.1743
2019:05:06 15:03:09 443310 1219.1869
2019:05:06 15:03:09 444535 828.1618
2019:05:06 15:03:09 473355 28418.5819
2019:05:06 15:03:09 478136 4773.3635
2019:05:06 15:03:09 479765 799.3355
2019:05:06 15:03:09 480980 821.2589
2019:05:06 15:03:09 505364 24367.5895
2019:05:06 15:03:09 569359 31996.1905
2019:05:06 15:03:09 571214 1845.0357
2019:05:06 15:03:09 572446 1214.9066
2019:05:06 15:03:09 601563 29105.1567
2019:05:06 15:03:09 603181 811.5992
2019:05:06 15:03:09 604403 827.0890
2019:05:06 15:03:09 605248 598.5238
2019:05:06 15:03:09 607271 1640.4092
2019:05:06 15:03:09 608509 829.3167
2019:05:06 15:03:09 665354 56454.9677
2019:05:06 15:03:09 669709 4348.0508
2019:05:06 15:03:09 670943 853.2144
2019:05:06 15:03:09 672531 817.7683
2019:05:06 15:03:09 701367 28423.6558
2019:05:06 15:03:09 734842 1483.0865
2019:05:06 15:03:09 735655 806.7563
2019:05:06 15:03:09 736869 816.4831
2019:05:06 15:03:09 737732 852.5364
2019:05:06 15:03:09 739737 820.6740
2019:05:06 15:03:09 740582 834.6625
2019:05:06 15:03:09 765579 24609.6216
2019:05:06 15:03:09 767606 1221.7797
2019:05:06 15:03:09 768846 1219.8351
2019:05:06 15:03:09 789372 19722.4021
2019:05:06 15:03:09 791446 822.8980
2019:05:06 15:03:09 792258 801.2690
2019:05:06 15:03:09 821363 28685.2419
2019:05:06 15:03:09 822998 1627.9556
2019:05:06 15:03:09 824677 837.3894
2019:05:06 15:03:09 827088 2065.2190
2019:05:06 15:03:09 828346 832.8781
2019:05:06 15:03:09 885355 56608.0138
2019:05:06 15:03:09 917367 32001.8232
2019:05:06 15:03:09 981359 31995.3524
2019:05:06 15:03:09 983393 2023.9539
2019:05:06 15:03:09 984504 714.1046
2019:05:06 15:03:10 17899 33291.2207
2019:05:06 15:03:10 19122 1208.0297
2019:05:06 15:03:10 20336 802.4387
2019:05:06 15:03:10 45354 24593.2676
2019:05:06 15:03:10 49852 4487.8945
2019:05:06 15:03:10 51904 847.9208
2019:05:06 15:03:10 77357 24658.4266
2019:05:06 15:03:10 78948 1580.9834
2019:05:06 15:03:10 80973 1238.0481
2019:05:06 15:03:10 109371 27579.5646
2019:05:06 15:03:10 111295 1224.9574
2019:05:06 15:03:10 112527 824.9693
2019:05:06 15:03:10 141363 28643.0046
2019:05:06 15:03:10 173369 31998.6716
2019:05:06 15:03:10 237354 31994.0224
2019:05:06 15:03:10 269369 32005.4963
2019:05:06 15:03:10 333361 31996.6525
2019:05:06 15:03:10 365385 32015.2827
2019:05:06 15:03:10 367179 1193.4862
2019:05:06 15:03:10 368014 823.1550
2019:05:06 15:03:10 369243 826.9101
2019:05:06 15:03:10 397916 554.4759
2019:05:06 15:03:10 398746 820.0370
2019:05:06 15:03:10 399968 833.1537
2019:05:06 15:03:10 401190 821.2365
2019:05:06 15:03:10 402835 1207.2995
2019:05:06 15:03:10 404460 807.2890
2019:05:06 15:03:10 429469 24995.6027
2019:05:06 15:03:10 431491 1212.0605
2019:05:06 15:03:10 432373 465.0168
2019:05:06 15:03:10 433582 854.3059
2019:05:06 15:03:10 436427 817.1313
2019:05:06 15:03:10 437260 815.4102
2019:05:06 15:03:10 465926 4568.7780
2019:05:06 15:03:10 467979 1235.6080
2019:05:06 15:03:10 493354 24562.5898
2019:05:06 15:03:10 525366 32002.9892
2019:05:06 15:03:10 559378 2021.6815
2019:05:06 15:03:10 560598 1198.0645
2019:05:06 15:03:10 589354 28338.0859
2019:05:06 15:03:10 619387 30026.0037
2019:05:06 15:03:10 628050 797.4952
2019:05:06 15:03:10 628882 816.8928
2019:05:06 15:03:10 653371 24086.2370
2019:05:06 15:03:10 658972 1217.9762
2019:05:06 15:03:10 660180 811.4986
2019:05:06 15:03:10 661010 813.3240
2019:05:06 15:03:10 689809 4452.8954
2019:05:06 15:03:10 691442 1246.2810
2019:05:06 15:03:10 692665 828.3406
2019:05:06 15:03:10 717368 24302.8067
2019:05:06 15:03:10 750629 1265.3843
2019:05:06 15:03:10 751839 824.7755
2019:05:06 15:03:10 753081 835.1766
2019:05:06 15:03:10 781374 27896.8289
2019:05:06 15:03:10 783723 796.2286
2019:05:06 15:03:10 784577 842.8097
2019:05:06 15:03:10 786602 1647.6922
2019:05:06 15:03:10 787831 823.2370
2019:05:06 15:03:10 789053 827.4727
2019:05:06 15:03:10 813606 24542.1417
2019:05:06 15:03:10 815637 793.5502
2019:05:06 15:03:10 816860 827.7483
2019:05:06 15:03:10 818077 816.4644
2019:05:06 15:03:10 819305 821.4489
2019:05:06 15:03:10 820137 821.7394
2019:05:06 15:03:10 820978 711.9961
2019:05:06 15:03:10 850505 5146.9617
2019:05:06 15:03:10 852538 806.2832
2019:05:06 15:03:10 877368 24819.2288
2019:05:06 15:03:10 941355 31998.3810
2019:05:06 15:03:10 973373 32010.2088
2019:05:06 15:03:11 7462 1633.3573
2019:05:06 15:03:11 8671 1052.4206
2019:05:06 15:03:11 9500 816.2297
2019:05:06 15:03:11 10738 840.5037
2019:05:06 15:03:11 11957 826.8617
2019:05:06 15:03:11 13197 842.8805
2019:05:06 15:03:11 38816 1447.4317
2019:05:06 15:03:11 40049 805.6201
2019:05:06 15:03:11 40877 812.6535
2019:05:06 15:03:11 69360 28087.6346
2019:05:06 15:03:11 101370 32000.9887
2019:05:06 15:03:11 137609 4246.2610
2019:05:06 15:03:11 139664 1233.9465
2019:05:06 15:03:11 141290 1223.4375
2019:05:06 15:03:11 165364 24044.3870
2019:05:06 15:03:11 171626 2023.0636
2019:05:06 15:03:11 172862 1224.8196
2019:05:06 15:03:11 197366 24487.2533
2019:05:06 15:03:11 230499 1135.2636
2019:05:06 15:03:11 231320 811.2080
2019:05:06 15:03:11 232548 828.2997
2019:05:06 15:03:11 261361 28416.1232
2019:05:06 15:03:11 262415 1047.3840
2019:05:06 15:03:11 264036 819.0237
2019:05:06 15:03:11 264865 818.2488
2019:05:06 15:03:11 266506 1239.9927
2019:05:06 15:03:11 268943 816.4309
2019:05:06 15:03:11 293534 24580.5569
2019:05:06 15:03:11 295997 813.8642
2019:05:06 15:03:11 297219 820.0072
2019:05:06 15:03:11 298864 1202.6057
2019:05:06 15:03:11 300482 805.8548
2019:05:06 15:03:11 325355 24453.9417
2019:05:06 15:03:11 330830 5465.2095
2019:05:06 15:03:11 332502 805.9479
2019:05:06 15:03:11 357354 24481.6765
2019:05:06 15:03:11 389374 32010.5478
2019:05:06 15:03:11 453359 32000.8285
2019:05:06 15:03:11 485373 32006.6474
2019:05:06 15:03:11 549360 31997.0064
2019:05:06 15:03:11 581376 32006.8076
2019:05:06 15:03:11 613370 24118.4160
2019:05:06 15:03:11 693356 39985.8020
2019:05:06 15:03:11 695345 1978.8779
2019:05:06 15:03:11 696591 834.1111
2019:05:06 15:03:11 699432 2030.4434
2019:05:06 15:03:11 701079 1230.2585
2019:05:06 15:03:11 777357 39992.7646
2019:05:06 15:03:11 817382 40015.3063
2019:05:06 15:03:11 889361 32003.3357
2019:05:06 15:03:11 921370 32001.3277
2019:05:06 15:03:11 985361 32001.6854
2019:05:06 15:03:11 986254 884.6261
2019:05:06 15:03:11 987889 817.4144
2019:05:06 15:03:12 17360 28660.6885
2019:05:06 15:03:12 53370 36002.7738
2019:05:06 15:03:12 59194 1214.1615
2019:05:06 15:03:12 60011 807.9931
2019:05:06 15:03:12 61251 827.1039
2019:05:06 15:03:12 125356 39998.3041
2019:05:06 15:03:12 165372 40006.9468
2019:05:06 15:03:12 207037 1675.3897
2019:05:06 15:03:12 208245 814.1175
2019:05:06 15:03:12 209482 824.1124
2019:05:06 15:03:12 211108 796.9588
2019:05:06 15:03:12 211941 823.7846
2019:05:06 15:03:12 212755 803.8431
2019:05:06 15:03:12 245372 32216.8954
2019:05:06 15:03:12 252490 816.1813
2019:05:06 15:03:12 285360 32857.7794
2019:05:06 15:03:12 291093 5722.9139
2019:05:06 15:03:12 292321 807.6839
2019:05:06 15:03:12 325367 32640.5764
2019:05:06 15:03:12 328753 1623.1425
2019:05:06 15:03:12 330006 1242.2465
2019:05:06 15:03:12 331620 821.2775
2019:05:06 15:03:12 332439 797.9646
2019:05:06 15:03:12 333265 807.7696
2019:05:06 15:03:12 366033 674.9146
2019:05:06 15:03:12 366861 816.5091
2019:05:06 15:03:12 368081 828.0016
2019:05:06 15:03:12 369309 827.5546
2019:05:06 15:03:12 372170 1231.0594
2019:05:06 15:03:12 397366 24784.0546
2019:05:06 15:03:12 400020 807.6318
2019:05:06 15:03:12 401266 832.7253
2019:05:06 15:03:12 402911 1215.9795
2019:05:06 15:03:12 404941 1617.2491
2019:05:06 15:03:12 429367 24408.8061
2019:05:06 15:03:12 435548 2022.4266
2019:05:06 15:03:12 436371 812.3852
2019:05:06 15:03:12 461368 24594.3330
2019:05:06 15:03:12 525362 31999.2900
2019:05:06 15:03:12 530537 5167.7078
2019:05:06 15:03:12 531765 811.9270
2019:05:06 15:03:12 532996 828.4338
2019:05:06 15:03:12 561759 4400.0670
2019:05:06 15:03:12 563205 1433.4172
2019:05:06 15:03:12 564035 622.8983
2019:05:06 15:03:12 597356 32525.6325
2019:05:06 15:03:12 637369 40005.0841
2019:05:06 15:03:12 701355 23999.9592
2019:05:06 15:03:12 733366 32001.2271
2019:05:06 15:03:12 735603 793.0137
2019:05:06 15:03:12 736438 824.0193
2019:05:06 15:03:12 737677 839.5426
2019:05:06 15:03:12 738503 815.1270
2019:05:06 15:03:12 740527 1166.5896
2019:05:06 15:03:12 773365 32426.7037
2019:05:06 15:03:12 814001 642.9218
2019:05:06 15:03:12 815675 447.5601
2019:05:06 15:03:12 817293 1241.5461
2019:05:06 15:03:12 854666 1310.8365
2019:05:06 15:03:12 855485 804.6068
2019:05:06 15:03:12 856684 817.5820
2019:05:06 15:03:12 858333 1216.5122
2019:05:06 15:03:12 859973 1606.8108
2019:05:06 15:03:12 885365 24581.8943
2019:05:06 15:03:12 891925 2022.4713
2019:05:06 15:03:12 893149 823.7660
2019:05:06 15:03:12 918137 779.8150
2019:05:06 15:03:12 919360 824.5669
2019:05:06 15:03:12 920181 810.6679
2019:05:06 15:03:12 921433 844.4339
2019:05:06 15:03:12 923055 822.3057
2019:05:06 15:03:12 924274 828.1842
2019:05:06 15:03:12 925508 833.4219
2019:05:06 15:03:12 961949 8592.9558
2019:05:06 15:03:12 963185 813.4246
2019:05:06 15:03:12 964041 456.7355
2019:05:06 15:03:12 965231 827.2976
2019:05:06 15:03:12 990450 1093.9948
2019:05:06 15:03:12 991286 823.7027
2019:05:06 15:03:12 992507 1084.2234
2019:05:06 15:03:12 994152 1245.1373
2019:05:06 15:03:12 995389 821.4712
2019:05:06 15:03:12 996605 1085.6874
2019:05:06 15:03:13 25354 28345.1714
2019:05:06 15:03:13 34720 9356.7595
2019:05:06 15:03:13 36365 1222.2379
2019:05:06 15:03:13 62422 1059.7408
2019:05:06 15:03:13 64884 1230.0722
2019:05:06 15:03:13 66120 1213.8858
2019:05:06 15:03:13 68977 1644.2724
2019:05:06 15:03:13 109356 39972.3500
2019:05:06 15:03:13 141378 32011.3041
2019:05:06 15:03:13 150907 1207.9217
2019:05:06 15:03:13 152530 1225.3821
2019:05:06 15:03:13 193367 40818.4230
2019:05:06 15:03:13 234394 1038.8531
2019:05:06 15:03:13 236065 1657.6685
2019:05:06 15:03:13 265358 28900.7388
2019:05:06 15:03:13 266831 1466.3376
2019:05:06 15:03:13 268070 825.9453
2019:05:06 15:03:13 269297 827.1411
2019:05:06 15:03:13 270940 1237.5489
2019:05:06 15:03:13 272175 829.1043
2019:05:06 15:03:13 301365 28781.9579
2019:05:06 15:03:13 303708 1628.2760
2019:05:06 15:03:13 306563 2041.2989
2019:05:06 15:03:13 308216 1215.3201
2019:05:06 15:03:13 309432 1136.3402
2019:05:06 15:03:13 339328 1963.6825
2019:05:06 15:03:13 340979 1481.3319
2019:05:06 15:03:13 343434 2037.7971
2019:05:06 15:03:13 344255 670.9956
2019:05:06 15:03:13 345484 832.6992
2019:05:06 15:03:13 374192 829.0708
2019:05:06 15:03:13 375415 809.8222
2019:05:06 15:03:13 376247 821.3371
2019:05:06 15:03:13 377480 832.3230
2019:05:06 15:03:13 379106 804.7409
2019:05:06 15:03:13 380335 810.6753
2019:05:06 15:03:13 417367 37013.0353
2019:05:06 15:03:13 453382 36004.6998
2019:05:06 15:03:13 553359 39994.6906
2019:05:06 15:03:13 593382 40008.1240
2019:05:06 15:03:13 665362 31997.6844
2019:05:06 15:03:13 701388 36013.9124
2019:05:06 15:03:13 703203 1214.0311
2019:05:06 15:03:13 704035 817.5634
2019:05:06 15:03:13 705266 806.4546
2019:05:06 15:03:13 781364 39992.1946
2019:05:06 15:03:13 813399 32019.3097
2019:05:06 15:03:13 816276 1212.2765
2019:05:06 15:03:13 817919 1250.9860
2019:05:06 15:03:13 819549 830.1176
2019:05:06 15:03:13 820789 845.3354
2019:05:06 15:03:13 845388 24221.7556
2019:05:06 15:03:13 851422 1594.2715
2019:05:06 15:03:13 852652 824.2168
2019:05:06 15:03:13 854284 1213.8933
2019:05:06 15:03:13 855502 793.3788
2019:05:06 15:03:13 881371 25049.3176
2019:05:06 15:03:13 886680 5294.0622
2019:05:06 15:03:13 888277 809.0213
2019:05:06 15:03:13 889498 817.5857
2019:05:06 15:03:13 891979 1242.0155
2019:05:06 15:03:13 893212 843.0630
2019:05:06 15:03:13 921413 4049.4576
2019:05:06 15:03:13 923032 841.5021
2019:05:06 15:03:13 924266 822.8868
2019:05:06 15:03:13 925938 1272.4921
2019:05:06 15:03:13 927941 1237.7277
2019:05:06 15:03:13 929155 825.0736
2019:05:06 15:03:13 981359 31995.9037
2019:05:06 15:03:14 13378 32007.1802
2019:05:06 15:03:14 93371 40008.2991
2019:05:06 15:03:14 133377 39995.2903
2019:05:06 15:03:14 139310 1632.4706
2019:05:06 15:03:14 140907 812.0388
2019:05:06 15:03:14 173379 32454.5912
2019:05:06 15:03:14 176436 1087.4011
2019:05:06 15:03:14 177809 1273.2558
2019:05:06 15:03:14 179829 1606.4234
2019:05:06 15:03:14 205383 24838.8164
2019:05:06 15:03:14 211246 1505.1998
2019:05:06 15:03:14 213300 1122.9850
2019:05:06 15:03:14 249382 36064.7626
2019:05:06 15:03:14 250848 815.1755
2019:05:06 15:03:14 251339 471.3126
2019:05:06 15:03:14 252893 813.9126
2019:05:06 15:03:14 293389 40477.8272
2019:05:06 15:03:14 325382 31980.7269
2019:05:06 15:03:14 328095 1620.4827
2019:05:06 15:03:14 329184 680.1337
2019:05:06 15:03:14 357384 28070.7143
2019:05:06 15:03:14 359904 1507.1966
2019:05:06 15:03:14 360867 947.9597
2019:05:06 15:03:14 362483 807.9223
2019:05:06 15:03:14 363738 821.0763
2019:05:06 15:03:14 364577 577.7702
2019:05:06 15:03:14 389976 24994.4143
2019:05:06 15:03:14 392817 835.1803
2019:05:06 15:03:14 394106 875.3426
2019:05:06 15:03:14 395686 841.6027
2019:05:06 15:03:14 396921 1215.4505
2019:05:06 15:03:14 398169 828.5418
2019:05:06 15:03:14 400603 829.5998
2019:05:06 15:03:14 427232 26233.4272
2019:05:06 15:03:14 428843 1186.7136
2019:05:06 15:03:14 430090 1229.4129
2019:05:06 15:03:14 431741 1243.7329
2019:05:06 15:03:14 433785 1235.8874
2019:05:06 15:03:14 435834 1645.0807
2019:05:06 15:03:14 437091 841.0439
2019:05:06 15:03:14 463662 2301.4322
2019:05:06 15:03:14 464296 616.1518
2019:05:06 15:03:14 465708 817.5150
2019:05:06 15:03:14 466530 804.5733
2019:05:06 15:03:14 467754 820.8118
2019:05:06 15:03:14 468390 619.1209
2019:05:06 15:03:14 469829 843.2567
2019:05:06 15:03:14 471470 853.4044
2019:05:06 15:03:14 472710 855.7700
2019:05:06 15:03:14 497972 24894.5989
2019:05:06 15:03:14 500382 1237.9847
2019:05:06 15:03:14 501210 812.4523
2019:05:06 15:03:14 503311 1655.8655
2019:05:06 15:03:14 504513 813.4283
2019:05:06 15:03:14 505363 834.1856
2019:05:06 15:03:14 506581 821.1136
2019:05:06 15:03:14 507810 833.6566
2019:05:06 15:03:14 509038 833.4555
2019:05:06 15:03:14 535266 1907.6429
2019:05:06 15:03:14 536093 808.9095
2019:05:06 15:03:14 537712 1236.1743
2019:05:06 15:03:14 538972 1241.8404
2019:05:06 15:03:14 540188 850.5955
2019:05:06 15:03:14 541396 832.2336
2019:05:06 15:03:14 543438 830.8664
2019:05:06 15:03:14 544260 812.9813
2019:05:06 15:03:14 585361 40704.4664
2019:05:06 15:03:14 617378 32002.2739
2019:05:06 15:03:14 697361 39998.3190
2019:05:06 15:03:14 729384 32009.7730
2019:05:06 15:03:14 801367 39992.5858
2019:05:06 15:03:14 833393 32012.4775
2019:05:06 15:03:14 866446 1070.4882
2019:05:06 15:03:14 867678 831.4773
2019:05:06 15:03:14 868934 849.6046
2019:05:06 15:03:14 897994 620.3018
2019:05:06 15:03:14 899612 821.9853
2019:05:06 15:03:14 900439 809.9303
2019:05:06 15:03:14 902090 1255.0168
2019:05:06 15:03:14 903739 846.4605
2019:05:06 15:03:14 929374 25259.9083
2019:05:06 15:03:14 932193 802.9677
2019:05:06 15:03:14 933421 807.1885
2019:05:06 15:03:14 934658 833.5486
2019:05:06 15:03:14 935568 518.6275
2019:05:06 15:03:14 936701 830.1958
2019:05:06 15:03:14 937956 855.5204
2019:05:06 15:03:14 939168 838.3468
2019:05:06 15:03:14 940388 735.0929
2019:05:06 15:03:14 965812 25021.2215
2019:05:06 15:03:14 967886 859.3909
2019:05:06 15:03:14 970310 1987.0810
2019:05:06 15:03:14 971964 844.0390
2019:05:06 15:03:14 973614 1259.5691
2019:05:06 15:03:14 975639 1254.5548
2019:05:06 15:03:15 1856 25406.6028
2019:05:06 15:03:15 4322 851.4449
2019:05:06 15:03:15 6336 1655.2918
2019:05:06 15:03:15 7575 838.3766
2019:05:06 15:03:15 8788 821.8922
2019:05:06 15:03:15 10021 816.5054
2019:05:06 15:03:15 12892 1234.0732
2019:05:06 15:03:15 40323 27411.5093
2019:05:06 15:03:15 41554 817.3436
2019:05:06 15:03:15 43607 2034.6977
2019:05:06 15:03:15 45227 819.2174
2019:05:06 15:03:15 46474 804.7819
2019:05:06 15:03:15 47705 826.4557
2019:05:06 15:03:15 48928 810.3848
2019:05:06 15:03:15 74747 1387.5142
2019:05:06 15:03:15 76385 1232.5346
2019:05:06 15:03:15 78042 1629.5537
2019:05:06 15:03:15 79650 1233.9875
2019:05:06 15:03:15 81292 1231.4916
2019:05:06 15:03:15 83751 1621.1309
2019:05:06 15:03:15 84983 1216.8400
2019:05:06 15:03:15 111609 1635.1268
2019:05:06 15:03:15 112825 822.1194
2019:05:06 15:03:15 115281 1226.2389
2019:05:06 15:03:15 116120 795.2712
2019:05:06 15:03:15 118552 1617.6067
2019:05:06 15:03:15 120604 1232.0578
2019:05:06 15:03:15 146867 1502.9125
2019:05:06 15:03:15 149279 1648.2286
2019:05:06 15:03:15 151742 1632.3067
2019:05:06 15:03:15 153366 1208.6853
2019:05:06 15:03:15 154999 1202.5610
2019:05:06 15:03:15 156645 1228.0233
2019:05:06 15:03:15 181673 24602.0481
2019:05:06 15:03:15 184076 1177.9256
2019:05:06 15:03:15 185740 1646.7012
2019:05:06 15:03:15 186967 840.9731
2019:05:06 15:03:15 188208 854.0601
2019:05:06 15:03:15 213380 24774.9425
2019:05:06 15:03:15 219342 1625.3330
2019:05:06 15:03:15 220559 814.1622
2019:05:06 15:03:15 245379 24427.6524
2019:05:06 15:03:15 277381 24044.2753
2019:05:06 15:03:15 341368 32001.6220
2019:05:06 15:03:15 377386 36009.8481
2019:05:06 15:03:15 449367 35994.2093
2019:05:06 15:03:15 485384 36007.7098
2019:05:06 15:03:15 530072 8700.4192
2019:05:06 15:03:15 532117 1635.1342
2019:05:06 15:03:15 561378 29242.7242
2019:05:06 15:03:15 568188 2417.8997
2019:05:06 15:03:15 593377 24409.3500
2019:05:06 15:03:15 596023 1603.4357
2019:05:06 15:03:15 596866 818.3569
2019:05:06 15:03:15 626323 29089.0038
2019:05:06 15:03:15 628782 1578.4167
2019:05:06 15:03:15 630435 1240.3317
2019:05:06 15:03:15 633302 1658.5588
2019:05:06 15:03:15 662351 4987.7018
2019:05:06 15:03:15 664285 1075.2641
2019:05:06 15:03:15 665256 954.1139
2019:05:06 15:03:15 721365 31997.5019
2019:05:06 15:03:15 724105 2726.5921
2019:05:06 15:03:15 725112 851.5120
2019:05:06 15:03:15 737404 11912.8488
2019:05:06 15:03:15 739015 826.6196
2019:05:06 15:03:15 740241 805.1656
2019:05:06 15:03:15 741456 797.6033
2019:05:06 15:03:15 743135 843.7224
2019:05:06 15:03:15 744372 847.0900
2019:05:06 15:03:15 770167 25420.9079
2019:05:06 15:03:15 772203 1236.7591
2019:05:06 15:03:15 773423 835.7242
2019:05:06 15:03:15 775881 1656.4839
2019:05:06 15:03:15 776716 819.1653
2019:05:06 15:03:15 801387 24268.3329
2019:05:06 15:03:15 803304 804.9794
2019:05:06 15:03:15 804135 803.9884
2019:05:06 15:03:15 804961 737.4957
2019:05:06 15:03:15 837377 32004.9636
2019:05:06 15:03:15 843777 2009.9618
2019:05:06 15:03:15 844972 818.0067
2019:05:06 15:03:15 845846 851.4784
2019:05:06 15:03:15 847842 823.7660
2019:05:06 15:03:15 848677 820.7560
2019:05:06 15:03:15 873377 24304.7141
2019:05:06 15:03:15 875697 821.5792
2019:05:06 15:03:15 876669 957.9398
2019:05:06 15:03:15 909361 32429.4865
2019:05:06 15:03:15 914855 5480.5428
2019:05:06 15:03:15 916509 1209.6502
2019:05:06 15:03:15 918149 1252.9828
2019:05:06 15:03:15 919778 1221.8505
2019:05:06 15:03:15 945377 24804.7300
2019:05:06 15:03:16 37371 56006.6216
2019:05:06 15:03:16 69382 31997.9414
2019:05:06 15:03:16 102065 688.3182
2019:05:06 15:03:16 103269 1193.4154
2019:05:06 15:03:16 104507 838.1754
2019:05:06 15:03:16 133385 28097.7637
2019:05:06 15:03:16 166067 5724.9032
2019:05:06 15:03:16 168158 856.1760
2019:05:06 15:03:16 201385 32839.1194
2019:05:06 15:03:16 265371 32007.3590
2019:05:06 15:03:16 269782 4402.1830
2019:05:06 15:03:16 271430 801.8166
2019:05:06 15:03:16 272688 936.4039
2019:05:06 15:03:16 333370 35999.5402
2019:05:06 15:03:16 369399 36016.0582
2019:05:06 15:03:16 413565 8198.1048
2019:05:06 15:03:16 415193 1615.7031
2019:05:06 15:03:16 416801 804.1523
2019:05:06 15:03:16 441381 24154.6445
2019:05:06 15:03:16 513366 35989.3888
2019:05:06 15:03:16 515169 1791.1829
2019:05:06 15:03:16 516753 823.2333
2019:05:06 15:03:16 543112 25936.6818
2019:05:06 15:03:16 609364 35985.7567
2019:05:06 15:03:16 611788 2411.1420
2019:05:06 15:03:16 613004 803.4632
2019:05:06 15:03:16 614284 469.8895
2019:05:06 15:03:16 615462 1164.1942
2019:05:06 15:03:16 617539 1255.2291
2019:05:06 15:03:16 651077 1705.2256
2019:05:06 15:03:16 653553 1232.3745
2019:05:06 15:03:16 713366 28003.1897
2019:05:06 15:03:16 753938 40557.1833
2019:05:06 15:03:16 755543 831.0527
2019:05:06 15:03:16 756758 829.4992
2019:05:06 15:03:16 757596 815.2723
2019:05:06 15:03:16 759578 1582.8013
2019:05:06 15:03:16 760463 856.6529
2019:05:06 15:03:16 785378 24095.4421
2019:05:06 15:03:16 791621 2048.1125
2019:05:06 15:03:16 793627 1635.4099
2019:05:06 15:03:16 822743 1370.6759
2019:05:06 15:03:16 826007 1255.8699
2019:05:06 15:03:16 828042 2014.3464
2019:05:06 15:03:16 830904 1619.9164
2019:05:06 15:03:16 832142 1217.4360
2019:05:06 15:03:16 834590 1642.1750
2019:05:06 15:03:16 836238 1230.7838
2019:05:06 15:03:16 853382 16331.6280
2019:05:06 15:03:16 855917 1245.9420
2019:05:06 15:03:16 858746 1224.9649
2019:05:06 15:03:16 860402 1223.8920
2019:05:06 15:03:16 863257 2439.8640
2019:05:06 15:03:16 864895 1226.3656
2019:05:06 15:03:16 867776 1654.1630
2019:05:06 15:03:16 868598 804.9868
2019:05:06 15:03:16 885385 16395.8222
2019:05:06 15:03:16 888279 1649.3574
2019:05:06 15:03:16 891138 1672.4654
2019:05:06 15:03:16 893594 1238.3834
2019:05:06 15:03:16 896840 2849.0424
2019:05:06 15:03:16 921378 24518.6724
2019:05:06 15:03:16 925100 2868.4624
2019:05:06 15:03:16 927147 2027.8133
2019:05:06 15:03:16 930217 1439.8657
2019:05:06 15:03:16 932486 2245.0984
2019:05:06 15:03:16 957381 24464.3465
2019:05:06 15:03:16 960384 1505.7884
2019:05:06 15:03:16 963615 2465.4269
2019:05:06 15:03:16 965681 1648.8321
2019:05:06 15:03:16 968122 1243.2449
2019:05:06 15:03:17 23674 54555.8408
2019:05:06 15:03:17 25773 1221.9325
2019:05:06 15:03:17 28034 1033.5557
2019:05:06 15:03:17 28979 933.3342
2019:05:06 15:03:17 42576 12796.8602
2019:05:06 15:03:17 44623 917.4757
2019:05:06 15:03:17 47470 2047.3488
2019:05:06 15:03:17 49121 837.0541
2019:05:06 15:03:17 52372 2440.8102
2019:05:06 15:03:17 53207 813.4209
2019:05:06 15:03:17 78814 10998.2789
2019:05:06 15:03:17 79439 611.0445
2019:05:06 15:03:17 80663 838.0115
2019:05:06 15:03:17 81896 1023.5831
2019:05:06 15:03:17 84765 1846.4588
2019:05:06 15:03:17 86408 1620.0952
2019:05:06 15:03:17 87615 1183.3087
2019:05:06 15:03:17 101583 13139.6130
2019:05:06 15:03:17 104002 1232.5235
2019:05:06 15:03:17 105229 825.3604
2019:05:06 15:03:17 109758 616.4424
2019:05:06 15:03:17 111810 1675.2109
2019:05:06 15:03:17 127886 15293.5274
2019:05:06 15:03:17 128608 709.1835
2019:05:06 15:03:17 130601 1185.4507
2019:05:06 15:03:17 140216 9184.3791
2019:05:06 15:03:17 174694 25191.3629
2019:05:06 15:03:17 176504 1793.3175
2019:05:06 15:03:17 178126 830.0841
2019:05:06 15:03:17 180192 1232.7135
2019:05:06 15:03:17 182638 1233.7938
2019:05:06 15:03:17 183894 1219.8575
2019:05:06 15:03:17 206649 21564.4725
2019:05:06 15:03:17 209661 1593.2284
2019:05:06 15:03:17 222790 12714.1252
2019:05:06 15:03:17 224422 830.9893
2019:05:06 15:03:17 225682 865.1987
2019:05:06 15:03:17 228090 1641.0798
2019:05:06 15:03:17 229757 1628.6038
2019:05:06 15:03:17 231791 1638.4721
2019:05:06 15:03:17 253507 20897.8318
2019:05:06 15:03:17 255154 1264.2927
2019:05:06 15:03:17 256783 1233.8720
2019:05:06 15:03:17 262904 1200.1917
2019:05:06 15:03:17 263824 903.3158
2019:05:06 15:03:17 269386 4840.3703
2019:05:06 15:03:17 287104 1229.9865
2019:05:06 15:03:17 288326 1203.8834
2019:05:06 15:03:17 291591 1026.2392
2019:05:06 15:03:17 292428 825.3753
2019:05:06 15:03:17 312023 19198.5406
2019:05:06 15:03:17 312882 844.3967
2019:05:06 15:03:17 316194 969.5850
2019:05:06 15:03:17 322710 6505.7389
