
# OSU MPI Allreduce Latency Test v5.6.1
# Size       Avg Latency(us)
4096                11064.70
2019:05:06 15:02:43 169466 992.5812
2019:05:06 15:02:43 170502 1027.3159
2019:05:06 15:02:43 172430 1003.6714
2019:05:06 15:02:43 225357 51947.0610
2019:05:06 15:02:43 227278 1910.3587
2019:05:06 15:02:43 228700 823.1997
2019:05:06 15:02:43 229331 622.2054
2019:05:06 15:02:43 230357 840.0045
2019:05:06 15:02:43 231381 632.6623
2019:05:06 15:02:43 232399 839.1589
2019:05:06 15:02:43 293358 60567.8409
2019:05:06 15:02:43 325377 32006.3122
2019:05:06 15:02:43 327536 809.4124
2019:05:06 15:02:43 328755 1210.1792
2019:05:06 15:02:43 357363 28199.8999
2019:05:06 15:02:43 421377 64004.4548
2019:05:06 15:02:43 422769 841.1370
2019:05:06 15:02:43 423995 834.2154
2019:05:06 15:02:43 477359 52970.9980
2019:05:06 15:02:43 525373 48003.3308
2019:05:06 15:02:43 574460 9082.8203
2019:05:06 15:02:43 576529 1001.3394
2019:05:06 15:02:43 577606 563.6178
2019:05:06 15:02:43 579117 1043.8636
2019:05:06 15:02:43 580632 1001.5033
2019:05:06 15:02:43 611166 30012.3282
2019:05:06 15:02:43 612790 809.2448
2019:05:06 15:02:43 615012 1527.1418
2019:05:06 15:02:43 616599 1579.4672
2019:05:06 15:02:43 646330 28959.5164
2019:05:06 15:02:43 647882 1544.0024
2019:05:06 15:02:43 649413 805.9293
2019:05:06 15:02:43 651745 1569.9603
2019:05:06 15:02:43 653273 1520.2798
2019:05:06 15:02:43 656336 785.7680
2019:05:06 15:02:43 681952 24848.5729
2019:05:06 15:02:43 682800 839.5687
2019:05:06 15:02:43 685061 781.2455
2019:05:06 15:02:43 693375 8306.6151
2019:05:06 15:02:43 773358 39996.7581
2019:05:06 15:02:43 813376 40005.3412
2019:05:06 15:02:43 858421 9061.1838
2019:05:06 15:02:43 859659 814.6018
2019:05:06 15:02:43 860883 1171.5032
2019:05:06 15:02:43 881417 20515.8889
2019:05:06 15:02:43 908310 2064.9917
2019:05:06 15:02:43 908846 528.3058
2019:05:06 15:02:43 910962 1138.4822
2019:05:06 15:02:43 912515 553.2317
2019:05:06 15:02:43 914028 1504.6559
2019:05:06 15:02:43 916548 1484.7070
2019:05:06 15:02:43 946020 29462.8255
2019:05:06 15:02:43 948151 550.9406
2019:05:06 15:02:43 949655 1039.4603
2019:05:06 15:02:43 950248 585.7199
2019:05:06 15:02:43 952156 1008.9539
2019:05:06 15:02:43 953168 941.3622
2019:05:06 15:02:43 979009 25329.7947
2019:05:06 15:02:43 980752 954.9409
2019:05:06 15:02:43 993857 12574.2704
2019:05:06 15:02:43 996471 2062.5032
2019:05:06 15:02:43 999036 1066.7369
2019:05:06 15:02:44 1620 1033.4849
2019:05:06 15:02:44 26891 1209.5496
2019:05:06 15:02:44 28125 836.8641
2019:05:06 15:02:44 57359 28002.4558
2019:05:06 15:02:44 97373 40003.1172
2019:05:06 15:02:44 138408 5029.4921
2019:05:06 15:02:44 140055 1207.6311
2019:05:06 15:02:44 145399 4948.7054
2019:05:06 15:02:44 169535 24128.7276
2019:05:06 15:02:44 172681 1091.3946
2019:05:06 15:02:44 174183 1495.4545
2019:05:06 15:02:44 187779 1614.1832
2019:05:06 15:02:44 189247 1024.5703
2019:05:06 15:02:44 189844 589.5682
2019:05:06 15:02:44 192252 1025.7736
2019:05:06 15:02:44 193258 909.1981
2019:05:06 15:02:44 223311 1070.2126
2019:05:06 15:02:44 225866 1051.6532
2019:05:06 15:02:44 227431 1041.7998
2019:05:06 15:02:44 228481 1042.3660
2019:05:06 15:02:44 254910 25168.0315
2019:05:06 15:02:44 258380 2241.2688
2019:05:06 15:02:44 271767 1565.4750
2019:05:06 15:02:44 273837 558.0820
2019:05:06 15:02:44 275417 566.1659
2019:05:06 15:02:44 276912 1488.1082
2019:05:06 15:02:44 303245 25785.1109
2019:05:06 15:02:44 304741 1008.2684
2019:05:06 15:02:44 317994 13210.8666
2019:05:06 15:02:44 319602 1069.7059
2019:05:06 15:02:44 321212 1117.7696
2019:05:06 15:02:44 323777 1056.3917
2019:05:06 15:02:44 324884 1098.9979
2019:05:06 15:02:44 352345 2072.5802
2019:05:06 15:02:44 366274 13423.8712
2019:05:06 15:02:44 367823 1539.9158
2019:05:06 15:02:44 369300 1006.9422
2019:05:06 15:02:44 370363 1056.1422
2019:05:06 15:02:44 372407 1074.6829
2019:05:06 15:02:44 373399 984.0243
2019:05:06 15:02:44 414173 2678.6700
2019:05:06 15:02:44 416639 1254.6852
2019:05:06 15:02:44 418669 1193.4340
2019:05:06 15:02:44 419923 830.1884
2019:05:06 15:02:44 421162 1231.2420
2019:05:06 15:02:44 471502 21940.1941
2019:05:06 15:02:44 495861 24350.3563
2019:05:06 15:02:44 497082 821.0801
2019:05:06 15:02:44 519531 21987.7288
2019:05:06 15:02:44 561722 42183.2390
2019:05:06 15:02:44 563330 823.8703
2019:05:06 15:02:44 564162 824.3173
2019:05:06 15:02:44 569525 4978.6642
2019:05:06 15:02:44 604670 1186.9594
2019:05:06 15:02:44 639486 34808.7698
2019:05:06 15:02:44 650564 11067.1297
2019:05:06 15:02:44 674622 23650.0688
2019:05:06 15:02:44 735480 23999.3110
2019:05:06 15:02:44 737112 1624.0515
2019:05:06 15:02:44 750517 4006.7658
2019:05:06 15:02:44 771515 20989.4925
2019:05:06 15:02:44 796321 793.6843
2019:05:06 15:02:44 817372 20636.7336
2019:05:06 15:02:44 845565 28184.5666
2019:05:06 15:02:44 859384 1579.0239
2019:05:06 15:02:44 860192 796.4298
2019:05:06 15:02:44 861428 817.7608
2019:05:06 15:02:44 863080 1641.2474
2019:05:06 15:02:44 864713 1230.9961
2019:05:06 15:02:44 905373 40248.6026
2019:05:06 15:02:44 908308 836.8306
2019:05:06 15:02:44 909944 1246.0947
2019:05:06 15:02:44 911987 833.0531
2019:05:06 15:02:44 913221 846.2854
2019:05:06 15:02:44 954932 1568.1349
2019:05:06 15:02:44 956153 811.5917
2019:05:06 15:02:44 957383 1217.4845
2019:05:06 15:02:44 958626 826.4184
2019:05:06 15:02:44 959847 825.9527
2019:05:06 15:02:44 961064 820.1562
2019:05:06 15:02:45 1370 40296.2565
2019:05:06 15:02:45 3274 1208.3799
2019:05:06 15:02:45 4505 834.9419
2019:05:06 15:02:45 5760 862.8406
2019:05:06 15:02:45 7756 817.7161
2019:05:06 15:02:45 8588 820.4803
2019:05:06 15:02:45 49369 40380.5338
2019:05:06 15:02:45 52179 822.9800
2019:05:06 15:02:45 53007 817.9806
2019:05:06 15:02:45 55466 2048.9097
2019:05:06 15:02:45 97364 40679.5964
2019:05:06 15:02:45 99800 2427.5444
2019:05:06 15:02:45 101046 843.8118
2019:05:06 15:02:45 141361 28001.1110
2019:05:06 15:02:45 169367 27999.4346
2019:05:06 15:02:45 198318 961.4266
2019:05:06 15:02:45 199549 823.6840
2019:05:06 15:02:45 200375 816.5874
2019:05:06 15:02:45 225961 25184.3370
2019:05:06 15:02:45 227978 834.9754
2019:05:06 15:02:45 269356 40572.1813
2019:05:06 15:02:45 275219 5853.1761
2019:05:06 15:02:45 276449 820.7858
2019:05:06 15:02:45 317354 40501.3375
2019:05:06 15:02:45 323546 6181.1209
2019:05:06 15:02:45 324794 842.6160
2019:05:06 15:02:45 357366 32186.8323
2019:05:06 15:02:45 445359 51997.6951
2019:05:06 15:02:45 485367 39998.6431
2019:05:06 15:02:45 486887 1219.3024
2019:05:06 15:02:45 488113 795.6252
2019:05:06 15:02:45 489342 804.7260
2019:05:06 15:02:45 541372 20007.6029
2019:05:06 15:02:45 581324 39945.1964
2019:05:06 15:02:45 677356 47997.5753
2019:05:06 15:02:45 721367 44002.6857
2019:05:06 15:02:45 809361 40001.1130
2019:05:06 15:02:45 811267 1897.9311
2019:05:06 15:02:45 812496 1219.7532
2019:05:06 15:02:45 813326 818.7145
2019:05:06 15:02:45 853943 4579.8272
2019:05:06 15:02:45 855926 820.0929
2019:05:06 15:02:45 856771 834.0999
2019:05:06 15:02:45 889366 32201.0219
2019:05:06 15:02:45 965359 40188.7074
2019:05:06 15:02:46 5370 40001.7537
2019:05:06 15:02:46 47185 1820.7878
2019:05:06 15:02:46 48015 821.1732
2019:05:06 15:02:46 49235 823.3190
2019:05:06 15:02:46 50065 820.0370
2019:05:06 15:02:46 51694 814.3298
2019:05:06 15:02:46 52930 816.3378
2019:05:06 15:02:46 81333 28391.3016
2019:05:06 15:02:46 126540 5182.8995
2019:05:06 15:02:46 128178 815.0749
2019:05:06 15:02:46 129006 818.8933
2019:05:06 15:02:46 170137 781.8229
2019:05:06 15:02:46 172591 1637.6153
2019:05:06 15:02:46 174241 1636.5983
2019:05:06 15:02:46 175454 823.4903
2019:05:06 15:02:46 176281 817.6118
2019:05:06 15:02:46 217367 40684.7261
2019:05:06 15:02:46 297356 39998.3227
2019:05:06 15:02:46 333367 36002.8632
2019:05:06 15:02:46 334970 823.2072
2019:05:06 15:02:46 336191 830.3449
2019:05:06 15:02:46 337424 835.1989
2019:05:06 15:02:46 339459 824.6787
2019:05:06 15:02:46 340291 805.6276
2019:05:06 15:02:46 373367 32672.1594
2019:05:06 15:02:46 461356 39995.7113
2019:05:06 15:02:46 463637 2272.0471
2019:05:06 15:02:46 464873 837.0243
2019:05:06 15:02:46 501367 36102.0342
2019:05:06 15:02:46 597358 56000.9815
2019:05:06 15:02:46 637376 40007.9787
2019:05:06 15:02:46 643572 1623.6827
2019:05:06 15:02:46 644818 826.3811
2019:05:06 15:02:46 677370 32136.6936
2019:05:06 15:02:46 757362 40004.1118
2019:05:06 15:02:46 758238 864.8001
2019:05:06 15:02:46 759066 818.4984
2019:05:06 15:02:46 759896 473.2423
2019:05:06 15:02:46 761112 827.3423
2019:05:06 15:02:46 789368 27886.7669
2019:05:06 15:02:46 853354 31998.4369
2019:05:06 15:02:46 854963 1601.9680
2019:05:06 15:02:46 856211 837.5943
2019:05:06 15:02:46 857438 832.1218
2019:05:06 15:02:46 929355 43982.8411
2019:05:06 15:02:46 931547 2183.6199
2019:05:06 15:02:46 933166 801.1311
2019:05:06 15:02:46 969367 36186.6318
2019:05:06 15:02:47 41363 32004.9264
2019:05:06 15:02:47 42884 1510.1917
2019:05:06 15:02:47 44116 823.8852
2019:05:06 15:02:47 44930 805.1507
2019:05:06 15:02:47 45768 827.7074
2019:05:06 15:02:47 47804 824.7159
2019:05:06 15:02:47 48629 814.7769
2019:05:06 15:02:47 74027 25000.7585
2019:05:06 15:02:47 76080 1212.6639
2019:05:06 15:02:47 77300 814.8476
2019:05:06 15:02:47 153355 39995.9870
2019:05:06 15:02:47 193366 39999.8985
2019:05:06 15:02:47 234795 1428.7382
2019:05:06 15:02:47 235586 780.7724
2019:05:06 15:02:47 236810 810.9286
2019:05:06 15:02:47 237302 476.6770
2019:05:06 15:02:47 239331 1288.7493
2019:05:06 15:02:47 240499 823.0843
2019:05:06 15:02:47 241327 817.5112
2019:05:06 15:02:47 313355 39991.2298
2019:05:06 15:02:47 316790 3426.7902
2019:05:06 15:02:47 353372 36160.4504
2019:05:06 15:02:47 433355 39997.9353
2019:05:06 15:02:47 473378 40013.3580
2019:05:06 15:02:47 475836 799.5926
2019:05:06 15:02:47 476670 825.1444
2019:05:06 15:02:47 477904 834.0068
2019:05:06 15:02:47 479524 821.1844
2019:05:06 15:02:47 480355 821.4265
2019:05:06 15:02:47 513370 32614.1752
2019:05:06 15:02:47 555972 2616.5023
2019:05:06 15:02:47 556788 796.8284
2019:05:06 15:02:47 597371 40182.3409
2019:05:06 15:02:47 600625 2459.1312
2019:05:06 15:02:47 637357 36332.6706
2019:05:06 15:02:47 643222 5858.5629
2019:05:06 15:02:47 644448 836.0557
2019:05:06 15:02:47 677367 32507.3712
2019:05:06 15:02:47 753355 37978.1798
2019:05:06 15:02:47 789367 36002.9042
2019:05:06 15:02:47 791131 816.3154
2019:05:06 15:02:47 791963 822.5702
2019:05:06 15:02:47 793180 815.3617
2019:05:06 15:02:47 829375 36185.4769
2019:05:06 15:02:47 835395 1242.8872
2019:05:06 15:02:47 836672 862.6617
2019:05:06 15:02:47 869363 32340.9475
2019:05:06 15:02:47 921364 15986.6884
2019:05:06 15:02:47 941371 19999.1949
2019:05:06 15:02:47 982565 1208.0632
2019:05:06 15:02:47 985028 1642.7115
2019:05:06 15:02:48 21362 36308.4674
2019:05:06 15:02:48 27542 6173.8417
2019:05:06 15:02:48 61375 33409.1261
2019:05:06 15:02:48 107367 2003.4909
2019:05:06 15:02:48 109004 1232.1062
2019:05:06 15:02:48 145367 35935.7297
2019:05:06 15:02:48 241356 55998.0981
2019:05:06 15:02:48 269365 28002.0237
2019:05:06 15:02:48 271293 823.9448
2019:05:06 15:02:48 272531 837.0578
2019:05:06 15:02:48 299111 25772.9217
2019:05:06 15:02:48 300342 805.0166
2019:05:06 15:02:48 341367 40593.5720
2019:05:06 15:02:48 347512 1207.0797
2019:05:06 15:02:48 348737 806.3503
2019:05:06 15:02:48 389368 40223.5165
2019:05:06 15:02:48 395412 1272.2127
2019:05:06 15:02:48 397022 1240.8197
2019:05:06 15:02:48 469355 39998.4717
2019:05:06 15:02:48 509368 40003.6722
2019:05:06 15:02:48 511416 1222.1299
2019:05:06 15:02:48 512659 1222.1225
2019:05:06 15:02:48 557365 43888.7961
2019:05:06 15:02:48 559519 2029.1060
2019:05:06 15:02:48 560736 828.2550
2019:05:06 15:02:48 605371 44238.8095
2019:05:06 15:02:48 607380 824.6936
2019:05:06 15:02:48 608606 826.9474
2019:05:06 15:02:48 653355 44350.5831
2019:05:06 15:02:48 654379 1014.1432
2019:05:06 15:02:48 655615 844.8884
2019:05:06 15:02:48 656839 835.3405
2019:05:06 15:02:48 713371 56144.2189
2019:05:06 15:02:48 813356 51997.3785
2019:05:06 15:02:48 853369 40002.5323
2019:05:06 15:02:48 945355 43991.6849
2019:05:06 15:02:48 993383 48017.9116
2019:05:06 15:02:49 34816 1448.5195
2019:05:06 15:02:49 36435 813.3277
2019:05:06 15:02:49 37668 821.0726
2019:05:06 15:02:49 38910 836.8567
2019:05:06 15:02:49 40133 818.7480
2019:05:06 15:02:49 81373 40839.4895
2019:05:06 15:02:49 83622 799.7118
2019:05:06 15:02:49 84449 591.5575
2019:05:06 15:02:49 85685 834.8301
2019:05:06 15:02:49 87943 825.3455
2019:05:06 15:02:49 88771 818.8002
2019:05:06 15:02:49 129367 40195.6104
2019:05:06 15:02:49 131213 806.2348
2019:05:06 15:02:49 132042 818.3606
2019:05:06 15:02:49 133261 823.9076
2019:05:06 15:02:49 134101 829.6669
2019:05:06 15:02:49 135732 825.2859
2019:05:06 15:02:49 136948 1207.9291
2019:05:06 15:02:49 179245 1887.0309
2019:05:06 15:02:49 180883 1627.8066
2019:05:06 15:02:49 182524 1616.6940
2019:05:06 15:02:49 183752 815.7417
2019:05:06 15:02:49 184983 831.4736
2019:05:06 15:02:49 226717 1359.9545
2019:05:06 15:02:49 227961 1231.0743
2019:05:06 15:02:49 229995 1229.3942
2019:05:06 15:02:49 231229 821.4116
2019:05:06 15:02:49 232454 828.5046
2019:05:06 15:02:49 273369 40515.0168
2019:05:06 15:02:49 275265 1210.5331
2019:05:06 15:02:49 276500 836.1936
2019:05:06 15:02:49 277742 990.5882
2019:05:06 15:02:49 279350 824.6489
2019:05:06 15:02:49 280175 815.8535
2019:05:06 15:02:49 321367 40793.0240
2019:05:06 15:02:49 323285 791.3113
2019:05:06 15:02:49 324507 817.2132
2019:05:06 15:02:49 325341 824.2056
2019:05:06 15:02:49 326991 1245.1485
2019:05:06 15:02:49 328208 828.5083
2019:05:06 15:02:49 369358 40749.3562
2019:05:06 15:02:49 371214 1846.5593
2019:05:06 15:02:49 372432 816.9077
2019:05:06 15:02:49 373261 819.4782
2019:05:06 15:02:49 374919 1243.7813
2019:05:06 15:02:49 376551 840.5149
2019:05:06 15:02:49 449356 39992.4144
2019:05:06 15:02:49 451847 2479.9146
2019:05:06 15:02:49 453076 1195.3712
2019:05:06 15:02:49 481355 28259.4487
2019:05:06 15:02:49 513364 31999.1559
2019:05:06 15:02:49 515568 836.6890
2019:05:06 15:02:49 517190 1207.2623
2019:05:06 15:02:49 518838 1232.0280
2019:05:06 15:02:49 520469 825.0140
2019:05:06 15:02:49 545865 25384.8881
2019:05:06 15:02:49 547913 821.6724
2019:05:06 15:02:49 549142 834.6923
2019:05:06 15:02:49 605355 27992.4013
2019:05:06 15:02:49 653371 48008.4680
2019:05:06 15:02:49 749358 47995.7424
2019:05:06 15:02:49 789376 40009.1745
2019:05:06 15:02:49 791418 831.8350
2019:05:06 15:02:49 792639 827.4168
2019:05:06 15:02:49 794276 1236.7070
2019:05:06 15:02:49 795510 831.9728
2019:05:06 15:02:49 796341 822.1157
2019:05:06 15:02:49 829374 32231.0030
2019:05:06 15:02:49 893359 32001.8604
2019:05:06 15:02:49 925182 31816.4639
2019:05:06 15:02:49 997355 39994.1951
2019:05:06 15:02:50 45367 48003.2302
2019:05:06 15:02:50 137355 47995.1240
2019:05:06 15:02:50 177369 40006.7978
2019:05:06 15:02:50 178945 814.9780
2019:05:06 15:02:50 179780 825.7553
2019:05:06 15:02:50 181008 835.4709
2019:05:06 15:02:50 217375 35968.1658
2019:05:06 15:02:50 224290 2488.8441
2019:05:06 15:02:50 257368 32322.9507
2019:05:06 15:02:50 302408 5050.4170
2019:05:06 15:02:50 305006 2058.3309
2019:05:06 15:02:50 377355 39995.0780
2019:05:06 15:02:50 417367 40002.1784
2019:05:06 15:02:50 418641 1185.2123
2019:05:06 15:02:50 419863 828.8175
2019:05:06 15:02:50 421093 833.5449
2019:05:06 15:02:50 457370 35879.1240
2019:05:06 15:02:50 464227 1625.5789
2019:05:06 15:02:50 497354 32723.4976
2019:05:06 15:02:50 537365 40000.8895
2019:05:06 15:02:50 543412 1617.3273
2019:05:06 15:02:50 544635 820.0184
2019:05:06 15:02:50 577369 32720.3497
2019:05:06 15:02:50 637354 39987.1171
2019:05:06 15:02:50 677368 40004.5142
2019:05:06 15:02:50 682154 801.4925
2019:05:06 15:02:50 683767 814.0281
2019:05:06 15:02:50 684599 820.6479
2019:05:06 15:02:50 717366 32366.5403
2019:05:06 15:02:50 718971 844.7692
2019:05:06 15:02:50 720206 835.4299
2019:05:06 15:02:50 757373 36779.5825
2019:05:06 15:02:50 797369 39988.5178
2019:05:06 15:02:50 799256 813.0744
2019:05:06 15:02:50 800466 819.8805
2019:05:06 15:02:50 802109 1631.9826
2019:05:06 15:02:50 803336 1212.0046
2019:05:06 15:02:50 804178 821.1285
2019:05:06 15:02:50 837367 32795.0679
2019:05:06 15:02:50 878851 1490.6526
2019:05:06 15:02:50 880074 823.4158
2019:05:06 15:02:50 917355 36471.4116
2019:05:06 15:02:50 957367 40001.6680
2019:05:06 15:02:51 37362 40006.2874
2019:05:06 15:02:51 39534 2164.7401
2019:05:06 15:02:51 40743 826.6903
2019:05:06 15:02:51 41975 827.8824
2019:05:06 15:02:51 44015 808.6823
2019:05:06 15:02:51 44838 811.6439
2019:05:06 15:02:51 81370 36126.2038
2019:05:06 15:02:51 88247 2402.0486
2019:05:06 15:02:51 89072 814.7359
2019:05:06 15:02:51 161355 39996.3446
2019:05:06 15:02:51 166545 5179.4387
2019:05:06 15:02:51 167773 808.2315
2019:05:06 15:02:51 169012 832.1181
2019:05:06 15:02:51 241355 39999.4478
2019:05:06 15:02:51 281367 40002.5435
2019:05:06 15:02:51 283137 1223.4710
2019:05:06 15:02:51 284357 821.6798
2019:05:06 15:02:51 321359 36592.5282
2019:05:06 15:02:51 327022 5655.6053
2019:05:06 15:02:51 328250 833.6417
2019:05:06 15:02:51 329137 487.6107
2019:05:06 15:02:51 401354 39997.1232
2019:05:06 15:02:51 406652 5288.8356
2019:05:06 15:02:51 408290 809.8893
2019:05:06 15:02:51 441370 32266.9558
2019:05:06 15:02:51 521355 39997.3504
2019:05:06 15:02:51 522233 868.6297
2019:05:06 15:02:51 523462 808.6860
2019:05:06 15:02:51 524690 818.2637
2019:05:06 15:02:51 561371 36275.9717
2019:05:06 15:02:51 563187 807.7770
2019:05:06 15:02:51 564027 829.9202
2019:05:06 15:02:51 565248 827.5360
2019:05:06 15:02:51 637356 39998.0955
2019:05:06 15:02:51 677367 40003.9963
2019:05:06 15:02:51 679717 1630.4515
2019:05:06 15:02:51 680942 803.5488
2019:05:06 15:02:51 717376 36418.6056
2019:05:06 15:02:51 773356 39992.1201
2019:05:06 15:02:51 774161 797.9162
2019:05:06 15:02:51 775495 530.3249
2019:05:06 15:02:51 776206 704.8510
2019:05:06 15:02:51 777441 837.2664
2019:05:06 15:02:51 817591 4229.1358
2019:05:06 15:02:51 818404 800.8964
2019:05:06 15:02:51 819619 812.6982
2019:05:06 15:02:51 820862 838.8236
2019:05:06 15:02:51 853370 32121.7701
2019:05:06 15:02:51 898066 4711.1325
2019:05:06 15:02:51 899298 809.5987
2019:05:06 15:02:51 900527 827.3721
2019:05:06 15:02:51 925180 24252.6680
2019:05:06 15:02:51 965362 32029.5952
2019:05:06 15:02:51 967791 1651.6335
2019:05:06 15:02:51 969431 835.2250
2019:05:06 15:02:52 5380 35937.7712
2019:05:06 15:02:52 11204 1590.3488
2019:05:06 15:02:52 12475 869.2145
2019:05:06 15:02:52 45366 32121.9303
2019:05:06 15:02:52 121355 39999.0939
2019:05:06 15:02:52 161369 40003.6275
2019:05:06 15:02:52 203458 2094.7345
2019:05:06 15:02:52 204293 811.3384
2019:05:06 15:02:52 205521 824.5334
2019:05:06 15:02:52 207577 849.0793
2019:05:06 15:02:52 208793 831.2948
2019:05:06 15:02:52 241368 32559.2384
2019:05:06 15:02:52 282840 1479.4357
2019:05:06 15:02:52 283672 819.7092
2019:05:06 15:02:52 284879 792.4624
2019:05:06 15:02:52 321370 36086.7158
2019:05:06 15:02:52 401359 40003.3593
2019:05:06 15:02:52 441371 40002.0629
2019:05:06 15:02:52 443944 820.9422
2019:05:06 15:02:52 445583 1242.0677
2019:05:06 15:02:52 447219 827.3274
2019:05:06 15:02:52 448859 1231.1190
2019:05:06 15:02:52 481370 32098.4051
2019:05:06 15:02:52 523759 2402.0225
2019:05:06 15:02:52 524998 827.5956
2019:05:06 15:02:52 561368 35965.1446
2019:05:06 15:02:52 606667 1309.5215
2019:05:06 15:02:52 608330 1247.7115
2019:05:06 15:02:52 645362 36650.7433
2019:05:06 15:02:52 685369 40000.2114
2019:05:06 15:02:52 687265 1219.7047
2019:05:06 15:02:52 688483 807.4902
2019:05:06 15:02:52 725365 36462.1654
2019:05:06 15:02:52 730964 5592.9199
2019:05:06 15:02:52 732191 806.6110
2019:05:06 15:02:52 765367 32757.4871
2019:05:06 15:02:52 810059 4703.8384
2019:05:06 15:02:52 811691 808.0900
2019:05:06 15:02:52 812524 821.1620
2019:05:06 15:02:52 845368 32445.8592
2019:05:06 15:02:52 925167 39809.8528
2019:05:06 15:02:52 926392 1215.1152
2019:05:06 15:02:52 928152 550.0503
2019:05:06 15:02:52 928865 704.1730
2019:05:06 15:02:52 970213 4852.7569
2019:05:06 15:02:52 971852 824.6340
2019:05:06 15:02:52 973085 836.3724
2019:05:06 15:02:53 2155 4796.1958
2019:05:06 15:02:53 3386 822.5068
2019:05:06 15:02:53 4614 827.6962
2019:05:06 15:02:53 29372 24357.9745
2019:05:06 15:02:53 69821 465.2068
2019:05:06 15:02:53 71833 807.8367
2019:05:06 15:02:53 72668 824.5632
2019:05:06 15:02:53 105360 32292.1239
2019:05:06 15:02:53 137364 31994.2608
2019:05:06 15:02:53 201359 32002.5943
2019:05:06 15:02:53 233367 32001.2607
2019:05:06 15:02:53 321356 47998.2570
2019:05:06 15:02:53 369369 48003.5096
2019:05:06 15:02:53 441361 31992.2976
2019:05:06 15:02:53 489372 48004.1727
2019:05:06 15:02:53 577354 39997.6410
2019:05:06 15:02:53 609376 32012.6973
2019:05:06 15:02:53 673361 32003.0823
2019:05:06 15:02:53 705371 32003.1866
2019:05:06 15:02:53 707487 1238.1859
2019:05:06 15:02:53 709106 806.9016
2019:05:06 15:02:53 777355 39993.7071
2019:05:06 15:02:53 825370 48006.6761
2019:05:06 15:02:53 921356 47998.7226
2019:05:06 15:02:53 961368 40002.3088
2019:05:06 15:02:54 2968 1601.1484
2019:05:06 15:02:54 4177 1196.4738
2019:05:06 15:02:54 5022 834.9903
2019:05:06 15:02:54 6234 815.5927
2019:05:06 15:02:54 7470 828.9963
2019:05:06 15:02:54 8683 839.3228
2019:05:06 15:02:54 34038 24944.7748
2019:05:06 15:02:54 35659 808.9133
2019:05:06 15:02:54 36874 823.6431
2019:05:06 15:02:54 65355 28471.0340
2019:05:06 15:02:54 97373 32009.1993
2019:05:06 15:02:54 99696 540.3012
2019:05:06 15:02:54 100371 665.1841
2019:05:06 15:02:54 101601 833.3512
2019:05:06 15:02:54 103265 824.0566
2019:05:06 15:02:54 103807 526.0333
2019:05:06 15:02:54 104911 827.8564
2019:05:06 15:02:54 131098 25786.1651
2019:05:06 15:02:54 133134 1214.3739
2019:05:06 15:02:54 169366 35819.8397
2019:05:06 15:02:54 226522 5164.1576
2019:05:06 15:02:54 228164 826.2843
2019:05:06 15:02:54 269368 40395.8671
2019:05:06 15:02:54 275767 2007.7266
2019:05:06 15:02:54 276594 817.3957
2019:05:06 15:02:54 317369 40375.0427
2019:05:06 15:02:54 323550 1653.1274
2019:05:06 15:02:54 324354 797.7001
2019:05:06 15:02:54 357366 32613.0204
2019:05:06 15:02:54 389817 460.8631
2019:05:06 15:02:54 401371 10329.7830
2019:05:06 15:02:54 457355 31993.2587
2019:05:06 15:02:54 489364 31998.9845
2019:05:06 15:02:54 495254 1606.6805
2019:05:06 15:02:54 496876 1208.2979
2019:05:06 15:02:54 529367 32464.6495
2019:05:06 15:02:54 531113 819.9029
2019:05:06 15:02:54 532336 821.6463
2019:05:06 15:02:54 533963 1223.0687
2019:05:06 15:02:54 535182 810.7796
2019:05:06 15:02:54 536415 790.3576
2019:05:06 15:02:54 569367 32937.6198
2019:05:06 15:02:54 571235 1859.8512
2019:05:06 15:02:54 573304 842.7538
2019:05:06 15:02:54 618633 1271.5049
2019:05:06 15:02:54 619890 845.6558
2019:05:06 15:02:54 621120 850.0591
2019:05:06 15:02:54 665366 43861.7542
2019:05:06 15:02:54 666643 825.8596
2019:05:06 15:02:54 667860 814.2106
2019:05:06 15:02:54 668692 823.1923
2019:05:06 15:02:54 709357 40263.9434
2019:05:06 15:02:54 711095 1729.6858
2019:05:06 15:02:54 712323 827.9309
2019:05:06 15:02:54 713150 578.4109
2019:05:06 15:02:54 714383 825.4088
2019:05:06 15:02:54 715607 983.1004
2019:05:06 15:02:54 716822 821.7134
2019:05:06 15:02:54 749364 32532.3716
2019:05:06 15:02:54 813354 31994.4955
2019:05:06 15:02:54 845373 32009.0316
2019:05:06 15:02:54 909354 31997.2411
2019:05:06 15:02:54 949373 40007.7216
2019:05:06 15:02:54 951718 809.7701
2019:05:06 15:02:54 952546 818.1892
2019:05:06 15:02:54 953797 849.2880
2019:05:06 15:02:54 955003 826.2694
2019:05:06 15:02:54 956231 831.8536
2019:05:06 15:02:54 997366 40733.4678
2019:05:06 15:02:54 999469 809.5987
2019:05:06 15:02:55 687 825.2263
2019:05:06 15:02:55 1554 858.8172
2019:05:06 15:02:55 3548 820.4617
2019:05:06 15:02:55 4796 841.7368
2019:05:06 15:02:55 45370 40180.4373
2019:05:06 15:02:55 47628 1221.5860
2019:05:06 15:02:55 48458 820.5548
2019:05:06 15:02:55 81379 32111.7230
2019:05:06 15:02:55 126004 4646.9048
2019:05:06 15:02:55 128483 1244.1054
2019:05:06 15:02:55 153365 24468.7796
2019:05:06 15:02:55 189727 4364.4793
2019:05:06 15:02:55 191327 804.7633
2019:05:06 15:02:55 192579 839.0360
2019:05:06 15:02:55 217367 24386.0967
2019:05:06 15:02:55 224542 1637.0714
2019:05:06 15:02:55 249367 24807.3861
2019:05:06 15:02:55 286012 4649.2480
2019:05:06 15:02:55 286856 825.8075
2019:05:06 15:02:55 288066 809.7216
2019:05:06 15:02:55 289314 823.8889
2019:05:06 15:02:55 321370 32045.0291
2019:05:06 15:02:55 417356 47998.0484
2019:05:06 15:02:55 465371 48003.7108
2019:05:06 15:02:55 510337 4979.7334
2019:05:06 15:02:55 511557 819.9066
2019:05:06 15:02:55 512782 832.6471
2019:05:06 15:02:55 545367 32189.6486
2019:05:06 15:02:55 552580 802.8224
2019:05:06 15:02:55 577366 24775.5498
2019:05:06 15:02:55 610456 1097.6419
2019:05:06 15:02:55 611273 805.7393
2019:05:06 15:02:55 612504 837.1249
2019:05:06 15:02:55 613732 885.5350
2019:05:06 15:02:55 615375 1249.8870
2019:05:06 15:02:55 616955 1175.0832
2019:05:06 15:02:55 673354 31992.8192
2019:05:06 15:02:55 713369 40006.3582
2019:05:06 15:02:55 821354 59998.3633
2019:05:06 15:02:55 869364 47998.8120
2019:05:06 15:02:55 941360 32001.1750
2019:05:06 15:02:55 947122 5752.8913
2019:05:06 15:02:55 949180 1646.5895
2019:05:06 15:02:55 965372 16180.4259
2019:05:06 15:02:55 998351 993.3934
2019:05:06 15:02:56 367 1234.1738
2019:05:06 15:02:56 1188 798.1695
2019:05:06 15:02:56 73356 43988.2278
2019:05:06 15:02:56 75966 2600.0850
2019:05:06 15:02:56 76808 830.6913
2019:05:06 15:02:56 161356 47997.6311
2019:05:06 15:02:56 205371 44007.0257
2019:05:06 15:02:56 293358 39999.8650
2019:05:06 15:02:56 325372 32006.2749
2019:05:06 15:02:56 331208 1605.5666
2019:05:06 15:02:56 332865 820.4393
2019:05:06 15:02:56 361944 4586.6333
2019:05:06 15:02:56 363578 820.6703
2019:05:06 15:02:56 364410 822.6335
2019:05:06 15:02:56 389368 24519.4249
2019:05:06 15:02:56 411234 1642.5997
2019:05:06 15:02:56 412862 1215.5846
2019:05:06 15:02:56 449366 36096.8783
2019:05:06 15:02:56 537355 47997.8882
2019:05:06 15:02:56 585372 48006.2962
2019:05:06 15:02:56 627126 1770.0978
2019:05:06 15:02:56 628358 817.5969
2019:05:06 15:02:56 629200 826.9176
2019:05:06 15:02:56 697355 31997.3901
2019:05:06 15:02:56 729371 32009.0130
2019:05:06 15:02:56 793355 31998.2953
2019:05:06 15:02:56 825371 32007.4297
2019:05:06 15:02:56 866594 1236.9715
2019:05:06 15:02:56 868431 1231.1153
2019:05:06 15:02:56 913355 44900.5738
2019:05:06 15:02:56 915537 2174.3961
2019:05:06 15:02:56 917178 1219.0528
2019:05:06 15:02:56 963057 1699.9654
2019:05:06 15:02:56 964697 1232.0131
2019:05:06 15:02:57 1356 36233.8386
2019:05:06 15:02:57 41368 40003.2252
2019:05:06 15:02:57 48349 2047.5462
2019:05:06 15:02:57 49175 813.8828
2019:05:06 15:02:57 113360 31983.5432
2019:05:06 15:02:57 145365 31995.9819
2019:05:06 15:02:57 217366 40003.1693
2019:05:06 15:02:57 218912 1539.7482
2019:05:06 15:02:57 220134 809.4460
2019:05:06 15:02:57 221367 801.2652
2019:05:06 15:02:57 223820 2013.7504
2019:05:06 15:02:57 257368 33136.3976
2019:05:06 15:02:57 353354 47997.6162
2019:05:06 15:02:57 393368 40004.2571
2019:05:06 15:02:57 396066 1229.3719
2019:05:06 15:02:57 397289 815.2388
2019:05:06 15:02:57 465359 32002.8029
2019:05:06 15:02:57 497370 31999.6960
2019:05:06 15:02:57 561355 31998.5375
2019:05:06 15:02:57 601379 40014.9636
2019:05:06 15:02:57 642961 1598.0750
2019:05:06 15:02:57 643616 642.6759
2019:05:06 15:02:57 645004 809.8334
2019:05:06 15:02:57 689355 44338.3344
2019:05:06 15:02:57 690485 1120.5114
2019:05:06 15:02:57 691710 827.0405
2019:05:06 15:02:57 692522 802.1221
2019:05:06 15:02:57 737355 44420.5478
2019:05:06 15:02:57 738749 1378.4878
2019:05:06 15:02:57 739828 827.5658
2019:05:06 15:02:57 740652 812.8360
2019:05:06 15:02:57 773373 31899.6795
2019:05:06 15:02:57 815081 1719.9293
2019:05:06 15:02:57 816715 1231.1600
2019:05:06 15:02:57 877357 31999.5619
2019:05:06 15:02:57 879021 1655.9884
2019:05:06 15:02:57 880104 675.4957
2019:05:06 15:02:57 881459 813.8865
2019:05:06 15:02:57 882152 677.7123
2019:05:06 15:02:57 883119 839.1812
2019:05:06 15:02:57 884199 689.5997
2019:05:06 15:02:57 885166 837.8997
2019:05:06 15:02:57 912187 2455.9312
2019:05:06 15:02:57 913434 845.9128
2019:05:06 15:02:57 973355 31998.4294
2019:05:06 15:02:57 974862 1497.9802
2019:05:06 15:02:57 977730 1236.7517
2019:05:06 15:02:57 979355 817.8502
2019:05:06 15:02:57 980190 824.8985
2019:05:06 15:02:58 13371 32789.4539
2019:05:06 15:02:58 70699 5342.0030
2019:05:06 15:02:58 72742 806.0448
2019:05:06 15:02:58 113357 40600.8065
2019:05:06 15:02:58 118433 5065.6535
2019:05:06 15:02:58 119674 830.1660
2019:05:06 15:02:58 121292 816.0025
2019:05:06 15:02:58 193365 40003.8175
2019:05:06 15:02:58 233367 39995.4431
2019:05:06 15:02:58 236254 1216.5718
2019:05:06 15:02:58 237497 839.1701
2019:05:06 15:02:58 266848 1489.5946
2019:05:06 15:02:58 267920 651.3596
2019:05:06 15:02:58 268508 577.4796
2019:05:06 15:02:58 297362 28461.0242
2019:05:06 15:02:58 329368 31998.2506
2019:05:06 15:02:58 362319 962.8758
2019:05:06 15:02:58 364391 1657.9069
2019:05:06 15:02:58 401375 36570.5229
2019:05:06 15:02:58 408071 2426.8553
2019:05:06 15:02:58 408900 816.5538
2019:05:06 15:02:58 453578 4220.9774
2019:05:06 15:02:58 455581 1641.9888
2019:05:06 15:02:58 457214 816.9599
2019:05:06 15:02:58 502535 5179.0327
2019:05:06 15:02:58 504561 815.7566
2019:05:06 15:02:58 545364 40793.5530
2019:05:06 15:02:58 551023 1371.1080
2019:05:06 15:02:58 585358 34101.0354
2019:05:06 15:02:58 587354 1987.0251
2019:05:06 15:02:58 588587 821.6985
2019:05:06 15:02:58 590218 1238.3796
2019:05:06 15:02:58 591840 823.8479
2019:05:06 15:02:58 592667 817.2989
2019:05:06 15:02:58 622153 29082.2238
2019:05:06 15:02:58 622829 640.3290
2019:05:06 15:02:58 624192 819.8991
2019:05:06 15:02:58 624874 672.9327
2019:05:06 15:02:58 625851 837.4117
2019:05:06 15:02:58 626922 677.0380
2019:05:06 15:02:58 627891 829.6706
2019:05:06 15:02:58 628710 812.3145
2019:05:06 15:02:58 654505 25544.1517
2019:05:06 15:02:58 656153 808.5370
2019:05:06 15:02:58 657399 841.7219
2019:05:06 15:02:58 709359 24003.3269
2019:05:06 15:02:58 749365 39999.6303
2019:05:06 15:02:58 751951 1239.1917
2019:05:06 15:02:58 753159 820.9161
2019:05:06 15:02:58 789380 36209.5647
2019:05:06 15:02:58 885357 48000.6561
2019:05:06 15:02:58 925376 40010.0350
2019:05:06 15:02:58 997358 32001.3314
2019:05:06 15:02:59 29366 32001.1936
2019:05:06 15:02:59 58016 659.5850
2019:05:06 15:02:59 58839 814.0691
2019:05:06 15:02:59 60067 827.4391
2019:05:06 15:02:59 61295 827.9867
2019:05:06 15:02:59 121355 31990.1928
2019:05:06 15:02:59 161369 40004.0075
2019:05:06 15:02:59 257356 47998.7264
2019:05:06 15:02:59 305372 48007.5143
2019:05:06 15:02:59 346396 1038.7711
2019:05:06 15:02:59 347226 819.8917
2019:05:06 15:02:59 348450 826.5041
2019:05:06 15:02:59 377367 28515.1564
2019:05:06 15:02:59 409366 31990.4312
2019:05:06 15:02:59 442013 657.1412
2019:05:06 15:02:59 443262 829.6818
2019:05:06 15:02:59 444479 828.8808
2019:05:06 15:02:59 473361 28481.8709
2019:05:06 15:02:59 505365 31998.0681
2019:05:06 15:02:59 585357 39993.9753
2019:05:06 15:02:59 586833 1458.2649
2019:05:06 15:02:59 587659 815.7268
2019:05:06 15:02:59 588885 818.3569
2019:05:06 15:02:59 633370 44074.6695
2019:05:06 15:02:59 634638 1198.7239
2019:05:06 15:02:59 635794 732.4629
2019:05:06 15:02:59 637107 826.4743
2019:05:06 15:02:59 681367 43847.3597
2019:05:06 15:02:59 749356 31998.8355
2019:05:06 15:02:59 777368 28001.5133
2019:05:06 15:02:59 778547 812.9403
2019:05:06 15:02:59 779763 815.7529
2019:05:06 15:02:59 780594 820.9124
2019:05:06 15:02:59 809361 28366.3683
2019:05:06 15:02:59 841370 32000.7503
2019:05:06 15:02:59 874341 984.7619
2019:05:06 15:02:59 875716 966.0050
2019:05:06 15:02:59 877210 1232.3186
2019:05:06 15:02:59 905371 28137.5907
2019:05:06 15:02:59 993356 57979.9637
2019:05:06 15:02:59 999778 6411.6307
2019:05:06 15:03:00 1023 834.8525
2019:05:06 15:03:00 73356 39994.3367
2019:05:06 15:03:00 113367 40000.3269
2019:05:06 15:03:00 115652 1247.8344
2019:05:06 15:03:00 117684 1650.7357
2019:05:06 15:03:00 157864 4501.3241
2019:05:06 15:03:00 159909 1497.5630
2019:05:06 15:03:00 161263 820.3909
2019:05:06 15:03:00 195266 1908.4290
2019:05:06 15:03:00 205372 10093.2270
2019:05:06 15:03:00 261365 32000.6125
2019:05:06 15:03:00 293368 31995.5088
2019:05:06 15:03:00 357354 31997.8260
2019:05:06 15:03:00 389373 32009.6463
2019:05:06 15:03:00 430765 1409.0203
2019:05:06 15:03:00 431984 834.0627
2019:05:06 15:03:00 433606 1223.0426
2019:05:06 15:03:00 509355 39996.2291
2019:05:06 15:03:00 549365 40000.5206
2019:05:06 15:03:00 637356 47976.4268
2019:05:06 15:03:00 685368 48004.5304
2019:05:06 15:03:00 781364 48005.8305
2019:05:06 15:03:00 829375 48001.8109
2019:05:06 15:03:00 917363 39998.5500
2019:05:06 15:03:00 918837 1467.1199
2019:05:06 15:03:00 919659 812.4635
2019:05:06 15:03:00 920491 822.0933
2019:05:06 15:03:00 957361 36470.3946
2019:05:06 15:03:00 962550 5181.3684
2019:05:06 15:03:00 964180 1210.4511
2019:05:06 15:03:00 997355 33156.4918
2019:05:06 15:03:01 37381 40016.7182
2019:05:06 15:03:01 43158 1247.1229
2019:05:06 15:03:01 44390 1217.6968
2019:05:06 15:03:01 81373 36591.1424
2019:05:06 15:03:01 161354 39998.4457
2019:05:06 15:03:01 201371 40005.7994
2019:05:06 15:03:01 203236 809.5093
2019:05:06 15:03:01 204864 835.0238
2019:05:06 15:03:01 206099 821.9928
2019:05:06 15:03:01 208136 832.6285
2019:05:06 15:03:01 241372 32837.8789
2019:05:06 15:03:01 283914 2556.8046
2019:05:06 15:03:01 285157 1225.3709
2019:05:06 15:03:01 361355 39997.6783
2019:05:06 15:03:01 401373 40010.6721
2019:05:06 15:03:01 443664 2296.0305
2019:05:06 15:03:01 444495 819.6533
2019:05:06 15:03:01 445722 869.0469
2019:05:06 15:03:01 446910 1177.2029
2019:05:06 15:03:01 448173 823.9709
2019:05:06 15:03:01 448984 800.8257
2019:05:06 15:03:01 521354 39994.9141
2019:05:06 15:03:01 523240 1878.7868
2019:05:06 15:03:01 524462 834.4352
2019:05:06 15:03:01 561355 36499.2917
2019:05:06 15:03:01 601369 40006.8909
2019:05:06 15:03:01 608042 2471.9760
2019:05:06 15:03:01 609257 832.3006
2019:05:06 15:03:01 681355 39997.6186
2019:05:06 15:03:01 683750 2385.6945
2019:05:06 15:03:01 684984 820.7932
2019:05:06 15:03:01 687086 1699.2316
2019:05:06 15:03:01 688329 853.4193
2019:05:06 15:03:01 717372 28650.0044
2019:05:06 15:03:01 762495 5138.9858
2019:05:06 15:03:01 763326 809.6620
2019:05:06 15:03:01 764551 824.8724
2019:05:06 15:03:01 805378 40423.4566
2019:05:06 15:03:01 807716 1400.7464
2019:05:06 15:03:01 808544 805.6164
2019:05:06 15:03:01 837359 28395.8614
2019:05:06 15:03:01 839697 2330.4299
2019:05:06 15:03:01 840907 826.2284
2019:05:06 15:03:01 865362 24225.8012
2019:05:06 15:03:01 906960 1603.7412
2019:05:06 15:03:01 907774 800.1663
2019:05:06 15:03:01 908721 539.9175
2019:05:06 15:03:01 945355 35947.0993
2019:05:06 15:03:01 985368 40001.3998
2019:05:06 15:03:02 65366 40008.6790
2019:05:06 15:03:02 67817 2444.2039
2019:05:06 15:03:02 69029 827.8191
2019:05:06 15:03:02 70679 1242.6414
2019:05:06 15:03:02 71536 468.2839
2019:05:06 15:03:02 72717 827.1895
2019:05:06 15:03:02 105373 32257.6351
2019:05:06 15:03:02 146630 1269.9403
2019:05:06 15:03:02 147839 838.5889
2019:05:06 15:03:02 149071 830.3002
2019:05:06 15:03:02 185364 35892.0693
2019:05:06 15:03:02 269356 39998.7809
2019:05:06 15:03:02 309368 40002.0331
2019:05:06 15:03:02 310335 777.6842
2019:05:06 15:03:02 311569 835.6087
2019:05:06 15:03:02 312777 823.6356
2019:05:06 15:03:02 349360 36571.5623
2019:05:06 15:03:02 354978 5610.8460
2019:05:06 15:03:02 356599 816.5278
2019:05:06 15:03:02 389356 32744.1618
2019:05:06 15:03:02 429367 40003.6797
2019:05:06 15:03:02 436187 2047.0247
2019:05:06 15:03:02 437028 828.8659
2019:05:06 15:03:02 469366 32040.8605
2019:05:06 15:03:02 549354 39996.5122
2019:05:06 15:03:02 550469 1106.0759
2019:05:06 15:03:02 551697 827.4801
2019:05:06 15:03:02 625362 35994.4180
2019:05:06 15:03:02 665373 39999.2056
2019:05:06 15:03:02 667396 819.5266
2019:05:06 15:03:02 668225 822.9911
2019:05:06 15:03:02 669455 838.8534
2019:05:06 15:03:02 671898 1235.2280
2019:05:06 15:03:02 672988 1068.8975
2019:05:06 15:03:02 703039 1677.1853
2019:05:06 15:03:02 704683 1245.0442
2019:05:06 15:03:02 706726 1627.4750
2019:05:06 15:03:02 708362 827.1970
2019:05:06 15:03:02 741368 32604.8844
2019:05:06 15:03:02 748296 2823.2262
2019:05:06 15:03:02 749125 818.1818
2019:05:06 15:03:02 821355 39997.3430
2019:05:06 15:03:02 861368 40003.7728
2019:05:06 15:03:02 863728 1600.0792
2019:05:06 15:03:02 865780 1645.0956
2019:05:06 15:03:02 905913 4544.4630
2019:05:06 15:03:02 907563 1237.1801
2019:05:06 15:03:02 909206 1226.7865
2019:05:06 15:03:02 981354 39997.3989
2019:05:06 15:03:02 986048 4682.4776
2019:05:06 15:03:02 987674 834.2229
2019:05:06 15:03:02 989317 833.2916
2019:05:06 15:03:03 57355 35998.0799
2019:05:06 15:03:03 97376 40011.5252
2019:05:06 15:03:03 99393 1228.6641
2019:05:06 15:03:03 100600 827.4391
2019:05:06 15:03:03 102251 821.5457
2019:05:06 15:03:03 103863 805.1507
2019:05:06 15:03:03 105113 1236.9864
2019:05:06 15:03:03 177353 39993.2638
2019:05:06 15:03:03 179588 2224.2889
2019:05:06 15:03:03 181232 1250.8370
2019:05:06 15:03:03 257354 39998.3488
2019:05:06 15:03:03 297365 40000.2524
2019:05:06 15:03:03 338618 1259.8559
2019:05:06 15:03:03 339857 823.6878
2019:05:06 15:03:03 341469 804.1784
2019:05:06 15:03:03 343124 1640.9233
2019:05:06 15:03:03 344746 818.4724
2019:05:06 15:03:03 377366 32203.7451
2019:05:06 15:03:03 420106 2748.1727
2019:05:06 15:03:03 420927 808.3545
2019:05:06 15:03:03 497354 39997.0226
2019:05:06 15:03:03 537380 40015.9210
2019:05:06 15:03:03 617355 39994.0051
2019:05:06 15:03:03 619149 1784.1570
2019:05:06 15:03:03 620393 834.5507
2019:05:06 15:03:03 657373 36184.0464
2019:05:06 15:03:03 663604 1627.9221
2019:05:06 15:03:03 664823 827.5434
2019:05:06 15:03:03 697365 32134.9166
2019:05:06 15:03:03 741549 4191.7153
2019:05:06 15:03:03 743961 1632.0497
2019:05:06 15:03:03 744807 828.7877
2019:05:06 15:03:03 813355 39986.4875
2019:05:06 15:03:03 853380 40015.4591
2019:05:06 15:03:03 856011 1174.2674
2019:05:06 15:03:03 856845 818.6772
2019:05:06 15:03:03 858486 1220.2002
2019:05:06 15:03:03 860117 1228.4741
2019:05:06 15:03:03 860933 805.0054
2019:05:06 15:03:03 893371 32037.2507
2019:05:06 15:03:03 935370 2010.7254
2019:05:06 15:03:03 936597 828.4971
2019:05:06 15:03:03 969354 32359.9577
2019:05:06 15:03:04 9368 40005.1251
2019:05:06 15:03:04 50299 934.0979
2019:05:06 15:03:04 51125 816.0584
2019:05:06 15:03:04 52355 827.7446
2019:05:06 15:03:04 89362 36605.9132
2019:05:06 15:03:04 95009 5639.5456
2019:05:06 15:03:04 96249 833.1314
2019:05:06 15:03:04 129370 32326.4897
2019:05:06 15:03:04 174056 4699.3867
2019:05:06 15:03:04 175692 813.6444
2019:05:06 15:03:04 177325 821.9443
2019:05:06 15:03:04 210062 4704.8815
2019:05:06 15:03:04 211698 821.3036
2019:05:06 15:03:04 212517 800.1477
2019:05:06 15:03:04 245367 32440.3048
2019:05:06 15:03:04 329355 43995.9317
2019:05:06 15:03:04 369376 40010.6497
2019:05:06 15:03:04 371601 1222.6179
2019:05:06 15:03:04 372837 828.4338
2019:05:06 15:03:04 374489 1255.0987
2019:05:06 15:03:04 376935 1253.9513
2019:05:06 15:03:04 409372 32252.7736
2019:05:06 15:03:04 451483 2124.2313
2019:05:06 15:03:04 452698 1195.7735
2019:05:06 15:03:04 489355 36636.5500
2019:05:06 15:03:04 529366 39997.1604
2019:05:06 15:03:04 571574 2217.3040
2019:05:06 15:03:04 572392 799.1344
2019:05:06 15:03:04 609360 36572.9332
2019:05:06 15:03:04 610902 1532.8303
2019:05:06 15:03:04 612127 844.8362
2019:05:06 15:03:04 613353 841.5952
2019:05:06 15:03:04 615407 1250.0435
2019:05:06 15:03:04 649361 33152.9602
2019:05:06 15:03:04 689364 39991.7364
2019:05:06 15:03:04 692341 779.6846
2019:05:06 15:03:04 729355 36560.1778
2019:05:06 15:03:04 769368 40004.8159
2019:05:06 15:03:04 849360 39999.2056
2019:05:06 15:03:04 851169 1803.0852
2019:05:06 15:03:04 852379 809.6993
2019:05:06 15:03:04 853632 837.6986
2019:05:06 15:03:04 855664 1245.3459
2019:05:06 15:03:04 856892 825.3343
2019:05:06 15:03:04 889371 32071.3148
2019:05:06 15:03:04 931742 2386.8084
2019:05:06 15:03:04 932578 814.1361
2019:05:06 15:03:04 969356 36374.6807
2019:05:06 15:03:05 9364 39997.3541
2019:05:06 15:03:05 89368 40006.3917
2019:05:06 15:03:05 91066 1688.6778
2019:05:06 15:03:05 92281 816.5799
2019:05:06 15:03:05 93514 822.9092
2019:05:06 15:03:05 95157 837.7396
2019:05:06 15:03:05 95968 801.4925
2019:05:06 15:03:05 97205 825.9527
2019:05:06 15:03:05 169355 39991.9935
2019:05:06 15:03:05 171523 2158.7312
2019:05:06 15:03:05 172489 571.4074
2019:05:06 15:03:05 209355 36626.9946
2019:05:06 15:03:05 249383 40004.4210
2019:05:06 15:03:05 329365 40007.4497
2019:05:06 15:03:05 331884 2510.0857
2019:05:06 15:03:05 333101 827.7968
2019:05:06 15:03:05 334737 1233.2760
2019:05:06 15:03:05 336362 812.8509
2019:05:06 15:03:05 337193 820.4058
2019:05:06 15:03:05 409354 39991.0957
2019:05:06 15:03:05 411967 2602.1376
2019:05:06 15:03:05 413201 814.1994
2019:05:06 15:03:05 489355 39996.2738
2019:05:06 15:03:05 529369 39998.4159
2019:05:06 15:03:05 609354 39996.6538
2019:05:06 15:03:05 649369 40005.4492
2019:05:06 15:03:05 690913 1552.6004
2019:05:06 15:03:05 692920 1232.5570
2019:05:06 15:03:05 694160 1222.6030
2019:05:06 15:03:05 694975 798.6315
2019:05:06 15:03:05 695798 742.2715
2019:05:06 15:03:05 697023 828.5940
2019:05:06 15:03:05 729364 32260.8463
2019:05:06 15:03:05 770807 1450.7957
2019:05:06 15:03:05 771633 814.9631
2019:05:06 15:03:05 772849 854.7567
2019:05:06 15:03:05 805355 32495.0889
2019:05:06 15:03:05 845367 40004.7787
2019:05:06 15:03:05 886103 746.8984
2019:05:06 15:03:05 887760 833.8131
2019:05:06 15:03:05 888980 829.8717
2019:05:06 15:03:05 925374 35991.1658
2019:05:06 15:03:05 931162 1206.7072
2019:05:06 15:03:05 932391 812.4858
2019:05:06 15:03:05 965355 32553.6504
2019:05:06 15:03:06 5374 40010.8956
2019:05:06 15:03:06 11154 1626.2494
2019:05:06 15:03:06 12368 839.8667
2019:05:06 15:03:06 45365 32593.8016
2019:05:06 15:03:06 59462 1621.6636
2019:05:06 15:03:06 60687 829.7376
2019:05:06 15:03:06 97358 36272.5370
2019:05:06 15:03:06 137368 40003.0538
2019:05:06 15:03:06 217360 40003.6350
2019:05:06 15:03:06 218930 1563.8731
2019:05:06 15:03:06 220149 834.4054
2019:05:06 15:03:06 221788 1252.6363
2019:05:06 15:03:06 222602 802.1407
2019:05:06 15:03:06 223832 833.6790
2019:05:06 15:03:06 225061 839.3936
2019:05:06 15:03:06 297355 39993.0701
2019:05:06 15:03:06 299393 2026.6324
2019:05:06 15:03:06 300622 826.9437
2019:05:06 15:03:06 337357 36338.6758
2019:05:06 15:03:06 377370 40001.3290
2019:05:06 15:03:06 457360 40004.6669
2019:05:06 15:03:06 459153 1786.3475
2019:05:06 15:03:06 460769 818.7555
2019:05:06 15:03:06 461598 819.3105
2019:05:06 15:03:06 463224 851.3592
2019:05:06 15:03:06 464418 1173.7272
2019:05:06 15:03:06 497360 32492.9170
2019:05:06 15:03:06 537365 39994.1243
2019:05:06 15:03:06 539816 817.0530
2019:05:06 15:03:06 540651 771.5896
2019:05:06 15:03:06 577355 36303.1700
2019:05:06 15:03:06 617371 40007.1032
2019:05:06 15:03:06 650389 5028.5757
2019:05:06 15:03:06 652036 828.8659
2019:05:06 15:03:06 685355 32903.3732
2019:05:06 15:03:06 729368 44000.8491
2019:05:06 15:03:06 731082 798.0764
2019:05:06 15:03:06 732305 804.7335
2019:05:06 15:03:06 769356 36623.0272
2019:05:06 15:03:06 809371 40004.5849
2019:05:06 15:03:06 889363 40003.8995
2019:05:06 15:03:06 891913 2544.9134
2019:05:06 15:03:06 893078 821.4861
2019:05:06 15:03:06 894938 1446.2769
2019:05:06 15:03:06 896576 822.9651
2019:05:06 15:03:06 929368 32785.4864
2019:05:06 15:03:06 971099 1737.9075
2019:05:06 15:03:06 973160 1231.4059
2019:05:06 15:03:07 18339 20971.0225
2019:05:06 15:03:07 19966 824.1460
2019:05:06 15:03:07 21196 828.1358
2019:05:06 15:03:07 97356 39993.2452
2019:05:06 15:03:07 137367 40001.2992
2019:05:06 15:03:07 179872 2493.2399
2019:05:06 15:03:07 181114 1228.7796
2019:05:06 15:03:07 182745 1236.9454
2019:05:06 15:03:07 184382 816.4421
2019:05:06 15:03:07 217366 32156.1098
2019:05:06 15:03:07 258576 1219.5222
2019:05:06 15:03:07 259862 483.1962
2019:05:06 15:03:07 261020 824.1571
2019:05:06 15:03:07 297357 36328.1779
2019:05:06 15:03:07 337363 39989.0319
2019:05:06 15:03:07 417361 40003.2476
2019:05:06 15:03:07 419135 1763.9548
2019:05:06 15:03:07 419965 819.7501
2019:05:06 15:03:07 421181 891.4098
2019:05:06 15:03:07 422013 821.5755
2019:05:06 15:03:07 423658 824.6489
2019:05:06 15:03:07 424886 820.4877
2019:05:06 15:03:07 458090 728.8605
2019:05:06 15:03:07 459693 819.5750
2019:05:06 15:03:07 460513 810.8541
2019:05:06 15:03:07 462552 1629.0322
2019:05:06 15:03:07 463782 811.0031
2019:05:06 15:03:07 465017 808.7270
2019:05:06 15:03:07 498954 1594.4131
2019:05:06 15:03:07 500174 824.9544
2019:05:06 15:03:07 501410 831.1868
2019:05:06 15:03:07 577353 39991.2596
2019:05:06 15:03:07 617368 40004.0708
2019:05:06 15:03:07 697355 39997.6410
2019:05:06 15:03:07 741364 44001.4340
2019:05:06 15:03:07 817354 39987.5417
2019:05:06 15:03:07 857368 40004.8941
2019:05:06 15:03:07 898929 1569.1295
2019:05:06 15:03:07 900167 825.9267
2019:05:06 15:03:07 901402 827.4503
2019:05:06 15:03:07 902623 1208.6444
2019:05:06 15:03:07 903875 842.8432
2019:05:06 15:03:07 905093 832.3826
2019:05:06 15:03:07 973355 35992.6112
2019:05:06 15:03:07 978711 5347.2929
2019:05:06 15:03:07 980336 821.5085
2019:05:06 15:03:07 981151 804.5696
2019:05:06 15:03:08 13368 32207.6529
2019:05:06 15:03:08 89359 39994.7129
2019:05:06 15:03:08 91437 2069.8383
2019:05:06 15:03:08 92681 828.8287
2019:05:06 15:03:08 93914 842.1615
2019:05:06 15:03:08 95143 800.7661
2019:05:06 15:03:08 96368 834.7742
2019:05:06 15:03:08 129360 32598.6743
2019:05:06 15:03:08 169372 40003.7877
2019:05:06 15:03:08 172143 1234.2967
2019:05:06 15:03:08 209356 36818.5565
2019:05:06 15:03:08 211446 2079.1963
2019:05:06 15:03:08 212690 822.1492
2019:05:06 15:03:08 215130 1231.8678
2019:05:06 15:03:08 216365 826.0421
2019:05:06 15:03:08 249363 32589.8528
2019:05:06 15:03:08 251464 1655.9325
2019:05:06 15:03:08 252691 827.4987
2019:05:06 15:03:08 289356 36263.7900
2019:05:06 15:03:08 294985 5619.6228
2019:05:06 15:03:08 296213 811.6700
2019:05:06 15:03:08 329368 33073.9096
2019:05:06 15:03:08 373986 4627.4439
2019:05:06 15:03:08 375634 824.0789
2019:05:06 15:03:08 376861 812.3666
2019:05:06 15:03:08 445354 39986.3422
2019:05:06 15:03:08 485372 40009.4353
2019:05:06 15:03:08 488453 816.4607
2019:05:06 15:03:08 490082 813.8902
2019:05:06 15:03:08 492951 1226.3358
2019:05:06 15:03:08 525366 32404.0353
2019:05:06 15:03:08 567244 1887.2209
2019:05:06 15:03:08 568843 1230.6459
2019:05:06 15:03:08 645356 39997.7230
2019:05:06 15:03:08 685374 40004.8196
2019:05:06 15:03:08 726898 1537.6657
2019:05:06 15:03:08 728133 819.7613
2019:05:06 15:03:08 728956 813.4618
2019:05:06 15:03:08 731404 2028.9458
2019:05:06 15:03:08 732647 1231.2680
2019:05:06 15:03:08 765376 32718.4387
2019:05:06 15:03:08 806534 1173.2019
2019:05:06 15:03:08 807591 1045.1935
2019:05:06 15:03:08 808816 829.5365
2019:05:06 15:03:08 845377 36161.1433
2019:05:06 15:03:08 925356 39998.2668
2019:05:06 15:03:08 965375 40009.4986
2019:05:06 15:03:08 967826 820.7783
2019:05:06 15:03:08 970147 1512.0842
2019:05:06 15:03:08 972311 1204.9302
2019:05:06 15:03:08 997367 25042.1427
2019:05:06 15:03:09 179 823.8964
2019:05:06 15:03:09 1804 1229.3980
2019:05:06 15:03:09 30491 1129.6459
2019:05:06 15:03:09 31716 825.4163
2019:05:06 15:03:09 32940 810.2022
2019:05:06 15:03:09 66925 1565.0652
2019:05:06 15:03:09 68168 830.4641
2019:05:06 15:03:09 69391 820.3387
2019:05:06 15:03:09 129354 31989.8501
2019:05:06 15:03:09 161366 32001.9089
2019:05:06 15:03:09 163594 1241.9298
2019:05:06 15:03:09 164824 826.9399
2019:05:06 15:03:09 201375 36148.6822
2019:05:06 15:03:09 207850 1218.9895
2019:05:06 15:03:09 209091 838.5517
2019:05:06 15:03:09 281359 39992.3660
2019:05:06 15:03:09 287401 6031.6660
2019:05:06 15:03:09 289045 825.9788
2019:05:06 15:03:09 313371 24301.1117
2019:05:06 15:03:09 350480 5111.4596
2019:05:06 15:03:09 351697 1181.0362
2019:05:06 15:03:09 352545 836.7673
2019:05:06 15:03:09 377368 24431.3814
2019:05:06 15:03:09 383658 2031.4120
2019:05:06 15:03:09 384891 1219.2391
2019:05:06 15:03:09 409382 24098.7763
2019:05:06 15:03:09 446576 5214.5757
2019:05:06 15:03:09 448624 1223.2438
2019:05:06 15:03:09 481368 32312.3038
2019:05:06 15:03:09 525774 4416.4322
2019:05:06 15:03:09 527020 841.4015
2019:05:06 15:03:09 528247 887.9602
2019:05:06 15:03:09 561366 32729.9573
2019:05:06 15:03:09 641361 39999.2839
2019:05:06 15:03:09 681367 39997.5665
2019:05:06 15:03:09 753361 41977.6738
2019:05:06 15:03:09 758590 5220.7597
2019:05:06 15:03:09 759835 819.4521
2019:05:06 15:03:09 761065 829.0187
2019:05:06 15:03:09 782451 3075.2718
2019:05:06 15:03:09 784056 783.3168
2019:05:06 15:03:09 785306 820.4021
2019:05:06 15:03:09 786119 796.5676
2019:05:06 15:03:09 787790 839.1999
2019:05:06 15:03:09 789015 865.7612
2019:05:06 15:03:09 853355 31994.0522
2019:05:06 15:03:09 855729 2365.9803
2019:05:06 15:03:09 856991 815.7380
2019:05:06 15:03:09 858227 1221.2731
2019:05:06 15:03:09 859816 777.3191
2019:05:06 15:03:09 860695 835.2809
2019:05:06 15:03:09 893368 32659.7653
2019:05:06 15:03:09 934831 1470.8489
2019:05:06 15:03:09 935653 809.2895
2019:05:06 15:03:09 936875 823.0470
2019:05:06 15:03:09 973356 36468.9529
2019:05:06 15:03:09 997857 24488.0691
2019:05:06 15:03:10 23627 1718.4094
2019:05:06 15:03:10 25812 1279.5702
2019:05:06 15:03:10 27735 1626.3835
2019:05:06 15:03:10 29488 1327.0304
2019:05:06 15:03:10 31075 1579.4933
2019:05:06 15:03:10 32686 836.0483
2019:05:06 15:03:10 57925 25231.5216
2019:05:06 15:03:10 60937 1595.0166
2019:05:06 15:03:10 63797 2352.6773
2019:05:06 15:03:10 65457 1160.3087
2019:05:06 15:03:10 67901 1245.7259
2019:05:06 15:03:10 68707 797.7001
2019:05:06 15:03:10 93955 24784.6358
2019:05:06 15:03:10 96164 2200.4060
2019:05:06 15:03:10 98395 1335.7624
2019:05:06 15:03:10 99919 914.8009
2019:05:06 15:03:10 101489 1055.8479
2019:05:06 15:03:10 103561 1270.4954
2019:05:06 15:03:10 104351 781.7671
2019:05:06 15:03:10 105612 995.3417
2019:05:06 15:03:10 132483 1124.2107
2019:05:06 15:03:10 135481 2068.3669
2019:05:06 15:03:10 136605 626.6423
2019:05:06 15:03:10 161604 24071.6338
2019:05:06 15:03:10 163670 1595.8212
2019:05:06 15:03:10 178194 13544.6377
2019:05:06 15:03:10 179776 988.8858
2019:05:06 15:03:10 181329 915.8850
2019:05:06 15:03:10 182903 1072.9246
2019:05:06 15:03:10 184521 1609.9550
2019:05:06 15:03:10 210435 24956.8187
2019:05:06 15:03:10 212489 1029.8267
2019:05:06 15:03:10 226011 13023.9502
2019:05:06 15:03:10 228721 1557.2384
2019:05:06 15:03:10 230748 2018.6231
2019:05:06 15:03:10 232803 1045.4580
2019:05:06 15:03:10 257981 24657.3910
2019:05:06 15:03:10 260456 2466.9506
2019:05:06 15:03:10 273945 13150.7143
2019:05:06 15:03:10 275245 818.8896
2019:05:06 15:03:10 276811 787.3625
2019:05:06 15:03:10 278424 1239.5866
2019:05:06 15:03:10 279645 777.5016
2019:05:06 15:03:10 280947 774.1600
2019:05:06 15:03:10 305629 24673.7674
2019:05:06 15:03:10 307691 1583.1329
2019:05:06 15:03:10 309341 1146.5177
2019:05:06 15:03:10 323395 1616.6009
2019:05:06 15:03:10 324662 776.2313
2019:05:06 15:03:10 327065 1567.1737
2019:05:06 15:03:10 327901 827.6254
2019:05:06 15:03:10 329132 797.5399
2019:05:06 15:03:10 331224 1550.3019
2019:05:06 15:03:10 332389 825.4498
2019:05:06 15:03:10 358032 25181.9640
2019:05:06 15:03:10 360255 836.0893
2019:05:06 15:03:10 362000 798.1397
2019:05:06 15:03:10 364028 924.2259
2019:05:06 15:03:10 365156 817.5485
2019:05:06 15:03:10 366400 788.4428
2019:05:06 15:03:10 368026 813.4469
2019:05:06 15:03:10 368938 904.5228
2019:05:06 15:03:10 394006 24753.2129
2019:05:06 15:03:10 395611 958.8376
2019:05:06 15:03:10 397563 1276.4335
2019:05:06 15:03:10 398752 1075.9234
2019:05:06 15:03:10 399600 840.5261
2019:05:06 15:03:10 400789 782.7617
2019:05:06 15:03:10 402062 777.6320
2019:05:06 15:03:10 404123 1270.8232
2019:05:06 15:03:10 429858 25378.5923
2019:05:06 15:03:10 437387 7122.7178
2019:05:06 15:03:10 439725 798.1621
2019:05:06 15:03:10 440949 1177.7766
2019:05:06 15:03:10 465951 24049.5875
2019:05:06 15:03:10 468387 1615.3194
2019:05:06 15:03:10 469684 836.5959
2019:05:06 15:03:10 471362 923.9689
2019:05:06 15:03:10 472153 781.1524
2019:05:06 15:03:10 473457 978.6151
2019:05:06 15:03:10 475780 1254.3239
2019:05:06 15:03:10 477992 1703.6945
2019:05:06 15:03:10 510686 772.7630
2019:05:06 15:03:10 511966 917.6470
2019:05:06 15:03:10 513092 823.8032
2019:05:06 15:03:10 529502 16402.3452
2019:05:06 15:03:10 530748 1238.0779
2019:05:06 15:03:10 532018 898.3165
2019:05:06 15:03:10 533171 828.4934
2019:05:06 15:03:10 534870 801.6638
2019:05:06 15:03:10 536152 947.5499
2019:05:06 15:03:10 537293 610.7464
2019:05:06 15:03:10 552852 778.4329
2019:05:06 15:03:10 553677 704.9441
2019:05:06 15:03:10 556525 1132.6894
2019:05:06 15:03:10 559046 2093.3747
2019:05:06 15:03:10 561111 1697.2758
2019:05:06 15:03:10 599460 37570.1897
2019:05:06 15:03:10 601555 1288.1160
2019:05:06 15:03:10 603499 1936.7263
2019:05:06 15:03:10 629757 25367.6586
2019:05:06 15:03:10 630933 1168.0350
2019:05:06 15:03:10 631797 855.8892
2019:05:06 15:03:10 633578 1005.3031
2019:05:06 15:03:10 647429 1297.4404
2019:05:06 15:03:10 648221 784.4940
2019:05:06 15:03:10 649484 946.6745
2019:05:06 15:03:10 651011 782.2476
2019:05:06 15:03:10 651840 820.7262
2019:05:06 15:03:10 653070 806.5365
2019:05:06 15:03:10 679273 25706.3359
2019:05:06 15:03:10 681219 1140.1437
2019:05:06 15:03:10 695992 1567.3265
2019:05:06 15:03:10 696774 719.6032
2019:05:06 15:03:10 698049 793.9301
2019:05:06 15:03:10 699631 814.1398
2019:05:06 15:03:10 700871 789.4710
2019:05:06 15:03:10 731109 30230.1906
2019:05:06 15:03:10 732670 783.6223
2019:05:06 15:03:10 733490 811.6290
2019:05:06 15:03:10 735534 785.7420
2019:05:06 15:03:10 737617 1296.0956
2019:05:06 15:03:10 739573 1147.0132
2019:05:06 15:03:10 740819 1238.5026
2019:05:06 15:03:10 768669 2482.9358
2019:05:06 15:03:10 769501 824.4142
2019:05:06 15:03:10 772349 1311.2128
2019:05:06 15:03:10 773148 791.1958
2019:05:06 15:03:10 774757 808.1235
2019:05:06 15:03:10 776016 799.4957
2019:05:06 15:03:10 777296 931.5349
2019:05:06 15:03:10 803770 1990.9628
2019:05:06 15:03:10 804691 912.4093
2019:05:06 15:03:10 805973 994.8313
2019:05:06 15:03:10 807856 826.3029
2019:05:06 15:03:10 809092 1066.1557
2019:05:06 15:03:10 814130 5030.6171
2019:05:06 15:03:10 839456 2033.8148
2019:05:06 15:03:10 840674 817.9732
2019:05:06 15:03:10 841524 452.0863
2019:05:06 15:03:10 843531 821.0465
2019:05:06 15:03:10 844378 831.4699
2019:05:06 15:03:10 846820 1653.6340
2019:05:06 15:03:10 848038 1200.4636
2019:05:06 15:03:10 848883 829.4620
2019:05:06 15:03:10 875086 25402.0393
2019:05:06 15:03:10 876311 817.1871
2019:05:06 15:03:10 877954 1225.3970
2019:05:06 15:03:10 879193 1223.8659
2019:05:06 15:03:10 881628 1217.5627
2019:05:06 15:03:10 883274 1216.5233
2019:05:06 15:03:10 884091 801.7421
2019:05:06 15:03:10 885322 825.7814
2019:05:06 15:03:10 919327 1638.3529
2019:05:06 15:03:10 920139 798.4005
2019:05:06 15:03:10 921369 812.4635
2019:05:06 15:03:10 923408 1213.9417
2019:05:06 15:03:10 924643 828.7877
2019:05:06 15:03:10 926295 1252.6251
2019:05:06 15:03:10 929156 1256.2722
2019:05:06 15:03:10 959562 30397.1246
2019:05:06 15:03:10 961188 817.5820
2019:05:06 15:03:10 962837 1635.6856
2019:05:06 15:03:10 963820 579.1746
2019:05:06 15:03:10 964887 837.8439
2019:05:06 15:03:10 994092 28815.4669
2019:05:06 15:03:11 37619 19642.6213
2019:05:06 15:03:11 39250 1614.9282
2019:05:06 15:03:11 40473 818.7406
2019:05:06 15:03:11 53986 13107.3631
2019:05:06 15:03:11 55634 1633.9272
2019:05:06 15:03:11 58098 1648.3963
2019:05:06 15:03:11 59740 1239.6164
2019:05:06 15:03:11 86388 25002.7366
2019:05:06 15:03:11 87668 891.5477
2019:05:06 15:03:11 88809 815.6300
2019:05:06 15:03:11 101975 13158.1947
2019:05:06 15:03:11 103614 808.3433
2019:05:06 15:03:11 105196 827.3683
2019:05:06 15:03:11 106488 808.5482
2019:05:06 15:03:11 108061 808.2576
2019:05:06 15:03:11 109319 1250.3751
2019:05:06 15:03:11 111404 1300.7335
2019:05:06 15:03:11 112967 1216.0540
2019:05:06 15:03:11 138962 24987.5411
2019:05:06 15:03:11 140543 804.7745
2019:05:06 15:03:11 143336 1962.9635
2019:05:06 15:03:11 144614 779.9119
2019:05:06 15:03:11 145945 949.0140
2019:05:06 15:03:11 147551 810.1016
2019:05:06 15:03:11 149138 1279.5553
2019:05:06 15:03:11 176290 2067.0407
2019:05:06 15:03:11 177085 784.4083
2019:05:06 15:03:11 179119 1719.6313
2019:05:06 15:03:11 180270 1142.8930
2019:05:06 15:03:11 182006 830.6205
2019:05:06 15:03:11 184363 1242.9692
2019:05:06 15:03:11 185181 810.1873
2019:05:06 15:03:11 212101 1933.9994
2019:05:06 15:03:11 213342 1233.2015
2019:05:06 15:03:11 215769 1626.3276
2019:05:06 15:03:11 217531 1347.0091
2019:05:06 15:03:11 219077 790.7748
2019:05:06 15:03:11 220676 807.9261
2019:05:06 15:03:11 245692 24566.5461
2019:05:06 15:03:11 248112 1572.6686
2019:05:06 15:03:11 249747 1627.4378
2019:05:06 15:03:11 252602 1667.8758
2019:05:06 15:03:11 254662 1947.2465
2019:05:06 15:03:11 256691 1117.6132
2019:05:06 15:03:11 257891 1192.2531
2019:05:06 15:03:11 284009 2134.8484
2019:05:06 15:03:11 285041 1024.2537
2019:05:06 15:03:11 287098 914.8754
2019:05:06 15:03:11 288209 612.0838
2019:05:06 15:03:11 290205 1548.1599
2019:05:06 15:03:11 292012 1798.6372
2019:05:06 15:03:11 318198 25179.9300
2019:05:06 15:03:11 320321 1126.5129
2019:05:06 15:03:11 323508 2174.0198
2019:05:06 15:03:11 325061 1545.4851
2019:05:06 15:03:11 327101 1008.8459
2019:05:06 15:03:11 328617 1435.3544
2019:05:06 15:03:11 329256 630.8034
2019:05:06 15:03:11 356079 1557.1788
2019:05:06 15:03:11 357644 1050.8299
2019:05:06 15:03:11 359742 1423.9252
2019:05:06 15:03:11 360810 1060.7839
2019:05:06 15:03:11 363850 1515.8057
2019:05:06 15:03:11 364919 1060.9291
2019:05:06 15:03:11 391507 25620.7772
2019:05:06 15:03:11 393131 825.7553
2019:05:06 15:03:11 394780 1237.5750
2019:05:06 15:03:11 395999 818.6176
2019:05:06 15:03:11 397226 822.1269
2019:05:06 15:03:11 398902 853.5273
2019:05:06 15:03:11 400492 821.8773
2019:05:06 15:03:11 401310 800.8815
2019:05:06 15:03:11 437970 36643.9968
2019:05:06 15:03:11 470380 800.7810
2019:05:06 15:03:11 471594 817.0679
2019:05:06 15:03:11 472436 827.5844
2019:05:06 15:03:11 486752 13923.3023
2019:05:06 15:03:11 488410 824.4291
2019:05:06 15:03:11 489640 830.4566
2019:05:06 15:03:11 492100 1250.9972
2019:05:06 15:03:11 493329 836.1302
2019:05:06 15:03:11 511780 2025.4776
2019:05:06 15:03:11 512630 828.0799
2019:05:06 15:03:11 515060 1614.0118
2019:05:06 15:03:11 516697 1232.3000
2019:05:06 15:03:11 537607 20895.9989
2019:05:06 15:03:11 539636 1651.8347
2019:05:06 15:03:11 540878 833.6082
2019:05:06 15:03:11 542921 1652.0992
2019:05:06 15:03:11 544167 850.8265
2019:05:06 15:03:11 565861 20910.9187
2019:05:06 15:03:11 567079 815.7305
2019:05:06 15:03:11 568319 823.3413
2019:05:06 15:03:11 569556 854.4326
2019:05:06 15:03:11 578957 1213.9492
2019:05:06 15:03:11 579777 811.9754
2019:05:06 15:03:11 581003 822.8458
2019:05:06 15:03:11 594106 12708.3287
2019:05:06 15:03:11 596555 1221.7239
2019:05:06 15:03:11 597407 839.2408
2019:05:06 15:03:11 599846 1238.6218
2019:05:06 15:03:11 600671 810.3773
2019:05:06 15:03:11 626636 25165.7851
2019:05:06 15:03:11 628260 823.4717
2019:05:06 15:03:11 629084 809.3305
2019:05:06 15:03:11 643418 13927.2436
2019:05:06 15:03:11 644630 809.8483
2019:05:06 15:03:11 645872 1227.3192
2019:05:06 15:03:11 647119 1232.8364
2019:05:06 15:03:11 648343 830.4603
2019:05:06 15:03:11 673633 24904.3517
2019:05:06 15:03:11 675252 1601.1186
2019:05:06 15:03:11 676492 1069.6165
2019:05:06 15:03:11 689635 12736.3726
2019:05:06 15:03:11 692077 1228.8094
2019:05:06 15:03:11 697366 4880.8083
2019:05:06 15:03:11 721973 24595.1526
2019:05:06 15:03:11 724844 1642.3240
2019:05:06 15:03:11 750645 25405.0270
2019:05:06 15:03:11 752290 1218.2742
2019:05:06 15:03:11 754739 2049.9043
2019:05:06 15:03:11 755959 808.4290
2019:05:06 15:03:11 757187 816.9152
2019:05:06 15:03:11 758031 829.9612
2019:05:06 15:03:11 759657 827.4019
2019:05:06 15:03:11 760474 807.6504
2019:05:06 15:03:11 785490 24619.3893
2019:05:06 15:03:11 787523 1236.9752
2019:05:06 15:03:11 792256 3931.6043
2019:05:06 15:03:11 793236 810.5710
2019:05:06 15:03:11 795280 817.5783
2019:05:06 15:03:11 796534 842.9587
2019:05:06 15:03:11 821947 19676.1973
2019:05:06 15:03:11 824155 609.4016
2019:05:06 15:03:11 824786 622.9542
2019:05:06 15:03:11 825992 816.9562
2019:05:06 15:03:11 827224 1030.2551
2019:05:06 15:03:11 828068 830.2033
2019:05:06 15:03:11 829287 1038.6370
2019:05:06 15:03:11 831341 1229.2340
2019:05:06 15:03:11 832355 611.9199
2019:05:06 15:03:11 857978 25009.7737
2019:05:06 15:03:11 859993 1628.0711
2019:05:06 15:03:11 860827 818.5320
2019:05:06 15:03:11 864709 3484.4019
2019:05:06 15:03:11 869375 4432.1306
2019:05:06 15:03:11 898319 948.8538
2019:05:06 15:03:11 899561 829.6221
2019:05:06 15:03:11 900388 814.8290
2019:05:06 15:03:11 901652 872.8430
2019:05:06 15:03:11 902846 835.6757
2019:05:06 15:03:11 904053 805.3593
2019:05:06 15:03:11 905301 825.8522
2019:05:06 15:03:11 930832 17472.7216
2019:05:06 15:03:11 932456 808.5780
2019:05:06 15:03:11 937366 4487.2425
2019:05:06 15:03:11 939039 1666.2590
2019:05:06 15:03:11 940645 820.7522
2019:05:06 15:03:11 966067 25006.5885
2019:05:06 15:03:11 968110 568.6395
2019:05:06 15:03:11 970023 992.0038
2019:05:06 15:03:11 972012 1460.9694
2019:05:06 15:03:11 973019 998.8211
2019:05:06 15:03:11 983055 997.4167
2019:05:06 15:03:11 984060 996.1799
2019:05:06 15:03:11 985049 515.2710
2019:05:06 15:03:11 986047 924.4084
2019:05:06 15:03:11 988507 1436.3863
2019:05:06 15:03:12 14140 25140.1030
2019:05:06 15:03:12 16107 1008.5665
2019:05:06 15:03:12 17588 981.5171
2019:05:06 15:03:12 19092 1006.1935
2019:05:06 15:03:12 20579 1005.7390
2019:05:06 15:03:12 21572 888.7872
2019:05:06 15:03:12 47442 1491.1443
2019:05:06 15:03:12 48445 994.4178
2019:05:06 15:03:12 54082 5540.6205
2019:05:06 15:03:12 56076 1499.4629
2019:05:06 15:03:12 57334 1250.9562
2019:05:06 15:03:12 59803 995.8968
2019:05:06 15:03:12 60824 528.4026
2019:05:06 15:03:12 85644 24354.0406
2019:05:06 15:03:12 88212 2023.9279
2019:05:06 15:03:12 89216 995.8073
2019:05:06 15:03:12 90705 928.1822
2019:05:06 15:03:12 91704 990.7894
2019:05:06 15:03:12 92693 877.3357
2019:05:06 15:03:12 117665 24493.6422
2019:05:06 15:03:12 119702 2026.3605
2019:05:06 15:03:12 120923 831.1011
2019:05:06 15:03:12 135828 14490.7944
2019:05:06 15:03:12 137408 830.3598
2019:05:06 15:03:12 140284 1637.4812
2019:05:06 15:03:12 166059 25278.8477
2019:05:06 15:03:12 167309 1234.2371
2019:05:06 15:03:12 168541 819.3664
2019:05:06 15:03:12 182441 13500.1577
2019:05:06 15:03:12 184086 823.0545
2019:05:06 15:03:12 184901 807.7249
2019:05:06 15:03:12 185734 824.4514
2019:05:06 15:03:12 187351 819.5192
2019:05:06 15:03:12 188588 812.6199
2019:05:06 15:03:12 189421 820.4207
2019:05:06 15:03:12 215215 1628.8497
2019:05:06 15:03:12 216049 825.9378
2019:05:06 15:03:12 217266 819.8731
2019:05:06 15:03:12 231182 1606.5836
2019:05:06 15:03:12 232011 814.4155
2019:05:06 15:03:12 234067 1231.6629
2019:05:06 15:03:12 235288 1192.3648
2019:05:06 15:03:12 236527 837.6688
2019:05:06 15:03:12 261516 24595.8939
2019:05:06 15:03:12 263123 1590.7362
2019:05:06 15:03:12 263957 821.4340
2019:05:06 15:03:12 265185 830.6466
2019:05:06 15:03:12 280352 2065.7293
2019:05:06 15:03:12 281177 808.8574
2019:05:06 15:03:12 283708 2115.2794
2019:05:06 15:03:12 284953 837.5421
2019:05:06 15:03:12 315239 1610.2940
2019:05:06 15:03:12 316878 1206.5843
2019:05:06 15:03:12 318114 1219.0863
2019:05:06 15:03:12 319360 1222.6850
2019:05:06 15:03:12 320593 838.1270
2019:05:06 15:03:12 323431 1222.0405
2019:05:06 15:03:12 324261 822.2833
2019:05:06 15:03:12 325493 836.0781
2019:05:06 15:03:12 339836 2033.2299
2019:05:06 15:03:12 341068 818.7480
2019:05:06 15:03:12 343512 1641.2884
2019:05:06 15:03:12 344752 820.1264
2019:05:06 15:03:12 346802 1655.0831
2019:05:06 15:03:12 348428 812.5715
2019:05:06 15:03:12 365369 16549.2892
2019:05:06 15:03:12 366856 817.3659
2019:05:06 15:03:12 367681 811.9270
2019:05:06 15:03:12 368907 824.7793
2019:05:06 15:03:12 371766 2454.1579
2019:05:06 15:03:12 397365 24776.4960
2019:05:06 15:03:12 410966 13591.0772
2019:05:06 15:03:12 429358 16752.5932
2019:05:06 15:03:12 435126 5755.7374
2019:05:06 15:03:12 436369 812.9999
2019:05:06 15:03:12 438036 1255.0429
2019:05:06 15:03:12 439208 804.9160
2019:05:06 15:03:12 440042 818.7406
2019:05:06 15:03:12 441718 869.5647
2019:05:06 15:03:12 443741 1648.6980
2019:05:06 15:03:12 461357 16817.6703
2019:05:06 15:03:12 470777 9411.4803
2019:05:06 15:03:12 471985 828.9702
2019:05:06 15:03:12 473215 836.9759
2019:05:06 15:03:12 475258 1632.0460
2019:05:06 15:03:12 476879 818.4612
2019:05:06 15:03:12 489370 12476.3660
2019:05:06 15:03:12 569355 39997.2126
2019:05:06 15:03:12 609368 40004.6296
2019:05:06 15:03:12 611124 810.0718
2019:05:06 15:03:12 612763 1234.0732
2019:05:06 15:03:12 649366 36205.5711
2019:05:06 15:03:12 690549 1190.1110
2019:05:06 15:03:12 691397 833.6864
2019:05:06 15:03:12 692628 836.6033
2019:05:06 15:03:12 729354 36333.7137
2019:05:06 15:03:12 769367 40003.5828
2019:05:06 15:03:12 849354 31992.8862
2019:05:06 15:03:12 929373 80009.3450
2019:05:06 15:03:12 930819 805.0464
2019:05:06 15:03:12 931646 818.3010
2019:05:06 15:03:12 932874 827.5807
2019:05:06 15:03:12 969363 36092.4155
2019:05:06 15:03:12 971377 1628.6783
2019:05:06 15:03:12 972600 813.8753
2019:05:06 15:03:13 9355 36723.6845
2019:05:06 15:03:13 49374 40008.5226
2019:05:06 15:03:13 98885 1521.3788
2019:05:06 15:03:13 100523 1242.1757
2019:05:06 15:03:13 137360 36422.8487
2019:05:06 15:03:13 177381 40012.2777
2019:05:06 15:03:13 265355 47997.2139
2019:05:06 15:03:13 297371 32005.0791
2019:05:06 15:03:13 338527 1167.9977
2019:05:06 15:03:13 340975 1481.9317
2019:05:06 15:03:13 385364 43975.1074
2019:05:06 15:03:13 420072 2700.1500
2019:05:06 15:03:13 420893 794.1015
2019:05:06 15:03:13 422111 821.9481
2019:05:06 15:03:13 422938 812.7913
2019:05:06 15:03:13 424172 835.6385
2019:05:06 15:03:13 457360 32798.9459
2019:05:06 15:03:13 458555 1183.0777
2019:05:06 15:03:13 460205 1208.0669
2019:05:06 15:03:13 461434 1219.5855
2019:05:06 15:03:13 505383 43929.3869
2019:05:06 15:03:13 577360 39984.3641
2019:05:06 15:03:13 617376 40005.0245
2019:05:06 15:03:13 620043 1242.5110
2019:05:06 15:03:13 621252 1163.2778
2019:05:06 15:03:13 697362 39998.9747
2019:05:06 15:03:13 701986 4611.6337
2019:05:06 15:03:13 703593 807.8404
2019:05:06 15:03:13 704450 826.7500
2019:05:06 15:03:13 737378 32545.7081
2019:05:06 15:03:13 778306 4940.9978
2019:05:06 15:03:13 779944 816.4011
2019:05:06 15:03:13 780795 787.3550
2019:05:06 15:03:13 853362 39984.7850
2019:05:06 15:03:13 857987 4612.1292
2019:05:06 15:03:13 860417 1213.2898
2019:05:06 15:03:13 861276 841.5692
2019:05:06 15:03:13 907705 14340.7993
2019:05:06 15:03:13 908861 1143.2245
2019:05:06 15:03:13 923129 671.1483
2019:05:06 15:03:13 924312 1171.1568
2019:05:06 15:03:13 926092 1205.8578
2019:05:06 15:03:13 928406 1176.3312
2019:05:06 15:03:13 954033 25615.9268
2019:05:06 15:03:13 956663 2519.0003
2019:05:06 15:03:13 966053 9378.2432
2019:05:06 15:03:13 967804 1167.3868
2019:05:06 15:03:13 969505 1118.9468
2019:05:06 15:03:13 972610 1197.8559
2019:05:06 15:03:13 990192 16439.8663
2019:05:06 15:03:13 993062 2342.8574
2019:05:06 15:03:14 14113 21041.0915
2019:05:06 15:03:14 16062 1254.0109
2019:05:06 15:03:14 18557 2483.9118
2019:05:06 15:03:14 44096 1401.5324
2019:05:06 15:03:14 45375 1267.4183
2019:05:06 15:03:14 67767 1376.8375
2019:05:06 15:03:14 69735 1293.5102
2019:05:06 15:03:14 72259 1932.5130
2019:05:06 15:03:14 102705 29734.5407
2019:05:06 15:03:14 104036 1318.9465
2019:05:06 15:03:14 105949 1267.9659
2019:05:06 15:03:14 108591 1984.1492
2019:05:06 15:03:14 134581 25978.6919
2019:05:06 15:03:14 136575 1284.4875
2019:05:06 15:03:14 150403 13127.4946
2019:05:06 15:03:14 152457 1230.1505
2019:05:06 15:03:14 154465 1439.2026
2019:05:06 15:03:14 156403 1343.6601
2019:05:06 15:03:14 159100 2598.6917
2019:05:06 15:03:14 160379 1267.0830
2019:05:06 15:03:14 186451 25351.1630
2019:05:06 15:03:14 188544 1291.7183
2019:05:06 15:03:14 189859 1303.1177
2019:05:06 15:03:14 191853 1300.9422
2019:05:06 15:03:14 195086 2557.3149
2019:05:06 15:03:14 196366 1267.9361
2019:05:06 15:03:14 241373 42466.3983
2019:05:06 15:03:14 273395 32004.7773
2019:05:06 15:03:14 298260 873.3645
2019:05:06 15:03:14 299433 1160.6254
2019:05:06 15:03:14 300637 799.4622
2019:05:06 15:03:14 305398 4737.9695
2019:05:06 15:03:14 322774 1192.2717
2019:05:06 15:03:14 323629 843.1599
2019:05:06 15:03:14 324844 841.9752
2019:05:06 15:03:14 326471 1371.7674
2019:05:06 15:03:14 328915 1207.4038
2019:05:06 15:03:14 357626 28693.3407
2019:05:06 15:03:14 359792 2154.4844
2019:05:06 15:03:14 361770 1298.5654
2019:05:06 15:03:14 363369 1587.5399
2019:05:06 15:03:14 364747 994.0639
2019:05:06 15:03:14 385952 20935.0027
2019:05:06 15:03:14 387934 1650.0987
2019:05:06 15:03:14 393709 4537.9065
2019:05:06 15:03:14 395308 1260.9847
2019:05:06 15:03:14 397513 1254.4915
2019:05:06 15:03:14 400192 2318.5872
2019:05:06 15:03:14 427048 26265.8931
2019:05:06 15:03:14 429055 1270.9498
2019:05:06 15:03:14 430703 1636.9298
2019:05:06 15:03:14 433614 1296.7288
2019:05:06 15:03:14 451992 1762.4944
2019:05:06 15:03:14 453193 912.3757
2019:05:06 15:03:14 455185 968.9704
2019:05:06 15:03:14 456130 933.8558
2019:05:06 15:03:14 477690 20894.6243
2019:05:06 15:03:14 479290 1587.7075
2019:05:06 15:03:14 497365 17667.9939
2019:05:06 15:03:14 521407 24025.3769
2019:05:06 15:03:14 531188 876.7955
2019:05:06 15:03:14 532013 813.3091
2019:05:06 15:03:14 533214 825.5988
2019:05:06 15:03:14 559030 1664.1542
2019:05:06 15:03:14 560663 1224.4023
2019:05:06 15:03:14 561505 809.3305
2019:05:06 15:03:14 564376 841.6474
2019:05:06 15:03:14 565183 794.4629
2019:05:06 15:03:14 591475 2050.0608
2019:05:06 15:03:14 592693 821.2328
2019:05:06 15:03:14 607675 14533.0913
2019:05:06 15:03:14 609127 869.2704
2019:05:06 15:03:14 631460 12343.2018
2019:05:06 15:03:14 632676 1203.4997
2019:05:06 15:03:14 637654 2904.3257
2019:05:06 15:03:14 641451 3694.5418
2019:05:06 15:03:14 644438 1610.5734
2019:05:06 15:03:14 645960 1509.1076
2019:05:06 15:03:14 649686 1975.8530
2019:05:06 15:03:14 652437 2739.1426
2019:05:06 15:03:14 655844 1193.0391
2019:05:06 15:03:14 657431 1156.3338
2019:05:06 15:03:14 660233 1809.1016
2019:05:06 15:03:14 673823 12144.2638
2019:05:06 15:03:14 675070 1234.5836
2019:05:06 15:03:14 677556 1247.4358
2019:05:06 15:03:14 685431 2996.8470
2019:05:06 15:03:14 695600 10155.9944
2019:05:06 15:03:14 698382 1200.4599
2019:05:06 15:03:14 702341 2753.2056
2019:05:06 15:03:14 772099 45322.5113
2019:05:06 15:03:14 772979 860.0503
2019:05:06 15:03:14 793427 7361.6952
2019:05:06 15:03:14 795077 797.9795
2019:05:06 15:03:14 796293 824.6861
2019:05:06 15:03:14 797128 813.3985
2019:05:06 15:03:14 870140 23600.3138
2019:05:06 15:03:14 894587 24431.8433
2019:05:06 15:03:14 919686 1203.3246
2019:05:06 15:03:14 920947 1238.7447
2019:05:06 15:03:14 942583 21623.5854
2019:05:06 15:03:14 967427 24834.5993
2019:05:06 15:03:14 969070 1167.1446
2019:05:06 15:03:14 971959 1637.7121
2019:05:06 15:03:14 973173 1192.7150
2019:05:06 15:03:14 975612 1640.5359
2019:05:06 15:03:14 977707 1275.5021
2019:05:06 15:03:15 4308 1660.1980
2019:05:06 15:03:15 5113 777.4793
2019:05:06 15:03:15 15344 1218.5574
2019:05:06 15:03:15 16193 773.4969
2019:05:06 15:03:15 17814 1253.9253
2019:05:06 15:03:15 20263 1235.0604
2019:05:06 15:03:15 46052 25373.6302
2019:05:06 15:03:15 47705 1241.2779
2019:05:06 15:03:15 48538 819.4037
2019:05:06 15:03:15 57587 8245.5054
2019:05:06 15:03:15 59577 1965.4781
2019:05:06 15:03:15 60813 817.4777
2019:05:06 15:03:15 74328 13504.0283
2019:05:06 15:03:15 75966 1234.0620
2019:05:06 15:03:15 77597 1237.1801
2019:05:06 15:03:15 79654 1589.7341
2019:05:06 15:03:15 105494 25422.2229
2019:05:06 15:03:15 107913 2400.0481
2019:05:06 15:03:15 109545 1225.0058
2019:05:06 15:03:15 120606 2466.3955
2019:05:06 15:03:15 146422 25802.4670
2019:05:06 15:03:15 148487 1653.9544
2019:05:06 15:03:15 152146 1651.9390
2019:05:06 15:03:15 154198 1648.0722
2019:05:06 15:03:15 155826 1234.1551
2019:05:06 15:03:15 157519 882.5883
2019:05:06 15:03:15 183693 1249.9057
2019:05:06 15:03:15 185321 1605.3803
2019:05:06 15:03:15 186960 1159.0309
2019:05:06 15:03:15 188187 1207.5901
2019:05:06 15:03:15 189817 1230.1505
2019:05:06 15:03:15 191475 836.3575
2019:05:06 15:03:15 192282 784.0917
2019:05:06 15:03:15 208847 16148.3884
2019:05:06 15:03:15 210858 1998.3202
2019:05:06 15:03:15 213817 2248.9168
2019:05:06 15:03:15 216533 2002.7123
2019:05:06 15:03:15 232958 1698.8330
2019:05:06 15:03:15 236142 1942.6495
2019:05:06 15:03:15 237477 1323.4690
2019:05:06 15:03:15 256666 1257.1253
2019:05:06 15:03:15 257653 975.3406
2019:05:06 15:03:15 259612 1296.5649
2019:05:06 15:03:15 263240 2962.5110
2019:05:06 15:03:15 264556 1304.9096
2019:05:06 15:03:15 279556 14320.2245
2019:05:06 15:03:15 280852 1283.8542
2019:05:06 15:03:15 283424 1294.5011
2019:05:06 15:03:15 285391 1276.7278
2019:05:06 15:03:15 289005 1273.3564
2019:05:06 15:03:15 304359 1253.5788
2019:05:06 15:03:15 306707 1310.2330
2019:05:06 15:03:15 307407 687.7519
2019:05:06 15:03:15 308848 910.3157
2019:05:06 15:03:15 325375 15887.8751
2019:05:06 15:03:15 339348 13958.7447
2019:05:06 15:03:15 340977 1227.8929
2019:05:06 15:03:15 342581 1199.9980
2019:05:06 15:03:15 345053 1200.4897
2019:05:06 15:03:15 346298 1223.5083
2019:05:06 15:03:15 348755 826.0347
2019:05:06 15:03:15 363923 14349.5351
2019:05:06 15:03:15 365544 1207.3740
2019:05:06 15:03:15 368408 2041.5075
2019:05:06 15:03:15 369238 815.5406
2019:05:06 15:03:15 371257 1615.7106
2019:05:06 15:03:15 372512 846.6318
2019:05:06 15:03:15 410417 37090.5101
2019:05:06 15:03:15 434447 24017.6432
2019:05:06 15:03:15 459419 2617.6497
2019:05:06 15:03:15 460168 737.0785
2019:05:06 15:03:15 464772 3375.0907
2019:05:06 15:03:15 490606 25111.0233
2019:05:06 15:03:15 493294 1981.2211
2019:05:06 15:03:15 502709 9403.8919
2019:05:06 15:03:15 504702 725.1278
